
/pool/condor/dir_27773

... start job at 2019-11-30 13:22:42
----- directory before running:
.:
total 52
-rw-r--r--. 1 cfreer zh     0 Nov 30 13:22 _condor_stderr
-rw-r--r--. 1 cfreer zh    94 Nov 30 13:22 _condor_stdout
-rw-------. 1 cfreer zh  2642 Nov 30 13:22 cfreer.cc
-rw-r--r--. 1 cfreer zh 16092 Nov 30 13:22 combineHLT_Run2.yaml
-rw-r--r--. 1 cfreer zh  5718 Nov 30 13:22 condor_WSProducer.py
-rwxr-xr-x. 1 cfreer zh   863 Nov 30 13:22 condor_exec.exe
-rwxr-xr-x. 1 cfreer zh  2559 Nov 30 13:22 haddnano.py
-rw-r--r--. 1 cfreer zh     8 Nov 30 13:22 keep_and_drop_WS.txt
drwx------. 3 cfreer zh  4096 Nov 30 13:22 tmp
drwx------. 3 cfreer zh  4096 Nov 30 13:22 var

./tmp:
total 4
drwxr-xr-x. 3 cfreer zh 4096 Nov 30 13:22 mjf-cfreer

./tmp/mjf-cfreer:
total 4
drwxr-xr-x. 2 cfreer zh 4096 Nov 30 13:22 jobfeatures-bigbird09.cern.ch_3032073.0_1574962590

./tmp/mjf-cfreer/jobfeatures-bigbird09.cern.ch_3032073.0_1574962590:
total 28
-rw-r--r--. 1 cfreer zh  1 Nov 30 13:22 allocated_cpu
-rw-r--r--. 1 cfreer zh  6 Nov 30 13:22 cpu_limit_secs
-rw-r--r--. 1 cfreer zh 38 Nov 30 13:22 job_id
-rw-r--r--. 1 cfreer zh 10 Nov 30 13:22 jobstart_secs
-rw-r--r--. 1 cfreer zh 10 Nov 30 13:22 max_rss_bytes
-rw-r--r--. 1 cfreer zh 10 Nov 30 13:22 scratch_limit_bytes
-rw-r--r--. 1 cfreer zh  6 Nov 30 13:22 wall_limit_secs

./var:
total 4
drwx------. 2 cfreer zh 4096 Nov 30 13:22 tmp

./var/tmp:
total 0
----- CMSSW BASE, python path, pwd:
+ CMSSW_BASE  = /afs/cern.ch/work/c/cfreer/MonoZ_2019/MT_plots/CMSSW_10_6_4
+ PYTHON_PATH = 
+ PWD         = /pool/condor/dir_27773
/eos/cms/store/group/phys_exotica/monoZ/Exorcism2018/DMSimp_MonoZLL_NLO_Vector_TuneCP3_GQ0p25_GDM1p0_MY1-1000_MXd-400/tree_0.root  ->  /eos/cms/store/group/phys_exotica/monoZ/Exorcism2018/DMSimp_MonoZLL_NLO_Vector_TuneCP3_GQ0p25_GDM1p0_MY1-1000_MXd-400/tree_0.root
Testing file open
Test OK
---------------------------
 -- options  =  Namespace(dataset='X', doSyst=1, era='2018', infile='/eos/cms/store/group/phys_exotica/monoZ/Exorcism2018/DMSimp_MonoZLL_NLO_Vector_TuneCP3_GQ0p25_GDM1p0_MY1-1000_MXd-400/tree_0.root', isMC=1, jobNum=0, nevt=-1)
 -- is MC    =  1
 -- jobNum   =  0
 -- era      =  2018
 -- in file  =  /eos/cms/store/group/phys_exotica/monoZ/Exorcism2018/DMSimp_MonoZLL_NLO_Vector_TuneCP3_GQ0p25_GDM1p0_MY1-1000_MXd-400/tree_0.root
 -- dataset  =  X
---------------------------
[check] condtag_ ==  DMSimp_MonoZLL_NLO_Vector_TuneCP3_GQ0p25_GDM1p0_MY1-1000_MXd-400
[check] dataset  ==  monoZ
modules :  <PhysicsTools.MonoZ.MonoZWSProducer.MonoZWSProducer object at 0x2b609cf56890>
modules :  <PhysicsTools.MonoZ.MonoZWSProducer.MonoZWSProducer object at 0x2b609cf56950>
modules :  <PhysicsTools.MonoZ.MonoZWSProducer.MonoZWSProducer object at 0x2b609cf56990>
modules :  <PhysicsTools.MonoZ.MonoZWSProducer.MonoZWSProducer object at 0x2b609cf569d0>
modules :  <PhysicsTools.MonoZ.MonoZWSProducer.MonoZWSProducer object at 0x2b609cf56a10>
modules :  <PhysicsTools.MonoZ.MonoZWSProducer.MonoZWSProducer object at 0x2b609cf56a50>
modules :  <PhysicsTools.MonoZ.MonoZWSProducer.MonoZWSProducer object at 0x2b609cf56a90>
modules :  <PhysicsTools.MonoZ.MonoZWSProducer.MonoZWSProducer object at 0x2b609cf56ad0>
modules :  <PhysicsTools.MonoZ.MonoZWSProducer.MonoZWSProducer object at 0x2b609cf56b10>
modules :  <PhysicsTools.MonoZ.MonoZWSProducer.MonoZWSProducer object at 0x2b609cf56b50>
modules :  <PhysicsTools.MonoZ.MonoZWSProducer.MonoZWSProducer object at 0x2b609cf56b90>
modules :  <PhysicsTools.MonoZ.MonoZWSProducer.MonoZWSProducer object at 0x2b609cf56bd0>
modules :  <PhysicsTools.MonoZ.MonoZWSProducer.MonoZWSProducer object at 0x2b609cf56c10>
modules :  <PhysicsTools.MonoZ.MonoZWSProducer.MonoZWSProducer object at 0x2b609cf56c50>
modules :  <PhysicsTools.MonoZ.MonoZWSProducer.MonoZWSProducer object at 0x2b609cf56c90>
modules :  <PhysicsTools.MonoZ.MonoZWSProducer.MonoZWSProducer object at 0x2b609cf56cd0>
modules :  <PhysicsTools.MonoZ.MonoZWSProducer.MonoZWSProducer object at 0x2b609cf56d10>
modules :  <PhysicsTools.MonoZ.MonoZWSProducer.MonoZWSProducer object at 0x2b609cf56d50>
modules :  <PhysicsTools.MonoZ.MonoZWSProducer.MonoZWSProducer object at 0x2b609cf56d90>
modules :  <PhysicsTools.MonoZ.MonoZWSProducer.MonoZWSProducer object at 0x2b609cf56dd0>
modules :  <PhysicsTools.MonoZ.MonoZWSProducer.MonoZWSProducer object at 0x2b609cf56e10>
modules :  <PhysicsTools.MonoZ.MonoZWSProducer.MonoZWSProducer object at 0x2b609cf56e50>
modules :  <PhysicsTools.MonoZ.MonoZWSProducer.MonoZWSProducer object at 0x2b609cf56ed0>
modules :  <PhysicsTools.MonoZ.MonoZWSProducer.MonoZWSProducer object at 0x2b609cf56f50>
modules :  <PhysicsTools.MonoZ.MonoZWSProducer.MonoZWSProducer object at 0x2b609cf56fd0>
modules :  <PhysicsTools.MonoZ.MonoZWSProducer.MonoZWSProducer object at 0x2b609cf58090>
modules :  <PhysicsTools.MonoZ.MonoZWSProducer.MonoZWSProducer object at 0x2b609cf580d0>
modules :  <PhysicsTools.MonoZ.MonoZWSProducer.MonoZWSProducer object at 0x2b609cf58110>
modules :  <PhysicsTools.MonoZ.MonoZWSProducer.MonoZWSProducer object at 0x2b609cf58150>
modules :  <PhysicsTools.MonoZ.MonoZWSProducer.MonoZWSProducer object at 0x2b609cf58190>
modules :  <PhysicsTools.MonoZ.MonoZWSProducer.MonoZWSProducer object at 0x2b609cf581d0>
Selection :  
Will write selected trees to .
Pre-select 22030 entries out of 22030 (100.00%)
Processed    10000/   22030 entries, 45.39% (elapsed time   680.3s, curr speed    0.015 kHz, avg speed    0.015 kHz), accepted    10001/   10001 events (100.00%)
Processed    20000/   22030 entries, 90.79% (elapsed time  1358.7s, curr speed    0.015 kHz, avg speed    0.015 kHz), accepted    20001/   20001 events (100.00%)
Processed 2Adding file ./tree_0_Skim.root
Merging measMET_monoZ_catSignal-0jet
Merging MT_monoZ_catSignal-0jet
Merging measMET_monoZ_catEM
Merging MT_monoZ_catEM
Merging measMET_monoZ_catSignal-1jet
Merging MT_monoZ_catSignal-1jet
Merging measMET_monoZ_cat3L
Merging MT_monoZ_cat3L
Merging measMET_monoZ_cat4L
Merging MT_monoZ_cat4L
Merging measMET_monoZ_catNRB
Merging MT_monoZ_catNRB
Merging measMET_monoZ_catTOP
Merging MT_monoZ_catTOP
Merging measMET_monoZ_catDY
Merging MT_monoZ_catDY
Merging balance_monoZ
Merging phizmet_monoZ
Merging njet_monoZ
Merging measMET_monoZ_catSignal-0jet_sys_ElectronEnUp
Merging MT_monoZ_catSignal-0jet_sys_ElectronEnUp
Merging measMET_monoZ_catEM_sys_ElectronEnUp
Merging MT_monoZ_catEM_sys_ElectronEnUp
Merging measMET_monoZ_catSignal-1jet_sys_ElectronEnUp
Merging MT_monoZ_catSignal-1jet_sys_ElectronEnUp
Merging measMET_monoZ_cat3L_sys_ElectronEnUp
Merging MT_monoZ_cat3L_sys_ElectronEnUp
Merging measMET_monoZ_cat4L_sys_ElectronEnUp
Merging MT_monoZ_cat4L_sys_ElectronEnUp
Merging measMET_monoZ_catNRB_sys_ElectronEnUp
Merging MT_monoZ_catNRB_sys_ElectronEnUp
Merging measMET_monoZ_catTOP_sys_ElectronEnUp
Merging MT_monoZ_catTOP_sys_ElectronEnUp
Merging measMET_monoZ_catDY_sys_ElectronEnUp
Merging MT_monoZ_catDY_sys_ElectronEnUp
Merging balance_monoZ_sys_ElectronEnUp
Merging phizmet_monoZ_sys_ElectronEnUp
Merging njet_monoZ_sys_ElectronEnUp
Merging measMET_monoZ_catSignal-0jet_sys_ElectronEnDown
Merging MT_monoZ_catSignal-0jet_sys_ElectronEnDown
Merging measMET_monoZ_catEM_sys_ElectronEnDown
Merging MT_monoZ_catEM_sys_ElectronEnDown
Merging measMET_monoZ_catSignal-1jet_sys_ElectronEnDown
Merging MT_monoZ_catSignal-1jet_sys_ElectronEnDown
Merging measMET_monoZ_cat3L_sys_ElectronEnDown
Merging MT_monoZ_cat3L_sys_ElectronEnDown
Merging measMET_monoZ_cat4L_sys_ElectronEnDown
Merging MT_monoZ_cat4L_sys_ElectronEnDown
Merging measMET_monoZ_catNRB_sys_ElectronEnDown
Merging MT_monoZ_catNRB_sys_ElectronEnDown
Merging measMET_monoZ_catTOP_sys_ElectronEnDown
Merging MT_monoZ_catTOP_sys_ElectronEnDown
Merging measMET_monoZ_catDY_sys_ElectronEnDown
Merging MT_monoZ_catDY_sys_ElectronEnDown
Merging balance_monoZ_sys_ElectronEnDown
Merging phizmet_monoZ_sys_ElectronEnDown
Merging njet_monoZ_sys_ElectronEnDown
Merging measMET_monoZ_catSignal-0jet_sys_MuonEnUp
Merging MT_monoZ_catSignal-0jet_sys_MuonEnUp
Merging measMET_monoZ_catEM_sys_MuonEnUp
Merging MT_monoZ_catEM_sys_MuonEnUp
Merging measMET_monoZ_catSignal-1jet_sys_MuonEnUp
Merging MT_monoZ_catSignal-1jet_sys_MuonEnUp
Merging measMET_monoZ_cat3L_sys_MuonEnUp
Merging MT_monoZ_cat3L_sys_MuonEnUp
Merging measMET_monoZ_cat4L_sys_MuonEnUp
Merging MT_monoZ_cat4L_sys_MuonEnUp
Merging measMET_monoZ_catNRB_sys_MuonEnUp
Merging MT_monoZ_catNRB_sys_MuonEnUp
Merging measMET_monoZ_catTOP_sys_MuonEnUp
Merging MT_monoZ_catTOP_sys_MuonEnUp
Merging measMET_monoZ_catDY_sys_MuonEnUp
Merging MT_monoZ_catDY_sys_MuonEnUp
Merging balance_monoZ_sys_MuonEnUp
Merging phizmet_monoZ_sys_MuonEnUp
Merging njet_monoZ_sys_MuonEnUp
Merging measMET_monoZ_catSignal-0jet_sys_MuonEnDown
Merging MT_monoZ_catSignal-0jet_sys_MuonEnDown
Merging measMET_monoZ_catEM_sys_MuonEnDown
Merging MT_monoZ_catEM_sys_MuonEnDown
Merging measMET_monoZ_catSignal-1jet_sys_MuonEnDown
Merging MT_monoZ_catSignal-1jet_sys_MuonEnDown
Merging measMET_monoZ_cat3L_sys_MuonEnDown
Merging MT_monoZ_cat3L_sys_MuonEnDown
Merging measMET_monoZ_cat4L_sys_MuonEnDown
Merging MT_monoZ_cat4L_sys_MuonEnDown
Merging measMET_monoZ_catNRB_sys_MuonEnDown
Merging MT_monoZ_catNRB_sys_MuonEnDown
Merging measMET_monoZ_catTOP_sys_MuonEnDown
Merging MT_monoZ_catTOP_sys_MuonEnDown
Merging measMET_monoZ_catDY_sys_MuonEnDown
Merging MT_monoZ_catDY_sys_MuonEnDown
Merging balance_monoZ_sys_MuonEnDown
Merging phizmet_monoZ_sys_MuonEnDown
Merging njet_monoZ_sys_MuonEnDown
Merging measMET_monoZ_catSignal-0jet_sys_jesTotalUp
Merging MT_monoZ_catSignal-0jet_sys_jesTotalUp
Merging measMET_monoZ_catEM_sys_jesTotalUp
Merging MT_monoZ_catEM_sys_jesTotalUp
Merging measMET_monoZ_catSignal-1jet_sys_jesTotalUp
Merging MT_monoZ_catSignal-1jet_sys_jesTotalUp
Merging measMET_monoZ_cat3L_sys_jesTotalUp
Merging MT_monoZ_cat3L_sys_jesTotalUp
Merging measMET_monoZ_cat4L_sys_jesTotalUp
Merging MT_monoZ_cat4L_sys_jesTotalUp
Merging measMET_monoZ_catNRB_sys_jesTotalUp
Merging MT_monoZ_catNRB_sys_jesTotalUp
Merging measMET_monoZ_catTOP_sys_jesTotalUp
Merging MT_monoZ_catTOP_sys_jesTotalUp
Merging measMET_monoZ_catDY_sys_jesTotalUp
Merging MT_monoZ_catDY_sys_jesTotalUp
Merging balance_monoZ_sys_jesTotalUp
Merging phizmet_monoZ_sys_jesTotalUp
Merging njet_monoZ_sys_jesTotalUp
Merging measMET_monoZ_catSignal-0jet_sys_jesTotalDown
Merging MT_monoZ_catSignal-0jet_sys_jesTotalDown
Merging measMET_monoZ_catEM_sys_jesTotalDown
Merging MT_monoZ_catEM_sys_jesTotalDown
Merging measMET_monoZ_catSignal-1jet_sys_jesTotalDown
Merging MT_monoZ_catSignal-1jet_sys_jesTotalDown
Merging measMET_monoZ_cat3L_sys_jesTotalDown
Merging MT_monoZ_cat3L_sys_jesTotalDown
Merging measMET_monoZ_cat4L_sys_jesTotalDown
Merging MT_monoZ_cat4L_sys_jesTotalDown
Merging measMET_monoZ_catNRB_sys_jesTotalDown
Merging MT_monoZ_catNRB_sys_jesTotalDown
Merging measMET_monoZ_catTOP_sys_jesTotalDown
Merging MT_monoZ_catTOP_sys_jesTotalDown
Merging measMET_monoZ_catDY_sys_jesTotalDown
Merging MT_monoZ_catDY_sys_jesTotalDown
Merging balance_monoZ_sys_jesTotalDown
Merging phizmet_monoZ_sys_jesTotalDown
Merging njet_monoZ_sys_jesTotalDown
Merging measMET_monoZ_catSignal-0jet_sys_jerUp
Merging MT_monoZ_catSignal-0jet_sys_jerUp
Merging measMET_monoZ_catEM_sys_jerUp
Merging MT_monoZ_catEM_sys_jerUp
Merging measMET_monoZ_catSignal-1jet_sys_jerUp
Merging MT_monoZ_catSignal-1jet_sys_jerUp
Merging measMET_monoZ_cat3L_sys_jerUp
Merging MT_monoZ_cat3L_sys_jerUp
Merging measMET_monoZ_cat4L_sys_jerUp
Merging MT_monoZ_cat4L_sys_jerUp
Merging measMET_monoZ_catNRB_sys_jerUp
Merging MT_monoZ_catNRB_sys_jerUp
Merging measMET_monoZ_catTOP_sys_jerUp
Merging MT_monoZ_catTOP_sys_jerUp
Merging measMET_monoZ_catDY_sys_jerUp
Merging MT_monoZ_catDY_sys_jerUp
Merging balance_monoZ_sys_jerUp
Merging phizmet_monoZ_sys_jerUp
Merging njet_monoZ_sys_jerUp
Merging measMET_monoZ_catSignal-0jet_sys_jerDown
Merging MT_monoZ_catSignal-0jet_sys_jerDown
Merging measMET_monoZ_catEM_sys_jerDown
Merging MT_monoZ_catEM_sys_jerDown
Merging measMET_monoZ_catSignal-1jet_sys_jerDown
Merging MT_monoZ_catSignal-1jet_sys_jerDown
Merging measMET_monoZ_cat3L_sys_jerDown
Merging MT_monoZ_cat3L_sys_jerDown
Merging measMET_monoZ_cat4L_sys_jerDown
Merging MT_monoZ_cat4L_sys_jerDown
Merging measMET_monoZ_catNRB_sys_jerDown
Merging MT_monoZ_catNRB_sys_jerDown
Merging measMET_monoZ_catTOP_sys_jerDown
Merging MT_monoZ_catTOP_sys_jerDown
Merging measMET_monoZ_catDY_sys_jerDown
Merging MT_monoZ_catDY_sys_jerDown
Merging balance_monoZ_sys_jerDown
Merging phizmet_monoZ_sys_jerDown
Merging njet_monoZ_sys_jerDown
Merging measMET_monoZ_catSignal-0jet_sys_puWeightUp
Merging MT_monoZ_catSignal-0jet_sys_puWeightUp
Merging measMET_monoZ_catEM_sys_puWeightUp
Merging MT_monoZ_catEM_sys_puWeightUp
Merging measMET_monoZ_catSignal-1jet_sys_puWeightUp
Merging MT_monoZ_catSignal-1jet_sys_puWeightUp
Merging measMET_monoZ_cat3L_sys_puWeightUp
Merging MT_monoZ_cat3L_sys_puWeightUp
Merging measMET_monoZ_cat4L_sys_puWeightUp
Merging MT_monoZ_cat4L_sys_puWeightUp
Merging measMET_monoZ_catNRB_sys_puWeightUp
Merging MT_monoZ_catNRB_sys_puWeightUp
Merging measMET_monoZ_catTOP_sys_puWeightUp
Merging MT_monoZ_catTOP_sys_puWeightUp
Merging measMET_monoZ_catDY_sys_puWeightUp
Merging MT_monoZ_catDY_sys_puWeightUp
Merging balance_monoZ_sys_puWeightUp
Merging phizmet_monoZ_sys_puWeightUp
Merging njet_monoZ_sys_puWeightUp
Merging measMET_monoZ_catSignal-0jet_sys_puWeightDown
Merging MT_monoZ_catSignal-0jet_sys_puWeightDown
Merging measMET_monoZ_catEM_sys_puWeightDown
Merging MT_monoZ_catEM_sys_puWeightDown
Merging measMET_monoZ_catSignal-1jet_sys_puWeightDown
Merging MT_monoZ_catSignal-1jet_sys_puWeightDown
Merging measMET_monoZ_cat3L_sys_puWeightDown
Merging MT_monoZ_cat3L_sys_puWeightDown
Merging measMET_monoZ_cat4L_sys_puWeightDown
Merging MT_monoZ_cat4L_sys_puWeightDown
Merging measMET_monoZ_catNRB_sys_puWeightDown
Merging MT_monoZ_catNRB_sys_puWeightDown
Merging measMET_monoZ_catTOP_sys_puWeightDown
Merging MT_monoZ_catTOP_sys_puWeightDown
Merging measMET_monoZ_catDY_sys_puWeightDown
Merging MT_monoZ_catDY_sys_puWeightDown
Merging balance_monoZ_sys_puWeightDown
Merging phizmet_monoZ_sys_puWeightDown
Merging njet_monoZ_sys_puWeightDown
Merging measMET_monoZ_catSignal-0jet_sys_PDFUp
Merging MT_monoZ_catSignal-0jet_sys_PDFUp
Merging measMET_monoZ_catEM_sys_PDFUp
Merging MT_monoZ_catEM_sys_PDFUp
Merging measMET_monoZ_catSignal-1jet_sys_PDFUp
Merging MT_monoZ_catSignal-1jet_sys_PDFUp
Merging measMET_monoZ_cat3L_sys_PDFUp
Merging MT_monoZ_cat3L_sys_PDFUp
Merging measMET_monoZ_cat4L_sys_PDFUp
Merging MT_monoZ_cat4L_sys_PDFUp
Merging measMET_monoZ_catNRB_sys_PDFUp
Merging MT_monoZ_catNRB_sys_PDFUp
Merging measMET_monoZ_catTOP_sys_PDFUp
Merging MT_monoZ_catTOP_sys_PDFUp
Merging measMET_monoZ_catDY_sys_PDFUp
Merging MT_monoZ_catDY_sys_PDFUp
Merging balance_monoZ_sys_PDFUp
Merging phizmet_monoZ_sys_PDFUp
Merging njet_monoZ_sys_PDFUp
Merging measMET_monoZ_catSignal-0jet_sys_PDFDown
Merging MT_monoZ_catSignal-0jet_sys_PDFDown
Merging measMET_monoZ_catEM_sys_PDFDown
Merging MT_monoZ_catEM_sys_PDFDown
Merging measMET_monoZ_catSignal-1jet_sys_PDFDown
Merging MT_monoZ_catSignal-1jet_sys_PDFDown
Merging measMET_monoZ_cat3L_sys_PDFDown
Merging MT_monoZ_cat3L_sys_PDFDown
Merging measMET_monoZ_cat4L_sys_PDFDown
Merging MT_monoZ_cat4L_sys_PDFDown
Merging measMET_monoZ_catNRB_sys_PDFDown
Merging MT_monoZ_catNRB_sys_PDFDown
Merging measMET_monoZ_catTOP_sys_PDFDown
Merging MT_monoZ_catTOP_sys_PDFDown
Merging measMET_monoZ_catDY_sys_PDFDown
Merging MT_monoZ_catDY_sys_PDFDown
Merging balance_monoZ_sys_PDFDown
Merging phizmet_monoZ_sys_PDFDown
Merging njet_monoZ_sys_PDFDown
Merging measMET_monoZ_catSignal-0jet_sys_MuonSFUp
Merging MT_monoZ_catSignal-0jet_sys_MuonSFUp
Merging measMET_monoZ_catEM_sys_MuonSFUp
Merging MT_monoZ_catEM_sys_MuonSFUp
Merging measMET_monoZ_catSignal-1jet_sys_MuonSFUp
Merging MT_monoZ_catSignal-1jet_sys_MuonSFUp
Merging measMET_monoZ_cat3L_sys_MuonSFUp
Merging MT_monoZ_cat3L_sys_MuonSFUp
Merging measMET_monoZ_cat4L_sys_MuonSFUp
Merging MT_monoZ_cat4L_sys_MuonSFUp
Merging measMET_monoZ_catNRB_sys_MuonSFUp
Merging MT_monoZ_catNRB_sys_MuonSFUp
Merging measMET_monoZ_catTOP_sys_MuonSFUp
Merging MT_monoZ_catTOP_sys_MuonSFUp
Merging measMET_monoZ_catDY_sys_MuonSFUp
Merging MT_monoZ_catDY_sys_MuonSFUp
Merging balance_monoZ_sys_MuonSFUp
Merging phizmet_monoZ_sys_MuonSFUp
Merging njet_monoZ_sys_MuonSFUp
Merging measMET_monoZ_catSignal-0jet_sys_MuonSFDown
Merging MT_monoZ_catSignal-0jet_sys_MuonSFDown
Merging measMET_monoZ_catEM_sys_MuonSFDown
Merging MT_monoZ_catEM_sys_MuonSFDown
Merging measMET_monoZ_catSignal-1jet_sys_MuonSFDown
Merging MT_monoZ_catSignal-1jet_sys_MuonSFDown
Merging measMET_monoZ_cat3L_sys_MuonSFDown
Merging MT_monoZ_cat3L_sys_MuonSFDown
Merging measMET_monoZ_cat4L_sys_MuonSFDown
Merging MT_monoZ_cat4L_sys_MuonSFDown
Merging measMET_monoZ_catNRB_sys_MuonSFDown
Merging MT_monoZ_catNRB_sys_MuonSFDown
Merging measMET_monoZ_catTOP_sys_MuonSFDown
Merging MT_monoZ_catTOP_sys_MuonSFDown
Merging measMET_monoZ_catDY_sys_MuonSFDown
Merging MT_monoZ_catDY_sys_MuonSFDown
Merging balance_monoZ_sys_MuonSFDown
Merging phizmet_monoZ_sys_MuonSFDown
Merging njet_monoZ_sys_MuonSFDown
Merging measMET_monoZ_catSignal-0jet_sys_ElecronSFUp
Merging MT_monoZ_catSignal-0jet_sys_ElecronSFUp
Merging measMET_monoZ_catEM_sys_ElecronSFUp
Merging MT_monoZ_catEM_sys_ElecronSFUp
Merging measMET_monoZ_catSignal-1jet_sys_ElecronSFUp
Merging MT_monoZ_catSignal-1jet_sys_ElecronSFUp
Merging measMET_monoZ_cat3L_sys_ElecronSFUp
Merging MT_monoZ_cat3L_sys_ElecronSFUp
Merging measMET_monoZ_cat4L_sys_ElecronSFUp
Merging MT_monoZ_cat4L_sys_ElecronSFUp
Merging measMET_monoZ_catNRB_sys_ElecronSFUp
Merging MT_monoZ_catNRB_sys_ElecronSFUp
Merging measMET_monoZ_catTOP_sys_ElecronSFUp
Merging MT_monoZ_catTOP_sys_ElecronSFUp
Merging measMET_monoZ_catDY_sys_ElecronSFUp
Merging MT_monoZ_catDY_sys_ElecronSFUp
Merging balance_monoZ_sys_ElecronSFUp
Merging phizmet_monoZ_sys_ElecronSFUp
Merging njet_monoZ_sys_ElecronSFUp
Merging measMET_monoZ_catSignal-0jet_sys_ElecronSFDown
Merging MT_monoZ_catSignal-0jet_sys_ElecronSFDown
Merging measMET_monoZ_catEM_sys_ElecronSFDown
Merging MT_monoZ_catEM_sys_ElecronSFDown
Merging measMET_monoZ_catSignal-1jet_sys_ElecronSFDown
Merging MT_monoZ_catSignal-1jet_sys_ElecronSFDown
Merging measMET_monoZ_cat3L_sys_ElecronSFDown
Merging MT_monoZ_cat3L_sys_ElecronSFDown
Merging measMET_monoZ_cat4L_sys_ElecronSFDown
Merging MT_monoZ_cat4L_sys_ElecronSFDown
Merging measMET_monoZ_catNRB_sys_ElecronSFDown
Merging MT_monoZ_catNRB_sys_ElecronSFDown
Merging measMET_monoZ_catTOP_sys_ElecronSFDown
Merging MT_monoZ_catTOP_sys_ElecronSFDown
Merging measMET_monoZ_catDY_sys_ElecronSFDown
Merging MT_monoZ_catDY_sys_ElecronSFDown
Merging balance_monoZ_sys_ElecronSFDown
Merging phizmet_monoZ_sys_ElecronSFDown
Merging njet_monoZ_sys_ElecronSFDown
Merging measMET_monoZ_catSignal-0jet_sys_EWKUp
Merging MT_monoZ_catSignal-0jet_sys_EWKUp
Merging measMET_monoZ_catEM_sys_EWKUp
Merging MT_monoZ_catEM_sys_EWKUp
Merging measMET_monoZ_catSignal-1jet_sys_EWKUp
Merging MT_monoZ_catSignal-1jet_sys_EWKUp
Merging measMET_monoZ_cat3L_sys_EWKUp
Merging MT_monoZ_cat3L_sys_EWKUp
Merging measMET_monoZ_cat4L_sys_EWKUp
Merging MT_monoZ_cat4L_sys_EWKUp
Merging measMET_monoZ_catNRB_sys_EWKUp
Merging MT_monoZ_catNRB_sys_EWKUp
Merging measMET_monoZ_catTOP_sys_EWKUp
Merging MT_monoZ_catTOP_sys_EWKUp
Merging measMET_monoZ_catDY_sys_EWKUp
Merging MT_monoZ_catDY_sys_EWKUp
Merging balance_monoZ_sys_EWKUp
Merging phizmet_monoZ_sys_EWKUp
Merging njet_monoZ_sys_EWKUp
Merging measMET_monoZ_catSignal-0jet_sys_EWKDown
Merging MT_monoZ_catSignal-0jet_sys_EWKDown
Merging measMET_monoZ_catEM_sys_EWKDown
Merging MT_monoZ_catEM_sys_EWKDown
Merging measMET_monoZ_catSignal-1jet_sys_EWKDown
Merging MT_monoZ_catSignal-1jet_sys_EWKDown
Merging measMET_monoZ_cat3L_sys_EWKDown
Merging MT_monoZ_cat3L_sys_EWKDown
Merging measMET_monoZ_cat4L_sys_EWKDown
Merging MT_monoZ_cat4L_sys_EWKDown
Merging measMET_monoZ_catNRB_sys_EWKDown
Merging MT_monoZ_catNRB_sys_EWKDown
Merging measMET_monoZ_catTOP_sys_EWKDown
Merging MT_monoZ_catTOP_sys_EWKDown
Merging measMET_monoZ_catDY_sys_EWKDown
Merging MT_monoZ_catDY_sys_EWKDown
Merging balance_monoZ_sys_EWKDown
Merging phizmet_monoZ_sys_EWKDown
Merging njet_monoZ_sys_EWKDown
Merging measMET_monoZ_catSignal-0jet_sys_nvtxWeightUp
Merging MT_monoZ_catSignal-0jet_sys_nvtxWeightUp
Merging measMET_monoZ_catEM_sys_nvtxWeightUp
Merging MT_monoZ_catEM_sys_nvtxWeightUp
Merging measMET_monoZ_catSignal-1jet_sys_nvtxWeightUp
Merging MT_monoZ_catSignal-1jet_sys_nvtxWeightUp
Merging measMET_monoZ_cat3L_sys_nvtxWeightUp
Merging MT_monoZ_cat3L_sys_nvtxWeightUp
Merging measMET_monoZ_cat4L_sys_nvtxWeightUp
Merging MT_monoZ_cat4L_sys_nvtxWeightUp
Merging measMET_monoZ_catNRB_sys_nvtxWeightUp
Merging MT_monoZ_catNRB_sys_nvtxWeightUp
Merging measMET_monoZ_catTOP_sys_nvtxWeightUp
Merging MT_monoZ_catTOP_sys_nvtxWeightUp
Merging measMET_monoZ_catDY_sys_nvtxWeightUp
Merging MT_monoZ_catDY_sys_nvtxWeightUp
Merging balance_monoZ_sys_nvtxWeightUp
Merging phizmet_monoZ_sys_nvtxWeightUp
Merging njet_monoZ_sys_nvtxWeightUp
Merging measMET_monoZ_catSignal-0jet_sys_nvtxWeightDown
Merging MT_monoZ_catSignal-0jet_sys_nvtxWeightDown
Merging measMET_monoZ_catEM_sys_nvtxWeightDown
Merging MT_monoZ_catEM_sys_nvtxWeightDown
Merging measMET_monoZ_catSignal-1jet_sys_nvtxWeightDown
Merging MT_monoZ_catSignal-1jet_sys_nvtxWeightDown
Merging measMET_monoZ_cat3L_sys_nvtxWeightDown
Merging MT_monoZ_cat3L_sys_nvtxWeightDown
Merging measMET_monoZ_cat4L_sys_nvtxWeightDown
Merging MT_monoZ_cat4L_sys_nvtxWeightDown
Merging measMET_monoZ_catNRB_sys_nvtxWeightDown
Merging MT_monoZ_catNRB_sys_nvtxWeightDown
Merging measMET_monoZ_catTOP_sys_nvtxWeightDown
Merging MT_monoZ_catTOP_sys_nvtxWeightDown
Merging measMET_monoZ_catDY_sys_nvtxWeightDown
Merging MT_monoZ_catDY_sys_nvtxWeightDown
Merging balance_monoZ_sys_nvtxWeightDown
Merging phizmet_monoZ_sys_nvtxWeightDown
Merging njet_monoZ_sys_nvtxWeightDown
Merging measMET_monoZ_catSignal-0jet_sys_TriggerSFWeightUp
Merging MT_monoZ_catSignal-0jet_sys_TriggerSFWeightUp
Merging measMET_monoZ_catEM_sys_TriggerSFWeightUp
Merging MT_monoZ_catEM_sys_TriggerSFWeightUp
Merging measMET_monoZ_catSignal-1jet_sys_TriggerSFWeightUp
Merging MT_monoZ_catSignal-1jet_sys_TriggerSFWeightUp
Merging measMET_monoZ_cat3L_sys_TriggerSFWeightUp
Merging MT_monoZ_cat3L_sys_TriggerSFWeightUp
Merging measMET_monoZ_cat4L_sys_TriggerSFWeightUp
Merging MT_monoZ_cat4L_sys_TriggerSFWeightUp
Merging measMET_monoZ_catNRB_sys_TriggerSFWeightUp
Merging MT_monoZ_catNRB_sys_TriggerSFWeightUp
Merging measMET_monoZ_catTOP_sys_TriggerSFWeightUp
Merging MT_monoZ_catTOP_sys_TriggerSFWeightUp
Merging measMET_monoZ_catDY_sys_TriggerSFWeightUp
Merging MT_monoZ_catDY_sys_TriggerSFWeightUp
Merging balance_monoZ_sys_TriggerSFWeightUp
Merging phizmet_monoZ_sys_TriggerSFWeightUp
Merging njet_monoZ_sys_TriggerSFWeightUp
Merging measMET_monoZ_catSignal-0jet_sys_TriggerSFWeightDown
Merging MT_monoZ_catSignal-0jet_sys_TriggerSFWeightDown
Merging measMET_monoZ_catEM_sys_TriggerSFWeightDown
Merging MT_monoZ_catEM_sys_TriggerSFWeightDown
Merging measMET_monoZ_catSignal-1jet_sys_TriggerSFWeightDown
Merging MT_monoZ_catSignal-1jet_sys_TriggerSFWeightDown
Merging measMET_monoZ_cat3L_sys_TriggerSFWeightDown
Merging MT_monoZ_cat3L_sys_TriggerSFWeightDown
Merging measMET_monoZ_cat4L_sys_TriggerSFWeightDown
Merging MT_monoZ_cat4L_sys_TriggerSFWeightDown
Merging measMET_monoZ_catNRB_sys_TriggerSFWeightDown
Merging MT_monoZ_catNRB_sys_TriggerSFWeightDown
Merging measMET_monoZ_catTOP_sys_TriggerSFWeightDown
Merging MT_monoZ_catTOP_sys_TriggerSFWeightDown
Merging measMET_monoZ_catDY_sys_TriggerSFWeightDown
Merging MT_monoZ_catDY_sys_TriggerSFWeightDown
Merging balance_monoZ_sys_TriggerSFWeightDown
Merging phizmet_monoZ_sys_TriggerSFWeightDown
Merging njet_monoZ_sys_TriggerSFWeightDown
Merging measMET_monoZ_catSignal-0jet_sys_btagEventWeightUp
Merging MT_monoZ_catSignal-0jet_sys_btagEventWeightUp
Merging measMET_monoZ_catEM_sys_btagEventWeightUp
Merging MT_monoZ_catEM_sys_btagEventWeightUp
Merging measMET_monoZ_catSignal-1jet_sys_btagEventWeightUp
Merging MT_monoZ_catSignal-1jet_sys_btagEventWeightUp
Merging measMET_monoZ_cat3L_sys_btagEventWeightUp
Merging MT_monoZ_cat3L_sys_btagEventWeightUp
Merging measMET_monoZ_cat4L_sys_btagEventWeightUp
Merging MT_monoZ_cat4L_sys_btagEventWeightUp
Merging measMET_monoZ_catNRB_sys_btagEventWeightUp
Merging MT_monoZ_catNRB_sys_btagEventWeightUp
Merging measMET_monoZ_catTOP_sys_btagEventWeightUp
Merging MT_monoZ_catTOP_sys_btagEventWeightUp
Merging measMET_monoZ_catDY_sys_btagEventWeightUp
Merging MT_monoZ_catDY_sys_btagEventWeightUp
Merging balance_monoZ_sys_btagEventWeightUp
Merging phizmet_monoZ_sys_btagEventWeightUp
Merging njet_monoZ_sys_btagEventWeightUp
Merging measMET_monoZ_catSignal-0jet_sys_btagEventWeightDown
Merging MT_monoZ_catSignal-0jet_sys_btagEventWeightDown
Merging measMET_monoZ_catEM_sys_btagEventWeightDown
Merging MT_monoZ_catEM_sys_btagEventWeightDown
Merging measMET_monoZ_catSignal-1jet_sys_btagEventWeightDown
Merging MT_monoZ_catSignal-1jet_sys_btagEventWeightDown
Merging measMET_monoZ_cat3L_sys_btagEventWeightDown
Merging MT_monoZ_cat3L_sys_btagEventWeightDown
Merging measMET_monoZ_cat4L_sys_btagEventWeightDown
Merging MT_monoZ_cat4L_sys_btagEventWeightDown
Merging measMET_monoZ_catNRB_sys_btagEventWeightDown
Merging MT_monoZ_catNRB_sys_btagEventWeightDown
Merging measMET_monoZ_catTOP_sys_btagEventWeightDown
Merging MT_monoZ_catTOP_sys_btagEventWeightDown
Merging measMET_monoZ_catDY_sys_btagEventWeightDown
Merging MT_monoZ_catDY_sys_btagEventWeightDown
Merging balance_monoZ_sys_btagEventWeightDown
Merging phizmet_monoZ_sys_btagEventWeightDown
Merging njet_monoZ_sys_btagEventWeightDown
Merging measMET_monoZ_catSignal-0jet_sys_QCDScale0wUp
Merging MT_monoZ_catSignal-0jet_sys_QCDScale0wUp
Merging measMET_monoZ_catEM_sys_QCDScale0wUp
Merging MT_monoZ_catEM_sys_QCDScale0wUp
Merging measMET_monoZ_catSignal-1jet_sys_QCDScale0wUp
Merging MT_monoZ_catSignal-1jet_sys_QCDScale0wUp
Merging measMET_monoZ_cat3L_sys_QCDScale0wUp
Merging MT_monoZ_cat3L_sys_QCDScale0wUp
Merging measMET_monoZ_cat4L_sys_QCDScale0wUp
Merging MT_monoZ_cat4L_sys_QCDScale0wUp
Merging measMET_monoZ_catNRB_sys_QCDScale0wUp
Merging MT_monoZ_catNRB_sys_QCDScale0wUp
Merging measMET_monoZ_catTOP_sys_QCDScale0wUp
Merging MT_monoZ_catTOP_sys_QCDScale0wUp
Merging measMET_monoZ_catDY_sys_QCDScale0wUp
Merging MT_monoZ_catDY_sys_QCDScale0wUp
Merging balance_monoZ_sys_QCDScale0wUp
Merging phizmet_monoZ_sys_QCDScale0wUp
Merging njet_monoZ_sys_QCDScale0wUp
Merging measMET_monoZ_catSignal-0jet_sys_QCDScale0wDown
Merging MT_monoZ_catSignal-0jet_sys_QCDScale0wDown
Merging measMET_monoZ_catEM_sys_QCDScale0wDown
Merging MT_monoZ_catEM_sys_QCDScale0wDown
Merging measMET_monoZ_catSignal-1jet_sys_QCDScale0wDown
Merging MT_monoZ_catSignal-1jet_sys_QCDScale0wDown
Merging measMET_monoZ_cat3L_sys_QCDScale0wDown
Merging MT_monoZ_cat3L_sys_QCDScale0wDown
Merging measMET_monoZ_cat4L_sys_QCDScale0wDown
Merging MT_monoZ_cat4L_sys_QCDScale0wDown
Merging measMET_monoZ_catNRB_sys_QCDScale0wDown
Merging MT_monoZ_catNRB_sys_QCDScale0wDown
Merging measMET_monoZ_catTOP_sys_QCDScale0wDown
Merging MT_monoZ_catTOP_sys_QCDScale0wDown
Merging measMET_monoZ_catDY_sys_QCDScale0wDown
Merging MT_monoZ_catDY_sys_QCDScale0wDown
Merging balance_monoZ_sys_QCDScale0wDown
Merging phizmet_monoZ_sys_QCDScale0wDown
Merging njet_monoZ_sys_QCDScale0wDown
Merging measMET_monoZ_catSignal-0jet_sys_QCDScale1wUp
Merging MT_monoZ_catSignal-0jet_sys_QCDScale1wUp
Merging measMET_monoZ_catEM_sys_QCDScale1wUp
Merging MT_monoZ_catEM_sys_QCDScale1wUp
Merging measMET_monoZ_catSignal-1jet_sys_QCDScale1wUp
Merging MT_monoZ_catSignal-1jet_sys_QCDScale1wUp
Merging measMET_monoZ_cat3L_sys_QCDScale1wUp
Merging MT_monoZ_cat3L_sys_QCDScale1wUp
Merging measMET_monoZ_cat4L_sys_QCDScale1wUp
Merging MT_monoZ_cat4L_sys_QCDScale1wUp
Merging measMET_monoZ_catNRB_sys_QCDScale1wUp
Merging MT_monoZ_catNRB_sys_QCDScale1wUp
Merging measMET_monoZ_catTOP_sys_QCDScale1wUp
Merging MT_monoZ_catTOP_sys_QCDScale1wUp
Merging measMET_monoZ_catDY_sys_QCDScale1wUp
Merging MT_monoZ_catDY_sys_QCDScale1wUp
Merging balance_monoZ_sys_QCDScale1wUp
Merging phizmet_monoZ_sys_QCDScale1wUp
Merging njet_monoZ_sys_QCDScale1wUp
Merging measMET_monoZ_catSignal-0jet_sys_QCDScale1wDown
Merging MT_monoZ_catSignal-0jet_sys_QCDScale1wDown
Merging measMET_monoZ_catEM_sys_QCDScale1wDown
Merging MT_monoZ_catEM_sys_QCDScale1wDown
Merging measMET_monoZ_catSignal-1jet_sys_QCDScale1wDown
Merging MT_monoZ_catSignal-1jet_sys_QCDScale1wDown
Merging measMET_monoZ_cat3L_sys_QCDScale1wDown
Merging MT_monoZ_cat3L_sys_QCDScale1wDown
Merging measMET_monoZ_cat4L_sys_QCDScale1wDown
Merging MT_monoZ_cat4L_sys_QCDScale1wDown
Merging measMET_monoZ_catNRB_sys_QCDScale1wDown
Merging MT_monoZ_catNRB_sys_QCDScale1wDown
Merging measMET_monoZ_catTOP_sys_QCDScale1wDown
Merging MT_monoZ_catTOP_sys_QCDScale1wDown
Merging measMET_monoZ_catDY_sys_QCDScale1wDown
Merging MT_monoZ_catDY_sys_QCDScale1wDown
Merging balance_monoZ_sys_QCDScale1wDown
Merging phizmet_monoZ_sys_QCDScale1wDown
Merging njet_monoZ_sys_QCDScale1wDown
Merging measMET_monoZ_catSignal-0jet_sys_QCDScale2wUp
Merging MT_monoZ_catSignal-0jet_sys_QCDScale2wUp
Merging measMET_monoZ_catEM_sys_QCDScale2wUp
Merging MT_monoZ_catEM_sys_QCDScale2wUp
Merging measMET_monoZ_catSignal-1jet_sys_QCDScale2wUp
Merging MT_monoZ_catSignal-1jet_sys_QCDScale2wUp
Merging measMET_monoZ_cat3L_sys_QCDScale2wUp
Merging MT_monoZ_cat3L_sys_QCDScale2wUp
Merging measMET_monoZ_cat4L_sys_QCDScale2wUp
Merging MT_monoZ_cat4L_sys_QCDScale2wUp
Merging measMET_monoZ_catNRB_sys_QCDScale2wUp
Merging MT_monoZ_catNRB_sys_QCDScale2wUp
Merging measMET_monoZ_catTOP_sys_QCDScale2wUp
Merging MT_monoZ_catTOP_sys_QCDScale2wUp
Merging measMET_monoZ_catDY_sys_QCDScale2wUp
Merging MT_monoZ_catDY_sys_QCDScale2wUp
Merging balance_monoZ_sys_QCDScale2wUp
Merging phizmet_monoZ_sys_QCDScale2wUp
Merging njet_monoZ_sys_QCDScale2wUp
Merging measMET_monoZ_catSignal-0jet_sys_QCDScale2wDown
Merging MT_monoZ_catSignal-0jet_sys_QCDScale2wDown
Merging measMET_monoZ_catEM_sys_QCDScale2wDown
Merging MT_monoZ_catEM_sys_QCDScale2wDown
Merging measMET_monoZ_catSignal-1jet_sys_QCDScale2wDown
Merging MT_monoZ_catSignal-1jet_sys_QCDScale2wDown
Merging measMET_monoZ_cat3L_sys_QCDScale2wDown
Merging MT_monoZ_cat3L_sys_QCDScale2wDown
Merging measMET_monoZ_cat4L_sys_QCDScale2wDown
Merging MT_monoZ_cat4L_sys_QCDScale2wDown
Merging measMET_monoZ_catNRB_sys_QCDScale2wDown
Merging MT_monoZ_catNRB_sys_QCDScale2wDown
Merging measMET_monoZ_catTOP_sys_QCDScale2wDown
Merging MT_monoZ_catTOP_sys_QCDScale2wDown
Merging measMET_monoZ_catDY_sys_QCDScale2wDown
Merging MT_monoZ_catDY_sys_QCDScale2wDown
Merging balance_monoZ_sys_QCDScale2wDown
Merging phizmet_monoZ_sys_QCDScale2wDown
Merging njet_monoZ_sys_QCDScale2wDown
Merging Events
Merging Runs
Merging ParameterSets
Merging LuminosityBlocks
Merging MetaData
Merging phizmet_DMSimp_MonoZLL_NLO_Vector_TuneCP3_GQ0p25_GDM1p0_MY1-1000_MXd-400_sys_PrefireWeightDown
Merging phizmet_DMSimp_MonoZLL_NLO_Vector_TuneCP3_GQ0p25_GDM1p0_MY1-1000_MXd-400
Merging measMET_DMSimp_MonoZLL_NLO_Vector_TuneCP3_GQ0p25_GDM1p0_MY1-1000_MXd-400_catDY_sys_nvtxWeightDown
Merging MT_DMSimp_MonoZLL_NLO_Vector_TuneCP3_GQ0p25_GDM1p0_MY1-1000_MXd-400_cat3L_sys_QCDScale0wUp
Merging MT_DMSimp_MonoZLL_NLO_Vector_TuneCP3_GQ0p25_GDM1p0_MY1-1000_MXd-400_catEM_sys_PrefireWeightUp
Merging MT_DMSimp_MonoZLL_NLO_Vector_TuneCP3_GQ0p25_GDM1p0_MY1-1000_MXd-400_cat4L_sys_PrefireWeightUp
Merging measMET_DMSimp_MonoZLL_NLO_Vector_TuneCP3_GQ0p25_GDM1p0_MY1-1000_MXd-400_cat3L_sys_ElectronEnDown
Merging MT_DMSimp_MonoZLL_NLO_Vector_TuneCP3_GQ0p25_GDM1p0_MY1-1000_MXd-400_catDY_sys_QCDScale1wDown
Merging measMET_DMSimp_MonoZLL_NLO_Vector_TuneCP3_GQ0p25_GDM1p0_MY1-1000_MXd-400_catSignal-0jet_sys_jerUp
Merging njet_DMSimp_MonoZLL_NLO_Vector_TuneCP3_GQ0p25_GDM1p0_MY1-1000_MXd-400_sys_ElectronEnUp
Merging measMET_DMSimp_MonoZLL_NLO_Vector_TuneCP3_GQ0p25_GDM1p0_MY1-1000_MXd-400_catSignal-0jet_sys_ElecronSFDown
Merging measMET_DMSimp_MonoZLL_NLO_Vector_TuneCP3_GQ0p25_GDM1p0_MY1-1000_MXd-400_catSignal-0jet
Merging MT_DMSimp_MonoZLL_NLO_Vector_TuneCP3_GQ0p25_GDM1p0_MY1-1000_MXd-400_catNRB_sys_QCDScale0wDown
Merging MT_DMSimp_MonoZLL_NLO_Vector_TuneCP3_GQ0p25_GDM1p0_MY1-1000_MXd-400_cat3L_sys_MuonEnDown
Merging MT_DMSimp_MonoZLL_NLO_Vector_TuneCP3_GQ0p25_GDM1p0_MY1-1000_MXd-400_catTOP_sys_MuonSFDown
Merging MT_DMSimp_MonoZLL_NLO_Vector_TuneCP3_GQ0p25_GDM1p0_MY1-1000_MXd-400_cat4L_sys_jesTotalUp
Merging MT_DMSimp_MonoZLL_NLO_Vector_TuneCP3_GQ0p25_GDM1p0_MY1-1000_MXd-400_catSignal-1jet_sys_jesTotalDown
Merging measMET_DMSimp_MonoZLL_NLO_Vector_TuneCP3_GQ0p25_GDM1p0_MY1-1000_MXd-400_cat4L_sys_TriggerSFWeightUp
Merging measMET_DMSimp_MonoZLL_NLO_Vector_TuneCP3_GQ0p25_GDM1p0_MY1-1000_MXd-400_cat4L_sys_MuonEnDown
Merging MT_DMSimp_MonoZLL_NLO_Vector_TuneCP3_GQ0p25_GDM1p0_MY1-1000_MXd-400_catSignal-0jet_sys_QCDScale0wUp
Merging MT_DMSimp_MonoZLL_NLO_Vector_TuneCP3_GQ0p25_GDM1p0_MY1-1000_MXd-400_catSignal-1jet_sys_ElectronEnDown
Merging measMET_DMSimp_MonoZLL_NLO_Vector_TuneCP3_GQ0p25_GDM1p0_MY1-1000_MXd-400_cat4L_sys_QCDScale1wUp
Merging MT_DMSimp_MonoZLL_NLO_Vector_TuneCP3_GQ0p25_GDM1p0_MY1-1000_MXd-400_catSignal-0jet_sys_ElecronSFDown
Merging measMET_DMSimp_MonoZLL_NLO_Vector_TuneCP3_GQ0p25_GDM1p0_MY1-1000_MXd-400_catSignal-1jet_sys_puWeightDown
Merging MT_DMSimp_MonoZLL_NLO_Vector_TuneCP3_GQ0p25_GDM1p0_MY1-1000_MXd-400_catSignal-1jet_sys_ElectronEnUp
Merging phizmet_DMSimp_MonoZLL_NLO_Vector_TuneCP3_GQ0p25_GDM1p0_MY1-1000_MXd-400_sys_QCDScale1wUp
Merging measMET_DMSimp_MonoZLL_NLO_Vector_TuneCP3_GQ0p25_GDM1p0_MY1-1000_MXd-400_cat3L_sys_QCDScale1wDown
Merging MT_DMSimp_MonoZLL_NLO_Vector_TuneCP3_GQ0p25_GDM1p0_MY1-1000_MXd-400_catNRB_sys_jerDown
Merging MT_DMSimp_MonoZLL_NLO_Vector_TuneCP3_GQ0p25_GDM1p0_MY1-1000_MXd-400_catSignal-1jet_sys_MuonSFUp
Merging measMET_DMSimp_MonoZLL_NLO_Vector_TuneCP3_GQ0p25_GDM1p0_MY1-1000_MXd-400_catNRB_sys_PrefireWeightDown
Merging MT_DMSimp_MonoZLL_NLO_Vector_TuneCP3_GQ0p25_GDM1p0_MY1-1000_MXd-400_cat4L_sys_nvtxWeightDown
Merging measMET_DMSimp_MonoZLL_NLO_Vector_TuneCP3_GQ0p25_GDM1p0_MY1-1000_MXd-400_catEM_sys_QCDScale2wUp
Merging MT_DMSimp_MonoZLL_NLO_Vector_TuneCP3_GQ0p25_GDM1p0_MY1-1000_MXd-400_catNRB_sys_nvtxWeightDown
Merging balance_DMSimp_MonoZLL_NLO_Vector_TuneCP3_GQ0p25_GDM1p0_MY1-1000_MXd-400_sys_ElectronEnUp
Merging measMET_DMSimp_MonoZLL_NLO_Vector_TuneCP3_GQ0p25_GDM1p0_MY1-1000_MXd-400_catSignal-1jet_sys_TriggerSFWeightUp
Merging MT_DMSimp_MonoZLL_NLO_Vector_TuneCP3_GQ0p25_GDM1p0_MY1-1000_MXd-400_catEM_sys_TriggerSFWeightUp
Merging MT_DMSimp_MonoZLL_NLO_Vector_TuneCP3_GQ0p25_GDM1p0_MY1-1000_MXd-400_catDY_sys_PDFDown
Merging measMET_DMSimp_MonoZLL_NLO_Vector_TuneCP3_GQ0p25_GDM1p0_MY1-1000_MXd-400_catDY_sys_puWeightUp
Merging MT_DMSimp_MonoZLL_NLO_Vector_TuneCP3_GQ0p25_GDM1p0_MY1-1000_MXd-400_catSignal-0jet_sys_puWeightUp
Merging MT_DMSimp_MonoZLL_NLO_Vector_TuneCP3_GQ0p25_GDM1p0_MY1-1000_MXd-400_cat4L_sys_EWKUp
Merging measMET_DMSimp_MonoZLL_NLO_Vector_TuneCP3_GQ0p25_GDM1p0_MY1-1000_MXd-400_catSignal-0jet_sys_EWKUp
Merging measMET_DMSimp_MonoZLL_NLO_Vector_TuneCP3_GQ0p25_GDM1p0_MY1-1000_MXd-400_cat3L_sys_MuonSFDown
Merging measMET_DMSimp_MonoZLL_NLO_Vector_TuneCP3_GQ0p25_GDM1p0_MY1-1000_MXd-400_catDY_sys_ElecronSFUp
Merging measMET_DMSimp_MonoZLL_NLO_Vector_TuneCP3_GQ0p25_GDM1p0_MY1-1000_MXd-400_catSignal-0jet_sys_btagEventWeightUp
Merging measMET_DMSimp_MonoZLL_NLO_Vector_TuneCP3_GQ0p25_GDM1p0_MY1-1000_MXd-400_catNRB_sys_jerDown
Merging measMET_DMSimp_MonoZLL_NLO_Vector_TuneCP3_GQ0p25_GDM1p0_MY1-1000_MXd-400_catNRB_sys_MuonEnDown
Merging phizmet_DMSimp_MonoZLL_NLO_Vector_TuneCP3_GQ0p25_GDM1p0_MY1-1000_MXd-400_sys_puWeightDown
Merging MT_DMSimp_MonoZLL_NLO_Vector_TuneCP3_GQ0p25_GDM1p0_MY1-1000_MXd-400_catSignal-1jet_sys_jesTotalUp
Merging MT_DMSimp_MonoZLL_NLO_Vector_TuneCP3_GQ0p25_GDM1p0_MY1-1000_MXd-400_cat4L_sys_ElecronSFUp
Merging measMET_DMSimp_MonoZLL_NLO_Vector_TuneCP3_GQ0p25_GDM1p0_MY1-1000_MXd-400_catNRB_sys_MuonSFUp
Merging balance_DMSimp_MonoZLL_NLO_Vector_TuneCP3_GQ0p25_GDM1p0_MY1-1000_MXd-400_sys_EWKUp
Merging measMET_DMSimp_MonoZLL_NLO_Vector_TuneCP3_GQ0p25_GDM1p0_MY1-1000_MXd-400_catDY_sys_MuonEnUp
Merging measMET_DMSimp_MonoZLL_NLO_Vector_TuneCP3_GQ0p25_GDM1p0_MY1-1000_MXd-400_cat4L_sys_EWKUp
Merging MT_DMSimp_MonoZLL_NLO_Vector_TuneCP3_GQ0p25_GDM1p0_MY1-1000_MXd-400_catDY_sys_btagEventWeightDown
Merging measMET_DMSimp_MonoZLL_NLO_Vector_TuneCP3_GQ0p25_GDM1p0_MY1-1000_MXd-400_catDY_sys_EWKDown
Merging MT_DMSimp_MonoZLL_NLO_Vector_TuneCP3_GQ0p25_GDM1p0_MY1-1000_MXd-400_catSignal-1jet_sys_nvtxWeightDown
Merging measMET_DMSimp_MonoZLL_NLO_Vector_TuneCP3_GQ0p25_GDM1p0_MY1-1000_MXd-400_cat3L_sys_TriggerSFWeightDown
Merging measMET_DMSimp_MonoZLL_NLO_Vector_TuneCP3_GQ0p25_GDM1p0_MY1-1000_MXd-400_catSignal-1jet_sys_ElecronSFDown
Merging MT_DMSimp_MonoZLL_NLO_Vector_TuneCP3_GQ0p25_GDM1p0_MY1-1000_MXd-400_cat4L_sys_QCDScale1wDown
Merging MT_DMSimp_MonoZLL_NLO_Vector_TuneCP3_GQ0p25_GDM1p0_MY1-1000_MXd-400_cat3L_sys_nvtxWeightDown
Merging MT_DMSimp_MonoZLL_NLO_Vector_TuneCP3_GQ0p25_GDM1p0_MY1-1000_MXd-400_cat3L_sys_TriggerSFWeightDown
Merging measMET_DMSimp_MonoZLL_NLO_Vector_TuneCP3_GQ0p25_GDM1p0_MY1-1000_MXd-400_cat4L_sys_MuonSFUp
Merging MT_DMSimp_MonoZLL_NLO_Vector_TuneCP3_GQ0p25_GDM1p0_MY1-1000_MXd-400_catTOP_sys_MuonEnDown
Merging MT_DMSimp_MonoZLL_NLO_Vector_TuneCP3_GQ0p25_GDM1p0_MY1-1000_MXd-400_catDY_sys_QCDScale2wDown
Merging MT_DMSimp_MonoZLL_NLO_Vector_TuneCP3_GQ0p25_GDM1p0_MY1-1000_MXd-400_catDY_sys_PDFUp
Merging balance_DMSimp_MonoZLL_NLO_Vector_TuneCP3_GQ0p25_GDM1p0_MY1-1000_MXd-400_sys_ElecronSFUp
Merging measMET_DMSimp_MonoZLL_NLO_Vector_TuneCP3_GQ0p25_GDM1p0_MY1-1000_MXd-400_catNRB_sys_ElectronEnDown
Merging measMET_DMSimp_MonoZLL_NLO_Vector_TuneCP3_GQ0p25_GDM1p0_MY1-1000_MXd-400_catNRB_sys_EWKUp
Merging MT_DMSimp_MonoZLL_NLO_Vector_TuneCP3_GQ0p25_GDM1p0_MY1-1000_MXd-400_catEM_sys_PDFDown
Merging MT_DMSimp_MonoZLL_NLO_Vector_TuneCP3_GQ0p25_GDM1p0_MY1-1000_MXd-400_cat3L_sys_ElectronEnDown
Merging measMET_DMSimp_MonoZLL_NLO_Vector_TuneCP3_GQ0p25_GDM1p0_MY1-1000_MXd-400_catSignal-1jet_sys_puWeightUp
Merging measMET_DMSimp_MonoZLL_NLO_Vector_TuneCP3_GQ0p25_GDM1p0_MY1-1000_MXd-400_catTOP_sys_QCDScale1wDown
Merging measMET_DMSimp_MonoZLL_NLO_Vector_TuneCP3_GQ0p25_GDM1p0_MY1-1000_MXd-400_cat4L_sys_QCDScale2wDown
Merging measMET_DMSimp_MonoZLL_NLO_Vector_TuneCP3_GQ0p25_GDM1p0_MY1-1000_MXd-400_catEM_sys_QCDScale1wDown
Merging measMET_DMSimp_MonoZLL_NLO_Vector_TuneCP3_GQ0p25_GDM1p0_MY1-1000_MXd-400_cat3L_sys_QCDScale2wUp
Merging measMET_DMSimp_MonoZLL_NLO_Vector_TuneCP3_GQ0p25_GDM1p0_MY1-1000_MXd-400_catTOP_sys_jerDown
Merging balance_DMSimp_MonoZLL_NLO_Vector_TuneCP3_GQ0p25_GDM1p0_MY1-1000_MXd-400_sys_PDFUp
Merging MT_DMSimp_MonoZLL_NLO_Vector_TuneCP3_GQ0p25_GDM1p0_MY1-1000_MXd-400_catSignal-0jet_sys_jesTotalDown
Merging MT_DMSimp_MonoZLL_NLO_Vector_TuneCP3_GQ0p25_GDM1p0_MY1-1000_MXd-400_catNRB_sys_PrefireWeightUp
Merging measMET_DMSimp_MonoZLL_NLO_Vector_TuneCP3_GQ0p25_GDM1p0_MY1-1000_MXd-400_catNRB_sys_QCDScale0wDown
Merging measMET_DMSimp_MonoZLL_NLO_Vector_TuneCP3_GQ0p25_GDM1p0_MY1-1000_MXd-400_cat4L_sys_btagEventWeightUp
Merging measMET_DMSimp_MonoZLL_NLO_Vector_TuneCP3_GQ0p25_GDM1p0_MY1-1000_MXd-400_catSignal-1jet_sys_ElectronEnUp
Merging phizmet_DMSimp_MonoZLL_NLO_Vector_TuneCP3_GQ0p25_GDM1p0_MY1-1000_MXd-400_sys_MuonEnUp
Merging measMET_DMSimp_MonoZLL_NLO_Vector_TuneCP3_GQ0p25_GDM1p0_MY1-1000_MXd-400_catSignal-1jet_sys_QCDScale2wUp
Merging MT_DMSimp_MonoZLL_NLO_Vector_TuneCP3_GQ0p25_GDM1p0_MY1-1000_MXd-400_catNRB_sys_MuonEnUp
Merging measMET_DMSimp_MonoZLL_NLO_Vector_TuneCP3_GQ0p25_GDM1p0_MY1-1000_MXd-400_catDY_sys_PrefireWeightDown
Merging MT_DMSimp_MonoZLL_NLO_Vector_TuneCP3_GQ0p25_GDM1p0_MY1-1000_MXd-400_catTOP_sys_QCDScale0wUp
Merging measMET_DMSimp_MonoZLL_NLO_Vector_TuneCP3_GQ0p25_GDM1p0_MY1-1000_MXd-400_cat4L_sys_ElecronSFUp
Merging MT_DMSimp_MonoZLL_NLO_Vector_TuneCP3_GQ0p25_GDM1p0_MY1-1000_MXd-400_catDY
Merging njet_DMSimp_MonoZLL_NLO_Vector_TuneCP3_GQ0p25_GDM1p0_MY1-1000_MXd-400_sys_ElecronSFUp
Merging njet_DMSimp_MonoZLL_NLO_Vector_TuneCP3_GQ0p25_GDM1p0_MY1-1000_MXd-400_sys_QCDScale0wUp
Merging MT_DMSimp_MonoZLL_NLO_Vector_TuneCP3_GQ0p25_GDM1p0_MY1-1000_MXd-400_catNRB_sys_PDFDown
Merging measMET_DMSimp_MonoZLL_NLO_Vector_TuneCP3_GQ0p25_GDM1p0_MY1-1000_MXd-400_catSignal-1jet_sys_EWKUp
Merging MT_DMSimp_MonoZLL_NLO_Vector_TuneCP3_GQ0p25_GDM1p0_MY1-1000_MXd-400_catSignal-1jet_sys_QCDScale2wUp
Merging MT_DMSimp_MonoZLL_NLO_Vector_TuneCP3_GQ0p25_GDM1p0_MY1-1000_MXd-400_catDY_sys_btagEventWeightUp
Merging MT_DMSimp_MonoZLL_NLO_Vector_TuneCP3_GQ0p25_GDM1p0_MY1-1000_MXd-400_catNRB_sys_QCDScale2wDown
Merging njet_DMSimp_MonoZLL_NLO_Vector_TuneCP3_GQ0p25_GDM1p0_MY1-1000_MXd-400_sys_nvtxWeightDown
Merging MT_DMSimp_MonoZLL_NLO_Vector_TuneCP3_GQ0p25_GDM1p0_MY1-1000_MXd-400_cat3L_sys_PrefireWeightDown
Merging MT_DMSimp_MonoZLL_NLO_Vector_TuneCP3_GQ0p25_GDM1p0_MY1-1000_MXd-400_catSignal-0jet_sys_TriggerSFWeightUp
Merging MT_DMSimp_MonoZLL_NLO_Vector_TuneCP3_GQ0p25_GDM1p0_MY1-1000_MXd-400_catSignal-0jet_sys_jerDown
Merging MT_DMSimp_MonoZLL_NLO_Vector_TuneCP3_GQ0p25_GDM1p0_MY1-1000_MXd-400_catTOP_sys_jesTotalDown
Merging MT_DMSimp_MonoZLL_NLO_Vector_TuneCP3_GQ0p25_GDM1p0_MY1-1000_MXd-400_catNRB_sys_puWeightDown
Merging MT_DMSimp_MonoZLL_NLO_Vector_TuneCP3_GQ0p25_GDM1p0_MY1-1000_MXd-400_catDY_sys_QCDScale0wUp
Merging measMET_DMSimp_MonoZLL_NLO_Vector_TuneCP3_GQ0p25_GDM1p0_MY1-1000_MXd-400_catDY_sys_ElecronSFDown
Merging measMET_DMSimp_MonoZLL_NLO_Vector_TuneCP3_GQ0p25_GDM1p0_MY1-1000_MXd-400_cat4L_sys_jerDown
Merging njet_DMSimp_MonoZLL_NLO_Vector_TuneCP3_GQ0p25_GDM1p0_MY1-1000_MXd-400_sys_puWeightDown
Merging balance_DMSimp_MonoZLL_NLO_Vector_TuneCP3_GQ0p25_GDM1p0_MY1-1000_MXd-400_sys_PDFDown
Merging measMET_DMSimp_MonoZLL_NLO_Vector_TuneCP3_GQ0p25_GDM1p0_MY1-1000_MXd-400_catEM_sys_MuonSFUp
Merging measMET_DMSimp_MonoZLL_NLO_Vector_TuneCP3_GQ0p25_GDM1p0_MY1-1000_MXd-400_catSignal-1jet_sys_QCDScale2wDown
Merging MT_DMSimp_MonoZLL_NLO_Vector_TuneCP3_GQ0p25_GDM1p0_MY1-1000_MXd-400_catSignal-0jet_sys_PDFUp
Merging measMET_DMSimp_MonoZLL_NLO_Vector_TuneCP3_GQ0p25_GDM1p0_MY1-1000_MXd-400_cat3L_sys_btagEventWeightDown
Merging MT_DMSimp_MonoZLL_NLO_Vector_TuneCP3_GQ0p25_GDM1p0_MY1-1000_MXd-400_catDY_sys_EWKUp
Merging MT_DMSimp_MonoZLL_NLO_Vector_TuneCP3_GQ0p25_GDM1p0_MY1-1000_MXd-400_cat3L_sys_btagEventWeightUp
Merging measMET_DMSimp_MonoZLL_NLO_Vector_TuneCP3_GQ0p25_GDM1p0_MY1-1000_MXd-400_catNRB_sys_puWeightDown
Merging MT_DMSimp_MonoZLL_NLO_Vector_TuneCP3_GQ0p25_GDM1p0_MY1-1000_MXd-400_cat4L_sys_MuonEnUp
Merging MT_DMSimp_MonoZLL_NLO_Vector_TuneCP3_GQ0p25_GDM1p0_MY1-1000_MXd-400_catDY_sys_TriggerSFWeightDown
Merging measMET_DMSimp_MonoZLL_NLO_Vector_TuneCP3_GQ0p25_GDM1p0_MY1-1000_MXd-400_catDY_sys_QCDScale1wUp
Merging measMET_DMSimp_MonoZLL_NLO_Vector_TuneCP3_GQ0p25_GDM1p0_MY1-1000_MXd-400_catDY_sys_btagEventWeightDown
Merging measMET_DMSimp_MonoZLL_NLO_Vector_TuneCP3_GQ0p25_GDM1p0_MY1-1000_MXd-400_cat3L_sys_MuonSFUp
Merging autoPU
Merging MT_DMSimp_MonoZLL_NLO_Vector_TuneCP3_GQ0p25_GDM1p0_MY1-1000_MXd-400_catNRB_sys_ElectronEnUp
Merging MT_DMSimp_MonoZLL_NLO_Vector_TuneCP3_GQ0p25_GDM1p0_MY1-1000_MXd-400_catTOP_sys_PrefireWeightDown
Merging balance_DMSimp_MonoZLL_NLO_Vector_TuneCP3_GQ0p25_GDM1p0_MY1-1000_MXd-400_sys_puWeightUp
Merging MT_DMSimp_MonoZLL_NLO_Vector_TuneCP3_GQ0p25_GDM1p0_MY1-1000_MXd-400_catDY_sys_TriggerSFWeightUp
Merging balance_DMSimp_MonoZLL_NLO_Vector_TuneCP3_GQ0p25_GDM1p0_MY1-1000_MXd-400_sys_jesTotalUp
Merging njet_DMSimp_MonoZLL_NLO_Vector_TuneCP3_GQ0p25_GDM1p0_MY1-1000_MXd-400_sys_QCDScale2wUp
Merging measMET_DMSimp_MonoZLL_NLO_Vector_TuneCP3_GQ0p25_GDM1p0_MY1-1000_MXd-400_catSignal-1jet_sys_PDFUp
Merging MT_DMSimp_MonoZLL_NLO_Vector_TuneCP3_GQ0p25_GDM1p0_MY1-1000_MXd-400_cat4L_sys_puWeightDown
Merging measMET_DMSimp_MonoZLL_NLO_Vector_TuneCP3_GQ0p25_GDM1p0_MY1-1000_MXd-400_catEM_sys_QCDScale0wUp
Merging MT_DMSimp_MonoZLL_NLO_Vector_TuneCP3_GQ0p25_GDM1p0_MY1-1000_MXd-400_cat4L_sys_PrefireWeightDown
Merging measMET_DMSimp_MonoZLL_NLO_Vector_TuneCP3_GQ0p25_GDM1p0_MY1-1000_MXd-400_catEM_sys_nvtxWeightUp
Merging measMET_DMSimp_MonoZLL_NLO_Vector_TuneCP3_GQ0p25_GDM1p0_MY1-1000_MXd-400_catSignal-0jet_sys_QCDScale1wDown
Merging njet_DMSimp_MonoZLL_NLO_Vector_TuneCP3_GQ0p25_GDM1p0_MY1-1000_MXd-400_sys_MuonEnDown
Merging MT_DMSimp_MonoZLL_NLO_Vector_TuneCP3_GQ0p25_GDM1p0_MY1-1000_MXd-400_cat4L_sys_TriggerSFWeightDown
Merging MT_DMSimp_MonoZLL_NLO_Vector_TuneCP3_GQ0p25_GDM1p0_MY1-1000_MXd-400_catDY_sys_ElecronSFUp
Merging measMET_DMSimp_MonoZLL_NLO_Vector_TuneCP3_GQ0p25_GDM1p0_MY1-1000_MXd-400_catNRB_sys_jesTotalDown
Merging measMET_DMSimp_MonoZLL_NLO_Vector_TuneCP3_GQ0p25_GDM1p0_MY1-1000_MXd-400_catDY_sys_jerUp
Merging MT_DMSimp_MonoZLL_NLO_Vector_TuneCP3_GQ0p25_GDM1p0_MY1-1000_MXd-400_catSignal-0jet_sys_PDFDown
Merging measMET_DMSimp_MonoZLL_NLO_Vector_TuneCP3_GQ0p25_GDM1p0_MY1-1000_MXd-400_cat4L_sys_PDFUp
Merging MT_DMSimp_MonoZLL_NLO_Vector_TuneCP3_GQ0p25_GDM1p0_MY1-1000_MXd-400_catSignal-1jet_sys_EWKDown
Merging measMET_DMSimp_MonoZLL_NLO_Vector_TuneCP3_GQ0p25_GDM1p0_MY1-1000_MXd-400_catEM_sys_jesTotalUp
Merging MT_DMSimp_MonoZLL_NLO_Vector_TuneCP3_GQ0p25_GDM1p0_MY1-1000_MXd-400_catNRB_sys_TriggerSFWeightUp
Merging MT_DMSimp_MonoZLL_NLO_Vector_TuneCP3_GQ0p25_GDM1p0_MY1-1000_MXd-400_catSignal-0jet_sys_QCDScale2wDown
Merging MT_DMSimp_MonoZLL_NLO_Vector_TuneCP3_GQ0p25_GDM1p0_MY1-1000_MXd-400_cat4L_sys_QCDScale0wDown
Merging balance_DMSimp_MonoZLL_NLO_Vector_TuneCP3_GQ0p25_GDM1p0_MY1-1000_MXd-400_sys_btagEventWeightDown
Merging MT_DMSimp_MonoZLL_NLO_Vector_TuneCP3_GQ0p25_GDM1p0_MY1-1000_MXd-400_catSignal-0jet_sys_MuonEnUp
Merging MT_DMSimp_MonoZLL_NLO_Vector_TuneCP3_GQ0p25_GDM1p0_MY1-1000_MXd-400_catTOP_sys_puWeightDown
Merging phizmet_DMSimp_MonoZLL_NLO_Vector_TuneCP3_GQ0p25_GDM1p0_MY1-1000_MXd-400_sys_jesTotalDown
Merging njet_DMSimp_MonoZLL_NLO_Vector_TuneCP3_GQ0p25_GDM1p0_MY1-1000_MXd-400_sys_PrefireWeightDown
Merging MT_DMSimp_MonoZLL_NLO_Vector_TuneCP3_GQ0p25_GDM1p0_MY1-1000_MXd-400_catTOP_sys_TriggerSFWeightDown
Merging measMET_DMSimp_MonoZLL_NLO_Vector_TuneCP3_GQ0p25_GDM1p0_MY1-1000_MXd-400_cat4L_sys_MuonEnUp
Merging MT_DMSimp_MonoZLL_NLO_Vector_TuneCP3_GQ0p25_GDM1p0_MY1-1000_MXd-400_cat3L_sys_nvtxWeightUp
Merging MT_DMSimp_MonoZLL_NLO_Vector_TuneCP3_GQ0p25_GDM1p0_MY1-1000_MXd-400_catEM_sys_MuonEnUp
Merging measMET_DMSimp_MonoZLL_NLO_Vector_TuneCP3_GQ0p25_GDM1p0_MY1-1000_MXd-400_catNRB_sys_ElecronSFUp
Merging measMET_DMSimp_MonoZLL_NLO_Vector_TuneCP3_GQ0p25_GDM1p0_MY1-1000_MXd-400_catSignal-0jet_sys_ElecronSFUp
Merging MT_DMSimp_MonoZLL_NLO_Vector_TuneCP3_GQ0p25_GDM1p0_MY1-1000_MXd-400_catTOP_sys_ElectronEnUp
Merging measMET_DMSimp_MonoZLL_NLO_Vector_TuneCP3_GQ0p25_GDM1p0_MY1-1000_MXd-400_catNRB
Merging MT_DMSimp_MonoZLL_NLO_Vector_TuneCP3_GQ0p25_GDM1p0_MY1-1000_MXd-400_catEM_sys_QCDScale0wUp
Merging measMET_DMSimp_MonoZLL_NLO_Vector_TuneCP3_GQ0p25_GDM1p0_MY1-1000_MXd-400_catDY
Merging MT_DMSimp_MonoZLL_NLO_Vector_TuneCP3_GQ0p25_GDM1p0_MY1-1000_MXd-400_catNRB_sys_MuonSFDown
Merging measMET_DMSimp_MonoZLL_NLO_Vector_TuneCP3_GQ0p25_GDM1p0_MY1-1000_MXd-400_catSignal-0jet_sys_EWKDown
Merging measMET_DMSimp_MonoZLL_NLO_Vector_TuneCP3_GQ0p25_GDM1p0_MY1-1000_MXd-400_catTOP_sys_QCDScale2wUp
Merging measMET_DMSimp_MonoZLL_NLO_Vector_TuneCP3_GQ0p25_GDM1p0_MY1-1000_MXd-400_catSignal-0jet_sys_QCDScale2wDown
Merging measMET_DMSimp_MonoZLL_NLO_Vector_TuneCP3_GQ0p25_GDM1p0_MY1-1000_MXd-400_catSignal-1jet_sys_nvtxWeightDown
Merging measMET_DMSimp_MonoZLL_NLO_Vector_TuneCP3_GQ0p25_GDM1p0_MY1-1000_MXd-400_catEM_sys_ElectronEnUp
Merging measMET_DMSimp_MonoZLL_NLO_Vector_TuneCP3_GQ0p25_GDM1p0_MY1-1000_MXd-400_catDY_sys_QCDScale2wDown
Merging measMET_DMSimp_MonoZLL_NLO_Vector_TuneCP3_GQ0p25_GDM1p0_MY1-1000_MXd-400_catTOP_sys_PDFUp
Merging balance_DMSimp_MonoZLL_NLO_Vector_TuneCP3_GQ0p25_GDM1p0_MY1-1000_MXd-400_sys_QCDScale2wUp
Merging MT_DMSimp_MonoZLL_NLO_Vector_TuneCP3_GQ0p25_GDM1p0_MY1-1000_MXd-400_cat4L_sys_btagEventWeightUp
Merging measMET_DMSimp_MonoZLL_NLO_Vector_TuneCP3_GQ0p25_GDM1p0_MY1-1000_MXd-400_catTOP_sys_QCDScale0wDown
Merging njet_DMSimp_MonoZLL_NLO_Vector_TuneCP3_GQ0p25_GDM1p0_MY1-1000_MXd-400_sys_MuonSFUp
Merging njet_DMSimp_MonoZLL_NLO_Vector_TuneCP3_GQ0p25_GDM1p0_MY1-1000_MXd-400_sys_EWKUp
Merging MT_DMSimp_MonoZLL_NLO_Vector_TuneCP3_GQ0p25_GDM1p0_MY1-1000_MXd-400_catEM_sys_QCDScale0wDown
Merging MT_DMSimp_MonoZLL_NLO_Vector_TuneCP3_GQ0p25_GDM1p0_MY1-1000_MXd-400_catSignal-1jet_sys_QCDScale1wDown
Merging MT_DMSimp_MonoZLL_NLO_Vector_TuneCP3_GQ0p25_GDM1p0_MY1-1000_MXd-400_catTOP_sys_nvtxWeightUp
Merging MT_DMSimp_MonoZLL_NLO_Vector_TuneCP3_GQ0p25_GDM1p0_MY1-1000_MXd-400_catSignal-0jet_sys_puWeightDown
Merging measMET_DMSimp_MonoZLL_NLO_Vector_TuneCP3_GQ0p25_GDM1p0_MY1-1000_MXd-400_catNRB_sys_ElectronEnUp
Merging MT_DMSimp_MonoZLL_NLO_Vector_TuneCP3_GQ0p25_GDM1p0_MY1-1000_MXd-400_catTOP_sys_btagEventWeightUp
Merging measMET_DMSimp_MonoZLL_NLO_Vector_TuneCP3_GQ0p25_GDM1p0_MY1-1000_MXd-400_catTOP_sys_nvtxWeightDown
Merging MT_DMSimp_MonoZLL_NLO_Vector_TuneCP3_GQ0p25_GDM1p0_MY1-1000_MXd-400_catEM_sys_jesTotalUp
Merging MT_DMSimp_MonoZLL_NLO_Vector_TuneCP3_GQ0p25_GDM1p0_MY1-1000_MXd-400_catSignal-1jet_sys_MuonSFDown
Merging MT_DMSimp_MonoZLL_NLO_Vector_TuneCP3_GQ0p25_GDM1p0_MY1-1000_MXd-400_catEM_sys_ElectronEnDown
Merging MT_DMSimp_MonoZLL_NLO_Vector_TuneCP3_GQ0p25_GDM1p0_MY1-1000_MXd-400_catSignal-0jet_sys_TriggerSFWeightDown
Merging MT_DMSimp_MonoZLL_NLO_Vector_TuneCP3_GQ0p25_GDM1p0_MY1-1000_MXd-400_catNRB_sys_TriggerSFWeightDown
Merging MT_DMSimp_MonoZLL_NLO_Vector_TuneCP3_GQ0p25_GDM1p0_MY1-1000_MXd-400_catTOP_sys_QCDScale1wUp
Merging MT_DMSimp_MonoZLL_NLO_Vector_TuneCP3_GQ0p25_GDM1p0_MY1-1000_MXd-400_catEM_sys_jerDown
Merging MT_DMSimp_MonoZLL_NLO_Vector_TuneCP3_GQ0p25_GDM1p0_MY1-1000_MXd-400_catEM_sys_EWKUp
Merging measMET_DMSimp_MonoZLL_NLO_Vector_TuneCP3_GQ0p25_GDM1p0_MY1-1000_MXd-400_catTOP_sys_TriggerSFWeightDown
Merging MT_DMSimp_MonoZLL_NLO_Vector_TuneCP3_GQ0p25_GDM1p0_MY1-1000_MXd-400_catSignal-0jet_sys_MuonEnDown
Merging measMET_DMSimp_MonoZLL_NLO_Vector_TuneCP3_GQ0p25_GDM1p0_MY1-1000_MXd-400_catEM_sys_puWeightUp
Merging measMET_DMSimp_MonoZLL_NLO_Vector_TuneCP3_GQ0p25_GDM1p0_MY1-1000_MXd-400_cat4L_sys_PrefireWeightDown
Merging MT_DMSimp_MonoZLL_NLO_Vector_TuneCP3_GQ0p25_GDM1p0_MY1-1000_MXd-400_cat4L_sys_MuonEnDown
Merging phizmet_DMSimp_MonoZLL_NLO_Vector_TuneCP3_GQ0p25_GDM1p0_MY1-1000_MXd-400_sys_jesTotalUp
Merging MT_DMSimp_MonoZLL_NLO_Vector_TuneCP3_GQ0p25_GDM1p0_MY1-1000_MXd-400_cat4L_sys_btagEventWeightDown
Merging measMET_DMSimp_MonoZLL_NLO_Vector_TuneCP3_GQ0p25_GDM1p0_MY1-1000_MXd-400_catTOP_sys_puWeightDown
Merging MT_DMSimp_MonoZLL_NLO_Vector_TuneCP3_GQ0p25_GDM1p0_MY1-1000_MXd-400_catSignal-0jet_sys_jerUp
Merging MT_DMSimp_MonoZLL_NLO_Vector_TuneCP3_GQ0p25_GDM1p0_MY1-1000_MXd-400_catTOP_sys_ElectronEnDown
Merging measMET_DMSimp_MonoZLL_NLO_Vector_TuneCP3_GQ0p25_GDM1p0_MY1-1000_MXd-400_catSignal-0jet_sys_nvtxWeightUp
Merging MT_DMSimp_MonoZLL_NLO_Vector_TuneCP3_GQ0p25_GDM1p0_MY1-1000_MXd-400_catSignal-1jet_sys_TriggerSFWeightUp
Merging measMET_DMSimp_MonoZLL_NLO_Vector_TuneCP3_GQ0p25_GDM1p0_MY1-1000_MXd-400_catEM_sys_EWKDown
Merging MT_DMSimp_MonoZLL_NLO_Vector_TuneCP3_GQ0p25_GDM1p0_MY1-1000_MXd-400_catDY_sys_ElectronEnUp
Merging measMET_DMSimp_MonoZLL_NLO_Vector_TuneCP3_GQ0p25_GDM1p0_MY1-1000_MXd-400_catNRB_sys_QCDScale1wUp
Merging phizmet_DMSimp_MonoZLL_NLO_Vector_TuneCP3_GQ0p25_GDM1p0_MY1-1000_MXd-400_sys_QCDScale0wDown
Merging MT_DMSimp_MonoZLL_NLO_Vector_TuneCP3_GQ0p25_GDM1p0_MY1-1000_MXd-400_catTOP_sys_PDFDown
Merging measMET_DMSimp_MonoZLL_NLO_Vector_TuneCP3_GQ0p25_GDM1p0_MY1-1000_MXd-400_cat3L_sys_nvtxWeightDown
Merging MT_DMSimp_MonoZLL_NLO_Vector_TuneCP3_GQ0p25_GDM1p0_MY1-1000_MXd-400_catTOP_sys_QCDScale2wDown
Merging MT_DMSimp_MonoZLL_NLO_Vector_TuneCP3_GQ0p25_GDM1p0_MY1-1000_MXd-400_catTOP_sys_MuonEnUp
Merging MT_DMSimp_MonoZLL_NLO_Vector_TuneCP3_GQ0p25_GDM1p0_MY1-1000_MXd-400_catEM_sys_ElecronSFDown
Merging MT_DMSimp_MonoZLL_NLO_Vector_TuneCP3_GQ0p25_GDM1p0_MY1-1000_MXd-400_catNRB_sys_jerUp
Merging measMET_DMSimp_MonoZLL_NLO_Vector_TuneCP3_GQ0p25_GDM1p0_MY1-1000_MXd-400_catEM_sys_TriggerSFWeightUp
Merging MT_DMSimp_MonoZLL_NLO_Vector_TuneCP3_GQ0p25_GDM1p0_MY1-1000_MXd-400_catDY_sys_jerDown
Merging measMET_DMSimp_MonoZLL_NLO_Vector_TuneCP3_GQ0p25_GDM1p0_MY1-1000_MXd-400_catTOP_sys_EWKDown
Merging MT_DMSimp_MonoZLL_NLO_Vector_TuneCP3_GQ0p25_GDM1p0_MY1-1000_MXd-400_catNRB_sys_jesTotalDown
Merging measMET_DMSimp_MonoZLL_NLO_Vector_TuneCP3_GQ0p25_GDM1p0_MY1-1000_MXd-400_catNRB_sys_ElecronSFDown
Merging MT_DMSimp_MonoZLL_NLO_Vector_TuneCP3_GQ0p25_GDM1p0_MY1-1000_MXd-400_cat3L_sys_PDFDown
Merging measMET_DMSimp_MonoZLL_NLO_Vector_TuneCP3_GQ0p25_GDM1p0_MY1-1000_MXd-400_catSignal-1jet_sys_QCDScale1wUp
Merging measMET_DMSimp_MonoZLL_NLO_Vector_TuneCP3_GQ0p25_GDM1p0_MY1-1000_MXd-400_catEM_sys_ElecronSFDown
Merging measMET_DMSimp_MonoZLL_NLO_Vector_TuneCP3_GQ0p25_GDM1p0_MY1-1000_MXd-400_catTOP_sys_jerUp
Merging njet_DMSimp_MonoZLL_NLO_Vector_TuneCP3_GQ0p25_GDM1p0_MY1-1000_MXd-400_sys_EWKDown
Merging measMET_DMSimp_MonoZLL_NLO_Vector_TuneCP3_GQ0p25_GDM1p0_MY1-1000_MXd-400_catDY_sys_PDFUp
Merging balance_DMSimp_MonoZLL_NLO_Vector_TuneCP3_GQ0p25_GDM1p0_MY1-1000_MXd-400_sys_QCDScale1wUp
Merging measMET_DMSimp_MonoZLL_NLO_Vector_TuneCP3_GQ0p25_GDM1p0_MY1-1000_MXd-400_catTOP_sys_QCDScale1wUp
Merging measMET_DMSimp_MonoZLL_NLO_Vector_TuneCP3_GQ0p25_GDM1p0_MY1-1000_MXd-400_cat4L_sys_puWeightUp
Merging measMET_DMSimp_MonoZLL_NLO_Vector_TuneCP3_GQ0p25_GDM1p0_MY1-1000_MXd-400_catSignal-0jet_sys_nvtxWeightDown
Merging MT_DMSimp_MonoZLL_NLO_Vector_TuneCP3_GQ0p25_GDM1p0_MY1-1000_MXd-400_catEM_sys_jerUp
Merging measMET_DMSimp_MonoZLL_NLO_Vector_TuneCP3_GQ0p25_GDM1p0_MY1-1000_MXd-400_catSignal-1jet_sys_QCDScale1wDown
Merging measMET_DMSimp_MonoZLL_NLO_Vector_TuneCP3_GQ0p25_GDM1p0_MY1-1000_MXd-400_cat4L_sys_MuonSFDown
Merging measMET_DMSimp_MonoZLL_NLO_Vector_TuneCP3_GQ0p25_GDM1p0_MY1-1000_MXd-400_catTOP
Merging MT_DMSimp_MonoZLL_NLO_Vector_TuneCP3_GQ0p25_GDM1p0_MY1-1000_MXd-400_catSignal-0jet
Merging MT_DMSimp_MonoZLL_NLO_Vector_TuneCP3_GQ0p25_GDM1p0_MY1-1000_MXd-400_cat3L_sys_QCDScale1wDown
Merging MT_DMSimp_MonoZLL_NLO_Vector_TuneCP3_GQ0p25_GDM1p0_MY1-1000_MXd-400_cat3L_sys_jerUp
Merging MT_DMSimp_MonoZLL_NLO_Vector_TuneCP3_GQ0p25_GDM1p0_MY1-1000_MXd-400_cat3L_sys_jerDown
Merging measMET_DMSimp_MonoZLL_NLO_Vector_TuneCP3_GQ0p25_GDM1p0_MY1-1000_MXd-400_cat4L_sys_btagEventWeightDown
Merging measMET_DMSimp_MonoZLL_NLO_Vector_TuneCP3_GQ0p25_GDM1p0_MY1-1000_MXd-400_catNRB_sys_btagEventWeightDown
Merging measMET_DMSimp_MonoZLL_NLO_Vector_TuneCP3_GQ0p25_GDM1p0_MY1-1000_MXd-400_catSignal-0jet_sys_PDFDown
Merging MT_DMSimp_MonoZLL_NLO_Vector_TuneCP3_GQ0p25_GDM1p0_MY1-1000_MXd-400_catSignal-1jet_sys_MuonEnDown
Merging phizmet_DMSimp_MonoZLL_NLO_Vector_TuneCP3_GQ0p25_GDM1p0_MY1-1000_MXd-400_sys_QCDScale0wUp
Merging measMET_DMSimp_MonoZLL_NLO_Vector_TuneCP3_GQ0p25_GDM1p0_MY1-1000_MXd-400_catSignal-0jet_sys_PrefireWeightUp
Merging measMET_DMSimp_MonoZLL_NLO_Vector_TuneCP3_GQ0p25_GDM1p0_MY1-1000_MXd-400_catEM_sys_MuonSFDown
Merging MT_DMSimp_MonoZLL_NLO_Vector_TuneCP3_GQ0p25_GDM1p0_MY1-1000_MXd-400_cat4L_sys_ElectronEnUp
Merging njet_DMSimp_MonoZLL_NLO_Vector_TuneCP3_GQ0p25_GDM1p0_MY1-1000_MXd-400_sys_QCDScale0wDown
Merging measMET_DMSimp_MonoZLL_NLO_Vector_TuneCP3_GQ0p25_GDM1p0_MY1-1000_MXd-400_cat4L_sys_ElectronEnUp
Merging measMET_DMSimp_MonoZLL_NLO_Vector_TuneCP3_GQ0p25_GDM1p0_MY1-1000_MXd-400_catEM_sys_jerUp
Merging MT_DMSimp_MonoZLL_NLO_Vector_TuneCP3_GQ0p25_GDM1p0_MY1-1000_MXd-400_cat3L_sys_jesTotalDown
Merging MT_DMSimp_MonoZLL_NLO_Vector_TuneCP3_GQ0p25_GDM1p0_MY1-1000_MXd-400_cat3L_sys_puWeightUp
Merging measMET_DMSimp_MonoZLL_NLO_Vector_TuneCP3_GQ0p25_GDM1p0_MY1-1000_MXd-400_catEM_sys_QCDScale2wDown
Merging MT_DMSimp_MonoZLL_NLO_Vector_TuneCP3_GQ0p25_GDM1p0_MY1-1000_MXd-400_catNRB_sys_EWKUp
Merging MT_DMSimp_MonoZLL_NLO_Vector_TuneCP3_GQ0p25_GDM1p0_MY1-1000_MXd-400_catNRB_sys_MuonSFUp
Merging measMET_DMSimp_MonoZLL_NLO_Vector_TuneCP3_GQ0p25_GDM1p0_MY1-1000_MXd-400_catTOP_sys_EWKUp
Merging MT_DMSimp_MonoZLL_NLO_Vector_TuneCP3_GQ0p25_GDM1p0_MY1-1000_MXd-400_catDY_sys_ElecronSFDown
Merging njet_DMSimp_MonoZLL_NLO_Vector_TuneCP3_GQ0p25_GDM1p0_MY1-1000_MXd-400_sys_nvtxWeightUp
Merging measMET_DMSimp_MonoZLL_NLO_Vector_TuneCP3_GQ0p25_GDM1p0_MY1-1000_MXd-400_catTOP_sys_MuonEnUp
Merging MT_DMSimp_MonoZLL_NLO_Vector_TuneCP3_GQ0p25_GDM1p0_MY1-1000_MXd-400_catNRB_sys_nvtxWeightUp
Merging measMET_DMSimp_MonoZLL_NLO_Vector_TuneCP3_GQ0p25_GDM1p0_MY1-1000_MXd-400_cat4L_sys_puWeightDown
Merging measMET_DMSimp_MonoZLL_NLO_Vector_TuneCP3_GQ0p25_GDM1p0_MY1-1000_MXd-400_cat3L_sys_PrefireWeightUp
Merging MT_DMSimp_MonoZLL_NLO_Vector_TuneCP3_GQ0p25_GDM1p0_MY1-1000_MXd-400_catEM_sys_nvtxWeightUp
Merging measMET_DMSimp_MonoZLL_NLO_Vector_TuneCP3_GQ0p25_GDM1p0_MY1-1000_MXd-400_catNRB_sys_QCDScale2wUp
Merging MT_DMSimp_MonoZLL_NLO_Vector_TuneCP3_GQ0p25_GDM1p0_MY1-1000_MXd-400_catNRB_sys_QCDScale2wUp
Merging measMET_DMSimp_MonoZLL_NLO_Vector_TuneCP3_GQ0p25_GDM1p0_MY1-1000_MXd-400_catSignal-0jet_sys_QCDScale0wDown
Merging measMET_DMSimp_MonoZLL_NLO_Vector_TuneCP3_GQ0p25_GDM1p0_MY1-1000_MXd-400_cat3L_sys_QCDScale1wUp
Merging measMET_DMSimp_MonoZLL_NLO_Vector_TuneCP3_GQ0p25_GDM1p0_MY1-1000_MXd-400_catSignal-0jet_sys_QCDScale1wUp
Merging measMET_DMSimp_MonoZLL_NLO_Vector_TuneCP3_GQ0p25_GDM1p0_MY1-1000_MXd-400_catSignal-0jet_sys_puWeightUp
Merging measMET_DMSimp_MonoZLL_NLO_Vector_TuneCP3_GQ0p25_GDM1p0_MY1-1000_MXd-400_catSignal-1jet_sys_MuonSFDown
Merging measMET_DMSimp_MonoZLL_NLO_Vector_TuneCP3_GQ0p25_GDM1p0_MY1-1000_MXd-400_catSignal-0jet_sys_jesTotalUp
Merging phizmet_DMSimp_MonoZLL_NLO_Vector_TuneCP3_GQ0p25_GDM1p0_MY1-1000_MXd-400_sys_EWKDown
Merging MT_DMSimp_MonoZLL_NLO_Vector_TuneCP3_GQ0p25_GDM1p0_MY1-1000_MXd-400_cat4L_sys_PDFUp
Merging MT_DMSimp_MonoZLL_NLO_Vector_TuneCP3_GQ0p25_GDM1p0_MY1-1000_MXd-400_catEM_sys_TriggerSFWeightDown
Merging phizmet_DMSimp_MonoZLL_NLO_Vector_TuneCP3_GQ0p25_GDM1p0_MY1-1000_MXd-400_sys_PrefireWeightUp
Merging measMET_DMSimp_MonoZLL_NLO_Vector_TuneCP3_GQ0p25_GDM1p0_MY1-1000_MXd-400_catEM_sys_PrefireWeightDown
Merging measMET_DMSimp_MonoZLL_NLO_Vector_TuneCP3_GQ0p25_GDM1p0_MY1-1000_MXd-400_catTOP_sys_jesTotalDown
Merging MT_DMSimp_MonoZLL_NLO_Vector_TuneCP3_GQ0p25_GDM1p0_MY1-1000_MXd-400_catDY_sys_MuonSFUp
Merging MT_DMSimp_MonoZLL_NLO_Vector_TuneCP3_GQ0p25_GDM1p0_MY1-1000_MXd-400_catEM_sys_puWeightDown
Merging measMET_DMSimp_MonoZLL_NLO_Vector_TuneCP3_GQ0p25_GDM1p0_MY1-1000_MXd-400_catSignal-1jet_sys_btagEventWeightDown
Merging MT_DMSimp_MonoZLL_NLO_Vector_TuneCP3_GQ0p25_GDM1p0_MY1-1000_MXd-400_catSignal-0jet_sys_nvtxWeightUp
Merging measMET_DMSimp_MonoZLL_NLO_Vector_TuneCP3_GQ0p25_GDM1p0_MY1-1000_MXd-400_catSignal-0jet_sys_PDFUp
Merging measMET_DMSimp_MonoZLL_NLO_Vector_TuneCP3_GQ0p25_GDM1p0_MY1-1000_MXd-400_cat3L_sys_EWKUp
Merging balance_DMSimp_MonoZLL_NLO_Vector_TuneCP3_GQ0p25_GDM1p0_MY1-1000_MXd-400_sys_nvtxWeightUp
Merging MT_DMSimp_MonoZLL_NLO_Vector_TuneCP3_GQ0p25_GDM1p0_MY1-1000_MXd-400_catTOP_sys_jerUp
Merging measMET_DMSimp_MonoZLL_NLO_Vector_TuneCP3_GQ0p25_GDM1p0_MY1-1000_MXd-400_catDY_sys_EWKUp
Merging MT_DMSimp_MonoZLL_NLO_Vector_TuneCP3_GQ0p25_GDM1p0_MY1-1000_MXd-400_catSignal-0jet_sys_EWKUp
Merging measMET_DMSimp_MonoZLL_NLO_Vector_TuneCP3_GQ0p25_GDM1p0_MY1-1000_MXd-400_cat3L_sys_EWKDown
Merging MT_DMSimp_MonoZLL_NLO_Vector_TuneCP3_GQ0p25_GDM1p0_MY1-1000_MXd-400_cat4L_sys_jesTotalDown
Merging MT_DMSimp_MonoZLL_NLO_Vector_TuneCP3_GQ0p25_GDM1p0_MY1-1000_MXd-400_catSignal-1jet_sys_TriggerSFWeightDown
Merging phizmet_DMSimp_MonoZLL_NLO_Vector_TuneCP3_GQ0p25_GDM1p0_MY1-1000_MXd-400_sys_QCDScale2wDown
Merging balance_DMSimp_MonoZLL_NLO_Vector_TuneCP3_GQ0p25_GDM1p0_MY1-1000_MXd-400_sys_btagEventWeightUp
Merging MT_DMSimp_MonoZLL_NLO_Vector_TuneCP3_GQ0p25_GDM1p0_MY1-1000_MXd-400_cat4L_sys_TriggerSFWeightUp
Merging phizmet_DMSimp_MonoZLL_NLO_Vector_TuneCP3_GQ0p25_GDM1p0_MY1-1000_MXd-400_sys_QCDScale2wUp
Merging phizmet_DMSimp_MonoZLL_NLO_Vector_TuneCP3_GQ0p25_GDM1p0_MY1-1000_MXd-400_sys_TriggerSFWeightUp
Merging MT_DMSimp_MonoZLL_NLO_Vector_TuneCP3_GQ0p25_GDM1p0_MY1-1000_MXd-400_cat3L_sys_TriggerSFWeightUp
Merging MT_DMSimp_MonoZLL_NLO_Vector_TuneCP3_GQ0p25_GDM1p0_MY1-1000_MXd-400_cat4L_sys_nvtxWeightUp
Merging measMET_DMSimp_MonoZLL_NLO_Vector_TuneCP3_GQ0p25_GDM1p0_MY1-1000_MXd-400_catSignal-1jet_sys_EWKDown
Merging njet_DMSimp_MonoZLL_NLO_Vector_TuneCP3_GQ0p25_GDM1p0_MY1-1000_MXd-400_sys_ElecronSFDown
Merging measMET_DMSimp_MonoZLL_NLO_Vector_TuneCP3_GQ0p25_GDM1p0_MY1-1000_MXd-400_catTOP_sys_btagEventWeightDown
Merging balance_DMSimp_MonoZLL_NLO_Vector_TuneCP3_GQ0p25_GDM1p0_MY1-1000_MXd-400_sys_puWeightDown
Merging MT_DMSimp_MonoZLL_NLO_Vector_TuneCP3_GQ0p25_GDM1p0_MY1-1000_MXd-400_catSignal-1jet_sys_jerUp
Merging MT_DMSimp_MonoZLL_NLO_Vector_TuneCP3_GQ0p25_GDM1p0_MY1-1000_MXd-400_catSignal-1jet_sys_btagEventWeightUp
Merging measMET_DMSimp_MonoZLL_NLO_Vector_TuneCP3_GQ0p25_GDM1p0_MY1-1000_MXd-400_cat4L_sys_EWKDown
Merging measMET_DMSimp_MonoZLL_NLO_Vector_TuneCP3_GQ0p25_GDM1p0_MY1-1000_MXd-400_catDY_sys_jerDown
Merging measMET_DMSimp_MonoZLL_NLO_Vector_TuneCP3_GQ0p25_GDM1p0_MY1-1000_MXd-400_catSignal-1jet_sys_TriggerSFWeightDown
Merging measMET_DMSimp_MonoZLL_NLO_Vector_TuneCP3_GQ0p25_GDM1p0_MY1-1000_MXd-400_catEM_sys_btagEventWeightUp
Merging measMET_DMSimp_MonoZLL_NLO_Vector_TuneCP3_GQ0p25_GDM1p0_MY1-1000_MXd-400_catSignal-1jet_sys_btagEventWeightUp
Merging measMET_DMSimp_MonoZLL_NLO_Vector_TuneCP3_GQ0p25_GDM1p0_MY1-1000_MXd-400_catDY_sys_MuonEnDown
Merging measMET_DMSimp_MonoZLL_NLO_Vector_TuneCP3_GQ0p25_GDM1p0_MY1-1000_MXd-400_catSignal-1jet_sys_PrefireWeightDown
Merging MT_DMSimp_MonoZLL_NLO_Vector_TuneCP3_GQ0p25_GDM1p0_MY1-1000_MXd-400_catSignal-1jet_sys_QCDScale1wUp
Merging measMET_DMSimp_MonoZLL_NLO_Vector_TuneCP3_GQ0p25_GDM1p0_MY1-1000_MXd-400_catSignal-0jet_sys_puWeightDown
Merging MT_DMSimp_MonoZLL_NLO_Vector_TuneCP3_GQ0p25_GDM1p0_MY1-1000_MXd-400_catEM_sys_nvtxWeightDown
Merging measMET_DMSimp_MonoZLL_NLO_Vector_TuneCP3_GQ0p25_GDM1p0_MY1-1000_MXd-400_catNRB_sys_EWKDown
Merging measMET_DMSimp_MonoZLL_NLO_Vector_TuneCP3_GQ0p25_GDM1p0_MY1-1000_MXd-400_catEM_sys_ElecronSFUp
Merging measMET_DMSimp_MonoZLL_NLO_Vector_TuneCP3_GQ0p25_GDM1p0_MY1-1000_MXd-400_catSignal-0jet_sys_QCDScale2wUp
Merging measMET_DMSimp_MonoZLL_NLO_Vector_TuneCP3_GQ0p25_GDM1p0_MY1-1000_MXd-400_catDY_sys_jesTotalUp
Merging phizmet_DMSimp_MonoZLL_NLO_Vector_TuneCP3_GQ0p25_GDM1p0_MY1-1000_MXd-400_sys_btagEventWeightDown
Merging measMET_DMSimp_MonoZLL_NLO_Vector_TuneCP3_GQ0p25_GDM1p0_MY1-1000_MXd-400_catSignal-0jet_sys_MuonEnDown
Merging MT_DMSimp_MonoZLL_NLO_Vector_TuneCP3_GQ0p25_GDM1p0_MY1-1000_MXd-400_catNRB_sys_ElectronEnDown
Merging measMET_DMSimp_MonoZLL_NLO_Vector_TuneCP3_GQ0p25_GDM1p0_MY1-1000_MXd-400_catDY_sys_nvtxWeightUp
Merging MT_DMSimp_MonoZLL_NLO_Vector_TuneCP3_GQ0p25_GDM1p0_MY1-1000_MXd-400_catTOP
Merging MT_DMSimp_MonoZLL_NLO_Vector_TuneCP3_GQ0p25_GDM1p0_MY1-1000_MXd-400_cat4L_sys_MuonSFUp
Merging measMET_DMSimp_MonoZLL_NLO_Vector_TuneCP3_GQ0p25_GDM1p0_MY1-1000_MXd-400_catNRB_sys_QCDScale1wDown
Merging balance_DMSimp_MonoZLL_NLO_Vector_TuneCP3_GQ0p25_GDM1p0_MY1-1000_MXd-400_sys_MuonEnUp
Merging MT_DMSimp_MonoZLL_NLO_Vector_TuneCP3_GQ0p25_GDM1p0_MY1-1000_MXd-400_cat3L_sys_ElecronSFUp
Merging MT_DMSimp_MonoZLL_NLO_Vector_TuneCP3_GQ0p25_GDM1p0_MY1-1000_MXd-400_catSignal-0jet_sys_QCDScale2wUp
Merging measMET_DMSimp_MonoZLL_NLO_Vector_TuneCP3_GQ0p25_GDM1p0_MY1-1000_MXd-400_cat4L_sys_nvtxWeightDown
Merging phizmet_DMSimp_MonoZLL_NLO_Vector_TuneCP3_GQ0p25_GDM1p0_MY1-1000_MXd-400_sys_ElecronSFUp
Merging MT_DMSimp_MonoZLL_NLO_Vector_TuneCP3_GQ0p25_GDM1p0_MY1-1000_MXd-400_catSignal-0jet_sys_PrefireWeightDown
Merging MT_DMSimp_MonoZLL_NLO_Vector_TuneCP3_GQ0p25_GDM1p0_MY1-1000_MXd-400_catEM_sys_ElecronSFUp
Merging MT_DMSimp_MonoZLL_NLO_Vector_TuneCP3_GQ0p25_GDM1p0_MY1-1000_MXd-400_cat3L_sys_PDFUp
Merging MT_DMSimp_MonoZLL_NLO_Vector_TuneCP3_GQ0p25_GDM1p0_MY1-1000_MXd-400_catSignal-0jet_sys_QCDScale1wUp
Merging measMET_DMSimp_MonoZLL_NLO_Vector_TuneCP3_GQ0p25_GDM1p0_MY1-1000_MXd-400_catSignal-1jet_sys_QCDScale0wDown
Merging MT_DMSimp_MonoZLL_NLO_Vector_TuneCP3_GQ0p25_GDM1p0_MY1-1000_MXd-400_catEM_sys_QCDScale2wDown
Merging balance_DMSimp_MonoZLL_NLO_Vector_TuneCP3_GQ0p25_GDM1p0_MY1-1000_MXd-400_sys_MuonSFDown
Merging measMET_DMSimp_MonoZLL_NLO_Vector_TuneCP3_GQ0p25_GDM1p0_MY1-1000_MXd-400_catSignal-1jet_sys_jesTotalUp
Merging balance_DMSimp_MonoZLL_NLO_Vector_TuneCP3_GQ0p25_GDM1p0_MY1-1000_MXd-400_sys_MuonEnDown
Merging measMET_DMSimp_MonoZLL_NLO_Vector_TuneCP3_GQ0p25_GDM1p0_MY1-1000_MXd-400_catEM_sys_jesTotalDown
Merging MT_DMSimp_MonoZLL_NLO_Vector_TuneCP3_GQ0p25_GDM1p0_MY1-1000_MXd-400_cat3L_sys_puWeightDown
Merging MT_DMSimp_MonoZLL_NLO_Vector_TuneCP3_GQ0p25_GDM1p0_MY1-1000_MXd-400_cat4L
Merging measMET_DMSimp_MonoZLL_NLO_Vector_TuneCP3_GQ0p25_GDM1p0_MY1-1000_MXd-400_catNRB_sys_QCDScale0wUp
Merging measMET_DMSimp_MonoZLL_NLO_Vector_TuneCP3_GQ0p25_GDM1p0_MY1-1000_MXd-400_catEM_sys_EWKUp
Merging measMET_DMSimp_MonoZLL_NLO_Vector_TuneCP3_GQ0p25_GDM1p0_MY1-1000_MXd-400_catSignal-0jet_sys_QCDScale0wUp
Merging MT_DMSimp_MonoZLL_NLO_Vector_TuneCP3_GQ0p25_GDM1p0_MY1-1000_MXd-400_cat4L_sys_QCDScale1wUp
Merging MT_DMSimp_MonoZLL_NLO_Vector_TuneCP3_GQ0p25_GDM1p0_MY1-1000_MXd-400_cat4L_sys_jerDown
Merging measMET_DMSimp_MonoZLL_NLO_Vector_TuneCP3_GQ0p25_GDM1p0_MY1-1000_MXd-400_catSignal-1jet_sys_ElecronSFUp
Merging measMET_DMSimp_MonoZLL_NLO_Vector_TuneCP3_GQ0p25_GDM1p0_MY1-1000_MXd-400_catTOP_sys_MuonEnDown
Merging njet_DMSimp_MonoZLL_NLO_Vector_TuneCP3_GQ0p25_GDM1p0_MY1-1000_MXd-400_sys_QCDScale1wUp
Merging measMET_DMSimp_MonoZLL_NLO_Vector_TuneCP3_GQ0p25_GDM1p0_MY1-1000_MXd-400_catEM_sys_puWeightDown
Merging phizmet_DMSimp_MonoZLL_NLO_Vector_TuneCP3_GQ0p25_GDM1p0_MY1-1000_MXd-400_sys_jerDown
Merging MT_DMSimp_MonoZLL_NLO_Vector_TuneCP3_GQ0p25_GDM1p0_MY1-1000_MXd-400_catDY_sys_QCDScale0wDown
Merging phizmet_DMSimp_MonoZLL_NLO_Vector_TuneCP3_GQ0p25_GDM1p0_MY1-1000_MXd-400_sys_nvtxWeightUp
Merging MT_DMSimp_MonoZLL_NLO_Vector_TuneCP3_GQ0p25_GDM1p0_MY1-1000_MXd-400_catEM_sys_QCDScale2wUp
Merging measMET_DMSimp_MonoZLL_NLO_Vector_TuneCP3_GQ0p25_GDM1p0_MY1-1000_MXd-400_cat3L_sys_QCDScale2wDown
Merging measMET_DMSimp_MonoZLL_NLO_Vector_TuneCP3_GQ0p25_GDM1p0_MY1-1000_MXd-400_catEM
Merging njet_DMSimp_MonoZLL_NLO_Vector_TuneCP3_GQ0p25_GDM1p0_MY1-1000_MXd-400_sys_jesTotalDown
Merging measMET_DMSimp_MonoZLL_NLO_Vector_TuneCP3_GQ0p25_GDM1p0_MY1-1000_MXd-400_catNRB_sys_jerUp
Merging MT_DMSimp_MonoZLL_NLO_Vector_TuneCP3_GQ0p25_GDM1p0_MY1-1000_MXd-400_catSignal-1jet_sys_PDFDown
Merging njet_DMSimp_MonoZLL_NLO_Vector_TuneCP3_GQ0p25_GDM1p0_MY1-1000_MXd-400_sys_PDFDown
Merging measMET_DMSimp_MonoZLL_NLO_Vector_TuneCP3_GQ0p25_GDM1p0_MY1-1000_MXd-400_cat3L_sys_PDFUp
Merging phizmet_DMSimp_MonoZLL_NLO_Vector_TuneCP3_GQ0p25_GDM1p0_MY1-1000_MXd-400_sys_puWeightUp
Merging measMET_DMSimp_MonoZLL_NLO_Vector_TuneCP3_GQ0p25_GDM1p0_MY1-1000_MXd-400_catDY_sys_btagEventWeightUp
Merging njet_DMSimp_MonoZLL_NLO_Vector_TuneCP3_GQ0p25_GDM1p0_MY1-1000_MXd-400_sys_jerUp
Merging measMET_DMSimp_MonoZLL_NLO_Vector_TuneCP3_GQ0p25_GDM1p0_MY1-1000_MXd-400_cat3L_sys_PrefireWeightDown
Merging measMET_DMSimp_MonoZLL_NLO_Vector_TuneCP3_GQ0p25_GDM1p0_MY1-1000_MXd-400_catTOP_sys_TriggerSFWeightUp
Merging njet_DMSimp_MonoZLL_NLO_Vector_TuneCP3_GQ0p25_GDM1p0_MY1-1000_MXd-400_sys_ElectronEnDown
Merging njet_DMSimp_MonoZLL_NLO_Vector_TuneCP3_GQ0p25_GDM1p0_MY1-1000_MXd-400_sys_QCDScale1wDown
Merging measMET_DMSimp_MonoZLL_NLO_Vector_TuneCP3_GQ0p25_GDM1p0_MY1-1000_MXd-400_catSignal-1jet_sys_jerUp
Merging MT_DMSimp_MonoZLL_NLO_Vector_TuneCP3_GQ0p25_GDM1p0_MY1-1000_MXd-400_catEM_sys_EWKDown
Merging measMET_DMSimp_MonoZLL_NLO_Vector_TuneCP3_GQ0p25_GDM1p0_MY1-1000_MXd-400_catDY_sys_MuonSFUp
Merging measMET_DMSimp_MonoZLL_NLO_Vector_TuneCP3_GQ0p25_GDM1p0_MY1-1000_MXd-400_catTOP_sys_MuonSFDown
Merging balance_DMSimp_MonoZLL_NLO_Vector_TuneCP3_GQ0p25_GDM1p0_MY1-1000_MXd-400
Merging measMET_DMSimp_MonoZLL_NLO_Vector_TuneCP3_GQ0p25_GDM1p0_MY1-1000_MXd-400_catDY_sys_ElectronEnDown
Merging MT_DMSimp_MonoZLL_NLO_Vector_TuneCP3_GQ0p25_GDM1p0_MY1-1000_MXd-400_catNRB_sys_btagEventWeightUp
Merging measMET_DMSimp_MonoZLL_NLO_Vector_TuneCP3_GQ0p25_GDM1p0_MY1-1000_MXd-400_catTOP_sys_PDFDown
Merging MT_DMSimp_MonoZLL_NLO_Vector_TuneCP3_GQ0p25_GDM1p0_MY1-1000_MXd-400_catSignal-1jet_sys_ElecronSFUp
Merging MT_DMSimp_MonoZLL_NLO_Vector_TuneCP3_GQ0p25_GDM1p0_MY1-1000_MXd-400_cat3L_sys_EWKUp
Merging MT_DMSimp_MonoZLL_NLO_Vector_TuneCP3_GQ0p25_GDM1p0_MY1-1000_MXd-400_catTOP_sys_PDFUp
Merging measMET_DMSimp_MonoZLL_NLO_Vector_TuneCP3_GQ0p25_GDM1p0_MY1-1000_MXd-400_catDY_sys_MuonSFDown
Merging measMET_DMSimp_MonoZLL_NLO_Vector_TuneCP3_GQ0p25_GDM1p0_MY1-1000_MXd-400_cat3L_sys_MuonEnUp
Merging MT_DMSimp_MonoZLL_NLO_Vector_TuneCP3_GQ0p25_GDM1p0_MY1-1000_MXd-400_catTOP_sys_MuonSFUp
Merging measMET_DMSimp_MonoZLL_NLO_Vector_TuneCP3_GQ0p25_GDM1p0_MY1-1000_MXd-400_catSignal-0jet_sys_btagEventWeightDown
Merging measMET_DMSimp_MonoZLL_NLO_Vector_TuneCP3_GQ0p25_GDM1p0_MY1-1000_MXd-400_catEM_sys_ElectronEnDown
Merging phizmet_DMSimp_MonoZLL_NLO_Vector_TuneCP3_GQ0p25_GDM1p0_MY1-1000_MXd-400_sys_QCDScale1wDown
Merging phizmet_DMSimp_MonoZLL_NLO_Vector_TuneCP3_GQ0p25_GDM1p0_MY1-1000_MXd-400_sys_ElecronSFDown
Merging measMET_DMSimp_MonoZLL_NLO_Vector_TuneCP3_GQ0p25_GDM1p0_MY1-1000_MXd-400_cat3L_sys_ElecronSFUp
Merging measMET_DMSimp_MonoZLL_NLO_Vector_TuneCP3_GQ0p25_GDM1p0_MY1-1000_MXd-400_catNRB_sys_puWeightUp
Merging MT_DMSimp_MonoZLL_NLO_Vector_TuneCP3_GQ0p25_GDM1p0_MY1-1000_MXd-400_catTOP_sys_btagEventWeightDown
Merging measMET_DMSimp_MonoZLL_NLO_Vector_TuneCP3_GQ0p25_GDM1p0_MY1-1000_MXd-400_catSignal-0jet_sys_PrefireWeightDown
Merging MT_DMSimp_MonoZLL_NLO_Vector_TuneCP3_GQ0p25_GDM1p0_MY1-1000_MXd-400_catTOP_sys_jesTotalUp
Merging MT_DMSimp_MonoZLL_NLO_Vector_TuneCP3_GQ0p25_GDM1p0_MY1-1000_MXd-400_catEM_sys_MuonSFUp
Merging MT_DMSimp_MonoZLL_NLO_Vector_TuneCP3_GQ0p25_GDM1p0_MY1-1000_MXd-400_catNRB_sys_EWKDown
Merging MT_DMSimp_MonoZLL_NLO_Vector_TuneCP3_GQ0p25_GDM1p0_MY1-1000_MXd-400_catSignal-1jet_sys_puWeightUp
Merging MT_DMSimp_MonoZLL_NLO_Vector_TuneCP3_GQ0p25_GDM1p0_MY1-1000_MXd-400_catNRB_sys_MuonEnDown
Merging phizmet_DMSimp_MonoZLL_NLO_Vector_TuneCP3_GQ0p25_GDM1p0_MY1-1000_MXd-400_sys_ElectronEnUp
Merging MT_DMSimp_MonoZLL_NLO_Vector_TuneCP3_GQ0p25_GDM1p0_MY1-1000_MXd-400_catNRB
Merging measMET_DMSimp_MonoZLL_NLO_Vector_TuneCP3_GQ0p25_GDM1p0_MY1-1000_MXd-400_catNRB_sys_TriggerSFWeightUp
Merging measMET_DMSimp_MonoZLL_NLO_Vector_TuneCP3_GQ0p25_GDM1p0_MY1-1000_MXd-400_catSignal-1jet_sys_MuonEnDown
Merging balance_DMSimp_MonoZLL_NLO_Vector_TuneCP3_GQ0p25_GDM1p0_MY1-1000_MXd-400_sys_PrefireWeightUp
Merging measMET_DMSimp_MonoZLL_NLO_Vector_TuneCP3_GQ0p25_GDM1p0_MY1-1000_MXd-400_catDY_sys_TriggerSFWeightDown
Merging measMET_DMSimp_MonoZLL_NLO_Vector_TuneCP3_GQ0p25_GDM1p0_MY1-1000_MXd-400_catNRB_sys_nvtxWeightDown
Merging njet_DMSimp_MonoZLL_NLO_Vector_TuneCP3_GQ0p25_GDM1p0_MY1-1000_MXd-400_sys_MuonSFDown
Merging njet_DMSimp_MonoZLL_NLO_Vector_TuneCP3_GQ0p25_GDM1p0_MY1-1000_MXd-400_sys_TriggerSFWeightDown
Merging balance_DMSimp_MonoZLL_NLO_Vector_TuneCP3_GQ0p25_GDM1p0_MY1-1000_MXd-400_sys_jerDown
Merging MT_DMSimp_MonoZLL_NLO_Vector_TuneCP3_GQ0p25_GDM1p0_MY1-1000_MXd-400_cat4L_sys_QCDScale2wUp
Merging measMET_DMSimp_MonoZLL_NLO_Vector_TuneCP3_GQ0p25_GDM1p0_MY1-1000_MXd-400_catSignal-1jet_sys_jerDown
Merging MT_DMSimp_MonoZLL_NLO_Vector_TuneCP3_GQ0p25_GDM1p0_MY1-1000_MXd-400_catSignal-0jet_sys_ElectronEnUp
Merging measMET_DMSimp_MonoZLL_NLO_Vector_TuneCP3_GQ0p25_GDM1p0_MY1-1000_MXd-400_catSignal-1jet_sys_jesTotalDown
Merging njet_DMSimp_MonoZLL_NLO_Vector_TuneCP3_GQ0p25_GDM1p0_MY1-1000_MXd-400_sys_jerDown
Merging MT_DMSimp_MonoZLL_NLO_Vector_TuneCP3_GQ0p25_GDM1p0_MY1-1000_MXd-400_catSignal-1jet
Merging MT_DMSimp_MonoZLL_NLO_Vector_TuneCP3_GQ0p25_GDM1p0_MY1-1000_MXd-400_catEM_sys_QCDScale1wUp
Merging measMET_DMSimp_MonoZLL_NLO_Vector_TuneCP3_GQ0p25_GDM1p0_MY1-1000_MXd-400_catSignal-1jet_sys_ElectronEnDown
Merging MT_DMSimp_MonoZLL_NLO_Vector_TuneCP3_GQ0p25_GDM1p0_MY1-1000_MXd-400_catEM_sys_QCDScale1wDown
Merging MT_DMSimp_MonoZLL_NLO_Vector_TuneCP3_GQ0p25_GDM1p0_MY1-1000_MXd-400_cat4L_sys_QCDScale2wDown
Merging measMET_DMSimp_MonoZLL_NLO_Vector_TuneCP3_GQ0p25_GDM1p0_MY1-1000_MXd-400_catSignal-1jet_sys_nvtxWeightUp
Merging MT_DMSimp_MonoZLL_NLO_Vector_TuneCP3_GQ0p25_GDM1p0_MY1-1000_MXd-400_cat4L_sys_ElectronEnDown
Merging measMET_DMSimp_MonoZLL_NLO_Vector_TuneCP3_GQ0p25_GDM1p0_MY1-1000_MXd-400_cat3L_sys_puWeightDown
Merging balance_DMSimp_MonoZLL_NLO_Vector_TuneCP3_GQ0p25_GDM1p0_MY1-1000_MXd-400_sys_TriggerSFWeightUp
Merging measMET_DMSimp_MonoZLL_NLO_Vector_TuneCP3_GQ0p25_GDM1p0_MY1-1000_MXd-400_catDY_sys_QCDScale0wUp
Merging measMET_DMSimp_MonoZLL_NLO_Vector_TuneCP3_GQ0p25_GDM1p0_MY1-1000_MXd-400_cat3L_sys_MuonEnDown
Merging MT_DMSimp_MonoZLL_NLO_Vector_TuneCP3_GQ0p25_GDM1p0_MY1-1000_MXd-400_catSignal-0jet_sys_PrefireWeightUp
Merging measMET_DMSimp_MonoZLL_NLO_Vector_TuneCP3_GQ0p25_GDM1p0_MY1-1000_MXd-400_cat3L_sys_ElecronSFDown
Merging measMET_DMSimp_MonoZLL_NLO_Vector_TuneCP3_GQ0p25_GDM1p0_MY1-1000_MXd-400_catSignal-1jet
Merging balance_DMSimp_MonoZLL_NLO_Vector_TuneCP3_GQ0p25_GDM1p0_MY1-1000_MXd-400_sys_nvtxWeightDown
Merging measMET_DMSimp_MonoZLL_NLO_Vector_TuneCP3_GQ0p25_GDM1p0_MY1-1000_MXd-400_catNRB_sys_TriggerSFWeightDown
Merging MT_DMSimp_MonoZLL_NLO_Vector_TuneCP3_GQ0p25_GDM1p0_MY1-1000_MXd-400_catEM_sys_jesTotalDown
Merging MT_DMSimp_MonoZLL_NLO_Vector_TuneCP3_GQ0p25_GDM1p0_MY1-1000_MXd-400_catSignal-1jet_sys_MuonEnUp
Merging MT_DMSimp_MonoZLL_NLO_Vector_TuneCP3_GQ0p25_GDM1p0_MY1-1000_MXd-400_catDY_sys_EWKDown
Merging MT_DMSimp_MonoZLL_NLO_Vector_TuneCP3_GQ0p25_GDM1p0_MY1-1000_MXd-400_catSignal-1jet_sys_jerDown
Merging MT_DMSimp_MonoZLL_NLO_Vector_TuneCP3_GQ0p25_GDM1p0_MY1-1000_MXd-400_catTOP_sys_QCDScale1wDown
Merging MT_DMSimp_MonoZLL_NLO_Vector_TuneCP3_GQ0p25_GDM1p0_MY1-1000_MXd-400_catEM_sys_puWeightUp
Merging measMET_DMSimp_MonoZLL_NLO_Vector_TuneCP3_GQ0p25_GDM1p0_MY1-1000_MXd-400_catEM_sys_MuonEnUp
Merging MT_DMSimp_MonoZLL_NLO_Vector_TuneCP3_GQ0p25_GDM1p0_MY1-1000_MXd-400_catTOP_sys_jerDown
Merging balance_DMSimp_MonoZLL_NLO_Vector_TuneCP3_GQ0p25_GDM1p0_MY1-1000_MXd-400_sys_ElecronSFDown
Merging measMET_DMSimp_MonoZLL_NLO_Vector_TuneCP3_GQ0p25_GDM1p0_MY1-1000_MXd-400_catNRB_sys_QCDScale2wDown
Merging measMET_DMSimp_MonoZLL_NLO_Vector_TuneCP3_GQ0p25_GDM1p0_MY1-1000_MXd-400_catSignal-1jet_sys_PrefireWeightUp
Merging MT_DMSimp_MonoZLL_NLO_Vector_TuneCP3_GQ0p25_GDM1p0_MY1-1000_MXd-400_catDY_sys_nvtxWeightDown
Merging MT_DMSimp_MonoZLL_NLO_Vector_TuneCP3_GQ0p25_GDM1p0_MY1-1000_MXd-400_catNRB_sys_QCDScale0wUp
Merging measMET_DMSimp_MonoZLL_NLO_Vector_TuneCP3_GQ0p25_GDM1p0_MY1-1000_MXd-400_catTOP_sys_ElecronSFDown
Merging measMET_DMSimp_MonoZLL_NLO_Vector_TuneCP3_GQ0p25_GDM1p0_MY1-1000_MXd-400_catTOP_sys_PrefireWeightDown
Merging measMET_DMSimp_MonoZLL_NLO_Vector_TuneCP3_GQ0p25_GDM1p0_MY1-1000_MXd-400_cat4L_sys_jerUp
Merging phizmet_DMSimp_MonoZLL_NLO_Vector_TuneCP3_GQ0p25_GDM1p0_MY1-1000_MXd-400_sys_EWKUp
Merging measMET_DMSimp_MonoZLL_NLO_Vector_TuneCP3_GQ0p25_GDM1p0_MY1-1000_MXd-400_catDY_sys_QCDScale1wDown
Merging MT_DMSimp_MonoZLL_NLO_Vector_TuneCP3_GQ0p25_GDM1p0_MY1-1000_MXd-400_catNRB_sys_QCDScale1wDown
Merging untagged
Merging MT_DMSimp_MonoZLL_NLO_Vector_TuneCP3_GQ0p25_GDM1p0_MY1-1000_MXd-400_catSignal-0jet_sys_ElecronSFUp
Merging njet_DMSimp_MonoZLL_NLO_Vector_TuneCP3_GQ0p25_GDM1p0_MY1-1000_MXd-400_sys_QCDScale2wDown
Merging balance_DMSimp_MonoZLL_NLO_Vector_TuneCP3_GQ0p25_GDM1p0_MY1-1000_MXd-400_sys_jesTotalDown
Merging MT_DMSimp_MonoZLL_NLO_Vector_TuneCP3_GQ0p25_GDM1p0_MY1-1000_MXd-400_catTOP_sys_QCDScale2wUp
Merging measMET_DMSimp_MonoZLL_NLO_Vector_TuneCP3_GQ0p25_GDM1p0_MY1-1000_MXd-400_cat3L_sys_ElectronEnUp
Merging measMET_DMSimp_MonoZLL_NLO_Vector_TuneCP3_GQ0p25_GDM1p0_MY1-1000_MXd-400_catSignal-0jet_sys_MuonEnUp
Merging MT_DMSimp_MonoZLL_NLO_Vector_TuneCP3_GQ0p25_GDM1p0_MY1-1000_MXd-400_catSignal-1jet_sys_QCDScale2wDown
Merging MT_DMSimp_MonoZLL_NLO_Vector_TuneCP3_GQ0p25_GDM1p0_MY1-1000_MXd-400_catTOP_sys_ElecronSFDown
Merging MT_DMSimp_MonoZLL_NLO_Vector_TuneCP3_GQ0p25_GDM1p0_MY1-1000_MXd-400_catDY_sys_jerUp
Merging MT_DMSimp_MonoZLL_NLO_Vector_TuneCP3_GQ0p25_GDM1p0_MY1-1000_MXd-400_catEM_sys_PDFUp
Merging measMET_DMSimp_MonoZLL_NLO_Vector_TuneCP3_GQ0p25_GDM1p0_MY1-1000_MXd-400_catTOP_sys_MuonSFUp
Merging measMET_DMSimp_MonoZLL_NLO_Vector_TuneCP3_GQ0p25_GDM1p0_MY1-1000_MXd-400_cat3L_sys_nvtxWeightUp
Merging MT_DMSimp_MonoZLL_NLO_Vector_TuneCP3_GQ0p25_GDM1p0_MY1-1000_MXd-400_catDY_sys_nvtxWeightUp
Merging measMET_DMSimp_MonoZLL_NLO_Vector_TuneCP3_GQ0p25_GDM1p0_MY1-1000_MXd-400_catEM_sys_QCDScale0wDown
Merging measMET_DMSimp_MonoZLL_NLO_Vector_TuneCP3_GQ0p25_GDM1p0_MY1-1000_MXd-400_catSignal-0jet_sys_MuonSFDown
Merging MT_DMSimp_MonoZLL_NLO_Vector_TuneCP3_GQ0p25_GDM1p0_MY1-1000_MXd-400_catSignal-1jet_sys_puWeightDown
Merging measMET_DMSimp_MonoZLL_NLO_Vector_TuneCP3_GQ0p25_GDM1p0_MY1-1000_MXd-400_catEM_sys_MuonEnDown
Merging MT_DMSimp_MonoZLL_NLO_Vector_TuneCP3_GQ0p25_GDM1p0_MY1-1000_MXd-400_catSignal-0jet_sys_btagEventWeightDown
Merging measMET_DMSimp_MonoZLL_NLO_Vector_TuneCP3_GQ0p25_GDM1p0_MY1-1000_MXd-400_catTOP_sys_btagEventWeightUp
Merging njet_DMSimp_MonoZLL_NLO_Vector_TuneCP3_GQ0p25_GDM1p0_MY1-1000_MXd-400_sys_TriggerSFWeightUp
Merging phizmet_DMSimp_MonoZLL_NLO_Vector_TuneCP3_GQ0p25_GDM1p0_MY1-1000_MXd-400_sys_MuonSFUp
Merging MT_DMSimp_MonoZLL_NLO_Vector_TuneCP3_GQ0p25_GDM1p0_MY1-1000_MXd-400_catDY_sys_MuonEnUp
Merging measMET_DMSimp_MonoZLL_NLO_Vector_TuneCP3_GQ0p25_GDM1p0_MY1-1000_MXd-400_cat3L_sys_btagEventWeightUp
Merging MT_DMSimp_MonoZLL_NLO_Vector_TuneCP3_GQ0p25_GDM1p0_MY1-1000_MXd-400_catDY_sys_jesTotalDown
Merging MT_DMSimp_MonoZLL_NLO_Vector_TuneCP3_GQ0p25_GDM1p0_MY1-1000_MXd-400_catTOP_sys_ElecronSFUp
Merging measMET_DMSimp_MonoZLL_NLO_Vector_TuneCP3_GQ0p25_GDM1p0_MY1-1000_MXd-400_catEM_sys_btagEventWeightDown
Merging measMET_DMSimp_MonoZLL_NLO_Vector_TuneCP3_GQ0p25_GDM1p0_MY1-1000_MXd-400_catTOP_sys_PrefireWeightUp
Merging MT_DMSimp_MonoZLL_NLO_Vector_TuneCP3_GQ0p25_GDM1p0_MY1-1000_MXd-400_cat4L_sys_PDFDown
Merging measMET_DMSimp_MonoZLL_NLO_Vector_TuneCP3_GQ0p25_GDM1p0_MY1-1000_MXd-400_catSignal-0jet_sys_TriggerSFWeightDown
Merging balance_DMSimp_MonoZLL_NLO_Vector_TuneCP3_GQ0p25_GDM1p0_MY1-1000_MXd-400_sys_QCDScale0wUp
Merging MT_DMSimp_MonoZLL_NLO_Vector_TuneCP3_GQ0p25_GDM1p0_MY1-1000_MXd-400_cat3L_sys_QCDScale2wDown
Merging measMET_DMSimp_MonoZLL_NLO_Vector_TuneCP3_GQ0p25_GDM1p0_MY1-1000_MXd-400_cat4L_sys_ElecronSFDown
Merging measMET_DMSimp_MonoZLL_NLO_Vector_TuneCP3_GQ0p25_GDM1p0_MY1-1000_MXd-400_catSignal-0jet_sys_TriggerSFWeightUp
Merging MT_DMSimp_MonoZLL_NLO_Vector_TuneCP3_GQ0p25_GDM1p0_MY1-1000_MXd-400_cat4L_sys_jerUp
Merging MT_DMSimp_MonoZLL_NLO_Vector_TuneCP3_GQ0p25_GDM1p0_MY1-1000_MXd-400_catSignal-0jet_sys_nvtxWeightDown
Merging MT_DMSimp_MonoZLL_NLO_Vector_TuneCP3_GQ0p25_GDM1p0_MY1-1000_MXd-400_catSignal-1jet_sys_EWKUp
Merging MT_DMSimp_MonoZLL_NLO_Vector_TuneCP3_GQ0p25_GDM1p0_MY1-1000_MXd-400_catDY_sys_QCDScale1wUp
Merging measMET_DMSimp_MonoZLL_NLO_Vector_TuneCP3_GQ0p25_GDM1p0_MY1-1000_MXd-400_catTOP_sys_ElectronEnUp
Merging njet_DMSimp_MonoZLL_NLO_Vector_TuneCP3_GQ0p25_GDM1p0_MY1-1000_MXd-400_sys_btagEventWeightUp
Merging measMET_DMSimp_MonoZLL_NLO_Vector_TuneCP3_GQ0p25_GDM1p0_MY1-1000_MXd-400_cat3L_sys_PDFDown
Merging MT_DMSimp_MonoZLL_NLO_Vector_TuneCP3_GQ0p25_GDM1p0_MY1-1000_MXd-400_cat3L_sys_MuonEnUp
Merging MT_DMSimp_MonoZLL_NLO_Vector_TuneCP3_GQ0p25_GDM1p0_MY1-1000_MXd-400_catSignal-1jet_sys_PrefireWeightUp
Merging njet_DMSimp_MonoZLL_NLO_Vector_TuneCP3_GQ0p25_GDM1p0_MY1-1000_MXd-400_sys_btagEventWeightDown
Merging MT_DMSimp_MonoZLL_NLO_Vector_TuneCP3_GQ0p25_GDM1p0_MY1-1000_MXd-400_cat3L_sys_QCDScale1wUp
Merging measMET_DMSimp_MonoZLL_NLO_Vector_TuneCP3_GQ0p25_GDM1p0_MY1-1000_MXd-400_cat3L
Merging MT_DMSimp_MonoZLL_NLO_Vector_TuneCP3_GQ0p25_GDM1p0_MY1-1000_MXd-400_catEM_sys_btagEventWeightDown
Merging phizmet_DMSimp_MonoZLL_NLO_Vector_TuneCP3_GQ0p25_GDM1p0_MY1-1000_MXd-400_sys_btagEventWeightUp
Merging MT_DMSimp_MonoZLL_NLO_Vector_TuneCP3_GQ0p25_GDM1p0_MY1-1000_MXd-400_cat4L_sys_QCDScale0wUp
Merging measMET_DMSimp_MonoZLL_NLO_Vector_TuneCP3_GQ0p25_GDM1p0_MY1-1000_MXd-400_cat4L_sys_QCDScale2wUp
Merging MT_DMSimp_MonoZLL_NLO_Vector_TuneCP3_GQ0p25_GDM1p0_MY1-1000_MXd-400_catSignal-0jet_sys_QCDScale1wDown
Merging MT_DMSimp_MonoZLL_NLO_Vector_TuneCP3_GQ0p25_GDM1p0_MY1-1000_MXd-400_catTOP_sys_EWKDown
Merging measMET_DMSimp_MonoZLL_NLO_Vector_TuneCP3_GQ0p25_GDM1p0_MY1-1000_MXd-400_cat4L
Merging njet_DMSimp_MonoZLL_NLO_Vector_TuneCP3_GQ0p25_GDM1p0_MY1-1000_MXd-400_sys_jesTotalUp
Merging measMET_DMSimp_MonoZLL_NLO_Vector_TuneCP3_GQ0p25_GDM1p0_MY1-1000_MXd-400_catSignal-1jet_sys_PDFDown
Merging measMET_DMSimp_MonoZLL_NLO_Vector_TuneCP3_GQ0p25_GDM1p0_MY1-1000_MXd-400_cat3L_sys_TriggerSFWeightUp
Merging MT_DMSimp_MonoZLL_NLO_Vector_TuneCP3_GQ0p25_GDM1p0_MY1-1000_MXd-400_catTOP_sys_TriggerSFWeightUp
Merging MT_DMSimp_MonoZLL_NLO_Vector_TuneCP3_GQ0p25_GDM1p0_MY1-1000_MXd-400_cat3L
Merging measMET_DMSimp_MonoZLL_NLO_Vector_TuneCP3_GQ0p25_GDM1p0_MY1-1000_MXd-400_catDY_sys_TriggerSFWeightUp
Merging measMET_DMSimp_MonoZLL_NLO_Vector_TuneCP3_GQ0p25_GDM1p0_MY1-1000_MXd-400_cat4L_sys_QCDScale1wDown
Merging MT_DMSimp_MonoZLL_NLO_Vector_TuneCP3_GQ0p25_GDM1p0_MY1-1000_MXd-400_catSignal-0jet_sys_jesTotalUp
Merging MT_DMSimp_MonoZLL_NLO_Vector_TuneCP3_GQ0p25_GDM1p0_MY1-1000_MXd-400_catSignal-1jet_sys_btagEventWeightDown
Merging measMET_DMSimp_MonoZLL_NLO_Vector_TuneCP3_GQ0p25_GDM1p0_MY1-1000_MXd-400_cat3L_sys_jerUp
Merging measMET_DMSimp_MonoZLL_NLO_Vector_TuneCP3_GQ0p25_GDM1p0_MY1-1000_MXd-400_cat3L_sys_QCDScale0wUp
Merging balance_DMSimp_MonoZLL_NLO_Vector_TuneCP3_GQ0p25_GDM1p0_MY1-1000_MXd-400_sys_jerUp
Merging measMET_DMSimp_MonoZLL_NLO_Vector_TuneCP3_GQ0p25_GDM1p0_MY1-1000_MXd-400_catTOP_sys_nvtxWeightUp
Merging MT_DMSimp_MonoZLL_NLO_Vector_TuneCP3_GQ0p25_GDM1p0_MY1-1000_MXd-400_catNRB_sys_QCDScale1wUp
Merging MT_DMSimp_MonoZLL_NLO_Vector_TuneCP3_GQ0p25_GDM1p0_MY1-1000_MXd-400_catEM_sys_MuonEnDown
Merging MT_DMSimp_MonoZLL_NLO_Vector_TuneCP3_GQ0p25_GDM1p0_MY1-1000_MXd-400_catNRB_sys_ElecronSFDown
Merging measMET_DMSimp_MonoZLL_NLO_Vector_TuneCP3_GQ0p25_GDM1p0_MY1-1000_MXd-400_catEM_sys_QCDScale1wUp
Merging MT_DMSimp_MonoZLL_NLO_Vector_TuneCP3_GQ0p25_GDM1p0_MY1-1000_MXd-400_catDY_sys_PrefireWeightUp
Merging MT_DMSimp_MonoZLL_NLO_Vector_TuneCP3_GQ0p25_GDM1p0_MY1-1000_MXd-400_catSignal-1jet_sys_ElecronSFDown
Merging measMET_DMSimp_MonoZLL_NLO_Vector_TuneCP3_GQ0p25_GDM1p0_MY1-1000_MXd-400_cat3L_sys_jerDown
Merging MT_DMSimp_MonoZLL_NLO_Vector_TuneCP3_GQ0p25_GDM1p0_MY1-1000_MXd-400_catDY_sys_QCDScale2wUp
Merging phizmet_DMSimp_MonoZLL_NLO_Vector_TuneCP3_GQ0p25_GDM1p0_MY1-1000_MXd-400_sys_TriggerSFWeightDown
Merging MT_DMSimp_MonoZLL_NLO_Vector_TuneCP3_GQ0p25_GDM1p0_MY1-1000_MXd-400_catDY_sys_MuonSFDown
Merging MT_DMSimp_MonoZLL_NLO_Vector_TuneCP3_GQ0p25_GDM1p0_MY1-1000_MXd-400_catSignal-1jet_sys_PrefireWeightDown
Merging measMET_DMSimp_MonoZLL_NLO_Vector_TuneCP3_GQ0p25_GDM1p0_MY1-1000_MXd-400_cat4L_sys_nvtxWeightUp
Merging measMET_DMSimp_MonoZLL_NLO_Vector_TuneCP3_GQ0p25_GDM1p0_MY1-1000_MXd-400_catDY_sys_puWeightDown
Merging MT_DMSimp_MonoZLL_NLO_Vector_TuneCP3_GQ0p25_GDM1p0_MY1-1000_MXd-400_catDY_sys_ElectronEnDown
Merging measMET_DMSimp_MonoZLL_NLO_Vector_TuneCP3_GQ0p25_GDM1p0_MY1-1000_MXd-400_catEM_sys_PDFDown
Merging MT_DMSimp_MonoZLL_NLO_Vector_TuneCP3_GQ0p25_GDM1p0_MY1-1000_MXd-400_catNRB_sys_PDFUp
Merging measMET_DMSimp_MonoZLL_NLO_Vector_TuneCP3_GQ0p25_GDM1p0_MY1-1000_MXd-400_catNRB_sys_MuonSFDown
Merging MT_DMSimp_MonoZLL_NLO_Vector_TuneCP3_GQ0p25_GDM1p0_MY1-1000_MXd-400_cat3L_sys_MuonSFUp
Merging measMET_DMSimp_MonoZLL_NLO_Vector_TuneCP3_GQ0p25_GDM1p0_MY1-1000_MXd-400_catDY_sys_ElectronEnUp
Merging measMET_DMSimp_MonoZLL_NLO_Vector_TuneCP3_GQ0p25_GDM1p0_MY1-1000_MXd-400_catSignal-0jet_sys_ElectronEnDown
Merging measMET_DMSimp_MonoZLL_NLO_Vector_TuneCP3_GQ0p25_GDM1p0_MY1-1000_MXd-400_catNRB_sys_PDFUp
Merging MT_DMSimp_MonoZLL_NLO_Vector_TuneCP3_GQ0p25_GDM1p0_MY1-1000_MXd-400_catSignal-1jet_sys_nvtxWeightUp
Merging measMET_DMSimp_MonoZLL_NLO_Vector_TuneCP3_GQ0p25_GDM1p0_MY1-1000_MXd-400_catDY_sys_PDFDown
Merging measMET_DMSimp_MonoZLL_NLO_Vector_TuneCP3_GQ0p25_GDM1p0_MY1-1000_MXd-400_cat4L_sys_jesTotalUp
Merging MT_DMSimp_MonoZLL_NLO_Vector_TuneCP3_GQ0p25_GDM1p0_MY1-1000_MXd-400_catEM
Merging measMET_DMSimp_MonoZLL_NLO_Vector_TuneCP3_GQ0p25_GDM1p0_MY1-1000_MXd-400_catSignal-1jet_sys_QCDScale0wUp
Merging balance_DMSimp_MonoZLL_NLO_Vector_TuneCP3_GQ0p25_GDM1p0_MY1-1000_MXd-400_sys_EWKDown
Merging balance_DMSimp_MonoZLL_NLO_Vector_TuneCP3_GQ0p25_GDM1p0_MY1-1000_MXd-400_sys_PrefireWeightDown
Merging MT_DMSimp_MonoZLL_NLO_Vector_TuneCP3_GQ0p25_GDM1p0_MY1-1000_MXd-400_cat3L_sys_MuonSFDown
Merging MT_DMSimp_MonoZLL_NLO_Vector_TuneCP3_GQ0p25_GDM1p0_MY1-1000_MXd-400_catDY_sys_puWeightUp
Merging measMET_DMSimp_MonoZLL_NLO_Vector_TuneCP3_GQ0p25_GDM1p0_MY1-1000_MXd-400_catEM_sys_jerDown
Merging MT_DMSimp_MonoZLL_NLO_Vector_TuneCP3_GQ0p25_GDM1p0_MY1-1000_MXd-400_catDY_sys_jesTotalUp
Merging measMET_DMSimp_MonoZLL_NLO_Vector_TuneCP3_GQ0p25_GDM1p0_MY1-1000_MXd-400_cat3L_sys_jesTotalUp
Merging measMET_DMSimp_MonoZLL_NLO_Vector_TuneCP3_GQ0p25_GDM1p0_MY1-1000_MXd-400_catTOP_sys_jesTotalUp
Merging MT_DMSimp_MonoZLL_NLO_Vector_TuneCP3_GQ0p25_GDM1p0_MY1-1000_MXd-400_cat4L_sys_EWKDown
Merging measMET_DMSimp_MonoZLL_NLO_Vector_TuneCP3_GQ0p25_GDM1p0_MY1-1000_MXd-400_cat4L_sys_ElectronEnDown
Merging MT_DMSimp_MonoZLL_NLO_Vector_TuneCP3_GQ0p25_GDM1p0_MY1-1000_MXd-400_catDY_sys_PrefireWeightDown
Merging MT_DMSimp_MonoZLL_NLO_Vector_TuneCP3_GQ0p25_GDM1p0_MY1-1000_MXd-400_catNRB_sys_PrefireWeightDown
Merging MT_DMSimp_MonoZLL_NLO_Vector_TuneCP3_GQ0p25_GDM1p0_MY1-1000_MXd-400_cat3L_sys_QCDScale0wDown
Merging MT_DMSimp_MonoZLL_NLO_Vector_TuneCP3_GQ0p25_GDM1p0_MY1-1000_MXd-400_catEM_sys_btagEventWeightUp
Merging MT_DMSimp_MonoZLL_NLO_Vector_TuneCP3_GQ0p25_GDM1p0_MY1-1000_MXd-400_catSignal-1jet_sys_QCDScale0wUp
Merging measMET_DMSimp_MonoZLL_NLO_Vector_TuneCP3_GQ0p25_GDM1p0_MY1-1000_MXd-400_catNRB_sys_btagEventWeightUp
Merging measMET_DMSimp_MonoZLL_NLO_Vector_TuneCP3_GQ0p25_GDM1p0_MY1-1000_MXd-400_cat4L_sys_PDFDown
Merging MT_DMSimp_MonoZLL_NLO_Vector_TuneCP3_GQ0p25_GDM1p0_MY1-1000_MXd-400_catSignal-1jet_sys_QCDScale0wDown
Merging njet_DMSimp_MonoZLL_NLO_Vector_TuneCP3_GQ0p25_GDM1p0_MY1-1000_MXd-400_sys_PrefireWeightUp
Merging measMET_DMSimp_MonoZLL_NLO_Vector_TuneCP3_GQ0p25_GDM1p0_MY1-1000_MXd-400_cat4L_sys_TriggerSFWeightDown
Merging MT_DMSimp_MonoZLL_NLO_Vector_TuneCP3_GQ0p25_GDM1p0_MY1-1000_MXd-400_cat3L_sys_jesTotalUp
Merging measMET_DMSimp_MonoZLL_NLO_Vector_TuneCP3_GQ0p25_GDM1p0_MY1-1000_MXd-400_catNRB_sys_nvtxWeightUp
Merging measMET_DMSimp_MonoZLL_NLO_Vector_TuneCP3_GQ0p25_GDM1p0_MY1-1000_MXd-400_catSignal-1jet_sys_MuonSFUp
Merging MT_DMSimp_MonoZLL_NLO_Vector_TuneCP3_GQ0p25_GDM1p0_MY1-1000_MXd-400_catSignal-0jet_sys_ElectronEnDown
Merging MT_DMSimp_MonoZLL_NLO_Vector_TuneCP3_GQ0p25_GDM1p0_MY1-1000_MXd-400_catSignal-0jet_sys_EWKDown
Merging balance_DMSimp_MonoZLL_NLO_Vector_TuneCP3_GQ0p25_GDM1p0_MY1-1000_MXd-400_sys_QCDScale2wDown
Merging MT_DMSimp_MonoZLL_NLO_Vector_TuneCP3_GQ0p25_GDM1p0_MY1-1000_MXd-400_catSignal-1jet_sys_PDFUp
Merging measMET_DMSimp_MonoZLL_NLO_Vector_TuneCP3_GQ0p25_GDM1p0_MY1-1000_MXd-400_catSignal-0jet_sys_jerDown
Merging MT_DMSimp_MonoZLL_NLO_Vector_TuneCP3_GQ0p25_GDM1p0_MY1-1000_MXd-400_catSignal-0jet_sys_btagEventWeightUp
Merging MT_DMSimp_MonoZLL_NLO_Vector_TuneCP3_GQ0p25_GDM1p0_MY1-1000_MXd-400_catEM_sys_ElectronEnUp
Merging measMET_DMSimp_MonoZLL_NLO_Vector_TuneCP3_GQ0p25_GDM1p0_MY1-1000_MXd-400_catTOP_sys_puWeightUp
Merging MT_DMSimp_MonoZLL_NLO_Vector_TuneCP3_GQ0p25_GDM1p0_MY1-1000_MXd-400_catTOP_sys_puWeightUp
Merging phizmet_DMSimp_MonoZLL_NLO_Vector_TuneCP3_GQ0p25_GDM1p0_MY1-1000_MXd-400_sys_PDFUp
Merging MT_DMSimp_MonoZLL_NLO_Vector_TuneCP3_GQ0p25_GDM1p0_MY1-1000_MXd-400_catSignal-0jet_sys_QCDScale0wDown
Merging measMET_DMSimp_MonoZLL_NLO_Vector_TuneCP3_GQ0p25_GDM1p0_MY1-1000_MXd-400_catTOP_sys_QCDScale0wUp
Merging measMET_DMSimp_MonoZLL_NLO_Vector_TuneCP3_GQ0p25_GDM1p0_MY1-1000_MXd-400_catTOP_sys_ElecronSFUp
Merging balance_DMSimp_MonoZLL_NLO_Vector_TuneCP3_GQ0p25_GDM1p0_MY1-1000_MXd-400_sys_QCDScale1wDown
Merging measMET_DMSimp_MonoZLL_NLO_Vector_TuneCP3_GQ0p25_GDM1p0_MY1-1000_MXd-400_catSignal-0jet_sys_MuonSFUp
Merging measMET_DMSimp_MonoZLL_NLO_Vector_TuneCP3_GQ0p25_GDM1p0_MY1-1000_MXd-400_catNRB_sys_PrefireWeightUp
Merging measMET_DMSimp_MonoZLL_NLO_Vector_TuneCP3_GQ0p25_GDM1p0_MY1-1000_MXd-400_catSignal-1jet_sys_MuonEnUp
Merging measMET_DMSimp_MonoZLL_NLO_Vector_TuneCP3_GQ0p25_GDM1p0_MY1-1000_MXd-400_cat3L_sys_QCDScale0wDown
Merging measMET_DMSimp_MonoZLL_NLO_Vector_TuneCP3_GQ0p25_GDM1p0_MY1-1000_MXd-400_cat3L_sys_puWeightUp
Merging phizmet_DMSimp_MonoZLL_NLO_Vector_TuneCP3_GQ0p25_GDM1p0_MY1-1000_MXd-400_sys_ElectronEnDown
Merging measMET_DMSimp_MonoZLL_NLO_Vector_TuneCP3_GQ0p25_GDM1p0_MY1-1000_MXd-400_catDY_sys_PrefireWeightUp
Merging MT_DMSimp_MonoZLL_NLO_Vector_TuneCP3_GQ0p25_GDM1p0_MY1-1000_MXd-400_catNRB_sys_puWeightUp
Merging phizmet_DMSimp_MonoZLL_NLO_Vector_TuneCP3_GQ0p25_GDM1p0_MY1-1000_MXd-400_sys_nvtxWeightDown
Merging measMET_DMSimp_MonoZLL_NLO_Vector_TuneCP3_GQ0p25_GDM1p0_MY1-1000_MXd-400_cat3L_sys_jesTotalDown
Merging measMET_DMSimp_MonoZLL_NLO_Vector_TuneCP3_GQ0p25_GDM1p0_MY1-1000_MXd-400_catTOP_sys_QCDScale2wDown
Merging measMET_DMSimp_MonoZLL_NLO_Vector_TuneCP3_GQ0p25_GDM1p0_MY1-1000_MXd-400_catDY_sys_QCDScale2wUp
Merging MT_DMSimp_MonoZLL_NLO_Vector_TuneCP3_GQ0p25_GDM1p0_MY1-1000_MXd-400_cat4L_sys_puWeightUp
Merging balance_DMSimp_MonoZLL_NLO_Vector_TuneCP3_GQ0p25_GDM1p0_MY1-1000_MXd-400_sys_MuonSFUp
Merging measMET_DMSimp_MonoZLL_NLO_Vector_TuneCP3_GQ0p25_GDM1p0_MY1-1000_MXd-400_catNRB_sys_jesTotalUp
Merging MT_DMSimp_MonoZLL_NLO_Vector_TuneCP3_GQ0p25_GDM1p0_MY1-1000_MXd-400_cat3L_sys_EWKDown
Merging measMET_DMSimp_MonoZLL_NLO_Vector_TuneCP3_GQ0p25_GDM1p0_MY1-1000_MXd-400_cat4L_sys_QCDScale0wUp
Merging measMET_DMSimp_MonoZLL_NLO_Vector_TuneCP3_GQ0p25_GDM1p0_MY1-1000_MXd-400_catEM_sys_nvtxWeightDown
Merging MT_DMSimp_MonoZLL_NLO_Vector_TuneCP3_GQ0p25_GDM1p0_MY1-1000_MXd-400_catTOP_sys_QCDScale0wDown
Merging balance_DMSimp_MonoZLL_NLO_Vector_TuneCP3_GQ0p25_GDM1p0_MY1-1000_MXd-400_sys_TriggerSFWeightDown
Merging MT_DMSimp_MonoZLL_NLO_Vector_TuneCP3_GQ0p25_GDM1p0_MY1-1000_MXd-400_catEM_sys_PrefireWeightDown
Merging balance_DMSimp_MonoZLL_NLO_Vector_TuneCP3_GQ0p25_GDM1p0_MY1-1000_MXd-400_sys_QCDScale0wDown
Merging phizmet_DMSimp_MonoZLL_NLO_Vector_TuneCP3_GQ0p25_GDM1p0_MY1-1000_MXd-400_sys_MuonEnDown
Merging measMET_DMSimp_MonoZLL_NLO_Vector_TuneCP3_GQ0p25_GDM1p0_MY1-1000_MXd-400_catSignal-0jet_sys_jesTotalDown
Merging MT_DMSimp_MonoZLL_NLO_Vector_TuneCP3_GQ0p25_GDM1p0_MY1-1000_MXd-400_catSignal-0jet_sys_MuonSFUp
Merging measMET_DMSimp_MonoZLL_NLO_Vector_TuneCP3_GQ0p25_GDM1p0_MY1-1000_MXd-400_cat4L_sys_QCDScale0wDown
Merging njet_DMSimp_MonoZLL_NLO_Vector_TuneCP3_GQ0p25_GDM1p0_MY1-1000_MXd-400_sys_puWeightUp
Merging njet_DMSimp_MonoZLL_NLO_Vector_TuneCP3_GQ0p25_GDM1p0_MY1-1000_MXd-400_sys_MuonEnUp
Merging MT_DMSimp_MonoZLL_NLO_Vector_TuneCP3_GQ0p25_GDM1p0_MY1-1000_MXd-400_catNRB_sys_btagEventWeightDown
Merging phizmet_DMSimp_MonoZLL_NLO_Vector_TuneCP3_GQ0p25_GDM1p0_MY1-1000_MXd-400_sys_PDFDown
Merging MT_DMSimp_MonoZLL_NLO_Vector_TuneCP3_GQ0p25_GDM1p0_MY1-1000_MXd-400_catNRB_sys_ElecronSFUp
Merging MT_DMSimp_MonoZLL_NLO_Vector_TuneCP3_GQ0p25_GDM1p0_MY1-1000_MXd-400_cat4L_sys_ElecronSFDown
Merging MT_DMSimp_MonoZLL_NLO_Vector_TuneCP3_GQ0p25_GDM1p0_MY1-1000_MXd-400_cat3L_sys_PrefireWeightUp
Merging measMET_DMSimp_MonoZLL_NLO_Vector_TuneCP3_GQ0p25_GDM1p0_MY1-1000_MXd-400_catEM_sys_PrefireWeightUp
Merging measMET_DMSimp_MonoZLL_NLO_Vector_TuneCP3_GQ0p25_GDM1p0_MY1-1000_MXd-400_catNRB_sys_PDFDown
Merging MT_DMSimp_MonoZLL_NLO_Vector_TuneCP3_GQ0p25_GDM1p0_MY1-1000_MXd-400_catTOP_sys_nvtxWeightDown
Merging MT_DMSimp_MonoZLL_NLO_Vector_TuneCP3_GQ0p25_GDM1p0_MY1-1000_MXd-400_cat4L_sys_MuonSFDown
Merging MT_DMSimp_MonoZLL_NLO_Vector_TuneCP3_GQ0p25_GDM1p0_MY1-1000_MXd-400_cat3L_sys_ElecronSFDown
Merging MT_DMSimp_MonoZLL_NLO_Vector_TuneCP3_GQ0p25_GDM1p0_MY1-1000_MXd-400_catTOP_sys_EWKUp
Merging MT_DMSimp_MonoZLL_NLO_Vector_TuneCP3_GQ0p25_GDM1p0_MY1-1000_MXd-400_catEM_sys_MuonSFDown
Merging MT_DMSimp_MonoZLL_NLO_Vector_TuneCP3_GQ0p25_GDM1p0_MY1-1000_MXd-400_cat3L_sys_ElectronEnUp
Merging njet_DMSimp_MonoZLL_NLO_Vector_TuneCP3_GQ0p25_GDM1p0_MY1-1000_MXd-400
Merging phizmet_DMSimp_MonoZLL_NLO_Vector_TuneCP3_GQ0p25_GDM1p0_MY1-1000_MXd-400_sys_MuonSFDown
Merging MT_DMSimp_MonoZLL_NLO_Vector_TuneCP3_GQ0p25_GDM1p0_MY1-1000_MXd-400_catDY_sys_puWeightDown
Merging phizmet_DMSimp_MonoZLL_NLO_Vector_TuneCP3_GQ0p25_GDM1p0_MY1-1000_MXd-400_sys_jerUp
Merging njet_DMSimp_MonoZLL_NLO_Vector_TuneCP3_GQ0p25_GDM1p0_MY1-1000_MXd-400_sys_PDFUp
Merging measMET_DMSimp_MonoZLL_NLO_Vector_TuneCP3_GQ0p25_GDM1p0_MY1-1000_MXd-400_cat4L_sys_jesTotalDown
Merging measMET_DMSimp_MonoZLL_NLO_Vector_TuneCP3_GQ0p25_GDM1p0_MY1-1000_MXd-400_catDY_sys_jesTotalDown
Merging MT_DMSimp_MonoZLL_NLO_Vector_TuneCP3_GQ0p25_GDM1p0_MY1-1000_MXd-400_cat3L_sys_btagEventWeightDown
Merging measMET_DMSimp_MonoZLL_NLO_Vector_TuneCP3_GQ0p25_GDM1p0_MY1-1000_MXd-400_cat4L_sys_PrefireWeightUp
Merging MT_DMSimp_MonoZLL_NLO_Vector_TuneCP3_GQ0p25_GDM1p0_MY1-1000_MXd-400_catSignal-0jet_sys_MuonSFDown
Merging MT_DMSimp_MonoZLL_NLO_Vector_TuneCP3_GQ0p25_GDM1p0_MY1-1000_MXd-400_catDY_sys_MuonEnDown
Merging measMET_DMSimp_MonoZLL_NLO_Vector_TuneCP3_GQ0p25_GDM1p0_MY1-1000_MXd-400_catDY_sys_QCDScale0wDown
Merging MT_DMSimp_MonoZLL_NLO_Vector_TuneCP3_GQ0p25_GDM1p0_MY1-1000_MXd-400_catTOP_sys_PrefireWeightUp
Merging measMET_DMSimp_MonoZLL_NLO_Vector_TuneCP3_GQ0p25_GDM1p0_MY1-1000_MXd-400_catEM_sys_TriggerSFWeightDown
Merging measMET_DMSimp_MonoZLL_NLO_Vector_TuneCP3_GQ0p25_GDM1p0_MY1-1000_MXd-400_catTOP_sys_ElectronEnDown
Merging measMET_DMSimp_MonoZLL_NLO_Vector_TuneCP3_GQ0p25_GDM1p0_MY1-1000_MXd-400_catEM_sys_PDFUp
Merging balance_DMSimp_MonoZLL_NLO_Vector_TuneCP3_GQ0p25_GDM1p0_MY1-1000_MXd-400_sys_ElectronEnDown
Merging measMET_DMSimp_MonoZLL_NLO_Vector_TuneCP3_GQ0p25_GDM1p0_MY1-1000_MXd-400_catNRB_sys_MuonEnUp
Merging MT_DMSimp_MonoZLL_NLO_Vector_TuneCP3_GQ0p25_GDM1p0_MY1-1000_MXd-400_cat3L_sys_QCDScale2wUp
Merging MT_DMSimp_MonoZLL_NLO_Vector_TuneCP3_GQ0p25_GDM1p0_MY1-1000_MXd-400_catNRB_sys_jesTotalUp
Merging measMET_DMSimp_MonoZLL_NLO_Vector_TuneCP3_GQ0p25_GDM1p0_MY1-1000_MXd-400_catSignal-0jet_sys_ElectronEnUp
2030 preselected entries from /eos/cms/store/group/phys_exotica/monoZ/Exorcism2018/DMSimp_MonoZLL_NLO_Vector_TuneCP3_GQ0p25_GDM1p0_MY1-1000_MXd-400/tree_0.root (22030 entries). Finally selected 22030 entries
Done ./tree_0_Skim.root
14.6943077067 Hz
----- transfer output to eos :
----- directory after running :
.:
total 6584
-rw-r--r--. 1 cfreer zh    1233 Nov 30 13:48 FrameworkJobReport.xml
-rw-r--r--. 1 cfreer zh       0 Nov 30 13:22 _condor_stderr
-rw-r--r--. 1 cfreer zh   95327 Nov 30 13:48 _condor_stdout
-rw-------. 1 cfreer zh    4914 Nov 30 13:48 cfreer.cc
-rw-r--r--. 1 cfreer zh   16092 Nov 30 13:22 combineHLT_Run2.yaml
-rw-r--r--. 1 cfreer zh    5718 Nov 30 13:22 condor_WSProducer.py
-rwxr-xr-x. 1 cfreer zh     863 Nov 30 13:22 condor_exec.exe
-rwxr-xr-x. 1 cfreer zh    2559 Nov 30 13:22 haddnano.py
-rw-r--r--. 1 cfreer zh       8 Nov 30 13:22 keep_and_drop_WS.txt
drwx------. 3 cfreer zh    4096 Nov 30 13:22 tmp
-rw-r--r--. 1 cfreer zh 3291564 Nov 30 13:48 tree_0.root
-rw-r--r--. 1 cfreer zh 3291420 Nov 30 13:48 tree_0_Skim.root
drwx------. 3 cfreer zh    4096 Nov 30 13:22 var

./tmp:
total 4
drwxr-xr-x. 3 cfreer zh 4096 Nov 30 13:22 mjf-cfreer

./tmp/mjf-cfreer:
total 4
drwxr-xr-x. 2 cfreer zh 4096 Nov 30 13:22 jobfeatures-bigbird09.cern.ch_3032073.0_1574962590

./tmp/mjf-cfreer/jobfeatures-bigbird09.cern.ch_3032073.0_1574962590:
total 28
-rw-r--r--. 1 cfreer zh  1 Nov 30 13:22 allocated_cpu
-rw-r--r--. 1 cfreer zh  6 Nov 30 13:22 cpu_limit_secs
-rw-r--r--. 1 cfreer zh 38 Nov 30 13:22 job_id
-rw-r--r--. 1 cfreer zh 10 Nov 30 13:22 jobstart_secs
-rw-r--r--. 1 cfreer zh 10 Nov 30 13:22 max_rss_bytes
-rw-r--r--. 1 cfreer zh 10 Nov 30 13:22 scratch_limit_bytes
-rw-r--r--. 1 cfreer zh  6 Nov 30 13:22 wall_limit_secs

./var:
total 4
drwx------. 2 cfreer zh 4096 Nov 30 13:22 tmp

./var/tmp:
total 0
 ------ THE END (everyone dies !) ----- 
