
/pool/condor/dir_4583

... start job at 2020-01-13 21:53:26
----- directory before running:
.:
total 100
-rw-r--r--. 1 cfreer zh 11624 Jan 13 21:53 Cert_271036-284044_13TeV_ReReco_07Aug2017_Collisions16_JSON.txt
-rw-r--r--. 1 cfreer zh 14638 Jan 13 21:53 Cert_294927-306462_13TeV_EOY2017ReReco_Collisions17_JSON_v1.txt
-rw-r--r--. 1 cfreer zh 13968 Jan 13 21:53 Cert_314472-325175_13TeV_17SeptEarlyReReco2018ABC_PromptEraD_Collisions18_JSON.txt
-rw-r--r--. 1 cfreer zh     0 Jan 13 21:53 _condor_stderr
-rw-r--r--. 1 cfreer zh    93 Jan 13 21:53 _condor_stdout
-rw-------. 1 cfreer zh  2626 Jan 13 21:53 cfreer.cc
-rw-r--r--. 1 cfreer zh 16092 Jan 13 21:53 combineHLT_Run2.yaml
-rw-r--r--. 1 cfreer zh 10051 Jan 13 21:53 condor_Run2_proc.py
-rwxr-xr-x. 1 cfreer zh   930 Jan 13 21:53 condor_exec.exe
-rwxr-xr-x. 1 cfreer zh  2559 Jan 13 21:53 haddnano.py
-rw-r--r--. 1 cfreer zh   499 Jan 13 21:53 keep_and_drop.txt
drwx------. 3 cfreer zh  4096 Jan 13 21:53 tmp
drwx------. 3 cfreer zh  4096 Jan 13 21:53 var

./tmp:
total 4
drwxr-xr-x. 3 cfreer zh 4096 Jan 13 21:53 mjf-cfreer

./tmp/mjf-cfreer:
total 4
drwxr-xr-x. 2 cfreer zh 4096 Jan 13 21:53 jobfeatures-bigbird09.cern.ch_3299460.0_1578948791

./tmp/mjf-cfreer/jobfeatures-bigbird09.cern.ch_3299460.0_1578948791:
total 28
-rw-r--r--. 1 cfreer zh  1 Jan 13 21:53 allocated_cpu
-rw-r--r--. 1 cfreer zh  6 Jan 13 21:53 cpu_limit_secs
-rw-r--r--. 1 cfreer zh 38 Jan 13 21:53 job_id
-rw-r--r--. 1 cfreer zh 10 Jan 13 21:53 jobstart_secs
-rw-r--r--. 1 cfreer zh 10 Jan 13 21:53 max_rss_bytes
-rw-r--r--. 1 cfreer zh 11 Jan 13 21:53 scratch_limit_bytes
-rw-r--r--. 1 cfreer zh  6 Jan 13 21:53 wall_limit_secs

./var:
total 4
drwx------. 2 cfreer zh 4096 Jan 13 21:53 tmp

./var/tmp:
total 0
----- CMSSW BASE, python path, pwd:
+ CMSSW_BASE  = /afs/cern.ch/work/c/cfreer/MonoZ_2019/MT_plots/CMSSW_10_6_4
+ PYTHON_PATH = 
+ PWD         = /pool/condor/dir_4583
----- Found Proxy in: /afs/cern.ch/user/c/cfreer/x509up_u85831
/store/mc/RunIIAutumn18NanoAODv5/ADDMonoZ_MD_3_d_5/NANOAODSIM/Nano1June2019_102X_upgrade2018_realistic_v19-v1/40000/075448A4-7E2C-7148-B880-C746A0EB19D0.root  ->  root://eoscms.cern.ch//eos/cms/store/mc/RunIIAutumn18NanoAODv5/ADDMonoZ_MD_3_d_5/NANOAODSIM/Nano1June2019_102X_upgrade2018_realistic_v19-v1/40000/075448A4-7E2C-7148-B880-C746A0EB19D0.root
Testing file open
---------------------------
 -- options  =  Namespace(dataset='X', doSyst=1, era='2018', infile='root://cms-xrd-global.cern.ch//store/mc/RunIIAutumn18NanoAODv5/ADDMonoZ_MD_3_d_5/NANOAODSIM/Nano1June2019_102X_upgrade2018_realistic_v19-v1/40000/075448A4-7E2C-7148-B880-C746A0EB19D0.root', isMC=1, jobNum=0, json=None, nevt=-1)
 -- is MC    =  1
 -- jobNum   =  0
 -- era      =  2018
 -- in file  =  root://cms-xrd-global.cern.ch//store/mc/RunIIAutumn18NanoAODv5/ADDMonoZ_MD_3_d_5/NANOAODSIM/Nano1June2019_102X_upgrade2018_realistic_v19-v1/40000/075448A4-7E2C-7148-B880-C746A0EB19D0.root
 -- dataset  =  X
---------------------------
[check] condtag_ ==  Nano1June2019_102X_upgrade2018_realistic_v19-v1
[check] dataset  ==  ADDMonoZ_MD_3_d_5
Loading btagSF weights for deep-CSV (b) algorithm from file '/afs/cern.ch/work/c/cfreer/MonoZ_2019/MT_plots/CMSSW_10_6_4/src/PhysicsTools/NanoAODTools/data/btagSF/DeepCSV_102XSF_V1.csv'
Load Library 'CondFormatsBTauObjects'
Load Library 'CondToolsBTau'
Loading C++ helper from /afs/cern.ch/work/c/cfreer/MonoZ_2019/MT_plots/CMSSW_10_6_4/src/PhysicsTools/NanoAODTools/python/postprocessing/data/roccor.Run2.v3/RoccoR.cc
Load C++ Worker
/afs/cern.ch/work/c/cfreer/MonoZ_2019/MT_plots/CMSSW_10_6_4/src/PhysicsTools/MonoZ/data/Nvtx/npvWeights_2018.root
/afs/cern.ch/work/c/cfreer/MonoZ_2019/MT_plots/CMSSW_10_6_4/src/PhysicsTools/MonoZ/data/BTagEff/BTagEff_2018.root
modules :  <PhysicsTools.MonoZ.GenWeightProducer.GenWeightProducer object at 0x2b9fbf9bb510>
modules :  <PhysicsTools.NanoAODTools.postprocessing.modules.common.puWeightProducer.puWeightProducer object at 0x2b9fbf9bb550>
modules :  <PhysicsTools.NanoAODTools.postprocessing.modules.jme.jetmetUncertainties.jetmetUncertaintiesProducer object at 0x2b9fc0876550>
modules :  <PhysicsTools.NanoAODTools.postprocessing.modules.btv.btagSFProducer.btagSFProducer object at 0x2b9fc0894d90>
modules :  <PhysicsTools.NanoAODTools.postprocessing.modules.common.muonScaleResProducer.muonScaleResProducer object at 0x2b9fc0894dd0>
modules :  <PhysicsTools.NanoAODTools.postprocessing.modules.common.lepSFProducer.lepSFProducer object at 0x2b9fc08a2850>
modules :  <PhysicsTools.MonoZ.NvtxPUreweight.nvtxWeightProducer object at 0x2b9fc08a7110>
modules :  <PhysicsTools.MonoZ.MonoZProducer.MonoZProducer object at 0x2b9fc08a7150>
modules :  <PhysicsTools.MonoZ.TriggerSFProducer.TriggerSFProducer object at 0x2b9fc08a7190>
modules :  <PhysicsTools.MonoZ.BtagEventWeightProducer.BtagEventWeightProducer object at 0x2b9fc08a71d0>
modules :  <PhysicsTools.MonoZ.MonoZWSProducer.MonoZWSProducer object at 0x2b9fc08a7210>
modules :  <PhysicsTools.MonoZ.MonoZProducer.MonoZProducer object at 0x2b9fc08a72d0>
modules :  <PhysicsTools.MonoZ.MonoZWSProducer.MonoZWSProducer object at 0x2b9fc08a7310>
modules :  <PhysicsTools.MonoZ.MonoZProducer.MonoZProducer object at 0x2b9fc08a7350>
modules :  <PhysicsTools.MonoZ.MonoZWSProducer.MonoZWSProducer object at 0x2b9fc08a7390>
modules :  <PhysicsTools.MonoZ.MonoZProducer.MonoZProducer object at 0x2b9fc08a73d0>
modules :  <PhysicsTools.MonoZ.MonoZWSProducer.MonoZWSProducer object at 0x2b9fc08a7410>
modules :  <PhysicsTools.MonoZ.MonoZProducer.MonoZProducer object at 0x2b9fc08a7450>
modules :  <PhysicsTools.MonoZ.MonoZWSProducer.MonoZWSProducer object at 0x2b9fc08a7490>
modules :  <PhysicsTools.MonoZ.MonoZProducer.MonoZProducer object at 0x2b9fc08a74d0>
modules :  <PhysicsTools.MonoZ.MonoZWSProducer.MonoZWSProducer object at 0x2b9fc08a7510>
modules :  <PhysicsTools.MonoZ.MonoZProducer.MonoZProducer object at 0x2b9fc08a7550>
modules :  <PhysicsTools.MonoZ.MonoZWSProducer.MonoZWSProducer object at 0x2b9fc08a7590>
modules :  <PhysicsTools.MonoZ.MonoZProducer.MonoZProducer object at 0x2b9fc08a75d0>
modules :  <PhysicsTools.MonoZ.MonoZWSProducer.MonoZWSProducer object at 0x2b9fc08a7610>
modules :  <PhysicsTools.MonoZ.MonoZProducer.MonoZProducer object at 0x2b9fc08a7650>
modules :  <PhysicsTools.MonoZ.MonoZWSProducer.MonoZWSProducer object at 0x2b9fc08a7690>
modules :  <PhysicsTools.MonoZ.MonoZWSProducer.MonoZWSProducer object at 0x2b9fc08a76d0>
modules :  <PhysicsTools.MonoZ.MonoZWSProducer.MonoZWSProducer object at 0x2b9fc08a7710>
modules :  <PhysicsTools.MonoZ.MonoZWSProducer.MonoZWSProducer object at 0x2b9fc08a7750>
modules :  <PhysicsTools.MonoZ.MonoZWSProducer.MonoZWSProducer object at 0x2b9fc08a7790>
modules :  <PhysicsTools.MonoZ.MonoZWSProducer.MonoZWSProducer object at 0x2b9fc08a77d0>
modules :  <PhysicsTools.MonoZ.MonoZWSProducer.MonoZWSProducer object at 0x2b9fc08a7810>
modules :  <PhysicsTools.MonoZ.MonoZWSProducer.MonoZWSProducer object at 0x2b9fc08a7850>
modules :  <PhysicsTools.MonoZ.MonoZWSProducer.MonoZWSProducer object at 0x2b9fc08a7890>
modules :  <PhysicsTools.MonoZ.MonoZWSProducer.MonoZWSProducer object at 0x2b9fc08a78d0>
modules :  <PhysicsTools.MonoZ.MonoZWSProducer.MonoZWSProducer object at 0x2b9fc08a7910>
modules :  <PhysicsTools.MonoZ.MonoZWSProducer.MonoZWSProducer object at 0x2b9fc08a7950>
modules :  <PhysicsTools.MonoZ.MonoZWSProducer.MonoZWSProducer object at 0x2b9fc08a7990>
modules :  <PhysicsTools.MonoZ.MonoZWSProducer.MonoZWSProducer object at 0x2b9fc08a79d0>
modules :  <PhysicsTools.MonoZ.MonoZWSProducer.MonoZWSProducer object at 0x2b9fc08a7a50>
modules :  <PhysicsTools.MonoZ.MonoZWSProducer.MonoZWSProducer object at 0x2b9fc08a7ad0>
modules :  <PhysicsTools.MonoZ.MonoZWSProducer.MonoZWSProducer object at 0x2b9fc08a7b50>
modules :  <PhysicsTools.MonoZ.MonoZWSProducer.MonoZWSProducer object at 0x2b9fc08a7bd0>
modules :  <PhysicsTools.MonoZ.MonoZWSProducer.MonoZWSProducer object at 0x2b9fc08a7c10>
modules :  <PhysicsTools.MonoZ.MonoZWSProducer.MonoZWSProducer object at 0x2b9fc08a7c50>
modules :  <PhysicsTools.MonoZ.MonoZWSProducer.MonoZWSProducer object at 0x2b9fc08a7c90>
modules :  <PhysicsTools.MonoZ.MonoZWSProducer.MonoZWSProducer object at 0x2b9fc08a7cd0>
modules :  <PhysicsTools.MonoZ.MonoZWSProducer.MonoZWSProducer object at 0x2b9fc08a7d10>
Selection :  ((Sum$(Electron_pt>20 & &abs(Electron_eta)<2.5) + Sum$(Muon_pt>20 && abs(Muon_eta)<2.5) )>=2)&& Flag_METFilters
Will write selected trees to .
Loading jet energy scale (JES) uncertainties from file '/pool/condor/dir_4583/tmp/tmp_6hlIZ/Autumn18_V8_MC_UncertaintySources_AK4PFchs.txt'
Loading jet energy resolutions (JER) from file '/pool/condor/dir_4583/tmp/tmplaI3UL/Fall17_V3_MC_PtResolution_AK4PFchs.txt'
Loading JER scale factors and uncertainties from file '/pool/condor/dir_4583/tmp/tmplaI3UL/Fall17_V3_MC_SF_AK4PFchs.txt'
 --> opening this file : /afs/cern.ch/work/c/cfreer/MonoZ_2019/MT_plots/CMSSW_10_6_4/src/PhysicsTools/NanoAODTools/python/postprocessing/data/leptonSF/2018_Mu_EfficienciesStudies_2018_trigger_EfficienciesAndSF_2018Data_BeforeMuonHLTUpdate.root
Loading histogram IsoMu24_PtEtaBins/pt_abseta_ratio from file /afs/cern.ch/work/c/cfreer/MonoZ_2019/MT_plots/CMSSW_10_6_4/src/PhysicsTools/NanoAODTools/python/postprocessing/data/leptonSF/2018_Mu_EfficienciesStudies_2018_trigger_EfficienciesAndSF_2018Data_BeforeMuonHLTUpdate.root... 
---- doing a push_back
---- closing the file
---- file closed
 --> opening this file : /afs/cern.ch/work/c/cfreer/MonoZ_2019/MT_plots/CMSSW_10_6_4/src/PhysicsTools/NanoAODTools/python/postprocessing/data/leptonSF/2018_Mu_EfficienciesStudies_2018_trigger_EfficienciesAndSF_2018Data_AfterMuonHLTUpdate.root
Loading histogram IsoMu24_PtEtaBins/pt_abseta_ratio from file /afs/cern.ch/work/c/cfreer/MonoZ_2019/MT_plots/CMSSW_10_6_4/src/PhysicsTools/NanoAODTools/python/postprocessing/data/leptonSF/2018_Mu_EfficienciesStudies_2018_trigger_EfficienciesAndSF_2018Data_AfterMuonHLTUpdate.root... 
---- doing a push_back
---- closing the file
---- file closed
 --> opening this file : /afs/cern.ch/work/c/cfreer/MonoZ_2019/MT_plots/CMSSW_10_6_4/src/PhysicsTools/NanoAODTools/python/postprocessing/data/leptonSF/2018_Mu_EfficienciesStudies_2018_rootfiles_RunABCD_SF_ID.root
Loading histogram NUM_LooseID_DEN_TrackerMuons_pt_abseta from file /afs/cern.ch/work/c/cfreer/MonoZ_2019/MT_plots/CMSSW_10_6_4/src/PhysicsTools/NanoAODTools/python/postprocessing/data/leptonSF/2018_Mu_EfficienciesStudies_2018_rootfiles_RunABCD_SF_ID.root... 
---- doing a push_back
---- closing the file
---- file closed
 --> opening this file : /afs/cern.ch/work/c/cfreer/MonoZ_2019/MT_plots/CMSSW_10_6_4/src/PhysicsTools/NanoAODTools/python/postprocessing/data/leptonSF/2018_Mu_EfficienciesStudies_2018_rootfiles_RunABCD_SF_ISO.root
Loading histogram NUM_LooseRelIso_DEN_LooseID_pt_abseta from file /afs/cern.ch/work/c/cfreer/MonoZ_2019/MT_plots/CMSSW_10_6_4/src/PhysicsTools/NanoAODTools/python/postprocessing/data/leptonSF/2018_Mu_EfficienciesStudies_2018_rootfiles_RunABCD_SF_ISO.root... 
---- doing a push_back
---- closing the file
---- file closed
---- the end of the init function 
 --> opening this file : /afs/cern.ch/work/c/cfreer/MonoZ_2019/MT_plots/CMSSW_10_6_4/src/PhysicsTools/NanoAODTools/python/postprocessing/data/leptonSF/2018_El_MVA90.root
Loading histogram EGamma_SF2D from file /afs/cern.ch/work/c/cfreer/MonoZ_2019/MT_plots/CMSSW_10_6_4/src/PhysicsTools/NanoAODTools/python/postprocessing/data/leptonSF/2018_El_MVA90.root... 
---- doing a push_back
---- closing the file
---- file closed
 --> opening this file : /afs/cern.ch/work/c/cfreer/MonoZ_2019/MT_plots/CMSSW_10_6_4/src/PhysicsTools/NanoAODTools/python/postprocessing/data/leptonSF/2018_El_egammaEffi.txt_EGM2D_updatedAll.root
Loading histogram EGamma_SF2D from file /afs/cern.ch/work/c/cfreer/MonoZ_2019/MT_plots/CMSSW_10_6_4/src/PhysicsTools/NanoAODTools/python/postprocessing/data/leptonSF/2018_El_egammaEffi.txt_EGM2D_updatedAll.root... 
---- doing a push_back
---- closing the file
---- file closed
---- the end of the init function 
Pre-select 17051 entries out of 26000 (65.58%)
Computing PU profile for this file
----- transfert output to eos :
----- directory after running :
.:
total 2420
-rw-r--r--. 1 cfreer zh 2358996 Jan 13 21:57 075448A4-7E2C-7148-B880-C746A0EB19D0_Skim.root
-rw-r--r--. 1 cfreer zh   11624 Jan 13 21:53 Cert_271036-284044_13TeV_ReReco_07Aug2017_Collisions16_JSON.txt
-rw-r--r--. 1 cfreer zh   14638 Jan 13 21:53 Cert_294927-306462_13TeV_EOY2017ReReco_Collisions17_JSON_v1.txt
-rw-r--r--. 1 cfreer zh   13968 Jan 13 21:53 Cert_314472-325175_13TeV_17SeptEarlyReReco2018ABC_PromptEraD_Collisions18_JSON.txt
-rw-r--r--. 1 cfreer zh    1805 Jan 13 21:57 _condor_stderr
-rw-r--r--. 1 cfreer zh   12195 Jan 13 21:57 _condor_stdout
-rw-------. 1 cfreer zh    4882 Jan 13 21:53 cfreer.cc
-rw-r--r--. 1 cfreer zh   16092 Jan 13 21:53 combineHLT_Run2.yaml
-rw-r--r--. 1 cfreer zh   10051 Jan 13 21:53 condor_Run2_proc.py
-rwxr-xr-x. 1 cfreer zh     930 Jan 13 21:53 condor_exec.exe
-rwxr-xr-x. 1 cfreer zh    2559 Jan 13 21:53 haddnano.py
-rw-r--r--. 1 cfreer zh     499 Jan 13 21:53 keep_and_drop.txt
drwx------. 5 cfreer zh    4096 Jan 13 21:53 tmp
drwx------. 3 cfreer zh    4096 Jan 13 21:53 var

./tmp:
total 12
drwxr-xr-x. 3 cfreer zh 4096 Jan 13 21:53 mjf-cfreer
drwx------. 2 cfreer zh 4096 Jan 13 21:53 tmp_6hlIZ
drwx------. 2 cfreer zh 4096 Jan 13 21:53 tmplaI3UL

./tmp/mjf-cfreer:
total 4
drwxr-xr-x. 2 cfreer zh 4096 Jan 13 21:53 jobfeatures-bigbird09.cern.ch_3299460.0_1578948791

./tmp/mjf-cfreer/jobfeatures-bigbird09.cern.ch_3299460.0_1578948791:
total 28
-rw-r--r--. 1 cfreer zh  1 Jan 13 21:53 allocated_cpu
-rw-r--r--. 1 cfreer zh  6 Jan 13 21:53 cpu_limit_secs
-rw-r--r--. 1 cfreer zh 38 Jan 13 21:53 job_id
-rw-r--r--. 1 cfreer zh 10 Jan 13 21:53 jobstart_secs
-rw-r--r--. 1 cfreer zh 10 Jan 13 21:53 max_rss_bytes
-rw-r--r--. 1 cfreer zh 11 Jan 13 21:53 scratch_limit_bytes
-rw-r--r--. 1 cfreer zh  6 Jan 13 21:53 wall_limit_secs

./tmp/tmp_6hlIZ:
total 18444
-rwxrwxr-x. 1 cfreer zh     150 Apr  2  2019 Autumn18_V8_MC_L1FastJet_AK4Calo.txt
-rwxrwxr-x. 1 cfreer zh     150 Apr  2  2019 Autumn18_V8_MC_L1FastJet_AK4JPT.txt
-rw-rw-r--. 1 cfreer zh   15518 Apr  2  2019 Autumn18_V8_MC_L1FastJet_AK4PF.txt
-rwxrwxr-x. 1 cfreer zh     150 Apr  2  2019 Autumn18_V8_MC_L1FastJet_AK4PFPuppi.txt
-rw-rw-r--. 1 cfreer zh   15518 Apr  2  2019 Autumn18_V8_MC_L1FastJet_AK4PFchs.txt
-rw-rw-r--. 1 cfreer zh   15518 Apr  2  2019 Autumn18_V8_MC_L1FastJet_AK8PF.txt
-rwxrwxr-x. 1 cfreer zh     150 Apr  2  2019 Autumn18_V8_MC_L1FastJet_AK8PFPuppi.txt
-rw-rw-r--. 1 cfreer zh   15518 Apr  2  2019 Autumn18_V8_MC_L1FastJet_AK8PFchs.txt
-rw-rw-r--. 1 cfreer zh   15518 Apr  2  2019 Autumn18_V8_MC_L1JPTOffset_AK4JPT.txt
-rw-rw-r--. 1 cfreer zh    8651 Apr  2  2019 Autumn18_V8_MC_L1RC_AK4PF.txt
-rw-rw-r--. 1 cfreer zh    8651 Apr  2  2019 Autumn18_V8_MC_L1RC_AK4PFchs.txt
-rw-rw-r--. 1 cfreer zh    8651 Apr  2  2019 Autumn18_V8_MC_L1RC_AK8PF.txt
-rw-rw-r--. 1 cfreer zh    8651 Apr  2  2019 Autumn18_V8_MC_L1RC_AK8PFchs.txt
-rw-rw-r--. 1 cfreer zh     176 Apr  2  2019 Autumn18_V8_MC_L2L3Residual_AK4Calo.txt
-rw-rw-r--. 1 cfreer zh     176 Apr  2  2019 Autumn18_V8_MC_L2L3Residual_AK4JPT.txt
-rw-rw-r--. 1 cfreer zh     176 Apr  2  2019 Autumn18_V8_MC_L2L3Residual_AK4PF.txt
-rw-rw-r--. 1 cfreer zh     176 Apr  2  2019 Autumn18_V8_MC_L2L3Residual_AK4PFPuppi.txt
-rw-rw-r--. 1 cfreer zh     176 Apr  2  2019 Autumn18_V8_MC_L2L3Residual_AK4PFchs.txt
-rw-rw-r--. 1 cfreer zh     176 Apr  2  2019 Autumn18_V8_MC_L2L3Residual_AK8PF.txt
-rw-rw-r--. 1 cfreer zh     176 Apr  2  2019 Autumn18_V8_MC_L2L3Residual_AK8PFPuppi.txt
-rw-rw-r--. 1 cfreer zh     176 Apr  2  2019 Autumn18_V8_MC_L2L3Residual_AK8PFchs.txt
-rw-rw-r--. 1 cfreer zh      76 Apr  2  2019 Autumn18_V8_MC_L2Relative_AK4Calo.txt
-rw-rw-r--. 1 cfreer zh      76 Apr  2  2019 Autumn18_V8_MC_L2Relative_AK4JPT.txt
-rw-rw-r--. 1 cfreer zh      76 Apr  2  2019 Autumn18_V8_MC_L2Relative_AK4PF.txt
-rw-rw-r--. 1 cfreer zh  287389 Apr  2  2019 Autumn18_V8_MC_L2Relative_AK4PFPuppi.txt
-rw-rw-r--. 1 cfreer zh  299853 Apr  2  2019 Autumn18_V8_MC_L2Relative_AK4PFchs.txt
-rw-rw-r--. 1 cfreer zh      76 Apr  2  2019 Autumn18_V8_MC_L2Relative_AK8PF.txt
-rw-rw-r--. 1 cfreer zh  227197 Apr  2  2019 Autumn18_V8_MC_L2Relative_AK8PFPuppi.txt
-rw-rw-r--. 1 cfreer zh  268693 Apr  2  2019 Autumn18_V8_MC_L2Relative_AK8PFchs.txt
-rw-rw-r--. 1 cfreer zh     176 Apr  2  2019 Autumn18_V8_MC_L2Residual_AK4Calo.txt
-rw-rw-r--. 1 cfreer zh     176 Apr  2  2019 Autumn18_V8_MC_L2Residual_AK4JPT.txt
-rw-rw-r--. 1 cfreer zh     176 Apr  2  2019 Autumn18_V8_MC_L2Residual_AK4PF.txt
-rw-rw-r--. 1 cfreer zh     176 Apr  2  2019 Autumn18_V8_MC_L2Residual_AK4PFPuppi.txt
-rw-rw-r--. 1 cfreer zh     176 Apr  2  2019 Autumn18_V8_MC_L2Residual_AK4PFchs.txt
-rw-rw-r--. 1 cfreer zh     176 Apr  2  2019 Autumn18_V8_MC_L2Residual_AK8PF.txt
-rw-rw-r--. 1 cfreer zh     176 Apr  2  2019 Autumn18_V8_MC_L2Residual_AK8PFPuppi.txt
-rw-rw-r--. 1 cfreer zh     176 Apr  2  2019 Autumn18_V8_MC_L2Residual_AK8PFchs.txt
-rw-rw-r--. 1 cfreer zh     105 Apr  2  2019 Autumn18_V8_MC_L3Absolute_AK4Calo.txt
-rw-rw-r--. 1 cfreer zh     105 Apr  2  2019 Autumn18_V8_MC_L3Absolute_AK4JPT.txt
-rwxrwxr-x. 1 cfreer zh     177 Apr  2  2019 Autumn18_V8_MC_L3Absolute_AK4PF.txt
-rwxrwxr-x. 1 cfreer zh     177 Apr  2  2019 Autumn18_V8_MC_L3Absolute_AK4PFPuppi.txt
-rwxrwxr-x. 1 cfreer zh     177 Apr  2  2019 Autumn18_V8_MC_L3Absolute_AK4PFchs.txt
-rwxrwxr-x. 1 cfreer zh     177 Apr  2  2019 Autumn18_V8_MC_L3Absolute_AK8PF.txt
-rwxrwxr-x. 1 cfreer zh     177 Apr  2  2019 Autumn18_V8_MC_L3Absolute_AK8PFPuppi.txt
-rwxrwxr-x. 1 cfreer zh     177 Apr  2  2019 Autumn18_V8_MC_L3Absolute_AK8PFchs.txt
-rw-rw-r--. 1 cfreer zh 2149862 Apr  2  2019 Autumn18_V8_MC_UncertaintySources_AK4Calo.txt
-rw-rw-r--. 1 cfreer zh 2149862 Apr  2  2019 Autumn18_V8_MC_UncertaintySources_AK4JPT.txt
-rw-rw-r--. 1 cfreer zh 2149862 Apr  2  2019 Autumn18_V8_MC_UncertaintySources_AK4PF.txt
-rw-rw-r--. 1 cfreer zh 2149862 Apr  2  2019 Autumn18_V8_MC_UncertaintySources_AK4PFPuppi.txt
-rw-rw-r--. 1 cfreer zh 2149862 Apr  2  2019 Autumn18_V8_MC_UncertaintySources_AK4PFchs.txt
-rw-rw-r--. 1 cfreer zh 2149862 Apr  2  2019 Autumn18_V8_MC_UncertaintySources_AK8PF.txt
-rw-rw-r--. 1 cfreer zh 2149862 Apr  2  2019 Autumn18_V8_MC_UncertaintySources_AK8PFPuppi.txt
-rw-rw-r--. 1 cfreer zh 2149862 Apr  2  2019 Autumn18_V8_MC_UncertaintySources_AK8PFchs.txt
-rw-rw-r--. 1 cfreer zh   40604 Apr  2  2019 Autumn18_V8_MC_Uncertainty_AK4Calo.txt
-rw-rw-r--. 1 cfreer zh   40604 Apr  2  2019 Autumn18_V8_MC_Uncertainty_AK4JPT.txt
-rw-rw-r--. 1 cfreer zh   40604 Apr  2  2019 Autumn18_V8_MC_Uncertainty_AK4PF.txt
-rw-rw-r--. 1 cfreer zh   40604 Apr  2  2019 Autumn18_V8_MC_Uncertainty_AK4PFPuppi.txt
-rw-rw-r--. 1 cfreer zh   40604 Apr  2  2019 Autumn18_V8_MC_Uncertainty_AK4PFchs.txt
-rw-rw-r--. 1 cfreer zh   40604 Apr  2  2019 Autumn18_V8_MC_Uncertainty_AK8PF.txt
-rw-rw-r--. 1 cfreer zh   40604 Apr  2  2019 Autumn18_V8_MC_Uncertainty_AK8PFPuppi.txt
-rw-rw-r--. 1 cfreer zh   40604 Apr  2  2019 Autumn18_V8_MC_Uncertainty_AK8PFchs.txt

./tmp/tmplaI3UL:
total 408
-rw-rw-r--. 1 cfreer zh 17775 Apr  2  2019 Fall17_V3_MC_EtaResolution_AK4PF.txt
-rw-rw-r--. 1 cfreer zh 17775 Apr  2  2019 Fall17_V3_MC_EtaResolution_AK4PFPuppi.txt
-rw-rw-r--. 1 cfreer zh 17775 Apr  2  2019 Fall17_V3_MC_EtaResolution_AK4PFchs.txt
-rw-rw-r--. 1 cfreer zh 17775 Apr  2  2019 Fall17_V3_MC_EtaResolution_AK8PF.txt
-rw-rw-r--. 1 cfreer zh 17775 Apr  2  2019 Fall17_V3_MC_EtaResolution_AK8PFPuppi.txt
-rw-rw-r--. 1 cfreer zh 17775 Apr  2  2019 Fall17_V3_MC_EtaResolution_AK8PFchs.txt
-rw-rw-r--. 1 cfreer zh 17775 Apr  2  2019 Fall17_V3_MC_PhiResolution_AK4PF.txt
-rw-rw-r--. 1 cfreer zh 17775 Apr  2  2019 Fall17_V3_MC_PhiResolution_AK4PFPuppi.txt
-rw-rw-r--. 1 cfreer zh 17775 Apr  2  2019 Fall17_V3_MC_PhiResolution_AK4PFchs.txt
-rw-rw-r--. 1 cfreer zh 17775 Apr  2  2019 Fall17_V3_MC_PhiResolution_AK8PF.txt
-rw-rw-r--. 1 cfreer zh 17775 Apr  2  2019 Fall17_V3_MC_PhiResolution_AK8PFPuppi.txt
-rw-rw-r--. 1 cfreer zh 17775 Apr  2  2019 Fall17_V3_MC_PhiResolution_AK8PFchs.txt
-rw-rw-r--. 1 cfreer zh 20537 Apr  2  2019 Fall17_V3_MC_PtResolution_AK4PF.txt
-rw-rw-r--. 1 cfreer zh 20537 Apr  2  2019 Fall17_V3_MC_PtResolution_AK4PFPuppi.txt
-rw-rw-r--. 1 cfreer zh 20537 Apr  2  2019 Fall17_V3_MC_PtResolution_AK4PFchs.txt
-rw-rw-r--. 1 cfreer zh 20537 Apr  2  2019 Fall17_V3_MC_PtResolution_AK8PF.txt
-rw-rw-r--. 1 cfreer zh 20537 Apr  2  2019 Fall17_V3_MC_PtResolution_AK8PFPuppi.txt
-rw-rw-r--. 1 cfreer zh 20537 Apr  2  2019 Fall17_V3_MC_PtResolution_AK8PFchs.txt
-rw-rw-r--. 1 cfreer zh   966 Apr  2  2019 Fall17_V3_MC_SF_AK4PF.txt
-rw-rw-r--. 1 cfreer zh   966 Apr  2  2019 Fall17_V3_MC_SF_AK4PFPuppi.txt
-rw-rw-r--. 1 cfreer zh   966 Apr  2  2019 Fall17_V3_MC_SF_AK4PFchs.txt
-rw-rw-r--. 1 cfreer zh   966 Apr  2  2019 Fall17_V3_MC_SF_AK8PF.txt
-rw-rw-r--. 1 cfreer zh   966 Apr  2  2019 Fall17_V3_MC_SF_AK8PFPuppi.txt
-rw-rw-r--. 1 cfreer zh   966 Apr  2  2019 Fall17_V3_MC_SF_AK8PFchs.txt

./var:
total 4
drwx------. 2 cfreer zh 4096 Jan 13 21:53 tmp

./var/tmp:
total 0
 ------ THE END (everyone dies !) ----- 
