
/pool/condor/dir_10263

... start job at 2020-01-13 21:53:26
----- directory before running:
.:
total 100
-rw-r--r--. 1 cfreer zh 11624 Jan 13 21:53 Cert_271036-284044_13TeV_ReReco_07Aug2017_Collisions16_JSON.txt
-rw-r--r--. 1 cfreer zh 14638 Jan 13 21:53 Cert_294927-306462_13TeV_EOY2017ReReco_Collisions17_JSON_v1.txt
-rw-r--r--. 1 cfreer zh 13968 Jan 13 21:53 Cert_314472-325175_13TeV_17SeptEarlyReReco2018ABC_PromptEraD_Collisions18_JSON.txt
-rw-r--r--. 1 cfreer zh     0 Jan 13 21:53 _condor_stderr
-rw-r--r--. 1 cfreer zh    94 Jan 13 21:53 _condor_stdout
-rw-------. 1 cfreer zh  2626 Jan 13 21:53 cfreer.cc
-rw-r--r--. 1 cfreer zh 16092 Jan 13 21:53 combineHLT_Run2.yaml
-rw-r--r--. 1 cfreer zh 10051 Jan 13 21:53 condor_Run2_proc.py
-rwxr-xr-x. 1 cfreer zh   930 Jan 13 21:53 condor_exec.exe
-rwxr-xr-x. 1 cfreer zh  2559 Jan 13 21:53 haddnano.py
-rw-r--r--. 1 cfreer zh   499 Jan 13 21:53 keep_and_drop.txt
drwx------. 3 cfreer zh  4096 Jan 13 21:53 tmp
drwx------. 3 cfreer zh  4096 Jan 13 21:53 var

./tmp:
total 4
drwxr-xr-x. 3 cfreer zh 4096 Jan 13 21:53 mjf-cfreer

./tmp/mjf-cfreer:
total 4
drwxr-xr-x. 2 cfreer zh 4096 Jan 13 21:53 jobfeatures-bigbird09.cern.ch_3299460.1_1578948791

./tmp/mjf-cfreer/jobfeatures-bigbird09.cern.ch_3299460.1_1578948791:
total 28
-rw-r--r--. 1 cfreer zh  1 Jan 13 21:53 allocated_cpu
-rw-r--r--. 1 cfreer zh  6 Jan 13 21:53 cpu_limit_secs
-rw-r--r--. 1 cfreer zh 38 Jan 13 21:53 job_id
-rw-r--r--. 1 cfreer zh 10 Jan 13 21:53 jobstart_secs
-rw-r--r--. 1 cfreer zh 10 Jan 13 21:53 max_rss_bytes
-rw-r--r--. 1 cfreer zh 11 Jan 13 21:53 scratch_limit_bytes
-rw-r--r--. 1 cfreer zh  6 Jan 13 21:53 wall_limit_secs

./var:
total 4
drwx------. 2 cfreer zh 4096 Jan 13 21:53 tmp

./var/tmp:
total 0
----- CMSSW BASE, python path, pwd:
+ CMSSW_BASE  = /afs/cern.ch/work/c/cfreer/MonoZ_2019/MT_plots/CMSSW_10_6_4
+ PYTHON_PATH = 
+ PWD         = /pool/condor/dir_10263
----- Found Proxy in: /afs/cern.ch/user/c/cfreer/x509up_u85831
/store/mc/RunIIAutumn18NanoAODv5/ADDMonoZ_MD_3_d_5/NANOAODSIM/Nano1June2019_102X_upgrade2018_realistic_v19-v1/40000/663E1709-CEB3-0B46-A220-66360CD09EC9.root  ->  root://eoscms.cern.ch//eos/cms/store/mc/RunIIAutumn18NanoAODv5/ADDMonoZ_MD_3_d_5/NANOAODSIM/Nano1June2019_102X_upgrade2018_realistic_v19-v1/40000/663E1709-CEB3-0B46-A220-66360CD09EC9.root
Testing file open
---------------------------
 -- options  =  Namespace(dataset='X', doSyst=1, era='2018', infile='root://cms-xrd-global.cern.ch//store/mc/RunIIAutumn18NanoAODv5/ADDMonoZ_MD_3_d_5/NANOAODSIM/Nano1June2019_102X_upgrade2018_realistic_v19-v1/40000/663E1709-CEB3-0B46-A220-66360CD09EC9.root', isMC=1, jobNum=1, json=None, nevt=-1)
 -- is MC    =  1
 -- jobNum   =  1
 -- era      =  2018
 -- in file  =  root://cms-xrd-global.cern.ch//store/mc/RunIIAutumn18NanoAODv5/ADDMonoZ_MD_3_d_5/NANOAODSIM/Nano1June2019_102X_upgrade2018_realistic_v19-v1/40000/663E1709-CEB3-0B46-A220-66360CD09EC9.root
 -- dataset  =  X
---------------------------
[check] condtag_ ==  Nano1June2019_102X_upgrade2018_realistic_v19-v1
[check] dataset  ==  ADDMonoZ_MD_3_d_5
Loading btagSF weights for deep-CSV (b) algorithm from file '/afs/cern.ch/work/c/cfreer/MonoZ_2019/MT_plots/CMSSW_10_6_4/src/PhysicsTools/NanoAODTools/data/btagSF/DeepCSV_102XSF_V1.csv'
Load Library 'CondFormatsBTauObjects'
Load Library 'CondToolsBTau'
Loading C++ helper from /afs/cern.ch/work/c/cfreer/MonoZ_2019/MT_plots/CMSSW_10_6_4/src/PhysicsTools/NanoAODTools/python/postprocessing/data/roccor.Run2.v3/RoccoR.cc
Load C++ Worker
/afs/cern.ch/work/c/cfreer/MonoZ_2019/MT_plots/CMSSW_10_6_4/src/PhysicsTools/MonoZ/data/Nvtx/npvWeights_2018.root
/afs/cern.ch/work/c/cfreer/MonoZ_2019/MT_plots/CMSSW_10_6_4/src/PhysicsTools/MonoZ/data/BTagEff/BTagEff_2018.root
modules :  <PhysicsTools.MonoZ.GenWeightProducer.GenWeightProducer object at 0x2b42526ec510>
modules :  <PhysicsTools.NanoAODTools.postprocessing.modules.common.puWeightProducer.puWeightProducer object at 0x2b42526ec550>
modules :  <PhysicsTools.NanoAODTools.postprocessing.modules.jme.jetmetUncertainties.jetmetUncertaintiesProducer object at 0x2b42535a6550>
modules :  <PhysicsTools.NanoAODTools.postprocessing.modules.btv.btagSFProducer.btagSFProducer object at 0x2b42535c5d90>
modules :  <PhysicsTools.NanoAODTools.postprocessing.modules.common.muonScaleResProducer.muonScaleResProducer object at 0x2b42535c5dd0>
modules :  <PhysicsTools.NanoAODTools.postprocessing.modules.common.lepSFProducer.lepSFProducer object at 0x2b42535d3850>
modules :  <PhysicsTools.MonoZ.NvtxPUreweight.nvtxWeightProducer object at 0x2b42535d8110>
modules :  <PhysicsTools.MonoZ.MonoZProducer.MonoZProducer object at 0x2b42535d8150>
modules :  <PhysicsTools.MonoZ.TriggerSFProducer.TriggerSFProducer object at 0x2b42535d8190>
modules :  <PhysicsTools.MonoZ.BtagEventWeightProducer.BtagEventWeightProducer object at 0x2b42535d81d0>
modules :  <PhysicsTools.MonoZ.MonoZWSProducer.MonoZWSProducer object at 0x2b42535d8210>
modules :  <PhysicsTools.MonoZ.MonoZProducer.MonoZProducer object at 0x2b42535d82d0>
modules :  <PhysicsTools.MonoZ.MonoZWSProducer.MonoZWSProducer object at 0x2b42535d8310>
modules :  <PhysicsTools.MonoZ.MonoZProducer.MonoZProducer object at 0x2b42535d8350>
modules :  <PhysicsTools.MonoZ.MonoZWSProducer.MonoZWSProducer object at 0x2b42535d8390>
modules :  <PhysicsTools.MonoZ.MonoZProducer.MonoZProducer object at 0x2b42535d83d0>
modules :  <PhysicsTools.MonoZ.MonoZWSProducer.MonoZWSProducer object at 0x2b42535d8410>
modules :  <PhysicsTools.MonoZ.MonoZProducer.MonoZProducer object at 0x2b42535d8450>
modules :  <PhysicsTools.MonoZ.MonoZWSProducer.MonoZWSProducer object at 0x2b42535d8490>
modules :  <PhysicsTools.MonoZ.MonoZProducer.MonoZProducer object at 0x2b42535d84d0>
modules :  <PhysicsTools.MonoZ.MonoZWSProducer.MonoZWSProducer object at 0x2b42535d8510>
modules :  <PhysicsTools.MonoZ.MonoZProducer.MonoZProducer object at 0x2b42535d8550>
modules :  <PhysicsTools.MonoZ.MonoZWSProducer.MonoZWSProducer object at 0x2b42535d8590>
modules :  <PhysicsTools.MonoZ.MonoZProducer.MonoZProducer object at 0x2b42535d85d0>
modules :  <PhysicsTools.MonoZ.MonoZWSProducer.MonoZWSProducer object at 0x2b42535d8610>
modules :  <PhysicsTools.MonoZ.MonoZProducer.MonoZProducer object at 0x2b42535d8650>
modules :  <PhysicsTools.MonoZ.MonoZWSProducer.MonoZWSProducer object at 0x2b42535d8690>
modules :  <PhysicsTools.MonoZ.MonoZWSProducer.MonoZWSProducer object at 0x2b42535d86d0>
modules :  <PhysicsTools.MonoZ.MonoZWSProducer.MonoZWSProducer object at 0x2b42535d8710>
modules :  <PhysicsTools.MonoZ.MonoZWSProducer.MonoZWSProducer object at 0x2b42535d8750>
modules :  <PhysicsTools.MonoZ.MonoZWSProducer.MonoZWSProducer object at 0x2b42535d8790>
modules :  <PhysicsTools.MonoZ.MonoZWSProducer.MonoZWSProducer object at 0x2b42535d87d0>
modules :  <PhysicsTools.MonoZ.MonoZWSProducer.MonoZWSProducer object at 0x2b42535d8810>
modules :  <PhysicsTools.MonoZ.MonoZWSProducer.MonoZWSProducer object at 0x2b42535d8850>
modules :  <PhysicsTools.MonoZ.MonoZWSProducer.MonoZWSProducer object at 0x2b42535d8890>
modules :  <PhysicsTools.MonoZ.MonoZWSProducer.MonoZWSProducer object at 0x2b42535d88d0>
modules :  <PhysicsTools.MonoZ.MonoZWSProducer.MonoZWSProducer object at 0x2b42535d8910>
modules :  <PhysicsTools.MonoZ.MonoZWSProducer.MonoZWSProducer object at 0x2b42535d8950>
modules :  <PhysicsTools.MonoZ.MonoZWSProducer.MonoZWSProducer object at 0x2b42535d8990>
modules :  <PhysicsTools.MonoZ.MonoZWSProducer.MonoZWSProducer object at 0x2b42535d89d0>
modules :  <PhysicsTools.MonoZ.MonoZWSProducer.MonoZWSProducer object at 0x2b42535d8a50>
modules :  <PhysicsTools.MonoZ.MonoZWSProducer.MonoZWSProducer object at 0x2b42535d8ad0>
modules :  <PhysicsTools.MonoZ.MonoZWSProducer.MonoZWSProducer object at 0x2b42535d8b50>
modules :  <PhysicsTools.MonoZ.MonoZWSProducer.MonoZWSProducer object at 0x2b42535d8bd0>
modules :  <PhysicsTools.MonoZ.MonoZWSProducer.MonoZWSProducer object at 0x2b42535d8c10>
modules :  <PhysicsTools.MonoZ.MonoZWSProducer.MonoZWSProducer object at 0x2b42535d8c50>
modules :  <PhysicsTools.MonoZ.MonoZWSProducer.MonoZWSProducer object at 0x2b42535d8c90>
modules :  <PhysicsTools.MonoZ.MonoZWSProducer.MonoZWSProducer object at 0x2b42535d8cd0>
modules :  <PhysicsTools.MonoZ.MonoZWSProducer.MonoZWSProducer object at 0x2b42535d8d10>
Selection :  ((Sum$(Electron_pt>20 & &abs(Electron_eta)<2.5) + Sum$(Muon_pt>20 && abs(Muon_eta)<2.5) )>=2)&& Flag_METFilters
Will write selected trees to .
Loading jet energy scale (JES) uncertainties from file '/pool/condor/dir_10263/tmp/tmpG5DKhN/Autumn18_V8_MC_UncertaintySources_AK4PFchs.txt'
Loading jet energy resolutions (JER) from file '/pool/condor/dir_10263/tmp/tmpQwbgga/Fall17_V3_MC_PtResolution_AK4PFchs.txt'
Loading JER scale factors and uncertainties from file '/pool/condor/dir_10263/tmp/tmpQwbgga/Fall17_V3_MC_SF_AK4PFchs.txt'
 --> opening this file : /afs/cern.ch/work/c/cfreer/MonoZ_2019/MT_plots/CMSSW_10_6_4/src/PhysicsTools/NanoAODTools/python/postprocessing/data/leptonSF/2018_Mu_EfficienciesStudies_2018_trigger_EfficienciesAndSF_2018Data_BeforeMuonHLTUpdate.root
Loading histogram IsoMu24_PtEtaBins/pt_abseta_ratio from file /afs/cern.ch/work/c/cfreer/MonoZ_2019/MT_plots/CMSSW_10_6_4/src/PhysicsTools/NanoAODTools/python/postprocessing/data/leptonSF/2018_Mu_EfficienciesStudies_2018_trigger_EfficienciesAndSF_2018Data_BeforeMuonHLTUpdate.root... 
---- doing a push_back
---- closing the file
---- file closed
 --> opening this file : /afs/cern.ch/work/c/cfreer/MonoZ_2019/MT_plots/CMSSW_10_6_4/src/PhysicsTools/NanoAODTools/python/postprocessing/data/leptonSF/2018_Mu_EfficienciesStudies_2018_trigger_EfficienciesAndSF_2018Data_AfterMuonHLTUpdate.root
Loading histogram IsoMu24_PtEtaBins/pt_abseta_ratio from file /afs/cern.ch/work/c/cfreer/MonoZ_2019/MT_plots/CMSSW_10_6_4/src/PhysicsTools/NanoAODTools/python/postprocessing/data/leptonSF/2018_Mu_EfficienciesStudies_2018_trigger_EfficienciesAndSF_2018Data_AfterMuonHLTUpdate.root... 
---- doing a push_back
---- closing the file
---- file closed
 --> opening this file : /afs/cern.ch/work/c/cfreer/MonoZ_2019/MT_plots/CMSSW_10_6_4/src/PhysicsTools/NanoAODTools/python/postprocessing/data/leptonSF/2018_Mu_EfficienciesStudies_2018_rootfiles_RunABCD_SF_ID.root
Loading histogram NUM_LooseID_DEN_TrackerMuons_pt_abseta from file /afs/cern.ch/work/c/cfreer/MonoZ_2019/MT_plots/CMSSW_10_6_4/src/PhysicsTools/NanoAODTools/python/postprocessing/data/leptonSF/2018_Mu_EfficienciesStudies_2018_rootfiles_RunABCD_SF_ID.root... 
---- doing a push_back
---- closing the file
---- file closed
 --> opening this file : /afs/cern.ch/work/c/cfreer/MonoZ_2019/MT_plots/CMSSW_10_6_4/src/PhysicsTools/NanoAODTools/python/postprocessing/data/leptonSF/2018_Mu_EfficienciesStudies_2018_rootfiles_RunABCD_SF_ISO.root
Loading histogram NUM_LooseRelIso_DEN_LooseID_pt_abseta from file /afs/cern.ch/work/c/cfreer/MonoZ_2019/MT_plots/CMSSW_10_6_4/src/PhysicsTools/NanoAODTools/python/postprocessing/data/leptonSF/2018_Mu_EfficienciesStudies_2018_rootfiles_RunABCD_SF_ISO.root... 
---- doing a push_back
---- closing the file
---- file closed
---- the end of the init function 
 --> opening this file : /afs/cern.ch/work/c/cfreer/MonoZ_2019/MT_plots/CMSSW_10_6_4/src/PhysicsTools/NanoAODTools/python/postprocessing/data/leptonSF/2018_El_MVA90.root
Loading histogram EGamma_SF2D from file /afs/cern.ch/work/c/cfreer/MonoZ_2019/MT_plots/CMSSW_10_6_4/src/PhysicsTools/NanoAODTools/python/postprocessing/data/leptonSF/2018_El_MVA90.root... 
---- doing a push_back
---- closing the file
---- file closed
 --> opening this file : /afs/cern.ch/work/c/cfreer/MonoZ_2019/MT_plots/CMSSW_10_6_4/src/PhysicsTools/NanoAODTools/python/postprocessing/data/leptonSF/2018_El_egammaEffi.txt_EGM2D_updatedAll.root
Loading histogram EGamma_SF2D from file /afs/cern.ch/work/c/cfreer/MonoZ_2019/MT_plots/CMSSW_10_6_4/src/PhysicsTools/NanoAODTools/python/postprocessing/data/leptonSF/2018_El_egammaEffi.txt_EGM2D_updatedAll.root... 
---- doing a push_back
---- closing the file
---- file closed
---- the end of the init function 
Pre-select 15925 entries out of 24000 (66.35%)
Computing PU profile for this file
----- transfert output to eos :
----- directory after running :
.:
total 2420
-rw-r--r--. 1 cfreer zh 2358984 Jan 13 21:56 663E1709-CEB3-0B46-A220-66360CD09EC9_Skim.root
-rw-r--r--. 1 cfreer zh   11624 Jan 13 21:53 Cert_271036-284044_13TeV_ReReco_07Aug2017_Collisions16_JSON.txt
-rw-r--r--. 1 cfreer zh   14638 Jan 13 21:53 Cert_294927-306462_13TeV_EOY2017ReReco_Collisions17_JSON_v1.txt
-rw-r--r--. 1 cfreer zh   13968 Jan 13 21:53 Cert_314472-325175_13TeV_17SeptEarlyReReco2018ABC_PromptEraD_Collisions18_JSON.txt
-rw-r--r--. 1 cfreer zh    1805 Jan 13 21:56 _condor_stderr
-rw-r--r--. 1 cfreer zh   12200 Jan 13 21:56 _condor_stdout
-rw-------. 1 cfreer zh    4882 Jan 13 21:53 cfreer.cc
-rw-r--r--. 1 cfreer zh   16092 Jan 13 21:53 combineHLT_Run2.yaml
-rw-r--r--. 1 cfreer zh   10051 Jan 13 21:53 condor_Run2_proc.py
-rwxr-xr-x. 1 cfreer zh     930 Jan 13 21:53 condor_exec.exe
-rwxr-xr-x. 1 cfreer zh    2559 Jan 13 21:53 haddnano.py
-rw-r--r--. 1 cfreer zh     499 Jan 13 21:53 keep_and_drop.txt
drwx------. 5 cfreer zh    4096 Jan 13 21:53 tmp
drwx------. 3 cfreer zh    4096 Jan 13 21:53 var

./tmp:
total 12
drwxr-xr-x. 3 cfreer zh 4096 Jan 13 21:53 mjf-cfreer
drwx------. 2 cfreer zh 4096 Jan 13 21:53 tmpG5DKhN
drwx------. 2 cfreer zh 4096 Jan 13 21:53 tmpQwbgga

./tmp/mjf-cfreer:
total 4
drwxr-xr-x. 2 cfreer zh 4096 Jan 13 21:53 jobfeatures-bigbird09.cern.ch_3299460.1_1578948791

./tmp/mjf-cfreer/jobfeatures-bigbird09.cern.ch_3299460.1_1578948791:
total 28
-rw-r--r--. 1 cfreer zh  1 Jan 13 21:53 allocated_cpu
-rw-r--r--. 1 cfreer zh  6 Jan 13 21:53 cpu_limit_secs
-rw-r--r--. 1 cfreer zh 38 Jan 13 21:53 job_id
-rw-r--r--. 1 cfreer zh 10 Jan 13 21:53 jobstart_secs
-rw-r--r--. 1 cfreer zh 10 Jan 13 21:53 max_rss_bytes
-rw-r--r--. 1 cfreer zh 11 Jan 13 21:53 scratch_limit_bytes
-rw-r--r--. 1 cfreer zh  6 Jan 13 21:53 wall_limit_secs

./tmp/tmpG5DKhN:
total 18444
-rwxrwxr-x. 1 cfreer zh     150 Apr  2  2019 Autumn18_V8_MC_L1FastJet_AK4Calo.txt
-rwxrwxr-x. 1 cfreer zh     150 Apr  2  2019 Autumn18_V8_MC_L1FastJet_AK4JPT.txt
-rw-rw-r--. 1 cfreer zh   15518 Apr  2  2019 Autumn18_V8_MC_L1FastJet_AK4PF.txt
-rwxrwxr-x. 1 cfreer zh     150 Apr  2  2019 Autumn18_V8_MC_L1FastJet_AK4PFPuppi.txt
-rw-rw-r--. 1 cfreer zh   15518 Apr  2  2019 Autumn18_V8_MC_L1FastJet_AK4PFchs.txt
-rw-rw-r--. 1 cfreer zh   15518 Apr  2  2019 Autumn18_V8_MC_L1FastJet_AK8PF.txt
-rwxrwxr-x. 1 cfreer zh     150 Apr  2  2019 Autumn18_V8_MC_L1FastJet_AK8PFPuppi.txt
-rw-rw-r--. 1 cfreer zh   15518 Apr  2  2019 Autumn18_V8_MC_L1FastJet_AK8PFchs.txt
-rw-rw-r--. 1 cfreer zh   15518 Apr  2  2019 Autumn18_V8_MC_L1JPTOffset_AK4JPT.txt
-rw-rw-r--. 1 cfreer zh    8651 Apr  2  2019 Autumn18_V8_MC_L1RC_AK4PF.txt
-rw-rw-r--. 1 cfreer zh    8651 Apr  2  2019 Autumn18_V8_MC_L1RC_AK4PFchs.txt
-rw-rw-r--. 1 cfreer zh    8651 Apr  2  2019 Autumn18_V8_MC_L1RC_AK8PF.txt
-rw-rw-r--. 1 cfreer zh    8651 Apr  2  2019 Autumn18_V8_MC_L1RC_AK8PFchs.txt
-rw-rw-r--. 1 cfreer zh     176 Apr  2  2019 Autumn18_V8_MC_L2L3Residual_AK4Calo.txt
-rw-rw-r--. 1 cfreer zh     176 Apr  2  2019 Autumn18_V8_MC_L2L3Residual_AK4JPT.txt
-rw-rw-r--. 1 cfreer zh     176 Apr  2  2019 Autumn18_V8_MC_L2L3Residual_AK4PF.txt
-rw-rw-r--. 1 cfreer zh     176 Apr  2  2019 Autumn18_V8_MC_L2L3Residual_AK4PFPuppi.txt
-rw-rw-r--. 1 cfreer zh     176 Apr  2  2019 Autumn18_V8_MC_L2L3Residual_AK4PFchs.txt
-rw-rw-r--. 1 cfreer zh     176 Apr  2  2019 Autumn18_V8_MC_L2L3Residual_AK8PF.txt
-rw-rw-r--. 1 cfreer zh     176 Apr  2  2019 Autumn18_V8_MC_L2L3Residual_AK8PFPuppi.txt
-rw-rw-r--. 1 cfreer zh     176 Apr  2  2019 Autumn18_V8_MC_L2L3Residual_AK8PFchs.txt
-rw-rw-r--. 1 cfreer zh      76 Apr  2  2019 Autumn18_V8_MC_L2Relative_AK4Calo.txt
-rw-rw-r--. 1 cfreer zh      76 Apr  2  2019 Autumn18_V8_MC_L2Relative_AK4JPT.txt
-rw-rw-r--. 1 cfreer zh      76 Apr  2  2019 Autumn18_V8_MC_L2Relative_AK4PF.txt
-rw-rw-r--. 1 cfreer zh  287389 Apr  2  2019 Autumn18_V8_MC_L2Relative_AK4PFPuppi.txt
-rw-rw-r--. 1 cfreer zh  299853 Apr  2  2019 Autumn18_V8_MC_L2Relative_AK4PFchs.txt
-rw-rw-r--. 1 cfreer zh      76 Apr  2  2019 Autumn18_V8_MC_L2Relative_AK8PF.txt
-rw-rw-r--. 1 cfreer zh  227197 Apr  2  2019 Autumn18_V8_MC_L2Relative_AK8PFPuppi.txt
-rw-rw-r--. 1 cfreer zh  268693 Apr  2  2019 Autumn18_V8_MC_L2Relative_AK8PFchs.txt
-rw-rw-r--. 1 cfreer zh     176 Apr  2  2019 Autumn18_V8_MC_L2Residual_AK4Calo.txt
-rw-rw-r--. 1 cfreer zh     176 Apr  2  2019 Autumn18_V8_MC_L2Residual_AK4JPT.txt
-rw-rw-r--. 1 cfreer zh     176 Apr  2  2019 Autumn18_V8_MC_L2Residual_AK4PF.txt
-rw-rw-r--. 1 cfreer zh     176 Apr  2  2019 Autumn18_V8_MC_L2Residual_AK4PFPuppi.txt
-rw-rw-r--. 1 cfreer zh     176 Apr  2  2019 Autumn18_V8_MC_L2Residual_AK4PFchs.txt
-rw-rw-r--. 1 cfreer zh     176 Apr  2  2019 Autumn18_V8_MC_L2Residual_AK8PF.txt
-rw-rw-r--. 1 cfreer zh     176 Apr  2  2019 Autumn18_V8_MC_L2Residual_AK8PFPuppi.txt
-rw-rw-r--. 1 cfreer zh     176 Apr  2  2019 Autumn18_V8_MC_L2Residual_AK8PFchs.txt
-rw-rw-r--. 1 cfreer zh     105 Apr  2  2019 Autumn18_V8_MC_L3Absolute_AK4Calo.txt
-rw-rw-r--. 1 cfreer zh     105 Apr  2  2019 Autumn18_V8_MC_L3Absolute_AK4JPT.txt
-rwxrwxr-x. 1 cfreer zh     177 Apr  2  2019 Autumn18_V8_MC_L3Absolute_AK4PF.txt
-rwxrwxr-x. 1 cfreer zh     177 Apr  2  2019 Autumn18_V8_MC_L3Absolute_AK4PFPuppi.txt
-rwxrwxr-x. 1 cfreer zh     177 Apr  2  2019 Autumn18_V8_MC_L3Absolute_AK4PFchs.txt
-rwxrwxr-x. 1 cfreer zh     177 Apr  2  2019 Autumn18_V8_MC_L3Absolute_AK8PF.txt
-rwxrwxr-x. 1 cfreer zh     177 Apr  2  2019 Autumn18_V8_MC_L3Absolute_AK8PFPuppi.txt
-rwxrwxr-x. 1 cfreer zh     177 Apr  2  2019 Autumn18_V8_MC_L3Absolute_AK8PFchs.txt
-rw-rw-r--. 1 cfreer zh 2149862 Apr  2  2019 Autumn18_V8_MC_UncertaintySources_AK4Calo.txt
-rw-rw-r--. 1 cfreer zh 2149862 Apr  2  2019 Autumn18_V8_MC_UncertaintySources_AK4JPT.txt
-rw-rw-r--. 1 cfreer zh 2149862 Apr  2  2019 Autumn18_V8_MC_UncertaintySources_AK4PF.txt
-rw-rw-r--. 1 cfreer zh 2149862 Apr  2  2019 Autumn18_V8_MC_UncertaintySources_AK4PFPuppi.txt
-rw-rw-r--. 1 cfreer zh 2149862 Apr  2  2019 Autumn18_V8_MC_UncertaintySources_AK4PFchs.txt
-rw-rw-r--. 1 cfreer zh 2149862 Apr  2  2019 Autumn18_V8_MC_UncertaintySources_AK8PF.txt
-rw-rw-r--. 1 cfreer zh 2149862 Apr  2  2019 Autumn18_V8_MC_UncertaintySources_AK8PFPuppi.txt
-rw-rw-r--. 1 cfreer zh 2149862 Apr  2  2019 Autumn18_V8_MC_UncertaintySources_AK8PFchs.txt
-rw-rw-r--. 1 cfreer zh   40604 Apr  2  2019 Autumn18_V8_MC_Uncertainty_AK4Calo.txt
-rw-rw-r--. 1 cfreer zh   40604 Apr  2  2019 Autumn18_V8_MC_Uncertainty_AK4JPT.txt
-rw-rw-r--. 1 cfreer zh   40604 Apr  2  2019 Autumn18_V8_MC_Uncertainty_AK4PF.txt
-rw-rw-r--. 1 cfreer zh   40604 Apr  2  2019 Autumn18_V8_MC_Uncertainty_AK4PFPuppi.txt
-rw-rw-r--. 1 cfreer zh   40604 Apr  2  2019 Autumn18_V8_MC_Uncertainty_AK4PFchs.txt
-rw-rw-r--. 1 cfreer zh   40604 Apr  2  2019 Autumn18_V8_MC_Uncertainty_AK8PF.txt
-rw-rw-r--. 1 cfreer zh   40604 Apr  2  2019 Autumn18_V8_MC_Uncertainty_AK8PFPuppi.txt
-rw-rw-r--. 1 cfreer zh   40604 Apr  2  2019 Autumn18_V8_MC_Uncertainty_AK8PFchs.txt

./tmp/tmpQwbgga:
total 408
-rw-rw-r--. 1 cfreer zh 17775 Apr  2  2019 Fall17_V3_MC_EtaResolution_AK4PF.txt
-rw-rw-r--. 1 cfreer zh 17775 Apr  2  2019 Fall17_V3_MC_EtaResolution_AK4PFPuppi.txt
-rw-rw-r--. 1 cfreer zh 17775 Apr  2  2019 Fall17_V3_MC_EtaResolution_AK4PFchs.txt
-rw-rw-r--. 1 cfreer zh 17775 Apr  2  2019 Fall17_V3_MC_EtaResolution_AK8PF.txt
-rw-rw-r--. 1 cfreer zh 17775 Apr  2  2019 Fall17_V3_MC_EtaResolution_AK8PFPuppi.txt
-rw-rw-r--. 1 cfreer zh 17775 Apr  2  2019 Fall17_V3_MC_EtaResolution_AK8PFchs.txt
-rw-rw-r--. 1 cfreer zh 17775 Apr  2  2019 Fall17_V3_MC_PhiResolution_AK4PF.txt
-rw-rw-r--. 1 cfreer zh 17775 Apr  2  2019 Fall17_V3_MC_PhiResolution_AK4PFPuppi.txt
-rw-rw-r--. 1 cfreer zh 17775 Apr  2  2019 Fall17_V3_MC_PhiResolution_AK4PFchs.txt
-rw-rw-r--. 1 cfreer zh 17775 Apr  2  2019 Fall17_V3_MC_PhiResolution_AK8PF.txt
-rw-rw-r--. 1 cfreer zh 17775 Apr  2  2019 Fall17_V3_MC_PhiResolution_AK8PFPuppi.txt
-rw-rw-r--. 1 cfreer zh 17775 Apr  2  2019 Fall17_V3_MC_PhiResolution_AK8PFchs.txt
-rw-rw-r--. 1 cfreer zh 20537 Apr  2  2019 Fall17_V3_MC_PtResolution_AK4PF.txt
-rw-rw-r--. 1 cfreer zh 20537 Apr  2  2019 Fall17_V3_MC_PtResolution_AK4PFPuppi.txt
-rw-rw-r--. 1 cfreer zh 20537 Apr  2  2019 Fall17_V3_MC_PtResolution_AK4PFchs.txt
-rw-rw-r--. 1 cfreer zh 20537 Apr  2  2019 Fall17_V3_MC_PtResolution_AK8PF.txt
-rw-rw-r--. 1 cfreer zh 20537 Apr  2  2019 Fall17_V3_MC_PtResolution_AK8PFPuppi.txt
-rw-rw-r--. 1 cfreer zh 20537 Apr  2  2019 Fall17_V3_MC_PtResolution_AK8PFchs.txt
-rw-rw-r--. 1 cfreer zh   966 Apr  2  2019 Fall17_V3_MC_SF_AK4PF.txt
-rw-rw-r--. 1 cfreer zh   966 Apr  2  2019 Fall17_V3_MC_SF_AK4PFPuppi.txt
-rw-rw-r--. 1 cfreer zh   966 Apr  2  2019 Fall17_V3_MC_SF_AK4PFchs.txt
-rw-rw-r--. 1 cfreer zh   966 Apr  2  2019 Fall17_V3_MC_SF_AK8PF.txt
-rw-rw-r--. 1 cfreer zh   966 Apr  2  2019 Fall17_V3_MC_SF_AK8PFPuppi.txt
-rw-rw-r--. 1 cfreer zh   966 Apr  2  2019 Fall17_V3_MC_SF_AK8PFchs.txt

./var:
total 4
drwx------. 2 cfreer zh 4096 Jan 13 21:53 tmp

./var/tmp:
total 0
 ------ THE END (everyone dies !) ----- 
