
/pool/condor/dir_22242

... start job at 2019-11-29 01:58:52
----- directory before running:
.:
total 52
-rw-r--r--. 1 cfreer zh     0 Nov 29 01:58 _condor_stderr
-rw-r--r--. 1 cfreer zh    94 Nov 29 01:58 _condor_stdout
-rw-------. 1 cfreer zh  2642 Nov 29 01:58 cfreer.cc
-rw-r--r--. 1 cfreer zh 16092 Nov 29 01:58 combineHLT_Run2.yaml
-rw-r--r--. 1 cfreer zh  5718 Nov 29 01:58 condor_WSProducer.py
-rwxr-xr-x. 1 cfreer zh   835 Nov 29 01:58 condor_exec.exe
-rwxr-xr-x. 1 cfreer zh  2559 Nov 29 01:58 haddnano.py
-rw-r--r--. 1 cfreer zh     8 Nov 29 01:58 keep_and_drop_WS.txt
drwx------. 3 cfreer zh  4096 Nov 29 01:58 tmp
drwx------. 3 cfreer zh  4096 Nov 29 01:58 var

./tmp:
total 4
drwxr-xr-x. 3 cfreer zh 4096 Nov 29 01:58 mjf-cfreer

./tmp/mjf-cfreer:
total 4
drwxr-xr-x. 2 cfreer zh 4096 Nov 29 01:58 jobfeatures-bigbird09.cern.ch_3024702.19_1574900723

./tmp/mjf-cfreer/jobfeatures-bigbird09.cern.ch_3024702.19_1574900723:
total 28
-rw-r--r--. 1 cfreer zh  1 Nov 29 01:58 allocated_cpu
-rw-r--r--. 1 cfreer zh  6 Nov 29 01:58 cpu_limit_secs
-rw-r--r--. 1 cfreer zh 39 Nov 29 01:58 job_id
-rw-r--r--. 1 cfreer zh 10 Nov 29 01:58 jobstart_secs
-rw-r--r--. 1 cfreer zh 10 Nov 29 01:58 max_rss_bytes
-rw-r--r--. 1 cfreer zh 10 Nov 29 01:58 scratch_limit_bytes
-rw-r--r--. 1 cfreer zh  6 Nov 29 01:58 wall_limit_secs

./var:
total 4
drwx------. 2 cfreer zh 4096 Nov 29 01:58 tmp

./var/tmp:
total 0
----- CMSSW BASE, python path, pwd:
+ CMSSW_BASE  = /afs/cern.ch/work/c/cfreer/MonoZ_2019/MT_plots/CMSSW_10_6_4
+ PYTHON_PATH = 
+ PWD         = /pool/condor/dir_22242
Adding file ./tree_7_Skim.root
Merging measMET_monoZ_catSignal-0jet
Merging MT_monoZ_catSignal-0jet
Merging measMET_monoZ_catEM
Merging MT_monoZ_catEM
Merging measMET_monoZ_catSignal-1jet
Merging MT_monoZ_catSignal-1jet
Merging measMET_monoZ_cat3L
Merging MT_monoZ_cat3L
Merging measMET_monoZ_cat4L
Merging MT_monoZ_cat4L
Merging measMET_monoZ_catNRB
Merging MT_monoZ_catNRB
Merging measMET_monoZ_catTOP
Merging MT_monoZ_catTOP
Merging measMET_monoZ_catDY
Merging MT_monoZ_catDY
Merging balance_monoZ
Merging phizmet_monoZ
Merging njet_monoZ
Merging Events
Merging Runs
Merging ParameterSets
Merging LuminosityBlocks
Merging MetaData
Merging MT_data_catSignal-1jet
Merging measMET_data_catTOP
Merging MT_data_catEM
Merging MT_data_catTOP
Merging measMET_data_catNRB
Merging phizmet_data
Merging measMET_data_cat3L
Merging njet_data
Merging untagged
Merging MT_data_cat3L
Merging measMET_data_cat4L
Merging measMET_data_catEM
Merging MT_data_catDY
Merging measMET_data_catSignal-0jet
Merging MT_data_cat4L
Merging balance_data
Merging MT_data_catNRB
Merging MT_data_catSignal-0jet
Merging measMET_data_catSignal-1jet
Merging measMET_data_catDY
/eos/cms/store/group/phys_exotica/monoZ/Exorcism2018/DoubleMuon_Run2018B-Nano1June2019-v1/tree_7.root  ->  /eos/cms/store/group/phys_exotica/monoZ/Exorcism2018/DoubleMuon_Run2018B-Nano1June2019-v1/tree_7.root
Testing file open
Test OK
---------------------------
 -- options  =  Namespace(dataset='X', doSyst=1, era='2018', infile='/eos/cms/store/group/phys_exotica/monoZ/Exorcism2018/DoubleMuon_Run2018B-Nano1June2019-v1/tree_7.root', isMC=0, jobNum=19, nevt=-1)
 -- is MC    =  0
 -- jobNum   =  19
 -- era      =  2018
 -- in file  =  /eos/cms/store/group/phys_exotica/monoZ/Exorcism2018/DoubleMuon_Run2018B-Nano1June2019-v1/tree_7.root
 -- dataset  =  X
---------------------------
modules :  <PhysicsTools.MonoZ.MonoZWSProducer.MonoZWSProducer object at 0x2b2e0302f890>
Selection :  
Will write selected trees to .
Pre-select 17380 entries out of 17380 (100.00%)
Processed    10000/   17380 entries, 57.54% (elapsed time    12.0s, curr speed    0.834 kHz, avg speed    0.834 kHz), accepted    10001/   10001 events (100.00%)
Processed 17380 preselected entries from /eos/cms/store/group/phys_exotica/monoZ/Exorcism2018/DoubleMuon_Run2018B-Nano1June2019-v1/tree_7.root (17380 entries). Finally selected 17380 entries
Done ./tree_7_Skim.root
473.311546841 Hz
----- transfer output to eos :
----- directory after running :
.:
total 9652
-rw-r--r--. 1 cfreer zh    1206 Nov 29 01:59 FrameworkJobReport.xml
-rw-r--r--. 1 cfreer zh       0 Nov 29 01:58 _condor_stderr
-rw-r--r--. 1 cfreer zh    4043 Nov 29 01:59 _condor_stdout
-rw-------. 1 cfreer zh    4914 Nov 29 01:59 cfreer.cc
-rw-r--r--. 1 cfreer zh   16092 Nov 29 01:58 combineHLT_Run2.yaml
-rw-r--r--. 1 cfreer zh    5718 Nov 29 01:58 condor_WSProducer.py
-rwxr-xr-x. 1 cfreer zh     835 Nov 29 01:58 condor_exec.exe
-rwxr-xr-x. 1 cfreer zh    2559 Nov 29 01:58 haddnano.py
-rw-r--r--. 1 cfreer zh       8 Nov 29 01:58 keep_and_drop_WS.txt
drwx------. 3 cfreer zh    4096 Nov 29 01:58 tmp
-rw-r--r--. 1 cfreer zh 4908437 Nov 29 01:59 tree_19.root
-rw-r--r--. 1 cfreer zh 4908305 Nov 29 01:59 tree_7_Skim.root
drwx------. 3 cfreer zh    4096 Nov 29 01:58 var

./tmp:
total 4
drwxr-xr-x. 3 cfreer zh 4096 Nov 29 01:58 mjf-cfreer

./tmp/mjf-cfreer:
total 4
drwxr-xr-x. 2 cfreer zh 4096 Nov 29 01:58 jobfeatures-bigbird09.cern.ch_3024702.19_1574900723

./tmp/mjf-cfreer/jobfeatures-bigbird09.cern.ch_3024702.19_1574900723:
total 28
-rw-r--r--. 1 cfreer zh  1 Nov 29 01:58 allocated_cpu
-rw-r--r--. 1 cfreer zh  6 Nov 29 01:58 cpu_limit_secs
-rw-r--r--. 1 cfreer zh 39 Nov 29 01:58 job_id
-rw-r--r--. 1 cfreer zh 10 Nov 29 01:58 jobstart_secs
-rw-r--r--. 1 cfreer zh 10 Nov 29 01:58 max_rss_bytes
-rw-r--r--. 1 cfreer zh 10 Nov 29 01:58 scratch_limit_bytes
-rw-r--r--. 1 cfreer zh  6 Nov 29 01:58 wall_limit_secs

./var:
total 4
drwx------. 2 cfreer zh 4096 Nov 29 01:58 tmp

./var/tmp:
total 0
 ------ THE END (everyone dies !) ----- 
