
/pool/condor/dir_16528

... start job at 2019-11-30 13:14:54
----- directory before running:
.:
total 52
-rw-r--r--. 1 cfreer zh     0 Nov 30 13:14 _condor_stderr
-rw-r--r--. 1 cfreer zh    94 Nov 30 13:14 _condor_stdout
-rw-------. 1 cfreer zh  2642 Nov 30 13:14 cfreer.cc
-rw-r--r--. 1 cfreer zh 16092 Nov 30 13:14 combineHLT_Run2.yaml
-rw-r--r--. 1 cfreer zh  5718 Nov 30 13:14 condor_WSProducer.py
-rwxr-xr-x. 1 cfreer zh   861 Nov 30 13:14 condor_exec.exe
-rwxr-xr-x. 1 cfreer zh  2559 Nov 30 13:14 haddnano.py
-rw-r--r--. 1 cfreer zh     8 Nov 30 13:14 keep_and_drop_WS.txt
drwx------. 3 cfreer zh  4096 Nov 30 13:14 tmp
drwx------. 3 cfreer zh  4096 Nov 30 13:14 var

./tmp:
total 4
drwxr-xr-x. 3 cfreer zh 4096 Nov 30 13:14 mjf-cfreer

./tmp/mjf-cfreer:
total 4
drwxr-xr-x. 2 cfreer zh 4096 Nov 30 13:14 jobfeatures-bigbird09.cern.ch_3031975.0_1574961360

./tmp/mjf-cfreer/jobfeatures-bigbird09.cern.ch_3031975.0_1574961360:
total 28
-rw-r--r--. 1 cfreer zh  1 Nov 30 13:14 allocated_cpu
-rw-r--r--. 1 cfreer zh  6 Nov 30 13:14 cpu_limit_secs
-rw-r--r--. 1 cfreer zh 38 Nov 30 13:14 job_id
-rw-r--r--. 1 cfreer zh 10 Nov 30 13:14 jobstart_secs
-rw-r--r--. 1 cfreer zh 10 Nov 30 13:14 max_rss_bytes
-rw-r--r--. 1 cfreer zh 10 Nov 30 13:14 scratch_limit_bytes
-rw-r--r--. 1 cfreer zh  6 Nov 30 13:14 wall_limit_secs

./var:
total 4
drwx------. 2 cfreer zh 4096 Nov 30 13:14 tmp

./var/tmp:
total 0
----- CMSSW BASE, python path, pwd:
+ CMSSW_BASE  = /afs/cern.ch/work/c/cfreer/MonoZ_2019/MT_plots/CMSSW_10_6_4
+ PYTHON_PATH = 
+ PWD         = /pool/condor/dir_16528
/eos/cms/store/group/phys_exotica/monoZ/Exorcism2017/DMSimp_MonoZLL_NLO_Axial_TuneCP3_GQ0p25_GDM1p0_MY1-1000_MXd-50/tree_0.root  ->  /eos/cms/store/group/phys_exotica/monoZ/Exorcism2017/DMSimp_MonoZLL_NLO_Axial_TuneCP3_GQ0p25_GDM1p0_MY1-1000_MXd-50/tree_0.root
Testing file open
Test OK
---------------------------
 -- options  =  Namespace(dataset='X', doSyst=1, era='2017', infile='/eos/cms/store/group/phys_exotica/monoZ/Exorcism2017/DMSimp_MonoZLL_NLO_Axial_TuneCP3_GQ0p25_GDM1p0_MY1-1000_MXd-50/tree_0.root', isMC=1, jobNum=0, nevt=-1)
 -- is MC    =  1
 -- jobNum   =  0
 -- era      =  2017
 -- in file  =  /eos/cms/store/group/phys_exotica/monoZ/Exorcism2017/DMSimp_MonoZLL_NLO_Axial_TuneCP3_GQ0p25_GDM1p0_MY1-1000_MXd-50/tree_0.root
 -- dataset  =  X
---------------------------
[check] condtag_ ==  DMSimp_MonoZLL_NLO_Axial_TuneCP3_GQ0p25_GDM1p0_MY1-1000_MXd-50
[check] dataset  ==  monoZ
modules :  <PhysicsTools.MonoZ.MonoZWSProducer.MonoZWSProducer object at 0x2ab5432d5890>
modules :  <PhysicsTools.MonoZ.MonoZWSProducer.MonoZWSProducer object at 0x2ab5432d5950>
modules :  <PhysicsTools.MonoZ.MonoZWSProducer.MonoZWSProducer object at 0x2ab5432d5990>
modules :  <PhysicsTools.MonoZ.MonoZWSProducer.MonoZWSProducer object at 0x2ab5432d59d0>
modules :  <PhysicsTools.MonoZ.MonoZWSProducer.MonoZWSProducer object at 0x2ab5432d5a10>
modules :  <PhysicsTools.MonoZ.MonoZWSProducer.MonoZWSProducer object at 0x2ab5432d5a50>
modules :  <PhysicsTools.MonoZ.MonoZWSProducer.MonoZWSProducer object at 0x2ab5432d5a90>
modules :  <PhysicsTools.MonoZ.MonoZWSProducer.MonoZWSProducer object at 0x2ab5432d5ad0>
modules :  <PhysicsTools.MonoZ.MonoZWSProducer.MonoZWSProducer object at 0x2ab5432d5b10>
modules :  <PhysicsTools.MonoZ.MonoZWSProducer.MonoZWSProducer object at 0x2ab5432d5b50>
modules :  <PhysicsTools.MonoZ.MonoZWSProducer.MonoZWSProducer object at 0x2ab5432d5b90>
modules :  <PhysicsTools.MonoZ.MonoZWSProducer.MonoZWSProducer object at 0x2ab5432d5bd0>
modules :  <PhysicsTools.MonoZ.MonoZWSProducer.MonoZWSProducer object at 0x2ab5432d5c10>
modules :  <PhysicsTools.MonoZ.MonoZWSProducer.MonoZWSProducer object at 0x2ab5432d5c50>
modules :  <PhysicsTools.MonoZ.MonoZWSProducer.MonoZWSProducer object at 0x2ab5432d5c90>
modules :  <PhysicsTools.MonoZ.MonoZWSProducer.MonoZWSProducer object at 0x2ab5432d5cd0>
modules :  <PhysicsTools.MonoZ.MonoZWSProducer.MonoZWSProducer object at 0x2ab5432d5d10>
modules :  <PhysicsTools.MonoZ.MonoZWSProducer.MonoZWSProducer object at 0x2ab5432d5d50>
modules :  <PhysicsTools.MonoZ.MonoZWSProducer.MonoZWSProducer object at 0x2ab5432d5d90>
modules :  <PhysicsTools.MonoZ.MonoZWSProducer.MonoZWSProducer object at 0x2ab5432d5dd0>
modules :  <PhysicsTools.MonoZ.MonoZWSProducer.MonoZWSProducer object at 0x2ab5432d5e10>
modules :  <PhysicsTools.MonoZ.MonoZWSProducer.MonoZWSProducer object at 0x2ab5432d5e50>
modules :  <PhysicsTools.MonoZ.MonoZWSProducer.MonoZWSProducer object at 0x2ab5432d5ed0>
modules :  <PhysicsTools.MonoZ.MonoZWSProducer.MonoZWSProducer object at 0x2ab5432d5f50>
modules :  <PhysicsTools.MonoZ.MonoZWSProducer.MonoZWSProducer object at 0x2ab5432d5fd0>
modules :  <PhysicsTools.MonoZ.MonoZWSProducer.MonoZWSProducer object at 0x2ab5432d7090>
modules :  <PhysicsTools.MonoZ.MonoZWSProducer.MonoZWSProducer object at 0x2ab5432d70d0>
modules :  <PhysicsTools.MonoZ.MonoZWSProducer.MonoZWSProducer object at 0x2ab5432d7110>
modules :  <PhysicsTools.MonoZ.MonoZWSProducer.MonoZWSProducer object at 0x2ab5432d7150>
modules :  <PhysicsTools.MonoZ.MonoZWSProducer.MonoZWSProducer object at 0x2ab5432d7190>
modules :  <PhysicsTools.MonoZ.MonoZWSProducer.MonoZWSProducer object at 0x2ab5432d71d0>
Selection :  
Will write selected trees to .
Pre-select 22223 entries out of 22223 (100.00%)
Processed    10000/   22223 entries, 45.00% (elapsed time   682.6s, curr speed    0.015 kHz, avg speed    0.015 kHz), accepted    10001/   10001 events (100.00%)
Processed    20000/   22223 entries, 90.00% (elapsed time  1373.7s, curr speed    0.014 kHz, avg speed    0.015 kHz), accepted    20001/   20001 events (100.00%)
Processed 22223 preseAdding file ./tree_0_Skim.root
Merging measMET_monoZ_catSignal-0jet
Merging MT_monoZ_catSignal-0jet
Merging measMET_monoZ_catEM
Merging MT_monoZ_catEM
Merging measMET_monoZ_catSignal-1jet
Merging MT_monoZ_catSignal-1jet
Merging measMET_monoZ_cat3L
Merging MT_monoZ_cat3L
Merging measMET_monoZ_cat4L
Merging MT_monoZ_cat4L
Merging measMET_monoZ_catNRB
Merging MT_monoZ_catNRB
Merging measMET_monoZ_catTOP
Merging MT_monoZ_catTOP
Merging measMET_monoZ_catDY
Merging MT_monoZ_catDY
Merging balance_monoZ
Merging phizmet_monoZ
Merging njet_monoZ
Merging measMET_monoZ_catSignal-0jet_sys_ElectronEnUp
Merging MT_monoZ_catSignal-0jet_sys_ElectronEnUp
Merging measMET_monoZ_catEM_sys_ElectronEnUp
Merging MT_monoZ_catEM_sys_ElectronEnUp
Merging measMET_monoZ_catSignal-1jet_sys_ElectronEnUp
Merging MT_monoZ_catSignal-1jet_sys_ElectronEnUp
Merging measMET_monoZ_cat3L_sys_ElectronEnUp
Merging MT_monoZ_cat3L_sys_ElectronEnUp
Merging measMET_monoZ_cat4L_sys_ElectronEnUp
Merging MT_monoZ_cat4L_sys_ElectronEnUp
Merging measMET_monoZ_catNRB_sys_ElectronEnUp
Merging MT_monoZ_catNRB_sys_ElectronEnUp
Merging measMET_monoZ_catTOP_sys_ElectronEnUp
Merging MT_monoZ_catTOP_sys_ElectronEnUp
Merging measMET_monoZ_catDY_sys_ElectronEnUp
Merging MT_monoZ_catDY_sys_ElectronEnUp
Merging balance_monoZ_sys_ElectronEnUp
Merging phizmet_monoZ_sys_ElectronEnUp
Merging njet_monoZ_sys_ElectronEnUp
Merging measMET_monoZ_catSignal-0jet_sys_ElectronEnDown
Merging MT_monoZ_catSignal-0jet_sys_ElectronEnDown
Merging measMET_monoZ_catEM_sys_ElectronEnDown
Merging MT_monoZ_catEM_sys_ElectronEnDown
Merging measMET_monoZ_catSignal-1jet_sys_ElectronEnDown
Merging MT_monoZ_catSignal-1jet_sys_ElectronEnDown
Merging measMET_monoZ_cat3L_sys_ElectronEnDown
Merging MT_monoZ_cat3L_sys_ElectronEnDown
Merging measMET_monoZ_cat4L_sys_ElectronEnDown
Merging MT_monoZ_cat4L_sys_ElectronEnDown
Merging measMET_monoZ_catNRB_sys_ElectronEnDown
Merging MT_monoZ_catNRB_sys_ElectronEnDown
Merging measMET_monoZ_catTOP_sys_ElectronEnDown
Merging MT_monoZ_catTOP_sys_ElectronEnDown
Merging measMET_monoZ_catDY_sys_ElectronEnDown
Merging MT_monoZ_catDY_sys_ElectronEnDown
Merging balance_monoZ_sys_ElectronEnDown
Merging phizmet_monoZ_sys_ElectronEnDown
Merging njet_monoZ_sys_ElectronEnDown
Merging measMET_monoZ_catSignal-0jet_sys_MuonEnUp
Merging MT_monoZ_catSignal-0jet_sys_MuonEnUp
Merging measMET_monoZ_catEM_sys_MuonEnUp
Merging MT_monoZ_catEM_sys_MuonEnUp
Merging measMET_monoZ_catSignal-1jet_sys_MuonEnUp
Merging MT_monoZ_catSignal-1jet_sys_MuonEnUp
Merging measMET_monoZ_cat3L_sys_MuonEnUp
Merging MT_monoZ_cat3L_sys_MuonEnUp
Merging measMET_monoZ_cat4L_sys_MuonEnUp
Merging MT_monoZ_cat4L_sys_MuonEnUp
Merging measMET_monoZ_catNRB_sys_MuonEnUp
Merging MT_monoZ_catNRB_sys_MuonEnUp
Merging measMET_monoZ_catTOP_sys_MuonEnUp
Merging MT_monoZ_catTOP_sys_MuonEnUp
Merging measMET_monoZ_catDY_sys_MuonEnUp
Merging MT_monoZ_catDY_sys_MuonEnUp
Merging balance_monoZ_sys_MuonEnUp
Merging phizmet_monoZ_sys_MuonEnUp
Merging njet_monoZ_sys_MuonEnUp
Merging measMET_monoZ_catSignal-0jet_sys_MuonEnDown
Merging MT_monoZ_catSignal-0jet_sys_MuonEnDown
Merging measMET_monoZ_catEM_sys_MuonEnDown
Merging MT_monoZ_catEM_sys_MuonEnDown
Merging measMET_monoZ_catSignal-1jet_sys_MuonEnDown
Merging MT_monoZ_catSignal-1jet_sys_MuonEnDown
Merging measMET_monoZ_cat3L_sys_MuonEnDown
Merging MT_monoZ_cat3L_sys_MuonEnDown
Merging measMET_monoZ_cat4L_sys_MuonEnDown
Merging MT_monoZ_cat4L_sys_MuonEnDown
Merging measMET_monoZ_catNRB_sys_MuonEnDown
Merging MT_monoZ_catNRB_sys_MuonEnDown
Merging measMET_monoZ_catTOP_sys_MuonEnDown
Merging MT_monoZ_catTOP_sys_MuonEnDown
Merging measMET_monoZ_catDY_sys_MuonEnDown
Merging MT_monoZ_catDY_sys_MuonEnDown
Merging balance_monoZ_sys_MuonEnDown
Merging phizmet_monoZ_sys_MuonEnDown
Merging njet_monoZ_sys_MuonEnDown
Merging measMET_monoZ_catSignal-0jet_sys_jesTotalUp
Merging MT_monoZ_catSignal-0jet_sys_jesTotalUp
Merging measMET_monoZ_catEM_sys_jesTotalUp
Merging MT_monoZ_catEM_sys_jesTotalUp
Merging measMET_monoZ_catSignal-1jet_sys_jesTotalUp
Merging MT_monoZ_catSignal-1jet_sys_jesTotalUp
Merging measMET_monoZ_cat3L_sys_jesTotalUp
Merging MT_monoZ_cat3L_sys_jesTotalUp
Merging measMET_monoZ_cat4L_sys_jesTotalUp
Merging MT_monoZ_cat4L_sys_jesTotalUp
Merging measMET_monoZ_catNRB_sys_jesTotalUp
Merging MT_monoZ_catNRB_sys_jesTotalUp
Merging measMET_monoZ_catTOP_sys_jesTotalUp
Merging MT_monoZ_catTOP_sys_jesTotalUp
Merging measMET_monoZ_catDY_sys_jesTotalUp
Merging MT_monoZ_catDY_sys_jesTotalUp
Merging balance_monoZ_sys_jesTotalUp
Merging phizmet_monoZ_sys_jesTotalUp
Merging njet_monoZ_sys_jesTotalUp
Merging measMET_monoZ_catSignal-0jet_sys_jesTotalDown
Merging MT_monoZ_catSignal-0jet_sys_jesTotalDown
Merging measMET_monoZ_catEM_sys_jesTotalDown
Merging MT_monoZ_catEM_sys_jesTotalDown
Merging measMET_monoZ_catSignal-1jet_sys_jesTotalDown
Merging MT_monoZ_catSignal-1jet_sys_jesTotalDown
Merging measMET_monoZ_cat3L_sys_jesTotalDown
Merging MT_monoZ_cat3L_sys_jesTotalDown
Merging measMET_monoZ_cat4L_sys_jesTotalDown
Merging MT_monoZ_cat4L_sys_jesTotalDown
Merging measMET_monoZ_catNRB_sys_jesTotalDown
Merging MT_monoZ_catNRB_sys_jesTotalDown
Merging measMET_monoZ_catTOP_sys_jesTotalDown
Merging MT_monoZ_catTOP_sys_jesTotalDown
Merging measMET_monoZ_catDY_sys_jesTotalDown
Merging MT_monoZ_catDY_sys_jesTotalDown
Merging balance_monoZ_sys_jesTotalDown
Merging phizmet_monoZ_sys_jesTotalDown
Merging njet_monoZ_sys_jesTotalDown
Merging measMET_monoZ_catSignal-0jet_sys_jerUp
Merging MT_monoZ_catSignal-0jet_sys_jerUp
Merging measMET_monoZ_catEM_sys_jerUp
Merging MT_monoZ_catEM_sys_jerUp
Merging measMET_monoZ_catSignal-1jet_sys_jerUp
Merging MT_monoZ_catSignal-1jet_sys_jerUp
Merging measMET_monoZ_cat3L_sys_jerUp
Merging MT_monoZ_cat3L_sys_jerUp
Merging measMET_monoZ_cat4L_sys_jerUp
Merging MT_monoZ_cat4L_sys_jerUp
Merging measMET_monoZ_catNRB_sys_jerUp
Merging MT_monoZ_catNRB_sys_jerUp
Merging measMET_monoZ_catTOP_sys_jerUp
Merging MT_monoZ_catTOP_sys_jerUp
Merging measMET_monoZ_catDY_sys_jerUp
Merging MT_monoZ_catDY_sys_jerUp
Merging balance_monoZ_sys_jerUp
Merging phizmet_monoZ_sys_jerUp
Merging njet_monoZ_sys_jerUp
Merging measMET_monoZ_catSignal-0jet_sys_jerDown
Merging MT_monoZ_catSignal-0jet_sys_jerDown
Merging measMET_monoZ_catEM_sys_jerDown
Merging MT_monoZ_catEM_sys_jerDown
Merging measMET_monoZ_catSignal-1jet_sys_jerDown
Merging MT_monoZ_catSignal-1jet_sys_jerDown
Merging measMET_monoZ_cat3L_sys_jerDown
Merging MT_monoZ_cat3L_sys_jerDown
Merging measMET_monoZ_cat4L_sys_jerDown
Merging MT_monoZ_cat4L_sys_jerDown
Merging measMET_monoZ_catNRB_sys_jerDown
Merging MT_monoZ_catNRB_sys_jerDown
Merging measMET_monoZ_catTOP_sys_jerDown
Merging MT_monoZ_catTOP_sys_jerDown
Merging measMET_monoZ_catDY_sys_jerDown
Merging MT_monoZ_catDY_sys_jerDown
Merging balance_monoZ_sys_jerDown
Merging phizmet_monoZ_sys_jerDown
Merging njet_monoZ_sys_jerDown
Merging measMET_monoZ_catSignal-0jet_sys_puWeightUp
Merging MT_monoZ_catSignal-0jet_sys_puWeightUp
Merging measMET_monoZ_catEM_sys_puWeightUp
Merging MT_monoZ_catEM_sys_puWeightUp
Merging measMET_monoZ_catSignal-1jet_sys_puWeightUp
Merging MT_monoZ_catSignal-1jet_sys_puWeightUp
Merging measMET_monoZ_cat3L_sys_puWeightUp
Merging MT_monoZ_cat3L_sys_puWeightUp
Merging measMET_monoZ_cat4L_sys_puWeightUp
Merging MT_monoZ_cat4L_sys_puWeightUp
Merging measMET_monoZ_catNRB_sys_puWeightUp
Merging MT_monoZ_catNRB_sys_puWeightUp
Merging measMET_monoZ_catTOP_sys_puWeightUp
Merging MT_monoZ_catTOP_sys_puWeightUp
Merging measMET_monoZ_catDY_sys_puWeightUp
Merging MT_monoZ_catDY_sys_puWeightUp
Merging balance_monoZ_sys_puWeightUp
Merging phizmet_monoZ_sys_puWeightUp
Merging njet_monoZ_sys_puWeightUp
Merging measMET_monoZ_catSignal-0jet_sys_puWeightDown
Merging MT_monoZ_catSignal-0jet_sys_puWeightDown
Merging measMET_monoZ_catEM_sys_puWeightDown
Merging MT_monoZ_catEM_sys_puWeightDown
Merging measMET_monoZ_catSignal-1jet_sys_puWeightDown
Merging MT_monoZ_catSignal-1jet_sys_puWeightDown
Merging measMET_monoZ_cat3L_sys_puWeightDown
Merging MT_monoZ_cat3L_sys_puWeightDown
Merging measMET_monoZ_cat4L_sys_puWeightDown
Merging MT_monoZ_cat4L_sys_puWeightDown
Merging measMET_monoZ_catNRB_sys_puWeightDown
Merging MT_monoZ_catNRB_sys_puWeightDown
Merging measMET_monoZ_catTOP_sys_puWeightDown
Merging MT_monoZ_catTOP_sys_puWeightDown
Merging measMET_monoZ_catDY_sys_puWeightDown
Merging MT_monoZ_catDY_sys_puWeightDown
Merging balance_monoZ_sys_puWeightDown
Merging phizmet_monoZ_sys_puWeightDown
Merging njet_monoZ_sys_puWeightDown
Merging measMET_monoZ_catSignal-0jet_sys_PDFUp
Merging MT_monoZ_catSignal-0jet_sys_PDFUp
Merging measMET_monoZ_catEM_sys_PDFUp
Merging MT_monoZ_catEM_sys_PDFUp
Merging measMET_monoZ_catSignal-1jet_sys_PDFUp
Merging MT_monoZ_catSignal-1jet_sys_PDFUp
Merging measMET_monoZ_cat3L_sys_PDFUp
Merging MT_monoZ_cat3L_sys_PDFUp
Merging measMET_monoZ_cat4L_sys_PDFUp
Merging MT_monoZ_cat4L_sys_PDFUp
Merging measMET_monoZ_catNRB_sys_PDFUp
Merging MT_monoZ_catNRB_sys_PDFUp
Merging measMET_monoZ_catTOP_sys_PDFUp
Merging MT_monoZ_catTOP_sys_PDFUp
Merging measMET_monoZ_catDY_sys_PDFUp
Merging MT_monoZ_catDY_sys_PDFUp
Merging balance_monoZ_sys_PDFUp
Merging phizmet_monoZ_sys_PDFUp
Merging njet_monoZ_sys_PDFUp
Merging measMET_monoZ_catSignal-0jet_sys_PDFDown
Merging MT_monoZ_catSignal-0jet_sys_PDFDown
Merging measMET_monoZ_catEM_sys_PDFDown
Merging MT_monoZ_catEM_sys_PDFDown
Merging measMET_monoZ_catSignal-1jet_sys_PDFDown
Merging MT_monoZ_catSignal-1jet_sys_PDFDown
Merging measMET_monoZ_cat3L_sys_PDFDown
Merging MT_monoZ_cat3L_sys_PDFDown
Merging measMET_monoZ_cat4L_sys_PDFDown
Merging MT_monoZ_cat4L_sys_PDFDown
Merging measMET_monoZ_catNRB_sys_PDFDown
Merging MT_monoZ_catNRB_sys_PDFDown
Merging measMET_monoZ_catTOP_sys_PDFDown
Merging MT_monoZ_catTOP_sys_PDFDown
Merging measMET_monoZ_catDY_sys_PDFDown
Merging MT_monoZ_catDY_sys_PDFDown
Merging balance_monoZ_sys_PDFDown
Merging phizmet_monoZ_sys_PDFDown
Merging njet_monoZ_sys_PDFDown
Merging measMET_monoZ_catSignal-0jet_sys_MuonSFUp
Merging MT_monoZ_catSignal-0jet_sys_MuonSFUp
Merging measMET_monoZ_catEM_sys_MuonSFUp
Merging MT_monoZ_catEM_sys_MuonSFUp
Merging measMET_monoZ_catSignal-1jet_sys_MuonSFUp
Merging MT_monoZ_catSignal-1jet_sys_MuonSFUp
Merging measMET_monoZ_cat3L_sys_MuonSFUp
Merging MT_monoZ_cat3L_sys_MuonSFUp
Merging measMET_monoZ_cat4L_sys_MuonSFUp
Merging MT_monoZ_cat4L_sys_MuonSFUp
Merging measMET_monoZ_catNRB_sys_MuonSFUp
Merging MT_monoZ_catNRB_sys_MuonSFUp
Merging measMET_monoZ_catTOP_sys_MuonSFUp
Merging MT_monoZ_catTOP_sys_MuonSFUp
Merging measMET_monoZ_catDY_sys_MuonSFUp
Merging MT_monoZ_catDY_sys_MuonSFUp
Merging balance_monoZ_sys_MuonSFUp
Merging phizmet_monoZ_sys_MuonSFUp
Merging njet_monoZ_sys_MuonSFUp
Merging measMET_monoZ_catSignal-0jet_sys_MuonSFDown
Merging MT_monoZ_catSignal-0jet_sys_MuonSFDown
Merging measMET_monoZ_catEM_sys_MuonSFDown
Merging MT_monoZ_catEM_sys_MuonSFDown
Merging measMET_monoZ_catSignal-1jet_sys_MuonSFDown
Merging MT_monoZ_catSignal-1jet_sys_MuonSFDown
Merging measMET_monoZ_cat3L_sys_MuonSFDown
Merging MT_monoZ_cat3L_sys_MuonSFDown
Merging measMET_monoZ_cat4L_sys_MuonSFDown
Merging MT_monoZ_cat4L_sys_MuonSFDown
Merging measMET_monoZ_catNRB_sys_MuonSFDown
Merging MT_monoZ_catNRB_sys_MuonSFDown
Merging measMET_monoZ_catTOP_sys_MuonSFDown
Merging MT_monoZ_catTOP_sys_MuonSFDown
Merging measMET_monoZ_catDY_sys_MuonSFDown
Merging MT_monoZ_catDY_sys_MuonSFDown
Merging balance_monoZ_sys_MuonSFDown
Merging phizmet_monoZ_sys_MuonSFDown
Merging njet_monoZ_sys_MuonSFDown
Merging measMET_monoZ_catSignal-0jet_sys_ElecronSFUp
Merging MT_monoZ_catSignal-0jet_sys_ElecronSFUp
Merging measMET_monoZ_catEM_sys_ElecronSFUp
Merging MT_monoZ_catEM_sys_ElecronSFUp
Merging measMET_monoZ_catSignal-1jet_sys_ElecronSFUp
Merging MT_monoZ_catSignal-1jet_sys_ElecronSFUp
Merging measMET_monoZ_cat3L_sys_ElecronSFUp
Merging MT_monoZ_cat3L_sys_ElecronSFUp
Merging measMET_monoZ_cat4L_sys_ElecronSFUp
Merging MT_monoZ_cat4L_sys_ElecronSFUp
Merging measMET_monoZ_catNRB_sys_ElecronSFUp
Merging MT_monoZ_catNRB_sys_ElecronSFUp
Merging measMET_monoZ_catTOP_sys_ElecronSFUp
Merging MT_monoZ_catTOP_sys_ElecronSFUp
Merging measMET_monoZ_catDY_sys_ElecronSFUp
Merging MT_monoZ_catDY_sys_ElecronSFUp
Merging balance_monoZ_sys_ElecronSFUp
Merging phizmet_monoZ_sys_ElecronSFUp
Merging njet_monoZ_sys_ElecronSFUp
Merging measMET_monoZ_catSignal-0jet_sys_ElecronSFDown
Merging MT_monoZ_catSignal-0jet_sys_ElecronSFDown
Merging measMET_monoZ_catEM_sys_ElecronSFDown
Merging MT_monoZ_catEM_sys_ElecronSFDown
Merging measMET_monoZ_catSignal-1jet_sys_ElecronSFDown
Merging MT_monoZ_catSignal-1jet_sys_ElecronSFDown
Merging measMET_monoZ_cat3L_sys_ElecronSFDown
Merging MT_monoZ_cat3L_sys_ElecronSFDown
Merging measMET_monoZ_cat4L_sys_ElecronSFDown
Merging MT_monoZ_cat4L_sys_ElecronSFDown
Merging measMET_monoZ_catNRB_sys_ElecronSFDown
Merging MT_monoZ_catNRB_sys_ElecronSFDown
Merging measMET_monoZ_catTOP_sys_ElecronSFDown
Merging MT_monoZ_catTOP_sys_ElecronSFDown
Merging measMET_monoZ_catDY_sys_ElecronSFDown
Merging MT_monoZ_catDY_sys_ElecronSFDown
Merging balance_monoZ_sys_ElecronSFDown
Merging phizmet_monoZ_sys_ElecronSFDown
Merging njet_monoZ_sys_ElecronSFDown
Merging measMET_monoZ_catSignal-0jet_sys_EWKUp
Merging MT_monoZ_catSignal-0jet_sys_EWKUp
Merging measMET_monoZ_catEM_sys_EWKUp
Merging MT_monoZ_catEM_sys_EWKUp
Merging measMET_monoZ_catSignal-1jet_sys_EWKUp
Merging MT_monoZ_catSignal-1jet_sys_EWKUp
Merging measMET_monoZ_cat3L_sys_EWKUp
Merging MT_monoZ_cat3L_sys_EWKUp
Merging measMET_monoZ_cat4L_sys_EWKUp
Merging MT_monoZ_cat4L_sys_EWKUp
Merging measMET_monoZ_catNRB_sys_EWKUp
Merging MT_monoZ_catNRB_sys_EWKUp
Merging measMET_monoZ_catTOP_sys_EWKUp
Merging MT_monoZ_catTOP_sys_EWKUp
Merging measMET_monoZ_catDY_sys_EWKUp
Merging MT_monoZ_catDY_sys_EWKUp
Merging balance_monoZ_sys_EWKUp
Merging phizmet_monoZ_sys_EWKUp
Merging njet_monoZ_sys_EWKUp
Merging measMET_monoZ_catSignal-0jet_sys_EWKDown
Merging MT_monoZ_catSignal-0jet_sys_EWKDown
Merging measMET_monoZ_catEM_sys_EWKDown
Merging MT_monoZ_catEM_sys_EWKDown
Merging measMET_monoZ_catSignal-1jet_sys_EWKDown
Merging MT_monoZ_catSignal-1jet_sys_EWKDown
Merging measMET_monoZ_cat3L_sys_EWKDown
Merging MT_monoZ_cat3L_sys_EWKDown
Merging measMET_monoZ_cat4L_sys_EWKDown
Merging MT_monoZ_cat4L_sys_EWKDown
Merging measMET_monoZ_catNRB_sys_EWKDown
Merging MT_monoZ_catNRB_sys_EWKDown
Merging measMET_monoZ_catTOP_sys_EWKDown
Merging MT_monoZ_catTOP_sys_EWKDown
Merging measMET_monoZ_catDY_sys_EWKDown
Merging MT_monoZ_catDY_sys_EWKDown
Merging balance_monoZ_sys_EWKDown
Merging phizmet_monoZ_sys_EWKDown
Merging njet_monoZ_sys_EWKDown
Merging measMET_monoZ_catSignal-0jet_sys_nvtxWeightUp
Merging MT_monoZ_catSignal-0jet_sys_nvtxWeightUp
Merging measMET_monoZ_catEM_sys_nvtxWeightUp
Merging MT_monoZ_catEM_sys_nvtxWeightUp
Merging measMET_monoZ_catSignal-1jet_sys_nvtxWeightUp
Merging MT_monoZ_catSignal-1jet_sys_nvtxWeightUp
Merging measMET_monoZ_cat3L_sys_nvtxWeightUp
Merging MT_monoZ_cat3L_sys_nvtxWeightUp
Merging measMET_monoZ_cat4L_sys_nvtxWeightUp
Merging MT_monoZ_cat4L_sys_nvtxWeightUp
Merging measMET_monoZ_catNRB_sys_nvtxWeightUp
Merging MT_monoZ_catNRB_sys_nvtxWeightUp
Merging measMET_monoZ_catTOP_sys_nvtxWeightUp
Merging MT_monoZ_catTOP_sys_nvtxWeightUp
Merging measMET_monoZ_catDY_sys_nvtxWeightUp
Merging MT_monoZ_catDY_sys_nvtxWeightUp
Merging balance_monoZ_sys_nvtxWeightUp
Merging phizmet_monoZ_sys_nvtxWeightUp
Merging njet_monoZ_sys_nvtxWeightUp
Merging measMET_monoZ_catSignal-0jet_sys_nvtxWeightDown
Merging MT_monoZ_catSignal-0jet_sys_nvtxWeightDown
Merging measMET_monoZ_catEM_sys_nvtxWeightDown
Merging MT_monoZ_catEM_sys_nvtxWeightDown
Merging measMET_monoZ_catSignal-1jet_sys_nvtxWeightDown
Merging MT_monoZ_catSignal-1jet_sys_nvtxWeightDown
Merging measMET_monoZ_cat3L_sys_nvtxWeightDown
Merging MT_monoZ_cat3L_sys_nvtxWeightDown
Merging measMET_monoZ_cat4L_sys_nvtxWeightDown
Merging MT_monoZ_cat4L_sys_nvtxWeightDown
Merging measMET_monoZ_catNRB_sys_nvtxWeightDown
Merging MT_monoZ_catNRB_sys_nvtxWeightDown
Merging measMET_monoZ_catTOP_sys_nvtxWeightDown
Merging MT_monoZ_catTOP_sys_nvtxWeightDown
Merging measMET_monoZ_catDY_sys_nvtxWeightDown
Merging MT_monoZ_catDY_sys_nvtxWeightDown
Merging balance_monoZ_sys_nvtxWeightDown
Merging phizmet_monoZ_sys_nvtxWeightDown
Merging njet_monoZ_sys_nvtxWeightDown
Merging measMET_monoZ_catSignal-0jet_sys_TriggerSFWeightUp
Merging MT_monoZ_catSignal-0jet_sys_TriggerSFWeightUp
Merging measMET_monoZ_catEM_sys_TriggerSFWeightUp
Merging MT_monoZ_catEM_sys_TriggerSFWeightUp
Merging measMET_monoZ_catSignal-1jet_sys_TriggerSFWeightUp
Merging MT_monoZ_catSignal-1jet_sys_TriggerSFWeightUp
Merging measMET_monoZ_cat3L_sys_TriggerSFWeightUp
Merging MT_monoZ_cat3L_sys_TriggerSFWeightUp
Merging measMET_monoZ_cat4L_sys_TriggerSFWeightUp
Merging MT_monoZ_cat4L_sys_TriggerSFWeightUp
Merging measMET_monoZ_catNRB_sys_TriggerSFWeightUp
Merging MT_monoZ_catNRB_sys_TriggerSFWeightUp
Merging measMET_monoZ_catTOP_sys_TriggerSFWeightUp
Merging MT_monoZ_catTOP_sys_TriggerSFWeightUp
Merging measMET_monoZ_catDY_sys_TriggerSFWeightUp
Merging MT_monoZ_catDY_sys_TriggerSFWeightUp
Merging balance_monoZ_sys_TriggerSFWeightUp
Merging phizmet_monoZ_sys_TriggerSFWeightUp
Merging njet_monoZ_sys_TriggerSFWeightUp
Merging measMET_monoZ_catSignal-0jet_sys_TriggerSFWeightDown
Merging MT_monoZ_catSignal-0jet_sys_TriggerSFWeightDown
Merging measMET_monoZ_catEM_sys_TriggerSFWeightDown
Merging MT_monoZ_catEM_sys_TriggerSFWeightDown
Merging measMET_monoZ_catSignal-1jet_sys_TriggerSFWeightDown
Merging MT_monoZ_catSignal-1jet_sys_TriggerSFWeightDown
Merging measMET_monoZ_cat3L_sys_TriggerSFWeightDown
Merging MT_monoZ_cat3L_sys_TriggerSFWeightDown
Merging measMET_monoZ_cat4L_sys_TriggerSFWeightDown
Merging MT_monoZ_cat4L_sys_TriggerSFWeightDown
Merging measMET_monoZ_catNRB_sys_TriggerSFWeightDown
Merging MT_monoZ_catNRB_sys_TriggerSFWeightDown
Merging measMET_monoZ_catTOP_sys_TriggerSFWeightDown
Merging MT_monoZ_catTOP_sys_TriggerSFWeightDown
Merging measMET_monoZ_catDY_sys_TriggerSFWeightDown
Merging MT_monoZ_catDY_sys_TriggerSFWeightDown
Merging balance_monoZ_sys_TriggerSFWeightDown
Merging phizmet_monoZ_sys_TriggerSFWeightDown
Merging njet_monoZ_sys_TriggerSFWeightDown
Merging measMET_monoZ_catSignal-0jet_sys_btagEventWeightUp
Merging MT_monoZ_catSignal-0jet_sys_btagEventWeightUp
Merging measMET_monoZ_catEM_sys_btagEventWeightUp
Merging MT_monoZ_catEM_sys_btagEventWeightUp
Merging measMET_monoZ_catSignal-1jet_sys_btagEventWeightUp
Merging MT_monoZ_catSignal-1jet_sys_btagEventWeightUp
Merging measMET_monoZ_cat3L_sys_btagEventWeightUp
Merging MT_monoZ_cat3L_sys_btagEventWeightUp
Merging measMET_monoZ_cat4L_sys_btagEventWeightUp
Merging MT_monoZ_cat4L_sys_btagEventWeightUp
Merging measMET_monoZ_catNRB_sys_btagEventWeightUp
Merging MT_monoZ_catNRB_sys_btagEventWeightUp
Merging measMET_monoZ_catTOP_sys_btagEventWeightUp
Merging MT_monoZ_catTOP_sys_btagEventWeightUp
Merging measMET_monoZ_catDY_sys_btagEventWeightUp
Merging MT_monoZ_catDY_sys_btagEventWeightUp
Merging balance_monoZ_sys_btagEventWeightUp
Merging phizmet_monoZ_sys_btagEventWeightUp
Merging njet_monoZ_sys_btagEventWeightUp
Merging measMET_monoZ_catSignal-0jet_sys_btagEventWeightDown
Merging MT_monoZ_catSignal-0jet_sys_btagEventWeightDown
Merging measMET_monoZ_catEM_sys_btagEventWeightDown
Merging MT_monoZ_catEM_sys_btagEventWeightDown
Merging measMET_monoZ_catSignal-1jet_sys_btagEventWeightDown
Merging MT_monoZ_catSignal-1jet_sys_btagEventWeightDown
Merging measMET_monoZ_cat3L_sys_btagEventWeightDown
Merging MT_monoZ_cat3L_sys_btagEventWeightDown
Merging measMET_monoZ_cat4L_sys_btagEventWeightDown
Merging MT_monoZ_cat4L_sys_btagEventWeightDown
Merging measMET_monoZ_catNRB_sys_btagEventWeightDown
Merging MT_monoZ_catNRB_sys_btagEventWeightDown
Merging measMET_monoZ_catTOP_sys_btagEventWeightDown
Merging MT_monoZ_catTOP_sys_btagEventWeightDown
Merging measMET_monoZ_catDY_sys_btagEventWeightDown
Merging MT_monoZ_catDY_sys_btagEventWeightDown
Merging balance_monoZ_sys_btagEventWeightDown
Merging phizmet_monoZ_sys_btagEventWeightDown
Merging njet_monoZ_sys_btagEventWeightDown
Merging measMET_monoZ_catSignal-0jet_sys_QCDScale0wUp
Merging MT_monoZ_catSignal-0jet_sys_QCDScale0wUp
Merging measMET_monoZ_catEM_sys_QCDScale0wUp
Merging MT_monoZ_catEM_sys_QCDScale0wUp
Merging measMET_monoZ_catSignal-1jet_sys_QCDScale0wUp
Merging MT_monoZ_catSignal-1jet_sys_QCDScale0wUp
Merging measMET_monoZ_cat3L_sys_QCDScale0wUp
Merging MT_monoZ_cat3L_sys_QCDScale0wUp
Merging measMET_monoZ_cat4L_sys_QCDScale0wUp
Merging MT_monoZ_cat4L_sys_QCDScale0wUp
Merging measMET_monoZ_catNRB_sys_QCDScale0wUp
Merging MT_monoZ_catNRB_sys_QCDScale0wUp
Merging measMET_monoZ_catTOP_sys_QCDScale0wUp
Merging MT_monoZ_catTOP_sys_QCDScale0wUp
Merging measMET_monoZ_catDY_sys_QCDScale0wUp
Merging MT_monoZ_catDY_sys_QCDScale0wUp
Merging balance_monoZ_sys_QCDScale0wUp
Merging phizmet_monoZ_sys_QCDScale0wUp
Merging njet_monoZ_sys_QCDScale0wUp
Merging measMET_monoZ_catSignal-0jet_sys_QCDScale0wDown
Merging MT_monoZ_catSignal-0jet_sys_QCDScale0wDown
Merging measMET_monoZ_catEM_sys_QCDScale0wDown
Merging MT_monoZ_catEM_sys_QCDScale0wDown
Merging measMET_monoZ_catSignal-1jet_sys_QCDScale0wDown
Merging MT_monoZ_catSignal-1jet_sys_QCDScale0wDown
Merging measMET_monoZ_cat3L_sys_QCDScale0wDown
Merging MT_monoZ_cat3L_sys_QCDScale0wDown
Merging measMET_monoZ_cat4L_sys_QCDScale0wDown
Merging MT_monoZ_cat4L_sys_QCDScale0wDown
Merging measMET_monoZ_catNRB_sys_QCDScale0wDown
Merging MT_monoZ_catNRB_sys_QCDScale0wDown
Merging measMET_monoZ_catTOP_sys_QCDScale0wDown
Merging MT_monoZ_catTOP_sys_QCDScale0wDown
Merging measMET_monoZ_catDY_sys_QCDScale0wDown
Merging MT_monoZ_catDY_sys_QCDScale0wDown
Merging balance_monoZ_sys_QCDScale0wDown
Merging phizmet_monoZ_sys_QCDScale0wDown
Merging njet_monoZ_sys_QCDScale0wDown
Merging measMET_monoZ_catSignal-0jet_sys_QCDScale1wUp
Merging MT_monoZ_catSignal-0jet_sys_QCDScale1wUp
Merging measMET_monoZ_catEM_sys_QCDScale1wUp
Merging MT_monoZ_catEM_sys_QCDScale1wUp
Merging measMET_monoZ_catSignal-1jet_sys_QCDScale1wUp
Merging MT_monoZ_catSignal-1jet_sys_QCDScale1wUp
Merging measMET_monoZ_cat3L_sys_QCDScale1wUp
Merging MT_monoZ_cat3L_sys_QCDScale1wUp
Merging measMET_monoZ_cat4L_sys_QCDScale1wUp
Merging MT_monoZ_cat4L_sys_QCDScale1wUp
Merging measMET_monoZ_catNRB_sys_QCDScale1wUp
Merging MT_monoZ_catNRB_sys_QCDScale1wUp
Merging measMET_monoZ_catTOP_sys_QCDScale1wUp
Merging MT_monoZ_catTOP_sys_QCDScale1wUp
Merging measMET_monoZ_catDY_sys_QCDScale1wUp
Merging MT_monoZ_catDY_sys_QCDScale1wUp
Merging balance_monoZ_sys_QCDScale1wUp
Merging phizmet_monoZ_sys_QCDScale1wUp
Merging njet_monoZ_sys_QCDScale1wUp
Merging measMET_monoZ_catSignal-0jet_sys_QCDScale1wDown
Merging MT_monoZ_catSignal-0jet_sys_QCDScale1wDown
Merging measMET_monoZ_catEM_sys_QCDScale1wDown
Merging MT_monoZ_catEM_sys_QCDScale1wDown
Merging measMET_monoZ_catSignal-1jet_sys_QCDScale1wDown
Merging MT_monoZ_catSignal-1jet_sys_QCDScale1wDown
Merging measMET_monoZ_cat3L_sys_QCDScale1wDown
Merging MT_monoZ_cat3L_sys_QCDScale1wDown
Merging measMET_monoZ_cat4L_sys_QCDScale1wDown
Merging MT_monoZ_cat4L_sys_QCDScale1wDown
Merging measMET_monoZ_catNRB_sys_QCDScale1wDown
Merging MT_monoZ_catNRB_sys_QCDScale1wDown
Merging measMET_monoZ_catTOP_sys_QCDScale1wDown
Merging MT_monoZ_catTOP_sys_QCDScale1wDown
Merging measMET_monoZ_catDY_sys_QCDScale1wDown
Merging MT_monoZ_catDY_sys_QCDScale1wDown
Merging balance_monoZ_sys_QCDScale1wDown
Merging phizmet_monoZ_sys_QCDScale1wDown
Merging njet_monoZ_sys_QCDScale1wDown
Merging measMET_monoZ_catSignal-0jet_sys_QCDScale2wUp
Merging MT_monoZ_catSignal-0jet_sys_QCDScale2wUp
Merging measMET_monoZ_catEM_sys_QCDScale2wUp
Merging MT_monoZ_catEM_sys_QCDScale2wUp
Merging measMET_monoZ_catSignal-1jet_sys_QCDScale2wUp
Merging MT_monoZ_catSignal-1jet_sys_QCDScale2wUp
Merging measMET_monoZ_cat3L_sys_QCDScale2wUp
Merging MT_monoZ_cat3L_sys_QCDScale2wUp
Merging measMET_monoZ_cat4L_sys_QCDScale2wUp
Merging MT_monoZ_cat4L_sys_QCDScale2wUp
Merging measMET_monoZ_catNRB_sys_QCDScale2wUp
Merging MT_monoZ_catNRB_sys_QCDScale2wUp
Merging measMET_monoZ_catTOP_sys_QCDScale2wUp
Merging MT_monoZ_catTOP_sys_QCDScale2wUp
Merging measMET_monoZ_catDY_sys_QCDScale2wUp
Merging MT_monoZ_catDY_sys_QCDScale2wUp
Merging balance_monoZ_sys_QCDScale2wUp
Merging phizmet_monoZ_sys_QCDScale2wUp
Merging njet_monoZ_sys_QCDScale2wUp
Merging measMET_monoZ_catSignal-0jet_sys_QCDScale2wDown
Merging MT_monoZ_catSignal-0jet_sys_QCDScale2wDown
Merging measMET_monoZ_catEM_sys_QCDScale2wDown
Merging MT_monoZ_catEM_sys_QCDScale2wDown
Merging measMET_monoZ_catSignal-1jet_sys_QCDScale2wDown
Merging MT_monoZ_catSignal-1jet_sys_QCDScale2wDown
Merging measMET_monoZ_cat3L_sys_QCDScale2wDown
Merging MT_monoZ_cat3L_sys_QCDScale2wDown
Merging measMET_monoZ_cat4L_sys_QCDScale2wDown
Merging MT_monoZ_cat4L_sys_QCDScale2wDown
Merging measMET_monoZ_catNRB_sys_QCDScale2wDown
Merging MT_monoZ_catNRB_sys_QCDScale2wDown
Merging measMET_monoZ_catTOP_sys_QCDScale2wDown
Merging MT_monoZ_catTOP_sys_QCDScale2wDown
Merging measMET_monoZ_catDY_sys_QCDScale2wDown
Merging MT_monoZ_catDY_sys_QCDScale2wDown
Merging balance_monoZ_sys_QCDScale2wDown
Merging phizmet_monoZ_sys_QCDScale2wDown
Merging njet_monoZ_sys_QCDScale2wDown
Merging Events
Merging Runs
Merging ParameterSets
Merging LuminosityBlocks
Merging MetaData
Merging measMET_DMSimp_MonoZLL_NLO_Axial_TuneCP3_GQ0p25_GDM1p0_MY1-1000_MXd-50_catTOP_sys_QCDScale1wUp
Merging MT_DMSimp_MonoZLL_NLO_Axial_TuneCP3_GQ0p25_GDM1p0_MY1-1000_MXd-50_catDY_sys_jerUp
Merging MT_DMSimp_MonoZLL_NLO_Axial_TuneCP3_GQ0p25_GDM1p0_MY1-1000_MXd-50_catSignal-1jet_sys_PrefireWeightUp
Merging measMET_DMSimp_MonoZLL_NLO_Axial_TuneCP3_GQ0p25_GDM1p0_MY1-1000_MXd-50_catDY_sys_jesTotalUp
Merging measMET_DMSimp_MonoZLL_NLO_Axial_TuneCP3_GQ0p25_GDM1p0_MY1-1000_MXd-50_catSignal-1jet_sys_QCDScale2wDown
Merging measMET_DMSimp_MonoZLL_NLO_Axial_TuneCP3_GQ0p25_GDM1p0_MY1-1000_MXd-50_cat4L_sys_QCDScale1wUp
Merging measMET_DMSimp_MonoZLL_NLO_Axial_TuneCP3_GQ0p25_GDM1p0_MY1-1000_MXd-50_catSignal-0jet
Merging njet_DMSimp_MonoZLL_NLO_Axial_TuneCP3_GQ0p25_GDM1p0_MY1-1000_MXd-50_sys_MuonSFUp
Merging MT_DMSimp_MonoZLL_NLO_Axial_TuneCP3_GQ0p25_GDM1p0_MY1-1000_MXd-50_catSignal-0jet_sys_QCDScale1wUp
Merging MT_DMSimp_MonoZLL_NLO_Axial_TuneCP3_GQ0p25_GDM1p0_MY1-1000_MXd-50_cat3L_sys_puWeightDown
Merging measMET_DMSimp_MonoZLL_NLO_Axial_TuneCP3_GQ0p25_GDM1p0_MY1-1000_MXd-50_catSignal-1jet_sys_MuonEnUp
Merging measMET_DMSimp_MonoZLL_NLO_Axial_TuneCP3_GQ0p25_GDM1p0_MY1-1000_MXd-50_catSignal-0jet_sys_nvtxWeightUp
Merging measMET_DMSimp_MonoZLL_NLO_Axial_TuneCP3_GQ0p25_GDM1p0_MY1-1000_MXd-50_catEM_sys_jerDown
Merging measMET_DMSimp_MonoZLL_NLO_Axial_TuneCP3_GQ0p25_GDM1p0_MY1-1000_MXd-50_catSignal-0jet_sys_EWKUp
Merging MT_DMSimp_MonoZLL_NLO_Axial_TuneCP3_GQ0p25_GDM1p0_MY1-1000_MXd-50_catSignal-0jet_sys_btagEventWeightUp
Merging MT_DMSimp_MonoZLL_NLO_Axial_TuneCP3_GQ0p25_GDM1p0_MY1-1000_MXd-50_catEM_sys_PDFUp
Merging measMET_DMSimp_MonoZLL_NLO_Axial_TuneCP3_GQ0p25_GDM1p0_MY1-1000_MXd-50_catEM_sys_ElectronEnDown
Merging MT_DMSimp_MonoZLL_NLO_Axial_TuneCP3_GQ0p25_GDM1p0_MY1-1000_MXd-50_catSignal-1jet_sys_MuonEnUp
Merging phizmet_DMSimp_MonoZLL_NLO_Axial_TuneCP3_GQ0p25_GDM1p0_MY1-1000_MXd-50_sys_jerUp
Merging MT_DMSimp_MonoZLL_NLO_Axial_TuneCP3_GQ0p25_GDM1p0_MY1-1000_MXd-50_cat4L_sys_QCDScale0wUp
Merging MT_DMSimp_MonoZLL_NLO_Axial_TuneCP3_GQ0p25_GDM1p0_MY1-1000_MXd-50_catNRB_sys_TriggerSFWeightDown
Merging measMET_DMSimp_MonoZLL_NLO_Axial_TuneCP3_GQ0p25_GDM1p0_MY1-1000_MXd-50_catDY_sys_PDFDown
Merging measMET_DMSimp_MonoZLL_NLO_Axial_TuneCP3_GQ0p25_GDM1p0_MY1-1000_MXd-50_catSignal-0jet_sys_jesTotalDown
Merging measMET_DMSimp_MonoZLL_NLO_Axial_TuneCP3_GQ0p25_GDM1p0_MY1-1000_MXd-50_cat4L_sys_ElectronEnUp
Merging measMET_DMSimp_MonoZLL_NLO_Axial_TuneCP3_GQ0p25_GDM1p0_MY1-1000_MXd-50_catNRB
Merging measMET_DMSimp_MonoZLL_NLO_Axial_TuneCP3_GQ0p25_GDM1p0_MY1-1000_MXd-50_catDY_sys_jerDown
Merging MT_DMSimp_MonoZLL_NLO_Axial_TuneCP3_GQ0p25_GDM1p0_MY1-1000_MXd-50_catSignal-0jet_sys_QCDScale2wUp
Merging measMET_DMSimp_MonoZLL_NLO_Axial_TuneCP3_GQ0p25_GDM1p0_MY1-1000_MXd-50_catEM_sys_TriggerSFWeightUp
Merging measMET_DMSimp_MonoZLL_NLO_Axial_TuneCP3_GQ0p25_GDM1p0_MY1-1000_MXd-50_catTOP_sys_QCDScale2wUp
Merging njet_DMSimp_MonoZLL_NLO_Axial_TuneCP3_GQ0p25_GDM1p0_MY1-1000_MXd-50_sys_EWKDown
Merging MT_DMSimp_MonoZLL_NLO_Axial_TuneCP3_GQ0p25_GDM1p0_MY1-1000_MXd-50_cat3L_sys_ElecronSFDown
Merging measMET_DMSimp_MonoZLL_NLO_Axial_TuneCP3_GQ0p25_GDM1p0_MY1-1000_MXd-50_catNRB_sys_QCDScale1wDown
Merging measMET_DMSimp_MonoZLL_NLO_Axial_TuneCP3_GQ0p25_GDM1p0_MY1-1000_MXd-50_catTOP_sys_nvtxWeightUp
Merging MT_DMSimp_MonoZLL_NLO_Axial_TuneCP3_GQ0p25_GDM1p0_MY1-1000_MXd-50_catEM_sys_nvtxWeightDown
Merging MT_DMSimp_MonoZLL_NLO_Axial_TuneCP3_GQ0p25_GDM1p0_MY1-1000_MXd-50_catSignal-1jet_sys_TriggerSFWeightDown
Merging MT_DMSimp_MonoZLL_NLO_Axial_TuneCP3_GQ0p25_GDM1p0_MY1-1000_MXd-50_catSignal-0jet_sys_QCDScale2wDown
Merging MT_DMSimp_MonoZLL_NLO_Axial_TuneCP3_GQ0p25_GDM1p0_MY1-1000_MXd-50_catTOP_sys_QCDScale0wUp
Merging balance_DMSimp_MonoZLL_NLO_Axial_TuneCP3_GQ0p25_GDM1p0_MY1-1000_MXd-50_sys_QCDScale2wDown
Merging measMET_DMSimp_MonoZLL_NLO_Axial_TuneCP3_GQ0p25_GDM1p0_MY1-1000_MXd-50_catNRB_sys_TriggerSFWeightUp
Merging balance_DMSimp_MonoZLL_NLO_Axial_TuneCP3_GQ0p25_GDM1p0_MY1-1000_MXd-50_sys_btagEventWeightDown
Merging balance_DMSimp_MonoZLL_NLO_Axial_TuneCP3_GQ0p25_GDM1p0_MY1-1000_MXd-50_sys_MuonSFDown
Merging measMET_DMSimp_MonoZLL_NLO_Axial_TuneCP3_GQ0p25_GDM1p0_MY1-1000_MXd-50_catEM_sys_QCDScale0wUp
Merging measMET_DMSimp_MonoZLL_NLO_Axial_TuneCP3_GQ0p25_GDM1p0_MY1-1000_MXd-50_catTOP
Merging MT_DMSimp_MonoZLL_NLO_Axial_TuneCP3_GQ0p25_GDM1p0_MY1-1000_MXd-50_catTOP_sys_ElectronEnDown
Merging measMET_DMSimp_MonoZLL_NLO_Axial_TuneCP3_GQ0p25_GDM1p0_MY1-1000_MXd-50_catEM_sys_nvtxWeightUp
Merging MT_DMSimp_MonoZLL_NLO_Axial_TuneCP3_GQ0p25_GDM1p0_MY1-1000_MXd-50_cat4L_sys_MuonEnDown
Merging balance_DMSimp_MonoZLL_NLO_Axial_TuneCP3_GQ0p25_GDM1p0_MY1-1000_MXd-50_sys_PDFDown
Merging phizmet_DMSimp_MonoZLL_NLO_Axial_TuneCP3_GQ0p25_GDM1p0_MY1-1000_MXd-50_sys_MuonSFDown
Merging njet_DMSimp_MonoZLL_NLO_Axial_TuneCP3_GQ0p25_GDM1p0_MY1-1000_MXd-50_sys_PDFUp
Merging MT_DMSimp_MonoZLL_NLO_Axial_TuneCP3_GQ0p25_GDM1p0_MY1-1000_MXd-50_cat4L_sys_QCDScale1wUp
Merging measMET_DMSimp_MonoZLL_NLO_Axial_TuneCP3_GQ0p25_GDM1p0_MY1-1000_MXd-50_catNRB_sys_ElecronSFDown
Merging measMET_DMSimp_MonoZLL_NLO_Axial_TuneCP3_GQ0p25_GDM1p0_MY1-1000_MXd-50_catEM
Merging MT_DMSimp_MonoZLL_NLO_Axial_TuneCP3_GQ0p25_GDM1p0_MY1-1000_MXd-50_catNRB_sys_PDFUp
Merging MT_DMSimp_MonoZLL_NLO_Axial_TuneCP3_GQ0p25_GDM1p0_MY1-1000_MXd-50_catEM_sys_EWKUp
Merging MT_DMSimp_MonoZLL_NLO_Axial_TuneCP3_GQ0p25_GDM1p0_MY1-1000_MXd-50_catSignal-0jet_sys_QCDScale0wDown
Merging MT_DMSimp_MonoZLL_NLO_Axial_TuneCP3_GQ0p25_GDM1p0_MY1-1000_MXd-50_catDY_sys_QCDScale0wDown
Merging MT_DMSimp_MonoZLL_NLO_Axial_TuneCP3_GQ0p25_GDM1p0_MY1-1000_MXd-50_cat3L_sys_TriggerSFWeightUp
Merging MT_DMSimp_MonoZLL_NLO_Axial_TuneCP3_GQ0p25_GDM1p0_MY1-1000_MXd-50_catSignal-0jet_sys_ElectronEnDown
Merging measMET_DMSimp_MonoZLL_NLO_Axial_TuneCP3_GQ0p25_GDM1p0_MY1-1000_MXd-50_catTOP_sys_jerDown
Merging MT_DMSimp_MonoZLL_NLO_Axial_TuneCP3_GQ0p25_GDM1p0_MY1-1000_MXd-50_catSignal-0jet_sys_EWKDown
Merging measMET_DMSimp_MonoZLL_NLO_Axial_TuneCP3_GQ0p25_GDM1p0_MY1-1000_MXd-50_catSignal-1jet_sys_QCDScale1wUp
Merging balance_DMSimp_MonoZLL_NLO_Axial_TuneCP3_GQ0p25_GDM1p0_MY1-1000_MXd-50_sys_MuonEnDown
Merging measMET_DMSimp_MonoZLL_NLO_Axial_TuneCP3_GQ0p25_GDM1p0_MY1-1000_MXd-50_cat3L_sys_jesTotalDown
Merging phizmet_DMSimp_MonoZLL_NLO_Axial_TuneCP3_GQ0p25_GDM1p0_MY1-1000_MXd-50_sys_PDFUp
Merging MT_DMSimp_MonoZLL_NLO_Axial_TuneCP3_GQ0p25_GDM1p0_MY1-1000_MXd-50_catNRB_sys_nvtxWeightUp
Merging MT_DMSimp_MonoZLL_NLO_Axial_TuneCP3_GQ0p25_GDM1p0_MY1-1000_MXd-50_catEM_sys_jesTotalUp
Merging MT_DMSimp_MonoZLL_NLO_Axial_TuneCP3_GQ0p25_GDM1p0_MY1-1000_MXd-50_catSignal-0jet_sys_ElecronSFDown
Merging measMET_DMSimp_MonoZLL_NLO_Axial_TuneCP3_GQ0p25_GDM1p0_MY1-1000_MXd-50_cat4L_sys_puWeightUp
Merging measMET_DMSimp_MonoZLL_NLO_Axial_TuneCP3_GQ0p25_GDM1p0_MY1-1000_MXd-50_catDY_sys_MuonSFDown
Merging measMET_DMSimp_MonoZLL_NLO_Axial_TuneCP3_GQ0p25_GDM1p0_MY1-1000_MXd-50_catEM_sys_QCDScale1wDown
Merging MT_DMSimp_MonoZLL_NLO_Axial_TuneCP3_GQ0p25_GDM1p0_MY1-1000_MXd-50_catDY_sys_QCDScale1wDown
Merging MT_DMSimp_MonoZLL_NLO_Axial_TuneCP3_GQ0p25_GDM1p0_MY1-1000_MXd-50_catTOP_sys_puWeightUp
Merging phizmet_DMSimp_MonoZLL_NLO_Axial_TuneCP3_GQ0p25_GDM1p0_MY1-1000_MXd-50_sys_btagEventWeightDown
Merging MT_DMSimp_MonoZLL_NLO_Axial_TuneCP3_GQ0p25_GDM1p0_MY1-1000_MXd-50_catTOP_sys_PrefireWeightDown
Merging MT_DMSimp_MonoZLL_NLO_Axial_TuneCP3_GQ0p25_GDM1p0_MY1-1000_MXd-50_cat4L_sys_MuonSFUp
Merging measMET_DMSimp_MonoZLL_NLO_Axial_TuneCP3_GQ0p25_GDM1p0_MY1-1000_MXd-50_catSignal-1jet_sys_PDFUp
Merging phizmet_DMSimp_MonoZLL_NLO_Axial_TuneCP3_GQ0p25_GDM1p0_MY1-1000_MXd-50_sys_QCDScale2wUp
Merging MT_DMSimp_MonoZLL_NLO_Axial_TuneCP3_GQ0p25_GDM1p0_MY1-1000_MXd-50_catNRB_sys_btagEventWeightUp
Merging MT_DMSimp_MonoZLL_NLO_Axial_TuneCP3_GQ0p25_GDM1p0_MY1-1000_MXd-50_catTOP_sys_QCDScale1wDown
Merging njet_DMSimp_MonoZLL_NLO_Axial_TuneCP3_GQ0p25_GDM1p0_MY1-1000_MXd-50_sys_PrefireWeightDown
Merging MT_DMSimp_MonoZLL_NLO_Axial_TuneCP3_GQ0p25_GDM1p0_MY1-1000_MXd-50_cat4L_sys_PrefireWeightDown
Merging MT_DMSimp_MonoZLL_NLO_Axial_TuneCP3_GQ0p25_GDM1p0_MY1-1000_MXd-50_cat3L_sys_PrefireWeightDown
Merging MT_DMSimp_MonoZLL_NLO_Axial_TuneCP3_GQ0p25_GDM1p0_MY1-1000_MXd-50_catNRB_sys_PrefireWeightDown
Merging balance_DMSimp_MonoZLL_NLO_Axial_TuneCP3_GQ0p25_GDM1p0_MY1-1000_MXd-50_sys_MuonEnUp
Merging measMET_DMSimp_MonoZLL_NLO_Axial_TuneCP3_GQ0p25_GDM1p0_MY1-1000_MXd-50_cat3L_sys_QCDScale2wUp
Merging measMET_DMSimp_MonoZLL_NLO_Axial_TuneCP3_GQ0p25_GDM1p0_MY1-1000_MXd-50_catNRB_sys_EWKDown
Merging measMET_DMSimp_MonoZLL_NLO_Axial_TuneCP3_GQ0p25_GDM1p0_MY1-1000_MXd-50_cat3L_sys_jerUp
Merging MT_DMSimp_MonoZLL_NLO_Axial_TuneCP3_GQ0p25_GDM1p0_MY1-1000_MXd-50_catTOP_sys_EWKUp
Merging phizmet_DMSimp_MonoZLL_NLO_Axial_TuneCP3_GQ0p25_GDM1p0_MY1-1000_MXd-50_sys_nvtxWeightDown
Merging measMET_DMSimp_MonoZLL_NLO_Axial_TuneCP3_GQ0p25_GDM1p0_MY1-1000_MXd-50_catSignal-1jet_sys_jesTotalDown
Merging MT_DMSimp_MonoZLL_NLO_Axial_TuneCP3_GQ0p25_GDM1p0_MY1-1000_MXd-50_catSignal-0jet_sys_PDFUp
Merging measMET_DMSimp_MonoZLL_NLO_Axial_TuneCP3_GQ0p25_GDM1p0_MY1-1000_MXd-50_cat4L_sys_PDFUp
Merging MT_DMSimp_MonoZLL_NLO_Axial_TuneCP3_GQ0p25_GDM1p0_MY1-1000_MXd-50_catSignal-1jet_sys_ElectronEnDown
Merging MT_DMSimp_MonoZLL_NLO_Axial_TuneCP3_GQ0p25_GDM1p0_MY1-1000_MXd-50_catDY_sys_jesTotalDown
Merging measMET_DMSimp_MonoZLL_NLO_Axial_TuneCP3_GQ0p25_GDM1p0_MY1-1000_MXd-50_cat3L_sys_EWKDown
Merging measMET_DMSimp_MonoZLL_NLO_Axial_TuneCP3_GQ0p25_GDM1p0_MY1-1000_MXd-50_cat3L_sys_PrefireWeightUp
Merging phizmet_DMSimp_MonoZLL_NLO_Axial_TuneCP3_GQ0p25_GDM1p0_MY1-1000_MXd-50_sys_EWKDown
Merging measMET_DMSimp_MonoZLL_NLO_Axial_TuneCP3_GQ0p25_GDM1p0_MY1-1000_MXd-50_catNRB_sys_QCDScale0wUp
Merging measMET_DMSimp_MonoZLL_NLO_Axial_TuneCP3_GQ0p25_GDM1p0_MY1-1000_MXd-50_catSignal-1jet_sys_QCDScale0wDown
Merging measMET_DMSimp_MonoZLL_NLO_Axial_TuneCP3_GQ0p25_GDM1p0_MY1-1000_MXd-50_catSignal-0jet_sys_ElectronEnUp
Merging MT_DMSimp_MonoZLL_NLO_Axial_TuneCP3_GQ0p25_GDM1p0_MY1-1000_MXd-50_catNRB_sys_MuonSFDown
Merging autoPU
Merging MT_DMSimp_MonoZLL_NLO_Axial_TuneCP3_GQ0p25_GDM1p0_MY1-1000_MXd-50_catSignal-1jet_sys_jerDown
Merging MT_DMSimp_MonoZLL_NLO_Axial_TuneCP3_GQ0p25_GDM1p0_MY1-1000_MXd-50_cat4L_sys_MuonSFDown
Merging measMET_DMSimp_MonoZLL_NLO_Axial_TuneCP3_GQ0p25_GDM1p0_MY1-1000_MXd-50_cat3L_sys_PrefireWeightDown
Merging MT_DMSimp_MonoZLL_NLO_Axial_TuneCP3_GQ0p25_GDM1p0_MY1-1000_MXd-50_cat4L_sys_ElecronSFDown
Merging measMET_DMSimp_MonoZLL_NLO_Axial_TuneCP3_GQ0p25_GDM1p0_MY1-1000_MXd-50_cat4L_sys_puWeightDown
Merging MT_DMSimp_MonoZLL_NLO_Axial_TuneCP3_GQ0p25_GDM1p0_MY1-1000_MXd-50_catSignal-1jet_sys_jesTotalDown
Merging MT_DMSimp_MonoZLL_NLO_Axial_TuneCP3_GQ0p25_GDM1p0_MY1-1000_MXd-50_catSignal-1jet_sys_QCDScale1wDown
Merging measMET_DMSimp_MonoZLL_NLO_Axial_TuneCP3_GQ0p25_GDM1p0_MY1-1000_MXd-50_cat3L_sys_PDFUp
Merging measMET_DMSimp_MonoZLL_NLO_Axial_TuneCP3_GQ0p25_GDM1p0_MY1-1000_MXd-50_cat4L_sys_PrefireWeightDown
Merging MT_DMSimp_MonoZLL_NLO_Axial_TuneCP3_GQ0p25_GDM1p0_MY1-1000_MXd-50_catSignal-1jet_sys_EWKUp
Merging phizmet_DMSimp_MonoZLL_NLO_Axial_TuneCP3_GQ0p25_GDM1p0_MY1-1000_MXd-50_sys_ElecronSFDown
Merging measMET_DMSimp_MonoZLL_NLO_Axial_TuneCP3_GQ0p25_GDM1p0_MY1-1000_MXd-50_catEM_sys_ElectronEnUp
Merging phizmet_DMSimp_MonoZLL_NLO_Axial_TuneCP3_GQ0p25_GDM1p0_MY1-1000_MXd-50_sys_PrefireWeightUp
Merging njet_DMSimp_MonoZLL_NLO_Axial_TuneCP3_GQ0p25_GDM1p0_MY1-1000_MXd-50_sys_QCDScale0wUp
Merging measMET_DMSimp_MonoZLL_NLO_Axial_TuneCP3_GQ0p25_GDM1p0_MY1-1000_MXd-50_catNRB_sys_ElectronEnUp
Merging measMET_DMSimp_MonoZLL_NLO_Axial_TuneCP3_GQ0p25_GDM1p0_MY1-1000_MXd-50_cat4L_sys_jesTotalUp
Merging phizmet_DMSimp_MonoZLL_NLO_Axial_TuneCP3_GQ0p25_GDM1p0_MY1-1000_MXd-50_sys_QCDScale1wUp
Merging measMET_DMSimp_MonoZLL_NLO_Axial_TuneCP3_GQ0p25_GDM1p0_MY1-1000_MXd-50_catEM_sys_puWeightUp
Merging measMET_DMSimp_MonoZLL_NLO_Axial_TuneCP3_GQ0p25_GDM1p0_MY1-1000_MXd-50_catSignal-1jet_sys_nvtxWeightUp
Merging measMET_DMSimp_MonoZLL_NLO_Axial_TuneCP3_GQ0p25_GDM1p0_MY1-1000_MXd-50_catSignal-0jet_sys_ElectronEnDown
Merging MT_DMSimp_MonoZLL_NLO_Axial_TuneCP3_GQ0p25_GDM1p0_MY1-1000_MXd-50_catDY_sys_TriggerSFWeightDown
Merging measMET_DMSimp_MonoZLL_NLO_Axial_TuneCP3_GQ0p25_GDM1p0_MY1-1000_MXd-50_catNRB_sys_ElecronSFUp
Merging measMET_DMSimp_MonoZLL_NLO_Axial_TuneCP3_GQ0p25_GDM1p0_MY1-1000_MXd-50_catSignal-0jet_sys_btagEventWeightUp
Merging phizmet_DMSimp_MonoZLL_NLO_Axial_TuneCP3_GQ0p25_GDM1p0_MY1-1000_MXd-50_sys_MuonSFUp
Merging measMET_DMSimp_MonoZLL_NLO_Axial_TuneCP3_GQ0p25_GDM1p0_MY1-1000_MXd-50_catDY_sys_ElecronSFUp
Merging measMET_DMSimp_MonoZLL_NLO_Axial_TuneCP3_GQ0p25_GDM1p0_MY1-1000_MXd-50_catEM_sys_jesTotalDown
Merging MT_DMSimp_MonoZLL_NLO_Axial_TuneCP3_GQ0p25_GDM1p0_MY1-1000_MXd-50_catTOP_sys_TriggerSFWeightDown
Merging MT_DMSimp_MonoZLL_NLO_Axial_TuneCP3_GQ0p25_GDM1p0_MY1-1000_MXd-50_cat4L_sys_btagEventWeightDown
Merging balance_DMSimp_MonoZLL_NLO_Axial_TuneCP3_GQ0p25_GDM1p0_MY1-1000_MXd-50_sys_QCDScale2wUp
Merging measMET_DMSimp_MonoZLL_NLO_Axial_TuneCP3_GQ0p25_GDM1p0_MY1-1000_MXd-50_catSignal-1jet_sys_btagEventWeightUp
Merging MT_DMSimp_MonoZLL_NLO_Axial_TuneCP3_GQ0p25_GDM1p0_MY1-1000_MXd-50_cat3L_sys_btagEventWeightDown
Merging MT_DMSimp_MonoZLL_NLO_Axial_TuneCP3_GQ0p25_GDM1p0_MY1-1000_MXd-50_catNRB_sys_puWeightDown
Merging MT_DMSimp_MonoZLL_NLO_Axial_TuneCP3_GQ0p25_GDM1p0_MY1-1000_MXd-50_catEM_sys_QCDScale1wUp
Merging phizmet_DMSimp_MonoZLL_NLO_Axial_TuneCP3_GQ0p25_GDM1p0_MY1-1000_MXd-50_sys_ElecronSFUp
Merging measMET_DMSimp_MonoZLL_NLO_Axial_TuneCP3_GQ0p25_GDM1p0_MY1-1000_MXd-50_catDY_sys_QCDScale1wDown
Merging measMET_DMSimp_MonoZLL_NLO_Axial_TuneCP3_GQ0p25_GDM1p0_MY1-1000_MXd-50_catTOP_sys_PDFDown
Merging measMET_DMSimp_MonoZLL_NLO_Axial_TuneCP3_GQ0p25_GDM1p0_MY1-1000_MXd-50_catSignal-0jet_sys_PrefireWeightDown
Merging MT_DMSimp_MonoZLL_NLO_Axial_TuneCP3_GQ0p25_GDM1p0_MY1-1000_MXd-50_catNRB_sys_btagEventWeightDown
Merging njet_DMSimp_MonoZLL_NLO_Axial_TuneCP3_GQ0p25_GDM1p0_MY1-1000_MXd-50
Merging MT_DMSimp_MonoZLL_NLO_Axial_TuneCP3_GQ0p25_GDM1p0_MY1-1000_MXd-50_catSignal-0jet_sys_btagEventWeightDown
Merging balance_DMSimp_MonoZLL_NLO_Axial_TuneCP3_GQ0p25_GDM1p0_MY1-1000_MXd-50_sys_EWKUp
Merging njet_DMSimp_MonoZLL_NLO_Axial_TuneCP3_GQ0p25_GDM1p0_MY1-1000_MXd-50_sys_QCDScale2wDown
Merging MT_DMSimp_MonoZLL_NLO_Axial_TuneCP3_GQ0p25_GDM1p0_MY1-1000_MXd-50_catDY_sys_QCDScale2wUp
Merging MT_DMSimp_MonoZLL_NLO_Axial_TuneCP3_GQ0p25_GDM1p0_MY1-1000_MXd-50_catTOP
Merging measMET_DMSimp_MonoZLL_NLO_Axial_TuneCP3_GQ0p25_GDM1p0_MY1-1000_MXd-50_catNRB_sys_MuonSFDown
Merging measMET_DMSimp_MonoZLL_NLO_Axial_TuneCP3_GQ0p25_GDM1p0_MY1-1000_MXd-50_catNRB_sys_MuonEnDown
Merging MT_DMSimp_MonoZLL_NLO_Axial_TuneCP3_GQ0p25_GDM1p0_MY1-1000_MXd-50_catEM_sys_puWeightUp
Merging measMET_DMSimp_MonoZLL_NLO_Axial_TuneCP3_GQ0p25_GDM1p0_MY1-1000_MXd-50_catNRB_sys_QCDScale2wUp
Merging MT_DMSimp_MonoZLL_NLO_Axial_TuneCP3_GQ0p25_GDM1p0_MY1-1000_MXd-50_catSignal-0jet_sys_ElecronSFUp
Merging MT_DMSimp_MonoZLL_NLO_Axial_TuneCP3_GQ0p25_GDM1p0_MY1-1000_MXd-50_catEM_sys_ElecronSFDown
Merging MT_DMSimp_MonoZLL_NLO_Axial_TuneCP3_GQ0p25_GDM1p0_MY1-1000_MXd-50_catTOP_sys_btagEventWeightUp
Merging MT_DMSimp_MonoZLL_NLO_Axial_TuneCP3_GQ0p25_GDM1p0_MY1-1000_MXd-50_catSignal-1jet_sys_ElecronSFDown
Merging njet_DMSimp_MonoZLL_NLO_Axial_TuneCP3_GQ0p25_GDM1p0_MY1-1000_MXd-50_sys_EWKUp
Merging measMET_DMSimp_MonoZLL_NLO_Axial_TuneCP3_GQ0p25_GDM1p0_MY1-1000_MXd-50_catTOP_sys_PrefireWeightUp
Merging MT_DMSimp_MonoZLL_NLO_Axial_TuneCP3_GQ0p25_GDM1p0_MY1-1000_MXd-50_catEM_sys_ElecronSFUp
Merging MT_DMSimp_MonoZLL_NLO_Axial_TuneCP3_GQ0p25_GDM1p0_MY1-1000_MXd-50_cat3L_sys_QCDScale0wUp
Merging measMET_DMSimp_MonoZLL_NLO_Axial_TuneCP3_GQ0p25_GDM1p0_MY1-1000_MXd-50_cat4L_sys_TriggerSFWeightDown
Merging balance_DMSimp_MonoZLL_NLO_Axial_TuneCP3_GQ0p25_GDM1p0_MY1-1000_MXd-50_sys_TriggerSFWeightDown
Merging measMET_DMSimp_MonoZLL_NLO_Axial_TuneCP3_GQ0p25_GDM1p0_MY1-1000_MXd-50_catSignal-0jet_sys_MuonSFUp
Merging balance_DMSimp_MonoZLL_NLO_Axial_TuneCP3_GQ0p25_GDM1p0_MY1-1000_MXd-50_sys_btagEventWeightUp
Merging MT_DMSimp_MonoZLL_NLO_Axial_TuneCP3_GQ0p25_GDM1p0_MY1-1000_MXd-50_catEM_sys_jesTotalDown
Merging measMET_DMSimp_MonoZLL_NLO_Axial_TuneCP3_GQ0p25_GDM1p0_MY1-1000_MXd-50_catSignal-0jet_sys_jerDown
Merging measMET_DMSimp_MonoZLL_NLO_Axial_TuneCP3_GQ0p25_GDM1p0_MY1-1000_MXd-50_catSignal-0jet_sys_btagEventWeightDown
Merging measMET_DMSimp_MonoZLL_NLO_Axial_TuneCP3_GQ0p25_GDM1p0_MY1-1000_MXd-50_catTOP_sys_ElecronSFDown
Merging MT_DMSimp_MonoZLL_NLO_Axial_TuneCP3_GQ0p25_GDM1p0_MY1-1000_MXd-50_catEM_sys_TriggerSFWeightDown
Merging measMET_DMSimp_MonoZLL_NLO_Axial_TuneCP3_GQ0p25_GDM1p0_MY1-1000_MXd-50_cat4L_sys_QCDScale2wUp
Merging measMET_DMSimp_MonoZLL_NLO_Axial_TuneCP3_GQ0p25_GDM1p0_MY1-1000_MXd-50_catEM_sys_QCDScale0wDown
Merging MT_DMSimp_MonoZLL_NLO_Axial_TuneCP3_GQ0p25_GDM1p0_MY1-1000_MXd-50_catTOP_sys_TriggerSFWeightUp
Merging balance_DMSimp_MonoZLL_NLO_Axial_TuneCP3_GQ0p25_GDM1p0_MY1-1000_MXd-50_sys_QCDScale1wDown
Merging MT_DMSimp_MonoZLL_NLO_Axial_TuneCP3_GQ0p25_GDM1p0_MY1-1000_MXd-50_catNRB_sys_jerUp
Merging MT_DMSimp_MonoZLL_NLO_Axial_TuneCP3_GQ0p25_GDM1p0_MY1-1000_MXd-50_cat4L_sys_puWeightDown
Merging MT_DMSimp_MonoZLL_NLO_Axial_TuneCP3_GQ0p25_GDM1p0_MY1-1000_MXd-50_catSignal-0jet_sys_PrefireWeightDown
Merging measMET_DMSimp_MonoZLL_NLO_Axial_TuneCP3_GQ0p25_GDM1p0_MY1-1000_MXd-50_cat4L_sys_nvtxWeightDown
Merging MT_DMSimp_MonoZLL_NLO_Axial_TuneCP3_GQ0p25_GDM1p0_MY1-1000_MXd-50_cat3L_sys_jerUp
Merging measMET_DMSimp_MonoZLL_NLO_Axial_TuneCP3_GQ0p25_GDM1p0_MY1-1000_MXd-50_catEM_sys_PrefireWeightDown
Merging balance_DMSimp_MonoZLL_NLO_Axial_TuneCP3_GQ0p25_GDM1p0_MY1-1000_MXd-50_sys_puWeightUp
Merging balance_DMSimp_MonoZLL_NLO_Axial_TuneCP3_GQ0p25_GDM1p0_MY1-1000_MXd-50_sys_PrefireWeightUp
Merging measMET_DMSimp_MonoZLL_NLO_Axial_TuneCP3_GQ0p25_GDM1p0_MY1-1000_MXd-50_catDY_sys_MuonEnDown
Merging measMET_DMSimp_MonoZLL_NLO_Axial_TuneCP3_GQ0p25_GDM1p0_MY1-1000_MXd-50_catSignal-0jet_sys_EWKDown
Merging phizmet_DMSimp_MonoZLL_NLO_Axial_TuneCP3_GQ0p25_GDM1p0_MY1-1000_MXd-50_sys_puWeightUp
Merging measMET_DMSimp_MonoZLL_NLO_Axial_TuneCP3_GQ0p25_GDM1p0_MY1-1000_MXd-50_catTOP_sys_nvtxWeightDown
Merging measMET_DMSimp_MonoZLL_NLO_Axial_TuneCP3_GQ0p25_GDM1p0_MY1-1000_MXd-50_catNRB_sys_PDFDown
Merging MT_DMSimp_MonoZLL_NLO_Axial_TuneCP3_GQ0p25_GDM1p0_MY1-1000_MXd-50_catTOP_sys_puWeightDown
Merging MT_DMSimp_MonoZLL_NLO_Axial_TuneCP3_GQ0p25_GDM1p0_MY1-1000_MXd-50_catDY_sys_MuonEnUp
Merging phizmet_DMSimp_MonoZLL_NLO_Axial_TuneCP3_GQ0p25_GDM1p0_MY1-1000_MXd-50_sys_btagEventWeightUp
Merging measMET_DMSimp_MonoZLL_NLO_Axial_TuneCP3_GQ0p25_GDM1p0_MY1-1000_MXd-50_catEM_sys_PDFDown
Merging measMET_DMSimp_MonoZLL_NLO_Axial_TuneCP3_GQ0p25_GDM1p0_MY1-1000_MXd-50_catSignal-1jet_sys_MuonEnDown
Merging MT_DMSimp_MonoZLL_NLO_Axial_TuneCP3_GQ0p25_GDM1p0_MY1-1000_MXd-50_catTOP_sys_QCDScale1wUp
Merging njet_DMSimp_MonoZLL_NLO_Axial_TuneCP3_GQ0p25_GDM1p0_MY1-1000_MXd-50_sys_nvtxWeightDown
Merging MT_DMSimp_MonoZLL_NLO_Axial_TuneCP3_GQ0p25_GDM1p0_MY1-1000_MXd-50_catNRB_sys_EWKUp
Merging measMET_DMSimp_MonoZLL_NLO_Axial_TuneCP3_GQ0p25_GDM1p0_MY1-1000_MXd-50_catTOP_sys_MuonSFDown
Merging measMET_DMSimp_MonoZLL_NLO_Axial_TuneCP3_GQ0p25_GDM1p0_MY1-1000_MXd-50_catNRB_sys_QCDScale2wDown
Merging measMET_DMSimp_MonoZLL_NLO_Axial_TuneCP3_GQ0p25_GDM1p0_MY1-1000_MXd-50_catSignal-0jet_sys_QCDScale2wUp
Merging measMET_DMSimp_MonoZLL_NLO_Axial_TuneCP3_GQ0p25_GDM1p0_MY1-1000_MXd-50_catDY_sys_nvtxWeightUp
Merging measMET_DMSimp_MonoZLL_NLO_Axial_TuneCP3_GQ0p25_GDM1p0_MY1-1000_MXd-50_catEM_sys_MuonSFUp
Merging MT_DMSimp_MonoZLL_NLO_Axial_TuneCP3_GQ0p25_GDM1p0_MY1-1000_MXd-50_catEM_sys_QCDScale2wDown
Merging balance_DMSimp_MonoZLL_NLO_Axial_TuneCP3_GQ0p25_GDM1p0_MY1-1000_MXd-50_sys_QCDScale1wUp
Merging MT_DMSimp_MonoZLL_NLO_Axial_TuneCP3_GQ0p25_GDM1p0_MY1-1000_MXd-50_catTOP_sys_PDFUp
Merging njet_DMSimp_MonoZLL_NLO_Axial_TuneCP3_GQ0p25_GDM1p0_MY1-1000_MXd-50_sys_jesTotalUp
Merging MT_DMSimp_MonoZLL_NLO_Axial_TuneCP3_GQ0p25_GDM1p0_MY1-1000_MXd-50_catEM_sys_MuonSFUp
Merging MT_DMSimp_MonoZLL_NLO_Axial_TuneCP3_GQ0p25_GDM1p0_MY1-1000_MXd-50_cat4L_sys_ElectronEnDown
Merging phizmet_DMSimp_MonoZLL_NLO_Axial_TuneCP3_GQ0p25_GDM1p0_MY1-1000_MXd-50_sys_jesTotalDown
Merging MT_DMSimp_MonoZLL_NLO_Axial_TuneCP3_GQ0p25_GDM1p0_MY1-1000_MXd-50_catEM_sys_jerUp
Merging MT_DMSimp_MonoZLL_NLO_Axial_TuneCP3_GQ0p25_GDM1p0_MY1-1000_MXd-50_catSignal-1jet_sys_nvtxWeightUp
Merging measMET_DMSimp_MonoZLL_NLO_Axial_TuneCP3_GQ0p25_GDM1p0_MY1-1000_MXd-50_catNRB_sys_PDFUp
Merging MT_DMSimp_MonoZLL_NLO_Axial_TuneCP3_GQ0p25_GDM1p0_MY1-1000_MXd-50_catTOP_sys_ElecronSFUp
Merging MT_DMSimp_MonoZLL_NLO_Axial_TuneCP3_GQ0p25_GDM1p0_MY1-1000_MXd-50_catEM_sys_btagEventWeightDown
Merging measMET_DMSimp_MonoZLL_NLO_Axial_TuneCP3_GQ0p25_GDM1p0_MY1-1000_MXd-50_cat4L_sys_ElecronSFDown
Merging MT_DMSimp_MonoZLL_NLO_Axial_TuneCP3_GQ0p25_GDM1p0_MY1-1000_MXd-50_cat4L_sys_ElectronEnUp
Merging measMET_DMSimp_MonoZLL_NLO_Axial_TuneCP3_GQ0p25_GDM1p0_MY1-1000_MXd-50_catDY_sys_QCDScale0wUp
Merging measMET_DMSimp_MonoZLL_NLO_Axial_TuneCP3_GQ0p25_GDM1p0_MY1-1000_MXd-50_catSignal-1jet_sys_QCDScale1wDown
Merging measMET_DMSimp_MonoZLL_NLO_Axial_TuneCP3_GQ0p25_GDM1p0_MY1-1000_MXd-50_catSignal-1jet_sys_EWKUp
Merging MT_DMSimp_MonoZLL_NLO_Axial_TuneCP3_GQ0p25_GDM1p0_MY1-1000_MXd-50_catNRB_sys_ElecronSFDown
Merging MT_DMSimp_MonoZLL_NLO_Axial_TuneCP3_GQ0p25_GDM1p0_MY1-1000_MXd-50_cat3L_sys_jesTotalDown
Merging measMET_DMSimp_MonoZLL_NLO_Axial_TuneCP3_GQ0p25_GDM1p0_MY1-1000_MXd-50_catNRB_sys_btagEventWeightUp
Merging measMET_DMSimp_MonoZLL_NLO_Axial_TuneCP3_GQ0p25_GDM1p0_MY1-1000_MXd-50_catEM_sys_ElecronSFUp
Merging MT_DMSimp_MonoZLL_NLO_Axial_TuneCP3_GQ0p25_GDM1p0_MY1-1000_MXd-50_cat3L_sys_ElectronEnDown
Merging MT_DMSimp_MonoZLL_NLO_Axial_TuneCP3_GQ0p25_GDM1p0_MY1-1000_MXd-50_catNRB_sys_EWKDown
Merging MT_DMSimp_MonoZLL_NLO_Axial_TuneCP3_GQ0p25_GDM1p0_MY1-1000_MXd-50_cat4L_sys_PDFUp
Merging balance_DMSimp_MonoZLL_NLO_Axial_TuneCP3_GQ0p25_GDM1p0_MY1-1000_MXd-50_sys_ElecronSFUp
Merging MT_DMSimp_MonoZLL_NLO_Axial_TuneCP3_GQ0p25_GDM1p0_MY1-1000_MXd-50_catSignal-1jet_sys_QCDScale2wDown
Merging MT_DMSimp_MonoZLL_NLO_Axial_TuneCP3_GQ0p25_GDM1p0_MY1-1000_MXd-50_cat3L_sys_EWKUp
Merging measMET_DMSimp_MonoZLL_NLO_Axial_TuneCP3_GQ0p25_GDM1p0_MY1-1000_MXd-50_catDY
Merging njet_DMSimp_MonoZLL_NLO_Axial_TuneCP3_GQ0p25_GDM1p0_MY1-1000_MXd-50_sys_QCDScale2wUp
Merging measMET_DMSimp_MonoZLL_NLO_Axial_TuneCP3_GQ0p25_GDM1p0_MY1-1000_MXd-50_catNRB_sys_puWeightDown
Merging measMET_DMSimp_MonoZLL_NLO_Axial_TuneCP3_GQ0p25_GDM1p0_MY1-1000_MXd-50_catSignal-1jet_sys_jerUp
Merging MT_DMSimp_MonoZLL_NLO_Axial_TuneCP3_GQ0p25_GDM1p0_MY1-1000_MXd-50_cat3L_sys_QCDScale2wDown
Merging MT_DMSimp_MonoZLL_NLO_Axial_TuneCP3_GQ0p25_GDM1p0_MY1-1000_MXd-50_catNRB_sys_QCDScale0wUp
Merging MT_DMSimp_MonoZLL_NLO_Axial_TuneCP3_GQ0p25_GDM1p0_MY1-1000_MXd-50_catDY_sys_btagEventWeightUp
Merging phizmet_DMSimp_MonoZLL_NLO_Axial_TuneCP3_GQ0p25_GDM1p0_MY1-1000_MXd-50_sys_QCDScale1wDown
Merging measMET_DMSimp_MonoZLL_NLO_Axial_TuneCP3_GQ0p25_GDM1p0_MY1-1000_MXd-50_catDY_sys_QCDScale2wDown
Merging njet_DMSimp_MonoZLL_NLO_Axial_TuneCP3_GQ0p25_GDM1p0_MY1-1000_MXd-50_sys_ElectronEnDown
Merging measMET_DMSimp_MonoZLL_NLO_Axial_TuneCP3_GQ0p25_GDM1p0_MY1-1000_MXd-50_cat3L
Merging MT_DMSimp_MonoZLL_NLO_Axial_TuneCP3_GQ0p25_GDM1p0_MY1-1000_MXd-50_catDY_sys_PrefireWeightUp
Merging MT_DMSimp_MonoZLL_NLO_Axial_TuneCP3_GQ0p25_GDM1p0_MY1-1000_MXd-50_catNRB_sys_QCDScale2wUp
Merging measMET_DMSimp_MonoZLL_NLO_Axial_TuneCP3_GQ0p25_GDM1p0_MY1-1000_MXd-50_catSignal-1jet_sys_MuonSFDown
Merging measMET_DMSimp_MonoZLL_NLO_Axial_TuneCP3_GQ0p25_GDM1p0_MY1-1000_MXd-50_catNRB_sys_jesTotalUp
Merging MT_DMSimp_MonoZLL_NLO_Axial_TuneCP3_GQ0p25_GDM1p0_MY1-1000_MXd-50_catSignal-1jet_sys_nvtxWeightDown
Merging njet_DMSimp_MonoZLL_NLO_Axial_TuneCP3_GQ0p25_GDM1p0_MY1-1000_MXd-50_sys_jerUp
Merging measMET_DMSimp_MonoZLL_NLO_Axial_TuneCP3_GQ0p25_GDM1p0_MY1-1000_MXd-50_cat3L_sys_PDFDown
Merging measMET_DMSimp_MonoZLL_NLO_Axial_TuneCP3_GQ0p25_GDM1p0_MY1-1000_MXd-50_catSignal-1jet_sys_ElecronSFUp
Merging measMET_DMSimp_MonoZLL_NLO_Axial_TuneCP3_GQ0p25_GDM1p0_MY1-1000_MXd-50_catSignal-0jet_sys_TriggerSFWeightUp
Merging measMET_DMSimp_MonoZLL_NLO_Axial_TuneCP3_GQ0p25_GDM1p0_MY1-1000_MXd-50_cat4L_sys_btagEventWeightDown
Merging measMET_DMSimp_MonoZLL_NLO_Axial_TuneCP3_GQ0p25_GDM1p0_MY1-1000_MXd-50_cat4L_sys_ElecronSFUp
Merging MT_DMSimp_MonoZLL_NLO_Axial_TuneCP3_GQ0p25_GDM1p0_MY1-1000_MXd-50_catDY_sys_EWKUp
Merging balance_DMSimp_MonoZLL_NLO_Axial_TuneCP3_GQ0p25_GDM1p0_MY1-1000_MXd-50_sys_MuonSFUp
Merging phizmet_DMSimp_MonoZLL_NLO_Axial_TuneCP3_GQ0p25_GDM1p0_MY1-1000_MXd-50_sys_QCDScale2wDown
Merging MT_DMSimp_MonoZLL_NLO_Axial_TuneCP3_GQ0p25_GDM1p0_MY1-1000_MXd-50_catSignal-0jet_sys_PrefireWeightUp
Merging measMET_DMSimp_MonoZLL_NLO_Axial_TuneCP3_GQ0p25_GDM1p0_MY1-1000_MXd-50_cat4L_sys_nvtxWeightUp
Merging measMET_DMSimp_MonoZLL_NLO_Axial_TuneCP3_GQ0p25_GDM1p0_MY1-1000_MXd-50_catDY_sys_ElectronEnDown
Merging measMET_DMSimp_MonoZLL_NLO_Axial_TuneCP3_GQ0p25_GDM1p0_MY1-1000_MXd-50_cat4L_sys_MuonSFUp
Merging MT_DMSimp_MonoZLL_NLO_Axial_TuneCP3_GQ0p25_GDM1p0_MY1-1000_MXd-50_catNRB_sys_puWeightUp
Merging balance_DMSimp_MonoZLL_NLO_Axial_TuneCP3_GQ0p25_GDM1p0_MY1-1000_MXd-50_sys_ElectronEnDown
Merging MT_DMSimp_MonoZLL_NLO_Axial_TuneCP3_GQ0p25_GDM1p0_MY1-1000_MXd-50_catEM_sys_QCDScale0wDown
Merging phizmet_DMSimp_MonoZLL_NLO_Axial_TuneCP3_GQ0p25_GDM1p0_MY1-1000_MXd-50_sys_TriggerSFWeightDown
Merging MT_DMSimp_MonoZLL_NLO_Axial_TuneCP3_GQ0p25_GDM1p0_MY1-1000_MXd-50_cat3L_sys_MuonSFUp
Merging measMET_DMSimp_MonoZLL_NLO_Axial_TuneCP3_GQ0p25_GDM1p0_MY1-1000_MXd-50_cat3L_sys_ElecronSFDown
Merging MT_DMSimp_MonoZLL_NLO_Axial_TuneCP3_GQ0p25_GDM1p0_MY1-1000_MXd-50_cat3L_sys_PDFDown
Merging measMET_DMSimp_MonoZLL_NLO_Axial_TuneCP3_GQ0p25_GDM1p0_MY1-1000_MXd-50_cat3L_sys_jesTotalUp
Merging MT_DMSimp_MonoZLL_NLO_Axial_TuneCP3_GQ0p25_GDM1p0_MY1-1000_MXd-50_catDY_sys_QCDScale2wDown
Merging measMET_DMSimp_MonoZLL_NLO_Axial_TuneCP3_GQ0p25_GDM1p0_MY1-1000_MXd-50_catNRB_sys_QCDScale0wDown
Merging MT_DMSimp_MonoZLL_NLO_Axial_TuneCP3_GQ0p25_GDM1p0_MY1-1000_MXd-50_catSignal-1jet_sys_ElectronEnUp
Merging MT_DMSimp_MonoZLL_NLO_Axial_TuneCP3_GQ0p25_GDM1p0_MY1-1000_MXd-50_catSignal-1jet_sys_QCDScale0wDown
Merging MT_DMSimp_MonoZLL_NLO_Axial_TuneCP3_GQ0p25_GDM1p0_MY1-1000_MXd-50_catSignal-1jet_sys_jerUp
Merging njet_DMSimp_MonoZLL_NLO_Axial_TuneCP3_GQ0p25_GDM1p0_MY1-1000_MXd-50_sys_ElecronSFDown
Merging measMET_DMSimp_MonoZLL_NLO_Axial_TuneCP3_GQ0p25_GDM1p0_MY1-1000_MXd-50_catSignal-0jet_sys_ElecronSFDown
Merging measMET_DMSimp_MonoZLL_NLO_Axial_TuneCP3_GQ0p25_GDM1p0_MY1-1000_MXd-50_cat3L_sys_QCDScale1wUp
Merging balance_DMSimp_MonoZLL_NLO_Axial_TuneCP3_GQ0p25_GDM1p0_MY1-1000_MXd-50
Merging measMET_DMSimp_MonoZLL_NLO_Axial_TuneCP3_GQ0p25_GDM1p0_MY1-1000_MXd-50_catSignal-1jet_sys_EWKDown
Merging measMET_DMSimp_MonoZLL_NLO_Axial_TuneCP3_GQ0p25_GDM1p0_MY1-1000_MXd-50_catNRB_sys_TriggerSFWeightDown
Merging phizmet_DMSimp_MonoZLL_NLO_Axial_TuneCP3_GQ0p25_GDM1p0_MY1-1000_MXd-50
Merging measMET_DMSimp_MonoZLL_NLO_Axial_TuneCP3_GQ0p25_GDM1p0_MY1-1000_MXd-50_catTOP_sys_jesTotalDown
Merging MT_DMSimp_MonoZLL_NLO_Axial_TuneCP3_GQ0p25_GDM1p0_MY1-1000_MXd-50_catDY_sys_PrefireWeightDown
Merging MT_DMSimp_MonoZLL_NLO_Axial_TuneCP3_GQ0p25_GDM1p0_MY1-1000_MXd-50_catNRB_sys_QCDScale0wDown
Merging measMET_DMSimp_MonoZLL_NLO_Axial_TuneCP3_GQ0p25_GDM1p0_MY1-1000_MXd-50_cat4L_sys_MuonSFDown
Merging measMET_DMSimp_MonoZLL_NLO_Axial_TuneCP3_GQ0p25_GDM1p0_MY1-1000_MXd-50_catDY_sys_QCDScale1wUp
Merging balance_DMSimp_MonoZLL_NLO_Axial_TuneCP3_GQ0p25_GDM1p0_MY1-1000_MXd-50_sys_nvtxWeightUp
Merging measMET_DMSimp_MonoZLL_NLO_Axial_TuneCP3_GQ0p25_GDM1p0_MY1-1000_MXd-50_catSignal-0jet_sys_QCDScale1wDown
Merging MT_DMSimp_MonoZLL_NLO_Axial_TuneCP3_GQ0p25_GDM1p0_MY1-1000_MXd-50_catSignal-0jet_sys_TriggerSFWeightDown
Merging MT_DMSimp_MonoZLL_NLO_Axial_TuneCP3_GQ0p25_GDM1p0_MY1-1000_MXd-50_catDY_sys_ElecronSFUp
Merging njet_DMSimp_MonoZLL_NLO_Axial_TuneCP3_GQ0p25_GDM1p0_MY1-1000_MXd-50_sys_TriggerSFWeightUp
Merging MT_DMSimp_MonoZLL_NLO_Axial_TuneCP3_GQ0p25_GDM1p0_MY1-1000_MXd-50_catSignal-1jet_sys_btagEventWeightUp
Merging MT_DMSimp_MonoZLL_NLO_Axial_TuneCP3_GQ0p25_GDM1p0_MY1-1000_MXd-50_catEM_sys_TriggerSFWeightUp
Merging MT_DMSimp_MonoZLL_NLO_Axial_TuneCP3_GQ0p25_GDM1p0_MY1-1000_MXd-50_catEM_sys_jerDown
Merging njet_DMSimp_MonoZLL_NLO_Axial_TuneCP3_GQ0p25_GDM1p0_MY1-1000_MXd-50_sys_QCDScale1wDown
Merging measMET_DMSimp_MonoZLL_NLO_Axial_TuneCP3_GQ0p25_GDM1p0_MY1-1000_MXd-50_catEM_sys_puWeightDown
Merging MT_DMSimp_MonoZLL_NLO_Axial_TuneCP3_GQ0p25_GDM1p0_MY1-1000_MXd-50_catSignal-0jet_sys_EWKUp
Merging MT_DMSimp_MonoZLL_NLO_Axial_TuneCP3_GQ0p25_GDM1p0_MY1-1000_MXd-50_cat4L_sys_btagEventWeightUp
Merging measMET_DMSimp_MonoZLL_NLO_Axial_TuneCP3_GQ0p25_GDM1p0_MY1-1000_MXd-50_cat4L_sys_PrefireWeightUp
Merging MT_DMSimp_MonoZLL_NLO_Axial_TuneCP3_GQ0p25_GDM1p0_MY1-1000_MXd-50_catEM_sys_ElectronEnUp
Merging MT_DMSimp_MonoZLL_NLO_Axial_TuneCP3_GQ0p25_GDM1p0_MY1-1000_MXd-50_catEM_sys_nvtxWeightUp
Merging measMET_DMSimp_MonoZLL_NLO_Axial_TuneCP3_GQ0p25_GDM1p0_MY1-1000_MXd-50_catDY_sys_TriggerSFWeightUp
Merging MT_DMSimp_MonoZLL_NLO_Axial_TuneCP3_GQ0p25_GDM1p0_MY1-1000_MXd-50_catTOP_sys_MuonEnUp
Merging measMET_DMSimp_MonoZLL_NLO_Axial_TuneCP3_GQ0p25_GDM1p0_MY1-1000_MXd-50_catDY_sys_PrefireWeightDown
Merging measMET_DMSimp_MonoZLL_NLO_Axial_TuneCP3_GQ0p25_GDM1p0_MY1-1000_MXd-50_cat4L_sys_QCDScale1wDown
Merging MT_DMSimp_MonoZLL_NLO_Axial_TuneCP3_GQ0p25_GDM1p0_MY1-1000_MXd-50_cat3L_sys_jesTotalUp
Merging njet_DMSimp_MonoZLL_NLO_Axial_TuneCP3_GQ0p25_GDM1p0_MY1-1000_MXd-50_sys_TriggerSFWeightDown
Merging measMET_DMSimp_MonoZLL_NLO_Axial_TuneCP3_GQ0p25_GDM1p0_MY1-1000_MXd-50_catTOP_sys_EWKDown
Merging measMET_DMSimp_MonoZLL_NLO_Axial_TuneCP3_GQ0p25_GDM1p0_MY1-1000_MXd-50_cat3L_sys_jerDown
Merging measMET_DMSimp_MonoZLL_NLO_Axial_TuneCP3_GQ0p25_GDM1p0_MY1-1000_MXd-50_catSignal-0jet_sys_QCDScale2wDown
Merging measMET_DMSimp_MonoZLL_NLO_Axial_TuneCP3_GQ0p25_GDM1p0_MY1-1000_MXd-50_catSignal-1jet_sys_jerDown
Merging measMET_DMSimp_MonoZLL_NLO_Axial_TuneCP3_GQ0p25_GDM1p0_MY1-1000_MXd-50_cat4L_sys_QCDScale0wUp
Merging measMET_DMSimp_MonoZLL_NLO_Axial_TuneCP3_GQ0p25_GDM1p0_MY1-1000_MXd-50_catSignal-0jet_sys_MuonEnDown
Merging measMET_DMSimp_MonoZLL_NLO_Axial_TuneCP3_GQ0p25_GDM1p0_MY1-1000_MXd-50_catSignal-0jet_sys_ElecronSFUp
Merging MT_DMSimp_MonoZLL_NLO_Axial_TuneCP3_GQ0p25_GDM1p0_MY1-1000_MXd-50_catNRB_sys_ElectronEnUp
Merging measMET_DMSimp_MonoZLL_NLO_Axial_TuneCP3_GQ0p25_GDM1p0_MY1-1000_MXd-50_catDY_sys_PDFUp
Merging measMET_DMSimp_MonoZLL_NLO_Axial_TuneCP3_GQ0p25_GDM1p0_MY1-1000_MXd-50_cat3L_sys_MuonEnUp
Merging measMET_DMSimp_MonoZLL_NLO_Axial_TuneCP3_GQ0p25_GDM1p0_MY1-1000_MXd-50_cat4L_sys_PDFDown
Merging MT_DMSimp_MonoZLL_NLO_Axial_TuneCP3_GQ0p25_GDM1p0_MY1-1000_MXd-50_catDY_sys_MuonSFDown
Merging MT_DMSimp_MonoZLL_NLO_Axial_TuneCP3_GQ0p25_GDM1p0_MY1-1000_MXd-50_cat4L_sys_QCDScale0wDown
Merging measMET_DMSimp_MonoZLL_NLO_Axial_TuneCP3_GQ0p25_GDM1p0_MY1-1000_MXd-50_catNRB_sys_jerUp
Merging MT_DMSimp_MonoZLL_NLO_Axial_TuneCP3_GQ0p25_GDM1p0_MY1-1000_MXd-50_catSignal-0jet_sys_TriggerSFWeightUp
Merging MT_DMSimp_MonoZLL_NLO_Axial_TuneCP3_GQ0p25_GDM1p0_MY1-1000_MXd-50_catSignal-1jet_sys_EWKDown
Merging measMET_DMSimp_MonoZLL_NLO_Axial_TuneCP3_GQ0p25_GDM1p0_MY1-1000_MXd-50_catNRB_sys_MuonSFUp
Merging measMET_DMSimp_MonoZLL_NLO_Axial_TuneCP3_GQ0p25_GDM1p0_MY1-1000_MXd-50_catSignal-1jet_sys_QCDScale2wUp
Merging MT_DMSimp_MonoZLL_NLO_Axial_TuneCP3_GQ0p25_GDM1p0_MY1-1000_MXd-50_catSignal-0jet_sys_MuonEnDown
Merging njet_DMSimp_MonoZLL_NLO_Axial_TuneCP3_GQ0p25_GDM1p0_MY1-1000_MXd-50_sys_nvtxWeightUp
Merging measMET_DMSimp_MonoZLL_NLO_Axial_TuneCP3_GQ0p25_GDM1p0_MY1-1000_MXd-50_catSignal-1jet_sys_puWeightDown
Merging MT_DMSimp_MonoZLL_NLO_Axial_TuneCP3_GQ0p25_GDM1p0_MY1-1000_MXd-50_catEM_sys_PrefireWeightDown
Merging measMET_DMSimp_MonoZLL_NLO_Axial_TuneCP3_GQ0p25_GDM1p0_MY1-1000_MXd-50_catTOP_sys_QCDScale0wDown
Merging MT_DMSimp_MonoZLL_NLO_Axial_TuneCP3_GQ0p25_GDM1p0_MY1-1000_MXd-50_catSignal-1jet_sys_MuonSFDown
Merging MT_DMSimp_MonoZLL_NLO_Axial_TuneCP3_GQ0p25_GDM1p0_MY1-1000_MXd-50_catSignal-0jet_sys_ElectronEnUp
Merging measMET_DMSimp_MonoZLL_NLO_Axial_TuneCP3_GQ0p25_GDM1p0_MY1-1000_MXd-50_cat4L_sys_EWKDown
Merging MT_DMSimp_MonoZLL_NLO_Axial_TuneCP3_GQ0p25_GDM1p0_MY1-1000_MXd-50_catDY_sys_nvtxWeightDown
Merging MT_DMSimp_MonoZLL_NLO_Axial_TuneCP3_GQ0p25_GDM1p0_MY1-1000_MXd-50_catSignal-1jet_sys_btagEventWeightDown
Merging measMET_DMSimp_MonoZLL_NLO_Axial_TuneCP3_GQ0p25_GDM1p0_MY1-1000_MXd-50_catDY_sys_MuonEnUp
Merging MT_DMSimp_MonoZLL_NLO_Axial_TuneCP3_GQ0p25_GDM1p0_MY1-1000_MXd-50_catSignal-1jet_sys_puWeightUp
Merging MT_DMSimp_MonoZLL_NLO_Axial_TuneCP3_GQ0p25_GDM1p0_MY1-1000_MXd-50_catDY_sys_puWeightUp
Merging MT_DMSimp_MonoZLL_NLO_Axial_TuneCP3_GQ0p25_GDM1p0_MY1-1000_MXd-50_cat3L_sys_PDFUp
Merging measMET_DMSimp_MonoZLL_NLO_Axial_TuneCP3_GQ0p25_GDM1p0_MY1-1000_MXd-50_catEM_sys_QCDScale1wUp
Merging measMET_DMSimp_MonoZLL_NLO_Axial_TuneCP3_GQ0p25_GDM1p0_MY1-1000_MXd-50_catDY_sys_ElectronEnUp
Merging measMET_DMSimp_MonoZLL_NLO_Axial_TuneCP3_GQ0p25_GDM1p0_MY1-1000_MXd-50_catSignal-0jet_sys_PrefireWeightUp
Merging MT_DMSimp_MonoZLL_NLO_Axial_TuneCP3_GQ0p25_GDM1p0_MY1-1000_MXd-50_cat3L_sys_QCDScale2wUp
Merging MT_DMSimp_MonoZLL_NLO_Axial_TuneCP3_GQ0p25_GDM1p0_MY1-1000_MXd-50_catTOP_sys_MuonEnDown
Merging measMET_DMSimp_MonoZLL_NLO_Axial_TuneCP3_GQ0p25_GDM1p0_MY1-1000_MXd-50_catSignal-1jet_sys_QCDScale0wUp
Merging balance_DMSimp_MonoZLL_NLO_Axial_TuneCP3_GQ0p25_GDM1p0_MY1-1000_MXd-50_sys_jesTotalUp
Merging phizmet_DMSimp_MonoZLL_NLO_Axial_TuneCP3_GQ0p25_GDM1p0_MY1-1000_MXd-50_sys_nvtxWeightUp
Merging measMET_DMSimp_MonoZLL_NLO_Axial_TuneCP3_GQ0p25_GDM1p0_MY1-1000_MXd-50_catEM_sys_ElecronSFDown
Merging MT_DMSimp_MonoZLL_NLO_Axial_TuneCP3_GQ0p25_GDM1p0_MY1-1000_MXd-50_cat4L_sys_PrefireWeightUp
Merging MT_DMSimp_MonoZLL_NLO_Axial_TuneCP3_GQ0p25_GDM1p0_MY1-1000_MXd-50_catEM_sys_MuonEnUp
Merging MT_DMSimp_MonoZLL_NLO_Axial_TuneCP3_GQ0p25_GDM1p0_MY1-1000_MXd-50_catEM_sys_ElectronEnDown
Merging measMET_DMSimp_MonoZLL_NLO_Axial_TuneCP3_GQ0p25_GDM1p0_MY1-1000_MXd-50_cat3L_sys_btagEventWeightDown
Merging MT_DMSimp_MonoZLL_NLO_Axial_TuneCP3_GQ0p25_GDM1p0_MY1-1000_MXd-50_catSignal-1jet_sys_QCDScale2wUp
Merging MT_DMSimp_MonoZLL_NLO_Axial_TuneCP3_GQ0p25_GDM1p0_MY1-1000_MXd-50_catTOP_sys_jerUp
Merging measMET_DMSimp_MonoZLL_NLO_Axial_TuneCP3_GQ0p25_GDM1p0_MY1-1000_MXd-50_catEM_sys_jerUp
Merging measMET_DMSimp_MonoZLL_NLO_Axial_TuneCP3_GQ0p25_GDM1p0_MY1-1000_MXd-50_catDY_sys_btagEventWeightUp
Merging MT_DMSimp_MonoZLL_NLO_Axial_TuneCP3_GQ0p25_GDM1p0_MY1-1000_MXd-50_catDY_sys_PDFUp
Merging measMET_DMSimp_MonoZLL_NLO_Axial_TuneCP3_GQ0p25_GDM1p0_MY1-1000_MXd-50_cat3L_sys_btagEventWeightUp
Merging MT_DMSimp_MonoZLL_NLO_Axial_TuneCP3_GQ0p25_GDM1p0_MY1-1000_MXd-50_catDY
Merging measMET_DMSimp_MonoZLL_NLO_Axial_TuneCP3_GQ0p25_GDM1p0_MY1-1000_MXd-50_catEM_sys_EWKDown
Merging MT_DMSimp_MonoZLL_NLO_Axial_TuneCP3_GQ0p25_GDM1p0_MY1-1000_MXd-50_catSignal-0jet_sys_MuonSFDown
Merging measMET_DMSimp_MonoZLL_NLO_Axial_TuneCP3_GQ0p25_GDM1p0_MY1-1000_MXd-50_cat4L_sys_TriggerSFWeightUp
Merging measMET_DMSimp_MonoZLL_NLO_Axial_TuneCP3_GQ0p25_GDM1p0_MY1-1000_MXd-50_catTOP_sys_QCDScale1wDown
Merging MT_DMSimp_MonoZLL_NLO_Axial_TuneCP3_GQ0p25_GDM1p0_MY1-1000_MXd-50_catNRB_sys_jesTotalDown
Merging MT_DMSimp_MonoZLL_NLO_Axial_TuneCP3_GQ0p25_GDM1p0_MY1-1000_MXd-50_catNRB_sys_ElectronEnDown
Merging measMET_DMSimp_MonoZLL_NLO_Axial_TuneCP3_GQ0p25_GDM1p0_MY1-1000_MXd-50_catNRB_sys_EWKUp
Merging measMET_DMSimp_MonoZLL_NLO_Axial_TuneCP3_GQ0p25_GDM1p0_MY1-1000_MXd-50_catDY_sys_ElecronSFDown
Merging MT_DMSimp_MonoZLL_NLO_Axial_TuneCP3_GQ0p25_GDM1p0_MY1-1000_MXd-50_cat4L_sys_QCDScale2wDown
Merging measMET_DMSimp_MonoZLL_NLO_Axial_TuneCP3_GQ0p25_GDM1p0_MY1-1000_MXd-50_catTOP_sys_ElectronEnDown
Merging measMET_DMSimp_MonoZLL_NLO_Axial_TuneCP3_GQ0p25_GDM1p0_MY1-1000_MXd-50_catDY_sys_MuonSFUp
Merging measMET_DMSimp_MonoZLL_NLO_Axial_TuneCP3_GQ0p25_GDM1p0_MY1-1000_MXd-50_catDY_sys_EWKUp
Merging measMET_DMSimp_MonoZLL_NLO_Axial_TuneCP3_GQ0p25_GDM1p0_MY1-1000_MXd-50_catSignal-1jet_sys_ElectronEnUp
Merging measMET_DMSimp_MonoZLL_NLO_Axial_TuneCP3_GQ0p25_GDM1p0_MY1-1000_MXd-50_catDY_sys_nvtxWeightDown
Merging phizmet_DMSimp_MonoZLL_NLO_Axial_TuneCP3_GQ0p25_GDM1p0_MY1-1000_MXd-50_sys_QCDScale0wUp
Merging measMET_DMSimp_MonoZLL_NLO_Axial_TuneCP3_GQ0p25_GDM1p0_MY1-1000_MXd-50_cat4L_sys_ElectronEnDown
Merging balance_DMSimp_MonoZLL_NLO_Axial_TuneCP3_GQ0p25_GDM1p0_MY1-1000_MXd-50_sys_QCDScale0wUp
Merging phizmet_DMSimp_MonoZLL_NLO_Axial_TuneCP3_GQ0p25_GDM1p0_MY1-1000_MXd-50_sys_jesTotalUp
Merging measMET_DMSimp_MonoZLL_NLO_Axial_TuneCP3_GQ0p25_GDM1p0_MY1-1000_MXd-50_catNRB_sys_PrefireWeightUp
Merging MT_DMSimp_MonoZLL_NLO_Axial_TuneCP3_GQ0p25_GDM1p0_MY1-1000_MXd-50_cat3L_sys_nvtxWeightUp
Merging measMET_DMSimp_MonoZLL_NLO_Axial_TuneCP3_GQ0p25_GDM1p0_MY1-1000_MXd-50_catSignal-1jet_sys_ElectronEnDown
Merging measMET_DMSimp_MonoZLL_NLO_Axial_TuneCP3_GQ0p25_GDM1p0_MY1-1000_MXd-50_cat4L_sys_btagEventWeightUp
Merging MT_DMSimp_MonoZLL_NLO_Axial_TuneCP3_GQ0p25_GDM1p0_MY1-1000_MXd-50_cat4L_sys_EWKUp
Merging MT_DMSimp_MonoZLL_NLO_Axial_TuneCP3_GQ0p25_GDM1p0_MY1-1000_MXd-50_cat4L_sys_nvtxWeightDown
Merging measMET_DMSimp_MonoZLL_NLO_Axial_TuneCP3_GQ0p25_GDM1p0_MY1-1000_MXd-50_cat3L_sys_ElecronSFUp
Merging MT_DMSimp_MonoZLL_NLO_Axial_TuneCP3_GQ0p25_GDM1p0_MY1-1000_MXd-50_catTOP_sys_QCDScale0wDown
Merging MT_DMSimp_MonoZLL_NLO_Axial_TuneCP3_GQ0p25_GDM1p0_MY1-1000_MXd-50_catTOP_sys_QCDScale2wUp
Merging MT_DMSimp_MonoZLL_NLO_Axial_TuneCP3_GQ0p25_GDM1p0_MY1-1000_MXd-50_catSignal-1jet_sys_QCDScale1wUp
Merging MT_DMSimp_MonoZLL_NLO_Axial_TuneCP3_GQ0p25_GDM1p0_MY1-1000_MXd-50_catSignal-0jet_sys_QCDScale1wDown
Merging measMET_DMSimp_MonoZLL_NLO_Axial_TuneCP3_GQ0p25_GDM1p0_MY1-1000_MXd-50_catTOP_sys_MuonEnUp
Merging measMET_DMSimp_MonoZLL_NLO_Axial_TuneCP3_GQ0p25_GDM1p0_MY1-1000_MXd-50_catTOP_sys_MuonSFUp
Merging measMET_DMSimp_MonoZLL_NLO_Axial_TuneCP3_GQ0p25_GDM1p0_MY1-1000_MXd-50_catSignal-0jet_sys_QCDScale0wDown
Merging measMET_DMSimp_MonoZLL_NLO_Axial_TuneCP3_GQ0p25_GDM1p0_MY1-1000_MXd-50_catTOP_sys_jesTotalUp
Merging MT_DMSimp_MonoZLL_NLO_Axial_TuneCP3_GQ0p25_GDM1p0_MY1-1000_MXd-50_catDY_sys_MuonEnDown
Merging MT_DMSimp_MonoZLL_NLO_Axial_TuneCP3_GQ0p25_GDM1p0_MY1-1000_MXd-50_cat3L_sys_jerDown
Merging njet_DMSimp_MonoZLL_NLO_Axial_TuneCP3_GQ0p25_GDM1p0_MY1-1000_MXd-50_sys_QCDScale1wUp
Merging MT_DMSimp_MonoZLL_NLO_Axial_TuneCP3_GQ0p25_GDM1p0_MY1-1000_MXd-50_cat3L_sys_PrefireWeightUp
Merging MT_DMSimp_MonoZLL_NLO_Axial_TuneCP3_GQ0p25_GDM1p0_MY1-1000_MXd-50_cat4L_sys_jerUp
Merging measMET_DMSimp_MonoZLL_NLO_Axial_TuneCP3_GQ0p25_GDM1p0_MY1-1000_MXd-50_catTOP_sys_PDFUp
Merging measMET_DMSimp_MonoZLL_NLO_Axial_TuneCP3_GQ0p25_GDM1p0_MY1-1000_MXd-50_catEM_sys_PrefireWeightUp
Merging MT_DMSimp_MonoZLL_NLO_Axial_TuneCP3_GQ0p25_GDM1p0_MY1-1000_MXd-50_catDY_sys_PDFDown
Merging njet_DMSimp_MonoZLL_NLO_Axial_TuneCP3_GQ0p25_GDM1p0_MY1-1000_MXd-50_sys_jesTotalDown
Merging measMET_DMSimp_MonoZLL_NLO_Axial_TuneCP3_GQ0p25_GDM1p0_MY1-1000_MXd-50_catDY_sys_PrefireWeightUp
Merging njet_DMSimp_MonoZLL_NLO_Axial_TuneCP3_GQ0p25_GDM1p0_MY1-1000_MXd-50_sys_QCDScale0wDown
Merging MT_DMSimp_MonoZLL_NLO_Axial_TuneCP3_GQ0p25_GDM1p0_MY1-1000_MXd-50_catSignal-0jet_sys_MuonEnUp
Merging MT_DMSimp_MonoZLL_NLO_Axial_TuneCP3_GQ0p25_GDM1p0_MY1-1000_MXd-50_cat3L_sys_EWKDown
Merging MT_DMSimp_MonoZLL_NLO_Axial_TuneCP3_GQ0p25_GDM1p0_MY1-1000_MXd-50_cat4L_sys_QCDScale1wDown
Merging MT_DMSimp_MonoZLL_NLO_Axial_TuneCP3_GQ0p25_GDM1p0_MY1-1000_MXd-50_catTOP_sys_MuonSFUp
Merging measMET_DMSimp_MonoZLL_NLO_Axial_TuneCP3_GQ0p25_GDM1p0_MY1-1000_MXd-50_catNRB_sys_puWeightUp
Merging measMET_DMSimp_MonoZLL_NLO_Axial_TuneCP3_GQ0p25_GDM1p0_MY1-1000_MXd-50_catEM_sys_MuonEnDown
Merging measMET_DMSimp_MonoZLL_NLO_Axial_TuneCP3_GQ0p25_GDM1p0_MY1-1000_MXd-50_catNRB_sys_btagEventWeightDown
Merging MT_DMSimp_MonoZLL_NLO_Axial_TuneCP3_GQ0p25_GDM1p0_MY1-1000_MXd-50_catDY_sys_ElectronEnUp
Merging measMET_DMSimp_MonoZLL_NLO_Axial_TuneCP3_GQ0p25_GDM1p0_MY1-1000_MXd-50_catSignal-0jet_sys_MuonEnUp
Merging MT_DMSimp_MonoZLL_NLO_Axial_TuneCP3_GQ0p25_GDM1p0_MY1-1000_MXd-50_cat3L_sys_QCDScale1wDown
Merging measMET_DMSimp_MonoZLL_NLO_Axial_TuneCP3_GQ0p25_GDM1p0_MY1-1000_MXd-50_catSignal-1jet_sys_puWeightUp
Merging measMET_DMSimp_MonoZLL_NLO_Axial_TuneCP3_GQ0p25_GDM1p0_MY1-1000_MXd-50_catNRB_sys_PrefireWeightDown
Merging MT_DMSimp_MonoZLL_NLO_Axial_TuneCP3_GQ0p25_GDM1p0_MY1-1000_MXd-50_catDY_sys_EWKDown
Merging MT_DMSimp_MonoZLL_NLO_Axial_TuneCP3_GQ0p25_GDM1p0_MY1-1000_MXd-50_cat4L_sys_jesTotalUp
Merging phizmet_DMSimp_MonoZLL_NLO_Axial_TuneCP3_GQ0p25_GDM1p0_MY1-1000_MXd-50_sys_jerDown
Merging measMET_DMSimp_MonoZLL_NLO_Axial_TuneCP3_GQ0p25_GDM1p0_MY1-1000_MXd-50_catSignal-1jet_sys_PrefireWeightUp
Merging MT_DMSimp_MonoZLL_NLO_Axial_TuneCP3_GQ0p25_GDM1p0_MY1-1000_MXd-50_catSignal-1jet_sys_TriggerSFWeightUp
Merging balance_DMSimp_MonoZLL_NLO_Axial_TuneCP3_GQ0p25_GDM1p0_MY1-1000_MXd-50_sys_jerDown
Merging MT_DMSimp_MonoZLL_NLO_Axial_TuneCP3_GQ0p25_GDM1p0_MY1-1000_MXd-50_cat4L_sys_ElecronSFUp
Merging MT_DMSimp_MonoZLL_NLO_Axial_TuneCP3_GQ0p25_GDM1p0_MY1-1000_MXd-50_cat3L_sys_TriggerSFWeightDown
Merging MT_DMSimp_MonoZLL_NLO_Axial_TuneCP3_GQ0p25_GDM1p0_MY1-1000_MXd-50_catDY_sys_MuonSFUp
Merging measMET_DMSimp_MonoZLL_NLO_Axial_TuneCP3_GQ0p25_GDM1p0_MY1-1000_MXd-50_cat3L_sys_MuonEnDown
Merging untagged
Merging measMET_DMSimp_MonoZLL_NLO_Axial_TuneCP3_GQ0p25_GDM1p0_MY1-1000_MXd-50_cat3L_sys_MuonSFUp
Merging measMET_DMSimp_MonoZLL_NLO_Axial_TuneCP3_GQ0p25_GDM1p0_MY1-1000_MXd-50_cat4L_sys_QCDScale2wDown
Merging MT_DMSimp_MonoZLL_NLO_Axial_TuneCP3_GQ0p25_GDM1p0_MY1-1000_MXd-50_catNRB_sys_TriggerSFWeightUp
Merging measMET_DMSimp_MonoZLL_NLO_Axial_TuneCP3_GQ0p25_GDM1p0_MY1-1000_MXd-50_catNRB_sys_nvtxWeightDown
Merging measMET_DMSimp_MonoZLL_NLO_Axial_TuneCP3_GQ0p25_GDM1p0_MY1-1000_MXd-50_catDY_sys_EWKDown
Merging measMET_DMSimp_MonoZLL_NLO_Axial_TuneCP3_GQ0p25_GDM1p0_MY1-1000_MXd-50_catSignal-1jet_sys_MuonSFUp
Merging measMET_DMSimp_MonoZLL_NLO_Axial_TuneCP3_GQ0p25_GDM1p0_MY1-1000_MXd-50_cat3L_sys_nvtxWeightDown
Merging MT_DMSimp_MonoZLL_NLO_Axial_TuneCP3_GQ0p25_GDM1p0_MY1-1000_MXd-50_cat3L_sys_nvtxWeightDown
Merging measMET_DMSimp_MonoZLL_NLO_Axial_TuneCP3_GQ0p25_GDM1p0_MY1-1000_MXd-50_catDY_sys_QCDScale0wDown
Merging MT_DMSimp_MonoZLL_NLO_Axial_TuneCP3_GQ0p25_GDM1p0_MY1-1000_MXd-50_catNRB_sys_QCDScale1wDown
Merging MT_DMSimp_MonoZLL_NLO_Axial_TuneCP3_GQ0p25_GDM1p0_MY1-1000_MXd-50_cat4L_sys_EWKDown
Merging measMET_DMSimp_MonoZLL_NLO_Axial_TuneCP3_GQ0p25_GDM1p0_MY1-1000_MXd-50_catSignal-1jet_sys_PDFDown
Merging balance_DMSimp_MonoZLL_NLO_Axial_TuneCP3_GQ0p25_GDM1p0_MY1-1000_MXd-50_sys_TriggerSFWeightUp
Merging MT_DMSimp_MonoZLL_NLO_Axial_TuneCP3_GQ0p25_GDM1p0_MY1-1000_MXd-50_catDY_sys_ElecronSFDown
Merging MT_DMSimp_MonoZLL_NLO_Axial_TuneCP3_GQ0p25_GDM1p0_MY1-1000_MXd-50_cat3L_sys_QCDScale0wDown
Merging measMET_DMSimp_MonoZLL_NLO_Axial_TuneCP3_GQ0p25_GDM1p0_MY1-1000_MXd-50_catSignal-0jet_sys_TriggerSFWeightDown
Merging measMET_DMSimp_MonoZLL_NLO_Axial_TuneCP3_GQ0p25_GDM1p0_MY1-1000_MXd-50_catDY_sys_jerUp
Merging measMET_DMSimp_MonoZLL_NLO_Axial_TuneCP3_GQ0p25_GDM1p0_MY1-1000_MXd-50_cat4L_sys_MuonEnUp
Merging phizmet_DMSimp_MonoZLL_NLO_Axial_TuneCP3_GQ0p25_GDM1p0_MY1-1000_MXd-50_sys_ElectronEnDown
Merging njet_DMSimp_MonoZLL_NLO_Axial_TuneCP3_GQ0p25_GDM1p0_MY1-1000_MXd-50_sys_MuonEnDown
Merging measMET_DMSimp_MonoZLL_NLO_Axial_TuneCP3_GQ0p25_GDM1p0_MY1-1000_MXd-50_catSignal-0jet_sys_puWeightDown
Merging measMET_DMSimp_MonoZLL_NLO_Axial_TuneCP3_GQ0p25_GDM1p0_MY1-1000_MXd-50_catDY_sys_jesTotalDown
Merging measMET_DMSimp_MonoZLL_NLO_Axial_TuneCP3_GQ0p25_GDM1p0_MY1-1000_MXd-50_catSignal-1jet
Merging MT_DMSimp_MonoZLL_NLO_Axial_TuneCP3_GQ0p25_GDM1p0_MY1-1000_MXd-50_catNRB_sys_MuonSFUp
Merging MT_DMSimp_MonoZLL_NLO_Axial_TuneCP3_GQ0p25_GDM1p0_MY1-1000_MXd-50_cat3L_sys_MuonEnUp
Merging MT_DMSimp_MonoZLL_NLO_Axial_TuneCP3_GQ0p25_GDM1p0_MY1-1000_MXd-50_catNRB
Merging measMET_DMSimp_MonoZLL_NLO_Axial_TuneCP3_GQ0p25_GDM1p0_MY1-1000_MXd-50_cat4L_sys_jesTotalDown
Merging MT_DMSimp_MonoZLL_NLO_Axial_TuneCP3_GQ0p25_GDM1p0_MY1-1000_MXd-50_cat3L_sys_QCDScale1wUp
Merging measMET_DMSimp_MonoZLL_NLO_Axial_TuneCP3_GQ0p25_GDM1p0_MY1-1000_MXd-50_catSignal-1jet_sys_TriggerSFWeightDown
Merging njet_DMSimp_MonoZLL_NLO_Axial_TuneCP3_GQ0p25_GDM1p0_MY1-1000_MXd-50_sys_PDFDown
Merging measMET_DMSimp_MonoZLL_NLO_Axial_TuneCP3_GQ0p25_GDM1p0_MY1-1000_MXd-50_catEM_sys_QCDScale2wDown
Merging MT_DMSimp_MonoZLL_NLO_Axial_TuneCP3_GQ0p25_GDM1p0_MY1-1000_MXd-50_cat4L_sys_puWeightUp
Merging MT_DMSimp_MonoZLL_NLO_Axial_TuneCP3_GQ0p25_GDM1p0_MY1-1000_MXd-50_catSignal-0jet_sys_nvtxWeightDown
Merging MT_DMSimp_MonoZLL_NLO_Axial_TuneCP3_GQ0p25_GDM1p0_MY1-1000_MXd-50_catDY_sys_ElectronEnDown
Merging measMET_DMSimp_MonoZLL_NLO_Axial_TuneCP3_GQ0p25_GDM1p0_MY1-1000_MXd-50_cat4L_sys_QCDScale0wDown
Merging MT_DMSimp_MonoZLL_NLO_Axial_TuneCP3_GQ0p25_GDM1p0_MY1-1000_MXd-50_catSignal-1jet_sys_jesTotalUp
Merging MT_DMSimp_MonoZLL_NLO_Axial_TuneCP3_GQ0p25_GDM1p0_MY1-1000_MXd-50_catTOP_sys_PDFDown
Merging balance_DMSimp_MonoZLL_NLO_Axial_TuneCP3_GQ0p25_GDM1p0_MY1-1000_MXd-50_sys_PDFUp
Merging MT_DMSimp_MonoZLL_NLO_Axial_TuneCP3_GQ0p25_GDM1p0_MY1-1000_MXd-50_cat3L_sys_ElectronEnUp
Merging measMET_DMSimp_MonoZLL_NLO_Axial_TuneCP3_GQ0p25_GDM1p0_MY1-1000_MXd-50_cat3L_sys_QCDScale0wDown
Merging phizmet_DMSimp_MonoZLL_NLO_Axial_TuneCP3_GQ0p25_GDM1p0_MY1-1000_MXd-50_sys_TriggerSFWeightUp
Merging phizmet_DMSimp_MonoZLL_NLO_Axial_TuneCP3_GQ0p25_GDM1p0_MY1-1000_MXd-50_sys_puWeightDown
Merging MT_DMSimp_MonoZLL_NLO_Axial_TuneCP3_GQ0p25_GDM1p0_MY1-1000_MXd-50_catSignal-1jet_sys_MuonSFUp
Merging balance_DMSimp_MonoZLL_NLO_Axial_TuneCP3_GQ0p25_GDM1p0_MY1-1000_MXd-50_sys_EWKDown
Merging MT_DMSimp_MonoZLL_NLO_Axial_TuneCP3_GQ0p25_GDM1p0_MY1-1000_MXd-50_catSignal-1jet_sys_PDFDown
Merging measMET_DMSimp_MonoZLL_NLO_Axial_TuneCP3_GQ0p25_GDM1p0_MY1-1000_MXd-50_catDY_sys_btagEventWeightDown
Merging MT_DMSimp_MonoZLL_NLO_Axial_TuneCP3_GQ0p25_GDM1p0_MY1-1000_MXd-50_catTOP_sys_EWKDown
Merging balance_DMSimp_MonoZLL_NLO_Axial_TuneCP3_GQ0p25_GDM1p0_MY1-1000_MXd-50_sys_QCDScale0wDown
Merging balance_DMSimp_MonoZLL_NLO_Axial_TuneCP3_GQ0p25_GDM1p0_MY1-1000_MXd-50_sys_ElectronEnUp
Merging MT_DMSimp_MonoZLL_NLO_Axial_TuneCP3_GQ0p25_GDM1p0_MY1-1000_MXd-50_catSignal-0jet_sys_PDFDown
Merging measMET_DMSimp_MonoZLL_NLO_Axial_TuneCP3_GQ0p25_GDM1p0_MY1-1000_MXd-50_catTOP_sys_TriggerSFWeightDown
Merging njet_DMSimp_MonoZLL_NLO_Axial_TuneCP3_GQ0p25_GDM1p0_MY1-1000_MXd-50_sys_puWeightDown
Merging MT_DMSimp_MonoZLL_NLO_Axial_TuneCP3_GQ0p25_GDM1p0_MY1-1000_MXd-50_catTOP_sys_MuonSFDown
Merging MT_DMSimp_MonoZLL_NLO_Axial_TuneCP3_GQ0p25_GDM1p0_MY1-1000_MXd-50_cat4L_sys_TriggerSFWeightUp
Merging MT_DMSimp_MonoZLL_NLO_Axial_TuneCP3_GQ0p25_GDM1p0_MY1-1000_MXd-50_cat3L_sys_puWeightUp
Merging MT_DMSimp_MonoZLL_NLO_Axial_TuneCP3_GQ0p25_GDM1p0_MY1-1000_MXd-50_catSignal-0jet_sys_nvtxWeightUp
Merging MT_DMSimp_MonoZLL_NLO_Axial_TuneCP3_GQ0p25_GDM1p0_MY1-1000_MXd-50_catSignal-0jet
Merging MT_DMSimp_MonoZLL_NLO_Axial_TuneCP3_GQ0p25_GDM1p0_MY1-1000_MXd-50_catDY_sys_nvtxWeightUp
Merging measMET_DMSimp_MonoZLL_NLO_Axial_TuneCP3_GQ0p25_GDM1p0_MY1-1000_MXd-50_catTOP_sys_QCDScale0wUp
Merging measMET_DMSimp_MonoZLL_NLO_Axial_TuneCP3_GQ0p25_GDM1p0_MY1-1000_MXd-50_catTOP_sys_puWeightDown
Merging MT_DMSimp_MonoZLL_NLO_Axial_TuneCP3_GQ0p25_GDM1p0_MY1-1000_MXd-50_catNRB_sys_MuonEnUp
Merging MT_DMSimp_MonoZLL_NLO_Axial_TuneCP3_GQ0p25_GDM1p0_MY1-1000_MXd-50_catNRB_sys_QCDScale2wDown
Merging balance_DMSimp_MonoZLL_NLO_Axial_TuneCP3_GQ0p25_GDM1p0_MY1-1000_MXd-50_sys_nvtxWeightDown
Merging measMET_DMSimp_MonoZLL_NLO_Axial_TuneCP3_GQ0p25_GDM1p0_MY1-1000_MXd-50_catEM_sys_btagEventWeightDown
Merging measMET_DMSimp_MonoZLL_NLO_Axial_TuneCP3_GQ0p25_GDM1p0_MY1-1000_MXd-50_catTOP_sys_PrefireWeightDown
Merging MT_DMSimp_MonoZLL_NLO_Axial_TuneCP3_GQ0p25_GDM1p0_MY1-1000_MXd-50_catSignal-1jet_sys_MuonEnDown
Merging measMET_DMSimp_MonoZLL_NLO_Axial_TuneCP3_GQ0p25_GDM1p0_MY1-1000_MXd-50_catEM_sys_MuonEnUp
Merging MT_DMSimp_MonoZLL_NLO_Axial_TuneCP3_GQ0p25_GDM1p0_MY1-1000_MXd-50_cat4L_sys_jerDown
Merging MT_DMSimp_MonoZLL_NLO_Axial_TuneCP3_GQ0p25_GDM1p0_MY1-1000_MXd-50_catSignal-1jet_sys_ElecronSFUp
Merging MT_DMSimp_MonoZLL_NLO_Axial_TuneCP3_GQ0p25_GDM1p0_MY1-1000_MXd-50_cat4L_sys_MuonEnUp
Merging measMET_DMSimp_MonoZLL_NLO_Axial_TuneCP3_GQ0p25_GDM1p0_MY1-1000_MXd-50_catEM_sys_PDFUp
Merging MT_DMSimp_MonoZLL_NLO_Axial_TuneCP3_GQ0p25_GDM1p0_MY1-1000_MXd-50_cat4L_sys_QCDScale2wUp
Merging MT_DMSimp_MonoZLL_NLO_Axial_TuneCP3_GQ0p25_GDM1p0_MY1-1000_MXd-50_catSignal-0jet_sys_jerUp
Merging MT_DMSimp_MonoZLL_NLO_Axial_TuneCP3_GQ0p25_GDM1p0_MY1-1000_MXd-50_cat3L_sys_MuonEnDown
Merging balance_DMSimp_MonoZLL_NLO_Axial_TuneCP3_GQ0p25_GDM1p0_MY1-1000_MXd-50_sys_PrefireWeightDown
Merging measMET_DMSimp_MonoZLL_NLO_Axial_TuneCP3_GQ0p25_GDM1p0_MY1-1000_MXd-50_cat4L_sys_EWKUp
Merging MT_DMSimp_MonoZLL_NLO_Axial_TuneCP3_GQ0p25_GDM1p0_MY1-1000_MXd-50_catTOP_sys_nvtxWeightDown
Merging measMET_DMSimp_MonoZLL_NLO_Axial_TuneCP3_GQ0p25_GDM1p0_MY1-1000_MXd-50_catTOP_sys_TriggerSFWeightUp
Merging njet_DMSimp_MonoZLL_NLO_Axial_TuneCP3_GQ0p25_GDM1p0_MY1-1000_MXd-50_sys_ElecronSFUp
Merging measMET_DMSimp_MonoZLL_NLO_Axial_TuneCP3_GQ0p25_GDM1p0_MY1-1000_MXd-50_catTOP_sys_MuonEnDown
Merging measMET_DMSimp_MonoZLL_NLO_Axial_TuneCP3_GQ0p25_GDM1p0_MY1-1000_MXd-50_cat3L_sys_QCDScale1wDown
Merging balance_DMSimp_MonoZLL_NLO_Axial_TuneCP3_GQ0p25_GDM1p0_MY1-1000_MXd-50_sys_jesTotalDown
Merging measMET_DMSimp_MonoZLL_NLO_Axial_TuneCP3_GQ0p25_GDM1p0_MY1-1000_MXd-50_catDY_sys_puWeightUp
Merging measMET_DMSimp_MonoZLL_NLO_Axial_TuneCP3_GQ0p25_GDM1p0_MY1-1000_MXd-50_catEM_sys_btagEventWeightUp
Merging MT_DMSimp_MonoZLL_NLO_Axial_TuneCP3_GQ0p25_GDM1p0_MY1-1000_MXd-50_catTOP_sys_btagEventWeightDown
Merging MT_DMSimp_MonoZLL_NLO_Axial_TuneCP3_GQ0p25_GDM1p0_MY1-1000_MXd-50_catSignal-1jet_sys_puWeightDown
Merging MT_DMSimp_MonoZLL_NLO_Axial_TuneCP3_GQ0p25_GDM1p0_MY1-1000_MXd-50_cat3L_sys_ElecronSFUp
Merging njet_DMSimp_MonoZLL_NLO_Axial_TuneCP3_GQ0p25_GDM1p0_MY1-1000_MXd-50_sys_puWeightUp
Merging measMET_DMSimp_MonoZLL_NLO_Axial_TuneCP3_GQ0p25_GDM1p0_MY1-1000_MXd-50_catTOP_sys_ElecronSFUp
Merging MT_DMSimp_MonoZLL_NLO_Axial_TuneCP3_GQ0p25_GDM1p0_MY1-1000_MXd-50_cat4L
Merging MT_DMSimp_MonoZLL_NLO_Axial_TuneCP3_GQ0p25_GDM1p0_MY1-1000_MXd-50_catTOP_sys_PrefireWeightUp
Merging MT_DMSimp_MonoZLL_NLO_Axial_TuneCP3_GQ0p25_GDM1p0_MY1-1000_MXd-50_catTOP_sys_ElectronEnUp
Merging MT_DMSimp_MonoZLL_NLO_Axial_TuneCP3_GQ0p25_GDM1p0_MY1-1000_MXd-50_cat3L
Merging MT_DMSimp_MonoZLL_NLO_Axial_TuneCP3_GQ0p25_GDM1p0_MY1-1000_MXd-50_catSignal-0jet_sys_QCDScale0wUp
Merging MT_DMSimp_MonoZLL_NLO_Axial_TuneCP3_GQ0p25_GDM1p0_MY1-1000_MXd-50_catNRB_sys_ElecronSFUp
Merging MT_DMSimp_MonoZLL_NLO_Axial_TuneCP3_GQ0p25_GDM1p0_MY1-1000_MXd-50_catSignal-1jet
Merging measMET_DMSimp_MonoZLL_NLO_Axial_TuneCP3_GQ0p25_GDM1p0_MY1-1000_MXd-50_catNRB_sys_QCDScale1wUp
Merging MT_DMSimp_MonoZLL_NLO_Axial_TuneCP3_GQ0p25_GDM1p0_MY1-1000_MXd-50_catTOP_sys_QCDScale2wDown
Merging measMET_DMSimp_MonoZLL_NLO_Axial_TuneCP3_GQ0p25_GDM1p0_MY1-1000_MXd-50_catTOP_sys_jerUp
Merging balance_DMSimp_MonoZLL_NLO_Axial_TuneCP3_GQ0p25_GDM1p0_MY1-1000_MXd-50_sys_puWeightDown
Merging MT_DMSimp_MonoZLL_NLO_Axial_TuneCP3_GQ0p25_GDM1p0_MY1-1000_MXd-50_catEM_sys_QCDScale0wUp
Merging measMET_DMSimp_MonoZLL_NLO_Axial_TuneCP3_GQ0p25_GDM1p0_MY1-1000_MXd-50_catSignal-0jet_sys_jesTotalUp
Merging MT_DMSimp_MonoZLL_NLO_Axial_TuneCP3_GQ0p25_GDM1p0_MY1-1000_MXd-50_catTOP_sys_nvtxWeightUp
Merging MT_DMSimp_MonoZLL_NLO_Axial_TuneCP3_GQ0p25_GDM1p0_MY1-1000_MXd-50_catEM_sys_puWeightDown
Merging MT_DMSimp_MonoZLL_NLO_Axial_TuneCP3_GQ0p25_GDM1p0_MY1-1000_MXd-50_catSignal-0jet_sys_jesTotalUp
Merging measMET_DMSimp_MonoZLL_NLO_Axial_TuneCP3_GQ0p25_GDM1p0_MY1-1000_MXd-50_catNRB_sys_jerDown
Merging measMET_DMSimp_MonoZLL_NLO_Axial_TuneCP3_GQ0p25_GDM1p0_MY1-1000_MXd-50_catEM_sys_nvtxWeightDown
Merging MT_DMSimp_MonoZLL_NLO_Axial_TuneCP3_GQ0p25_GDM1p0_MY1-1000_MXd-50_catNRB_sys_jesTotalUp
Merging MT_DMSimp_MonoZLL_NLO_Axial_TuneCP3_GQ0p25_GDM1p0_MY1-1000_MXd-50_catDY_sys_btagEventWeightDown
Merging MT_DMSimp_MonoZLL_NLO_Axial_TuneCP3_GQ0p25_GDM1p0_MY1-1000_MXd-50_catNRB_sys_PDFDown
Merging phizmet_DMSimp_MonoZLL_NLO_Axial_TuneCP3_GQ0p25_GDM1p0_MY1-1000_MXd-50_sys_PrefireWeightDown
Merging measMET_DMSimp_MonoZLL_NLO_Axial_TuneCP3_GQ0p25_GDM1p0_MY1-1000_MXd-50_catDY_sys_QCDScale2wUp
Merging measMET_DMSimp_MonoZLL_NLO_Axial_TuneCP3_GQ0p25_GDM1p0_MY1-1000_MXd-50_catDY_sys_puWeightDown
Merging measMET_DMSimp_MonoZLL_NLO_Axial_TuneCP3_GQ0p25_GDM1p0_MY1-1000_MXd-50_catNRB_sys_nvtxWeightUp
Merging measMET_DMSimp_MonoZLL_NLO_Axial_TuneCP3_GQ0p25_GDM1p0_MY1-1000_MXd-50_catSignal-0jet_sys_MuonSFDown
Merging MT_DMSimp_MonoZLL_NLO_Axial_TuneCP3_GQ0p25_GDM1p0_MY1-1000_MXd-50_catTOP_sys_jerDown
Merging measMET_DMSimp_MonoZLL_NLO_Axial_TuneCP3_GQ0p25_GDM1p0_MY1-1000_MXd-50_catSignal-0jet_sys_puWeightUp
Merging balance_DMSimp_MonoZLL_NLO_Axial_TuneCP3_GQ0p25_GDM1p0_MY1-1000_MXd-50_sys_jerUp
Merging measMET_DMSimp_MonoZLL_NLO_Axial_TuneCP3_GQ0p25_GDM1p0_MY1-1000_MXd-50_catEM_sys_jesTotalUp
Merging measMET_DMSimp_MonoZLL_NLO_Axial_TuneCP3_GQ0p25_GDM1p0_MY1-1000_MXd-50_catSignal-1jet_sys_nvtxWeightDown
Merging measMET_DMSimp_MonoZLL_NLO_Axial_TuneCP3_GQ0p25_GDM1p0_MY1-1000_MXd-50_catEM_sys_EWKUp
Merging MT_DMSimp_MonoZLL_NLO_Axial_TuneCP3_GQ0p25_GDM1p0_MY1-1000_MXd-50_catDY_sys_jesTotalUp
Merging njet_DMSimp_MonoZLL_NLO_Axial_TuneCP3_GQ0p25_GDM1p0_MY1-1000_MXd-50_sys_MuonSFDown
Merging MT_DMSimp_MonoZLL_NLO_Axial_TuneCP3_GQ0p25_GDM1p0_MY1-1000_MXd-50_catDY_sys_puWeightDown
Merging MT_DMSimp_MonoZLL_NLO_Axial_TuneCP3_GQ0p25_GDM1p0_MY1-1000_MXd-50_catSignal-0jet_sys_jerDown
Merging MT_DMSimp_MonoZLL_NLO_Axial_TuneCP3_GQ0p25_GDM1p0_MY1-1000_MXd-50_catEM
Merging measMET_DMSimp_MonoZLL_NLO_Axial_TuneCP3_GQ0p25_GDM1p0_MY1-1000_MXd-50_catSignal-0jet_sys_jerUp
Merging measMET_DMSimp_MonoZLL_NLO_Axial_TuneCP3_GQ0p25_GDM1p0_MY1-1000_MXd-50_cat3L_sys_puWeightUp
Merging measMET_DMSimp_MonoZLL_NLO_Axial_TuneCP3_GQ0p25_GDM1p0_MY1-1000_MXd-50_catSignal-0jet_sys_PDFUp
Merging njet_DMSimp_MonoZLL_NLO_Axial_TuneCP3_GQ0p25_GDM1p0_MY1-1000_MXd-50_sys_btagEventWeightDown
Merging measMET_DMSimp_MonoZLL_NLO_Axial_TuneCP3_GQ0p25_GDM1p0_MY1-1000_MXd-50_catSignal-0jet_sys_PDFDown
Merging measMET_DMSimp_MonoZLL_NLO_Axial_TuneCP3_GQ0p25_GDM1p0_MY1-1000_MXd-50_cat3L_sys_ElectronEnUp
Merging MT_DMSimp_MonoZLL_NLO_Axial_TuneCP3_GQ0p25_GDM1p0_MY1-1000_MXd-50_catNRB_sys_jerDown
Merging MT_DMSimp_MonoZLL_NLO_Axial_TuneCP3_GQ0p25_GDM1p0_MY1-1000_MXd-50_catDY_sys_TriggerSFWeightUp
Merging phizmet_DMSimp_MonoZLL_NLO_Axial_TuneCP3_GQ0p25_GDM1p0_MY1-1000_MXd-50_sys_ElectronEnUp
Merging measMET_DMSimp_MonoZLL_NLO_Axial_TuneCP3_GQ0p25_GDM1p0_MY1-1000_MXd-50_catSignal-1jet_sys_PrefireWeightDown
Merging phizmet_DMSimp_MonoZLL_NLO_Axial_TuneCP3_GQ0p25_GDM1p0_MY1-1000_MXd-50_sys_QCDScale0wDown
Merging measMET_DMSimp_MonoZLL_NLO_Axial_TuneCP3_GQ0p25_GDM1p0_MY1-1000_MXd-50_cat3L_sys_TriggerSFWeightUp
Merging measMET_DMSimp_MonoZLL_NLO_Axial_TuneCP3_GQ0p25_GDM1p0_MY1-1000_MXd-50_catSignal-0jet_sys_QCDScale1wUp
Merging measMET_DMSimp_MonoZLL_NLO_Axial_TuneCP3_GQ0p25_GDM1p0_MY1-1000_MXd-50_cat3L_sys_QCDScale0wUp
Merging MT_DMSimp_MonoZLL_NLO_Axial_TuneCP3_GQ0p25_GDM1p0_MY1-1000_MXd-50_catSignal-0jet_sys_jesTotalDown
Merging njet_DMSimp_MonoZLL_NLO_Axial_TuneCP3_GQ0p25_GDM1p0_MY1-1000_MXd-50_sys_PrefireWeightUp
Merging njet_DMSimp_MonoZLL_NLO_Axial_TuneCP3_GQ0p25_GDM1p0_MY1-1000_MXd-50_sys_ElectronEnUp
Merging MT_DMSimp_MonoZLL_NLO_Axial_TuneCP3_GQ0p25_GDM1p0_MY1-1000_MXd-50_catDY_sys_QCDScale0wUp
Merging MT_DMSimp_MonoZLL_NLO_Axial_TuneCP3_GQ0p25_GDM1p0_MY1-1000_MXd-50_catDY_sys_QCDScale1wUp
Merging measMET_DMSimp_MonoZLL_NLO_Axial_TuneCP3_GQ0p25_GDM1p0_MY1-1000_MXd-50_catSignal-0jet_sys_QCDScale0wUp
Merging MT_DMSimp_MonoZLL_NLO_Axial_TuneCP3_GQ0p25_GDM1p0_MY1-1000_MXd-50_catSignal-1jet_sys_PrefireWeightDown
Merging phizmet_DMSimp_MonoZLL_NLO_Axial_TuneCP3_GQ0p25_GDM1p0_MY1-1000_MXd-50_sys_EWKUp
Merging MT_DMSimp_MonoZLL_NLO_Axial_TuneCP3_GQ0p25_GDM1p0_MY1-1000_MXd-50_catEM_sys_PrefireWeightUp
Merging measMET_DMSimp_MonoZLL_NLO_Axial_TuneCP3_GQ0p25_GDM1p0_MY1-1000_MXd-50_catTOP_sys_ElectronEnUp
Merging MT_DMSimp_MonoZLL_NLO_Axial_TuneCP3_GQ0p25_GDM1p0_MY1-1000_MXd-50_catTOP_sys_ElecronSFDown
Merging measMET_DMSimp_MonoZLL_NLO_Axial_TuneCP3_GQ0p25_GDM1p0_MY1-1000_MXd-50_catSignal-1jet_sys_TriggerSFWeightUp
Merging MT_DMSimp_MonoZLL_NLO_Axial_TuneCP3_GQ0p25_GDM1p0_MY1-1000_MXd-50_catEM_sys_btagEventWeightUp
Merging MT_DMSimp_MonoZLL_NLO_Axial_TuneCP3_GQ0p25_GDM1p0_MY1-1000_MXd-50_cat3L_sys_btagEventWeightUp
Merging MT_DMSimp_MonoZLL_NLO_Axial_TuneCP3_GQ0p25_GDM1p0_MY1-1000_MXd-50_catEM_sys_MuonEnDown
Merging measMET_DMSimp_MonoZLL_NLO_Axial_TuneCP3_GQ0p25_GDM1p0_MY1-1000_MXd-50_catTOP_sys_btagEventWeightDown
Merging MT_DMSimp_MonoZLL_NLO_Axial_TuneCP3_GQ0p25_GDM1p0_MY1-1000_MXd-50_catNRB_sys_QCDScale1wUp
Merging measMET_DMSimp_MonoZLL_NLO_Axial_TuneCP3_GQ0p25_GDM1p0_MY1-1000_MXd-50_cat4L_sys_MuonEnDown
Merging MT_DMSimp_MonoZLL_NLO_Axial_TuneCP3_GQ0p25_GDM1p0_MY1-1000_MXd-50_catTOP_sys_jesTotalDown
Merging measMET_DMSimp_MonoZLL_NLO_Axial_TuneCP3_GQ0p25_GDM1p0_MY1-1000_MXd-50_cat4L_sys_jerUp
Merging MT_DMSimp_MonoZLL_NLO_Axial_TuneCP3_GQ0p25_GDM1p0_MY1-1000_MXd-50_catNRB_sys_PrefireWeightUp
Merging MT_DMSimp_MonoZLL_NLO_Axial_TuneCP3_GQ0p25_GDM1p0_MY1-1000_MXd-50_catEM_sys_MuonSFDown
Merging measMET_DMSimp_MonoZLL_NLO_Axial_TuneCP3_GQ0p25_GDM1p0_MY1-1000_MXd-50_catEM_sys_MuonSFDown
Merging njet_DMSimp_MonoZLL_NLO_Axial_TuneCP3_GQ0p25_GDM1p0_MY1-1000_MXd-50_sys_btagEventWeightUp
Merging measMET_DMSimp_MonoZLL_NLO_Axial_TuneCP3_GQ0p25_GDM1p0_MY1-1000_MXd-50_catTOP_sys_btagEventWeightUp
Merging MT_DMSimp_MonoZLL_NLO_Axial_TuneCP3_GQ0p25_GDM1p0_MY1-1000_MXd-50_catNRB_sys_nvtxWeightDown
Merging MT_DMSimp_MonoZLL_NLO_Axial_TuneCP3_GQ0p25_GDM1p0_MY1-1000_MXd-50_catDY_sys_jerDown
Merging MT_DMSimp_MonoZLL_NLO_Axial_TuneCP3_GQ0p25_GDM1p0_MY1-1000_MXd-50_catEM_sys_EWKDown
Merging MT_DMSimp_MonoZLL_NLO_Axial_TuneCP3_GQ0p25_GDM1p0_MY1-1000_MXd-50_catTOP_sys_jesTotalUp
Merging measMET_DMSimp_MonoZLL_NLO_Axial_TuneCP3_GQ0p25_GDM1p0_MY1-1000_MXd-50_cat3L_sys_QCDScale2wDown
Merging measMET_DMSimp_MonoZLL_NLO_Axial_TuneCP3_GQ0p25_GDM1p0_MY1-1000_MXd-50_catSignal-1jet_sys_jesTotalUp
Merging measMET_DMSimp_MonoZLL_NLO_Axial_TuneCP3_GQ0p25_GDM1p0_MY1-1000_MXd-50_cat3L_sys_nvtxWeightUp
Merging measMET_DMSimp_MonoZLL_NLO_Axial_TuneCP3_GQ0p25_GDM1p0_MY1-1000_MXd-50_catNRB_sys_jesTotalDown
Merging measMET_DMSimp_MonoZLL_NLO_Axial_TuneCP3_GQ0p25_GDM1p0_MY1-1000_MXd-50_cat3L_sys_puWeightDown
Merging measMET_DMSimp_MonoZLL_NLO_Axial_TuneCP3_GQ0p25_GDM1p0_MY1-1000_MXd-50_cat3L_sys_MuonSFDown
Merging measMET_DMSimp_MonoZLL_NLO_Axial_TuneCP3_GQ0p25_GDM1p0_MY1-1000_MXd-50_catSignal-0jet_sys_nvtxWeightDown
Merging MT_DMSimp_MonoZLL_NLO_Axial_TuneCP3_GQ0p25_GDM1p0_MY1-1000_MXd-50_cat4L_sys_jesTotalDown
Merging measMET_DMSimp_MonoZLL_NLO_Axial_TuneCP3_GQ0p25_GDM1p0_MY1-1000_MXd-50_catTOP_sys_QCDScale2wDown
Merging measMET_DMSimp_MonoZLL_NLO_Axial_TuneCP3_GQ0p25_GDM1p0_MY1-1000_MXd-50_cat3L_sys_EWKUp
Merging measMET_DMSimp_MonoZLL_NLO_Axial_TuneCP3_GQ0p25_GDM1p0_MY1-1000_MXd-50_catTOP_sys_EWKUp
Merging balance_DMSimp_MonoZLL_NLO_Axial_TuneCP3_GQ0p25_GDM1p0_MY1-1000_MXd-50_sys_ElecronSFDown
Merging measMET_DMSimp_MonoZLL_NLO_Axial_TuneCP3_GQ0p25_GDM1p0_MY1-1000_MXd-50_catSignal-1jet_sys_btagEventWeightDown
Merging MT_DMSimp_MonoZLL_NLO_Axial_TuneCP3_GQ0p25_GDM1p0_MY1-1000_MXd-50_cat3L_sys_MuonSFDown
Merging MT_DMSimp_MonoZLL_NLO_Axial_TuneCP3_GQ0p25_GDM1p0_MY1-1000_MXd-50_cat4L_sys_nvtxWeightUp
Merging MT_DMSimp_MonoZLL_NLO_Axial_TuneCP3_GQ0p25_GDM1p0_MY1-1000_MXd-50_cat4L_sys_TriggerSFWeightDown
Merging measMET_DMSimp_MonoZLL_NLO_Axial_TuneCP3_GQ0p25_GDM1p0_MY1-1000_MXd-50_cat3L_sys_ElectronEnDown
Merging MT_DMSimp_MonoZLL_NLO_Axial_TuneCP3_GQ0p25_GDM1p0_MY1-1000_MXd-50_catSignal-1jet_sys_PDFUp
Merging MT_DMSimp_MonoZLL_NLO_Axial_TuneCP3_GQ0p25_GDM1p0_MY1-1000_MXd-50_catEM_sys_QCDScale2wUp
Merging measMET_DMSimp_MonoZLL_NLO_Axial_TuneCP3_GQ0p25_GDM1p0_MY1-1000_MXd-50_catTOP_sys_puWeightUp
Merging phizmet_DMSimp_MonoZLL_NLO_Axial_TuneCP3_GQ0p25_GDM1p0_MY1-1000_MXd-50_sys_MuonEnDown
Merging MT_DMSimp_MonoZLL_NLO_Axial_TuneCP3_GQ0p25_GDM1p0_MY1-1000_MXd-50_cat4L_sys_PDFDown
Merging measMET_DMSimp_MonoZLL_NLO_Axial_TuneCP3_GQ0p25_GDM1p0_MY1-1000_MXd-50_catNRB_sys_ElectronEnDown
Merging MT_DMSimp_MonoZLL_NLO_Axial_TuneCP3_GQ0p25_GDM1p0_MY1-1000_MXd-50_catEM_sys_PDFDown
Merging MT_DMSimp_MonoZLL_NLO_Axial_TuneCP3_GQ0p25_GDM1p0_MY1-1000_MXd-50_catSignal-0jet_sys_MuonSFUp
Merging MT_DMSimp_MonoZLL_NLO_Axial_TuneCP3_GQ0p25_GDM1p0_MY1-1000_MXd-50_catSignal-1jet_sys_QCDScale0wUp
Merging njet_DMSimp_MonoZLL_NLO_Axial_TuneCP3_GQ0p25_GDM1p0_MY1-1000_MXd-50_sys_MuonEnUp
Merging measMET_DMSimp_MonoZLL_NLO_Axial_TuneCP3_GQ0p25_GDM1p0_MY1-1000_MXd-50_catSignal-1jet_sys_ElecronSFDown
Merging measMET_DMSimp_MonoZLL_NLO_Axial_TuneCP3_GQ0p25_GDM1p0_MY1-1000_MXd-50_cat4L_sys_jerDown
Merging MT_DMSimp_MonoZLL_NLO_Axial_TuneCP3_GQ0p25_GDM1p0_MY1-1000_MXd-50_catSignal-0jet_sys_puWeightDown
Merging measMET_DMSimp_MonoZLL_NLO_Axial_TuneCP3_GQ0p25_GDM1p0_MY1-1000_MXd-50_catEM_sys_TriggerSFWeightDown
Merging measMET_DMSimp_MonoZLL_NLO_Axial_TuneCP3_GQ0p25_GDM1p0_MY1-1000_MXd-50_catNRB_sys_MuonEnUp
Merging measMET_DMSimp_MonoZLL_NLO_Axial_TuneCP3_GQ0p25_GDM1p0_MY1-1000_MXd-50_cat3L_sys_TriggerSFWeightDown
Merging MT_DMSimp_MonoZLL_NLO_Axial_TuneCP3_GQ0p25_GDM1p0_MY1-1000_MXd-50_catSignal-0jet_sys_puWeightUp
Merging phizmet_DMSimp_MonoZLL_NLO_Axial_TuneCP3_GQ0p25_GDM1p0_MY1-1000_MXd-50_sys_MuonEnUp
Merging measMET_DMSimp_MonoZLL_NLO_Axial_TuneCP3_GQ0p25_GDM1p0_MY1-1000_MXd-50_catEM_sys_QCDScale2wUp
Merging MT_DMSimp_MonoZLL_NLO_Axial_TuneCP3_GQ0p25_GDM1p0_MY1-1000_MXd-50_catEM_sys_QCDScale1wDown
Merging phizmet_DMSimp_MonoZLL_NLO_Axial_TuneCP3_GQ0p25_GDM1p0_MY1-1000_MXd-50_sys_PDFDown
Merging MT_DMSimp_MonoZLL_NLO_Axial_TuneCP3_GQ0p25_GDM1p0_MY1-1000_MXd-50_catNRB_sys_MuonEnDown
Merging measMET_DMSimp_MonoZLL_NLO_Axial_TuneCP3_GQ0p25_GDM1p0_MY1-1000_MXd-50_cat4L
Merging njet_DMSimp_MonoZLL_NLO_Axial_TuneCP3_GQ0p25_GDM1p0_MY1-1000_MXd-50_sys_jerDown
Merging measMET_DMSimp_MonoZLL_NLO_Axial_TuneCP3_GQ0p25_GDM1p0_MY1-1000_MXd-50_catDY_sys_TriggerSFWeightDown
lected entries from /eos/cms/store/group/phys_exotica/monoZ/Exorcism2017/DMSimp_MonoZLL_NLO_Axial_TuneCP3_GQ0p25_GDM1p0_MY1-1000_MXd-50/tree_0.root (22223 entries). Finally selected 22223 entries
Done ./tree_0_Skim.root
14.5299648242 Hz
----- transfer output to eos :
----- directory after running :
.:
total 6556
-rw-r--r--. 1 cfreer zh    1231 Nov 30 13:40 FrameworkJobReport.xml
-rw-r--r--. 1 cfreer zh       0 Nov 30 13:14 _condor_stderr
-rw-r--r--. 1 cfreer zh   94061 Nov 30 13:40 _condor_stdout
-rw-------. 1 cfreer zh    4914 Nov 30 13:40 cfreer.cc
-rw-r--r--. 1 cfreer zh   16092 Nov 30 13:14 combineHLT_Run2.yaml
-rw-r--r--. 1 cfreer zh    5718 Nov 30 13:14 condor_WSProducer.py
-rwxr-xr-x. 1 cfreer zh     861 Nov 30 13:14 condor_exec.exe
-rwxr-xr-x. 1 cfreer zh    2559 Nov 30 13:14 haddnano.py
-rw-r--r--. 1 cfreer zh       8 Nov 30 13:14 keep_and_drop_WS.txt
drwx------. 3 cfreer zh    4096 Nov 30 13:14 tmp
-rw-r--r--. 1 cfreer zh 3278648 Nov 30 13:40 tree_0.root
-rw-r--r--. 1 cfreer zh 3278500 Nov 30 13:40 tree_0_Skim.root
drwx------. 3 cfreer zh    4096 Nov 30 13:14 var

./tmp:
total 4
drwxr-xr-x. 3 cfreer zh 4096 Nov 30 13:14 mjf-cfreer

./tmp/mjf-cfreer:
total 4
drwxr-xr-x. 2 cfreer zh 4096 Nov 30 13:14 jobfeatures-bigbird09.cern.ch_3031975.0_1574961360

./tmp/mjf-cfreer/jobfeatures-bigbird09.cern.ch_3031975.0_1574961360:
total 28
-rw-r--r--. 1 cfreer zh  1 Nov 30 13:14 allocated_cpu
-rw-r--r--. 1 cfreer zh  6 Nov 30 13:14 cpu_limit_secs
-rw-r--r--. 1 cfreer zh 38 Nov 30 13:14 job_id
-rw-r--r--. 1 cfreer zh 10 Nov 30 13:14 jobstart_secs
-rw-r--r--. 1 cfreer zh 10 Nov 30 13:14 max_rss_bytes
-rw-r--r--. 1 cfreer zh 10 Nov 30 13:14 scratch_limit_bytes
-rw-r--r--. 1 cfreer zh  6 Nov 30 13:14 wall_limit_secs

./var:
total 4
drwx------. 2 cfreer zh 4096 Nov 30 13:14 tmp

./var/tmp:
total 0
 ------ THE END (everyone dies !) ----- 
