
/pool/condor/dir_15443

... start job at 2020-01-13 21:28:31
----- directory before running:
.:
total 100
-rw-r--r--. 1 cfreer zh 11624 Jan 13 21:28 Cert_271036-284044_13TeV_ReReco_07Aug2017_Collisions16_JSON.txt
-rw-r--r--. 1 cfreer zh 14638 Jan 13 21:28 Cert_294927-306462_13TeV_EOY2017ReReco_Collisions17_JSON_v1.txt
-rw-r--r--. 1 cfreer zh 13968 Jan 13 21:28 Cert_314472-325175_13TeV_17SeptEarlyReReco2018ABC_PromptEraD_Collisions18_JSON.txt
-rw-r--r--. 1 cfreer zh     0 Jan 13 21:28 _condor_stderr
-rw-r--r--. 1 cfreer zh    94 Jan 13 21:28 _condor_stdout
-rw-------. 1 cfreer zh  2626 Jan 13 21:28 cfreer.cc
-rw-r--r--. 1 cfreer zh 16092 Jan 13 21:28 combineHLT_Run2.yaml
-rw-r--r--. 1 cfreer zh 10051 Jan 13 21:28 condor_Run2_proc.py
-rwxr-xr-x. 1 cfreer zh   963 Jan 13 21:28 condor_exec.exe
-rwxr-xr-x. 1 cfreer zh  2559 Jan 13 21:28 haddnano.py
-rw-r--r--. 1 cfreer zh   499 Jan 13 21:28 keep_and_drop.txt
drwx------. 3 cfreer zh  4096 Jan 13 21:28 tmp
drwx------. 3 cfreer zh  4096 Jan 13 21:28 var

./tmp:
total 4
drwxr-xr-x. 3 cfreer zh 4096 Jan 13 21:28 mjf-cfreer

./tmp/mjf-cfreer:
total 4
drwxr-xr-x. 2 cfreer zh 4096 Jan 13 21:28 jobfeatures-bigbird09.cern.ch_3299157.0_1578946739

./tmp/mjf-cfreer/jobfeatures-bigbird09.cern.ch_3299157.0_1578946739:
total 28
-rw-r--r--. 1 cfreer zh  1 Jan 13 21:28 allocated_cpu
-rw-r--r--. 1 cfreer zh  6 Jan 13 21:28 cpu_limit_secs
-rw-r--r--. 1 cfreer zh 38 Jan 13 21:28 job_id
-rw-r--r--. 1 cfreer zh 10 Jan 13 21:28 jobstart_secs
-rw-r--r--. 1 cfreer zh 10 Jan 13 21:28 max_rss_bytes
-rw-r--r--. 1 cfreer zh 11 Jan 13 21:28 scratch_limit_bytes
-rw-r--r--. 1 cfreer zh  6 Jan 13 21:28 wall_limit_secs

./var:
total 4
drwx------. 2 cfreer zh 4096 Jan 13 21:28 tmp

./var/tmp:
total 0
----- CMSSW BASE, python path, pwd:
+ CMSSW_BASE  = /afs/cern.ch/work/c/cfreer/MonoZ_2019/MT_plots/CMSSW_10_6_4
+ PYTHON_PATH = 
+ PWD         = /pool/condor/dir_15443
----- Found Proxy in: /afs/cern.ch/user/c/cfreer/x509up_u85831
/store/mc/RunIISummer16NanoAODv5/ADDMonoZ_ZToLL_MD-3_d-2_TuneCUETP8M1_13TeV-pythia8/NANOAODSIM/PUMoriond17_Nano1June2019_102X_mcRun2_asymptotic_v7_ext1-v2/20000/11C0AAB6-79B5-7944-B961-160E1A067A1F.root  ->  root://eoscms.cern.ch//eos/cms/store/mc/RunIISummer16NanoAODv5/ADDMonoZ_ZToLL_MD-3_d-2_TuneCUETP8M1_13TeV-pythia8/NANOAODSIM/PUMoriond17_Nano1June2019_102X_mcRun2_asymptotic_v7_ext1-v2/20000/11C0AAB6-79B5-7944-B961-160E1A067A1F.root
Testing file open
---------------------------
 -- options  =  Namespace(dataset='X', doSyst=1, era='2016', infile='root://cms-xrd-global.cern.ch//store/mc/RunIISummer16NanoAODv5/ADDMonoZ_ZToLL_MD-3_d-2_TuneCUETP8M1_13TeV-pythia8/NANOAODSIM/PUMoriond17_Nano1June2019_102X_mcRun2_asymptotic_v7_ext1-v2/20000/11C0AAB6-79B5-7944-B961-160E1A067A1F.root', isMC=1, jobNum=0, json=None, nevt=-1)
 -- is MC    =  1
 -- jobNum   =  0
 -- era      =  2016
 -- in file  =  root://cms-xrd-global.cern.ch//store/mc/RunIISummer16NanoAODv5/ADDMonoZ_ZToLL_MD-3_d-2_TuneCUETP8M1_13TeV-pythia8/NANOAODSIM/PUMoriond17_Nano1June2019_102X_mcRun2_asymptotic_v7_ext1-v2/20000/11C0AAB6-79B5-7944-B961-160E1A067A1F.root
 -- dataset  =  X
---------------------------
[check] condtag_ ==  PUMoriond17_Nano1June2019_102X_mcRun2_asymptotic_v7_ext1-v2
[check] dataset  ==  ADDMonoZ_ZToLL_MD-3_d-2_TuneCUETP8M1_13TeV-pythia8
Loading btagSF weights for deep-CSV (b) algorithm from file '/afs/cern.ch/work/c/cfreer/MonoZ_2019/MT_plots/CMSSW_10_6_4/src/PhysicsTools/NanoAODTools/data/btagSF/DeepCSV_2016LegacySF_V1.csv'
Load Library 'CondFormatsBTauObjects'
Load Library 'CondToolsBTau'
Loading C++ helper from /afs/cern.ch/work/c/cfreer/MonoZ_2019/MT_plots/CMSSW_10_6_4/src/PhysicsTools/NanoAODTools/python/postprocessing/data/roccor.Run2.v3/RoccoR.cc
Load C++ Worker
/afs/cern.ch/work/c/cfreer/MonoZ_2019/MT_plots/CMSSW_10_6_4/src/PhysicsTools/MonoZ/data/Nvtx/npvWeights_2016.root
/afs/cern.ch/work/c/cfreer/MonoZ_2019/MT_plots/CMSSW_10_6_4/src/PhysicsTools/MonoZ/data/BTagEff/BTagEff_2016.root
modules :  <PhysicsTools.MonoZ.GenWeightProducer.GenWeightProducer object at 0x2b422241f510>
modules :  <PhysicsTools.NanoAODTools.postprocessing.modules.common.puWeightProducer.puWeightProducer object at 0x2b422241f550>
modules :  <PhysicsTools.NanoAODTools.postprocessing.modules.common.PrefireCorr.PrefCorr object at 0x2b42232d7550>
modules :  <PhysicsTools.NanoAODTools.postprocessing.modules.jme.jetmetUncertainties.jetmetUncertaintiesProducer object at 0x2b42232dc3d0>
modules :  <PhysicsTools.NanoAODTools.postprocessing.modules.btv.btagSFProducer.btagSFProducer object at 0x2b42232fbcd0>
modules :  <PhysicsTools.NanoAODTools.postprocessing.modules.common.muonScaleResProducer.muonScaleResProducer object at 0x2b42232fbd10>
modules :  <PhysicsTools.NanoAODTools.postprocessing.modules.common.lepSFProducer.lepSFProducer object at 0x2b422330b790>
modules :  <PhysicsTools.MonoZ.NvtxPUreweight.nvtxWeightProducer object at 0x2b422330f050>
modules :  <PhysicsTools.MonoZ.MonoZProducer.MonoZProducer object at 0x2b422330f090>
modules :  <PhysicsTools.MonoZ.TriggerSFProducer.TriggerSFProducer object at 0x2b422330f0d0>
modules :  <PhysicsTools.MonoZ.BtagEventWeightProducer.BtagEventWeightProducer object at 0x2b422330f110>
modules :  <PhysicsTools.MonoZ.MonoZWSProducer.MonoZWSProducer object at 0x2b422330f150>
modules :  <PhysicsTools.MonoZ.MonoZProducer.MonoZProducer object at 0x2b422330f210>
modules :  <PhysicsTools.MonoZ.MonoZWSProducer.MonoZWSProducer object at 0x2b422330f250>
modules :  <PhysicsTools.MonoZ.MonoZProducer.MonoZProducer object at 0x2b422330f290>
modules :  <PhysicsTools.MonoZ.MonoZWSProducer.MonoZWSProducer object at 0x2b422330f2d0>
modules :  <PhysicsTools.MonoZ.MonoZProducer.MonoZProducer object at 0x2b422330f310>
modules :  <PhysicsTools.MonoZ.MonoZWSProducer.MonoZWSProducer object at 0x2b422330f350>
modules :  <PhysicsTools.MonoZ.MonoZProducer.MonoZProducer object at 0x2b422330f390>
modules :  <PhysicsTools.MonoZ.MonoZWSProducer.MonoZWSProducer object at 0x2b422330f3d0>
modules :  <PhysicsTools.MonoZ.MonoZProducer.MonoZProducer object at 0x2b422330f410>
modules :  <PhysicsTools.MonoZ.MonoZWSProducer.MonoZWSProducer object at 0x2b422330f450>
modules :  <PhysicsTools.MonoZ.MonoZProducer.MonoZProducer object at 0x2b422330f490>
modules :  <PhysicsTools.MonoZ.MonoZWSProducer.MonoZWSProducer object at 0x2b422330f4d0>
modules :  <PhysicsTools.MonoZ.MonoZProducer.MonoZProducer object at 0x2b422330f510>
modules :  <PhysicsTools.MonoZ.MonoZWSProducer.MonoZWSProducer object at 0x2b422330f550>
modules :  <PhysicsTools.MonoZ.MonoZProducer.MonoZProducer object at 0x2b422330f590>
modules :  <PhysicsTools.MonoZ.MonoZWSProducer.MonoZWSProducer object at 0x2b422330f5d0>
modules :  <PhysicsTools.MonoZ.MonoZWSProducer.MonoZWSProducer object at 0x2b422330f610>
modules :  <PhysicsTools.MonoZ.MonoZWSProducer.MonoZWSProducer object at 0x2b422330f650>
modules :  <PhysicsTools.MonoZ.MonoZWSProducer.MonoZWSProducer object at 0x2b422330f690>
modules :  <PhysicsTools.MonoZ.MonoZWSProducer.MonoZWSProducer object at 0x2b422330f6d0>
modules :  <PhysicsTools.MonoZ.MonoZWSProducer.MonoZWSProducer object at 0x2b422330f710>
modules :  <PhysicsTools.MonoZ.MonoZWSProducer.MonoZWSProducer object at 0x2b422330f750>
modules :  <PhysicsTools.MonoZ.MonoZWSProducer.MonoZWSProducer object at 0x2b422330f790>
modules :  <PhysicsTools.MonoZ.MonoZWSProducer.MonoZWSProducer object at 0x2b422330f7d0>
modules :  <PhysicsTools.MonoZ.MonoZWSProducer.MonoZWSProducer object at 0x2b422330f810>
modules :  <PhysicsTools.MonoZ.MonoZWSProducer.MonoZWSProducer object at 0x2b422330f850>
modules :  <PhysicsTools.MonoZ.MonoZWSProducer.MonoZWSProducer object at 0x2b422330f890>
modules :  <PhysicsTools.MonoZ.MonoZWSProducer.MonoZWSProducer object at 0x2b422330f8d0>
modules :  <PhysicsTools.MonoZ.MonoZWSProducer.MonoZWSProducer object at 0x2b422330f910>
modules :  <PhysicsTools.MonoZ.MonoZWSProducer.MonoZWSProducer object at 0x2b422330f990>
modules :  <PhysicsTools.MonoZ.MonoZWSProducer.MonoZWSProducer object at 0x2b422330fa10>
modules :  <PhysicsTools.MonoZ.MonoZWSProducer.MonoZWSProducer object at 0x2b422330fa90>
modules :  <PhysicsTools.MonoZ.MonoZWSProducer.MonoZWSProducer object at 0x2b422330fb10>
modules :  <PhysicsTools.MonoZ.MonoZWSProducer.MonoZWSProducer object at 0x2b422330fb50>
modules :  <PhysicsTools.MonoZ.MonoZWSProducer.MonoZWSProducer object at 0x2b422330fb90>
modules :  <PhysicsTools.MonoZ.MonoZWSProducer.MonoZWSProducer object at 0x2b422330fbd0>
modules :  <PhysicsTools.MonoZ.MonoZWSProducer.MonoZWSProducer object at 0x2b422330fc10>
modules :  <PhysicsTools.MonoZ.MonoZWSProducer.MonoZWSProducer object at 0x2b422330fc50>
modules :  <PhysicsTools.MonoZ.MonoZWSProducer.MonoZWSProducer object at 0x2b422330fc90>
modules :  <PhysicsTools.MonoZ.MonoZWSProducer.MonoZWSProducer object at 0x2b422330fd10>
Selection :  ((Sum$(Electron_pt>20 & &abs(Electron_eta)<2.5) + Sum$(Muon_pt>20 && abs(Muon_eta)<2.5) )>=2)&& Flag_METFilters
Will write selected trees to .
Loading jet energy scale (JES) uncertainties from file '/pool/condor/dir_15443/tmp/tmpaHnUDq/Summer16_07Aug2017_V11_MC_UncertaintySources_AK4PFchs.txt'
Loading jet energy resolutions (JER) from file '/pool/condor/dir_15443/tmp/tmpVv0Jdb/Summer16_25nsV1_MC_PtResolution_AK4PFchs.txt'
Loading JER scale factors and uncertainties from file '/pool/condor/dir_15443/tmp/tmpVv0Jdb/Summer16_25nsV1_MC_SF_AK4PFchs.txt'
----- transfert output to eos :
----- directory after running :
.:
total 116
-rw-r--r--. 1 cfreer zh 11624 Jan 13 21:28 Cert_271036-284044_13TeV_ReReco_07Aug2017_Collisions16_JSON.txt
-rw-r--r--. 1 cfreer zh 14638 Jan 13 21:28 Cert_294927-306462_13TeV_EOY2017ReReco_Collisions17_JSON_v1.txt
-rw-r--r--. 1 cfreer zh 13968 Jan 13 21:28 Cert_314472-325175_13TeV_17SeptEarlyReReco2018ABC_PromptEraD_Collisions18_JSON.txt
-rw-r--r--. 1 cfreer zh  1097 Jan 13 21:31 _condor_stderr
-rw-r--r--. 1 cfreer zh  9452 Jan 13 21:31 _condor_stdout
-rw-------. 1 cfreer zh  4882 Jan 13 21:28 cfreer.cc
-rw-r--r--. 1 cfreer zh 16092 Jan 13 21:28 combineHLT_Run2.yaml
-rw-r--r--. 1 cfreer zh 10051 Jan 13 21:28 condor_Run2_proc.py
-rwxr-xr-x. 1 cfreer zh   963 Jan 13 21:28 condor_exec.exe
-rwxr-xr-x. 1 cfreer zh  2559 Jan 13 21:28 haddnano.py
-rw-r--r--. 1 cfreer zh   499 Jan 13 21:28 keep_and_drop.txt
drwx------. 5 cfreer zh  4096 Jan 13 21:28 tmp
drwx------. 3 cfreer zh  4096 Jan 13 21:28 var

./tmp:
total 12
drwxr-xr-x. 3 cfreer zh 4096 Jan 13 21:28 mjf-cfreer
drwx------. 2 cfreer zh 4096 Jan 13 21:28 tmpVv0Jdb
drwx------. 2 cfreer zh 4096 Jan 13 21:28 tmpaHnUDq

./tmp/mjf-cfreer:
total 4
drwxr-xr-x. 2 cfreer zh 4096 Jan 13 21:28 jobfeatures-bigbird09.cern.ch_3299157.0_1578946739

./tmp/mjf-cfreer/jobfeatures-bigbird09.cern.ch_3299157.0_1578946739:
total 28
-rw-r--r--. 1 cfreer zh  1 Jan 13 21:28 allocated_cpu
-rw-r--r--. 1 cfreer zh  6 Jan 13 21:28 cpu_limit_secs
-rw-r--r--. 1 cfreer zh 38 Jan 13 21:28 job_id
-rw-r--r--. 1 cfreer zh 10 Jan 13 21:28 jobstart_secs
-rw-r--r--. 1 cfreer zh 10 Jan 13 21:28 max_rss_bytes
-rw-r--r--. 1 cfreer zh 11 Jan 13 21:28 scratch_limit_bytes
-rw-r--r--. 1 cfreer zh  6 Jan 13 21:28 wall_limit_secs

./tmp/tmpVv0Jdb:
total 408
-rw-rw-r--. 1 cfreer zh 17775 Apr  2  2019 Summer16_25nsV1_MC_EtaResolution_AK4PF.txt
-rw-rw-r--. 1 cfreer zh 17775 Apr  2  2019 Summer16_25nsV1_MC_EtaResolution_AK4PFPuppi.txt
-rw-rw-r--. 1 cfreer zh 17775 Apr  2  2019 Summer16_25nsV1_MC_EtaResolution_AK4PFchs.txt
-rw-rw-r--. 1 cfreer zh 17775 Apr  2  2019 Summer16_25nsV1_MC_EtaResolution_AK8PF.txt
-rw-rw-r--. 1 cfreer zh 17775 Apr  2  2019 Summer16_25nsV1_MC_EtaResolution_AK8PFPuppi.txt
-rw-rw-r--. 1 cfreer zh 17775 Apr  2  2019 Summer16_25nsV1_MC_EtaResolution_AK8PFchs.txt
-rw-rw-r--. 1 cfreer zh 17775 Apr  2  2019 Summer16_25nsV1_MC_PhiResolution_AK4PF.txt
-rw-rw-r--. 1 cfreer zh 17775 Apr  2  2019 Summer16_25nsV1_MC_PhiResolution_AK4PFPuppi.txt
-rw-rw-r--. 1 cfreer zh 17775 Apr  2  2019 Summer16_25nsV1_MC_PhiResolution_AK4PFchs.txt
-rw-rw-r--. 1 cfreer zh 17775 Apr  2  2019 Summer16_25nsV1_MC_PhiResolution_AK8PF.txt
-rw-rw-r--. 1 cfreer zh 17775 Apr  2  2019 Summer16_25nsV1_MC_PhiResolution_AK8PFPuppi.txt
-rw-rw-r--. 1 cfreer zh 17775 Apr  2  2019 Summer16_25nsV1_MC_PhiResolution_AK8PFchs.txt
-rw-rw-r--. 1 cfreer zh 20537 Apr  2  2019 Summer16_25nsV1_MC_PtResolution_AK4PF.txt
-rw-rw-r--. 1 cfreer zh 20537 Apr  2  2019 Summer16_25nsV1_MC_PtResolution_AK4PFPuppi.txt
-rw-rw-r--. 1 cfreer zh 20537 Apr  2  2019 Summer16_25nsV1_MC_PtResolution_AK4PFchs.txt
-rw-rw-r--. 1 cfreer zh 20537 Apr  2  2019 Summer16_25nsV1_MC_PtResolution_AK8PF.txt
-rw-rw-r--. 1 cfreer zh 20537 Apr  2  2019 Summer16_25nsV1_MC_PtResolution_AK8PFPuppi.txt
-rw-rw-r--. 1 cfreer zh 20537 Apr  2  2019 Summer16_25nsV1_MC_PtResolution_AK8PFchs.txt
-rw-rw-r--. 1 cfreer zh   956 Apr  2  2019 Summer16_25nsV1_MC_SF_AK4PF.txt
-rw-rw-r--. 1 cfreer zh   956 Apr  2  2019 Summer16_25nsV1_MC_SF_AK4PFPuppi.txt
-rw-rw-r--. 1 cfreer zh   956 Apr  2  2019 Summer16_25nsV1_MC_SF_AK4PFchs.txt
-rw-rw-r--. 1 cfreer zh   956 Apr  2  2019 Summer16_25nsV1_MC_SF_AK8PF.txt
-rw-rw-r--. 1 cfreer zh   956 Apr  2  2019 Summer16_25nsV1_MC_SF_AK8PFPuppi.txt
-rw-rw-r--. 1 cfreer zh   956 Apr  2  2019 Summer16_25nsV1_MC_SF_AK8PFchs.txt

./tmp/tmpaHnUDq:
total 20692
-rw-r--r--. 1 cfreer zh   15365 May 11  2018 Summer16_07Aug2017_V11_MC_L1FastJet_AK4Calo.txt
-rw-r--r--. 1 cfreer zh   15365 May 11  2018 Summer16_07Aug2017_V11_MC_L1FastJet_AK4JPT.txt
-rwxr-xr-x. 1 cfreer zh   11986 May 11  2018 Summer16_07Aug2017_V11_MC_L1FastJet_AK4PF.txt
-rwxr-xr-x. 1 cfreer zh     150 May 11  2018 Summer16_07Aug2017_V11_MC_L1FastJet_AK4PFPuppi.txt
-rwxr-xr-x. 1 cfreer zh   12311 May 11  2018 Summer16_07Aug2017_V11_MC_L1FastJet_AK4PFchs.txt
-rwxr-xr-x. 1 cfreer zh   11986 May 11  2018 Summer16_07Aug2017_V11_MC_L1FastJet_AK8PF.txt
-rwxr-xr-x. 1 cfreer zh     150 May 11  2018 Summer16_07Aug2017_V11_MC_L1FastJet_AK8PFPuppi.txt
-rwxr-xr-x. 1 cfreer zh   11986 May 11  2018 Summer16_07Aug2017_V11_MC_L1FastJet_AK8PFchs.txt
-rw-r--r--. 1 cfreer zh    5352 May 11  2018 Summer16_07Aug2017_V11_MC_L1JPTOffset_AK4JPT.txt
-rw-r--r--. 1 cfreer zh    8651 May 11  2018 Summer16_07Aug2017_V11_MC_L1RC_AK4PF.txt
-rw-r--r--. 1 cfreer zh    8651 May 11  2018 Summer16_07Aug2017_V11_MC_L1RC_AK4PFchs.txt
-rw-r--r--. 1 cfreer zh    8651 May 11  2018 Summer16_07Aug2017_V11_MC_L1RC_AK8PF.txt
-rw-r--r--. 1 cfreer zh    8651 May 11  2018 Summer16_07Aug2017_V11_MC_L1RC_AK8PFchs.txt
-rw-r--r--. 1 cfreer zh     176 May 11  2018 Summer16_07Aug2017_V11_MC_L2L3Residual_AK4Calo.txt
-rw-r--r--. 1 cfreer zh     176 May 11  2018 Summer16_07Aug2017_V11_MC_L2L3Residual_AK4JPT.txt
-rw-r--r--. 1 cfreer zh     176 May 11  2018 Summer16_07Aug2017_V11_MC_L2L3Residual_AK4PF.txt
-rw-r--r--. 1 cfreer zh     176 May 11  2018 Summer16_07Aug2017_V11_MC_L2L3Residual_AK4PFPuppi.txt
-rw-r--r--. 1 cfreer zh     176 May 11  2018 Summer16_07Aug2017_V11_MC_L2L3Residual_AK4PFchs.txt
-rw-r--r--. 1 cfreer zh     176 May 11  2018 Summer16_07Aug2017_V11_MC_L2L3Residual_AK8PF.txt
-rw-r--r--. 1 cfreer zh     176 May 11  2018 Summer16_07Aug2017_V11_MC_L2L3Residual_AK8PFPuppi.txt
-rw-r--r--. 1 cfreer zh     176 May 11  2018 Summer16_07Aug2017_V11_MC_L2L3Residual_AK8PFchs.txt
-rw-r--r--. 1 cfreer zh   15463 May 11  2018 Summer16_07Aug2017_V11_MC_L2Relative_AK4Calo.txt
-rw-r--r--. 1 cfreer zh   15462 May 11  2018 Summer16_07Aug2017_V11_MC_L2Relative_AK4JPT.txt
-rw-r--r--. 1 cfreer zh  451342 May 11  2018 Summer16_07Aug2017_V11_MC_L2Relative_AK4PF.txt
-rw-r--r--. 1 cfreer zh  455324 May 11  2018 Summer16_07Aug2017_V11_MC_L2Relative_AK4PFPuppi.txt
-rw-r--r--. 1 cfreer zh  452043 May 11  2018 Summer16_07Aug2017_V11_MC_L2Relative_AK4PFchs.txt
-rw-r--r--. 1 cfreer zh  451885 May 11  2018 Summer16_07Aug2017_V11_MC_L2Relative_AK8PF.txt
-rw-r--r--. 1 cfreer zh  456229 May 11  2018 Summer16_07Aug2017_V11_MC_L2Relative_AK8PFPuppi.txt
-rw-r--r--. 1 cfreer zh  452066 May 11  2018 Summer16_07Aug2017_V11_MC_L2Relative_AK8PFchs.txt
-rw-r--r--. 1 cfreer zh     176 May 11  2018 Summer16_07Aug2017_V11_MC_L2Residual_AK4PF.txt
-rw-r--r--. 1 cfreer zh     176 May 11  2018 Summer16_07Aug2017_V11_MC_L2Residual_AK4PFPuppi.txt
-rw-r--r--. 1 cfreer zh     176 May 11  2018 Summer16_07Aug2017_V11_MC_L2Residual_AK4PFchs.txt
-rw-r--r--. 1 cfreer zh     176 May 11  2018 Summer16_07Aug2017_V11_MC_L2Residual_AK8PF.txt
-rw-r--r--. 1 cfreer zh     176 May 11  2018 Summer16_07Aug2017_V11_MC_L2Residual_AK8PFPuppi.txt
-rw-r--r--. 1 cfreer zh     176 May 11  2018 Summer16_07Aug2017_V11_MC_L2Residual_AK8PFchs.txt
-rw-r--r--. 1 cfreer zh     105 May 11  2018 Summer16_07Aug2017_V11_MC_L3Absolute_AK4Calo.txt
-rw-r--r--. 1 cfreer zh     105 May 11  2018 Summer16_07Aug2017_V11_MC_L3Absolute_AK4JPT.txt
-rwxr-xr-x. 1 cfreer zh     177 May 11  2018 Summer16_07Aug2017_V11_MC_L3Absolute_AK4PF.txt
-rwxr-xr-x. 1 cfreer zh     177 May 11  2018 Summer16_07Aug2017_V11_MC_L3Absolute_AK4PFPuppi.txt
-rwxr-xr-x. 1 cfreer zh     177 May 11  2018 Summer16_07Aug2017_V11_MC_L3Absolute_AK4PFchs.txt
-rwxr-xr-x. 1 cfreer zh     177 May 11  2018 Summer16_07Aug2017_V11_MC_L3Absolute_AK8PF.txt
-rwxr-xr-x. 1 cfreer zh     177 May 11  2018 Summer16_07Aug2017_V11_MC_L3Absolute_AK8PFPuppi.txt
-rwxr-xr-x. 1 cfreer zh     177 May 11  2018 Summer16_07Aug2017_V11_MC_L3Absolute_AK8PFchs.txt
-rw-r--r--. 1 cfreer zh 2228172 May 11  2018 Summer16_07Aug2017_V11_MC_UncertaintySources_AK4Calo.txt
-rw-r--r--. 1 cfreer zh 2228172 May 11  2018 Summer16_07Aug2017_V11_MC_UncertaintySources_AK4JPT.txt
-rw-r--r--. 1 cfreer zh 2230202 May 11  2018 Summer16_07Aug2017_V11_MC_UncertaintySources_AK4PF.txt
-rw-r--r--. 1 cfreer zh 2230202 May 11  2018 Summer16_07Aug2017_V11_MC_UncertaintySources_AK4PFPuppi.txt
-rw-r--r--. 1 cfreer zh 2230202 May 11  2018 Summer16_07Aug2017_V11_MC_UncertaintySources_AK4PFchs.txt
-rw-r--r--. 1 cfreer zh 2230202 May 11  2018 Summer16_07Aug2017_V11_MC_UncertaintySources_AK8PF.txt
-rw-r--r--. 1 cfreer zh 2230202 May 11  2018 Summer16_07Aug2017_V11_MC_UncertaintySources_AK8PFPuppi.txt
-rw-r--r--. 1 cfreer zh 2230202 May 11  2018 Summer16_07Aug2017_V11_MC_UncertaintySources_AK8PFchs.txt
-rw-r--r--. 1 cfreer zh   40604 May 11  2018 Summer16_07Aug2017_V11_MC_Uncertainty_AK4Calo.txt
-rw-r--r--. 1 cfreer zh   40604 May 11  2018 Summer16_07Aug2017_V11_MC_Uncertainty_AK4JPT.txt
-rw-r--r--. 1 cfreer zh   40604 May 11  2018 Summer16_07Aug2017_V11_MC_Uncertainty_AK4PF.txt
-rw-r--r--. 1 cfreer zh   40604 May 11  2018 Summer16_07Aug2017_V11_MC_Uncertainty_AK4PFPuppi.txt
-rw-r--r--. 1 cfreer zh   40604 May 11  2018 Summer16_07Aug2017_V11_MC_Uncertainty_AK4PFchs.txt
-rw-r--r--. 1 cfreer zh   40604 May 11  2018 Summer16_07Aug2017_V11_MC_Uncertainty_AK8PF.txt
-rw-r--r--. 1 cfreer zh   40604 May 11  2018 Summer16_07Aug2017_V11_MC_Uncertainty_AK8PFPuppi.txt
-rw-r--r--. 1 cfreer zh   40604 May 11  2018 Summer16_07Aug2017_V11_MC_Uncertainty_AK8PFchs.txt

./var:
total 4
drwx------. 2 cfreer zh 4096 Jan 13 21:28 tmp

./var/tmp:
total 0
 ------ THE END (everyone dies !) ----- 
