
/pool/condor/dir_17261

... start job at 2019-11-29 23:18:08
----- directory before running:
.:
total 52
-rw-r--r--. 1 cfreer zh     0 Nov 29 23:18 _condor_stderr
-rw-r--r--. 1 cfreer zh    94 Nov 29 23:18 _condor_stdout
-rw-------. 1 cfreer zh  2642 Nov 29 23:18 cfreer.cc
-rw-r--r--. 1 cfreer zh 16092 Nov 29 23:18 combineHLT_Run2.yaml
-rw-r--r--. 1 cfreer zh  5718 Nov 29 23:18 condor_WSProducer.py
-rwxr-xr-x. 1 cfreer zh   842 Nov 29 23:18 condor_exec.exe
-rwxr-xr-x. 1 cfreer zh  2559 Nov 29 23:18 haddnano.py
-rw-r--r--. 1 cfreer zh     8 Nov 29 23:18 keep_and_drop_WS.txt
drwx------. 3 cfreer zh  4096 Nov 29 23:18 tmp
drwx------. 3 cfreer zh  4096 Nov 29 23:18 var

./tmp:
total 4
drwxr-xr-x. 3 cfreer zh 4096 Nov 29 23:18 mjf-cfreer

./tmp/mjf-cfreer:
total 4
drwxr-xr-x. 2 cfreer zh 4096 Nov 29 23:18 jobfeatures-bigbird09.cern.ch_3029536.24_1574945562

./tmp/mjf-cfreer/jobfeatures-bigbird09.cern.ch_3029536.24_1574945562:
total 28
-rw-r--r--. 1 cfreer zh  1 Nov 29 23:18 allocated_cpu
-rw-r--r--. 1 cfreer zh  6 Nov 29 23:18 cpu_limit_secs
-rw-r--r--. 1 cfreer zh 39 Nov 29 23:18 job_id
-rw-r--r--. 1 cfreer zh 10 Nov 29 23:18 jobstart_secs
-rw-r--r--. 1 cfreer zh 10 Nov 29 23:18 max_rss_bytes
-rw-r--r--. 1 cfreer zh 10 Nov 29 23:18 scratch_limit_bytes
-rw-r--r--. 1 cfreer zh  6 Nov 29 23:18 wall_limit_secs

./var:
total 4
drwx------. 2 cfreer zh 4096 Nov 29 23:18 tmp

./var/tmp:
total 0
----- CMSSW BASE, python path, pwd:
+ CMSSW_BASE  = /afs/cern.ch/work/c/cfreer/MonoZ_2019/MT_plots/CMSSW_10_6_4
+ PYTHON_PATH = 
+ PWD         = /pool/condor/dir_17261
/eos/cms/store/group/phys_exotica/monoZ/Exorcism2016/WZTo2L2Q_13TeV_amcatnloFXFX_madspin_pythia8/tree_7.root  ->  /eos/cms/store/group/phys_exotica/monoZ/Exorcism2016/WZTo2L2Q_13TeV_amcatnloFXFX_madspin_pythia8/tree_7.root
Testing file open
Test OK
---------------------------
 -- options  =  Namespace(dataset='X', doSyst=1, era='2016', infile='/eos/cms/store/group/phys_exotica/monoZ/Exorcism2016/WZTo2L2Q_13TeV_amcatnloFXFX_madspin_pythia8/tree_7.root', isMC=1, jobNum=24, nevt=-1)
 -- is MC    =  1
 -- jobNum   =  24
 -- era      =  2016
 -- in file  =  /eos/cms/store/group/phys_exotica/monoZ/Exorcism2016/WZTo2L2Q_13TeV_amcatnloFXFX_madspin_pythia8/tree_7.root
 -- dataset  =  X
---------------------------
[check] condtag_ ==  WZTo2L2Q_13TeV_amcatnloFXFX_madspin_pythia8
[check] dataset  ==  monoZ
modules :  <PhysicsTools.MonoZ.MonoZWSProducer.MonoZWSProducer object at 0x2b1056a27750>
modules :  <PhysicsTools.MonoZ.MonoZWSProducer.MonoZWSProducer object at 0x2b1056a27810>
modules :  <PhysicsTools.MonoZ.MonoZWSProducer.MonoZWSProducer object at 0x2b1056a27850>
modules :  <PhysicsTools.MonoZ.MonoZWSProducer.MonoZWSProducer object at 0x2b1056a27890>
modules :  <PhysicsTools.MonoZ.MonoZWSProducer.MonoZWSProducer object at 0x2b1056a278d0>
modules :  <PhysicsTools.MonoZ.MonoZWSProducer.MonoZWSProducer object at 0x2b1056a27910>
modules :  <PhysicsTools.MonoZ.MonoZWSProducer.MonoZWSProducer object at 0x2b1056a27950>
modules :  <PhysicsTools.MonoZ.MonoZWSProducer.MonoZWSProducer object at 0x2b1056a27990>
modules :  <PhysicsTools.MonoZ.MonoZWSProducer.MonoZWSProducer object at 0x2b1056a279d0>
modules :  <PhysicsTools.MonoZ.MonoZWSProducer.MonoZWSProducer object at 0x2b1056a27a10>
modules :  <PhysicsTools.MonoZ.MonoZWSProducer.MonoZWSProducer object at 0x2b1056a27a50>
modules :  <PhysicsTools.MonoZ.MonoZWSProducer.MonoZWSProducer object at 0x2b1056a27a90>
modules :  <PhysicsTools.MonoZ.MonoZWSProducer.MonoZWSProducer object at 0x2b1056a27ad0>
modules :  <PhysicsTools.MonoZ.MonoZWSProducer.MonoZWSProducer object at 0x2b1056a27b10>
modules :  <PhysicsTools.MonoZ.MonoZWSProducer.MonoZWSProducer object at 0x2b1056a27b50>
modules :  <PhysicsTools.MonoZ.MonoZWSProducer.MonoZWSProducer object at 0x2b1056a27b90>
modules :  <PhysicsTools.MonoZ.MonoZWSProducer.MonoZWSProducer object at 0x2b1056a27bd0>
modules :  <PhysicsTools.MonoZ.MonoZWSProducer.MonoZWSProducer object at 0x2b1056a27c10>
modules :  <PhysicsTools.MonoZ.MonoZWSProducer.MonoZWSProducer object at 0x2b1056a27c50>
modules :  <PhysicsTools.MonoZ.MonoZWSProducer.MonoZWSProducer object at 0x2b1056a27c90>
modules :  <PhysicsTools.MonoZ.MonoZWSProducer.MonoZWSProducer object at 0x2b1056a27cd0>
modules :  <PhysicsTools.MonoZ.MonoZWSProducer.MonoZWSProducer object at 0x2b1056a27d10>
modules :  <PhysicsTools.MonoZ.MonoZWSProducer.MonoZWSProducer object at 0x2b1056a27d90>
modules :  <PhysicsTools.MonoZ.MonoZWSProducer.MonoZWSProducer object at 0x2b1056a27e10>
modules :  <PhysicsTools.MonoZ.MonoZWSProducer.MonoZWSProducer object at 0x2b1056a27e90>
modules :  <PhysicsTools.MonoZ.MonoZWSProducer.MonoZWSProducer object at 0x2b1056a27f10>
modules :  <PhysicsTools.MonoZ.MonoZWSProducer.MonoZWSProducer object at 0x2b1056a27f50>
modules :  <PhysicsTools.MonoZ.MonoZWSProducer.MonoZWSProducer object at 0x2b1056a27f90>
modules :  <PhysicsTools.MonoZ.MonoZWSProducer.MonoZWSProducer object at 0x2b1056a27fd0>
modules :  <PhysicsTools.MonoZ.MonoZWSProducer.MonoZWSProducer object at 0x2b1056a29050>
modules :  <PhysicsTools.MonoZ.MonoZWSProducer.MonoZWSProducer object at 0x2b1056a29090>
Selection :  
Will write selected trees to .
Pre-select 100739 entries out of 100739 (100.00%)
Processed    10000/  100739 entries,  9.93% (elapsed time   647.8s, curr speed    0.015 kHz, avg speed    0.015 kHz), accepted    10001/   10001 events (100.00%)
Processed    20000/  100739 entries, 19.85% (elapsed time  1315.1s, curr speed    0.015 kHz, avg speed    0.015 kHz), accepted    20001/   20001 events (100.00%)
Processed    30000/  100739 entries, 29.78% (elapsed time  1968.8s, curr speed    0.015 kHz, avg speed    0.015 Adding file ./tree_7_Skim.root
Merging measMET_monoZ_catSignal-0jet
Merging MT_monoZ_catSignal-0jet
Merging measMET_monoZ_catEM
Merging MT_monoZ_catEM
Merging measMET_monoZ_catSignal-1jet
Merging MT_monoZ_catSignal-1jet
Merging measMET_monoZ_cat3L
Merging MT_monoZ_cat3L
Merging measMET_monoZ_cat4L
Merging MT_monoZ_cat4L
Merging measMET_monoZ_catNRB
Merging MT_monoZ_catNRB
Merging measMET_monoZ_catTOP
Merging MT_monoZ_catTOP
Merging measMET_monoZ_catDY
Merging MT_monoZ_catDY
Merging balance_monoZ
Merging phizmet_monoZ
Merging njet_monoZ
Merging measMET_monoZ_catSignal-0jet_sys_ElectronEnUp
Merging MT_monoZ_catSignal-0jet_sys_ElectronEnUp
Merging measMET_monoZ_catEM_sys_ElectronEnUp
Merging MT_monoZ_catEM_sys_ElectronEnUp
Merging measMET_monoZ_catSignal-1jet_sys_ElectronEnUp
Merging MT_monoZ_catSignal-1jet_sys_ElectronEnUp
Merging measMET_monoZ_cat3L_sys_ElectronEnUp
Merging MT_monoZ_cat3L_sys_ElectronEnUp
Merging measMET_monoZ_cat4L_sys_ElectronEnUp
Merging MT_monoZ_cat4L_sys_ElectronEnUp
Merging measMET_monoZ_catNRB_sys_ElectronEnUp
Merging MT_monoZ_catNRB_sys_ElectronEnUp
Merging measMET_monoZ_catTOP_sys_ElectronEnUp
Merging MT_monoZ_catTOP_sys_ElectronEnUp
Merging measMET_monoZ_catDY_sys_ElectronEnUp
Merging MT_monoZ_catDY_sys_ElectronEnUp
Merging balance_monoZ_sys_ElectronEnUp
Merging phizmet_monoZ_sys_ElectronEnUp
Merging njet_monoZ_sys_ElectronEnUp
Merging measMET_monoZ_catSignal-0jet_sys_ElectronEnDown
Merging MT_monoZ_catSignal-0jet_sys_ElectronEnDown
Merging measMET_monoZ_catEM_sys_ElectronEnDown
Merging MT_monoZ_catEM_sys_ElectronEnDown
Merging measMET_monoZ_catSignal-1jet_sys_ElectronEnDown
Merging MT_monoZ_catSignal-1jet_sys_ElectronEnDown
Merging measMET_monoZ_cat3L_sys_ElectronEnDown
Merging MT_monoZ_cat3L_sys_ElectronEnDown
Merging measMET_monoZ_cat4L_sys_ElectronEnDown
Merging MT_monoZ_cat4L_sys_ElectronEnDown
Merging measMET_monoZ_catNRB_sys_ElectronEnDown
Merging MT_monoZ_catNRB_sys_ElectronEnDown
Merging measMET_monoZ_catTOP_sys_ElectronEnDown
Merging MT_monoZ_catTOP_sys_ElectronEnDown
Merging measMET_monoZ_catDY_sys_ElectronEnDown
Merging MT_monoZ_catDY_sys_ElectronEnDown
Merging balance_monoZ_sys_ElectronEnDown
Merging phizmet_monoZ_sys_ElectronEnDown
Merging njet_monoZ_sys_ElectronEnDown
Merging measMET_monoZ_catSignal-0jet_sys_MuonEnUp
Merging MT_monoZ_catSignal-0jet_sys_MuonEnUp
Merging measMET_monoZ_catEM_sys_MuonEnUp
Merging MT_monoZ_catEM_sys_MuonEnUp
Merging measMET_monoZ_catSignal-1jet_sys_MuonEnUp
Merging MT_monoZ_catSignal-1jet_sys_MuonEnUp
Merging measMET_monoZ_cat3L_sys_MuonEnUp
Merging MT_monoZ_cat3L_sys_MuonEnUp
Merging measMET_monoZ_cat4L_sys_MuonEnUp
Merging MT_monoZ_cat4L_sys_MuonEnUp
Merging measMET_monoZ_catNRB_sys_MuonEnUp
Merging MT_monoZ_catNRB_sys_MuonEnUp
Merging measMET_monoZ_catTOP_sys_MuonEnUp
Merging MT_monoZ_catTOP_sys_MuonEnUp
Merging measMET_monoZ_catDY_sys_MuonEnUp
Merging MT_monoZ_catDY_sys_MuonEnUp
Merging balance_monoZ_sys_MuonEnUp
Merging phizmet_monoZ_sys_MuonEnUp
Merging njet_monoZ_sys_MuonEnUp
Merging measMET_monoZ_catSignal-0jet_sys_MuonEnDown
Merging MT_monoZ_catSignal-0jet_sys_MuonEnDown
Merging measMET_monoZ_catEM_sys_MuonEnDown
Merging MT_monoZ_catEM_sys_MuonEnDown
Merging measMET_monoZ_catSignal-1jet_sys_MuonEnDown
Merging MT_monoZ_catSignal-1jet_sys_MuonEnDown
Merging measMET_monoZ_cat3L_sys_MuonEnDown
Merging MT_monoZ_cat3L_sys_MuonEnDown
Merging measMET_monoZ_cat4L_sys_MuonEnDown
Merging MT_monoZ_cat4L_sys_MuonEnDown
Merging measMET_monoZ_catNRB_sys_MuonEnDown
Merging MT_monoZ_catNRB_sys_MuonEnDown
Merging measMET_monoZ_catTOP_sys_MuonEnDown
Merging MT_monoZ_catTOP_sys_MuonEnDown
Merging measMET_monoZ_catDY_sys_MuonEnDown
Merging MT_monoZ_catDY_sys_MuonEnDown
Merging balance_monoZ_sys_MuonEnDown
Merging phizmet_monoZ_sys_MuonEnDown
Merging njet_monoZ_sys_MuonEnDown
Merging measMET_monoZ_catSignal-0jet_sys_jesTotalUp
Merging MT_monoZ_catSignal-0jet_sys_jesTotalUp
Merging measMET_monoZ_catEM_sys_jesTotalUp
Merging MT_monoZ_catEM_sys_jesTotalUp
Merging measMET_monoZ_catSignal-1jet_sys_jesTotalUp
Merging MT_monoZ_catSignal-1jet_sys_jesTotalUp
Merging measMET_monoZ_cat3L_sys_jesTotalUp
Merging MT_monoZ_cat3L_sys_jesTotalUp
Merging measMET_monoZ_cat4L_sys_jesTotalUp
Merging MT_monoZ_cat4L_sys_jesTotalUp
Merging measMET_monoZ_catNRB_sys_jesTotalUp
Merging MT_monoZ_catNRB_sys_jesTotalUp
Merging measMET_monoZ_catTOP_sys_jesTotalUp
Merging MT_monoZ_catTOP_sys_jesTotalUp
Merging measMET_monoZ_catDY_sys_jesTotalUp
Merging MT_monoZ_catDY_sys_jesTotalUp
Merging balance_monoZ_sys_jesTotalUp
Merging phizmet_monoZ_sys_jesTotalUp
Merging njet_monoZ_sys_jesTotalUp
Merging measMET_monoZ_catSignal-0jet_sys_jesTotalDown
Merging MT_monoZ_catSignal-0jet_sys_jesTotalDown
Merging measMET_monoZ_catEM_sys_jesTotalDown
Merging MT_monoZ_catEM_sys_jesTotalDown
Merging measMET_monoZ_catSignal-1jet_sys_jesTotalDown
Merging MT_monoZ_catSignal-1jet_sys_jesTotalDown
Merging measMET_monoZ_cat3L_sys_jesTotalDown
Merging MT_monoZ_cat3L_sys_jesTotalDown
Merging measMET_monoZ_cat4L_sys_jesTotalDown
Merging MT_monoZ_cat4L_sys_jesTotalDown
Merging measMET_monoZ_catNRB_sys_jesTotalDown
Merging MT_monoZ_catNRB_sys_jesTotalDown
Merging measMET_monoZ_catTOP_sys_jesTotalDown
Merging MT_monoZ_catTOP_sys_jesTotalDown
Merging measMET_monoZ_catDY_sys_jesTotalDown
Merging MT_monoZ_catDY_sys_jesTotalDown
Merging balance_monoZ_sys_jesTotalDown
Merging phizmet_monoZ_sys_jesTotalDown
Merging njet_monoZ_sys_jesTotalDown
Merging measMET_monoZ_catSignal-0jet_sys_jerUp
Merging MT_monoZ_catSignal-0jet_sys_jerUp
Merging measMET_monoZ_catEM_sys_jerUp
Merging MT_monoZ_catEM_sys_jerUp
Merging measMET_monoZ_catSignal-1jet_sys_jerUp
Merging MT_monoZ_catSignal-1jet_sys_jerUp
Merging measMET_monoZ_cat3L_sys_jerUp
Merging MT_monoZ_cat3L_sys_jerUp
Merging measMET_monoZ_cat4L_sys_jerUp
Merging MT_monoZ_cat4L_sys_jerUp
Merging measMET_monoZ_catNRB_sys_jerUp
Merging MT_monoZ_catNRB_sys_jerUp
Merging measMET_monoZ_catTOP_sys_jerUp
Merging MT_monoZ_catTOP_sys_jerUp
Merging measMET_monoZ_catDY_sys_jerUp
Merging MT_monoZ_catDY_sys_jerUp
Merging balance_monoZ_sys_jerUp
Merging phizmet_monoZ_sys_jerUp
Merging njet_monoZ_sys_jerUp
Merging measMET_monoZ_catSignal-0jet_sys_jerDown
Merging MT_monoZ_catSignal-0jet_sys_jerDown
Merging measMET_monoZ_catEM_sys_jerDown
Merging MT_monoZ_catEM_sys_jerDown
Merging measMET_monoZ_catSignal-1jet_sys_jerDown
Merging MT_monoZ_catSignal-1jet_sys_jerDown
Merging measMET_monoZ_cat3L_sys_jerDown
Merging MT_monoZ_cat3L_sys_jerDown
Merging measMET_monoZ_cat4L_sys_jerDown
Merging MT_monoZ_cat4L_sys_jerDown
Merging measMET_monoZ_catNRB_sys_jerDown
Merging MT_monoZ_catNRB_sys_jerDown
Merging measMET_monoZ_catTOP_sys_jerDown
Merging MT_monoZ_catTOP_sys_jerDown
Merging measMET_monoZ_catDY_sys_jerDown
Merging MT_monoZ_catDY_sys_jerDown
Merging balance_monoZ_sys_jerDown
Merging phizmet_monoZ_sys_jerDown
Merging njet_monoZ_sys_jerDown
Merging measMET_monoZ_catSignal-0jet_sys_puWeightUp
Merging MT_monoZ_catSignal-0jet_sys_puWeightUp
Merging measMET_monoZ_catEM_sys_puWeightUp
Merging MT_monoZ_catEM_sys_puWeightUp
Merging measMET_monoZ_catSignal-1jet_sys_puWeightUp
Merging MT_monoZ_catSignal-1jet_sys_puWeightUp
Merging measMET_monoZ_cat3L_sys_puWeightUp
Merging MT_monoZ_cat3L_sys_puWeightUp
Merging measMET_monoZ_cat4L_sys_puWeightUp
Merging MT_monoZ_cat4L_sys_puWeightUp
Merging measMET_monoZ_catNRB_sys_puWeightUp
Merging MT_monoZ_catNRB_sys_puWeightUp
Merging measMET_monoZ_catTOP_sys_puWeightUp
Merging MT_monoZ_catTOP_sys_puWeightUp
Merging measMET_monoZ_catDY_sys_puWeightUp
Merging MT_monoZ_catDY_sys_puWeightUp
Merging balance_monoZ_sys_puWeightUp
Merging phizmet_monoZ_sys_puWeightUp
Merging njet_monoZ_sys_puWeightUp
Merging measMET_monoZ_catSignal-0jet_sys_puWeightDown
Merging MT_monoZ_catSignal-0jet_sys_puWeightDown
Merging measMET_monoZ_catEM_sys_puWeightDown
Merging MT_monoZ_catEM_sys_puWeightDown
Merging measMET_monoZ_catSignal-1jet_sys_puWeightDown
Merging MT_monoZ_catSignal-1jet_sys_puWeightDown
Merging measMET_monoZ_cat3L_sys_puWeightDown
Merging MT_monoZ_cat3L_sys_puWeightDown
Merging measMET_monoZ_cat4L_sys_puWeightDown
Merging MT_monoZ_cat4L_sys_puWeightDown
Merging measMET_monoZ_catNRB_sys_puWeightDown
Merging MT_monoZ_catNRB_sys_puWeightDown
Merging measMET_monoZ_catTOP_sys_puWeightDown
Merging MT_monoZ_catTOP_sys_puWeightDown
Merging measMET_monoZ_catDY_sys_puWeightDown
Merging MT_monoZ_catDY_sys_puWeightDown
Merging balance_monoZ_sys_puWeightDown
Merging phizmet_monoZ_sys_puWeightDown
Merging njet_monoZ_sys_puWeightDown
Merging measMET_monoZ_catSignal-0jet_sys_PDFUp
Merging MT_monoZ_catSignal-0jet_sys_PDFUp
Merging measMET_monoZ_catEM_sys_PDFUp
Merging MT_monoZ_catEM_sys_PDFUp
Merging measMET_monoZ_catSignal-1jet_sys_PDFUp
Merging MT_monoZ_catSignal-1jet_sys_PDFUp
Merging measMET_monoZ_cat3L_sys_PDFUp
Merging MT_monoZ_cat3L_sys_PDFUp
Merging measMET_monoZ_cat4L_sys_PDFUp
Merging MT_monoZ_cat4L_sys_PDFUp
Merging measMET_monoZ_catNRB_sys_PDFUp
Merging MT_monoZ_catNRB_sys_PDFUp
Merging measMET_monoZ_catTOP_sys_PDFUp
Merging MT_monoZ_catTOP_sys_PDFUp
Merging measMET_monoZ_catDY_sys_PDFUp
Merging MT_monoZ_catDY_sys_PDFUp
Merging balance_monoZ_sys_PDFUp
Merging phizmet_monoZ_sys_PDFUp
Merging njet_monoZ_sys_PDFUp
Merging measMET_monoZ_catSignal-0jet_sys_PDFDown
Merging MT_monoZ_catSignal-0jet_sys_PDFDown
Merging measMET_monoZ_catEM_sys_PDFDown
Merging MT_monoZ_catEM_sys_PDFDown
Merging measMET_monoZ_catSignal-1jet_sys_PDFDown
Merging MT_monoZ_catSignal-1jet_sys_PDFDown
Merging measMET_monoZ_cat3L_sys_PDFDown
Merging MT_monoZ_cat3L_sys_PDFDown
Merging measMET_monoZ_cat4L_sys_PDFDown
Merging MT_monoZ_cat4L_sys_PDFDown
Merging measMET_monoZ_catNRB_sys_PDFDown
Merging MT_monoZ_catNRB_sys_PDFDown
Merging measMET_monoZ_catTOP_sys_PDFDown
Merging MT_monoZ_catTOP_sys_PDFDown
Merging measMET_monoZ_catDY_sys_PDFDown
Merging MT_monoZ_catDY_sys_PDFDown
Merging balance_monoZ_sys_PDFDown
Merging phizmet_monoZ_sys_PDFDown
Merging njet_monoZ_sys_PDFDown
Merging measMET_monoZ_catSignal-0jet_sys_MuonSFUp
Merging MT_monoZ_catSignal-0jet_sys_MuonSFUp
Merging measMET_monoZ_catEM_sys_MuonSFUp
Merging MT_monoZ_catEM_sys_MuonSFUp
Merging measMET_monoZ_catSignal-1jet_sys_MuonSFUp
Merging MT_monoZ_catSignal-1jet_sys_MuonSFUp
Merging measMET_monoZ_cat3L_sys_MuonSFUp
Merging MT_monoZ_cat3L_sys_MuonSFUp
Merging measMET_monoZ_cat4L_sys_MuonSFUp
Merging MT_monoZ_cat4L_sys_MuonSFUp
Merging measMET_monoZ_catNRB_sys_MuonSFUp
Merging MT_monoZ_catNRB_sys_MuonSFUp
Merging measMET_monoZ_catTOP_sys_MuonSFUp
Merging MT_monoZ_catTOP_sys_MuonSFUp
Merging measMET_monoZ_catDY_sys_MuonSFUp
Merging MT_monoZ_catDY_sys_MuonSFUp
Merging balance_monoZ_sys_MuonSFUp
Merging phizmet_monoZ_sys_MuonSFUp
Merging njet_monoZ_sys_MuonSFUp
Merging measMET_monoZ_catSignal-0jet_sys_MuonSFDown
Merging MT_monoZ_catSignal-0jet_sys_MuonSFDown
Merging measMET_monoZ_catEM_sys_MuonSFDown
Merging MT_monoZ_catEM_sys_MuonSFDown
Merging measMET_monoZ_catSignal-1jet_sys_MuonSFDown
Merging MT_monoZ_catSignal-1jet_sys_MuonSFDown
Merging measMET_monoZ_cat3L_sys_MuonSFDown
Merging MT_monoZ_cat3L_sys_MuonSFDown
Merging measMET_monoZ_cat4L_sys_MuonSFDown
Merging MT_monoZ_cat4L_sys_MuonSFDown
Merging measMET_monoZ_catNRB_sys_MuonSFDown
Merging MT_monoZ_catNRB_sys_MuonSFDown
Merging measMET_monoZ_catTOP_sys_MuonSFDown
Merging MT_monoZ_catTOP_sys_MuonSFDown
Merging measMET_monoZ_catDY_sys_MuonSFDown
Merging MT_monoZ_catDY_sys_MuonSFDown
Merging balance_monoZ_sys_MuonSFDown
Merging phizmet_monoZ_sys_MuonSFDown
Merging njet_monoZ_sys_MuonSFDown
Merging measMET_monoZ_catSignal-0jet_sys_ElecronSFUp
Merging MT_monoZ_catSignal-0jet_sys_ElecronSFUp
Merging measMET_monoZ_catEM_sys_ElecronSFUp
Merging MT_monoZ_catEM_sys_ElecronSFUp
Merging measMET_monoZ_catSignal-1jet_sys_ElecronSFUp
Merging MT_monoZ_catSignal-1jet_sys_ElecronSFUp
Merging measMET_monoZ_cat3L_sys_ElecronSFUp
Merging MT_monoZ_cat3L_sys_ElecronSFUp
Merging measMET_monoZ_cat4L_sys_ElecronSFUp
Merging MT_monoZ_cat4L_sys_ElecronSFUp
Merging measMET_monoZ_catNRB_sys_ElecronSFUp
Merging MT_monoZ_catNRB_sys_ElecronSFUp
Merging measMET_monoZ_catTOP_sys_ElecronSFUp
Merging MT_monoZ_catTOP_sys_ElecronSFUp
Merging measMET_monoZ_catDY_sys_ElecronSFUp
Merging MT_monoZ_catDY_sys_ElecronSFUp
Merging balance_monoZ_sys_ElecronSFUp
Merging phizmet_monoZ_sys_ElecronSFUp
Merging njet_monoZ_sys_ElecronSFUp
Merging measMET_monoZ_catSignal-0jet_sys_ElecronSFDown
Merging MT_monoZ_catSignal-0jet_sys_ElecronSFDown
Merging measMET_monoZ_catEM_sys_ElecronSFDown
Merging MT_monoZ_catEM_sys_ElecronSFDown
Merging measMET_monoZ_catSignal-1jet_sys_ElecronSFDown
Merging MT_monoZ_catSignal-1jet_sys_ElecronSFDown
Merging measMET_monoZ_cat3L_sys_ElecronSFDown
Merging MT_monoZ_cat3L_sys_ElecronSFDown
Merging measMET_monoZ_cat4L_sys_ElecronSFDown
Merging MT_monoZ_cat4L_sys_ElecronSFDown
Merging measMET_monoZ_catNRB_sys_ElecronSFDown
Merging MT_monoZ_catNRB_sys_ElecronSFDown
Merging measMET_monoZ_catTOP_sys_ElecronSFDown
Merging MT_monoZ_catTOP_sys_ElecronSFDown
Merging measMET_monoZ_catDY_sys_ElecronSFDown
Merging MT_monoZ_catDY_sys_ElecronSFDown
Merging balance_monoZ_sys_ElecronSFDown
Merging phizmet_monoZ_sys_ElecronSFDown
Merging njet_monoZ_sys_ElecronSFDown
Merging measMET_monoZ_catSignal-0jet_sys_EWKUp
Merging MT_monoZ_catSignal-0jet_sys_EWKUp
Merging measMET_monoZ_catEM_sys_EWKUp
Merging MT_monoZ_catEM_sys_EWKUp
Merging measMET_monoZ_catSignal-1jet_sys_EWKUp
Merging MT_monoZ_catSignal-1jet_sys_EWKUp
Merging measMET_monoZ_cat3L_sys_EWKUp
Merging MT_monoZ_cat3L_sys_EWKUp
Merging measMET_monoZ_cat4L_sys_EWKUp
Merging MT_monoZ_cat4L_sys_EWKUp
Merging measMET_monoZ_catNRB_sys_EWKUp
Merging MT_monoZ_catNRB_sys_EWKUp
Merging measMET_monoZ_catTOP_sys_EWKUp
Merging MT_monoZ_catTOP_sys_EWKUp
Merging measMET_monoZ_catDY_sys_EWKUp
Merging MT_monoZ_catDY_sys_EWKUp
Merging balance_monoZ_sys_EWKUp
Merging phizmet_monoZ_sys_EWKUp
Merging njet_monoZ_sys_EWKUp
Merging measMET_monoZ_catSignal-0jet_sys_EWKDown
Merging MT_monoZ_catSignal-0jet_sys_EWKDown
Merging measMET_monoZ_catEM_sys_EWKDown
Merging MT_monoZ_catEM_sys_EWKDown
Merging measMET_monoZ_catSignal-1jet_sys_EWKDown
Merging MT_monoZ_catSignal-1jet_sys_EWKDown
Merging measMET_monoZ_cat3L_sys_EWKDown
Merging MT_monoZ_cat3L_sys_EWKDown
Merging measMET_monoZ_cat4L_sys_EWKDown
Merging MT_monoZ_cat4L_sys_EWKDown
Merging measMET_monoZ_catNRB_sys_EWKDown
Merging MT_monoZ_catNRB_sys_EWKDown
Merging measMET_monoZ_catTOP_sys_EWKDown
Merging MT_monoZ_catTOP_sys_EWKDown
Merging measMET_monoZ_catDY_sys_EWKDown
Merging MT_monoZ_catDY_sys_EWKDown
Merging balance_monoZ_sys_EWKDown
Merging phizmet_monoZ_sys_EWKDown
Merging njet_monoZ_sys_EWKDown
Merging measMET_monoZ_catSignal-0jet_sys_nvtxWeightUp
Merging MT_monoZ_catSignal-0jet_sys_nvtxWeightUp
Merging measMET_monoZ_catEM_sys_nvtxWeightUp
Merging MT_monoZ_catEM_sys_nvtxWeightUp
Merging measMET_monoZ_catSignal-1jet_sys_nvtxWeightUp
Merging MT_monoZ_catSignal-1jet_sys_nvtxWeightUp
Merging measMET_monoZ_cat3L_sys_nvtxWeightUp
Merging MT_monoZ_cat3L_sys_nvtxWeightUp
Merging measMET_monoZ_cat4L_sys_nvtxWeightUp
Merging MT_monoZ_cat4L_sys_nvtxWeightUp
Merging measMET_monoZ_catNRB_sys_nvtxWeightUp
Merging MT_monoZ_catNRB_sys_nvtxWeightUp
Merging measMET_monoZ_catTOP_sys_nvtxWeightUp
Merging MT_monoZ_catTOP_sys_nvtxWeightUp
Merging measMET_monoZ_catDY_sys_nvtxWeightUp
Merging MT_monoZ_catDY_sys_nvtxWeightUp
Merging balance_monoZ_sys_nvtxWeightUp
Merging phizmet_monoZ_sys_nvtxWeightUp
Merging njet_monoZ_sys_nvtxWeightUp
Merging measMET_monoZ_catSignal-0jet_sys_nvtxWeightDown
Merging MT_monoZ_catSignal-0jet_sys_nvtxWeightDown
Merging measMET_monoZ_catEM_sys_nvtxWeightDown
Merging MT_monoZ_catEM_sys_nvtxWeightDown
Merging measMET_monoZ_catSignal-1jet_sys_nvtxWeightDown
Merging MT_monoZ_catSignal-1jet_sys_nvtxWeightDown
Merging measMET_monoZ_cat3L_sys_nvtxWeightDown
Merging MT_monoZ_cat3L_sys_nvtxWeightDown
Merging measMET_monoZ_cat4L_sys_nvtxWeightDown
Merging MT_monoZ_cat4L_sys_nvtxWeightDown
Merging measMET_monoZ_catNRB_sys_nvtxWeightDown
Merging MT_monoZ_catNRB_sys_nvtxWeightDown
Merging measMET_monoZ_catTOP_sys_nvtxWeightDown
Merging MT_monoZ_catTOP_sys_nvtxWeightDown
Merging measMET_monoZ_catDY_sys_nvtxWeightDown
Merging MT_monoZ_catDY_sys_nvtxWeightDown
Merging balance_monoZ_sys_nvtxWeightDown
Merging phizmet_monoZ_sys_nvtxWeightDown
Merging njet_monoZ_sys_nvtxWeightDown
Merging measMET_monoZ_catSignal-0jet_sys_TriggerSFWeightUp
Merging MT_monoZ_catSignal-0jet_sys_TriggerSFWeightUp
Merging measMET_monoZ_catEM_sys_TriggerSFWeightUp
Merging MT_monoZ_catEM_sys_TriggerSFWeightUp
Merging measMET_monoZ_catSignal-1jet_sys_TriggerSFWeightUp
Merging MT_monoZ_catSignal-1jet_sys_TriggerSFWeightUp
Merging measMET_monoZ_cat3L_sys_TriggerSFWeightUp
Merging MT_monoZ_cat3L_sys_TriggerSFWeightUp
Merging measMET_monoZ_cat4L_sys_TriggerSFWeightUp
Merging MT_monoZ_cat4L_sys_TriggerSFWeightUp
Merging measMET_monoZ_catNRB_sys_TriggerSFWeightUp
Merging MT_monoZ_catNRB_sys_TriggerSFWeightUp
Merging measMET_monoZ_catTOP_sys_TriggerSFWeightUp
Merging MT_monoZ_catTOP_sys_TriggerSFWeightUp
Merging measMET_monoZ_catDY_sys_TriggerSFWeightUp
Merging MT_monoZ_catDY_sys_TriggerSFWeightUp
Merging balance_monoZ_sys_TriggerSFWeightUp
Merging phizmet_monoZ_sys_TriggerSFWeightUp
Merging njet_monoZ_sys_TriggerSFWeightUp
Merging measMET_monoZ_catSignal-0jet_sys_TriggerSFWeightDown
Merging MT_monoZ_catSignal-0jet_sys_TriggerSFWeightDown
Merging measMET_monoZ_catEM_sys_TriggerSFWeightDown
Merging MT_monoZ_catEM_sys_TriggerSFWeightDown
Merging measMET_monoZ_catSignal-1jet_sys_TriggerSFWeightDown
Merging MT_monoZ_catSignal-1jet_sys_TriggerSFWeightDown
Merging measMET_monoZ_cat3L_sys_TriggerSFWeightDown
Merging MT_monoZ_cat3L_sys_TriggerSFWeightDown
Merging measMET_monoZ_cat4L_sys_TriggerSFWeightDown
Merging MT_monoZ_cat4L_sys_TriggerSFWeightDown
Merging measMET_monoZ_catNRB_sys_TriggerSFWeightDown
Merging MT_monoZ_catNRB_sys_TriggerSFWeightDown
Merging measMET_monoZ_catTOP_sys_TriggerSFWeightDown
Merging MT_monoZ_catTOP_sys_TriggerSFWeightDown
Merging measMET_monoZ_catDY_sys_TriggerSFWeightDown
Merging MT_monoZ_catDY_sys_TriggerSFWeightDown
Merging balance_monoZ_sys_TriggerSFWeightDown
Merging phizmet_monoZ_sys_TriggerSFWeightDown
Merging njet_monoZ_sys_TriggerSFWeightDown
Merging measMET_monoZ_catSignal-0jet_sys_btagEventWeightUp
Merging MT_monoZ_catSignal-0jet_sys_btagEventWeightUp
Merging measMET_monoZ_catEM_sys_btagEventWeightUp
Merging MT_monoZ_catEM_sys_btagEventWeightUp
Merging measMET_monoZ_catSignal-1jet_sys_btagEventWeightUp
Merging MT_monoZ_catSignal-1jet_sys_btagEventWeightUp
Merging measMET_monoZ_cat3L_sys_btagEventWeightUp
Merging MT_monoZ_cat3L_sys_btagEventWeightUp
Merging measMET_monoZ_cat4L_sys_btagEventWeightUp
Merging MT_monoZ_cat4L_sys_btagEventWeightUp
Merging measMET_monoZ_catNRB_sys_btagEventWeightUp
Merging MT_monoZ_catNRB_sys_btagEventWeightUp
Merging measMET_monoZ_catTOP_sys_btagEventWeightUp
Merging MT_monoZ_catTOP_sys_btagEventWeightUp
Merging measMET_monoZ_catDY_sys_btagEventWeightUp
Merging MT_monoZ_catDY_sys_btagEventWeightUp
Merging balance_monoZ_sys_btagEventWeightUp
Merging phizmet_monoZ_sys_btagEventWeightUp
Merging njet_monoZ_sys_btagEventWeightUp
Merging measMET_monoZ_catSignal-0jet_sys_btagEventWeightDown
Merging MT_monoZ_catSignal-0jet_sys_btagEventWeightDown
Merging measMET_monoZ_catEM_sys_btagEventWeightDown
Merging MT_monoZ_catEM_sys_btagEventWeightDown
Merging measMET_monoZ_catSignal-1jet_sys_btagEventWeightDown
Merging MT_monoZ_catSignal-1jet_sys_btagEventWeightDown
Merging measMET_monoZ_cat3L_sys_btagEventWeightDown
Merging MT_monoZ_cat3L_sys_btagEventWeightDown
Merging measMET_monoZ_cat4L_sys_btagEventWeightDown
Merging MT_monoZ_cat4L_sys_btagEventWeightDown
Merging measMET_monoZ_catNRB_sys_btagEventWeightDown
Merging MT_monoZ_catNRB_sys_btagEventWeightDown
Merging measMET_monoZ_catTOP_sys_btagEventWeightDown
Merging MT_monoZ_catTOP_sys_btagEventWeightDown
Merging measMET_monoZ_catDY_sys_btagEventWeightDown
Merging MT_monoZ_catDY_sys_btagEventWeightDown
Merging balance_monoZ_sys_btagEventWeightDown
Merging phizmet_monoZ_sys_btagEventWeightDown
Merging njet_monoZ_sys_btagEventWeightDown
Merging measMET_monoZ_catSignal-0jet_sys_QCDScale0wUp
Merging MT_monoZ_catSignal-0jet_sys_QCDScale0wUp
Merging measMET_monoZ_catEM_sys_QCDScale0wUp
Merging MT_monoZ_catEM_sys_QCDScale0wUp
Merging measMET_monoZ_catSignal-1jet_sys_QCDScale0wUp
Merging MT_monoZ_catSignal-1jet_sys_QCDScale0wUp
Merging measMET_monoZ_cat3L_sys_QCDScale0wUp
Merging MT_monoZ_cat3L_sys_QCDScale0wUp
Merging measMET_monoZ_cat4L_sys_QCDScale0wUp
Merging MT_monoZ_cat4L_sys_QCDScale0wUp
Merging measMET_monoZ_catNRB_sys_QCDScale0wUp
Merging MT_monoZ_catNRB_sys_QCDScale0wUp
Merging measMET_monoZ_catTOP_sys_QCDScale0wUp
Merging MT_monoZ_catTOP_sys_QCDScale0wUp
Merging measMET_monoZ_catDY_sys_QCDScale0wUp
Merging MT_monoZ_catDY_sys_QCDScale0wUp
Merging balance_monoZ_sys_QCDScale0wUp
Merging phizmet_monoZ_sys_QCDScale0wUp
Merging njet_monoZ_sys_QCDScale0wUp
Merging measMET_monoZ_catSignal-0jet_sys_QCDScale0wDown
Merging MT_monoZ_catSignal-0jet_sys_QCDScale0wDown
Merging measMET_monoZ_catEM_sys_QCDScale0wDown
Merging MT_monoZ_catEM_sys_QCDScale0wDown
Merging measMET_monoZ_catSignal-1jet_sys_QCDScale0wDown
Merging MT_monoZ_catSignal-1jet_sys_QCDScale0wDown
Merging measMET_monoZ_cat3L_sys_QCDScale0wDown
Merging MT_monoZ_cat3L_sys_QCDScale0wDown
Merging measMET_monoZ_cat4L_sys_QCDScale0wDown
Merging MT_monoZ_cat4L_sys_QCDScale0wDown
Merging measMET_monoZ_catNRB_sys_QCDScale0wDown
Merging MT_monoZ_catNRB_sys_QCDScale0wDown
Merging measMET_monoZ_catTOP_sys_QCDScale0wDown
Merging MT_monoZ_catTOP_sys_QCDScale0wDown
Merging measMET_monoZ_catDY_sys_QCDScale0wDown
Merging MT_monoZ_catDY_sys_QCDScale0wDown
Merging balance_monoZ_sys_QCDScale0wDown
Merging phizmet_monoZ_sys_QCDScale0wDown
Merging njet_monoZ_sys_QCDScale0wDown
Merging measMET_monoZ_catSignal-0jet_sys_QCDScale1wUp
Merging MT_monoZ_catSignal-0jet_sys_QCDScale1wUp
Merging measMET_monoZ_catEM_sys_QCDScale1wUp
Merging MT_monoZ_catEM_sys_QCDScale1wUp
Merging measMET_monoZ_catSignal-1jet_sys_QCDScale1wUp
Merging MT_monoZ_catSignal-1jet_sys_QCDScale1wUp
Merging measMET_monoZ_cat3L_sys_QCDScale1wUp
Merging MT_monoZ_cat3L_sys_QCDScale1wUp
Merging measMET_monoZ_cat4L_sys_QCDScale1wUp
Merging MT_monoZ_cat4L_sys_QCDScale1wUp
Merging measMET_monoZ_catNRB_sys_QCDScale1wUp
Merging MT_monoZ_catNRB_sys_QCDScale1wUp
Merging measMET_monoZ_catTOP_sys_QCDScale1wUp
Merging MT_monoZ_catTOP_sys_QCDScale1wUp
Merging measMET_monoZ_catDY_sys_QCDScale1wUp
Merging MT_monoZ_catDY_sys_QCDScale1wUp
Merging balance_monoZ_sys_QCDScale1wUp
Merging phizmet_monoZ_sys_QCDScale1wUp
Merging njet_monoZ_sys_QCDScale1wUp
Merging measMET_monoZ_catSignal-0jet_sys_QCDScale1wDown
Merging MT_monoZ_catSignal-0jet_sys_QCDScale1wDown
Merging measMET_monoZ_catEM_sys_QCDScale1wDown
Merging MT_monoZ_catEM_sys_QCDScale1wDown
Merging measMET_monoZ_catSignal-1jet_sys_QCDScale1wDown
Merging MT_monoZ_catSignal-1jet_sys_QCDScale1wDown
Merging measMET_monoZ_cat3L_sys_QCDScale1wDown
Merging MT_monoZ_cat3L_sys_QCDScale1wDown
Merging measMET_monoZ_cat4L_sys_QCDScale1wDown
Merging MT_monoZ_cat4L_sys_QCDScale1wDown
Merging measMET_monoZ_catNRB_sys_QCDScale1wDown
Merging MT_monoZ_catNRB_sys_QCDScale1wDown
Merging measMET_monoZ_catTOP_sys_QCDScale1wDown
Merging MT_monoZ_catTOP_sys_QCDScale1wDown
Merging measMET_monoZ_catDY_sys_QCDScale1wDown
Merging MT_monoZ_catDY_sys_QCDScale1wDown
Merging balance_monoZ_sys_QCDScale1wDown
Merging phizmet_monoZ_sys_QCDScale1wDown
Merging njet_monoZ_sys_QCDScale1wDown
Merging measMET_monoZ_catSignal-0jet_sys_QCDScale2wUp
Merging MT_monoZ_catSignal-0jet_sys_QCDScale2wUp
Merging measMET_monoZ_catEM_sys_QCDScale2wUp
Merging MT_monoZ_catEM_sys_QCDScale2wUp
Merging measMET_monoZ_catSignal-1jet_sys_QCDScale2wUp
Merging MT_monoZ_catSignal-1jet_sys_QCDScale2wUp
Merging measMET_monoZ_cat3L_sys_QCDScale2wUp
Merging MT_monoZ_cat3L_sys_QCDScale2wUp
Merging measMET_monoZ_cat4L_sys_QCDScale2wUp
Merging MT_monoZ_cat4L_sys_QCDScale2wUp
Merging measMET_monoZ_catNRB_sys_QCDScale2wUp
Merging MT_monoZ_catNRB_sys_QCDScale2wUp
Merging measMET_monoZ_catTOP_sys_QCDScale2wUp
Merging MT_monoZ_catTOP_sys_QCDScale2wUp
Merging measMET_monoZ_catDY_sys_QCDScale2wUp
Merging MT_monoZ_catDY_sys_QCDScale2wUp
Merging balance_monoZ_sys_QCDScale2wUp
Merging phizmet_monoZ_sys_QCDScale2wUp
Merging njet_monoZ_sys_QCDScale2wUp
Merging measMET_monoZ_catSignal-0jet_sys_QCDScale2wDown
Merging MT_monoZ_catSignal-0jet_sys_QCDScale2wDown
Merging measMET_monoZ_catEM_sys_QCDScale2wDown
Merging MT_monoZ_catEM_sys_QCDScale2wDown
Merging measMET_monoZ_catSignal-1jet_sys_QCDScale2wDown
Merging MT_monoZ_catSignal-1jet_sys_QCDScale2wDown
Merging measMET_monoZ_cat3L_sys_QCDScale2wDown
Merging MT_monoZ_cat3L_sys_QCDScale2wDown
Merging measMET_monoZ_cat4L_sys_QCDScale2wDown
Merging MT_monoZ_cat4L_sys_QCDScale2wDown
Merging measMET_monoZ_catNRB_sys_QCDScale2wDown
Merging MT_monoZ_catNRB_sys_QCDScale2wDown
Merging measMET_monoZ_catTOP_sys_QCDScale2wDown
Merging MT_monoZ_catTOP_sys_QCDScale2wDown
Merging measMET_monoZ_catDY_sys_QCDScale2wDown
Merging MT_monoZ_catDY_sys_QCDScale2wDown
Merging balance_monoZ_sys_QCDScale2wDown
Merging phizmet_monoZ_sys_QCDScale2wDown
Merging njet_monoZ_sys_QCDScale2wDown
Merging Events
Merging Runs
Merging ParameterSets
Merging LuminosityBlocks
Merging MetaData
Merging measMET_WZTo2L2Q_13TeV_amcatnloFXFX_madspin_pythia8_catSignal-1jet_sys_ElecronSFUp
Merging MT_WZTo2L2Q_13TeV_amcatnloFXFX_madspin_pythia8_catEM_sys_QCDScale1wUp
Merging njet_WZTo2L2Q_13TeV_amcatnloFXFX_madspin_pythia8_sys_MuonSFDown
Merging balance_WZTo2L2Q_13TeV_amcatnloFXFX_madspin_pythia8_sys_MuonEnDown
Merging MT_WZTo2L2Q_13TeV_amcatnloFXFX_madspin_pythia8_catDY_sys_QCDScale0wDown
Merging MT_WZTo2L2Q_13TeV_amcatnloFXFX_madspin_pythia8_catEM_sys_ElecronSFDown
Merging measMET_WZTo2L2Q_13TeV_amcatnloFXFX_madspin_pythia8_catNRB_sys_btagEventWeightUp
Merging MT_WZTo2L2Q_13TeV_amcatnloFXFX_madspin_pythia8_catDY_sys_btagEventWeightUp
Merging balance_WZTo2L2Q_13TeV_amcatnloFXFX_madspin_pythia8_sys_btagEventWeightUp
Merging measMET_WZTo2L2Q_13TeV_amcatnloFXFX_madspin_pythia8_cat3L_sys_jerDown
Merging phizmet_WZTo2L2Q_13TeV_amcatnloFXFX_madspin_pythia8_sys_QCDScale1wDown
Merging MT_WZTo2L2Q_13TeV_amcatnloFXFX_madspin_pythia8_cat3L_sys_nvtxWeightDown
Merging MT_WZTo2L2Q_13TeV_amcatnloFXFX_madspin_pythia8_catSignal-0jet_sys_QCDScale2wDown
Merging MT_WZTo2L2Q_13TeV_amcatnloFXFX_madspin_pythia8_cat4L_sys_TriggerSFWeightUp
Merging MT_WZTo2L2Q_13TeV_amcatnloFXFX_madspin_pythia8_cat4L_sys_QCDScale2wDown
Merging measMET_WZTo2L2Q_13TeV_amcatnloFXFX_madspin_pythia8_catNRB_sys_TriggerSFWeightUp
Merging MT_WZTo2L2Q_13TeV_amcatnloFXFX_madspin_pythia8_cat4L_sys_puWeightDown
Merging MT_WZTo2L2Q_13TeV_amcatnloFXFX_madspin_pythia8_catSignal-1jet_sys_QCDScale0wUp
Merging MT_WZTo2L2Q_13TeV_amcatnloFXFX_madspin_pythia8_catNRB_sys_ElecronSFUp
Merging MT_WZTo2L2Q_13TeV_amcatnloFXFX_madspin_pythia8_catEM_sys_QCDScale2wDown
Merging measMET_WZTo2L2Q_13TeV_amcatnloFXFX_madspin_pythia8_catTOP_sys_jerDown
Merging MT_WZTo2L2Q_13TeV_amcatnloFXFX_madspin_pythia8_cat3L_sys_QCDScale2wDown
Merging measMET_WZTo2L2Q_13TeV_amcatnloFXFX_madspin_pythia8_cat4L_sys_btagEventWeightUp
Merging MT_WZTo2L2Q_13TeV_amcatnloFXFX_madspin_pythia8_catEM
Merging MT_WZTo2L2Q_13TeV_amcatnloFXFX_madspin_pythia8_catTOP_sys_ElectronEnUp
Merging MT_WZTo2L2Q_13TeV_amcatnloFXFX_madspin_pythia8_catDY_sys_EWKUp
Merging measMET_WZTo2L2Q_13TeV_amcatnloFXFX_madspin_pythia8_catSignal-0jet
Merging MT_WZTo2L2Q_13TeV_amcatnloFXFX_madspin_pythia8_catEM_sys_ElectronEnUp
Merging MT_WZTo2L2Q_13TeV_amcatnloFXFX_madspin_pythia8_catEM_sys_jerUp
Merging measMET_WZTo2L2Q_13TeV_amcatnloFXFX_madspin_pythia8_catDY_sys_MuonSFDown
Merging MT_WZTo2L2Q_13TeV_amcatnloFXFX_madspin_pythia8_catSignal-1jet_sys_MuonSFUp
Merging MT_WZTo2L2Q_13TeV_amcatnloFXFX_madspin_pythia8_catNRB
Merging measMET_WZTo2L2Q_13TeV_amcatnloFXFX_madspin_pythia8_catDY_sys_TriggerSFWeightUp
Merging measMET_WZTo2L2Q_13TeV_amcatnloFXFX_madspin_pythia8_catTOP_sys_EWKUp
Merging measMET_WZTo2L2Q_13TeV_amcatnloFXFX_madspin_pythia8_catSignal-0jet_sys_ElectronEnDown
Merging MT_WZTo2L2Q_13TeV_amcatnloFXFX_madspin_pythia8_cat3L_sys_QCDScale0wDown
Merging balance_WZTo2L2Q_13TeV_amcatnloFXFX_madspin_pythia8_sys_jesTotalUp
Merging MT_WZTo2L2Q_13TeV_amcatnloFXFX_madspin_pythia8_catDY_sys_ElecronSFDown
Merging MT_WZTo2L2Q_13TeV_amcatnloFXFX_madspin_pythia8_catSignal-0jet_sys_QCDScale1wUp
Merging MT_WZTo2L2Q_13TeV_amcatnloFXFX_madspin_pythia8_catEM_sys_jesTotalDown
Merging MT_WZTo2L2Q_13TeV_amcatnloFXFX_madspin_pythia8_cat4L_sys_QCDScale0wDown
Merging MT_WZTo2L2Q_13TeV_amcatnloFXFX_madspin_pythia8_catSignal-1jet_sys_QCDScale2wUp
Merging measMET_WZTo2L2Q_13TeV_amcatnloFXFX_madspin_pythia8_catDY_sys_nvtxWeightUp
Merging measMET_WZTo2L2Q_13TeV_amcatnloFXFX_madspin_pythia8_cat3L_sys_jesTotalUp
Merging njet_WZTo2L2Q_13TeV_amcatnloFXFX_madspin_pythia8_sys_jesTotalUp
Merging measMET_WZTo2L2Q_13TeV_amcatnloFXFX_madspin_pythia8_catSignal-1jet_sys_QCDScale0wDown
Merging measMET_WZTo2L2Q_13TeV_amcatnloFXFX_madspin_pythia8_catSignal-0jet_sys_nvtxWeightUp
Merging measMET_WZTo2L2Q_13TeV_amcatnloFXFX_madspin_pythia8_catTOP_sys_QCDScale0wUp
Merging measMET_WZTo2L2Q_13TeV_amcatnloFXFX_madspin_pythia8_catNRB_sys_jerUp
Merging phizmet_WZTo2L2Q_13TeV_amcatnloFXFX_madspin_pythia8_sys_jesTotalUp
Merging MT_WZTo2L2Q_13TeV_amcatnloFXFX_madspin_pythia8_catSignal-1jet_sys_ElectronEnUp
Merging MT_WZTo2L2Q_13TeV_amcatnloFXFX_madspin_pythia8_catNRB_sys_btagEventWeightUp
Merging njet_WZTo2L2Q_13TeV_amcatnloFXFX_madspin_pythia8_sys_MuonEnUp
Merging measMET_WZTo2L2Q_13TeV_amcatnloFXFX_madspin_pythia8_catNRB_sys_MuonSFUp
Merging njet_WZTo2L2Q_13TeV_amcatnloFXFX_madspin_pythia8_sys_jerUp
Merging MT_WZTo2L2Q_13TeV_amcatnloFXFX_madspin_pythia8_catNRB_sys_QCDScale0wDown
Merging MT_WZTo2L2Q_13TeV_amcatnloFXFX_madspin_pythia8_catTOP_sys_PrefireWeightUp
Merging MT_WZTo2L2Q_13TeV_amcatnloFXFX_madspin_pythia8_catTOP_sys_MuonEnUp
Merging measMET_WZTo2L2Q_13TeV_amcatnloFXFX_madspin_pythia8_catNRB_sys_QCDScale1wUp
Merging MT_WZTo2L2Q_13TeV_amcatnloFXFX_madspin_pythia8_catTOP_sys_MuonSFUp
Merging phizmet_WZTo2L2Q_13TeV_amcatnloFXFX_madspin_pythia8_sys_ElectronEnDown
Merging MT_WZTo2L2Q_13TeV_amcatnloFXFX_madspin_pythia8_cat4L_sys_QCDScale1wDown
Merging measMET_WZTo2L2Q_13TeV_amcatnloFXFX_madspin_pythia8_catNRB_sys_MuonSFDown
Merging measMET_WZTo2L2Q_13TeV_amcatnloFXFX_madspin_pythia8_catTOP_sys_jesTotalUp
Merging measMET_WZTo2L2Q_13TeV_amcatnloFXFX_madspin_pythia8_catSignal-1jet_sys_QCDScale1wUp
Merging phizmet_WZTo2L2Q_13TeV_amcatnloFXFX_madspin_pythia8_sys_MuonEnDown
Merging measMET_WZTo2L2Q_13TeV_amcatnloFXFX_madspin_pythia8_catSignal-0jet_sys_QCDScale2wUp
Merging measMET_WZTo2L2Q_13TeV_amcatnloFXFX_madspin_pythia8_catSignal-1jet_sys_PrefireWeightUp
Merging MT_WZTo2L2Q_13TeV_amcatnloFXFX_madspin_pythia8_catTOP_sys_PrefireWeightDown
Merging measMET_WZTo2L2Q_13TeV_amcatnloFXFX_madspin_pythia8_catSignal-0jet_sys_ElecronSFDown
Merging measMET_WZTo2L2Q_13TeV_amcatnloFXFX_madspin_pythia8_cat4L_sys_QCDScale2wUp
Merging measMET_WZTo2L2Q_13TeV_amcatnloFXFX_madspin_pythia8_cat3L_sys_QCDScale2wUp
Merging MT_WZTo2L2Q_13TeV_amcatnloFXFX_madspin_pythia8_catDY_sys_puWeightUp
Merging measMET_WZTo2L2Q_13TeV_amcatnloFXFX_madspin_pythia8_catEM_sys_btagEventWeightUp
Merging measMET_WZTo2L2Q_13TeV_amcatnloFXFX_madspin_pythia8_catEM_sys_jerUp
Merging measMET_WZTo2L2Q_13TeV_amcatnloFXFX_madspin_pythia8_catSignal-1jet_sys_nvtxWeightDown
Merging MT_WZTo2L2Q_13TeV_amcatnloFXFX_madspin_pythia8_cat3L_sys_PrefireWeightUp
Merging MT_WZTo2L2Q_13TeV_amcatnloFXFX_madspin_pythia8_cat4L_sys_QCDScale2wUp
Merging MT_WZTo2L2Q_13TeV_amcatnloFXFX_madspin_pythia8_catSignal-1jet_sys_QCDScale0wDown
Merging measMET_WZTo2L2Q_13TeV_amcatnloFXFX_madspin_pythia8_catTOP_sys_ElecronSFDown
Merging MT_WZTo2L2Q_13TeV_amcatnloFXFX_madspin_pythia8_cat3L_sys_ElectronEnUp
Merging MT_WZTo2L2Q_13TeV_amcatnloFXFX_madspin_pythia8_catSignal-0jet_sys_jerDown
Merging measMET_WZTo2L2Q_13TeV_amcatnloFXFX_madspin_pythia8_catEM_sys_MuonEnUp
Merging measMET_WZTo2L2Q_13TeV_amcatnloFXFX_madspin_pythia8_cat4L_sys_nvtxWeightDown
Merging MT_WZTo2L2Q_13TeV_amcatnloFXFX_madspin_pythia8_catSignal-0jet_sys_MuonEnUp
Merging measMET_WZTo2L2Q_13TeV_amcatnloFXFX_madspin_pythia8_catSignal-0jet_sys_ElecronSFUp
Merging MT_WZTo2L2Q_13TeV_amcatnloFXFX_madspin_pythia8_catSignal-0jet_sys_btagEventWeightDown
Merging phizmet_WZTo2L2Q_13TeV_amcatnloFXFX_madspin_pythia8_sys_PDFUp
Merging MT_WZTo2L2Q_13TeV_amcatnloFXFX_madspin_pythia8_catSignal-0jet_sys_ElectronEnDown
Merging measMET_WZTo2L2Q_13TeV_amcatnloFXFX_madspin_pythia8_cat3L_sys_PrefireWeightUp
Merging measMET_WZTo2L2Q_13TeV_amcatnloFXFX_madspin_pythia8_catNRB_sys_EWKUp
Merging measMET_WZTo2L2Q_13TeV_amcatnloFXFX_madspin_pythia8_cat4L_sys_QCDScale0wUp
Merging MT_WZTo2L2Q_13TeV_amcatnloFXFX_madspin_pythia8_catNRB_sys_PDFDown
Merging measMET_WZTo2L2Q_13TeV_amcatnloFXFX_madspin_pythia8_catNRB_sys_QCDScale2wUp
Merging measMET_WZTo2L2Q_13TeV_amcatnloFXFX_madspin_pythia8_cat3L_sys_ElecronSFUp
Merging measMET_WZTo2L2Q_13TeV_amcatnloFXFX_madspin_pythia8_catSignal-0jet_sys_QCDScale1wDown
Merging measMET_WZTo2L2Q_13TeV_amcatnloFXFX_madspin_pythia8_cat4L_sys_EWKDown
Merging MT_WZTo2L2Q_13TeV_amcatnloFXFX_madspin_pythia8_catSignal-0jet_sys_EWKDown
Merging balance_WZTo2L2Q_13TeV_amcatnloFXFX_madspin_pythia8_sys_MuonSFDown
Merging measMET_WZTo2L2Q_13TeV_amcatnloFXFX_madspin_pythia8_catNRB_sys_QCDScale0wDown
Merging measMET_WZTo2L2Q_13TeV_amcatnloFXFX_madspin_pythia8_catTOP_sys_ElectronEnUp
Merging MT_WZTo2L2Q_13TeV_amcatnloFXFX_madspin_pythia8_catDY_sys_nvtxWeightUp
Merging MT_WZTo2L2Q_13TeV_amcatnloFXFX_madspin_pythia8_catEM_sys_MuonSFUp
Merging measMET_WZTo2L2Q_13TeV_amcatnloFXFX_madspin_pythia8_catSignal-0jet_sys_PDFDown
Merging measMET_WZTo2L2Q_13TeV_amcatnloFXFX_madspin_pythia8_catSignal-0jet_sys_EWKUp
Merging measMET_WZTo2L2Q_13TeV_amcatnloFXFX_madspin_pythia8_cat3L_sys_QCDScale1wDown
Merging njet_WZTo2L2Q_13TeV_amcatnloFXFX_madspin_pythia8_sys_nvtxWeightUp
Merging MT_WZTo2L2Q_13TeV_amcatnloFXFX_madspin_pythia8_catEM_sys_jesTotalUp
Merging MT_WZTo2L2Q_13TeV_amcatnloFXFX_madspin_pythia8_catDY_sys_ElecronSFUp
Merging measMET_WZTo2L2Q_13TeV_amcatnloFXFX_madspin_pythia8_cat3L_sys_jesTotalDown
Merging njet_WZTo2L2Q_13TeV_amcatnloFXFX_madspin_pythia8_sys_ElecronSFDown
Merging measMET_WZTo2L2Q_13TeV_amcatnloFXFX_madspin_pythia8_catSignal-0jet_sys_btagEventWeightUp
Merging measMET_WZTo2L2Q_13TeV_amcatnloFXFX_madspin_pythia8_catDY_sys_QCDScale2wDown
Merging measMET_WZTo2L2Q_13TeV_amcatnloFXFX_madspin_pythia8_catTOP_sys_nvtxWeightDown
Merging phizmet_WZTo2L2Q_13TeV_amcatnloFXFX_madspin_pythia8_sys_QCDScale0wUp
Merging measMET_WZTo2L2Q_13TeV_amcatnloFXFX_madspin_pythia8_cat3L_sys_nvtxWeightUp
Merging MT_WZTo2L2Q_13TeV_amcatnloFXFX_madspin_pythia8_catTOP_sys_jerUp
Merging measMET_WZTo2L2Q_13TeV_amcatnloFXFX_madspin_pythia8_catSignal-0jet_sys_jerDown
Merging measMET_WZTo2L2Q_13TeV_amcatnloFXFX_madspin_pythia8_catSignal-0jet_sys_puWeightDown
Merging balance_WZTo2L2Q_13TeV_amcatnloFXFX_madspin_pythia8_sys_QCDScale0wUp
Merging MT_WZTo2L2Q_13TeV_amcatnloFXFX_madspin_pythia8_catNRB_sys_TriggerSFWeightDown
Merging measMET_WZTo2L2Q_13TeV_amcatnloFXFX_madspin_pythia8_catSignal-1jet_sys_ElecronSFDown
Merging MT_WZTo2L2Q_13TeV_amcatnloFXFX_madspin_pythia8_catSignal-0jet_sys_PDFUp
Merging autoPU
Merging MT_WZTo2L2Q_13TeV_amcatnloFXFX_madspin_pythia8_catDY_sys_jerUp
Merging MT_WZTo2L2Q_13TeV_amcatnloFXFX_madspin_pythia8_catSignal-0jet_sys_jerUp
Merging MT_WZTo2L2Q_13TeV_amcatnloFXFX_madspin_pythia8_cat3L_sys_puWeightUp
Merging MT_WZTo2L2Q_13TeV_amcatnloFXFX_madspin_pythia8_catNRB_sys_MuonSFDown
Merging measMET_WZTo2L2Q_13TeV_amcatnloFXFX_madspin_pythia8_catNRB_sys_btagEventWeightDown
Merging MT_WZTo2L2Q_13TeV_amcatnloFXFX_madspin_pythia8_catTOP_sys_puWeightDown
Merging MT_WZTo2L2Q_13TeV_amcatnloFXFX_madspin_pythia8_catSignal-1jet_sys_TriggerSFWeightUp
Merging MT_WZTo2L2Q_13TeV_amcatnloFXFX_madspin_pythia8_catTOP_sys_EWKUp
Merging measMET_WZTo2L2Q_13TeV_amcatnloFXFX_madspin_pythia8_catDY_sys_btagEventWeightUp
Merging MT_WZTo2L2Q_13TeV_amcatnloFXFX_madspin_pythia8_catTOP_sys_QCDScale0wUp
Merging MT_WZTo2L2Q_13TeV_amcatnloFXFX_madspin_pythia8_cat4L_sys_TriggerSFWeightDown
Merging measMET_WZTo2L2Q_13TeV_amcatnloFXFX_madspin_pythia8_catDY_sys_TriggerSFWeightDown
Merging measMET_WZTo2L2Q_13TeV_amcatnloFXFX_madspin_pythia8_catEM_sys_jerDown
Merging measMET_WZTo2L2Q_13TeV_amcatnloFXFX_madspin_pythia8_cat4L_sys_jerDown
Merging measMET_WZTo2L2Q_13TeV_amcatnloFXFX_madspin_pythia8_catSignal-0jet_sys_QCDScale2wDown
Merging njet_WZTo2L2Q_13TeV_amcatnloFXFX_madspin_pythia8_sys_nvtxWeightDown
Merging measMET_WZTo2L2Q_13TeV_amcatnloFXFX_madspin_pythia8_catDY_sys_btagEventWeightDown
Merging measMET_WZTo2L2Q_13TeV_amcatnloFXFX_madspin_pythia8_catSignal-0jet_sys_jesTotalDown
Merging measMET_WZTo2L2Q_13TeV_amcatnloFXFX_madspin_pythia8_catSignal-1jet_sys_jesTotalUp
Merging phizmet_WZTo2L2Q_13TeV_amcatnloFXFX_madspin_pythia8_sys_puWeightDown
Merging measMET_WZTo2L2Q_13TeV_amcatnloFXFX_madspin_pythia8_cat3L_sys_puWeightDown
Merging njet_WZTo2L2Q_13TeV_amcatnloFXFX_madspin_pythia8_sys_PDFUp
Merging measMET_WZTo2L2Q_13TeV_amcatnloFXFX_madspin_pythia8_catDY_sys_MuonEnUp
Merging MT_WZTo2L2Q_13TeV_amcatnloFXFX_madspin_pythia8_catSignal-1jet_sys_PrefireWeightDown
Merging MT_WZTo2L2Q_13TeV_amcatnloFXFX_madspin_pythia8_cat3L_sys_QCDScale1wDown
Merging MT_WZTo2L2Q_13TeV_amcatnloFXFX_madspin_pythia8_catEM_sys_PDFUp
Merging MT_WZTo2L2Q_13TeV_amcatnloFXFX_madspin_pythia8_catDY_sys_QCDScale2wDown
Merging measMET_WZTo2L2Q_13TeV_amcatnloFXFX_madspin_pythia8_catTOP_sys_ElecronSFUp
Merging MT_WZTo2L2Q_13TeV_amcatnloFXFX_madspin_pythia8_cat4L_sys_EWKUp
Merging MT_WZTo2L2Q_13TeV_amcatnloFXFX_madspin_pythia8_catEM_sys_MuonSFDown
Merging balance_WZTo2L2Q_13TeV_amcatnloFXFX_madspin_pythia8_sys_nvtxWeightDown
Merging MT_WZTo2L2Q_13TeV_amcatnloFXFX_madspin_pythia8_cat4L_sys_MuonEnDown
Merging measMET_WZTo2L2Q_13TeV_amcatnloFXFX_madspin_pythia8_cat3L_sys_btagEventWeightDown
Merging MT_WZTo2L2Q_13TeV_amcatnloFXFX_madspin_pythia8_catNRB_sys_QCDScale1wUp
Merging MT_WZTo2L2Q_13TeV_amcatnloFXFX_madspin_pythia8_catTOP_sys_MuonSFDown
Merging measMET_WZTo2L2Q_13TeV_amcatnloFXFX_madspin_pythia8_cat3L_sys_MuonEnUp
Merging MT_WZTo2L2Q_13TeV_amcatnloFXFX_madspin_pythia8_cat4L_sys_nvtxWeightUp
Merging phizmet_WZTo2L2Q_13TeV_amcatnloFXFX_madspin_pythia8_sys_jesTotalDown
Merging MT_WZTo2L2Q_13TeV_amcatnloFXFX_madspin_pythia8_cat4L_sys_btagEventWeightUp
Merging MT_WZTo2L2Q_13TeV_amcatnloFXFX_madspin_pythia8_catSignal-1jet_sys_ElecronSFUp
Merging MT_WZTo2L2Q_13TeV_amcatnloFXFX_madspin_pythia8_cat3L_sys_MuonSFDown
Merging MT_WZTo2L2Q_13TeV_amcatnloFXFX_madspin_pythia8_catTOP_sys_btagEventWeightUp
Merging measMET_WZTo2L2Q_13TeV_amcatnloFXFX_madspin_pythia8_catEM_sys_EWKUp
Merging MT_WZTo2L2Q_13TeV_amcatnloFXFX_madspin_pythia8_cat4L_sys_PrefireWeightDown
Merging MT_WZTo2L2Q_13TeV_amcatnloFXFX_madspin_pythia8_catDY_sys_TriggerSFWeightDown
Merging MT_WZTo2L2Q_13TeV_amcatnloFXFX_madspin_pythia8_catEM_sys_PDFDown
Merging measMET_WZTo2L2Q_13TeV_amcatnloFXFX_madspin_pythia8_catTOP_sys_MuonSFDown
Merging measMET_WZTo2L2Q_13TeV_amcatnloFXFX_madspin_pythia8_catDY_sys_puWeightDown
Merging MT_WZTo2L2Q_13TeV_amcatnloFXFX_madspin_pythia8_catSignal-1jet_sys_EWKDown
Merging measMET_WZTo2L2Q_13TeV_amcatnloFXFX_madspin_pythia8_catNRB_sys_PrefireWeightDown
Merging MT_WZTo2L2Q_13TeV_amcatnloFXFX_madspin_pythia8_cat3L_sys_ElectronEnDown
Merging MT_WZTo2L2Q_13TeV_amcatnloFXFX_madspin_pythia8_catSignal-1jet_sys_ElecronSFDown
Merging measMET_WZTo2L2Q_13TeV_amcatnloFXFX_madspin_pythia8_catSignal-1jet_sys_jesTotalDown
Merging measMET_WZTo2L2Q_13TeV_amcatnloFXFX_madspin_pythia8_cat4L_sys_PrefireWeightUp
Merging measMET_WZTo2L2Q_13TeV_amcatnloFXFX_madspin_pythia8_catDY_sys_PrefireWeightUp
Merging measMET_WZTo2L2Q_13TeV_amcatnloFXFX_madspin_pythia8_catSignal-1jet_sys_MuonEnDown
Merging phizmet_WZTo2L2Q_13TeV_amcatnloFXFX_madspin_pythia8_sys_ElecronSFUp
Merging MT_WZTo2L2Q_13TeV_amcatnloFXFX_madspin_pythia8_catNRB_sys_btagEventWeightDown
Merging measMET_WZTo2L2Q_13TeV_amcatnloFXFX_madspin_pythia8_cat4L
Merging njet_WZTo2L2Q_13TeV_amcatnloFXFX_madspin_pythia8_sys_jesTotalDown
Merging measMET_WZTo2L2Q_13TeV_amcatnloFXFX_madspin_pythia8_catTOP_sys_TriggerSFWeightDown
Merging MT_WZTo2L2Q_13TeV_amcatnloFXFX_madspin_pythia8_catNRB_sys_QCDScale2wUp
Merging measMET_WZTo2L2Q_13TeV_amcatnloFXFX_madspin_pythia8_catSignal-0jet_sys_jesTotalUp
Merging measMET_WZTo2L2Q_13TeV_amcatnloFXFX_madspin_pythia8_catSignal-1jet_sys_PDFDown
Merging MT_WZTo2L2Q_13TeV_amcatnloFXFX_madspin_pythia8_catSignal-0jet_sys_QCDScale0wUp
Merging MT_WZTo2L2Q_13TeV_amcatnloFXFX_madspin_pythia8_catSignal-1jet_sys_MuonEnDown
Merging MT_WZTo2L2Q_13TeV_amcatnloFXFX_madspin_pythia8_catEM_sys_EWKUp
Merging njet_WZTo2L2Q_13TeV_amcatnloFXFX_madspin_pythia8_sys_ElecronSFUp
Merging MT_WZTo2L2Q_13TeV_amcatnloFXFX_madspin_pythia8_cat3L_sys_QCDScale1wUp
Merging measMET_WZTo2L2Q_13TeV_amcatnloFXFX_madspin_pythia8_cat3L_sys_MuonSFUp
Merging measMET_WZTo2L2Q_13TeV_amcatnloFXFX_madspin_pythia8_catDY_sys_MuonEnDown
Merging measMET_WZTo2L2Q_13TeV_amcatnloFXFX_madspin_pythia8_catSignal-1jet_sys_jerUp
Merging measMET_WZTo2L2Q_13TeV_amcatnloFXFX_madspin_pythia8_catSignal-1jet_sys_puWeightDown
Merging measMET_WZTo2L2Q_13TeV_amcatnloFXFX_madspin_pythia8_cat4L_sys_nvtxWeightUp
Merging balance_WZTo2L2Q_13TeV_amcatnloFXFX_madspin_pythia8_sys_puWeightDown
Merging measMET_WZTo2L2Q_13TeV_amcatnloFXFX_madspin_pythia8_catDY_sys_QCDScale1wDown
Merging balance_WZTo2L2Q_13TeV_amcatnloFXFX_madspin_pythia8_sys_QCDScale2wUp
Merging measMET_WZTo2L2Q_13TeV_amcatnloFXFX_madspin_pythia8_cat3L
Merging MT_WZTo2L2Q_13TeV_amcatnloFXFX_madspin_pythia8_catNRB_sys_MuonEnDown
Merging MT_WZTo2L2Q_13TeV_amcatnloFXFX_madspin_pythia8_catSignal-1jet_sys_QCDScale1wDown
Merging measMET_WZTo2L2Q_13TeV_amcatnloFXFX_madspin_pythia8_catTOP
Merging MT_WZTo2L2Q_13TeV_amcatnloFXFX_madspin_pythia8_catNRB_sys_nvtxWeightUp
Merging MT_WZTo2L2Q_13TeV_amcatnloFXFX_madspin_pythia8_catDY_sys_QCDScale1wUp
Merging measMET_WZTo2L2Q_13TeV_amcatnloFXFX_madspin_pythia8_catDY_sys_EWKDown
Merging measMET_WZTo2L2Q_13TeV_amcatnloFXFX_madspin_pythia8_cat4L_sys_QCDScale2wDown
Merging measMET_WZTo2L2Q_13TeV_amcatnloFXFX_madspin_pythia8_catDY_sys_EWKUp
Merging MT_WZTo2L2Q_13TeV_amcatnloFXFX_madspin_pythia8_catEM_sys_puWeightDown
Merging measMET_WZTo2L2Q_13TeV_amcatnloFXFX_madspin_pythia8_catSignal-1jet_sys_TriggerSFWeightUp
Merging measMET_WZTo2L2Q_13TeV_amcatnloFXFX_madspin_pythia8_catDY_sys_ElectronEnUp
Merging balance_WZTo2L2Q_13TeV_amcatnloFXFX_madspin_pythia8_sys_btagEventWeightDown
Merging measMET_WZTo2L2Q_13TeV_amcatnloFXFX_madspin_pythia8_cat4L_sys_ElecronSFDown
Merging measMET_WZTo2L2Q_13TeV_amcatnloFXFX_madspin_pythia8_cat3L_sys_MuonEnDown
Merging MT_WZTo2L2Q_13TeV_amcatnloFXFX_madspin_pythia8_cat4L_sys_QCDScale0wUp
Merging MT_WZTo2L2Q_13TeV_amcatnloFXFX_madspin_pythia8_catTOP_sys_EWKDown
Merging MT_WZTo2L2Q_13TeV_amcatnloFXFX_madspin_pythia8_catDY_sys_jesTotalUp
Merging MT_WZTo2L2Q_13TeV_amcatnloFXFX_madspin_pythia8_catTOP_sys_puWeightUp
Merging MT_WZTo2L2Q_13TeV_amcatnloFXFX_madspin_pythia8_catEM_sys_ElecronSFUp
Merging MT_WZTo2L2Q_13TeV_amcatnloFXFX_madspin_pythia8_cat3L_sys_EWKUp
Merging MT_WZTo2L2Q_13TeV_amcatnloFXFX_madspin_pythia8_cat3L_sys_TriggerSFWeightUp
Merging phizmet_WZTo2L2Q_13TeV_amcatnloFXFX_madspin_pythia8_sys_ElecronSFDown
Merging MT_WZTo2L2Q_13TeV_amcatnloFXFX_madspin_pythia8_catEM_sys_ElectronEnDown
Merging measMET_WZTo2L2Q_13TeV_amcatnloFXFX_madspin_pythia8_catEM_sys_puWeightUp
Merging MT_WZTo2L2Q_13TeV_amcatnloFXFX_madspin_pythia8_cat4L_sys_jerUp
Merging measMET_WZTo2L2Q_13TeV_amcatnloFXFX_madspin_pythia8_catSignal-1jet_sys_btagEventWeightUp
Merging measMET_WZTo2L2Q_13TeV_amcatnloFXFX_madspin_pythia8_catSignal-0jet_sys_QCDScale0wUp
Merging MT_WZTo2L2Q_13TeV_amcatnloFXFX_madspin_pythia8_cat3L
Merging MT_WZTo2L2Q_13TeV_amcatnloFXFX_madspin_pythia8_catSignal-0jet_sys_ElecronSFUp
Merging MT_WZTo2L2Q_13TeV_amcatnloFXFX_madspin_pythia8_cat3L_sys_MuonEnUp
Merging MT_WZTo2L2Q_13TeV_amcatnloFXFX_madspin_pythia8_catSignal-1jet_sys_jerDown
Merging MT_WZTo2L2Q_13TeV_amcatnloFXFX_madspin_pythia8_catSignal-0jet_sys_EWKUp
Merging measMET_WZTo2L2Q_13TeV_amcatnloFXFX_madspin_pythia8_catSignal-1jet_sys_MuonSFUp
Merging MT_WZTo2L2Q_13TeV_amcatnloFXFX_madspin_pythia8_cat3L_sys_PDFDown
Merging phizmet_WZTo2L2Q_13TeV_amcatnloFXFX_madspin_pythia8_sys_MuonEnUp
Merging measMET_WZTo2L2Q_13TeV_amcatnloFXFX_madspin_pythia8_catEM_sys_QCDScale2wDown
Merging MT_WZTo2L2Q_13TeV_amcatnloFXFX_madspin_pythia8_catDY_sys_QCDScale1wDown
Merging MT_WZTo2L2Q_13TeV_amcatnloFXFX_madspin_pythia8_catNRB_sys_jesTotalUp
Merging MT_WZTo2L2Q_13TeV_amcatnloFXFX_madspin_pythia8_catSignal-0jet_sys_PrefireWeightUp
Merging measMET_WZTo2L2Q_13TeV_amcatnloFXFX_madspin_pythia8_catEM_sys_ElectronEnDown
Merging measMET_WZTo2L2Q_13TeV_amcatnloFXFX_madspin_pythia8_catEM_sys_TriggerSFWeightDown
Merging measMET_WZTo2L2Q_13TeV_amcatnloFXFX_madspin_pythia8_catSignal-0jet_sys_nvtxWeightDown
Merging measMET_WZTo2L2Q_13TeV_amcatnloFXFX_madspin_pythia8_cat3L_sys_QCDScale1wUp
Merging measMET_WZTo2L2Q_13TeV_amcatnloFXFX_madspin_pythia8_cat4L_sys_QCDScale1wDown
Merging MT_WZTo2L2Q_13TeV_amcatnloFXFX_madspin_pythia8_catSignal-1jet_sys_MuonSFDown
Merging MT_WZTo2L2Q_13TeV_amcatnloFXFX_madspin_pythia8_catDY
Merging measMET_WZTo2L2Q_13TeV_amcatnloFXFX_madspin_pythia8_cat3L_sys_ElecronSFDown
Merging MT_WZTo2L2Q_13TeV_amcatnloFXFX_madspin_pythia8_catDY_sys_ElectronEnUp
Merging measMET_WZTo2L2Q_13TeV_amcatnloFXFX_madspin_pythia8_catTOP_sys_EWKDown
Merging MT_WZTo2L2Q_13TeV_amcatnloFXFX_madspin_pythia8_catNRB_sys_jesTotalDown
Merging MT_WZTo2L2Q_13TeV_amcatnloFXFX_madspin_pythia8_catDY_sys_MuonEnUp
Merging MT_WZTo2L2Q_13TeV_amcatnloFXFX_madspin_pythia8_cat4L_sys_btagEventWeightDown
Merging MT_WZTo2L2Q_13TeV_amcatnloFXFX_madspin_pythia8_cat4L_sys_ElecronSFUp
Merging measMET_WZTo2L2Q_13TeV_amcatnloFXFX_madspin_pythia8_catEM_sys_MuonSFUp
Merging measMET_WZTo2L2Q_13TeV_amcatnloFXFX_madspin_pythia8_catSignal-0jet_sys_TriggerSFWeightDown
Merging measMET_WZTo2L2Q_13TeV_amcatnloFXFX_madspin_pythia8_catSignal-1jet_sys_TriggerSFWeightDown
Merging phizmet_WZTo2L2Q_13TeV_amcatnloFXFX_madspin_pythia8_sys_EWKUp
Merging phizmet_WZTo2L2Q_13TeV_amcatnloFXFX_madspin_pythia8_sys_nvtxWeightDown
Merging njet_WZTo2L2Q_13TeV_amcatnloFXFX_madspin_pythia8_sys_EWKUp
Merging measMET_WZTo2L2Q_13TeV_amcatnloFXFX_madspin_pythia8_cat3L_sys_ElectronEnUp
Merging balance_WZTo2L2Q_13TeV_amcatnloFXFX_madspin_pythia8_sys_puWeightUp
Merging njet_WZTo2L2Q_13TeV_amcatnloFXFX_madspin_pythia8_sys_QCDScale0wDown
Merging MT_WZTo2L2Q_13TeV_amcatnloFXFX_madspin_pythia8_catNRB_sys_TriggerSFWeightUp
Merging njet_WZTo2L2Q_13TeV_amcatnloFXFX_madspin_pythia8_sys_puWeightDown
Merging measMET_WZTo2L2Q_13TeV_amcatnloFXFX_madspin_pythia8_cat4L_sys_ElectronEnDown
Merging balance_WZTo2L2Q_13TeV_amcatnloFXFX_madspin_pythia8_sys_PrefireWeightUp
Merging measMET_WZTo2L2Q_13TeV_amcatnloFXFX_madspin_pythia8_catNRB_sys_jesTotalUp
Merging MT_WZTo2L2Q_13TeV_amcatnloFXFX_madspin_pythia8_catEM_sys_PrefireWeightUp
Merging measMET_WZTo2L2Q_13TeV_amcatnloFXFX_madspin_pythia8_cat4L_sys_MuonSFDown
Merging measMET_WZTo2L2Q_13TeV_amcatnloFXFX_madspin_pythia8_cat4L_sys_PDFDown
Merging measMET_WZTo2L2Q_13TeV_amcatnloFXFX_madspin_pythia8_catSignal-1jet_sys_EWKDown
Merging phizmet_WZTo2L2Q_13TeV_amcatnloFXFX_madspin_pythia8_sys_QCDScale2wDown
Merging measMET_WZTo2L2Q_13TeV_amcatnloFXFX_madspin_pythia8_cat3L_sys_nvtxWeightDown
Merging MT_WZTo2L2Q_13TeV_amcatnloFXFX_madspin_pythia8_catNRB_sys_ElecronSFDown
Merging balance_WZTo2L2Q_13TeV_amcatnloFXFX_madspin_pythia8_sys_ElecronSFDown
Merging measMET_WZTo2L2Q_13TeV_amcatnloFXFX_madspin_pythia8_cat3L_sys_QCDScale0wDown
Merging MT_WZTo2L2Q_13TeV_amcatnloFXFX_madspin_pythia8_catNRB_sys_MuonEnUp
Merging MT_WZTo2L2Q_13TeV_amcatnloFXFX_madspin_pythia8_catDY_sys_MuonSFUp
Merging MT_WZTo2L2Q_13TeV_amcatnloFXFX_madspin_pythia8_catNRB_sys_PrefireWeightUp
Merging measMET_WZTo2L2Q_13TeV_amcatnloFXFX_madspin_pythia8_catDY_sys_PrefireWeightDown
Merging measMET_WZTo2L2Q_13TeV_amcatnloFXFX_madspin_pythia8_catEM_sys_PDFUp
Merging MT_WZTo2L2Q_13TeV_amcatnloFXFX_madspin_pythia8_catSignal-0jet_sys_QCDScale1wDown
Merging balance_WZTo2L2Q_13TeV_amcatnloFXFX_madspin_pythia8_sys_ElectronEnUp
Merging measMET_WZTo2L2Q_13TeV_amcatnloFXFX_madspin_pythia8_catSignal-0jet_sys_MuonEnDown
Merging measMET_WZTo2L2Q_13TeV_amcatnloFXFX_madspin_pythia8_catSignal-1jet_sys_PrefireWeightDown
Merging measMET_WZTo2L2Q_13TeV_amcatnloFXFX_madspin_pythia8_catDY_sys_QCDScale0wUp
Merging measMET_WZTo2L2Q_13TeV_amcatnloFXFX_madspin_pythia8_catDY
Merging measMET_WZTo2L2Q_13TeV_amcatnloFXFX_madspin_pythia8_catDY_sys_PDFUp
Merging measMET_WZTo2L2Q_13TeV_amcatnloFXFX_madspin_pythia8_catTOP_sys_MuonSFUp
Merging measMET_WZTo2L2Q_13TeV_amcatnloFXFX_madspin_pythia8_catNRB_sys_QCDScale2wDown
Merging measMET_WZTo2L2Q_13TeV_amcatnloFXFX_madspin_pythia8_catEM_sys_PrefireWeightUp
Merging MT_WZTo2L2Q_13TeV_amcatnloFXFX_madspin_pythia8_catSignal-1jet_sys_PDFUp
Merging measMET_WZTo2L2Q_13TeV_amcatnloFXFX_madspin_pythia8_catSignal-1jet_sys_MuonEnUp
Merging phizmet_WZTo2L2Q_13TeV_amcatnloFXFX_madspin_pythia8_sys_QCDScale2wUp
Merging MT_WZTo2L2Q_13TeV_amcatnloFXFX_madspin_pythia8_catDY_sys_MuonSFDown
Merging balance_WZTo2L2Q_13TeV_amcatnloFXFX_madspin_pythia8_sys_TriggerSFWeightUp
Merging measMET_WZTo2L2Q_13TeV_amcatnloFXFX_madspin_pythia8_cat3L_sys_ElectronEnDown
Merging MT_WZTo2L2Q_13TeV_amcatnloFXFX_madspin_pythia8_cat3L_sys_jerDown
Merging MT_WZTo2L2Q_13TeV_amcatnloFXFX_madspin_pythia8_cat4L_sys_puWeightUp
Merging measMET_WZTo2L2Q_13TeV_amcatnloFXFX_madspin_pythia8_catSignal-1jet_sys_EWKUp
Merging measMET_WZTo2L2Q_13TeV_amcatnloFXFX_madspin_pythia8_catDY_sys_QCDScale2wUp
Merging phizmet_WZTo2L2Q_13TeV_amcatnloFXFX_madspin_pythia8_sys_nvtxWeightUp
Merging measMET_WZTo2L2Q_13TeV_amcatnloFXFX_madspin_pythia8_catDY_sys_QCDScale0wDown
Merging MT_WZTo2L2Q_13TeV_amcatnloFXFX_madspin_pythia8_catSignal-0jet_sys_MuonEnDown
Merging MT_WZTo2L2Q_13TeV_amcatnloFXFX_madspin_pythia8_catSignal-1jet_sys_MuonEnUp
Merging MT_WZTo2L2Q_13TeV_amcatnloFXFX_madspin_pythia8_catSignal-0jet_sys_nvtxWeightUp
Merging measMET_WZTo2L2Q_13TeV_amcatnloFXFX_madspin_pythia8_catSignal-0jet_sys_PrefireWeightUp
Merging measMET_WZTo2L2Q_13TeV_amcatnloFXFX_madspin_pythia8_catNRB_sys_nvtxWeightDown
Merging MT_WZTo2L2Q_13TeV_amcatnloFXFX_madspin_pythia8_catTOP_sys_QCDScale2wUp
Merging measMET_WZTo2L2Q_13TeV_amcatnloFXFX_madspin_pythia8_cat3L_sys_PDFUp
Merging measMET_WZTo2L2Q_13TeV_amcatnloFXFX_madspin_pythia8_cat4L_sys_jesTotalDown
Merging measMET_WZTo2L2Q_13TeV_amcatnloFXFX_madspin_pythia8_catEM_sys_PDFDown
Merging MT_WZTo2L2Q_13TeV_amcatnloFXFX_madspin_pythia8_catSignal-0jet_sys_jesTotalDown
Merging MT_WZTo2L2Q_13TeV_amcatnloFXFX_madspin_pythia8_cat3L_sys_MuonSFUp
Merging MT_WZTo2L2Q_13TeV_amcatnloFXFX_madspin_pythia8_catSignal-1jet_sys_PrefireWeightUp
Merging measMET_WZTo2L2Q_13TeV_amcatnloFXFX_madspin_pythia8_catNRB_sys_PDFDown
Merging njet_WZTo2L2Q_13TeV_amcatnloFXFX_madspin_pythia8_sys_PrefireWeightDown
Merging phizmet_WZTo2L2Q_13TeV_amcatnloFXFX_madspin_pythia8_sys_PrefireWeightUp
Merging MT_WZTo2L2Q_13TeV_amcatnloFXFX_madspin_pythia8_catTOP_sys_nvtxWeightUp
Merging measMET_WZTo2L2Q_13TeV_amcatnloFXFX_madspin_pythia8_catDY_sys_jesTotalUp
Merging balance_WZTo2L2Q_13TeV_amcatnloFXFX_madspin_pythia8_sys_QCDScale2wDown
Merging MT_WZTo2L2Q_13TeV_amcatnloFXFX_madspin_pythia8_catTOP_sys_QCDScale0wDown
Merging phizmet_WZTo2L2Q_13TeV_amcatnloFXFX_madspin_pythia8_sys_puWeightUp
Merging MT_WZTo2L2Q_13TeV_amcatnloFXFX_madspin_pythia8_cat4L_sys_PrefireWeightUp
Merging measMET_WZTo2L2Q_13TeV_amcatnloFXFX_madspin_pythia8_cat3L_sys_jerUp
Merging MT_WZTo2L2Q_13TeV_amcatnloFXFX_madspin_pythia8_catSignal-1jet_sys_TriggerSFWeightDown
Merging njet_WZTo2L2Q_13TeV_amcatnloFXFX_madspin_pythia8_sys_MuonEnDown
Merging njet_WZTo2L2Q_13TeV_amcatnloFXFX_madspin_pythia8_sys_QCDScale1wDown
Merging measMET_WZTo2L2Q_13TeV_amcatnloFXFX_madspin_pythia8_catSignal-0jet_sys_TriggerSFWeightUp
Merging measMET_WZTo2L2Q_13TeV_amcatnloFXFX_madspin_pythia8_cat4L_sys_ElecronSFUp
Merging measMET_WZTo2L2Q_13TeV_amcatnloFXFX_madspin_pythia8_catTOP_sys_puWeightDown
Merging measMET_WZTo2L2Q_13TeV_amcatnloFXFX_madspin_pythia8_catSignal-1jet_sys_QCDScale2wDown
Merging njet_WZTo2L2Q_13TeV_amcatnloFXFX_madspin_pythia8_sys_btagEventWeightUp
Merging measMET_WZTo2L2Q_13TeV_amcatnloFXFX_madspin_pythia8_catDY_sys_ElecronSFDown
Merging measMET_WZTo2L2Q_13TeV_amcatnloFXFX_madspin_pythia8_cat3L_sys_puWeightUp
Merging measMET_WZTo2L2Q_13TeV_amcatnloFXFX_madspin_pythia8_catNRB_sys_PDFUp
Merging MT_WZTo2L2Q_13TeV_amcatnloFXFX_madspin_pythia8_catEM_sys_EWKDown
Merging MT_WZTo2L2Q_13TeV_amcatnloFXFX_madspin_pythia8_catSignal-0jet_sys_TriggerSFWeightDown
Merging MT_WZTo2L2Q_13TeV_amcatnloFXFX_madspin_pythia8_cat4L_sys_jesTotalUp
Merging MT_WZTo2L2Q_13TeV_amcatnloFXFX_madspin_pythia8_catEM_sys_puWeightUp
Merging balance_WZTo2L2Q_13TeV_amcatnloFXFX_madspin_pythia8_sys_PrefireWeightDown
Merging MT_WZTo2L2Q_13TeV_amcatnloFXFX_madspin_pythia8_cat4L_sys_jesTotalDown
Merging measMET_WZTo2L2Q_13TeV_amcatnloFXFX_madspin_pythia8_catNRB_sys_PrefireWeightUp
Merging MT_WZTo2L2Q_13TeV_amcatnloFXFX_madspin_pythia8_catDY_sys_jesTotalDown
Merging MT_WZTo2L2Q_13TeV_amcatnloFXFX_madspin_pythia8_cat3L_sys_btagEventWeightDown
Merging MT_WZTo2L2Q_13TeV_amcatnloFXFX_madspin_pythia8_cat4L_sys_MuonEnUp
Merging MT_WZTo2L2Q_13TeV_amcatnloFXFX_madspin_pythia8_catSignal-1jet_sys_PDFDown
Merging MT_WZTo2L2Q_13TeV_amcatnloFXFX_madspin_pythia8_catSignal-1jet_sys_ElectronEnDown
Merging MT_WZTo2L2Q_13TeV_amcatnloFXFX_madspin_pythia8_catDY_sys_PrefireWeightUp
Merging MT_WZTo2L2Q_13TeV_amcatnloFXFX_madspin_pythia8_catSignal-1jet
Merging balance_WZTo2L2Q_13TeV_amcatnloFXFX_madspin_pythia8_sys_MuonEnUp
Merging MT_WZTo2L2Q_13TeV_amcatnloFXFX_madspin_pythia8_catSignal-0jet_sys_PrefireWeightDown
Merging measMET_WZTo2L2Q_13TeV_amcatnloFXFX_madspin_pythia8_catEM_sys_QCDScale0wUp
Merging measMET_WZTo2L2Q_13TeV_amcatnloFXFX_madspin_pythia8_catDY_sys_puWeightUp
Merging measMET_WZTo2L2Q_13TeV_amcatnloFXFX_madspin_pythia8_catSignal-0jet_sys_btagEventWeightDown
Merging MT_WZTo2L2Q_13TeV_amcatnloFXFX_madspin_pythia8_catDY_sys_btagEventWeightDown
Merging measMET_WZTo2L2Q_13TeV_amcatnloFXFX_madspin_pythia8_catNRB_sys_nvtxWeightUp
Merging MT_WZTo2L2Q_13TeV_amcatnloFXFX_madspin_pythia8_catTOP_sys_TriggerSFWeightDown
Merging njet_WZTo2L2Q_13TeV_amcatnloFXFX_madspin_pythia8_sys_QCDScale2wUp
Merging MT_WZTo2L2Q_13TeV_amcatnloFXFX_madspin_pythia8_catSignal-1jet_sys_QCDScale1wUp
Merging MT_WZTo2L2Q_13TeV_amcatnloFXFX_madspin_pythia8_catNRB_sys_MuonSFUp
Merging njet_WZTo2L2Q_13TeV_amcatnloFXFX_madspin_pythia8_sys_TriggerSFWeightDown
Merging measMET_WZTo2L2Q_13TeV_amcatnloFXFX_madspin_pythia8_catNRB_sys_MuonEnUp
Merging measMET_WZTo2L2Q_13TeV_amcatnloFXFX_madspin_pythia8_catNRB_sys_QCDScale0wUp
Merging MT_WZTo2L2Q_13TeV_amcatnloFXFX_madspin_pythia8_catSignal-1jet_sys_btagEventWeightUp
Merging measMET_WZTo2L2Q_13TeV_amcatnloFXFX_madspin_pythia8_catSignal-1jet_sys_jerDown
Merging MT_WZTo2L2Q_13TeV_amcatnloFXFX_madspin_pythia8_catTOP_sys_ElectronEnDown
Merging balance_WZTo2L2Q_13TeV_amcatnloFXFX_madspin_pythia8_sys_ElecronSFUp
Merging measMET_WZTo2L2Q_13TeV_amcatnloFXFX_madspin_pythia8_cat4L_sys_ElectronEnUp
Merging MT_WZTo2L2Q_13TeV_amcatnloFXFX_madspin_pythia8_catSignal-0jet_sys_btagEventWeightUp
Merging njet_WZTo2L2Q_13TeV_amcatnloFXFX_madspin_pythia8_sys_QCDScale1wUp
Merging measMET_WZTo2L2Q_13TeV_amcatnloFXFX_madspin_pythia8_catDY_sys_jesTotalDown
Merging measMET_WZTo2L2Q_13TeV_amcatnloFXFX_madspin_pythia8_cat3L_sys_EWKUp
Merging measMET_WZTo2L2Q_13TeV_amcatnloFXFX_madspin_pythia8_catTOP_sys_btagEventWeightDown
Merging MT_WZTo2L2Q_13TeV_amcatnloFXFX_madspin_pythia8_catTOP_sys_jesTotalUp
Merging MT_WZTo2L2Q_13TeV_amcatnloFXFX_madspin_pythia8_cat3L_sys_EWKDown
Merging measMET_WZTo2L2Q_13TeV_amcatnloFXFX_madspin_pythia8_cat3L_sys_EWKDown
Merging measMET_WZTo2L2Q_13TeV_amcatnloFXFX_madspin_pythia8_catEM_sys_btagEventWeightDown
Merging measMET_WZTo2L2Q_13TeV_amcatnloFXFX_madspin_pythia8_catNRB_sys_puWeightUp
Merging MT_WZTo2L2Q_13TeV_amcatnloFXFX_madspin_pythia8_catTOP_sys_QCDScale2wDown
Merging MT_WZTo2L2Q_13TeV_amcatnloFXFX_madspin_pythia8_cat3L_sys_ElecronSFUp
Merging phizmet_WZTo2L2Q_13TeV_amcatnloFXFX_madspin_pythia8_sys_QCDScale1wUp
Merging MT_WZTo2L2Q_13TeV_amcatnloFXFX_madspin_pythia8_catEM_sys_PrefireWeightDown
Merging measMET_WZTo2L2Q_13TeV_amcatnloFXFX_madspin_pythia8_cat4L_sys_TriggerSFWeightUp
Merging MT_WZTo2L2Q_13TeV_amcatnloFXFX_madspin_pythia8_catNRB_sys_puWeightUp
Merging MT_WZTo2L2Q_13TeV_amcatnloFXFX_madspin_pythia8_catSignal-0jet_sys_QCDScale2wUp
Merging measMET_WZTo2L2Q_13TeV_amcatnloFXFX_madspin_pythia8_catTOP_sys_PrefireWeightDown
Merging measMET_WZTo2L2Q_13TeV_amcatnloFXFX_madspin_pythia8_catEM_sys_QCDScale0wDown
Merging njet_WZTo2L2Q_13TeV_amcatnloFXFX_madspin_pythia8_sys_ElectronEnUp
Merging MT_WZTo2L2Q_13TeV_amcatnloFXFX_madspin_pythia8_catSignal-0jet_sys_QCDScale0wDown
Merging MT_WZTo2L2Q_13TeV_amcatnloFXFX_madspin_pythia8_catEM_sys_MuonEnUp
Merging MT_WZTo2L2Q_13TeV_amcatnloFXFX_madspin_pythia8_cat4L_sys_PDFUp
Merging balance_WZTo2L2Q_13TeV_amcatnloFXFX_madspin_pythia8_sys_EWKUp
Merging MT_WZTo2L2Q_13TeV_amcatnloFXFX_madspin_pythia8_catEM_sys_QCDScale0wDown
Merging measMET_WZTo2L2Q_13TeV_amcatnloFXFX_madspin_pythia8_catTOP_sys_MuonEnDown
Merging measMET_WZTo2L2Q_13TeV_amcatnloFXFX_madspin_pythia8_cat3L_sys_PDFDown
Merging MT_WZTo2L2Q_13TeV_amcatnloFXFX_madspin_pythia8_catTOP_sys_QCDScale1wUp
Merging measMET_WZTo2L2Q_13TeV_amcatnloFXFX_madspin_pythia8_cat3L_sys_TriggerSFWeightUp
Merging MT_WZTo2L2Q_13TeV_amcatnloFXFX_madspin_pythia8_catTOP_sys_ElecronSFDown
Merging MT_WZTo2L2Q_13TeV_amcatnloFXFX_madspin_pythia8_catSignal-0jet_sys_ElectronEnUp
Merging measMET_WZTo2L2Q_13TeV_amcatnloFXFX_madspin_pythia8_cat4L_sys_btagEventWeightDown
Merging balance_WZTo2L2Q_13TeV_amcatnloFXFX_madspin_pythia8_sys_QCDScale1wUp
Merging MT_WZTo2L2Q_13TeV_amcatnloFXFX_madspin_pythia8_catSignal-1jet_sys_jesTotalDown
Merging MT_WZTo2L2Q_13TeV_amcatnloFXFX_madspin_pythia8_catEM_sys_nvtxWeightDown
Merging measMET_WZTo2L2Q_13TeV_amcatnloFXFX_madspin_pythia8_catEM_sys_ElecronSFUp
Merging MT_WZTo2L2Q_13TeV_amcatnloFXFX_madspin_pythia8_cat4L_sys_nvtxWeightDown
Merging measMET_WZTo2L2Q_13TeV_amcatnloFXFX_madspin_pythia8_catNRB_sys_jerDown
Merging measMET_WZTo2L2Q_13TeV_amcatnloFXFX_madspin_pythia8_catSignal-0jet_sys_MuonSFDown
Merging MT_WZTo2L2Q_13TeV_amcatnloFXFX_madspin_pythia8_catTOP_sys_ElecronSFUp
Merging measMET_WZTo2L2Q_13TeV_amcatnloFXFX_madspin_pythia8_cat4L_sys_PrefireWeightDown
Merging njet_WZTo2L2Q_13TeV_amcatnloFXFX_madspin_pythia8
Merging measMET_WZTo2L2Q_13TeV_amcatnloFXFX_madspin_pythia8_catNRB_sys_jesTotalDown
Merging MT_WZTo2L2Q_13TeV_amcatnloFXFX_madspin_pythia8_catDY_sys_MuonEnDown
Merging measMET_WZTo2L2Q_13TeV_amcatnloFXFX_madspin_pythia8_catNRB_sys_QCDScale1wDown
Merging balance_WZTo2L2Q_13TeV_amcatnloFXFX_madspin_pythia8_sys_TriggerSFWeightDown
Merging measMET_WZTo2L2Q_13TeV_amcatnloFXFX_madspin_pythia8_catSignal-1jet_sys_nvtxWeightUp
Merging measMET_WZTo2L2Q_13TeV_amcatnloFXFX_madspin_pythia8_catDY_sys_PDFDown
Merging MT_WZTo2L2Q_13TeV_amcatnloFXFX_madspin_pythia8_catDY_sys_EWKDown
Merging phizmet_WZTo2L2Q_13TeV_amcatnloFXFX_madspin_pythia8_sys_MuonSFDown
Merging measMET_WZTo2L2Q_13TeV_amcatnloFXFX_madspin_pythia8_catDY_sys_ElectronEnDown
Merging MT_WZTo2L2Q_13TeV_amcatnloFXFX_madspin_pythia8_catDY_sys_QCDScale2wUp
Merging MT_WZTo2L2Q_13TeV_amcatnloFXFX_madspin_pythia8_catDY_sys_puWeightDown
Merging MT_WZTo2L2Q_13TeV_amcatnloFXFX_madspin_pythia8_cat3L_sys_PrefireWeightDown
Merging measMET_WZTo2L2Q_13TeV_amcatnloFXFX_madspin_pythia8_catSignal-0jet_sys_MuonSFUp
Merging MT_WZTo2L2Q_13TeV_amcatnloFXFX_madspin_pythia8_catNRB_sys_nvtxWeightDown
Merging MT_WZTo2L2Q_13TeV_amcatnloFXFX_madspin_pythia8_catNRB_sys_ElectronEnUp
Merging MT_WZTo2L2Q_13TeV_amcatnloFXFX_madspin_pythia8_catNRB_sys_jerDown
Merging balance_WZTo2L2Q_13TeV_amcatnloFXFX_madspin_pythia8
Merging measMET_WZTo2L2Q_13TeV_amcatnloFXFX_madspin_pythia8_catNRB_sys_ElecronSFUp
Merging MT_WZTo2L2Q_13TeV_amcatnloFXFX_madspin_pythia8_catDY_sys_QCDScale0wUp
Merging measMET_WZTo2L2Q_13TeV_amcatnloFXFX_madspin_pythia8_catTOP_sys_puWeightUp
Merging MT_WZTo2L2Q_13TeV_amcatnloFXFX_madspin_pythia8_catSignal-0jet_sys_PDFDown
Merging measMET_WZTo2L2Q_13TeV_amcatnloFXFX_madspin_pythia8_catTOP_sys_QCDScale2wUp
Merging phizmet_WZTo2L2Q_13TeV_amcatnloFXFX_madspin_pythia8_sys_jerUp
Merging measMET_WZTo2L2Q_13TeV_amcatnloFXFX_madspin_pythia8_cat4L_sys_PDFUp
Merging measMET_WZTo2L2Q_13TeV_amcatnloFXFX_madspin_pythia8_catDY_sys_jerDown
Merging measMET_WZTo2L2Q_13TeV_amcatnloFXFX_madspin_pythia8_catTOP_sys_jesTotalDown
Merging measMET_WZTo2L2Q_13TeV_amcatnloFXFX_madspin_pythia8_catSignal-1jet_sys_ElectronEnDown
Merging MT_WZTo2L2Q_13TeV_amcatnloFXFX_madspin_pythia8_cat3L_sys_jerUp
Merging measMET_WZTo2L2Q_13TeV_amcatnloFXFX_madspin_pythia8_catNRB_sys_EWKDown
Merging MT_WZTo2L2Q_13TeV_amcatnloFXFX_madspin_pythia8_catSignal-1jet_sys_EWKUp
Merging measMET_WZTo2L2Q_13TeV_amcatnloFXFX_madspin_pythia8_catTOP_sys_QCDScale1wUp
Merging measMET_WZTo2L2Q_13TeV_amcatnloFXFX_madspin_pythia8_catDY_sys_jerUp
Merging MT_WZTo2L2Q_13TeV_amcatnloFXFX_madspin_pythia8_catEM_sys_QCDScale1wDown
Merging measMET_WZTo2L2Q_13TeV_amcatnloFXFX_madspin_pythia8_catEM_sys_TriggerSFWeightUp
Merging untagged
Merging MT_WZTo2L2Q_13TeV_amcatnloFXFX_madspin_pythia8_cat3L_sys_PDFUp
Merging balance_WZTo2L2Q_13TeV_amcatnloFXFX_madspin_pythia8_sys_QCDScale0wDown
Merging measMET_WZTo2L2Q_13TeV_amcatnloFXFX_madspin_pythia8_catSignal-0jet_sys_ElectronEnUp
Merging measMET_WZTo2L2Q_13TeV_amcatnloFXFX_madspin_pythia8_catSignal-0jet_sys_MuonEnUp
Merging measMET_WZTo2L2Q_13TeV_amcatnloFXFX_madspin_pythia8_catSignal-0jet_sys_EWKDown
Merging MT_WZTo2L2Q_13TeV_amcatnloFXFX_madspin_pythia8_cat3L_sys_QCDScale0wUp
Merging njet_WZTo2L2Q_13TeV_amcatnloFXFX_madspin_pythia8_sys_jerDown
Merging njet_WZTo2L2Q_13TeV_amcatnloFXFX_madspin_pythia8_sys_btagEventWeightDown
Merging measMET_WZTo2L2Q_13TeV_amcatnloFXFX_madspin_pythia8_catSignal-0jet_sys_jerUp
Merging MT_WZTo2L2Q_13TeV_amcatnloFXFX_madspin_pythia8_cat4L_sys_PDFDown
Merging measMET_WZTo2L2Q_13TeV_amcatnloFXFX_madspin_pythia8_catEM_sys_PrefireWeightDown
Merging measMET_WZTo2L2Q_13TeV_amcatnloFXFX_madspin_pythia8_catEM_sys_jesTotalUp
Merging MT_WZTo2L2Q_13TeV_amcatnloFXFX_madspin_pythia8_catNRB_sys_QCDScale0wUp
Merging measMET_WZTo2L2Q_13TeV_amcatnloFXFX_madspin_pythia8_catSignal-1jet_sys_QCDScale1wDown
Merging measMET_WZTo2L2Q_13TeV_amcatnloFXFX_madspin_pythia8_catTOP_sys_btagEventWeightUp
Merging MT_WZTo2L2Q_13TeV_amcatnloFXFX_madspin_pythia8_catEM_sys_btagEventWeightDown
Merging measMET_WZTo2L2Q_13TeV_amcatnloFXFX_madspin_pythia8_cat4L_sys_QCDScale1wUp
Merging MT_WZTo2L2Q_13TeV_amcatnloFXFX_madspin_pythia8_catSignal-1jet_sys_jerUp
Merging measMET_WZTo2L2Q_13TeV_amcatnloFXFX_madspin_pythia8_catTOP_sys_PDFDown
Merging measMET_WZTo2L2Q_13TeV_amcatnloFXFX_madspin_pythia8_cat4L_sys_jerUp
Merging balance_WZTo2L2Q_13TeV_amcatnloFXFX_madspin_pythia8_sys_QCDScale1wDown
Merging balance_WZTo2L2Q_13TeV_amcatnloFXFX_madspin_pythia8_sys_jerUp
Merging MT_WZTo2L2Q_13TeV_amcatnloFXFX_madspin_pythia8_catTOP_sys_MuonEnDown
Merging njet_WZTo2L2Q_13TeV_amcatnloFXFX_madspin_pythia8_sys_TriggerSFWeightUp
Merging phizmet_WZTo2L2Q_13TeV_amcatnloFXFX_madspin_pythia8_sys_jerDown
Merging measMET_WZTo2L2Q_13TeV_amcatnloFXFX_madspin_pythia8_catTOP_sys_QCDScale1wDown
Merging measMET_WZTo2L2Q_13TeV_amcatnloFXFX_madspin_pythia8_catTOP_sys_PrefireWeightUp
Merging MT_WZTo2L2Q_13TeV_amcatnloFXFX_madspin_pythia8_catSignal-0jet_sys_TriggerSFWeightUp
Merging phizmet_WZTo2L2Q_13TeV_amcatnloFXFX_madspin_pythia8_sys_QCDScale0wDown
Merging MT_WZTo2L2Q_13TeV_amcatnloFXFX_madspin_pythia8_catTOP_sys_btagEventWeightDown
Merging MT_WZTo2L2Q_13TeV_amcatnloFXFX_madspin_pythia8_catSignal-0jet_sys_MuonSFUp
Merging MT_WZTo2L2Q_13TeV_amcatnloFXFX_madspin_pythia8_catDY_sys_ElectronEnDown
Merging MT_WZTo2L2Q_13TeV_amcatnloFXFX_madspin_pythia8_catTOP_sys_PDFDown
Merging MT_WZTo2L2Q_13TeV_amcatnloFXFX_madspin_pythia8_cat3L_sys_nvtxWeightUp
Merging MT_WZTo2L2Q_13TeV_amcatnloFXFX_madspin_pythia8_catTOP_sys_QCDScale1wDown
Merging MT_WZTo2L2Q_13TeV_amcatnloFXFX_madspin_pythia8_cat3L_sys_puWeightDown
Merging phizmet_WZTo2L2Q_13TeV_amcatnloFXFX_madspin_pythia8_sys_TriggerSFWeightUp
Merging balance_WZTo2L2Q_13TeV_amcatnloFXFX_madspin_pythia8_sys_nvtxWeightUp
Merging phizmet_WZTo2L2Q_13TeV_amcatnloFXFX_madspin_pythia8
Merging MT_WZTo2L2Q_13TeV_amcatnloFXFX_madspin_pythia8_cat3L_sys_jesTotalUp
Merging njet_WZTo2L2Q_13TeV_amcatnloFXFX_madspin_pythia8_sys_puWeightUp
Merging measMET_WZTo2L2Q_13TeV_amcatnloFXFX_madspin_pythia8_catNRB
Merging phizmet_WZTo2L2Q_13TeV_amcatnloFXFX_madspin_pythia8_sys_PDFDown
Merging MT_WZTo2L2Q_13TeV_amcatnloFXFX_madspin_pythia8_catSignal-0jet_sys_puWeightDown
Merging measMET_WZTo2L2Q_13TeV_amcatnloFXFX_madspin_pythia8_cat3L_sys_btagEventWeightUp
Merging MT_WZTo2L2Q_13TeV_amcatnloFXFX_madspin_pythia8_cat4L_sys_MuonSFDown
Merging njet_WZTo2L2Q_13TeV_amcatnloFXFX_madspin_pythia8_sys_PrefireWeightUp
Merging MT_WZTo2L2Q_13TeV_amcatnloFXFX_madspin_pythia8_catSignal-0jet_sys_ElecronSFDown
Merging MT_WZTo2L2Q_13TeV_amcatnloFXFX_madspin_pythia8_catSignal-0jet_sys_jesTotalUp
Merging njet_WZTo2L2Q_13TeV_amcatnloFXFX_madspin_pythia8_sys_EWKDown
Merging balance_WZTo2L2Q_13TeV_amcatnloFXFX_madspin_pythia8_sys_ElectronEnDown
Merging measMET_WZTo2L2Q_13TeV_amcatnloFXFX_madspin_pythia8_catTOP_sys_jerUp
Merging MT_WZTo2L2Q_13TeV_amcatnloFXFX_madspin_pythia8_catEM_sys_QCDScale2wUp
Merging MT_WZTo2L2Q_13TeV_amcatnloFXFX_madspin_pythia8_catTOP_sys_nvtxWeightDown
Merging measMET_WZTo2L2Q_13TeV_amcatnloFXFX_madspin_pythia8_catNRB_sys_MuonEnDown
Merging measMET_WZTo2L2Q_13TeV_amcatnloFXFX_madspin_pythia8_cat3L_sys_TriggerSFWeightDown
Merging measMET_WZTo2L2Q_13TeV_amcatnloFXFX_madspin_pythia8_cat4L_sys_MuonEnDown
Merging MT_WZTo2L2Q_13TeV_amcatnloFXFX_madspin_pythia8_catSignal-1jet_sys_btagEventWeightDown
Merging measMET_WZTo2L2Q_13TeV_amcatnloFXFX_madspin_pythia8_cat4L_sys_jesTotalUp
Merging measMET_WZTo2L2Q_13TeV_amcatnloFXFX_madspin_pythia8_catSignal-1jet_sys_QCDScale2wUp
Merging measMET_WZTo2L2Q_13TeV_amcatnloFXFX_madspin_pythia8_cat4L_sys_EWKUp
Merging balance_WZTo2L2Q_13TeV_amcatnloFXFX_madspin_pythia8_sys_MuonSFUp
Merging MT_WZTo2L2Q_13TeV_amcatnloFXFX_madspin_pythia8_catSignal-0jet_sys_puWeightUp
Merging phizmet_WZTo2L2Q_13TeV_amcatnloFXFX_madspin_pythia8_sys_MuonSFUp
Merging measMET_WZTo2L2Q_13TeV_amcatnloFXFX_madspin_pythia8_catEM_sys_MuonSFDown
Merging MT_WZTo2L2Q_13TeV_amcatnloFXFX_madspin_pythia8_catSignal-0jet_sys_MuonSFDown
Merging measMET_WZTo2L2Q_13TeV_amcatnloFXFX_madspin_pythia8_catDY_sys_MuonSFUp
Merging measMET_WZTo2L2Q_13TeV_amcatnloFXFX_madspin_pythia8_catEM_sys_EWKDown
Merging measMET_WZTo2L2Q_13TeV_amcatnloFXFX_madspin_pythia8_catTOP_sys_QCDScale2wDown
Merging measMET_WZTo2L2Q_13TeV_amcatnloFXFX_madspin_pythia8_catEM_sys_QCDScale2wUp
Merging MT_WZTo2L2Q_13TeV_amcatnloFXFX_madspin_pythia8_catSignal-1jet_sys_nvtxWeightDown
Merging MT_WZTo2L2Q_13TeV_amcatnloFXFX_madspin_pythia8_cat4L_sys_ElecronSFDown
Merging measMET_WZTo2L2Q_13TeV_amcatnloFXFX_madspin_pythia8_cat3L_sys_QCDScale2wDown
Merging balance_WZTo2L2Q_13TeV_amcatnloFXFX_madspin_pythia8_sys_PDFUp
Merging measMET_WZTo2L2Q_13TeV_amcatnloFXFX_madspin_pythia8_cat4L_sys_puWeightDown
Merging measMET_WZTo2L2Q_13TeV_amcatnloFXFX_madspin_pythia8_catSignal-1jet_sys_btagEventWeightDown
Merging MT_WZTo2L2Q_13TeV_amcatnloFXFX_madspin_pythia8_catNRB_sys_puWeightDown
Merging MT_WZTo2L2Q_13TeV_amcatnloFXFX_madspin_pythia8_catSignal-1jet_sys_nvtxWeightUp
Merging balance_WZTo2L2Q_13TeV_amcatnloFXFX_madspin_pythia8_sys_jerDown
Merging measMET_WZTo2L2Q_13TeV_amcatnloFXFX_madspin_pythia8_catDY_sys_QCDScale1wUp
Merging measMET_WZTo2L2Q_13TeV_amcatnloFXFX_madspin_pythia8_catNRB_sys_ElecronSFDown
Merging MT_WZTo2L2Q_13TeV_amcatnloFXFX_madspin_pythia8_catNRB_sys_QCDScale1wDown
Merging MT_WZTo2L2Q_13TeV_amcatnloFXFX_madspin_pythia8_catSignal-1jet_sys_jesTotalUp
Merging measMET_WZTo2L2Q_13TeV_amcatnloFXFX_madspin_pythia8_cat4L_sys_MuonSFUp
Merging MT_WZTo2L2Q_13TeV_amcatnloFXFX_madspin_pythia8_catNRB_sys_jerUp
Merging MT_WZTo2L2Q_13TeV_amcatnloFXFX_madspin_pythia8_cat3L_sys_btagEventWeightUp
Merging MT_WZTo2L2Q_13TeV_amcatnloFXFX_madspin_pythia8_catSignal-0jet_sys_nvtxWeightDown
Merging measMET_WZTo2L2Q_13TeV_amcatnloFXFX_madspin_pythia8_catSignal-0jet_sys_QCDScale1wUp
Merging MT_WZTo2L2Q_13TeV_amcatnloFXFX_madspin_pythia8_cat4L_sys_ElectronEnUp
Merging measMET_WZTo2L2Q_13TeV_amcatnloFXFX_madspin_pythia8_catNRB_sys_TriggerSFWeightDown
Merging phizmet_WZTo2L2Q_13TeV_amcatnloFXFX_madspin_pythia8_sys_PrefireWeightDown
Merging measMET_WZTo2L2Q_13TeV_amcatnloFXFX_madspin_pythia8_catSignal-1jet_sys_puWeightUp
Merging measMET_WZTo2L2Q_13TeV_amcatnloFXFX_madspin_pythia8_catTOP_sys_MuonEnUp
Merging njet_WZTo2L2Q_13TeV_amcatnloFXFX_madspin_pythia8_sys_MuonSFUp
Merging MT_WZTo2L2Q_13TeV_amcatnloFXFX_madspin_pythia8_catSignal-0jet
Merging measMET_WZTo2L2Q_13TeV_amcatnloFXFX_madspin_pythia8_catEM_sys_ElectronEnUp
Merging MT_WZTo2L2Q_13TeV_amcatnloFXFX_madspin_pythia8_catEM_sys_QCDScale0wUp
Merging measMET_WZTo2L2Q_13TeV_amcatnloFXFX_madspin_pythia8_cat3L_sys_QCDScale0wUp
Merging MT_WZTo2L2Q_13TeV_amcatnloFXFX_madspin_pythia8_cat4L
Merging measMET_WZTo2L2Q_13TeV_amcatnloFXFX_madspin_pythia8_catSignal-0jet_sys_puWeightUp
Merging njet_WZTo2L2Q_13TeV_amcatnloFXFX_madspin_pythia8_sys_PDFDown
Merging MT_WZTo2L2Q_13TeV_amcatnloFXFX_madspin_pythia8_cat4L_sys_MuonSFUp
Merging MT_WZTo2L2Q_13TeV_amcatnloFXFX_madspin_pythia8_catNRB_sys_ElectronEnDown
Merging MT_WZTo2L2Q_13TeV_amcatnloFXFX_madspin_pythia8_cat3L_sys_ElecronSFDown
Merging measMET_WZTo2L2Q_13TeV_amcatnloFXFX_madspin_pythia8_catSignal-1jet
Merging measMET_WZTo2L2Q_13TeV_amcatnloFXFX_madspin_pythia8_catTOP_sys_TriggerSFWeightUp
Merging phizmet_WZTo2L2Q_13TeV_amcatnloFXFX_madspin_pythia8_sys_TriggerSFWeightDown
Merging measMET_WZTo2L2Q_13TeV_amcatnloFXFX_madspin_pythia8_catNRB_sys_puWeightDown
Merging measMET_WZTo2L2Q_13TeV_amcatnloFXFX_madspin_pythia8_catEM_sys_MuonEnDown
Merging MT_WZTo2L2Q_13TeV_amcatnloFXFX_madspin_pythia8_catNRB_sys_EWKUp
Merging MT_WZTo2L2Q_13TeV_amcatnloFXFX_madspin_pythia8_catSignal-1jet_sys_puWeightUp
Merging MT_WZTo2L2Q_13TeV_amcatnloFXFX_madspin_pythia8_cat4L_sys_jerDown
Merging MT_WZTo2L2Q_13TeV_amcatnloFXFX_madspin_pythia8_catTOP_sys_jesTotalDown
Merging MT_WZTo2L2Q_13TeV_amcatnloFXFX_madspin_pythia8_catEM_sys_nvtxWeightUp
Merging measMET_WZTo2L2Q_13TeV_amcatnloFXFX_madspin_pythia8_catSignal-0jet_sys_QCDScale0wDown
Merging measMET_WZTo2L2Q_13TeV_amcatnloFXFX_madspin_pythia8_catEM
Merging measMET_WZTo2L2Q_13TeV_amcatnloFXFX_madspin_pythia8_catTOP_sys_ElectronEnDown
Merging MT_WZTo2L2Q_13TeV_amcatnloFXFX_madspin_pythia8_catDY_sys_PDFDown
Merging MT_WZTo2L2Q_13TeV_amcatnloFXFX_madspin_pythia8_catNRB_sys_PDFUp
Merging balance_WZTo2L2Q_13TeV_amcatnloFXFX_madspin_pythia8_sys_jesTotalDown
Merging measMET_WZTo2L2Q_13TeV_amcatnloFXFX_madspin_pythia8_catSignal-0jet_sys_PDFUp
Merging measMET_WZTo2L2Q_13TeV_amcatnloFXFX_madspin_pythia8_catTOP_sys_PDFUp
Merging balance_WZTo2L2Q_13TeV_amcatnloFXFX_madspin_pythia8_sys_EWKDown
Merging measMET_WZTo2L2Q_13TeV_amcatnloFXFX_madspin_pythia8_catEM_sys_nvtxWeightUp
Merging MT_WZTo2L2Q_13TeV_amcatnloFXFX_madspin_pythia8_catTOP
Merging measMET_WZTo2L2Q_13TeV_amcatnloFXFX_madspin_pythia8_catEM_sys_QCDScale1wUp
Merging MT_WZTo2L2Q_13TeV_amcatnloFXFX_madspin_pythia8_catEM_sys_btagEventWeightUp
Merging MT_WZTo2L2Q_13TeV_amcatnloFXFX_madspin_pythia8_catDY_sys_TriggerSFWeightUp
Merging MT_WZTo2L2Q_13TeV_amcatnloFXFX_madspin_pythia8_catEM_sys_TriggerSFWeightDown
Merging MT_WZTo2L2Q_13TeV_amcatnloFXFX_madspin_pythia8_cat3L_sys_jesTotalDown
Merging MT_WZTo2L2Q_13TeV_amcatnloFXFX_madspin_pythia8_cat3L_sys_TriggerSFWeightDown
Merging MT_WZTo2L2Q_13TeV_amcatnloFXFX_madspin_pythia8_catTOP_sys_jerDown
Merging MT_WZTo2L2Q_13TeV_amcatnloFXFX_madspin_pythia8_cat4L_sys_ElectronEnDown
Merging MT_WZTo2L2Q_13TeV_amcatnloFXFX_madspin_pythia8_catDY_sys_nvtxWeightDown
Merging njet_WZTo2L2Q_13TeV_amcatnloFXFX_madspin_pythia8_sys_QCDScale2wDown
Merging measMET_WZTo2L2Q_13TeV_amcatnloFXFX_madspin_pythia8_catSignal-1jet_sys_QCDScale0wUp
Merging njet_WZTo2L2Q_13TeV_amcatnloFXFX_madspin_pythia8_sys_QCDScale0wUp
Merging phizmet_WZTo2L2Q_13TeV_amcatnloFXFX_madspin_pythia8_sys_btagEventWeightUp
Merging measMET_WZTo2L2Q_13TeV_amcatnloFXFX_madspin_pythia8_cat4L_sys_QCDScale0wDown
Merging measMET_WZTo2L2Q_13TeV_amcatnloFXFX_madspin_pythia8_cat3L_sys_PrefireWeightDown
Merging njet_WZTo2L2Q_13TeV_amcatnloFXFX_madspin_pythia8_sys_ElectronEnDown
Merging measMET_WZTo2L2Q_13TeV_amcatnloFXFX_madspin_pythia8_catSignal-1jet_sys_PDFUp
Merging measMET_WZTo2L2Q_13TeV_amcatnloFXFX_madspin_pythia8_catEM_sys_QCDScale1wDown
Merging phizmet_WZTo2L2Q_13TeV_amcatnloFXFX_madspin_pythia8_sys_btagEventWeightDown
Merging MT_WZTo2L2Q_13TeV_amcatnloFXFX_madspin_pythia8_catEM_sys_TriggerSFWeightUp
Merging MT_WZTo2L2Q_13TeV_amcatnloFXFX_madspin_pythia8_cat3L_sys_QCDScale2wUp
Merging measMET_WZTo2L2Q_13TeV_amcatnloFXFX_madspin_pythia8_catSignal-1jet_sys_MuonSFDown
Merging MT_WZTo2L2Q_13TeV_amcatnloFXFX_madspin_pythia8_catTOP_sys_TriggerSFWeightUp
Merging MT_WZTo2L2Q_13TeV_amcatnloFXFX_madspin_pythia8_catSignal-1jet_sys_QCDScale2wDown
Merging MT_WZTo2L2Q_13TeV_amcatnloFXFX_madspin_pythia8_catDY_sys_PrefireWeightDown
Merging measMET_WZTo2L2Q_13TeV_amcatnloFXFX_madspin_pythia8_catSignal-0jet_sys_PrefireWeightDown
Merging measMET_WZTo2L2Q_13TeV_amcatnloFXFX_madspin_pythia8_catEM_sys_ElecronSFDown
Merging measMET_WZTo2L2Q_13TeV_amcatnloFXFX_madspin_pythia8_catTOP_sys_nvtxWeightUp
Merging MT_WZTo2L2Q_13TeV_amcatnloFXFX_madspin_pythia8_catEM_sys_jerDown
Merging phizmet_WZTo2L2Q_13TeV_amcatnloFXFX_madspin_pythia8_sys_EWKDown
Merging measMET_WZTo2L2Q_13TeV_amcatnloFXFX_madspin_pythia8_catDY_sys_nvtxWeightDown
Merging measMET_WZTo2L2Q_13TeV_amcatnloFXFX_madspin_pythia8_cat4L_sys_puWeightUp
Merging MT_WZTo2L2Q_13TeV_amcatnloFXFX_madspin_pythia8_cat4L_sys_QCDScale1wUp
Merging phizmet_WZTo2L2Q_13TeV_amcatnloFXFX_madspin_pythia8_sys_ElectronEnUp
Merging measMET_WZTo2L2Q_13TeV_amcatnloFXFX_madspin_pythia8_catNRB_sys_ElectronEnUp
Merging measMET_WZTo2L2Q_13TeV_amcatnloFXFX_madspin_pythia8_catTOP_sys_QCDScale0wDown
Merging MT_WZTo2L2Q_13TeV_amcatnloFXFX_madspin_pythia8_catTOP_sys_PDFUp
Merging MT_WZTo2L2Q_13TeV_amcatnloFXFX_madspin_pythia8_catDY_sys_jerDown
Merging measMET_WZTo2L2Q_13TeV_amcatnloFXFX_madspin_pythia8_cat3L_sys_MuonSFDown
Merging measMET_WZTo2L2Q_13TeV_amcatnloFXFX_madspin_pythia8_catSignal-1jet_sys_ElectronEnUp
Merging measMET_WZTo2L2Q_13TeV_amcatnloFXFX_madspin_pythia8_cat4L_sys_TriggerSFWeightDown
Merging measMET_WZTo2L2Q_13TeV_amcatnloFXFX_madspin_pythia8_catEM_sys_nvtxWeightDown
Merging MT_WZTo2L2Q_13TeV_amcatnloFXFX_madspin_pythia8_catEM_sys_MuonEnDown
Merging MT_WZTo2L2Q_13TeV_amcatnloFXFX_madspin_pythia8_catNRB_sys_EWKDown
Merging MT_WZTo2L2Q_13TeV_amcatnloFXFX_madspin_pythia8_catNRB_sys_QCDScale2wDown
Merging measMET_WZTo2L2Q_13TeV_amcatnloFXFX_madspin_pythia8_catDY_sys_ElecronSFUp
Merging measMET_WZTo2L2Q_13TeV_amcatnloFXFX_madspin_pythia8_cat4L_sys_MuonEnUp
Merging MT_WZTo2L2Q_13TeV_amcatnloFXFX_madspin_pythia8_catSignal-1jet_sys_puWeightDown
Merging measMET_WZTo2L2Q_13TeV_amcatnloFXFX_madspin_pythia8_catEM_sys_puWeightDown
Merging balance_WZTo2L2Q_13TeV_amcatnloFXFX_madspin_pythia8_sys_PDFDown
Merging MT_WZTo2L2Q_13TeV_amcatnloFXFX_madspin_pythia8_cat3L_sys_MuonEnDown
Merging measMET_WZTo2L2Q_13TeV_amcatnloFXFX_madspin_pythia8_catEM_sys_jesTotalDown
Merging MT_WZTo2L2Q_13TeV_amcatnloFXFX_madspin_pythia8_catDY_sys_PDFUp
Merging MT_WZTo2L2Q_13TeV_amcatnloFXFX_madspin_pythia8_catNRB_sys_PrefireWeightDown
Merging measMET_WZTo2L2Q_13TeV_amcatnloFXFX_madspin_pythia8_catNRB_sys_ElectronEnDown
Merging MT_WZTo2L2Q_13TeV_amcatnloFXFX_madspin_pythia8_cat4L_sys_EWKDown
kHz), accepted    30001/   30001 events (100.00%)
Processed    40000/  100739 entries, 39.71% (elapsed time  2650.0s, curr speed    0.015 kHz, avg speed    0.015 kHz), accepted    40001/   40001 events (100.00%)
Processed    50000/  100739 entries, 49.63% (elapsed time  3307.5s, curr speed    0.015 kHz, avg speed    0.015 kHz), accepted    50001/   50001 events (100.00%)
Processed    60000/  100739 entries, 59.56% (elapsed time  3937.8s, curr speed    0.016 kHz, avg speed    0.015 kHz), accepted    60001/   60001 events (100.00%)
Processed    70000/  100739 entries, 69.49% (elapsed time  4601.8s, curr speed    0.015 kHz, avg speed    0.015 kHz), accepted    70001/   70001 events (100.00%)
Processed    80000/  100739 entries, 79.41% (elapsed time  5246.5s, curr speed    0.016 kHz, avg speed    0.015 kHz), accepted    80001/   80001 events (100.00%)
Processed    90000/  100739 entries, 89.34% (elapsed time  5884.6s, curr speed    0.016 kHz, avg speed    0.015 kHz), accepted    90001/   90001 events (100.00%)
Processed   100000/  100739 entries, 99.27% (elapsed time  6521.0s, curr speed    0.016 kHz, avg speed    0.015 kHz), accepted   100001/  100001 events (100.00%)
Processed 100739 preselected entries from /eos/cms/store/group/phys_exotica/monoZ/Exorcism2016/WZTo2L2Q_13TeV_amcatnloFXFX_madspin_pythia8/tree_7.root (100739 entries). Finally selected 100739 entries
Done ./tree_7_Skim.root
15.3232688139 Hz
----- transfer output to eos :
----- directory after running :
.:
total 6204
-rw-r--r--. 1 cfreer zh    1214 Nov 30 01:13 FrameworkJobReport.xml
-rw-r--r--. 1 cfreer zh       0 Nov 29 23:18 _condor_stderr
-rw-r--r--. 1 cfreer zh   83339 Nov 30 01:13 _condor_stdout
-rw-------. 1 cfreer zh    4914 Nov 30 01:13 cfreer.cc
-rw-r--r--. 1 cfreer zh   16092 Nov 29 23:18 combineHLT_Run2.yaml
-rw-r--r--. 1 cfreer zh    5718 Nov 29 23:18 condor_WSProducer.py
-rwxr-xr-x. 1 cfreer zh     842 Nov 29 23:18 condor_exec.exe
-rwxr-xr-x. 1 cfreer zh    2559 Nov 29 23:18 haddnano.py
-rw-r--r--. 1 cfreer zh       8 Nov 29 23:18 keep_and_drop_WS.txt
drwx------. 3 cfreer zh    4096 Nov 29 23:18 tmp
-rw-r--r--. 1 cfreer zh 3102319 Nov 30 01:13 tree_24.root
-rw-r--r--. 1 cfreer zh 3102175 Nov 30 01:12 tree_7_Skim.root
drwx------. 3 cfreer zh    4096 Nov 29 23:18 var

./tmp:
total 4
drwxr-xr-x. 3 cfreer zh 4096 Nov 29 23:18 mjf-cfreer

./tmp/mjf-cfreer:
total 4
drwxr-xr-x. 2 cfreer zh 4096 Nov 29 23:18 jobfeatures-bigbird09.cern.ch_3029536.24_1574945562

./tmp/mjf-cfreer/jobfeatures-bigbird09.cern.ch_3029536.24_1574945562:
total 28
-rw-r--r--. 1 cfreer zh  1 Nov 29 23:18 allocated_cpu
-rw-r--r--. 1 cfreer zh  6 Nov 29 23:18 cpu_limit_secs
-rw-r--r--. 1 cfreer zh 39 Nov 29 23:18 job_id
-rw-r--r--. 1 cfreer zh 10 Nov 29 23:18 jobstart_secs
-rw-r--r--. 1 cfreer zh 10 Nov 29 23:18 max_rss_bytes
-rw-r--r--. 1 cfreer zh 10 Nov 29 23:18 scratch_limit_bytes
-rw-r--r--. 1 cfreer zh  6 Nov 29 23:18 wall_limit_secs

./var:
total 4
drwx------. 2 cfreer zh 4096 Nov 29 23:18 tmp

./var/tmp:
total 0
 ------ THE END (everyone dies !) ----- 
