
/pool/condor/dir_30823

... start job at 2019-11-29 22:28:09
----- directory before running:
.:
total 52
-rw-r--r--. 1 cfreer zh     0 Nov 29 22:28 _condor_stderr
-rw-r--r--. 1 cfreer zh    94 Nov 29 22:28 _condor_stdout
-rw-------. 1 cfreer zh  2642 Nov 29 22:28 cfreer.cc
-rw-r--r--. 1 cfreer zh 16092 Nov 29 22:28 combineHLT_Run2.yaml
-rw-r--r--. 1 cfreer zh  5718 Nov 29 22:28 condor_WSProducer.py
-rwxr-xr-x. 1 cfreer zh   821 Nov 29 22:28 condor_exec.exe
-rwxr-xr-x. 1 cfreer zh  2559 Nov 29 22:28 haddnano.py
-rw-r--r--. 1 cfreer zh     8 Nov 29 22:28 keep_and_drop_WS.txt
drwx------. 3 cfreer zh  4096 Nov 29 22:28 tmp
drwx------. 3 cfreer zh  4096 Nov 29 22:28 var

./tmp:
total 4
drwxr-xr-x. 3 cfreer zh 4096 Nov 29 22:28 mjf-cfreer

./tmp/mjf-cfreer:
total 4
drwxr-xr-x. 2 cfreer zh 4096 Nov 29 22:28 jobfeatures-bigbird09.cern.ch_3029501.1_1574944594

./tmp/mjf-cfreer/jobfeatures-bigbird09.cern.ch_3029501.1_1574944594:
total 28
-rw-r--r--. 1 cfreer zh  1 Nov 29 22:28 allocated_cpu
-rw-r--r--. 1 cfreer zh  6 Nov 29 22:28 cpu_limit_secs
-rw-r--r--. 1 cfreer zh 38 Nov 29 22:28 job_id
-rw-r--r--. 1 cfreer zh 10 Nov 29 22:28 jobstart_secs
-rw-r--r--. 1 cfreer zh 10 Nov 29 22:28 max_rss_bytes
-rw-r--r--. 1 cfreer zh 10 Nov 29 22:28 scratch_limit_bytes
-rw-r--r--. 1 cfreer zh  6 Nov 29 22:28 wall_limit_secs

./var:
total 4
drwx------. 2 cfreer zh 4096 Nov 29 22:28 tmp

./var/tmp:
total 0
----- CMSSW BASE, python path, pwd:
+ CMSSW_BASE  = /afs/cern.ch/work/c/cfreer/MonoZ_2019/MT_plots/CMSSW_10_6_4
+ PYTHON_PATH = 
+ PWD         = /pool/condor/dir_30823
Adding file ./tree_1_Skim.root
Merging measMET_monoZ_catSignal-0jet
Merging MT_monoZ_catSignal-0jet
Merging measMET_monoZ_catEM
Merging MT_monoZ_catEM
Merging measMET_monoZ_catSignal-1jet
Merging MT_monoZ_catSignal-1jet
Merging measMET_monoZ_cat3L
Merging MT_monoZ_cat3L
Merging measMET_monoZ_cat4L
Merging MT_monoZ_cat4L
Merging measMET_monoZ_catNRB
Merging MT_monoZ_catNRB
Merging measMET_monoZ_catTOP
Merging MT_monoZ_catTOP
Merging measMET_monoZ_catDY
Merging MT_monoZ_catDY
Merging balance_monoZ
Merging phizmet_monoZ
Merging njet_monoZ
Merging measMET_monoZ_catSignal-0jet_sys_ElectronEnUp
Merging MT_monoZ_catSignal-0jet_sys_ElectronEnUp
Merging measMET_monoZ_catEM_sys_ElectronEnUp
Merging MT_monoZ_catEM_sys_ElectronEnUp
Merging measMET_monoZ_catSignal-1jet_sys_ElectronEnUp
Merging MT_monoZ_catSignal-1jet_sys_ElectronEnUp
Merging measMET_monoZ_cat3L_sys_ElectronEnUp
Merging MT_monoZ_cat3L_sys_ElectronEnUp
Merging measMET_monoZ_cat4L_sys_ElectronEnUp
Merging MT_monoZ_cat4L_sys_ElectronEnUp
Merging measMET_monoZ_catNRB_sys_ElectronEnUp
Merging MT_monoZ_catNRB_sys_ElectronEnUp
Merging measMET_monoZ_catTOP_sys_ElectronEnUp
Merging MT_monoZ_catTOP_sys_ElectronEnUp
Merging measMET_monoZ_catDY_sys_ElectronEnUp
Merging MT_monoZ_catDY_sys_ElectronEnUp
Merging balance_monoZ_sys_ElectronEnUp
Merging phizmet_monoZ_sys_ElectronEnUp
Merging njet_monoZ_sys_ElectronEnUp
Merging measMET_monoZ_catSignal-0jet_sys_ElectronEnDown
Merging MT_monoZ_catSignal-0jet_sys_ElectronEnDown
Merging measMET_monoZ_catEM_sys_ElectronEnDown
Merging MT_monoZ_catEM_sys_ElectronEnDown
Merging measMET_monoZ_catSignal-1jet_sys_ElectronEnDown
Merging MT_monoZ_catSignal-1jet_sys_ElectronEnDown
Merging measMET_monoZ_cat3L_sys_ElectronEnDown
Merging MT_monoZ_cat3L_sys_ElectronEnDown
Merging measMET_monoZ_cat4L_sys_ElectronEnDown
Merging MT_monoZ_cat4L_sys_ElectronEnDown
Merging measMET_monoZ_catNRB_sys_ElectronEnDown
Merging MT_monoZ_catNRB_sys_ElectronEnDown
Merging measMET_monoZ_catTOP_sys_ElectronEnDown
Merging MT_monoZ_catTOP_sys_ElectronEnDown
Merging measMET_monoZ_catDY_sys_ElectronEnDown
Merging MT_monoZ_catDY_sys_ElectronEnDown
Merging balance_monoZ_sys_ElectronEnDown
Merging phizmet_monoZ_sys_ElectronEnDown
Merging njet_monoZ_sys_ElectronEnDown
Merging measMET_monoZ_catSignal-0jet_sys_MuonEnUp
Merging MT_monoZ_catSignal-0jet_sys_MuonEnUp
Merging measMET_monoZ_catEM_sys_MuonEnUp
Merging MT_monoZ_catEM_sys_MuonEnUp
Merging measMET_monoZ_catSignal-1jet_sys_MuonEnUp
Merging MT_monoZ_catSignal-1jet_sys_MuonEnUp
Merging measMET_monoZ_cat3L_sys_MuonEnUp
Merging MT_monoZ_cat3L_sys_MuonEnUp
Merging measMET_monoZ_cat4L_sys_MuonEnUp
Merging MT_monoZ_cat4L_sys_MuonEnUp
Merging measMET_monoZ_catNRB_sys_MuonEnUp
Merging MT_monoZ_catNRB_sys_MuonEnUp
Merging measMET_monoZ_catTOP_sys_MuonEnUp
Merging MT_monoZ_catTOP_sys_MuonEnUp
Merging measMET_monoZ_catDY_sys_MuonEnUp
Merging MT_monoZ_catDY_sys_MuonEnUp
Merging balance_monoZ_sys_MuonEnUp
Merging phizmet_monoZ_sys_MuonEnUp
Merging njet_monoZ_sys_MuonEnUp
Merging measMET_monoZ_catSignal-0jet_sys_MuonEnDown
Merging MT_monoZ_catSignal-0jet_sys_MuonEnDown
Merging measMET_monoZ_catEM_sys_MuonEnDown
Merging MT_monoZ_catEM_sys_MuonEnDown
Merging measMET_monoZ_catSignal-1jet_sys_MuonEnDown
Merging MT_monoZ_catSignal-1jet_sys_MuonEnDown
Merging measMET_monoZ_cat3L_sys_MuonEnDown
Merging MT_monoZ_cat3L_sys_MuonEnDown
Merging measMET_monoZ_cat4L_sys_MuonEnDown
Merging MT_monoZ_cat4L_sys_MuonEnDown
Merging measMET_monoZ_catNRB_sys_MuonEnDown
Merging MT_monoZ_catNRB_sys_MuonEnDown
Merging measMET_monoZ_catTOP_sys_MuonEnDown
Merging MT_monoZ_catTOP_sys_MuonEnDown
Merging measMET_monoZ_catDY_sys_MuonEnDown
Merging MT_monoZ_catDY_sys_MuonEnDown
Merging balance_monoZ_sys_MuonEnDown
Merging phizmet_monoZ_sys_MuonEnDown
Merging njet_monoZ_sys_MuonEnDown
Merging measMET_monoZ_catSignal-0jet_sys_jesTotalUp
Merging MT_monoZ_catSignal-0jet_sys_jesTotalUp
Merging measMET_monoZ_catEM_sys_jesTotalUp
Merging MT_monoZ_catEM_sys_jesTotalUp
Merging measMET_monoZ_catSignal-1jet_sys_jesTotalUp
Merging MT_monoZ_catSignal-1jet_sys_jesTotalUp
Merging measMET_monoZ_cat3L_sys_jesTotalUp
Merging MT_monoZ_cat3L_sys_jesTotalUp
Merging measMET_monoZ_cat4L_sys_jesTotalUp
Merging MT_monoZ_cat4L_sys_jesTotalUp
Merging measMET_monoZ_catNRB_sys_jesTotalUp
Merging MT_monoZ_catNRB_sys_jesTotalUp
Merging measMET_monoZ_catTOP_sys_jesTotalUp
Merging MT_monoZ_catTOP_sys_jesTotalUp
Merging measMET_monoZ_catDY_sys_jesTotalUp
Merging MT_monoZ_catDY_sys_jesTotalUp
Merging balance_monoZ_sys_jesTotalUp
Merging phizmet_monoZ_sys_jesTotalUp
Merging njet_monoZ_sys_jesTotalUp
Merging measMET_monoZ_catSignal-0jet_sys_jesTotalDown
Merging MT_monoZ_catSignal-0jet_sys_jesTotalDown
Merging measMET_monoZ_catEM_sys_jesTotalDown
Merging MT_monoZ_catEM_sys_jesTotalDown
Merging measMET_monoZ_catSignal-1jet_sys_jesTotalDown
Merging MT_monoZ_catSignal-1jet_sys_jesTotalDown
Merging measMET_monoZ_cat3L_sys_jesTotalDown
Merging MT_monoZ_cat3L_sys_jesTotalDown
Merging measMET_monoZ_cat4L_sys_jesTotalDown
Merging MT_monoZ_cat4L_sys_jesTotalDown
Merging measMET_monoZ_catNRB_sys_jesTotalDown
Merging MT_monoZ_catNRB_sys_jesTotalDown
Merging measMET_monoZ_catTOP_sys_jesTotalDown
Merging MT_monoZ_catTOP_sys_jesTotalDown
Merging measMET_monoZ_catDY_sys_jesTotalDown
Merging MT_monoZ_catDY_sys_jesTotalDown
Merging balance_monoZ_sys_jesTotalDown
Merging phizmet_monoZ_sys_jesTotalDown
Merging njet_monoZ_sys_jesTotalDown
Merging measMET_monoZ_catSignal-0jet_sys_jerUp
Merging MT_monoZ_catSignal-0jet_sys_jerUp
Merging measMET_monoZ_catEM_sys_jerUp
Merging MT_monoZ_catEM_sys_jerUp
Merging measMET_monoZ_catSignal-1jet_sys_jerUp
Merging MT_monoZ_catSignal-1jet_sys_jerUp
Merging measMET_monoZ_cat3L_sys_jerUp
Merging MT_monoZ_cat3L_sys_jerUp
Merging measMET_monoZ_cat4L_sys_jerUp
Merging MT_monoZ_cat4L_sys_jerUp
Merging measMET_monoZ_catNRB_sys_jerUp
Merging MT_monoZ_catNRB_sys_jerUp
Merging measMET_monoZ_catTOP_sys_jerUp
Merging MT_monoZ_catTOP_sys_jerUp
Merging measMET_monoZ_catDY_sys_jerUp
Merging MT_monoZ_catDY_sys_jerUp
Merging balance_monoZ_sys_jerUp
Merging phizmet_monoZ_sys_jerUp
Merging njet_monoZ_sys_jerUp
Merging measMET_monoZ_catSignal-0jet_sys_jerDown
Merging MT_monoZ_catSignal-0jet_sys_jerDown
Merging measMET_monoZ_catEM_sys_jerDown
Merging MT_monoZ_catEM_sys_jerDown
Merging measMET_monoZ_catSignal-1jet_sys_jerDown
Merging MT_monoZ_catSignal-1jet_sys_jerDown
Merging measMET_monoZ_cat3L_sys_jerDown
Merging MT_monoZ_cat3L_sys_jerDown
Merging measMET_monoZ_cat4L_sys_jerDown
Merging MT_monoZ_cat4L_sys_jerDown
Merging measMET_monoZ_catNRB_sys_jerDown
Merging MT_monoZ_catNRB_sys_jerDown
Merging measMET_monoZ_catTOP_sys_jerDown
Merging MT_monoZ_catTOP_sys_jerDown
Merging measMET_monoZ_catDY_sys_jerDown
Merging MT_monoZ_catDY_sys_jerDown
Merging balance_monoZ_sys_jerDown
Merging phizmet_monoZ_sys_jerDown
Merging njet_monoZ_sys_jerDown
Merging measMET_monoZ_catSignal-0jet_sys_puWeightUp
Merging MT_monoZ_catSignal-0jet_sys_puWeightUp
Merging measMET_monoZ_catEM_sys_puWeightUp
Merging MT_monoZ_catEM_sys_puWeightUp
Merging measMET_monoZ_catSignal-1jet_sys_puWeightUp
Merging MT_monoZ_catSignal-1jet_sys_puWeightUp
Merging measMET_monoZ_cat3L_sys_puWeightUp
Merging MT_monoZ_cat3L_sys_puWeightUp
Merging measMET_monoZ_cat4L_sys_puWeightUp
Merging MT_monoZ_cat4L_sys_puWeightUp
Merging measMET_monoZ_catNRB_sys_puWeightUp
Merging MT_monoZ_catNRB_sys_puWeightUp
Merging measMET_monoZ_catTOP_sys_puWeightUp
Merging MT_monoZ_catTOP_sys_puWeightUp
Merging measMET_monoZ_catDY_sys_puWeightUp
Merging MT_monoZ_catDY_sys_puWeightUp
Merging balance_monoZ_sys_puWeightUp
Merging phizmet_monoZ_sys_puWeightUp
Merging njet_monoZ_sys_puWeightUp
Merging measMET_monoZ_catSignal-0jet_sys_puWeightDown
Merging MT_monoZ_catSignal-0jet_sys_puWeightDown
Merging measMET_monoZ_catEM_sys_puWeightDown
Merging MT_monoZ_catEM_sys_puWeightDown
Merging measMET_monoZ_catSignal-1jet_sys_puWeightDown
Merging MT_monoZ_catSignal-1jet_sys_puWeightDown
Merging measMET_monoZ_cat3L_sys_puWeightDown
Merging MT_monoZ_cat3L_sys_puWeightDown
Merging measMET_monoZ_cat4L_sys_puWeightDown
Merging MT_monoZ_cat4L_sys_puWeightDown
Merging measMET_monoZ_catNRB_sys_puWeightDown
Merging MT_monoZ_catNRB_sys_puWeightDown
Merging measMET_monoZ_catTOP_sys_puWeightDown
Merging MT_monoZ_catTOP_sys_puWeightDown
Merging measMET_monoZ_catDY_sys_puWeightDown
Merging MT_monoZ_catDY_sys_puWeightDown
Merging balance_monoZ_sys_puWeightDown
Merging phizmet_monoZ_sys_puWeightDown
Merging njet_monoZ_sys_puWeightDown
Merging measMET_monoZ_catSignal-0jet_sys_PDFUp
Merging MT_monoZ_catSignal-0jet_sys_PDFUp
Merging measMET_monoZ_catEM_sys_PDFUp
Merging MT_monoZ_catEM_sys_PDFUp
Merging measMET_monoZ_catSignal-1jet_sys_PDFUp
Merging MT_monoZ_catSignal-1jet_sys_PDFUp
Merging measMET_monoZ_cat3L_sys_PDFUp
Merging MT_monoZ_cat3L_sys_PDFUp
Merging measMET_monoZ_cat4L_sys_PDFUp
Merging MT_monoZ_cat4L_sys_PDFUp
Merging measMET_monoZ_catNRB_sys_PDFUp
Merging MT_monoZ_catNRB_sys_PDFUp
Merging measMET_monoZ_catTOP_sys_PDFUp
Merging MT_monoZ_catTOP_sys_PDFUp
Merging measMET_monoZ_catDY_sys_PDFUp
Merging MT_monoZ_catDY_sys_PDFUp
Merging balance_monoZ_sys_PDFUp
Merging phizmet_monoZ_sys_PDFUp
Merging njet_monoZ_sys_PDFUp
Merging measMET_monoZ_catSignal-0jet_sys_PDFDown
Merging MT_monoZ_catSignal-0jet_sys_PDFDown
Merging measMET_monoZ_catEM_sys_PDFDown
Merging MT_monoZ_catEM_sys_PDFDown
Merging measMET_monoZ_catSignal-1jet_sys_PDFDown
Merging MT_monoZ_catSignal-1jet_sys_PDFDown
Merging measMET_monoZ_cat3L_sys_PDFDown
Merging MT_monoZ_cat3L_sys_PDFDown
Merging measMET_monoZ_cat4L_sys_PDFDown
Merging MT_monoZ_cat4L_sys_PDFDown
Merging measMET_monoZ_catNRB_sys_PDFDown
Merging MT_monoZ_catNRB_sys_PDFDown
Merging measMET_monoZ_catTOP_sys_PDFDown
Merging MT_monoZ_catTOP_sys_PDFDown
Merging measMET_monoZ_catDY_sys_PDFDown
Merging MT_monoZ_catDY_sys_PDFDown
Merging balance_monoZ_sys_PDFDown
Merging phizmet_monoZ_sys_PDFDown
Merging njet_monoZ_sys_PDFDown
Merging measMET_monoZ_catSignal-0jet_sys_MuonSFUp
Merging MT_monoZ_catSignal-0jet_sys_MuonSFUp
Merging measMET_monoZ_catEM_sys_MuonSFUp
Merging MT_monoZ_catEM_sys_MuonSFUp
Merging measMET_monoZ_catSignal-1jet_sys_MuonSFUp
Merging MT_monoZ_catSignal-1jet_sys_MuonSFUp
Merging measMET_monoZ_cat3L_sys_MuonSFUp
Merging MT_monoZ_cat3L_sys_MuonSFUp
Merging measMET_monoZ_cat4L_sys_MuonSFUp
Merging MT_monoZ_cat4L_sys_MuonSFUp
Merging measMET_monoZ_catNRB_sys_MuonSFUp
Merging MT_monoZ_catNRB_sys_MuonSFUp
Merging measMET_monoZ_catTOP_sys_MuonSFUp
Merging MT_monoZ_catTOP_sys_MuonSFUp
Merging measMET_monoZ_catDY_sys_MuonSFUp
Merging MT_monoZ_catDY_sys_MuonSFUp
Merging balance_monoZ_sys_MuonSFUp
Merging phizmet_monoZ_sys_MuonSFUp
Merging njet_monoZ_sys_MuonSFUp
Merging measMET_monoZ_catSignal-0jet_sys_MuonSFDown
Merging MT_monoZ_catSignal-0jet_sys_MuonSFDown
Merging measMET_monoZ_catEM_sys_MuonSFDown
Merging MT_monoZ_catEM_sys_MuonSFDown
Merging measMET_monoZ_catSignal-1jet_sys_MuonSFDown
Merging MT_monoZ_catSignal-1jet_sys_MuonSFDown
Merging measMET_monoZ_cat3L_sys_MuonSFDown
Merging MT_monoZ_cat3L_sys_MuonSFDown
Merging measMET_monoZ_cat4L_sys_MuonSFDown
Merging MT_monoZ_cat4L_sys_MuonSFDown
Merging measMET_monoZ_catNRB_sys_MuonSFDown
Merging MT_monoZ_catNRB_sys_MuonSFDown
Merging measMET_monoZ_catTOP_sys_MuonSFDown
Merging MT_monoZ_catTOP_sys_MuonSFDown
Merging measMET_monoZ_catDY_sys_MuonSFDown
Merging MT_monoZ_catDY_sys_MuonSFDown
Merging balance_monoZ_sys_MuonSFDown
Merging phizmet_monoZ_sys_MuonSFDown
Merging njet_monoZ_sys_MuonSFDown
Merging measMET_monoZ_catSignal-0jet_sys_ElecronSFUp
Merging MT_monoZ_catSignal-0jet_sys_ElecronSFUp
Merging measMET_monoZ_catEM_sys_ElecronSFUp
Merging MT_monoZ_catEM_sys_ElecronSFUp
Merging measMET_monoZ_catSignal-1jet_sys_ElecronSFUp
Merging MT_monoZ_catSignal-1jet_sys_ElecronSFUp
Merging measMET_monoZ_cat3L_sys_ElecronSFUp
Merging MT_monoZ_cat3L_sys_ElecronSFUp
Merging measMET_monoZ_cat4L_sys_ElecronSFUp
Merging MT_monoZ_cat4L_sys_ElecronSFUp
Merging measMET_monoZ_catNRB_sys_ElecronSFUp
Merging MT_monoZ_catNRB_sys_ElecronSFUp
Merging measMET_monoZ_catTOP_sys_ElecronSFUp
Merging MT_monoZ_catTOP_sys_ElecronSFUp
Merging measMET_monoZ_catDY_sys_ElecronSFUp
Merging MT_monoZ_catDY_sys_ElecronSFUp
Merging balance_monoZ_sys_ElecronSFUp
Merging phizmet_monoZ_sys_ElecronSFUp
Merging njet_monoZ_sys_ElecronSFUp
Merging measMET_monoZ_catSignal-0jet_sys_ElecronSFDown
Merging MT_monoZ_catSignal-0jet_sys_ElecronSFDown
Merging measMET_monoZ_catEM_sys_ElecronSFDown
Merging MT_monoZ_catEM_sys_ElecronSFDown
Merging measMET_monoZ_catSignal-1jet_sys_ElecronSFDown
Merging MT_monoZ_catSignal-1jet_sys_ElecronSFDown
Merging measMET_monoZ_cat3L_sys_ElecronSFDown
Merging MT_monoZ_cat3L_sys_ElecronSFDown
Merging measMET_monoZ_cat4L_sys_ElecronSFDown
Merging MT_monoZ_cat4L_sys_ElecronSFDown
Merging measMET_monoZ_catNRB_sys_ElecronSFDown
Merging MT_monoZ_catNRB_sys_ElecronSFDown
Merging measMET_monoZ_catTOP_sys_ElecronSFDown
Merging MT_monoZ_catTOP_sys_ElecronSFDown
Merging measMET_monoZ_catDY_sys_ElecronSFDown
Merging MT_monoZ_catDY_sys_ElecronSFDown
Merging balance_monoZ_sys_ElecronSFDown
Merging phizmet_monoZ_sys_ElecronSFDown
Merging njet_monoZ_sys_ElecronSFDown
Merging measMET_monoZ_catSignal-0jet_sys_EWKUp
Merging MT_monoZ_catSignal-0jet_sys_EWKUp
Merging measMET_monoZ_catEM_sys_EWKUp
Merging MT_monoZ_catEM_sys_EWKUp
Merging measMET_monoZ_catSignal-1jet_sys_EWKUp
Merging MT_monoZ_catSignal-1jet_sys_EWKUp
Merging measMET_monoZ_cat3L_sys_EWKUp
Merging MT_monoZ_cat3L_sys_EWKUp
Merging measMET_monoZ_cat4L_sys_EWKUp
Merging MT_monoZ_cat4L_sys_EWKUp
Merging measMET_monoZ_catNRB_sys_EWKUp
Merging MT_monoZ_catNRB_sys_EWKUp
Merging measMET_monoZ_catTOP_sys_EWKUp
Merging MT_monoZ_catTOP_sys_EWKUp
Merging measMET_monoZ_catDY_sys_EWKUp
Merging MT_monoZ_catDY_sys_EWKUp
Merging balance_monoZ_sys_EWKUp
Merging phizmet_monoZ_sys_EWKUp
Merging njet_monoZ_sys_EWKUp
Merging measMET_monoZ_catSignal-0jet_sys_EWKDown
Merging MT_monoZ_catSignal-0jet_sys_EWKDown
Merging measMET_monoZ_catEM_sys_EWKDown
Merging MT_monoZ_catEM_sys_EWKDown
Merging measMET_monoZ_catSignal-1jet_sys_EWKDown
Merging MT_monoZ_catSignal-1jet_sys_EWKDown
Merging measMET_monoZ_cat3L_sys_EWKDown
Merging MT_monoZ_cat3L_sys_EWKDown
Merging measMET_monoZ_cat4L_sys_EWKDown
Merging MT_monoZ_cat4L_sys_EWKDown
Merging measMET_monoZ_catNRB_sys_EWKDown
Merging MT_monoZ_catNRB_sys_EWKDown
Merging measMET_monoZ_catTOP_sys_EWKDown
Merging MT_monoZ_catTOP_sys_EWKDown
Merging measMET_monoZ_catDY_sys_EWKDown
Merging MT_monoZ_catDY_sys_EWKDown
Merging balance_monoZ_sys_EWKDown
Merging phizmet_monoZ_sys_EWKDown
Merging njet_monoZ_sys_EWKDown
Merging measMET_monoZ_catSignal-0jet_sys_nvtxWeightUp
Merging MT_monoZ_catSignal-0jet_sys_nvtxWeightUp
Merging measMET_monoZ_catEM_sys_nvtxWeightUp
Merging MT_monoZ_catEM_sys_nvtxWeightUp
Merging measMET_monoZ_catSignal-1jet_sys_nvtxWeightUp
Merging MT_monoZ_catSignal-1jet_sys_nvtxWeightUp
Merging measMET_monoZ_cat3L_sys_nvtxWeightUp
Merging MT_monoZ_cat3L_sys_nvtxWeightUp
Merging measMET_monoZ_cat4L_sys_nvtxWeightUp
Merging MT_monoZ_cat4L_sys_nvtxWeightUp
Merging measMET_monoZ_catNRB_sys_nvtxWeightUp
Merging MT_monoZ_catNRB_sys_nvtxWeightUp
Merging measMET_monoZ_catTOP_sys_nvtxWeightUp
Merging MT_monoZ_catTOP_sys_nvtxWeightUp
Merging measMET_monoZ_catDY_sys_nvtxWeightUp
Merging MT_monoZ_catDY_sys_nvtxWeightUp
Merging balance_monoZ_sys_nvtxWeightUp
Merging phizmet_monoZ_sys_nvtxWeightUp
Merging njet_monoZ_sys_nvtxWeightUp
Merging measMET_monoZ_catSignal-0jet_sys_nvtxWeightDown
Merging MT_monoZ_catSignal-0jet_sys_nvtxWeightDown
Merging measMET_monoZ_catEM_sys_nvtxWeightDown
Merging MT_monoZ_catEM_sys_nvtxWeightDown
Merging measMET_monoZ_catSignal-1jet_sys_nvtxWeightDown
Merging MT_monoZ_catSignal-1jet_sys_nvtxWeightDown
Merging measMET_monoZ_cat3L_sys_nvtxWeightDown
Merging MT_monoZ_cat3L_sys_nvtxWeightDown
Merging measMET_monoZ_cat4L_sys_nvtxWeightDown
Merging MT_monoZ_cat4L_sys_nvtxWeightDown
Merging measMET_monoZ_catNRB_sys_nvtxWeightDown
Merging MT_monoZ_catNRB_sys_nvtxWeightDown
Merging measMET_monoZ_catTOP_sys_nvtxWeightDown
Merging MT_monoZ_catTOP_sys_nvtxWeightDown
Merging measMET_monoZ_catDY_sys_nvtxWeightDown
Merging MT_monoZ_catDY_sys_nvtxWeightDown
Merging balance_monoZ_sys_nvtxWeightDown
Merging phizmet_monoZ_sys_nvtxWeightDown
Merging njet_monoZ_sys_nvtxWeightDown
Merging measMET_monoZ_catSignal-0jet_sys_TriggerSFWeightUp
Merging MT_monoZ_catSignal-0jet_sys_TriggerSFWeightUp
Merging measMET_monoZ_catEM_sys_TriggerSFWeightUp
Merging MT_monoZ_catEM_sys_TriggerSFWeightUp
Merging measMET_monoZ_catSignal-1jet_sys_TriggerSFWeightUp
Merging MT_monoZ_catSignal-1jet_sys_TriggerSFWeightUp
Merging measMET_monoZ_cat3L_sys_TriggerSFWeightUp
Merging MT_monoZ_cat3L_sys_TriggerSFWeightUp
Merging measMET_monoZ_cat4L_sys_TriggerSFWeightUp
Merging MT_monoZ_cat4L_sys_TriggerSFWeightUp
Merging measMET_monoZ_catNRB_sys_TriggerSFWeightUp
Merging MT_monoZ_catNRB_sys_TriggerSFWeightUp
Merging measMET_monoZ_catTOP_sys_TriggerSFWeightUp
Merging MT_monoZ_catTOP_sys_TriggerSFWeightUp
Merging measMET_monoZ_catDY_sys_TriggerSFWeightUp
Merging MT_monoZ_catDY_sys_TriggerSFWeightUp
Merging balance_monoZ_sys_TriggerSFWeightUp
Merging phizmet_monoZ_sys_TriggerSFWeightUp
Merging njet_monoZ_sys_TriggerSFWeightUp
Merging measMET_monoZ_catSignal-0jet_sys_TriggerSFWeightDown
Merging MT_monoZ_catSignal-0jet_sys_TriggerSFWeightDown
Merging measMET_monoZ_catEM_sys_TriggerSFWeightDown
Merging MT_monoZ_catEM_sys_TriggerSFWeightDown
Merging measMET_monoZ_catSignal-1jet_sys_TriggerSFWeightDown
Merging MT_monoZ_catSignal-1jet_sys_TriggerSFWeightDown
Merging measMET_monoZ_cat3L_sys_TriggerSFWeightDown
Merging MT_monoZ_cat3L_sys_TriggerSFWeightDown
Merging measMET_monoZ_cat4L_sys_TriggerSFWeightDown
Merging MT_monoZ_cat4L_sys_TriggerSFWeightDown
Merging measMET_monoZ_catNRB_sys_TriggerSFWeightDown
Merging MT_monoZ_catNRB_sys_TriggerSFWeightDown
Merging measMET_monoZ_catTOP_sys_TriggerSFWeightDown
Merging MT_monoZ_catTOP_sys_TriggerSFWeightDown
Merging measMET_monoZ_catDY_sys_TriggerSFWeightDown
Merging MT_monoZ_catDY_sys_TriggerSFWeightDown
Merging balance_monoZ_sys_TriggerSFWeightDown
Merging phizmet_monoZ_sys_TriggerSFWeightDown
Merging njet_monoZ_sys_TriggerSFWeightDown
Merging measMET_monoZ_catSignal-0jet_sys_btagEventWeightUp
Merging MT_monoZ_catSignal-0jet_sys_btagEventWeightUp
Merging measMET_monoZ_catEM_sys_btagEventWeightUp
Merging MT_monoZ_catEM_sys_btagEventWeightUp
Merging measMET_monoZ_catSignal-1jet_sys_btagEventWeightUp
Merging MT_monoZ_catSignal-1jet_sys_btagEventWeightUp
Merging measMET_monoZ_cat3L_sys_btagEventWeightUp
Merging MT_monoZ_cat3L_sys_btagEventWeightUp
Merging measMET_monoZ_cat4L_sys_btagEventWeightUp
Merging MT_monoZ_cat4L_sys_btagEventWeightUp
Merging measMET_monoZ_catNRB_sys_btagEventWeightUp
Merging MT_monoZ_catNRB_sys_btagEventWeightUp
Merging measMET_monoZ_catTOP_sys_btagEventWeightUp
Merging MT_monoZ_catTOP_sys_btagEventWeightUp
Merging measMET_monoZ_catDY_sys_btagEventWeightUp
Merging MT_monoZ_catDY_sys_btagEventWeightUp
Merging balance_monoZ_sys_btagEventWeightUp
Merging phizmet_monoZ_sys_btagEventWeightUp
Merging njet_monoZ_sys_btagEventWeightUp
Merging measMET_monoZ_catSignal-0jet_sys_btagEventWeightDown
Merging MT_monoZ_catSignal-0jet_sys_btagEventWeightDown
Merging measMET_monoZ_catEM_sys_btagEventWeightDown
Merging MT_monoZ_catEM_sys_btagEventWeightDown
Merging measMET_monoZ_catSignal-1jet_sys_btagEventWeightDown
Merging MT_monoZ_catSignal-1jet_sys_btagEventWeightDown
Merging measMET_monoZ_cat3L_sys_btagEventWeightDown
Merging MT_monoZ_cat3L_sys_btagEventWeightDown
Merging measMET_monoZ_cat4L_sys_btagEventWeightDown
Merging MT_monoZ_cat4L_sys_btagEventWeightDown
Merging measMET_monoZ_catNRB_sys_btagEventWeightDown
Merging MT_monoZ_catNRB_sys_btagEventWeightDown
Merging measMET_monoZ_catTOP_sys_btagEventWeightDown
Merging MT_monoZ_catTOP_sys_btagEventWeightDown
Merging measMET_monoZ_catDY_sys_btagEventWeightDown
Merging MT_monoZ_catDY_sys_btagEventWeightDown
Merging balance_monoZ_sys_btagEventWeightDown
Merging phizmet_monoZ_sys_btagEventWeightDown
Merging njet_monoZ_sys_btagEventWeightDown
Merging measMET_monoZ_catSignal-0jet_sys_QCDScale0wUp
Merging MT_monoZ_catSignal-0jet_sys_QCDScale0wUp
Merging measMET_monoZ_catEM_sys_QCDScale0wUp
Merging MT_monoZ_catEM_sys_QCDScale0wUp
Merging measMET_monoZ_catSignal-1jet_sys_QCDScale0wUp
Merging MT_monoZ_catSignal-1jet_sys_QCDScale0wUp
Merging measMET_monoZ_cat3L_sys_QCDScale0wUp
Merging MT_monoZ_cat3L_sys_QCDScale0wUp
Merging measMET_monoZ_cat4L_sys_QCDScale0wUp
Merging MT_monoZ_cat4L_sys_QCDScale0wUp
Merging measMET_monoZ_catNRB_sys_QCDScale0wUp
Merging MT_monoZ_catNRB_sys_QCDScale0wUp
Merging measMET_monoZ_catTOP_sys_QCDScale0wUp
Merging MT_monoZ_catTOP_sys_QCDScale0wUp
Merging measMET_monoZ_catDY_sys_QCDScale0wUp
Merging MT_monoZ_catDY_sys_QCDScale0wUp
Merging balance_monoZ_sys_QCDScale0wUp
Merging phizmet_monoZ_sys_QCDScale0wUp
Merging njet_monoZ_sys_QCDScale0wUp
Merging measMET_monoZ_catSignal-0jet_sys_QCDScale0wDown
Merging MT_monoZ_catSignal-0jet_sys_QCDScale0wDown
Merging measMET_monoZ_catEM_sys_QCDScale0wDown
Merging MT_monoZ_catEM_sys_QCDScale0wDown
Merging measMET_monoZ_catSignal-1jet_sys_QCDScale0wDown
Merging MT_monoZ_catSignal-1jet_sys_QCDScale0wDown
Merging measMET_monoZ_cat3L_sys_QCDScale0wDown
Merging MT_monoZ_cat3L_sys_QCDScale0wDown
Merging measMET_monoZ_cat4L_sys_QCDScale0wDown
Merging MT_monoZ_cat4L_sys_QCDScale0wDown
Merging measMET_monoZ_catNRB_sys_QCDScale0wDown
Merging MT_monoZ_catNRB_sys_QCDScale0wDown
Merging measMET_monoZ_catTOP_sys_QCDScale0wDown
Merging MT_monoZ_catTOP_sys_QCDScale0wDown
Merging measMET_monoZ_catDY_sys_QCDScale0wDown
Merging MT_monoZ_catDY_sys_QCDScale0wDown
Merging balance_monoZ_sys_QCDScale0wDown
Merging phizmet_monoZ_sys_QCDScale0wDown
Merging njet_monoZ_sys_QCDScale0wDown
Merging measMET_monoZ_catSignal-0jet_sys_QCDScale1wUp
Merging MT_monoZ_catSignal-0jet_sys_QCDScale1wUp
Merging measMET_monoZ_catEM_sys_QCDScale1wUp
Merging MT_monoZ_catEM_sys_QCDScale1wUp
Merging measMET_monoZ_catSignal-1jet_sys_QCDScale1wUp
Merging MT_monoZ_catSignal-1jet_sys_QCDScale1wUp
Merging measMET_monoZ_cat3L_sys_QCDScale1wUp
Merging MT_monoZ_cat3L_sys_QCDScale1wUp
Merging measMET_monoZ_cat4L_sys_QCDScale1wUp
Merging MT_monoZ_cat4L_sys_QCDScale1wUp
Merging measMET_monoZ_catNRB_sys_QCDScale1wUp
Merging MT_monoZ_catNRB_sys_QCDScale1wUp
Merging measMET_monoZ_catTOP_sys_QCDScale1wUp
Merging MT_monoZ_catTOP_sys_QCDScale1wUp
Merging measMET_monoZ_catDY_sys_QCDScale1wUp
Merging MT_monoZ_catDY_sys_QCDScale1wUp
Merging balance_monoZ_sys_QCDScale1wUp
Merging phizmet_monoZ_sys_QCDScale1wUp
Merging njet_monoZ_sys_QCDScale1wUp
Merging measMET_monoZ_catSignal-0jet_sys_QCDScale1wDown
Merging MT_monoZ_catSignal-0jet_sys_QCDScale1wDown
Merging measMET_monoZ_catEM_sys_QCDScale1wDown
Merging MT_monoZ_catEM_sys_QCDScale1wDown
Merging measMET_monoZ_catSignal-1jet_sys_QCDScale1wDown
Merging MT_monoZ_catSignal-1jet_sys_QCDScale1wDown
Merging measMET_monoZ_cat3L_sys_QCDScale1wDown
Merging MT_monoZ_cat3L_sys_QCDScale1wDown
Merging measMET_monoZ_cat4L_sys_QCDScale1wDown
Merging MT_monoZ_cat4L_sys_QCDScale1wDown
Merging measMET_monoZ_catNRB_sys_QCDScale1wDown
Merging MT_monoZ_catNRB_sys_QCDScale1wDown
Merging measMET_monoZ_catTOP_sys_QCDScale1wDown
Merging MT_monoZ_catTOP_sys_QCDScale1wDown
Merging measMET_monoZ_catDY_sys_QCDScale1wDown
Merging MT_monoZ_catDY_sys_QCDScale1wDown
Merging balance_monoZ_sys_QCDScale1wDown
Merging phizmet_monoZ_sys_QCDScale1wDown
Merging njet_monoZ_sys_QCDScale1wDown
Merging measMET_monoZ_catSignal-0jet_sys_QCDScale2wUp
Merging MT_monoZ_catSignal-0jet_sys_QCDScale2wUp
Merging measMET_monoZ_catEM_sys_QCDScale2wUp
Merging MT_monoZ_catEM_sys_QCDScale2wUp
Merging measMET_monoZ_catSignal-1jet_sys_QCDScale2wUp
Merging MT_monoZ_catSignal-1jet_sys_QCDScale2wUp
Merging measMET_monoZ_cat3L_sys_QCDScale2wUp
Merging MT_monoZ_cat3L_sys_QCDScale2wUp
Merging measMET_monoZ_cat4L_sys_QCDScale2wUp
Merging MT_monoZ_cat4L_sys_QCDScale2wUp
Merging measMET_monoZ_catNRB_sys_QCDScale2wUp
Merging MT_monoZ_catNRB_sys_QCDScale2wUp
Merging measMET_monoZ_catTOP_sys_QCDScale2wUp
Merging MT_monoZ_catTOP_sys_QCDScale2wUp
Merging measMET_monoZ_catDY_sys_QCDScale2wUp
Merging MT_monoZ_catDY_sys_QCDScale2wUp
Merging balance_monoZ_sys_QCDScale2wUp
Merging phizmet_monoZ_sys_QCDScale2wUp
Merging njet_monoZ_sys_QCDScale2wUp
Merging measMET_monoZ_catSignal-0jet_sys_QCDScale2wDown
Merging MT_monoZ_catSignal-0jet_sys_QCDScale2wDown
Merging measMET_monoZ_catEM_sys_QCDScale2wDown
Merging MT_monoZ_catEM_sys_QCDScale2wDown
Merging measMET_monoZ_catSignal-1jet_sys_QCDScale2wDown
Merging MT_monoZ_catSignal-1jet_sys_QCDScale2wDown
Merging measMET_monoZ_cat3L_sys_QCDScale2wDown
Merging MT_monoZ_cat3L_sys_QCDScale2wDown
Merging measMET_monoZ_cat4L_sys_QCDScale2wDown
Merging MT_monoZ_cat4L_sys_QCDScale2wDown
Merging measMET_monoZ_catNRB_sys_QCDScale2wDown
Merging MT_monoZ_catNRB_sys_QCDScale2wDown
Merging measMET_monoZ_catTOP_sys_QCDScale2wDown
Merging MT_monoZ_catTOP_sys_QCDScale2wDown
Merging measMET_monoZ_catDY_sys_QCDScale2wDown
Merging MT_monoZ_catDY_sys_QCDScale2wDown
Merging balance_monoZ_sys_QCDScale2wDown
Merging phizmet_monoZ_sys_QCDScale2wDown
Merging njet_monoZ_sys_QCDScale2wDown
Merging Events
Merging Runs
Merging ParameterSets
Merging LuminosityBlocks
Merging MetaData
Merging measMET_WWTo2L2Nu_13TeV-powheg_catSignal-1jet_sys_EWKUp
Merging phizmet_WWTo2L2Nu_13TeV-powheg_sys_jerUp
Merging balance_WWTo2L2Nu_13TeV-powheg_sys_nvtxWeightUp
Merging phizmet_WWTo2L2Nu_13TeV-powheg_sys_ElectronEnUp
Merging MT_WWTo2L2Nu_13TeV-powheg_catSignal-1jet_sys_ElectronEnUp
Merging MT_WWTo2L2Nu_13TeV-powheg_catTOP_sys_jerUp
Merging MT_WWTo2L2Nu_13TeV-powheg_cat4L_sys_MuonSFDown
Merging MT_WWTo2L2Nu_13TeV-powheg_cat3L_sys_MuonSFDown
Merging measMET_WWTo2L2Nu_13TeV-powheg_cat3L_sys_QCDScale0wUp
Merging MT_WWTo2L2Nu_13TeV-powheg_catTOP_sys_PDFUp
Merging measMET_WWTo2L2Nu_13TeV-powheg_cat4L_sys_PrefireWeightDown
Merging measMET_WWTo2L2Nu_13TeV-powheg_cat4L_sys_QCDScale0wUp
Merging measMET_WWTo2L2Nu_13TeV-powheg_catDY_sys_MuonEnDown
Merging measMET_WWTo2L2Nu_13TeV-powheg_catTOP_sys_QCDScale0wDown
Merging measMET_WWTo2L2Nu_13TeV-powheg_catDY_sys_ElecronSFDown
Merging MT_WWTo2L2Nu_13TeV-powheg_cat3L_sys_TriggerSFWeightUp
Merging MT_WWTo2L2Nu_13TeV-powheg_catSignal-0jet_sys_ElecronSFDown
Merging balance_WWTo2L2Nu_13TeV-powheg_sys_ElectronEnDown
Merging measMET_WWTo2L2Nu_13TeV-powheg_catSignal-1jet_sys_MuonSFUp
Merging phizmet_WWTo2L2Nu_13TeV-powheg_sys_QCDScale0wUp
Merging njet_WWTo2L2Nu_13TeV-powheg_sys_QCDScale2wUp
Merging phizmet_WWTo2L2Nu_13TeV-powheg_sys_PDFUp
Merging MT_WWTo2L2Nu_13TeV-powheg_cat3L_sys_QCDScale2wUp
Merging measMET_WWTo2L2Nu_13TeV-powheg_catTOP_sys_QCDScale1wUp
Merging MT_WWTo2L2Nu_13TeV-powheg_catTOP_sys_EWKDown
Merging MT_WWTo2L2Nu_13TeV-powheg_catTOP_sys_QCDScale1wDown
Merging MT_WWTo2L2Nu_13TeV-powheg_catSignal-0jet_sys_QCDScale0wDown
Merging measMET_WWTo2L2Nu_13TeV-powheg_catNRB_sys_jesTotalDown
Merging measMET_WWTo2L2Nu_13TeV-powheg_catSignal-1jet_sys_TriggerSFWeightDown
Merging measMET_WWTo2L2Nu_13TeV-powheg_catNRB_sys_MuonEnUp
Merging MT_WWTo2L2Nu_13TeV-powheg_catEM_sys_MuonSFDown
Merging MT_WWTo2L2Nu_13TeV-powheg_cat3L_sys_ElecronSFUp
Merging measMET_WWTo2L2Nu_13TeV-powheg_catEM_sys_EWKUp
Merging measMET_WWTo2L2Nu_13TeV-powheg_catTOP_sys_btagEventWeightUp
Merging balance_WWTo2L2Nu_13TeV-powheg
Merging MT_WWTo2L2Nu_13TeV-powheg_catSignal-1jet_sys_TriggerSFWeightDown
Merging measMET_WWTo2L2Nu_13TeV-powheg_catSignal-1jet_sys_PrefireWeightUp
Merging measMET_WWTo2L2Nu_13TeV-powheg_catDY_sys_QCDScale0wUp
Merging measMET_WWTo2L2Nu_13TeV-powheg_cat3L_sys_EWKUp
Merging measMET_WWTo2L2Nu_13TeV-powheg_catSignal-0jet_sys_nvtxWeightUp
Merging MT_WWTo2L2Nu_13TeV-powheg_catSignal-1jet_sys_jesTotalDown
Merging measMET_WWTo2L2Nu_13TeV-powheg_catSignal-1jet
Merging njet_WWTo2L2Nu_13TeV-powheg_sys_jesTotalUp
Merging measMET_WWTo2L2Nu_13TeV-powheg_catNRB_sys_jerUp
Merging MT_WWTo2L2Nu_13TeV-powheg_catSignal-1jet_sys_jerUp
Merging njet_WWTo2L2Nu_13TeV-powheg_sys_btagEventWeightDown
Merging measMET_WWTo2L2Nu_13TeV-powheg_cat4L_sys_MuonSFDown
Merging balance_WWTo2L2Nu_13TeV-powheg_sys_ElecronSFUp
Merging measMET_WWTo2L2Nu_13TeV-powheg_cat3L_sys_PrefireWeightUp
Merging MT_WWTo2L2Nu_13TeV-powheg_catTOP_sys_jesTotalDown
Merging measMET_WWTo2L2Nu_13TeV-powheg_catNRB_sys_nvtxWeightUp
Merging measMET_WWTo2L2Nu_13TeV-powheg_cat4L_sys_puWeightDown
Merging MT_WWTo2L2Nu_13TeV-powheg_cat3L_sys_puWeightDown
Merging measMET_WWTo2L2Nu_13TeV-powheg_catEM_sys_PrefireWeightDown
Merging measMET_WWTo2L2Nu_13TeV-powheg_catEM_sys_jerUp
Merging phizmet_WWTo2L2Nu_13TeV-powheg_sys_MuonSFDown
Merging phizmet_WWTo2L2Nu_13TeV-powheg_sys_QCDScale0wDown
Merging njet_WWTo2L2Nu_13TeV-powheg_sys_nvtxWeightUp
Merging measMET_WWTo2L2Nu_13TeV-powheg_catSignal-0jet_sys_jesTotalUp
Merging MT_WWTo2L2Nu_13TeV-powheg_catEM_sys_PrefireWeightDown
Merging measMET_WWTo2L2Nu_13TeV-powheg_catTOP_sys_ElectronEnDown
Merging MT_WWTo2L2Nu_13TeV-powheg_catEM_sys_MuonEnDown
Merging MT_WWTo2L2Nu_13TeV-powheg_catTOP_sys_nvtxWeightUp
Merging measMET_WWTo2L2Nu_13TeV-powheg_cat3L_sys_puWeightDown
Merging measMET_WWTo2L2Nu_13TeV-powheg_catSignal-1jet_sys_ElecronSFUp
Merging MT_WWTo2L2Nu_13TeV-powheg_catNRB_sys_ElecronSFUp
Merging measMET_WWTo2L2Nu_13TeV-powheg_catSignal-0jet_sys_QCDScale0wDown
Merging MT_WWTo2L2Nu_13TeV-powheg_catTOP_sys_btagEventWeightUp
Merging phizmet_WWTo2L2Nu_13TeV-powheg_sys_EWKUp
Merging njet_WWTo2L2Nu_13TeV-powheg_sys_MuonSFDown
Merging measMET_WWTo2L2Nu_13TeV-powheg_catSignal-0jet_sys_EWKDown
Merging measMET_WWTo2L2Nu_13TeV-powheg_catSignal-0jet
Merging MT_WWTo2L2Nu_13TeV-powheg_catSignal-0jet_sys_ElectronEnUp
Merging measMET_WWTo2L2Nu_13TeV-powheg_catEM_sys_puWeightDown
Merging balance_WWTo2L2Nu_13TeV-powheg_sys_QCDScale1wDown
Merging njet_WWTo2L2Nu_13TeV-powheg_sys_EWKUp
Merging measMET_WWTo2L2Nu_13TeV-powheg_catNRB_sys_QCDScale1wUp
Merging measMET_WWTo2L2Nu_13TeV-powheg_catSignal-1jet_sys_QCDScale2wDown
Merging phizmet_WWTo2L2Nu_13TeV-powheg_sys_MuonEnDown
Merging measMET_WWTo2L2Nu_13TeV-powheg_catSignal-0jet_sys_EWKUp
Merging balance_WWTo2L2Nu_13TeV-powheg_sys_jerDown
Merging balance_WWTo2L2Nu_13TeV-powheg_sys_ElecronSFDown
Merging MT_WWTo2L2Nu_13TeV-powheg_catDY_sys_TriggerSFWeightDown
Merging balance_WWTo2L2Nu_13TeV-powheg_sys_puWeightDown
Merging phizmet_WWTo2L2Nu_13TeV-powheg_sys_PrefireWeightDown
Merging njet_WWTo2L2Nu_13TeV-powheg_sys_ElecronSFUp
Merging MT_WWTo2L2Nu_13TeV-powheg_cat4L_sys_TriggerSFWeightDown
Merging MT_WWTo2L2Nu_13TeV-powheg_catSignal-0jet_sys_PDFUp
Merging MT_WWTo2L2Nu_13TeV-powheg_catTOP_sys_QCDScale0wUp
Merging measMET_WWTo2L2Nu_13TeV-powheg_catSignal-0jet_sys_btagEventWeightUp
Merging measMET_WWTo2L2Nu_13TeV-powheg_catSignal-1jet_sys_QCDScale0wDown
Merging measMET_WWTo2L2Nu_13TeV-powheg_catTOP_sys_EWKUp
Merging MT_WWTo2L2Nu_13TeV-powheg_catEM_sys_jesTotalDown
Merging MT_WWTo2L2Nu_13TeV-powheg_cat4L_sys_btagEventWeightDown
Merging MT_WWTo2L2Nu_13TeV-powheg_cat4L_sys_nvtxWeightDown
Merging MT_WWTo2L2Nu_13TeV-powheg_catNRB_sys_QCDScale0wUp
Merging balance_WWTo2L2Nu_13TeV-powheg_sys_btagEventWeightUp
Merging measMET_WWTo2L2Nu_13TeV-powheg_cat4L_sys_QCDScale2wDown
Merging MT_WWTo2L2Nu_13TeV-powheg_cat3L_sys_jerUp
Merging measMET_WWTo2L2Nu_13TeV-powheg_catDY_sys_ElectronEnUp
Merging measMET_WWTo2L2Nu_13TeV-powheg_cat3L_sys_QCDScale2wUp
Merging MT_WWTo2L2Nu_13TeV-powheg_catDY_sys_btagEventWeightDown
Merging MT_WWTo2L2Nu_13TeV-powheg_catDY_sys_QCDScale1wUp
Merging measMET_WWTo2L2Nu_13TeV-powheg_catNRB_sys_TriggerSFWeightUp
Merging measMET_WWTo2L2Nu_13TeV-powheg_catTOP_sys_jerUp
Merging balance_WWTo2L2Nu_13TeV-powheg_sys_PDFDown
Merging measMET_WWTo2L2Nu_13TeV-powheg_catSignal-0jet_sys_PrefireWeightUp
Merging MT_WWTo2L2Nu_13TeV-powheg_cat3L_sys_ElecronSFDown
Merging balance_WWTo2L2Nu_13TeV-powheg_sys_EWKUp
Merging MT_WWTo2L2Nu_13TeV-powheg_catEM_sys_TriggerSFWeightUp
Merging MT_WWTo2L2Nu_13TeV-powheg_catEM_sys_QCDScale0wUp
Merging MT_WWTo2L2Nu_13TeV-powheg_catDY_sys_puWeightUp
Merging measMET_WWTo2L2Nu_13TeV-powheg_catSignal-1jet_sys_btagEventWeightUp
Merging measMET_WWTo2L2Nu_13TeV-powheg_catDY_sys_QCDScale1wDown
Merging MT_WWTo2L2Nu_13TeV-powheg_catDY_sys_EWKDown
Merging njet_WWTo2L2Nu_13TeV-powheg_sys_MuonEnUp
Merging autoPU
Merging measMET_WWTo2L2Nu_13TeV-powheg_catEM_sys_QCDScale0wUp
Merging measMET_WWTo2L2Nu_13TeV-powheg_catNRB_sys_nvtxWeightDown
Merging measMET_WWTo2L2Nu_13TeV-powheg_catTOP_sys_nvtxWeightDown
Merging MT_WWTo2L2Nu_13TeV-powheg_catEM_sys_puWeightDown
Merging measMET_WWTo2L2Nu_13TeV-powheg_cat4L_sys_jerUp
Merging measMET_WWTo2L2Nu_13TeV-powheg_catDY_sys_PrefireWeightDown
Merging MT_WWTo2L2Nu_13TeV-powheg_catEM_sys_ElectronEnUp
Merging balance_WWTo2L2Nu_13TeV-powheg_sys_jerUp
Merging MT_WWTo2L2Nu_13TeV-powheg_cat3L_sys_PrefireWeightDown
Merging MT_WWTo2L2Nu_13TeV-powheg_catSignal-1jet_sys_nvtxWeightUp
Merging MT_WWTo2L2Nu_13TeV-powheg_catDY_sys_QCDScale2wDown
Merging measMET_WWTo2L2Nu_13TeV-powheg_catSignal-0jet_sys_PrefireWeightDown
Merging MT_WWTo2L2Nu_13TeV-powheg_catTOP_sys_ElectronEnUp
Merging measMET_WWTo2L2Nu_13TeV-powheg_cat4L_sys_MuonSFUp
Merging MT_WWTo2L2Nu_13TeV-powheg_catNRB_sys_MuonEnDown
Merging MT_WWTo2L2Nu_13TeV-powheg_catEM_sys_TriggerSFWeightDown
Merging measMET_WWTo2L2Nu_13TeV-powheg_catNRB_sys_puWeightUp
Merging measMET_WWTo2L2Nu_13TeV-powheg_cat3L_sys_MuonEnUp
Merging measMET_WWTo2L2Nu_13TeV-powheg_catSignal-0jet_sys_ElecronSFUp
Merging measMET_WWTo2L2Nu_13TeV-powheg_catSignal-0jet_sys_QCDScale0wUp
Merging measMET_WWTo2L2Nu_13TeV-powheg_cat4L_sys_EWKDown
Merging measMET_WWTo2L2Nu_13TeV-powheg_catSignal-1jet_sys_jerDown
Merging MT_WWTo2L2Nu_13TeV-powheg_catTOP_sys_ElecronSFUp
Merging MT_WWTo2L2Nu_13TeV-powheg_catTOP_sys_EWKUp
Merging measMET_WWTo2L2Nu_13TeV-powheg_catSignal-1jet_sys_jerUp
Merging MT_WWTo2L2Nu_13TeV-powheg_catTOP_sys_QCDScale0wDown
Merging balance_WWTo2L2Nu_13TeV-powheg_sys_jesTotalDown
Merging measMET_WWTo2L2Nu_13TeV-powheg_catNRB_sys_PDFDown
Merging MT_WWTo2L2Nu_13TeV-powheg_catDY
Merging MT_WWTo2L2Nu_13TeV-powheg_cat4L_sys_QCDScale1wUp
Merging measMET_WWTo2L2Nu_13TeV-powheg_catEM_sys_nvtxWeightUp
Merging measMET_WWTo2L2Nu_13TeV-powheg_catDY_sys_puWeightUp
Merging MT_WWTo2L2Nu_13TeV-powheg_cat3L_sys_jerDown
Merging MT_WWTo2L2Nu_13TeV-powheg_catSignal-0jet_sys_jesTotalUp
Merging balance_WWTo2L2Nu_13TeV-powheg_sys_QCDScale2wDown
Merging phizmet_WWTo2L2Nu_13TeV-powheg_sys_MuonEnUp
Merging measMET_WWTo2L2Nu_13TeV-powheg_catDY_sys_nvtxWeightUp
Merging measMET_WWTo2L2Nu_13TeV-powheg_catTOP_sys_QCDScale1wDown
Merging measMET_WWTo2L2Nu_13TeV-powheg_catTOP_sys_nvtxWeightUp
Merging MT_WWTo2L2Nu_13TeV-powheg_cat3L_sys_PDFUp
Merging MT_WWTo2L2Nu_13TeV-powheg_catSignal-1jet_sys_MuonEnDown
Merging MT_WWTo2L2Nu_13TeV-powheg_catSignal-1jet_sys_QCDScale2wUp
Merging MT_WWTo2L2Nu_13TeV-powheg_catEM_sys_ElectronEnDown
Merging measMET_WWTo2L2Nu_13TeV-powheg_catEM_sys_PDFUp
Merging MT_WWTo2L2Nu_13TeV-powheg_catEM_sys_btagEventWeightUp
Merging MT_WWTo2L2Nu_13TeV-powheg_cat4L_sys_TriggerSFWeightUp
Merging measMET_WWTo2L2Nu_13TeV-powheg_catEM_sys_TriggerSFWeightDown
Merging measMET_WWTo2L2Nu_13TeV-powheg_catTOP_sys_ElectronEnUp
Merging measMET_WWTo2L2Nu_13TeV-powheg_cat3L_sys_puWeightUp
Merging measMET_WWTo2L2Nu_13TeV-powheg_catSignal-0jet_sys_btagEventWeightDown
Merging phizmet_WWTo2L2Nu_13TeV-powheg_sys_TriggerSFWeightDown
Merging measMET_WWTo2L2Nu_13TeV-powheg_catDY_sys_QCDScale2wUp
Merging MT_WWTo2L2Nu_13TeV-powheg_catEM_sys_QCDScale1wUp
Merging MT_WWTo2L2Nu_13TeV-powheg_catDY_sys_nvtxWeightDown
Merging MT_WWTo2L2Nu_13TeV-powheg_catNRB_sys_jerDown
Merging MT_WWTo2L2Nu_13TeV-powheg_catSignal-0jet_sys_puWeightDown
Merging MT_WWTo2L2Nu_13TeV-powheg_catDY_sys_MuonEnDown
Merging measMET_WWTo2L2Nu_13TeV-powheg_catSignal-0jet_sys_QCDScale2wUp
Merging measMET_WWTo2L2Nu_13TeV-powheg_catNRB_sys_PrefireWeightUp
Merging MT_WWTo2L2Nu_13TeV-powheg_cat4L_sys_MuonSFUp
Merging MT_WWTo2L2Nu_13TeV-powheg_cat4L_sys_jerUp
Merging MT_WWTo2L2Nu_13TeV-powheg_cat3L_sys_QCDScale1wUp
Merging measMET_WWTo2L2Nu_13TeV-powheg_cat3L_sys_jerUp
Merging MT_WWTo2L2Nu_13TeV-powheg_catEM_sys_nvtxWeightUp
Merging balance_WWTo2L2Nu_13TeV-powheg_sys_jesTotalUp
Merging MT_WWTo2L2Nu_13TeV-powheg_catSignal-1jet_sys_PDFUp
Merging measMET_WWTo2L2Nu_13TeV-powheg_catNRB_sys_TriggerSFWeightDown
Merging phizmet_WWTo2L2Nu_13TeV-powheg
Merging measMET_WWTo2L2Nu_13TeV-powheg_catTOP_sys_QCDScale2wDown
Merging measMET_WWTo2L2Nu_13TeV-powheg_cat4L_sys_QCDScale2wUp
Merging measMET_WWTo2L2Nu_13TeV-powheg_catDY_sys_EWKDown
Merging measMET_WWTo2L2Nu_13TeV-powheg_catTOP_sys_jesTotalDown
Merging MT_WWTo2L2Nu_13TeV-powheg_cat3L_sys_puWeightUp
Merging measMET_WWTo2L2Nu_13TeV-powheg_catTOP_sys_ElecronSFUp
Merging phizmet_WWTo2L2Nu_13TeV-powheg_sys_nvtxWeightUp
Merging measMET_WWTo2L2Nu_13TeV-powheg_cat3L_sys_nvtxWeightDown
Merging measMET_WWTo2L2Nu_13TeV-powheg_cat4L_sys_ElecronSFDown
Merging MT_WWTo2L2Nu_13TeV-powheg_cat4L_sys_ElecronSFUp
Merging MT_WWTo2L2Nu_13TeV-powheg_catDY_sys_btagEventWeightUp
Merging balance_WWTo2L2Nu_13TeV-powheg_sys_MuonEnUp
Merging measMET_WWTo2L2Nu_13TeV-powheg_catSignal-1jet_sys_nvtxWeightDown
Merging measMET_WWTo2L2Nu_13TeV-powheg_cat4L_sys_nvtxWeightDown
Merging MT_WWTo2L2Nu_13TeV-powheg_catNRB_sys_EWKDown
Merging MT_WWTo2L2Nu_13TeV-powheg_cat3L_sys_PDFDown
Merging measMET_WWTo2L2Nu_13TeV-powheg_catSignal-1jet_sys_QCDScale1wUp
Merging MT_WWTo2L2Nu_13TeV-powheg_catTOP_sys_MuonSFUp
Merging measMET_WWTo2L2Nu_13TeV-powheg_cat3L
Merging balance_WWTo2L2Nu_13TeV-powheg_sys_TriggerSFWeightDown
Merging MT_WWTo2L2Nu_13TeV-powheg_catSignal-0jet_sys_jerUp
Merging MT_WWTo2L2Nu_13TeV-powheg_catDY_sys_ElectronEnDown
Merging measMET_WWTo2L2Nu_13TeV-powheg_cat4L_sys_PDFDown
Merging MT_WWTo2L2Nu_13TeV-powheg_catNRB_sys_QCDScale1wDown
Merging MT_WWTo2L2Nu_13TeV-powheg_catSignal-0jet_sys_MuonSFUp
Merging measMET_WWTo2L2Nu_13TeV-powheg_catSignal-1jet_sys_MuonEnUp
Merging measMET_WWTo2L2Nu_13TeV-powheg_catTOP_sys_ElecronSFDown
Merging phizmet_WWTo2L2Nu_13TeV-powheg_sys_PrefireWeightUp
Merging measMET_WWTo2L2Nu_13TeV-powheg_catSignal-1jet_sys_jesTotalDown
Merging balance_WWTo2L2Nu_13TeV-powheg_sys_nvtxWeightDown
Merging MT_WWTo2L2Nu_13TeV-powheg_cat4L_sys_QCDScale0wDown
Merging njet_WWTo2L2Nu_13TeV-powheg_sys_jerUp
Merging balance_WWTo2L2Nu_13TeV-powheg_sys_QCDScale2wUp
Merging measMET_WWTo2L2Nu_13TeV-powheg_catTOP_sys_jesTotalUp
Merging MT_WWTo2L2Nu_13TeV-powheg_cat4L_sys_jerDown
Merging MT_WWTo2L2Nu_13TeV-powheg_cat4L_sys_ElectronEnUp
Merging measMET_WWTo2L2Nu_13TeV-powheg_catNRB_sys_ElectronEnUp
Merging MT_WWTo2L2Nu_13TeV-powheg_cat4L_sys_puWeightUp
Merging measMET_WWTo2L2Nu_13TeV-powheg_cat4L_sys_QCDScale0wDown
Merging measMET_WWTo2L2Nu_13TeV-powheg_catSignal-0jet_sys_PDFUp
Merging balance_WWTo2L2Nu_13TeV-powheg_sys_QCDScale0wUp
Merging measMET_WWTo2L2Nu_13TeV-powheg_cat3L_sys_jerDown
Merging measMET_WWTo2L2Nu_13TeV-powheg_cat4L_sys_ElecronSFUp
Merging measMET_WWTo2L2Nu_13TeV-powheg_cat3L_sys_nvtxWeightUp
Merging measMET_WWTo2L2Nu_13TeV-powheg_catSignal-1jet_sys_nvtxWeightUp
Merging measMET_WWTo2L2Nu_13TeV-powheg_catDY_sys_puWeightDown
Merging phizmet_WWTo2L2Nu_13TeV-powheg_sys_EWKDown
Merging MT_WWTo2L2Nu_13TeV-powheg_catEM_sys_MuonEnUp
Merging MT_WWTo2L2Nu_13TeV-powheg_catNRB_sys_QCDScale1wUp
Merging njet_WWTo2L2Nu_13TeV-powheg_sys_ElectronEnDown
Merging measMET_WWTo2L2Nu_13TeV-powheg_catTOP_sys_TriggerSFWeightUp
Merging MT_WWTo2L2Nu_13TeV-powheg_catEM_sys_PDFDown
Merging MT_WWTo2L2Nu_13TeV-powheg_catNRB_sys_ElecronSFDown
Merging measMET_WWTo2L2Nu_13TeV-powheg_catTOP_sys_QCDScale2wUp
Merging MT_WWTo2L2Nu_13TeV-powheg_catEM_sys_QCDScale2wDown
Merging phizmet_WWTo2L2Nu_13TeV-powheg_sys_jerDown
Merging measMET_WWTo2L2Nu_13TeV-powheg_cat4L_sys_PrefireWeightUp
Merging phizmet_WWTo2L2Nu_13TeV-powheg_sys_ElecronSFUp
Merging MT_WWTo2L2Nu_13TeV-powheg_catTOP_sys_puWeightUp
Merging MT_WWTo2L2Nu_13TeV-powheg_catEM_sys_jerUp
Merging MT_WWTo2L2Nu_13TeV-powheg_catNRB_sys_PrefireWeightUp
Merging njet_WWTo2L2Nu_13TeV-powheg_sys_btagEventWeightUp
Merging balance_WWTo2L2Nu_13TeV-powheg_sys_MuonEnDown
Merging MT_WWTo2L2Nu_13TeV-powheg_catTOP_sys_MuonSFDown
Merging measMET_WWTo2L2Nu_13TeV-powheg_cat3L_sys_PDFDown
Merging MT_WWTo2L2Nu_13TeV-powheg_catNRB_sys_jesTotalDown
Merging MT_WWTo2L2Nu_13TeV-powheg_catSignal-1jet_sys_MuonEnUp
Merging measMET_WWTo2L2Nu_13TeV-powheg_catSignal-0jet_sys_QCDScale1wDown
Merging measMET_WWTo2L2Nu_13TeV-powheg_catNRB
Merging measMET_WWTo2L2Nu_13TeV-powheg_cat3L_sys_TriggerSFWeightUp
Merging measMET_WWTo2L2Nu_13TeV-powheg_catTOP_sys_puWeightUp
Merging MT_WWTo2L2Nu_13TeV-powheg_catNRB_sys_nvtxWeightDown
Merging MT_WWTo2L2Nu_13TeV-powheg_catSignal-1jet_sys_EWKDown
Merging measMET_WWTo2L2Nu_13TeV-powheg_cat4L
Merging MT_WWTo2L2Nu_13TeV-powheg_catTOP_sys_PrefireWeightDown
Merging MT_WWTo2L2Nu_13TeV-powheg_catSignal-0jet_sys_ElectronEnDown
Merging MT_WWTo2L2Nu_13TeV-powheg_cat3L_sys_nvtxWeightDown
Merging MT_WWTo2L2Nu_13TeV-powheg_cat4L_sys_EWKUp
Merging MT_WWTo2L2Nu_13TeV-powheg_cat3L_sys_MuonEnDown
Merging MT_WWTo2L2Nu_13TeV-powheg_catDY_sys_MuonEnUp
Merging measMET_WWTo2L2Nu_13TeV-powheg_catSignal-0jet_sys_jesTotalDown
Merging MT_WWTo2L2Nu_13TeV-powheg_catTOP_sys_PrefireWeightUp
Merging MT_WWTo2L2Nu_13TeV-powheg_cat4L_sys_QCDScale1wDown
Merging MT_WWTo2L2Nu_13TeV-powheg_catNRB_sys_PDFDown
Merging njet_WWTo2L2Nu_13TeV-powheg_sys_QCDScale0wDown
Merging measMET_WWTo2L2Nu_13TeV-powheg_catSignal-1jet_sys_TriggerSFWeightUp
Merging MT_WWTo2L2Nu_13TeV-powheg_catTOP_sys_TriggerSFWeightDown
Merging phizmet_WWTo2L2Nu_13TeV-powheg_sys_QCDScale2wUp
Merging measMET_WWTo2L2Nu_13TeV-powheg_catSignal-0jet_sys_PDFDown
Merging MT_WWTo2L2Nu_13TeV-powheg_catNRB_sys_jerUp
Merging MT_WWTo2L2Nu_13TeV-powheg_catSignal-1jet_sys_PrefireWeightUp
Merging njet_WWTo2L2Nu_13TeV-powheg_sys_puWeightUp
Merging measMET_WWTo2L2Nu_13TeV-powheg_catDY_sys_PDFUp
Merging MT_WWTo2L2Nu_13TeV-powheg_catTOP_sys_jesTotalUp
Merging phizmet_WWTo2L2Nu_13TeV-powheg_sys_QCDScale1wUp
Merging njet_WWTo2L2Nu_13TeV-powheg_sys_PDFDown
Merging MT_WWTo2L2Nu_13TeV-powheg_catTOP_sys_QCDScale2wUp
Merging phizmet_WWTo2L2Nu_13TeV-powheg_sys_PDFDown
Merging measMET_WWTo2L2Nu_13TeV-powheg_catDY_sys_QCDScale1wUp
Merging measMET_WWTo2L2Nu_13TeV-powheg_catEM_sys_jesTotalDown
Merging MT_WWTo2L2Nu_13TeV-powheg_catDY_sys_QCDScale0wUp
Merging measMET_WWTo2L2Nu_13TeV-powheg_cat4L_sys_jesTotalUp
Merging measMET_WWTo2L2Nu_13TeV-powheg_catEM_sys_jerDown
Merging measMET_WWTo2L2Nu_13TeV-powheg_catNRB_sys_btagEventWeightDown
Merging measMET_WWTo2L2Nu_13TeV-powheg_cat4L_sys_ElectronEnUp
Merging measMET_WWTo2L2Nu_13TeV-powheg_catTOP_sys_jerDown
Merging measMET_WWTo2L2Nu_13TeV-powheg_catTOP_sys_PrefireWeightUp
Merging measMET_WWTo2L2Nu_13TeV-powheg_catSignal-1jet_sys_ElectronEnDown
Merging MT_WWTo2L2Nu_13TeV-powheg_catEM_sys_PrefireWeightUp
Merging MT_WWTo2L2Nu_13TeV-powheg_cat3L_sys_ElectronEnDown
Merging MT_WWTo2L2Nu_13TeV-powheg_catSignal-1jet_sys_btagEventWeightDown
Merging measMET_WWTo2L2Nu_13TeV-powheg_catDY_sys_TriggerSFWeightDown
Merging MT_WWTo2L2Nu_13TeV-powheg_catTOP_sys_nvtxWeightDown
Merging balance_WWTo2L2Nu_13TeV-powheg_sys_QCDScale1wUp
Merging measMET_WWTo2L2Nu_13TeV-powheg_catNRB_sys_btagEventWeightUp
Merging MT_WWTo2L2Nu_13TeV-powheg_catEM
Merging measMET_WWTo2L2Nu_13TeV-powheg_catDY_sys_PrefireWeightUp
Merging measMET_WWTo2L2Nu_13TeV-powheg_catSignal-1jet_sys_puWeightUp
Merging njet_WWTo2L2Nu_13TeV-powheg_sys_nvtxWeightDown
Merging measMET_WWTo2L2Nu_13TeV-powheg_catSignal-1jet_sys_jesTotalUp
Merging measMET_WWTo2L2Nu_13TeV-powheg_cat4L_sys_TriggerSFWeightUp
Merging njet_WWTo2L2Nu_13TeV-powheg_sys_jerDown
Merging njet_WWTo2L2Nu_13TeV-powheg_sys_QCDScale1wDown
Merging njet_WWTo2L2Nu_13TeV-powheg_sys_QCDScale2wDown
Merging MT_WWTo2L2Nu_13TeV-powheg_catSignal-0jet_sys_ElecronSFUp
Merging balance_WWTo2L2Nu_13TeV-powheg_sys_PrefireWeightUp
Merging MT_WWTo2L2Nu_13TeV-powheg_catSignal-0jet_sys_PrefireWeightDown
Merging measMET_WWTo2L2Nu_13TeV-powheg_catTOP_sys_EWKDown
Merging njet_WWTo2L2Nu_13TeV-powheg_sys_ElecronSFDown
Merging measMET_WWTo2L2Nu_13TeV-powheg_catSignal-1jet_sys_MuonSFDown
Merging phizmet_WWTo2L2Nu_13TeV-powheg_sys_puWeightDown
Merging balance_WWTo2L2Nu_13TeV-powheg_sys_ElectronEnUp
Merging measMET_WWTo2L2Nu_13TeV-powheg_cat3L_sys_QCDScale1wUp
Merging phizmet_WWTo2L2Nu_13TeV-powheg_sys_jesTotalUp
Merging measMET_WWTo2L2Nu_13TeV-powheg_catSignal-0jet_sys_QCDScale2wDown
Merging measMET_WWTo2L2Nu_13TeV-powheg_catNRB_sys_QCDScale2wUp
Merging MT_WWTo2L2Nu_13TeV-powheg_cat4L_sys_nvtxWeightUp
Merging measMET_WWTo2L2Nu_13TeV-powheg_catSignal-0jet_sys_ElecronSFDown
Merging measMET_WWTo2L2Nu_13TeV-powheg_catDY_sys_TriggerSFWeightUp
Merging measMET_WWTo2L2Nu_13TeV-powheg_catTOP_sys_MuonEnDown
Merging measMET_WWTo2L2Nu_13TeV-powheg_catDY_sys_ElecronSFUp
Merging MT_WWTo2L2Nu_13TeV-powheg_cat4L_sys_MuonEnDown
Merging MT_WWTo2L2Nu_13TeV-powheg_cat4L_sys_ElecronSFDown
Merging MT_WWTo2L2Nu_13TeV-powheg_cat3L_sys_TriggerSFWeightDown
Merging njet_WWTo2L2Nu_13TeV-powheg_sys_PrefireWeightUp
Merging measMET_WWTo2L2Nu_13TeV-powheg_catEM
Merging MT_WWTo2L2Nu_13TeV-powheg_cat4L_sys_MuonEnUp
Merging balance_WWTo2L2Nu_13TeV-powheg_sys_btagEventWeightDown
Merging MT_WWTo2L2Nu_13TeV-powheg_catSignal-1jet_sys_ElecronSFUp
Merging MT_WWTo2L2Nu_13TeV-powheg_catSignal-0jet_sys_btagEventWeightUp
Merging measMET_WWTo2L2Nu_13TeV-powheg_catSignal-1jet_sys_EWKDown
Merging measMET_WWTo2L2Nu_13TeV-powheg_catDY_sys_QCDScale0wDown
Merging MT_WWTo2L2Nu_13TeV-powheg_cat4L_sys_QCDScale2wUp
Merging MT_WWTo2L2Nu_13TeV-powheg_catSignal-1jet_sys_nvtxWeightDown
Merging MT_WWTo2L2Nu_13TeV-powheg_cat3L_sys_PrefireWeightUp
Merging measMET_WWTo2L2Nu_13TeV-powheg_catSignal-1jet_sys_QCDScale2wUp
Merging MT_WWTo2L2Nu_13TeV-powheg_catTOP_sys_PDFDown
Merging MT_WWTo2L2Nu_13TeV-powheg_cat3L_sys_MuonEnUp
Merging MT_WWTo2L2Nu_13TeV-powheg_catSignal-0jet_sys_QCDScale0wUp
Merging MT_WWTo2L2Nu_13TeV-powheg_catSignal-1jet
Merging MT_WWTo2L2Nu_13TeV-powheg_catSignal-1jet_sys_TriggerSFWeightUp
Merging MT_WWTo2L2Nu_13TeV-powheg_cat3L_sys_btagEventWeightDown
Merging measMET_WWTo2L2Nu_13TeV-powheg_catEM_sys_nvtxWeightDown
Merging measMET_WWTo2L2Nu_13TeV-powheg_cat3L_sys_MuonSFDown
Merging MT_WWTo2L2Nu_13TeV-powheg_catSignal-1jet_sys_QCDScale0wUp
Merging measMET_WWTo2L2Nu_13TeV-powheg_catEM_sys_MuonSFUp
Merging measMET_WWTo2L2Nu_13TeV-powheg_catTOP_sys_QCDScale0wUp
Merging phizmet_WWTo2L2Nu_13TeV-powheg_sys_btagEventWeightUp
Merging MT_WWTo2L2Nu_13TeV-powheg_catNRB_sys_puWeightUp
Merging measMET_WWTo2L2Nu_13TeV-powheg_cat4L_sys_QCDScale1wDown
Merging measMET_WWTo2L2Nu_13TeV-powheg_catTOP_sys_puWeightDown
Merging MT_WWTo2L2Nu_13TeV-powheg_catNRB_sys_MuonEnUp
Merging balance_WWTo2L2Nu_13TeV-powheg_sys_TriggerSFWeightUp
Merging MT_WWTo2L2Nu_13TeV-powheg_catDY_sys_QCDScale1wDown
Merging MT_WWTo2L2Nu_13TeV-powheg_cat3L_sys_EWKDown
Merging measMET_WWTo2L2Nu_13TeV-powheg_catSignal-0jet_sys_puWeightDown
Merging MT_WWTo2L2Nu_13TeV-powheg_cat3L_sys_QCDScale0wUp
Merging MT_WWTo2L2Nu_13TeV-powheg_catTOP_sys_TriggerSFWeightUp
Merging MT_WWTo2L2Nu_13TeV-powheg_catSignal-1jet_sys_puWeightUp
Merging MT_WWTo2L2Nu_13TeV-powheg_catSignal-1jet_sys_PDFDown
Merging balance_WWTo2L2Nu_13TeV-powheg_sys_MuonSFDown
Merging MT_WWTo2L2Nu_13TeV-powheg_catSignal-0jet_sys_btagEventWeightDown
Merging MT_WWTo2L2Nu_13TeV-powheg_catNRB_sys_TriggerSFWeightUp
Merging measMET_WWTo2L2Nu_13TeV-powheg_cat3L_sys_QCDScale0wDown
Merging MT_WWTo2L2Nu_13TeV-powheg_catSignal-1jet_sys_MuonSFUp
Merging phizmet_WWTo2L2Nu_13TeV-powheg_sys_btagEventWeightDown
Merging MT_WWTo2L2Nu_13TeV-powheg_catSignal-1jet_sys_ElecronSFDown
Merging MT_WWTo2L2Nu_13TeV-powheg_catNRB
Merging MT_WWTo2L2Nu_13TeV-powheg_catSignal-0jet_sys_PrefireWeightUp
Merging measMET_WWTo2L2Nu_13TeV-powheg_catNRB_sys_MuonSFUp
Merging MT_WWTo2L2Nu_13TeV-powheg_catSignal-0jet_sys_MuonEnDown
Merging MT_WWTo2L2Nu_13TeV-powheg_catEM_sys_jesTotalUp
Merging measMET_WWTo2L2Nu_13TeV-powheg_cat3L_sys_EWKDown
Merging measMET_WWTo2L2Nu_13TeV-powheg_catSignal-1jet_sys_puWeightDown
Merging measMET_WWTo2L2Nu_13TeV-powheg_catSignal-1jet_sys_MuonEnDown
Merging measMET_WWTo2L2Nu_13TeV-powheg_catEM_sys_btagEventWeightDown
Merging measMET_WWTo2L2Nu_13TeV-powheg_catDY_sys_MuonSFDown
Merging MT_WWTo2L2Nu_13TeV-powheg_catSignal-1jet_sys_QCDScale2wDown
Merging measMET_WWTo2L2Nu_13TeV-powheg_catDY_sys_nvtxWeightDown
Merging measMET_WWTo2L2Nu_13TeV-powheg_catEM_sys_QCDScale1wDown
Merging MT_WWTo2L2Nu_13TeV-powheg_cat4L_sys_QCDScale2wDown
Merging measMET_WWTo2L2Nu_13TeV-powheg_catTOP_sys_PrefireWeightDown
Merging MT_WWTo2L2Nu_13TeV-powheg_catEM_sys_MuonSFUp
Merging measMET_WWTo2L2Nu_13TeV-powheg_catNRB_sys_PrefireWeightDown
Merging MT_WWTo2L2Nu_13TeV-powheg_catEM_sys_PDFUp
Merging balance_WWTo2L2Nu_13TeV-powheg_sys_puWeightUp
Merging MT_WWTo2L2Nu_13TeV-powheg_catEM_sys_btagEventWeightDown
Merging MT_WWTo2L2Nu_13TeV-powheg_cat3L
Merging MT_WWTo2L2Nu_13TeV-powheg_catTOP_sys_MuonEnDown
Merging measMET_WWTo2L2Nu_13TeV-powheg_catSignal-0jet_sys_MuonEnDown
Merging measMET_WWTo2L2Nu_13TeV-powheg_catEM_sys_ElecronSFUp
Merging measMET_WWTo2L2Nu_13TeV-powheg_cat4L_sys_btagEventWeightDown
Merging MT_WWTo2L2Nu_13TeV-powheg_catDY_sys_EWKUp
Merging measMET_WWTo2L2Nu_13TeV-powheg_cat3L_sys_btagEventWeightUp
Merging measMET_WWTo2L2Nu_13TeV-powheg_catSignal-0jet_sys_MuonEnUp
Merging MT_WWTo2L2Nu_13TeV-powheg_catSignal-0jet_sys_MuonEnUp
Merging measMET_WWTo2L2Nu_13TeV-powheg_catDY_sys_jerUp
Merging measMET_WWTo2L2Nu_13TeV-powheg_catDY_sys_PDFDown
Merging MT_WWTo2L2Nu_13TeV-powheg_catNRB_sys_QCDScale2wDown
Merging measMET_WWTo2L2Nu_13TeV-powheg_catDY_sys_btagEventWeightUp
Merging MT_WWTo2L2Nu_13TeV-powheg_catNRB_sys_nvtxWeightUp
Merging MT_WWTo2L2Nu_13TeV-powheg_catDY_sys_jesTotalDown
Merging measMET_WWTo2L2Nu_13TeV-powheg_catSignal-1jet_sys_QCDScale1wDown
Merging measMET_WWTo2L2Nu_13TeV-powheg_cat3L_sys_MuonSFUp
Merging measMET_WWTo2L2Nu_13TeV-powheg_catDY_sys_btagEventWeightDown
Merging measMET_WWTo2L2Nu_13TeV-powheg_cat4L_sys_jerDown
Merging MT_WWTo2L2Nu_13TeV-powheg_catEM_sys_nvtxWeightDown
Merging MT_WWTo2L2Nu_13TeV-powheg_catEM_sys_QCDScale1wDown
Merging MT_WWTo2L2Nu_13TeV-powheg_catEM_sys_jerDown
Merging MT_WWTo2L2Nu_13TeV-powheg_catTOP_sys_QCDScale1wUp
Merging MT_WWTo2L2Nu_13TeV-powheg_catNRB_sys_MuonSFUp
Merging measMET_WWTo2L2Nu_13TeV-powheg_catEM_sys_QCDScale0wDown
Merging measMET_WWTo2L2Nu_13TeV-powheg_catNRB_sys_EWKUp
Merging measMET_WWTo2L2Nu_13TeV-powheg_catSignal-0jet_sys_jerDown
Merging njet_WWTo2L2Nu_13TeV-powheg_sys_TriggerSFWeightUp
Merging MT_WWTo2L2Nu_13TeV-powheg_catNRB_sys_puWeightDown
Merging MT_WWTo2L2Nu_13TeV-powheg_cat4L_sys_jesTotalDown
Merging measMET_WWTo2L2Nu_13TeV-powheg_cat4L_sys_QCDScale1wUp
Merging measMET_WWTo2L2Nu_13TeV-powheg_catNRB_sys_PDFUp
Merging MT_WWTo2L2Nu_13TeV-powheg_catTOP_sys_ElecronSFDown
Merging balance_WWTo2L2Nu_13TeV-powheg_sys_MuonSFUp
Merging measMET_WWTo2L2Nu_13TeV-powheg_catSignal-0jet_sys_QCDScale1wUp
Merging measMET_WWTo2L2Nu_13TeV-powheg_catEM_sys_puWeightUp
Merging measMET_WWTo2L2Nu_13TeV-powheg_cat3L_sys_QCDScale2wDown
Merging MT_WWTo2L2Nu_13TeV-powheg_catDY_sys_QCDScale0wDown
Merging MT_WWTo2L2Nu_13TeV-powheg_catDY_sys_ElecronSFUp
Merging MT_WWTo2L2Nu_13TeV-powheg_catNRB_sys_EWKUp
Merging njet_WWTo2L2Nu_13TeV-powheg
Merging MT_WWTo2L2Nu_13TeV-powheg_cat4L_sys_PDFUp
Merging measMET_WWTo2L2Nu_13TeV-powheg_catNRB_sys_MuonEnDown
Merging measMET_WWTo2L2Nu_13TeV-powheg_catEM_sys_ElectronEnUp
Merging measMET_WWTo2L2Nu_13TeV-powheg_catSignal-0jet_sys_TriggerSFWeightUp
Merging measMET_WWTo2L2Nu_13TeV-powheg_cat3L_sys_PrefireWeightDown
Merging MT_WWTo2L2Nu_13TeV-powheg_cat3L_sys_QCDScale1wDown
Merging MT_WWTo2L2Nu_13TeV-powheg_catTOP_sys_QCDScale2wDown
Merging measMET_WWTo2L2Nu_13TeV-powheg_cat3L_sys_btagEventWeightDown
Merging untagged
Merging MT_WWTo2L2Nu_13TeV-powheg_cat3L_sys_btagEventWeightUp
Merging MT_WWTo2L2Nu_13TeV-powheg_catDY_sys_MuonSFUp
Merging MT_WWTo2L2Nu_13TeV-powheg_catSignal-0jet_sys_QCDScale2wUp
Merging MT_WWTo2L2Nu_13TeV-powheg_catTOP_sys_MuonEnUp
Merging measMET_WWTo2L2Nu_13TeV-powheg_catTOP_sys_PDFDown
Merging measMET_WWTo2L2Nu_13TeV-powheg_cat3L_sys_jesTotalDown
Merging measMET_WWTo2L2Nu_13TeV-powheg_catEM_sys_jesTotalUp
Merging njet_WWTo2L2Nu_13TeV-powheg_sys_QCDScale1wUp
Merging MT_WWTo2L2Nu_13TeV-powheg_catEM_sys_ElecronSFUp
Merging MT_WWTo2L2Nu_13TeV-powheg_catSignal-0jet_sys_nvtxWeightDown
Merging measMET_WWTo2L2Nu_13TeV-powheg_catEM_sys_MuonEnDown
Merging MT_WWTo2L2Nu_13TeV-powheg_catSignal-0jet_sys_TriggerSFWeightDown
Merging MT_WWTo2L2Nu_13TeV-powheg_catDY_sys_puWeightDown
Merging MT_WWTo2L2Nu_13TeV-powheg_catDY_sys_jerDown
Merging MT_WWTo2L2Nu_13TeV-powheg_catNRB_sys_btagEventWeightUp
Merging MT_WWTo2L2Nu_13TeV-powheg_cat4L_sys_PrefireWeightDown
Merging MT_WWTo2L2Nu_13TeV-powheg_cat4L_sys_EWKDown
Merging measMET_WWTo2L2Nu_13TeV-powheg_catDY_sys_jesTotalDown
Merging MT_WWTo2L2Nu_13TeV-powheg_catDY_sys_nvtxWeightUp
Merging MT_WWTo2L2Nu_13TeV-powheg_catEM_sys_QCDScale2wUp
Merging MT_WWTo2L2Nu_13TeV-powheg_catTOP
Merging measMET_WWTo2L2Nu_13TeV-powheg_cat3L_sys_PDFUp
Merging measMET_WWTo2L2Nu_13TeV-powheg_catNRB_sys_jesTotalUp
Merging balance_WWTo2L2Nu_13TeV-powheg_sys_EWKDown
Merging measMET_WWTo2L2Nu_13TeV-powheg_catSignal-1jet_sys_PrefireWeightDown
Merging MT_WWTo2L2Nu_13TeV-powheg_catSignal-1jet_sys_MuonSFDown
Merging measMET_WWTo2L2Nu_13TeV-powheg_cat4L_sys_jesTotalDown
Merging MT_WWTo2L2Nu_13TeV-powheg_catEM_sys_ElecronSFDown
Merging phizmet_WWTo2L2Nu_13TeV-powheg_sys_QCDScale2wDown
Merging njet_WWTo2L2Nu_13TeV-powheg_sys_ElectronEnUp
Merging measMET_WWTo2L2Nu_13TeV-powheg_catDY_sys_EWKUp
Merging MT_WWTo2L2Nu_13TeV-powheg_cat3L_sys_jesTotalDown
Merging measMET_WWTo2L2Nu_13TeV-powheg_catTOP
Merging measMET_WWTo2L2Nu_13TeV-powheg_cat4L_sys_ElectronEnDown
Merging MT_WWTo2L2Nu_13TeV-powheg_cat4L_sys_QCDScale0wUp
Merging measMET_WWTo2L2Nu_13TeV-powheg_catTOP_sys_PDFUp
Merging measMET_WWTo2L2Nu_13TeV-powheg_catSignal-0jet_sys_puWeightUp
Merging MT_WWTo2L2Nu_13TeV-powheg_catSignal-1jet_sys_QCDScale1wUp
Merging measMET_WWTo2L2Nu_13TeV-powheg_catSignal-1jet_sys_QCDScale0wUp
Merging MT_WWTo2L2Nu_13TeV-powheg_catDY_sys_TriggerSFWeightUp
Merging measMET_WWTo2L2Nu_13TeV-powheg_catEM_sys_ElecronSFDown
Merging phizmet_WWTo2L2Nu_13TeV-powheg_sys_MuonSFUp
Merging MT_WWTo2L2Nu_13TeV-powheg_catSignal-0jet_sys_puWeightUp
Merging MT_WWTo2L2Nu_13TeV-powheg_catEM_sys_EWKDown
Merging MT_WWTo2L2Nu_13TeV-powheg_catDY_sys_jerUp
Merging measMET_WWTo2L2Nu_13TeV-powheg_catSignal-0jet_sys_MuonSFDown
Merging phizmet_WWTo2L2Nu_13TeV-powheg_sys_nvtxWeightDown
Merging measMET_WWTo2L2Nu_13TeV-powheg_catNRB_sys_QCDScale2wDown
Merging measMET_WWTo2L2Nu_13TeV-powheg_catEM_sys_QCDScale1wUp
Merging MT_WWTo2L2Nu_13TeV-powheg_catDY_sys_ElecronSFDown
Merging measMET_WWTo2L2Nu_13TeV-powheg_cat3L_sys_TriggerSFWeightDown
Merging MT_WWTo2L2Nu_13TeV-powheg_cat3L_sys_QCDScale0wDown
Merging MT_WWTo2L2Nu_13TeV-powheg_catTOP_sys_ElectronEnDown
Merging measMET_WWTo2L2Nu_13TeV-powheg_catTOP_sys_MuonSFUp
Merging MT_WWTo2L2Nu_13TeV-powheg_catNRB_sys_QCDScale0wDown
Merging measMET_WWTo2L2Nu_13TeV-powheg_catSignal-0jet_sys_jerUp
Merging measMET_WWTo2L2Nu_13TeV-powheg_catSignal-0jet_sys_nvtxWeightDown
Merging measMET_WWTo2L2Nu_13TeV-powheg_catNRB_sys_QCDScale0wDown
Merging phizmet_WWTo2L2Nu_13TeV-powheg_sys_TriggerSFWeightUp
Merging MT_WWTo2L2Nu_13TeV-powheg_catTOP_sys_puWeightDown
Merging phizmet_WWTo2L2Nu_13TeV-powheg_sys_ElecronSFDown
Merging phizmet_WWTo2L2Nu_13TeV-powheg_sys_QCDScale1wDown
Merging measMET_WWTo2L2Nu_13TeV-powheg_catDY_sys_jerDown
Merging MT_WWTo2L2Nu_13TeV-powheg_catDY_sys_ElectronEnUp
Merging measMET_WWTo2L2Nu_13TeV-powheg_catEM_sys_PDFDown
Merging MT_WWTo2L2Nu_13TeV-powheg_catNRB_sys_ElectronEnDown
Merging measMET_WWTo2L2Nu_13TeV-powheg_catEM_sys_MuonSFDown
Merging MT_WWTo2L2Nu_13TeV-powheg_catNRB_sys_PDFUp
Merging measMET_WWTo2L2Nu_13TeV-powheg_cat4L_sys_MuonEnDown
Merging MT_WWTo2L2Nu_13TeV-powheg_catDY_sys_PrefireWeightDown
Merging measMET_WWTo2L2Nu_13TeV-powheg_catDY_sys_ElectronEnDown
Merging measMET_WWTo2L2Nu_13TeV-powheg_catEM_sys_btagEventWeightUp
Merging MT_WWTo2L2Nu_13TeV-powheg_cat4L
Merging measMET_WWTo2L2Nu_13TeV-powheg_cat3L_sys_ElectronEnUp
Merging measMET_WWTo2L2Nu_13TeV-powheg_catTOP_sys_MuonEnUp
Merging MT_WWTo2L2Nu_13TeV-powheg_catSignal-1jet_sys_jerDown
Merging MT_WWTo2L2Nu_13TeV-powheg_cat4L_sys_PDFDown
Merging MT_WWTo2L2Nu_13TeV-powheg_catDY_sys_jesTotalUp
Merging measMET_WWTo2L2Nu_13TeV-powheg_cat3L_sys_QCDScale1wDown
Merging MT_WWTo2L2Nu_13TeV-powheg_cat4L_sys_PrefireWeightUp
Merging MT_WWTo2L2Nu_13TeV-powheg_catSignal-0jet_sys_nvtxWeightUp
Merging measMET_WWTo2L2Nu_13TeV-powheg_cat4L_sys_MuonEnUp
Merging njet_WWTo2L2Nu_13TeV-powheg_sys_PrefireWeightDown
Merging measMET_WWTo2L2Nu_13TeV-powheg_catNRB_sys_jerDown
Merging measMET_WWTo2L2Nu_13TeV-powheg_cat4L_sys_puWeightUp
Merging measMET_WWTo2L2Nu_13TeV-powheg_catDY
Merging measMET_WWTo2L2Nu_13TeV-powheg_catEM_sys_EWKDown
Merging MT_WWTo2L2Nu_13TeV-powheg_cat4L_sys_puWeightDown
Merging measMET_WWTo2L2Nu_13TeV-powheg_catNRB_sys_QCDScale1wDown
Merging MT_WWTo2L2Nu_13TeV-powheg_cat3L_sys_nvtxWeightUp
Merging measMET_WWTo2L2Nu_13TeV-powheg_catEM_sys_TriggerSFWeightUp
Merging njet_WWTo2L2Nu_13TeV-powheg_sys_EWKDown
Merging MT_WWTo2L2Nu_13TeV-powheg_cat3L_sys_MuonSFUp
Merging MT_WWTo2L2Nu_13TeV-powheg_catSignal-1jet_sys_ElectronEnDown
Merging measMET_WWTo2L2Nu_13TeV-powheg_catEM_sys_ElectronEnDown
Merging measMET_WWTo2L2Nu_13TeV-powheg_catTOP_sys_TriggerSFWeightDown
Merging measMET_WWTo2L2Nu_13TeV-powheg_catEM_sys_QCDScale2wUp
Merging MT_WWTo2L2Nu_13TeV-powheg_catSignal-0jet
Merging njet_WWTo2L2Nu_13TeV-powheg_sys_jesTotalDown
Merging MT_WWTo2L2Nu_13TeV-powheg_catSignal-1jet_sys_puWeightDown
Merging measMET_WWTo2L2Nu_13TeV-powheg_catNRB_sys_puWeightDown
Merging phizmet_WWTo2L2Nu_13TeV-powheg_sys_puWeightUp
Merging measMET_WWTo2L2Nu_13TeV-powheg_catSignal-1jet_sys_PDFDown
Merging MT_WWTo2L2Nu_13TeV-powheg_catSignal-1jet_sys_btagEventWeightUp
Merging MT_WWTo2L2Nu_13TeV-powheg_catDY_sys_PrefireWeightUp
Merging phizmet_WWTo2L2Nu_13TeV-powheg_sys_jesTotalDown
Merging measMET_WWTo2L2Nu_13TeV-powheg_cat3L_sys_jesTotalUp
Merging MT_WWTo2L2Nu_13TeV-powheg_catDY_sys_PDFUp
Merging MT_WWTo2L2Nu_13TeV-powheg_catSignal-0jet_sys_QCDScale2wDown
Merging MT_WWTo2L2Nu_13TeV-powheg_catDY_sys_MuonSFDown
Merging MT_WWTo2L2Nu_13TeV-powheg_catSignal-0jet_sys_jerDown
Merging measMET_WWTo2L2Nu_13TeV-powheg_catSignal-0jet_sys_MuonSFUp
Merging measMET_WWTo2L2Nu_13TeV-powheg_catSignal-0jet_sys_ElectronEnUp
Merging MT_WWTo2L2Nu_13TeV-powheg_catSignal-0jet_sys_jesTotalDown
Merging MT_WWTo2L2Nu_13TeV-powheg_catSignal-0jet_sys_QCDScale1wUp
Merging MT_WWTo2L2Nu_13TeV-powheg_catSignal-0jet_sys_EWKDown
Merging measMET_WWTo2L2Nu_13TeV-powheg_catNRB_sys_ElecronSFUp
Merging MT_WWTo2L2Nu_13TeV-powheg_catSignal-1jet_sys_PrefireWeightDown
Merging balance_WWTo2L2Nu_13TeV-powheg_sys_PDFUp
Merging measMET_WWTo2L2Nu_13TeV-powheg_catNRB_sys_ElectronEnDown
Merging MT_WWTo2L2Nu_13TeV-powheg_catSignal-0jet_sys_PDFDown
Merging measMET_WWTo2L2Nu_13TeV-powheg_catEM_sys_MuonEnUp
Merging njet_WWTo2L2Nu_13TeV-powheg_sys_QCDScale0wUp
Merging MT_WWTo2L2Nu_13TeV-powheg_catEM_sys_puWeightUp
Merging measMET_WWTo2L2Nu_13TeV-powheg_catNRB_sys_QCDScale0wUp
Merging MT_WWTo2L2Nu_13TeV-powheg_catSignal-0jet_sys_TriggerSFWeightUp
Merging MT_WWTo2L2Nu_13TeV-powheg_catDY_sys_QCDScale2wUp
Merging measMET_WWTo2L2Nu_13TeV-powheg_catEM_sys_QCDScale2wDown
Merging measMET_WWTo2L2Nu_13TeV-powheg_cat4L_sys_TriggerSFWeightDown
Merging measMET_WWTo2L2Nu_13TeV-powheg_catNRB_sys_MuonSFDown
Merging MT_WWTo2L2Nu_13TeV-powheg_cat4L_sys_jesTotalUp
Merging MT_WWTo2L2Nu_13TeV-powheg_catNRB_sys_MuonSFDown
Merging MT_WWTo2L2Nu_13TeV-powheg_catSignal-0jet_sys_MuonSFDown
Merging balance_WWTo2L2Nu_13TeV-powheg_sys_QCDScale0wDown
Merging phizmet_WWTo2L2Nu_13TeV-powheg_sys_ElectronEnDown
Merging njet_WWTo2L2Nu_13TeV-powheg_sys_MuonSFUp
Merging measMET_WWTo2L2Nu_13TeV-powheg_cat3L_sys_ElecronSFUp
Merging MT_WWTo2L2Nu_13TeV-powheg_catNRB_sys_QCDScale2wUp
Merging measMET_WWTo2L2Nu_13TeV-powheg_catDY_sys_MuonSFUp
Merging measMET_WWTo2L2Nu_13TeV-powheg_catDY_sys_MuonEnUp
Merging measMET_WWTo2L2Nu_13TeV-powheg_catEM_sys_PrefireWeightUp
Merging measMET_WWTo2L2Nu_13TeV-powheg_catDY_sys_QCDScale2wDown
Merging measMET_WWTo2L2Nu_13TeV-powheg_catNRB_sys_ElecronSFDown
Merging measMET_WWTo2L2Nu_13TeV-powheg_cat4L_sys_nvtxWeightUp
Merging MT_WWTo2L2Nu_13TeV-powheg_catSignal-1jet_sys_EWKUp
Merging MT_WWTo2L2Nu_13TeV-powheg_catSignal-1jet_sys_jesTotalUp
Merging measMET_WWTo2L2Nu_13TeV-powheg_catDY_sys_jesTotalUp
Merging njet_WWTo2L2Nu_13TeV-powheg_sys_PDFUp
Merging MT_WWTo2L2Nu_13TeV-powheg_catNRB_sys_PrefireWeightDown
Merging MT_WWTo2L2Nu_13TeV-powheg_catTOP_sys_jerDown
Merging MT_WWTo2L2Nu_13TeV-powheg_cat3L_sys_ElectronEnUp
Merging measMET_WWTo2L2Nu_13TeV-powheg_cat4L_sys_PDFUp
Merging MT_WWTo2L2Nu_13TeV-powheg_catSignal-1jet_sys_QCDScale0wDown
Merging MT_WWTo2L2Nu_13TeV-powheg_catDY_sys_PDFDown
Merging MT_WWTo2L2Nu_13TeV-powheg_catNRB_sys_btagEventWeightDown
Merging MT_WWTo2L2Nu_13TeV-powheg_catTOP_sys_btagEventWeightDown
Merging njet_WWTo2L2Nu_13TeV-powheg_sys_TriggerSFWeightDown
Merging measMET_WWTo2L2Nu_13TeV-powheg_catTOP_sys_btagEventWeightDown
Merging MT_WWTo2L2Nu_13TeV-powheg_catSignal-1jet_sys_QCDScale1wDown
Merging MT_WWTo2L2Nu_13TeV-powheg_catSignal-0jet_sys_QCDScale1wDown
Merging MT_WWTo2L2Nu_13TeV-powheg_cat3L_sys_QCDScale2wDown
Merging measMET_WWTo2L2Nu_13TeV-powheg_catSignal-0jet_sys_TriggerSFWeightDown
Merging measMET_WWTo2L2Nu_13TeV-powheg_cat4L_sys_btagEventWeightUp
Merging MT_WWTo2L2Nu_13TeV-powheg_catNRB_sys_ElectronEnUp
Merging MT_WWTo2L2Nu_13TeV-powheg_cat4L_sys_btagEventWeightUp
Merging MT_WWTo2L2Nu_13TeV-powheg_catEM_sys_EWKUp
Merging MT_WWTo2L2Nu_13TeV-powheg_cat3L_sys_jesTotalUp
Merging measMET_WWTo2L2Nu_13TeV-powheg_catSignal-1jet_sys_btagEventWeightDown
Merging MT_WWTo2L2Nu_13TeV-powheg_cat4L_sys_ElectronEnDown
Merging MT_WWTo2L2Nu_13TeV-powheg_catNRB_sys_TriggerSFWeightDown
Merging MT_WWTo2L2Nu_13TeV-powheg_catNRB_sys_jesTotalUp
Merging measMET_WWTo2L2Nu_13TeV-powheg_cat4L_sys_EWKUp
Merging njet_WWTo2L2Nu_13TeV-powheg_sys_puWeightDown
Merging measMET_WWTo2L2Nu_13TeV-powheg_cat3L_sys_MuonEnDown
Merging measMET_WWTo2L2Nu_13TeV-powheg_cat3L_sys_ElecronSFDown
Merging MT_WWTo2L2Nu_13TeV-powheg_catSignal-0jet_sys_EWKUp
Merging measMET_WWTo2L2Nu_13TeV-powheg_catSignal-0jet_sys_ElectronEnDown
Merging balance_WWTo2L2Nu_13TeV-powheg_sys_PrefireWeightDown
Merging measMET_WWTo2L2Nu_13TeV-powheg_catSignal-1jet_sys_PDFUp
Merging measMET_WWTo2L2Nu_13TeV-powheg_catSignal-1jet_sys_ElecronSFDown
Merging MT_WWTo2L2Nu_13TeV-powheg_catEM_sys_QCDScale0wDown
Merging measMET_WWTo2L2Nu_13TeV-powheg_cat3L_sys_ElectronEnDown
Merging measMET_WWTo2L2Nu_13TeV-powheg_catSignal-1jet_sys_ElectronEnUp
Merging measMET_WWTo2L2Nu_13TeV-powheg_catNRB_sys_EWKDown
Merging MT_WWTo2L2Nu_13TeV-powheg_cat3L_sys_EWKUp
Merging measMET_WWTo2L2Nu_13TeV-powheg_catTOP_sys_MuonSFDown
Merging njet_WWTo2L2Nu_13TeV-powheg_sys_MuonEnDown
/eos/cms/store/group/phys_exotica/monoZ/Exorcism2016/WWTo2L2Nu_13TeV-powheg/tree_1.root  ->  /eos/cms/store/group/phys_exotica/monoZ/Exorcism2016/WWTo2L2Nu_13TeV-powheg/tree_1.root
Testing file open
Test OK
---------------------------
 -- options  =  Namespace(dataset='X', doSyst=1, era='2016', infile='/eos/cms/store/group/phys_exotica/monoZ/Exorcism2016/WWTo2L2Nu_13TeV-powheg/tree_1.root', isMC=1, jobNum=1, nevt=-1)
 -- is MC    =  1
 -- jobNum   =  1
 -- era      =  2016
 -- in file  =  /eos/cms/store/group/phys_exotica/monoZ/Exorcism2016/WWTo2L2Nu_13TeV-powheg/tree_1.root
 -- dataset  =  X
---------------------------
[check] condtag_ ==  WWTo2L2Nu_13TeV-powheg
[check] dataset  ==  monoZ
modules :  <PhysicsTools.MonoZ.MonoZWSProducer.MonoZWSProducer object at 0x2ae51d12d8d0>
modules :  <PhysicsTools.MonoZ.MonoZWSProducer.MonoZWSProducer object at 0x2ae51d12d990>
modules :  <PhysicsTools.MonoZ.MonoZWSProducer.MonoZWSProducer object at 0x2ae51d12d9d0>
modules :  <PhysicsTools.MonoZ.MonoZWSProducer.MonoZWSProducer object at 0x2ae51d12da10>
modules :  <PhysicsTools.MonoZ.MonoZWSProducer.MonoZWSProducer object at 0x2ae51d12da50>
modules :  <PhysicsTools.MonoZ.MonoZWSProducer.MonoZWSProducer object at 0x2ae51d12da90>
modules :  <PhysicsTools.MonoZ.MonoZWSProducer.MonoZWSProducer object at 0x2ae51d12dad0>
modules :  <PhysicsTools.MonoZ.MonoZWSProducer.MonoZWSProducer object at 0x2ae51d12db10>
modules :  <PhysicsTools.MonoZ.MonoZWSProducer.MonoZWSProducer object at 0x2ae51d12db50>
modules :  <PhysicsTools.MonoZ.MonoZWSProducer.MonoZWSProducer object at 0x2ae51d12db90>
modules :  <PhysicsTools.MonoZ.MonoZWSProducer.MonoZWSProducer object at 0x2ae51d12dbd0>
modules :  <PhysicsTools.MonoZ.MonoZWSProducer.MonoZWSProducer object at 0x2ae51d12dc10>
modules :  <PhysicsTools.MonoZ.MonoZWSProducer.MonoZWSProducer object at 0x2ae51d12dc50>
modules :  <PhysicsTools.MonoZ.MonoZWSProducer.MonoZWSProducer object at 0x2ae51d12dc90>
modules :  <PhysicsTools.MonoZ.MonoZWSProducer.MonoZWSProducer object at 0x2ae51d12dcd0>
modules :  <PhysicsTools.MonoZ.MonoZWSProducer.MonoZWSProducer object at 0x2ae51d12dd10>
modules :  <PhysicsTools.MonoZ.MonoZWSProducer.MonoZWSProducer object at 0x2ae51d12dd50>
modules :  <PhysicsTools.MonoZ.MonoZWSProducer.MonoZWSProducer object at 0x2ae51d12dd90>
modules :  <PhysicsTools.MonoZ.MonoZWSProducer.MonoZWSProducer object at 0x2ae51d12ddd0>
modules :  <PhysicsTools.MonoZ.MonoZWSProducer.MonoZWSProducer object at 0x2ae51d12de10>
modules :  <PhysicsTools.MonoZ.MonoZWSProducer.MonoZWSProducer object at 0x2ae51d12de50>
modules :  <PhysicsTools.MonoZ.MonoZWSProducer.MonoZWSProducer object at 0x2ae51d12de90>
modules :  <PhysicsTools.MonoZ.MonoZWSProducer.MonoZWSProducer object at 0x2ae51d12df10>
modules :  <PhysicsTools.MonoZ.MonoZWSProducer.MonoZWSProducer object at 0x2ae51d12df90>
modules :  <PhysicsTools.MonoZ.MonoZWSProducer.MonoZWSProducer object at 0x2ae51d12f050>
modules :  <PhysicsTools.MonoZ.MonoZWSProducer.MonoZWSProducer object at 0x2ae51d12f0d0>
modules :  <PhysicsTools.MonoZ.MonoZWSProducer.MonoZWSProducer object at 0x2ae51d12f110>
modules :  <PhysicsTools.MonoZ.MonoZWSProducer.MonoZWSProducer object at 0x2ae51d12f150>
modules :  <PhysicsTools.MonoZ.MonoZWSProducer.MonoZWSProducer object at 0x2ae51d12f190>
modules :  <PhysicsTools.MonoZ.MonoZWSProducer.MonoZWSProducer object at 0x2ae51d12f1d0>
modules :  <PhysicsTools.MonoZ.MonoZWSProducer.MonoZWSProducer object at 0x2ae51d12f210>
Selection :  
Will write selected trees to .
Pre-select 20782 entries out of 20782 (100.00%)
Processed    10000/   20782 entries, 48.12% (elapsed time   478.3s, curr speed    0.021 kHz, avg speed    0.021 kHz), accepted    10001/   10001 events (100.00%)
Processed    20000/   20782 entries, 96.24% (elapsed time   975.8s, curr speed    0.020 kHz, avg speed    0.020 kHz), accepted    20001/   20001 events (100.00%)
Processed 20782 preselected entries from /eos/cms/store/group/phys_exotica/monoZ/Exorcism2016/WWTo2L2Nu_13TeV-powheg/tree_1.root (20782 entries). Finally selected 20782 entries
Done ./tree_1_Skim.root
20.3655250135 Hz
----- transfer output to eos :
----- directory after running :
.:
total 6148
-rw-r--r--. 1 cfreer zh    1191 Nov 29 22:45 FrameworkJobReport.xml
-rw-r--r--. 1 cfreer zh       0 Nov 29 22:28 _condor_stderr
-rw-r--r--. 1 cfreer zh   68741 Nov 29 22:45 _condor_stdout
-rw-------. 1 cfreer zh    4914 Nov 29 22:45 cfreer.cc
-rw-r--r--. 1 cfreer zh   16092 Nov 29 22:28 combineHLT_Run2.yaml
-rw-r--r--. 1 cfreer zh    5718 Nov 29 22:28 condor_WSProducer.py
-rwxr-xr-x. 1 cfreer zh     821 Nov 29 22:28 condor_exec.exe
-rwxr-xr-x. 1 cfreer zh    2559 Nov 29 22:28 haddnano.py
-rw-r--r--. 1 cfreer zh       8 Nov 29 22:28 keep_and_drop_WS.txt
drwx------. 3 cfreer zh    4096 Nov 29 22:28 tmp
-rw-r--r--. 1 cfreer zh 3083761 Nov 29 22:45 tree_1.root
-rw-r--r--. 1 cfreer zh 3083645 Nov 29 22:45 tree_1_Skim.root
drwx------. 3 cfreer zh    4096 Nov 29 22:28 var

./tmp:
total 4
drwxr-xr-x. 3 cfreer zh 4096 Nov 29 22:28 mjf-cfreer

./tmp/mjf-cfreer:
total 4
drwxr-xr-x. 2 cfreer zh 4096 Nov 29 22:28 jobfeatures-bigbird09.cern.ch_3029501.1_1574944594

./tmp/mjf-cfreer/jobfeatures-bigbird09.cern.ch_3029501.1_1574944594:
total 28
-rw-r--r--. 1 cfreer zh  1 Nov 29 22:28 allocated_cpu
-rw-r--r--. 1 cfreer zh  6 Nov 29 22:28 cpu_limit_secs
-rw-r--r--. 1 cfreer zh 38 Nov 29 22:28 job_id
-rw-r--r--. 1 cfreer zh 10 Nov 29 22:28 jobstart_secs
-rw-r--r--. 1 cfreer zh 10 Nov 29 22:28 max_rss_bytes
-rw-r--r--. 1 cfreer zh 10 Nov 29 22:28 scratch_limit_bytes
-rw-r--r--. 1 cfreer zh  6 Nov 29 22:28 wall_limit_secs

./var:
total 4
drwx------. 2 cfreer zh 4096 Nov 29 22:28 tmp

./var/tmp:
total 0
 ------ THE END (everyone dies !) ----- 
