
/pool/condor/dir_8020

... start job at 2020-01-13 21:34:33
----- directory before running:
.:
total 100
-rw-r--r--. 1 cfreer zh 11624 Jan 13 21:34 Cert_271036-284044_13TeV_ReReco_07Aug2017_Collisions16_JSON.txt
-rw-r--r--. 1 cfreer zh 14638 Jan 13 21:34 Cert_294927-306462_13TeV_EOY2017ReReco_Collisions17_JSON_v1.txt
-rw-r--r--. 1 cfreer zh 13968 Jan 13 21:34 Cert_314472-325175_13TeV_17SeptEarlyReReco2018ABC_PromptEraD_Collisions18_JSON.txt
-rw-r--r--. 1 cfreer zh     0 Jan 13 21:34 _condor_stderr
-rw-r--r--. 1 cfreer zh    93 Jan 13 21:34 _condor_stdout
-rw-------. 1 cfreer zh  2626 Jan 13 21:34 cfreer.cc
-rw-r--r--. 1 cfreer zh 16092 Jan 13 21:34 combineHLT_Run2.yaml
-rw-r--r--. 1 cfreer zh 10051 Jan 13 21:34 condor_Run2_proc.py
-rwxr-xr-x. 1 cfreer zh   934 Jan 13 21:34 condor_exec.exe
-rwxr-xr-x. 1 cfreer zh  2559 Jan 13 21:34 haddnano.py
-rw-r--r--. 1 cfreer zh   499 Jan 13 21:34 keep_and_drop.txt
drwx------. 3 cfreer zh  4096 Jan 13 21:34 tmp
drwx------. 3 cfreer zh  4096 Jan 13 21:34 var

./tmp:
total 4
drwxr-xr-x. 3 cfreer zh 4096 Jan 13 21:34 mjf-cfreer

./tmp/mjf-cfreer:
total 4
drwxr-xr-x. 2 cfreer zh 4096 Jan 13 21:34 jobfeatures-bigbird09.cern.ch_3299254.0_1578947616

./tmp/mjf-cfreer/jobfeatures-bigbird09.cern.ch_3299254.0_1578947616:
total 28
-rw-r--r--. 1 cfreer zh  1 Jan 13 21:34 allocated_cpu
-rw-r--r--. 1 cfreer zh  6 Jan 13 21:34 cpu_limit_secs
-rw-r--r--. 1 cfreer zh 38 Jan 13 21:34 job_id
-rw-r--r--. 1 cfreer zh 10 Jan 13 21:34 jobstart_secs
-rw-r--r--. 1 cfreer zh 10 Jan 13 21:34 max_rss_bytes
-rw-r--r--. 1 cfreer zh 11 Jan 13 21:34 scratch_limit_bytes
-rw-r--r--. 1 cfreer zh  6 Jan 13 21:34 wall_limit_secs

./var:
total 4
drwx------. 2 cfreer zh 4096 Jan 13 21:34 tmp

./var/tmp:
total 0
----- CMSSW BASE, python path, pwd:
+ CMSSW_BASE  = /afs/cern.ch/work/c/cfreer/MonoZ_2019/MT_plots/CMSSW_10_6_4
+ PYTHON_PATH = 
+ PWD         = /pool/condor/dir_8020
----- Found Proxy in: /afs/cern.ch/user/c/cfreer/x509up_u85831
/store/mc/RunIIFall17NanoAODv5/ADDMonoZ2017_MD_2_d_2/NANOAODSIM/PU2017_12Apr2018_Nano1June2019_102X_mc2017_realistic_v7-v1/100000/9CF7F860-AB41-574B-BC1D-C98A0899122E.root  ->  root://eoscms.cern.ch//eos/cms/store/mc/RunIIFall17NanoAODv5/ADDMonoZ2017_MD_2_d_2/NANOAODSIM/PU2017_12Apr2018_Nano1June2019_102X_mc2017_realistic_v7-v1/100000/9CF7F860-AB41-574B-BC1D-C98A0899122E.root
Testing file open
---------------------------
 -- options  =  Namespace(dataset='X', doSyst=1, era='2017', infile='root://cms-xrd-global.cern.ch//store/mc/RunIIFall17NanoAODv5/ADDMonoZ2017_MD_2_d_2/NANOAODSIM/PU2017_12Apr2018_Nano1June2019_102X_mc2017_realistic_v7-v1/100000/9CF7F860-AB41-574B-BC1D-C98A0899122E.root', isMC=1, jobNum=0, json=None, nevt=-1)
 -- is MC    =  1
 -- jobNum   =  0
 -- era      =  2017
 -- in file  =  root://cms-xrd-global.cern.ch//store/mc/RunIIFall17NanoAODv5/ADDMonoZ2017_MD_2_d_2/NANOAODSIM/PU2017_12Apr2018_Nano1June2019_102X_mc2017_realistic_v7-v1/100000/9CF7F860-AB41-574B-BC1D-C98A0899122E.root
 -- dataset  =  X
---------------------------
[check] condtag_ ==  PU2017_12Apr2018_Nano1June2019_102X_mc2017_realistic_v7-v1
[check] dataset  ==  ADDMonoZ2017_MD_2_d_2
Loading btagSF weights for deep-CSV (b) algorithm from file '/afs/cern.ch/work/c/cfreer/MonoZ_2019/MT_plots/CMSSW_10_6_4/src/PhysicsTools/NanoAODTools/data/btagSF/DeepCSV_94XSF_V2_B_F.csv'
Load Library 'CondFormatsBTauObjects'
Load Library 'CondToolsBTau'
Loading C++ helper from /afs/cern.ch/work/c/cfreer/MonoZ_2019/MT_plots/CMSSW_10_6_4/src/PhysicsTools/NanoAODTools/python/postprocessing/data/roccor.Run2.v3/RoccoR.cc
Load C++ Worker
/afs/cern.ch/work/c/cfreer/MonoZ_2019/MT_plots/CMSSW_10_6_4/src/PhysicsTools/MonoZ/data/Nvtx/npvWeights_2017.root
/afs/cern.ch/work/c/cfreer/MonoZ_2019/MT_plots/CMSSW_10_6_4/src/PhysicsTools/MonoZ/data/BTagEff/BTagEff_2017.root
modules :  <PhysicsTools.MonoZ.GenWeightProducer.GenWeightProducer object at 0x2adad3547510>
modules :  <PhysicsTools.NanoAODTools.postprocessing.modules.common.puWeightProducer.puWeightProducer object at 0x2adad3547590>
modules :  <PhysicsTools.NanoAODTools.postprocessing.modules.common.PrefireCorr.PrefCorr object at 0x2adad4402590>
modules :  <PhysicsTools.NanoAODTools.postprocessing.modules.jme.jetmetUncertainties.jetmetUncertaintiesProducer object at 0x2adad4406410>
modules :  <PhysicsTools.NanoAODTools.postprocessing.modules.btv.btagSFProducer.btagSFProducer object at 0x2adad4425c10>
modules :  <PhysicsTools.NanoAODTools.postprocessing.modules.common.muonScaleResProducer.muonScaleResProducer object at 0x2adad4425c50>
modules :  <PhysicsTools.NanoAODTools.postprocessing.modules.common.lepSFProducer.lepSFProducer object at 0x2adad44336d0>
modules :  <PhysicsTools.MonoZ.NvtxPUreweight.nvtxWeightProducer object at 0x2adad4435f50>
modules :  <PhysicsTools.MonoZ.MonoZProducer.MonoZProducer object at 0x2adad4435f90>
modules :  <PhysicsTools.MonoZ.TriggerSFProducer.TriggerSFProducer object at 0x2adad4435fd0>
modules :  <PhysicsTools.MonoZ.BtagEventWeightProducer.BtagEventWeightProducer object at 0x2adad4437050>
modules :  <PhysicsTools.MonoZ.MonoZWSProducer.MonoZWSProducer object at 0x2adad4437090>
modules :  <PhysicsTools.MonoZ.MonoZProducer.MonoZProducer object at 0x2adad4437150>
modules :  <PhysicsTools.MonoZ.MonoZWSProducer.MonoZWSProducer object at 0x2adad4437190>
modules :  <PhysicsTools.MonoZ.MonoZProducer.MonoZProducer object at 0x2adad44371d0>
modules :  <PhysicsTools.MonoZ.MonoZWSProducer.MonoZWSProducer object at 0x2adad4437210>
modules :  <PhysicsTools.MonoZ.MonoZProducer.MonoZProducer object at 0x2adad4437250>
modules :  <PhysicsTools.MonoZ.MonoZWSProducer.MonoZWSProducer object at 0x2adad4437290>
modules :  <PhysicsTools.MonoZ.MonoZProducer.MonoZProducer object at 0x2adad44372d0>
modules :  <PhysicsTools.MonoZ.MonoZWSProducer.MonoZWSProducer object at 0x2adad4437310>
modules :  <PhysicsTools.MonoZ.MonoZProducer.MonoZProducer object at 0x2adad4437350>
modules :  <PhysicsTools.MonoZ.MonoZWSProducer.MonoZWSProducer object at 0x2adad4437390>
modules :  <PhysicsTools.MonoZ.MonoZProducer.MonoZProducer object at 0x2adad44373d0>
modules :  <PhysicsTools.MonoZ.MonoZWSProducer.MonoZWSProducer object at 0x2adad4437410>
modules :  <PhysicsTools.MonoZ.MonoZProducer.MonoZProducer object at 0x2adad4437450>
modules :  <PhysicsTools.MonoZ.MonoZWSProducer.MonoZWSProducer object at 0x2adad4437490>
modules :  <PhysicsTools.MonoZ.MonoZProducer.MonoZProducer object at 0x2adad44374d0>
modules :  <PhysicsTools.MonoZ.MonoZWSProducer.MonoZWSProducer object at 0x2adad4437510>
modules :  <PhysicsTools.MonoZ.MonoZWSProducer.MonoZWSProducer object at 0x2adad4437550>
modules :  <PhysicsTools.MonoZ.MonoZWSProducer.MonoZWSProducer object at 0x2adad4437590>
modules :  <PhysicsTools.MonoZ.MonoZWSProducer.MonoZWSProducer object at 0x2adad44375d0>
modules :  <PhysicsTools.MonoZ.MonoZWSProducer.MonoZWSProducer object at 0x2adad4437610>
modules :  <PhysicsTools.MonoZ.MonoZWSProducer.MonoZWSProducer object at 0x2adad4437650>
modules :  <PhysicsTools.MonoZ.MonoZWSProducer.MonoZWSProducer object at 0x2adad4437690>
modules :  <PhysicsTools.MonoZ.MonoZWSProducer.MonoZWSProducer object at 0x2adad44376d0>
modules :  <PhysicsTools.MonoZ.MonoZWSProducer.MonoZWSProducer object at 0x2adad4437710>
modules :  <PhysicsTools.MonoZ.MonoZWSProducer.MonoZWSProducer object at 0x2adad4437750>
modules :  <PhysicsTools.MonoZ.MonoZWSProducer.MonoZWSProducer object at 0x2adad4437790>
modules :  <PhysicsTools.MonoZ.MonoZWSProducer.MonoZWSProducer object at 0x2adad44377d0>
modules :  <PhysicsTools.MonoZ.MonoZWSProducer.MonoZWSProducer object at 0x2adad4437810>
modules :  <PhysicsTools.MonoZ.MonoZWSProducer.MonoZWSProducer object at 0x2adad4437850>
modules :  <PhysicsTools.MonoZ.MonoZWSProducer.MonoZWSProducer object at 0x2adad44378d0>
modules :  <PhysicsTools.MonoZ.MonoZWSProducer.MonoZWSProducer object at 0x2adad4437950>
modules :  <PhysicsTools.MonoZ.MonoZWSProducer.MonoZWSProducer object at 0x2adad44379d0>
modules :  <PhysicsTools.MonoZ.MonoZWSProducer.MonoZWSProducer object at 0x2adad4437a50>
modules :  <PhysicsTools.MonoZ.MonoZWSProducer.MonoZWSProducer object at 0x2adad4437a90>
modules :  <PhysicsTools.MonoZ.MonoZWSProducer.MonoZWSProducer object at 0x2adad4437ad0>
modules :  <PhysicsTools.MonoZ.MonoZWSProducer.MonoZWSProducer object at 0x2adad4437b10>
modules :  <PhysicsTools.MonoZ.MonoZWSProducer.MonoZWSProducer object at 0x2adad4437b50>
modules :  <PhysicsTools.MonoZ.MonoZWSProducer.MonoZWSProducer object at 0x2adad4437b90>
modules :  <PhysicsTools.MonoZ.MonoZWSProducer.MonoZWSProducer object at 0x2adad4437bd0>
modules :  <PhysicsTools.MonoZ.MonoZWSProducer.MonoZWSProducer object at 0x2adad4437c50>
Selection :  ((Sum$(Electron_pt>20 & &abs(Electron_eta)<2.5) + Sum$(Muon_pt>20 && abs(Muon_eta)<2.5) )>=2)&& Flag_METFilters
Will write selected trees to .
Loading jet energy scale (JES) uncertainties from file '/pool/condor/dir_8020/tmp/tmpUpWLx7/Fall17_17Nov2017_V32_MC_UncertaintySources_AK4PFchs.txt'
Loading jet energy resolutions (JER) from file '/pool/condor/dir_8020/tmp/tmpS6DLXU/Fall17_V3_MC_PtResolution_AK4PFchs.txt'
Loading JER scale factors and uncertainties from file '/pool/condor/dir_8020/tmp/tmpS6DLXU/Fall17_V3_MC_SF_AK4PFchs.txt'
 --> opening this file : /afs/cern.ch/work/c/cfreer/MonoZ_2019/MT_plots/CMSSW_10_6_4/src/PhysicsTools/NanoAODTools/python/postprocessing/data/leptonSF/2017_Mu_EfficienciesAndSF_RunBtoF_Nov17Nov2017.root
Loading histogram IsoMu27_PtEtaBins/pt_abseta_ratio from file /afs/cern.ch/work/c/cfreer/MonoZ_2019/MT_plots/CMSSW_10_6_4/src/PhysicsTools/NanoAODTools/python/postprocessing/data/leptonSF/2017_Mu_EfficienciesAndSF_RunBtoF_Nov17Nov2017.root... 
---- doing a push_back
---- closing the file
---- file closed
 --> opening this file : /afs/cern.ch/work/c/cfreer/MonoZ_2019/MT_plots/CMSSW_10_6_4/src/PhysicsTools/NanoAODTools/python/postprocessing/data/leptonSF/2017_Mu_RunBCDEF_mc_ID.root
Loading histogram NUM_LooseID_DEN_genTracks_pt_abseta from file /afs/cern.ch/work/c/cfreer/MonoZ_2019/MT_plots/CMSSW_10_6_4/src/PhysicsTools/NanoAODTools/python/postprocessing/data/leptonSF/2017_Mu_RunBCDEF_mc_ID.root... 
---- doing a push_back
---- closing the file
---- file closed
 --> opening this file : /afs/cern.ch/work/c/cfreer/MonoZ_2019/MT_plots/CMSSW_10_6_4/src/PhysicsTools/NanoAODTools/python/postprocessing/data/leptonSF/2017_Mu_RunBCDEF_mc_ISO.root
Loading histogram NUM_LooseRelIso_DEN_LooseID_pt_abseta from file /afs/cern.ch/work/c/cfreer/MonoZ_2019/MT_plots/CMSSW_10_6_4/src/PhysicsTools/NanoAODTools/python/postprocessing/data/leptonSF/2017_Mu_RunBCDEF_mc_ISO.root... 
---- doing a push_back
---- closing the file
---- file closed
---- the end of the init function 
 --> opening this file : /afs/cern.ch/work/c/cfreer/MonoZ_2019/MT_plots/CMSSW_10_6_4/src/PhysicsTools/NanoAODTools/python/postprocessing/data/leptonSF/2017_El_MVA90.root
Loading histogram EGamma_SF2D from file /afs/cern.ch/work/c/cfreer/MonoZ_2019/MT_plots/CMSSW_10_6_4/src/PhysicsTools/NanoAODTools/python/postprocessing/data/leptonSF/2017_El_MVA90.root... 
---- doing a push_back
---- closing the file
---- file closed
 --> opening this file : /afs/cern.ch/work/c/cfreer/MonoZ_2019/MT_plots/CMSSW_10_6_4/src/PhysicsTools/NanoAODTools/python/postprocessing/data/leptonSF/2017_El_egammaEffi.txt_EGM2D_runBCDEF_passingRECO.root
Loading histogram EGamma_SF2D from file /afs/cern.ch/work/c/cfreer/MonoZ_2019/MT_plots/CMSSW_10_6_4/src/PhysicsTools/NanoAODTools/python/postprocessing/data/leptonSF/2017_El_egammaEffi.txt_EGM2D_runBCDEF_passingRECO.root... 
---- doing a push_back
---- closing the file
---- file closed
 --> opening this file : /afs/cern.ch/work/c/cfreer/MonoZ_2019/MT_plots/CMSSW_10_6_4/src/PhysicsTools/NanoAODTools/python/postprocessing/data/leptonSF/2017_El_egammaEffi.txt_EGM2D_runBCDEF_passingRECO_lowEt.root
Loading histogram EGamma_SF2D from file /afs/cern.ch/work/c/cfreer/MonoZ_2019/MT_plots/CMSSW_10_6_4/src/PhysicsTools/NanoAODTools/python/postprocessing/data/leptonSF/2017_El_egammaEffi.txt_EGM2D_runBCDEF_passingRECO_lowEt.root... 
---- doing a push_back
---- closing the file
---- file closed
---- the end of the init function 
Pre-select 32640 entries out of 50000 (65.28%)
Computing PU profile for this file
----- transfert output to eos :
----- directory after running :
.:
total 2420
-rw-r--r--. 1 cfreer zh 2357580 Jan 13 21:36 9CF7F860-AB41-574B-BC1D-C98A0899122E_Skim.root
-rw-r--r--. 1 cfreer zh   11624 Jan 13 21:34 Cert_271036-284044_13TeV_ReReco_07Aug2017_Collisions16_JSON.txt
-rw-r--r--. 1 cfreer zh   14638 Jan 13 21:34 Cert_294927-306462_13TeV_EOY2017ReReco_Collisions17_JSON_v1.txt
-rw-r--r--. 1 cfreer zh   13968 Jan 13 21:34 Cert_314472-325175_13TeV_17SeptEarlyReReco2018ABC_PromptEraD_Collisions18_JSON.txt
-rw-r--r--. 1 cfreer zh    1819 Jan 13 21:36 _condor_stderr
-rw-r--r--. 1 cfreer zh   12286 Jan 13 21:36 _condor_stdout
-rw-------. 1 cfreer zh    4882 Jan 13 21:34 cfreer.cc
-rw-r--r--. 1 cfreer zh   16092 Jan 13 21:34 combineHLT_Run2.yaml
-rw-r--r--. 1 cfreer zh   10051 Jan 13 21:34 condor_Run2_proc.py
-rwxr-xr-x. 1 cfreer zh     934 Jan 13 21:34 condor_exec.exe
-rwxr-xr-x. 1 cfreer zh    2559 Jan 13 21:34 haddnano.py
-rw-r--r--. 1 cfreer zh     499 Jan 13 21:34 keep_and_drop.txt
drwx------. 5 cfreer zh    4096 Jan 13 21:34 tmp
drwx------. 3 cfreer zh    4096 Jan 13 21:34 var

./tmp:
total 12
drwxr-xr-x. 3 cfreer zh 4096 Jan 13 21:34 mjf-cfreer
drwx------. 2 cfreer zh 4096 Jan 13 21:34 tmpS6DLXU
drwx------. 2 cfreer zh 4096 Jan 13 21:34 tmpUpWLx7

./tmp/mjf-cfreer:
total 4
drwxr-xr-x. 2 cfreer zh 4096 Jan 13 21:34 jobfeatures-bigbird09.cern.ch_3299254.0_1578947616

./tmp/mjf-cfreer/jobfeatures-bigbird09.cern.ch_3299254.0_1578947616:
total 28
-rw-r--r--. 1 cfreer zh  1 Jan 13 21:34 allocated_cpu
-rw-r--r--. 1 cfreer zh  6 Jan 13 21:34 cpu_limit_secs
-rw-r--r--. 1 cfreer zh 38 Jan 13 21:34 job_id
-rw-r--r--. 1 cfreer zh 10 Jan 13 21:34 jobstart_secs
-rw-r--r--. 1 cfreer zh 10 Jan 13 21:34 max_rss_bytes
-rw-r--r--. 1 cfreer zh 11 Jan 13 21:34 scratch_limit_bytes
-rw-r--r--. 1 cfreer zh  6 Jan 13 21:34 wall_limit_secs

./tmp/tmpS6DLXU:
total 408
-rw-rw-r--. 1 cfreer zh 17775 Apr  2  2019 Fall17_V3_MC_EtaResolution_AK4PF.txt
-rw-rw-r--. 1 cfreer zh 17775 Apr  2  2019 Fall17_V3_MC_EtaResolution_AK4PFPuppi.txt
-rw-rw-r--. 1 cfreer zh 17775 Apr  2  2019 Fall17_V3_MC_EtaResolution_AK4PFchs.txt
-rw-rw-r--. 1 cfreer zh 17775 Apr  2  2019 Fall17_V3_MC_EtaResolution_AK8PF.txt
-rw-rw-r--. 1 cfreer zh 17775 Apr  2  2019 Fall17_V3_MC_EtaResolution_AK8PFPuppi.txt
-rw-rw-r--. 1 cfreer zh 17775 Apr  2  2019 Fall17_V3_MC_EtaResolution_AK8PFchs.txt
-rw-rw-r--. 1 cfreer zh 17775 Apr  2  2019 Fall17_V3_MC_PhiResolution_AK4PF.txt
-rw-rw-r--. 1 cfreer zh 17775 Apr  2  2019 Fall17_V3_MC_PhiResolution_AK4PFPuppi.txt
-rw-rw-r--. 1 cfreer zh 17775 Apr  2  2019 Fall17_V3_MC_PhiResolution_AK4PFchs.txt
-rw-rw-r--. 1 cfreer zh 17775 Apr  2  2019 Fall17_V3_MC_PhiResolution_AK8PF.txt
-rw-rw-r--. 1 cfreer zh 17775 Apr  2  2019 Fall17_V3_MC_PhiResolution_AK8PFPuppi.txt
-rw-rw-r--. 1 cfreer zh 17775 Apr  2  2019 Fall17_V3_MC_PhiResolution_AK8PFchs.txt
-rw-rw-r--. 1 cfreer zh 20537 Apr  2  2019 Fall17_V3_MC_PtResolution_AK4PF.txt
-rw-rw-r--. 1 cfreer zh 20537 Apr  2  2019 Fall17_V3_MC_PtResolution_AK4PFPuppi.txt
-rw-rw-r--. 1 cfreer zh 20537 Apr  2  2019 Fall17_V3_MC_PtResolution_AK4PFchs.txt
-rw-rw-r--. 1 cfreer zh 20537 Apr  2  2019 Fall17_V3_MC_PtResolution_AK8PF.txt
-rw-rw-r--. 1 cfreer zh 20537 Apr  2  2019 Fall17_V3_MC_PtResolution_AK8PFPuppi.txt
-rw-rw-r--. 1 cfreer zh 20537 Apr  2  2019 Fall17_V3_MC_PtResolution_AK8PFchs.txt
-rw-rw-r--. 1 cfreer zh   966 Apr  2  2019 Fall17_V3_MC_SF_AK4PF.txt
-rw-rw-r--. 1 cfreer zh   966 Apr  2  2019 Fall17_V3_MC_SF_AK4PFPuppi.txt
-rw-rw-r--. 1 cfreer zh   966 Apr  2  2019 Fall17_V3_MC_SF_AK4PFchs.txt
-rw-rw-r--. 1 cfreer zh   966 Apr  2  2019 Fall17_V3_MC_SF_AK8PF.txt
-rw-rw-r--. 1 cfreer zh   966 Apr  2  2019 Fall17_V3_MC_SF_AK8PFPuppi.txt
-rw-rw-r--. 1 cfreer zh   966 Apr  2  2019 Fall17_V3_MC_SF_AK8PFchs.txt

./tmp/tmpUpWLx7:
total 19864
-rw-rw-r--. 1 cfreer zh   15365 Apr  2  2019 Fall17_17Nov2017_V32_MC_L1FastJet_AK4Calo.txt
-rw-rw-r--. 1 cfreer zh   15365 Apr  2  2019 Fall17_17Nov2017_V32_MC_L1FastJet_AK4JPT.txt
-rwxrwxr-x. 1 cfreer zh   15518 Apr  2  2019 Fall17_17Nov2017_V32_MC_L1FastJet_AK4PF.txt
-rwxrwxr-x. 1 cfreer zh     150 Apr  2  2019 Fall17_17Nov2017_V32_MC_L1FastJet_AK4PFPuppi.txt
-rwxrwxr-x. 1 cfreer zh   15518 Apr  2  2019 Fall17_17Nov2017_V32_MC_L1FastJet_AK4PFchs.txt
-rwxrwxr-x. 1 cfreer zh   15518 Apr  2  2019 Fall17_17Nov2017_V32_MC_L1FastJet_AK8PF.txt
-rwxrwxr-x. 1 cfreer zh     150 Apr  2  2019 Fall17_17Nov2017_V32_MC_L1FastJet_AK8PFPuppi.txt
-rwxrwxr-x. 1 cfreer zh   15518 Apr  2  2019 Fall17_17Nov2017_V32_MC_L1FastJet_AK8PFchs.txt
-rw-rw-r--. 1 cfreer zh    5352 Apr  2  2019 Fall17_17Nov2017_V32_MC_L1JPTOffset_AK4JPT.txt
-rw-rw-r--. 1 cfreer zh    8653 Apr  2  2019 Fall17_17Nov2017_V32_MC_L1RC_AK4PF.txt
-rw-rw-r--. 1 cfreer zh    8653 Apr  2  2019 Fall17_17Nov2017_V32_MC_L1RC_AK4PFchs.txt
-rw-rw-r--. 1 cfreer zh    8653 Apr  2  2019 Fall17_17Nov2017_V32_MC_L1RC_AK8PF.txt
-rw-rw-r--. 1 cfreer zh    8653 Apr  2  2019 Fall17_17Nov2017_V32_MC_L1RC_AK8PFchs.txt
-rw-rw-r--. 1 cfreer zh     176 Apr  2  2019 Fall17_17Nov2017_V32_MC_L2L3Residual_AK4Calo.txt
-rw-rw-r--. 1 cfreer zh     176 Apr  2  2019 Fall17_17Nov2017_V32_MC_L2L3Residual_AK4JPT.txt
-rw-rw-r--. 1 cfreer zh     176 Apr  2  2019 Fall17_17Nov2017_V32_MC_L2L3Residual_AK4PF.txt
-rw-rw-r--. 1 cfreer zh     176 Apr  2  2019 Fall17_17Nov2017_V32_MC_L2L3Residual_AK4PFPuppi.txt
-rw-rw-r--. 1 cfreer zh     176 Apr  2  2019 Fall17_17Nov2017_V32_MC_L2L3Residual_AK4PFchs.txt
-rw-rw-r--. 1 cfreer zh     176 Apr  2  2019 Fall17_17Nov2017_V32_MC_L2L3Residual_AK8PF.txt
-rw-rw-r--. 1 cfreer zh     176 Apr  2  2019 Fall17_17Nov2017_V32_MC_L2L3Residual_AK8PFPuppi.txt
-rw-rw-r--. 1 cfreer zh     176 Apr  2  2019 Fall17_17Nov2017_V32_MC_L2L3Residual_AK8PFchs.txt
-rw-rw-r--. 1 cfreer zh   15463 Apr  2  2019 Fall17_17Nov2017_V32_MC_L2Relative_AK4Calo.txt
-rw-rw-r--. 1 cfreer zh   15462 Apr  2  2019 Fall17_17Nov2017_V32_MC_L2Relative_AK4JPT.txt
-rw-rw-r--. 1 cfreer zh  303197 Apr  2  2019 Fall17_17Nov2017_V32_MC_L2Relative_AK4PF.txt
-rw-rw-r--. 1 cfreer zh  287693 Apr  2  2019 Fall17_17Nov2017_V32_MC_L2Relative_AK4PFPuppi.txt
-rw-rw-r--. 1 cfreer zh  296357 Apr  2  2019 Fall17_17Nov2017_V32_MC_L2Relative_AK4PFchs.txt
-rw-rw-r--. 1 cfreer zh  205461 Apr  2  2019 Fall17_17Nov2017_V32_MC_L2Relative_AK8PF.txt
-rw-rw-r--. 1 cfreer zh  289517 Apr  2  2019 Fall17_17Nov2017_V32_MC_L2Relative_AK8PFPuppi.txt
-rw-rw-r--. 1 cfreer zh  199989 Apr  2  2019 Fall17_17Nov2017_V32_MC_L2Relative_AK8PFchs.txt
-rw-rw-r--. 1 cfreer zh     176 Apr  2  2019 Fall17_17Nov2017_V32_MC_L2Residual_AK4Calo.txt
-rw-rw-r--. 1 cfreer zh     176 Apr  2  2019 Fall17_17Nov2017_V32_MC_L2Residual_AK4JPT.txt
-rw-rw-r--. 1 cfreer zh     176 Apr  2  2019 Fall17_17Nov2017_V32_MC_L2Residual_AK4PF.txt
-rw-rw-r--. 1 cfreer zh     176 Apr  2  2019 Fall17_17Nov2017_V32_MC_L2Residual_AK4PFPuppi.txt
-rw-rw-r--. 1 cfreer zh     176 Apr  2  2019 Fall17_17Nov2017_V32_MC_L2Residual_AK4PFchs.txt
-rw-rw-r--. 1 cfreer zh     176 Apr  2  2019 Fall17_17Nov2017_V32_MC_L2Residual_AK8PF.txt
-rw-rw-r--. 1 cfreer zh     176 Apr  2  2019 Fall17_17Nov2017_V32_MC_L2Residual_AK8PFPuppi.txt
-rw-rw-r--. 1 cfreer zh     176 Apr  2  2019 Fall17_17Nov2017_V32_MC_L2Residual_AK8PFchs.txt
-rw-rw-r--. 1 cfreer zh     105 Apr  2  2019 Fall17_17Nov2017_V32_MC_L3Absolute_AK4Calo.txt
-rw-rw-r--. 1 cfreer zh     105 Apr  2  2019 Fall17_17Nov2017_V32_MC_L3Absolute_AK4JPT.txt
-rwxrwxr-x. 1 cfreer zh     177 Apr  2  2019 Fall17_17Nov2017_V32_MC_L3Absolute_AK4PF.txt
-rwxrwxr-x. 1 cfreer zh     177 Apr  2  2019 Fall17_17Nov2017_V32_MC_L3Absolute_AK4PFPuppi.txt
-rwxrwxr-x. 1 cfreer zh     177 Apr  2  2019 Fall17_17Nov2017_V32_MC_L3Absolute_AK4PFchs.txt
-rwxrwxr-x. 1 cfreer zh     177 Apr  2  2019 Fall17_17Nov2017_V32_MC_L3Absolute_AK8PF.txt
-rwxrwxr-x. 1 cfreer zh     177 Apr  2  2019 Fall17_17Nov2017_V32_MC_L3Absolute_AK8PFPuppi.txt
-rwxrwxr-x. 1 cfreer zh     177 Apr  2  2019 Fall17_17Nov2017_V32_MC_L3Absolute_AK8PFchs.txt
-rw-rw-r--. 1 cfreer zh 2228172 Apr  2  2019 Fall17_17Nov2017_V32_MC_UncertaintySources_AK4Calo.txt
-rw-rw-r--. 1 cfreer zh 2228172 Apr  2  2019 Fall17_17Nov2017_V32_MC_UncertaintySources_AK4JPT.txt
-rw-rw-r--. 1 cfreer zh 2275879 Apr  2  2019 Fall17_17Nov2017_V32_MC_UncertaintySources_AK4PF.txt
-rw-rw-r--. 1 cfreer zh 2275879 Apr  2  2019 Fall17_17Nov2017_V32_MC_UncertaintySources_AK4PFPuppi.txt
-rw-rw-r--. 1 cfreer zh 2275879 Apr  2  2019 Fall17_17Nov2017_V32_MC_UncertaintySources_AK4PFchs.txt
-rw-rw-r--. 1 cfreer zh 2275879 Apr  2  2019 Fall17_17Nov2017_V32_MC_UncertaintySources_AK8PF.txt
-rw-rw-r--. 1 cfreer zh 2275879 Apr  2  2019 Fall17_17Nov2017_V32_MC_UncertaintySources_AK8PFPuppi.txt
-rw-rw-r--. 1 cfreer zh 2275879 Apr  2  2019 Fall17_17Nov2017_V32_MC_UncertaintySources_AK8PFchs.txt
-rw-rw-r--. 1 cfreer zh   40604 Apr  2  2019 Fall17_17Nov2017_V32_MC_Uncertainty_AK4Calo.txt
-rw-rw-r--. 1 cfreer zh   40604 Apr  2  2019 Fall17_17Nov2017_V32_MC_Uncertainty_AK4JPT.txt
-rw-rw-r--. 1 cfreer zh   40604 Apr  2  2019 Fall17_17Nov2017_V32_MC_Uncertainty_AK4PF.txt
-rw-rw-r--. 1 cfreer zh   40604 Apr  2  2019 Fall17_17Nov2017_V32_MC_Uncertainty_AK4PFPuppi.txt
-rw-rw-r--. 1 cfreer zh   40604 Apr  2  2019 Fall17_17Nov2017_V32_MC_Uncertainty_AK4PFchs.txt
-rw-rw-r--. 1 cfreer zh   40604 Apr  2  2019 Fall17_17Nov2017_V32_MC_Uncertainty_AK8PF.txt
-rw-rw-r--. 1 cfreer zh   40604 Apr  2  2019 Fall17_17Nov2017_V32_MC_Uncertainty_AK8PFPuppi.txt
-rw-rw-r--. 1 cfreer zh   40604 Apr  2  2019 Fall17_17Nov2017_V32_MC_Uncertainty_AK8PFchs.txt

./var:
total 4
drwx------. 2 cfreer zh 4096 Jan 13 21:34 tmp

./var/tmp:
total 0
 ------ THE END (everyone dies !) ----- 
