
/pool/condor/dir_23830

... start job at 2019-11-29 02:00:25
----- directory before running:
.:
total 52
-rw-r--r--. 1 cfreer zh     0 Nov 29 02:00 _condor_stderr
-rw-r--r--. 1 cfreer zh    94 Nov 29 02:00 _condor_stdout
-rw-------. 1 cfreer zh  2642 Nov 29 02:00 cfreer.cc
-rw-r--r--. 1 cfreer zh 16092 Nov 29 02:00 combineHLT_Run2.yaml
-rw-r--r--. 1 cfreer zh  5718 Nov 29 02:00 condor_WSProducer.py
-rwxr-xr-x. 1 cfreer zh   840 Nov 29 02:00 condor_exec.exe
-rwxr-xr-x. 1 cfreer zh  2559 Nov 29 02:00 haddnano.py
-rw-r--r--. 1 cfreer zh     8 Nov 29 02:00 keep_and_drop_WS.txt
drwx------. 3 cfreer zh  4096 Nov 29 02:00 tmp
drwx------. 3 cfreer zh  4096 Nov 29 02:00 var

./tmp:
total 4
drwxr-xr-x. 3 cfreer zh 4096 Nov 29 02:00 mjf-cfreer

./tmp/mjf-cfreer:
total 4
drwxr-xr-x. 2 cfreer zh 4096 Nov 29 02:00 jobfeatures-bigbird09.cern.ch_3024748.41_1574900789

./tmp/mjf-cfreer/jobfeatures-bigbird09.cern.ch_3024748.41_1574900789:
total 28
-rw-r--r--. 1 cfreer zh  1 Nov 29 02:00 allocated_cpu
-rw-r--r--. 1 cfreer zh  6 Nov 29 02:00 cpu_limit_secs
-rw-r--r--. 1 cfreer zh 39 Nov 29 02:00 job_id
-rw-r--r--. 1 cfreer zh 10 Nov 29 02:00 jobstart_secs
-rw-r--r--. 1 cfreer zh 10 Nov 29 02:00 max_rss_bytes
-rw-r--r--. 1 cfreer zh 10 Nov 29 02:00 scratch_limit_bytes
-rw-r--r--. 1 cfreer zh  6 Nov 29 02:00 wall_limit_secs

./var:
total 4
drwx------. 2 cfreer zh 4096 Nov 29 02:00 tmp

./var/tmp:
total 0
----- CMSSW BASE, python path, pwd:
+ CMSSW_BASE  = /afs/cern.ch/work/c/cfreer/MonoZ_2019/MT_plots/CMSSW_10_6_4
+ PYTHON_PATH = 
+ PWD         = /pool/condor/dir_23830
Adding file ./tree_46_Skim.root
Merging measMET_monoZ_catSignal-0jet
Merging MT_monoZ_catSignal-0jet
Merging measMET_monoZ_catEM
Merging MT_monoZ_catEM
Merging measMET_monoZ_catSignal-1jet
Merging MT_monoZ_catSignal-1jet
Merging measMET_monoZ_cat3L
Merging MT_monoZ_cat3L
Merging measMET_monoZ_cat4L
Merging MT_monoZ_cat4L
Merging measMET_monoZ_catNRB
Merging MT_monoZ_catNRB
Merging measMET_monoZ_catTOP
Merging MT_monoZ_catTOP
Merging measMET_monoZ_catDY
Merging MT_monoZ_catDY
Merging balance_monoZ
Merging phizmet_monoZ
Merging njet_monoZ
Merging Events
Merging Runs
Merging ParameterSets
Merging LuminosityBlocks
Merging MetaData
Merging MT_data_catSignal-1jet
Merging measMET_data_catTOP
Merging MT_data_catEM
Merging MT_data_catTOP
Merging measMET_data_catNRB
Merging phizmet_data
Merging measMET_data_cat3L
Merging njet_data
Merging untagged
Merging MT_data_cat3L
Merging measMET_data_cat4L
Merging measMET_data_catEM
Merging MT_data_catDY
Merging measMET_data_catSignal-0jet
Merging MT_data_cat4L
Merging balance_data
Merging MT_data_catNRB
Merging MT_data_catSignal-0jet
Merging measMET_data_catSignal-1jet
Merging measMET_data_catDY
/eos/cms/store/group/phys_exotica/monoZ/Exorcism2018/DoubleMuon_Run2018D-Nano1June2019_ver2-v1/tree_46.root  ->  /eos/cms/store/group/phys_exotica/monoZ/Exorcism2018/DoubleMuon_Run2018D-Nano1June2019_ver2-v1/tree_46.root
Testing file open
Test OK
---------------------------
 -- options  =  Namespace(dataset='X', doSyst=1, era='2018', infile='/eos/cms/store/group/phys_exotica/monoZ/Exorcism2018/DoubleMuon_Run2018D-Nano1June2019_ver2-v1/tree_46.root', isMC=0, jobNum=41, nevt=-1)
 -- is MC    =  0
 -- jobNum   =  41
 -- era      =  2018
 -- in file  =  /eos/cms/store/group/phys_exotica/monoZ/Exorcism2018/DoubleMuon_Run2018D-Nano1June2019_ver2-v1/tree_46.root
 -- dataset  =  X
---------------------------
modules :  <PhysicsTools.MonoZ.MonoZWSProducer.MonoZWSProducer object at 0x2b482f04c890>
Selection :  
Will write selected trees to .
Pre-select 24830 entries out of 24830 (100.00%)
Processed    10000/   24830 entries, 40.27% (elapsed time    11.9s, curr speed    0.839 kHz, avg speed    0.839 kHz), accepted    10001/   10001 events (100.00%)
Processed    20000/   24830 entries, 80.55% (elapsed time    23.5s, curr speed    0.866 kHz, avg speed    0.852 kHz), accepted    20001/   20001 events (100.00%)
Processed 24830 preselected entries from /eos/cms/store/group/phys_exotica/monoZ/Exorcism2018/DoubleMuon_Run2018D-Nano1June2019_ver2-v1/tree_46.root (24830 entries). Finally selected 24830 entries
Done ./tree_46_Skim.root
697.276046054 Hz
----- transfer output to eos :
----- directory after running :
.:
total 6688
-rw-r--r--. 1 cfreer zh    1212 Nov 29 02:01 FrameworkJobReport.xml
-rw-r--r--. 1 cfreer zh       0 Nov 29 02:00 _condor_stderr
-rw-r--r--. 1 cfreer zh    4237 Nov 29 02:01 _condor_stdout
-rw-------. 1 cfreer zh    4914 Nov 29 02:01 cfreer.cc
-rw-r--r--. 1 cfreer zh   16092 Nov 29 02:00 combineHLT_Run2.yaml
-rw-r--r--. 1 cfreer zh    5718 Nov 29 02:00 condor_WSProducer.py
-rwxr-xr-x. 1 cfreer zh     840 Nov 29 02:00 condor_exec.exe
-rwxr-xr-x. 1 cfreer zh    2559 Nov 29 02:00 haddnano.py
-rw-r--r--. 1 cfreer zh       8 Nov 29 02:00 keep_and_drop_WS.txt
drwx------. 3 cfreer zh    4096 Nov 29 02:00 tmp
-rw-r--r--. 1 cfreer zh 3389789 Nov 29 02:01 tree_41.root
-rw-r--r--. 1 cfreer zh 3389665 Nov 29 02:01 tree_46_Skim.root
drwx------. 3 cfreer zh    4096 Nov 29 02:00 var

./tmp:
total 4
drwxr-xr-x. 3 cfreer zh 4096 Nov 29 02:00 mjf-cfreer

./tmp/mjf-cfreer:
total 4
drwxr-xr-x. 2 cfreer zh 4096 Nov 29 02:00 jobfeatures-bigbird09.cern.ch_3024748.41_1574900789

./tmp/mjf-cfreer/jobfeatures-bigbird09.cern.ch_3024748.41_1574900789:
total 28
-rw-r--r--. 1 cfreer zh  1 Nov 29 02:00 allocated_cpu
-rw-r--r--. 1 cfreer zh  6 Nov 29 02:00 cpu_limit_secs
-rw-r--r--. 1 cfreer zh 39 Nov 29 02:00 job_id
-rw-r--r--. 1 cfreer zh 10 Nov 29 02:00 jobstart_secs
-rw-r--r--. 1 cfreer zh 10 Nov 29 02:00 max_rss_bytes
-rw-r--r--. 1 cfreer zh 10 Nov 29 02:00 scratch_limit_bytes
-rw-r--r--. 1 cfreer zh  6 Nov 29 02:00 wall_limit_secs

./var:
total 4
drwx------. 2 cfreer zh 4096 Nov 29 02:00 tmp

./var/tmp:
total 0
 ------ THE END (everyone dies !) ----- 
