
/pool/condor/dir_23571

... start job at 2019-11-29 14:01:26
----- directory before running:
.:
total 52
-rw-r--r--. 1 cfreer zh     0 Nov 29 14:01 _condor_stderr
-rw-r--r--. 1 cfreer zh    94 Nov 29 14:01 _condor_stdout
-rw-------. 1 cfreer zh  2642 Nov 29 14:01 cfreer.cc
-rw-r--r--. 1 cfreer zh 16092 Nov 29 14:01 combineHLT_Run2.yaml
-rw-r--r--. 1 cfreer zh  5718 Nov 29 14:01 condor_WSProducer.py
-rwxr-xr-x. 1 cfreer zh   835 Nov 29 14:01 condor_exec.exe
-rwxr-xr-x. 1 cfreer zh  2559 Nov 29 14:01 haddnano.py
-rw-r--r--. 1 cfreer zh     8 Nov 29 14:01 keep_and_drop_WS.txt
drwx------. 3 cfreer zh  4096 Nov 29 14:01 tmp
drwx------. 3 cfreer zh  4096 Nov 29 14:01 var

./tmp:
total 4
drwxr-xr-x. 3 cfreer zh 4096 Nov 29 14:01 mjf-cfreer

./tmp/mjf-cfreer:
total 4
drwxr-xr-x. 2 cfreer zh 4096 Nov 29 14:01 jobfeatures-bigbird09.cern.ch_3025774.5_1574904390

./tmp/mjf-cfreer/jobfeatures-bigbird09.cern.ch_3025774.5_1574904390:
total 28
-rw-r--r--. 1 cfreer zh  1 Nov 29 14:01 allocated_cpu
-rw-r--r--. 1 cfreer zh  6 Nov 29 14:01 cpu_limit_secs
-rw-r--r--. 1 cfreer zh 38 Nov 29 14:01 job_id
-rw-r--r--. 1 cfreer zh 10 Nov 29 14:01 jobstart_secs
-rw-r--r--. 1 cfreer zh 10 Nov 29 14:01 max_rss_bytes
-rw-r--r--. 1 cfreer zh 10 Nov 29 14:01 scratch_limit_bytes
-rw-r--r--. 1 cfreer zh  6 Nov 29 14:01 wall_limit_secs

./var:
total 4
drwx------. 2 cfreer zh 4096 Nov 29 14:01 tmp

./var/tmp:
total 0
----- CMSSW BASE, python path, pwd:
+ CMSSW_BASE  = /afs/cern.ch/work/c/cfreer/MonoZ_2019/MT_plots/CMSSW_10_6_4
+ PYTHON_PATH = 
+ PWD         = /pool/condor/dir_23571
Adding file ./tree_13_Skim.root
Merging measMET_monoZ_catSignal-0jet
Merging MT_monoZ_catSignal-0jet
Merging measMET_monoZ_catEM
Merging MT_monoZ_catEM
Merging measMET_monoZ_catSignal-1jet
Merging MT_monoZ_catSignal-1jet
Merging measMET_monoZ_cat3L
Merging MT_monoZ_cat3L
Merging measMET_monoZ_cat4L
Merging MT_monoZ_cat4L
Merging measMET_monoZ_catNRB
Merging MT_monoZ_catNRB
Merging measMET_monoZ_catTOP
Merging MT_monoZ_catTOP
Merging measMET_monoZ_catDY
Merging MT_monoZ_catDY
Merging balance_monoZ
Merging phizmet_monoZ
Merging njet_monoZ
Merging Events
Merging Runs
Merging ParameterSets
Merging LuminosityBlocks
Merging MetaData
Merging MT_data_catSignal-1jet
Merging measMET_data_catTOP
Merging MT_data_catEM
Merging MT_data_catTOP
Merging measMET_data_catNRB
Merging phizmet_data
Merging measMET_data_cat3L
Merging njet_data
Merging untagged
Merging MT_data_cat3L
Merging measMET_data_cat4L
Merging measMET_data_catEM
Merging MT_data_catDY
Merging measMET_data_catSignal-0jet
Merging MT_data_cat4L
Merging balance_data
Merging MT_data_catNRB
Merging MT_data_catSignal-0jet
Merging measMET_data_catSignal-1jet
Merging measMET_data_catDY
/eos/cms/store/group/phys_exotica/monoZ/Exorcism2016/DoubleMuon_Run2016G-Nano1June2019-v1/tree_13.root  ->  /eos/cms/store/group/phys_exotica/monoZ/Exorcism2016/DoubleMuon_Run2016G-Nano1June2019-v1/tree_13.root
Testing file open
Test OK
---------------------------
 -- options  =  Namespace(dataset='X', doSyst=1, era='2016', infile='/eos/cms/store/group/phys_exotica/monoZ/Exorcism2016/DoubleMuon_Run2016G-Nano1June2019-v1/tree_13.root', isMC=0, jobNum=5, nevt=-1)
 -- is MC    =  0
 -- jobNum   =  5
 -- era      =  2016
 -- in file  =  /eos/cms/store/group/phys_exotica/monoZ/Exorcism2016/DoubleMuon_Run2016G-Nano1June2019-v1/tree_13.root
 -- dataset  =  X
---------------------------
modules :  <PhysicsTools.MonoZ.MonoZWSProducer.MonoZWSProducer object at 0x2af76ca31890>
Selection :  
Will write selected trees to .
Pre-select 10694 entries out of 10694 (100.00%)
Processed    10000/   10694 entries, 93.51% (elapsed time    18.0s, curr speed    0.555 kHz, avg speed    0.555 kHz), accepted    10001/   10001 events (100.00%)
Processed 10694 preselected entries from /eos/cms/store/group/phys_exotica/monoZ/Exorcism2016/DoubleMuon_Run2016G-Nano1June2019-v1/tree_13.root (10694 entries). Finally selected 10694 entries
Done ./tree_13_Skim.root
337.563131313 Hz
----- transfer output to eos :
----- directory after running :
.:
total 8452
-rw-r--r--. 1 cfreer zh    1206 Nov 29 14:02 FrameworkJobReport.xml
-rw-r--r--. 1 cfreer zh       0 Nov 29 14:01 _condor_stderr
-rw-r--r--. 1 cfreer zh    4046 Nov 29 14:02 _condor_stdout
-rw-------. 1 cfreer zh    4914 Nov 29 14:02 cfreer.cc
-rw-r--r--. 1 cfreer zh   16092 Nov 29 14:01 combineHLT_Run2.yaml
-rw-r--r--. 1 cfreer zh    5718 Nov 29 14:01 condor_WSProducer.py
-rwxr-xr-x. 1 cfreer zh     835 Nov 29 14:01 condor_exec.exe
-rwxr-xr-x. 1 cfreer zh    2559 Nov 29 14:01 haddnano.py
-rw-r--r--. 1 cfreer zh       8 Nov 29 14:01 keep_and_drop_WS.txt
drwx------. 3 cfreer zh    4096 Nov 29 14:01 tmp
-rw-r--r--. 1 cfreer zh 4293735 Nov 29 14:02 tree_13_Skim.root
-rw-r--r--. 1 cfreer zh 4293859 Nov 29 14:02 tree_5.root
drwx------. 3 cfreer zh    4096 Nov 29 14:01 var

./tmp:
total 4
drwxr-xr-x. 3 cfreer zh 4096 Nov 29 14:01 mjf-cfreer

./tmp/mjf-cfreer:
total 4
drwxr-xr-x. 2 cfreer zh 4096 Nov 29 14:01 jobfeatures-bigbird09.cern.ch_3025774.5_1574904390

./tmp/mjf-cfreer/jobfeatures-bigbird09.cern.ch_3025774.5_1574904390:
total 28
-rw-r--r--. 1 cfreer zh  1 Nov 29 14:01 allocated_cpu
-rw-r--r--. 1 cfreer zh  6 Nov 29 14:01 cpu_limit_secs
-rw-r--r--. 1 cfreer zh 38 Nov 29 14:01 job_id
-rw-r--r--. 1 cfreer zh 10 Nov 29 14:01 jobstart_secs
-rw-r--r--. 1 cfreer zh 10 Nov 29 14:01 max_rss_bytes
-rw-r--r--. 1 cfreer zh 10 Nov 29 14:01 scratch_limit_bytes
-rw-r--r--. 1 cfreer zh  6 Nov 29 14:01 wall_limit_secs

./var:
total 4
drwx------. 2 cfreer zh 4096 Nov 29 14:01 tmp

./var/tmp:
total 0
 ------ THE END (everyone dies !) ----- 
