
/pool/condor/dir_5477

... start job at 2019-12-02 01:31:19
----- directory before running:
.:
total 52
-rw-r--r--. 1 cfreer zh     0 Dec  2 01:31 _condor_stderr
-rw-r--r--. 1 cfreer zh    93 Dec  2 01:31 _condor_stdout
-rw-------. 1 cfreer zh  2642 Dec  2 01:31 cfreer.cc
-rw-r--r--. 1 cfreer zh 16092 Dec  2 01:31 combineHLT_Run2.yaml
-rw-r--r--. 1 cfreer zh  5718 Dec  2 01:31 condor_WSProducer.py
-rwxr-xr-x. 1 cfreer zh   842 Dec  2 01:31 condor_exec.exe
-rwxr-xr-x. 1 cfreer zh  2559 Dec  2 01:31 haddnano.py
-rw-r--r--. 1 cfreer zh     8 Dec  2 01:31 keep_and_drop_WS.txt
drwx------. 3 cfreer zh  4096 Dec  2 01:31 tmp
drwx------. 3 cfreer zh  4096 Dec  2 01:31 var

./tmp:
total 4
drwxr-xr-x. 3 cfreer zh 4096 Dec  2 01:31 mjf-cfreer

./tmp/mjf-cfreer:
total 4
drwxr-xr-x. 2 cfreer zh 4096 Dec  2 01:31 jobfeatures-bigbird09.cern.ch_3059282.1_1575246406

./tmp/mjf-cfreer/jobfeatures-bigbird09.cern.ch_3059282.1_1575246406:
total 28
-rw-r--r--. 1 cfreer zh  1 Dec  2 01:31 allocated_cpu
-rw-r--r--. 1 cfreer zh  6 Dec  2 01:31 cpu_limit_secs
-rw-r--r--. 1 cfreer zh 38 Dec  2 01:31 job_id
-rw-r--r--. 1 cfreer zh 10 Dec  2 01:31 jobstart_secs
-rw-r--r--. 1 cfreer zh 10 Dec  2 01:31 max_rss_bytes
-rw-r--r--. 1 cfreer zh 10 Dec  2 01:31 scratch_limit_bytes
-rw-r--r--. 1 cfreer zh  6 Dec  2 01:31 wall_limit_secs

./var:
total 4
drwx------. 2 cfreer zh 4096 Dec  2 01:31 tmp

./var/tmp:
total 0
----- CMSSW BASE, python path, pwd:
+ CMSSW_BASE  = /afs/cern.ch/work/c/cfreer/MonoZ_2019/MT_plots/CMSSW_10_6_4
+ PYTHON_PATH = 
+ PWD         = /pool/condor/dir_5477
/eos/cms/store/group/phys_exotica/monoZ/Exorcism2018/WZTo3LNu_TuneCP5_13TeV-amcatnloFXFX-pythia8/tree_1.root  ->  /eos/cms/store/group/phys_exotica/monoZ/Exorcism2018/WZTo3LNu_TuneCP5_13TeV-amcatnloFXFX-pythia8/tree_1.root
Testing file open
Test OK
---------------------------
 -- options  =  Namespace(dataset='X', doSyst=1, era='2018', infile='/eos/cms/store/group/phys_exotica/monoZ/Exorcism2018/WZTo3LNu_TuneCP5_13TeV-amcatnloFXFX-pythia8/tree_1.root', isMC=1, jobNum=1, nevt=-1)
 -- is MC    =  1
 -- jobNum   =  1
 -- era      =  2018
 -- in file  =  /eos/cms/store/group/phys_exotica/monoZ/Exorcism2018/WZTo3LNu_TuneCP5_13TeV-amcatnloFXFX-pythia8/tree_1.root
 -- dataset  =  X
---------------------------
[check] condtag_ ==  WZTo3LNu_TuneCP5_13TeV-amcatnloFXFX-pythia8
[check] dataset  ==  monoZ
modules :  <PhysicsTools.MonoZ.MonoZWSProducer.MonoZWSProducer object at 0x2acab5e2a890>
modules :  <PhysicsTools.MonoZ.MonoZWSProducer.MonoZWSProducer object at 0x2acab5e2a950>
modules :  <PhysicsTools.MonoZ.MonoZWSProducer.MonoZWSProducer object at 0x2acab5e2a990>
modules :  <PhysicsTools.MonoZ.MonoZWSProducer.MonoZWSProducer object at 0x2acab5e2a9d0>
modules :  <PhysicsTools.MonoZ.MonoZWSProducer.MonoZWSProducer object at 0x2acab5e2aa10>
modules :  <PhysicsTools.MonoZ.MonoZWSProducer.MonoZWSProducer object at 0x2acab5e2aa50>
modules :  <PhysicsTools.MonoZ.MonoZWSProducer.MonoZWSProducer object at 0x2acab5e2aa90>
modules :  <PhysicsTools.MonoZ.MonoZWSProducer.MonoZWSProducer object at 0x2acab5e2aad0>
modules :  <PhysicsTools.MonoZ.MonoZWSProducer.MonoZWSProducer object at 0x2acab5e2ab10>
modules :  <PhysicsTools.MonoZ.MonoZWSProducer.MonoZWSProducer object at 0x2acab5e2ab50>
modules :  <PhysicsTools.MonoZ.MonoZWSProducer.MonoZWSProducer object at 0x2acab5e2ab90>
modules :  <PhysicsTools.MonoZ.MonoZWSProducer.MonoZWSProducer object at 0x2acab5e2abd0>
modules :  <PhysicsTools.MonoZ.MonoZWSProducer.MonoZWSProducer object at 0x2acab5e2ac10>
modules :  <PhysicsTools.MonoZ.MonoZWSProducer.MonoZWSProducer object at 0x2acab5e2ac50>
modules :  <PhysicsTools.MonoZ.MonoZWSProducer.MonoZWSProducer object at 0x2acab5e2ac90>
modules :  <PhysicsTools.MonoZ.MonoZWSProducer.MonoZWSProducer object at 0x2acab5e2acd0>
modules :  <PhysicsTools.MonoZ.MonoZWSProducer.MonoZWSProducer object at 0x2acab5e2ad10>
modules :  <PhysicsTools.MonoZ.MonoZWSProducer.MonoZWSProducer object at 0x2acab5e2ad50>
modules :  <PhysicsTools.MonoZ.MonoZWSProducer.MonoZWSProducer object at 0x2acab5e2ad90>
modules :  <PhysicsTools.MonoZ.MonoZWSProducer.MonoZWSProducer object at 0x2acab5e2add0>
modules :  <PhysicsTools.MonoZ.MonoZWSProducer.MonoZWSProducer object at 0x2acab5e2ae10>
modules :  <PhysicsTools.MonoZ.MonoZWSProducer.MonoZWSProducer object at 0x2acab5e2ae50>
modules :  <PhysicsTools.MonoZ.MonoZWSProducer.MonoZWSProducer object at 0x2acab5e2aed0>
modules :  <PhysicsTools.MonoZ.MonoZWSProducer.MonoZWSProducer object at 0x2acab5e2af50>
modules :  <PhysicsTools.MonoZ.MonoZWSProducer.MonoZWSProducer object at 0x2acab5e2afd0>
modules :  <PhysicsTools.MonoZ.MonoZWSProducer.MonoZWSProducer object at 0x2acab5e2c090>
modules :  <PhysicsTools.MonoZ.MonoZWSProducer.MonoZWSProducer object at 0x2acab5e2c0d0>
modules :  <PhysicsTools.MonoZ.MonoZWSProducer.MonoZWSProducer object at 0x2acab5e2c110>
modules :  <PhysicsTools.MonoZ.MonoZWSProducer.MonoZWSProducer object at 0x2acab5e2c150>
modules :  <PhysicsTools.MonoZ.MonoZWSProducer.MonoZWSProducer object at 0x2acab5e2c190>
modules :  <PhysicsTools.MonoZ.MonoZWSProducer.MonoZWSProducer object at 0x2acab5e2c1d0>
Selection :  
Will write selected trees to .
Pre-select 56475 entries out of 56475 (100.00%)
Processed    10000/   56475 entries, 17.71% (elapsed time   420.4s, curr speed    0.024 kHz, avg speed    0.024 kHz), accepted    10001/   10001 events (100.00%)
Processed    20000/   56475 entries, 35.41% (elapsed time   800.1s, curr speed    0.026 kHz, avg speed    0.025 kHz), accepted    20001/   20001 events (100.00%)
Processed    30000/   56475 entries, 53.12% (elapsed time  1195.4s, curr speed    0.025 kHz, avg speed    0.025 kHz)Adding file ./tree_1_Skim.root
Merging measMET_monoZ_catSignal-0jet
Merging MT_monoZ_catSignal-0jet
Merging measMET_monoZ_catEM
Merging MT_monoZ_catEM
Merging measMET_monoZ_catSignal-1jet
Merging MT_monoZ_catSignal-1jet
Merging measMET_monoZ_cat3L
Merging MT_monoZ_cat3L
Merging measMET_monoZ_cat4L
Merging MT_monoZ_cat4L
Merging measMET_monoZ_catNRB
Merging MT_monoZ_catNRB
Merging measMET_monoZ_catTOP
Merging MT_monoZ_catTOP
Merging measMET_monoZ_catDY
Merging MT_monoZ_catDY
Merging balance_monoZ
Merging phizmet_monoZ
Merging njet_monoZ
Merging measMET_monoZ_catSignal-0jet_sys_ElectronEnUp
Merging MT_monoZ_catSignal-0jet_sys_ElectronEnUp
Merging measMET_monoZ_catEM_sys_ElectronEnUp
Merging MT_monoZ_catEM_sys_ElectronEnUp
Merging measMET_monoZ_catSignal-1jet_sys_ElectronEnUp
Merging MT_monoZ_catSignal-1jet_sys_ElectronEnUp
Merging measMET_monoZ_cat3L_sys_ElectronEnUp
Merging MT_monoZ_cat3L_sys_ElectronEnUp
Merging measMET_monoZ_cat4L_sys_ElectronEnUp
Merging MT_monoZ_cat4L_sys_ElectronEnUp
Merging measMET_monoZ_catNRB_sys_ElectronEnUp
Merging MT_monoZ_catNRB_sys_ElectronEnUp
Merging measMET_monoZ_catTOP_sys_ElectronEnUp
Merging MT_monoZ_catTOP_sys_ElectronEnUp
Merging measMET_monoZ_catDY_sys_ElectronEnUp
Merging MT_monoZ_catDY_sys_ElectronEnUp
Merging balance_monoZ_sys_ElectronEnUp
Merging phizmet_monoZ_sys_ElectronEnUp
Merging njet_monoZ_sys_ElectronEnUp
Merging measMET_monoZ_catSignal-0jet_sys_ElectronEnDown
Merging MT_monoZ_catSignal-0jet_sys_ElectronEnDown
Merging measMET_monoZ_catEM_sys_ElectronEnDown
Merging MT_monoZ_catEM_sys_ElectronEnDown
Merging measMET_monoZ_catSignal-1jet_sys_ElectronEnDown
Merging MT_monoZ_catSignal-1jet_sys_ElectronEnDown
Merging measMET_monoZ_cat3L_sys_ElectronEnDown
Merging MT_monoZ_cat3L_sys_ElectronEnDown
Merging measMET_monoZ_cat4L_sys_ElectronEnDown
Merging MT_monoZ_cat4L_sys_ElectronEnDown
Merging measMET_monoZ_catNRB_sys_ElectronEnDown
Merging MT_monoZ_catNRB_sys_ElectronEnDown
Merging measMET_monoZ_catTOP_sys_ElectronEnDown
Merging MT_monoZ_catTOP_sys_ElectronEnDown
Merging measMET_monoZ_catDY_sys_ElectronEnDown
Merging MT_monoZ_catDY_sys_ElectronEnDown
Merging balance_monoZ_sys_ElectronEnDown
Merging phizmet_monoZ_sys_ElectronEnDown
Merging njet_monoZ_sys_ElectronEnDown
Merging measMET_monoZ_catSignal-0jet_sys_MuonEnUp
Merging MT_monoZ_catSignal-0jet_sys_MuonEnUp
Merging measMET_monoZ_catEM_sys_MuonEnUp
Merging MT_monoZ_catEM_sys_MuonEnUp
Merging measMET_monoZ_catSignal-1jet_sys_MuonEnUp
Merging MT_monoZ_catSignal-1jet_sys_MuonEnUp
Merging measMET_monoZ_cat3L_sys_MuonEnUp
Merging MT_monoZ_cat3L_sys_MuonEnUp
Merging measMET_monoZ_cat4L_sys_MuonEnUp
Merging MT_monoZ_cat4L_sys_MuonEnUp
Merging measMET_monoZ_catNRB_sys_MuonEnUp
Merging MT_monoZ_catNRB_sys_MuonEnUp
Merging measMET_monoZ_catTOP_sys_MuonEnUp
Merging MT_monoZ_catTOP_sys_MuonEnUp
Merging measMET_monoZ_catDY_sys_MuonEnUp
Merging MT_monoZ_catDY_sys_MuonEnUp
Merging balance_monoZ_sys_MuonEnUp
Merging phizmet_monoZ_sys_MuonEnUp
Merging njet_monoZ_sys_MuonEnUp
Merging measMET_monoZ_catSignal-0jet_sys_MuonEnDown
Merging MT_monoZ_catSignal-0jet_sys_MuonEnDown
Merging measMET_monoZ_catEM_sys_MuonEnDown
Merging MT_monoZ_catEM_sys_MuonEnDown
Merging measMET_monoZ_catSignal-1jet_sys_MuonEnDown
Merging MT_monoZ_catSignal-1jet_sys_MuonEnDown
Merging measMET_monoZ_cat3L_sys_MuonEnDown
Merging MT_monoZ_cat3L_sys_MuonEnDown
Merging measMET_monoZ_cat4L_sys_MuonEnDown
Merging MT_monoZ_cat4L_sys_MuonEnDown
Merging measMET_monoZ_catNRB_sys_MuonEnDown
Merging MT_monoZ_catNRB_sys_MuonEnDown
Merging measMET_monoZ_catTOP_sys_MuonEnDown
Merging MT_monoZ_catTOP_sys_MuonEnDown
Merging measMET_monoZ_catDY_sys_MuonEnDown
Merging MT_monoZ_catDY_sys_MuonEnDown
Merging balance_monoZ_sys_MuonEnDown
Merging phizmet_monoZ_sys_MuonEnDown
Merging njet_monoZ_sys_MuonEnDown
Merging measMET_monoZ_catSignal-0jet_sys_jesTotalUp
Merging MT_monoZ_catSignal-0jet_sys_jesTotalUp
Merging measMET_monoZ_catEM_sys_jesTotalUp
Merging MT_monoZ_catEM_sys_jesTotalUp
Merging measMET_monoZ_catSignal-1jet_sys_jesTotalUp
Merging MT_monoZ_catSignal-1jet_sys_jesTotalUp
Merging measMET_monoZ_cat3L_sys_jesTotalUp
Merging MT_monoZ_cat3L_sys_jesTotalUp
Merging measMET_monoZ_cat4L_sys_jesTotalUp
Merging MT_monoZ_cat4L_sys_jesTotalUp
Merging measMET_monoZ_catNRB_sys_jesTotalUp
Merging MT_monoZ_catNRB_sys_jesTotalUp
Merging measMET_monoZ_catTOP_sys_jesTotalUp
Merging MT_monoZ_catTOP_sys_jesTotalUp
Merging measMET_monoZ_catDY_sys_jesTotalUp
Merging MT_monoZ_catDY_sys_jesTotalUp
Merging balance_monoZ_sys_jesTotalUp
Merging phizmet_monoZ_sys_jesTotalUp
Merging njet_monoZ_sys_jesTotalUp
Merging measMET_monoZ_catSignal-0jet_sys_jesTotalDown
Merging MT_monoZ_catSignal-0jet_sys_jesTotalDown
Merging measMET_monoZ_catEM_sys_jesTotalDown
Merging MT_monoZ_catEM_sys_jesTotalDown
Merging measMET_monoZ_catSignal-1jet_sys_jesTotalDown
Merging MT_monoZ_catSignal-1jet_sys_jesTotalDown
Merging measMET_monoZ_cat3L_sys_jesTotalDown
Merging MT_monoZ_cat3L_sys_jesTotalDown
Merging measMET_monoZ_cat4L_sys_jesTotalDown
Merging MT_monoZ_cat4L_sys_jesTotalDown
Merging measMET_monoZ_catNRB_sys_jesTotalDown
Merging MT_monoZ_catNRB_sys_jesTotalDown
Merging measMET_monoZ_catTOP_sys_jesTotalDown
Merging MT_monoZ_catTOP_sys_jesTotalDown
Merging measMET_monoZ_catDY_sys_jesTotalDown
Merging MT_monoZ_catDY_sys_jesTotalDown
Merging balance_monoZ_sys_jesTotalDown
Merging phizmet_monoZ_sys_jesTotalDown
Merging njet_monoZ_sys_jesTotalDown
Merging measMET_monoZ_catSignal-0jet_sys_jerUp
Merging MT_monoZ_catSignal-0jet_sys_jerUp
Merging measMET_monoZ_catEM_sys_jerUp
Merging MT_monoZ_catEM_sys_jerUp
Merging measMET_monoZ_catSignal-1jet_sys_jerUp
Merging MT_monoZ_catSignal-1jet_sys_jerUp
Merging measMET_monoZ_cat3L_sys_jerUp
Merging MT_monoZ_cat3L_sys_jerUp
Merging measMET_monoZ_cat4L_sys_jerUp
Merging MT_monoZ_cat4L_sys_jerUp
Merging measMET_monoZ_catNRB_sys_jerUp
Merging MT_monoZ_catNRB_sys_jerUp
Merging measMET_monoZ_catTOP_sys_jerUp
Merging MT_monoZ_catTOP_sys_jerUp
Merging measMET_monoZ_catDY_sys_jerUp
Merging MT_monoZ_catDY_sys_jerUp
Merging balance_monoZ_sys_jerUp
Merging phizmet_monoZ_sys_jerUp
Merging njet_monoZ_sys_jerUp
Merging measMET_monoZ_catSignal-0jet_sys_jerDown
Merging MT_monoZ_catSignal-0jet_sys_jerDown
Merging measMET_monoZ_catEM_sys_jerDown
Merging MT_monoZ_catEM_sys_jerDown
Merging measMET_monoZ_catSignal-1jet_sys_jerDown
Merging MT_monoZ_catSignal-1jet_sys_jerDown
Merging measMET_monoZ_cat3L_sys_jerDown
Merging MT_monoZ_cat3L_sys_jerDown
Merging measMET_monoZ_cat4L_sys_jerDown
Merging MT_monoZ_cat4L_sys_jerDown
Merging measMET_monoZ_catNRB_sys_jerDown
Merging MT_monoZ_catNRB_sys_jerDown
Merging measMET_monoZ_catTOP_sys_jerDown
Merging MT_monoZ_catTOP_sys_jerDown
Merging measMET_monoZ_catDY_sys_jerDown
Merging MT_monoZ_catDY_sys_jerDown
Merging balance_monoZ_sys_jerDown
Merging phizmet_monoZ_sys_jerDown
Merging njet_monoZ_sys_jerDown
Merging measMET_monoZ_catSignal-0jet_sys_puWeightUp
Merging MT_monoZ_catSignal-0jet_sys_puWeightUp
Merging measMET_monoZ_catEM_sys_puWeightUp
Merging MT_monoZ_catEM_sys_puWeightUp
Merging measMET_monoZ_catSignal-1jet_sys_puWeightUp
Merging MT_monoZ_catSignal-1jet_sys_puWeightUp
Merging measMET_monoZ_cat3L_sys_puWeightUp
Merging MT_monoZ_cat3L_sys_puWeightUp
Merging measMET_monoZ_cat4L_sys_puWeightUp
Merging MT_monoZ_cat4L_sys_puWeightUp
Merging measMET_monoZ_catNRB_sys_puWeightUp
Merging MT_monoZ_catNRB_sys_puWeightUp
Merging measMET_monoZ_catTOP_sys_puWeightUp
Merging MT_monoZ_catTOP_sys_puWeightUp
Merging measMET_monoZ_catDY_sys_puWeightUp
Merging MT_monoZ_catDY_sys_puWeightUp
Merging balance_monoZ_sys_puWeightUp
Merging phizmet_monoZ_sys_puWeightUp
Merging njet_monoZ_sys_puWeightUp
Merging measMET_monoZ_catSignal-0jet_sys_puWeightDown
Merging MT_monoZ_catSignal-0jet_sys_puWeightDown
Merging measMET_monoZ_catEM_sys_puWeightDown
Merging MT_monoZ_catEM_sys_puWeightDown
Merging measMET_monoZ_catSignal-1jet_sys_puWeightDown
Merging MT_monoZ_catSignal-1jet_sys_puWeightDown
Merging measMET_monoZ_cat3L_sys_puWeightDown
Merging MT_monoZ_cat3L_sys_puWeightDown
Merging measMET_monoZ_cat4L_sys_puWeightDown
Merging MT_monoZ_cat4L_sys_puWeightDown
Merging measMET_monoZ_catNRB_sys_puWeightDown
Merging MT_monoZ_catNRB_sys_puWeightDown
Merging measMET_monoZ_catTOP_sys_puWeightDown
Merging MT_monoZ_catTOP_sys_puWeightDown
Merging measMET_monoZ_catDY_sys_puWeightDown
Merging MT_monoZ_catDY_sys_puWeightDown
Merging balance_monoZ_sys_puWeightDown
Merging phizmet_monoZ_sys_puWeightDown
Merging njet_monoZ_sys_puWeightDown
Merging measMET_monoZ_catSignal-0jet_sys_PDFUp
Merging MT_monoZ_catSignal-0jet_sys_PDFUp
Merging measMET_monoZ_catEM_sys_PDFUp
Merging MT_monoZ_catEM_sys_PDFUp
Merging measMET_monoZ_catSignal-1jet_sys_PDFUp
Merging MT_monoZ_catSignal-1jet_sys_PDFUp
Merging measMET_monoZ_cat3L_sys_PDFUp
Merging MT_monoZ_cat3L_sys_PDFUp
Merging measMET_monoZ_cat4L_sys_PDFUp
Merging MT_monoZ_cat4L_sys_PDFUp
Merging measMET_monoZ_catNRB_sys_PDFUp
Merging MT_monoZ_catNRB_sys_PDFUp
Merging measMET_monoZ_catTOP_sys_PDFUp
Merging MT_monoZ_catTOP_sys_PDFUp
Merging measMET_monoZ_catDY_sys_PDFUp
Merging MT_monoZ_catDY_sys_PDFUp
Merging balance_monoZ_sys_PDFUp
Merging phizmet_monoZ_sys_PDFUp
Merging njet_monoZ_sys_PDFUp
Merging measMET_monoZ_catSignal-0jet_sys_PDFDown
Merging MT_monoZ_catSignal-0jet_sys_PDFDown
Merging measMET_monoZ_catEM_sys_PDFDown
Merging MT_monoZ_catEM_sys_PDFDown
Merging measMET_monoZ_catSignal-1jet_sys_PDFDown
Merging MT_monoZ_catSignal-1jet_sys_PDFDown
Merging measMET_monoZ_cat3L_sys_PDFDown
Merging MT_monoZ_cat3L_sys_PDFDown
Merging measMET_monoZ_cat4L_sys_PDFDown
Merging MT_monoZ_cat4L_sys_PDFDown
Merging measMET_monoZ_catNRB_sys_PDFDown
Merging MT_monoZ_catNRB_sys_PDFDown
Merging measMET_monoZ_catTOP_sys_PDFDown
Merging MT_monoZ_catTOP_sys_PDFDown
Merging measMET_monoZ_catDY_sys_PDFDown
Merging MT_monoZ_catDY_sys_PDFDown
Merging balance_monoZ_sys_PDFDown
Merging phizmet_monoZ_sys_PDFDown
Merging njet_monoZ_sys_PDFDown
Merging measMET_monoZ_catSignal-0jet_sys_MuonSFUp
Merging MT_monoZ_catSignal-0jet_sys_MuonSFUp
Merging measMET_monoZ_catEM_sys_MuonSFUp
Merging MT_monoZ_catEM_sys_MuonSFUp
Merging measMET_monoZ_catSignal-1jet_sys_MuonSFUp
Merging MT_monoZ_catSignal-1jet_sys_MuonSFUp
Merging measMET_monoZ_cat3L_sys_MuonSFUp
Merging MT_monoZ_cat3L_sys_MuonSFUp
Merging measMET_monoZ_cat4L_sys_MuonSFUp
Merging MT_monoZ_cat4L_sys_MuonSFUp
Merging measMET_monoZ_catNRB_sys_MuonSFUp
Merging MT_monoZ_catNRB_sys_MuonSFUp
Merging measMET_monoZ_catTOP_sys_MuonSFUp
Merging MT_monoZ_catTOP_sys_MuonSFUp
Merging measMET_monoZ_catDY_sys_MuonSFUp
Merging MT_monoZ_catDY_sys_MuonSFUp
Merging balance_monoZ_sys_MuonSFUp
Merging phizmet_monoZ_sys_MuonSFUp
Merging njet_monoZ_sys_MuonSFUp
Merging measMET_monoZ_catSignal-0jet_sys_MuonSFDown
Merging MT_monoZ_catSignal-0jet_sys_MuonSFDown
Merging measMET_monoZ_catEM_sys_MuonSFDown
Merging MT_monoZ_catEM_sys_MuonSFDown
Merging measMET_monoZ_catSignal-1jet_sys_MuonSFDown
Merging MT_monoZ_catSignal-1jet_sys_MuonSFDown
Merging measMET_monoZ_cat3L_sys_MuonSFDown
Merging MT_monoZ_cat3L_sys_MuonSFDown
Merging measMET_monoZ_cat4L_sys_MuonSFDown
Merging MT_monoZ_cat4L_sys_MuonSFDown
Merging measMET_monoZ_catNRB_sys_MuonSFDown
Merging MT_monoZ_catNRB_sys_MuonSFDown
Merging measMET_monoZ_catTOP_sys_MuonSFDown
Merging MT_monoZ_catTOP_sys_MuonSFDown
Merging measMET_monoZ_catDY_sys_MuonSFDown
Merging MT_monoZ_catDY_sys_MuonSFDown
Merging balance_monoZ_sys_MuonSFDown
Merging phizmet_monoZ_sys_MuonSFDown
Merging njet_monoZ_sys_MuonSFDown
Merging measMET_monoZ_catSignal-0jet_sys_ElecronSFUp
Merging MT_monoZ_catSignal-0jet_sys_ElecronSFUp
Merging measMET_monoZ_catEM_sys_ElecronSFUp
Merging MT_monoZ_catEM_sys_ElecronSFUp
Merging measMET_monoZ_catSignal-1jet_sys_ElecronSFUp
Merging MT_monoZ_catSignal-1jet_sys_ElecronSFUp
Merging measMET_monoZ_cat3L_sys_ElecronSFUp
Merging MT_monoZ_cat3L_sys_ElecronSFUp
Merging measMET_monoZ_cat4L_sys_ElecronSFUp
Merging MT_monoZ_cat4L_sys_ElecronSFUp
Merging measMET_monoZ_catNRB_sys_ElecronSFUp
Merging MT_monoZ_catNRB_sys_ElecronSFUp
Merging measMET_monoZ_catTOP_sys_ElecronSFUp
Merging MT_monoZ_catTOP_sys_ElecronSFUp
Merging measMET_monoZ_catDY_sys_ElecronSFUp
Merging MT_monoZ_catDY_sys_ElecronSFUp
Merging balance_monoZ_sys_ElecronSFUp
Merging phizmet_monoZ_sys_ElecronSFUp
Merging njet_monoZ_sys_ElecronSFUp
Merging measMET_monoZ_catSignal-0jet_sys_ElecronSFDown
Merging MT_monoZ_catSignal-0jet_sys_ElecronSFDown
Merging measMET_monoZ_catEM_sys_ElecronSFDown
Merging MT_monoZ_catEM_sys_ElecronSFDown
Merging measMET_monoZ_catSignal-1jet_sys_ElecronSFDown
Merging MT_monoZ_catSignal-1jet_sys_ElecronSFDown
Merging measMET_monoZ_cat3L_sys_ElecronSFDown
Merging MT_monoZ_cat3L_sys_ElecronSFDown
Merging measMET_monoZ_cat4L_sys_ElecronSFDown
Merging MT_monoZ_cat4L_sys_ElecronSFDown
Merging measMET_monoZ_catNRB_sys_ElecronSFDown
Merging MT_monoZ_catNRB_sys_ElecronSFDown
Merging measMET_monoZ_catTOP_sys_ElecronSFDown
Merging MT_monoZ_catTOP_sys_ElecronSFDown
Merging measMET_monoZ_catDY_sys_ElecronSFDown
Merging MT_monoZ_catDY_sys_ElecronSFDown
Merging balance_monoZ_sys_ElecronSFDown
Merging phizmet_monoZ_sys_ElecronSFDown
Merging njet_monoZ_sys_ElecronSFDown
Merging measMET_monoZ_catSignal-0jet_sys_EWKUp
Merging MT_monoZ_catSignal-0jet_sys_EWKUp
Merging measMET_monoZ_catEM_sys_EWKUp
Merging MT_monoZ_catEM_sys_EWKUp
Merging measMET_monoZ_catSignal-1jet_sys_EWKUp
Merging MT_monoZ_catSignal-1jet_sys_EWKUp
Merging measMET_monoZ_cat3L_sys_EWKUp
Merging MT_monoZ_cat3L_sys_EWKUp
Merging measMET_monoZ_cat4L_sys_EWKUp
Merging MT_monoZ_cat4L_sys_EWKUp
Merging measMET_monoZ_catNRB_sys_EWKUp
Merging MT_monoZ_catNRB_sys_EWKUp
Merging measMET_monoZ_catTOP_sys_EWKUp
Merging MT_monoZ_catTOP_sys_EWKUp
Merging measMET_monoZ_catDY_sys_EWKUp
Merging MT_monoZ_catDY_sys_EWKUp
Merging balance_monoZ_sys_EWKUp
Merging phizmet_monoZ_sys_EWKUp
Merging njet_monoZ_sys_EWKUp
Merging measMET_monoZ_catSignal-0jet_sys_EWKDown
Merging MT_monoZ_catSignal-0jet_sys_EWKDown
Merging measMET_monoZ_catEM_sys_EWKDown
Merging MT_monoZ_catEM_sys_EWKDown
Merging measMET_monoZ_catSignal-1jet_sys_EWKDown
Merging MT_monoZ_catSignal-1jet_sys_EWKDown
Merging measMET_monoZ_cat3L_sys_EWKDown
Merging MT_monoZ_cat3L_sys_EWKDown
Merging measMET_monoZ_cat4L_sys_EWKDown
Merging MT_monoZ_cat4L_sys_EWKDown
Merging measMET_monoZ_catNRB_sys_EWKDown
Merging MT_monoZ_catNRB_sys_EWKDown
Merging measMET_monoZ_catTOP_sys_EWKDown
Merging MT_monoZ_catTOP_sys_EWKDown
Merging measMET_monoZ_catDY_sys_EWKDown
Merging MT_monoZ_catDY_sys_EWKDown
Merging balance_monoZ_sys_EWKDown
Merging phizmet_monoZ_sys_EWKDown
Merging njet_monoZ_sys_EWKDown
Merging measMET_monoZ_catSignal-0jet_sys_nvtxWeightUp
Merging MT_monoZ_catSignal-0jet_sys_nvtxWeightUp
Merging measMET_monoZ_catEM_sys_nvtxWeightUp
Merging MT_monoZ_catEM_sys_nvtxWeightUp
Merging measMET_monoZ_catSignal-1jet_sys_nvtxWeightUp
Merging MT_monoZ_catSignal-1jet_sys_nvtxWeightUp
Merging measMET_monoZ_cat3L_sys_nvtxWeightUp
Merging MT_monoZ_cat3L_sys_nvtxWeightUp
Merging measMET_monoZ_cat4L_sys_nvtxWeightUp
Merging MT_monoZ_cat4L_sys_nvtxWeightUp
Merging measMET_monoZ_catNRB_sys_nvtxWeightUp
Merging MT_monoZ_catNRB_sys_nvtxWeightUp
Merging measMET_monoZ_catTOP_sys_nvtxWeightUp
Merging MT_monoZ_catTOP_sys_nvtxWeightUp
Merging measMET_monoZ_catDY_sys_nvtxWeightUp
Merging MT_monoZ_catDY_sys_nvtxWeightUp
Merging balance_monoZ_sys_nvtxWeightUp
Merging phizmet_monoZ_sys_nvtxWeightUp
Merging njet_monoZ_sys_nvtxWeightUp
Merging measMET_monoZ_catSignal-0jet_sys_nvtxWeightDown
Merging MT_monoZ_catSignal-0jet_sys_nvtxWeightDown
Merging measMET_monoZ_catEM_sys_nvtxWeightDown
Merging MT_monoZ_catEM_sys_nvtxWeightDown
Merging measMET_monoZ_catSignal-1jet_sys_nvtxWeightDown
Merging MT_monoZ_catSignal-1jet_sys_nvtxWeightDown
Merging measMET_monoZ_cat3L_sys_nvtxWeightDown
Merging MT_monoZ_cat3L_sys_nvtxWeightDown
Merging measMET_monoZ_cat4L_sys_nvtxWeightDown
Merging MT_monoZ_cat4L_sys_nvtxWeightDown
Merging measMET_monoZ_catNRB_sys_nvtxWeightDown
Merging MT_monoZ_catNRB_sys_nvtxWeightDown
Merging measMET_monoZ_catTOP_sys_nvtxWeightDown
Merging MT_monoZ_catTOP_sys_nvtxWeightDown
Merging measMET_monoZ_catDY_sys_nvtxWeightDown
Merging MT_monoZ_catDY_sys_nvtxWeightDown
Merging balance_monoZ_sys_nvtxWeightDown
Merging phizmet_monoZ_sys_nvtxWeightDown
Merging njet_monoZ_sys_nvtxWeightDown
Merging measMET_monoZ_catSignal-0jet_sys_TriggerSFWeightUp
Merging MT_monoZ_catSignal-0jet_sys_TriggerSFWeightUp
Merging measMET_monoZ_catEM_sys_TriggerSFWeightUp
Merging MT_monoZ_catEM_sys_TriggerSFWeightUp
Merging measMET_monoZ_catSignal-1jet_sys_TriggerSFWeightUp
Merging MT_monoZ_catSignal-1jet_sys_TriggerSFWeightUp
Merging measMET_monoZ_cat3L_sys_TriggerSFWeightUp
Merging MT_monoZ_cat3L_sys_TriggerSFWeightUp
Merging measMET_monoZ_cat4L_sys_TriggerSFWeightUp
Merging MT_monoZ_cat4L_sys_TriggerSFWeightUp
Merging measMET_monoZ_catNRB_sys_TriggerSFWeightUp
Merging MT_monoZ_catNRB_sys_TriggerSFWeightUp
Merging measMET_monoZ_catTOP_sys_TriggerSFWeightUp
Merging MT_monoZ_catTOP_sys_TriggerSFWeightUp
Merging measMET_monoZ_catDY_sys_TriggerSFWeightUp
Merging MT_monoZ_catDY_sys_TriggerSFWeightUp
Merging balance_monoZ_sys_TriggerSFWeightUp
Merging phizmet_monoZ_sys_TriggerSFWeightUp
Merging njet_monoZ_sys_TriggerSFWeightUp
Merging measMET_monoZ_catSignal-0jet_sys_TriggerSFWeightDown
Merging MT_monoZ_catSignal-0jet_sys_TriggerSFWeightDown
Merging measMET_monoZ_catEM_sys_TriggerSFWeightDown
Merging MT_monoZ_catEM_sys_TriggerSFWeightDown
Merging measMET_monoZ_catSignal-1jet_sys_TriggerSFWeightDown
Merging MT_monoZ_catSignal-1jet_sys_TriggerSFWeightDown
Merging measMET_monoZ_cat3L_sys_TriggerSFWeightDown
Merging MT_monoZ_cat3L_sys_TriggerSFWeightDown
Merging measMET_monoZ_cat4L_sys_TriggerSFWeightDown
Merging MT_monoZ_cat4L_sys_TriggerSFWeightDown
Merging measMET_monoZ_catNRB_sys_TriggerSFWeightDown
Merging MT_monoZ_catNRB_sys_TriggerSFWeightDown
Merging measMET_monoZ_catTOP_sys_TriggerSFWeightDown
Merging MT_monoZ_catTOP_sys_TriggerSFWeightDown
Merging measMET_monoZ_catDY_sys_TriggerSFWeightDown
Merging MT_monoZ_catDY_sys_TriggerSFWeightDown
Merging balance_monoZ_sys_TriggerSFWeightDown
Merging phizmet_monoZ_sys_TriggerSFWeightDown
Merging njet_monoZ_sys_TriggerSFWeightDown
Merging measMET_monoZ_catSignal-0jet_sys_btagEventWeightUp
Merging MT_monoZ_catSignal-0jet_sys_btagEventWeightUp
Merging measMET_monoZ_catEM_sys_btagEventWeightUp
Merging MT_monoZ_catEM_sys_btagEventWeightUp
Merging measMET_monoZ_catSignal-1jet_sys_btagEventWeightUp
Merging MT_monoZ_catSignal-1jet_sys_btagEventWeightUp
Merging measMET_monoZ_cat3L_sys_btagEventWeightUp
Merging MT_monoZ_cat3L_sys_btagEventWeightUp
Merging measMET_monoZ_cat4L_sys_btagEventWeightUp
Merging MT_monoZ_cat4L_sys_btagEventWeightUp
Merging measMET_monoZ_catNRB_sys_btagEventWeightUp
Merging MT_monoZ_catNRB_sys_btagEventWeightUp
Merging measMET_monoZ_catTOP_sys_btagEventWeightUp
Merging MT_monoZ_catTOP_sys_btagEventWeightUp
Merging measMET_monoZ_catDY_sys_btagEventWeightUp
Merging MT_monoZ_catDY_sys_btagEventWeightUp
Merging balance_monoZ_sys_btagEventWeightUp
Merging phizmet_monoZ_sys_btagEventWeightUp
Merging njet_monoZ_sys_btagEventWeightUp
Merging measMET_monoZ_catSignal-0jet_sys_btagEventWeightDown
Merging MT_monoZ_catSignal-0jet_sys_btagEventWeightDown
Merging measMET_monoZ_catEM_sys_btagEventWeightDown
Merging MT_monoZ_catEM_sys_btagEventWeightDown
Merging measMET_monoZ_catSignal-1jet_sys_btagEventWeightDown
Merging MT_monoZ_catSignal-1jet_sys_btagEventWeightDown
Merging measMET_monoZ_cat3L_sys_btagEventWeightDown
Merging MT_monoZ_cat3L_sys_btagEventWeightDown
Merging measMET_monoZ_cat4L_sys_btagEventWeightDown
Merging MT_monoZ_cat4L_sys_btagEventWeightDown
Merging measMET_monoZ_catNRB_sys_btagEventWeightDown
Merging MT_monoZ_catNRB_sys_btagEventWeightDown
Merging measMET_monoZ_catTOP_sys_btagEventWeightDown
Merging MT_monoZ_catTOP_sys_btagEventWeightDown
Merging measMET_monoZ_catDY_sys_btagEventWeightDown
Merging MT_monoZ_catDY_sys_btagEventWeightDown
Merging balance_monoZ_sys_btagEventWeightDown
Merging phizmet_monoZ_sys_btagEventWeightDown
Merging njet_monoZ_sys_btagEventWeightDown
Merging measMET_monoZ_catSignal-0jet_sys_QCDScale0wUp
Merging MT_monoZ_catSignal-0jet_sys_QCDScale0wUp
Merging measMET_monoZ_catEM_sys_QCDScale0wUp
Merging MT_monoZ_catEM_sys_QCDScale0wUp
Merging measMET_monoZ_catSignal-1jet_sys_QCDScale0wUp
Merging MT_monoZ_catSignal-1jet_sys_QCDScale0wUp
Merging measMET_monoZ_cat3L_sys_QCDScale0wUp
Merging MT_monoZ_cat3L_sys_QCDScale0wUp
Merging measMET_monoZ_cat4L_sys_QCDScale0wUp
Merging MT_monoZ_cat4L_sys_QCDScale0wUp
Merging measMET_monoZ_catNRB_sys_QCDScale0wUp
Merging MT_monoZ_catNRB_sys_QCDScale0wUp
Merging measMET_monoZ_catTOP_sys_QCDScale0wUp
Merging MT_monoZ_catTOP_sys_QCDScale0wUp
Merging measMET_monoZ_catDY_sys_QCDScale0wUp
Merging MT_monoZ_catDY_sys_QCDScale0wUp
Merging balance_monoZ_sys_QCDScale0wUp
Merging phizmet_monoZ_sys_QCDScale0wUp
Merging njet_monoZ_sys_QCDScale0wUp
Merging measMET_monoZ_catSignal-0jet_sys_QCDScale0wDown
Merging MT_monoZ_catSignal-0jet_sys_QCDScale0wDown
Merging measMET_monoZ_catEM_sys_QCDScale0wDown
Merging MT_monoZ_catEM_sys_QCDScale0wDown
Merging measMET_monoZ_catSignal-1jet_sys_QCDScale0wDown
Merging MT_monoZ_catSignal-1jet_sys_QCDScale0wDown
Merging measMET_monoZ_cat3L_sys_QCDScale0wDown
Merging MT_monoZ_cat3L_sys_QCDScale0wDown
Merging measMET_monoZ_cat4L_sys_QCDScale0wDown
Merging MT_monoZ_cat4L_sys_QCDScale0wDown
Merging measMET_monoZ_catNRB_sys_QCDScale0wDown
Merging MT_monoZ_catNRB_sys_QCDScale0wDown
Merging measMET_monoZ_catTOP_sys_QCDScale0wDown
Merging MT_monoZ_catTOP_sys_QCDScale0wDown
Merging measMET_monoZ_catDY_sys_QCDScale0wDown
Merging MT_monoZ_catDY_sys_QCDScale0wDown
Merging balance_monoZ_sys_QCDScale0wDown
Merging phizmet_monoZ_sys_QCDScale0wDown
Merging njet_monoZ_sys_QCDScale0wDown
Merging measMET_monoZ_catSignal-0jet_sys_QCDScale1wUp
Merging MT_monoZ_catSignal-0jet_sys_QCDScale1wUp
Merging measMET_monoZ_catEM_sys_QCDScale1wUp
Merging MT_monoZ_catEM_sys_QCDScale1wUp
Merging measMET_monoZ_catSignal-1jet_sys_QCDScale1wUp
Merging MT_monoZ_catSignal-1jet_sys_QCDScale1wUp
Merging measMET_monoZ_cat3L_sys_QCDScale1wUp
Merging MT_monoZ_cat3L_sys_QCDScale1wUp
Merging measMET_monoZ_cat4L_sys_QCDScale1wUp
Merging MT_monoZ_cat4L_sys_QCDScale1wUp
Merging measMET_monoZ_catNRB_sys_QCDScale1wUp
Merging MT_monoZ_catNRB_sys_QCDScale1wUp
Merging measMET_monoZ_catTOP_sys_QCDScale1wUp
Merging MT_monoZ_catTOP_sys_QCDScale1wUp
Merging measMET_monoZ_catDY_sys_QCDScale1wUp
Merging MT_monoZ_catDY_sys_QCDScale1wUp
Merging balance_monoZ_sys_QCDScale1wUp
Merging phizmet_monoZ_sys_QCDScale1wUp
Merging njet_monoZ_sys_QCDScale1wUp
Merging measMET_monoZ_catSignal-0jet_sys_QCDScale1wDown
Merging MT_monoZ_catSignal-0jet_sys_QCDScale1wDown
Merging measMET_monoZ_catEM_sys_QCDScale1wDown
Merging MT_monoZ_catEM_sys_QCDScale1wDown
Merging measMET_monoZ_catSignal-1jet_sys_QCDScale1wDown
Merging MT_monoZ_catSignal-1jet_sys_QCDScale1wDown
Merging measMET_monoZ_cat3L_sys_QCDScale1wDown
Merging MT_monoZ_cat3L_sys_QCDScale1wDown
Merging measMET_monoZ_cat4L_sys_QCDScale1wDown
Merging MT_monoZ_cat4L_sys_QCDScale1wDown
Merging measMET_monoZ_catNRB_sys_QCDScale1wDown
Merging MT_monoZ_catNRB_sys_QCDScale1wDown
Merging measMET_monoZ_catTOP_sys_QCDScale1wDown
Merging MT_monoZ_catTOP_sys_QCDScale1wDown
Merging measMET_monoZ_catDY_sys_QCDScale1wDown
Merging MT_monoZ_catDY_sys_QCDScale1wDown
Merging balance_monoZ_sys_QCDScale1wDown
Merging phizmet_monoZ_sys_QCDScale1wDown
Merging njet_monoZ_sys_QCDScale1wDown
Merging measMET_monoZ_catSignal-0jet_sys_QCDScale2wUp
Merging MT_monoZ_catSignal-0jet_sys_QCDScale2wUp
Merging measMET_monoZ_catEM_sys_QCDScale2wUp
Merging MT_monoZ_catEM_sys_QCDScale2wUp
Merging measMET_monoZ_catSignal-1jet_sys_QCDScale2wUp
Merging MT_monoZ_catSignal-1jet_sys_QCDScale2wUp
Merging measMET_monoZ_cat3L_sys_QCDScale2wUp
Merging MT_monoZ_cat3L_sys_QCDScale2wUp
Merging measMET_monoZ_cat4L_sys_QCDScale2wUp
Merging MT_monoZ_cat4L_sys_QCDScale2wUp
Merging measMET_monoZ_catNRB_sys_QCDScale2wUp
Merging MT_monoZ_catNRB_sys_QCDScale2wUp
Merging measMET_monoZ_catTOP_sys_QCDScale2wUp
Merging MT_monoZ_catTOP_sys_QCDScale2wUp
Merging measMET_monoZ_catDY_sys_QCDScale2wUp
Merging MT_monoZ_catDY_sys_QCDScale2wUp
Merging balance_monoZ_sys_QCDScale2wUp
Merging phizmet_monoZ_sys_QCDScale2wUp
Merging njet_monoZ_sys_QCDScale2wUp
Merging measMET_monoZ_catSignal-0jet_sys_QCDScale2wDown
Merging MT_monoZ_catSignal-0jet_sys_QCDScale2wDown
Merging measMET_monoZ_catEM_sys_QCDScale2wDown
Merging MT_monoZ_catEM_sys_QCDScale2wDown
Merging measMET_monoZ_catSignal-1jet_sys_QCDScale2wDown
Merging MT_monoZ_catSignal-1jet_sys_QCDScale2wDown
Merging measMET_monoZ_cat3L_sys_QCDScale2wDown
Merging MT_monoZ_cat3L_sys_QCDScale2wDown
Merging measMET_monoZ_cat4L_sys_QCDScale2wDown
Merging MT_monoZ_cat4L_sys_QCDScale2wDown
Merging measMET_monoZ_catNRB_sys_QCDScale2wDown
Merging MT_monoZ_catNRB_sys_QCDScale2wDown
Merging measMET_monoZ_catTOP_sys_QCDScale2wDown
Merging MT_monoZ_catTOP_sys_QCDScale2wDown
Merging measMET_monoZ_catDY_sys_QCDScale2wDown
Merging MT_monoZ_catDY_sys_QCDScale2wDown
Merging balance_monoZ_sys_QCDScale2wDown
Merging phizmet_monoZ_sys_QCDScale2wDown
Merging njet_monoZ_sys_QCDScale2wDown
Merging Events
Merging Runs
Merging ParameterSets
Merging LuminosityBlocks
Merging MetaData
Merging measMET_WZTo3LNu_TuneCP5_13TeV-amcatnloFXFX-pythia8_catDY_sys_QCDScale0wDown
Merging MT_WZTo3LNu_TuneCP5_13TeV-amcatnloFXFX-pythia8_catSignal-1jet_sys_ElecronSFDown
Merging MT_WZTo3LNu_TuneCP5_13TeV-amcatnloFXFX-pythia8_catSignal-1jet_sys_QCDScale0wDown
Merging MT_WZTo3LNu_TuneCP5_13TeV-amcatnloFXFX-pythia8_catEM_sys_PrefireWeightUp
Merging njet_WZTo3LNu_TuneCP5_13TeV-amcatnloFXFX-pythia8_sys_ElecronSFUp
Merging MT_WZTo3LNu_TuneCP5_13TeV-amcatnloFXFX-pythia8_cat3L_sys_jerUp
Merging balance_WZTo3LNu_TuneCP5_13TeV-amcatnloFXFX-pythia8_sys_nvtxWeightDown
Merging MT_WZTo3LNu_TuneCP5_13TeV-amcatnloFXFX-pythia8_catDY_sys_jesTotalDown
Merging MT_WZTo3LNu_TuneCP5_13TeV-amcatnloFXFX-pythia8_catDY
Merging MT_WZTo3LNu_TuneCP5_13TeV-amcatnloFXFX-pythia8_catDY_sys_jerDown
Merging measMET_WZTo3LNu_TuneCP5_13TeV-amcatnloFXFX-pythia8_catSignal-1jet_sys_QCDScale2wUp
Merging MT_WZTo3LNu_TuneCP5_13TeV-amcatnloFXFX-pythia8_catNRB_sys_btagEventWeightUp
Merging measMET_WZTo3LNu_TuneCP5_13TeV-amcatnloFXFX-pythia8_cat4L_sys_PDFUp
Merging MT_WZTo3LNu_TuneCP5_13TeV-amcatnloFXFX-pythia8_cat4L_sys_EWKDown
Merging MT_WZTo3LNu_TuneCP5_13TeV-amcatnloFXFX-pythia8_catSignal-0jet_sys_ElecronSFDown
Merging measMET_WZTo3LNu_TuneCP5_13TeV-amcatnloFXFX-pythia8_catSignal-0jet_sys_ElectronEnDown
Merging MT_WZTo3LNu_TuneCP5_13TeV-amcatnloFXFX-pythia8_catNRB_sys_ElectronEnUp
Merging measMET_WZTo3LNu_TuneCP5_13TeV-amcatnloFXFX-pythia8_catNRB_sys_MuonEnUp
Merging MT_WZTo3LNu_TuneCP5_13TeV-amcatnloFXFX-pythia8_catDY_sys_QCDScale2wDown
Merging measMET_WZTo3LNu_TuneCP5_13TeV-amcatnloFXFX-pythia8_catSignal-0jet
Merging MT_WZTo3LNu_TuneCP5_13TeV-amcatnloFXFX-pythia8_catNRB_sys_jesTotalUp
Merging MT_WZTo3LNu_TuneCP5_13TeV-amcatnloFXFX-pythia8_catTOP_sys_PrefireWeightUp
Merging measMET_WZTo3LNu_TuneCP5_13TeV-amcatnloFXFX-pythia8_cat3L_sys_PrefireWeightDown
Merging MT_WZTo3LNu_TuneCP5_13TeV-amcatnloFXFX-pythia8_catNRB_sys_puWeightDown
Merging MT_WZTo3LNu_TuneCP5_13TeV-amcatnloFXFX-pythia8_catSignal-1jet_sys_PrefireWeightUp
Merging measMET_WZTo3LNu_TuneCP5_13TeV-amcatnloFXFX-pythia8_catSignal-0jet_sys_TriggerSFWeightDown
Merging phizmet_WZTo3LNu_TuneCP5_13TeV-amcatnloFXFX-pythia8_sys_btagEventWeightUp
Merging measMET_WZTo3LNu_TuneCP5_13TeV-amcatnloFXFX-pythia8_catTOP_sys_EWKUp
Merging measMET_WZTo3LNu_TuneCP5_13TeV-amcatnloFXFX-pythia8_catEM_sys_EWKDown
Merging MT_WZTo3LNu_TuneCP5_13TeV-amcatnloFXFX-pythia8_catEM_sys_ElecronSFUp
Merging measMET_WZTo3LNu_TuneCP5_13TeV-amcatnloFXFX-pythia8_catTOP_sys_jesTotalDown
Merging measMET_WZTo3LNu_TuneCP5_13TeV-amcatnloFXFX-pythia8_catDY_sys_TriggerSFWeightUp
Merging measMET_WZTo3LNu_TuneCP5_13TeV-amcatnloFXFX-pythia8_catTOP_sys_QCDScale1wUp
Merging measMET_WZTo3LNu_TuneCP5_13TeV-amcatnloFXFX-pythia8_catTOP_sys_puWeightDown
Merging MT_WZTo3LNu_TuneCP5_13TeV-amcatnloFXFX-pythia8_cat4L_sys_QCDScale1wDown
Merging measMET_WZTo3LNu_TuneCP5_13TeV-amcatnloFXFX-pythia8_cat3L_sys_ElecronSFUp
Merging MT_WZTo3LNu_TuneCP5_13TeV-amcatnloFXFX-pythia8_cat4L_sys_QCDScale0wDown
Merging measMET_WZTo3LNu_TuneCP5_13TeV-amcatnloFXFX-pythia8_catEM_sys_QCDScale2wUp
Merging MT_WZTo3LNu_TuneCP5_13TeV-amcatnloFXFX-pythia8_catSignal-0jet_sys_jesTotalDown
Merging measMET_WZTo3LNu_TuneCP5_13TeV-amcatnloFXFX-pythia8_catDY_sys_EWKDown
Merging MT_WZTo3LNu_TuneCP5_13TeV-amcatnloFXFX-pythia8_cat3L_sys_PDFDown
Merging balance_WZTo3LNu_TuneCP5_13TeV-amcatnloFXFX-pythia8_sys_ElectronEnDown
Merging MT_WZTo3LNu_TuneCP5_13TeV-amcatnloFXFX-pythia8_catDY_sys_btagEventWeightDown
Merging measMET_WZTo3LNu_TuneCP5_13TeV-amcatnloFXFX-pythia8_cat4L_sys_nvtxWeightDown
Merging MT_WZTo3LNu_TuneCP5_13TeV-amcatnloFXFX-pythia8_catTOP_sys_MuonSFUp
Merging measMET_WZTo3LNu_TuneCP5_13TeV-amcatnloFXFX-pythia8_cat4L
Merging balance_WZTo3LNu_TuneCP5_13TeV-amcatnloFXFX-pythia8_sys_MuonEnUp
Merging measMET_WZTo3LNu_TuneCP5_13TeV-amcatnloFXFX-pythia8_cat3L_sys_MuonSFDown
Merging MT_WZTo3LNu_TuneCP5_13TeV-amcatnloFXFX-pythia8_catNRB_sys_TriggerSFWeightDown
Merging njet_WZTo3LNu_TuneCP5_13TeV-amcatnloFXFX-pythia8_sys_nvtxWeightUp
Merging phizmet_WZTo3LNu_TuneCP5_13TeV-amcatnloFXFX-pythia8_sys_ElecronSFDown
Merging phizmet_WZTo3LNu_TuneCP5_13TeV-amcatnloFXFX-pythia8_sys_MuonSFUp
Merging MT_WZTo3LNu_TuneCP5_13TeV-amcatnloFXFX-pythia8_cat4L_sys_PDFDown
Merging measMET_WZTo3LNu_TuneCP5_13TeV-amcatnloFXFX-pythia8_catTOP_sys_EWKDown
Merging measMET_WZTo3LNu_TuneCP5_13TeV-amcatnloFXFX-pythia8_cat4L_sys_PDFDown
Merging njet_WZTo3LNu_TuneCP5_13TeV-amcatnloFXFX-pythia8_sys_puWeightDown
Merging measMET_WZTo3LNu_TuneCP5_13TeV-amcatnloFXFX-pythia8_catNRB_sys_PrefireWeightUp
Merging MT_WZTo3LNu_TuneCP5_13TeV-amcatnloFXFX-pythia8_catSignal-1jet_sys_puWeightUp
Merging measMET_WZTo3LNu_TuneCP5_13TeV-amcatnloFXFX-pythia8_cat3L_sys_QCDScale0wUp
Merging measMET_WZTo3LNu_TuneCP5_13TeV-amcatnloFXFX-pythia8_cat4L_sys_MuonEnUp
Merging measMET_WZTo3LNu_TuneCP5_13TeV-amcatnloFXFX-pythia8_catEM_sys_PDFUp
Merging phizmet_WZTo3LNu_TuneCP5_13TeV-amcatnloFXFX-pythia8_sys_MuonSFDown
Merging njet_WZTo3LNu_TuneCP5_13TeV-amcatnloFXFX-pythia8_sys_PrefireWeightUp
Merging MT_WZTo3LNu_TuneCP5_13TeV-amcatnloFXFX-pythia8_catTOP_sys_QCDScale0wDown
Merging MT_WZTo3LNu_TuneCP5_13TeV-amcatnloFXFX-pythia8_catEM_sys_MuonEnDown
Merging measMET_WZTo3LNu_TuneCP5_13TeV-amcatnloFXFX-pythia8_catSignal-1jet_sys_MuonSFUp
Merging njet_WZTo3LNu_TuneCP5_13TeV-amcatnloFXFX-pythia8_sys_btagEventWeightDown
Merging measMET_WZTo3LNu_TuneCP5_13TeV-amcatnloFXFX-pythia8_cat4L_sys_nvtxWeightUp
Merging MT_WZTo3LNu_TuneCP5_13TeV-amcatnloFXFX-pythia8_catNRB_sys_PDFUp
Merging measMET_WZTo3LNu_TuneCP5_13TeV-amcatnloFXFX-pythia8_cat4L_sys_TriggerSFWeightUp
Merging MT_WZTo3LNu_TuneCP5_13TeV-amcatnloFXFX-pythia8_catSignal-1jet_sys_jerUp
Merging measMET_WZTo3LNu_TuneCP5_13TeV-amcatnloFXFX-pythia8_catDY_sys_jesTotalUp
Merging measMET_WZTo3LNu_TuneCP5_13TeV-amcatnloFXFX-pythia8_catNRB_sys_ElecronSFDown
Merging MT_WZTo3LNu_TuneCP5_13TeV-amcatnloFXFX-pythia8_catSignal-0jet_sys_MuonSFUp
Merging measMET_WZTo3LNu_TuneCP5_13TeV-amcatnloFXFX-pythia8_catDY_sys_nvtxWeightDown
Merging untagged
Merging measMET_WZTo3LNu_TuneCP5_13TeV-amcatnloFXFX-pythia8_catEM_sys_TriggerSFWeightDown
Merging MT_WZTo3LNu_TuneCP5_13TeV-amcatnloFXFX-pythia8_cat3L_sys_nvtxWeightDown
Merging measMET_WZTo3LNu_TuneCP5_13TeV-amcatnloFXFX-pythia8_catNRB_sys_QCDScale2wDown
Merging MT_WZTo3LNu_TuneCP5_13TeV-amcatnloFXFX-pythia8_catSignal-1jet_sys_btagEventWeightUp
Merging measMET_WZTo3LNu_TuneCP5_13TeV-amcatnloFXFX-pythia8_catNRB_sys_MuonEnDown
Merging MT_WZTo3LNu_TuneCP5_13TeV-amcatnloFXFX-pythia8_catEM_sys_puWeightDown
Merging MT_WZTo3LNu_TuneCP5_13TeV-amcatnloFXFX-pythia8_catSignal-0jet_sys_nvtxWeightDown
Merging MT_WZTo3LNu_TuneCP5_13TeV-amcatnloFXFX-pythia8_cat4L_sys_PrefireWeightUp
Merging MT_WZTo3LNu_TuneCP5_13TeV-amcatnloFXFX-pythia8_catEM_sys_MuonSFUp
Merging phizmet_WZTo3LNu_TuneCP5_13TeV-amcatnloFXFX-pythia8_sys_TriggerSFWeightDown
Merging MT_WZTo3LNu_TuneCP5_13TeV-amcatnloFXFX-pythia8_cat4L_sys_jesTotalUp
Merging MT_WZTo3LNu_TuneCP5_13TeV-amcatnloFXFX-pythia8_cat3L_sys_PrefireWeightDown
Merging MT_WZTo3LNu_TuneCP5_13TeV-amcatnloFXFX-pythia8_catSignal-0jet_sys_EWKUp
Merging MT_WZTo3LNu_TuneCP5_13TeV-amcatnloFXFX-pythia8_cat3L_sys_MuonEnDown
Merging measMET_WZTo3LNu_TuneCP5_13TeV-amcatnloFXFX-pythia8_catSignal-0jet_sys_btagEventWeightUp
Merging MT_WZTo3LNu_TuneCP5_13TeV-amcatnloFXFX-pythia8_catEM_sys_QCDScale0wUp
Merging measMET_WZTo3LNu_TuneCP5_13TeV-amcatnloFXFX-pythia8_cat3L_sys_TriggerSFWeightUp
Merging measMET_WZTo3LNu_TuneCP5_13TeV-amcatnloFXFX-pythia8_catNRB_sys_jerUp
Merging phizmet_WZTo3LNu_TuneCP5_13TeV-amcatnloFXFX-pythia8_sys_PDFDown
Merging njet_WZTo3LNu_TuneCP5_13TeV-amcatnloFXFX-pythia8_sys_PDFUp
Merging measMET_WZTo3LNu_TuneCP5_13TeV-amcatnloFXFX-pythia8_catTOP_sys_TriggerSFWeightDown
Merging measMET_WZTo3LNu_TuneCP5_13TeV-amcatnloFXFX-pythia8_catEM_sys_EWKUp
Merging measMET_WZTo3LNu_TuneCP5_13TeV-amcatnloFXFX-pythia8_catSignal-1jet_sys_QCDScale2wDown
Merging measMET_WZTo3LNu_TuneCP5_13TeV-amcatnloFXFX-pythia8_catEM_sys_QCDScale1wDown
Merging MT_WZTo3LNu_TuneCP5_13TeV-amcatnloFXFX-pythia8_catNRB_sys_jesTotalDown
Merging measMET_WZTo3LNu_TuneCP5_13TeV-amcatnloFXFX-pythia8_cat3L_sys_nvtxWeightUp
Merging measMET_WZTo3LNu_TuneCP5_13TeV-amcatnloFXFX-pythia8_catTOP_sys_PDFDown
Merging MT_WZTo3LNu_TuneCP5_13TeV-amcatnloFXFX-pythia8_catSignal-1jet_sys_jesTotalUp
Merging measMET_WZTo3LNu_TuneCP5_13TeV-amcatnloFXFX-pythia8_cat3L_sys_btagEventWeightDown
Merging MT_WZTo3LNu_TuneCP5_13TeV-amcatnloFXFX-pythia8_catEM_sys_EWKUp
Merging measMET_WZTo3LNu_TuneCP5_13TeV-amcatnloFXFX-pythia8_cat3L_sys_EWKDown
Merging measMET_WZTo3LNu_TuneCP5_13TeV-amcatnloFXFX-pythia8_catNRB_sys_TriggerSFWeightUp
Merging MT_WZTo3LNu_TuneCP5_13TeV-amcatnloFXFX-pythia8_catEM_sys_btagEventWeightUp
Merging MT_WZTo3LNu_TuneCP5_13TeV-amcatnloFXFX-pythia8_catTOP_sys_nvtxWeightUp
Merging MT_WZTo3LNu_TuneCP5_13TeV-amcatnloFXFX-pythia8_catDY_sys_MuonSFUp
Merging MT_WZTo3LNu_TuneCP5_13TeV-amcatnloFXFX-pythia8_catDY_sys_QCDScale1wUp
Merging measMET_WZTo3LNu_TuneCP5_13TeV-amcatnloFXFX-pythia8_catEM_sys_puWeightUp
Merging measMET_WZTo3LNu_TuneCP5_13TeV-amcatnloFXFX-pythia8_catTOP_sys_btagEventWeightUp
Merging measMET_WZTo3LNu_TuneCP5_13TeV-amcatnloFXFX-pythia8_catDY_sys_TriggerSFWeightDown
Merging MT_WZTo3LNu_TuneCP5_13TeV-amcatnloFXFX-pythia8_catDY_sys_puWeightDown
Merging phizmet_WZTo3LNu_TuneCP5_13TeV-amcatnloFXFX-pythia8_sys_QCDScale1wDown
Merging MT_WZTo3LNu_TuneCP5_13TeV-amcatnloFXFX-pythia8_cat4L_sys_btagEventWeightDown
Merging njet_WZTo3LNu_TuneCP5_13TeV-amcatnloFXFX-pythia8_sys_jesTotalDown
Merging MT_WZTo3LNu_TuneCP5_13TeV-amcatnloFXFX-pythia8_catSignal-1jet_sys_MuonSFDown
Merging measMET_WZTo3LNu_TuneCP5_13TeV-amcatnloFXFX-pythia8_cat3L
Merging measMET_WZTo3LNu_TuneCP5_13TeV-amcatnloFXFX-pythia8_catDY_sys_QCDScale1wDown
Merging measMET_WZTo3LNu_TuneCP5_13TeV-amcatnloFXFX-pythia8_cat4L_sys_ElecronSFDown
Merging measMET_WZTo3LNu_TuneCP5_13TeV-amcatnloFXFX-pythia8_cat4L_sys_jerUp
Merging measMET_WZTo3LNu_TuneCP5_13TeV-amcatnloFXFX-pythia8_catTOP_sys_PrefireWeightUp
Merging measMET_WZTo3LNu_TuneCP5_13TeV-amcatnloFXFX-pythia8_catDY_sys_ElecronSFDown
Merging autoPU
Merging measMET_WZTo3LNu_TuneCP5_13TeV-amcatnloFXFX-pythia8_catNRB_sys_MuonSFUp
Merging measMET_WZTo3LNu_TuneCP5_13TeV-amcatnloFXFX-pythia8_catSignal-1jet_sys_jesTotalUp
Merging measMET_WZTo3LNu_TuneCP5_13TeV-amcatnloFXFX-pythia8_cat3L_sys_PrefireWeightUp
Merging MT_WZTo3LNu_TuneCP5_13TeV-amcatnloFXFX-pythia8_catTOP_sys_MuonEnUp
Merging measMET_WZTo3LNu_TuneCP5_13TeV-amcatnloFXFX-pythia8_catEM_sys_QCDScale0wUp
Merging measMET_WZTo3LNu_TuneCP5_13TeV-amcatnloFXFX-pythia8_catTOP_sys_MuonEnDown
Merging MT_WZTo3LNu_TuneCP5_13TeV-amcatnloFXFX-pythia8_catTOP_sys_jerUp
Merging measMET_WZTo3LNu_TuneCP5_13TeV-amcatnloFXFX-pythia8_catSignal-0jet_sys_MuonEnDown
Merging measMET_WZTo3LNu_TuneCP5_13TeV-amcatnloFXFX-pythia8_cat3L_sys_QCDScale1wDown
Merging MT_WZTo3LNu_TuneCP5_13TeV-amcatnloFXFX-pythia8_catEM_sys_PDFUp
Merging MT_WZTo3LNu_TuneCP5_13TeV-amcatnloFXFX-pythia8_catNRB_sys_QCDScale1wUp
Merging MT_WZTo3LNu_TuneCP5_13TeV-amcatnloFXFX-pythia8_catSignal-1jet_sys_TriggerSFWeightDown
Merging MT_WZTo3LNu_TuneCP5_13TeV-amcatnloFXFX-pythia8_catNRB_sys_nvtxWeightUp
Merging MT_WZTo3LNu_TuneCP5_13TeV-amcatnloFXFX-pythia8_cat4L_sys_PDFUp
Merging MT_WZTo3LNu_TuneCP5_13TeV-amcatnloFXFX-pythia8_catDY_sys_MuonSFDown
Merging njet_WZTo3LNu_TuneCP5_13TeV-amcatnloFXFX-pythia8_sys_EWKUp
Merging MT_WZTo3LNu_TuneCP5_13TeV-amcatnloFXFX-pythia8_catDY_sys_QCDScale1wDown
Merging phizmet_WZTo3LNu_TuneCP5_13TeV-amcatnloFXFX-pythia8_sys_QCDScale0wUp
Merging measMET_WZTo3LNu_TuneCP5_13TeV-amcatnloFXFX-pythia8_cat4L_sys_ElectronEnDown
Merging measMET_WZTo3LNu_TuneCP5_13TeV-amcatnloFXFX-pythia8_catNRB_sys_QCDScale1wUp
Merging MT_WZTo3LNu_TuneCP5_13TeV-amcatnloFXFX-pythia8_cat4L_sys_jerDown
Merging measMET_WZTo3LNu_TuneCP5_13TeV-amcatnloFXFX-pythia8_catDY_sys_MuonEnUp
Merging measMET_WZTo3LNu_TuneCP5_13TeV-amcatnloFXFX-pythia8_catTOP_sys_jerUp
Merging measMET_WZTo3LNu_TuneCP5_13TeV-amcatnloFXFX-pythia8_catSignal-0jet_sys_QCDScale2wDown
Merging MT_WZTo3LNu_TuneCP5_13TeV-amcatnloFXFX-pythia8_catSignal-1jet_sys_PDFUp
Merging balance_WZTo3LNu_TuneCP5_13TeV-amcatnloFXFX-pythia8_sys_btagEventWeightDown
Merging measMET_WZTo3LNu_TuneCP5_13TeV-amcatnloFXFX-pythia8_catTOP_sys_btagEventWeightDown
Merging measMET_WZTo3LNu_TuneCP5_13TeV-amcatnloFXFX-pythia8_catSignal-0jet_sys_puWeightDown
Merging MT_WZTo3LNu_TuneCP5_13TeV-amcatnloFXFX-pythia8_catNRB_sys_PrefireWeightDown
Merging MT_WZTo3LNu_TuneCP5_13TeV-amcatnloFXFX-pythia8_cat3L_sys_nvtxWeightUp
Merging MT_WZTo3LNu_TuneCP5_13TeV-amcatnloFXFX-pythia8_catSignal-0jet_sys_ElectronEnDown
Merging measMET_WZTo3LNu_TuneCP5_13TeV-amcatnloFXFX-pythia8_catTOP_sys_puWeightUp
Merging measMET_WZTo3LNu_TuneCP5_13TeV-amcatnloFXFX-pythia8_catSignal-1jet_sys_QCDScale0wDown
Merging MT_WZTo3LNu_TuneCP5_13TeV-amcatnloFXFX-pythia8_cat4L_sys_MuonEnUp
Merging MT_WZTo3LNu_TuneCP5_13TeV-amcatnloFXFX-pythia8_cat3L_sys_MuonEnUp
Merging MT_WZTo3LNu_TuneCP5_13TeV-amcatnloFXFX-pythia8_cat3L_sys_PDFUp
Merging MT_WZTo3LNu_TuneCP5_13TeV-amcatnloFXFX-pythia8_catDY_sys_btagEventWeightUp
Merging measMET_WZTo3LNu_TuneCP5_13TeV-amcatnloFXFX-pythia8_catNRB_sys_puWeightDown
Merging MT_WZTo3LNu_TuneCP5_13TeV-amcatnloFXFX-pythia8_catEM_sys_MuonEnUp
Merging MT_WZTo3LNu_TuneCP5_13TeV-amcatnloFXFX-pythia8_catSignal-1jet_sys_QCDScale0wUp
Merging measMET_WZTo3LNu_TuneCP5_13TeV-amcatnloFXFX-pythia8_catEM_sys_jesTotalUp
Merging measMET_WZTo3LNu_TuneCP5_13TeV-amcatnloFXFX-pythia8_catSignal-0jet_sys_jesTotalDown
Merging MT_WZTo3LNu_TuneCP5_13TeV-amcatnloFXFX-pythia8_catNRB_sys_EWKUp
Merging balance_WZTo3LNu_TuneCP5_13TeV-amcatnloFXFX-pythia8_sys_QCDScale0wUp
Merging MT_WZTo3LNu_TuneCP5_13TeV-amcatnloFXFX-pythia8_catSignal-0jet_sys_MuonEnDown
Merging measMET_WZTo3LNu_TuneCP5_13TeV-amcatnloFXFX-pythia8_cat3L_sys_jerUp
Merging measMET_WZTo3LNu_TuneCP5_13TeV-amcatnloFXFX-pythia8_catNRB_sys_QCDScale1wDown
Merging MT_WZTo3LNu_TuneCP5_13TeV-amcatnloFXFX-pythia8_catTOP_sys_PrefireWeightDown
Merging measMET_WZTo3LNu_TuneCP5_13TeV-amcatnloFXFX-pythia8_catEM_sys_MuonEnUp
Merging njet_WZTo3LNu_TuneCP5_13TeV-amcatnloFXFX-pythia8_sys_btagEventWeightUp
Merging measMET_WZTo3LNu_TuneCP5_13TeV-amcatnloFXFX-pythia8_cat4L_sys_puWeightDown
Merging balance_WZTo3LNu_TuneCP5_13TeV-amcatnloFXFX-pythia8_sys_PrefireWeightDown
Merging MT_WZTo3LNu_TuneCP5_13TeV-amcatnloFXFX-pythia8_catTOP_sys_ElecronSFDown
Merging njet_WZTo3LNu_TuneCP5_13TeV-amcatnloFXFX-pythia8_sys_ElecronSFDown
Merging measMET_WZTo3LNu_TuneCP5_13TeV-amcatnloFXFX-pythia8_catSignal-1jet_sys_btagEventWeightDown
Merging MT_WZTo3LNu_TuneCP5_13TeV-amcatnloFXFX-pythia8_cat3L_sys_ElecronSFDown
Merging measMET_WZTo3LNu_TuneCP5_13TeV-amcatnloFXFX-pythia8_catTOP_sys_jerDown
Merging measMET_WZTo3LNu_TuneCP5_13TeV-amcatnloFXFX-pythia8_catSignal-1jet_sys_puWeightUp
Merging MT_WZTo3LNu_TuneCP5_13TeV-amcatnloFXFX-pythia8_cat4L_sys_puWeightUp
Merging MT_WZTo3LNu_TuneCP5_13TeV-amcatnloFXFX-pythia8_cat3L_sys_TriggerSFWeightDown
Merging measMET_WZTo3LNu_TuneCP5_13TeV-amcatnloFXFX-pythia8_catEM_sys_MuonSFUp
Merging measMET_WZTo3LNu_TuneCP5_13TeV-amcatnloFXFX-pythia8_catDY_sys_jerDown
Merging measMET_WZTo3LNu_TuneCP5_13TeV-amcatnloFXFX-pythia8_catEM_sys_ElecronSFDown
Merging MT_WZTo3LNu_TuneCP5_13TeV-amcatnloFXFX-pythia8_catDY_sys_ElecronSFUp
Merging measMET_WZTo3LNu_TuneCP5_13TeV-amcatnloFXFX-pythia8_catEM_sys_ElecronSFUp
Merging measMET_WZTo3LNu_TuneCP5_13TeV-amcatnloFXFX-pythia8_catEM_sys_btagEventWeightUp
Merging MT_WZTo3LNu_TuneCP5_13TeV-amcatnloFXFX-pythia8_cat3L_sys_jerDown
Merging measMET_WZTo3LNu_TuneCP5_13TeV-amcatnloFXFX-pythia8_catNRB_sys_QCDScale2wUp
Merging measMET_WZTo3LNu_TuneCP5_13TeV-amcatnloFXFX-pythia8_catNRB_sys_EWKDown
Merging measMET_WZTo3LNu_TuneCP5_13TeV-amcatnloFXFX-pythia8_catSignal-0jet_sys_PDFDown
Merging MT_WZTo3LNu_TuneCP5_13TeV-amcatnloFXFX-pythia8_catNRB_sys_MuonEnDown
Merging measMET_WZTo3LNu_TuneCP5_13TeV-amcatnloFXFX-pythia8_catNRB_sys_EWKUp
Merging measMET_WZTo3LNu_TuneCP5_13TeV-amcatnloFXFX-pythia8_cat4L_sys_jesTotalDown
Merging MT_WZTo3LNu_TuneCP5_13TeV-amcatnloFXFX-pythia8_catSignal-0jet_sys_MuonSFDown
Merging MT_WZTo3LNu_TuneCP5_13TeV-amcatnloFXFX-pythia8_cat4L_sys_MuonSFDown
Merging njet_WZTo3LNu_TuneCP5_13TeV-amcatnloFXFX-pythia8_sys_nvtxWeightDown
Merging MT_WZTo3LNu_TuneCP5_13TeV-amcatnloFXFX-pythia8_catSignal-0jet_sys_QCDScale2wUp
Merging measMET_WZTo3LNu_TuneCP5_13TeV-amcatnloFXFX-pythia8_catTOP_sys_PDFUp
Merging measMET_WZTo3LNu_TuneCP5_13TeV-amcatnloFXFX-pythia8_cat4L_sys_btagEventWeightDown
Merging measMET_WZTo3LNu_TuneCP5_13TeV-amcatnloFXFX-pythia8_catDY_sys_MuonSFUp
Merging measMET_WZTo3LNu_TuneCP5_13TeV-amcatnloFXFX-pythia8_catEM_sys_PDFDown
Merging MT_WZTo3LNu_TuneCP5_13TeV-amcatnloFXFX-pythia8_catTOP_sys_btagEventWeightDown
Merging njet_WZTo3LNu_TuneCP5_13TeV-amcatnloFXFX-pythia8_sys_puWeightUp
Merging measMET_WZTo3LNu_TuneCP5_13TeV-amcatnloFXFX-pythia8_catSignal-1jet_sys_QCDScale0wUp
Merging phizmet_WZTo3LNu_TuneCP5_13TeV-amcatnloFXFX-pythia8_sys_TriggerSFWeightUp
Merging MT_WZTo3LNu_TuneCP5_13TeV-amcatnloFXFX-pythia8_catEM_sys_jesTotalDown
Merging MT_WZTo3LNu_TuneCP5_13TeV-amcatnloFXFX-pythia8_catDY_sys_nvtxWeightUp
Merging njet_WZTo3LNu_TuneCP5_13TeV-amcatnloFXFX-pythia8_sys_MuonSFUp
Merging MT_WZTo3LNu_TuneCP5_13TeV-amcatnloFXFX-pythia8_catDY_sys_TriggerSFWeightUp
Merging njet_WZTo3LNu_TuneCP5_13TeV-amcatnloFXFX-pythia8_sys_TriggerSFWeightDown
Merging measMET_WZTo3LNu_TuneCP5_13TeV-amcatnloFXFX-pythia8_cat4L_sys_QCDScale1wUp
Merging measMET_WZTo3LNu_TuneCP5_13TeV-amcatnloFXFX-pythia8_catNRB_sys_PDFUp
Merging MT_WZTo3LNu_TuneCP5_13TeV-amcatnloFXFX-pythia8_cat3L_sys_jesTotalDown
Merging measMET_WZTo3LNu_TuneCP5_13TeV-amcatnloFXFX-pythia8_catDY_sys_PrefireWeightDown
Merging balance_WZTo3LNu_TuneCP5_13TeV-amcatnloFXFX-pythia8
Merging measMET_WZTo3LNu_TuneCP5_13TeV-amcatnloFXFX-pythia8_catEM
Merging MT_WZTo3LNu_TuneCP5_13TeV-amcatnloFXFX-pythia8_catNRB_sys_btagEventWeightDown
Merging MT_WZTo3LNu_TuneCP5_13TeV-amcatnloFXFX-pythia8_catEM_sys_jesTotalUp
Merging measMET_WZTo3LNu_TuneCP5_13TeV-amcatnloFXFX-pythia8_catSignal-1jet_sys_puWeightDown
Merging MT_WZTo3LNu_TuneCP5_13TeV-amcatnloFXFX-pythia8_catNRB_sys_QCDScale2wUp
Merging measMET_WZTo3LNu_TuneCP5_13TeV-amcatnloFXFX-pythia8_catSignal-0jet_sys_nvtxWeightUp
Merging njet_WZTo3LNu_TuneCP5_13TeV-amcatnloFXFX-pythia8_sys_QCDScale2wUp
Merging phizmet_WZTo3LNu_TuneCP5_13TeV-amcatnloFXFX-pythia8_sys_ElectronEnUp
Merging MT_WZTo3LNu_TuneCP5_13TeV-amcatnloFXFX-pythia8_catDY_sys_PrefireWeightUp
Merging measMET_WZTo3LNu_TuneCP5_13TeV-amcatnloFXFX-pythia8_catSignal-1jet_sys_PDFUp
Merging MT_WZTo3LNu_TuneCP5_13TeV-amcatnloFXFX-pythia8_catEM
Merging measMET_WZTo3LNu_TuneCP5_13TeV-amcatnloFXFX-pythia8_cat4L_sys_ElecronSFUp
Merging measMET_WZTo3LNu_TuneCP5_13TeV-amcatnloFXFX-pythia8_cat3L_sys_puWeightDown
Merging measMET_WZTo3LNu_TuneCP5_13TeV-amcatnloFXFX-pythia8_catEM_sys_ElectronEnDown
Merging MT_WZTo3LNu_TuneCP5_13TeV-amcatnloFXFX-pythia8_catDY_sys_TriggerSFWeightDown
Merging MT_WZTo3LNu_TuneCP5_13TeV-amcatnloFXFX-pythia8_catSignal-0jet_sys_PrefireWeightUp
Merging njet_WZTo3LNu_TuneCP5_13TeV-amcatnloFXFX-pythia8
Merging MT_WZTo3LNu_TuneCP5_13TeV-amcatnloFXFX-pythia8_catDY_sys_jerUp
Merging MT_WZTo3LNu_TuneCP5_13TeV-amcatnloFXFX-pythia8_catSignal-0jet_sys_QCDScale0wDown
Merging MT_WZTo3LNu_TuneCP5_13TeV-amcatnloFXFX-pythia8_catEM_sys_TriggerSFWeightUp
Merging MT_WZTo3LNu_TuneCP5_13TeV-amcatnloFXFX-pythia8_catSignal-1jet_sys_QCDScale2wUp
Merging njet_WZTo3LNu_TuneCP5_13TeV-amcatnloFXFX-pythia8_sys_PrefireWeightDown
Merging MT_WZTo3LNu_TuneCP5_13TeV-amcatnloFXFX-pythia8_catNRB_sys_TriggerSFWeightUp
Merging MT_WZTo3LNu_TuneCP5_13TeV-amcatnloFXFX-pythia8_cat3L_sys_ElectronEnUp
Merging MT_WZTo3LNu_TuneCP5_13TeV-amcatnloFXFX-pythia8_catEM_sys_nvtxWeightDown
Merging MT_WZTo3LNu_TuneCP5_13TeV-amcatnloFXFX-pythia8_catSignal-0jet_sys_EWKDown
Merging MT_WZTo3LNu_TuneCP5_13TeV-amcatnloFXFX-pythia8_cat4L_sys_ElecronSFUp
Merging measMET_WZTo3LNu_TuneCP5_13TeV-amcatnloFXFX-pythia8_catSignal-1jet_sys_TriggerSFWeightDown
Merging measMET_WZTo3LNu_TuneCP5_13TeV-amcatnloFXFX-pythia8_catNRB_sys_btagEventWeightDown
Merging measMET_WZTo3LNu_TuneCP5_13TeV-amcatnloFXFX-pythia8_catEM_sys_MuonEnDown
Merging njet_WZTo3LNu_TuneCP5_13TeV-amcatnloFXFX-pythia8_sys_MuonSFDown
Merging measMET_WZTo3LNu_TuneCP5_13TeV-amcatnloFXFX-pythia8_cat3L_sys_jerDown
Merging MT_WZTo3LNu_TuneCP5_13TeV-amcatnloFXFX-pythia8_catTOP_sys_TriggerSFWeightDown
Merging measMET_WZTo3LNu_TuneCP5_13TeV-amcatnloFXFX-pythia8_catSignal-0jet_sys_QCDScale1wUp
Merging measMET_WZTo3LNu_TuneCP5_13TeV-amcatnloFXFX-pythia8_catSignal-0jet_sys_QCDScale0wUp
Merging balance_WZTo3LNu_TuneCP5_13TeV-amcatnloFXFX-pythia8_sys_btagEventWeightUp
Merging MT_WZTo3LNu_TuneCP5_13TeV-amcatnloFXFX-pythia8_cat4L_sys_TriggerSFWeightDown
Merging measMET_WZTo3LNu_TuneCP5_13TeV-amcatnloFXFX-pythia8_cat4L_sys_MuonEnDown
Merging balance_WZTo3LNu_TuneCP5_13TeV-amcatnloFXFX-pythia8_sys_MuonEnDown
Merging measMET_WZTo3LNu_TuneCP5_13TeV-amcatnloFXFX-pythia8_catNRB_sys_nvtxWeightUp
Merging balance_WZTo3LNu_TuneCP5_13TeV-amcatnloFXFX-pythia8_sys_EWKDown
Merging balance_WZTo3LNu_TuneCP5_13TeV-amcatnloFXFX-pythia8_sys_PrefireWeightUp
Merging MT_WZTo3LNu_TuneCP5_13TeV-amcatnloFXFX-pythia8_cat3L_sys_QCDScale2wDown
Merging njet_WZTo3LNu_TuneCP5_13TeV-amcatnloFXFX-pythia8_sys_jerUp
Merging measMET_WZTo3LNu_TuneCP5_13TeV-amcatnloFXFX-pythia8_catNRB_sys_QCDScale0wUp
Merging phizmet_WZTo3LNu_TuneCP5_13TeV-amcatnloFXFX-pythia8_sys_PrefireWeightUp
Merging MT_WZTo3LNu_TuneCP5_13TeV-amcatnloFXFX-pythia8_catSignal-0jet_sys_jerUp
Merging measMET_WZTo3LNu_TuneCP5_13TeV-amcatnloFXFX-pythia8_catDY_sys_PDFUp
Merging MT_WZTo3LNu_TuneCP5_13TeV-amcatnloFXFX-pythia8_cat4L
Merging measMET_WZTo3LNu_TuneCP5_13TeV-amcatnloFXFX-pythia8_catDY_sys_nvtxWeightUp
Merging MT_WZTo3LNu_TuneCP5_13TeV-amcatnloFXFX-pythia8_catTOP_sys_PDFDown
Merging balance_WZTo3LNu_TuneCP5_13TeV-amcatnloFXFX-pythia8_sys_MuonSFDown
Merging measMET_WZTo3LNu_TuneCP5_13TeV-amcatnloFXFX-pythia8_catTOP_sys_MuonEnUp
Merging measMET_WZTo3LNu_TuneCP5_13TeV-amcatnloFXFX-pythia8_cat3L_sys_MuonEnDown
Merging MT_WZTo3LNu_TuneCP5_13TeV-amcatnloFXFX-pythia8_catSignal-0jet_sys_btagEventWeightDown
Merging MT_WZTo3LNu_TuneCP5_13TeV-amcatnloFXFX-pythia8_catSignal-0jet_sys_ElecronSFUp
Merging measMET_WZTo3LNu_TuneCP5_13TeV-amcatnloFXFX-pythia8_cat4L_sys_PrefireWeightDown
Merging MT_WZTo3LNu_TuneCP5_13TeV-amcatnloFXFX-pythia8_catTOP_sys_puWeightDown
Merging measMET_WZTo3LNu_TuneCP5_13TeV-amcatnloFXFX-pythia8_catNRB_sys_jesTotalDown
Merging MT_WZTo3LNu_TuneCP5_13TeV-amcatnloFXFX-pythia8_catSignal-1jet
Merging phizmet_WZTo3LNu_TuneCP5_13TeV-amcatnloFXFX-pythia8_sys_QCDScale2wUp
Merging MT_WZTo3LNu_TuneCP5_13TeV-amcatnloFXFX-pythia8_catTOP_sys_EWKUp
Merging MT_WZTo3LNu_TuneCP5_13TeV-amcatnloFXFX-pythia8_cat4L_sys_ElecronSFDown
Merging measMET_WZTo3LNu_TuneCP5_13TeV-amcatnloFXFX-pythia8_catTOP_sys_ElecronSFUp
Merging measMET_WZTo3LNu_TuneCP5_13TeV-amcatnloFXFX-pythia8_cat4L_sys_EWKDown
Merging measMET_WZTo3LNu_TuneCP5_13TeV-amcatnloFXFX-pythia8_catEM_sys_nvtxWeightDown
Merging measMET_WZTo3LNu_TuneCP5_13TeV-amcatnloFXFX-pythia8_cat3L_sys_PDFUp
Merging measMET_WZTo3LNu_TuneCP5_13TeV-amcatnloFXFX-pythia8_catEM_sys_jerUp
Merging measMET_WZTo3LNu_TuneCP5_13TeV-amcatnloFXFX-pythia8_cat4L_sys_QCDScale2wUp
Merging balance_WZTo3LNu_TuneCP5_13TeV-amcatnloFXFX-pythia8_sys_QCDScale2wUp
Merging MT_WZTo3LNu_TuneCP5_13TeV-amcatnloFXFX-pythia8_catSignal-0jet_sys_PrefireWeightDown
Merging MT_WZTo3LNu_TuneCP5_13TeV-amcatnloFXFX-pythia8_catDY_sys_PDFUp
Merging measMET_WZTo3LNu_TuneCP5_13TeV-amcatnloFXFX-pythia8_cat4L_sys_QCDScale2wDown
Merging measMET_WZTo3LNu_TuneCP5_13TeV-amcatnloFXFX-pythia8_cat3L_sys_TriggerSFWeightDown
Merging MT_WZTo3LNu_TuneCP5_13TeV-amcatnloFXFX-pythia8_catDY_sys_MuonEnDown
Merging measMET_WZTo3LNu_TuneCP5_13TeV-amcatnloFXFX-pythia8_cat4L_sys_EWKUp
Merging MT_WZTo3LNu_TuneCP5_13TeV-amcatnloFXFX-pythia8_catSignal-0jet_sys_jerDown
Merging MT_WZTo3LNu_TuneCP5_13TeV-amcatnloFXFX-pythia8_cat4L_sys_QCDScale0wUp
Merging MT_WZTo3LNu_TuneCP5_13TeV-amcatnloFXFX-pythia8_cat3L_sys_TriggerSFWeightUp
Merging MT_WZTo3LNu_TuneCP5_13TeV-amcatnloFXFX-pythia8_cat3L_sys_QCDScale1wDown
Merging measMET_WZTo3LNu_TuneCP5_13TeV-amcatnloFXFX-pythia8_cat3L_sys_QCDScale1wUp
Merging MT_WZTo3LNu_TuneCP5_13TeV-amcatnloFXFX-pythia8_catNRB_sys_PrefireWeightUp
Merging MT_WZTo3LNu_TuneCP5_13TeV-amcatnloFXFX-pythia8_cat4L_sys_EWKUp
Merging balance_WZTo3LNu_TuneCP5_13TeV-amcatnloFXFX-pythia8_sys_QCDScale1wDown
Merging measMET_WZTo3LNu_TuneCP5_13TeV-amcatnloFXFX-pythia8_catSignal-0jet_sys_TriggerSFWeightUp
Merging balance_WZTo3LNu_TuneCP5_13TeV-amcatnloFXFX-pythia8_sys_PDFDown
Merging MT_WZTo3LNu_TuneCP5_13TeV-amcatnloFXFX-pythia8_catNRB_sys_jerDown
Merging measMET_WZTo3LNu_TuneCP5_13TeV-amcatnloFXFX-pythia8_cat4L_sys_ElectronEnUp
Merging MT_WZTo3LNu_TuneCP5_13TeV-amcatnloFXFX-pythia8_catSignal-0jet_sys_ElectronEnUp
Merging measMET_WZTo3LNu_TuneCP5_13TeV-amcatnloFXFX-pythia8_catEM_sys_QCDScale2wDown
Merging measMET_WZTo3LNu_TuneCP5_13TeV-amcatnloFXFX-pythia8_catTOP
Merging MT_WZTo3LNu_TuneCP5_13TeV-amcatnloFXFX-pythia8_catSignal-1jet_sys_btagEventWeightDown
Merging measMET_WZTo3LNu_TuneCP5_13TeV-amcatnloFXFX-pythia8_catEM_sys_puWeightDown
Merging measMET_WZTo3LNu_TuneCP5_13TeV-amcatnloFXFX-pythia8_catSignal-0jet_sys_jerDown
Merging njet_WZTo3LNu_TuneCP5_13TeV-amcatnloFXFX-pythia8_sys_TriggerSFWeightUp
Merging njet_WZTo3LNu_TuneCP5_13TeV-amcatnloFXFX-pythia8_sys_PDFDown
Merging measMET_WZTo3LNu_TuneCP5_13TeV-amcatnloFXFX-pythia8_catSignal-1jet_sys_btagEventWeightUp
Merging MT_WZTo3LNu_TuneCP5_13TeV-amcatnloFXFX-pythia8_catSignal-1jet_sys_jesTotalDown
Merging MT_WZTo3LNu_TuneCP5_13TeV-amcatnloFXFX-pythia8_catDY_sys_ElecronSFDown
Merging measMET_WZTo3LNu_TuneCP5_13TeV-amcatnloFXFX-pythia8_catSignal-0jet_sys_MuonEnUp
Merging phizmet_WZTo3LNu_TuneCP5_13TeV-amcatnloFXFX-pythia8_sys_QCDScale0wDown
Merging MT_WZTo3LNu_TuneCP5_13TeV-amcatnloFXFX-pythia8_catTOP_sys_QCDScale1wUp
Merging measMET_WZTo3LNu_TuneCP5_13TeV-amcatnloFXFX-pythia8_catTOP_sys_nvtxWeightDown
Merging MT_WZTo3LNu_TuneCP5_13TeV-amcatnloFXFX-pythia8_catNRB_sys_EWKDown
Merging MT_WZTo3LNu_TuneCP5_13TeV-amcatnloFXFX-pythia8_cat3L_sys_MuonSFDown
Merging MT_WZTo3LNu_TuneCP5_13TeV-amcatnloFXFX-pythia8_cat4L_sys_MuonEnDown
Merging MT_WZTo3LNu_TuneCP5_13TeV-amcatnloFXFX-pythia8_catDY_sys_EWKUp
Merging measMET_WZTo3LNu_TuneCP5_13TeV-amcatnloFXFX-pythia8_catDY_sys_PrefireWeightUp
Merging MT_WZTo3LNu_TuneCP5_13TeV-amcatnloFXFX-pythia8_catDY_sys_ElectronEnUp
Merging measMET_WZTo3LNu_TuneCP5_13TeV-amcatnloFXFX-pythia8_cat4L_sys_btagEventWeightUp
Merging MT_WZTo3LNu_TuneCP5_13TeV-amcatnloFXFX-pythia8_catNRB_sys_puWeightUp
Merging measMET_WZTo3LNu_TuneCP5_13TeV-amcatnloFXFX-pythia8_catEM_sys_PrefireWeightDown
Merging phizmet_WZTo3LNu_TuneCP5_13TeV-amcatnloFXFX-pythia8_sys_nvtxWeightDown
Merging MT_WZTo3LNu_TuneCP5_13TeV-amcatnloFXFX-pythia8_catEM_sys_ElectronEnDown
Merging measMET_WZTo3LNu_TuneCP5_13TeV-amcatnloFXFX-pythia8_catSignal-1jet_sys_jesTotalDown
Merging measMET_WZTo3LNu_TuneCP5_13TeV-amcatnloFXFX-pythia8_catEM_sys_jerDown
Merging measMET_WZTo3LNu_TuneCP5_13TeV-amcatnloFXFX-pythia8_cat4L_sys_jerDown
Merging MT_WZTo3LNu_TuneCP5_13TeV-amcatnloFXFX-pythia8_catEM_sys_QCDScale1wUp
Merging MT_WZTo3LNu_TuneCP5_13TeV-amcatnloFXFX-pythia8_catSignal-1jet_sys_nvtxWeightDown
Merging MT_WZTo3LNu_TuneCP5_13TeV-amcatnloFXFX-pythia8_catTOP_sys_btagEventWeightUp
Merging measMET_WZTo3LNu_TuneCP5_13TeV-amcatnloFXFX-pythia8_catDY_sys_puWeightDown
Merging balance_WZTo3LNu_TuneCP5_13TeV-amcatnloFXFX-pythia8_sys_PDFUp
Merging MT_WZTo3LNu_TuneCP5_13TeV-amcatnloFXFX-pythia8_catDY_sys_MuonEnUp
Merging MT_WZTo3LNu_TuneCP5_13TeV-amcatnloFXFX-pythia8_catTOP_sys_ElecronSFUp
Merging MT_WZTo3LNu_TuneCP5_13TeV-amcatnloFXFX-pythia8_catSignal-1jet_sys_PDFDown
Merging measMET_WZTo3LNu_TuneCP5_13TeV-amcatnloFXFX-pythia8_catDY_sys_QCDScale1wUp
Merging phizmet_WZTo3LNu_TuneCP5_13TeV-amcatnloFXFX-pythia8_sys_puWeightDown
Merging MT_WZTo3LNu_TuneCP5_13TeV-amcatnloFXFX-pythia8_catSignal-1jet_sys_EWKUp
Merging measMET_WZTo3LNu_TuneCP5_13TeV-amcatnloFXFX-pythia8_catSignal-0jet_sys_puWeightUp
Merging MT_WZTo3LNu_TuneCP5_13TeV-amcatnloFXFX-pythia8_catDY_sys_QCDScale0wUp
Merging measMET_WZTo3LNu_TuneCP5_13TeV-amcatnloFXFX-pythia8_cat4L_sys_MuonSFUp
Merging MT_WZTo3LNu_TuneCP5_13TeV-amcatnloFXFX-pythia8_catNRB
Merging measMET_WZTo3LNu_TuneCP5_13TeV-amcatnloFXFX-pythia8_cat3L_sys_jesTotalUp
Merging MT_WZTo3LNu_TuneCP5_13TeV-amcatnloFXFX-pythia8_catSignal-1jet_sys_MuonEnUp
Merging MT_WZTo3LNu_TuneCP5_13TeV-amcatnloFXFX-pythia8_catEM_sys_puWeightUp
Merging phizmet_WZTo3LNu_TuneCP5_13TeV-amcatnloFXFX-pythia8_sys_ElecronSFUp
Merging MT_WZTo3LNu_TuneCP5_13TeV-amcatnloFXFX-pythia8_catTOP_sys_EWKDown
Merging measMET_WZTo3LNu_TuneCP5_13TeV-amcatnloFXFX-pythia8_catSignal-1jet_sys_MuonEnDown
Merging MT_WZTo3LNu_TuneCP5_13TeV-amcatnloFXFX-pythia8_catEM_sys_ElecronSFDown
Merging njet_WZTo3LNu_TuneCP5_13TeV-amcatnloFXFX-pythia8_sys_EWKDown
Merging phizmet_WZTo3LNu_TuneCP5_13TeV-amcatnloFXFX-pythia8_sys_puWeightUp
Merging MT_WZTo3LNu_TuneCP5_13TeV-amcatnloFXFX-pythia8_catSignal-1jet_sys_EWKDown
Merging MT_WZTo3LNu_TuneCP5_13TeV-amcatnloFXFX-pythia8_catTOP_sys_QCDScale1wDown
Merging MT_WZTo3LNu_TuneCP5_13TeV-amcatnloFXFX-pythia8_catDY_sys_jesTotalUp
Merging MT_WZTo3LNu_TuneCP5_13TeV-amcatnloFXFX-pythia8_cat4L_sys_ElectronEnUp
Merging njet_WZTo3LNu_TuneCP5_13TeV-amcatnloFXFX-pythia8_sys_jerDown
Merging phizmet_WZTo3LNu_TuneCP5_13TeV-amcatnloFXFX-pythia8_sys_MuonEnUp
Merging measMET_WZTo3LNu_TuneCP5_13TeV-amcatnloFXFX-pythia8_catNRB_sys_ElectronEnDown
Merging MT_WZTo3LNu_TuneCP5_13TeV-amcatnloFXFX-pythia8_cat4L_sys_TriggerSFWeightUp
Merging measMET_WZTo3LNu_TuneCP5_13TeV-amcatnloFXFX-pythia8_cat4L_sys_puWeightUp
Merging MT_WZTo3LNu_TuneCP5_13TeV-amcatnloFXFX-pythia8_catDY_sys_QCDScale0wDown
Merging measMET_WZTo3LNu_TuneCP5_13TeV-amcatnloFXFX-pythia8_cat3L_sys_jesTotalDown
Merging njet_WZTo3LNu_TuneCP5_13TeV-amcatnloFXFX-pythia8_sys_ElectronEnUp
Merging MT_WZTo3LNu_TuneCP5_13TeV-amcatnloFXFX-pythia8_catTOP_sys_PDFUp
Merging measMET_WZTo3LNu_TuneCP5_13TeV-amcatnloFXFX-pythia8_catSignal-1jet_sys_MuonEnUp
Merging MT_WZTo3LNu_TuneCP5_13TeV-amcatnloFXFX-pythia8_catDY_sys_PDFDown
Merging MT_WZTo3LNu_TuneCP5_13TeV-amcatnloFXFX-pythia8_catEM_sys_QCDScale0wDown
Merging njet_WZTo3LNu_TuneCP5_13TeV-amcatnloFXFX-pythia8_sys_QCDScale0wDown
Merging measMET_WZTo3LNu_TuneCP5_13TeV-amcatnloFXFX-pythia8_catNRB_sys_puWeightUp
Merging njet_WZTo3LNu_TuneCP5_13TeV-amcatnloFXFX-pythia8_sys_MuonEnUp
Merging balance_WZTo3LNu_TuneCP5_13TeV-amcatnloFXFX-pythia8_sys_EWKUp
Merging measMET_WZTo3LNu_TuneCP5_13TeV-amcatnloFXFX-pythia8_catSignal-0jet_sys_MuonSFUp
Merging measMET_WZTo3LNu_TuneCP5_13TeV-amcatnloFXFX-pythia8_cat4L_sys_PrefireWeightUp
Merging measMET_WZTo3LNu_TuneCP5_13TeV-amcatnloFXFX-pythia8_cat3L_sys_MuonEnUp
Merging MT_WZTo3LNu_TuneCP5_13TeV-amcatnloFXFX-pythia8_catEM_sys_QCDScale2wDown
Merging MT_WZTo3LNu_TuneCP5_13TeV-amcatnloFXFX-pythia8_catSignal-0jet_sys_QCDScale2wDown
Merging MT_WZTo3LNu_TuneCP5_13TeV-amcatnloFXFX-pythia8_cat4L_sys_btagEventWeightUp
Merging MT_WZTo3LNu_TuneCP5_13TeV-amcatnloFXFX-pythia8_catDY_sys_PrefireWeightDown
Merging measMET_WZTo3LNu_TuneCP5_13TeV-amcatnloFXFX-pythia8_catDY_sys_QCDScale2wUp
Merging MT_WZTo3LNu_TuneCP5_13TeV-amcatnloFXFX-pythia8_catTOP_sys_QCDScale2wDown
Merging measMET_WZTo3LNu_TuneCP5_13TeV-amcatnloFXFX-pythia8_catTOP_sys_MuonSFUp
Merging MT_WZTo3LNu_TuneCP5_13TeV-amcatnloFXFX-pythia8_catEM_sys_nvtxWeightUp
Merging MT_WZTo3LNu_TuneCP5_13TeV-amcatnloFXFX-pythia8_cat3L_sys_QCDScale2wUp
Merging measMET_WZTo3LNu_TuneCP5_13TeV-amcatnloFXFX-pythia8_catSignal-1jet_sys_QCDScale1wDown
Merging MT_WZTo3LNu_TuneCP5_13TeV-amcatnloFXFX-pythia8_cat3L_sys_puWeightUp
Merging MT_WZTo3LNu_TuneCP5_13TeV-amcatnloFXFX-pythia8_catSignal-0jet_sys_jesTotalUp
Merging MT_WZTo3LNu_TuneCP5_13TeV-amcatnloFXFX-pythia8_catSignal-0jet_sys_MuonEnUp
Merging measMET_WZTo3LNu_TuneCP5_13TeV-amcatnloFXFX-pythia8_catSignal-0jet_sys_MuonSFDown
Merging measMET_WZTo3LNu_TuneCP5_13TeV-amcatnloFXFX-pythia8_catDY_sys_MuonSFDown
Merging measMET_WZTo3LNu_TuneCP5_13TeV-amcatnloFXFX-pythia8_catDY_sys_puWeightUp
Merging measMET_WZTo3LNu_TuneCP5_13TeV-amcatnloFXFX-pythia8_catEM_sys_ElectronEnUp
Merging balance_WZTo3LNu_TuneCP5_13TeV-amcatnloFXFX-pythia8_sys_jesTotalUp
Merging measMET_WZTo3LNu_TuneCP5_13TeV-amcatnloFXFX-pythia8_catDY_sys_QCDScale2wDown
Merging measMET_WZTo3LNu_TuneCP5_13TeV-amcatnloFXFX-pythia8_catTOP_sys_QCDScale0wUp
Merging measMET_WZTo3LNu_TuneCP5_13TeV-amcatnloFXFX-pythia8_catEM_sys_TriggerSFWeightUp
Merging MT_WZTo3LNu_TuneCP5_13TeV-amcatnloFXFX-pythia8_catSignal-1jet_sys_QCDScale1wUp
Merging measMET_WZTo3LNu_TuneCP5_13TeV-amcatnloFXFX-pythia8_catSignal-0jet_sys_QCDScale1wDown
Merging phizmet_WZTo3LNu_TuneCP5_13TeV-amcatnloFXFX-pythia8_sys_PrefireWeightDown
Merging MT_WZTo3LNu_TuneCP5_13TeV-amcatnloFXFX-pythia8_catNRB_sys_QCDScale0wUp
Merging measMET_WZTo3LNu_TuneCP5_13TeV-amcatnloFXFX-pythia8_catSignal-0jet_sys_ElecronSFDown
Merging measMET_WZTo3LNu_TuneCP5_13TeV-amcatnloFXFX-pythia8_catDY_sys_MuonEnDown
Merging MT_WZTo3LNu_TuneCP5_13TeV-amcatnloFXFX-pythia8_catTOP_sys_ElectronEnDown
Merging MT_WZTo3LNu_TuneCP5_13TeV-amcatnloFXFX-pythia8_catSignal-1jet_sys_QCDScale1wDown
Merging measMET_WZTo3LNu_TuneCP5_13TeV-amcatnloFXFX-pythia8_catTOP_sys_ElectronEnDown
Merging measMET_WZTo3LNu_TuneCP5_13TeV-amcatnloFXFX-pythia8_catDY_sys_btagEventWeightDown
Merging MT_WZTo3LNu_TuneCP5_13TeV-amcatnloFXFX-pythia8_cat3L_sys_QCDScale1wUp
Merging MT_WZTo3LNu_TuneCP5_13TeV-amcatnloFXFX-pythia8_cat4L_sys_QCDScale2wUp
Merging MT_WZTo3LNu_TuneCP5_13TeV-amcatnloFXFX-pythia8_cat4L_sys_jerUp
Merging MT_WZTo3LNu_TuneCP5_13TeV-amcatnloFXFX-pythia8_catNRB_sys_MuonSFDown
Merging measMET_WZTo3LNu_TuneCP5_13TeV-amcatnloFXFX-pythia8_catDY
Merging MT_WZTo3LNu_TuneCP5_13TeV-amcatnloFXFX-pythia8_catTOP_sys_TriggerSFWeightUp
Merging measMET_WZTo3LNu_TuneCP5_13TeV-amcatnloFXFX-pythia8_catTOP_sys_TriggerSFWeightUp
Merging MT_WZTo3LNu_TuneCP5_13TeV-amcatnloFXFX-pythia8_catTOP_sys_MuonSFDown
Merging measMET_WZTo3LNu_TuneCP5_13TeV-amcatnloFXFX-pythia8_cat3L_sys_PDFDown
Merging MT_WZTo3LNu_TuneCP5_13TeV-amcatnloFXFX-pythia8_catSignal-1jet_sys_QCDScale2wDown
Merging MT_WZTo3LNu_TuneCP5_13TeV-amcatnloFXFX-pythia8_catDY_sys_ElectronEnDown
Merging njet_WZTo3LNu_TuneCP5_13TeV-amcatnloFXFX-pythia8_sys_QCDScale0wUp
Merging measMET_WZTo3LNu_TuneCP5_13TeV-amcatnloFXFX-pythia8_catSignal-0jet_sys_EWKUp
Merging measMET_WZTo3LNu_TuneCP5_13TeV-amcatnloFXFX-pythia8_catSignal-1jet_sys_QCDScale1wUp
Merging measMET_WZTo3LNu_TuneCP5_13TeV-amcatnloFXFX-pythia8_catSignal-1jet
Merging phizmet_WZTo3LNu_TuneCP5_13TeV-amcatnloFXFX-pythia8_sys_QCDScale1wUp
Merging MT_WZTo3LNu_TuneCP5_13TeV-amcatnloFXFX-pythia8_catSignal-1jet_sys_MuonSFUp
Merging MT_WZTo3LNu_TuneCP5_13TeV-amcatnloFXFX-pythia8_catSignal-1jet_sys_PrefireWeightDown
Merging MT_WZTo3LNu_TuneCP5_13TeV-amcatnloFXFX-pythia8_catTOP_sys_puWeightUp
Merging MT_WZTo3LNu_TuneCP5_13TeV-amcatnloFXFX-pythia8_cat3L_sys_jesTotalUp
Merging measMET_WZTo3LNu_TuneCP5_13TeV-amcatnloFXFX-pythia8_catSignal-0jet_sys_PDFUp
Merging measMET_WZTo3LNu_TuneCP5_13TeV-amcatnloFXFX-pythia8_cat4L_sys_jesTotalUp
Merging balance_WZTo3LNu_TuneCP5_13TeV-amcatnloFXFX-pythia8_sys_puWeightDown
Merging measMET_WZTo3LNu_TuneCP5_13TeV-amcatnloFXFX-pythia8_catNRB_sys_TriggerSFWeightDown
Merging MT_WZTo3LNu_TuneCP5_13TeV-amcatnloFXFX-pythia8_catEM_sys_ElectronEnUp
Merging MT_WZTo3LNu_TuneCP5_13TeV-amcatnloFXFX-pythia8_catTOP_sys_QCDScale2wUp
Merging measMET_WZTo3LNu_TuneCP5_13TeV-amcatnloFXFX-pythia8_cat3L_sys_QCDScale2wUp
Merging measMET_WZTo3LNu_TuneCP5_13TeV-amcatnloFXFX-pythia8_catNRB
Merging measMET_WZTo3LNu_TuneCP5_13TeV-amcatnloFXFX-pythia8_catSignal-0jet_sys_QCDScale2wUp
Merging measMET_WZTo3LNu_TuneCP5_13TeV-amcatnloFXFX-pythia8_catSignal-1jet_sys_nvtxWeightUp
Merging measMET_WZTo3LNu_TuneCP5_13TeV-amcatnloFXFX-pythia8_catNRB_sys_PDFDown
Merging njet_WZTo3LNu_TuneCP5_13TeV-amcatnloFXFX-pythia8_sys_QCDScale1wUp
Merging njet_WZTo3LNu_TuneCP5_13TeV-amcatnloFXFX-pythia8_sys_MuonEnDown
Merging measMET_WZTo3LNu_TuneCP5_13TeV-amcatnloFXFX-pythia8_cat4L_sys_QCDScale0wDown
Merging measMET_WZTo3LNu_TuneCP5_13TeV-amcatnloFXFX-pythia8_catSignal-0jet_sys_btagEventWeightDown
Merging MT_WZTo3LNu_TuneCP5_13TeV-amcatnloFXFX-pythia8_cat3L_sys_ElectronEnDown
Merging MT_WZTo3LNu_TuneCP5_13TeV-amcatnloFXFX-pythia8_catEM_sys_btagEventWeightDown
Merging measMET_WZTo3LNu_TuneCP5_13TeV-amcatnloFXFX-pythia8_catNRB_sys_MuonSFDown
Merging MT_WZTo3LNu_TuneCP5_13TeV-amcatnloFXFX-pythia8_cat4L_sys_nvtxWeightUp
Merging MT_WZTo3LNu_TuneCP5_13TeV-amcatnloFXFX-pythia8_catSignal-0jet_sys_btagEventWeightUp
Merging measMET_WZTo3LNu_TuneCP5_13TeV-amcatnloFXFX-pythia8_catTOP_sys_QCDScale1wDown
Merging MT_WZTo3LNu_TuneCP5_13TeV-amcatnloFXFX-pythia8_catNRB_sys_QCDScale0wDown
Merging phizmet_WZTo3LNu_TuneCP5_13TeV-amcatnloFXFX-pythia8_sys_jerUp
Merging MT_WZTo3LNu_TuneCP5_13TeV-amcatnloFXFX-pythia8_catEM_sys_PDFDown
Merging measMET_WZTo3LNu_TuneCP5_13TeV-amcatnloFXFX-pythia8_catTOP_sys_QCDScale0wDown
Merging measMET_WZTo3LNu_TuneCP5_13TeV-amcatnloFXFX-pythia8_catSignal-1jet_sys_PrefireWeightUp
Merging measMET_WZTo3LNu_TuneCP5_13TeV-amcatnloFXFX-pythia8_catDY_sys_PDFDown
Merging measMET_WZTo3LNu_TuneCP5_13TeV-amcatnloFXFX-pythia8_catNRB_sys_nvtxWeightDown
Merging balance_WZTo3LNu_TuneCP5_13TeV-amcatnloFXFX-pythia8_sys_QCDScale1wUp
Merging measMET_WZTo3LNu_TuneCP5_13TeV-amcatnloFXFX-pythia8_catDY_sys_ElectronEnUp
Merging measMET_WZTo3LNu_TuneCP5_13TeV-amcatnloFXFX-pythia8_cat3L_sys_QCDScale0wDown
Merging MT_WZTo3LNu_TuneCP5_13TeV-amcatnloFXFX-pythia8_catDY_sys_EWKDown
Merging measMET_WZTo3LNu_TuneCP5_13TeV-amcatnloFXFX-pythia8_catSignal-1jet_sys_jerDown
Merging measMET_WZTo3LNu_TuneCP5_13TeV-amcatnloFXFX-pythia8_catTOP_sys_ElectronEnUp
Merging measMET_WZTo3LNu_TuneCP5_13TeV-amcatnloFXFX-pythia8_catSignal-0jet_sys_PrefireWeightDown
Merging MT_WZTo3LNu_TuneCP5_13TeV-amcatnloFXFX-pythia8_catNRB_sys_ElectronEnDown
Merging MT_WZTo3LNu_TuneCP5_13TeV-amcatnloFXFX-pythia8_catNRB_sys_QCDScale1wDown
Merging MT_WZTo3LNu_TuneCP5_13TeV-amcatnloFXFX-pythia8_catEM_sys_QCDScale2wUp
Merging MT_WZTo3LNu_TuneCP5_13TeV-amcatnloFXFX-pythia8_catSignal-1jet_sys_ElectronEnDown
Merging measMET_WZTo3LNu_TuneCP5_13TeV-amcatnloFXFX-pythia8_catDY_sys_EWKUp
Merging measMET_WZTo3LNu_TuneCP5_13TeV-amcatnloFXFX-pythia8_catNRB_sys_PrefireWeightDown
Merging measMET_WZTo3LNu_TuneCP5_13TeV-amcatnloFXFX-pythia8_catDY_sys_jerUp
Merging MT_WZTo3LNu_TuneCP5_13TeV-amcatnloFXFX-pythia8_catNRB_sys_MuonSFUp
Merging measMET_WZTo3LNu_TuneCP5_13TeV-amcatnloFXFX-pythia8_catEM_sys_btagEventWeightDown
Merging measMET_WZTo3LNu_TuneCP5_13TeV-amcatnloFXFX-pythia8_catSignal-1jet_sys_ElecronSFDown
Merging measMET_WZTo3LNu_TuneCP5_13TeV-amcatnloFXFX-pythia8_cat3L_sys_ElectronEnUp
Merging balance_WZTo3LNu_TuneCP5_13TeV-amcatnloFXFX-pythia8_sys_ElecronSFUp
Merging balance_WZTo3LNu_TuneCP5_13TeV-amcatnloFXFX-pythia8_sys_ElecronSFDown
Merging MT_WZTo3LNu_TuneCP5_13TeV-amcatnloFXFX-pythia8_catTOP_sys_jerDown
Merging MT_WZTo3LNu_TuneCP5_13TeV-amcatnloFXFX-pythia8_catSignal-0jet_sys_TriggerSFWeightDown
Merging measMET_WZTo3LNu_TuneCP5_13TeV-amcatnloFXFX-pythia8_cat4L_sys_QCDScale1wDown
Merging MT_WZTo3LNu_TuneCP5_13TeV-amcatnloFXFX-pythia8_catSignal-1jet_sys_TriggerSFWeightUp
Merging measMET_WZTo3LNu_TuneCP5_13TeV-amcatnloFXFX-pythia8_catDY_sys_QCDScale0wUp
Merging phizmet_WZTo3LNu_TuneCP5_13TeV-amcatnloFXFX-pythia8_sys_QCDScale2wDown
Merging measMET_WZTo3LNu_TuneCP5_13TeV-amcatnloFXFX-pythia8_catTOP_sys_PrefireWeightDown
Merging balance_WZTo3LNu_TuneCP5_13TeV-amcatnloFXFX-pythia8_sys_puWeightUp
Merging phizmet_WZTo3LNu_TuneCP5_13TeV-amcatnloFXFX-pythia8_sys_ElectronEnDown
Merging MT_WZTo3LNu_TuneCP5_13TeV-amcatnloFXFX-pythia8_catDY_sys_puWeightUp
Merging measMET_WZTo3LNu_TuneCP5_13TeV-amcatnloFXFX-pythia8_cat3L_sys_nvtxWeightDown
Merging balance_WZTo3LNu_TuneCP5_13TeV-amcatnloFXFX-pythia8_sys_TriggerSFWeightDown
Merging MT_WZTo3LNu_TuneCP5_13TeV-amcatnloFXFX-pythia8_catEM_sys_EWKDown
Merging MT_WZTo3LNu_TuneCP5_13TeV-amcatnloFXFX-pythia8_catEM_sys_TriggerSFWeightDown
Merging MT_WZTo3LNu_TuneCP5_13TeV-amcatnloFXFX-pythia8_catEM_sys_jerDown
Merging measMET_WZTo3LNu_TuneCP5_13TeV-amcatnloFXFX-pythia8_catDY_sys_ElecronSFUp
Merging balance_WZTo3LNu_TuneCP5_13TeV-amcatnloFXFX-pythia8_sys_jesTotalDown
Merging measMET_WZTo3LNu_TuneCP5_13TeV-amcatnloFXFX-pythia8_catSignal-1jet_sys_PrefireWeightDown
Merging MT_WZTo3LNu_TuneCP5_13TeV-amcatnloFXFX-pythia8_catNRB_sys_QCDScale2wDown
Merging measMET_WZTo3LNu_TuneCP5_13TeV-amcatnloFXFX-pythia8_catEM_sys_QCDScale0wDown
Merging MT_WZTo3LNu_TuneCP5_13TeV-amcatnloFXFX-pythia8_catNRB_sys_ElecronSFUp
Merging measMET_WZTo3LNu_TuneCP5_13TeV-amcatnloFXFX-pythia8_cat3L_sys_btagEventWeightUp
Merging measMET_WZTo3LNu_TuneCP5_13TeV-amcatnloFXFX-pythia8_cat3L_sys_QCDScale2wDown
Merging MT_WZTo3LNu_TuneCP5_13TeV-amcatnloFXFX-pythia8_catSignal-0jet_sys_QCDScale0wUp
Merging MT_WZTo3LNu_TuneCP5_13TeV-amcatnloFXFX-pythia8_cat4L_sys_nvtxWeightDown
Merging measMET_WZTo3LNu_TuneCP5_13TeV-amcatnloFXFX-pythia8_cat3L_sys_puWeightUp
Merging measMET_WZTo3LNu_TuneCP5_13TeV-amcatnloFXFX-pythia8_catTOP_sys_jesTotalUp
Merging measMET_WZTo3LNu_TuneCP5_13TeV-amcatnloFXFX-pythia8_catDY_sys_ElectronEnDown
Merging measMET_WZTo3LNu_TuneCP5_13TeV-amcatnloFXFX-pythia8_catSignal-1jet_sys_TriggerSFWeightUp
Merging measMET_WZTo3LNu_TuneCP5_13TeV-amcatnloFXFX-pythia8_catNRB_sys_QCDScale0wDown
Merging measMET_WZTo3LNu_TuneCP5_13TeV-amcatnloFXFX-pythia8_catSignal-0jet_sys_ElectronEnUp
Merging MT_WZTo3LNu_TuneCP5_13TeV-amcatnloFXFX-pythia8_catEM_sys_PrefireWeightDown
Merging MT_WZTo3LNu_TuneCP5_13TeV-amcatnloFXFX-pythia8_catDY_sys_QCDScale2wUp
Merging MT_WZTo3LNu_TuneCP5_13TeV-amcatnloFXFX-pythia8_catSignal-1jet_sys_jerDown
Merging measMET_WZTo3LNu_TuneCP5_13TeV-amcatnloFXFX-pythia8_catSignal-1jet_sys_MuonSFDown
Merging measMET_WZTo3LNu_TuneCP5_13TeV-amcatnloFXFX-pythia8_catSignal-0jet_sys_jerUp
Merging MT_WZTo3LNu_TuneCP5_13TeV-amcatnloFXFX-pythia8_cat3L_sys_puWeightDown
Merging balance_WZTo3LNu_TuneCP5_13TeV-amcatnloFXFX-pythia8_sys_QCDScale2wDown
Merging MT_WZTo3LNu_TuneCP5_13TeV-amcatnloFXFX-pythia8_catTOP_sys_QCDScale0wUp
Merging MT_WZTo3LNu_TuneCP5_13TeV-amcatnloFXFX-pythia8_catSignal-1jet_sys_ElectronEnUp
Merging measMET_WZTo3LNu_TuneCP5_13TeV-amcatnloFXFX-pythia8_catDY_sys_jesTotalDown
Merging measMET_WZTo3LNu_TuneCP5_13TeV-amcatnloFXFX-pythia8_catSignal-0jet_sys_ElecronSFUp
Merging MT_WZTo3LNu_TuneCP5_13TeV-amcatnloFXFX-pythia8_cat3L_sys_QCDScale0wUp
Merging measMET_WZTo3LNu_TuneCP5_13TeV-amcatnloFXFX-pythia8_cat4L_sys_TriggerSFWeightDown
Merging measMET_WZTo3LNu_TuneCP5_13TeV-amcatnloFXFX-pythia8_catDY_sys_btagEventWeightUp
Merging balance_WZTo3LNu_TuneCP5_13TeV-amcatnloFXFX-pythia8_sys_jerUp
Merging measMET_WZTo3LNu_TuneCP5_13TeV-amcatnloFXFX-pythia8_cat4L_sys_MuonSFDown
Merging MT_WZTo3LNu_TuneCP5_13TeV-amcatnloFXFX-pythia8_catTOP_sys_ElectronEnUp
Merging MT_WZTo3LNu_TuneCP5_13TeV-amcatnloFXFX-pythia8_catEM_sys_QCDScale1wDown
Merging measMET_WZTo3LNu_TuneCP5_13TeV-amcatnloFXFX-pythia8_catSignal-0jet_sys_nvtxWeightDown
Merging measMET_WZTo3LNu_TuneCP5_13TeV-amcatnloFXFX-pythia8_catEM_sys_MuonSFDown
Merging measMET_WZTo3LNu_TuneCP5_13TeV-amcatnloFXFX-pythia8_catNRB_sys_ElectronEnUp
Merging MT_WZTo3LNu_TuneCP5_13TeV-amcatnloFXFX-pythia8_cat4L_sys_jesTotalDown
Merging MT_WZTo3LNu_TuneCP5_13TeV-amcatnloFXFX-pythia8_catDY_sys_nvtxWeightDown
Merging MT_WZTo3LNu_TuneCP5_13TeV-amcatnloFXFX-pythia8_catEM_sys_MuonSFDown
Merging MT_WZTo3LNu_TuneCP5_13TeV-amcatnloFXFX-pythia8_cat3L_sys_QCDScale0wDown
Merging MT_WZTo3LNu_TuneCP5_13TeV-amcatnloFXFX-pythia8_cat4L_sys_PrefireWeightDown
Merging measMET_WZTo3LNu_TuneCP5_13TeV-amcatnloFXFX-pythia8_cat3L_sys_ElectronEnDown
Merging measMET_WZTo3LNu_TuneCP5_13TeV-amcatnloFXFX-pythia8_catNRB_sys_btagEventWeightUp
Merging measMET_WZTo3LNu_TuneCP5_13TeV-amcatnloFXFX-pythia8_catTOP_sys_QCDScale2wUp
Merging MT_WZTo3LNu_TuneCP5_13TeV-amcatnloFXFX-pythia8_cat4L_sys_puWeightDown
Merging balance_WZTo3LNu_TuneCP5_13TeV-amcatnloFXFX-pythia8_sys_TriggerSFWeightUp
Merging phizmet_WZTo3LNu_TuneCP5_13TeV-amcatnloFXFX-pythia8_sys_PDFUp
Merging MT_WZTo3LNu_TuneCP5_13TeV-amcatnloFXFX-pythia8_cat4L_sys_QCDScale1wUp
Merging balance_WZTo3LNu_TuneCP5_13TeV-amcatnloFXFX-pythia8_sys_MuonSFUp
Merging phizmet_WZTo3LNu_TuneCP5_13TeV-amcatnloFXFX-pythia8
Merging measMET_WZTo3LNu_TuneCP5_13TeV-amcatnloFXFX-pythia8_catSignal-0jet_sys_PrefireWeightUp
Merging MT_WZTo3LNu_TuneCP5_13TeV-amcatnloFXFX-pythia8_cat3L_sys_EWKDown
Merging MT_WZTo3LNu_TuneCP5_13TeV-amcatnloFXFX-pythia8_catTOP_sys_jesTotalUp
Merging MT_WZTo3LNu_TuneCP5_13TeV-amcatnloFXFX-pythia8_catNRB_sys_ElecronSFDown
Merging measMET_WZTo3LNu_TuneCP5_13TeV-amcatnloFXFX-pythia8_catEM_sys_nvtxWeightUp
Merging MT_WZTo3LNu_TuneCP5_13TeV-amcatnloFXFX-pythia8_cat3L_sys_btagEventWeightUp
Merging MT_WZTo3LNu_TuneCP5_13TeV-amcatnloFXFX-pythia8_catSignal-0jet_sys_puWeightUp
Merging MT_WZTo3LNu_TuneCP5_13TeV-amcatnloFXFX-pythia8_cat3L_sys_EWKUp
Merging measMET_WZTo3LNu_TuneCP5_13TeV-amcatnloFXFX-pythia8_catSignal-0jet_sys_jesTotalUp
Merging measMET_WZTo3LNu_TuneCP5_13TeV-amcatnloFXFX-pythia8_catNRB_sys_ElecronSFUp
Merging njet_WZTo3LNu_TuneCP5_13TeV-amcatnloFXFX-pythia8_sys_ElectronEnDown
Merging MT_WZTo3LNu_TuneCP5_13TeV-amcatnloFXFX-pythia8_catSignal-1jet_sys_MuonEnDown
Merging measMET_WZTo3LNu_TuneCP5_13TeV-amcatnloFXFX-pythia8_cat3L_sys_EWKUp
Merging MT_WZTo3LNu_TuneCP5_13TeV-amcatnloFXFX-pythia8_catNRB_sys_nvtxWeightDown
Merging measMET_WZTo3LNu_TuneCP5_13TeV-amcatnloFXFX-pythia8_catSignal-1jet_sys_EWKUp
Merging measMET_WZTo3LNu_TuneCP5_13TeV-amcatnloFXFX-pythia8_catNRB_sys_jesTotalUp
Merging MT_WZTo3LNu_TuneCP5_13TeV-amcatnloFXFX-pythia8_catSignal-0jet_sys_QCDScale1wUp
Merging MT_WZTo3LNu_TuneCP5_13TeV-amcatnloFXFX-pythia8_catSignal-0jet_sys_puWeightDown
Merging MT_WZTo3LNu_TuneCP5_13TeV-amcatnloFXFX-pythia8_cat3L_sys_btagEventWeightDown
Merging MT_WZTo3LNu_TuneCP5_13TeV-amcatnloFXFX-pythia8_catTOP_sys_nvtxWeightDown
Merging measMET_WZTo3LNu_TuneCP5_13TeV-amcatnloFXFX-pythia8_cat3L_sys_MuonSFUp
Merging measMET_WZTo3LNu_TuneCP5_13TeV-amcatnloFXFX-pythia8_catSignal-1jet_sys_ElecronSFUp
Merging MT_WZTo3LNu_TuneCP5_13TeV-amcatnloFXFX-pythia8_catSignal-0jet_sys_TriggerSFWeightUp
Merging phizmet_WZTo3LNu_TuneCP5_13TeV-amcatnloFXFX-pythia8_sys_EWKUp
Merging MT_WZTo3LNu_TuneCP5_13TeV-amcatnloFXFX-pythia8_catSignal-0jet_sys_QCDScale1wDown
Merging phizmet_WZTo3LNu_TuneCP5_13TeV-amcatnloFXFX-pythia8_sys_EWKDown
Merging MT_WZTo3LNu_TuneCP5_13TeV-amcatnloFXFX-pythia8_catTOP
Merging MT_WZTo3LNu_TuneCP5_13TeV-amcatnloFXFX-pythia8_catNRB_sys_PDFDown
Merging MT_WZTo3LNu_TuneCP5_13TeV-amcatnloFXFX-pythia8_catSignal-0jet_sys_PDFDown
Merging measMET_WZTo3LNu_TuneCP5_13TeV-amcatnloFXFX-pythia8_cat4L_sys_QCDScale0wUp
Merging MT_WZTo3LNu_TuneCP5_13TeV-amcatnloFXFX-pythia8_catSignal-1jet_sys_puWeightDown
Merging measMET_WZTo3LNu_TuneCP5_13TeV-amcatnloFXFX-pythia8_catSignal-1jet_sys_ElectronEnUp
Merging MT_WZTo3LNu_TuneCP5_13TeV-amcatnloFXFX-pythia8_catNRB_sys_MuonEnUp
Merging MT_WZTo3LNu_TuneCP5_13TeV-amcatnloFXFX-pythia8_cat4L_sys_MuonSFUp
Merging MT_WZTo3LNu_TuneCP5_13TeV-amcatnloFXFX-pythia8_catSignal-0jet_sys_nvtxWeightUp
Merging measMET_WZTo3LNu_TuneCP5_13TeV-amcatnloFXFX-pythia8_catTOP_sys_nvtxWeightUp
Merging MT_WZTo3LNu_TuneCP5_13TeV-amcatnloFXFX-pythia8_catNRB_sys_jerUp
Merging measMET_WZTo3LNu_TuneCP5_13TeV-amcatnloFXFX-pythia8_cat3L_sys_ElecronSFDown
Merging MT_WZTo3LNu_TuneCP5_13TeV-amcatnloFXFX-pythia8_catTOP_sys_jesTotalDown
Merging MT_WZTo3LNu_TuneCP5_13TeV-amcatnloFXFX-pythia8_catSignal-1jet_sys_nvtxWeightUp
Merging MT_WZTo3LNu_TuneCP5_13TeV-amcatnloFXFX-pythia8_cat3L_sys_MuonSFUp
Merging njet_WZTo3LNu_TuneCP5_13TeV-amcatnloFXFX-pythia8_sys_QCDScale1wDown
Merging measMET_WZTo3LNu_TuneCP5_13TeV-amcatnloFXFX-pythia8_catEM_sys_QCDScale1wUp
Merging measMET_WZTo3LNu_TuneCP5_13TeV-amcatnloFXFX-pythia8_catTOP_sys_QCDScale2wDown
Merging measMET_WZTo3LNu_TuneCP5_13TeV-amcatnloFXFX-pythia8_catSignal-0jet_sys_QCDScale0wDown
Merging measMET_WZTo3LNu_TuneCP5_13TeV-amcatnloFXFX-pythia8_catSignal-1jet_sys_jerUp
Merging measMET_WZTo3LNu_TuneCP5_13TeV-amcatnloFXFX-pythia8_catEM_sys_jesTotalDown
Merging phizmet_WZTo3LNu_TuneCP5_13TeV-amcatnloFXFX-pythia8_sys_btagEventWeightDown
Merging balance_WZTo3LNu_TuneCP5_13TeV-amcatnloFXFX-pythia8_sys_QCDScale0wDown
Merging measMET_WZTo3LNu_TuneCP5_13TeV-amcatnloFXFX-pythia8_catSignal-1jet_sys_nvtxWeightDown
Merging MT_WZTo3LNu_TuneCP5_13TeV-amcatnloFXFX-pythia8_cat3L
Merging phizmet_WZTo3LNu_TuneCP5_13TeV-amcatnloFXFX-pythia8_sys_MuonEnDown
Merging measMET_WZTo3LNu_TuneCP5_13TeV-amcatnloFXFX-pythia8_catSignal-1jet_sys_PDFDown
Merging measMET_WZTo3LNu_TuneCP5_13TeV-amcatnloFXFX-pythia8_catNRB_sys_jerDown
Merging measMET_WZTo3LNu_TuneCP5_13TeV-amcatnloFXFX-pythia8_catSignal-0jet_sys_EWKDown
Merging MT_WZTo3LNu_TuneCP5_13TeV-amcatnloFXFX-pythia8_cat4L_sys_ElectronEnDown
Merging balance_WZTo3LNu_TuneCP5_13TeV-amcatnloFXFX-pythia8_sys_jerDown
Merging MT_WZTo3LNu_TuneCP5_13TeV-amcatnloFXFX-pythia8_catEM_sys_jerUp
Merging measMET_WZTo3LNu_TuneCP5_13TeV-amcatnloFXFX-pythia8_catSignal-1jet_sys_EWKDown
Merging MT_WZTo3LNu_TuneCP5_13TeV-amcatnloFXFX-pythia8_cat3L_sys_PrefireWeightUp
Merging njet_WZTo3LNu_TuneCP5_13TeV-amcatnloFXFX-pythia8_sys_jesTotalUp
Merging phizmet_WZTo3LNu_TuneCP5_13TeV-amcatnloFXFX-pythia8_sys_nvtxWeightUp
Merging phizmet_WZTo3LNu_TuneCP5_13TeV-amcatnloFXFX-pythia8_sys_jerDown
Merging MT_WZTo3LNu_TuneCP5_13TeV-amcatnloFXFX-pythia8_cat4L_sys_QCDScale2wDown
Merging MT_WZTo3LNu_TuneCP5_13TeV-amcatnloFXFX-pythia8_catSignal-0jet_sys_PDFUp
Merging phizmet_WZTo3LNu_TuneCP5_13TeV-amcatnloFXFX-pythia8_sys_jesTotalUp
Merging MT_WZTo3LNu_TuneCP5_13TeV-amcatnloFXFX-pythia8_cat3L_sys_ElecronSFUp
Merging measMET_WZTo3LNu_TuneCP5_13TeV-amcatnloFXFX-pythia8_catTOP_sys_MuonSFDown
Merging phizmet_WZTo3LNu_TuneCP5_13TeV-amcatnloFXFX-pythia8_sys_jesTotalDown
Merging MT_WZTo3LNu_TuneCP5_13TeV-amcatnloFXFX-pythia8_catSignal-1jet_sys_ElecronSFUp
Merging MT_WZTo3LNu_TuneCP5_13TeV-amcatnloFXFX-pythia8_catTOP_sys_MuonEnDown
Merging balance_WZTo3LNu_TuneCP5_13TeV-amcatnloFXFX-pythia8_sys_ElectronEnUp
Merging balance_WZTo3LNu_TuneCP5_13TeV-amcatnloFXFX-pythia8_sys_nvtxWeightUp
Merging njet_WZTo3LNu_TuneCP5_13TeV-amcatnloFXFX-pythia8_sys_QCDScale2wDown
Merging measMET_WZTo3LNu_TuneCP5_13TeV-amcatnloFXFX-pythia8_catEM_sys_PrefireWeightUp
Merging MT_WZTo3LNu_TuneCP5_13TeV-amcatnloFXFX-pythia8_catSignal-0jet
Merging measMET_WZTo3LNu_TuneCP5_13TeV-amcatnloFXFX-pythia8_catTOP_sys_ElecronSFDown
Merging measMET_WZTo3LNu_TuneCP5_13TeV-amcatnloFXFX-pythia8_catSignal-1jet_sys_ElectronEnDown
, accepted    30001/   30001 events (100.00%)
Processed    40000/   56475 entries, 70.83% (elapsed time  1623.6s, curr speed    0.023 kHz, avg speed    0.025 kHz), accepted    40001/   40001 events (100.00%)
Processed    50000/   56475 entries, 88.53% (elapsed time  2017.7s, curr speed    0.025 kHz, avg speed    0.025 kHz), accepted    50001/   50001 events (100.00%)
Processed 56475 preselected entries from /eos/cms/store/group/phys_exotica/monoZ/Exorcism2018/WZTo3LNu_TuneCP5_13TeV-amcatnloFXFX-pythia8/tree_1.root (56475 entries). Finally selected 56475 entries
Done ./tree_1_Skim.root
24.7687591279 Hz
----- transfer output to eos :
----- directory after running :
.:
total 6612
-rw-r--r--. 1 cfreer zh    1212 Dec  2 02:09 FrameworkJobReport.xml
-rw-r--r--. 1 cfreer zh       0 Dec  2 01:31 _condor_stderr
-rw-r--r--. 1 cfreer zh   82518 Dec  2 02:09 _condor_stdout
-rw-------. 1 cfreer zh    4914 Dec  2 02:09 cfreer.cc
-rw-r--r--. 1 cfreer zh   16092 Dec  2 01:31 combineHLT_Run2.yaml
-rw-r--r--. 1 cfreer zh    5718 Dec  2 01:31 condor_WSProducer.py
-rwxr-xr-x. 1 cfreer zh     842 Dec  2 01:31 condor_exec.exe
-rwxr-xr-x. 1 cfreer zh    2559 Dec  2 01:31 haddnano.py
-rw-r--r--. 1 cfreer zh       8 Dec  2 01:31 keep_and_drop_WS.txt
drwx------. 3 cfreer zh    4096 Dec  2 01:31 tmp
-rw-r--r--. 1 cfreer zh 3310371 Dec  2 02:09 tree_1.root
-rw-r--r--. 1 cfreer zh 3310227 Dec  2 02:09 tree_1_Skim.root
drwx------. 3 cfreer zh    4096 Dec  2 01:31 var

./tmp:
total 4
drwxr-xr-x. 3 cfreer zh 4096 Dec  2 01:31 mjf-cfreer

./tmp/mjf-cfreer:
total 4
drwxr-xr-x. 2 cfreer zh 4096 Dec  2 01:31 jobfeatures-bigbird09.cern.ch_3059282.1_1575246406

./tmp/mjf-cfreer/jobfeatures-bigbird09.cern.ch_3059282.1_1575246406:
total 28
-rw-r--r--. 1 cfreer zh  1 Dec  2 01:31 allocated_cpu
-rw-r--r--. 1 cfreer zh  6 Dec  2 01:31 cpu_limit_secs
-rw-r--r--. 1 cfreer zh 38 Dec  2 01:31 job_id
-rw-r--r--. 1 cfreer zh 10 Dec  2 01:31 jobstart_secs
-rw-r--r--. 1 cfreer zh 10 Dec  2 01:31 max_rss_bytes
-rw-r--r--. 1 cfreer zh 10 Dec  2 01:31 scratch_limit_bytes
-rw-r--r--. 1 cfreer zh  6 Dec  2 01:31 wall_limit_secs

./var:
total 4
drwx------. 2 cfreer zh 4096 Dec  2 01:31 tmp

./var/tmp:
total 0
 ------ THE END (everyone dies !) ----- 
