
/pool/condor/dir_7895

... start job at 2019-11-29 00:48:50
----- directory before running:
.:
total 52
-rw-r--r--. 1 cfreer zh     0 Nov 29 00:48 _condor_stderr
-rw-r--r--. 1 cfreer zh    93 Nov 29 00:48 _condor_stdout
-rw-------. 1 cfreer zh  2642 Nov 29 00:48 cfreer.cc
-rw-r--r--. 1 cfreer zh 16092 Nov 29 00:48 combineHLT_Run2.yaml
-rw-r--r--. 1 cfreer zh  5718 Nov 29 00:48 condor_WSProducer.py
-rwxr-xr-x. 1 cfreer zh   826 Nov 29 00:48 condor_exec.exe
-rwxr-xr-x. 1 cfreer zh  2559 Nov 29 00:48 haddnano.py
-rw-r--r--. 1 cfreer zh     8 Nov 29 00:48 keep_and_drop_WS.txt
drwx------. 3 cfreer zh  4096 Nov 29 00:48 tmp
drwx------. 3 cfreer zh  4096 Nov 29 00:48 var

./tmp:
total 4
drwxr-xr-x. 3 cfreer zh 4096 Nov 29 00:48 mjf-cfreer

./tmp/mjf-cfreer:
total 4
drwxr-xr-x. 2 cfreer zh 4096 Nov 29 00:48 jobfeatures-bigbird09.cern.ch_3022214.14_1574892106

./tmp/mjf-cfreer/jobfeatures-bigbird09.cern.ch_3022214.14_1574892106:
total 28
-rw-r--r--. 1 cfreer zh  1 Nov 29 00:48 allocated_cpu
-rw-r--r--. 1 cfreer zh  6 Nov 29 00:48 cpu_limit_secs
-rw-r--r--. 1 cfreer zh 39 Nov 29 00:48 job_id
-rw-r--r--. 1 cfreer zh 10 Nov 29 00:48 jobstart_secs
-rw-r--r--. 1 cfreer zh 10 Nov 29 00:48 max_rss_bytes
-rw-r--r--. 1 cfreer zh 10 Nov 29 00:48 scratch_limit_bytes
-rw-r--r--. 1 cfreer zh  6 Nov 29 00:48 wall_limit_secs

./var:
total 4
drwx------. 2 cfreer zh 4096 Nov 29 00:48 tmp

./var/tmp:
total 0
----- CMSSW BASE, python path, pwd:
+ CMSSW_BASE  = /afs/cern.ch/work/c/cfreer/MonoZ_2019/MT_plots/CMSSW_10_6_4
+ PYTHON_PATH = 
+ PWD         = /pool/condor/dir_7895
/eos/cms/store/group/phys_exotica/monoZ/Exorcism2017/ZZTo4L_13TeV_powheg_pythia8/tree_110.root  ->  /eos/cms/store/group/phys_exotica/monoZ/Exorcism2017/ZZTo4L_13TeV_powheg_pythia8/tree_110.root
Testing file open
Test OK
---------------------------
 -- options  =  Namespace(dataset='X', doSyst=1, era='2017', infile='/eos/cms/store/group/phys_exotica/monoZ/Exorcism2017/ZZTo4L_13TeV_powheg_pythia8/tree_110.root', isMC=1, jobNum=14, nevt=-1)
 -- is MC    =  1
 -- jobNum   =  14
 -- era      =  2017
 -- in file  =  /eos/cms/store/group/phys_exotica/monoZ/Exorcism2017/ZZTo4L_13TeV_powheg_pythia8/tree_110.root
 -- dataset  =  X
---------------------------
[check] condtag_ ==  ZZTo4L_13TeV_powheg_pythia8
[check] dataset  ==  monoZ
modules :  <PhysicsTools.MonoZ.MonoZWSProducer.MonoZWSProducer object at 0x2b793fd488d0>
modules :  <PhysicsTools.MonoZ.MonoZWSProducer.MonoZWSProducer object at 0x2b793fd48990>
modules :  <PhysicsTools.MonoZ.MonoZWSProducer.MonoZWSProducer object at 0x2b793fd489d0>
modules :  <PhysicsTools.MonoZ.MonoZWSProducer.MonoZWSProducer object at 0x2b793fd48a10>
modules :  <PhysicsTools.MonoZ.MonoZWSProducer.MonoZWSProducer object at 0x2b793fd48a50>
modules :  <PhysicsTools.MonoZ.MonoZWSProducer.MonoZWSProducer object at 0x2b793fd48a90>
modules :  <PhysicsTools.MonoZ.MonoZWSProducer.MonoZWSProducer object at 0x2b793fd48ad0>
modules :  <PhysicsTools.MonoZ.MonoZWSProducer.MonoZWSProducer object at 0x2b793fd48b10>
modules :  <PhysicsTools.MonoZ.MonoZWSProducer.MonoZWSProducer object at 0x2b793fd48b50>
modules :  <PhysicsTools.MonoZ.MonoZWSProducer.MonoZWSProducer object at 0x2b793fd48b90>
modules :  <PhysicsTools.MonoZ.MonoZWSProducer.MonoZWSProducer object at 0x2b793fd48bd0>
modules :  <PhysicsTools.MonoZ.MonoZWSProducer.MonoZWSProducer object at 0x2b793fd48c10>
modules :  <PhysicsTools.MonoZ.MonoZWSProducer.MonoZWSProducer object at 0x2b793fd48c50>
modules :  <PhysicsTools.MonoZ.MonoZWSProducer.MonoZWSProducer object at 0x2b793fd48c90>
modules :  <PhysicsTools.MonoZ.MonoZWSProducer.MonoZWSProducer object at 0x2b793fd48cd0>
modules :  <PhysicsTools.MonoZ.MonoZWSProducer.MonoZWSProducer object at 0x2b793fd48d10>
modules :  <PhysicsTools.MonoZ.MonoZWSProducer.MonoZWSProducer object at 0x2b793fd48d50>
modules :  <PhysicsTools.MonoZ.MonoZWSProducer.MonoZWSProducer object at 0x2b793fd48d90>
modules :  <PhysicsTools.MonoZ.MonoZWSProducer.MonoZWSProducer object at 0x2b793fd48dd0>
modules :  <PhysicsTools.MonoZ.MonoZWSProducer.MonoZWSProducer object at 0x2b793fd48e10>
modules :  <PhysicsTools.MonoZ.MonoZWSProducer.MonoZWSProducer object at 0x2b793fd48e50>
modules :  <PhysicsTools.MonoZ.MonoZWSProducer.MonoZWSProducer object at 0x2b793fd48e90>
modules :  <PhysicsTools.MonoZ.MonoZWSProducer.MonoZWSProducer object at 0x2b793fd48f10>
modules :  <PhysicsTools.MonoZ.MonoZWSProducer.MonoZWSProducer object at 0x2b793fd48f90>
modules :  <PhysicsTools.MonoZ.MonoZWSProducer.MonoZWSProducer object at 0x2b793fd4a050>
modules :  <PhysicsTools.MonoZ.MonoZWSProducer.MonoZWSProducer object at 0x2b793fd4a0d0>
modules :  <PhysicsTools.MonoZ.MonoZWSProducer.MonoZWSProducer object at 0x2b793fd4a110>
modules :  <PhysicsTools.MonoZ.MonoZWSProducer.MonoZWSProducer object at 0x2b793fd4a150>
modules :  <PhysicsTools.MonoZ.MonoZWSProducer.MonoZWSProducer object at 0x2b793fd4a190>
modules :  <PhysicsTools.MonoZ.MonoZWSProducer.MonoZWSProducer object at 0x2b793fd4a1d0>
modules :  <PhysicsTools.MonoZ.MonoZWSProducer.MonoZWSProducer object at 0x2b793fd4a210>
Selection :  
Will write selected trees to .
Pre-select 52259 entries out of 52259 (100.00%)
Processed    10000/   52259 entries, 19.14% (elapsed time   398.3s, curr speed    0.025 kHz, avg speed    0.025 kHz), accepted    10001/   10001 events (100.00%)
Processed    20000/   52259 entries, 38.27% (elapsed time   780.9s, curr speed    0.026 kHz, avg speed    0.026 kHz), accepted    20001/   20001 events (100.00%)
Processed    30000/   52259 entries, 57.41% (elapsed time  1111.1s, curr speed    0.030 kHz, avg speed    0.027 kHz), accepted    30001/   30001 events (100.00%)
Processed    40000/   52Adding file ./tree_110_Skim.root
Merging measMET_monoZ_catSignal-0jet
Merging MT_monoZ_catSignal-0jet
Merging measMET_monoZ_catEM
Merging MT_monoZ_catEM
Merging measMET_monoZ_catSignal-1jet
Merging MT_monoZ_catSignal-1jet
Merging measMET_monoZ_cat3L
Merging MT_monoZ_cat3L
Merging measMET_monoZ_cat4L
Merging MT_monoZ_cat4L
Merging measMET_monoZ_catNRB
Merging MT_monoZ_catNRB
Merging measMET_monoZ_catTOP
Merging MT_monoZ_catTOP
Merging measMET_monoZ_catDY
Merging MT_monoZ_catDY
Merging balance_monoZ
Merging phizmet_monoZ
Merging njet_monoZ
Merging measMET_monoZ_catSignal-0jet_sys_ElectronEnUp
Merging MT_monoZ_catSignal-0jet_sys_ElectronEnUp
Merging measMET_monoZ_catEM_sys_ElectronEnUp
Merging MT_monoZ_catEM_sys_ElectronEnUp
Merging measMET_monoZ_catSignal-1jet_sys_ElectronEnUp
Merging MT_monoZ_catSignal-1jet_sys_ElectronEnUp
Merging measMET_monoZ_cat3L_sys_ElectronEnUp
Merging MT_monoZ_cat3L_sys_ElectronEnUp
Merging measMET_monoZ_cat4L_sys_ElectronEnUp
Merging MT_monoZ_cat4L_sys_ElectronEnUp
Merging measMET_monoZ_catNRB_sys_ElectronEnUp
Merging MT_monoZ_catNRB_sys_ElectronEnUp
Merging measMET_monoZ_catTOP_sys_ElectronEnUp
Merging MT_monoZ_catTOP_sys_ElectronEnUp
Merging measMET_monoZ_catDY_sys_ElectronEnUp
Merging MT_monoZ_catDY_sys_ElectronEnUp
Merging balance_monoZ_sys_ElectronEnUp
Merging phizmet_monoZ_sys_ElectronEnUp
Merging njet_monoZ_sys_ElectronEnUp
Merging measMET_monoZ_catSignal-0jet_sys_ElectronEnDown
Merging MT_monoZ_catSignal-0jet_sys_ElectronEnDown
Merging measMET_monoZ_catEM_sys_ElectronEnDown
Merging MT_monoZ_catEM_sys_ElectronEnDown
Merging measMET_monoZ_catSignal-1jet_sys_ElectronEnDown
Merging MT_monoZ_catSignal-1jet_sys_ElectronEnDown
Merging measMET_monoZ_cat3L_sys_ElectronEnDown
Merging MT_monoZ_cat3L_sys_ElectronEnDown
Merging measMET_monoZ_cat4L_sys_ElectronEnDown
Merging MT_monoZ_cat4L_sys_ElectronEnDown
Merging measMET_monoZ_catNRB_sys_ElectronEnDown
Merging MT_monoZ_catNRB_sys_ElectronEnDown
Merging measMET_monoZ_catTOP_sys_ElectronEnDown
Merging MT_monoZ_catTOP_sys_ElectronEnDown
Merging measMET_monoZ_catDY_sys_ElectronEnDown
Merging MT_monoZ_catDY_sys_ElectronEnDown
Merging balance_monoZ_sys_ElectronEnDown
Merging phizmet_monoZ_sys_ElectronEnDown
Merging njet_monoZ_sys_ElectronEnDown
Merging measMET_monoZ_catSignal-0jet_sys_MuonEnUp
Merging MT_monoZ_catSignal-0jet_sys_MuonEnUp
Merging measMET_monoZ_catEM_sys_MuonEnUp
Merging MT_monoZ_catEM_sys_MuonEnUp
Merging measMET_monoZ_catSignal-1jet_sys_MuonEnUp
Merging MT_monoZ_catSignal-1jet_sys_MuonEnUp
Merging measMET_monoZ_cat3L_sys_MuonEnUp
Merging MT_monoZ_cat3L_sys_MuonEnUp
Merging measMET_monoZ_cat4L_sys_MuonEnUp
Merging MT_monoZ_cat4L_sys_MuonEnUp
Merging measMET_monoZ_catNRB_sys_MuonEnUp
Merging MT_monoZ_catNRB_sys_MuonEnUp
Merging measMET_monoZ_catTOP_sys_MuonEnUp
Merging MT_monoZ_catTOP_sys_MuonEnUp
Merging measMET_monoZ_catDY_sys_MuonEnUp
Merging MT_monoZ_catDY_sys_MuonEnUp
Merging balance_monoZ_sys_MuonEnUp
Merging phizmet_monoZ_sys_MuonEnUp
Merging njet_monoZ_sys_MuonEnUp
Merging measMET_monoZ_catSignal-0jet_sys_MuonEnDown
Merging MT_monoZ_catSignal-0jet_sys_MuonEnDown
Merging measMET_monoZ_catEM_sys_MuonEnDown
Merging MT_monoZ_catEM_sys_MuonEnDown
Merging measMET_monoZ_catSignal-1jet_sys_MuonEnDown
Merging MT_monoZ_catSignal-1jet_sys_MuonEnDown
Merging measMET_monoZ_cat3L_sys_MuonEnDown
Merging MT_monoZ_cat3L_sys_MuonEnDown
Merging measMET_monoZ_cat4L_sys_MuonEnDown
Merging MT_monoZ_cat4L_sys_MuonEnDown
Merging measMET_monoZ_catNRB_sys_MuonEnDown
Merging MT_monoZ_catNRB_sys_MuonEnDown
Merging measMET_monoZ_catTOP_sys_MuonEnDown
Merging MT_monoZ_catTOP_sys_MuonEnDown
Merging measMET_monoZ_catDY_sys_MuonEnDown
Merging MT_monoZ_catDY_sys_MuonEnDown
Merging balance_monoZ_sys_MuonEnDown
Merging phizmet_monoZ_sys_MuonEnDown
Merging njet_monoZ_sys_MuonEnDown
Merging measMET_monoZ_catSignal-0jet_sys_jesTotalUp
Merging MT_monoZ_catSignal-0jet_sys_jesTotalUp
Merging measMET_monoZ_catEM_sys_jesTotalUp
Merging MT_monoZ_catEM_sys_jesTotalUp
Merging measMET_monoZ_catSignal-1jet_sys_jesTotalUp
Merging MT_monoZ_catSignal-1jet_sys_jesTotalUp
Merging measMET_monoZ_cat3L_sys_jesTotalUp
Merging MT_monoZ_cat3L_sys_jesTotalUp
Merging measMET_monoZ_cat4L_sys_jesTotalUp
Merging MT_monoZ_cat4L_sys_jesTotalUp
Merging measMET_monoZ_catNRB_sys_jesTotalUp
Merging MT_monoZ_catNRB_sys_jesTotalUp
Merging measMET_monoZ_catTOP_sys_jesTotalUp
Merging MT_monoZ_catTOP_sys_jesTotalUp
Merging measMET_monoZ_catDY_sys_jesTotalUp
Merging MT_monoZ_catDY_sys_jesTotalUp
Merging balance_monoZ_sys_jesTotalUp
Merging phizmet_monoZ_sys_jesTotalUp
Merging njet_monoZ_sys_jesTotalUp
Merging measMET_monoZ_catSignal-0jet_sys_jesTotalDown
Merging MT_monoZ_catSignal-0jet_sys_jesTotalDown
Merging measMET_monoZ_catEM_sys_jesTotalDown
Merging MT_monoZ_catEM_sys_jesTotalDown
Merging measMET_monoZ_catSignal-1jet_sys_jesTotalDown
Merging MT_monoZ_catSignal-1jet_sys_jesTotalDown
Merging measMET_monoZ_cat3L_sys_jesTotalDown
Merging MT_monoZ_cat3L_sys_jesTotalDown
Merging measMET_monoZ_cat4L_sys_jesTotalDown
Merging MT_monoZ_cat4L_sys_jesTotalDown
Merging measMET_monoZ_catNRB_sys_jesTotalDown
Merging MT_monoZ_catNRB_sys_jesTotalDown
Merging measMET_monoZ_catTOP_sys_jesTotalDown
Merging MT_monoZ_catTOP_sys_jesTotalDown
Merging measMET_monoZ_catDY_sys_jesTotalDown
Merging MT_monoZ_catDY_sys_jesTotalDown
Merging balance_monoZ_sys_jesTotalDown
Merging phizmet_monoZ_sys_jesTotalDown
Merging njet_monoZ_sys_jesTotalDown
Merging measMET_monoZ_catSignal-0jet_sys_jerUp
Merging MT_monoZ_catSignal-0jet_sys_jerUp
Merging measMET_monoZ_catEM_sys_jerUp
Merging MT_monoZ_catEM_sys_jerUp
Merging measMET_monoZ_catSignal-1jet_sys_jerUp
Merging MT_monoZ_catSignal-1jet_sys_jerUp
Merging measMET_monoZ_cat3L_sys_jerUp
Merging MT_monoZ_cat3L_sys_jerUp
Merging measMET_monoZ_cat4L_sys_jerUp
Merging MT_monoZ_cat4L_sys_jerUp
Merging measMET_monoZ_catNRB_sys_jerUp
Merging MT_monoZ_catNRB_sys_jerUp
Merging measMET_monoZ_catTOP_sys_jerUp
Merging MT_monoZ_catTOP_sys_jerUp
Merging measMET_monoZ_catDY_sys_jerUp
Merging MT_monoZ_catDY_sys_jerUp
Merging balance_monoZ_sys_jerUp
Merging phizmet_monoZ_sys_jerUp
Merging njet_monoZ_sys_jerUp
Merging measMET_monoZ_catSignal-0jet_sys_jerDown
Merging MT_monoZ_catSignal-0jet_sys_jerDown
Merging measMET_monoZ_catEM_sys_jerDown
Merging MT_monoZ_catEM_sys_jerDown
Merging measMET_monoZ_catSignal-1jet_sys_jerDown
Merging MT_monoZ_catSignal-1jet_sys_jerDown
Merging measMET_monoZ_cat3L_sys_jerDown
Merging MT_monoZ_cat3L_sys_jerDown
Merging measMET_monoZ_cat4L_sys_jerDown
Merging MT_monoZ_cat4L_sys_jerDown
Merging measMET_monoZ_catNRB_sys_jerDown
Merging MT_monoZ_catNRB_sys_jerDown
Merging measMET_monoZ_catTOP_sys_jerDown
Merging MT_monoZ_catTOP_sys_jerDown
Merging measMET_monoZ_catDY_sys_jerDown
Merging MT_monoZ_catDY_sys_jerDown
Merging balance_monoZ_sys_jerDown
Merging phizmet_monoZ_sys_jerDown
Merging njet_monoZ_sys_jerDown
Merging measMET_monoZ_catSignal-0jet_sys_puWeightUp
Merging MT_monoZ_catSignal-0jet_sys_puWeightUp
Merging measMET_monoZ_catEM_sys_puWeightUp
Merging MT_monoZ_catEM_sys_puWeightUp
Merging measMET_monoZ_catSignal-1jet_sys_puWeightUp
Merging MT_monoZ_catSignal-1jet_sys_puWeightUp
Merging measMET_monoZ_cat3L_sys_puWeightUp
Merging MT_monoZ_cat3L_sys_puWeightUp
Merging measMET_monoZ_cat4L_sys_puWeightUp
Merging MT_monoZ_cat4L_sys_puWeightUp
Merging measMET_monoZ_catNRB_sys_puWeightUp
Merging MT_monoZ_catNRB_sys_puWeightUp
Merging measMET_monoZ_catTOP_sys_puWeightUp
Merging MT_monoZ_catTOP_sys_puWeightUp
Merging measMET_monoZ_catDY_sys_puWeightUp
Merging MT_monoZ_catDY_sys_puWeightUp
Merging balance_monoZ_sys_puWeightUp
Merging phizmet_monoZ_sys_puWeightUp
Merging njet_monoZ_sys_puWeightUp
Merging measMET_monoZ_catSignal-0jet_sys_puWeightDown
Merging MT_monoZ_catSignal-0jet_sys_puWeightDown
Merging measMET_monoZ_catEM_sys_puWeightDown
Merging MT_monoZ_catEM_sys_puWeightDown
Merging measMET_monoZ_catSignal-1jet_sys_puWeightDown
Merging MT_monoZ_catSignal-1jet_sys_puWeightDown
Merging measMET_monoZ_cat3L_sys_puWeightDown
Merging MT_monoZ_cat3L_sys_puWeightDown
Merging measMET_monoZ_cat4L_sys_puWeightDown
Merging MT_monoZ_cat4L_sys_puWeightDown
Merging measMET_monoZ_catNRB_sys_puWeightDown
Merging MT_monoZ_catNRB_sys_puWeightDown
Merging measMET_monoZ_catTOP_sys_puWeightDown
Merging MT_monoZ_catTOP_sys_puWeightDown
Merging measMET_monoZ_catDY_sys_puWeightDown
Merging MT_monoZ_catDY_sys_puWeightDown
Merging balance_monoZ_sys_puWeightDown
Merging phizmet_monoZ_sys_puWeightDown
Merging njet_monoZ_sys_puWeightDown
Merging measMET_monoZ_catSignal-0jet_sys_PDFUp
Merging MT_monoZ_catSignal-0jet_sys_PDFUp
Merging measMET_monoZ_catEM_sys_PDFUp
Merging MT_monoZ_catEM_sys_PDFUp
Merging measMET_monoZ_catSignal-1jet_sys_PDFUp
Merging MT_monoZ_catSignal-1jet_sys_PDFUp
Merging measMET_monoZ_cat3L_sys_PDFUp
Merging MT_monoZ_cat3L_sys_PDFUp
Merging measMET_monoZ_cat4L_sys_PDFUp
Merging MT_monoZ_cat4L_sys_PDFUp
Merging measMET_monoZ_catNRB_sys_PDFUp
Merging MT_monoZ_catNRB_sys_PDFUp
Merging measMET_monoZ_catTOP_sys_PDFUp
Merging MT_monoZ_catTOP_sys_PDFUp
Merging measMET_monoZ_catDY_sys_PDFUp
Merging MT_monoZ_catDY_sys_PDFUp
Merging balance_monoZ_sys_PDFUp
Merging phizmet_monoZ_sys_PDFUp
Merging njet_monoZ_sys_PDFUp
Merging measMET_monoZ_catSignal-0jet_sys_PDFDown
Merging MT_monoZ_catSignal-0jet_sys_PDFDown
Merging measMET_monoZ_catEM_sys_PDFDown
Merging MT_monoZ_catEM_sys_PDFDown
Merging measMET_monoZ_catSignal-1jet_sys_PDFDown
Merging MT_monoZ_catSignal-1jet_sys_PDFDown
Merging measMET_monoZ_cat3L_sys_PDFDown
Merging MT_monoZ_cat3L_sys_PDFDown
Merging measMET_monoZ_cat4L_sys_PDFDown
Merging MT_monoZ_cat4L_sys_PDFDown
Merging measMET_monoZ_catNRB_sys_PDFDown
Merging MT_monoZ_catNRB_sys_PDFDown
Merging measMET_monoZ_catTOP_sys_PDFDown
Merging MT_monoZ_catTOP_sys_PDFDown
Merging measMET_monoZ_catDY_sys_PDFDown
Merging MT_monoZ_catDY_sys_PDFDown
Merging balance_monoZ_sys_PDFDown
Merging phizmet_monoZ_sys_PDFDown
Merging njet_monoZ_sys_PDFDown
Merging measMET_monoZ_catSignal-0jet_sys_MuonSFUp
Merging MT_monoZ_catSignal-0jet_sys_MuonSFUp
Merging measMET_monoZ_catEM_sys_MuonSFUp
Merging MT_monoZ_catEM_sys_MuonSFUp
Merging measMET_monoZ_catSignal-1jet_sys_MuonSFUp
Merging MT_monoZ_catSignal-1jet_sys_MuonSFUp
Merging measMET_monoZ_cat3L_sys_MuonSFUp
Merging MT_monoZ_cat3L_sys_MuonSFUp
Merging measMET_monoZ_cat4L_sys_MuonSFUp
Merging MT_monoZ_cat4L_sys_MuonSFUp
Merging measMET_monoZ_catNRB_sys_MuonSFUp
Merging MT_monoZ_catNRB_sys_MuonSFUp
Merging measMET_monoZ_catTOP_sys_MuonSFUp
Merging MT_monoZ_catTOP_sys_MuonSFUp
Merging measMET_monoZ_catDY_sys_MuonSFUp
Merging MT_monoZ_catDY_sys_MuonSFUp
Merging balance_monoZ_sys_MuonSFUp
Merging phizmet_monoZ_sys_MuonSFUp
Merging njet_monoZ_sys_MuonSFUp
Merging measMET_monoZ_catSignal-0jet_sys_MuonSFDown
Merging MT_monoZ_catSignal-0jet_sys_MuonSFDown
Merging measMET_monoZ_catEM_sys_MuonSFDown
Merging MT_monoZ_catEM_sys_MuonSFDown
Merging measMET_monoZ_catSignal-1jet_sys_MuonSFDown
Merging MT_monoZ_catSignal-1jet_sys_MuonSFDown
Merging measMET_monoZ_cat3L_sys_MuonSFDown
Merging MT_monoZ_cat3L_sys_MuonSFDown
Merging measMET_monoZ_cat4L_sys_MuonSFDown
Merging MT_monoZ_cat4L_sys_MuonSFDown
Merging measMET_monoZ_catNRB_sys_MuonSFDown
Merging MT_monoZ_catNRB_sys_MuonSFDown
Merging measMET_monoZ_catTOP_sys_MuonSFDown
Merging MT_monoZ_catTOP_sys_MuonSFDown
Merging measMET_monoZ_catDY_sys_MuonSFDown
Merging MT_monoZ_catDY_sys_MuonSFDown
Merging balance_monoZ_sys_MuonSFDown
Merging phizmet_monoZ_sys_MuonSFDown
Merging njet_monoZ_sys_MuonSFDown
Merging measMET_monoZ_catSignal-0jet_sys_ElecronSFUp
Merging MT_monoZ_catSignal-0jet_sys_ElecronSFUp
Merging measMET_monoZ_catEM_sys_ElecronSFUp
Merging MT_monoZ_catEM_sys_ElecronSFUp
Merging measMET_monoZ_catSignal-1jet_sys_ElecronSFUp
Merging MT_monoZ_catSignal-1jet_sys_ElecronSFUp
Merging measMET_monoZ_cat3L_sys_ElecronSFUp
Merging MT_monoZ_cat3L_sys_ElecronSFUp
Merging measMET_monoZ_cat4L_sys_ElecronSFUp
Merging MT_monoZ_cat4L_sys_ElecronSFUp
Merging measMET_monoZ_catNRB_sys_ElecronSFUp
Merging MT_monoZ_catNRB_sys_ElecronSFUp
Merging measMET_monoZ_catTOP_sys_ElecronSFUp
Merging MT_monoZ_catTOP_sys_ElecronSFUp
Merging measMET_monoZ_catDY_sys_ElecronSFUp
Merging MT_monoZ_catDY_sys_ElecronSFUp
Merging balance_monoZ_sys_ElecronSFUp
Merging phizmet_monoZ_sys_ElecronSFUp
Merging njet_monoZ_sys_ElecronSFUp
Merging measMET_monoZ_catSignal-0jet_sys_ElecronSFDown
Merging MT_monoZ_catSignal-0jet_sys_ElecronSFDown
Merging measMET_monoZ_catEM_sys_ElecronSFDown
Merging MT_monoZ_catEM_sys_ElecronSFDown
Merging measMET_monoZ_catSignal-1jet_sys_ElecronSFDown
Merging MT_monoZ_catSignal-1jet_sys_ElecronSFDown
Merging measMET_monoZ_cat3L_sys_ElecronSFDown
Merging MT_monoZ_cat3L_sys_ElecronSFDown
Merging measMET_monoZ_cat4L_sys_ElecronSFDown
Merging MT_monoZ_cat4L_sys_ElecronSFDown
Merging measMET_monoZ_catNRB_sys_ElecronSFDown
Merging MT_monoZ_catNRB_sys_ElecronSFDown
Merging measMET_monoZ_catTOP_sys_ElecronSFDown
Merging MT_monoZ_catTOP_sys_ElecronSFDown
Merging measMET_monoZ_catDY_sys_ElecronSFDown
Merging MT_monoZ_catDY_sys_ElecronSFDown
Merging balance_monoZ_sys_ElecronSFDown
Merging phizmet_monoZ_sys_ElecronSFDown
Merging njet_monoZ_sys_ElecronSFDown
Merging measMET_monoZ_catSignal-0jet_sys_EWKUp
Merging MT_monoZ_catSignal-0jet_sys_EWKUp
Merging measMET_monoZ_catEM_sys_EWKUp
Merging MT_monoZ_catEM_sys_EWKUp
Merging measMET_monoZ_catSignal-1jet_sys_EWKUp
Merging MT_monoZ_catSignal-1jet_sys_EWKUp
Merging measMET_monoZ_cat3L_sys_EWKUp
Merging MT_monoZ_cat3L_sys_EWKUp
Merging measMET_monoZ_cat4L_sys_EWKUp
Merging MT_monoZ_cat4L_sys_EWKUp
Merging measMET_monoZ_catNRB_sys_EWKUp
Merging MT_monoZ_catNRB_sys_EWKUp
Merging measMET_monoZ_catTOP_sys_EWKUp
Merging MT_monoZ_catTOP_sys_EWKUp
Merging measMET_monoZ_catDY_sys_EWKUp
Merging MT_monoZ_catDY_sys_EWKUp
Merging balance_monoZ_sys_EWKUp
Merging phizmet_monoZ_sys_EWKUp
Merging njet_monoZ_sys_EWKUp
Merging measMET_monoZ_catSignal-0jet_sys_EWKDown
Merging MT_monoZ_catSignal-0jet_sys_EWKDown
Merging measMET_monoZ_catEM_sys_EWKDown
Merging MT_monoZ_catEM_sys_EWKDown
Merging measMET_monoZ_catSignal-1jet_sys_EWKDown
Merging MT_monoZ_catSignal-1jet_sys_EWKDown
Merging measMET_monoZ_cat3L_sys_EWKDown
Merging MT_monoZ_cat3L_sys_EWKDown
Merging measMET_monoZ_cat4L_sys_EWKDown
Merging MT_monoZ_cat4L_sys_EWKDown
Merging measMET_monoZ_catNRB_sys_EWKDown
Merging MT_monoZ_catNRB_sys_EWKDown
Merging measMET_monoZ_catTOP_sys_EWKDown
Merging MT_monoZ_catTOP_sys_EWKDown
Merging measMET_monoZ_catDY_sys_EWKDown
Merging MT_monoZ_catDY_sys_EWKDown
Merging balance_monoZ_sys_EWKDown
Merging phizmet_monoZ_sys_EWKDown
Merging njet_monoZ_sys_EWKDown
Merging measMET_monoZ_catSignal-0jet_sys_nvtxWeightUp
Merging MT_monoZ_catSignal-0jet_sys_nvtxWeightUp
Merging measMET_monoZ_catEM_sys_nvtxWeightUp
Merging MT_monoZ_catEM_sys_nvtxWeightUp
Merging measMET_monoZ_catSignal-1jet_sys_nvtxWeightUp
Merging MT_monoZ_catSignal-1jet_sys_nvtxWeightUp
Merging measMET_monoZ_cat3L_sys_nvtxWeightUp
Merging MT_monoZ_cat3L_sys_nvtxWeightUp
Merging measMET_monoZ_cat4L_sys_nvtxWeightUp
Merging MT_monoZ_cat4L_sys_nvtxWeightUp
Merging measMET_monoZ_catNRB_sys_nvtxWeightUp
Merging MT_monoZ_catNRB_sys_nvtxWeightUp
Merging measMET_monoZ_catTOP_sys_nvtxWeightUp
Merging MT_monoZ_catTOP_sys_nvtxWeightUp
Merging measMET_monoZ_catDY_sys_nvtxWeightUp
Merging MT_monoZ_catDY_sys_nvtxWeightUp
Merging balance_monoZ_sys_nvtxWeightUp
Merging phizmet_monoZ_sys_nvtxWeightUp
Merging njet_monoZ_sys_nvtxWeightUp
Merging measMET_monoZ_catSignal-0jet_sys_nvtxWeightDown
Merging MT_monoZ_catSignal-0jet_sys_nvtxWeightDown
Merging measMET_monoZ_catEM_sys_nvtxWeightDown
Merging MT_monoZ_catEM_sys_nvtxWeightDown
Merging measMET_monoZ_catSignal-1jet_sys_nvtxWeightDown
Merging MT_monoZ_catSignal-1jet_sys_nvtxWeightDown
Merging measMET_monoZ_cat3L_sys_nvtxWeightDown
Merging MT_monoZ_cat3L_sys_nvtxWeightDown
Merging measMET_monoZ_cat4L_sys_nvtxWeightDown
Merging MT_monoZ_cat4L_sys_nvtxWeightDown
Merging measMET_monoZ_catNRB_sys_nvtxWeightDown
Merging MT_monoZ_catNRB_sys_nvtxWeightDown
Merging measMET_monoZ_catTOP_sys_nvtxWeightDown
Merging MT_monoZ_catTOP_sys_nvtxWeightDown
Merging measMET_monoZ_catDY_sys_nvtxWeightDown
Merging MT_monoZ_catDY_sys_nvtxWeightDown
Merging balance_monoZ_sys_nvtxWeightDown
Merging phizmet_monoZ_sys_nvtxWeightDown
Merging njet_monoZ_sys_nvtxWeightDown
Merging measMET_monoZ_catSignal-0jet_sys_TriggerSFWeightUp
Merging MT_monoZ_catSignal-0jet_sys_TriggerSFWeightUp
Merging measMET_monoZ_catEM_sys_TriggerSFWeightUp
Merging MT_monoZ_catEM_sys_TriggerSFWeightUp
Merging measMET_monoZ_catSignal-1jet_sys_TriggerSFWeightUp
Merging MT_monoZ_catSignal-1jet_sys_TriggerSFWeightUp
Merging measMET_monoZ_cat3L_sys_TriggerSFWeightUp
Merging MT_monoZ_cat3L_sys_TriggerSFWeightUp
Merging measMET_monoZ_cat4L_sys_TriggerSFWeightUp
Merging MT_monoZ_cat4L_sys_TriggerSFWeightUp
Merging measMET_monoZ_catNRB_sys_TriggerSFWeightUp
Merging MT_monoZ_catNRB_sys_TriggerSFWeightUp
Merging measMET_monoZ_catTOP_sys_TriggerSFWeightUp
Merging MT_monoZ_catTOP_sys_TriggerSFWeightUp
Merging measMET_monoZ_catDY_sys_TriggerSFWeightUp
Merging MT_monoZ_catDY_sys_TriggerSFWeightUp
Merging balance_monoZ_sys_TriggerSFWeightUp
Merging phizmet_monoZ_sys_TriggerSFWeightUp
Merging njet_monoZ_sys_TriggerSFWeightUp
Merging measMET_monoZ_catSignal-0jet_sys_TriggerSFWeightDown
Merging MT_monoZ_catSignal-0jet_sys_TriggerSFWeightDown
Merging measMET_monoZ_catEM_sys_TriggerSFWeightDown
Merging MT_monoZ_catEM_sys_TriggerSFWeightDown
Merging measMET_monoZ_catSignal-1jet_sys_TriggerSFWeightDown
Merging MT_monoZ_catSignal-1jet_sys_TriggerSFWeightDown
Merging measMET_monoZ_cat3L_sys_TriggerSFWeightDown
Merging MT_monoZ_cat3L_sys_TriggerSFWeightDown
Merging measMET_monoZ_cat4L_sys_TriggerSFWeightDown
Merging MT_monoZ_cat4L_sys_TriggerSFWeightDown
Merging measMET_monoZ_catNRB_sys_TriggerSFWeightDown
Merging MT_monoZ_catNRB_sys_TriggerSFWeightDown
Merging measMET_monoZ_catTOP_sys_TriggerSFWeightDown
Merging MT_monoZ_catTOP_sys_TriggerSFWeightDown
Merging measMET_monoZ_catDY_sys_TriggerSFWeightDown
Merging MT_monoZ_catDY_sys_TriggerSFWeightDown
Merging balance_monoZ_sys_TriggerSFWeightDown
Merging phizmet_monoZ_sys_TriggerSFWeightDown
Merging njet_monoZ_sys_TriggerSFWeightDown
Merging measMET_monoZ_catSignal-0jet_sys_btagEventWeightUp
Merging MT_monoZ_catSignal-0jet_sys_btagEventWeightUp
Merging measMET_monoZ_catEM_sys_btagEventWeightUp
Merging MT_monoZ_catEM_sys_btagEventWeightUp
Merging measMET_monoZ_catSignal-1jet_sys_btagEventWeightUp
Merging MT_monoZ_catSignal-1jet_sys_btagEventWeightUp
Merging measMET_monoZ_cat3L_sys_btagEventWeightUp
Merging MT_monoZ_cat3L_sys_btagEventWeightUp
Merging measMET_monoZ_cat4L_sys_btagEventWeightUp
Merging MT_monoZ_cat4L_sys_btagEventWeightUp
Merging measMET_monoZ_catNRB_sys_btagEventWeightUp
Merging MT_monoZ_catNRB_sys_btagEventWeightUp
Merging measMET_monoZ_catTOP_sys_btagEventWeightUp
Merging MT_monoZ_catTOP_sys_btagEventWeightUp
Merging measMET_monoZ_catDY_sys_btagEventWeightUp
Merging MT_monoZ_catDY_sys_btagEventWeightUp
Merging balance_monoZ_sys_btagEventWeightUp
Merging phizmet_monoZ_sys_btagEventWeightUp
Merging njet_monoZ_sys_btagEventWeightUp
Merging measMET_monoZ_catSignal-0jet_sys_btagEventWeightDown
Merging MT_monoZ_catSignal-0jet_sys_btagEventWeightDown
Merging measMET_monoZ_catEM_sys_btagEventWeightDown
Merging MT_monoZ_catEM_sys_btagEventWeightDown
Merging measMET_monoZ_catSignal-1jet_sys_btagEventWeightDown
Merging MT_monoZ_catSignal-1jet_sys_btagEventWeightDown
Merging measMET_monoZ_cat3L_sys_btagEventWeightDown
Merging MT_monoZ_cat3L_sys_btagEventWeightDown
Merging measMET_monoZ_cat4L_sys_btagEventWeightDown
Merging MT_monoZ_cat4L_sys_btagEventWeightDown
Merging measMET_monoZ_catNRB_sys_btagEventWeightDown
Merging MT_monoZ_catNRB_sys_btagEventWeightDown
Merging measMET_monoZ_catTOP_sys_btagEventWeightDown
Merging MT_monoZ_catTOP_sys_btagEventWeightDown
Merging measMET_monoZ_catDY_sys_btagEventWeightDown
Merging MT_monoZ_catDY_sys_btagEventWeightDown
Merging balance_monoZ_sys_btagEventWeightDown
Merging phizmet_monoZ_sys_btagEventWeightDown
Merging njet_monoZ_sys_btagEventWeightDown
Merging measMET_monoZ_catSignal-0jet_sys_QCDScale0wUp
Merging MT_monoZ_catSignal-0jet_sys_QCDScale0wUp
Merging measMET_monoZ_catEM_sys_QCDScale0wUp
Merging MT_monoZ_catEM_sys_QCDScale0wUp
Merging measMET_monoZ_catSignal-1jet_sys_QCDScale0wUp
Merging MT_monoZ_catSignal-1jet_sys_QCDScale0wUp
Merging measMET_monoZ_cat3L_sys_QCDScale0wUp
Merging MT_monoZ_cat3L_sys_QCDScale0wUp
Merging measMET_monoZ_cat4L_sys_QCDScale0wUp
Merging MT_monoZ_cat4L_sys_QCDScale0wUp
Merging measMET_monoZ_catNRB_sys_QCDScale0wUp
Merging MT_monoZ_catNRB_sys_QCDScale0wUp
Merging measMET_monoZ_catTOP_sys_QCDScale0wUp
Merging MT_monoZ_catTOP_sys_QCDScale0wUp
Merging measMET_monoZ_catDY_sys_QCDScale0wUp
Merging MT_monoZ_catDY_sys_QCDScale0wUp
Merging balance_monoZ_sys_QCDScale0wUp
Merging phizmet_monoZ_sys_QCDScale0wUp
Merging njet_monoZ_sys_QCDScale0wUp
Merging measMET_monoZ_catSignal-0jet_sys_QCDScale0wDown
Merging MT_monoZ_catSignal-0jet_sys_QCDScale0wDown
Merging measMET_monoZ_catEM_sys_QCDScale0wDown
Merging MT_monoZ_catEM_sys_QCDScale0wDown
Merging measMET_monoZ_catSignal-1jet_sys_QCDScale0wDown
Merging MT_monoZ_catSignal-1jet_sys_QCDScale0wDown
Merging measMET_monoZ_cat3L_sys_QCDScale0wDown
Merging MT_monoZ_cat3L_sys_QCDScale0wDown
Merging measMET_monoZ_cat4L_sys_QCDScale0wDown
Merging MT_monoZ_cat4L_sys_QCDScale0wDown
Merging measMET_monoZ_catNRB_sys_QCDScale0wDown
Merging MT_monoZ_catNRB_sys_QCDScale0wDown
Merging measMET_monoZ_catTOP_sys_QCDScale0wDown
Merging MT_monoZ_catTOP_sys_QCDScale0wDown
Merging measMET_monoZ_catDY_sys_QCDScale0wDown
Merging MT_monoZ_catDY_sys_QCDScale0wDown
Merging balance_monoZ_sys_QCDScale0wDown
Merging phizmet_monoZ_sys_QCDScale0wDown
Merging njet_monoZ_sys_QCDScale0wDown
Merging measMET_monoZ_catSignal-0jet_sys_QCDScale1wUp
Merging MT_monoZ_catSignal-0jet_sys_QCDScale1wUp
Merging measMET_monoZ_catEM_sys_QCDScale1wUp
Merging MT_monoZ_catEM_sys_QCDScale1wUp
Merging measMET_monoZ_catSignal-1jet_sys_QCDScale1wUp
Merging MT_monoZ_catSignal-1jet_sys_QCDScale1wUp
Merging measMET_monoZ_cat3L_sys_QCDScale1wUp
Merging MT_monoZ_cat3L_sys_QCDScale1wUp
Merging measMET_monoZ_cat4L_sys_QCDScale1wUp
Merging MT_monoZ_cat4L_sys_QCDScale1wUp
Merging measMET_monoZ_catNRB_sys_QCDScale1wUp
Merging MT_monoZ_catNRB_sys_QCDScale1wUp
Merging measMET_monoZ_catTOP_sys_QCDScale1wUp
Merging MT_monoZ_catTOP_sys_QCDScale1wUp
Merging measMET_monoZ_catDY_sys_QCDScale1wUp
Merging MT_monoZ_catDY_sys_QCDScale1wUp
Merging balance_monoZ_sys_QCDScale1wUp
Merging phizmet_monoZ_sys_QCDScale1wUp
Merging njet_monoZ_sys_QCDScale1wUp
Merging measMET_monoZ_catSignal-0jet_sys_QCDScale1wDown
Merging MT_monoZ_catSignal-0jet_sys_QCDScale1wDown
Merging measMET_monoZ_catEM_sys_QCDScale1wDown
Merging MT_monoZ_catEM_sys_QCDScale1wDown
Merging measMET_monoZ_catSignal-1jet_sys_QCDScale1wDown
Merging MT_monoZ_catSignal-1jet_sys_QCDScale1wDown
Merging measMET_monoZ_cat3L_sys_QCDScale1wDown
Merging MT_monoZ_cat3L_sys_QCDScale1wDown
Merging measMET_monoZ_cat4L_sys_QCDScale1wDown
Merging MT_monoZ_cat4L_sys_QCDScale1wDown
Merging measMET_monoZ_catNRB_sys_QCDScale1wDown
Merging MT_monoZ_catNRB_sys_QCDScale1wDown
Merging measMET_monoZ_catTOP_sys_QCDScale1wDown
Merging MT_monoZ_catTOP_sys_QCDScale1wDown
Merging measMET_monoZ_catDY_sys_QCDScale1wDown
Merging MT_monoZ_catDY_sys_QCDScale1wDown
Merging balance_monoZ_sys_QCDScale1wDown
Merging phizmet_monoZ_sys_QCDScale1wDown
Merging njet_monoZ_sys_QCDScale1wDown
Merging measMET_monoZ_catSignal-0jet_sys_QCDScale2wUp
Merging MT_monoZ_catSignal-0jet_sys_QCDScale2wUp
Merging measMET_monoZ_catEM_sys_QCDScale2wUp
Merging MT_monoZ_catEM_sys_QCDScale2wUp
Merging measMET_monoZ_catSignal-1jet_sys_QCDScale2wUp
Merging MT_monoZ_catSignal-1jet_sys_QCDScale2wUp
Merging measMET_monoZ_cat3L_sys_QCDScale2wUp
Merging MT_monoZ_cat3L_sys_QCDScale2wUp
Merging measMET_monoZ_cat4L_sys_QCDScale2wUp
Merging MT_monoZ_cat4L_sys_QCDScale2wUp
Merging measMET_monoZ_catNRB_sys_QCDScale2wUp
Merging MT_monoZ_catNRB_sys_QCDScale2wUp
Merging measMET_monoZ_catTOP_sys_QCDScale2wUp
Merging MT_monoZ_catTOP_sys_QCDScale2wUp
Merging measMET_monoZ_catDY_sys_QCDScale2wUp
Merging MT_monoZ_catDY_sys_QCDScale2wUp
Merging balance_monoZ_sys_QCDScale2wUp
Merging phizmet_monoZ_sys_QCDScale2wUp
Merging njet_monoZ_sys_QCDScale2wUp
Merging measMET_monoZ_catSignal-0jet_sys_QCDScale2wDown
Merging MT_monoZ_catSignal-0jet_sys_QCDScale2wDown
Merging measMET_monoZ_catEM_sys_QCDScale2wDown
Merging MT_monoZ_catEM_sys_QCDScale2wDown
Merging measMET_monoZ_catSignal-1jet_sys_QCDScale2wDown
Merging MT_monoZ_catSignal-1jet_sys_QCDScale2wDown
Merging measMET_monoZ_cat3L_sys_QCDScale2wDown
Merging MT_monoZ_cat3L_sys_QCDScale2wDown
Merging measMET_monoZ_cat4L_sys_QCDScale2wDown
Merging MT_monoZ_cat4L_sys_QCDScale2wDown
Merging measMET_monoZ_catNRB_sys_QCDScale2wDown
Merging MT_monoZ_catNRB_sys_QCDScale2wDown
Merging measMET_monoZ_catTOP_sys_QCDScale2wDown
Merging MT_monoZ_catTOP_sys_QCDScale2wDown
Merging measMET_monoZ_catDY_sys_QCDScale2wDown
Merging MT_monoZ_catDY_sys_QCDScale2wDown
Merging balance_monoZ_sys_QCDScale2wDown
Merging phizmet_monoZ_sys_QCDScale2wDown
Merging njet_monoZ_sys_QCDScale2wDown
Merging Events
Merging Runs
Merging ParameterSets
Merging LuminosityBlocks
Merging MetaData
Merging MT_ZZTo4L_13TeV_powheg_pythia8_cat4L_sys_MuonSFUp
Merging MT_ZZTo4L_13TeV_powheg_pythia8_catDY_sys_QCDScale2wUp
Merging MT_ZZTo4L_13TeV_powheg_pythia8_catNRB_sys_QCDScale0wDown
Merging measMET_ZZTo4L_13TeV_powheg_pythia8_catSignal-0jet_sys_TriggerSFWeightDown
Merging MT_ZZTo4L_13TeV_powheg_pythia8_cat3L_sys_EWKDown
Merging measMET_ZZTo4L_13TeV_powheg_pythia8_cat3L_sys_MuonSFUp
Merging MT_ZZTo4L_13TeV_powheg_pythia8_catSignal-0jet_sys_nvtxWeightUp
Merging MT_ZZTo4L_13TeV_powheg_pythia8_catSignal-0jet_sys_QCDScale2wUp
Merging measMET_ZZTo4L_13TeV_powheg_pythia8_cat4L_sys_QCDScale2wUp
Merging MT_ZZTo4L_13TeV_powheg_pythia8_catTOP_sys_nvtxWeightUp
Merging measMET_ZZTo4L_13TeV_powheg_pythia8_cat3L_sys_QCDScale1wDown
Merging measMET_ZZTo4L_13TeV_powheg_pythia8_catEM_sys_EWKDown
Merging MT_ZZTo4L_13TeV_powheg_pythia8_cat3L_sys_nvtxWeightDown
Merging measMET_ZZTo4L_13TeV_powheg_pythia8_cat3L_sys_ElecronSFDown
Merging MT_ZZTo4L_13TeV_powheg_pythia8_catSignal-1jet_sys_jerDown
Merging MT_ZZTo4L_13TeV_powheg_pythia8_catSignal-0jet_sys_TriggerSFWeightDown
Merging measMET_ZZTo4L_13TeV_powheg_pythia8_catEM_sys_MuonEnUp
Merging phizmet_ZZTo4L_13TeV_powheg_pythia8_sys_MuonEnUp
Merging MT_ZZTo4L_13TeV_powheg_pythia8_catNRB_sys_jesTotalUp
Merging MT_ZZTo4L_13TeV_powheg_pythia8_catSignal-0jet_sys_ElecronSFDown
Merging measMET_ZZTo4L_13TeV_powheg_pythia8_catTOP_sys_PDFDown
Merging measMET_ZZTo4L_13TeV_powheg_pythia8_catEM_sys_TriggerSFWeightDown
Merging measMET_ZZTo4L_13TeV_powheg_pythia8_catNRB_sys_puWeightUp
Merging MT_ZZTo4L_13TeV_powheg_pythia8_cat4L_sys_ElecronSFDown
Merging measMET_ZZTo4L_13TeV_powheg_pythia8_catDY_sys_nvtxWeightDown
Merging MT_ZZTo4L_13TeV_powheg_pythia8_catSignal-0jet_sys_MuonEnDown
Merging MT_ZZTo4L_13TeV_powheg_pythia8_catEM_sys_jesTotalDown
Merging njet_ZZTo4L_13TeV_powheg_pythia8_sys_QCDScale1wDown
Merging measMET_ZZTo4L_13TeV_powheg_pythia8_catTOP_sys_MuonEnUp
Merging balance_ZZTo4L_13TeV_powheg_pythia8_sys_PDFDown
Merging measMET_ZZTo4L_13TeV_powheg_pythia8_catEM_sys_nvtxWeightUp
Merging MT_ZZTo4L_13TeV_powheg_pythia8_catSignal-1jet_sys_ElecronSFDown
Merging MT_ZZTo4L_13TeV_powheg_pythia8_catSignal-1jet_sys_PDFDown
Merging MT_ZZTo4L_13TeV_powheg_pythia8_catSignal-0jet_sys_ElectronEnUp
Merging MT_ZZTo4L_13TeV_powheg_pythia8_catDY_sys_btagEventWeightUp
Merging MT_ZZTo4L_13TeV_powheg_pythia8_catNRB_sys_jerUp
Merging MT_ZZTo4L_13TeV_powheg_pythia8_catSignal-0jet_sys_MuonSFDown
Merging measMET_ZZTo4L_13TeV_powheg_pythia8_catTOP_sys_btagEventWeightUp
Merging MT_ZZTo4L_13TeV_powheg_pythia8_catDY_sys_EWKDown
Merging MT_ZZTo4L_13TeV_powheg_pythia8_cat4L_sys_nvtxWeightDown
Merging MT_ZZTo4L_13TeV_powheg_pythia8_cat4L_sys_QCDScale1wDown
Merging measMET_ZZTo4L_13TeV_powheg_pythia8_catSignal-0jet_sys_QCDScale1wDown
Merging measMET_ZZTo4L_13TeV_powheg_pythia8_catSignal-0jet_sys_ElectronEnDown
Merging MT_ZZTo4L_13TeV_powheg_pythia8_catDY_sys_QCDScale0wDown
Merging measMET_ZZTo4L_13TeV_powheg_pythia8_cat3L_sys_ElectronEnDown
Merging MT_ZZTo4L_13TeV_powheg_pythia8_catEM_sys_EWKUp
Merging MT_ZZTo4L_13TeV_powheg_pythia8_catNRB_sys_QCDScale1wDown
Merging measMET_ZZTo4L_13TeV_powheg_pythia8_catNRB_sys_EWKUp
Merging measMET_ZZTo4L_13TeV_powheg_pythia8_catEM_sys_QCDScale2wUp
Merging measMET_ZZTo4L_13TeV_powheg_pythia8_catDY_sys_TriggerSFWeightDown
Merging MT_ZZTo4L_13TeV_powheg_pythia8_catEM_sys_QCDScale2wDown
Merging MT_ZZTo4L_13TeV_powheg_pythia8_catDY_sys_ElectronEnDown
Merging MT_ZZTo4L_13TeV_powheg_pythia8_cat4L_sys_nvtxWeightUp
Merging MT_ZZTo4L_13TeV_powheg_pythia8_catTOP_sys_btagEventWeightUp
Merging njet_ZZTo4L_13TeV_powheg_pythia8_sys_EWKDown
Merging measMET_ZZTo4L_13TeV_powheg_pythia8_catSignal-1jet_sys_QCDScale0wDown
Merging MT_ZZTo4L_13TeV_powheg_pythia8_catSignal-0jet_sys_QCDScale1wDown
Merging measMET_ZZTo4L_13TeV_powheg_pythia8_catNRB_sys_jerUp
Merging measMET_ZZTo4L_13TeV_powheg_pythia8_catTOP_sys_ElecronSFDown
Merging MT_ZZTo4L_13TeV_powheg_pythia8_catSignal-1jet_sys_puWeightDown
Merging untagged
Merging measMET_ZZTo4L_13TeV_powheg_pythia8_catTOP_sys_PrefireWeightDown
Merging MT_ZZTo4L_13TeV_powheg_pythia8_catEM_sys_nvtxWeightUp
Merging MT_ZZTo4L_13TeV_powheg_pythia8_catEM_sys_PDFUp
Merging measMET_ZZTo4L_13TeV_powheg_pythia8_catNRB_sys_QCDScale2wUp
Merging MT_ZZTo4L_13TeV_powheg_pythia8_catSignal-1jet_sys_jerUp
Merging njet_ZZTo4L_13TeV_powheg_pythia8_sys_jesTotalDown
Merging measMET_ZZTo4L_13TeV_powheg_pythia8_catDY_sys_jesTotalDown
Merging measMET_ZZTo4L_13TeV_powheg_pythia8_catEM_sys_TriggerSFWeightUp
Merging phizmet_ZZTo4L_13TeV_powheg_pythia8_sys_QCDScale1wUp
Merging MT_ZZTo4L_13TeV_powheg_pythia8_catSignal-1jet_sys_jesTotalDown
Merging MT_ZZTo4L_13TeV_powheg_pythia8_cat4L_sys_TriggerSFWeightDown
Merging MT_ZZTo4L_13TeV_powheg_pythia8_catNRB_sys_btagEventWeightDown
Merging measMET_ZZTo4L_13TeV_powheg_pythia8_catSignal-1jet_sys_EWKUp
Merging measMET_ZZTo4L_13TeV_powheg_pythia8_cat3L_sys_QCDScale0wDown
Merging measMET_ZZTo4L_13TeV_powheg_pythia8_cat3L_sys_ElectronEnUp
Merging MT_ZZTo4L_13TeV_powheg_pythia8_cat4L_sys_MuonSFDown
Merging measMET_ZZTo4L_13TeV_powheg_pythia8_cat4L_sys_ElectronEnUp
Merging MT_ZZTo4L_13TeV_powheg_pythia8_cat3L_sys_QCDScale1wUp
Merging measMET_ZZTo4L_13TeV_powheg_pythia8_catNRB_sys_ElectronEnUp
Merging balance_ZZTo4L_13TeV_powheg_pythia8_sys_MuonSFUp
Merging measMET_ZZTo4L_13TeV_powheg_pythia8_cat3L_sys_jerUp
Merging MT_ZZTo4L_13TeV_powheg_pythia8_cat3L_sys_QCDScale1wDown
Merging measMET_ZZTo4L_13TeV_powheg_pythia8_cat3L_sys_EWKDown
Merging measMET_ZZTo4L_13TeV_powheg_pythia8_catEM_sys_puWeightDown
Merging measMET_ZZTo4L_13TeV_powheg_pythia8_catEM_sys_QCDScale2wDown
Merging balance_ZZTo4L_13TeV_powheg_pythia8_sys_QCDScale0wDown
Merging MT_ZZTo4L_13TeV_powheg_pythia8_catDY_sys_TriggerSFWeightUp
Merging njet_ZZTo4L_13TeV_powheg_pythia8_sys_jerUp
Merging balance_ZZTo4L_13TeV_powheg_pythia8_sys_QCDScale2wDown
Merging measMET_ZZTo4L_13TeV_powheg_pythia8_catSignal-0jet_sys_QCDScale2wUp
Merging MT_ZZTo4L_13TeV_powheg_pythia8_catSignal-0jet_sys_QCDScale0wDown
Merging MT_ZZTo4L_13TeV_powheg_pythia8_catNRB_sys_jesTotalDown
Merging measMET_ZZTo4L_13TeV_powheg_pythia8_catNRB_sys_MuonSFUp
Merging MT_ZZTo4L_13TeV_powheg_pythia8_catDY_sys_PDFUp
Merging MT_ZZTo4L_13TeV_powheg_pythia8_catEM_sys_puWeightDown
Merging MT_ZZTo4L_13TeV_powheg_pythia8_catSignal-1jet_sys_QCDScale1wDown
Merging measMET_ZZTo4L_13TeV_powheg_pythia8_catNRB_sys_btagEventWeightDown
Merging MT_ZZTo4L_13TeV_powheg_pythia8_catSignal-1jet_sys_TriggerSFWeightDown
Merging measMET_ZZTo4L_13TeV_powheg_pythia8_catSignal-1jet_sys_EWKDown
Merging njet_ZZTo4L_13TeV_powheg_pythia8_sys_puWeightDown
Merging measMET_ZZTo4L_13TeV_powheg_pythia8_cat4L_sys_EWKDown
Merging phizmet_ZZTo4L_13TeV_powheg_pythia8_sys_jerUp
Merging MT_ZZTo4L_13TeV_powheg_pythia8_catDY_sys_ElecronSFDown
Merging phizmet_ZZTo4L_13TeV_powheg_pythia8_sys_MuonSFDown
Merging MT_ZZTo4L_13TeV_powheg_pythia8_catEM_sys_MuonSFUp
Merging MT_ZZTo4L_13TeV_powheg_pythia8_catSignal-0jet_sys_PrefireWeightUp
Merging MT_ZZTo4L_13TeV_powheg_pythia8_catNRB_sys_QCDScale2wDown
Merging measMET_ZZTo4L_13TeV_powheg_pythia8_catNRB_sys_QCDScale0wUp
Merging measMET_ZZTo4L_13TeV_powheg_pythia8_catSignal-1jet_sys_PDFDown
Merging MT_ZZTo4L_13TeV_powheg_pythia8_cat4L_sys_jerDown
Merging MT_ZZTo4L_13TeV_powheg_pythia8_cat4L_sys_PrefireWeightUp
Merging MT_ZZTo4L_13TeV_powheg_pythia8_catEM_sys_ElectronEnUp
Merging measMET_ZZTo4L_13TeV_powheg_pythia8_cat4L_sys_ElectronEnDown
Merging measMET_ZZTo4L_13TeV_powheg_pythia8_cat4L_sys_puWeightDown
Merging measMET_ZZTo4L_13TeV_powheg_pythia8_cat4L_sys_MuonEnUp
Merging MT_ZZTo4L_13TeV_powheg_pythia8_catTOP_sys_PDFUp
Merging njet_ZZTo4L_13TeV_powheg_pythia8_sys_ElectronEnUp
Merging measMET_ZZTo4L_13TeV_powheg_pythia8_cat3L_sys_btagEventWeightUp
Merging measMET_ZZTo4L_13TeV_powheg_pythia8_catSignal-1jet_sys_puWeightDown
Merging autoPU
Merging njet_ZZTo4L_13TeV_powheg_pythia8_sys_QCDScale0wDown
Merging MT_ZZTo4L_13TeV_powheg_pythia8_cat3L_sys_puWeightUp
Merging measMET_ZZTo4L_13TeV_powheg_pythia8_catEM_sys_jerDown
Merging MT_ZZTo4L_13TeV_powheg_pythia8_cat3L_sys_ElectronEnDown
Merging measMET_ZZTo4L_13TeV_powheg_pythia8_catSignal-0jet_sys_nvtxWeightDown
Merging MT_ZZTo4L_13TeV_powheg_pythia8_cat4L_sys_PDFDown
Merging measMET_ZZTo4L_13TeV_powheg_pythia8_catDY_sys_PDFUp
Merging njet_ZZTo4L_13TeV_powheg_pythia8_sys_TriggerSFWeightUp
Merging MT_ZZTo4L_13TeV_powheg_pythia8_catDY_sys_QCDScale2wDown
Merging phizmet_ZZTo4L_13TeV_powheg_pythia8_sys_QCDScale0wDown
Merging measMET_ZZTo4L_13TeV_powheg_pythia8_catTOP_sys_MuonEnDown
Merging measMET_ZZTo4L_13TeV_powheg_pythia8_cat3L_sys_TriggerSFWeightUp
Merging measMET_ZZTo4L_13TeV_powheg_pythia8_catDY_sys_ElecronSFUp
Merging MT_ZZTo4L_13TeV_powheg_pythia8_cat4L_sys_QCDScale2wUp
Merging measMET_ZZTo4L_13TeV_powheg_pythia8_cat4L
Merging MT_ZZTo4L_13TeV_powheg_pythia8_catSignal-1jet_sys_MuonEnUp
Merging balance_ZZTo4L_13TeV_powheg_pythia8_sys_ElectronEnDown
Merging measMET_ZZTo4L_13TeV_powheg_pythia8_catTOP_sys_jerDown
Merging MT_ZZTo4L_13TeV_powheg_pythia8_cat4L
Merging balance_ZZTo4L_13TeV_powheg_pythia8_sys_PrefireWeightDown
Merging balance_ZZTo4L_13TeV_powheg_pythia8_sys_nvtxWeightDown
Merging measMET_ZZTo4L_13TeV_powheg_pythia8_catNRB_sys_QCDScale0wDown
Merging balance_ZZTo4L_13TeV_powheg_pythia8_sys_QCDScale0wUp
Merging MT_ZZTo4L_13TeV_powheg_pythia8_cat3L_sys_TriggerSFWeightUp
Merging phizmet_ZZTo4L_13TeV_powheg_pythia8_sys_jerDown
Merging MT_ZZTo4L_13TeV_powheg_pythia8_catEM_sys_MuonSFDown
Merging measMET_ZZTo4L_13TeV_powheg_pythia8_catSignal-1jet_sys_TriggerSFWeightUp
Merging MT_ZZTo4L_13TeV_powheg_pythia8_catSignal-0jet_sys_ElectronEnDown
Merging MT_ZZTo4L_13TeV_powheg_pythia8_catNRB_sys_TriggerSFWeightDown
Merging MT_ZZTo4L_13TeV_powheg_pythia8_catEM_sys_puWeightUp
Merging balance_ZZTo4L_13TeV_powheg_pythia8_sys_btagEventWeightUp
Merging MT_ZZTo4L_13TeV_powheg_pythia8_catSignal-0jet_sys_puWeightDown
Merging measMET_ZZTo4L_13TeV_powheg_pythia8_catSignal-1jet_sys_jesTotalUp
Merging measMET_ZZTo4L_13TeV_powheg_pythia8_catTOP_sys_ElectronEnDown
Merging measMET_ZZTo4L_13TeV_powheg_pythia8_catDY_sys_EWKUp
Merging measMET_ZZTo4L_13TeV_powheg_pythia8_catEM_sys_MuonSFDown
Merging measMET_ZZTo4L_13TeV_powheg_pythia8_cat4L_sys_QCDScale0wUp
Merging phizmet_ZZTo4L_13TeV_powheg_pythia8_sys_PDFDown
Merging measMET_ZZTo4L_13TeV_powheg_pythia8_cat3L_sys_puWeightUp
Merging MT_ZZTo4L_13TeV_powheg_pythia8_cat3L_sys_QCDScale0wDown
Merging phizmet_ZZTo4L_13TeV_powheg_pythia8_sys_MuonSFUp
Merging measMET_ZZTo4L_13TeV_powheg_pythia8_cat4L_sys_QCDScale1wDown
Merging measMET_ZZTo4L_13TeV_powheg_pythia8_catDY_sys_MuonSFUp
Merging measMET_ZZTo4L_13TeV_powheg_pythia8_catTOP_sys_btagEventWeightDown
Merging phizmet_ZZTo4L_13TeV_powheg_pythia8
Merging measMET_ZZTo4L_13TeV_powheg_pythia8_cat4L_sys_QCDScale0wDown
Merging MT_ZZTo4L_13TeV_powheg_pythia8_cat4L_sys_TriggerSFWeightUp
Merging measMET_ZZTo4L_13TeV_powheg_pythia8_catSignal-0jet_sys_btagEventWeightDown
Merging MT_ZZTo4L_13TeV_powheg_pythia8_catSignal-1jet_sys_jesTotalUp
Merging MT_ZZTo4L_13TeV_powheg_pythia8_catEM_sys_ElectronEnDown
Merging measMET_ZZTo4L_13TeV_powheg_pythia8_catDY_sys_QCDScale1wDown
Merging measMET_ZZTo4L_13TeV_powheg_pythia8_catDY_sys_PDFDown
Merging MT_ZZTo4L_13TeV_powheg_pythia8_cat4L_sys_QCDScale0wUp
Merging MT_ZZTo4L_13TeV_powheg_pythia8_cat4L_sys_MuonEnUp
Merging measMET_ZZTo4L_13TeV_powheg_pythia8_catSignal-0jet_sys_QCDScale2wDown
Merging MT_ZZTo4L_13TeV_powheg_pythia8_catTOP_sys_jesTotalDown
Merging MT_ZZTo4L_13TeV_powheg_pythia8_cat3L_sys_ElecronSFDown
Merging MT_ZZTo4L_13TeV_powheg_pythia8_cat3L_sys_TriggerSFWeightDown
Merging measMET_ZZTo4L_13TeV_powheg_pythia8_cat4L_sys_puWeightUp
Merging measMET_ZZTo4L_13TeV_powheg_pythia8_catTOP_sys_TriggerSFWeightUp
Merging measMET_ZZTo4L_13TeV_powheg_pythia8_catTOP
Merging MT_ZZTo4L_13TeV_powheg_pythia8_catDY_sys_btagEventWeightDown
Merging measMET_ZZTo4L_13TeV_powheg_pythia8_catTOP_sys_QCDScale1wUp
Merging njet_ZZTo4L_13TeV_powheg_pythia8_sys_TriggerSFWeightDown
Merging njet_ZZTo4L_13TeV_powheg_pythia8_sys_QCDScale2wUp
Merging measMET_ZZTo4L_13TeV_powheg_pythia8_catSignal-0jet_sys_ElecronSFDown
Merging measMET_ZZTo4L_13TeV_powheg_pythia8_catEM_sys_PDFDown
Merging MT_ZZTo4L_13TeV_powheg_pythia8_catEM_sys_QCDScale1wUp
Merging measMET_ZZTo4L_13TeV_powheg_pythia8_catSignal-1jet_sys_PDFUp
Merging MT_ZZTo4L_13TeV_powheg_pythia8_catDY_sys_ElecronSFUp
Merging measMET_ZZTo4L_13TeV_powheg_pythia8_catDY_sys_PrefireWeightUp
Merging measMET_ZZTo4L_13TeV_powheg_pythia8_cat4L_sys_QCDScale2wDown
Merging MT_ZZTo4L_13TeV_powheg_pythia8_catSignal-1jet_sys_puWeightUp
Merging measMET_ZZTo4L_13TeV_powheg_pythia8_cat4L_sys_PrefireWeightDown
Merging measMET_ZZTo4L_13TeV_powheg_pythia8_catSignal-1jet_sys_MuonEnUp
Merging phizmet_ZZTo4L_13TeV_powheg_pythia8_sys_jesTotalDown
Merging measMET_ZZTo4L_13TeV_powheg_pythia8_catDY_sys_ElectronEnDown
Merging MT_ZZTo4L_13TeV_powheg_pythia8_catTOP_sys_QCDScale1wDown
Merging MT_ZZTo4L_13TeV_powheg_pythia8_catSignal-1jet_sys_QCDScale1wUp
Merging MT_ZZTo4L_13TeV_powheg_pythia8_catTOP_sys_QCDScale0wDown
Merging njet_ZZTo4L_13TeV_powheg_pythia8_sys_QCDScale2wDown
Merging measMET_ZZTo4L_13TeV_powheg_pythia8_cat3L_sys_TriggerSFWeightDown
Merging measMET_ZZTo4L_13TeV_powheg_pythia8_catSignal-1jet_sys_QCDScale1wUp
Merging measMET_ZZTo4L_13TeV_powheg_pythia8_catTOP_sys_nvtxWeightDown
Merging measMET_ZZTo4L_13TeV_powheg_pythia8_cat4L_sys_PrefireWeightUp
Merging measMET_ZZTo4L_13TeV_powheg_pythia8_catSignal-0jet_sys_jesTotalUp
Merging balance_ZZTo4L_13TeV_powheg_pythia8_sys_EWKDown
Merging measMET_ZZTo4L_13TeV_powheg_pythia8_catEM_sys_PDFUp
Merging measMET_ZZTo4L_13TeV_powheg_pythia8_catSignal-1jet_sys_QCDScale2wDown
Merging measMET_ZZTo4L_13TeV_powheg_pythia8_catSignal-1jet_sys_nvtxWeightUp
Merging MT_ZZTo4L_13TeV_powheg_pythia8_catTOP_sys_puWeightUp
Merging MT_ZZTo4L_13TeV_powheg_pythia8_catTOP_sys_EWKDown
Merging measMET_ZZTo4L_13TeV_powheg_pythia8_catSignal-1jet_sys_PrefireWeightUp
Merging measMET_ZZTo4L_13TeV_powheg_pythia8_catSignal-1jet_sys_MuonEnDown
Merging measMET_ZZTo4L_13TeV_powheg_pythia8_catTOP_sys_QCDScale1wDown
Merging MT_ZZTo4L_13TeV_powheg_pythia8_catSignal-0jet_sys_EWKUp
Merging measMET_ZZTo4L_13TeV_powheg_pythia8_catSignal-0jet_sys_jerUp
Merging measMET_ZZTo4L_13TeV_powheg_pythia8_catEM_sys_ElecronSFUp
Merging measMET_ZZTo4L_13TeV_powheg_pythia8_cat3L_sys_jesTotalUp
Merging MT_ZZTo4L_13TeV_powheg_pythia8_catNRB_sys_MuonEnUp
Merging measMET_ZZTo4L_13TeV_powheg_pythia8_catSignal-1jet_sys_jesTotalDown
Merging MT_ZZTo4L_13TeV_powheg_pythia8_catTOP_sys_EWKUp
Merging measMET_ZZTo4L_13TeV_powheg_pythia8_cat4L_sys_MuonEnDown
Merging MT_ZZTo4L_13TeV_powheg_pythia8_catDY_sys_PrefireWeightUp
Merging measMET_ZZTo4L_13TeV_powheg_pythia8_catSignal-1jet_sys_btagEventWeightUp
Merging MT_ZZTo4L_13TeV_powheg_pythia8_catDY_sys_QCDScale1wUp
Merging measMET_ZZTo4L_13TeV_powheg_pythia8_catTOP_sys_MuonSFUp
Merging measMET_ZZTo4L_13TeV_powheg_pythia8_catDY_sys_btagEventWeightDown
Merging measMET_ZZTo4L_13TeV_powheg_pythia8_catDY_sys_QCDScale0wDown
Merging measMET_ZZTo4L_13TeV_powheg_pythia8_catDY_sys_ElectronEnUp
Merging MT_ZZTo4L_13TeV_powheg_pythia8_catTOP_sys_QCDScale2wDown
Merging MT_ZZTo4L_13TeV_powheg_pythia8_catDY_sys_MuonEnDown
Merging MT_ZZTo4L_13TeV_powheg_pythia8_catSignal-0jet_sys_MuonEnUp
Merging MT_ZZTo4L_13TeV_powheg_pythia8_catNRB_sys_EWKUp
Merging MT_ZZTo4L_13TeV_powheg_pythia8_catSignal-1jet_sys_EWKDown
Merging MT_ZZTo4L_13TeV_powheg_pythia8_catTOP
Merging MT_ZZTo4L_13TeV_powheg_pythia8_cat3L_sys_MuonEnDown
Merging MT_ZZTo4L_13TeV_powheg_pythia8_catNRB_sys_PrefireWeightUp
Merging balance_ZZTo4L_13TeV_powheg_pythia8_sys_puWeightDown
Merging measMET_ZZTo4L_13TeV_powheg_pythia8_catSignal-0jet_sys_PrefireWeightUp
Merging balance_ZZTo4L_13TeV_powheg_pythia8_sys_jesTotalDown
Merging MT_ZZTo4L_13TeV_powheg_pythia8_catSignal-0jet_sys_ElecronSFUp
Merging measMET_ZZTo4L_13TeV_powheg_pythia8_catNRB_sys_QCDScale1wDown
Merging measMET_ZZTo4L_13TeV_powheg_pythia8_catEM_sys_btagEventWeightUp
Merging MT_ZZTo4L_13TeV_powheg_pythia8_cat3L_sys_MuonSFDown
Merging njet_ZZTo4L_13TeV_powheg_pythia8_sys_QCDScale1wUp
Merging measMET_ZZTo4L_13TeV_powheg_pythia8_catNRB_sys_MuonEnDown
Merging MT_ZZTo4L_13TeV_powheg_pythia8_cat4L_sys_PDFUp
Merging MT_ZZTo4L_13TeV_powheg_pythia8_catEM_sys_TriggerSFWeightUp
Merging measMET_ZZTo4L_13TeV_powheg_pythia8_cat4L_sys_btagEventWeightUp
Merging MT_ZZTo4L_13TeV_powheg_pythia8_catNRB_sys_btagEventWeightUp
Merging MT_ZZTo4L_13TeV_powheg_pythia8_catEM_sys_btagEventWeightDown
Merging measMET_ZZTo4L_13TeV_powheg_pythia8_catTOP_sys_EWKUp
Merging measMET_ZZTo4L_13TeV_powheg_pythia8_catNRB_sys_puWeightDown
Merging balance_ZZTo4L_13TeV_powheg_pythia8_sys_MuonSFDown
Merging MT_ZZTo4L_13TeV_powheg_pythia8_catSignal-0jet_sys_jesTotalUp
Merging measMET_ZZTo4L_13TeV_powheg_pythia8_cat3L_sys_QCDScale2wDown
Merging MT_ZZTo4L_13TeV_powheg_pythia8_catSignal-0jet_sys_nvtxWeightDown
Merging MT_ZZTo4L_13TeV_powheg_pythia8_catTOP_sys_MuonEnDown
Merging measMET_ZZTo4L_13TeV_powheg_pythia8_cat3L_sys_QCDScale2wUp
Merging MT_ZZTo4L_13TeV_powheg_pythia8_cat3L
Merging MT_ZZTo4L_13TeV_powheg_pythia8_catSignal-0jet_sys_puWeightUp
Merging MT_ZZTo4L_13TeV_powheg_pythia8_catDY_sys_TriggerSFWeightDown
Merging measMET_ZZTo4L_13TeV_powheg_pythia8_cat3L_sys_PDFUp
Merging measMET_ZZTo4L_13TeV_powheg_pythia8_catNRB_sys_MuonSFDown
Merging MT_ZZTo4L_13TeV_powheg_pythia8_cat4L_sys_PrefireWeightDown
Merging balance_ZZTo4L_13TeV_powheg_pythia8_sys_jerDown
Merging measMET_ZZTo4L_13TeV_powheg_pythia8_catTOP_sys_puWeightUp
Merging measMET_ZZTo4L_13TeV_powheg_pythia8_catEM_sys_btagEventWeightDown
Merging MT_ZZTo4L_13TeV_powheg_pythia8_catDY_sys_EWKUp
Merging measMET_ZZTo4L_13TeV_powheg_pythia8_cat3L_sys_ElecronSFUp
Merging MT_ZZTo4L_13TeV_powheg_pythia8_cat4L_sys_ElecronSFUp
Merging MT_ZZTo4L_13TeV_powheg_pythia8_catEM
Merging measMET_ZZTo4L_13TeV_powheg_pythia8_cat4L_sys_nvtxWeightUp
Merging phizmet_ZZTo4L_13TeV_powheg_pythia8_sys_EWKDown
Merging measMET_ZZTo4L_13TeV_powheg_pythia8_catSignal-0jet_sys_QCDScale0wUp
Merging balance_ZZTo4L_13TeV_powheg_pythia8_sys_EWKUp
Merging njet_ZZTo4L_13TeV_powheg_pythia8_sys_nvtxWeightDown
Merging MT_ZZTo4L_13TeV_powheg_pythia8_cat4L_sys_jesTotalDown
Merging MT_ZZTo4L_13TeV_powheg_pythia8_catSignal-1jet_sys_QCDScale2wDown
Merging MT_ZZTo4L_13TeV_powheg_pythia8_catTOP_sys_jerUp
Merging phizmet_ZZTo4L_13TeV_powheg_pythia8_sys_QCDScale1wDown
Merging measMET_ZZTo4L_13TeV_powheg_pythia8_catSignal-1jet_sys_PrefireWeightDown
Merging njet_ZZTo4L_13TeV_powheg_pythia8_sys_puWeightUp
Merging measMET_ZZTo4L_13TeV_powheg_pythia8_cat4L_sys_MuonSFDown
Merging measMET_ZZTo4L_13TeV_powheg_pythia8_cat3L_sys_QCDScale1wUp
Merging measMET_ZZTo4L_13TeV_powheg_pythia8_catSignal-0jet
Merging MT_ZZTo4L_13TeV_powheg_pythia8_catNRB_sys_PrefireWeightDown
Merging njet_ZZTo4L_13TeV_powheg_pythia8_sys_PDFUp
Merging measMET_ZZTo4L_13TeV_powheg_pythia8_cat4L_sys_PDFDown
Merging MT_ZZTo4L_13TeV_powheg_pythia8_catSignal-1jet_sys_MuonSFDown
Merging MT_ZZTo4L_13TeV_powheg_pythia8_catTOP_sys_QCDScale2wUp
Merging phizmet_ZZTo4L_13TeV_powheg_pythia8_sys_btagEventWeightDown
Merging measMET_ZZTo4L_13TeV_powheg_pythia8_cat4L_sys_PDFUp
Merging MT_ZZTo4L_13TeV_powheg_pythia8_catTOP_sys_MuonSFUp
Merging MT_ZZTo4L_13TeV_powheg_pythia8_catTOP_sys_ElecronSFDown
Merging measMET_ZZTo4L_13TeV_powheg_pythia8_cat3L_sys_EWKUp
Merging measMET_ZZTo4L_13TeV_powheg_pythia8_catEM_sys_EWKUp
Merging phizmet_ZZTo4L_13TeV_powheg_pythia8_sys_btagEventWeightUp
Merging measMET_ZZTo4L_13TeV_powheg_pythia8_catSignal-0jet_sys_EWKDown
Merging MT_ZZTo4L_13TeV_powheg_pythia8_catSignal-0jet_sys_QCDScale1wUp
Merging MT_ZZTo4L_13TeV_powheg_pythia8_cat4L_sys_EWKUp
Merging njet_ZZTo4L_13TeV_powheg_pythia8_sys_PrefireWeightUp
Merging MT_ZZTo4L_13TeV_powheg_pythia8_catNRB_sys_nvtxWeightDown
Merging MT_ZZTo4L_13TeV_powheg_pythia8_catDY_sys_ElectronEnUp
Merging phizmet_ZZTo4L_13TeV_powheg_pythia8_sys_jesTotalUp
Merging measMET_ZZTo4L_13TeV_powheg_pythia8_cat3L_sys_nvtxWeightUp
Merging measMET_ZZTo4L_13TeV_powheg_pythia8_catDY_sys_puWeightUp
Merging MT_ZZTo4L_13TeV_powheg_pythia8_catNRB_sys_puWeightUp
Merging MT_ZZTo4L_13TeV_powheg_pythia8_cat3L_sys_btagEventWeightDown
Merging MT_ZZTo4L_13TeV_powheg_pythia8_catEM_sys_EWKDown
Merging MT_ZZTo4L_13TeV_powheg_pythia8_cat3L_sys_EWKUp
Merging njet_ZZTo4L_13TeV_powheg_pythia8_sys_MuonEnUp
Merging balance_ZZTo4L_13TeV_powheg_pythia8_sys_puWeightUp
Merging balance_ZZTo4L_13TeV_powheg_pythia8_sys_ElectronEnUp
Merging measMET_ZZTo4L_13TeV_powheg_pythia8_cat3L_sys_PDFDown
Merging MT_ZZTo4L_13TeV_powheg_pythia8_cat4L_sys_QCDScale2wDown
Merging balance_ZZTo4L_13TeV_powheg_pythia8_sys_ElecronSFUp
Merging MT_ZZTo4L_13TeV_powheg_pythia8_catTOP_sys_PrefireWeightUp
Merging measMET_ZZTo4L_13TeV_powheg_pythia8_catTOP_sys_jerUp
Merging MT_ZZTo4L_13TeV_powheg_pythia8_cat3L_sys_jesTotalDown
Merging MT_ZZTo4L_13TeV_powheg_pythia8_catTOP_sys_MuonSFDown
Merging measMET_ZZTo4L_13TeV_powheg_pythia8_catSignal-0jet_sys_PDFUp
Merging MT_ZZTo4L_13TeV_powheg_pythia8_catNRB_sys_MuonSFDown
Merging MT_ZZTo4L_13TeV_powheg_pythia8_cat4L_sys_jerUp
Merging MT_ZZTo4L_13TeV_powheg_pythia8_catSignal-1jet_sys_EWKUp
Merging MT_ZZTo4L_13TeV_powheg_pythia8_catEM_sys_MuonEnUp
Merging njet_ZZTo4L_13TeV_powheg_pythia8_sys_btagEventWeightUp
Merging measMET_ZZTo4L_13TeV_powheg_pythia8_catDY_sys_nvtxWeightUp
Merging MT_ZZTo4L_13TeV_powheg_pythia8_catEM_sys_jerDown
Merging balance_ZZTo4L_13TeV_powheg_pythia8_sys_PDFUp
Merging MT_ZZTo4L_13TeV_powheg_pythia8_catSignal-1jet_sys_btagEventWeightUp
Merging measMET_ZZTo4L_13TeV_powheg_pythia8_catTOP_sys_PDFUp
Merging measMET_ZZTo4L_13TeV_powheg_pythia8_catDY_sys_QCDScale0wUp
Merging MT_ZZTo4L_13TeV_powheg_pythia8_cat3L_sys_btagEventWeightUp
Merging measMET_ZZTo4L_13TeV_powheg_pythia8_catNRB_sys_ElecronSFUp
Merging MT_ZZTo4L_13TeV_powheg_pythia8_catEM_sys_ElecronSFUp
Merging measMET_ZZTo4L_13TeV_powheg_pythia8_cat3L_sys_MuonEnUp
Merging measMET_ZZTo4L_13TeV_powheg_pythia8_catEM_sys_QCDScale0wUp
Merging measMET_ZZTo4L_13TeV_powheg_pythia8_catNRB_sys_TriggerSFWeightUp
Merging measMET_ZZTo4L_13TeV_powheg_pythia8_catNRB_sys_QCDScale2wDown
Merging measMET_ZZTo4L_13TeV_powheg_pythia8_catDY_sys_PrefireWeightDown
Merging MT_ZZTo4L_13TeV_powheg_pythia8_cat3L_sys_ElecronSFUp
Merging measMET_ZZTo4L_13TeV_powheg_pythia8_catNRB_sys_PrefireWeightDown
Merging measMET_ZZTo4L_13TeV_powheg_pythia8_catSignal-1jet_sys_MuonSFDown
Merging measMET_ZZTo4L_13TeV_powheg_pythia8_catSignal-0jet_sys_nvtxWeightUp
Merging MT_ZZTo4L_13TeV_powheg_pythia8_catTOP_sys_QCDScale1wUp
Merging MT_ZZTo4L_13TeV_powheg_pythia8_cat4L_sys_MuonEnDown
Merging balance_ZZTo4L_13TeV_powheg_pythia8_sys_TriggerSFWeightUp
Merging measMET_ZZTo4L_13TeV_powheg_pythia8_cat3L_sys_puWeightDown
Merging measMET_ZZTo4L_13TeV_powheg_pythia8_cat4L_sys_jerDown
Merging measMET_ZZTo4L_13TeV_powheg_pythia8_catNRB_sys_MuonEnUp
Merging MT_ZZTo4L_13TeV_powheg_pythia8_cat3L_sys_QCDScale2wUp
Merging MT_ZZTo4L_13TeV_powheg_pythia8_catNRB_sys_PDFUp
Merging phizmet_ZZTo4L_13TeV_powheg_pythia8_sys_MuonEnDown
Merging measMET_ZZTo4L_13TeV_powheg_pythia8_catSignal-0jet_sys_MuonEnDown
Merging measMET_ZZTo4L_13TeV_powheg_pythia8_catSignal-1jet_sys_ElecronSFUp
Merging MT_ZZTo4L_13TeV_powheg_pythia8_catDY_sys_MuonSFDown
Merging MT_ZZTo4L_13TeV_powheg_pythia8_catNRB
Merging MT_ZZTo4L_13TeV_powheg_pythia8_cat3L_sys_jesTotalUp
Merging measMET_ZZTo4L_13TeV_powheg_pythia8_catEM_sys_MuonSFUp
Merging phizmet_ZZTo4L_13TeV_powheg_pythia8_sys_TriggerSFWeightUp
Merging measMET_ZZTo4L_13TeV_powheg_pythia8_catSignal-0jet_sys_MuonSFUp
Merging phizmet_ZZTo4L_13TeV_powheg_pythia8_sys_ElectronEnDown
Merging measMET_ZZTo4L_13TeV_powheg_pythia8_catDY_sys_jesTotalUp
Merging phizmet_ZZTo4L_13TeV_powheg_pythia8_sys_PDFUp
Merging MT_ZZTo4L_13TeV_powheg_pythia8_catDY_sys_PrefireWeightDown
Merging measMET_ZZTo4L_13TeV_powheg_pythia8_catTOP_sys_QCDScale0wDown
Merging measMET_ZZTo4L_13TeV_powheg_pythia8_cat3L_sys_btagEventWeightDown
Merging balance_ZZTo4L_13TeV_powheg_pythia8_sys_nvtxWeightUp
Merging MT_ZZTo4L_13TeV_powheg_pythia8_cat4L_sys_puWeightUp
Merging njet_ZZTo4L_13TeV_powheg_pythia8_sys_PrefireWeightDown
Merging njet_ZZTo4L_13TeV_powheg_pythia8_sys_jerDown
Merging MT_ZZTo4L_13TeV_powheg_pythia8_catSignal-1jet_sys_ElectronEnDown
Merging MT_ZZTo4L_13TeV_powheg_pythia8_catEM_sys_TriggerSFWeightDown
Merging MT_ZZTo4L_13TeV_powheg_pythia8_cat4L_sys_puWeightDown
Merging measMET_ZZTo4L_13TeV_powheg_pythia8_catSignal-1jet_sys_QCDScale2wUp
Merging measMET_ZZTo4L_13TeV_powheg_pythia8_catTOP_sys_ElectronEnUp
Merging MT_ZZTo4L_13TeV_powheg_pythia8_catNRB_sys_MuonSFUp
Merging MT_ZZTo4L_13TeV_powheg_pythia8_cat4L_sys_QCDScale1wUp
Merging measMET_ZZTo4L_13TeV_powheg_pythia8_catSignal-0jet_sys_jerDown
Merging MT_ZZTo4L_13TeV_powheg_pythia8_catSignal-1jet_sys_PDFUp
Merging measMET_ZZTo4L_13TeV_powheg_pythia8_cat4L_sys_btagEventWeightDown
Merging MT_ZZTo4L_13TeV_powheg_pythia8_cat3L_sys_jerDown
Merging MT_ZZTo4L_13TeV_powheg_pythia8_catSignal-1jet_sys_ElecronSFUp
Merging measMET_ZZTo4L_13TeV_powheg_pythia8_catNRB_sys_QCDScale1wUp
Merging MT_ZZTo4L_13TeV_powheg_pythia8_catNRB_sys_ElectronEnUp
Merging measMET_ZZTo4L_13TeV_powheg_pythia8_catNRB_sys_ElectronEnDown
Merging MT_ZZTo4L_13TeV_powheg_pythia8_catNRB_sys_EWKDown
Merging measMET_ZZTo4L_13TeV_powheg_pythia8_catTOP_sys_TriggerSFWeightDown
Merging MT_ZZTo4L_13TeV_powheg_pythia8_catSignal-0jet_sys_jerUp
Merging measMET_ZZTo4L_13TeV_powheg_pythia8_catEM_sys_jerUp
Merging measMET_ZZTo4L_13TeV_powheg_pythia8_catSignal-1jet_sys_jerDown
Merging measMET_ZZTo4L_13TeV_powheg_pythia8_catSignal-1jet_sys_nvtxWeightDown
Merging MT_ZZTo4L_13TeV_powheg_pythia8_catNRB_sys_PDFDown
Merging MT_ZZTo4L_13TeV_powheg_pythia8_cat3L_sys_QCDScale2wDown
Merging MT_ZZTo4L_13TeV_powheg_pythia8_cat4L_sys_btagEventWeightDown
Merging MT_ZZTo4L_13TeV_powheg_pythia8_catDY_sys_MuonEnUp
Merging MT_ZZTo4L_13TeV_powheg_pythia8_catDY_sys_QCDScale1wDown
Merging phizmet_ZZTo4L_13TeV_powheg_pythia8_sys_TriggerSFWeightDown
Merging measMET_ZZTo4L_13TeV_powheg_pythia8_catEM_sys_QCDScale1wUp
Merging measMET_ZZTo4L_13TeV_powheg_pythia8_cat3L_sys_MuonEnDown
Merging MT_ZZTo4L_13TeV_powheg_pythia8_catTOP_sys_PDFDown
Merging MT_ZZTo4L_13TeV_powheg_pythia8_catEM_sys_QCDScale0wUp
Merging measMET_ZZTo4L_13TeV_powheg_pythia8_catNRB_sys_ElecronSFDown
Merging MT_ZZTo4L_13TeV_powheg_pythia8_cat3L_sys_PDFDown
Merging measMET_ZZTo4L_13TeV_powheg_pythia8_cat4L_sys_EWKUp
Merging MT_ZZTo4L_13TeV_powheg_pythia8_catSignal-0jet_sys_TriggerSFWeightUp
Merging measMET_ZZTo4L_13TeV_powheg_pythia8_cat3L_sys_MuonSFDown
Merging measMET_ZZTo4L_13TeV_powheg_pythia8_catNRB_sys_EWKDown
Merging measMET_ZZTo4L_13TeV_powheg_pythia8_catDY_sys_btagEventWeightUp
Merging MT_ZZTo4L_13TeV_powheg_pythia8_catNRB_sys_MuonEnDown
Merging MT_ZZTo4L_13TeV_powheg_pythia8_catSignal-0jet
Merging measMET_ZZTo4L_13TeV_powheg_pythia8_catEM_sys_puWeightUp
Merging measMET_ZZTo4L_13TeV_powheg_pythia8_cat4L_sys_TriggerSFWeightDown
Merging measMET_ZZTo4L_13TeV_powheg_pythia8_catDY_sys_QCDScale2wUp
Merging measMET_ZZTo4L_13TeV_powheg_pythia8_catSignal-0jet_sys_EWKUp
Merging MT_ZZTo4L_13TeV_powheg_pythia8_catDY_sys_PDFDown
Merging measMET_ZZTo4L_13TeV_powheg_pythia8_catSignal-0jet_sys_QCDScale0wDown
Merging measMET_ZZTo4L_13TeV_powheg_pythia8_catDY_sys_jerDown
Merging measMET_ZZTo4L_13TeV_powheg_pythia8_catSignal-1jet_sys_ElectronEnDown
Merging MT_ZZTo4L_13TeV_powheg_pythia8_catTOP_sys_ElectronEnUp
Merging measMET_ZZTo4L_13TeV_powheg_pythia8_catNRB_sys_jesTotalDown
Merging MT_ZZTo4L_13TeV_powheg_pythia8_catSignal-0jet_sys_QCDScale2wDown
Merging MT_ZZTo4L_13TeV_powheg_pythia8_catDY_sys_nvtxWeightDown
Merging measMET_ZZTo4L_13TeV_powheg_pythia8_catSignal-1jet_sys_ElecronSFDown
Merging MT_ZZTo4L_13TeV_powheg_pythia8_catNRB_sys_ElectronEnDown
Merging MT_ZZTo4L_13TeV_powheg_pythia8_catSignal-0jet_sys_btagEventWeightUp
Merging MT_ZZTo4L_13TeV_powheg_pythia8_catSignal-1jet_sys_QCDScale2wUp
Merging measMET_ZZTo4L_13TeV_powheg_pythia8_cat4L_sys_TriggerSFWeightUp
Merging MT_ZZTo4L_13TeV_powheg_pythia8_catTOP_sys_jesTotalUp
Merging measMET_ZZTo4L_13TeV_powheg_pythia8_cat3L_sys_PrefireWeightUp
Merging MT_ZZTo4L_13TeV_powheg_pythia8_catSignal-1jet_sys_MuonSFUp
Merging MT_ZZTo4L_13TeV_powheg_pythia8_catSignal-1jet
Merging measMET_ZZTo4L_13TeV_powheg_pythia8_cat4L_sys_jesTotalDown
Merging measMET_ZZTo4L_13TeV_powheg_pythia8_cat4L_sys_nvtxWeightDown
Merging njet_ZZTo4L_13TeV_powheg_pythia8_sys_EWKUp
Merging measMET_ZZTo4L_13TeV_powheg_pythia8_catSignal-0jet_sys_MuonEnUp
Merging njet_ZZTo4L_13TeV_powheg_pythia8_sys_PDFDown
Merging measMET_ZZTo4L_13TeV_powheg_pythia8_catNRB_sys_jerDown
Merging measMET_ZZTo4L_13TeV_powheg_pythia8_cat4L_sys_ElecronSFUp
Merging phizmet_ZZTo4L_13TeV_powheg_pythia8_sys_puWeightDown
Merging MT_ZZTo4L_13TeV_powheg_pythia8_catTOP_sys_TriggerSFWeightDown
Merging MT_ZZTo4L_13TeV_powheg_pythia8_catEM_sys_jerUp
Merging measMET_ZZTo4L_13TeV_powheg_pythia8_catDY_sys_QCDScale1wUp
Merging MT_ZZTo4L_13TeV_powheg_pythia8_catNRB_sys_QCDScale2wUp
Merging balance_ZZTo4L_13TeV_powheg_pythia8_sys_TriggerSFWeightDown
Merging measMET_ZZTo4L_13TeV_powheg_pythia8_catSignal-0jet_sys_ElecronSFUp
Merging MT_ZZTo4L_13TeV_powheg_pythia8_catTOP_sys_puWeightDown
Merging MT_ZZTo4L_13TeV_powheg_pythia8_catTOP_sys_MuonEnUp
Merging njet_ZZTo4L_13TeV_powheg_pythia8_sys_MuonSFDown
Merging measMET_ZZTo4L_13TeV_powheg_pythia8_catDY
Merging measMET_ZZTo4L_13TeV_powheg_pythia8_catTOP_sys_jesTotalDown
Merging MT_ZZTo4L_13TeV_powheg_pythia8_catNRB_sys_ElecronSFDown
Merging MT_ZZTo4L_13TeV_powheg_pythia8_cat4L_sys_ElectronEnUp
Merging MT_ZZTo4L_13TeV_powheg_pythia8_cat3L_sys_nvtxWeightUp
Merging MT_ZZTo4L_13TeV_powheg_pythia8_catEM_sys_jesTotalUp
Merging njet_ZZTo4L_13TeV_powheg_pythia8_sys_QCDScale0wUp
Merging balance_ZZTo4L_13TeV_powheg_pythia8
Merging measMET_ZZTo4L_13TeV_powheg_pythia8_catTOP_sys_ElecronSFUp
Merging njet_ZZTo4L_13TeV_powheg_pythia8_sys_jesTotalUp
Merging MT_ZZTo4L_13TeV_powheg_pythia8_catEM_sys_QCDScale0wDown
Merging MT_ZZTo4L_13TeV_powheg_pythia8_catSignal-1jet_sys_nvtxWeightDown
Merging MT_ZZTo4L_13TeV_powheg_pythia8_catSignal-1jet_sys_QCDScale0wDown
Merging measMET_ZZTo4L_13TeV_powheg_pythia8_catSignal-0jet_sys_PrefireWeightDown
Merging MT_ZZTo4L_13TeV_powheg_pythia8_catSignal-1jet_sys_nvtxWeightUp
Merging measMET_ZZTo4L_13TeV_powheg_pythia8_catTOP_sys_QCDScale0wUp
Merging measMET_ZZTo4L_13TeV_powheg_pythia8_cat4L_sys_jerUp
Merging MT_ZZTo4L_13TeV_powheg_pythia8_catNRB_sys_ElecronSFUp
Merging MT_ZZTo4L_13TeV_powheg_pythia8_catSignal-0jet_sys_btagEventWeightDown
Merging measMET_ZZTo4L_13TeV_powheg_pythia8_catEM_sys_MuonEnDown
Merging MT_ZZTo4L_13TeV_powheg_pythia8_catDY_sys_QCDScale0wUp
Merging balance_ZZTo4L_13TeV_powheg_pythia8_sys_jerUp
Merging measMET_ZZTo4L_13TeV_powheg_pythia8_catTOP_sys_PrefireWeightUp
Merging njet_ZZTo4L_13TeV_powheg_pythia8_sys_btagEventWeightDown
Merging MT_ZZTo4L_13TeV_powheg_pythia8_cat3L_sys_PrefireWeightDown
Merging measMET_ZZTo4L_13TeV_powheg_pythia8_catDY_sys_ElecronSFDown
Merging MT_ZZTo4L_13TeV_powheg_pythia8_cat3L_sys_QCDScale0wUp
Merging MT_ZZTo4L_13TeV_powheg_pythia8_catNRB_sys_QCDScale0wUp
Merging MT_ZZTo4L_13TeV_powheg_pythia8_catTOP_sys_nvtxWeightDown
Merging MT_ZZTo4L_13TeV_powheg_pythia8_cat3L_sys_jerUp
Merging MT_ZZTo4L_13TeV_powheg_pythia8_cat4L_sys_ElectronEnDown
Merging MT_ZZTo4L_13TeV_powheg_pythia8_catDY_sys_jerUp
Merging measMET_ZZTo4L_13TeV_powheg_pythia8_catDY_sys_TriggerSFWeightUp
Merging MT_ZZTo4L_13TeV_powheg_pythia8_catTOP_sys_PrefireWeightDown
Merging MT_ZZTo4L_13TeV_powheg_pythia8_catTOP_sys_jerDown
Merging MT_ZZTo4L_13TeV_powheg_pythia8_catEM_sys_QCDScale1wDown
Merging phizmet_ZZTo4L_13TeV_powheg_pythia8_sys_ElecronSFUp
Merging MT_ZZTo4L_13TeV_powheg_pythia8_catDY_sys_nvtxWeightUp
Merging measMET_ZZTo4L_13TeV_powheg_pythia8_cat3L_sys_nvtxWeightDown
Merging balance_ZZTo4L_13TeV_powheg_pythia8_sys_ElecronSFDown
Merging MT_ZZTo4L_13TeV_powheg_pythia8_catSignal-1jet_sys_MuonEnDown
Merging MT_ZZTo4L_13TeV_powheg_pythia8_cat3L_sys_MuonSFUp
Merging MT_ZZTo4L_13TeV_powheg_pythia8_catTOP_sys_ElectronEnDown
Merging MT_ZZTo4L_13TeV_powheg_pythia8_catNRB_sys_nvtxWeightUp
Merging MT_ZZTo4L_13TeV_powheg_pythia8_catEM_sys_PrefireWeightUp
Merging measMET_ZZTo4L_13TeV_powheg_pythia8_catNRB_sys_nvtxWeightUp
Merging MT_ZZTo4L_13TeV_powheg_pythia8_catEM_sys_nvtxWeightDown
Merging MT_ZZTo4L_13TeV_powheg_pythia8_catSignal-1jet_sys_QCDScale0wUp
Merging MT_ZZTo4L_13TeV_powheg_pythia8_catDY
Merging measMET_ZZTo4L_13TeV_powheg_pythia8_catSignal-0jet_sys_TriggerSFWeightUp
Merging njet_ZZTo4L_13TeV_powheg_pythia8_sys_nvtxWeightUp
Merging MT_ZZTo4L_13TeV_powheg_pythia8_cat4L_sys_btagEventWeightUp
Merging measMET_ZZTo4L_13TeV_powheg_pythia8_cat4L_sys_ElecronSFDown
Merging MT_ZZTo4L_13TeV_powheg_pythia8_catTOP_sys_QCDScale0wUp
Merging measMET_ZZTo4L_13TeV_powheg_pythia8_catSignal-1jet_sys_MuonSFUp
Merging phizmet_ZZTo4L_13TeV_powheg_pythia8_sys_QCDScale0wUp
Merging MT_ZZTo4L_13TeV_powheg_pythia8_catEM_sys_MuonEnDown
Merging MT_ZZTo4L_13TeV_powheg_pythia8_cat3L_sys_PDFUp
Merging measMET_ZZTo4L_13TeV_powheg_pythia8_catDY_sys_MuonEnUp
Merging MT_ZZTo4L_13TeV_powheg_pythia8_catSignal-1jet_sys_PrefireWeightUp
Merging measMET_ZZTo4L_13TeV_powheg_pythia8_catSignal-1jet_sys_jerUp
Merging njet_ZZTo4L_13TeV_powheg_pythia8
Merging measMET_ZZTo4L_13TeV_powheg_pythia8_catEM_sys_PrefireWeightDown
Merging measMET_ZZTo4L_13TeV_powheg_pythia8_catSignal-0jet_sys_puWeightUp
Merging njet_ZZTo4L_13TeV_powheg_pythia8_sys_ElecronSFUp
Merging MT_ZZTo4L_13TeV_powheg_pythia8_catNRB_sys_TriggerSFWeightUp
Merging measMET_ZZTo4L_13TeV_powheg_pythia8_catSignal-0jet_sys_ElectronEnUp
Merging MT_ZZTo4L_13TeV_powheg_pythia8_catEM_sys_QCDScale2wUp
Merging measMET_ZZTo4L_13TeV_powheg_pythia8_cat3L_sys_PrefireWeightDown
Merging measMET_ZZTo4L_13TeV_powheg_pythia8_catEM_sys_jesTotalUp
Merging MT_ZZTo4L_13TeV_powheg_pythia8_cat3L_sys_MuonEnUp
Merging measMET_ZZTo4L_13TeV_powheg_pythia8_catEM_sys_PrefireWeightUp
Merging measMET_ZZTo4L_13TeV_powheg_pythia8_catEM_sys_QCDScale0wDown
Merging MT_ZZTo4L_13TeV_powheg_pythia8_catDY_sys_jerDown
Merging MT_ZZTo4L_13TeV_powheg_pythia8_catNRB_sys_puWeightDown
Merging measMET_ZZTo4L_13TeV_powheg_pythia8_catSignal-0jet_sys_puWeightDown
Merging measMET_ZZTo4L_13TeV_powheg_pythia8_cat3L_sys_QCDScale0wUp
Merging measMET_ZZTo4L_13TeV_powheg_pythia8_catEM_sys_nvtxWeightDown
Merging measMET_ZZTo4L_13TeV_powheg_pythia8_catDY_sys_puWeightDown
Merging measMET_ZZTo4L_13TeV_powheg_pythia8_catSignal-0jet_sys_QCDScale1wUp
Merging measMET_ZZTo4L_13TeV_powheg_pythia8_cat4L_sys_jesTotalUp
Merging MT_ZZTo4L_13TeV_powheg_pythia8_catTOP_sys_TriggerSFWeightUp
Merging measMET_ZZTo4L_13TeV_powheg_pythia8_catSignal-1jet_sys_QCDScale0wUp
Merging measMET_ZZTo4L_13TeV_powheg_pythia8_catSignal-0jet_sys_PDFDown
Merging phizmet_ZZTo4L_13TeV_powheg_pythia8_sys_ElecronSFDown
Merging measMET_ZZTo4L_13TeV_powheg_pythia8_catSignal-1jet_sys_TriggerSFWeightDown
Merging measMET_ZZTo4L_13TeV_powheg_pythia8_catTOP_sys_puWeightDown
Merging MT_ZZTo4L_13TeV_powheg_pythia8_catEM_sys_btagEventWeightUp
Merging balance_ZZTo4L_13TeV_powheg_pythia8_sys_QCDScale1wDown
Merging MT_ZZTo4L_13TeV_powheg_pythia8_catTOP_sys_btagEventWeightDown
Merging balance_ZZTo4L_13TeV_powheg_pythia8_sys_jesTotalUp
Merging MT_ZZTo4L_13TeV_powheg_pythia8_catEM_sys_PrefireWeightDown
Merging balance_ZZTo4L_13TeV_powheg_pythia8_sys_QCDScale1wUp
Merging measMET_ZZTo4L_13TeV_powheg_pythia8_cat3L_sys_jesTotalDown
Merging measMET_ZZTo4L_13TeV_powheg_pythia8_catEM_sys_ElecronSFDown
Merging MT_ZZTo4L_13TeV_powheg_pythia8_catNRB_sys_QCDScale1wUp
Merging MT_ZZTo4L_13TeV_powheg_pythia8_cat3L_sys_PrefireWeightUp
Merging measMET_ZZTo4L_13TeV_powheg_pythia8_catSignal-1jet_sys_ElectronEnUp
Merging measMET_ZZTo4L_13TeV_powheg_pythia8_catEM_sys_QCDScale1wDown
Merging MT_ZZTo4L_13TeV_powheg_pythia8_catDY_sys_jesTotalUp
Merging measMET_ZZTo4L_13TeV_powheg_pythia8_catNRB_sys_PDFUp
Merging MT_ZZTo4L_13TeV_powheg_pythia8_catSignal-1jet_sys_ElectronEnUp
Merging measMET_ZZTo4L_13TeV_powheg_pythia8_catEM_sys_jesTotalDown
Merging MT_ZZTo4L_13TeV_powheg_pythia8_cat4L_sys_jesTotalUp
Merging measMET_ZZTo4L_13TeV_powheg_pythia8_catDY_sys_jerUp
Merging MT_ZZTo4L_13TeV_powheg_pythia8_catEM_sys_ElecronSFDown
Merging balance_ZZTo4L_13TeV_powheg_pythia8_sys_PrefireWeightUp
Merging phizmet_ZZTo4L_13TeV_powheg_pythia8_sys_EWKUp
Merging balance_ZZTo4L_13TeV_powheg_pythia8_sys_btagEventWeightDown
Merging measMET_ZZTo4L_13TeV_powheg_pythia8_catDY_sys_EWKDown
Merging MT_ZZTo4L_13TeV_powheg_pythia8_catSignal-1jet_sys_btagEventWeightDown
Merging measMET_ZZTo4L_13TeV_powheg_pythia8_catNRB_sys_nvtxWeightDown
Merging measMET_ZZTo4L_13TeV_powheg_pythia8_catTOP_sys_QCDScale2wUp
Merging phizmet_ZZTo4L_13TeV_powheg_pythia8_sys_puWeightUp
Merging measMET_ZZTo4L_13TeV_powheg_pythia8_catSignal-1jet_sys_puWeightUp
Merging phizmet_ZZTo4L_13TeV_powheg_pythia8_sys_QCDScale2wDown
Merging measMET_ZZTo4L_13TeV_powheg_pythia8_catSignal-1jet
Merging MT_ZZTo4L_13TeV_powheg_pythia8_catNRB_sys_jerDown
Merging measMET_ZZTo4L_13TeV_powheg_pythia8_catNRB_sys_PDFDown
Merging MT_ZZTo4L_13TeV_powheg_pythia8_catDY_sys_jesTotalDown
Merging measMET_ZZTo4L_13TeV_powheg_pythia8_catSignal-1jet_sys_QCDScale1wDown
Merging MT_ZZTo4L_13TeV_powheg_pythia8_catSignal-0jet_sys_PrefireWeightDown
Merging MT_ZZTo4L_13TeV_powheg_pythia8_catTOP_sys_ElecronSFUp
Merging measMET_ZZTo4L_13TeV_powheg_pythia8_catNRB
Merging measMET_ZZTo4L_13TeV_powheg_pythia8_catEM_sys_ElectronEnUp
Merging measMET_ZZTo4L_13TeV_powheg_pythia8_catEM_sys_ElectronEnDown
Merging measMET_ZZTo4L_13TeV_powheg_pythia8_cat4L_sys_QCDScale1wUp
Merging balance_ZZTo4L_13TeV_powheg_pythia8_sys_MuonEnUp
Merging phizmet_ZZTo4L_13TeV_powheg_pythia8_sys_ElectronEnUp
Merging measMET_ZZTo4L_13TeV_powheg_pythia8_catDY_sys_MuonEnDown
Merging measMET_ZZTo4L_13TeV_powheg_pythia8_catTOP_sys_jesTotalUp
Merging phizmet_ZZTo4L_13TeV_powheg_pythia8_sys_PrefireWeightDown
Merging measMET_ZZTo4L_13TeV_powheg_pythia8_catDY_sys_MuonSFDown
Merging measMET_ZZTo4L_13TeV_powheg_pythia8_catNRB_sys_btagEventWeightUp
Merging measMET_ZZTo4L_13TeV_powheg_pythia8_cat4L_sys_MuonSFUp
Merging phizmet_ZZTo4L_13TeV_powheg_pythia8_sys_nvtxWeightDown
Merging MT_ZZTo4L_13TeV_powheg_pythia8_cat4L_sys_EWKDown
Merging MT_ZZTo4L_13TeV_powheg_pythia8_catSignal-1jet_sys_TriggerSFWeightUp
Merging measMET_ZZTo4L_13TeV_powheg_pythia8_catNRB_sys_PrefireWeightUp
Merging measMET_ZZTo4L_13TeV_powheg_pythia8_catSignal-0jet_sys_btagEventWeightUp
Merging measMET_ZZTo4L_13TeV_powheg_pythia8_cat3L_sys_jerDown
Merging MT_ZZTo4L_13TeV_powheg_pythia8_catSignal-0jet_sys_PDFDown
Merging MT_ZZTo4L_13TeV_powheg_pythia8_catSignal-0jet_sys_jerDown
Merging MT_ZZTo4L_13TeV_powheg_pythia8_catDY_sys_puWeightDown
Merging measMET_ZZTo4L_13TeV_powheg_pythia8_catNRB_sys_TriggerSFWeightDown
Merging njet_ZZTo4L_13TeV_powheg_pythia8_sys_ElectronEnDown
Merging phizmet_ZZTo4L_13TeV_powheg_pythia8_sys_PrefireWeightUp
Merging measMET_ZZTo4L_13TeV_powheg_pythia8_catSignal-0jet_sys_jesTotalDown
Merging MT_ZZTo4L_13TeV_powheg_pythia8_catSignal-0jet_sys_EWKDown
Merging measMET_ZZTo4L_13TeV_powheg_pythia8_catTOP_sys_nvtxWeightUp
Merging measMET_ZZTo4L_13TeV_powheg_pythia8_catDY_sys_QCDScale2wDown
Merging measMET_ZZTo4L_13TeV_powheg_pythia8_catTOP_sys_QCDScale2wDown
Merging measMET_ZZTo4L_13TeV_powheg_pythia8_catTOP_sys_EWKDown
Merging balance_ZZTo4L_13TeV_powheg_pythia8_sys_MuonEnDown
Merging measMET_ZZTo4L_13TeV_powheg_pythia8_catNRB_sys_jesTotalUp
Merging MT_ZZTo4L_13TeV_powheg_pythia8_catSignal-0jet_sys_PDFUp
Merging MT_ZZTo4L_13TeV_powheg_pythia8_catSignal-1jet_sys_PrefireWeightDown
Merging measMET_ZZTo4L_13TeV_powheg_pythia8_catEM
Merging MT_ZZTo4L_13TeV_powheg_pythia8_catDY_sys_puWeightUp
Merging MT_ZZTo4L_13TeV_powheg_pythia8_cat3L_sys_puWeightDown
Merging MT_ZZTo4L_13TeV_powheg_pythia8_catDY_sys_MuonSFUp
Merging MT_ZZTo4L_13TeV_powheg_pythia8_catSignal-0jet_sys_MuonSFUp
Merging measMET_ZZTo4L_13TeV_powheg_pythia8_catSignal-0jet_sys_MuonSFDown
Merging phizmet_ZZTo4L_13TeV_powheg_pythia8_sys_nvtxWeightUp
Merging MT_ZZTo4L_13TeV_powheg_pythia8_cat4L_sys_QCDScale0wDown
Merging MT_ZZTo4L_13TeV_powheg_pythia8_catSignal-0jet_sys_jesTotalDown
Merging phizmet_ZZTo4L_13TeV_powheg_pythia8_sys_QCDScale2wUp
Merging MT_ZZTo4L_13TeV_powheg_pythia8_catEM_sys_PDFDown
Merging MT_ZZTo4L_13TeV_powheg_pythia8_cat3L_sys_ElectronEnUp
Merging MT_ZZTo4L_13TeV_powheg_pythia8_catSignal-0jet_sys_QCDScale0wUp
Merging measMET_ZZTo4L_13TeV_powheg_pythia8_cat3L
Merging njet_ZZTo4L_13TeV_powheg_pythia8_sys_MuonEnDown
Merging measMET_ZZTo4L_13TeV_powheg_pythia8_catTOP_sys_MuonSFDown
Merging njet_ZZTo4L_13TeV_powheg_pythia8_sys_ElecronSFDown
Merging balance_ZZTo4L_13TeV_powheg_pythia8_sys_QCDScale2wUp
Merging measMET_ZZTo4L_13TeV_powheg_pythia8_catSignal-1jet_sys_btagEventWeightDown
Merging njet_ZZTo4L_13TeV_powheg_pythia8_sys_MuonSFUp
259 entries, 76.54% (elapsed time  1396.9s, curr speed    0.035 kHz, avg speed    0.029 kHz), accepted    40001/   40001 events (100.00%)
Processed    50000/   52259 entries, 95.68% (elapsed time  1657.3s, curr speed    0.038 kHz, avg speed    0.030 kHz), accepted    50001/   50001 events (100.00%)
Processed 52259 preselected entries from /eos/cms/store/group/phys_exotica/monoZ/Exorcism2017/ZZTo4L_13TeV_powheg_pythia8/tree_110.root (52259 entries). Finally selected 52259 entries
Done ./tree_110_Skim.root
30.4185098952 Hz
----- transfer output to eos :
----- directory after running :
.:
total 6456
-rw-r--r--. 1 cfreer zh    1199 Nov 29 01:17 FrameworkJobReport.xml
-rw-r--r--. 1 cfreer zh       0 Nov 29 00:48 _condor_stderr
-rw-r--r--. 1 cfreer zh   72408 Nov 29 01:17 _condor_stdout
-rw-------. 1 cfreer zh    4914 Nov 29 01:17 cfreer.cc
-rw-r--r--. 1 cfreer zh   16092 Nov 29 00:48 combineHLT_Run2.yaml
-rw-r--r--. 1 cfreer zh    5718 Nov 29 00:48 condor_WSProducer.py
-rwxr-xr-x. 1 cfreer zh     826 Nov 29 00:48 condor_exec.exe
-rwxr-xr-x. 1 cfreer zh    2559 Nov 29 00:48 haddnano.py
-rw-r--r--. 1 cfreer zh       8 Nov 29 00:48 keep_and_drop_WS.txt
drwx------. 3 cfreer zh    4096 Nov 29 00:48 tmp
-rw-r--r--. 1 cfreer zh 3236907 Nov 29 01:17 tree_110_Skim.root
-rw-r--r--. 1 cfreer zh 3237043 Nov 29 01:17 tree_14.root
drwx------. 3 cfreer zh    4096 Nov 29 00:48 var

./tmp:
total 4
drwxr-xr-x. 3 cfreer zh 4096 Nov 29 00:48 mjf-cfreer

./tmp/mjf-cfreer:
total 4
drwxr-xr-x. 2 cfreer zh 4096 Nov 29 00:48 jobfeatures-bigbird09.cern.ch_3022214.14_1574892106

./tmp/mjf-cfreer/jobfeatures-bigbird09.cern.ch_3022214.14_1574892106:
total 28
-rw-r--r--. 1 cfreer zh  1 Nov 29 00:48 allocated_cpu
-rw-r--r--. 1 cfreer zh  6 Nov 29 00:48 cpu_limit_secs
-rw-r--r--. 1 cfreer zh 39 Nov 29 00:48 job_id
-rw-r--r--. 1 cfreer zh 10 Nov 29 00:48 jobstart_secs
-rw-r--r--. 1 cfreer zh 10 Nov 29 00:48 max_rss_bytes
-rw-r--r--. 1 cfreer zh 10 Nov 29 00:48 scratch_limit_bytes
-rw-r--r--. 1 cfreer zh  6 Nov 29 00:48 wall_limit_secs

./var:
total 4
drwx------. 2 cfreer zh 4096 Nov 29 00:48 tmp

./var/tmp:
total 0
 ------ THE END (everyone dies !) ----- 
