
/pool/condor/dir_32037

... start job at 2019-11-29 16:54:24
----- directory before running:
.:
total 52
-rw-r--r--. 1 cfreer zh     0 Nov 29 16:53 _condor_stderr
-rw-r--r--. 1 cfreer zh    94 Nov 29 16:54 _condor_stdout
-rw-------. 1 cfreer zh  2642 Nov 29 16:53 cfreer.cc
-rw-r--r--. 1 cfreer zh 16092 Nov 29 16:53 combineHLT_Run2.yaml
-rw-r--r--. 1 cfreer zh  5718 Nov 29 16:53 condor_WSProducer.py
-rwxr-xr-x. 1 cfreer zh   835 Nov 29 16:53 condor_exec.exe
-rwxr-xr-x. 1 cfreer zh  2559 Nov 29 16:53 haddnano.py
-rw-r--r--. 1 cfreer zh     8 Nov 29 16:53 keep_and_drop_WS.txt
drwx------. 3 cfreer zh  4096 Nov 29 16:54 tmp
drwx------. 3 cfreer zh  4096 Nov 29 16:53 var

./tmp:
total 4
drwxr-xr-x. 3 cfreer zh 4096 Nov 29 16:54 mjf-cfreer

./tmp/mjf-cfreer:
total 4
drwxr-xr-x. 2 cfreer zh 4096 Nov 29 16:54 jobfeatures-bigbird09.cern.ch_3029297.3_1574941983

./tmp/mjf-cfreer/jobfeatures-bigbird09.cern.ch_3029297.3_1574941983:
total 28
-rw-r--r--. 1 cfreer zh  1 Nov 29 16:54 allocated_cpu
-rw-r--r--. 1 cfreer zh  6 Nov 29 16:54 cpu_limit_secs
-rw-r--r--. 1 cfreer zh 38 Nov 29 16:54 job_id
-rw-r--r--. 1 cfreer zh 10 Nov 29 16:54 jobstart_secs
-rw-r--r--. 1 cfreer zh 10 Nov 29 16:54 max_rss_bytes
-rw-r--r--. 1 cfreer zh 10 Nov 29 16:54 scratch_limit_bytes
-rw-r--r--. 1 cfreer zh  6 Nov 29 16:54 wall_limit_secs

./var:
total 4
drwx------. 2 cfreer zh 4096 Nov 29 16:53 tmp

./var/tmp:
total 0
----- CMSSW BASE, python path, pwd:
+ CMSSW_BASE  = /afs/cern.ch/work/c/cfreer/MonoZ_2019/MT_plots/CMSSW_10_6_4
+ PYTHON_PATH = 
+ PWD         = /pool/condor/dir_32037
Adding file ./tree_11_Skim.root
Merging measMET_monoZ_catSignal-0jet
Merging MT_monoZ_catSignal-0jet
Merging measMET_monoZ_catEM
Merging MT_monoZ_catEM
Merging measMET_monoZ_catSignal-1jet
Merging MT_monoZ_catSignal-1jet
Merging measMET_monoZ_cat3L
Merging MT_monoZ_cat3L
Merging measMET_monoZ_cat4L
Merging MT_monoZ_cat4L
Merging measMET_monoZ_catNRB
Merging MT_monoZ_catNRB
Merging measMET_monoZ_catTOP
Merging MT_monoZ_catTOP
Merging measMET_monoZ_catDY
Merging MT_monoZ_catDY
Merging balance_monoZ
Merging phizmet_monoZ
Merging njet_monoZ
Merging Events
Merging Runs
Merging ParameterSets
Merging LuminosityBlocks
Merging MetaData
Merging MT_data_catSignal-1jet
Merging measMET_data_catTOP
Merging MT_data_catEM
Merging MT_data_catTOP
Merging measMET_data_catNRB
Merging phizmet_data
Merging measMET_data_cat3L
Merging njet_data
Merging untagged
Merging MT_data_cat3L
Merging measMET_data_cat4L
Merging measMET_data_catEM
Merging MT_data_catDY
Merging measMET_data_catSignal-0jet
Merging MT_data_cat4L
Merging balance_data
Merging MT_data_catNRB
Merging MT_data_catSignal-0jet
Merging measMET_data_catSignal-1jet
Merging measMET_data_catDY
/eos/cms/store/group/phys_exotica/monoZ/Exorcism2016/DoubleMuon_Run2016F-Nano1June2019-v1/tree_11.root  ->  /eos/cms/store/group/phys_exotica/monoZ/Exorcism2016/DoubleMuon_Run2016F-Nano1June2019-v1/tree_11.root
Testing file open
Test OK
---------------------------
 -- options  =  Namespace(dataset='X', doSyst=1, era='2016', infile='/eos/cms/store/group/phys_exotica/monoZ/Exorcism2016/DoubleMuon_Run2016F-Nano1June2019-v1/tree_11.root', isMC=0, jobNum=3, nevt=-1)
 -- is MC    =  0
 -- jobNum   =  3
 -- era      =  2016
 -- in file  =  /eos/cms/store/group/phys_exotica/monoZ/Exorcism2016/DoubleMuon_Run2016F-Nano1June2019-v1/tree_11.root
 -- dataset  =  X
---------------------------
modules :  <PhysicsTools.MonoZ.MonoZWSProducer.MonoZWSProducer object at 0x2b4fbdb44890>
Selection :  
Will write selected trees to .
Pre-select 10782 entries out of 10782 (100.00%)
Processed    10000/   10782 entries, 92.75% (elapsed time    15.3s, curr speed    0.653 kHz, avg speed    0.653 kHz), accepted    10001/   10001 events (100.00%)
Processed 10782 preselected entries from /eos/cms/store/group/phys_exotica/monoZ/Exorcism2016/DoubleMuon_Run2016F-Nano1June2019-v1/tree_11.root (10782 entries). Finally selected 10782 entries
Done ./tree_11_Skim.root
444.618556701 Hz
----- transfer output to eos :
----- directory after running :
.:
total 6980
-rw-r--r--. 1 cfreer zh    1206 Nov 29 16:54 FrameworkJobReport.xml
-rw-r--r--. 1 cfreer zh       0 Nov 29 16:53 _condor_stderr
-rw-r--r--. 1 cfreer zh    4046 Nov 29 16:54 _condor_stdout
-rw-------. 1 cfreer zh    4914 Nov 29 16:54 cfreer.cc
-rw-r--r--. 1 cfreer zh   16092 Nov 29 16:53 combineHLT_Run2.yaml
-rw-r--r--. 1 cfreer zh    5718 Nov 29 16:53 condor_WSProducer.py
-rwxr-xr-x. 1 cfreer zh     835 Nov 29 16:53 condor_exec.exe
-rwxr-xr-x. 1 cfreer zh    2559 Nov 29 16:53 haddnano.py
-rw-r--r--. 1 cfreer zh       8 Nov 29 16:53 keep_and_drop_WS.txt
drwx------. 3 cfreer zh    4096 Nov 29 16:54 tmp
-rw-r--r--. 1 cfreer zh 3540669 Nov 29 16:54 tree_11_Skim.root
-rw-r--r--. 1 cfreer zh 3540801 Nov 29 16:54 tree_3.root
drwx------. 3 cfreer zh    4096 Nov 29 16:53 var

./tmp:
total 4
drwxr-xr-x. 3 cfreer zh 4096 Nov 29 16:54 mjf-cfreer

./tmp/mjf-cfreer:
total 4
drwxr-xr-x. 2 cfreer zh 4096 Nov 29 16:54 jobfeatures-bigbird09.cern.ch_3029297.3_1574941983

./tmp/mjf-cfreer/jobfeatures-bigbird09.cern.ch_3029297.3_1574941983:
total 28
-rw-r--r--. 1 cfreer zh  1 Nov 29 16:54 allocated_cpu
-rw-r--r--. 1 cfreer zh  6 Nov 29 16:54 cpu_limit_secs
-rw-r--r--. 1 cfreer zh 38 Nov 29 16:54 job_id
-rw-r--r--. 1 cfreer zh 10 Nov 29 16:54 jobstart_secs
-rw-r--r--. 1 cfreer zh 10 Nov 29 16:54 max_rss_bytes
-rw-r--r--. 1 cfreer zh 10 Nov 29 16:54 scratch_limit_bytes
-rw-r--r--. 1 cfreer zh  6 Nov 29 16:54 wall_limit_secs

./var:
total 4
drwx------. 2 cfreer zh 4096 Nov 29 16:53 tmp

./var/tmp:
total 0
 ------ THE END (everyone dies !) ----- 
