
/pool/condor/dir_29778

... start job at 2019-11-29 17:12:44
----- directory before running:
.:
total 52
-rw-r--r--. 1 cfreer zh     0 Nov 29 17:12 _condor_stderr
-rw-r--r--. 1 cfreer zh    94 Nov 29 17:12 _condor_stdout
-rw-------. 1 cfreer zh  2642 Nov 29 17:12 cfreer.cc
-rw-r--r--. 1 cfreer zh 16092 Nov 29 17:12 combineHLT_Run2.yaml
-rw-r--r--. 1 cfreer zh  5718 Nov 29 17:12 condor_WSProducer.py
-rwxr-xr-x. 1 cfreer zh   839 Nov 29 17:12 condor_exec.exe
-rwxr-xr-x. 1 cfreer zh  2559 Nov 29 17:12 haddnano.py
-rw-r--r--. 1 cfreer zh     8 Nov 29 17:12 keep_and_drop_WS.txt
drwx------. 3 cfreer zh  4096 Nov 29 17:12 tmp
drwx------. 3 cfreer zh  4096 Nov 29 17:12 var

./tmp:
total 4
drwxr-xr-x. 3 cfreer zh 4096 Nov 29 17:12 mjf-cfreer

./tmp/mjf-cfreer:
total 4
drwxr-xr-x. 2 cfreer zh 4096 Nov 29 17:12 jobfeatures-bigbird09.cern.ch_3029355.29_1574942821

./tmp/mjf-cfreer/jobfeatures-bigbird09.cern.ch_3029355.29_1574942821:
total 28
-rw-r--r--. 1 cfreer zh  1 Nov 29 17:12 allocated_cpu
-rw-r--r--. 1 cfreer zh  6 Nov 29 17:12 cpu_limit_secs
-rw-r--r--. 1 cfreer zh 39 Nov 29 17:12 job_id
-rw-r--r--. 1 cfreer zh 10 Nov 29 17:12 jobstart_secs
-rw-r--r--. 1 cfreer zh 10 Nov 29 17:12 max_rss_bytes
-rw-r--r--. 1 cfreer zh 10 Nov 29 17:12 scratch_limit_bytes
-rw-r--r--. 1 cfreer zh  6 Nov 29 17:12 wall_limit_secs

./var:
total 4
drwx------. 2 cfreer zh 4096 Nov 29 17:12 tmp

./var/tmp:
total 0
----- CMSSW BASE, python path, pwd:
+ CMSSW_BASE  = /afs/cern.ch/work/c/cfreer/MonoZ_2019/MT_plots/CMSSW_10_6_4
+ PYTHON_PATH = 
+ PWD         = /pool/condor/dir_29778
/eos/cms/store/group/phys_exotica/monoZ/Exorcism2017/SingleElectron_Run2017C-Nano1June2019-v1/tree_21.root  ->  /eos/cms/store/group/phys_exotica/monoZ/Exorcism2017/SingleElectron_Run2017C-Nano1June2019-v1/tree_21.root
Testing file open
Test OK
---------------------------
 -- options  =  Namespace(dataset='X', doSyst=1, era='2017', infile='/eos/cms/store/group/phys_exotica/monoZ/Exorcism2017/SingleElectron_Run2017C-Nano1June2019-v1/tree_21.root', isMC=0, jobNum=29, nevt=-1)
 -- is MC    =  0
 -- jobNum   =  29
 -- era      =  2017
 -- in file  =  /eos/cms/store/group/phys_exotica/monoZ/Exorcism2017/SingleElectron_Run2017C-Nano1June2019-v1/tree_21.root
 -- dataset  =  X
---------------------------
modules :  <PhysicsTools.MonoZ.MonoZWSProducer.MonoZWSProducer object at 0x2b5f5fc57890>
Selection :  
Will write selected trees to .
Pre-select 0 entries out of 0 (0.00%)
----- transfer output to eos :
----- directory after running :
.:
total 56
-rw-r--r--. 1 cfreer zh  1284 Nov 29 17:12 _condor_stderr
-rw-r--r--. 1 cfreer zh  2516 Nov 29 17:12 _condor_stdout
-rw-------. 1 cfreer zh  2642 Nov 29 17:12 cfreer.cc
-rw-r--r--. 1 cfreer zh 16092 Nov 29 17:12 combineHLT_Run2.yaml
-rw-r--r--. 1 cfreer zh  5718 Nov 29 17:12 condor_WSProducer.py
-rwxr-xr-x. 1 cfreer zh   839 Nov 29 17:12 condor_exec.exe
-rwxr-xr-x. 1 cfreer zh  2559 Nov 29 17:12 haddnano.py
-rw-r--r--. 1 cfreer zh     8 Nov 29 17:12 keep_and_drop_WS.txt
drwx------. 3 cfreer zh  4096 Nov 29 17:12 tmp
drwx------. 3 cfreer zh  4096 Nov 29 17:12 var

./tmp:
total 4
drwxr-xr-x. 3 cfreer zh 4096 Nov 29 17:12 mjf-cfreer

./tmp/mjf-cfreer:
total 4
drwxr-xr-x. 2 cfreer zh 4096 Nov 29 17:12 jobfeatures-bigbird09.cern.ch_3029355.29_1574942821

./tmp/mjf-cfreer/jobfeatures-bigbird09.cern.ch_3029355.29_1574942821:
total 28
-rw-r--r--. 1 cfreer zh  1 Nov 29 17:12 allocated_cpu
-rw-r--r--. 1 cfreer zh  6 Nov 29 17:12 cpu_limit_secs
-rw-r--r--. 1 cfreer zh 39 Nov 29 17:12 job_id
-rw-r--r--. 1 cfreer zh 10 Nov 29 17:12 jobstart_secs
-rw-r--r--. 1 cfreer zh 10 Nov 29 17:12 max_rss_bytes
-rw-r--r--. 1 cfreer zh 10 Nov 29 17:12 scratch_limit_bytes
-rw-r--r--. 1 cfreer zh  6 Nov 29 17:12 wall_limit_secs

./var:
total 4
drwx------. 2 cfreer zh 4096 Nov 29 17:12 tmp

./var/tmp:
total 0
 ------ THE END (everyone dies !) ----- 
