
/pool/condor/dir_17367

... start job at 2019-11-29 18:25:44
----- directory before running:
.:
total 52
-rw-r--r--. 1 cfreer zh     0 Nov 29 18:25 _condor_stderr
-rw-r--r--. 1 cfreer zh    94 Nov 29 18:25 _condor_stdout
-rw-------. 1 cfreer zh  2642 Nov 29 18:25 cfreer.cc
-rw-r--r--. 1 cfreer zh 16092 Nov 29 18:25 combineHLT_Run2.yaml
-rw-r--r--. 1 cfreer zh  5718 Nov 29 18:25 condor_WSProducer.py
-rwxr-xr-x. 1 cfreer zh   839 Nov 29 18:25 condor_exec.exe
-rwxr-xr-x. 1 cfreer zh  2559 Nov 29 18:25 haddnano.py
-rw-r--r--. 1 cfreer zh     8 Nov 29 18:25 keep_and_drop_WS.txt
drwx------. 3 cfreer zh  4096 Nov 29 18:25 tmp
drwx------. 3 cfreer zh  4096 Nov 29 18:25 var

./tmp:
total 4
drwxr-xr-x. 3 cfreer zh 4096 Nov 29 18:25 mjf-cfreer

./tmp/mjf-cfreer:
total 4
drwxr-xr-x. 2 cfreer zh 4096 Nov 29 18:25 jobfeatures-bigbird09.cern.ch_3029355.113_1574942821

./tmp/mjf-cfreer/jobfeatures-bigbird09.cern.ch_3029355.113_1574942821:
total 28
-rw-r--r--. 1 cfreer zh  1 Nov 29 18:25 allocated_cpu
-rw-r--r--. 1 cfreer zh  6 Nov 29 18:25 cpu_limit_secs
-rw-r--r--. 1 cfreer zh 40 Nov 29 18:25 job_id
-rw-r--r--. 1 cfreer zh 10 Nov 29 18:25 jobstart_secs
-rw-r--r--. 1 cfreer zh 10 Nov 29 18:25 max_rss_bytes
-rw-r--r--. 1 cfreer zh 10 Nov 29 18:25 scratch_limit_bytes
-rw-r--r--. 1 cfreer zh  6 Nov 29 18:25 wall_limit_secs

./var:
total 4
drwx------. 2 cfreer zh 4096 Nov 29 18:25 tmp

./var/tmp:
total 0
----- CMSSW BASE, python path, pwd:
+ CMSSW_BASE  = /afs/cern.ch/work/c/cfreer/MonoZ_2019/MT_plots/CMSSW_10_6_4
+ PYTHON_PATH = 
+ PWD         = /pool/condor/dir_17367
Adding file ./tree_98_Skim.root
Merging measMET_monoZ_catSignal-0jet
Merging MT_monoZ_catSignal-0jet
Merging measMET_monoZ_catEM
Merging MT_monoZ_catEM
Merging measMET_monoZ_catSignal-1jet
Merging MT_monoZ_catSignal-1jet
Merging measMET_monoZ_cat3L
Merging MT_monoZ_cat3L
Merging measMET_monoZ_cat4L
Merging MT_monoZ_cat4L
Merging measMET_monoZ_catNRB
Merging MT_monoZ_catNRB
Merging measMET_monoZ_catTOP
Merging MT_monoZ_catTOP
Merging measMET_monoZ_catDY
Merging MT_monoZ_catDY
Merging balance_monoZ
Merging phizmet_monoZ
Merging njet_monoZ
Merging Events
Merging Runs
Merging ParameterSets
Merging LuminosityBlocks
Merging MetaData
Merging MT_data_catSignal-1jet
Merging measMET_data_catTOP
Merging MT_data_catEM
Merging MT_data_catTOP
Merging measMET_data_catNRB
Merging phizmet_data
Merging measMET_data_cat3L
Merging njet_data
Merging untagged
Merging MT_data_cat3L
Merging measMET_data_cat4L
Merging measMET_data_catEM
Merging MT_data_catDY
Merging measMET_data_catSignal-0jet
Merging MT_data_cat4L
Merging balance_data
Merging MT_data_catNRB
Merging MT_data_catSignal-0jet
Merging measMET_data_catSignal-1jet
Merging measMET_data_catDY
/eos/cms/store/group/phys_exotica/monoZ/Exorcism2017/SingleElectron_Run2017C-Nano1June2019-v1/tree_98.root  ->  /eos/cms/store/group/phys_exotica/monoZ/Exorcism2017/SingleElectron_Run2017C-Nano1June2019-v1/tree_98.root
Testing file open
Test OK
---------------------------
 -- options  =  Namespace(dataset='X', doSyst=1, era='2017', infile='/eos/cms/store/group/phys_exotica/monoZ/Exorcism2017/SingleElectron_Run2017C-Nano1June2019-v1/tree_98.root', isMC=0, jobNum=113, nevt=-1)
 -- is MC    =  0
 -- jobNum   =  113
 -- era      =  2017
 -- in file  =  /eos/cms/store/group/phys_exotica/monoZ/Exorcism2017/SingleElectron_Run2017C-Nano1June2019-v1/tree_98.root
 -- dataset  =  X
---------------------------
modules :  <PhysicsTools.MonoZ.MonoZWSProducer.MonoZWSProducer object at 0x2b8a6270b890>
Selection :  
Will write selected trees to .
Pre-select 394 entries out of 394 (100.00%)
Processed 394 preselected entries from /eos/cms/store/group/phys_exotica/monoZ/Exorcism2017/SingleElectron_Run2017C-Nano1June2019-v1/tree_98.root (394 entries). Finally selected 394 entries
Done ./tree_98_Skim.root
16.2474226804 Hz
----- transfer output to eos :
----- directory after running :
.:
total 10100
-rw-r--r--. 1 cfreer zh    1210 Nov 29 18:26 FrameworkJobReport.xml
-rw-r--r--. 1 cfreer zh       0 Nov 29 18:25 _condor_stderr
-rw-r--r--. 1 cfreer zh    3902 Nov 29 18:26 _condor_stdout
-rw-------. 1 cfreer zh    4914 Nov 29 18:26 cfreer.cc
-rw-r--r--. 1 cfreer zh   16092 Nov 29 18:25 combineHLT_Run2.yaml
-rw-r--r--. 1 cfreer zh    5718 Nov 29 18:25 condor_WSProducer.py
-rwxr-xr-x. 1 cfreer zh     839 Nov 29 18:25 condor_exec.exe
-rwxr-xr-x. 1 cfreer zh    2559 Nov 29 18:25 haddnano.py
-rw-r--r--. 1 cfreer zh       8 Nov 29 18:25 keep_and_drop_WS.txt
drwx------. 3 cfreer zh    4096 Nov 29 18:25 tmp
-rw-r--r--. 1 cfreer zh 5137323 Nov 29 18:26 tree_113.root
-rw-r--r--. 1 cfreer zh 5137187 Nov 29 18:26 tree_98_Skim.root
drwx------. 3 cfreer zh    4096 Nov 29 18:25 var

./tmp:
total 4
drwxr-xr-x. 3 cfreer zh 4096 Nov 29 18:25 mjf-cfreer

./tmp/mjf-cfreer:
total 4
drwxr-xr-x. 2 cfreer zh 4096 Nov 29 18:25 jobfeatures-bigbird09.cern.ch_3029355.113_1574942821

./tmp/mjf-cfreer/jobfeatures-bigbird09.cern.ch_3029355.113_1574942821:
total 28
-rw-r--r--. 1 cfreer zh  1 Nov 29 18:25 allocated_cpu
-rw-r--r--. 1 cfreer zh  6 Nov 29 18:25 cpu_limit_secs
-rw-r--r--. 1 cfreer zh 40 Nov 29 18:25 job_id
-rw-r--r--. 1 cfreer zh 10 Nov 29 18:25 jobstart_secs
-rw-r--r--. 1 cfreer zh 10 Nov 29 18:25 max_rss_bytes
-rw-r--r--. 1 cfreer zh 10 Nov 29 18:25 scratch_limit_bytes
-rw-r--r--. 1 cfreer zh  6 Nov 29 18:25 wall_limit_secs

./var:
total 4
drwx------. 2 cfreer zh 4096 Nov 29 18:25 tmp

./var/tmp:
total 0
 ------ THE END (everyone dies !) ----- 
