
/pool/condor/dir_4151

... start job at 2019-12-02 00:55:58
----- directory before running:
.:
total 52
-rw-r--r--. 1 cfreer zh     0 Dec  2 00:55 _condor_stderr
-rw-r--r--. 1 cfreer zh    93 Dec  2 00:55 _condor_stdout
-rw-------. 1 cfreer zh  2642 Dec  2 00:55 cfreer.cc
-rw-r--r--. 1 cfreer zh 16092 Dec  2 00:55 combineHLT_Run2.yaml
-rw-r--r--. 1 cfreer zh  5718 Dec  2 00:55 condor_WSProducer.py
-rwxr-xr-x. 1 cfreer zh   838 Dec  2 00:55 condor_exec.exe
-rwxr-xr-x. 1 cfreer zh  2559 Dec  2 00:55 haddnano.py
-rw-r--r--. 1 cfreer zh     8 Dec  2 00:55 keep_and_drop_WS.txt
drwx------. 3 cfreer zh  4096 Dec  2 00:55 tmp
drwx------. 3 cfreer zh  4096 Dec  2 00:55 var

./tmp:
total 4
drwxr-xr-x. 3 cfreer zh 4096 Dec  2 00:55 mjf-cfreer

./tmp/mjf-cfreer:
total 4
drwxr-xr-x. 2 cfreer zh 4096 Dec  2 00:55 jobfeatures-bigbird09.cern.ch_3059243.0_1575244223

./tmp/mjf-cfreer/jobfeatures-bigbird09.cern.ch_3059243.0_1575244223:
total 28
-rw-r--r--. 1 cfreer zh  1 Dec  2 00:55 allocated_cpu
-rw-r--r--. 1 cfreer zh  6 Dec  2 00:55 cpu_limit_secs
-rw-r--r--. 1 cfreer zh 38 Dec  2 00:55 job_id
-rw-r--r--. 1 cfreer zh 10 Dec  2 00:55 jobstart_secs
-rw-r--r--. 1 cfreer zh 10 Dec  2 00:55 max_rss_bytes
-rw-r--r--. 1 cfreer zh 10 Dec  2 00:55 scratch_limit_bytes
-rw-r--r--. 1 cfreer zh  6 Dec  2 00:55 wall_limit_secs

./var:
total 4
drwx------. 2 cfreer zh 4096 Dec  2 00:55 tmp

./var/tmp:
total 0
----- CMSSW BASE, python path, pwd:
+ CMSSW_BASE  = /afs/cern.ch/work/c/cfreer/MonoZ_2019/MT_plots/CMSSW_10_6_4
+ PYTHON_PATH = 
+ PWD         = /pool/condor/dir_4151
Adding file ./tree_0_Skim.root
Merging measMET_monoZ_catSignal-0jet
Merging MT_monoZ_catSignal-0jet
Merging measMET_monoZ_catEM
Merging MT_monoZ_catEM
Merging measMET_monoZ_catSignal-1jet
Merging MT_monoZ_catSignal-1jet
Merging measMET_monoZ_cat3L
Merging MT_monoZ_cat3L
Merging measMET_monoZ_cat4L
Merging MT_monoZ_cat4L
Merging measMET_monoZ_catNRB
Merging MT_monoZ_catNRB
Merging measMET_monoZ_catTOP
Merging MT_monoZ_catTOP
Merging measMET_monoZ_catDY
Merging MT_monoZ_catDY
Merging balance_monoZ
Merging phizmet_monoZ
Merging njet_monoZ
Merging measMET_monoZ_catSignal-0jet_sys_ElectronEnUp
Merging MT_monoZ_catSignal-0jet_sys_ElectronEnUp
Merging measMET_monoZ_catEM_sys_ElectronEnUp
Merging MT_monoZ_catEM_sys_ElectronEnUp
Merging measMET_monoZ_catSignal-1jet_sys_ElectronEnUp
Merging MT_monoZ_catSignal-1jet_sys_ElectronEnUp
Merging measMET_monoZ_cat3L_sys_ElectronEnUp
Merging MT_monoZ_cat3L_sys_ElectronEnUp
Merging measMET_monoZ_cat4L_sys_ElectronEnUp
Merging MT_monoZ_cat4L_sys_ElectronEnUp
Merging measMET_monoZ_catNRB_sys_ElectronEnUp
Merging MT_monoZ_catNRB_sys_ElectronEnUp
Merging measMET_monoZ_catTOP_sys_ElectronEnUp
Merging MT_monoZ_catTOP_sys_ElectronEnUp
Merging measMET_monoZ_catDY_sys_ElectronEnUp
Merging MT_monoZ_catDY_sys_ElectronEnUp
Merging balance_monoZ_sys_ElectronEnUp
Merging phizmet_monoZ_sys_ElectronEnUp
Merging njet_monoZ_sys_ElectronEnUp
Merging measMET_monoZ_catSignal-0jet_sys_ElectronEnDown
Merging MT_monoZ_catSignal-0jet_sys_ElectronEnDown
Merging measMET_monoZ_catEM_sys_ElectronEnDown
Merging MT_monoZ_catEM_sys_ElectronEnDown
Merging measMET_monoZ_catSignal-1jet_sys_ElectronEnDown
Merging MT_monoZ_catSignal-1jet_sys_ElectronEnDown
Merging measMET_monoZ_cat3L_sys_ElectronEnDown
Merging MT_monoZ_cat3L_sys_ElectronEnDown
Merging measMET_monoZ_cat4L_sys_ElectronEnDown
Merging MT_monoZ_cat4L_sys_ElectronEnDown
Merging measMET_monoZ_catNRB_sys_ElectronEnDown
Merging MT_monoZ_catNRB_sys_ElectronEnDown
Merging measMET_monoZ_catTOP_sys_ElectronEnDown
Merging MT_monoZ_catTOP_sys_ElectronEnDown
Merging measMET_monoZ_catDY_sys_ElectronEnDown
Merging MT_monoZ_catDY_sys_ElectronEnDown
Merging balance_monoZ_sys_ElectronEnDown
Merging phizmet_monoZ_sys_ElectronEnDown
Merging njet_monoZ_sys_ElectronEnDown
Merging measMET_monoZ_catSignal-0jet_sys_MuonEnUp
Merging MT_monoZ_catSignal-0jet_sys_MuonEnUp
Merging measMET_monoZ_catEM_sys_MuonEnUp
Merging MT_monoZ_catEM_sys_MuonEnUp
Merging measMET_monoZ_catSignal-1jet_sys_MuonEnUp
Merging MT_monoZ_catSignal-1jet_sys_MuonEnUp
Merging measMET_monoZ_cat3L_sys_MuonEnUp
Merging MT_monoZ_cat3L_sys_MuonEnUp
Merging measMET_monoZ_cat4L_sys_MuonEnUp
Merging MT_monoZ_cat4L_sys_MuonEnUp
Merging measMET_monoZ_catNRB_sys_MuonEnUp
Merging MT_monoZ_catNRB_sys_MuonEnUp
Merging measMET_monoZ_catTOP_sys_MuonEnUp
Merging MT_monoZ_catTOP_sys_MuonEnUp
Merging measMET_monoZ_catDY_sys_MuonEnUp
Merging MT_monoZ_catDY_sys_MuonEnUp
Merging balance_monoZ_sys_MuonEnUp
Merging phizmet_monoZ_sys_MuonEnUp
Merging njet_monoZ_sys_MuonEnUp
Merging measMET_monoZ_catSignal-0jet_sys_MuonEnDown
Merging MT_monoZ_catSignal-0jet_sys_MuonEnDown
Merging measMET_monoZ_catEM_sys_MuonEnDown
Merging MT_monoZ_catEM_sys_MuonEnDown
Merging measMET_monoZ_catSignal-1jet_sys_MuonEnDown
Merging MT_monoZ_catSignal-1jet_sys_MuonEnDown
Merging measMET_monoZ_cat3L_sys_MuonEnDown
Merging MT_monoZ_cat3L_sys_MuonEnDown
Merging measMET_monoZ_cat4L_sys_MuonEnDown
Merging MT_monoZ_cat4L_sys_MuonEnDown
Merging measMET_monoZ_catNRB_sys_MuonEnDown
Merging MT_monoZ_catNRB_sys_MuonEnDown
Merging measMET_monoZ_catTOP_sys_MuonEnDown
Merging MT_monoZ_catTOP_sys_MuonEnDown
Merging measMET_monoZ_catDY_sys_MuonEnDown
Merging MT_monoZ_catDY_sys_MuonEnDown
Merging balance_monoZ_sys_MuonEnDown
Merging phizmet_monoZ_sys_MuonEnDown
Merging njet_monoZ_sys_MuonEnDown
Merging measMET_monoZ_catSignal-0jet_sys_jesTotalUp
Merging MT_monoZ_catSignal-0jet_sys_jesTotalUp
Merging measMET_monoZ_catEM_sys_jesTotalUp
Merging MT_monoZ_catEM_sys_jesTotalUp
Merging measMET_monoZ_catSignal-1jet_sys_jesTotalUp
Merging MT_monoZ_catSignal-1jet_sys_jesTotalUp
Merging measMET_monoZ_cat3L_sys_jesTotalUp
Merging MT_monoZ_cat3L_sys_jesTotalUp
Merging measMET_monoZ_cat4L_sys_jesTotalUp
Merging MT_monoZ_cat4L_sys_jesTotalUp
Merging measMET_monoZ_catNRB_sys_jesTotalUp
Merging MT_monoZ_catNRB_sys_jesTotalUp
Merging measMET_monoZ_catTOP_sys_jesTotalUp
Merging MT_monoZ_catTOP_sys_jesTotalUp
Merging measMET_monoZ_catDY_sys_jesTotalUp
Merging MT_monoZ_catDY_sys_jesTotalUp
Merging balance_monoZ_sys_jesTotalUp
Merging phizmet_monoZ_sys_jesTotalUp
Merging njet_monoZ_sys_jesTotalUp
Merging measMET_monoZ_catSignal-0jet_sys_jesTotalDown
Merging MT_monoZ_catSignal-0jet_sys_jesTotalDown
Merging measMET_monoZ_catEM_sys_jesTotalDown
Merging MT_monoZ_catEM_sys_jesTotalDown
Merging measMET_monoZ_catSignal-1jet_sys_jesTotalDown
Merging MT_monoZ_catSignal-1jet_sys_jesTotalDown
Merging measMET_monoZ_cat3L_sys_jesTotalDown
Merging MT_monoZ_cat3L_sys_jesTotalDown
Merging measMET_monoZ_cat4L_sys_jesTotalDown
Merging MT_monoZ_cat4L_sys_jesTotalDown
Merging measMET_monoZ_catNRB_sys_jesTotalDown
Merging MT_monoZ_catNRB_sys_jesTotalDown
Merging measMET_monoZ_catTOP_sys_jesTotalDown
Merging MT_monoZ_catTOP_sys_jesTotalDown
Merging measMET_monoZ_catDY_sys_jesTotalDown
Merging MT_monoZ_catDY_sys_jesTotalDown
Merging balance_monoZ_sys_jesTotalDown
Merging phizmet_monoZ_sys_jesTotalDown
Merging njet_monoZ_sys_jesTotalDown
Merging measMET_monoZ_catSignal-0jet_sys_jerUp
Merging MT_monoZ_catSignal-0jet_sys_jerUp
Merging measMET_monoZ_catEM_sys_jerUp
Merging MT_monoZ_catEM_sys_jerUp
Merging measMET_monoZ_catSignal-1jet_sys_jerUp
Merging MT_monoZ_catSignal-1jet_sys_jerUp
Merging measMET_monoZ_cat3L_sys_jerUp
Merging MT_monoZ_cat3L_sys_jerUp
Merging measMET_monoZ_cat4L_sys_jerUp
Merging MT_monoZ_cat4L_sys_jerUp
Merging measMET_monoZ_catNRB_sys_jerUp
Merging MT_monoZ_catNRB_sys_jerUp
Merging measMET_monoZ_catTOP_sys_jerUp
Merging MT_monoZ_catTOP_sys_jerUp
Merging measMET_monoZ_catDY_sys_jerUp
Merging MT_monoZ_catDY_sys_jerUp
Merging balance_monoZ_sys_jerUp
Merging phizmet_monoZ_sys_jerUp
Merging njet_monoZ_sys_jerUp
Merging measMET_monoZ_catSignal-0jet_sys_jerDown
Merging MT_monoZ_catSignal-0jet_sys_jerDown
Merging measMET_monoZ_catEM_sys_jerDown
Merging MT_monoZ_catEM_sys_jerDown
Merging measMET_monoZ_catSignal-1jet_sys_jerDown
Merging MT_monoZ_catSignal-1jet_sys_jerDown
Merging measMET_monoZ_cat3L_sys_jerDown
Merging MT_monoZ_cat3L_sys_jerDown
Merging measMET_monoZ_cat4L_sys_jerDown
Merging MT_monoZ_cat4L_sys_jerDown
Merging measMET_monoZ_catNRB_sys_jerDown
Merging MT_monoZ_catNRB_sys_jerDown
Merging measMET_monoZ_catTOP_sys_jerDown
Merging MT_monoZ_catTOP_sys_jerDown
Merging measMET_monoZ_catDY_sys_jerDown
Merging MT_monoZ_catDY_sys_jerDown
Merging balance_monoZ_sys_jerDown
Merging phizmet_monoZ_sys_jerDown
Merging njet_monoZ_sys_jerDown
Merging measMET_monoZ_catSignal-0jet_sys_puWeightUp
Merging MT_monoZ_catSignal-0jet_sys_puWeightUp
Merging measMET_monoZ_catEM_sys_puWeightUp
Merging MT_monoZ_catEM_sys_puWeightUp
Merging measMET_monoZ_catSignal-1jet_sys_puWeightUp
Merging MT_monoZ_catSignal-1jet_sys_puWeightUp
Merging measMET_monoZ_cat3L_sys_puWeightUp
Merging MT_monoZ_cat3L_sys_puWeightUp
Merging measMET_monoZ_cat4L_sys_puWeightUp
Merging MT_monoZ_cat4L_sys_puWeightUp
Merging measMET_monoZ_catNRB_sys_puWeightUp
Merging MT_monoZ_catNRB_sys_puWeightUp
Merging measMET_monoZ_catTOP_sys_puWeightUp
Merging MT_monoZ_catTOP_sys_puWeightUp
Merging measMET_monoZ_catDY_sys_puWeightUp
Merging MT_monoZ_catDY_sys_puWeightUp
Merging balance_monoZ_sys_puWeightUp
Merging phizmet_monoZ_sys_puWeightUp
Merging njet_monoZ_sys_puWeightUp
Merging measMET_monoZ_catSignal-0jet_sys_puWeightDown
Merging MT_monoZ_catSignal-0jet_sys_puWeightDown
Merging measMET_monoZ_catEM_sys_puWeightDown
Merging MT_monoZ_catEM_sys_puWeightDown
Merging measMET_monoZ_catSignal-1jet_sys_puWeightDown
Merging MT_monoZ_catSignal-1jet_sys_puWeightDown
Merging measMET_monoZ_cat3L_sys_puWeightDown
Merging MT_monoZ_cat3L_sys_puWeightDown
Merging measMET_monoZ_cat4L_sys_puWeightDown
Merging MT_monoZ_cat4L_sys_puWeightDown
Merging measMET_monoZ_catNRB_sys_puWeightDown
Merging MT_monoZ_catNRB_sys_puWeightDown
Merging measMET_monoZ_catTOP_sys_puWeightDown
Merging MT_monoZ_catTOP_sys_puWeightDown
Merging measMET_monoZ_catDY_sys_puWeightDown
Merging MT_monoZ_catDY_sys_puWeightDown
Merging balance_monoZ_sys_puWeightDown
Merging phizmet_monoZ_sys_puWeightDown
Merging njet_monoZ_sys_puWeightDown
Merging measMET_monoZ_catSignal-0jet_sys_PDFUp
Merging MT_monoZ_catSignal-0jet_sys_PDFUp
Merging measMET_monoZ_catEM_sys_PDFUp
Merging MT_monoZ_catEM_sys_PDFUp
Merging measMET_monoZ_catSignal-1jet_sys_PDFUp
Merging MT_monoZ_catSignal-1jet_sys_PDFUp
Merging measMET_monoZ_cat3L_sys_PDFUp
Merging MT_monoZ_cat3L_sys_PDFUp
Merging measMET_monoZ_cat4L_sys_PDFUp
Merging MT_monoZ_cat4L_sys_PDFUp
Merging measMET_monoZ_catNRB_sys_PDFUp
Merging MT_monoZ_catNRB_sys_PDFUp
Merging measMET_monoZ_catTOP_sys_PDFUp
Merging MT_monoZ_catTOP_sys_PDFUp
Merging measMET_monoZ_catDY_sys_PDFUp
Merging MT_monoZ_catDY_sys_PDFUp
Merging balance_monoZ_sys_PDFUp
Merging phizmet_monoZ_sys_PDFUp
Merging njet_monoZ_sys_PDFUp
Merging measMET_monoZ_catSignal-0jet_sys_PDFDown
Merging MT_monoZ_catSignal-0jet_sys_PDFDown
Merging measMET_monoZ_catEM_sys_PDFDown
Merging MT_monoZ_catEM_sys_PDFDown
Merging measMET_monoZ_catSignal-1jet_sys_PDFDown
Merging MT_monoZ_catSignal-1jet_sys_PDFDown
Merging measMET_monoZ_cat3L_sys_PDFDown
Merging MT_monoZ_cat3L_sys_PDFDown
Merging measMET_monoZ_cat4L_sys_PDFDown
Merging MT_monoZ_cat4L_sys_PDFDown
Merging measMET_monoZ_catNRB_sys_PDFDown
Merging MT_monoZ_catNRB_sys_PDFDown
Merging measMET_monoZ_catTOP_sys_PDFDown
Merging MT_monoZ_catTOP_sys_PDFDown
Merging measMET_monoZ_catDY_sys_PDFDown
Merging MT_monoZ_catDY_sys_PDFDown
Merging balance_monoZ_sys_PDFDown
Merging phizmet_monoZ_sys_PDFDown
Merging njet_monoZ_sys_PDFDown
Merging measMET_monoZ_catSignal-0jet_sys_MuonSFUp
Merging MT_monoZ_catSignal-0jet_sys_MuonSFUp
Merging measMET_monoZ_catEM_sys_MuonSFUp
Merging MT_monoZ_catEM_sys_MuonSFUp
Merging measMET_monoZ_catSignal-1jet_sys_MuonSFUp
Merging MT_monoZ_catSignal-1jet_sys_MuonSFUp
Merging measMET_monoZ_cat3L_sys_MuonSFUp
Merging MT_monoZ_cat3L_sys_MuonSFUp
Merging measMET_monoZ_cat4L_sys_MuonSFUp
Merging MT_monoZ_cat4L_sys_MuonSFUp
Merging measMET_monoZ_catNRB_sys_MuonSFUp
Merging MT_monoZ_catNRB_sys_MuonSFUp
Merging measMET_monoZ_catTOP_sys_MuonSFUp
Merging MT_monoZ_catTOP_sys_MuonSFUp
Merging measMET_monoZ_catDY_sys_MuonSFUp
Merging MT_monoZ_catDY_sys_MuonSFUp
Merging balance_monoZ_sys_MuonSFUp
Merging phizmet_monoZ_sys_MuonSFUp
Merging njet_monoZ_sys_MuonSFUp
Merging measMET_monoZ_catSignal-0jet_sys_MuonSFDown
Merging MT_monoZ_catSignal-0jet_sys_MuonSFDown
Merging measMET_monoZ_catEM_sys_MuonSFDown
Merging MT_monoZ_catEM_sys_MuonSFDown
Merging measMET_monoZ_catSignal-1jet_sys_MuonSFDown
Merging MT_monoZ_catSignal-1jet_sys_MuonSFDown
Merging measMET_monoZ_cat3L_sys_MuonSFDown
Merging MT_monoZ_cat3L_sys_MuonSFDown
Merging measMET_monoZ_cat4L_sys_MuonSFDown
Merging MT_monoZ_cat4L_sys_MuonSFDown
Merging measMET_monoZ_catNRB_sys_MuonSFDown
Merging MT_monoZ_catNRB_sys_MuonSFDown
Merging measMET_monoZ_catTOP_sys_MuonSFDown
Merging MT_monoZ_catTOP_sys_MuonSFDown
Merging measMET_monoZ_catDY_sys_MuonSFDown
Merging MT_monoZ_catDY_sys_MuonSFDown
Merging balance_monoZ_sys_MuonSFDown
Merging phizmet_monoZ_sys_MuonSFDown
Merging njet_monoZ_sys_MuonSFDown
Merging measMET_monoZ_catSignal-0jet_sys_ElecronSFUp
Merging MT_monoZ_catSignal-0jet_sys_ElecronSFUp
Merging measMET_monoZ_catEM_sys_ElecronSFUp
Merging MT_monoZ_catEM_sys_ElecronSFUp
Merging measMET_monoZ_catSignal-1jet_sys_ElecronSFUp
Merging MT_monoZ_catSignal-1jet_sys_ElecronSFUp
Merging measMET_monoZ_cat3L_sys_ElecronSFUp
Merging MT_monoZ_cat3L_sys_ElecronSFUp
Merging measMET_monoZ_cat4L_sys_ElecronSFUp
Merging MT_monoZ_cat4L_sys_ElecronSFUp
Merging measMET_monoZ_catNRB_sys_ElecronSFUp
Merging MT_monoZ_catNRB_sys_ElecronSFUp
Merging measMET_monoZ_catTOP_sys_ElecronSFUp
Merging MT_monoZ_catTOP_sys_ElecronSFUp
Merging measMET_monoZ_catDY_sys_ElecronSFUp
Merging MT_monoZ_catDY_sys_ElecronSFUp
Merging balance_monoZ_sys_ElecronSFUp
Merging phizmet_monoZ_sys_ElecronSFUp
Merging njet_monoZ_sys_ElecronSFUp
Merging measMET_monoZ_catSignal-0jet_sys_ElecronSFDown
Merging MT_monoZ_catSignal-0jet_sys_ElecronSFDown
Merging measMET_monoZ_catEM_sys_ElecronSFDown
Merging MT_monoZ_catEM_sys_ElecronSFDown
Merging measMET_monoZ_catSignal-1jet_sys_ElecronSFDown
Merging MT_monoZ_catSignal-1jet_sys_ElecronSFDown
Merging measMET_monoZ_cat3L_sys_ElecronSFDown
Merging MT_monoZ_cat3L_sys_ElecronSFDown
Merging measMET_monoZ_cat4L_sys_ElecronSFDown
Merging MT_monoZ_cat4L_sys_ElecronSFDown
Merging measMET_monoZ_catNRB_sys_ElecronSFDown
Merging MT_monoZ_catNRB_sys_ElecronSFDown
Merging measMET_monoZ_catTOP_sys_ElecronSFDown
Merging MT_monoZ_catTOP_sys_ElecronSFDown
Merging measMET_monoZ_catDY_sys_ElecronSFDown
Merging MT_monoZ_catDY_sys_ElecronSFDown
Merging balance_monoZ_sys_ElecronSFDown
Merging phizmet_monoZ_sys_ElecronSFDown
Merging njet_monoZ_sys_ElecronSFDown
Merging measMET_monoZ_catSignal-0jet_sys_EWKUp
Merging MT_monoZ_catSignal-0jet_sys_EWKUp
Merging measMET_monoZ_catEM_sys_EWKUp
Merging MT_monoZ_catEM_sys_EWKUp
Merging measMET_monoZ_catSignal-1jet_sys_EWKUp
Merging MT_monoZ_catSignal-1jet_sys_EWKUp
Merging measMET_monoZ_cat3L_sys_EWKUp
Merging MT_monoZ_cat3L_sys_EWKUp
Merging measMET_monoZ_cat4L_sys_EWKUp
Merging MT_monoZ_cat4L_sys_EWKUp
Merging measMET_monoZ_catNRB_sys_EWKUp
Merging MT_monoZ_catNRB_sys_EWKUp
Merging measMET_monoZ_catTOP_sys_EWKUp
Merging MT_monoZ_catTOP_sys_EWKUp
Merging measMET_monoZ_catDY_sys_EWKUp
Merging MT_monoZ_catDY_sys_EWKUp
Merging balance_monoZ_sys_EWKUp
Merging phizmet_monoZ_sys_EWKUp
Merging njet_monoZ_sys_EWKUp
Merging measMET_monoZ_catSignal-0jet_sys_EWKDown
Merging MT_monoZ_catSignal-0jet_sys_EWKDown
Merging measMET_monoZ_catEM_sys_EWKDown
Merging MT_monoZ_catEM_sys_EWKDown
Merging measMET_monoZ_catSignal-1jet_sys_EWKDown
Merging MT_monoZ_catSignal-1jet_sys_EWKDown
Merging measMET_monoZ_cat3L_sys_EWKDown
Merging MT_monoZ_cat3L_sys_EWKDown
Merging measMET_monoZ_cat4L_sys_EWKDown
Merging MT_monoZ_cat4L_sys_EWKDown
Merging measMET_monoZ_catNRB_sys_EWKDown
Merging MT_monoZ_catNRB_sys_EWKDown
Merging measMET_monoZ_catTOP_sys_EWKDown
Merging MT_monoZ_catTOP_sys_EWKDown
Merging measMET_monoZ_catDY_sys_EWKDown
Merging MT_monoZ_catDY_sys_EWKDown
Merging balance_monoZ_sys_EWKDown
Merging phizmet_monoZ_sys_EWKDown
Merging njet_monoZ_sys_EWKDown
Merging measMET_monoZ_catSignal-0jet_sys_nvtxWeightUp
Merging MT_monoZ_catSignal-0jet_sys_nvtxWeightUp
Merging measMET_monoZ_catEM_sys_nvtxWeightUp
Merging MT_monoZ_catEM_sys_nvtxWeightUp
Merging measMET_monoZ_catSignal-1jet_sys_nvtxWeightUp
Merging MT_monoZ_catSignal-1jet_sys_nvtxWeightUp
Merging measMET_monoZ_cat3L_sys_nvtxWeightUp
Merging MT_monoZ_cat3L_sys_nvtxWeightUp
Merging measMET_monoZ_cat4L_sys_nvtxWeightUp
Merging MT_monoZ_cat4L_sys_nvtxWeightUp
Merging measMET_monoZ_catNRB_sys_nvtxWeightUp
Merging MT_monoZ_catNRB_sys_nvtxWeightUp
Merging measMET_monoZ_catTOP_sys_nvtxWeightUp
Merging MT_monoZ_catTOP_sys_nvtxWeightUp
Merging measMET_monoZ_catDY_sys_nvtxWeightUp
Merging MT_monoZ_catDY_sys_nvtxWeightUp
Merging balance_monoZ_sys_nvtxWeightUp
Merging phizmet_monoZ_sys_nvtxWeightUp
Merging njet_monoZ_sys_nvtxWeightUp
Merging measMET_monoZ_catSignal-0jet_sys_nvtxWeightDown
Merging MT_monoZ_catSignal-0jet_sys_nvtxWeightDown
Merging measMET_monoZ_catEM_sys_nvtxWeightDown
Merging MT_monoZ_catEM_sys_nvtxWeightDown
Merging measMET_monoZ_catSignal-1jet_sys_nvtxWeightDown
Merging MT_monoZ_catSignal-1jet_sys_nvtxWeightDown
Merging measMET_monoZ_cat3L_sys_nvtxWeightDown
Merging MT_monoZ_cat3L_sys_nvtxWeightDown
Merging measMET_monoZ_cat4L_sys_nvtxWeightDown
Merging MT_monoZ_cat4L_sys_nvtxWeightDown
Merging measMET_monoZ_catNRB_sys_nvtxWeightDown
Merging MT_monoZ_catNRB_sys_nvtxWeightDown
Merging measMET_monoZ_catTOP_sys_nvtxWeightDown
Merging MT_monoZ_catTOP_sys_nvtxWeightDown
Merging measMET_monoZ_catDY_sys_nvtxWeightDown
Merging MT_monoZ_catDY_sys_nvtxWeightDown
Merging balance_monoZ_sys_nvtxWeightDown
Merging phizmet_monoZ_sys_nvtxWeightDown
Merging njet_monoZ_sys_nvtxWeightDown
Merging measMET_monoZ_catSignal-0jet_sys_TriggerSFWeightUp
Merging MT_monoZ_catSignal-0jet_sys_TriggerSFWeightUp
Merging measMET_monoZ_catEM_sys_TriggerSFWeightUp
Merging MT_monoZ_catEM_sys_TriggerSFWeightUp
Merging measMET_monoZ_catSignal-1jet_sys_TriggerSFWeightUp
Merging MT_monoZ_catSignal-1jet_sys_TriggerSFWeightUp
Merging measMET_monoZ_cat3L_sys_TriggerSFWeightUp
Merging MT_monoZ_cat3L_sys_TriggerSFWeightUp
Merging measMET_monoZ_cat4L_sys_TriggerSFWeightUp
Merging MT_monoZ_cat4L_sys_TriggerSFWeightUp
Merging measMET_monoZ_catNRB_sys_TriggerSFWeightUp
Merging MT_monoZ_catNRB_sys_TriggerSFWeightUp
Merging measMET_monoZ_catTOP_sys_TriggerSFWeightUp
Merging MT_monoZ_catTOP_sys_TriggerSFWeightUp
Merging measMET_monoZ_catDY_sys_TriggerSFWeightUp
Merging MT_monoZ_catDY_sys_TriggerSFWeightUp
Merging balance_monoZ_sys_TriggerSFWeightUp
Merging phizmet_monoZ_sys_TriggerSFWeightUp
Merging njet_monoZ_sys_TriggerSFWeightUp
Merging measMET_monoZ_catSignal-0jet_sys_TriggerSFWeightDown
Merging MT_monoZ_catSignal-0jet_sys_TriggerSFWeightDown
Merging measMET_monoZ_catEM_sys_TriggerSFWeightDown
Merging MT_monoZ_catEM_sys_TriggerSFWeightDown
Merging measMET_monoZ_catSignal-1jet_sys_TriggerSFWeightDown
Merging MT_monoZ_catSignal-1jet_sys_TriggerSFWeightDown
Merging measMET_monoZ_cat3L_sys_TriggerSFWeightDown
Merging MT_monoZ_cat3L_sys_TriggerSFWeightDown
Merging measMET_monoZ_cat4L_sys_TriggerSFWeightDown
Merging MT_monoZ_cat4L_sys_TriggerSFWeightDown
Merging measMET_monoZ_catNRB_sys_TriggerSFWeightDown
Merging MT_monoZ_catNRB_sys_TriggerSFWeightDown
Merging measMET_monoZ_catTOP_sys_TriggerSFWeightDown
Merging MT_monoZ_catTOP_sys_TriggerSFWeightDown
Merging measMET_monoZ_catDY_sys_TriggerSFWeightDown
Merging MT_monoZ_catDY_sys_TriggerSFWeightDown
Merging balance_monoZ_sys_TriggerSFWeightDown
Merging phizmet_monoZ_sys_TriggerSFWeightDown
Merging njet_monoZ_sys_TriggerSFWeightDown
Merging measMET_monoZ_catSignal-0jet_sys_btagEventWeightUp
Merging MT_monoZ_catSignal-0jet_sys_btagEventWeightUp
Merging measMET_monoZ_catEM_sys_btagEventWeightUp
Merging MT_monoZ_catEM_sys_btagEventWeightUp
Merging measMET_monoZ_catSignal-1jet_sys_btagEventWeightUp
Merging MT_monoZ_catSignal-1jet_sys_btagEventWeightUp
Merging measMET_monoZ_cat3L_sys_btagEventWeightUp
Merging MT_monoZ_cat3L_sys_btagEventWeightUp
Merging measMET_monoZ_cat4L_sys_btagEventWeightUp
Merging MT_monoZ_cat4L_sys_btagEventWeightUp
Merging measMET_monoZ_catNRB_sys_btagEventWeightUp
Merging MT_monoZ_catNRB_sys_btagEventWeightUp
Merging measMET_monoZ_catTOP_sys_btagEventWeightUp
Merging MT_monoZ_catTOP_sys_btagEventWeightUp
Merging measMET_monoZ_catDY_sys_btagEventWeightUp
Merging MT_monoZ_catDY_sys_btagEventWeightUp
Merging balance_monoZ_sys_btagEventWeightUp
Merging phizmet_monoZ_sys_btagEventWeightUp
Merging njet_monoZ_sys_btagEventWeightUp
Merging measMET_monoZ_catSignal-0jet_sys_btagEventWeightDown
Merging MT_monoZ_catSignal-0jet_sys_btagEventWeightDown
Merging measMET_monoZ_catEM_sys_btagEventWeightDown
Merging MT_monoZ_catEM_sys_btagEventWeightDown
Merging measMET_monoZ_catSignal-1jet_sys_btagEventWeightDown
Merging MT_monoZ_catSignal-1jet_sys_btagEventWeightDown
Merging measMET_monoZ_cat3L_sys_btagEventWeightDown
Merging MT_monoZ_cat3L_sys_btagEventWeightDown
Merging measMET_monoZ_cat4L_sys_btagEventWeightDown
Merging MT_monoZ_cat4L_sys_btagEventWeightDown
Merging measMET_monoZ_catNRB_sys_btagEventWeightDown
Merging MT_monoZ_catNRB_sys_btagEventWeightDown
Merging measMET_monoZ_catTOP_sys_btagEventWeightDown
Merging MT_monoZ_catTOP_sys_btagEventWeightDown
Merging measMET_monoZ_catDY_sys_btagEventWeightDown
Merging MT_monoZ_catDY_sys_btagEventWeightDown
Merging balance_monoZ_sys_btagEventWeightDown
Merging phizmet_monoZ_sys_btagEventWeightDown
Merging njet_monoZ_sys_btagEventWeightDown
Merging measMET_monoZ_catSignal-0jet_sys_QCDScale0wUp
Merging MT_monoZ_catSignal-0jet_sys_QCDScale0wUp
Merging measMET_monoZ_catEM_sys_QCDScale0wUp
Merging MT_monoZ_catEM_sys_QCDScale0wUp
Merging measMET_monoZ_catSignal-1jet_sys_QCDScale0wUp
Merging MT_monoZ_catSignal-1jet_sys_QCDScale0wUp
Merging measMET_monoZ_cat3L_sys_QCDScale0wUp
Merging MT_monoZ_cat3L_sys_QCDScale0wUp
Merging measMET_monoZ_cat4L_sys_QCDScale0wUp
Merging MT_monoZ_cat4L_sys_QCDScale0wUp
Merging measMET_monoZ_catNRB_sys_QCDScale0wUp
Merging MT_monoZ_catNRB_sys_QCDScale0wUp
Merging measMET_monoZ_catTOP_sys_QCDScale0wUp
Merging MT_monoZ_catTOP_sys_QCDScale0wUp
Merging measMET_monoZ_catDY_sys_QCDScale0wUp
Merging MT_monoZ_catDY_sys_QCDScale0wUp
Merging balance_monoZ_sys_QCDScale0wUp
Merging phizmet_monoZ_sys_QCDScale0wUp
Merging njet_monoZ_sys_QCDScale0wUp
Merging measMET_monoZ_catSignal-0jet_sys_QCDScale0wDown
Merging MT_monoZ_catSignal-0jet_sys_QCDScale0wDown
Merging measMET_monoZ_catEM_sys_QCDScale0wDown
Merging MT_monoZ_catEM_sys_QCDScale0wDown
Merging measMET_monoZ_catSignal-1jet_sys_QCDScale0wDown
Merging MT_monoZ_catSignal-1jet_sys_QCDScale0wDown
Merging measMET_monoZ_cat3L_sys_QCDScale0wDown
Merging MT_monoZ_cat3L_sys_QCDScale0wDown
Merging measMET_monoZ_cat4L_sys_QCDScale0wDown
Merging MT_monoZ_cat4L_sys_QCDScale0wDown
Merging measMET_monoZ_catNRB_sys_QCDScale0wDown
Merging MT_monoZ_catNRB_sys_QCDScale0wDown
Merging measMET_monoZ_catTOP_sys_QCDScale0wDown
Merging MT_monoZ_catTOP_sys_QCDScale0wDown
Merging measMET_monoZ_catDY_sys_QCDScale0wDown
Merging MT_monoZ_catDY_sys_QCDScale0wDown
Merging balance_monoZ_sys_QCDScale0wDown
Merging phizmet_monoZ_sys_QCDScale0wDown
Merging njet_monoZ_sys_QCDScale0wDown
Merging measMET_monoZ_catSignal-0jet_sys_QCDScale1wUp
Merging MT_monoZ_catSignal-0jet_sys_QCDScale1wUp
Merging measMET_monoZ_catEM_sys_QCDScale1wUp
Merging MT_monoZ_catEM_sys_QCDScale1wUp
Merging measMET_monoZ_catSignal-1jet_sys_QCDScale1wUp
Merging MT_monoZ_catSignal-1jet_sys_QCDScale1wUp
Merging measMET_monoZ_cat3L_sys_QCDScale1wUp
Merging MT_monoZ_cat3L_sys_QCDScale1wUp
Merging measMET_monoZ_cat4L_sys_QCDScale1wUp
Merging MT_monoZ_cat4L_sys_QCDScale1wUp
Merging measMET_monoZ_catNRB_sys_QCDScale1wUp
Merging MT_monoZ_catNRB_sys_QCDScale1wUp
Merging measMET_monoZ_catTOP_sys_QCDScale1wUp
Merging MT_monoZ_catTOP_sys_QCDScale1wUp
Merging measMET_monoZ_catDY_sys_QCDScale1wUp
Merging MT_monoZ_catDY_sys_QCDScale1wUp
Merging balance_monoZ_sys_QCDScale1wUp
Merging phizmet_monoZ_sys_QCDScale1wUp
Merging njet_monoZ_sys_QCDScale1wUp
Merging measMET_monoZ_catSignal-0jet_sys_QCDScale1wDown
Merging MT_monoZ_catSignal-0jet_sys_QCDScale1wDown
Merging measMET_monoZ_catEM_sys_QCDScale1wDown
Merging MT_monoZ_catEM_sys_QCDScale1wDown
Merging measMET_monoZ_catSignal-1jet_sys_QCDScale1wDown
Merging MT_monoZ_catSignal-1jet_sys_QCDScale1wDown
Merging measMET_monoZ_cat3L_sys_QCDScale1wDown
Merging MT_monoZ_cat3L_sys_QCDScale1wDown
Merging measMET_monoZ_cat4L_sys_QCDScale1wDown
Merging MT_monoZ_cat4L_sys_QCDScale1wDown
Merging measMET_monoZ_catNRB_sys_QCDScale1wDown
Merging MT_monoZ_catNRB_sys_QCDScale1wDown
Merging measMET_monoZ_catTOP_sys_QCDScale1wDown
Merging MT_monoZ_catTOP_sys_QCDScale1wDown
Merging measMET_monoZ_catDY_sys_QCDScale1wDown
Merging MT_monoZ_catDY_sys_QCDScale1wDown
Merging balance_monoZ_sys_QCDScale1wDown
Merging phizmet_monoZ_sys_QCDScale1wDown
Merging njet_monoZ_sys_QCDScale1wDown
Merging measMET_monoZ_catSignal-0jet_sys_QCDScale2wUp
Merging MT_monoZ_catSignal-0jet_sys_QCDScale2wUp
Merging measMET_monoZ_catEM_sys_QCDScale2wUp
Merging MT_monoZ_catEM_sys_QCDScale2wUp
Merging measMET_monoZ_catSignal-1jet_sys_QCDScale2wUp
Merging MT_monoZ_catSignal-1jet_sys_QCDScale2wUp
Merging measMET_monoZ_cat3L_sys_QCDScale2wUp
Merging MT_monoZ_cat3L_sys_QCDScale2wUp
Merging measMET_monoZ_cat4L_sys_QCDScale2wUp
Merging MT_monoZ_cat4L_sys_QCDScale2wUp
Merging measMET_monoZ_catNRB_sys_QCDScale2wUp
Merging MT_monoZ_catNRB_sys_QCDScale2wUp
Merging measMET_monoZ_catTOP_sys_QCDScale2wUp
Merging MT_monoZ_catTOP_sys_QCDScale2wUp
Merging measMET_monoZ_catDY_sys_QCDScale2wUp
Merging MT_monoZ_catDY_sys_QCDScale2wUp
Merging balance_monoZ_sys_QCDScale2wUp
Merging phizmet_monoZ_sys_QCDScale2wUp
Merging njet_monoZ_sys_QCDScale2wUp
Merging measMET_monoZ_catSignal-0jet_sys_QCDScale2wDown
Merging MT_monoZ_catSignal-0jet_sys_QCDScale2wDown
Merging measMET_monoZ_catEM_sys_QCDScale2wDown
Merging MT_monoZ_catEM_sys_QCDScale2wDown
Merging measMET_monoZ_catSignal-1jet_sys_QCDScale2wDown
Merging MT_monoZ_catSignal-1jet_sys_QCDScale2wDown
Merging measMET_monoZ_cat3L_sys_QCDScale2wDown
Merging MT_monoZ_cat3L_sys_QCDScale2wDown
Merging measMET_monoZ_cat4L_sys_QCDScale2wDown
Merging MT_monoZ_cat4L_sys_QCDScale2wDown
Merging measMET_monoZ_catNRB_sys_QCDScale2wDown
Merging MT_monoZ_catNRB_sys_QCDScale2wDown
Merging measMET_monoZ_catTOP_sys_QCDScale2wDown
Merging MT_monoZ_catTOP_sys_QCDScale2wDown
Merging measMET_monoZ_catDY_sys_QCDScale2wDown
Merging MT_monoZ_catDY_sys_QCDScale2wDown
Merging balance_monoZ_sys_QCDScale2wDown
Merging phizmet_monoZ_sys_QCDScale2wDown
Merging njet_monoZ_sys_QCDScale2wDown
Merging Events
Merging Runs
Merging ParameterSets
Merging LuminosityBlocks
Merging MetaData
Merging measMET_ZZZ_TuneCUETP8M1_13TeV-amcatnlo-pythia8_catNRB_sys_jesTotalUp
Merging MT_ZZZ_TuneCUETP8M1_13TeV-amcatnlo-pythia8_catSignal-0jet_sys_PrefireWeightDown
Merging measMET_ZZZ_TuneCUETP8M1_13TeV-amcatnlo-pythia8_catNRB_sys_QCDScale1wUp
Merging measMET_ZZZ_TuneCUETP8M1_13TeV-amcatnlo-pythia8_catTOP_sys_EWKDown
Merging measMET_ZZZ_TuneCUETP8M1_13TeV-amcatnlo-pythia8_catTOP_sys_jerUp
Merging phizmet_ZZZ_TuneCUETP8M1_13TeV-amcatnlo-pythia8
Merging measMET_ZZZ_TuneCUETP8M1_13TeV-amcatnlo-pythia8_catEM_sys_QCDScale1wUp
Merging measMET_ZZZ_TuneCUETP8M1_13TeV-amcatnlo-pythia8_cat4L_sys_EWKDown
Merging MT_ZZZ_TuneCUETP8M1_13TeV-amcatnlo-pythia8_cat4L_sys_EWKUp
Merging measMET_ZZZ_TuneCUETP8M1_13TeV-amcatnlo-pythia8_catEM_sys_TriggerSFWeightDown
Merging measMET_ZZZ_TuneCUETP8M1_13TeV-amcatnlo-pythia8_catSignal-1jet_sys_PrefireWeightUp
Merging njet_ZZZ_TuneCUETP8M1_13TeV-amcatnlo-pythia8
Merging measMET_ZZZ_TuneCUETP8M1_13TeV-amcatnlo-pythia8_catSignal-0jet_sys_btagEventWeightUp
Merging measMET_ZZZ_TuneCUETP8M1_13TeV-amcatnlo-pythia8_cat4L_sys_QCDScale1wDown
Merging MT_ZZZ_TuneCUETP8M1_13TeV-amcatnlo-pythia8_catTOP_sys_ElecronSFDown
Merging measMET_ZZZ_TuneCUETP8M1_13TeV-amcatnlo-pythia8_cat4L_sys_ElectronEnUp
Merging MT_ZZZ_TuneCUETP8M1_13TeV-amcatnlo-pythia8_catSignal-0jet_sys_PrefireWeightUp
Merging balance_ZZZ_TuneCUETP8M1_13TeV-amcatnlo-pythia8_sys_jesTotalUp
Merging measMET_ZZZ_TuneCUETP8M1_13TeV-amcatnlo-pythia8_catEM_sys_jesTotalUp
Merging MT_ZZZ_TuneCUETP8M1_13TeV-amcatnlo-pythia8_catDY_sys_QCDScale0wDown
Merging measMET_ZZZ_TuneCUETP8M1_13TeV-amcatnlo-pythia8_cat3L_sys_MuonEnUp
Merging MT_ZZZ_TuneCUETP8M1_13TeV-amcatnlo-pythia8_catTOP_sys_PrefireWeightUp
Merging MT_ZZZ_TuneCUETP8M1_13TeV-amcatnlo-pythia8_catTOP_sys_ElectronEnUp
Merging measMET_ZZZ_TuneCUETP8M1_13TeV-amcatnlo-pythia8_catNRB_sys_EWKUp
Merging measMET_ZZZ_TuneCUETP8M1_13TeV-amcatnlo-pythia8_catTOP_sys_PDFUp
Merging MT_ZZZ_TuneCUETP8M1_13TeV-amcatnlo-pythia8_catDY_sys_TriggerSFWeightUp
Merging MT_ZZZ_TuneCUETP8M1_13TeV-amcatnlo-pythia8_catNRB_sys_MuonEnDown
Merging measMET_ZZZ_TuneCUETP8M1_13TeV-amcatnlo-pythia8_catTOP_sys_puWeightDown
Merging MT_ZZZ_TuneCUETP8M1_13TeV-amcatnlo-pythia8_catDY_sys_btagEventWeightUp
Merging njet_ZZZ_TuneCUETP8M1_13TeV-amcatnlo-pythia8_sys_ElecronSFDown
Merging measMET_ZZZ_TuneCUETP8M1_13TeV-amcatnlo-pythia8_catEM_sys_ElectronEnUp
Merging measMET_ZZZ_TuneCUETP8M1_13TeV-amcatnlo-pythia8_catSignal-0jet_sys_jerDown
Merging measMET_ZZZ_TuneCUETP8M1_13TeV-amcatnlo-pythia8_cat4L_sys_QCDScale0wDown
Merging measMET_ZZZ_TuneCUETP8M1_13TeV-amcatnlo-pythia8_catTOP_sys_puWeightUp
Merging balance_ZZZ_TuneCUETP8M1_13TeV-amcatnlo-pythia8_sys_btagEventWeightUp
Merging measMET_ZZZ_TuneCUETP8M1_13TeV-amcatnlo-pythia8_catSignal-0jet_sys_PrefireWeightUp
Merging MT_ZZZ_TuneCUETP8M1_13TeV-amcatnlo-pythia8_catEM_sys_QCDScale1wDown
Merging MT_ZZZ_TuneCUETP8M1_13TeV-amcatnlo-pythia8_cat3L_sys_puWeightUp
Merging measMET_ZZZ_TuneCUETP8M1_13TeV-amcatnlo-pythia8_catSignal-1jet_sys_puWeightUp
Merging measMET_ZZZ_TuneCUETP8M1_13TeV-amcatnlo-pythia8_catDY_sys_QCDScale1wDown
Merging measMET_ZZZ_TuneCUETP8M1_13TeV-amcatnlo-pythia8_catTOP_sys_ElectronEnUp
Merging njet_ZZZ_TuneCUETP8M1_13TeV-amcatnlo-pythia8_sys_jerUp
Merging measMET_ZZZ_TuneCUETP8M1_13TeV-amcatnlo-pythia8_catNRB_sys_PDFUp
Merging MT_ZZZ_TuneCUETP8M1_13TeV-amcatnlo-pythia8_catTOP_sys_MuonSFUp
Merging MT_ZZZ_TuneCUETP8M1_13TeV-amcatnlo-pythia8_catSignal-1jet_sys_MuonSFDown
Merging njet_ZZZ_TuneCUETP8M1_13TeV-amcatnlo-pythia8_sys_MuonSFDown
Merging phizmet_ZZZ_TuneCUETP8M1_13TeV-amcatnlo-pythia8_sys_TriggerSFWeightDown
Merging phizmet_ZZZ_TuneCUETP8M1_13TeV-amcatnlo-pythia8_sys_nvtxWeightUp
Merging measMET_ZZZ_TuneCUETP8M1_13TeV-amcatnlo-pythia8_catNRB_sys_ElecronSFUp
Merging MT_ZZZ_TuneCUETP8M1_13TeV-amcatnlo-pythia8_cat4L_sys_PDFDown
Merging MT_ZZZ_TuneCUETP8M1_13TeV-amcatnlo-pythia8_catSignal-0jet_sys_btagEventWeightUp
Merging balance_ZZZ_TuneCUETP8M1_13TeV-amcatnlo-pythia8_sys_QCDScale1wUp
Merging MT_ZZZ_TuneCUETP8M1_13TeV-amcatnlo-pythia8_catTOP_sys_PDFDown
Merging measMET_ZZZ_TuneCUETP8M1_13TeV-amcatnlo-pythia8_catSignal-1jet_sys_QCDScale0wUp
Merging measMET_ZZZ_TuneCUETP8M1_13TeV-amcatnlo-pythia8_catNRB_sys_ElecronSFDown
Merging MT_ZZZ_TuneCUETP8M1_13TeV-amcatnlo-pythia8_catSignal-1jet_sys_QCDScale0wUp
Merging balance_ZZZ_TuneCUETP8M1_13TeV-amcatnlo-pythia8_sys_nvtxWeightDown
Merging measMET_ZZZ_TuneCUETP8M1_13TeV-amcatnlo-pythia8_cat4L_sys_jerDown
Merging MT_ZZZ_TuneCUETP8M1_13TeV-amcatnlo-pythia8_catNRB_sys_nvtxWeightDown
Merging phizmet_ZZZ_TuneCUETP8M1_13TeV-amcatnlo-pythia8_sys_QCDScale1wDown
Merging measMET_ZZZ_TuneCUETP8M1_13TeV-amcatnlo-pythia8_cat3L_sys_PrefireWeightUp
Merging measMET_ZZZ_TuneCUETP8M1_13TeV-amcatnlo-pythia8_catSignal-0jet_sys_puWeightUp
Merging measMET_ZZZ_TuneCUETP8M1_13TeV-amcatnlo-pythia8_catTOP_sys_btagEventWeightUp
Merging njet_ZZZ_TuneCUETP8M1_13TeV-amcatnlo-pythia8_sys_QCDScale0wDown
Merging MT_ZZZ_TuneCUETP8M1_13TeV-amcatnlo-pythia8_cat3L_sys_QCDScale0wUp
Merging measMET_ZZZ_TuneCUETP8M1_13TeV-amcatnlo-pythia8_catSignal-1jet_sys_puWeightDown
Merging balance_ZZZ_TuneCUETP8M1_13TeV-amcatnlo-pythia8_sys_MuonEnUp
Merging MT_ZZZ_TuneCUETP8M1_13TeV-amcatnlo-pythia8_catEM_sys_EWKUp
Merging MT_ZZZ_TuneCUETP8M1_13TeV-amcatnlo-pythia8_catSignal-0jet_sys_MuonEnUp
Merging balance_ZZZ_TuneCUETP8M1_13TeV-amcatnlo-pythia8_sys_ElecronSFDown
Merging MT_ZZZ_TuneCUETP8M1_13TeV-amcatnlo-pythia8_catEM_sys_QCDScale0wDown
Merging MT_ZZZ_TuneCUETP8M1_13TeV-amcatnlo-pythia8_catEM_sys_PDFUp
Merging MT_ZZZ_TuneCUETP8M1_13TeV-amcatnlo-pythia8_cat4L_sys_btagEventWeightUp
Merging MT_ZZZ_TuneCUETP8M1_13TeV-amcatnlo-pythia8_cat3L_sys_QCDScale0wDown
Merging measMET_ZZZ_TuneCUETP8M1_13TeV-amcatnlo-pythia8_catEM_sys_nvtxWeightDown
Merging phizmet_ZZZ_TuneCUETP8M1_13TeV-amcatnlo-pythia8_sys_QCDScale0wDown
Merging measMET_ZZZ_TuneCUETP8M1_13TeV-amcatnlo-pythia8_catNRB_sys_MuonEnUp
Merging njet_ZZZ_TuneCUETP8M1_13TeV-amcatnlo-pythia8_sys_EWKUp
Merging measMET_ZZZ_TuneCUETP8M1_13TeV-amcatnlo-pythia8_catSignal-0jet_sys_MuonSFDown
Merging MT_ZZZ_TuneCUETP8M1_13TeV-amcatnlo-pythia8_catSignal-1jet_sys_TriggerSFWeightUp
Merging MT_ZZZ_TuneCUETP8M1_13TeV-amcatnlo-pythia8_catTOP_sys_MuonSFDown
Merging measMET_ZZZ_TuneCUETP8M1_13TeV-amcatnlo-pythia8_catNRB_sys_nvtxWeightDown
Merging MT_ZZZ_TuneCUETP8M1_13TeV-amcatnlo-pythia8_catNRB_sys_TriggerSFWeightUp
Merging MT_ZZZ_TuneCUETP8M1_13TeV-amcatnlo-pythia8_catNRB_sys_jesTotalUp
Merging measMET_ZZZ_TuneCUETP8M1_13TeV-amcatnlo-pythia8_catDY_sys_QCDScale2wDown
Merging MT_ZZZ_TuneCUETP8M1_13TeV-amcatnlo-pythia8_catSignal-1jet_sys_nvtxWeightUp
Merging MT_ZZZ_TuneCUETP8M1_13TeV-amcatnlo-pythia8_catDY_sys_QCDScale1wDown
Merging measMET_ZZZ_TuneCUETP8M1_13TeV-amcatnlo-pythia8_catDY_sys_QCDScale0wUp
Merging measMET_ZZZ_TuneCUETP8M1_13TeV-amcatnlo-pythia8_cat3L_sys_btagEventWeightDown
Merging MT_ZZZ_TuneCUETP8M1_13TeV-amcatnlo-pythia8_catSignal-1jet_sys_btagEventWeightDown
Merging measMET_ZZZ_TuneCUETP8M1_13TeV-amcatnlo-pythia8_catTOP_sys_ElecronSFDown
Merging MT_ZZZ_TuneCUETP8M1_13TeV-amcatnlo-pythia8_catTOP_sys_nvtxWeightUp
Merging MT_ZZZ_TuneCUETP8M1_13TeV-amcatnlo-pythia8_catEM_sys_PrefireWeightDown
Merging balance_ZZZ_TuneCUETP8M1_13TeV-amcatnlo-pythia8_sys_nvtxWeightUp
Merging MT_ZZZ_TuneCUETP8M1_13TeV-amcatnlo-pythia8_cat4L_sys_MuonEnUp
Merging measMET_ZZZ_TuneCUETP8M1_13TeV-amcatnlo-pythia8_catTOP_sys_ElectronEnDown
Merging MT_ZZZ_TuneCUETP8M1_13TeV-amcatnlo-pythia8_cat3L_sys_ElectronEnUp
Merging MT_ZZZ_TuneCUETP8M1_13TeV-amcatnlo-pythia8_catSignal-1jet_sys_QCDScale1wDown
Merging MT_ZZZ_TuneCUETP8M1_13TeV-amcatnlo-pythia8_catEM_sys_ElectronEnDown
Merging MT_ZZZ_TuneCUETP8M1_13TeV-amcatnlo-pythia8_catDY_sys_MuonEnDown
Merging MT_ZZZ_TuneCUETP8M1_13TeV-amcatnlo-pythia8_cat4L_sys_ElecronSFUp
Merging measMET_ZZZ_TuneCUETP8M1_13TeV-amcatnlo-pythia8_catNRB_sys_MuonSFDown
Merging MT_ZZZ_TuneCUETP8M1_13TeV-amcatnlo-pythia8_catSignal-0jet_sys_TriggerSFWeightUp
Merging phizmet_ZZZ_TuneCUETP8M1_13TeV-amcatnlo-pythia8_sys_puWeightDown
Merging njet_ZZZ_TuneCUETP8M1_13TeV-amcatnlo-pythia8_sys_MuonEnUp
Merging MT_ZZZ_TuneCUETP8M1_13TeV-amcatnlo-pythia8_catDY_sys_EWKDown
Merging MT_ZZZ_TuneCUETP8M1_13TeV-amcatnlo-pythia8_catSignal-1jet
Merging measMET_ZZZ_TuneCUETP8M1_13TeV-amcatnlo-pythia8_catTOP_sys_btagEventWeightDown
Merging MT_ZZZ_TuneCUETP8M1_13TeV-amcatnlo-pythia8_catSignal-0jet
Merging MT_ZZZ_TuneCUETP8M1_13TeV-amcatnlo-pythia8_catSignal-0jet_sys_QCDScale1wUp
Merging MT_ZZZ_TuneCUETP8M1_13TeV-amcatnlo-pythia8_catEM_sys_nvtxWeightDown
Merging measMET_ZZZ_TuneCUETP8M1_13TeV-amcatnlo-pythia8_cat3L_sys_nvtxWeightDown
Merging autoPU
Merging measMET_ZZZ_TuneCUETP8M1_13TeV-amcatnlo-pythia8_cat3L_sys_QCDScale2wUp
Merging MT_ZZZ_TuneCUETP8M1_13TeV-amcatnlo-pythia8_catNRB_sys_PrefireWeightUp
Merging MT_ZZZ_TuneCUETP8M1_13TeV-amcatnlo-pythia8_catSignal-1jet_sys_PrefireWeightUp
Merging balance_ZZZ_TuneCUETP8M1_13TeV-amcatnlo-pythia8_sys_MuonSFUp
Merging measMET_ZZZ_TuneCUETP8M1_13TeV-amcatnlo-pythia8_catSignal-0jet_sys_EWKDown
Merging measMET_ZZZ_TuneCUETP8M1_13TeV-amcatnlo-pythia8_catTOP_sys_TriggerSFWeightDown
Merging measMET_ZZZ_TuneCUETP8M1_13TeV-amcatnlo-pythia8_catEM_sys_QCDScale2wUp
Merging MT_ZZZ_TuneCUETP8M1_13TeV-amcatnlo-pythia8_catEM_sys_jerUp
Merging measMET_ZZZ_TuneCUETP8M1_13TeV-amcatnlo-pythia8_catDY_sys_TriggerSFWeightUp
Merging MT_ZZZ_TuneCUETP8M1_13TeV-amcatnlo-pythia8_catSignal-1jet_sys_EWKDown
Merging measMET_ZZZ_TuneCUETP8M1_13TeV-amcatnlo-pythia8_cat3L_sys_EWKUp
Merging measMET_ZZZ_TuneCUETP8M1_13TeV-amcatnlo-pythia8_catDY_sys_ElecronSFDown
Merging MT_ZZZ_TuneCUETP8M1_13TeV-amcatnlo-pythia8_catNRB
Merging measMET_ZZZ_TuneCUETP8M1_13TeV-amcatnlo-pythia8_catSignal-0jet_sys_puWeightDown
Merging measMET_ZZZ_TuneCUETP8M1_13TeV-amcatnlo-pythia8_cat4L_sys_btagEventWeightUp
Merging measMET_ZZZ_TuneCUETP8M1_13TeV-amcatnlo-pythia8_catEM_sys_ElecronSFDown
Merging MT_ZZZ_TuneCUETP8M1_13TeV-amcatnlo-pythia8_cat4L_sys_PrefireWeightDown
Merging MT_ZZZ_TuneCUETP8M1_13TeV-amcatnlo-pythia8_catEM_sys_MuonSFUp
Merging njet_ZZZ_TuneCUETP8M1_13TeV-amcatnlo-pythia8_sys_ElectronEnDown
Merging MT_ZZZ_TuneCUETP8M1_13TeV-amcatnlo-pythia8_cat3L_sys_ElectronEnDown
Merging measMET_ZZZ_TuneCUETP8M1_13TeV-amcatnlo-pythia8_cat4L_sys_QCDScale0wUp
Merging MT_ZZZ_TuneCUETP8M1_13TeV-amcatnlo-pythia8_catSignal-0jet_sys_MuonEnDown
Merging measMET_ZZZ_TuneCUETP8M1_13TeV-amcatnlo-pythia8_catDY_sys_ElectronEnDown
Merging measMET_ZZZ_TuneCUETP8M1_13TeV-amcatnlo-pythia8_catSignal-0jet_sys_jerUp
Merging measMET_ZZZ_TuneCUETP8M1_13TeV-amcatnlo-pythia8_catSignal-0jet_sys_QCDScale0wUp
Merging measMET_ZZZ_TuneCUETP8M1_13TeV-amcatnlo-pythia8_catNRB_sys_MuonSFUp
Merging balance_ZZZ_TuneCUETP8M1_13TeV-amcatnlo-pythia8_sys_TriggerSFWeightDown
Merging balance_ZZZ_TuneCUETP8M1_13TeV-amcatnlo-pythia8
Merging measMET_ZZZ_TuneCUETP8M1_13TeV-amcatnlo-pythia8_catEM_sys_btagEventWeightUp
Merging measMET_ZZZ_TuneCUETP8M1_13TeV-amcatnlo-pythia8_catEM_sys_puWeightDown
Merging measMET_ZZZ_TuneCUETP8M1_13TeV-amcatnlo-pythia8_catNRB_sys_ElectronEnDown
Merging phizmet_ZZZ_TuneCUETP8M1_13TeV-amcatnlo-pythia8_sys_QCDScale2wDown
Merging measMET_ZZZ_TuneCUETP8M1_13TeV-amcatnlo-pythia8_catSignal-0jet_sys_EWKUp
Merging measMET_ZZZ_TuneCUETP8M1_13TeV-amcatnlo-pythia8_catEM_sys_puWeightUp
Merging measMET_ZZZ_TuneCUETP8M1_13TeV-amcatnlo-pythia8_catTOP_sys_QCDScale1wUp
Merging balance_ZZZ_TuneCUETP8M1_13TeV-amcatnlo-pythia8_sys_puWeightDown
Merging measMET_ZZZ_TuneCUETP8M1_13TeV-amcatnlo-pythia8_catEM_sys_EWKUp
Merging MT_ZZZ_TuneCUETP8M1_13TeV-amcatnlo-pythia8_catSignal-0jet_sys_PDFUp
Merging measMET_ZZZ_TuneCUETP8M1_13TeV-amcatnlo-pythia8_catDY_sys_QCDScale1wUp
Merging measMET_ZZZ_TuneCUETP8M1_13TeV-amcatnlo-pythia8_cat4L_sys_puWeightUp
Merging MT_ZZZ_TuneCUETP8M1_13TeV-amcatnlo-pythia8_cat4L_sys_QCDScale2wDown
Merging MT_ZZZ_TuneCUETP8M1_13TeV-amcatnlo-pythia8_catTOP_sys_PDFUp
Merging MT_ZZZ_TuneCUETP8M1_13TeV-amcatnlo-pythia8_cat4L_sys_MuonEnDown
Merging MT_ZZZ_TuneCUETP8M1_13TeV-amcatnlo-pythia8_catTOP_sys_MuonEnUp
Merging measMET_ZZZ_TuneCUETP8M1_13TeV-amcatnlo-pythia8_catNRB_sys_jesTotalDown
Merging balance_ZZZ_TuneCUETP8M1_13TeV-amcatnlo-pythia8_sys_PDFUp
Merging MT_ZZZ_TuneCUETP8M1_13TeV-amcatnlo-pythia8_catNRB_sys_puWeightDown
Merging measMET_ZZZ_TuneCUETP8M1_13TeV-amcatnlo-pythia8_catDY_sys_puWeightUp
Merging measMET_ZZZ_TuneCUETP8M1_13TeV-amcatnlo-pythia8_catTOP_sys_PrefireWeightDown
Merging MT_ZZZ_TuneCUETP8M1_13TeV-amcatnlo-pythia8_catSignal-0jet_sys_ElecronSFUp
Merging measMET_ZZZ_TuneCUETP8M1_13TeV-amcatnlo-pythia8_catDY
Merging phizmet_ZZZ_TuneCUETP8M1_13TeV-amcatnlo-pythia8_sys_EWKDown
Merging njet_ZZZ_TuneCUETP8M1_13TeV-amcatnlo-pythia8_sys_ElecronSFUp
Merging MT_ZZZ_TuneCUETP8M1_13TeV-amcatnlo-pythia8_catSignal-1jet_sys_PDFDown
Merging measMET_ZZZ_TuneCUETP8M1_13TeV-amcatnlo-pythia8_catNRB
Merging MT_ZZZ_TuneCUETP8M1_13TeV-amcatnlo-pythia8_catNRB_sys_btagEventWeightUp
Merging measMET_ZZZ_TuneCUETP8M1_13TeV-amcatnlo-pythia8_cat3L_sys_btagEventWeightUp
Merging MT_ZZZ_TuneCUETP8M1_13TeV-amcatnlo-pythia8_catSignal-1jet_sys_jerUp
Merging MT_ZZZ_TuneCUETP8M1_13TeV-amcatnlo-pythia8_catSignal-0jet_sys_EWKUp
Merging measMET_ZZZ_TuneCUETP8M1_13TeV-amcatnlo-pythia8_catDY_sys_puWeightDown
Merging MT_ZZZ_TuneCUETP8M1_13TeV-amcatnlo-pythia8_catTOP_sys_nvtxWeightDown
Merging MT_ZZZ_TuneCUETP8M1_13TeV-amcatnlo-pythia8_catSignal-0jet_sys_QCDScale0wDown
Merging measMET_ZZZ_TuneCUETP8M1_13TeV-amcatnlo-pythia8_catDY_sys_jerDown
Merging MT_ZZZ_TuneCUETP8M1_13TeV-amcatnlo-pythia8_cat3L_sys_EWKUp
Merging MT_ZZZ_TuneCUETP8M1_13TeV-amcatnlo-pythia8_catNRB_sys_nvtxWeightUp
Merging MT_ZZZ_TuneCUETP8M1_13TeV-amcatnlo-pythia8_cat3L_sys_TriggerSFWeightUp
Merging MT_ZZZ_TuneCUETP8M1_13TeV-amcatnlo-pythia8_catDY_sys_PDFUp
Merging MT_ZZZ_TuneCUETP8M1_13TeV-amcatnlo-pythia8_catTOP_sys_QCDScale1wUp
Merging measMET_ZZZ_TuneCUETP8M1_13TeV-amcatnlo-pythia8_catEM_sys_ElectronEnDown
Merging measMET_ZZZ_TuneCUETP8M1_13TeV-amcatnlo-pythia8_cat4L_sys_MuonEnDown
Merging MT_ZZZ_TuneCUETP8M1_13TeV-amcatnlo-pythia8_cat3L_sys_btagEventWeightUp
Merging measMET_ZZZ_TuneCUETP8M1_13TeV-amcatnlo-pythia8_catTOP_sys_jerDown
Merging measMET_ZZZ_TuneCUETP8M1_13TeV-amcatnlo-pythia8_catSignal-0jet_sys_ElectronEnDown
Merging MT_ZZZ_TuneCUETP8M1_13TeV-amcatnlo-pythia8_catTOP_sys_btagEventWeightDown
Merging phizmet_ZZZ_TuneCUETP8M1_13TeV-amcatnlo-pythia8_sys_puWeightUp
Merging MT_ZZZ_TuneCUETP8M1_13TeV-amcatnlo-pythia8_catTOP_sys_PrefireWeightDown
Merging measMET_ZZZ_TuneCUETP8M1_13TeV-amcatnlo-pythia8_catEM_sys_QCDScale0wDown
Merging measMET_ZZZ_TuneCUETP8M1_13TeV-amcatnlo-pythia8_catSignal-0jet_sys_PrefireWeightDown
Merging measMET_ZZZ_TuneCUETP8M1_13TeV-amcatnlo-pythia8_catDY_sys_jesTotalDown
Merging phizmet_ZZZ_TuneCUETP8M1_13TeV-amcatnlo-pythia8_sys_jerDown
Merging MT_ZZZ_TuneCUETP8M1_13TeV-amcatnlo-pythia8_catSignal-1jet_sys_QCDScale2wUp
Merging measMET_ZZZ_TuneCUETP8M1_13TeV-amcatnlo-pythia8_catNRB_sys_puWeightUp
Merging MT_ZZZ_TuneCUETP8M1_13TeV-amcatnlo-pythia8_catSignal-1jet_sys_ElecronSFUp
Merging measMET_ZZZ_TuneCUETP8M1_13TeV-amcatnlo-pythia8_catDY_sys_PrefireWeightUp
Merging MT_ZZZ_TuneCUETP8M1_13TeV-amcatnlo-pythia8_catSignal-1jet_sys_QCDScale0wDown
Merging MT_ZZZ_TuneCUETP8M1_13TeV-amcatnlo-pythia8_catNRB_sys_TriggerSFWeightDown
Merging njet_ZZZ_TuneCUETP8M1_13TeV-amcatnlo-pythia8_sys_TriggerSFWeightUp
Merging measMET_ZZZ_TuneCUETP8M1_13TeV-amcatnlo-pythia8_catSignal-1jet
Merging MT_ZZZ_TuneCUETP8M1_13TeV-amcatnlo-pythia8_cat3L_sys_QCDScale1wUp
Merging measMET_ZZZ_TuneCUETP8M1_13TeV-amcatnlo-pythia8_catNRB_sys_btagEventWeightDown
Merging measMET_ZZZ_TuneCUETP8M1_13TeV-amcatnlo-pythia8_cat4L_sys_jerUp
Merging njet_ZZZ_TuneCUETP8M1_13TeV-amcatnlo-pythia8_sys_btagEventWeightUp
Merging balance_ZZZ_TuneCUETP8M1_13TeV-amcatnlo-pythia8_sys_EWKUp
Merging MT_ZZZ_TuneCUETP8M1_13TeV-amcatnlo-pythia8_cat4L
Merging measMET_ZZZ_TuneCUETP8M1_13TeV-amcatnlo-pythia8_catSignal-0jet_sys_PDFDown
Merging MT_ZZZ_TuneCUETP8M1_13TeV-amcatnlo-pythia8_catNRB_sys_ElectronEnUp
Merging measMET_ZZZ_TuneCUETP8M1_13TeV-amcatnlo-pythia8_catSignal-1jet_sys_MuonEnDown
Merging measMET_ZZZ_TuneCUETP8M1_13TeV-amcatnlo-pythia8_catTOP_sys_jesTotalUp
Merging balance_ZZZ_TuneCUETP8M1_13TeV-amcatnlo-pythia8_sys_ElectronEnDown
Merging MT_ZZZ_TuneCUETP8M1_13TeV-amcatnlo-pythia8_catEM_sys_MuonEnDown
Merging measMET_ZZZ_TuneCUETP8M1_13TeV-amcatnlo-pythia8_cat3L_sys_ElectronEnDown
Merging measMET_ZZZ_TuneCUETP8M1_13TeV-amcatnlo-pythia8_catDY_sys_PDFDown
Merging measMET_ZZZ_TuneCUETP8M1_13TeV-amcatnlo-pythia8_catSignal-0jet
Merging MT_ZZZ_TuneCUETP8M1_13TeV-amcatnlo-pythia8_catNRB_sys_QCDScale0wDown
Merging MT_ZZZ_TuneCUETP8M1_13TeV-amcatnlo-pythia8_catDY_sys_MuonSFUp
Merging MT_ZZZ_TuneCUETP8M1_13TeV-amcatnlo-pythia8_catNRB_sys_QCDScale2wDown
Merging measMET_ZZZ_TuneCUETP8M1_13TeV-amcatnlo-pythia8_catTOP
Merging measMET_ZZZ_TuneCUETP8M1_13TeV-amcatnlo-pythia8_catTOP_sys_QCDScale0wDown
Merging phizmet_ZZZ_TuneCUETP8M1_13TeV-amcatnlo-pythia8_sys_EWKUp
Merging measMET_ZZZ_TuneCUETP8M1_13TeV-amcatnlo-pythia8_catEM_sys_nvtxWeightUp
Merging MT_ZZZ_TuneCUETP8M1_13TeV-amcatnlo-pythia8_catDY_sys_PDFDown
Merging MT_ZZZ_TuneCUETP8M1_13TeV-amcatnlo-pythia8_catEM_sys_btagEventWeightUp
Merging MT_ZZZ_TuneCUETP8M1_13TeV-amcatnlo-pythia8_catTOP_sys_ElectronEnDown
Merging MT_ZZZ_TuneCUETP8M1_13TeV-amcatnlo-pythia8_catEM_sys_QCDScale0wUp
Merging MT_ZZZ_TuneCUETP8M1_13TeV-amcatnlo-pythia8_catNRB_sys_MuonSFUp
Merging MT_ZZZ_TuneCUETP8M1_13TeV-amcatnlo-pythia8_cat4L_sys_QCDScale1wUp
Merging MT_ZZZ_TuneCUETP8M1_13TeV-amcatnlo-pythia8_catSignal-0jet_sys_nvtxWeightUp
Merging measMET_ZZZ_TuneCUETP8M1_13TeV-amcatnlo-pythia8_catNRB_sys_PrefireWeightDown
Merging MT_ZZZ_TuneCUETP8M1_13TeV-amcatnlo-pythia8_catSignal-1jet_sys_puWeightDown
Merging MT_ZZZ_TuneCUETP8M1_13TeV-amcatnlo-pythia8_cat3L_sys_jerDown
Merging measMET_ZZZ_TuneCUETP8M1_13TeV-amcatnlo-pythia8_cat4L_sys_TriggerSFWeightUp
Merging phizmet_ZZZ_TuneCUETP8M1_13TeV-amcatnlo-pythia8_sys_MuonEnDown
Merging phizmet_ZZZ_TuneCUETP8M1_13TeV-amcatnlo-pythia8_sys_PDFUp
Merging MT_ZZZ_TuneCUETP8M1_13TeV-amcatnlo-pythia8_catSignal-0jet_sys_MuonSFDown
Merging MT_ZZZ_TuneCUETP8M1_13TeV-amcatnlo-pythia8_catSignal-0jet_sys_TriggerSFWeightDown
Merging balance_ZZZ_TuneCUETP8M1_13TeV-amcatnlo-pythia8_sys_jerDown
Merging measMET_ZZZ_TuneCUETP8M1_13TeV-amcatnlo-pythia8_catDY_sys_ElecronSFUp
Merging measMET_ZZZ_TuneCUETP8M1_13TeV-amcatnlo-pythia8_catEM_sys_jesTotalDown
Merging phizmet_ZZZ_TuneCUETP8M1_13TeV-amcatnlo-pythia8_sys_PrefireWeightDown
Merging measMET_ZZZ_TuneCUETP8M1_13TeV-amcatnlo-pythia8_catTOP_sys_PDFDown
Merging measMET_ZZZ_TuneCUETP8M1_13TeV-amcatnlo-pythia8_cat3L_sys_jesTotalDown
Merging measMET_ZZZ_TuneCUETP8M1_13TeV-amcatnlo-pythia8_catNRB_sys_TriggerSFWeightUp
Merging measMET_ZZZ_TuneCUETP8M1_13TeV-amcatnlo-pythia8_catSignal-1jet_sys_ElectronEnUp
Merging phizmet_ZZZ_TuneCUETP8M1_13TeV-amcatnlo-pythia8_sys_jesTotalDown
Merging measMET_ZZZ_TuneCUETP8M1_13TeV-amcatnlo-pythia8_catSignal-0jet_sys_TriggerSFWeightDown
Merging measMET_ZZZ_TuneCUETP8M1_13TeV-amcatnlo-pythia8_catSignal-0jet_sys_TriggerSFWeightUp
Merging measMET_ZZZ_TuneCUETP8M1_13TeV-amcatnlo-pythia8_catEM_sys_PDFUp
Merging MT_ZZZ_TuneCUETP8M1_13TeV-amcatnlo-pythia8_cat4L_sys_jesTotalDown
Merging MT_ZZZ_TuneCUETP8M1_13TeV-amcatnlo-pythia8_catSignal-1jet_sys_jerDown
Merging balance_ZZZ_TuneCUETP8M1_13TeV-amcatnlo-pythia8_sys_QCDScale2wDown
Merging measMET_ZZZ_TuneCUETP8M1_13TeV-amcatnlo-pythia8_catDY_sys_PrefireWeightDown
Merging measMET_ZZZ_TuneCUETP8M1_13TeV-amcatnlo-pythia8_catSignal-1jet_sys_nvtxWeightUp
Merging balance_ZZZ_TuneCUETP8M1_13TeV-amcatnlo-pythia8_sys_jesTotalDown
Merging MT_ZZZ_TuneCUETP8M1_13TeV-amcatnlo-pythia8_cat3L_sys_QCDScale1wDown
Merging MT_ZZZ_TuneCUETP8M1_13TeV-amcatnlo-pythia8_catEM_sys_PrefireWeightUp
Merging measMET_ZZZ_TuneCUETP8M1_13TeV-amcatnlo-pythia8_catSignal-1jet_sys_QCDScale1wDown
Merging measMET_ZZZ_TuneCUETP8M1_13TeV-amcatnlo-pythia8_catNRB_sys_PDFDown
Merging measMET_ZZZ_TuneCUETP8M1_13TeV-amcatnlo-pythia8_catEM_sys_jerDown
Merging MT_ZZZ_TuneCUETP8M1_13TeV-amcatnlo-pythia8_catEM_sys_PDFDown
Merging MT_ZZZ_TuneCUETP8M1_13TeV-amcatnlo-pythia8_catNRB_sys_btagEventWeightDown
Merging phizmet_ZZZ_TuneCUETP8M1_13TeV-amcatnlo-pythia8_sys_TriggerSFWeightUp
Merging measMET_ZZZ_TuneCUETP8M1_13TeV-amcatnlo-pythia8_catDY_sys_QCDScale0wDown
Merging measMET_ZZZ_TuneCUETP8M1_13TeV-amcatnlo-pythia8_cat4L_sys_nvtxWeightDown
Merging measMET_ZZZ_TuneCUETP8M1_13TeV-amcatnlo-pythia8_catSignal-1jet_sys_btagEventWeightDown
Merging measMET_ZZZ_TuneCUETP8M1_13TeV-amcatnlo-pythia8_catSignal-0jet_sys_ElecronSFDown
Merging MT_ZZZ_TuneCUETP8M1_13TeV-amcatnlo-pythia8_catSignal-0jet_sys_nvtxWeightDown
Merging measMET_ZZZ_TuneCUETP8M1_13TeV-amcatnlo-pythia8_catDY_sys_MuonSFDown
Merging measMET_ZZZ_TuneCUETP8M1_13TeV-amcatnlo-pythia8_catEM_sys_MuonEnUp
Merging measMET_ZZZ_TuneCUETP8M1_13TeV-amcatnlo-pythia8_catSignal-1jet_sys_jerUp
Merging njet_ZZZ_TuneCUETP8M1_13TeV-amcatnlo-pythia8_sys_EWKDown
Merging njet_ZZZ_TuneCUETP8M1_13TeV-amcatnlo-pythia8_sys_QCDScale1wDown
Merging MT_ZZZ_TuneCUETP8M1_13TeV-amcatnlo-pythia8_catDY_sys_MuonEnUp
Merging MT_ZZZ_TuneCUETP8M1_13TeV-amcatnlo-pythia8_catEM_sys_ElecronSFUp
Merging MT_ZZZ_TuneCUETP8M1_13TeV-amcatnlo-pythia8_catSignal-1jet_sys_MuonEnDown
Merging MT_ZZZ_TuneCUETP8M1_13TeV-amcatnlo-pythia8_catSignal-0jet_sys_ElectronEnUp
Merging measMET_ZZZ_TuneCUETP8M1_13TeV-amcatnlo-pythia8_catSignal-1jet_sys_btagEventWeightUp
Merging measMET_ZZZ_TuneCUETP8M1_13TeV-amcatnlo-pythia8_cat4L_sys_MuonSFUp
Merging measMET_ZZZ_TuneCUETP8M1_13TeV-amcatnlo-pythia8_cat4L_sys_MuonEnUp
Merging measMET_ZZZ_TuneCUETP8M1_13TeV-amcatnlo-pythia8_catSignal-0jet_sys_nvtxWeightDown
Merging MT_ZZZ_TuneCUETP8M1_13TeV-amcatnlo-pythia8_catTOP_sys_jesTotalUp
Merging njet_ZZZ_TuneCUETP8M1_13TeV-amcatnlo-pythia8_sys_QCDScale2wDown
Merging MT_ZZZ_TuneCUETP8M1_13TeV-amcatnlo-pythia8_catNRB_sys_EWKDown
Merging measMET_ZZZ_TuneCUETP8M1_13TeV-amcatnlo-pythia8_catTOP_sys_MuonSFUp
Merging measMET_ZZZ_TuneCUETP8M1_13TeV-amcatnlo-pythia8_catNRB_sys_MuonEnDown
Merging MT_ZZZ_TuneCUETP8M1_13TeV-amcatnlo-pythia8_catSignal-1jet_sys_PDFUp
Merging MT_ZZZ_TuneCUETP8M1_13TeV-amcatnlo-pythia8_catDY_sys_ElectronEnUp
Merging MT_ZZZ_TuneCUETP8M1_13TeV-amcatnlo-pythia8_cat4L_sys_ElectronEnUp
Merging measMET_ZZZ_TuneCUETP8M1_13TeV-amcatnlo-pythia8_catSignal-0jet_sys_MuonSFUp
Merging measMET_ZZZ_TuneCUETP8M1_13TeV-amcatnlo-pythia8_catSignal-0jet_sys_QCDScale0wDown
Merging measMET_ZZZ_TuneCUETP8M1_13TeV-amcatnlo-pythia8_catEM_sys_MuonEnDown
Merging MT_ZZZ_TuneCUETP8M1_13TeV-amcatnlo-pythia8_cat4L_sys_ElectronEnDown
Merging MT_ZZZ_TuneCUETP8M1_13TeV-amcatnlo-pythia8_catSignal-0jet_sys_QCDScale2wDown
Merging measMET_ZZZ_TuneCUETP8M1_13TeV-amcatnlo-pythia8_catEM
Merging MT_ZZZ_TuneCUETP8M1_13TeV-amcatnlo-pythia8_catSignal-1jet_sys_TriggerSFWeightDown
Merging measMET_ZZZ_TuneCUETP8M1_13TeV-amcatnlo-pythia8_catDY_sys_jerUp
Merging balance_ZZZ_TuneCUETP8M1_13TeV-amcatnlo-pythia8_sys_puWeightUp
Merging MT_ZZZ_TuneCUETP8M1_13TeV-amcatnlo-pythia8_catNRB_sys_QCDScale2wUp
Merging njet_ZZZ_TuneCUETP8M1_13TeV-amcatnlo-pythia8_sys_jesTotalUp
Merging measMET_ZZZ_TuneCUETP8M1_13TeV-amcatnlo-pythia8_catDY_sys_PDFUp
Merging measMET_ZZZ_TuneCUETP8M1_13TeV-amcatnlo-pythia8_catDY_sys_nvtxWeightUp
Merging measMET_ZZZ_TuneCUETP8M1_13TeV-amcatnlo-pythia8_catSignal-0jet_sys_QCDScale2wDown
Merging MT_ZZZ_TuneCUETP8M1_13TeV-amcatnlo-pythia8_catSignal-0jet_sys_jerUp
Merging MT_ZZZ_TuneCUETP8M1_13TeV-amcatnlo-pythia8_catSignal-1jet_sys_QCDScale1wUp
Merging njet_ZZZ_TuneCUETP8M1_13TeV-amcatnlo-pythia8_sys_MuonSFUp
Merging balance_ZZZ_TuneCUETP8M1_13TeV-amcatnlo-pythia8_sys_TriggerSFWeightUp
Merging MT_ZZZ_TuneCUETP8M1_13TeV-amcatnlo-pythia8_cat3L_sys_jerUp
Merging balance_ZZZ_TuneCUETP8M1_13TeV-amcatnlo-pythia8_sys_ElecronSFUp
Merging measMET_ZZZ_TuneCUETP8M1_13TeV-amcatnlo-pythia8_catTOP_sys_nvtxWeightUp
Merging MT_ZZZ_TuneCUETP8M1_13TeV-amcatnlo-pythia8_catNRB_sys_puWeightUp
Merging phizmet_ZZZ_TuneCUETP8M1_13TeV-amcatnlo-pythia8_sys_nvtxWeightDown
Merging MT_ZZZ_TuneCUETP8M1_13TeV-amcatnlo-pythia8_cat4L_sys_PrefireWeightUp
Merging measMET_ZZZ_TuneCUETP8M1_13TeV-amcatnlo-pythia8_catSignal-1jet_sys_MuonEnUp
Merging measMET_ZZZ_TuneCUETP8M1_13TeV-amcatnlo-pythia8_catEM_sys_QCDScale0wUp
Merging measMET_ZZZ_TuneCUETP8M1_13TeV-amcatnlo-pythia8_catEM_sys_QCDScale2wDown
Merging measMET_ZZZ_TuneCUETP8M1_13TeV-amcatnlo-pythia8_cat3L_sys_TriggerSFWeightDown
Merging balance_ZZZ_TuneCUETP8M1_13TeV-amcatnlo-pythia8_sys_QCDScale0wUp
Merging measMET_ZZZ_TuneCUETP8M1_13TeV-amcatnlo-pythia8_catSignal-0jet_sys_QCDScale1wDown
Merging MT_ZZZ_TuneCUETP8M1_13TeV-amcatnlo-pythia8_catDY_sys_ElectronEnDown
Merging njet_ZZZ_TuneCUETP8M1_13TeV-amcatnlo-pythia8_sys_ElectronEnUp
Merging measMET_ZZZ_TuneCUETP8M1_13TeV-amcatnlo-pythia8_catDY_sys_MuonEnDown
Merging njet_ZZZ_TuneCUETP8M1_13TeV-amcatnlo-pythia8_sys_nvtxWeightDown
Merging MT_ZZZ_TuneCUETP8M1_13TeV-amcatnlo-pythia8_catNRB_sys_QCDScale0wUp
Merging phizmet_ZZZ_TuneCUETP8M1_13TeV-amcatnlo-pythia8_sys_QCDScale2wUp
Merging measMET_ZZZ_TuneCUETP8M1_13TeV-amcatnlo-pythia8_catSignal-1jet_sys_ElecronSFUp
Merging measMET_ZZZ_TuneCUETP8M1_13TeV-amcatnlo-pythia8_catEM_sys_MuonSFDown
Merging measMET_ZZZ_TuneCUETP8M1_13TeV-amcatnlo-pythia8_catTOP_sys_TriggerSFWeightUp
Merging MT_ZZZ_TuneCUETP8M1_13TeV-amcatnlo-pythia8_catDY_sys_PrefireWeightDown
Merging MT_ZZZ_TuneCUETP8M1_13TeV-amcatnlo-pythia8_catNRB_sys_MuonEnUp
Merging measMET_ZZZ_TuneCUETP8M1_13TeV-amcatnlo-pythia8_catTOP_sys_nvtxWeightDown
Merging measMET_ZZZ_TuneCUETP8M1_13TeV-amcatnlo-pythia8_catSignal-1jet_sys_QCDScale1wUp
Merging measMET_ZZZ_TuneCUETP8M1_13TeV-amcatnlo-pythia8_catSignal-1jet_sys_PrefireWeightDown
Merging measMET_ZZZ_TuneCUETP8M1_13TeV-amcatnlo-pythia8_catSignal-1jet_sys_EWKDown
Merging balance_ZZZ_TuneCUETP8M1_13TeV-amcatnlo-pythia8_sys_jerUp
Merging measMET_ZZZ_TuneCUETP8M1_13TeV-amcatnlo-pythia8_cat3L_sys_PDFUp
Merging measMET_ZZZ_TuneCUETP8M1_13TeV-amcatnlo-pythia8_cat4L_sys_QCDScale2wDown
Merging measMET_ZZZ_TuneCUETP8M1_13TeV-amcatnlo-pythia8_cat3L_sys_EWKDown
Merging measMET_ZZZ_TuneCUETP8M1_13TeV-amcatnlo-pythia8_cat4L_sys_ElectronEnDown
Merging MT_ZZZ_TuneCUETP8M1_13TeV-amcatnlo-pythia8_catTOP_sys_QCDScale2wDown
Merging measMET_ZZZ_TuneCUETP8M1_13TeV-amcatnlo-pythia8_cat4L_sys_nvtxWeightUp
Merging measMET_ZZZ_TuneCUETP8M1_13TeV-amcatnlo-pythia8_catDY_sys_nvtxWeightDown
Merging phizmet_ZZZ_TuneCUETP8M1_13TeV-amcatnlo-pythia8_sys_ElecronSFDown
Merging MT_ZZZ_TuneCUETP8M1_13TeV-amcatnlo-pythia8_catDY_sys_QCDScale1wUp
Merging balance_ZZZ_TuneCUETP8M1_13TeV-amcatnlo-pythia8_sys_ElectronEnUp
Merging njet_ZZZ_TuneCUETP8M1_13TeV-amcatnlo-pythia8_sys_PDFUp
Merging MT_ZZZ_TuneCUETP8M1_13TeV-amcatnlo-pythia8_catNRB_sys_ElectronEnDown
Merging measMET_ZZZ_TuneCUETP8M1_13TeV-amcatnlo-pythia8_catSignal-0jet_sys_jesTotalUp
Merging measMET_ZZZ_TuneCUETP8M1_13TeV-amcatnlo-pythia8_catNRB_sys_PrefireWeightUp
Merging measMET_ZZZ_TuneCUETP8M1_13TeV-amcatnlo-pythia8_catSignal-0jet_sys_MuonEnUp
Merging measMET_ZZZ_TuneCUETP8M1_13TeV-amcatnlo-pythia8_cat4L_sys_PDFDown
Merging MT_ZZZ_TuneCUETP8M1_13TeV-amcatnlo-pythia8_catSignal-0jet_sys_jesTotalDown
Merging measMET_ZZZ_TuneCUETP8M1_13TeV-amcatnlo-pythia8_catEM_sys_QCDScale1wDown
Merging measMET_ZZZ_TuneCUETP8M1_13TeV-amcatnlo-pythia8_catEM_sys_TriggerSFWeightUp
Merging MT_ZZZ_TuneCUETP8M1_13TeV-amcatnlo-pythia8_cat4L_sys_MuonSFUp
Merging MT_ZZZ_TuneCUETP8M1_13TeV-amcatnlo-pythia8_catTOP_sys_EWKDown
Merging measMET_ZZZ_TuneCUETP8M1_13TeV-amcatnlo-pythia8_cat4L_sys_PrefireWeightDown
Merging MT_ZZZ_TuneCUETP8M1_13TeV-amcatnlo-pythia8_catSignal-1jet_sys_jesTotalUp
Merging MT_ZZZ_TuneCUETP8M1_13TeV-amcatnlo-pythia8_cat4L_sys_QCDScale2wUp
Merging MT_ZZZ_TuneCUETP8M1_13TeV-amcatnlo-pythia8_cat3L_sys_PDFUp
Merging MT_ZZZ_TuneCUETP8M1_13TeV-amcatnlo-pythia8_catTOP_sys_TriggerSFWeightUp
Merging MT_ZZZ_TuneCUETP8M1_13TeV-amcatnlo-pythia8_catEM_sys_btagEventWeightDown
Merging measMET_ZZZ_TuneCUETP8M1_13TeV-amcatnlo-pythia8_catDY_sys_btagEventWeightDown
Merging MT_ZZZ_TuneCUETP8M1_13TeV-amcatnlo-pythia8_catTOP_sys_jerUp
Merging MT_ZZZ_TuneCUETP8M1_13TeV-amcatnlo-pythia8_catTOP_sys_jerDown
Merging measMET_ZZZ_TuneCUETP8M1_13TeV-amcatnlo-pythia8_cat3L_sys_MuonEnDown
Merging measMET_ZZZ_TuneCUETP8M1_13TeV-amcatnlo-pythia8_catSignal-1jet_sys_QCDScale0wDown
Merging MT_ZZZ_TuneCUETP8M1_13TeV-amcatnlo-pythia8_catEM
Merging measMET_ZZZ_TuneCUETP8M1_13TeV-amcatnlo-pythia8_catSignal-0jet_sys_btagEventWeightDown
Merging measMET_ZZZ_TuneCUETP8M1_13TeV-amcatnlo-pythia8_catTOP_sys_MuonSFDown
Merging MT_ZZZ_TuneCUETP8M1_13TeV-amcatnlo-pythia8_cat3L
Merging measMET_ZZZ_TuneCUETP8M1_13TeV-amcatnlo-pythia8_catEM_sys_PrefireWeightDown
Merging MT_ZZZ_TuneCUETP8M1_13TeV-amcatnlo-pythia8_catSignal-0jet_sys_jesTotalUp
Merging MT_ZZZ_TuneCUETP8M1_13TeV-amcatnlo-pythia8_catDY_sys_btagEventWeightDown
Merging MT_ZZZ_TuneCUETP8M1_13TeV-amcatnlo-pythia8_cat3L_sys_jesTotalDown
Merging MT_ZZZ_TuneCUETP8M1_13TeV-amcatnlo-pythia8_catSignal-0jet_sys_QCDScale2wUp
Merging MT_ZZZ_TuneCUETP8M1_13TeV-amcatnlo-pythia8_catTOP_sys_QCDScale0wDown
Merging njet_ZZZ_TuneCUETP8M1_13TeV-amcatnlo-pythia8_sys_QCDScale2wUp
Merging MT_ZZZ_TuneCUETP8M1_13TeV-amcatnlo-pythia8_cat3L_sys_MuonEnDown
Merging MT_ZZZ_TuneCUETP8M1_13TeV-amcatnlo-pythia8_cat4L_sys_PDFUp
Merging MT_ZZZ_TuneCUETP8M1_13TeV-amcatnlo-pythia8_catEM_sys_QCDScale2wDown
Merging measMET_ZZZ_TuneCUETP8M1_13TeV-amcatnlo-pythia8_cat3L_sys_jesTotalUp
Merging measMET_ZZZ_TuneCUETP8M1_13TeV-amcatnlo-pythia8_catNRB_sys_nvtxWeightUp
Merging MT_ZZZ_TuneCUETP8M1_13TeV-amcatnlo-pythia8_catSignal-1jet_sys_jesTotalDown
Merging MT_ZZZ_TuneCUETP8M1_13TeV-amcatnlo-pythia8_catDY_sys_TriggerSFWeightDown
Merging measMET_ZZZ_TuneCUETP8M1_13TeV-amcatnlo-pythia8_cat3L_sys_QCDScale0wDown
Merging measMET_ZZZ_TuneCUETP8M1_13TeV-amcatnlo-pythia8_cat3L_sys_TriggerSFWeightUp
Merging measMET_ZZZ_TuneCUETP8M1_13TeV-amcatnlo-pythia8_catEM_sys_jerUp
Merging measMET_ZZZ_TuneCUETP8M1_13TeV-amcatnlo-pythia8_catSignal-1jet_sys_EWKUp
Merging measMET_ZZZ_TuneCUETP8M1_13TeV-amcatnlo-pythia8_cat3L_sys_jerDown
Merging njet_ZZZ_TuneCUETP8M1_13TeV-amcatnlo-pythia8_sys_PDFDown
Merging phizmet_ZZZ_TuneCUETP8M1_13TeV-amcatnlo-pythia8_sys_ElectronEnUp
Merging measMET_ZZZ_TuneCUETP8M1_13TeV-amcatnlo-pythia8_catNRB_sys_QCDScale1wDown
Merging measMET_ZZZ_TuneCUETP8M1_13TeV-amcatnlo-pythia8_cat4L_sys_jesTotalUp
Merging measMET_ZZZ_TuneCUETP8M1_13TeV-amcatnlo-pythia8_catTOP_sys_QCDScale0wUp
Merging measMET_ZZZ_TuneCUETP8M1_13TeV-amcatnlo-pythia8_cat4L_sys_btagEventWeightDown
Merging njet_ZZZ_TuneCUETP8M1_13TeV-amcatnlo-pythia8_sys_nvtxWeightUp
Merging MT_ZZZ_TuneCUETP8M1_13TeV-amcatnlo-pythia8_catSignal-1jet_sys_MuonEnUp
Merging measMET_ZZZ_TuneCUETP8M1_13TeV-amcatnlo-pythia8_catNRB_sys_QCDScale0wUp
Merging MT_ZZZ_TuneCUETP8M1_13TeV-amcatnlo-pythia8_catNRB_sys_jesTotalDown
Merging balance_ZZZ_TuneCUETP8M1_13TeV-amcatnlo-pythia8_sys_PrefireWeightDown
Merging measMET_ZZZ_TuneCUETP8M1_13TeV-amcatnlo-pythia8_catSignal-0jet_sys_QCDScale2wUp
Merging measMET_ZZZ_TuneCUETP8M1_13TeV-amcatnlo-pythia8_cat4L_sys_puWeightDown
Merging measMET_ZZZ_TuneCUETP8M1_13TeV-amcatnlo-pythia8_catTOP_sys_ElecronSFUp
Merging MT_ZZZ_TuneCUETP8M1_13TeV-amcatnlo-pythia8_catSignal-0jet_sys_PDFDown
Merging MT_ZZZ_TuneCUETP8M1_13TeV-amcatnlo-pythia8_catDY_sys_EWKUp
Merging measMET_ZZZ_TuneCUETP8M1_13TeV-amcatnlo-pythia8_catDY_sys_MuonSFUp
Merging measMET_ZZZ_TuneCUETP8M1_13TeV-amcatnlo-pythia8_catSignal-1jet_sys_QCDScale2wDown
Merging MT_ZZZ_TuneCUETP8M1_13TeV-amcatnlo-pythia8_cat4L_sys_puWeightDown
Merging MT_ZZZ_TuneCUETP8M1_13TeV-amcatnlo-pythia8_catEM_sys_MuonEnUp
Merging MT_ZZZ_TuneCUETP8M1_13TeV-amcatnlo-pythia8_cat3L_sys_nvtxWeightDown
Merging MT_ZZZ_TuneCUETP8M1_13TeV-amcatnlo-pythia8_cat4L_sys_jerDown
Merging measMET_ZZZ_TuneCUETP8M1_13TeV-amcatnlo-pythia8_catSignal-1jet_sys_jerDown
Merging MT_ZZZ_TuneCUETP8M1_13TeV-amcatnlo-pythia8_catEM_sys_puWeightDown
Merging MT_ZZZ_TuneCUETP8M1_13TeV-amcatnlo-pythia8_cat4L_sys_EWKDown
Merging MT_ZZZ_TuneCUETP8M1_13TeV-amcatnlo-pythia8_catSignal-0jet_sys_EWKDown
Merging MT_ZZZ_TuneCUETP8M1_13TeV-amcatnlo-pythia8_cat4L_sys_ElecronSFDown
Merging measMET_ZZZ_TuneCUETP8M1_13TeV-amcatnlo-pythia8_cat3L_sys_QCDScale0wUp
Merging balance_ZZZ_TuneCUETP8M1_13TeV-amcatnlo-pythia8_sys_btagEventWeightDown
Merging measMET_ZZZ_TuneCUETP8M1_13TeV-amcatnlo-pythia8_cat3L_sys_QCDScale1wDown
Merging MT_ZZZ_TuneCUETP8M1_13TeV-amcatnlo-pythia8_cat3L_sys_MuonSFUp
Merging MT_ZZZ_TuneCUETP8M1_13TeV-amcatnlo-pythia8_catEM_sys_jerDown
Merging MT_ZZZ_TuneCUETP8M1_13TeV-amcatnlo-pythia8_catDY_sys_QCDScale2wUp
Merging MT_ZZZ_TuneCUETP8M1_13TeV-amcatnlo-pythia8_catDY_sys_QCDScale2wDown
Merging measMET_ZZZ_TuneCUETP8M1_13TeV-amcatnlo-pythia8_catTOP_sys_PrefireWeightUp
Merging MT_ZZZ_TuneCUETP8M1_13TeV-amcatnlo-pythia8_catDY_sys_puWeightDown
Merging MT_ZZZ_TuneCUETP8M1_13TeV-amcatnlo-pythia8_catSignal-0jet_sys_MuonSFUp
Merging measMET_ZZZ_TuneCUETP8M1_13TeV-amcatnlo-pythia8_cat4L_sys_EWKUp
Merging MT_ZZZ_TuneCUETP8M1_13TeV-amcatnlo-pythia8_catSignal-0jet_sys_puWeightDown
Merging MT_ZZZ_TuneCUETP8M1_13TeV-amcatnlo-pythia8_catDY_sys_nvtxWeightDown
Merging MT_ZZZ_TuneCUETP8M1_13TeV-amcatnlo-pythia8_catEM_sys_jesTotalDown
Merging measMET_ZZZ_TuneCUETP8M1_13TeV-amcatnlo-pythia8_catSignal-1jet_sys_MuonSFDown
Merging phizmet_ZZZ_TuneCUETP8M1_13TeV-amcatnlo-pythia8_sys_jesTotalUp
Merging measMET_ZZZ_TuneCUETP8M1_13TeV-amcatnlo-pythia8_cat3L_sys_puWeightUp
Merging MT_ZZZ_TuneCUETP8M1_13TeV-amcatnlo-pythia8_catNRB_sys_MuonSFDown
Merging measMET_ZZZ_TuneCUETP8M1_13TeV-amcatnlo-pythia8_catTOP_sys_MuonEnUp
Merging MT_ZZZ_TuneCUETP8M1_13TeV-amcatnlo-pythia8_cat3L_sys_ElecronSFUp
Merging measMET_ZZZ_TuneCUETP8M1_13TeV-amcatnlo-pythia8_cat3L_sys_ElecronSFDown
Merging MT_ZZZ_TuneCUETP8M1_13TeV-amcatnlo-pythia8_cat3L_sys_QCDScale2wDown
Merging MT_ZZZ_TuneCUETP8M1_13TeV-amcatnlo-pythia8_cat4L_sys_nvtxWeightDown
Merging MT_ZZZ_TuneCUETP8M1_13TeV-amcatnlo-pythia8_catSignal-0jet_sys_btagEventWeightDown
Merging measMET_ZZZ_TuneCUETP8M1_13TeV-amcatnlo-pythia8_catNRB_sys_QCDScale2wUp
Merging balance_ZZZ_TuneCUETP8M1_13TeV-amcatnlo-pythia8_sys_QCDScale0wDown
Merging balance_ZZZ_TuneCUETP8M1_13TeV-amcatnlo-pythia8_sys_QCDScale2wUp
Merging MT_ZZZ_TuneCUETP8M1_13TeV-amcatnlo-pythia8_catSignal-1jet_sys_PrefireWeightDown
Merging MT_ZZZ_TuneCUETP8M1_13TeV-amcatnlo-pythia8_catNRB_sys_jerUp
Merging measMET_ZZZ_TuneCUETP8M1_13TeV-amcatnlo-pythia8_cat4L_sys_PDFUp
Merging balance_ZZZ_TuneCUETP8M1_13TeV-amcatnlo-pythia8_sys_QCDScale1wDown
Merging measMET_ZZZ_TuneCUETP8M1_13TeV-amcatnlo-pythia8_catTOP_sys_EWKUp
Merging MT_ZZZ_TuneCUETP8M1_13TeV-amcatnlo-pythia8_catEM_sys_TriggerSFWeightUp
Merging measMET_ZZZ_TuneCUETP8M1_13TeV-amcatnlo-pythia8_cat3L_sys_PDFDown
Merging MT_ZZZ_TuneCUETP8M1_13TeV-amcatnlo-pythia8_catTOP_sys_EWKUp
Merging measMET_ZZZ_TuneCUETP8M1_13TeV-amcatnlo-pythia8_catDY_sys_MuonEnUp
Merging untagged
Merging MT_ZZZ_TuneCUETP8M1_13TeV-amcatnlo-pythia8_catDY_sys_jerUp
Merging MT_ZZZ_TuneCUETP8M1_13TeV-amcatnlo-pythia8_cat3L_sys_nvtxWeightUp
Merging njet_ZZZ_TuneCUETP8M1_13TeV-amcatnlo-pythia8_sys_TriggerSFWeightDown
Merging measMET_ZZZ_TuneCUETP8M1_13TeV-amcatnlo-pythia8_catTOP_sys_QCDScale2wUp
Merging MT_ZZZ_TuneCUETP8M1_13TeV-amcatnlo-pythia8_catTOP_sys_puWeightDown
Merging measMET_ZZZ_TuneCUETP8M1_13TeV-amcatnlo-pythia8_cat3L_sys_MuonSFDown
Merging MT_ZZZ_TuneCUETP8M1_13TeV-amcatnlo-pythia8_catTOP_sys_QCDScale0wUp
Merging MT_ZZZ_TuneCUETP8M1_13TeV-amcatnlo-pythia8_catDY_sys_PrefireWeightUp
Merging MT_ZZZ_TuneCUETP8M1_13TeV-amcatnlo-pythia8_catSignal-0jet_sys_QCDScale0wUp
Merging MT_ZZZ_TuneCUETP8M1_13TeV-amcatnlo-pythia8_catEM_sys_ElecronSFDown
Merging MT_ZZZ_TuneCUETP8M1_13TeV-amcatnlo-pythia8_catTOP_sys_ElecronSFUp
Merging MT_ZZZ_TuneCUETP8M1_13TeV-amcatnlo-pythia8_catNRB_sys_QCDScale1wDown
Merging phizmet_ZZZ_TuneCUETP8M1_13TeV-amcatnlo-pythia8_sys_MuonSFUp
Merging MT_ZZZ_TuneCUETP8M1_13TeV-amcatnlo-pythia8_catDY_sys_jesTotalUp
Merging MT_ZZZ_TuneCUETP8M1_13TeV-amcatnlo-pythia8_cat4L_sys_puWeightUp
Merging measMET_ZZZ_TuneCUETP8M1_13TeV-amcatnlo-pythia8_catEM_sys_PDFDown
Merging MT_ZZZ_TuneCUETP8M1_13TeV-amcatnlo-pythia8_catSignal-0jet_sys_ElectronEnDown
Merging phizmet_ZZZ_TuneCUETP8M1_13TeV-amcatnlo-pythia8_sys_PDFDown
Merging phizmet_ZZZ_TuneCUETP8M1_13TeV-amcatnlo-pythia8_sys_QCDScale1wUp
Merging njet_ZZZ_TuneCUETP8M1_13TeV-amcatnlo-pythia8_sys_jesTotalDown
Merging measMET_ZZZ_TuneCUETP8M1_13TeV-amcatnlo-pythia8_catSignal-0jet_sys_QCDScale1wUp
Merging MT_ZZZ_TuneCUETP8M1_13TeV-amcatnlo-pythia8_cat3L_sys_PrefireWeightDown
Merging measMET_ZZZ_TuneCUETP8M1_13TeV-amcatnlo-pythia8_catNRB_sys_QCDScale0wDown
Merging measMET_ZZZ_TuneCUETP8M1_13TeV-amcatnlo-pythia8_cat4L_sys_MuonSFDown
Merging MT_ZZZ_TuneCUETP8M1_13TeV-amcatnlo-pythia8_catTOP_sys_puWeightUp
Merging measMET_ZZZ_TuneCUETP8M1_13TeV-amcatnlo-pythia8_cat3L_sys_MuonSFUp
Merging measMET_ZZZ_TuneCUETP8M1_13TeV-amcatnlo-pythia8_cat3L
Merging MT_ZZZ_TuneCUETP8M1_13TeV-amcatnlo-pythia8_cat3L_sys_MuonSFDown
Merging measMET_ZZZ_TuneCUETP8M1_13TeV-amcatnlo-pythia8_cat4L_sys_PrefireWeightUp
Merging MT_ZZZ_TuneCUETP8M1_13TeV-amcatnlo-pythia8_catSignal-0jet_sys_jerDown
Merging MT_ZZZ_TuneCUETP8M1_13TeV-amcatnlo-pythia8_catTOP_sys_btagEventWeightUp
Merging measMET_ZZZ_TuneCUETP8M1_13TeV-amcatnlo-pythia8_cat4L_sys_QCDScale1wUp
Merging MT_ZZZ_TuneCUETP8M1_13TeV-amcatnlo-pythia8_cat4L_sys_QCDScale0wUp
Merging measMET_ZZZ_TuneCUETP8M1_13TeV-amcatnlo-pythia8_catDY_sys_QCDScale2wUp
Merging MT_ZZZ_TuneCUETP8M1_13TeV-amcatnlo-pythia8_catNRB_sys_EWKUp
Merging MT_ZZZ_TuneCUETP8M1_13TeV-amcatnlo-pythia8_cat4L_sys_TriggerSFWeightUp
Merging balance_ZZZ_TuneCUETP8M1_13TeV-amcatnlo-pythia8_sys_PDFDown
Merging measMET_ZZZ_TuneCUETP8M1_13TeV-amcatnlo-pythia8_catSignal-1jet_sys_PDFDown
Merging MT_ZZZ_TuneCUETP8M1_13TeV-amcatnlo-pythia8_cat3L_sys_PDFDown
Merging njet_ZZZ_TuneCUETP8M1_13TeV-amcatnlo-pythia8_sys_QCDScale0wUp
Merging measMET_ZZZ_TuneCUETP8M1_13TeV-amcatnlo-pythia8_catSignal-0jet_sys_MuonEnDown
Merging njet_ZZZ_TuneCUETP8M1_13TeV-amcatnlo-pythia8_sys_PrefireWeightDown
Merging measMET_ZZZ_TuneCUETP8M1_13TeV-amcatnlo-pythia8_catSignal-1jet_sys_MuonSFUp
Merging MT_ZZZ_TuneCUETP8M1_13TeV-amcatnlo-pythia8_catTOP_sys_jesTotalDown
Merging MT_ZZZ_TuneCUETP8M1_13TeV-amcatnlo-pythia8_catDY_sys_ElecronSFDown
Merging MT_ZZZ_TuneCUETP8M1_13TeV-amcatnlo-pythia8_cat4L_sys_QCDScale0wDown
Merging MT_ZZZ_TuneCUETP8M1_13TeV-amcatnlo-pythia8_catSignal-0jet_sys_puWeightUp
Merging njet_ZZZ_TuneCUETP8M1_13TeV-amcatnlo-pythia8_sys_QCDScale1wUp
Merging measMET_ZZZ_TuneCUETP8M1_13TeV-amcatnlo-pythia8_cat3L_sys_ElecronSFUp
Merging measMET_ZZZ_TuneCUETP8M1_13TeV-amcatnlo-pythia8_catDY_sys_jesTotalUp
Merging MT_ZZZ_TuneCUETP8M1_13TeV-amcatnlo-pythia8_catSignal-0jet_sys_ElecronSFDown
Merging phizmet_ZZZ_TuneCUETP8M1_13TeV-amcatnlo-pythia8_sys_QCDScale0wUp
Merging MT_ZZZ_TuneCUETP8M1_13TeV-amcatnlo-pythia8_catSignal-0jet_sys_QCDScale1wDown
Merging MT_ZZZ_TuneCUETP8M1_13TeV-amcatnlo-pythia8_catSignal-1jet_sys_ElectronEnUp
Merging MT_ZZZ_TuneCUETP8M1_13TeV-amcatnlo-pythia8_cat3L_sys_TriggerSFWeightDown
Merging MT_ZZZ_TuneCUETP8M1_13TeV-amcatnlo-pythia8_catDY
Merging measMET_ZZZ_TuneCUETP8M1_13TeV-amcatnlo-pythia8_catSignal-1jet_sys_jesTotalUp
Merging phizmet_ZZZ_TuneCUETP8M1_13TeV-amcatnlo-pythia8_sys_MuonSFDown
Merging measMET_ZZZ_TuneCUETP8M1_13TeV-amcatnlo-pythia8_cat4L_sys_ElecronSFUp
Merging MT_ZZZ_TuneCUETP8M1_13TeV-amcatnlo-pythia8_catSignal-1jet_sys_nvtxWeightDown
Merging measMET_ZZZ_TuneCUETP8M1_13TeV-amcatnlo-pythia8_catDY_sys_EWKUp
Merging phizmet_ZZZ_TuneCUETP8M1_13TeV-amcatnlo-pythia8_sys_btagEventWeightDown
Merging MT_ZZZ_TuneCUETP8M1_13TeV-amcatnlo-pythia8_catNRB_sys_PDFDown
Merging MT_ZZZ_TuneCUETP8M1_13TeV-amcatnlo-pythia8_cat3L_sys_QCDScale2wUp
Merging balance_ZZZ_TuneCUETP8M1_13TeV-amcatnlo-pythia8_sys_PrefireWeightUp
Merging measMET_ZZZ_TuneCUETP8M1_13TeV-amcatnlo-pythia8_catEM_sys_EWKDown
Merging phizmet_ZZZ_TuneCUETP8M1_13TeV-amcatnlo-pythia8_sys_ElectronEnDown
Merging measMET_ZZZ_TuneCUETP8M1_13TeV-amcatnlo-pythia8_catSignal-1jet_sys_ElectronEnDown
Merging MT_ZZZ_TuneCUETP8M1_13TeV-amcatnlo-pythia8_catSignal-1jet_sys_btagEventWeightUp
Merging MT_ZZZ_TuneCUETP8M1_13TeV-amcatnlo-pythia8_catEM_sys_EWKDown
Merging measMET_ZZZ_TuneCUETP8M1_13TeV-amcatnlo-pythia8_catSignal-1jet_sys_QCDScale2wUp
Merging MT_ZZZ_TuneCUETP8M1_13TeV-amcatnlo-pythia8_catSignal-1jet_sys_QCDScale2wDown
Merging MT_ZZZ_TuneCUETP8M1_13TeV-amcatnlo-pythia8_catEM_sys_jesTotalUp
Merging measMET_ZZZ_TuneCUETP8M1_13TeV-amcatnlo-pythia8_catNRB_sys_puWeightDown
Merging MT_ZZZ_TuneCUETP8M1_13TeV-amcatnlo-pythia8_catEM_sys_QCDScale2wUp
Merging MT_ZZZ_TuneCUETP8M1_13TeV-amcatnlo-pythia8_catSignal-1jet_sys_puWeightUp
Merging measMET_ZZZ_TuneCUETP8M1_13TeV-amcatnlo-pythia8_cat4L_sys_jesTotalDown
Merging measMET_ZZZ_TuneCUETP8M1_13TeV-amcatnlo-pythia8_cat3L_sys_QCDScale2wDown
Merging measMET_ZZZ_TuneCUETP8M1_13TeV-amcatnlo-pythia8_catSignal-0jet_sys_ElecronSFUp
Merging njet_ZZZ_TuneCUETP8M1_13TeV-amcatnlo-pythia8_sys_btagEventWeightDown
Merging measMET_ZZZ_TuneCUETP8M1_13TeV-amcatnlo-pythia8_cat4L_sys_TriggerSFWeightDown
Merging measMET_ZZZ_TuneCUETP8M1_13TeV-amcatnlo-pythia8_cat4L
Merging MT_ZZZ_TuneCUETP8M1_13TeV-amcatnlo-pythia8_cat3L_sys_puWeightDown
Merging MT_ZZZ_TuneCUETP8M1_13TeV-amcatnlo-pythia8_cat3L_sys_EWKDown
Merging MT_ZZZ_TuneCUETP8M1_13TeV-amcatnlo-pythia8_catEM_sys_puWeightUp
Merging MT_ZZZ_TuneCUETP8M1_13TeV-amcatnlo-pythia8_catEM_sys_nvtxWeightUp
Merging MT_ZZZ_TuneCUETP8M1_13TeV-amcatnlo-pythia8_cat3L_sys_MuonEnUp
Merging MT_ZZZ_TuneCUETP8M1_13TeV-amcatnlo-pythia8_catEM_sys_QCDScale1wUp
Merging MT_ZZZ_TuneCUETP8M1_13TeV-amcatnlo-pythia8_catTOP_sys_QCDScale1wDown
Merging measMET_ZZZ_TuneCUETP8M1_13TeV-amcatnlo-pythia8_catSignal-1jet_sys_TriggerSFWeightDown
Merging measMET_ZZZ_TuneCUETP8M1_13TeV-amcatnlo-pythia8_cat4L_sys_ElecronSFDown
Merging measMET_ZZZ_TuneCUETP8M1_13TeV-amcatnlo-pythia8_catEM_sys_btagEventWeightDown
Merging MT_ZZZ_TuneCUETP8M1_13TeV-amcatnlo-pythia8_catTOP
Merging measMET_ZZZ_TuneCUETP8M1_13TeV-amcatnlo-pythia8_catEM_sys_ElecronSFUp
Merging MT_ZZZ_TuneCUETP8M1_13TeV-amcatnlo-pythia8_catDY_sys_nvtxWeightUp
Merging measMET_ZZZ_TuneCUETP8M1_13TeV-amcatnlo-pythia8_catNRB_sys_EWKDown
Merging measMET_ZZZ_TuneCUETP8M1_13TeV-amcatnlo-pythia8_catTOP_sys_jesTotalDown
Merging MT_ZZZ_TuneCUETP8M1_13TeV-amcatnlo-pythia8_catSignal-1jet_sys_ElectronEnDown
Merging measMET_ZZZ_TuneCUETP8M1_13TeV-amcatnlo-pythia8_catNRB_sys_TriggerSFWeightDown
Merging balance_ZZZ_TuneCUETP8M1_13TeV-amcatnlo-pythia8_sys_MuonSFDown
Merging measMET_ZZZ_TuneCUETP8M1_13TeV-amcatnlo-pythia8_cat3L_sys_ElectronEnUp
Merging MT_ZZZ_TuneCUETP8M1_13TeV-amcatnlo-pythia8_cat4L_sys_nvtxWeightUp
Merging measMET_ZZZ_TuneCUETP8M1_13TeV-amcatnlo-pythia8_catNRB_sys_jerDown
Merging measMET_ZZZ_TuneCUETP8M1_13TeV-amcatnlo-pythia8_catSignal-1jet_sys_nvtxWeightDown
Merging measMET_ZZZ_TuneCUETP8M1_13TeV-amcatnlo-pythia8_cat3L_sys_PrefireWeightDown
Merging measMET_ZZZ_TuneCUETP8M1_13TeV-amcatnlo-pythia8_catDY_sys_ElectronEnUp
Merging MT_ZZZ_TuneCUETP8M1_13TeV-amcatnlo-pythia8_cat4L_sys_btagEventWeightDown
Merging MT_ZZZ_TuneCUETP8M1_13TeV-amcatnlo-pythia8_cat3L_sys_jesTotalUp
Merging MT_ZZZ_TuneCUETP8M1_13TeV-amcatnlo-pythia8_catNRB_sys_jerDown
Merging measMET_ZZZ_TuneCUETP8M1_13TeV-amcatnlo-pythia8_catSignal-0jet_sys_PDFUp
Merging measMET_ZZZ_TuneCUETP8M1_13TeV-amcatnlo-pythia8_catNRB_sys_btagEventWeightUp
Merging balance_ZZZ_TuneCUETP8M1_13TeV-amcatnlo-pythia8_sys_MuonEnDown
Merging MT_ZZZ_TuneCUETP8M1_13TeV-amcatnlo-pythia8_catTOP_sys_TriggerSFWeightDown
Merging MT_ZZZ_TuneCUETP8M1_13TeV-amcatnlo-pythia8_catSignal-1jet_sys_EWKUp
Merging measMET_ZZZ_TuneCUETP8M1_13TeV-amcatnlo-pythia8_cat3L_sys_nvtxWeightUp
Merging measMET_ZZZ_TuneCUETP8M1_13TeV-amcatnlo-pythia8_catSignal-1jet_sys_PDFUp
Merging MT_ZZZ_TuneCUETP8M1_13TeV-amcatnlo-pythia8_catSignal-1jet_sys_MuonSFUp
Merging MT_ZZZ_TuneCUETP8M1_13TeV-amcatnlo-pythia8_catTOP_sys_MuonEnDown
Merging phizmet_ZZZ_TuneCUETP8M1_13TeV-amcatnlo-pythia8_sys_btagEventWeightUp
Merging MT_ZZZ_TuneCUETP8M1_13TeV-amcatnlo-pythia8_catNRB_sys_ElecronSFUp
Merging MT_ZZZ_TuneCUETP8M1_13TeV-amcatnlo-pythia8_cat4L_sys_jesTotalUp
Merging MT_ZZZ_TuneCUETP8M1_13TeV-amcatnlo-pythia8_catDY_sys_jerDown
Merging measMET_ZZZ_TuneCUETP8M1_13TeV-amcatnlo-pythia8_catNRB_sys_QCDScale2wDown
Merging measMET_ZZZ_TuneCUETP8M1_13TeV-amcatnlo-pythia8_catSignal-1jet_sys_jesTotalDown
Merging MT_ZZZ_TuneCUETP8M1_13TeV-amcatnlo-pythia8_cat3L_sys_btagEventWeightDown
Merging MT_ZZZ_TuneCUETP8M1_13TeV-amcatnlo-pythia8_catDY_sys_puWeightUp
Merging measMET_ZZZ_TuneCUETP8M1_13TeV-amcatnlo-pythia8_catTOP_sys_QCDScale2wDown
Merging njet_ZZZ_TuneCUETP8M1_13TeV-amcatnlo-pythia8_sys_MuonEnDown
Merging MT_ZZZ_TuneCUETP8M1_13TeV-amcatnlo-pythia8_cat3L_sys_PrefireWeightUp
Merging measMET_ZZZ_TuneCUETP8M1_13TeV-amcatnlo-pythia8_catEM_sys_MuonSFUp
Merging measMET_ZZZ_TuneCUETP8M1_13TeV-amcatnlo-pythia8_catNRB_sys_jerUp
Merging measMET_ZZZ_TuneCUETP8M1_13TeV-amcatnlo-pythia8_catNRB_sys_ElectronEnUp
Merging phizmet_ZZZ_TuneCUETP8M1_13TeV-amcatnlo-pythia8_sys_PrefireWeightUp
Merging MT_ZZZ_TuneCUETP8M1_13TeV-amcatnlo-pythia8_catDY_sys_MuonSFDown
Merging MT_ZZZ_TuneCUETP8M1_13TeV-amcatnlo-pythia8_catSignal-1jet_sys_ElecronSFDown
Merging MT_ZZZ_TuneCUETP8M1_13TeV-amcatnlo-pythia8_catDY_sys_QCDScale0wUp
Merging njet_ZZZ_TuneCUETP8M1_13TeV-amcatnlo-pythia8_sys_jerDown
Merging measMET_ZZZ_TuneCUETP8M1_13TeV-amcatnlo-pythia8_cat3L_sys_jerUp
Merging measMET_ZZZ_TuneCUETP8M1_13TeV-amcatnlo-pythia8_catDY_sys_EWKDown
Merging MT_ZZZ_TuneCUETP8M1_13TeV-amcatnlo-pythia8_catEM_sys_ElectronEnUp
Merging measMET_ZZZ_TuneCUETP8M1_13TeV-amcatnlo-pythia8_cat4L_sys_QCDScale2wUp
Merging measMET_ZZZ_TuneCUETP8M1_13TeV-amcatnlo-pythia8_catSignal-1jet_sys_ElecronSFDown
Merging njet_ZZZ_TuneCUETP8M1_13TeV-amcatnlo-pythia8_sys_puWeightUp
Merging MT_ZZZ_TuneCUETP8M1_13TeV-amcatnlo-pythia8_catDY_sys_ElecronSFUp
Merging measMET_ZZZ_TuneCUETP8M1_13TeV-amcatnlo-pythia8_catSignal-1jet_sys_TriggerSFWeightUp
Merging measMET_ZZZ_TuneCUETP8M1_13TeV-amcatnlo-pythia8_catSignal-0jet_sys_jesTotalDown
Merging njet_ZZZ_TuneCUETP8M1_13TeV-amcatnlo-pythia8_sys_PrefireWeightUp
Merging phizmet_ZZZ_TuneCUETP8M1_13TeV-amcatnlo-pythia8_sys_MuonEnUp
Merging MT_ZZZ_TuneCUETP8M1_13TeV-amcatnlo-pythia8_catNRB_sys_ElecronSFDown
Merging measMET_ZZZ_TuneCUETP8M1_13TeV-amcatnlo-pythia8_catDY_sys_btagEventWeightUp
Merging measMET_ZZZ_TuneCUETP8M1_13TeV-amcatnlo-pythia8_catDY_sys_TriggerSFWeightDown
Merging MT_ZZZ_TuneCUETP8M1_13TeV-amcatnlo-pythia8_catNRB_sys_PDFUp
Merging measMET_ZZZ_TuneCUETP8M1_13TeV-amcatnlo-pythia8_cat3L_sys_puWeightDown
Merging MT_ZZZ_TuneCUETP8M1_13TeV-amcatnlo-pythia8_catEM_sys_TriggerSFWeightDown
Merging MT_ZZZ_TuneCUETP8M1_13TeV-amcatnlo-pythia8_catEM_sys_MuonSFDown
Merging phizmet_ZZZ_TuneCUETP8M1_13TeV-amcatnlo-pythia8_sys_ElecronSFUp
Merging MT_ZZZ_TuneCUETP8M1_13TeV-amcatnlo-pythia8_catDY_sys_jesTotalDown
Merging MT_ZZZ_TuneCUETP8M1_13TeV-amcatnlo-pythia8_cat4L_sys_MuonSFDown
Merging balance_ZZZ_TuneCUETP8M1_13TeV-amcatnlo-pythia8_sys_EWKDown
Merging measMET_ZZZ_TuneCUETP8M1_13TeV-amcatnlo-pythia8_catTOP_sys_MuonEnDown
Merging MT_ZZZ_TuneCUETP8M1_13TeV-amcatnlo-pythia8_cat3L_sys_ElecronSFDown
Merging MT_ZZZ_TuneCUETP8M1_13TeV-amcatnlo-pythia8_cat4L_sys_QCDScale1wDown
Merging MT_ZZZ_TuneCUETP8M1_13TeV-amcatnlo-pythia8_catTOP_sys_QCDScale2wUp
Merging measMET_ZZZ_TuneCUETP8M1_13TeV-amcatnlo-pythia8_catSignal-0jet_sys_ElectronEnUp
Merging measMET_ZZZ_TuneCUETP8M1_13TeV-amcatnlo-pythia8_cat3L_sys_QCDScale1wUp
Merging MT_ZZZ_TuneCUETP8M1_13TeV-amcatnlo-pythia8_cat4L_sys_jerUp
Merging njet_ZZZ_TuneCUETP8M1_13TeV-amcatnlo-pythia8_sys_puWeightDown
Merging phizmet_ZZZ_TuneCUETP8M1_13TeV-amcatnlo-pythia8_sys_jerUp
Merging measMET_ZZZ_TuneCUETP8M1_13TeV-amcatnlo-pythia8_catTOP_sys_QCDScale1wDown
Merging measMET_ZZZ_TuneCUETP8M1_13TeV-amcatnlo-pythia8_catEM_sys_PrefireWeightUp
Merging MT_ZZZ_TuneCUETP8M1_13TeV-amcatnlo-pythia8_cat4L_sys_TriggerSFWeightDown
Merging measMET_ZZZ_TuneCUETP8M1_13TeV-amcatnlo-pythia8_catSignal-0jet_sys_nvtxWeightUp
Merging MT_ZZZ_TuneCUETP8M1_13TeV-amcatnlo-pythia8_catNRB_sys_QCDScale1wUp
Merging MT_ZZZ_TuneCUETP8M1_13TeV-amcatnlo-pythia8_catNRB_sys_PrefireWeightDown
/eos/cms/store/group/phys_exotica/monoZ/Exorcism2016/ZZZ_TuneCUETP8M1_13TeV-amcatnlo-pythia8/tree_0.root  ->  /eos/cms/store/group/phys_exotica/monoZ/Exorcism2016/ZZZ_TuneCUETP8M1_13TeV-amcatnlo-pythia8/tree_0.root
Testing file open
Test OK
---------------------------
 -- options  =  Namespace(dataset='X', doSyst=1, era='2016', infile='/eos/cms/store/group/phys_exotica/monoZ/Exorcism2016/ZZZ_TuneCUETP8M1_13TeV-amcatnlo-pythia8/tree_0.root', isMC=1, jobNum=0, nevt=-1)
 -- is MC    =  1
 -- jobNum   =  0
 -- era      =  2016
 -- in file  =  /eos/cms/store/group/phys_exotica/monoZ/Exorcism2016/ZZZ_TuneCUETP8M1_13TeV-amcatnlo-pythia8/tree_0.root
 -- dataset  =  X
---------------------------
[check] condtag_ ==  ZZZ_TuneCUETP8M1_13TeV-amcatnlo-pythia8
[check] dataset  ==  monoZ
modules :  <PhysicsTools.MonoZ.MonoZWSProducer.MonoZWSProducer object at 0x2aea02c00890>
modules :  <PhysicsTools.MonoZ.MonoZWSProducer.MonoZWSProducer object at 0x2aea02c00950>
modules :  <PhysicsTools.MonoZ.MonoZWSProducer.MonoZWSProducer object at 0x2aea02c00990>
modules :  <PhysicsTools.MonoZ.MonoZWSProducer.MonoZWSProducer object at 0x2aea02c009d0>
modules :  <PhysicsTools.MonoZ.MonoZWSProducer.MonoZWSProducer object at 0x2aea02c00a10>
modules :  <PhysicsTools.MonoZ.MonoZWSProducer.MonoZWSProducer object at 0x2aea02c00a50>
modules :  <PhysicsTools.MonoZ.MonoZWSProducer.MonoZWSProducer object at 0x2aea02c00a90>
modules :  <PhysicsTools.MonoZ.MonoZWSProducer.MonoZWSProducer object at 0x2aea02c00ad0>
modules :  <PhysicsTools.MonoZ.MonoZWSProducer.MonoZWSProducer object at 0x2aea02c00b10>
modules :  <PhysicsTools.MonoZ.MonoZWSProducer.MonoZWSProducer object at 0x2aea02c00b50>
modules :  <PhysicsTools.MonoZ.MonoZWSProducer.MonoZWSProducer object at 0x2aea02c00b90>
modules :  <PhysicsTools.MonoZ.MonoZWSProducer.MonoZWSProducer object at 0x2aea02c00bd0>
modules :  <PhysicsTools.MonoZ.MonoZWSProducer.MonoZWSProducer object at 0x2aea02c00c10>
modules :  <PhysicsTools.MonoZ.MonoZWSProducer.MonoZWSProducer object at 0x2aea02c00c50>
modules :  <PhysicsTools.MonoZ.MonoZWSProducer.MonoZWSProducer object at 0x2aea02c00c90>
modules :  <PhysicsTools.MonoZ.MonoZWSProducer.MonoZWSProducer object at 0x2aea02c00cd0>
modules :  <PhysicsTools.MonoZ.MonoZWSProducer.MonoZWSProducer object at 0x2aea02c00d10>
modules :  <PhysicsTools.MonoZ.MonoZWSProducer.MonoZWSProducer object at 0x2aea02c00d50>
modules :  <PhysicsTools.MonoZ.MonoZWSProducer.MonoZWSProducer object at 0x2aea02c00d90>
modules :  <PhysicsTools.MonoZ.MonoZWSProducer.MonoZWSProducer object at 0x2aea02c00dd0>
modules :  <PhysicsTools.MonoZ.MonoZWSProducer.MonoZWSProducer object at 0x2aea02c00e10>
modules :  <PhysicsTools.MonoZ.MonoZWSProducer.MonoZWSProducer object at 0x2aea02c00e50>
modules :  <PhysicsTools.MonoZ.MonoZWSProducer.MonoZWSProducer object at 0x2aea02c00ed0>
modules :  <PhysicsTools.MonoZ.MonoZWSProducer.MonoZWSProducer object at 0x2aea02c00f50>
modules :  <PhysicsTools.MonoZ.MonoZWSProducer.MonoZWSProducer object at 0x2aea02c00fd0>
modules :  <PhysicsTools.MonoZ.MonoZWSProducer.MonoZWSProducer object at 0x2aea02c02090>
modules :  <PhysicsTools.MonoZ.MonoZWSProducer.MonoZWSProducer object at 0x2aea02c020d0>
modules :  <PhysicsTools.MonoZ.MonoZWSProducer.MonoZWSProducer object at 0x2aea02c02110>
modules :  <PhysicsTools.MonoZ.MonoZWSProducer.MonoZWSProducer object at 0x2aea02c02150>
modules :  <PhysicsTools.MonoZ.MonoZWSProducer.MonoZWSProducer object at 0x2aea02c02190>
modules :  <PhysicsTools.MonoZ.MonoZWSProducer.MonoZWSProducer object at 0x2aea02c021d0>
Selection :  
Will write selected trees to .
Pre-select 13118 entries out of 13118 (100.00%)
Processed    10000/   13118 entries, 76.23% (elapsed time   656.2s, curr speed    0.015 kHz, avg speed    0.015 kHz), accepted    10001/   10001 events (100.00%)
Processed 13118 preselected entries from /eos/cms/store/group/phys_exotica/monoZ/Exorcism2016/ZZZ_TuneCUETP8M1_13TeV-amcatnlo-pythia8/tree_0.root (13118 entries). Finally selected 13118 entries
Done ./tree_0_Skim.root
15.1841005637 Hz
----- transfer output to eos :
----- directory after running :
.:
total 6328
-rw-r--r--. 1 cfreer zh    1208 Dec  2 01:11 FrameworkJobReport.xml
-rw-r--r--. 1 cfreer zh       0 Dec  2 00:55 _condor_stderr
-rw-r--r--. 1 cfreer zh   79338 Dec  2 01:11 _condor_stdout
-rw-------. 1 cfreer zh    4914 Dec  2 01:11 cfreer.cc
-rw-r--r--. 1 cfreer zh   16092 Dec  2 00:55 combineHLT_Run2.yaml
-rw-r--r--. 1 cfreer zh    5718 Dec  2 00:55 condor_WSProducer.py
-rwxr-xr-x. 1 cfreer zh     838 Dec  2 00:55 condor_exec.exe
-rwxr-xr-x. 1 cfreer zh    2559 Dec  2 00:55 haddnano.py
-rw-r--r--. 1 cfreer zh       8 Dec  2 00:55 keep_and_drop_WS.txt
drwx------. 3 cfreer zh    4096 Dec  2 00:55 tmp
-rw-r--r--. 1 cfreer zh 3167330 Dec  2 01:11 tree_0.root
-rw-r--r--. 1 cfreer zh 3167206 Dec  2 01:11 tree_0_Skim.root
drwx------. 3 cfreer zh    4096 Dec  2 00:55 var

./tmp:
total 4
drwxr-xr-x. 3 cfreer zh 4096 Dec  2 00:55 mjf-cfreer

./tmp/mjf-cfreer:
total 4
drwxr-xr-x. 2 cfreer zh 4096 Dec  2 00:55 jobfeatures-bigbird09.cern.ch_3059243.0_1575244223

./tmp/mjf-cfreer/jobfeatures-bigbird09.cern.ch_3059243.0_1575244223:
total 28
-rw-r--r--. 1 cfreer zh  1 Dec  2 00:55 allocated_cpu
-rw-r--r--. 1 cfreer zh  6 Dec  2 00:55 cpu_limit_secs
-rw-r--r--. 1 cfreer zh 38 Dec  2 00:55 job_id
-rw-r--r--. 1 cfreer zh 10 Dec  2 00:55 jobstart_secs
-rw-r--r--. 1 cfreer zh 10 Dec  2 00:55 max_rss_bytes
-rw-r--r--. 1 cfreer zh 10 Dec  2 00:55 scratch_limit_bytes
-rw-r--r--. 1 cfreer zh  6 Dec  2 00:55 wall_limit_secs

./var:
total 4
drwx------. 2 cfreer zh 4096 Dec  2 00:55 tmp

./var/tmp:
total 0
 ------ THE END (everyone dies !) ----- 
