
/pool/condor/dir_29377

... start job at 2019-11-30 14:02:08
----- directory before running:
.:
total 52
-rw-r--r--. 1 cfreer zh     0 Nov 30 14:02 _condor_stderr
-rw-r--r--. 1 cfreer zh    94 Nov 30 14:02 _condor_stdout
-rw-------. 1 cfreer zh  2642 Nov 30 14:02 cfreer.cc
-rw-r--r--. 1 cfreer zh 16092 Nov 30 14:02 combineHLT_Run2.yaml
-rw-r--r--. 1 cfreer zh  5718 Nov 30 14:02 condor_WSProducer.py
-rwxr-xr-x. 1 cfreer zh   859 Nov 30 14:02 condor_exec.exe
-rwxr-xr-x. 1 cfreer zh  2559 Nov 30 14:02 haddnano.py
-rw-r--r--. 1 cfreer zh     8 Nov 30 14:02 keep_and_drop_WS.txt
drwx------. 3 cfreer zh  4096 Nov 30 14:02 tmp
drwx------. 3 cfreer zh  4096 Nov 30 14:02 var

./tmp:
total 4
drwxr-xr-x. 3 cfreer zh 4096 Nov 30 14:02 mjf-cfreer

./tmp/mjf-cfreer:
total 4
drwxr-xr-x. 2 cfreer zh 4096 Nov 30 14:02 jobfeatures-bigbird09.cern.ch_3032266.3_1574965802

./tmp/mjf-cfreer/jobfeatures-bigbird09.cern.ch_3032266.3_1574965802:
total 28
-rw-r--r--. 1 cfreer zh  1 Nov 30 14:02 allocated_cpu
-rw-r--r--. 1 cfreer zh  6 Nov 30 14:02 cpu_limit_secs
-rw-r--r--. 1 cfreer zh 38 Nov 30 14:02 job_id
-rw-r--r--. 1 cfreer zh 10 Nov 30 14:02 jobstart_secs
-rw-r--r--. 1 cfreer zh 10 Nov 30 14:02 max_rss_bytes
-rw-r--r--. 1 cfreer zh 10 Nov 30 14:02 scratch_limit_bytes
-rw-r--r--. 1 cfreer zh  6 Nov 30 14:02 wall_limit_secs

./var:
total 4
drwx------. 2 cfreer zh 4096 Nov 30 14:02 tmp

./var/tmp:
total 0
----- CMSSW BASE, python path, pwd:
+ CMSSW_BASE  = /afs/cern.ch/work/c/cfreer/MonoZ_2019/MT_plots/CMSSW_10_6_4
+ PYTHON_PATH = 
+ PWD         = /pool/condor/dir_29377
Adding file ./tree_3_Skim.root
Merging measMET_monoZ_catSignal-0jet
Merging MT_monoZ_catSignal-0jet
Merging measMET_monoZ_catEM
Merging MT_monoZ_catEM
Merging measMET_monoZ_catSignal-1jet
Merging MT_monoZ_catSignal-1jet
Merging measMET_monoZ_cat3L
Merging MT_monoZ_cat3L
Merging measMET_monoZ_cat4L
Merging MT_monoZ_cat4L
Merging measMET_monoZ_catNRB
Merging MT_monoZ_catNRB
Merging measMET_monoZ_catTOP
Merging MT_monoZ_catTOP
Merging measMET_monoZ_catDY
Merging MT_monoZ_catDY
Merging balance_monoZ
Merging phizmet_monoZ
Merging njet_monoZ
Merging measMET_monoZ_catSignal-0jet_sys_ElectronEnUp
Merging MT_monoZ_catSignal-0jet_sys_ElectronEnUp
Merging measMET_monoZ_catEM_sys_ElectronEnUp
Merging MT_monoZ_catEM_sys_ElectronEnUp
Merging measMET_monoZ_catSignal-1jet_sys_ElectronEnUp
Merging MT_monoZ_catSignal-1jet_sys_ElectronEnUp
Merging measMET_monoZ_cat3L_sys_ElectronEnUp
Merging MT_monoZ_cat3L_sys_ElectronEnUp
Merging measMET_monoZ_cat4L_sys_ElectronEnUp
Merging MT_monoZ_cat4L_sys_ElectronEnUp
Merging measMET_monoZ_catNRB_sys_ElectronEnUp
Merging MT_monoZ_catNRB_sys_ElectronEnUp
Merging measMET_monoZ_catTOP_sys_ElectronEnUp
Merging MT_monoZ_catTOP_sys_ElectronEnUp
Merging measMET_monoZ_catDY_sys_ElectronEnUp
Merging MT_monoZ_catDY_sys_ElectronEnUp
Merging balance_monoZ_sys_ElectronEnUp
Merging phizmet_monoZ_sys_ElectronEnUp
Merging njet_monoZ_sys_ElectronEnUp
Merging measMET_monoZ_catSignal-0jet_sys_ElectronEnDown
Merging MT_monoZ_catSignal-0jet_sys_ElectronEnDown
Merging measMET_monoZ_catEM_sys_ElectronEnDown
Merging MT_monoZ_catEM_sys_ElectronEnDown
Merging measMET_monoZ_catSignal-1jet_sys_ElectronEnDown
Merging MT_monoZ_catSignal-1jet_sys_ElectronEnDown
Merging measMET_monoZ_cat3L_sys_ElectronEnDown
Merging MT_monoZ_cat3L_sys_ElectronEnDown
Merging measMET_monoZ_cat4L_sys_ElectronEnDown
Merging MT_monoZ_cat4L_sys_ElectronEnDown
Merging measMET_monoZ_catNRB_sys_ElectronEnDown
Merging MT_monoZ_catNRB_sys_ElectronEnDown
Merging measMET_monoZ_catTOP_sys_ElectronEnDown
Merging MT_monoZ_catTOP_sys_ElectronEnDown
Merging measMET_monoZ_catDY_sys_ElectronEnDown
Merging MT_monoZ_catDY_sys_ElectronEnDown
Merging balance_monoZ_sys_ElectronEnDown
Merging phizmet_monoZ_sys_ElectronEnDown
Merging njet_monoZ_sys_ElectronEnDown
Merging measMET_monoZ_catSignal-0jet_sys_MuonEnUp
Merging MT_monoZ_catSignal-0jet_sys_MuonEnUp
Merging measMET_monoZ_catEM_sys_MuonEnUp
Merging MT_monoZ_catEM_sys_MuonEnUp
Merging measMET_monoZ_catSignal-1jet_sys_MuonEnUp
Merging MT_monoZ_catSignal-1jet_sys_MuonEnUp
Merging measMET_monoZ_cat3L_sys_MuonEnUp
Merging MT_monoZ_cat3L_sys_MuonEnUp
Merging measMET_monoZ_cat4L_sys_MuonEnUp
Merging MT_monoZ_cat4L_sys_MuonEnUp
Merging measMET_monoZ_catNRB_sys_MuonEnUp
Merging MT_monoZ_catNRB_sys_MuonEnUp
Merging measMET_monoZ_catTOP_sys_MuonEnUp
Merging MT_monoZ_catTOP_sys_MuonEnUp
Merging measMET_monoZ_catDY_sys_MuonEnUp
Merging MT_monoZ_catDY_sys_MuonEnUp
Merging balance_monoZ_sys_MuonEnUp
Merging phizmet_monoZ_sys_MuonEnUp
Merging njet_monoZ_sys_MuonEnUp
Merging measMET_monoZ_catSignal-0jet_sys_MuonEnDown
Merging MT_monoZ_catSignal-0jet_sys_MuonEnDown
Merging measMET_monoZ_catEM_sys_MuonEnDown
Merging MT_monoZ_catEM_sys_MuonEnDown
Merging measMET_monoZ_catSignal-1jet_sys_MuonEnDown
Merging MT_monoZ_catSignal-1jet_sys_MuonEnDown
Merging measMET_monoZ_cat3L_sys_MuonEnDown
Merging MT_monoZ_cat3L_sys_MuonEnDown
Merging measMET_monoZ_cat4L_sys_MuonEnDown
Merging MT_monoZ_cat4L_sys_MuonEnDown
Merging measMET_monoZ_catNRB_sys_MuonEnDown
Merging MT_monoZ_catNRB_sys_MuonEnDown
Merging measMET_monoZ_catTOP_sys_MuonEnDown
Merging MT_monoZ_catTOP_sys_MuonEnDown
Merging measMET_monoZ_catDY_sys_MuonEnDown
Merging MT_monoZ_catDY_sys_MuonEnDown
Merging balance_monoZ_sys_MuonEnDown
Merging phizmet_monoZ_sys_MuonEnDown
Merging njet_monoZ_sys_MuonEnDown
Merging measMET_monoZ_catSignal-0jet_sys_jesTotalUp
Merging MT_monoZ_catSignal-0jet_sys_jesTotalUp
Merging measMET_monoZ_catEM_sys_jesTotalUp
Merging MT_monoZ_catEM_sys_jesTotalUp
Merging measMET_monoZ_catSignal-1jet_sys_jesTotalUp
Merging MT_monoZ_catSignal-1jet_sys_jesTotalUp
Merging measMET_monoZ_cat3L_sys_jesTotalUp
Merging MT_monoZ_cat3L_sys_jesTotalUp
Merging measMET_monoZ_cat4L_sys_jesTotalUp
Merging MT_monoZ_cat4L_sys_jesTotalUp
Merging measMET_monoZ_catNRB_sys_jesTotalUp
Merging MT_monoZ_catNRB_sys_jesTotalUp
Merging measMET_monoZ_catTOP_sys_jesTotalUp
Merging MT_monoZ_catTOP_sys_jesTotalUp
Merging measMET_monoZ_catDY_sys_jesTotalUp
Merging MT_monoZ_catDY_sys_jesTotalUp
Merging balance_monoZ_sys_jesTotalUp
Merging phizmet_monoZ_sys_jesTotalUp
Merging njet_monoZ_sys_jesTotalUp
Merging measMET_monoZ_catSignal-0jet_sys_jesTotalDown
Merging MT_monoZ_catSignal-0jet_sys_jesTotalDown
Merging measMET_monoZ_catEM_sys_jesTotalDown
Merging MT_monoZ_catEM_sys_jesTotalDown
Merging measMET_monoZ_catSignal-1jet_sys_jesTotalDown
Merging MT_monoZ_catSignal-1jet_sys_jesTotalDown
Merging measMET_monoZ_cat3L_sys_jesTotalDown
Merging MT_monoZ_cat3L_sys_jesTotalDown
Merging measMET_monoZ_cat4L_sys_jesTotalDown
Merging MT_monoZ_cat4L_sys_jesTotalDown
Merging measMET_monoZ_catNRB_sys_jesTotalDown
Merging MT_monoZ_catNRB_sys_jesTotalDown
Merging measMET_monoZ_catTOP_sys_jesTotalDown
Merging MT_monoZ_catTOP_sys_jesTotalDown
Merging measMET_monoZ_catDY_sys_jesTotalDown
Merging MT_monoZ_catDY_sys_jesTotalDown
Merging balance_monoZ_sys_jesTotalDown
Merging phizmet_monoZ_sys_jesTotalDown
Merging njet_monoZ_sys_jesTotalDown
Merging measMET_monoZ_catSignal-0jet_sys_jerUp
Merging MT_monoZ_catSignal-0jet_sys_jerUp
Merging measMET_monoZ_catEM_sys_jerUp
Merging MT_monoZ_catEM_sys_jerUp
Merging measMET_monoZ_catSignal-1jet_sys_jerUp
Merging MT_monoZ_catSignal-1jet_sys_jerUp
Merging measMET_monoZ_cat3L_sys_jerUp
Merging MT_monoZ_cat3L_sys_jerUp
Merging measMET_monoZ_cat4L_sys_jerUp
Merging MT_monoZ_cat4L_sys_jerUp
Merging measMET_monoZ_catNRB_sys_jerUp
Merging MT_monoZ_catNRB_sys_jerUp
Merging measMET_monoZ_catTOP_sys_jerUp
Merging MT_monoZ_catTOP_sys_jerUp
Merging measMET_monoZ_catDY_sys_jerUp
Merging MT_monoZ_catDY_sys_jerUp
Merging balance_monoZ_sys_jerUp
Merging phizmet_monoZ_sys_jerUp
Merging njet_monoZ_sys_jerUp
Merging measMET_monoZ_catSignal-0jet_sys_jerDown
Merging MT_monoZ_catSignal-0jet_sys_jerDown
Merging measMET_monoZ_catEM_sys_jerDown
Merging MT_monoZ_catEM_sys_jerDown
Merging measMET_monoZ_catSignal-1jet_sys_jerDown
Merging MT_monoZ_catSignal-1jet_sys_jerDown
Merging measMET_monoZ_cat3L_sys_jerDown
Merging MT_monoZ_cat3L_sys_jerDown
Merging measMET_monoZ_cat4L_sys_jerDown
Merging MT_monoZ_cat4L_sys_jerDown
Merging measMET_monoZ_catNRB_sys_jerDown
Merging MT_monoZ_catNRB_sys_jerDown
Merging measMET_monoZ_catTOP_sys_jerDown
Merging MT_monoZ_catTOP_sys_jerDown
Merging measMET_monoZ_catDY_sys_jerDown
Merging MT_monoZ_catDY_sys_jerDown
Merging balance_monoZ_sys_jerDown
Merging phizmet_monoZ_sys_jerDown
Merging njet_monoZ_sys_jerDown
Merging measMET_monoZ_catSignal-0jet_sys_puWeightUp
Merging MT_monoZ_catSignal-0jet_sys_puWeightUp
Merging measMET_monoZ_catEM_sys_puWeightUp
Merging MT_monoZ_catEM_sys_puWeightUp
Merging measMET_monoZ_catSignal-1jet_sys_puWeightUp
Merging MT_monoZ_catSignal-1jet_sys_puWeightUp
Merging measMET_monoZ_cat3L_sys_puWeightUp
Merging MT_monoZ_cat3L_sys_puWeightUp
Merging measMET_monoZ_cat4L_sys_puWeightUp
Merging MT_monoZ_cat4L_sys_puWeightUp
Merging measMET_monoZ_catNRB_sys_puWeightUp
Merging MT_monoZ_catNRB_sys_puWeightUp
Merging measMET_monoZ_catTOP_sys_puWeightUp
Merging MT_monoZ_catTOP_sys_puWeightUp
Merging measMET_monoZ_catDY_sys_puWeightUp
Merging MT_monoZ_catDY_sys_puWeightUp
Merging balance_monoZ_sys_puWeightUp
Merging phizmet_monoZ_sys_puWeightUp
Merging njet_monoZ_sys_puWeightUp
Merging measMET_monoZ_catSignal-0jet_sys_puWeightDown
Merging MT_monoZ_catSignal-0jet_sys_puWeightDown
Merging measMET_monoZ_catEM_sys_puWeightDown
Merging MT_monoZ_catEM_sys_puWeightDown
Merging measMET_monoZ_catSignal-1jet_sys_puWeightDown
Merging MT_monoZ_catSignal-1jet_sys_puWeightDown
Merging measMET_monoZ_cat3L_sys_puWeightDown
Merging MT_monoZ_cat3L_sys_puWeightDown
Merging measMET_monoZ_cat4L_sys_puWeightDown
Merging MT_monoZ_cat4L_sys_puWeightDown
Merging measMET_monoZ_catNRB_sys_puWeightDown
Merging MT_monoZ_catNRB_sys_puWeightDown
Merging measMET_monoZ_catTOP_sys_puWeightDown
Merging MT_monoZ_catTOP_sys_puWeightDown
Merging measMET_monoZ_catDY_sys_puWeightDown
Merging MT_monoZ_catDY_sys_puWeightDown
Merging balance_monoZ_sys_puWeightDown
Merging phizmet_monoZ_sys_puWeightDown
Merging njet_monoZ_sys_puWeightDown
Merging measMET_monoZ_catSignal-0jet_sys_PDFUp
Merging MT_monoZ_catSignal-0jet_sys_PDFUp
Merging measMET_monoZ_catEM_sys_PDFUp
Merging MT_monoZ_catEM_sys_PDFUp
Merging measMET_monoZ_catSignal-1jet_sys_PDFUp
Merging MT_monoZ_catSignal-1jet_sys_PDFUp
Merging measMET_monoZ_cat3L_sys_PDFUp
Merging MT_monoZ_cat3L_sys_PDFUp
Merging measMET_monoZ_cat4L_sys_PDFUp
Merging MT_monoZ_cat4L_sys_PDFUp
Merging measMET_monoZ_catNRB_sys_PDFUp
Merging MT_monoZ_catNRB_sys_PDFUp
Merging measMET_monoZ_catTOP_sys_PDFUp
Merging MT_monoZ_catTOP_sys_PDFUp
Merging measMET_monoZ_catDY_sys_PDFUp
Merging MT_monoZ_catDY_sys_PDFUp
Merging balance_monoZ_sys_PDFUp
Merging phizmet_monoZ_sys_PDFUp
Merging njet_monoZ_sys_PDFUp
Merging measMET_monoZ_catSignal-0jet_sys_PDFDown
Merging MT_monoZ_catSignal-0jet_sys_PDFDown
Merging measMET_monoZ_catEM_sys_PDFDown
Merging MT_monoZ_catEM_sys_PDFDown
Merging measMET_monoZ_catSignal-1jet_sys_PDFDown
Merging MT_monoZ_catSignal-1jet_sys_PDFDown
Merging measMET_monoZ_cat3L_sys_PDFDown
Merging MT_monoZ_cat3L_sys_PDFDown
Merging measMET_monoZ_cat4L_sys_PDFDown
Merging MT_monoZ_cat4L_sys_PDFDown
Merging measMET_monoZ_catNRB_sys_PDFDown
Merging MT_monoZ_catNRB_sys_PDFDown
Merging measMET_monoZ_catTOP_sys_PDFDown
Merging MT_monoZ_catTOP_sys_PDFDown
Merging measMET_monoZ_catDY_sys_PDFDown
Merging MT_monoZ_catDY_sys_PDFDown
Merging balance_monoZ_sys_PDFDown
Merging phizmet_monoZ_sys_PDFDown
Merging njet_monoZ_sys_PDFDown
Merging measMET_monoZ_catSignal-0jet_sys_MuonSFUp
Merging MT_monoZ_catSignal-0jet_sys_MuonSFUp
Merging measMET_monoZ_catEM_sys_MuonSFUp
Merging MT_monoZ_catEM_sys_MuonSFUp
Merging measMET_monoZ_catSignal-1jet_sys_MuonSFUp
Merging MT_monoZ_catSignal-1jet_sys_MuonSFUp
Merging measMET_monoZ_cat3L_sys_MuonSFUp
Merging MT_monoZ_cat3L_sys_MuonSFUp
Merging measMET_monoZ_cat4L_sys_MuonSFUp
Merging MT_monoZ_cat4L_sys_MuonSFUp
Merging measMET_monoZ_catNRB_sys_MuonSFUp
Merging MT_monoZ_catNRB_sys_MuonSFUp
Merging measMET_monoZ_catTOP_sys_MuonSFUp
Merging MT_monoZ_catTOP_sys_MuonSFUp
Merging measMET_monoZ_catDY_sys_MuonSFUp
Merging MT_monoZ_catDY_sys_MuonSFUp
Merging balance_monoZ_sys_MuonSFUp
Merging phizmet_monoZ_sys_MuonSFUp
Merging njet_monoZ_sys_MuonSFUp
Merging measMET_monoZ_catSignal-0jet_sys_MuonSFDown
Merging MT_monoZ_catSignal-0jet_sys_MuonSFDown
Merging measMET_monoZ_catEM_sys_MuonSFDown
Merging MT_monoZ_catEM_sys_MuonSFDown
Merging measMET_monoZ_catSignal-1jet_sys_MuonSFDown
Merging MT_monoZ_catSignal-1jet_sys_MuonSFDown
Merging measMET_monoZ_cat3L_sys_MuonSFDown
Merging MT_monoZ_cat3L_sys_MuonSFDown
Merging measMET_monoZ_cat4L_sys_MuonSFDown
Merging MT_monoZ_cat4L_sys_MuonSFDown
Merging measMET_monoZ_catNRB_sys_MuonSFDown
Merging MT_monoZ_catNRB_sys_MuonSFDown
Merging measMET_monoZ_catTOP_sys_MuonSFDown
Merging MT_monoZ_catTOP_sys_MuonSFDown
Merging measMET_monoZ_catDY_sys_MuonSFDown
Merging MT_monoZ_catDY_sys_MuonSFDown
Merging balance_monoZ_sys_MuonSFDown
Merging phizmet_monoZ_sys_MuonSFDown
Merging njet_monoZ_sys_MuonSFDown
Merging measMET_monoZ_catSignal-0jet_sys_ElecronSFUp
Merging MT_monoZ_catSignal-0jet_sys_ElecronSFUp
Merging measMET_monoZ_catEM_sys_ElecronSFUp
Merging MT_monoZ_catEM_sys_ElecronSFUp
Merging measMET_monoZ_catSignal-1jet_sys_ElecronSFUp
Merging MT_monoZ_catSignal-1jet_sys_ElecronSFUp
Merging measMET_monoZ_cat3L_sys_ElecronSFUp
Merging MT_monoZ_cat3L_sys_ElecronSFUp
Merging measMET_monoZ_cat4L_sys_ElecronSFUp
Merging MT_monoZ_cat4L_sys_ElecronSFUp
Merging measMET_monoZ_catNRB_sys_ElecronSFUp
Merging MT_monoZ_catNRB_sys_ElecronSFUp
Merging measMET_monoZ_catTOP_sys_ElecronSFUp
Merging MT_monoZ_catTOP_sys_ElecronSFUp
Merging measMET_monoZ_catDY_sys_ElecronSFUp
Merging MT_monoZ_catDY_sys_ElecronSFUp
Merging balance_monoZ_sys_ElecronSFUp
Merging phizmet_monoZ_sys_ElecronSFUp
Merging njet_monoZ_sys_ElecronSFUp
Merging measMET_monoZ_catSignal-0jet_sys_ElecronSFDown
Merging MT_monoZ_catSignal-0jet_sys_ElecronSFDown
Merging measMET_monoZ_catEM_sys_ElecronSFDown
Merging MT_monoZ_catEM_sys_ElecronSFDown
Merging measMET_monoZ_catSignal-1jet_sys_ElecronSFDown
Merging MT_monoZ_catSignal-1jet_sys_ElecronSFDown
Merging measMET_monoZ_cat3L_sys_ElecronSFDown
Merging MT_monoZ_cat3L_sys_ElecronSFDown
Merging measMET_monoZ_cat4L_sys_ElecronSFDown
Merging MT_monoZ_cat4L_sys_ElecronSFDown
Merging measMET_monoZ_catNRB_sys_ElecronSFDown
Merging MT_monoZ_catNRB_sys_ElecronSFDown
Merging measMET_monoZ_catTOP_sys_ElecronSFDown
Merging MT_monoZ_catTOP_sys_ElecronSFDown
Merging measMET_monoZ_catDY_sys_ElecronSFDown
Merging MT_monoZ_catDY_sys_ElecronSFDown
Merging balance_monoZ_sys_ElecronSFDown
Merging phizmet_monoZ_sys_ElecronSFDown
Merging njet_monoZ_sys_ElecronSFDown
Merging measMET_monoZ_catSignal-0jet_sys_EWKUp
Merging MT_monoZ_catSignal-0jet_sys_EWKUp
Merging measMET_monoZ_catEM_sys_EWKUp
Merging MT_monoZ_catEM_sys_EWKUp
Merging measMET_monoZ_catSignal-1jet_sys_EWKUp
Merging MT_monoZ_catSignal-1jet_sys_EWKUp
Merging measMET_monoZ_cat3L_sys_EWKUp
Merging MT_monoZ_cat3L_sys_EWKUp
Merging measMET_monoZ_cat4L_sys_EWKUp
Merging MT_monoZ_cat4L_sys_EWKUp
Merging measMET_monoZ_catNRB_sys_EWKUp
Merging MT_monoZ_catNRB_sys_EWKUp
Merging measMET_monoZ_catTOP_sys_EWKUp
Merging MT_monoZ_catTOP_sys_EWKUp
Merging measMET_monoZ_catDY_sys_EWKUp
Merging MT_monoZ_catDY_sys_EWKUp
Merging balance_monoZ_sys_EWKUp
Merging phizmet_monoZ_sys_EWKUp
Merging njet_monoZ_sys_EWKUp
Merging measMET_monoZ_catSignal-0jet_sys_EWKDown
Merging MT_monoZ_catSignal-0jet_sys_EWKDown
Merging measMET_monoZ_catEM_sys_EWKDown
Merging MT_monoZ_catEM_sys_EWKDown
Merging measMET_monoZ_catSignal-1jet_sys_EWKDown
Merging MT_monoZ_catSignal-1jet_sys_EWKDown
Merging measMET_monoZ_cat3L_sys_EWKDown
Merging MT_monoZ_cat3L_sys_EWKDown
Merging measMET_monoZ_cat4L_sys_EWKDown
Merging MT_monoZ_cat4L_sys_EWKDown
Merging measMET_monoZ_catNRB_sys_EWKDown
Merging MT_monoZ_catNRB_sys_EWKDown
Merging measMET_monoZ_catTOP_sys_EWKDown
Merging MT_monoZ_catTOP_sys_EWKDown
Merging measMET_monoZ_catDY_sys_EWKDown
Merging MT_monoZ_catDY_sys_EWKDown
Merging balance_monoZ_sys_EWKDown
Merging phizmet_monoZ_sys_EWKDown
Merging njet_monoZ_sys_EWKDown
Merging measMET_monoZ_catSignal-0jet_sys_nvtxWeightUp
Merging MT_monoZ_catSignal-0jet_sys_nvtxWeightUp
Merging measMET_monoZ_catEM_sys_nvtxWeightUp
Merging MT_monoZ_catEM_sys_nvtxWeightUp
Merging measMET_monoZ_catSignal-1jet_sys_nvtxWeightUp
Merging MT_monoZ_catSignal-1jet_sys_nvtxWeightUp
Merging measMET_monoZ_cat3L_sys_nvtxWeightUp
Merging MT_monoZ_cat3L_sys_nvtxWeightUp
Merging measMET_monoZ_cat4L_sys_nvtxWeightUp
Merging MT_monoZ_cat4L_sys_nvtxWeightUp
Merging measMET_monoZ_catNRB_sys_nvtxWeightUp
Merging MT_monoZ_catNRB_sys_nvtxWeightUp
Merging measMET_monoZ_catTOP_sys_nvtxWeightUp
Merging MT_monoZ_catTOP_sys_nvtxWeightUp
Merging measMET_monoZ_catDY_sys_nvtxWeightUp
Merging MT_monoZ_catDY_sys_nvtxWeightUp
Merging balance_monoZ_sys_nvtxWeightUp
Merging phizmet_monoZ_sys_nvtxWeightUp
Merging njet_monoZ_sys_nvtxWeightUp
Merging measMET_monoZ_catSignal-0jet_sys_nvtxWeightDown
Merging MT_monoZ_catSignal-0jet_sys_nvtxWeightDown
Merging measMET_monoZ_catEM_sys_nvtxWeightDown
Merging MT_monoZ_catEM_sys_nvtxWeightDown
Merging measMET_monoZ_catSignal-1jet_sys_nvtxWeightDown
Merging MT_monoZ_catSignal-1jet_sys_nvtxWeightDown
Merging measMET_monoZ_cat3L_sys_nvtxWeightDown
Merging MT_monoZ_cat3L_sys_nvtxWeightDown
Merging measMET_monoZ_cat4L_sys_nvtxWeightDown
Merging MT_monoZ_cat4L_sys_nvtxWeightDown
Merging measMET_monoZ_catNRB_sys_nvtxWeightDown
Merging MT_monoZ_catNRB_sys_nvtxWeightDown
Merging measMET_monoZ_catTOP_sys_nvtxWeightDown
Merging MT_monoZ_catTOP_sys_nvtxWeightDown
Merging measMET_monoZ_catDY_sys_nvtxWeightDown
Merging MT_monoZ_catDY_sys_nvtxWeightDown
Merging balance_monoZ_sys_nvtxWeightDown
Merging phizmet_monoZ_sys_nvtxWeightDown
Merging njet_monoZ_sys_nvtxWeightDown
Merging measMET_monoZ_catSignal-0jet_sys_TriggerSFWeightUp
Merging MT_monoZ_catSignal-0jet_sys_TriggerSFWeightUp
Merging measMET_monoZ_catEM_sys_TriggerSFWeightUp
Merging MT_monoZ_catEM_sys_TriggerSFWeightUp
Merging measMET_monoZ_catSignal-1jet_sys_TriggerSFWeightUp
Merging MT_monoZ_catSignal-1jet_sys_TriggerSFWeightUp
Merging measMET_monoZ_cat3L_sys_TriggerSFWeightUp
Merging MT_monoZ_cat3L_sys_TriggerSFWeightUp
Merging measMET_monoZ_cat4L_sys_TriggerSFWeightUp
Merging MT_monoZ_cat4L_sys_TriggerSFWeightUp
Merging measMET_monoZ_catNRB_sys_TriggerSFWeightUp
Merging MT_monoZ_catNRB_sys_TriggerSFWeightUp
Merging measMET_monoZ_catTOP_sys_TriggerSFWeightUp
Merging MT_monoZ_catTOP_sys_TriggerSFWeightUp
Merging measMET_monoZ_catDY_sys_TriggerSFWeightUp
Merging MT_monoZ_catDY_sys_TriggerSFWeightUp
Merging balance_monoZ_sys_TriggerSFWeightUp
Merging phizmet_monoZ_sys_TriggerSFWeightUp
Merging njet_monoZ_sys_TriggerSFWeightUp
Merging measMET_monoZ_catSignal-0jet_sys_TriggerSFWeightDown
Merging MT_monoZ_catSignal-0jet_sys_TriggerSFWeightDown
Merging measMET_monoZ_catEM_sys_TriggerSFWeightDown
Merging MT_monoZ_catEM_sys_TriggerSFWeightDown
Merging measMET_monoZ_catSignal-1jet_sys_TriggerSFWeightDown
Merging MT_monoZ_catSignal-1jet_sys_TriggerSFWeightDown
Merging measMET_monoZ_cat3L_sys_TriggerSFWeightDown
Merging MT_monoZ_cat3L_sys_TriggerSFWeightDown
Merging measMET_monoZ_cat4L_sys_TriggerSFWeightDown
Merging MT_monoZ_cat4L_sys_TriggerSFWeightDown
Merging measMET_monoZ_catNRB_sys_TriggerSFWeightDown
Merging MT_monoZ_catNRB_sys_TriggerSFWeightDown
Merging measMET_monoZ_catTOP_sys_TriggerSFWeightDown
Merging MT_monoZ_catTOP_sys_TriggerSFWeightDown
Merging measMET_monoZ_catDY_sys_TriggerSFWeightDown
Merging MT_monoZ_catDY_sys_TriggerSFWeightDown
Merging balance_monoZ_sys_TriggerSFWeightDown
Merging phizmet_monoZ_sys_TriggerSFWeightDown
Merging njet_monoZ_sys_TriggerSFWeightDown
Merging measMET_monoZ_catSignal-0jet_sys_btagEventWeightUp
Merging MT_monoZ_catSignal-0jet_sys_btagEventWeightUp
Merging measMET_monoZ_catEM_sys_btagEventWeightUp
Merging MT_monoZ_catEM_sys_btagEventWeightUp
Merging measMET_monoZ_catSignal-1jet_sys_btagEventWeightUp
Merging MT_monoZ_catSignal-1jet_sys_btagEventWeightUp
Merging measMET_monoZ_cat3L_sys_btagEventWeightUp
Merging MT_monoZ_cat3L_sys_btagEventWeightUp
Merging measMET_monoZ_cat4L_sys_btagEventWeightUp
Merging MT_monoZ_cat4L_sys_btagEventWeightUp
Merging measMET_monoZ_catNRB_sys_btagEventWeightUp
Merging MT_monoZ_catNRB_sys_btagEventWeightUp
Merging measMET_monoZ_catTOP_sys_btagEventWeightUp
Merging MT_monoZ_catTOP_sys_btagEventWeightUp
Merging measMET_monoZ_catDY_sys_btagEventWeightUp
Merging MT_monoZ_catDY_sys_btagEventWeightUp
Merging balance_monoZ_sys_btagEventWeightUp
Merging phizmet_monoZ_sys_btagEventWeightUp
Merging njet_monoZ_sys_btagEventWeightUp
Merging measMET_monoZ_catSignal-0jet_sys_btagEventWeightDown
Merging MT_monoZ_catSignal-0jet_sys_btagEventWeightDown
Merging measMET_monoZ_catEM_sys_btagEventWeightDown
Merging MT_monoZ_catEM_sys_btagEventWeightDown
Merging measMET_monoZ_catSignal-1jet_sys_btagEventWeightDown
Merging MT_monoZ_catSignal-1jet_sys_btagEventWeightDown
Merging measMET_monoZ_cat3L_sys_btagEventWeightDown
Merging MT_monoZ_cat3L_sys_btagEventWeightDown
Merging measMET_monoZ_cat4L_sys_btagEventWeightDown
Merging MT_monoZ_cat4L_sys_btagEventWeightDown
Merging measMET_monoZ_catNRB_sys_btagEventWeightDown
Merging MT_monoZ_catNRB_sys_btagEventWeightDown
Merging measMET_monoZ_catTOP_sys_btagEventWeightDown
Merging MT_monoZ_catTOP_sys_btagEventWeightDown
Merging measMET_monoZ_catDY_sys_btagEventWeightDown
Merging MT_monoZ_catDY_sys_btagEventWeightDown
Merging balance_monoZ_sys_btagEventWeightDown
Merging phizmet_monoZ_sys_btagEventWeightDown
Merging njet_monoZ_sys_btagEventWeightDown
Merging measMET_monoZ_catSignal-0jet_sys_QCDScale0wUp
Merging MT_monoZ_catSignal-0jet_sys_QCDScale0wUp
Merging measMET_monoZ_catEM_sys_QCDScale0wUp
Merging MT_monoZ_catEM_sys_QCDScale0wUp
Merging measMET_monoZ_catSignal-1jet_sys_QCDScale0wUp
Merging MT_monoZ_catSignal-1jet_sys_QCDScale0wUp
Merging measMET_monoZ_cat3L_sys_QCDScale0wUp
Merging MT_monoZ_cat3L_sys_QCDScale0wUp
Merging measMET_monoZ_cat4L_sys_QCDScale0wUp
Merging MT_monoZ_cat4L_sys_QCDScale0wUp
Merging measMET_monoZ_catNRB_sys_QCDScale0wUp
Merging MT_monoZ_catNRB_sys_QCDScale0wUp
Merging measMET_monoZ_catTOP_sys_QCDScale0wUp
Merging MT_monoZ_catTOP_sys_QCDScale0wUp
Merging measMET_monoZ_catDY_sys_QCDScale0wUp
Merging MT_monoZ_catDY_sys_QCDScale0wUp
Merging balance_monoZ_sys_QCDScale0wUp
Merging phizmet_monoZ_sys_QCDScale0wUp
Merging njet_monoZ_sys_QCDScale0wUp
Merging measMET_monoZ_catSignal-0jet_sys_QCDScale0wDown
Merging MT_monoZ_catSignal-0jet_sys_QCDScale0wDown
Merging measMET_monoZ_catEM_sys_QCDScale0wDown
Merging MT_monoZ_catEM_sys_QCDScale0wDown
Merging measMET_monoZ_catSignal-1jet_sys_QCDScale0wDown
Merging MT_monoZ_catSignal-1jet_sys_QCDScale0wDown
Merging measMET_monoZ_cat3L_sys_QCDScale0wDown
Merging MT_monoZ_cat3L_sys_QCDScale0wDown
Merging measMET_monoZ_cat4L_sys_QCDScale0wDown
Merging MT_monoZ_cat4L_sys_QCDScale0wDown
Merging measMET_monoZ_catNRB_sys_QCDScale0wDown
Merging MT_monoZ_catNRB_sys_QCDScale0wDown
Merging measMET_monoZ_catTOP_sys_QCDScale0wDown
Merging MT_monoZ_catTOP_sys_QCDScale0wDown
Merging measMET_monoZ_catDY_sys_QCDScale0wDown
Merging MT_monoZ_catDY_sys_QCDScale0wDown
Merging balance_monoZ_sys_QCDScale0wDown
Merging phizmet_monoZ_sys_QCDScale0wDown
Merging njet_monoZ_sys_QCDScale0wDown
Merging measMET_monoZ_catSignal-0jet_sys_QCDScale1wUp
Merging MT_monoZ_catSignal-0jet_sys_QCDScale1wUp
Merging measMET_monoZ_catEM_sys_QCDScale1wUp
Merging MT_monoZ_catEM_sys_QCDScale1wUp
Merging measMET_monoZ_catSignal-1jet_sys_QCDScale1wUp
Merging MT_monoZ_catSignal-1jet_sys_QCDScale1wUp
Merging measMET_monoZ_cat3L_sys_QCDScale1wUp
Merging MT_monoZ_cat3L_sys_QCDScale1wUp
Merging measMET_monoZ_cat4L_sys_QCDScale1wUp
Merging MT_monoZ_cat4L_sys_QCDScale1wUp
Merging measMET_monoZ_catNRB_sys_QCDScale1wUp
Merging MT_monoZ_catNRB_sys_QCDScale1wUp
Merging measMET_monoZ_catTOP_sys_QCDScale1wUp
Merging MT_monoZ_catTOP_sys_QCDScale1wUp
Merging measMET_monoZ_catDY_sys_QCDScale1wUp
Merging MT_monoZ_catDY_sys_QCDScale1wUp
Merging balance_monoZ_sys_QCDScale1wUp
Merging phizmet_monoZ_sys_QCDScale1wUp
Merging njet_monoZ_sys_QCDScale1wUp
Merging measMET_monoZ_catSignal-0jet_sys_QCDScale1wDown
Merging MT_monoZ_catSignal-0jet_sys_QCDScale1wDown
Merging measMET_monoZ_catEM_sys_QCDScale1wDown
Merging MT_monoZ_catEM_sys_QCDScale1wDown
Merging measMET_monoZ_catSignal-1jet_sys_QCDScale1wDown
Merging MT_monoZ_catSignal-1jet_sys_QCDScale1wDown
Merging measMET_monoZ_cat3L_sys_QCDScale1wDown
Merging MT_monoZ_cat3L_sys_QCDScale1wDown
Merging measMET_monoZ_cat4L_sys_QCDScale1wDown
Merging MT_monoZ_cat4L_sys_QCDScale1wDown
Merging measMET_monoZ_catNRB_sys_QCDScale1wDown
Merging MT_monoZ_catNRB_sys_QCDScale1wDown
Merging measMET_monoZ_catTOP_sys_QCDScale1wDown
Merging MT_monoZ_catTOP_sys_QCDScale1wDown
Merging measMET_monoZ_catDY_sys_QCDScale1wDown
Merging MT_monoZ_catDY_sys_QCDScale1wDown
Merging balance_monoZ_sys_QCDScale1wDown
Merging phizmet_monoZ_sys_QCDScale1wDown
Merging njet_monoZ_sys_QCDScale1wDown
Merging measMET_monoZ_catSignal-0jet_sys_QCDScale2wUp
Merging MT_monoZ_catSignal-0jet_sys_QCDScale2wUp
Merging measMET_monoZ_catEM_sys_QCDScale2wUp
Merging MT_monoZ_catEM_sys_QCDScale2wUp
Merging measMET_monoZ_catSignal-1jet_sys_QCDScale2wUp
Merging MT_monoZ_catSignal-1jet_sys_QCDScale2wUp
Merging measMET_monoZ_cat3L_sys_QCDScale2wUp
Merging MT_monoZ_cat3L_sys_QCDScale2wUp
Merging measMET_monoZ_cat4L_sys_QCDScale2wUp
Merging MT_monoZ_cat4L_sys_QCDScale2wUp
Merging measMET_monoZ_catNRB_sys_QCDScale2wUp
Merging MT_monoZ_catNRB_sys_QCDScale2wUp
Merging measMET_monoZ_catTOP_sys_QCDScale2wUp
Merging MT_monoZ_catTOP_sys_QCDScale2wUp
Merging measMET_monoZ_catDY_sys_QCDScale2wUp
Merging MT_monoZ_catDY_sys_QCDScale2wUp
Merging balance_monoZ_sys_QCDScale2wUp
Merging phizmet_monoZ_sys_QCDScale2wUp
Merging njet_monoZ_sys_QCDScale2wUp
Merging measMET_monoZ_catSignal-0jet_sys_QCDScale2wDown
Merging MT_monoZ_catSignal-0jet_sys_QCDScale2wDown
Merging measMET_monoZ_catEM_sys_QCDScale2wDown
Merging MT_monoZ_catEM_sys_QCDScale2wDown
Merging measMET_monoZ_catSignal-1jet_sys_QCDScale2wDown
Merging MT_monoZ_catSignal-1jet_sys_QCDScale2wDown
Merging measMET_monoZ_cat3L_sys_QCDScale2wDown
Merging MT_monoZ_cat3L_sys_QCDScale2wDown
Merging measMET_monoZ_cat4L_sys_QCDScale2wDown
Merging MT_monoZ_cat4L_sys_QCDScale2wDown
Merging measMET_monoZ_catNRB_sys_QCDScale2wDown
Merging MT_monoZ_catNRB_sys_QCDScale2wDown
Merging measMET_monoZ_catTOP_sys_QCDScale2wDown
Merging MT_monoZ_catTOP_sys_QCDScale2wDown
Merging measMET_monoZ_catDY_sys_QCDScale2wDown
Merging MT_monoZ_catDY_sys_QCDScale2wDown
Merging balance_monoZ_sys_QCDScale2wDown
Merging phizmet_monoZ_sys_QCDScale2wDown
Merging njet_monoZ_sys_QCDScale2wDown
Merging Events
Merging Runs
Merging ParameterSets
Merging LuminosityBlocks
Merging MetaData
Merging measMET_Unpart_ZToEEAndMuMu_SU_0_dU_2p00_LU_15_TuneCP5_13TeV_pythia8_catEM_sys_nvtxWeightDown
Merging njet_Unpart_ZToEEAndMuMu_SU_0_dU_2p00_LU_15_TuneCP5_13TeV_pythia8_sys_PrefireWeightDown
Merging MT_Unpart_ZToEEAndMuMu_SU_0_dU_2p00_LU_15_TuneCP5_13TeV_pythia8_catSignal-0jet_sys_ElectronEnUp
Merging phizmet_Unpart_ZToEEAndMuMu_SU_0_dU_2p00_LU_15_TuneCP5_13TeV_pythia8_sys_QCDScale0wUp
Merging MT_Unpart_ZToEEAndMuMu_SU_0_dU_2p00_LU_15_TuneCP5_13TeV_pythia8_catSignal-1jet_sys_QCDScale2wDown
Merging MT_Unpart_ZToEEAndMuMu_SU_0_dU_2p00_LU_15_TuneCP5_13TeV_pythia8_catNRB_sys_EWKDown
Merging MT_Unpart_ZToEEAndMuMu_SU_0_dU_2p00_LU_15_TuneCP5_13TeV_pythia8_catTOP_sys_TriggerSFWeightDown
Merging MT_Unpart_ZToEEAndMuMu_SU_0_dU_2p00_LU_15_TuneCP5_13TeV_pythia8_cat4L_sys_nvtxWeightUp
Merging MT_Unpart_ZToEEAndMuMu_SU_0_dU_2p00_LU_15_TuneCP5_13TeV_pythia8_catSignal-0jet_sys_MuonSFDown
Merging measMET_Unpart_ZToEEAndMuMu_SU_0_dU_2p00_LU_15_TuneCP5_13TeV_pythia8_catSignal-0jet_sys_QCDScale0wUp
Merging measMET_Unpart_ZToEEAndMuMu_SU_0_dU_2p00_LU_15_TuneCP5_13TeV_pythia8_catNRB_sys_ElectronEnDown
Merging measMET_Unpart_ZToEEAndMuMu_SU_0_dU_2p00_LU_15_TuneCP5_13TeV_pythia8_cat3L_sys_PrefireWeightDown
Merging MT_Unpart_ZToEEAndMuMu_SU_0_dU_2p00_LU_15_TuneCP5_13TeV_pythia8_cat4L_sys_EWKUp
Merging balance_Unpart_ZToEEAndMuMu_SU_0_dU_2p00_LU_15_TuneCP5_13TeV_pythia8_sys_nvtxWeightDown
Merging MT_Unpart_ZToEEAndMuMu_SU_0_dU_2p00_LU_15_TuneCP5_13TeV_pythia8_catNRB_sys_TriggerSFWeightUp
Merging measMET_Unpart_ZToEEAndMuMu_SU_0_dU_2p00_LU_15_TuneCP5_13TeV_pythia8_cat4L_sys_ElectronEnUp
Merging measMET_Unpart_ZToEEAndMuMu_SU_0_dU_2p00_LU_15_TuneCP5_13TeV_pythia8_catSignal-0jet_sys_ElectronEnDown
Merging measMET_Unpart_ZToEEAndMuMu_SU_0_dU_2p00_LU_15_TuneCP5_13TeV_pythia8_catSignal-0jet_sys_QCDScale1wDown
Merging measMET_Unpart_ZToEEAndMuMu_SU_0_dU_2p00_LU_15_TuneCP5_13TeV_pythia8_catEM_sys_TriggerSFWeightDown
Merging measMET_Unpart_ZToEEAndMuMu_SU_0_dU_2p00_LU_15_TuneCP5_13TeV_pythia8_catSignal-1jet_sys_ElectronEnDown
Merging phizmet_Unpart_ZToEEAndMuMu_SU_0_dU_2p00_LU_15_TuneCP5_13TeV_pythia8_sys_jesTotalDown
Merging MT_Unpart_ZToEEAndMuMu_SU_0_dU_2p00_LU_15_TuneCP5_13TeV_pythia8_catTOP_sys_QCDScale0wDown
Merging measMET_Unpart_ZToEEAndMuMu_SU_0_dU_2p00_LU_15_TuneCP5_13TeV_pythia8_catSignal-0jet_sys_PDFDown
Merging njet_Unpart_ZToEEAndMuMu_SU_0_dU_2p00_LU_15_TuneCP5_13TeV_pythia8_sys_ElectronEnUp
Merging measMET_Unpart_ZToEEAndMuMu_SU_0_dU_2p00_LU_15_TuneCP5_13TeV_pythia8_catDY_sys_PrefireWeightDown
Merging MT_Unpart_ZToEEAndMuMu_SU_0_dU_2p00_LU_15_TuneCP5_13TeV_pythia8_catSignal-1jet_sys_jesTotalDown
Merging measMET_Unpart_ZToEEAndMuMu_SU_0_dU_2p00_LU_15_TuneCP5_13TeV_pythia8_catTOP_sys_puWeightDown
Merging measMET_Unpart_ZToEEAndMuMu_SU_0_dU_2p00_LU_15_TuneCP5_13TeV_pythia8_catSignal-0jet_sys_jesTotalDown
Merging measMET_Unpart_ZToEEAndMuMu_SU_0_dU_2p00_LU_15_TuneCP5_13TeV_pythia8_catSignal-0jet_sys_jerUp
Merging measMET_Unpart_ZToEEAndMuMu_SU_0_dU_2p00_LU_15_TuneCP5_13TeV_pythia8_cat3L_sys_MuonEnDown
Merging MT_Unpart_ZToEEAndMuMu_SU_0_dU_2p00_LU_15_TuneCP5_13TeV_pythia8_cat3L_sys_nvtxWeightDown
Merging balance_Unpart_ZToEEAndMuMu_SU_0_dU_2p00_LU_15_TuneCP5_13TeV_pythia8_sys_puWeightUp
Merging MT_Unpart_ZToEEAndMuMu_SU_0_dU_2p00_LU_15_TuneCP5_13TeV_pythia8_catTOP_sys_MuonSFDown
Merging MT_Unpart_ZToEEAndMuMu_SU_0_dU_2p00_LU_15_TuneCP5_13TeV_pythia8_catSignal-0jet_sys_MuonSFUp
Merging phizmet_Unpart_ZToEEAndMuMu_SU_0_dU_2p00_LU_15_TuneCP5_13TeV_pythia8_sys_jerUp
Merging balance_Unpart_ZToEEAndMuMu_SU_0_dU_2p00_LU_15_TuneCP5_13TeV_pythia8_sys_ElecronSFUp
Merging measMET_Unpart_ZToEEAndMuMu_SU_0_dU_2p00_LU_15_TuneCP5_13TeV_pythia8_catSignal-1jet_sys_puWeightUp
Merging measMET_Unpart_ZToEEAndMuMu_SU_0_dU_2p00_LU_15_TuneCP5_13TeV_pythia8_catTOP_sys_ElectronEnDown
Merging measMET_Unpart_ZToEEAndMuMu_SU_0_dU_2p00_LU_15_TuneCP5_13TeV_pythia8_cat3L_sys_QCDScale0wUp
Merging MT_Unpart_ZToEEAndMuMu_SU_0_dU_2p00_LU_15_TuneCP5_13TeV_pythia8_cat3L_sys_jerUp
Merging measMET_Unpart_ZToEEAndMuMu_SU_0_dU_2p00_LU_15_TuneCP5_13TeV_pythia8_catNRB_sys_jerUp
Merging measMET_Unpart_ZToEEAndMuMu_SU_0_dU_2p00_LU_15_TuneCP5_13TeV_pythia8_catDY_sys_MuonEnUp
Merging MT_Unpart_ZToEEAndMuMu_SU_0_dU_2p00_LU_15_TuneCP5_13TeV_pythia8_catNRB_sys_jerDown
Merging MT_Unpart_ZToEEAndMuMu_SU_0_dU_2p00_LU_15_TuneCP5_13TeV_pythia8_catDY_sys_TriggerSFWeightUp
Merging measMET_Unpart_ZToEEAndMuMu_SU_0_dU_2p00_LU_15_TuneCP5_13TeV_pythia8_cat3L_sys_MuonSFUp
Merging MT_Unpart_ZToEEAndMuMu_SU_0_dU_2p00_LU_15_TuneCP5_13TeV_pythia8_catSignal-0jet_sys_MuonEnDown
Merging balance_Unpart_ZToEEAndMuMu_SU_0_dU_2p00_LU_15_TuneCP5_13TeV_pythia8_sys_MuonEnUp
Merging measMET_Unpart_ZToEEAndMuMu_SU_0_dU_2p00_LU_15_TuneCP5_13TeV_pythia8_catSignal-1jet_sys_TriggerSFWeightUp
Merging measMET_Unpart_ZToEEAndMuMu_SU_0_dU_2p00_LU_15_TuneCP5_13TeV_pythia8_catDY_sys_ElecronSFUp
Merging measMET_Unpart_ZToEEAndMuMu_SU_0_dU_2p00_LU_15_TuneCP5_13TeV_pythia8_catTOP_sys_QCDScale2wUp
Merging measMET_Unpart_ZToEEAndMuMu_SU_0_dU_2p00_LU_15_TuneCP5_13TeV_pythia8_catEM_sys_MuonSFDown
Merging measMET_Unpart_ZToEEAndMuMu_SU_0_dU_2p00_LU_15_TuneCP5_13TeV_pythia8_cat4L_sys_QCDScale2wDown
Merging MT_Unpart_ZToEEAndMuMu_SU_0_dU_2p00_LU_15_TuneCP5_13TeV_pythia8_catSignal-1jet_sys_nvtxWeightDown
Merging measMET_Unpart_ZToEEAndMuMu_SU_0_dU_2p00_LU_15_TuneCP5_13TeV_pythia8_catEM_sys_QCDScale0wUp
Merging njet_Unpart_ZToEEAndMuMu_SU_0_dU_2p00_LU_15_TuneCP5_13TeV_pythia8_sys_jerUp
Merging measMET_Unpart_ZToEEAndMuMu_SU_0_dU_2p00_LU_15_TuneCP5_13TeV_pythia8_catSignal-1jet_sys_puWeightDown
Merging njet_Unpart_ZToEEAndMuMu_SU_0_dU_2p00_LU_15_TuneCP5_13TeV_pythia8_sys_ElectronEnDown
Merging MT_Unpart_ZToEEAndMuMu_SU_0_dU_2p00_LU_15_TuneCP5_13TeV_pythia8_catSignal-0jet_sys_jerUp
Merging MT_Unpart_ZToEEAndMuMu_SU_0_dU_2p00_LU_15_TuneCP5_13TeV_pythia8_cat3L_sys_MuonEnUp
Merging measMET_Unpart_ZToEEAndMuMu_SU_0_dU_2p00_LU_15_TuneCP5_13TeV_pythia8_catDY_sys_QCDScale2wUp
Merging MT_Unpart_ZToEEAndMuMu_SU_0_dU_2p00_LU_15_TuneCP5_13TeV_pythia8_cat3L_sys_jesTotalDown
Merging MT_Unpart_ZToEEAndMuMu_SU_0_dU_2p00_LU_15_TuneCP5_13TeV_pythia8_catEM_sys_QCDScale1wDown
Merging measMET_Unpart_ZToEEAndMuMu_SU_0_dU_2p00_LU_15_TuneCP5_13TeV_pythia8_cat4L_sys_MuonSFDown
Merging measMET_Unpart_ZToEEAndMuMu_SU_0_dU_2p00_LU_15_TuneCP5_13TeV_pythia8_catEM_sys_nvtxWeightUp
Merging measMET_Unpart_ZToEEAndMuMu_SU_0_dU_2p00_LU_15_TuneCP5_13TeV_pythia8_catTOP_sys_btagEventWeightDown
Merging MT_Unpart_ZToEEAndMuMu_SU_0_dU_2p00_LU_15_TuneCP5_13TeV_pythia8_catDY_sys_ElecronSFUp
Merging measMET_Unpart_ZToEEAndMuMu_SU_0_dU_2p00_LU_15_TuneCP5_13TeV_pythia8_cat4L_sys_jesTotalUp
Merging MT_Unpart_ZToEEAndMuMu_SU_0_dU_2p00_LU_15_TuneCP5_13TeV_pythia8_catDY_sys_PDFUp
Merging measMET_Unpart_ZToEEAndMuMu_SU_0_dU_2p00_LU_15_TuneCP5_13TeV_pythia8_catTOP_sys_nvtxWeightDown
Merging phizmet_Unpart_ZToEEAndMuMu_SU_0_dU_2p00_LU_15_TuneCP5_13TeV_pythia8
Merging phizmet_Unpart_ZToEEAndMuMu_SU_0_dU_2p00_LU_15_TuneCP5_13TeV_pythia8_sys_puWeightDown
Merging MT_Unpart_ZToEEAndMuMu_SU_0_dU_2p00_LU_15_TuneCP5_13TeV_pythia8_catSignal-0jet_sys_btagEventWeightDown
Merging measMET_Unpart_ZToEEAndMuMu_SU_0_dU_2p00_LU_15_TuneCP5_13TeV_pythia8_cat3L_sys_btagEventWeightDown
Merging measMET_Unpart_ZToEEAndMuMu_SU_0_dU_2p00_LU_15_TuneCP5_13TeV_pythia8_catNRB_sys_jesTotalUp
Merging measMET_Unpart_ZToEEAndMuMu_SU_0_dU_2p00_LU_15_TuneCP5_13TeV_pythia8_catSignal-1jet_sys_btagEventWeightUp
Merging MT_Unpart_ZToEEAndMuMu_SU_0_dU_2p00_LU_15_TuneCP5_13TeV_pythia8_catDY_sys_nvtxWeightUp
Merging measMET_Unpart_ZToEEAndMuMu_SU_0_dU_2p00_LU_15_TuneCP5_13TeV_pythia8_catEM_sys_jerUp
Merging njet_Unpart_ZToEEAndMuMu_SU_0_dU_2p00_LU_15_TuneCP5_13TeV_pythia8_sys_jerDown
Merging measMET_Unpart_ZToEEAndMuMu_SU_0_dU_2p00_LU_15_TuneCP5_13TeV_pythia8_cat3L_sys_PDFUp
Merging MT_Unpart_ZToEEAndMuMu_SU_0_dU_2p00_LU_15_TuneCP5_13TeV_pythia8_catEM_sys_nvtxWeightDown
Merging measMET_Unpart_ZToEEAndMuMu_SU_0_dU_2p00_LU_15_TuneCP5_13TeV_pythia8_catTOP_sys_ElecronSFUp
Merging measMET_Unpart_ZToEEAndMuMu_SU_0_dU_2p00_LU_15_TuneCP5_13TeV_pythia8_cat3L_sys_nvtxWeightUp
Merging njet_Unpart_ZToEEAndMuMu_SU_0_dU_2p00_LU_15_TuneCP5_13TeV_pythia8_sys_PDFUp
Merging MT_Unpart_ZToEEAndMuMu_SU_0_dU_2p00_LU_15_TuneCP5_13TeV_pythia8_cat4L_sys_QCDScale0wDown
Merging measMET_Unpart_ZToEEAndMuMu_SU_0_dU_2p00_LU_15_TuneCP5_13TeV_pythia8_catDY_sys_btagEventWeightUp
Merging measMET_Unpart_ZToEEAndMuMu_SU_0_dU_2p00_LU_15_TuneCP5_13TeV_pythia8_catEM_sys_QCDScale2wUp
Merging MT_Unpart_ZToEEAndMuMu_SU_0_dU_2p00_LU_15_TuneCP5_13TeV_pythia8_catEM_sys_QCDScale0wDown
Merging MT_Unpart_ZToEEAndMuMu_SU_0_dU_2p00_LU_15_TuneCP5_13TeV_pythia8_catTOP_sys_ElecronSFUp
Merging measMET_Unpart_ZToEEAndMuMu_SU_0_dU_2p00_LU_15_TuneCP5_13TeV_pythia8_catTOP_sys_QCDScale0wUp
Merging measMET_Unpart_ZToEEAndMuMu_SU_0_dU_2p00_LU_15_TuneCP5_13TeV_pythia8_catTOP_sys_jesTotalUp
Merging measMET_Unpart_ZToEEAndMuMu_SU_0_dU_2p00_LU_15_TuneCP5_13TeV_pythia8_cat3L_sys_QCDScale1wDown
Merging MT_Unpart_ZToEEAndMuMu_SU_0_dU_2p00_LU_15_TuneCP5_13TeV_pythia8_catTOP
Merging phizmet_Unpart_ZToEEAndMuMu_SU_0_dU_2p00_LU_15_TuneCP5_13TeV_pythia8_sys_nvtxWeightUp
Merging measMET_Unpart_ZToEEAndMuMu_SU_0_dU_2p00_LU_15_TuneCP5_13TeV_pythia8_cat4L_sys_QCDScale1wUp
Merging MT_Unpart_ZToEEAndMuMu_SU_0_dU_2p00_LU_15_TuneCP5_13TeV_pythia8_cat4L_sys_QCDScale2wUp
Merging balance_Unpart_ZToEEAndMuMu_SU_0_dU_2p00_LU_15_TuneCP5_13TeV_pythia8_sys_PrefireWeightDown
Merging measMET_Unpart_ZToEEAndMuMu_SU_0_dU_2p00_LU_15_TuneCP5_13TeV_pythia8_cat4L_sys_jerDown
Merging MT_Unpart_ZToEEAndMuMu_SU_0_dU_2p00_LU_15_TuneCP5_13TeV_pythia8_catSignal-1jet_sys_btagEventWeightUp
Merging measMET_Unpart_ZToEEAndMuMu_SU_0_dU_2p00_LU_15_TuneCP5_13TeV_pythia8_catNRB_sys_PDFDown
Merging MT_Unpart_ZToEEAndMuMu_SU_0_dU_2p00_LU_15_TuneCP5_13TeV_pythia8_cat4L_sys_puWeightDown
Merging MT_Unpart_ZToEEAndMuMu_SU_0_dU_2p00_LU_15_TuneCP5_13TeV_pythia8_cat3L_sys_ElecronSFDown
Merging MT_Unpart_ZToEEAndMuMu_SU_0_dU_2p00_LU_15_TuneCP5_13TeV_pythia8_cat4L_sys_TriggerSFWeightUp
Merging measMET_Unpart_ZToEEAndMuMu_SU_0_dU_2p00_LU_15_TuneCP5_13TeV_pythia8_catTOP_sys_PDFDown
Merging measMET_Unpart_ZToEEAndMuMu_SU_0_dU_2p00_LU_15_TuneCP5_13TeV_pythia8_catEM_sys_ElectronEnUp
Merging measMET_Unpart_ZToEEAndMuMu_SU_0_dU_2p00_LU_15_TuneCP5_13TeV_pythia8_catDY_sys_puWeightUp
Merging balance_Unpart_ZToEEAndMuMu_SU_0_dU_2p00_LU_15_TuneCP5_13TeV_pythia8_sys_btagEventWeightDown
Merging phizmet_Unpart_ZToEEAndMuMu_SU_0_dU_2p00_LU_15_TuneCP5_13TeV_pythia8_sys_QCDScale1wUp
Merging MT_Unpart_ZToEEAndMuMu_SU_0_dU_2p00_LU_15_TuneCP5_13TeV_pythia8_catEM_sys_PrefireWeightDown
Merging MT_Unpart_ZToEEAndMuMu_SU_0_dU_2p00_LU_15_TuneCP5_13TeV_pythia8_catTOP_sys_QCDScale2wUp
Merging balance_Unpart_ZToEEAndMuMu_SU_0_dU_2p00_LU_15_TuneCP5_13TeV_pythia8_sys_QCDScale1wUp
Merging MT_Unpart_ZToEEAndMuMu_SU_0_dU_2p00_LU_15_TuneCP5_13TeV_pythia8_cat3L_sys_PDFDown
Merging measMET_Unpart_ZToEEAndMuMu_SU_0_dU_2p00_LU_15_TuneCP5_13TeV_pythia8_cat3L_sys_ElecronSFDown
Merging autoPU
Merging phizmet_Unpart_ZToEEAndMuMu_SU_0_dU_2p00_LU_15_TuneCP5_13TeV_pythia8_sys_ElectronEnDown
Merging MT_Unpart_ZToEEAndMuMu_SU_0_dU_2p00_LU_15_TuneCP5_13TeV_pythia8_cat4L_sys_nvtxWeightDown
Merging MT_Unpart_ZToEEAndMuMu_SU_0_dU_2p00_LU_15_TuneCP5_13TeV_pythia8_cat4L_sys_QCDScale1wUp
Merging MT_Unpart_ZToEEAndMuMu_SU_0_dU_2p00_LU_15_TuneCP5_13TeV_pythia8_catEM_sys_EWKUp
Merging MT_Unpart_ZToEEAndMuMu_SU_0_dU_2p00_LU_15_TuneCP5_13TeV_pythia8_catTOP_sys_EWKDown
Merging MT_Unpart_ZToEEAndMuMu_SU_0_dU_2p00_LU_15_TuneCP5_13TeV_pythia8_catEM_sys_puWeightUp
Merging MT_Unpart_ZToEEAndMuMu_SU_0_dU_2p00_LU_15_TuneCP5_13TeV_pythia8_catDY_sys_EWKDown
Merging MT_Unpart_ZToEEAndMuMu_SU_0_dU_2p00_LU_15_TuneCP5_13TeV_pythia8_cat3L_sys_ElectronEnDown
Merging MT_Unpart_ZToEEAndMuMu_SU_0_dU_2p00_LU_15_TuneCP5_13TeV_pythia8_cat3L_sys_MuonSFDown
Merging njet_Unpart_ZToEEAndMuMu_SU_0_dU_2p00_LU_15_TuneCP5_13TeV_pythia8_sys_PrefireWeightUp
Merging MT_Unpart_ZToEEAndMuMu_SU_0_dU_2p00_LU_15_TuneCP5_13TeV_pythia8_catSignal-0jet_sys_QCDScale2wUp
Merging measMET_Unpart_ZToEEAndMuMu_SU_0_dU_2p00_LU_15_TuneCP5_13TeV_pythia8_catNRB_sys_EWKUp
Merging MT_Unpart_ZToEEAndMuMu_SU_0_dU_2p00_LU_15_TuneCP5_13TeV_pythia8_catNRB_sys_btagEventWeightUp
Merging phizmet_Unpart_ZToEEAndMuMu_SU_0_dU_2p00_LU_15_TuneCP5_13TeV_pythia8_sys_MuonEnUp
Merging phizmet_Unpart_ZToEEAndMuMu_SU_0_dU_2p00_LU_15_TuneCP5_13TeV_pythia8_sys_QCDScale2wDown
Merging MT_Unpart_ZToEEAndMuMu_SU_0_dU_2p00_LU_15_TuneCP5_13TeV_pythia8_cat3L_sys_btagEventWeightDown
Merging MT_Unpart_ZToEEAndMuMu_SU_0_dU_2p00_LU_15_TuneCP5_13TeV_pythia8_cat3L_sys_PDFUp
Merging balance_Unpart_ZToEEAndMuMu_SU_0_dU_2p00_LU_15_TuneCP5_13TeV_pythia8_sys_jerUp
Merging MT_Unpart_ZToEEAndMuMu_SU_0_dU_2p00_LU_15_TuneCP5_13TeV_pythia8_cat4L_sys_PDFDown
Merging MT_Unpart_ZToEEAndMuMu_SU_0_dU_2p00_LU_15_TuneCP5_13TeV_pythia8_catEM_sys_QCDScale0wUp
Merging measMET_Unpart_ZToEEAndMuMu_SU_0_dU_2p00_LU_15_TuneCP5_13TeV_pythia8_catTOP_sys_jerDown
Merging measMET_Unpart_ZToEEAndMuMu_SU_0_dU_2p00_LU_15_TuneCP5_13TeV_pythia8_catTOP_sys_MuonSFUp
Merging MT_Unpart_ZToEEAndMuMu_SU_0_dU_2p00_LU_15_TuneCP5_13TeV_pythia8_catSignal-1jet_sys_MuonSFUp
Merging measMET_Unpart_ZToEEAndMuMu_SU_0_dU_2p00_LU_15_TuneCP5_13TeV_pythia8_cat4L_sys_MuonSFUp
Merging MT_Unpart_ZToEEAndMuMu_SU_0_dU_2p00_LU_15_TuneCP5_13TeV_pythia8_catEM_sys_MuonEnDown
Merging measMET_Unpart_ZToEEAndMuMu_SU_0_dU_2p00_LU_15_TuneCP5_13TeV_pythia8_cat3L_sys_TriggerSFWeightUp
Merging MT_Unpart_ZToEEAndMuMu_SU_0_dU_2p00_LU_15_TuneCP5_13TeV_pythia8_catDY_sys_EWKUp
Merging phizmet_Unpart_ZToEEAndMuMu_SU_0_dU_2p00_LU_15_TuneCP5_13TeV_pythia8_sys_PDFUp
Merging measMET_Unpart_ZToEEAndMuMu_SU_0_dU_2p00_LU_15_TuneCP5_13TeV_pythia8_catSignal-0jet_sys_btagEventWeightUp
Merging measMET_Unpart_ZToEEAndMuMu_SU_0_dU_2p00_LU_15_TuneCP5_13TeV_pythia8_catEM_sys_jesTotalDown
Merging MT_Unpart_ZToEEAndMuMu_SU_0_dU_2p00_LU_15_TuneCP5_13TeV_pythia8_catSignal-1jet_sys_QCDScale0wDown
Merging MT_Unpart_ZToEEAndMuMu_SU_0_dU_2p00_LU_15_TuneCP5_13TeV_pythia8_catDY_sys_ElectronEnDown
Merging measMET_Unpart_ZToEEAndMuMu_SU_0_dU_2p00_LU_15_TuneCP5_13TeV_pythia8_cat3L_sys_MuonEnUp
Merging measMET_Unpart_ZToEEAndMuMu_SU_0_dU_2p00_LU_15_TuneCP5_13TeV_pythia8_catNRB_sys_ElectronEnUp
Merging measMET_Unpart_ZToEEAndMuMu_SU_0_dU_2p00_LU_15_TuneCP5_13TeV_pythia8_catTOP_sys_ElectronEnUp
Merging MT_Unpart_ZToEEAndMuMu_SU_0_dU_2p00_LU_15_TuneCP5_13TeV_pythia8_cat3L_sys_jesTotalUp
Merging measMET_Unpart_ZToEEAndMuMu_SU_0_dU_2p00_LU_15_TuneCP5_13TeV_pythia8_catDY_sys_EWKDown
Merging MT_Unpart_ZToEEAndMuMu_SU_0_dU_2p00_LU_15_TuneCP5_13TeV_pythia8_catSignal-1jet_sys_TriggerSFWeightDown
Merging measMET_Unpart_ZToEEAndMuMu_SU_0_dU_2p00_LU_15_TuneCP5_13TeV_pythia8_catSignal-1jet_sys_PrefireWeightDown
Merging MT_Unpart_ZToEEAndMuMu_SU_0_dU_2p00_LU_15_TuneCP5_13TeV_pythia8_cat3L_sys_puWeightUp
Merging njet_Unpart_ZToEEAndMuMu_SU_0_dU_2p00_LU_15_TuneCP5_13TeV_pythia8_sys_btagEventWeightDown
Merging MT_Unpart_ZToEEAndMuMu_SU_0_dU_2p00_LU_15_TuneCP5_13TeV_pythia8_catTOP_sys_PrefireWeightDown
Merging MT_Unpart_ZToEEAndMuMu_SU_0_dU_2p00_LU_15_TuneCP5_13TeV_pythia8_catNRB_sys_jesTotalDown
Merging measMET_Unpart_ZToEEAndMuMu_SU_0_dU_2p00_LU_15_TuneCP5_13TeV_pythia8_catSignal-0jet_sys_TriggerSFWeightUp
Merging MT_Unpart_ZToEEAndMuMu_SU_0_dU_2p00_LU_15_TuneCP5_13TeV_pythia8_catSignal-1jet_sys_QCDScale1wDown
Merging MT_Unpart_ZToEEAndMuMu_SU_0_dU_2p00_LU_15_TuneCP5_13TeV_pythia8_catSignal-1jet_sys_ElectronEnDown
Merging MT_Unpart_ZToEEAndMuMu_SU_0_dU_2p00_LU_15_TuneCP5_13TeV_pythia8_catNRB_sys_ElecronSFUp
Merging measMET_Unpart_ZToEEAndMuMu_SU_0_dU_2p00_LU_15_TuneCP5_13TeV_pythia8_catTOP_sys_btagEventWeightUp
Merging MT_Unpart_ZToEEAndMuMu_SU_0_dU_2p00_LU_15_TuneCP5_13TeV_pythia8_catSignal-1jet_sys_jesTotalUp
Merging measMET_Unpart_ZToEEAndMuMu_SU_0_dU_2p00_LU_15_TuneCP5_13TeV_pythia8_catSignal-1jet_sys_jerDown
Merging MT_Unpart_ZToEEAndMuMu_SU_0_dU_2p00_LU_15_TuneCP5_13TeV_pythia8_catDY_sys_jesTotalDown
Merging MT_Unpart_ZToEEAndMuMu_SU_0_dU_2p00_LU_15_TuneCP5_13TeV_pythia8_catSignal-1jet_sys_MuonEnDown
Merging MT_Unpart_ZToEEAndMuMu_SU_0_dU_2p00_LU_15_TuneCP5_13TeV_pythia8_catSignal-0jet
Merging MT_Unpart_ZToEEAndMuMu_SU_0_dU_2p00_LU_15_TuneCP5_13TeV_pythia8_catSignal-1jet_sys_EWKDown
Merging MT_Unpart_ZToEEAndMuMu_SU_0_dU_2p00_LU_15_TuneCP5_13TeV_pythia8_catTOP_sys_jesTotalUp
Merging balance_Unpart_ZToEEAndMuMu_SU_0_dU_2p00_LU_15_TuneCP5_13TeV_pythia8
Merging measMET_Unpart_ZToEEAndMuMu_SU_0_dU_2p00_LU_15_TuneCP5_13TeV_pythia8_catDY_sys_ElectronEnDown
Merging MT_Unpart_ZToEEAndMuMu_SU_0_dU_2p00_LU_15_TuneCP5_13TeV_pythia8_catNRB_sys_ElecronSFDown
Merging measMET_Unpart_ZToEEAndMuMu_SU_0_dU_2p00_LU_15_TuneCP5_13TeV_pythia8_cat3L_sys_QCDScale1wUp
Merging measMET_Unpart_ZToEEAndMuMu_SU_0_dU_2p00_LU_15_TuneCP5_13TeV_pythia8_catDY_sys_QCDScale2wDown
Merging MT_Unpart_ZToEEAndMuMu_SU_0_dU_2p00_LU_15_TuneCP5_13TeV_pythia8_cat3L
Merging MT_Unpart_ZToEEAndMuMu_SU_0_dU_2p00_LU_15_TuneCP5_13TeV_pythia8_catDY_sys_puWeightUp
Merging measMET_Unpart_ZToEEAndMuMu_SU_0_dU_2p00_LU_15_TuneCP5_13TeV_pythia8_catSignal-0jet_sys_btagEventWeightDown
Merging MT_Unpart_ZToEEAndMuMu_SU_0_dU_2p00_LU_15_TuneCP5_13TeV_pythia8_cat4L_sys_MuonEnUp
Merging MT_Unpart_ZToEEAndMuMu_SU_0_dU_2p00_LU_15_TuneCP5_13TeV_pythia8_cat3L_sys_btagEventWeightUp
Merging measMET_Unpart_ZToEEAndMuMu_SU_0_dU_2p00_LU_15_TuneCP5_13TeV_pythia8_catEM_sys_EWKDown
Merging balance_Unpart_ZToEEAndMuMu_SU_0_dU_2p00_LU_15_TuneCP5_13TeV_pythia8_sys_QCDScale2wDown
Merging measMET_Unpart_ZToEEAndMuMu_SU_0_dU_2p00_LU_15_TuneCP5_13TeV_pythia8_cat4L_sys_puWeightDown
Merging measMET_Unpart_ZToEEAndMuMu_SU_0_dU_2p00_LU_15_TuneCP5_13TeV_pythia8_cat4L_sys_TriggerSFWeightDown
Merging balance_Unpart_ZToEEAndMuMu_SU_0_dU_2p00_LU_15_TuneCP5_13TeV_pythia8_sys_ElectronEnDown
Merging MT_Unpart_ZToEEAndMuMu_SU_0_dU_2p00_LU_15_TuneCP5_13TeV_pythia8_catNRB_sys_nvtxWeightDown
Merging MT_Unpart_ZToEEAndMuMu_SU_0_dU_2p00_LU_15_TuneCP5_13TeV_pythia8_catNRB_sys_PrefireWeightUp
Merging njet_Unpart_ZToEEAndMuMu_SU_0_dU_2p00_LU_15_TuneCP5_13TeV_pythia8_sys_QCDScale1wDown
Merging measMET_Unpart_ZToEEAndMuMu_SU_0_dU_2p00_LU_15_TuneCP5_13TeV_pythia8_catNRB_sys_nvtxWeightDown
Merging measMET_Unpart_ZToEEAndMuMu_SU_0_dU_2p00_LU_15_TuneCP5_13TeV_pythia8_catSignal-0jet_sys_QCDScale2wDown
Merging measMET_Unpart_ZToEEAndMuMu_SU_0_dU_2p00_LU_15_TuneCP5_13TeV_pythia8_catSignal-1jet_sys_EWKUp
Merging MT_Unpart_ZToEEAndMuMu_SU_0_dU_2p00_LU_15_TuneCP5_13TeV_pythia8_catSignal-0jet_sys_puWeightDown
Merging MT_Unpart_ZToEEAndMuMu_SU_0_dU_2p00_LU_15_TuneCP5_13TeV_pythia8_catNRB_sys_MuonEnUp
Merging measMET_Unpart_ZToEEAndMuMu_SU_0_dU_2p00_LU_15_TuneCP5_13TeV_pythia8_catTOP_sys_ElecronSFDown
Merging phizmet_Unpart_ZToEEAndMuMu_SU_0_dU_2p00_LU_15_TuneCP5_13TeV_pythia8_sys_jerDown
Merging measMET_Unpart_ZToEEAndMuMu_SU_0_dU_2p00_LU_15_TuneCP5_13TeV_pythia8_catSignal-1jet_sys_jesTotalDown
Merging MT_Unpart_ZToEEAndMuMu_SU_0_dU_2p00_LU_15_TuneCP5_13TeV_pythia8_cat3L_sys_TriggerSFWeightDown
Merging njet_Unpart_ZToEEAndMuMu_SU_0_dU_2p00_LU_15_TuneCP5_13TeV_pythia8_sys_ElecronSFUp
Merging measMET_Unpart_ZToEEAndMuMu_SU_0_dU_2p00_LU_15_TuneCP5_13TeV_pythia8_catSignal-1jet_sys_PDFDown
Merging MT_Unpart_ZToEEAndMuMu_SU_0_dU_2p00_LU_15_TuneCP5_13TeV_pythia8_catSignal-1jet
Merging measMET_Unpart_ZToEEAndMuMu_SU_0_dU_2p00_LU_15_TuneCP5_13TeV_pythia8_catNRB_sys_QCDScale0wUp
Merging measMET_Unpart_ZToEEAndMuMu_SU_0_dU_2p00_LU_15_TuneCP5_13TeV_pythia8_catEM_sys_jerDown
Merging measMET_Unpart_ZToEEAndMuMu_SU_0_dU_2p00_LU_15_TuneCP5_13TeV_pythia8_catEM_sys_ElecronSFUp
Merging measMET_Unpart_ZToEEAndMuMu_SU_0_dU_2p00_LU_15_TuneCP5_13TeV_pythia8_catSignal-0jet_sys_jesTotalUp
Merging measMET_Unpart_ZToEEAndMuMu_SU_0_dU_2p00_LU_15_TuneCP5_13TeV_pythia8_catNRB_sys_btagEventWeightUp
Merging MT_Unpart_ZToEEAndMuMu_SU_0_dU_2p00_LU_15_TuneCP5_13TeV_pythia8_catEM_sys_jesTotalDown
Merging measMET_Unpart_ZToEEAndMuMu_SU_0_dU_2p00_LU_15_TuneCP5_13TeV_pythia8_catEM_sys_QCDScale0wDown
Merging measMET_Unpart_ZToEEAndMuMu_SU_0_dU_2p00_LU_15_TuneCP5_13TeV_pythia8_catNRB_sys_MuonSFUp
Merging MT_Unpart_ZToEEAndMuMu_SU_0_dU_2p00_LU_15_TuneCP5_13TeV_pythia8_cat3L_sys_EWKUp
Merging measMET_Unpart_ZToEEAndMuMu_SU_0_dU_2p00_LU_15_TuneCP5_13TeV_pythia8_cat3L_sys_QCDScale0wDown
Merging njet_Unpart_ZToEEAndMuMu_SU_0_dU_2p00_LU_15_TuneCP5_13TeV_pythia8_sys_PDFDown
Merging measMET_Unpart_ZToEEAndMuMu_SU_0_dU_2p00_LU_15_TuneCP5_13TeV_pythia8_catNRB_sys_btagEventWeightDown
Merging MT_Unpart_ZToEEAndMuMu_SU_0_dU_2p00_LU_15_TuneCP5_13TeV_pythia8_catSignal-0jet_sys_QCDScale1wUp
Merging MT_Unpart_ZToEEAndMuMu_SU_0_dU_2p00_LU_15_TuneCP5_13TeV_pythia8_catTOP_sys_puWeightUp
Merging measMET_Unpart_ZToEEAndMuMu_SU_0_dU_2p00_LU_15_TuneCP5_13TeV_pythia8_cat4L_sys_TriggerSFWeightUp
Merging phizmet_Unpart_ZToEEAndMuMu_SU_0_dU_2p00_LU_15_TuneCP5_13TeV_pythia8_sys_ElecronSFDown
Merging MT_Unpart_ZToEEAndMuMu_SU_0_dU_2p00_LU_15_TuneCP5_13TeV_pythia8_cat3L_sys_ElecronSFUp
Merging MT_Unpart_ZToEEAndMuMu_SU_0_dU_2p00_LU_15_TuneCP5_13TeV_pythia8_catEM_sys_TriggerSFWeightUp
Merging balance_Unpart_ZToEEAndMuMu_SU_0_dU_2p00_LU_15_TuneCP5_13TeV_pythia8_sys_PDFUp
Merging MT_Unpart_ZToEEAndMuMu_SU_0_dU_2p00_LU_15_TuneCP5_13TeV_pythia8_catSignal-1jet_sys_btagEventWeightDown
Merging measMET_Unpart_ZToEEAndMuMu_SU_0_dU_2p00_LU_15_TuneCP5_13TeV_pythia8_catNRB_sys_nvtxWeightUp
Merging measMET_Unpart_ZToEEAndMuMu_SU_0_dU_2p00_LU_15_TuneCP5_13TeV_pythia8_cat4L_sys_EWKUp
Merging MT_Unpart_ZToEEAndMuMu_SU_0_dU_2p00_LU_15_TuneCP5_13TeV_pythia8_catTOP_sys_jerUp
Merging measMET_Unpart_ZToEEAndMuMu_SU_0_dU_2p00_LU_15_TuneCP5_13TeV_pythia8_catDY_sys_PDFDown
Merging phizmet_Unpart_ZToEEAndMuMu_SU_0_dU_2p00_LU_15_TuneCP5_13TeV_pythia8_sys_PrefireWeightUp
Merging measMET_Unpart_ZToEEAndMuMu_SU_0_dU_2p00_LU_15_TuneCP5_13TeV_pythia8_catTOP_sys_QCDScale1wDown
Merging MT_Unpart_ZToEEAndMuMu_SU_0_dU_2p00_LU_15_TuneCP5_13TeV_pythia8_catSignal-1jet_sys_ElecronSFDown
Merging measMET_Unpart_ZToEEAndMuMu_SU_0_dU_2p00_LU_15_TuneCP5_13TeV_pythia8_catEM_sys_PDFUp
Merging MT_Unpart_ZToEEAndMuMu_SU_0_dU_2p00_LU_15_TuneCP5_13TeV_pythia8_catTOP_sys_QCDScale0wUp
Merging MT_Unpart_ZToEEAndMuMu_SU_0_dU_2p00_LU_15_TuneCP5_13TeV_pythia8_catSignal-1jet_sys_QCDScale1wUp
Merging MT_Unpart_ZToEEAndMuMu_SU_0_dU_2p00_LU_15_TuneCP5_13TeV_pythia8_catSignal-1jet_sys_puWeightDown
Merging MT_Unpart_ZToEEAndMuMu_SU_0_dU_2p00_LU_15_TuneCP5_13TeV_pythia8_catEM_sys_ElectronEnUp
Merging measMET_Unpart_ZToEEAndMuMu_SU_0_dU_2p00_LU_15_TuneCP5_13TeV_pythia8_catSignal-1jet_sys_nvtxWeightDown
Merging MT_Unpart_ZToEEAndMuMu_SU_0_dU_2p00_LU_15_TuneCP5_13TeV_pythia8_catNRB_sys_btagEventWeightDown
Merging measMET_Unpart_ZToEEAndMuMu_SU_0_dU_2p00_LU_15_TuneCP5_13TeV_pythia8_cat3L_sys_jerDown
Merging MT_Unpart_ZToEEAndMuMu_SU_0_dU_2p00_LU_15_TuneCP5_13TeV_pythia8_cat3L_sys_MuonEnDown
Merging measMET_Unpart_ZToEEAndMuMu_SU_0_dU_2p00_LU_15_TuneCP5_13TeV_pythia8_catSignal-1jet_sys_jerUp
Merging balance_Unpart_ZToEEAndMuMu_SU_0_dU_2p00_LU_15_TuneCP5_13TeV_pythia8_sys_ElecronSFDown
Merging measMET_Unpart_ZToEEAndMuMu_SU_0_dU_2p00_LU_15_TuneCP5_13TeV_pythia8_catDY_sys_MuonSFUp
Merging MT_Unpart_ZToEEAndMuMu_SU_0_dU_2p00_LU_15_TuneCP5_13TeV_pythia8_catNRB_sys_jerUp
Merging phizmet_Unpart_ZToEEAndMuMu_SU_0_dU_2p00_LU_15_TuneCP5_13TeV_pythia8_sys_ElecronSFUp
Merging MT_Unpart_ZToEEAndMuMu_SU_0_dU_2p00_LU_15_TuneCP5_13TeV_pythia8_cat3L_sys_puWeightDown
Merging measMET_Unpart_ZToEEAndMuMu_SU_0_dU_2p00_LU_15_TuneCP5_13TeV_pythia8_catTOP_sys_MuonEnUp
Merging measMET_Unpart_ZToEEAndMuMu_SU_0_dU_2p00_LU_15_TuneCP5_13TeV_pythia8_cat4L_sys_ElectronEnDown
Merging measMET_Unpart_ZToEEAndMuMu_SU_0_dU_2p00_LU_15_TuneCP5_13TeV_pythia8_catEM_sys_MuonEnDown
Merging measMET_Unpart_ZToEEAndMuMu_SU_0_dU_2p00_LU_15_TuneCP5_13TeV_pythia8_catDY_sys_MuonSFDown
Merging measMET_Unpart_ZToEEAndMuMu_SU_0_dU_2p00_LU_15_TuneCP5_13TeV_pythia8_catDY
Merging measMET_Unpart_ZToEEAndMuMu_SU_0_dU_2p00_LU_15_TuneCP5_13TeV_pythia8_catSignal-1jet_sys_TriggerSFWeightDown
Merging MT_Unpart_ZToEEAndMuMu_SU_0_dU_2p00_LU_15_TuneCP5_13TeV_pythia8_catEM_sys_MuonSFUp
Merging measMET_Unpart_ZToEEAndMuMu_SU_0_dU_2p00_LU_15_TuneCP5_13TeV_pythia8_catNRB_sys_MuonEnUp
Merging MT_Unpart_ZToEEAndMuMu_SU_0_dU_2p00_LU_15_TuneCP5_13TeV_pythia8_catEM_sys_MuonSFDown
Merging measMET_Unpart_ZToEEAndMuMu_SU_0_dU_2p00_LU_15_TuneCP5_13TeV_pythia8_catNRB_sys_MuonEnDown
Merging measMET_Unpart_ZToEEAndMuMu_SU_0_dU_2p00_LU_15_TuneCP5_13TeV_pythia8_catDY_sys_jerUp
Merging MT_Unpart_ZToEEAndMuMu_SU_0_dU_2p00_LU_15_TuneCP5_13TeV_pythia8_cat3L_sys_QCDScale1wDown
Merging MT_Unpart_ZToEEAndMuMu_SU_0_dU_2p00_LU_15_TuneCP5_13TeV_pythia8_catTOP_sys_QCDScale1wDown
Merging MT_Unpart_ZToEEAndMuMu_SU_0_dU_2p00_LU_15_TuneCP5_13TeV_pythia8_catTOP_sys_EWKUp
Merging MT_Unpart_ZToEEAndMuMu_SU_0_dU_2p00_LU_15_TuneCP5_13TeV_pythia8_catSignal-0jet_sys_jesTotalDown
Merging MT_Unpart_ZToEEAndMuMu_SU_0_dU_2p00_LU_15_TuneCP5_13TeV_pythia8_catSignal-0jet_sys_ElecronSFUp
Merging measMET_Unpart_ZToEEAndMuMu_SU_0_dU_2p00_LU_15_TuneCP5_13TeV_pythia8_cat3L_sys_TriggerSFWeightDown
Merging MT_Unpart_ZToEEAndMuMu_SU_0_dU_2p00_LU_15_TuneCP5_13TeV_pythia8_catDY_sys_puWeightDown
Merging njet_Unpart_ZToEEAndMuMu_SU_0_dU_2p00_LU_15_TuneCP5_13TeV_pythia8_sys_TriggerSFWeightDown
Merging measMET_Unpart_ZToEEAndMuMu_SU_0_dU_2p00_LU_15_TuneCP5_13TeV_pythia8_catDY_sys_MuonEnDown
Merging MT_Unpart_ZToEEAndMuMu_SU_0_dU_2p00_LU_15_TuneCP5_13TeV_pythia8_cat4L_sys_MuonEnDown
Merging measMET_Unpart_ZToEEAndMuMu_SU_0_dU_2p00_LU_15_TuneCP5_13TeV_pythia8_cat3L_sys_MuonSFDown
Merging measMET_Unpart_ZToEEAndMuMu_SU_0_dU_2p00_LU_15_TuneCP5_13TeV_pythia8_catNRB_sys_QCDScale1wUp
Merging measMET_Unpart_ZToEEAndMuMu_SU_0_dU_2p00_LU_15_TuneCP5_13TeV_pythia8_catSignal-0jet_sys_PrefireWeightUp
Merging MT_Unpart_ZToEEAndMuMu_SU_0_dU_2p00_LU_15_TuneCP5_13TeV_pythia8_catNRB_sys_QCDScale1wDown
Merging MT_Unpart_ZToEEAndMuMu_SU_0_dU_2p00_LU_15_TuneCP5_13TeV_pythia8_catNRB_sys_QCDScale1wUp
Merging MT_Unpart_ZToEEAndMuMu_SU_0_dU_2p00_LU_15_TuneCP5_13TeV_pythia8_cat4L_sys_jerDown
Merging phizmet_Unpart_ZToEEAndMuMu_SU_0_dU_2p00_LU_15_TuneCP5_13TeV_pythia8_sys_EWKDown
Merging measMET_Unpart_ZToEEAndMuMu_SU_0_dU_2p00_LU_15_TuneCP5_13TeV_pythia8_catNRB_sys_puWeightUp
Merging MT_Unpart_ZToEEAndMuMu_SU_0_dU_2p00_LU_15_TuneCP5_13TeV_pythia8_catDY
Merging MT_Unpart_ZToEEAndMuMu_SU_0_dU_2p00_LU_15_TuneCP5_13TeV_pythia8_catNRB_sys_MuonSFUp
Merging balance_Unpart_ZToEEAndMuMu_SU_0_dU_2p00_LU_15_TuneCP5_13TeV_pythia8_sys_EWKUp
Merging measMET_Unpart_ZToEEAndMuMu_SU_0_dU_2p00_LU_15_TuneCP5_13TeV_pythia8_catEM_sys_ElecronSFDown
Merging measMET_Unpart_ZToEEAndMuMu_SU_0_dU_2p00_LU_15_TuneCP5_13TeV_pythia8_catEM_sys_EWKUp
Merging MT_Unpart_ZToEEAndMuMu_SU_0_dU_2p00_LU_15_TuneCP5_13TeV_pythia8_catSignal-1jet_sys_PDFUp
Merging measMET_Unpart_ZToEEAndMuMu_SU_0_dU_2p00_LU_15_TuneCP5_13TeV_pythia8_catEM_sys_puWeightUp
Merging measMET_Unpart_ZToEEAndMuMu_SU_0_dU_2p00_LU_15_TuneCP5_13TeV_pythia8_catSignal-0jet_sys_MuonEnUp
Merging MT_Unpart_ZToEEAndMuMu_SU_0_dU_2p00_LU_15_TuneCP5_13TeV_pythia8_catSignal-1jet_sys_PrefireWeightUp
Merging MT_Unpart_ZToEEAndMuMu_SU_0_dU_2p00_LU_15_TuneCP5_13TeV_pythia8_cat4L_sys_MuonSFDown
Merging MT_Unpart_ZToEEAndMuMu_SU_0_dU_2p00_LU_15_TuneCP5_13TeV_pythia8_catTOP_sys_jesTotalDown
Merging MT_Unpart_ZToEEAndMuMu_SU_0_dU_2p00_LU_15_TuneCP5_13TeV_pythia8_catTOP_sys_MuonSFUp
Merging njet_Unpart_ZToEEAndMuMu_SU_0_dU_2p00_LU_15_TuneCP5_13TeV_pythia8_sys_jesTotalDown
Merging measMET_Unpart_ZToEEAndMuMu_SU_0_dU_2p00_LU_15_TuneCP5_13TeV_pythia8_catSignal-0jet_sys_puWeightUp
Merging MT_Unpart_ZToEEAndMuMu_SU_0_dU_2p00_LU_15_TuneCP5_13TeV_pythia8_catNRB_sys_TriggerSFWeightDown
Merging measMET_Unpart_ZToEEAndMuMu_SU_0_dU_2p00_LU_15_TuneCP5_13TeV_pythia8_cat4L_sys_QCDScale0wDown
Merging measMET_Unpart_ZToEEAndMuMu_SU_0_dU_2p00_LU_15_TuneCP5_13TeV_pythia8_cat4L_sys_QCDScale2wUp
Merging phizmet_Unpart_ZToEEAndMuMu_SU_0_dU_2p00_LU_15_TuneCP5_13TeV_pythia8_sys_PrefireWeightDown
Merging balance_Unpart_ZToEEAndMuMu_SU_0_dU_2p00_LU_15_TuneCP5_13TeV_pythia8_sys_jerDown
Merging measMET_Unpart_ZToEEAndMuMu_SU_0_dU_2p00_LU_15_TuneCP5_13TeV_pythia8_catSignal-1jet_sys_QCDScale1wUp
Merging phizmet_Unpart_ZToEEAndMuMu_SU_0_dU_2p00_LU_15_TuneCP5_13TeV_pythia8_sys_MuonSFUp
Merging measMET_Unpart_ZToEEAndMuMu_SU_0_dU_2p00_LU_15_TuneCP5_13TeV_pythia8_catTOP_sys_EWKDown
Merging MT_Unpart_ZToEEAndMuMu_SU_0_dU_2p00_LU_15_TuneCP5_13TeV_pythia8_catSignal-1jet_sys_TriggerSFWeightUp
Merging measMET_Unpart_ZToEEAndMuMu_SU_0_dU_2p00_LU_15_TuneCP5_13TeV_pythia8_catSignal-1jet_sys_MuonSFUp
Merging measMET_Unpart_ZToEEAndMuMu_SU_0_dU_2p00_LU_15_TuneCP5_13TeV_pythia8_catSignal-1jet_sys_ElecronSFUp
Merging MT_Unpart_ZToEEAndMuMu_SU_0_dU_2p00_LU_15_TuneCP5_13TeV_pythia8_catSignal-1jet_sys_PrefireWeightDown
Merging measMET_Unpart_ZToEEAndMuMu_SU_0_dU_2p00_LU_15_TuneCP5_13TeV_pythia8_catSignal-0jet_sys_PDFUp
Merging MT_Unpart_ZToEEAndMuMu_SU_0_dU_2p00_LU_15_TuneCP5_13TeV_pythia8_catTOP_sys_btagEventWeightDown
Merging measMET_Unpart_ZToEEAndMuMu_SU_0_dU_2p00_LU_15_TuneCP5_13TeV_pythia8_cat4L_sys_puWeightUp
Merging measMET_Unpart_ZToEEAndMuMu_SU_0_dU_2p00_LU_15_TuneCP5_13TeV_pythia8_catDY_sys_PDFUp
Merging phizmet_Unpart_ZToEEAndMuMu_SU_0_dU_2p00_LU_15_TuneCP5_13TeV_pythia8_sys_jesTotalUp
Merging MT_Unpart_ZToEEAndMuMu_SU_0_dU_2p00_LU_15_TuneCP5_13TeV_pythia8_catNRB_sys_PDFUp
Merging balance_Unpart_ZToEEAndMuMu_SU_0_dU_2p00_LU_15_TuneCP5_13TeV_pythia8_sys_nvtxWeightUp
Merging MT_Unpart_ZToEEAndMuMu_SU_0_dU_2p00_LU_15_TuneCP5_13TeV_pythia8_catSignal-0jet_sys_QCDScale1wDown
Merging measMET_Unpart_ZToEEAndMuMu_SU_0_dU_2p00_LU_15_TuneCP5_13TeV_pythia8_catSignal-0jet
Merging balance_Unpart_ZToEEAndMuMu_SU_0_dU_2p00_LU_15_TuneCP5_13TeV_pythia8_sys_jesTotalUp
Merging measMET_Unpart_ZToEEAndMuMu_SU_0_dU_2p00_LU_15_TuneCP5_13TeV_pythia8_catSignal-1jet_sys_QCDScale2wDown
Merging njet_Unpart_ZToEEAndMuMu_SU_0_dU_2p00_LU_15_TuneCP5_13TeV_pythia8_sys_MuonEnDown
Merging measMET_Unpart_ZToEEAndMuMu_SU_0_dU_2p00_LU_15_TuneCP5_13TeV_pythia8_cat4L_sys_nvtxWeightUp
Merging measMET_Unpart_ZToEEAndMuMu_SU_0_dU_2p00_LU_15_TuneCP5_13TeV_pythia8_catNRB_sys_ElecronSFDown
Merging measMET_Unpart_ZToEEAndMuMu_SU_0_dU_2p00_LU_15_TuneCP5_13TeV_pythia8_cat4L_sys_MuonEnUp
Merging MT_Unpart_ZToEEAndMuMu_SU_0_dU_2p00_LU_15_TuneCP5_13TeV_pythia8_catEM_sys_QCDScale2wUp
Merging balance_Unpart_ZToEEAndMuMu_SU_0_dU_2p00_LU_15_TuneCP5_13TeV_pythia8_sys_jesTotalDown
Merging njet_Unpart_ZToEEAndMuMu_SU_0_dU_2p00_LU_15_TuneCP5_13TeV_pythia8_sys_nvtxWeightDown
Merging MT_Unpart_ZToEEAndMuMu_SU_0_dU_2p00_LU_15_TuneCP5_13TeV_pythia8_cat4L_sys_jesTotalUp
Merging MT_Unpart_ZToEEAndMuMu_SU_0_dU_2p00_LU_15_TuneCP5_13TeV_pythia8_catNRB_sys_PrefireWeightDown
Merging MT_Unpart_ZToEEAndMuMu_SU_0_dU_2p00_LU_15_TuneCP5_13TeV_pythia8_cat4L_sys_btagEventWeightDown
Merging measMET_Unpart_ZToEEAndMuMu_SU_0_dU_2p00_LU_15_TuneCP5_13TeV_pythia8_cat4L_sys_btagEventWeightUp
Merging MT_Unpart_ZToEEAndMuMu_SU_0_dU_2p00_LU_15_TuneCP5_13TeV_pythia8_catNRB_sys_ElectronEnDown
Merging measMET_Unpart_ZToEEAndMuMu_SU_0_dU_2p00_LU_15_TuneCP5_13TeV_pythia8_catEM_sys_btagEventWeightDown
Merging MT_Unpart_ZToEEAndMuMu_SU_0_dU_2p00_LU_15_TuneCP5_13TeV_pythia8_catEM
Merging MT_Unpart_ZToEEAndMuMu_SU_0_dU_2p00_LU_15_TuneCP5_13TeV_pythia8_catSignal-0jet_sys_MuonEnUp
Merging measMET_Unpart_ZToEEAndMuMu_SU_0_dU_2p00_LU_15_TuneCP5_13TeV_pythia8_catSignal-0jet_sys_ElectronEnUp
Merging measMET_Unpart_ZToEEAndMuMu_SU_0_dU_2p00_LU_15_TuneCP5_13TeV_pythia8_catNRB_sys_EWKDown
Merging measMET_Unpart_ZToEEAndMuMu_SU_0_dU_2p00_LU_15_TuneCP5_13TeV_pythia8_cat3L_sys_jesTotalUp
Merging MT_Unpart_ZToEEAndMuMu_SU_0_dU_2p00_LU_15_TuneCP5_13TeV_pythia8_catSignal-0jet_sys_nvtxWeightDown
Merging measMET_Unpart_ZToEEAndMuMu_SU_0_dU_2p00_LU_15_TuneCP5_13TeV_pythia8_cat3L
Merging measMET_Unpart_ZToEEAndMuMu_SU_0_dU_2p00_LU_15_TuneCP5_13TeV_pythia8_catSignal-1jet_sys_jesTotalUp
Merging measMET_Unpart_ZToEEAndMuMu_SU_0_dU_2p00_LU_15_TuneCP5_13TeV_pythia8_catNRB_sys_QCDScale1wDown
Merging measMET_Unpart_ZToEEAndMuMu_SU_0_dU_2p00_LU_15_TuneCP5_13TeV_pythia8_catDY_sys_btagEventWeightDown
Merging MT_Unpart_ZToEEAndMuMu_SU_0_dU_2p00_LU_15_TuneCP5_13TeV_pythia8_catSignal-0jet_sys_PrefireWeightDown
Merging phizmet_Unpart_ZToEEAndMuMu_SU_0_dU_2p00_LU_15_TuneCP5_13TeV_pythia8_sys_nvtxWeightDown
Merging phizmet_Unpart_ZToEEAndMuMu_SU_0_dU_2p00_LU_15_TuneCP5_13TeV_pythia8_sys_QCDScale1wDown
Merging njet_Unpart_ZToEEAndMuMu_SU_0_dU_2p00_LU_15_TuneCP5_13TeV_pythia8_sys_QCDScale2wDown
Merging MT_Unpart_ZToEEAndMuMu_SU_0_dU_2p00_LU_15_TuneCP5_13TeV_pythia8_cat4L_sys_ElecronSFUp
Merging MT_Unpart_ZToEEAndMuMu_SU_0_dU_2p00_LU_15_TuneCP5_13TeV_pythia8_catSignal-0jet_sys_QCDScale0wDown
Merging MT_Unpart_ZToEEAndMuMu_SU_0_dU_2p00_LU_15_TuneCP5_13TeV_pythia8_cat3L_sys_QCDScale0wUp
Merging measMET_Unpart_ZToEEAndMuMu_SU_0_dU_2p00_LU_15_TuneCP5_13TeV_pythia8_cat4L_sys_EWKDown
Merging measMET_Unpart_ZToEEAndMuMu_SU_0_dU_2p00_LU_15_TuneCP5_13TeV_pythia8_cat3L_sys_ElectronEnDown
Merging balance_Unpart_ZToEEAndMuMu_SU_0_dU_2p00_LU_15_TuneCP5_13TeV_pythia8_sys_btagEventWeightUp
Merging MT_Unpart_ZToEEAndMuMu_SU_0_dU_2p00_LU_15_TuneCP5_13TeV_pythia8_catSignal-1jet_sys_nvtxWeightUp
Merging MT_Unpart_ZToEEAndMuMu_SU_0_dU_2p00_LU_15_TuneCP5_13TeV_pythia8_catEM_sys_btagEventWeightDown
Merging njet_Unpart_ZToEEAndMuMu_SU_0_dU_2p00_LU_15_TuneCP5_13TeV_pythia8_sys_nvtxWeightUp
Merging MT_Unpart_ZToEEAndMuMu_SU_0_dU_2p00_LU_15_TuneCP5_13TeV_pythia8_cat3L_sys_nvtxWeightUp
Merging measMET_Unpart_ZToEEAndMuMu_SU_0_dU_2p00_LU_15_TuneCP5_13TeV_pythia8_cat4L_sys_PrefireWeightDown
Merging njet_Unpart_ZToEEAndMuMu_SU_0_dU_2p00_LU_15_TuneCP5_13TeV_pythia8_sys_MuonSFUp
Merging MT_Unpart_ZToEEAndMuMu_SU_0_dU_2p00_LU_15_TuneCP5_13TeV_pythia8_catTOP_sys_nvtxWeightUp
Merging MT_Unpart_ZToEEAndMuMu_SU_0_dU_2p00_LU_15_TuneCP5_13TeV_pythia8_catSignal-0jet_sys_jerDown
Merging measMET_Unpart_ZToEEAndMuMu_SU_0_dU_2p00_LU_15_TuneCP5_13TeV_pythia8_cat3L_sys_QCDScale2wUp
Merging measMET_Unpart_ZToEEAndMuMu_SU_0_dU_2p00_LU_15_TuneCP5_13TeV_pythia8_catSignal-0jet_sys_QCDScale1wUp
Merging measMET_Unpart_ZToEEAndMuMu_SU_0_dU_2p00_LU_15_TuneCP5_13TeV_pythia8_catDY_sys_ElectronEnUp
Merging MT_Unpart_ZToEEAndMuMu_SU_0_dU_2p00_LU_15_TuneCP5_13TeV_pythia8_catSignal-1jet_sys_jerDown
Merging measMET_Unpart_ZToEEAndMuMu_SU_0_dU_2p00_LU_15_TuneCP5_13TeV_pythia8_catSignal-1jet_sys_QCDScale0wDown
Merging measMET_Unpart_ZToEEAndMuMu_SU_0_dU_2p00_LU_15_TuneCP5_13TeV_pythia8_catDY_sys_puWeightDown
Merging measMET_Unpart_ZToEEAndMuMu_SU_0_dU_2p00_LU_15_TuneCP5_13TeV_pythia8_catNRB_sys_jerDown
Merging measMET_Unpart_ZToEEAndMuMu_SU_0_dU_2p00_LU_15_TuneCP5_13TeV_pythia8_catTOP_sys_MuonEnDown
Merging balance_Unpart_ZToEEAndMuMu_SU_0_dU_2p00_LU_15_TuneCP5_13TeV_pythia8_sys_MuonSFUp
Merging MT_Unpart_ZToEEAndMuMu_SU_0_dU_2p00_LU_15_TuneCP5_13TeV_pythia8_catTOP_sys_jerDown
Merging MT_Unpart_ZToEEAndMuMu_SU_0_dU_2p00_LU_15_TuneCP5_13TeV_pythia8_catSignal-0jet_sys_puWeightUp
Merging MT_Unpart_ZToEEAndMuMu_SU_0_dU_2p00_LU_15_TuneCP5_13TeV_pythia8_catSignal-0jet_sys_jesTotalUp
Merging phizmet_Unpart_ZToEEAndMuMu_SU_0_dU_2p00_LU_15_TuneCP5_13TeV_pythia8_sys_QCDScale2wUp
Merging measMET_Unpart_ZToEEAndMuMu_SU_0_dU_2p00_LU_15_TuneCP5_13TeV_pythia8_catTOP_sys_QCDScale1wUp
Merging MT_Unpart_ZToEEAndMuMu_SU_0_dU_2p00_LU_15_TuneCP5_13TeV_pythia8_cat4L_sys_MuonSFUp
Merging measMET_Unpart_ZToEEAndMuMu_SU_0_dU_2p00_LU_15_TuneCP5_13TeV_pythia8_catTOP_sys_jerUp
Merging balance_Unpart_ZToEEAndMuMu_SU_0_dU_2p00_LU_15_TuneCP5_13TeV_pythia8_sys_MuonSFDown
Merging MT_Unpart_ZToEEAndMuMu_SU_0_dU_2p00_LU_15_TuneCP5_13TeV_pythia8_catNRB_sys_ElectronEnUp
Merging MT_Unpart_ZToEEAndMuMu_SU_0_dU_2p00_LU_15_TuneCP5_13TeV_pythia8_cat4L_sys_ElecronSFDown
Merging measMET_Unpart_ZToEEAndMuMu_SU_0_dU_2p00_LU_15_TuneCP5_13TeV_pythia8_cat4L_sys_ElecronSFDown
Merging MT_Unpart_ZToEEAndMuMu_SU_0_dU_2p00_LU_15_TuneCP5_13TeV_pythia8_catSignal-0jet_sys_TriggerSFWeightUp
Merging MT_Unpart_ZToEEAndMuMu_SU_0_dU_2p00_LU_15_TuneCP5_13TeV_pythia8_catTOP_sys_btagEventWeightUp
Merging measMET_Unpart_ZToEEAndMuMu_SU_0_dU_2p00_LU_15_TuneCP5_13TeV_pythia8_catNRB_sys_PrefireWeightUp
Merging MT_Unpart_ZToEEAndMuMu_SU_0_dU_2p00_LU_15_TuneCP5_13TeV_pythia8_catDY_sys_PrefireWeightUp
Merging njet_Unpart_ZToEEAndMuMu_SU_0_dU_2p00_LU_15_TuneCP5_13TeV_pythia8_sys_MuonSFDown
Merging MT_Unpart_ZToEEAndMuMu_SU_0_dU_2p00_LU_15_TuneCP5_13TeV_pythia8_catDY_sys_QCDScale1wDown
Merging MT_Unpart_ZToEEAndMuMu_SU_0_dU_2p00_LU_15_TuneCP5_13TeV_pythia8_cat4L_sys_ElectronEnUp
Merging njet_Unpart_ZToEEAndMuMu_SU_0_dU_2p00_LU_15_TuneCP5_13TeV_pythia8_sys_QCDScale1wUp
Merging MT_Unpart_ZToEEAndMuMu_SU_0_dU_2p00_LU_15_TuneCP5_13TeV_pythia8_catDY_sys_ElecronSFDown
Merging phizmet_Unpart_ZToEEAndMuMu_SU_0_dU_2p00_LU_15_TuneCP5_13TeV_pythia8_sys_EWKUp
Merging measMET_Unpart_ZToEEAndMuMu_SU_0_dU_2p00_LU_15_TuneCP5_13TeV_pythia8_cat4L_sys_QCDScale1wDown
Merging MT_Unpart_ZToEEAndMuMu_SU_0_dU_2p00_LU_15_TuneCP5_13TeV_pythia8_catDY_sys_QCDScale2wDown
Merging measMET_Unpart_ZToEEAndMuMu_SU_0_dU_2p00_LU_15_TuneCP5_13TeV_pythia8_catSignal-0jet_sys_jerDown
Merging njet_Unpart_ZToEEAndMuMu_SU_0_dU_2p00_LU_15_TuneCP5_13TeV_pythia8_sys_ElecronSFDown
Merging MT_Unpart_ZToEEAndMuMu_SU_0_dU_2p00_LU_15_TuneCP5_13TeV_pythia8_catDY_sys_btagEventWeightDown
Merging MT_Unpart_ZToEEAndMuMu_SU_0_dU_2p00_LU_15_TuneCP5_13TeV_pythia8_catSignal-1jet_sys_ElecronSFUp
Merging measMET_Unpart_ZToEEAndMuMu_SU_0_dU_2p00_LU_15_TuneCP5_13TeV_pythia8_catDY_sys_jesTotalDown
Merging measMET_Unpart_ZToEEAndMuMu_SU_0_dU_2p00_LU_15_TuneCP5_13TeV_pythia8_cat3L_sys_nvtxWeightDown
Merging balance_Unpart_ZToEEAndMuMu_SU_0_dU_2p00_LU_15_TuneCP5_13TeV_pythia8_sys_QCDScale2wUp
Merging measMET_Unpart_ZToEEAndMuMu_SU_0_dU_2p00_LU_15_TuneCP5_13TeV_pythia8_catSignal-1jet
Merging measMET_Unpart_ZToEEAndMuMu_SU_0_dU_2p00_LU_15_TuneCP5_13TeV_pythia8_catDY_sys_QCDScale0wUp
Merging MT_Unpart_ZToEEAndMuMu_SU_0_dU_2p00_LU_15_TuneCP5_13TeV_pythia8_catDY_sys_MuonEnUp
Merging measMET_Unpart_ZToEEAndMuMu_SU_0_dU_2p00_LU_15_TuneCP5_13TeV_pythia8_catSignal-1jet_sys_ElecronSFDown
Merging MT_Unpart_ZToEEAndMuMu_SU_0_dU_2p00_LU_15_TuneCP5_13TeV_pythia8_catNRB
Merging MT_Unpart_ZToEEAndMuMu_SU_0_dU_2p00_LU_15_TuneCP5_13TeV_pythia8_catSignal-0jet_sys_EWKDown
Merging MT_Unpart_ZToEEAndMuMu_SU_0_dU_2p00_LU_15_TuneCP5_13TeV_pythia8_catNRB_sys_MuonEnDown
Merging measMET_Unpart_ZToEEAndMuMu_SU_0_dU_2p00_LU_15_TuneCP5_13TeV_pythia8_catEM_sys_QCDScale1wUp
Merging measMET_Unpart_ZToEEAndMuMu_SU_0_dU_2p00_LU_15_TuneCP5_13TeV_pythia8_cat4L_sys_PDFDown
Merging measMET_Unpart_ZToEEAndMuMu_SU_0_dU_2p00_LU_15_TuneCP5_13TeV_pythia8_catSignal-0jet_sys_ElecronSFUp
Merging measMET_Unpart_ZToEEAndMuMu_SU_0_dU_2p00_LU_15_TuneCP5_13TeV_pythia8_cat3L_sys_jesTotalDown
Merging MT_Unpart_ZToEEAndMuMu_SU_0_dU_2p00_LU_15_TuneCP5_13TeV_pythia8_catNRB_sys_puWeightDown
Merging MT_Unpart_ZToEEAndMuMu_SU_0_dU_2p00_LU_15_TuneCP5_13TeV_pythia8_catTOP_sys_puWeightDown
Merging MT_Unpart_ZToEEAndMuMu_SU_0_dU_2p00_LU_15_TuneCP5_13TeV_pythia8_catSignal-1jet_sys_puWeightUp
Merging MT_Unpart_ZToEEAndMuMu_SU_0_dU_2p00_LU_15_TuneCP5_13TeV_pythia8_catEM_sys_MuonEnUp
Merging MT_Unpart_ZToEEAndMuMu_SU_0_dU_2p00_LU_15_TuneCP5_13TeV_pythia8_catDY_sys_PrefireWeightDown
Merging measMET_Unpart_ZToEEAndMuMu_SU_0_dU_2p00_LU_15_TuneCP5_13TeV_pythia8_catEM
Merging njet_Unpart_ZToEEAndMuMu_SU_0_dU_2p00_LU_15_TuneCP5_13TeV_pythia8_sys_QCDScale2wUp
Merging balance_Unpart_ZToEEAndMuMu_SU_0_dU_2p00_LU_15_TuneCP5_13TeV_pythia8_sys_QCDScale1wDown
Merging measMET_Unpart_ZToEEAndMuMu_SU_0_dU_2p00_LU_15_TuneCP5_13TeV_pythia8_catSignal-1jet_sys_EWKDown
Merging measMET_Unpart_ZToEEAndMuMu_SU_0_dU_2p00_LU_15_TuneCP5_13TeV_pythia8_cat3L_sys_jerUp
Merging phizmet_Unpart_ZToEEAndMuMu_SU_0_dU_2p00_LU_15_TuneCP5_13TeV_pythia8_sys_TriggerSFWeightUp
Merging measMET_Unpart_ZToEEAndMuMu_SU_0_dU_2p00_LU_15_TuneCP5_13TeV_pythia8_cat4L_sys_QCDScale0wUp
Merging MT_Unpart_ZToEEAndMuMu_SU_0_dU_2p00_LU_15_TuneCP5_13TeV_pythia8_cat3L_sys_QCDScale1wUp
Merging MT_Unpart_ZToEEAndMuMu_SU_0_dU_2p00_LU_15_TuneCP5_13TeV_pythia8_cat3L_sys_TriggerSFWeightUp
Merging MT_Unpart_ZToEEAndMuMu_SU_0_dU_2p00_LU_15_TuneCP5_13TeV_pythia8_catEM_sys_jerUp
Merging measMET_Unpart_ZToEEAndMuMu_SU_0_dU_2p00_LU_15_TuneCP5_13TeV_pythia8_catSignal-0jet_sys_PrefireWeightDown
Merging measMET_Unpart_ZToEEAndMuMu_SU_0_dU_2p00_LU_15_TuneCP5_13TeV_pythia8_cat3L_sys_btagEventWeightUp
Merging measMET_Unpart_ZToEEAndMuMu_SU_0_dU_2p00_LU_15_TuneCP5_13TeV_pythia8_catEM_sys_puWeightDown
Merging measMET_Unpart_ZToEEAndMuMu_SU_0_dU_2p00_LU_15_TuneCP5_13TeV_pythia8_catDY_sys_jerDown
Merging MT_Unpart_ZToEEAndMuMu_SU_0_dU_2p00_LU_15_TuneCP5_13TeV_pythia8_catEM_sys_ElecronSFUp
Merging MT_Unpart_ZToEEAndMuMu_SU_0_dU_2p00_LU_15_TuneCP5_13TeV_pythia8_catEM_sys_TriggerSFWeightDown
Merging balance_Unpart_ZToEEAndMuMu_SU_0_dU_2p00_LU_15_TuneCP5_13TeV_pythia8_sys_EWKDown
Merging measMET_Unpart_ZToEEAndMuMu_SU_0_dU_2p00_LU_15_TuneCP5_13TeV_pythia8_catNRB_sys_QCDScale2wUp
Merging measMET_Unpart_ZToEEAndMuMu_SU_0_dU_2p00_LU_15_TuneCP5_13TeV_pythia8_catDY_sys_QCDScale1wDown
Merging MT_Unpart_ZToEEAndMuMu_SU_0_dU_2p00_LU_15_TuneCP5_13TeV_pythia8_catEM_sys_puWeightDown
Merging measMET_Unpart_ZToEEAndMuMu_SU_0_dU_2p00_LU_15_TuneCP5_13TeV_pythia8_catEM_sys_PDFDown
Merging untagged
Merging measMET_Unpart_ZToEEAndMuMu_SU_0_dU_2p00_LU_15_TuneCP5_13TeV_pythia8_catDY_sys_TriggerSFWeightUp
Merging measMET_Unpart_ZToEEAndMuMu_SU_0_dU_2p00_LU_15_TuneCP5_13TeV_pythia8_catSignal-0jet_sys_puWeightDown
Merging MT_Unpart_ZToEEAndMuMu_SU_0_dU_2p00_LU_15_TuneCP5_13TeV_pythia8_catNRB_sys_nvtxWeightUp
Merging njet_Unpart_ZToEEAndMuMu_SU_0_dU_2p00_LU_15_TuneCP5_13TeV_pythia8_sys_jesTotalUp
Merging balance_Unpart_ZToEEAndMuMu_SU_0_dU_2p00_LU_15_TuneCP5_13TeV_pythia8_sys_TriggerSFWeightDown
Merging MT_Unpart_ZToEEAndMuMu_SU_0_dU_2p00_LU_15_TuneCP5_13TeV_pythia8_catSignal-1jet_sys_MuonEnUp
Merging MT_Unpart_ZToEEAndMuMu_SU_0_dU_2p00_LU_15_TuneCP5_13TeV_pythia8_cat3L_sys_ElectronEnUp
Merging njet_Unpart_ZToEEAndMuMu_SU_0_dU_2p00_LU_15_TuneCP5_13TeV_pythia8_sys_puWeightDown
Merging phizmet_Unpart_ZToEEAndMuMu_SU_0_dU_2p00_LU_15_TuneCP5_13TeV_pythia8_sys_PDFDown
Merging measMET_Unpart_ZToEEAndMuMu_SU_0_dU_2p00_LU_15_TuneCP5_13TeV_pythia8_catTOP_sys_TriggerSFWeightUp
Merging measMET_Unpart_ZToEEAndMuMu_SU_0_dU_2p00_LU_15_TuneCP5_13TeV_pythia8_catDY_sys_nvtxWeightDown
Merging MT_Unpart_ZToEEAndMuMu_SU_0_dU_2p00_LU_15_TuneCP5_13TeV_pythia8_catDY_sys_TriggerSFWeightDown
Merging measMET_Unpart_ZToEEAndMuMu_SU_0_dU_2p00_LU_15_TuneCP5_13TeV_pythia8_catSignal-0jet_sys_MuonEnDown
Merging MT_Unpart_ZToEEAndMuMu_SU_0_dU_2p00_LU_15_TuneCP5_13TeV_pythia8_catSignal-0jet_sys_nvtxWeightUp
Merging MT_Unpart_ZToEEAndMuMu_SU_0_dU_2p00_LU_15_TuneCP5_13TeV_pythia8_catDY_sys_MuonSFUp
Merging measMET_Unpart_ZToEEAndMuMu_SU_0_dU_2p00_LU_15_TuneCP5_13TeV_pythia8_cat4L_sys_btagEventWeightDown
Merging measMET_Unpart_ZToEEAndMuMu_SU_0_dU_2p00_LU_15_TuneCP5_13TeV_pythia8_catTOP_sys_jesTotalDown
Merging measMET_Unpart_ZToEEAndMuMu_SU_0_dU_2p00_LU_15_TuneCP5_13TeV_pythia8_catSignal-0jet_sys_TriggerSFWeightDown
Merging MT_Unpart_ZToEEAndMuMu_SU_0_dU_2p00_LU_15_TuneCP5_13TeV_pythia8_catEM_sys_PrefireWeightUp
Merging measMET_Unpart_ZToEEAndMuMu_SU_0_dU_2p00_LU_15_TuneCP5_13TeV_pythia8_catSignal-1jet_sys_PDFUp
Merging measMET_Unpart_ZToEEAndMuMu_SU_0_dU_2p00_LU_15_TuneCP5_13TeV_pythia8_catTOP_sys_MuonSFDown
Merging measMET_Unpart_ZToEEAndMuMu_SU_0_dU_2p00_LU_15_TuneCP5_13TeV_pythia8_catSignal-0jet_sys_QCDScale2wUp
Merging MT_Unpart_ZToEEAndMuMu_SU_0_dU_2p00_LU_15_TuneCP5_13TeV_pythia8_catSignal-1jet_sys_MuonSFDown
Merging balance_Unpart_ZToEEAndMuMu_SU_0_dU_2p00_LU_15_TuneCP5_13TeV_pythia8_sys_QCDScale0wUp
Merging MT_Unpart_ZToEEAndMuMu_SU_0_dU_2p00_LU_15_TuneCP5_13TeV_pythia8_catEM_sys_btagEventWeightUp
Merging MT_Unpart_ZToEEAndMuMu_SU_0_dU_2p00_LU_15_TuneCP5_13TeV_pythia8_catNRB_sys_QCDScale2wUp
Merging MT_Unpart_ZToEEAndMuMu_SU_0_dU_2p00_LU_15_TuneCP5_13TeV_pythia8_cat4L_sys_PrefireWeightUp
Merging measMET_Unpart_ZToEEAndMuMu_SU_0_dU_2p00_LU_15_TuneCP5_13TeV_pythia8_cat3L_sys_QCDScale2wDown
Merging measMET_Unpart_ZToEEAndMuMu_SU_0_dU_2p00_LU_15_TuneCP5_13TeV_pythia8_cat4L_sys_ElecronSFUp
Merging MT_Unpart_ZToEEAndMuMu_SU_0_dU_2p00_LU_15_TuneCP5_13TeV_pythia8_catEM_sys_QCDScale1wUp
Merging measMET_Unpart_ZToEEAndMuMu_SU_0_dU_2p00_LU_15_TuneCP5_13TeV_pythia8_catEM_sys_btagEventWeightUp
Merging MT_Unpart_ZToEEAndMuMu_SU_0_dU_2p00_LU_15_TuneCP5_13TeV_pythia8_catDY_sys_MuonSFDown
Merging MT_Unpart_ZToEEAndMuMu_SU_0_dU_2p00_LU_15_TuneCP5_13TeV_pythia8_catSignal-0jet_sys_QCDScale0wUp
Merging measMET_Unpart_ZToEEAndMuMu_SU_0_dU_2p00_LU_15_TuneCP5_13TeV_pythia8_catSignal-1jet_sys_QCDScale2wUp
Merging MT_Unpart_ZToEEAndMuMu_SU_0_dU_2p00_LU_15_TuneCP5_13TeV_pythia8_catTOP_sys_PDFDown
Merging measMET_Unpart_ZToEEAndMuMu_SU_0_dU_2p00_LU_15_TuneCP5_13TeV_pythia8_catTOP_sys_QCDScale0wDown
Merging MT_Unpart_ZToEEAndMuMu_SU_0_dU_2p00_LU_15_TuneCP5_13TeV_pythia8_cat3L_sys_jerDown
Merging measMET_Unpart_ZToEEAndMuMu_SU_0_dU_2p00_LU_15_TuneCP5_13TeV_pythia8_cat3L_sys_ElecronSFUp
Merging MT_Unpart_ZToEEAndMuMu_SU_0_dU_2p00_LU_15_TuneCP5_13TeV_pythia8_catTOP_sys_QCDScale2wDown
Merging njet_Unpart_ZToEEAndMuMu_SU_0_dU_2p00_LU_15_TuneCP5_13TeV_pythia8_sys_MuonEnUp
Merging measMET_Unpart_ZToEEAndMuMu_SU_0_dU_2p00_LU_15_TuneCP5_13TeV_pythia8_catTOP
Merging measMET_Unpart_ZToEEAndMuMu_SU_0_dU_2p00_LU_15_TuneCP5_13TeV_pythia8_catDY_sys_TriggerSFWeightDown
Merging measMET_Unpart_ZToEEAndMuMu_SU_0_dU_2p00_LU_15_TuneCP5_13TeV_pythia8_catEM_sys_PrefireWeightUp
Merging MT_Unpart_ZToEEAndMuMu_SU_0_dU_2p00_LU_15_TuneCP5_13TeV_pythia8_catEM_sys_PDFUp
Merging MT_Unpart_ZToEEAndMuMu_SU_0_dU_2p00_LU_15_TuneCP5_13TeV_pythia8_catDY_sys_QCDScale0wDown
Merging MT_Unpart_ZToEEAndMuMu_SU_0_dU_2p00_LU_15_TuneCP5_13TeV_pythia8_catTOP_sys_MuonEnDown
Merging measMET_Unpart_ZToEEAndMuMu_SU_0_dU_2p00_LU_15_TuneCP5_13TeV_pythia8_catNRB_sys_ElecronSFUp
Merging MT_Unpart_ZToEEAndMuMu_SU_0_dU_2p00_LU_15_TuneCP5_13TeV_pythia8_cat4L_sys_PrefireWeightDown
Merging MT_Unpart_ZToEEAndMuMu_SU_0_dU_2p00_LU_15_TuneCP5_13TeV_pythia8_catEM_sys_PDFDown
Merging MT_Unpart_ZToEEAndMuMu_SU_0_dU_2p00_LU_15_TuneCP5_13TeV_pythia8_cat4L_sys_jesTotalDown
Merging MT_Unpart_ZToEEAndMuMu_SU_0_dU_2p00_LU_15_TuneCP5_13TeV_pythia8_catNRB_sys_QCDScale0wDown
Merging measMET_Unpart_ZToEEAndMuMu_SU_0_dU_2p00_LU_15_TuneCP5_13TeV_pythia8_catSignal-1jet_sys_MuonEnDown
Merging MT_Unpart_ZToEEAndMuMu_SU_0_dU_2p00_LU_15_TuneCP5_13TeV_pythia8_catDY_sys_jesTotalUp
Merging measMET_Unpart_ZToEEAndMuMu_SU_0_dU_2p00_LU_15_TuneCP5_13TeV_pythia8_cat3L_sys_EWKDown
Merging measMET_Unpart_ZToEEAndMuMu_SU_0_dU_2p00_LU_15_TuneCP5_13TeV_pythia8_catSignal-0jet_sys_MuonSFUp
Merging MT_Unpart_ZToEEAndMuMu_SU_0_dU_2p00_LU_15_TuneCP5_13TeV_pythia8_cat3L_sys_MuonSFUp
Merging MT_Unpart_ZToEEAndMuMu_SU_0_dU_2p00_LU_15_TuneCP5_13TeV_pythia8_catTOP_sys_TriggerSFWeightUp
Merging measMET_Unpart_ZToEEAndMuMu_SU_0_dU_2p00_LU_15_TuneCP5_13TeV_pythia8_catTOP_sys_nvtxWeightUp
Merging measMET_Unpart_ZToEEAndMuMu_SU_0_dU_2p00_LU_15_TuneCP5_13TeV_pythia8_cat3L_sys_PrefireWeightUp
Merging MT_Unpart_ZToEEAndMuMu_SU_0_dU_2p00_LU_15_TuneCP5_13TeV_pythia8_cat4L_sys_puWeightUp
Merging measMET_Unpart_ZToEEAndMuMu_SU_0_dU_2p00_LU_15_TuneCP5_13TeV_pythia8_catNRB_sys_PDFUp
Merging njet_Unpart_ZToEEAndMuMu_SU_0_dU_2p00_LU_15_TuneCP5_13TeV_pythia8
Merging measMET_Unpart_ZToEEAndMuMu_SU_0_dU_2p00_LU_15_TuneCP5_13TeV_pythia8_catNRB_sys_QCDScale0wDown
Merging measMET_Unpart_ZToEEAndMuMu_SU_0_dU_2p00_LU_15_TuneCP5_13TeV_pythia8_catSignal-0jet_sys_EWKUp
Merging balance_Unpart_ZToEEAndMuMu_SU_0_dU_2p00_LU_15_TuneCP5_13TeV_pythia8_sys_MuonEnDown
Merging MT_Unpart_ZToEEAndMuMu_SU_0_dU_2p00_LU_15_TuneCP5_13TeV_pythia8_cat3L_sys_EWKDown
Merging measMET_Unpart_ZToEEAndMuMu_SU_0_dU_2p00_LU_15_TuneCP5_13TeV_pythia8_catEM_sys_MuonEnUp
Merging measMET_Unpart_ZToEEAndMuMu_SU_0_dU_2p00_LU_15_TuneCP5_13TeV_pythia8_catSignal-1jet_sys_nvtxWeightUp
Merging measMET_Unpart_ZToEEAndMuMu_SU_0_dU_2p00_LU_15_TuneCP5_13TeV_pythia8_catTOP_sys_PrefireWeightUp
Merging phizmet_Unpart_ZToEEAndMuMu_SU_0_dU_2p00_LU_15_TuneCP5_13TeV_pythia8_sys_puWeightUp
Merging MT_Unpart_ZToEEAndMuMu_SU_0_dU_2p00_LU_15_TuneCP5_13TeV_pythia8_cat4L_sys_QCDScale2wDown
Merging MT_Unpart_ZToEEAndMuMu_SU_0_dU_2p00_LU_15_TuneCP5_13TeV_pythia8_catNRB_sys_PDFDown
Merging measMET_Unpart_ZToEEAndMuMu_SU_0_dU_2p00_LU_15_TuneCP5_13TeV_pythia8_catEM_sys_ElectronEnDown
Merging MT_Unpart_ZToEEAndMuMu_SU_0_dU_2p00_LU_15_TuneCP5_13TeV_pythia8_catTOP_sys_ElectronEnDown
Merging MT_Unpart_ZToEEAndMuMu_SU_0_dU_2p00_LU_15_TuneCP5_13TeV_pythia8_catNRB_sys_EWKUp
Merging measMET_Unpart_ZToEEAndMuMu_SU_0_dU_2p00_LU_15_TuneCP5_13TeV_pythia8_catSignal-1jet_sys_PrefireWeightUp
Merging measMET_Unpart_ZToEEAndMuMu_SU_0_dU_2p00_LU_15_TuneCP5_13TeV_pythia8_catSignal-0jet_sys_nvtxWeightDown
Merging measMET_Unpart_ZToEEAndMuMu_SU_0_dU_2p00_LU_15_TuneCP5_13TeV_pythia8_catEM_sys_MuonSFUp
Merging balance_Unpart_ZToEEAndMuMu_SU_0_dU_2p00_LU_15_TuneCP5_13TeV_pythia8_sys_TriggerSFWeightUp
Merging MT_Unpart_ZToEEAndMuMu_SU_0_dU_2p00_LU_15_TuneCP5_13TeV_pythia8_catDY_sys_btagEventWeightUp
Merging measMET_Unpart_ZToEEAndMuMu_SU_0_dU_2p00_LU_15_TuneCP5_13TeV_pythia8_catSignal-1jet_sys_ElectronEnUp
Merging measMET_Unpart_ZToEEAndMuMu_SU_0_dU_2p00_LU_15_TuneCP5_13TeV_pythia8_cat4L
Merging MT_Unpart_ZToEEAndMuMu_SU_0_dU_2p00_LU_15_TuneCP5_13TeV_pythia8_catSignal-0jet_sys_btagEventWeightUp
Merging MT_Unpart_ZToEEAndMuMu_SU_0_dU_2p00_LU_15_TuneCP5_13TeV_pythia8_cat4L_sys_QCDScale0wUp
Merging measMET_Unpart_ZToEEAndMuMu_SU_0_dU_2p00_LU_15_TuneCP5_13TeV_pythia8_catDY_sys_PrefireWeightUp
Merging measMET_Unpart_ZToEEAndMuMu_SU_0_dU_2p00_LU_15_TuneCP5_13TeV_pythia8_catSignal-1jet_sys_QCDScale1wDown
Merging phizmet_Unpart_ZToEEAndMuMu_SU_0_dU_2p00_LU_15_TuneCP5_13TeV_pythia8_sys_QCDScale0wDown
Merging balance_Unpart_ZToEEAndMuMu_SU_0_dU_2p00_LU_15_TuneCP5_13TeV_pythia8_sys_puWeightDown
Merging MT_Unpart_ZToEEAndMuMu_SU_0_dU_2p00_LU_15_TuneCP5_13TeV_pythia8_catTOP_sys_nvtxWeightDown
Merging MT_Unpart_ZToEEAndMuMu_SU_0_dU_2p00_LU_15_TuneCP5_13TeV_pythia8_catEM_sys_ElectronEnDown
Merging measMET_Unpart_ZToEEAndMuMu_SU_0_dU_2p00_LU_15_TuneCP5_13TeV_pythia8_cat3L_sys_puWeightUp
Merging measMET_Unpart_ZToEEAndMuMu_SU_0_dU_2p00_LU_15_TuneCP5_13TeV_pythia8_catNRB_sys_MuonSFDown
Merging measMET_Unpart_ZToEEAndMuMu_SU_0_dU_2p00_LU_15_TuneCP5_13TeV_pythia8_catEM_sys_TriggerSFWeightUp
Merging MT_Unpart_ZToEEAndMuMu_SU_0_dU_2p00_LU_15_TuneCP5_13TeV_pythia8_catSignal-0jet_sys_PDFUp
Merging measMET_Unpart_ZToEEAndMuMu_SU_0_dU_2p00_LU_15_TuneCP5_13TeV_pythia8_catTOP_sys_puWeightUp
Merging measMET_Unpart_ZToEEAndMuMu_SU_0_dU_2p00_LU_15_TuneCP5_13TeV_pythia8_cat4L_sys_jerUp
Merging measMET_Unpart_ZToEEAndMuMu_SU_0_dU_2p00_LU_15_TuneCP5_13TeV_pythia8_catEM_sys_PrefireWeightDown
Merging measMET_Unpart_ZToEEAndMuMu_SU_0_dU_2p00_LU_15_TuneCP5_13TeV_pythia8_catTOP_sys_EWKUp
Merging MT_Unpart_ZToEEAndMuMu_SU_0_dU_2p00_LU_15_TuneCP5_13TeV_pythia8_catNRB_sys_puWeightUp
Merging balance_Unpart_ZToEEAndMuMu_SU_0_dU_2p00_LU_15_TuneCP5_13TeV_pythia8_sys_ElectronEnUp
Merging measMET_Unpart_ZToEEAndMuMu_SU_0_dU_2p00_LU_15_TuneCP5_13TeV_pythia8_catTOP_sys_PrefireWeightDown
Merging measMET_Unpart_ZToEEAndMuMu_SU_0_dU_2p00_LU_15_TuneCP5_13TeV_pythia8_cat3L_sys_EWKUp
Merging balance_Unpart_ZToEEAndMuMu_SU_0_dU_2p00_LU_15_TuneCP5_13TeV_pythia8_sys_PDFDown
Merging MT_Unpart_ZToEEAndMuMu_SU_0_dU_2p00_LU_15_TuneCP5_13TeV_pythia8_catEM_sys_QCDScale2wDown
Merging MT_Unpart_ZToEEAndMuMu_SU_0_dU_2p00_LU_15_TuneCP5_13TeV_pythia8_catSignal-0jet_sys_PrefireWeightUp
Merging measMET_Unpart_ZToEEAndMuMu_SU_0_dU_2p00_LU_15_TuneCP5_13TeV_pythia8_catSignal-0jet_sys_EWKDown
Merging measMET_Unpart_ZToEEAndMuMu_SU_0_dU_2p00_LU_15_TuneCP5_13TeV_pythia8_cat3L_sys_puWeightDown
Merging MT_Unpart_ZToEEAndMuMu_SU_0_dU_2p00_LU_15_TuneCP5_13TeV_pythia8_catDY_sys_ElectronEnUp
Merging measMET_Unpart_ZToEEAndMuMu_SU_0_dU_2p00_LU_15_TuneCP5_13TeV_pythia8_catDY_sys_nvtxWeightUp
Merging MT_Unpart_ZToEEAndMuMu_SU_0_dU_2p00_LU_15_TuneCP5_13TeV_pythia8_catEM_sys_ElecronSFDown
Merging phizmet_Unpart_ZToEEAndMuMu_SU_0_dU_2p00_LU_15_TuneCP5_13TeV_pythia8_sys_TriggerSFWeightDown
Merging measMET_Unpart_ZToEEAndMuMu_SU_0_dU_2p00_LU_15_TuneCP5_13TeV_pythia8_catNRB_sys_TriggerSFWeightUp
Merging MT_Unpart_ZToEEAndMuMu_SU_0_dU_2p00_LU_15_TuneCP5_13TeV_pythia8_cat4L_sys_ElectronEnDown
Merging MT_Unpart_ZToEEAndMuMu_SU_0_dU_2p00_LU_15_TuneCP5_13TeV_pythia8_catSignal-1jet_sys_jerUp
Merging measMET_Unpart_ZToEEAndMuMu_SU_0_dU_2p00_LU_15_TuneCP5_13TeV_pythia8_catTOP_sys_TriggerSFWeightDown
Merging MT_Unpart_ZToEEAndMuMu_SU_0_dU_2p00_LU_15_TuneCP5_13TeV_pythia8_catNRB_sys_QCDScale2wDown
Merging MT_Unpart_ZToEEAndMuMu_SU_0_dU_2p00_LU_15_TuneCP5_13TeV_pythia8_catSignal-1jet_sys_QCDScale0wUp
Merging MT_Unpart_ZToEEAndMuMu_SU_0_dU_2p00_LU_15_TuneCP5_13TeV_pythia8_catDY_sys_QCDScale2wUp
Merging MT_Unpart_ZToEEAndMuMu_SU_0_dU_2p00_LU_15_TuneCP5_13TeV_pythia8_catSignal-0jet_sys_PDFDown
Merging measMET_Unpart_ZToEEAndMuMu_SU_0_dU_2p00_LU_15_TuneCP5_13TeV_pythia8_cat4L_sys_jesTotalDown
Merging measMET_Unpart_ZToEEAndMuMu_SU_0_dU_2p00_LU_15_TuneCP5_13TeV_pythia8_catNRB_sys_QCDScale2wDown
Merging MT_Unpart_ZToEEAndMuMu_SU_0_dU_2p00_LU_15_TuneCP5_13TeV_pythia8_cat4L_sys_PDFUp
Merging MT_Unpart_ZToEEAndMuMu_SU_0_dU_2p00_LU_15_TuneCP5_13TeV_pythia8_catDY_sys_QCDScale0wUp
Merging njet_Unpart_ZToEEAndMuMu_SU_0_dU_2p00_LU_15_TuneCP5_13TeV_pythia8_sys_TriggerSFWeightUp
Merging MT_Unpart_ZToEEAndMuMu_SU_0_dU_2p00_LU_15_TuneCP5_13TeV_pythia8_catDY_sys_MuonEnDown
Merging measMET_Unpart_ZToEEAndMuMu_SU_0_dU_2p00_LU_15_TuneCP5_13TeV_pythia8_catSignal-0jet_sys_QCDScale0wDown
Merging MT_Unpart_ZToEEAndMuMu_SU_0_dU_2p00_LU_15_TuneCP5_13TeV_pythia8_catTOP_sys_QCDScale1wUp
Merging measMET_Unpart_ZToEEAndMuMu_SU_0_dU_2p00_LU_15_TuneCP5_13TeV_pythia8_catNRB_sys_puWeightDown
Merging MT_Unpart_ZToEEAndMuMu_SU_0_dU_2p00_LU_15_TuneCP5_13TeV_pythia8_cat3L_sys_QCDScale2wDown
Merging measMET_Unpart_ZToEEAndMuMu_SU_0_dU_2p00_LU_15_TuneCP5_13TeV_pythia8_catSignal-0jet_sys_nvtxWeightUp
Merging phizmet_Unpart_ZToEEAndMuMu_SU_0_dU_2p00_LU_15_TuneCP5_13TeV_pythia8_sys_ElectronEnUp
Merging phizmet_Unpart_ZToEEAndMuMu_SU_0_dU_2p00_LU_15_TuneCP5_13TeV_pythia8_sys_MuonSFDown
Merging MT_Unpart_ZToEEAndMuMu_SU_0_dU_2p00_LU_15_TuneCP5_13TeV_pythia8_catSignal-1jet_sys_EWKUp
Merging MT_Unpart_ZToEEAndMuMu_SU_0_dU_2p00_LU_15_TuneCP5_13TeV_pythia8_catNRB_sys_jesTotalUp
Merging measMET_Unpart_ZToEEAndMuMu_SU_0_dU_2p00_LU_15_TuneCP5_13TeV_pythia8_catDY_sys_ElecronSFDown
Merging measMET_Unpart_ZToEEAndMuMu_SU_0_dU_2p00_LU_15_TuneCP5_13TeV_pythia8_catTOP_sys_QCDScale2wDown
Merging MT_Unpart_ZToEEAndMuMu_SU_0_dU_2p00_LU_15_TuneCP5_13TeV_pythia8_catTOP_sys_ElectronEnUp
Merging measMET_Unpart_ZToEEAndMuMu_SU_0_dU_2p00_LU_15_TuneCP5_13TeV_pythia8_cat4L_sys_PDFUp
Merging njet_Unpart_ZToEEAndMuMu_SU_0_dU_2p00_LU_15_TuneCP5_13TeV_pythia8_sys_btagEventWeightUp
Merging MT_Unpart_ZToEEAndMuMu_SU_0_dU_2p00_LU_15_TuneCP5_13TeV_pythia8_cat3L_sys_QCDScale0wDown
Merging MT_Unpart_ZToEEAndMuMu_SU_0_dU_2p00_LU_15_TuneCP5_13TeV_pythia8_catTOP_sys_PrefireWeightUp
Merging njet_Unpart_ZToEEAndMuMu_SU_0_dU_2p00_LU_15_TuneCP5_13TeV_pythia8_sys_QCDScale0wDown
Merging MT_Unpart_ZToEEAndMuMu_SU_0_dU_2p00_LU_15_TuneCP5_13TeV_pythia8_catSignal-1jet_sys_ElectronEnUp
Merging MT_Unpart_ZToEEAndMuMu_SU_0_dU_2p00_LU_15_TuneCP5_13TeV_pythia8_catNRB_sys_MuonSFDown
Merging MT_Unpart_ZToEEAndMuMu_SU_0_dU_2p00_LU_15_TuneCP5_13TeV_pythia8_cat3L_sys_QCDScale2wUp
Merging measMET_Unpart_ZToEEAndMuMu_SU_0_dU_2p00_LU_15_TuneCP5_13TeV_pythia8_catSignal-0jet_sys_MuonSFDown
Merging measMET_Unpart_ZToEEAndMuMu_SU_0_dU_2p00_LU_15_TuneCP5_13TeV_pythia8_catNRB
Merging measMET_Unpart_ZToEEAndMuMu_SU_0_dU_2p00_LU_15_TuneCP5_13TeV_pythia8_catNRB_sys_TriggerSFWeightDown
Merging MT_Unpart_ZToEEAndMuMu_SU_0_dU_2p00_LU_15_TuneCP5_13TeV_pythia8_cat4L_sys_TriggerSFWeightDown
Merging MT_Unpart_ZToEEAndMuMu_SU_0_dU_2p00_LU_15_TuneCP5_13TeV_pythia8_cat4L_sys_btagEventWeightUp
Merging MT_Unpart_ZToEEAndMuMu_SU_0_dU_2p00_LU_15_TuneCP5_13TeV_pythia8_catSignal-0jet_sys_EWKUp
Merging balance_Unpart_ZToEEAndMuMu_SU_0_dU_2p00_LU_15_TuneCP5_13TeV_pythia8_sys_PrefireWeightUp
Merging njet_Unpart_ZToEEAndMuMu_SU_0_dU_2p00_LU_15_TuneCP5_13TeV_pythia8_sys_EWKUp
Merging MT_Unpart_ZToEEAndMuMu_SU_0_dU_2p00_LU_15_TuneCP5_13TeV_pythia8_catSignal-0jet_sys_ElectronEnDown
Merging balance_Unpart_ZToEEAndMuMu_SU_0_dU_2p00_LU_15_TuneCP5_13TeV_pythia8_sys_QCDScale0wDown
Merging measMET_Unpart_ZToEEAndMuMu_SU_0_dU_2p00_LU_15_TuneCP5_13TeV_pythia8_catDY_sys_EWKUp
Merging measMET_Unpart_ZToEEAndMuMu_SU_0_dU_2p00_LU_15_TuneCP5_13TeV_pythia8_cat4L_sys_MuonEnDown
Merging MT_Unpart_ZToEEAndMuMu_SU_0_dU_2p00_LU_15_TuneCP5_13TeV_pythia8_catSignal-1jet_sys_QCDScale2wUp
Merging phizmet_Unpart_ZToEEAndMuMu_SU_0_dU_2p00_LU_15_TuneCP5_13TeV_pythia8_sys_btagEventWeightUp
Merging MT_Unpart_ZToEEAndMuMu_SU_0_dU_2p00_LU_15_TuneCP5_13TeV_pythia8_cat3L_sys_PrefireWeightUp
Merging MT_Unpart_ZToEEAndMuMu_SU_0_dU_2p00_LU_15_TuneCP5_13TeV_pythia8_catSignal-0jet_sys_ElecronSFDown
Merging MT_Unpart_ZToEEAndMuMu_SU_0_dU_2p00_LU_15_TuneCP5_13TeV_pythia8_catSignal-0jet_sys_TriggerSFWeightDown
Merging MT_Unpart_ZToEEAndMuMu_SU_0_dU_2p00_LU_15_TuneCP5_13TeV_pythia8_catSignal-0jet_sys_QCDScale2wDown
Merging MT_Unpart_ZToEEAndMuMu_SU_0_dU_2p00_LU_15_TuneCP5_13TeV_pythia8_catEM_sys_jesTotalUp
Merging njet_Unpart_ZToEEAndMuMu_SU_0_dU_2p00_LU_15_TuneCP5_13TeV_pythia8_sys_EWKDown
Merging MT_Unpart_ZToEEAndMuMu_SU_0_dU_2p00_LU_15_TuneCP5_13TeV_pythia8_catSignal-1jet_sys_PDFDown
Merging measMET_Unpart_ZToEEAndMuMu_SU_0_dU_2p00_LU_15_TuneCP5_13TeV_pythia8_catSignal-1jet_sys_QCDScale0wUp
Merging measMET_Unpart_ZToEEAndMuMu_SU_0_dU_2p00_LU_15_TuneCP5_13TeV_pythia8_catNRB_sys_jesTotalDown
Merging MT_Unpart_ZToEEAndMuMu_SU_0_dU_2p00_LU_15_TuneCP5_13TeV_pythia8_catEM_sys_jerDown
Merging measMET_Unpart_ZToEEAndMuMu_SU_0_dU_2p00_LU_15_TuneCP5_13TeV_pythia8_catEM_sys_QCDScale2wDown
Merging MT_Unpart_ZToEEAndMuMu_SU_0_dU_2p00_LU_15_TuneCP5_13TeV_pythia8_catEM_sys_nvtxWeightUp
Merging MT_Unpart_ZToEEAndMuMu_SU_0_dU_2p00_LU_15_TuneCP5_13TeV_pythia8_catDY_sys_nvtxWeightDown
Merging MT_Unpart_ZToEEAndMuMu_SU_0_dU_2p00_LU_15_TuneCP5_13TeV_pythia8_cat4L_sys_EWKDown
Merging measMET_Unpart_ZToEEAndMuMu_SU_0_dU_2p00_LU_15_TuneCP5_13TeV_pythia8_catSignal-0jet_sys_ElecronSFDown
Merging MT_Unpart_ZToEEAndMuMu_SU_0_dU_2p00_LU_15_TuneCP5_13TeV_pythia8_catDY_sys_PDFDown
Merging measMET_Unpart_ZToEEAndMuMu_SU_0_dU_2p00_LU_15_TuneCP5_13TeV_pythia8_catEM_sys_jesTotalUp
Merging measMET_Unpart_ZToEEAndMuMu_SU_0_dU_2p00_LU_15_TuneCP5_13TeV_pythia8_catTOP_sys_PDFUp
Merging measMET_Unpart_ZToEEAndMuMu_SU_0_dU_2p00_LU_15_TuneCP5_13TeV_pythia8_catNRB_sys_PrefireWeightDown
Merging measMET_Unpart_ZToEEAndMuMu_SU_0_dU_2p00_LU_15_TuneCP5_13TeV_pythia8_catEM_sys_QCDScale1wDown
Merging measMET_Unpart_ZToEEAndMuMu_SU_0_dU_2p00_LU_15_TuneCP5_13TeV_pythia8_cat4L_sys_PrefireWeightUp
Merging phizmet_Unpart_ZToEEAndMuMu_SU_0_dU_2p00_LU_15_TuneCP5_13TeV_pythia8_sys_MuonEnDown
Merging MT_Unpart_ZToEEAndMuMu_SU_0_dU_2p00_LU_15_TuneCP5_13TeV_pythia8_cat4L_sys_jerUp
Merging MT_Unpart_ZToEEAndMuMu_SU_0_dU_2p00_LU_15_TuneCP5_13TeV_pythia8_catEM_sys_EWKDown
Merging measMET_Unpart_ZToEEAndMuMu_SU_0_dU_2p00_LU_15_TuneCP5_13TeV_pythia8_catDY_sys_QCDScale0wDown
Merging MT_Unpart_ZToEEAndMuMu_SU_0_dU_2p00_LU_15_TuneCP5_13TeV_pythia8_catDY_sys_jerUp
Merging measMET_Unpart_ZToEEAndMuMu_SU_0_dU_2p00_LU_15_TuneCP5_13TeV_pythia8_cat3L_sys_ElectronEnUp
Merging measMET_Unpart_ZToEEAndMuMu_SU_0_dU_2p00_LU_15_TuneCP5_13TeV_pythia8_catSignal-1jet_sys_MuonSFDown
Merging MT_Unpart_ZToEEAndMuMu_SU_0_dU_2p00_LU_15_TuneCP5_13TeV_pythia8_cat3L_sys_PrefireWeightDown
Merging MT_Unpart_ZToEEAndMuMu_SU_0_dU_2p00_LU_15_TuneCP5_13TeV_pythia8_catDY_sys_QCDScale1wUp
Merging MT_Unpart_ZToEEAndMuMu_SU_0_dU_2p00_LU_15_TuneCP5_13TeV_pythia8_catTOP_sys_ElecronSFDown
Merging measMET_Unpart_ZToEEAndMuMu_SU_0_dU_2p00_LU_15_TuneCP5_13TeV_pythia8_catSignal-1jet_sys_btagEventWeightDown
Merging MT_Unpart_ZToEEAndMuMu_SU_0_dU_2p00_LU_15_TuneCP5_13TeV_pythia8_cat4L
Merging phizmet_Unpart_ZToEEAndMuMu_SU_0_dU_2p00_LU_15_TuneCP5_13TeV_pythia8_sys_btagEventWeightDown
Merging njet_Unpart_ZToEEAndMuMu_SU_0_dU_2p00_LU_15_TuneCP5_13TeV_pythia8_sys_QCDScale0wUp
Merging MT_Unpart_ZToEEAndMuMu_SU_0_dU_2p00_LU_15_TuneCP5_13TeV_pythia8_catTOP_sys_MuonEnUp
Merging MT_Unpart_ZToEEAndMuMu_SU_0_dU_2p00_LU_15_TuneCP5_13TeV_pythia8_catTOP_sys_PDFUp
Merging MT_Unpart_ZToEEAndMuMu_SU_0_dU_2p00_LU_15_TuneCP5_13TeV_pythia8_cat4L_sys_QCDScale1wDown
Merging MT_Unpart_ZToEEAndMuMu_SU_0_dU_2p00_LU_15_TuneCP5_13TeV_pythia8_catDY_sys_jerDown
Merging measMET_Unpart_ZToEEAndMuMu_SU_0_dU_2p00_LU_15_TuneCP5_13TeV_pythia8_catDY_sys_jesTotalUp
Merging njet_Unpart_ZToEEAndMuMu_SU_0_dU_2p00_LU_15_TuneCP5_13TeV_pythia8_sys_puWeightUp
Merging measMET_Unpart_ZToEEAndMuMu_SU_0_dU_2p00_LU_15_TuneCP5_13TeV_pythia8_cat3L_sys_PDFDown
Merging measMET_Unpart_ZToEEAndMuMu_SU_0_dU_2p00_LU_15_TuneCP5_13TeV_pythia8_catSignal-1jet_sys_MuonEnUp
Merging MT_Unpart_ZToEEAndMuMu_SU_0_dU_2p00_LU_15_TuneCP5_13TeV_pythia8_catNRB_sys_QCDScale0wUp
Merging measMET_Unpart_ZToEEAndMuMu_SU_0_dU_2p00_LU_15_TuneCP5_13TeV_pythia8_cat4L_sys_nvtxWeightDown
Merging measMET_Unpart_ZToEEAndMuMu_SU_0_dU_2p00_LU_15_TuneCP5_13TeV_pythia8_catDY_sys_QCDScale1wUp
/eos/cms/store/group/phys_exotica/monoZ/Exorcism2018/Unpart_ZToEEAndMuMu_SU_0_dU_2p00_LU_15_TuneCP5_13TeV_pythia8/tree_3.root  ->  /eos/cms/store/group/phys_exotica/monoZ/Exorcism2018/Unpart_ZToEEAndMuMu_SU_0_dU_2p00_LU_15_TuneCP5_13TeV_pythia8/tree_3.root
Testing file open
Test OK
---------------------------
 -- options  =  Namespace(dataset='X', doSyst=1, era='2018', infile='/eos/cms/store/group/phys_exotica/monoZ/Exorcism2018/Unpart_ZToEEAndMuMu_SU_0_dU_2p00_LU_15_TuneCP5_13TeV_pythia8/tree_3.root', isMC=1, jobNum=3, nevt=-1)
 -- is MC    =  1
 -- jobNum   =  3
 -- era      =  2018
 -- in file  =  /eos/cms/store/group/phys_exotica/monoZ/Exorcism2018/Unpart_ZToEEAndMuMu_SU_0_dU_2p00_LU_15_TuneCP5_13TeV_pythia8/tree_3.root
 -- dataset  =  X
---------------------------
[check] condtag_ ==  Unpart_ZToEEAndMuMu_SU_0_dU_2p00_LU_15_TuneCP5_13TeV_pythia8
[check] dataset  ==  monoZ
modules :  <PhysicsTools.MonoZ.MonoZWSProducer.MonoZWSProducer object at 0x2ad2c8e3c890>
modules :  <PhysicsTools.MonoZ.MonoZWSProducer.MonoZWSProducer object at 0x2ad2c8e3c950>
modules :  <PhysicsTools.MonoZ.MonoZWSProducer.MonoZWSProducer object at 0x2ad2c8e3c990>
modules :  <PhysicsTools.MonoZ.MonoZWSProducer.MonoZWSProducer object at 0x2ad2c8e3c9d0>
modules :  <PhysicsTools.MonoZ.MonoZWSProducer.MonoZWSProducer object at 0x2ad2c8e3ca10>
modules :  <PhysicsTools.MonoZ.MonoZWSProducer.MonoZWSProducer object at 0x2ad2c8e3ca50>
modules :  <PhysicsTools.MonoZ.MonoZWSProducer.MonoZWSProducer object at 0x2ad2c8e3ca90>
modules :  <PhysicsTools.MonoZ.MonoZWSProducer.MonoZWSProducer object at 0x2ad2c8e3cad0>
modules :  <PhysicsTools.MonoZ.MonoZWSProducer.MonoZWSProducer object at 0x2ad2c8e3cb10>
modules :  <PhysicsTools.MonoZ.MonoZWSProducer.MonoZWSProducer object at 0x2ad2c8e3cb50>
modules :  <PhysicsTools.MonoZ.MonoZWSProducer.MonoZWSProducer object at 0x2ad2c8e3cb90>
modules :  <PhysicsTools.MonoZ.MonoZWSProducer.MonoZWSProducer object at 0x2ad2c8e3cbd0>
modules :  <PhysicsTools.MonoZ.MonoZWSProducer.MonoZWSProducer object at 0x2ad2c8e3cc10>
modules :  <PhysicsTools.MonoZ.MonoZWSProducer.MonoZWSProducer object at 0x2ad2c8e3cc50>
modules :  <PhysicsTools.MonoZ.MonoZWSProducer.MonoZWSProducer object at 0x2ad2c8e3cc90>
modules :  <PhysicsTools.MonoZ.MonoZWSProducer.MonoZWSProducer object at 0x2ad2c8e3ccd0>
modules :  <PhysicsTools.MonoZ.MonoZWSProducer.MonoZWSProducer object at 0x2ad2c8e3cd10>
modules :  <PhysicsTools.MonoZ.MonoZWSProducer.MonoZWSProducer object at 0x2ad2c8e3cd50>
modules :  <PhysicsTools.MonoZ.MonoZWSProducer.MonoZWSProducer object at 0x2ad2c8e3cd90>
modules :  <PhysicsTools.MonoZ.MonoZWSProducer.MonoZWSProducer object at 0x2ad2c8e3cdd0>
modules :  <PhysicsTools.MonoZ.MonoZWSProducer.MonoZWSProducer object at 0x2ad2c8e3ce10>
modules :  <PhysicsTools.MonoZ.MonoZWSProducer.MonoZWSProducer object at 0x2ad2c8e3ce50>
modules :  <PhysicsTools.MonoZ.MonoZWSProducer.MonoZWSProducer object at 0x2ad2c8e3ced0>
modules :  <PhysicsTools.MonoZ.MonoZWSProducer.MonoZWSProducer object at 0x2ad2c8e3cf50>
modules :  <PhysicsTools.MonoZ.MonoZWSProducer.MonoZWSProducer object at 0x2ad2c8e3cfd0>
modules :  <PhysicsTools.MonoZ.MonoZWSProducer.MonoZWSProducer object at 0x2ad2c8e3e090>
modules :  <PhysicsTools.MonoZ.MonoZWSProducer.MonoZWSProducer object at 0x2ad2c8e3e0d0>
modules :  <PhysicsTools.MonoZ.MonoZWSProducer.MonoZWSProducer object at 0x2ad2c8e3e110>
modules :  <PhysicsTools.MonoZ.MonoZWSProducer.MonoZWSProducer object at 0x2ad2c8e3e150>
modules :  <PhysicsTools.MonoZ.MonoZWSProducer.MonoZWSProducer object at 0x2ad2c8e3e190>
modules :  <PhysicsTools.MonoZ.MonoZWSProducer.MonoZWSProducer object at 0x2ad2c8e3e1d0>
Selection :  
Will write selected trees to .
Pre-select 2007 entries out of 2007 (100.00%)
Processed 2007 preselected entries from /eos/cms/store/group/phys_exotica/monoZ/Exorcism2018/Unpart_ZToEEAndMuMu_SU_0_dU_2p00_LU_15_TuneCP5_13TeV_pythia8/tree_3.root (2007 entries). Finally selected 2007 entries
Done ./tree_3_Skim.root
17.4628034456 Hz
----- transfer output to eos :
----- directory after running :
.:
total 6492
-rw-r--r--. 1 cfreer zh    1228 Nov 30 14:04 FrameworkJobReport.xml
-rw-r--r--. 1 cfreer zh       0 Nov 30 14:02 _condor_stderr
-rw-r--r--. 1 cfreer zh   92466 Nov 30 14:04 _condor_stdout
-rw-------. 1 cfreer zh    4914 Nov 30 14:04 cfreer.cc
-rw-r--r--. 1 cfreer zh   16092 Nov 30 14:02 combineHLT_Run2.yaml
-rw-r--r--. 1 cfreer zh    5718 Nov 30 14:02 condor_WSProducer.py
-rwxr-xr-x. 1 cfreer zh     859 Nov 30 14:02 condor_exec.exe
-rwxr-xr-x. 1 cfreer zh    2559 Nov 30 14:02 haddnano.py
-rw-r--r--. 1 cfreer zh       8 Nov 30 14:02 keep_and_drop_WS.txt
drwx------. 3 cfreer zh    4096 Nov 30 14:02 tmp
-rw-r--r--. 1 cfreer zh 3247066 Nov 30 14:04 tree_3.root
-rw-r--r--. 1 cfreer zh 3246922 Nov 30 14:04 tree_3_Skim.root
drwx------. 3 cfreer zh    4096 Nov 30 14:02 var

./tmp:
total 4
drwxr-xr-x. 3 cfreer zh 4096 Nov 30 14:02 mjf-cfreer

./tmp/mjf-cfreer:
total 4
drwxr-xr-x. 2 cfreer zh 4096 Nov 30 14:02 jobfeatures-bigbird09.cern.ch_3032266.3_1574965802

./tmp/mjf-cfreer/jobfeatures-bigbird09.cern.ch_3032266.3_1574965802:
total 28
-rw-r--r--. 1 cfreer zh  1 Nov 30 14:02 allocated_cpu
-rw-r--r--. 1 cfreer zh  6 Nov 30 14:02 cpu_limit_secs
-rw-r--r--. 1 cfreer zh 38 Nov 30 14:02 job_id
-rw-r--r--. 1 cfreer zh 10 Nov 30 14:02 jobstart_secs
-rw-r--r--. 1 cfreer zh 10 Nov 30 14:02 max_rss_bytes
-rw-r--r--. 1 cfreer zh 10 Nov 30 14:02 scratch_limit_bytes
-rw-r--r--. 1 cfreer zh  6 Nov 30 14:02 wall_limit_secs

./var:
total 4
drwx------. 2 cfreer zh 4096 Nov 30 14:02 tmp

./var/tmp:
total 0
 ------ THE END (everyone dies !) ----- 
