
/pool/condor/dir_10176

... start job at 2019-11-29 13:57:55
----- directory before running:
.:
total 52
-rw-r--r--. 1 cfreer zh     0 Nov 29 13:57 _condor_stderr
-rw-r--r--. 1 cfreer zh    94 Nov 29 13:57 _condor_stdout
-rw-------. 1 cfreer zh  2642 Nov 29 13:57 cfreer.cc
-rw-r--r--. 1 cfreer zh 16092 Nov 29 13:57 combineHLT_Run2.yaml
-rw-r--r--. 1 cfreer zh  5718 Nov 29 13:57 condor_WSProducer.py
-rwxr-xr-x. 1 cfreer zh   835 Nov 29 13:57 condor_exec.exe
-rwxr-xr-x. 1 cfreer zh  2559 Nov 29 13:57 haddnano.py
-rw-r--r--. 1 cfreer zh     8 Nov 29 13:57 keep_and_drop_WS.txt
drwx------. 3 cfreer zh  4096 Nov 29 13:57 tmp
drwx------. 3 cfreer zh  4096 Nov 29 13:57 var

./tmp:
total 4
drwxr-xr-x. 3 cfreer zh 4096 Nov 29 13:57 mjf-cfreer

./tmp/mjf-cfreer:
total 4
drwxr-xr-x. 2 cfreer zh 4096 Nov 29 13:57 jobfeatures-bigbird09.cern.ch_3025485.3_1574904183

./tmp/mjf-cfreer/jobfeatures-bigbird09.cern.ch_3025485.3_1574904183:
total 28
-rw-r--r--. 1 cfreer zh  1 Nov 29 13:57 allocated_cpu
-rw-r--r--. 1 cfreer zh  6 Nov 29 13:57 cpu_limit_secs
-rw-r--r--. 1 cfreer zh 38 Nov 29 13:57 job_id
-rw-r--r--. 1 cfreer zh 10 Nov 29 13:57 jobstart_secs
-rw-r--r--. 1 cfreer zh 10 Nov 29 13:57 max_rss_bytes
-rw-r--r--. 1 cfreer zh 10 Nov 29 13:57 scratch_limit_bytes
-rw-r--r--. 1 cfreer zh  6 Nov 29 13:57 wall_limit_secs

./var:
total 4
drwx------. 2 cfreer zh 4096 Nov 29 13:57 tmp

./var/tmp:
total 0
----- CMSSW BASE, python path, pwd:
+ CMSSW_BASE  = /afs/cern.ch/work/c/cfreer/MonoZ_2019/MT_plots/CMSSW_10_6_4
+ PYTHON_PATH = 
+ PWD         = /pool/condor/dir_10176
Adding file ./tree_11_Skim.root
Merging measMET_monoZ_catSignal-0jet
Merging MT_monoZ_catSignal-0jet
Merging measMET_monoZ_catEM
Merging MT_monoZ_catEM
Merging measMET_monoZ_catSignal-1jet
Merging MT_monoZ_catSignal-1jet
Merging measMET_monoZ_cat3L
Merging MT_monoZ_cat3L
Merging measMET_monoZ_cat4L
Merging MT_monoZ_cat4L
Merging measMET_monoZ_catNRB
Merging MT_monoZ_catNRB
Merging measMET_monoZ_catTOP
Merging MT_monoZ_catTOP
Merging measMET_monoZ_catDY
Merging MT_monoZ_catDY
Merging balance_monoZ
Merging phizmet_monoZ
Merging njet_monoZ
Merging Events
Merging Runs
Merging ParameterSets
Merging LuminosityBlocks
Merging MetaData
Merging MT_data_catSignal-1jet
Merging measMET_data_catTOP
Merging MT_data_catEM
Merging MT_data_catTOP
Merging measMET_data_catNRB
Merging phizmet_data
Merging measMET_data_cat3L
Merging njet_data
Merging untagged
Merging MT_data_cat3L
Merging measMET_data_cat4L
Merging measMET_data_catEM
Merging MT_data_catDY
Merging measMET_data_catSignal-0jet
Merging MT_data_cat4L
Merging balance_data
Merging MT_data_catNRB
Merging MT_data_catSignal-0jet
Merging measMET_data_catSignal-1jet
Merging measMET_data_catDY
/eos/cms/store/group/phys_exotica/monoZ/Exorcism2016/SingleMuon_Run2016C-Nano1June2019-v1/tree_11.root  ->  /eos/cms/store/group/phys_exotica/monoZ/Exorcism2016/SingleMuon_Run2016C-Nano1June2019-v1/tree_11.root
Testing file open
Test OK
---------------------------
 -- options  =  Namespace(dataset='X', doSyst=1, era='2016', infile='/eos/cms/store/group/phys_exotica/monoZ/Exorcism2016/SingleMuon_Run2016C-Nano1June2019-v1/tree_11.root', isMC=0, jobNum=3, nevt=-1)
 -- is MC    =  0
 -- jobNum   =  3
 -- era      =  2016
 -- in file  =  /eos/cms/store/group/phys_exotica/monoZ/Exorcism2016/SingleMuon_Run2016C-Nano1June2019-v1/tree_11.root
 -- dataset  =  X
---------------------------
modules :  <PhysicsTools.MonoZ.MonoZWSProducer.MonoZWSProducer object at 0x2b6a68d58890>
Selection :  
Will write selected trees to .
Pre-select 326 entries out of 326 (100.00%)
Processed 326 preselected entries from /eos/cms/store/group/phys_exotica/monoZ/Exorcism2016/SingleMuon_Run2016C-Nano1June2019-v1/tree_11.root (326 entries). Finally selected 326 entries
Done ./tree_11_Skim.root
29.9082568807 Hz
----- transfer output to eos :
----- directory after running :
.:
total 7396
-rw-r--r--. 1 cfreer zh    1204 Nov 29 13:58 FrameworkJobReport.xml
-rw-r--r--. 1 cfreer zh       0 Nov 29 13:57 _condor_stderr
-rw-r--r--. 1 cfreer zh    3874 Nov 29 13:58 _condor_stdout
-rw-------. 1 cfreer zh    4914 Nov 29 13:58 cfreer.cc
-rw-r--r--. 1 cfreer zh   16092 Nov 29 13:57 combineHLT_Run2.yaml
-rw-r--r--. 1 cfreer zh    5718 Nov 29 13:57 condor_WSProducer.py
-rwxr-xr-x. 1 cfreer zh     835 Nov 29 13:57 condor_exec.exe
-rwxr-xr-x. 1 cfreer zh    2559 Nov 29 13:57 haddnano.py
-rw-r--r--. 1 cfreer zh       8 Nov 29 13:57 keep_and_drop_WS.txt
drwx------. 3 cfreer zh    4096 Nov 29 13:57 tmp
-rw-r--r--. 1 cfreer zh 3755438 Nov 29 13:58 tree_11_Skim.root
-rw-r--r--. 1 cfreer zh 3755570 Nov 29 13:58 tree_3.root
drwx------. 3 cfreer zh    4096 Nov 29 13:57 var

./tmp:
total 4
drwxr-xr-x. 3 cfreer zh 4096 Nov 29 13:57 mjf-cfreer

./tmp/mjf-cfreer:
total 4
drwxr-xr-x. 2 cfreer zh 4096 Nov 29 13:57 jobfeatures-bigbird09.cern.ch_3025485.3_1574904183

./tmp/mjf-cfreer/jobfeatures-bigbird09.cern.ch_3025485.3_1574904183:
total 28
-rw-r--r--. 1 cfreer zh  1 Nov 29 13:57 allocated_cpu
-rw-r--r--. 1 cfreer zh  6 Nov 29 13:57 cpu_limit_secs
-rw-r--r--. 1 cfreer zh 38 Nov 29 13:57 job_id
-rw-r--r--. 1 cfreer zh 10 Nov 29 13:57 jobstart_secs
-rw-r--r--. 1 cfreer zh 10 Nov 29 13:57 max_rss_bytes
-rw-r--r--. 1 cfreer zh 10 Nov 29 13:57 scratch_limit_bytes
-rw-r--r--. 1 cfreer zh  6 Nov 29 13:57 wall_limit_secs

./var:
total 4
drwx------. 2 cfreer zh 4096 Nov 29 13:57 tmp

./var/tmp:
total 0
 ------ THE END (everyone dies !) ----- 
