
/pool/condor/dir_28150

... start job at 2019-11-29 13:44:57
----- directory before running:
.:
total 52
-rw-r--r--. 1 cfreer zh     0 Nov 29 13:44 _condor_stderr
-rw-r--r--. 1 cfreer zh    94 Nov 29 13:44 _condor_stdout
-rw-------. 1 cfreer zh  2642 Nov 29 13:44 cfreer.cc
-rw-r--r--. 1 cfreer zh 16092 Nov 29 13:44 combineHLT_Run2.yaml
-rw-r--r--. 1 cfreer zh  5718 Nov 29 13:44 condor_WSProducer.py
-rwxr-xr-x. 1 cfreer zh   841 Nov 29 13:44 condor_exec.exe
-rwxr-xr-x. 1 cfreer zh  2559 Nov 29 13:44 haddnano.py
-rw-r--r--. 1 cfreer zh     8 Nov 29 13:44 keep_and_drop_WS.txt
drwx------. 3 cfreer zh  4096 Nov 29 13:44 tmp
drwx------. 3 cfreer zh  4096 Nov 29 13:44 var

./tmp:
total 4
drwxr-xr-x. 3 cfreer zh 4096 Nov 29 13:44 mjf-cfreer

./tmp/mjf-cfreer:
total 4
drwxr-xr-x. 2 cfreer zh 4096 Nov 29 13:44 jobfeatures-bigbird09.cern.ch_3025279.0_1574903267

./tmp/mjf-cfreer/jobfeatures-bigbird09.cern.ch_3025279.0_1574903267:
total 28
-rw-r--r--. 1 cfreer zh  1 Nov 29 13:44 allocated_cpu
-rw-r--r--. 1 cfreer zh  6 Nov 29 13:44 cpu_limit_secs
-rw-r--r--. 1 cfreer zh 38 Nov 29 13:44 job_id
-rw-r--r--. 1 cfreer zh 10 Nov 29 13:44 jobstart_secs
-rw-r--r--. 1 cfreer zh 10 Nov 29 13:44 max_rss_bytes
-rw-r--r--. 1 cfreer zh 10 Nov 29 13:44 scratch_limit_bytes
-rw-r--r--. 1 cfreer zh  6 Nov 29 13:44 wall_limit_secs

./var:
total 4
drwx------. 2 cfreer zh 4096 Nov 29 13:44 tmp

./var/tmp:
total 0
----- CMSSW BASE, python path, pwd:
+ CMSSW_BASE  = /afs/cern.ch/work/c/cfreer/MonoZ_2019/MT_plots/CMSSW_10_6_4
+ PYTHON_PATH = 
+ PWD         = /pool/condor/dir_28150
/eos/cms/store/group/phys_exotica/monoZ/Exorcism2016/MuonEG_Run2016B_ver2-Nano1June2019_ver2-v1/tree_0.root  ->  /eos/cms/store/group/phys_exotica/monoZ/Exorcism2016/MuonEG_Run2016B_ver2-Nano1June2019_ver2-v1/tree_0.root
Testing file open
Test OK
---------------------------
 -- options  =  Namespace(dataset='X', doSyst=1, era='2016', infile='/eos/cms/store/group/phys_exotica/monoZ/Exorcism2016/MuonEG_Run2016B_ver2-Nano1June2019_ver2-v1/tree_0.root', isMC=0, jobNum=0, nevt=-1)
 -- is MC    =  0
 -- jobNum   =  0
 -- era      =  2016
 -- in file  =  /eos/cms/store/group/phys_exotica/monoZ/Exorcism2016/MuonEG_Run2016B_ver2-Nano1June2019_ver2-v1/tree_0.root
 -- dataset  =  X
---------------------------
modules :  <PhysicsTools.MonoZ.MonoZWSProducer.MonoZWSProducer object at 0x2b0c5febe890>
Selection :  
Will write selected trees to .
Pre-select 0 entries out of 0 (0.00%)
----- transfer output to eos :
----- directory after running :
.:
total 56
-rw-r--r--. 1 cfreer zh  1283 Nov 29 13:45 _condor_stderr
-rw-r--r--. 1 cfreer zh  2516 Nov 29 13:45 _condor_stdout
-rw-------. 1 cfreer zh  2642 Nov 29 13:44 cfreer.cc
-rw-r--r--. 1 cfreer zh 16092 Nov 29 13:44 combineHLT_Run2.yaml
-rw-r--r--. 1 cfreer zh  5718 Nov 29 13:44 condor_WSProducer.py
-rwxr-xr-x. 1 cfreer zh   841 Nov 29 13:44 condor_exec.exe
-rwxr-xr-x. 1 cfreer zh  2559 Nov 29 13:44 haddnano.py
-rw-r--r--. 1 cfreer zh     8 Nov 29 13:44 keep_and_drop_WS.txt
drwx------. 3 cfreer zh  4096 Nov 29 13:44 tmp
drwx------. 3 cfreer zh  4096 Nov 29 13:44 var

./tmp:
total 4
drwxr-xr-x. 3 cfreer zh 4096 Nov 29 13:44 mjf-cfreer

./tmp/mjf-cfreer:
total 4
drwxr-xr-x. 2 cfreer zh 4096 Nov 29 13:44 jobfeatures-bigbird09.cern.ch_3025279.0_1574903267

./tmp/mjf-cfreer/jobfeatures-bigbird09.cern.ch_3025279.0_1574903267:
total 28
-rw-r--r--. 1 cfreer zh  1 Nov 29 13:44 allocated_cpu
-rw-r--r--. 1 cfreer zh  6 Nov 29 13:44 cpu_limit_secs
-rw-r--r--. 1 cfreer zh 38 Nov 29 13:44 job_id
-rw-r--r--. 1 cfreer zh 10 Nov 29 13:44 jobstart_secs
-rw-r--r--. 1 cfreer zh 10 Nov 29 13:44 max_rss_bytes
-rw-r--r--. 1 cfreer zh 10 Nov 29 13:44 scratch_limit_bytes
-rw-r--r--. 1 cfreer zh  6 Nov 29 13:44 wall_limit_secs

./var:
total 4
drwx------. 2 cfreer zh 4096 Nov 29 13:44 tmp

./var/tmp:
total 0
 ------ THE END (everyone dies !) ----- 
