
/pool/condor/dir_18267

... start job at 2019-11-30 01:09:59
----- directory before running:
.:
total 52
-rw-r--r--. 1 cfreer zh     0 Nov 30 01:09 _condor_stderr
-rw-r--r--. 1 cfreer zh    94 Nov 30 01:09 _condor_stdout
-rw-------. 1 cfreer zh  2642 Nov 30 01:09 cfreer.cc
-rw-r--r--. 1 cfreer zh 16092 Nov 30 01:09 combineHLT_Run2.yaml
-rw-r--r--. 1 cfreer zh  5718 Nov 30 01:09 condor_WSProducer.py
-rwxr-xr-x. 1 cfreer zh   843 Nov 30 01:09 condor_exec.exe
-rwxr-xr-x. 1 cfreer zh  2559 Nov 30 01:09 haddnano.py
-rw-r--r--. 1 cfreer zh     8 Nov 30 01:09 keep_and_drop_WS.txt
drwx------. 3 cfreer zh  4096 Nov 30 01:09 tmp
drwx------. 3 cfreer zh  4096 Nov 30 01:09 var

./tmp:
total 4
drwxr-xr-x. 3 cfreer zh 4096 Nov 30 01:09 mjf-cfreer

./tmp/mjf-cfreer:
total 4
drwxr-xr-x. 2 cfreer zh 4096 Nov 30 01:09 jobfeatures-bigbird09.cern.ch_3030567.0_1574954787

./tmp/mjf-cfreer/jobfeatures-bigbird09.cern.ch_3030567.0_1574954787:
total 28
-rw-r--r--. 1 cfreer zh  1 Nov 30 01:09 allocated_cpu
-rw-r--r--. 1 cfreer zh  6 Nov 30 01:09 cpu_limit_secs
-rw-r--r--. 1 cfreer zh 38 Nov 30 01:09 job_id
-rw-r--r--. 1 cfreer zh 10 Nov 30 01:09 jobstart_secs
-rw-r--r--. 1 cfreer zh 10 Nov 30 01:09 max_rss_bytes
-rw-r--r--. 1 cfreer zh 10 Nov 30 01:09 scratch_limit_bytes
-rw-r--r--. 1 cfreer zh  6 Nov 30 01:09 wall_limit_secs

./var:
total 4
drwx------. 2 cfreer zh 4096 Nov 30 01:09 tmp

./var/tmp:
total 0
----- CMSSW BASE, python path, pwd:
+ CMSSW_BASE  = /afs/cern.ch/work/c/cfreer/MonoZ_2019/MT_plots/CMSSW_10_6_4
+ PYTHON_PATH = 
+ PWD         = /pool/condor/dir_18267
/eos/cms/store/group/phys_exotica/monoZ/Exorcism2016/Pseudoscalar2HDM_MonoZLL_mScan_mH-800_ma-500/tree_0.root  ->  /eos/cms/store/group/phys_exotica/monoZ/Exorcism2016/Pseudoscalar2HDM_MonoZLL_mScan_mH-800_ma-500/tree_0.root
Testing file open
Test OK
---------------------------
 -- options  =  Namespace(dataset='X', doSyst=1, era='2016', infile='/eos/cms/store/group/phys_exotica/monoZ/Exorcism2016/Pseudoscalar2HDM_MonoZLL_mScan_mH-800_ma-500/tree_0.root', isMC=1, jobNum=0, nevt=-1)
 -- is MC    =  1
 -- jobNum   =  0
 -- era      =  2016
 -- in file  =  /eos/cms/store/group/phys_exotica/monoZ/Exorcism2016/Pseudoscalar2HDM_MonoZLL_mScan_mH-800_ma-500/tree_0.root
 -- dataset  =  X
---------------------------
[check] condtag_ ==  Pseudoscalar2HDM_MonoZLL_mScan_mH-800_ma-500
[check] dataset  ==  monoZ
modules :  <PhysicsTools.MonoZ.MonoZWSProducer.MonoZWSProducer object at 0x2b5c7fa1f890>
modules :  <PhysicsTools.MonoZ.MonoZWSProducer.MonoZWSProducer object at 0x2b5c7fa1f950>
modules :  <PhysicsTools.MonoZ.MonoZWSProducer.MonoZWSProducer object at 0x2b5c7fa1f990>
modules :  <PhysicsTools.MonoZ.MonoZWSProducer.MonoZWSProducer object at 0x2b5c7fa1f9d0>
modules :  <PhysicsTools.MonoZ.MonoZWSProducer.MonoZWSProducer object at 0x2b5c7fa1fa10>
modules :  <PhysicsTools.MonoZ.MonoZWSProducer.MonoZWSProducer object at 0x2b5c7fa1fa50>
modules :  <PhysicsTools.MonoZ.MonoZWSProducer.MonoZWSProducer object at 0x2b5c7fa1fa90>
modules :  <PhysicsTools.MonoZ.MonoZWSProducer.MonoZWSProducer object at 0x2b5c7fa1fad0>
modules :  <PhysicsTools.MonoZ.MonoZWSProducer.MonoZWSProducer object at 0x2b5c7fa1fb10>
modules :  <PhysicsTools.MonoZ.MonoZWSProducer.MonoZWSProducer object at 0x2b5c7fa1fb50>
modules :  <PhysicsTools.MonoZ.MonoZWSProducer.MonoZWSProducer object at 0x2b5c7fa1fb90>
modules :  <PhysicsTools.MonoZ.MonoZWSProducer.MonoZWSProducer object at 0x2b5c7fa1fbd0>
modules :  <PhysicsTools.MonoZ.MonoZWSProducer.MonoZWSProducer object at 0x2b5c7fa1fc10>
modules :  <PhysicsTools.MonoZ.MonoZWSProducer.MonoZWSProducer object at 0x2b5c7fa1fc50>
modules :  <PhysicsTools.MonoZ.MonoZWSProducer.MonoZWSProducer object at 0x2b5c7fa1fc90>
modules :  <PhysicsTools.MonoZ.MonoZWSProducer.MonoZWSProducer object at 0x2b5c7fa1fcd0>
modules :  <PhysicsTools.MonoZ.MonoZWSProducer.MonoZWSProducer object at 0x2b5c7fa1fd10>
modules :  <PhysicsTools.MonoZ.MonoZWSProducer.MonoZWSProducer object at 0x2b5c7fa1fd50>
modules :  <PhysicsTools.MonoZ.MonoZWSProducer.MonoZWSProducer object at 0x2b5c7fa1fd90>
modules :  <PhysicsTools.MonoZ.MonoZWSProducer.MonoZWSProducer object at 0x2b5c7fa1fdd0>
modules :  <PhysicsTools.MonoZ.MonoZWSProducer.MonoZWSProducer object at 0x2b5c7fa1fe10>
modules :  <PhysicsTools.MonoZ.MonoZWSProducer.MonoZWSProducer object at 0x2b5c7fa1fe50>
modules :  <PhysicsTools.MonoZ.MonoZWSProducer.MonoZWSProducer object at 0x2b5c7fa1fed0>
modules :  <PhysicsTools.MonoZ.MonoZWSProducer.MonoZWSProducer object at 0x2b5c7fa1ff50>
modules :  <PhysicsTools.MonoZ.MonoZWSProducer.MonoZWSProducer object at 0x2b5c7fa1ffd0>
modules :  <PhysicsTools.MonoZ.MonoZWSProducer.MonoZWSProducer object at 0x2b5c7fa21090>
modules :  <PhysicsTools.MonoZ.MonoZWSProducer.MonoZWSProducer object at 0x2b5c7fa210d0>
modules :  <PhysicsTools.MonoZ.MonoZWSProducer.MonoZWSProducer object at 0x2b5c7fa21110>
modules :  <PhysicsTools.MonoZ.MonoZWSProducer.MonoZWSProducer object at 0x2b5c7fa21150>
modules :  <PhysicsTools.MonoZ.MonoZWSProducer.MonoZWSProducer object at 0x2b5c7fa21190>
modules :  <PhysicsTools.MonoZ.MonoZWSProducer.MonoZWSProducer object at 0x2b5c7fa211d0>
Selection :  
Will write selected trees to .
Pre-select 33556 entries out of 33556 (100.00%)
Processed    10000/   33556 entries, 29.80% (elapsed time   705.8s, curr speed    0.014 kHz, avg speed    0.014 kHz), accepted    10001/   10001 events (100.00%)
Processed    20000/   33556 entries, 59.60% (elapsed time  1385.1s, curr speed    0.015 kHz, avg speed    0.014 kHz), accepted    20001/   20001 events (100.00%)
Processed    30000/   33556 entries, 89.40% (elapsed time  2101.2s, curr speed    0.014 kHz, avg speed    0.014Adding file ./tree_0_Skim.root
Merging measMET_monoZ_catSignal-0jet
Merging MT_monoZ_catSignal-0jet
Merging measMET_monoZ_catEM
Merging MT_monoZ_catEM
Merging measMET_monoZ_catSignal-1jet
Merging MT_monoZ_catSignal-1jet
Merging measMET_monoZ_cat3L
Merging MT_monoZ_cat3L
Merging measMET_monoZ_cat4L
Merging MT_monoZ_cat4L
Merging measMET_monoZ_catNRB
Merging MT_monoZ_catNRB
Merging measMET_monoZ_catTOP
Merging MT_monoZ_catTOP
Merging measMET_monoZ_catDY
Merging MT_monoZ_catDY
Merging balance_monoZ
Merging phizmet_monoZ
Merging njet_monoZ
Merging measMET_monoZ_catSignal-0jet_sys_ElectronEnUp
Merging MT_monoZ_catSignal-0jet_sys_ElectronEnUp
Merging measMET_monoZ_catEM_sys_ElectronEnUp
Merging MT_monoZ_catEM_sys_ElectronEnUp
Merging measMET_monoZ_catSignal-1jet_sys_ElectronEnUp
Merging MT_monoZ_catSignal-1jet_sys_ElectronEnUp
Merging measMET_monoZ_cat3L_sys_ElectronEnUp
Merging MT_monoZ_cat3L_sys_ElectronEnUp
Merging measMET_monoZ_cat4L_sys_ElectronEnUp
Merging MT_monoZ_cat4L_sys_ElectronEnUp
Merging measMET_monoZ_catNRB_sys_ElectronEnUp
Merging MT_monoZ_catNRB_sys_ElectronEnUp
Merging measMET_monoZ_catTOP_sys_ElectronEnUp
Merging MT_monoZ_catTOP_sys_ElectronEnUp
Merging measMET_monoZ_catDY_sys_ElectronEnUp
Merging MT_monoZ_catDY_sys_ElectronEnUp
Merging balance_monoZ_sys_ElectronEnUp
Merging phizmet_monoZ_sys_ElectronEnUp
Merging njet_monoZ_sys_ElectronEnUp
Merging measMET_monoZ_catSignal-0jet_sys_ElectronEnDown
Merging MT_monoZ_catSignal-0jet_sys_ElectronEnDown
Merging measMET_monoZ_catEM_sys_ElectronEnDown
Merging MT_monoZ_catEM_sys_ElectronEnDown
Merging measMET_monoZ_catSignal-1jet_sys_ElectronEnDown
Merging MT_monoZ_catSignal-1jet_sys_ElectronEnDown
Merging measMET_monoZ_cat3L_sys_ElectronEnDown
Merging MT_monoZ_cat3L_sys_ElectronEnDown
Merging measMET_monoZ_cat4L_sys_ElectronEnDown
Merging MT_monoZ_cat4L_sys_ElectronEnDown
Merging measMET_monoZ_catNRB_sys_ElectronEnDown
Merging MT_monoZ_catNRB_sys_ElectronEnDown
Merging measMET_monoZ_catTOP_sys_ElectronEnDown
Merging MT_monoZ_catTOP_sys_ElectronEnDown
Merging measMET_monoZ_catDY_sys_ElectronEnDown
Merging MT_monoZ_catDY_sys_ElectronEnDown
Merging balance_monoZ_sys_ElectronEnDown
Merging phizmet_monoZ_sys_ElectronEnDown
Merging njet_monoZ_sys_ElectronEnDown
Merging measMET_monoZ_catSignal-0jet_sys_MuonEnUp
Merging MT_monoZ_catSignal-0jet_sys_MuonEnUp
Merging measMET_monoZ_catEM_sys_MuonEnUp
Merging MT_monoZ_catEM_sys_MuonEnUp
Merging measMET_monoZ_catSignal-1jet_sys_MuonEnUp
Merging MT_monoZ_catSignal-1jet_sys_MuonEnUp
Merging measMET_monoZ_cat3L_sys_MuonEnUp
Merging MT_monoZ_cat3L_sys_MuonEnUp
Merging measMET_monoZ_cat4L_sys_MuonEnUp
Merging MT_monoZ_cat4L_sys_MuonEnUp
Merging measMET_monoZ_catNRB_sys_MuonEnUp
Merging MT_monoZ_catNRB_sys_MuonEnUp
Merging measMET_monoZ_catTOP_sys_MuonEnUp
Merging MT_monoZ_catTOP_sys_MuonEnUp
Merging measMET_monoZ_catDY_sys_MuonEnUp
Merging MT_monoZ_catDY_sys_MuonEnUp
Merging balance_monoZ_sys_MuonEnUp
Merging phizmet_monoZ_sys_MuonEnUp
Merging njet_monoZ_sys_MuonEnUp
Merging measMET_monoZ_catSignal-0jet_sys_MuonEnDown
Merging MT_monoZ_catSignal-0jet_sys_MuonEnDown
Merging measMET_monoZ_catEM_sys_MuonEnDown
Merging MT_monoZ_catEM_sys_MuonEnDown
Merging measMET_monoZ_catSignal-1jet_sys_MuonEnDown
Merging MT_monoZ_catSignal-1jet_sys_MuonEnDown
Merging measMET_monoZ_cat3L_sys_MuonEnDown
Merging MT_monoZ_cat3L_sys_MuonEnDown
Merging measMET_monoZ_cat4L_sys_MuonEnDown
Merging MT_monoZ_cat4L_sys_MuonEnDown
Merging measMET_monoZ_catNRB_sys_MuonEnDown
Merging MT_monoZ_catNRB_sys_MuonEnDown
Merging measMET_monoZ_catTOP_sys_MuonEnDown
Merging MT_monoZ_catTOP_sys_MuonEnDown
Merging measMET_monoZ_catDY_sys_MuonEnDown
Merging MT_monoZ_catDY_sys_MuonEnDown
Merging balance_monoZ_sys_MuonEnDown
Merging phizmet_monoZ_sys_MuonEnDown
Merging njet_monoZ_sys_MuonEnDown
Merging measMET_monoZ_catSignal-0jet_sys_jesTotalUp
Merging MT_monoZ_catSignal-0jet_sys_jesTotalUp
Merging measMET_monoZ_catEM_sys_jesTotalUp
Merging MT_monoZ_catEM_sys_jesTotalUp
Merging measMET_monoZ_catSignal-1jet_sys_jesTotalUp
Merging MT_monoZ_catSignal-1jet_sys_jesTotalUp
Merging measMET_monoZ_cat3L_sys_jesTotalUp
Merging MT_monoZ_cat3L_sys_jesTotalUp
Merging measMET_monoZ_cat4L_sys_jesTotalUp
Merging MT_monoZ_cat4L_sys_jesTotalUp
Merging measMET_monoZ_catNRB_sys_jesTotalUp
Merging MT_monoZ_catNRB_sys_jesTotalUp
Merging measMET_monoZ_catTOP_sys_jesTotalUp
Merging MT_monoZ_catTOP_sys_jesTotalUp
Merging measMET_monoZ_catDY_sys_jesTotalUp
Merging MT_monoZ_catDY_sys_jesTotalUp
Merging balance_monoZ_sys_jesTotalUp
Merging phizmet_monoZ_sys_jesTotalUp
Merging njet_monoZ_sys_jesTotalUp
Merging measMET_monoZ_catSignal-0jet_sys_jesTotalDown
Merging MT_monoZ_catSignal-0jet_sys_jesTotalDown
Merging measMET_monoZ_catEM_sys_jesTotalDown
Merging MT_monoZ_catEM_sys_jesTotalDown
Merging measMET_monoZ_catSignal-1jet_sys_jesTotalDown
Merging MT_monoZ_catSignal-1jet_sys_jesTotalDown
Merging measMET_monoZ_cat3L_sys_jesTotalDown
Merging MT_monoZ_cat3L_sys_jesTotalDown
Merging measMET_monoZ_cat4L_sys_jesTotalDown
Merging MT_monoZ_cat4L_sys_jesTotalDown
Merging measMET_monoZ_catNRB_sys_jesTotalDown
Merging MT_monoZ_catNRB_sys_jesTotalDown
Merging measMET_monoZ_catTOP_sys_jesTotalDown
Merging MT_monoZ_catTOP_sys_jesTotalDown
Merging measMET_monoZ_catDY_sys_jesTotalDown
Merging MT_monoZ_catDY_sys_jesTotalDown
Merging balance_monoZ_sys_jesTotalDown
Merging phizmet_monoZ_sys_jesTotalDown
Merging njet_monoZ_sys_jesTotalDown
Merging measMET_monoZ_catSignal-0jet_sys_jerUp
Merging MT_monoZ_catSignal-0jet_sys_jerUp
Merging measMET_monoZ_catEM_sys_jerUp
Merging MT_monoZ_catEM_sys_jerUp
Merging measMET_monoZ_catSignal-1jet_sys_jerUp
Merging MT_monoZ_catSignal-1jet_sys_jerUp
Merging measMET_monoZ_cat3L_sys_jerUp
Merging MT_monoZ_cat3L_sys_jerUp
Merging measMET_monoZ_cat4L_sys_jerUp
Merging MT_monoZ_cat4L_sys_jerUp
Merging measMET_monoZ_catNRB_sys_jerUp
Merging MT_monoZ_catNRB_sys_jerUp
Merging measMET_monoZ_catTOP_sys_jerUp
Merging MT_monoZ_catTOP_sys_jerUp
Merging measMET_monoZ_catDY_sys_jerUp
Merging MT_monoZ_catDY_sys_jerUp
Merging balance_monoZ_sys_jerUp
Merging phizmet_monoZ_sys_jerUp
Merging njet_monoZ_sys_jerUp
Merging measMET_monoZ_catSignal-0jet_sys_jerDown
Merging MT_monoZ_catSignal-0jet_sys_jerDown
Merging measMET_monoZ_catEM_sys_jerDown
Merging MT_monoZ_catEM_sys_jerDown
Merging measMET_monoZ_catSignal-1jet_sys_jerDown
Merging MT_monoZ_catSignal-1jet_sys_jerDown
Merging measMET_monoZ_cat3L_sys_jerDown
Merging MT_monoZ_cat3L_sys_jerDown
Merging measMET_monoZ_cat4L_sys_jerDown
Merging MT_monoZ_cat4L_sys_jerDown
Merging measMET_monoZ_catNRB_sys_jerDown
Merging MT_monoZ_catNRB_sys_jerDown
Merging measMET_monoZ_catTOP_sys_jerDown
Merging MT_monoZ_catTOP_sys_jerDown
Merging measMET_monoZ_catDY_sys_jerDown
Merging MT_monoZ_catDY_sys_jerDown
Merging balance_monoZ_sys_jerDown
Merging phizmet_monoZ_sys_jerDown
Merging njet_monoZ_sys_jerDown
Merging measMET_monoZ_catSignal-0jet_sys_puWeightUp
Merging MT_monoZ_catSignal-0jet_sys_puWeightUp
Merging measMET_monoZ_catEM_sys_puWeightUp
Merging MT_monoZ_catEM_sys_puWeightUp
Merging measMET_monoZ_catSignal-1jet_sys_puWeightUp
Merging MT_monoZ_catSignal-1jet_sys_puWeightUp
Merging measMET_monoZ_cat3L_sys_puWeightUp
Merging MT_monoZ_cat3L_sys_puWeightUp
Merging measMET_monoZ_cat4L_sys_puWeightUp
Merging MT_monoZ_cat4L_sys_puWeightUp
Merging measMET_monoZ_catNRB_sys_puWeightUp
Merging MT_monoZ_catNRB_sys_puWeightUp
Merging measMET_monoZ_catTOP_sys_puWeightUp
Merging MT_monoZ_catTOP_sys_puWeightUp
Merging measMET_monoZ_catDY_sys_puWeightUp
Merging MT_monoZ_catDY_sys_puWeightUp
Merging balance_monoZ_sys_puWeightUp
Merging phizmet_monoZ_sys_puWeightUp
Merging njet_monoZ_sys_puWeightUp
Merging measMET_monoZ_catSignal-0jet_sys_puWeightDown
Merging MT_monoZ_catSignal-0jet_sys_puWeightDown
Merging measMET_monoZ_catEM_sys_puWeightDown
Merging MT_monoZ_catEM_sys_puWeightDown
Merging measMET_monoZ_catSignal-1jet_sys_puWeightDown
Merging MT_monoZ_catSignal-1jet_sys_puWeightDown
Merging measMET_monoZ_cat3L_sys_puWeightDown
Merging MT_monoZ_cat3L_sys_puWeightDown
Merging measMET_monoZ_cat4L_sys_puWeightDown
Merging MT_monoZ_cat4L_sys_puWeightDown
Merging measMET_monoZ_catNRB_sys_puWeightDown
Merging MT_monoZ_catNRB_sys_puWeightDown
Merging measMET_monoZ_catTOP_sys_puWeightDown
Merging MT_monoZ_catTOP_sys_puWeightDown
Merging measMET_monoZ_catDY_sys_puWeightDown
Merging MT_monoZ_catDY_sys_puWeightDown
Merging balance_monoZ_sys_puWeightDown
Merging phizmet_monoZ_sys_puWeightDown
Merging njet_monoZ_sys_puWeightDown
Merging measMET_monoZ_catSignal-0jet_sys_PDFUp
Merging MT_monoZ_catSignal-0jet_sys_PDFUp
Merging measMET_monoZ_catEM_sys_PDFUp
Merging MT_monoZ_catEM_sys_PDFUp
Merging measMET_monoZ_catSignal-1jet_sys_PDFUp
Merging MT_monoZ_catSignal-1jet_sys_PDFUp
Merging measMET_monoZ_cat3L_sys_PDFUp
Merging MT_monoZ_cat3L_sys_PDFUp
Merging measMET_monoZ_cat4L_sys_PDFUp
Merging MT_monoZ_cat4L_sys_PDFUp
Merging measMET_monoZ_catNRB_sys_PDFUp
Merging MT_monoZ_catNRB_sys_PDFUp
Merging measMET_monoZ_catTOP_sys_PDFUp
Merging MT_monoZ_catTOP_sys_PDFUp
Merging measMET_monoZ_catDY_sys_PDFUp
Merging MT_monoZ_catDY_sys_PDFUp
Merging balance_monoZ_sys_PDFUp
Merging phizmet_monoZ_sys_PDFUp
Merging njet_monoZ_sys_PDFUp
Merging measMET_monoZ_catSignal-0jet_sys_PDFDown
Merging MT_monoZ_catSignal-0jet_sys_PDFDown
Merging measMET_monoZ_catEM_sys_PDFDown
Merging MT_monoZ_catEM_sys_PDFDown
Merging measMET_monoZ_catSignal-1jet_sys_PDFDown
Merging MT_monoZ_catSignal-1jet_sys_PDFDown
Merging measMET_monoZ_cat3L_sys_PDFDown
Merging MT_monoZ_cat3L_sys_PDFDown
Merging measMET_monoZ_cat4L_sys_PDFDown
Merging MT_monoZ_cat4L_sys_PDFDown
Merging measMET_monoZ_catNRB_sys_PDFDown
Merging MT_monoZ_catNRB_sys_PDFDown
Merging measMET_monoZ_catTOP_sys_PDFDown
Merging MT_monoZ_catTOP_sys_PDFDown
Merging measMET_monoZ_catDY_sys_PDFDown
Merging MT_monoZ_catDY_sys_PDFDown
Merging balance_monoZ_sys_PDFDown
Merging phizmet_monoZ_sys_PDFDown
Merging njet_monoZ_sys_PDFDown
Merging measMET_monoZ_catSignal-0jet_sys_MuonSFUp
Merging MT_monoZ_catSignal-0jet_sys_MuonSFUp
Merging measMET_monoZ_catEM_sys_MuonSFUp
Merging MT_monoZ_catEM_sys_MuonSFUp
Merging measMET_monoZ_catSignal-1jet_sys_MuonSFUp
Merging MT_monoZ_catSignal-1jet_sys_MuonSFUp
Merging measMET_monoZ_cat3L_sys_MuonSFUp
Merging MT_monoZ_cat3L_sys_MuonSFUp
Merging measMET_monoZ_cat4L_sys_MuonSFUp
Merging MT_monoZ_cat4L_sys_MuonSFUp
Merging measMET_monoZ_catNRB_sys_MuonSFUp
Merging MT_monoZ_catNRB_sys_MuonSFUp
Merging measMET_monoZ_catTOP_sys_MuonSFUp
Merging MT_monoZ_catTOP_sys_MuonSFUp
Merging measMET_monoZ_catDY_sys_MuonSFUp
Merging MT_monoZ_catDY_sys_MuonSFUp
Merging balance_monoZ_sys_MuonSFUp
Merging phizmet_monoZ_sys_MuonSFUp
Merging njet_monoZ_sys_MuonSFUp
Merging measMET_monoZ_catSignal-0jet_sys_MuonSFDown
Merging MT_monoZ_catSignal-0jet_sys_MuonSFDown
Merging measMET_monoZ_catEM_sys_MuonSFDown
Merging MT_monoZ_catEM_sys_MuonSFDown
Merging measMET_monoZ_catSignal-1jet_sys_MuonSFDown
Merging MT_monoZ_catSignal-1jet_sys_MuonSFDown
Merging measMET_monoZ_cat3L_sys_MuonSFDown
Merging MT_monoZ_cat3L_sys_MuonSFDown
Merging measMET_monoZ_cat4L_sys_MuonSFDown
Merging MT_monoZ_cat4L_sys_MuonSFDown
Merging measMET_monoZ_catNRB_sys_MuonSFDown
Merging MT_monoZ_catNRB_sys_MuonSFDown
Merging measMET_monoZ_catTOP_sys_MuonSFDown
Merging MT_monoZ_catTOP_sys_MuonSFDown
Merging measMET_monoZ_catDY_sys_MuonSFDown
Merging MT_monoZ_catDY_sys_MuonSFDown
Merging balance_monoZ_sys_MuonSFDown
Merging phizmet_monoZ_sys_MuonSFDown
Merging njet_monoZ_sys_MuonSFDown
Merging measMET_monoZ_catSignal-0jet_sys_ElecronSFUp
Merging MT_monoZ_catSignal-0jet_sys_ElecronSFUp
Merging measMET_monoZ_catEM_sys_ElecronSFUp
Merging MT_monoZ_catEM_sys_ElecronSFUp
Merging measMET_monoZ_catSignal-1jet_sys_ElecronSFUp
Merging MT_monoZ_catSignal-1jet_sys_ElecronSFUp
Merging measMET_monoZ_cat3L_sys_ElecronSFUp
Merging MT_monoZ_cat3L_sys_ElecronSFUp
Merging measMET_monoZ_cat4L_sys_ElecronSFUp
Merging MT_monoZ_cat4L_sys_ElecronSFUp
Merging measMET_monoZ_catNRB_sys_ElecronSFUp
Merging MT_monoZ_catNRB_sys_ElecronSFUp
Merging measMET_monoZ_catTOP_sys_ElecronSFUp
Merging MT_monoZ_catTOP_sys_ElecronSFUp
Merging measMET_monoZ_catDY_sys_ElecronSFUp
Merging MT_monoZ_catDY_sys_ElecronSFUp
Merging balance_monoZ_sys_ElecronSFUp
Merging phizmet_monoZ_sys_ElecronSFUp
Merging njet_monoZ_sys_ElecronSFUp
Merging measMET_monoZ_catSignal-0jet_sys_ElecronSFDown
Merging MT_monoZ_catSignal-0jet_sys_ElecronSFDown
Merging measMET_monoZ_catEM_sys_ElecronSFDown
Merging MT_monoZ_catEM_sys_ElecronSFDown
Merging measMET_monoZ_catSignal-1jet_sys_ElecronSFDown
Merging MT_monoZ_catSignal-1jet_sys_ElecronSFDown
Merging measMET_monoZ_cat3L_sys_ElecronSFDown
Merging MT_monoZ_cat3L_sys_ElecronSFDown
Merging measMET_monoZ_cat4L_sys_ElecronSFDown
Merging MT_monoZ_cat4L_sys_ElecronSFDown
Merging measMET_monoZ_catNRB_sys_ElecronSFDown
Merging MT_monoZ_catNRB_sys_ElecronSFDown
Merging measMET_monoZ_catTOP_sys_ElecronSFDown
Merging MT_monoZ_catTOP_sys_ElecronSFDown
Merging measMET_monoZ_catDY_sys_ElecronSFDown
Merging MT_monoZ_catDY_sys_ElecronSFDown
Merging balance_monoZ_sys_ElecronSFDown
Merging phizmet_monoZ_sys_ElecronSFDown
Merging njet_monoZ_sys_ElecronSFDown
Merging measMET_monoZ_catSignal-0jet_sys_EWKUp
Merging MT_monoZ_catSignal-0jet_sys_EWKUp
Merging measMET_monoZ_catEM_sys_EWKUp
Merging MT_monoZ_catEM_sys_EWKUp
Merging measMET_monoZ_catSignal-1jet_sys_EWKUp
Merging MT_monoZ_catSignal-1jet_sys_EWKUp
Merging measMET_monoZ_cat3L_sys_EWKUp
Merging MT_monoZ_cat3L_sys_EWKUp
Merging measMET_monoZ_cat4L_sys_EWKUp
Merging MT_monoZ_cat4L_sys_EWKUp
Merging measMET_monoZ_catNRB_sys_EWKUp
Merging MT_monoZ_catNRB_sys_EWKUp
Merging measMET_monoZ_catTOP_sys_EWKUp
Merging MT_monoZ_catTOP_sys_EWKUp
Merging measMET_monoZ_catDY_sys_EWKUp
Merging MT_monoZ_catDY_sys_EWKUp
Merging balance_monoZ_sys_EWKUp
Merging phizmet_monoZ_sys_EWKUp
Merging njet_monoZ_sys_EWKUp
Merging measMET_monoZ_catSignal-0jet_sys_EWKDown
Merging MT_monoZ_catSignal-0jet_sys_EWKDown
Merging measMET_monoZ_catEM_sys_EWKDown
Merging MT_monoZ_catEM_sys_EWKDown
Merging measMET_monoZ_catSignal-1jet_sys_EWKDown
Merging MT_monoZ_catSignal-1jet_sys_EWKDown
Merging measMET_monoZ_cat3L_sys_EWKDown
Merging MT_monoZ_cat3L_sys_EWKDown
Merging measMET_monoZ_cat4L_sys_EWKDown
Merging MT_monoZ_cat4L_sys_EWKDown
Merging measMET_monoZ_catNRB_sys_EWKDown
Merging MT_monoZ_catNRB_sys_EWKDown
Merging measMET_monoZ_catTOP_sys_EWKDown
Merging MT_monoZ_catTOP_sys_EWKDown
Merging measMET_monoZ_catDY_sys_EWKDown
Merging MT_monoZ_catDY_sys_EWKDown
Merging balance_monoZ_sys_EWKDown
Merging phizmet_monoZ_sys_EWKDown
Merging njet_monoZ_sys_EWKDown
Merging measMET_monoZ_catSignal-0jet_sys_nvtxWeightUp
Merging MT_monoZ_catSignal-0jet_sys_nvtxWeightUp
Merging measMET_monoZ_catEM_sys_nvtxWeightUp
Merging MT_monoZ_catEM_sys_nvtxWeightUp
Merging measMET_monoZ_catSignal-1jet_sys_nvtxWeightUp
Merging MT_monoZ_catSignal-1jet_sys_nvtxWeightUp
Merging measMET_monoZ_cat3L_sys_nvtxWeightUp
Merging MT_monoZ_cat3L_sys_nvtxWeightUp
Merging measMET_monoZ_cat4L_sys_nvtxWeightUp
Merging MT_monoZ_cat4L_sys_nvtxWeightUp
Merging measMET_monoZ_catNRB_sys_nvtxWeightUp
Merging MT_monoZ_catNRB_sys_nvtxWeightUp
Merging measMET_monoZ_catTOP_sys_nvtxWeightUp
Merging MT_monoZ_catTOP_sys_nvtxWeightUp
Merging measMET_monoZ_catDY_sys_nvtxWeightUp
Merging MT_monoZ_catDY_sys_nvtxWeightUp
Merging balance_monoZ_sys_nvtxWeightUp
Merging phizmet_monoZ_sys_nvtxWeightUp
Merging njet_monoZ_sys_nvtxWeightUp
Merging measMET_monoZ_catSignal-0jet_sys_nvtxWeightDown
Merging MT_monoZ_catSignal-0jet_sys_nvtxWeightDown
Merging measMET_monoZ_catEM_sys_nvtxWeightDown
Merging MT_monoZ_catEM_sys_nvtxWeightDown
Merging measMET_monoZ_catSignal-1jet_sys_nvtxWeightDown
Merging MT_monoZ_catSignal-1jet_sys_nvtxWeightDown
Merging measMET_monoZ_cat3L_sys_nvtxWeightDown
Merging MT_monoZ_cat3L_sys_nvtxWeightDown
Merging measMET_monoZ_cat4L_sys_nvtxWeightDown
Merging MT_monoZ_cat4L_sys_nvtxWeightDown
Merging measMET_monoZ_catNRB_sys_nvtxWeightDown
Merging MT_monoZ_catNRB_sys_nvtxWeightDown
Merging measMET_monoZ_catTOP_sys_nvtxWeightDown
Merging MT_monoZ_catTOP_sys_nvtxWeightDown
Merging measMET_monoZ_catDY_sys_nvtxWeightDown
Merging MT_monoZ_catDY_sys_nvtxWeightDown
Merging balance_monoZ_sys_nvtxWeightDown
Merging phizmet_monoZ_sys_nvtxWeightDown
Merging njet_monoZ_sys_nvtxWeightDown
Merging measMET_monoZ_catSignal-0jet_sys_TriggerSFWeightUp
Merging MT_monoZ_catSignal-0jet_sys_TriggerSFWeightUp
Merging measMET_monoZ_catEM_sys_TriggerSFWeightUp
Merging MT_monoZ_catEM_sys_TriggerSFWeightUp
Merging measMET_monoZ_catSignal-1jet_sys_TriggerSFWeightUp
Merging MT_monoZ_catSignal-1jet_sys_TriggerSFWeightUp
Merging measMET_monoZ_cat3L_sys_TriggerSFWeightUp
Merging MT_monoZ_cat3L_sys_TriggerSFWeightUp
Merging measMET_monoZ_cat4L_sys_TriggerSFWeightUp
Merging MT_monoZ_cat4L_sys_TriggerSFWeightUp
Merging measMET_monoZ_catNRB_sys_TriggerSFWeightUp
Merging MT_monoZ_catNRB_sys_TriggerSFWeightUp
Merging measMET_monoZ_catTOP_sys_TriggerSFWeightUp
Merging MT_monoZ_catTOP_sys_TriggerSFWeightUp
Merging measMET_monoZ_catDY_sys_TriggerSFWeightUp
Merging MT_monoZ_catDY_sys_TriggerSFWeightUp
Merging balance_monoZ_sys_TriggerSFWeightUp
Merging phizmet_monoZ_sys_TriggerSFWeightUp
Merging njet_monoZ_sys_TriggerSFWeightUp
Merging measMET_monoZ_catSignal-0jet_sys_TriggerSFWeightDown
Merging MT_monoZ_catSignal-0jet_sys_TriggerSFWeightDown
Merging measMET_monoZ_catEM_sys_TriggerSFWeightDown
Merging MT_monoZ_catEM_sys_TriggerSFWeightDown
Merging measMET_monoZ_catSignal-1jet_sys_TriggerSFWeightDown
Merging MT_monoZ_catSignal-1jet_sys_TriggerSFWeightDown
Merging measMET_monoZ_cat3L_sys_TriggerSFWeightDown
Merging MT_monoZ_cat3L_sys_TriggerSFWeightDown
Merging measMET_monoZ_cat4L_sys_TriggerSFWeightDown
Merging MT_monoZ_cat4L_sys_TriggerSFWeightDown
Merging measMET_monoZ_catNRB_sys_TriggerSFWeightDown
Merging MT_monoZ_catNRB_sys_TriggerSFWeightDown
Merging measMET_monoZ_catTOP_sys_TriggerSFWeightDown
Merging MT_monoZ_catTOP_sys_TriggerSFWeightDown
Merging measMET_monoZ_catDY_sys_TriggerSFWeightDown
Merging MT_monoZ_catDY_sys_TriggerSFWeightDown
Merging balance_monoZ_sys_TriggerSFWeightDown
Merging phizmet_monoZ_sys_TriggerSFWeightDown
Merging njet_monoZ_sys_TriggerSFWeightDown
Merging measMET_monoZ_catSignal-0jet_sys_btagEventWeightUp
Merging MT_monoZ_catSignal-0jet_sys_btagEventWeightUp
Merging measMET_monoZ_catEM_sys_btagEventWeightUp
Merging MT_monoZ_catEM_sys_btagEventWeightUp
Merging measMET_monoZ_catSignal-1jet_sys_btagEventWeightUp
Merging MT_monoZ_catSignal-1jet_sys_btagEventWeightUp
Merging measMET_monoZ_cat3L_sys_btagEventWeightUp
Merging MT_monoZ_cat3L_sys_btagEventWeightUp
Merging measMET_monoZ_cat4L_sys_btagEventWeightUp
Merging MT_monoZ_cat4L_sys_btagEventWeightUp
Merging measMET_monoZ_catNRB_sys_btagEventWeightUp
Merging MT_monoZ_catNRB_sys_btagEventWeightUp
Merging measMET_monoZ_catTOP_sys_btagEventWeightUp
Merging MT_monoZ_catTOP_sys_btagEventWeightUp
Merging measMET_monoZ_catDY_sys_btagEventWeightUp
Merging MT_monoZ_catDY_sys_btagEventWeightUp
Merging balance_monoZ_sys_btagEventWeightUp
Merging phizmet_monoZ_sys_btagEventWeightUp
Merging njet_monoZ_sys_btagEventWeightUp
Merging measMET_monoZ_catSignal-0jet_sys_btagEventWeightDown
Merging MT_monoZ_catSignal-0jet_sys_btagEventWeightDown
Merging measMET_monoZ_catEM_sys_btagEventWeightDown
Merging MT_monoZ_catEM_sys_btagEventWeightDown
Merging measMET_monoZ_catSignal-1jet_sys_btagEventWeightDown
Merging MT_monoZ_catSignal-1jet_sys_btagEventWeightDown
Merging measMET_monoZ_cat3L_sys_btagEventWeightDown
Merging MT_monoZ_cat3L_sys_btagEventWeightDown
Merging measMET_monoZ_cat4L_sys_btagEventWeightDown
Merging MT_monoZ_cat4L_sys_btagEventWeightDown
Merging measMET_monoZ_catNRB_sys_btagEventWeightDown
Merging MT_monoZ_catNRB_sys_btagEventWeightDown
Merging measMET_monoZ_catTOP_sys_btagEventWeightDown
Merging MT_monoZ_catTOP_sys_btagEventWeightDown
Merging measMET_monoZ_catDY_sys_btagEventWeightDown
Merging MT_monoZ_catDY_sys_btagEventWeightDown
Merging balance_monoZ_sys_btagEventWeightDown
Merging phizmet_monoZ_sys_btagEventWeightDown
Merging njet_monoZ_sys_btagEventWeightDown
Merging measMET_monoZ_catSignal-0jet_sys_QCDScale0wUp
Merging MT_monoZ_catSignal-0jet_sys_QCDScale0wUp
Merging measMET_monoZ_catEM_sys_QCDScale0wUp
Merging MT_monoZ_catEM_sys_QCDScale0wUp
Merging measMET_monoZ_catSignal-1jet_sys_QCDScale0wUp
Merging MT_monoZ_catSignal-1jet_sys_QCDScale0wUp
Merging measMET_monoZ_cat3L_sys_QCDScale0wUp
Merging MT_monoZ_cat3L_sys_QCDScale0wUp
Merging measMET_monoZ_cat4L_sys_QCDScale0wUp
Merging MT_monoZ_cat4L_sys_QCDScale0wUp
Merging measMET_monoZ_catNRB_sys_QCDScale0wUp
Merging MT_monoZ_catNRB_sys_QCDScale0wUp
Merging measMET_monoZ_catTOP_sys_QCDScale0wUp
Merging MT_monoZ_catTOP_sys_QCDScale0wUp
Merging measMET_monoZ_catDY_sys_QCDScale0wUp
Merging MT_monoZ_catDY_sys_QCDScale0wUp
Merging balance_monoZ_sys_QCDScale0wUp
Merging phizmet_monoZ_sys_QCDScale0wUp
Merging njet_monoZ_sys_QCDScale0wUp
Merging measMET_monoZ_catSignal-0jet_sys_QCDScale0wDown
Merging MT_monoZ_catSignal-0jet_sys_QCDScale0wDown
Merging measMET_monoZ_catEM_sys_QCDScale0wDown
Merging MT_monoZ_catEM_sys_QCDScale0wDown
Merging measMET_monoZ_catSignal-1jet_sys_QCDScale0wDown
Merging MT_monoZ_catSignal-1jet_sys_QCDScale0wDown
Merging measMET_monoZ_cat3L_sys_QCDScale0wDown
Merging MT_monoZ_cat3L_sys_QCDScale0wDown
Merging measMET_monoZ_cat4L_sys_QCDScale0wDown
Merging MT_monoZ_cat4L_sys_QCDScale0wDown
Merging measMET_monoZ_catNRB_sys_QCDScale0wDown
Merging MT_monoZ_catNRB_sys_QCDScale0wDown
Merging measMET_monoZ_catTOP_sys_QCDScale0wDown
Merging MT_monoZ_catTOP_sys_QCDScale0wDown
Merging measMET_monoZ_catDY_sys_QCDScale0wDown
Merging MT_monoZ_catDY_sys_QCDScale0wDown
Merging balance_monoZ_sys_QCDScale0wDown
Merging phizmet_monoZ_sys_QCDScale0wDown
Merging njet_monoZ_sys_QCDScale0wDown
Merging measMET_monoZ_catSignal-0jet_sys_QCDScale1wUp
Merging MT_monoZ_catSignal-0jet_sys_QCDScale1wUp
Merging measMET_monoZ_catEM_sys_QCDScale1wUp
Merging MT_monoZ_catEM_sys_QCDScale1wUp
Merging measMET_monoZ_catSignal-1jet_sys_QCDScale1wUp
Merging MT_monoZ_catSignal-1jet_sys_QCDScale1wUp
Merging measMET_monoZ_cat3L_sys_QCDScale1wUp
Merging MT_monoZ_cat3L_sys_QCDScale1wUp
Merging measMET_monoZ_cat4L_sys_QCDScale1wUp
Merging MT_monoZ_cat4L_sys_QCDScale1wUp
Merging measMET_monoZ_catNRB_sys_QCDScale1wUp
Merging MT_monoZ_catNRB_sys_QCDScale1wUp
Merging measMET_monoZ_catTOP_sys_QCDScale1wUp
Merging MT_monoZ_catTOP_sys_QCDScale1wUp
Merging measMET_monoZ_catDY_sys_QCDScale1wUp
Merging MT_monoZ_catDY_sys_QCDScale1wUp
Merging balance_monoZ_sys_QCDScale1wUp
Merging phizmet_monoZ_sys_QCDScale1wUp
Merging njet_monoZ_sys_QCDScale1wUp
Merging measMET_monoZ_catSignal-0jet_sys_QCDScale1wDown
Merging MT_monoZ_catSignal-0jet_sys_QCDScale1wDown
Merging measMET_monoZ_catEM_sys_QCDScale1wDown
Merging MT_monoZ_catEM_sys_QCDScale1wDown
Merging measMET_monoZ_catSignal-1jet_sys_QCDScale1wDown
Merging MT_monoZ_catSignal-1jet_sys_QCDScale1wDown
Merging measMET_monoZ_cat3L_sys_QCDScale1wDown
Merging MT_monoZ_cat3L_sys_QCDScale1wDown
Merging measMET_monoZ_cat4L_sys_QCDScale1wDown
Merging MT_monoZ_cat4L_sys_QCDScale1wDown
Merging measMET_monoZ_catNRB_sys_QCDScale1wDown
Merging MT_monoZ_catNRB_sys_QCDScale1wDown
Merging measMET_monoZ_catTOP_sys_QCDScale1wDown
Merging MT_monoZ_catTOP_sys_QCDScale1wDown
Merging measMET_monoZ_catDY_sys_QCDScale1wDown
Merging MT_monoZ_catDY_sys_QCDScale1wDown
Merging balance_monoZ_sys_QCDScale1wDown
Merging phizmet_monoZ_sys_QCDScale1wDown
Merging njet_monoZ_sys_QCDScale1wDown
Merging measMET_monoZ_catSignal-0jet_sys_QCDScale2wUp
Merging MT_monoZ_catSignal-0jet_sys_QCDScale2wUp
Merging measMET_monoZ_catEM_sys_QCDScale2wUp
Merging MT_monoZ_catEM_sys_QCDScale2wUp
Merging measMET_monoZ_catSignal-1jet_sys_QCDScale2wUp
Merging MT_monoZ_catSignal-1jet_sys_QCDScale2wUp
Merging measMET_monoZ_cat3L_sys_QCDScale2wUp
Merging MT_monoZ_cat3L_sys_QCDScale2wUp
Merging measMET_monoZ_cat4L_sys_QCDScale2wUp
Merging MT_monoZ_cat4L_sys_QCDScale2wUp
Merging measMET_monoZ_catNRB_sys_QCDScale2wUp
Merging MT_monoZ_catNRB_sys_QCDScale2wUp
Merging measMET_monoZ_catTOP_sys_QCDScale2wUp
Merging MT_monoZ_catTOP_sys_QCDScale2wUp
Merging measMET_monoZ_catDY_sys_QCDScale2wUp
Merging MT_monoZ_catDY_sys_QCDScale2wUp
Merging balance_monoZ_sys_QCDScale2wUp
Merging phizmet_monoZ_sys_QCDScale2wUp
Merging njet_monoZ_sys_QCDScale2wUp
Merging measMET_monoZ_catSignal-0jet_sys_QCDScale2wDown
Merging MT_monoZ_catSignal-0jet_sys_QCDScale2wDown
Merging measMET_monoZ_catEM_sys_QCDScale2wDown
Merging MT_monoZ_catEM_sys_QCDScale2wDown
Merging measMET_monoZ_catSignal-1jet_sys_QCDScale2wDown
Merging MT_monoZ_catSignal-1jet_sys_QCDScale2wDown
Merging measMET_monoZ_cat3L_sys_QCDScale2wDown
Merging MT_monoZ_cat3L_sys_QCDScale2wDown
Merging measMET_monoZ_cat4L_sys_QCDScale2wDown
Merging MT_monoZ_cat4L_sys_QCDScale2wDown
Merging measMET_monoZ_catNRB_sys_QCDScale2wDown
Merging MT_monoZ_catNRB_sys_QCDScale2wDown
Merging measMET_monoZ_catTOP_sys_QCDScale2wDown
Merging MT_monoZ_catTOP_sys_QCDScale2wDown
Merging measMET_monoZ_catDY_sys_QCDScale2wDown
Merging MT_monoZ_catDY_sys_QCDScale2wDown
Merging balance_monoZ_sys_QCDScale2wDown
Merging phizmet_monoZ_sys_QCDScale2wDown
Merging njet_monoZ_sys_QCDScale2wDown
Merging Events
Merging Runs
Merging ParameterSets
Merging LuminosityBlocks
Merging MetaData
Merging measMET_Pseudoscalar2HDM_MonoZLL_mScan_mH-800_ma-500_catNRB_sys_PDFDown
Merging MT_Pseudoscalar2HDM_MonoZLL_mScan_mH-800_ma-500_catTOP_sys_ElectronEnUp
Merging measMET_Pseudoscalar2HDM_MonoZLL_mScan_mH-800_ma-500_cat3L_sys_ElectronEnUp
Merging measMET_Pseudoscalar2HDM_MonoZLL_mScan_mH-800_ma-500_catEM_sys_ElectronEnUp
Merging MT_Pseudoscalar2HDM_MonoZLL_mScan_mH-800_ma-500_catTOP_sys_MuonSFUp
Merging measMET_Pseudoscalar2HDM_MonoZLL_mScan_mH-800_ma-500_catNRB_sys_QCDScale0wDown
Merging phizmet_Pseudoscalar2HDM_MonoZLL_mScan_mH-800_ma-500_sys_PrefireWeightDown
Merging MT_Pseudoscalar2HDM_MonoZLL_mScan_mH-800_ma-500_catTOP_sys_EWKDown
Merging measMET_Pseudoscalar2HDM_MonoZLL_mScan_mH-800_ma-500_catEM_sys_QCDScale0wUp
Merging MT_Pseudoscalar2HDM_MonoZLL_mScan_mH-800_ma-500_cat3L_sys_PrefireWeightDown
Merging MT_Pseudoscalar2HDM_MonoZLL_mScan_mH-800_ma-500_catSignal-0jet_sys_jesTotalUp
Merging MT_Pseudoscalar2HDM_MonoZLL_mScan_mH-800_ma-500_catTOP_sys_TriggerSFWeightUp
Merging MT_Pseudoscalar2HDM_MonoZLL_mScan_mH-800_ma-500_catTOP_sys_PrefireWeightUp
Merging MT_Pseudoscalar2HDM_MonoZLL_mScan_mH-800_ma-500_cat4L_sys_ElecronSFDown
Merging MT_Pseudoscalar2HDM_MonoZLL_mScan_mH-800_ma-500_catSignal-1jet_sys_EWKDown
Merging measMET_Pseudoscalar2HDM_MonoZLL_mScan_mH-800_ma-500_cat3L_sys_jesTotalDown
Merging MT_Pseudoscalar2HDM_MonoZLL_mScan_mH-800_ma-500_cat3L_sys_QCDScale2wUp
Merging phizmet_Pseudoscalar2HDM_MonoZLL_mScan_mH-800_ma-500
Merging MT_Pseudoscalar2HDM_MonoZLL_mScan_mH-800_ma-500_catSignal-0jet_sys_ElecronSFUp
Merging MT_Pseudoscalar2HDM_MonoZLL_mScan_mH-800_ma-500_cat4L_sys_PDFUp
Merging measMET_Pseudoscalar2HDM_MonoZLL_mScan_mH-800_ma-500_catTOP_sys_btagEventWeightUp
Merging measMET_Pseudoscalar2HDM_MonoZLL_mScan_mH-800_ma-500_cat3L_sys_MuonSFUp
Merging MT_Pseudoscalar2HDM_MonoZLL_mScan_mH-800_ma-500_catTOP_sys_ElectronEnDown
Merging njet_Pseudoscalar2HDM_MonoZLL_mScan_mH-800_ma-500_sys_jesTotalDown
Merging measMET_Pseudoscalar2HDM_MonoZLL_mScan_mH-800_ma-500_catSignal-0jet_sys_PDFUp
Merging balance_Pseudoscalar2HDM_MonoZLL_mScan_mH-800_ma-500_sys_QCDScale1wUp
Merging measMET_Pseudoscalar2HDM_MonoZLL_mScan_mH-800_ma-500_catNRB_sys_ElecronSFUp
Merging MT_Pseudoscalar2HDM_MonoZLL_mScan_mH-800_ma-500_catSignal-1jet_sys_jerUp
Merging MT_Pseudoscalar2HDM_MonoZLL_mScan_mH-800_ma-500_catTOP_sys_PDFUp
Merging MT_Pseudoscalar2HDM_MonoZLL_mScan_mH-800_ma-500_cat4L_sys_puWeightDown
Merging measMET_Pseudoscalar2HDM_MonoZLL_mScan_mH-800_ma-500_catSignal-1jet_sys_QCDScale0wUp
Merging measMET_Pseudoscalar2HDM_MonoZLL_mScan_mH-800_ma-500_catNRB_sys_TriggerSFWeightUp
Merging measMET_Pseudoscalar2HDM_MonoZLL_mScan_mH-800_ma-500_catSignal-0jet_sys_QCDScale1wUp
Merging MT_Pseudoscalar2HDM_MonoZLL_mScan_mH-800_ma-500_catDY_sys_jerDown
Merging MT_Pseudoscalar2HDM_MonoZLL_mScan_mH-800_ma-500_catTOP_sys_btagEventWeightDown
Merging MT_Pseudoscalar2HDM_MonoZLL_mScan_mH-800_ma-500_cat3L_sys_jerDown
Merging measMET_Pseudoscalar2HDM_MonoZLL_mScan_mH-800_ma-500_catSignal-1jet_sys_btagEventWeightUp
Merging measMET_Pseudoscalar2HDM_MonoZLL_mScan_mH-800_ma-500_cat4L
Merging MT_Pseudoscalar2HDM_MonoZLL_mScan_mH-800_ma-500_catEM_sys_QCDScale0wDown
Merging MT_Pseudoscalar2HDM_MonoZLL_mScan_mH-800_ma-500_catTOP_sys_puWeightUp
Merging measMET_Pseudoscalar2HDM_MonoZLL_mScan_mH-800_ma-500_catSignal-1jet_sys_TriggerSFWeightDown
Merging balance_Pseudoscalar2HDM_MonoZLL_mScan_mH-800_ma-500_sys_ElectronEnDown
Merging measMET_Pseudoscalar2HDM_MonoZLL_mScan_mH-800_ma-500_catDY_sys_PrefireWeightDown
Merging MT_Pseudoscalar2HDM_MonoZLL_mScan_mH-800_ma-500_catSignal-1jet_sys_PDFUp
Merging measMET_Pseudoscalar2HDM_MonoZLL_mScan_mH-800_ma-500_catSignal-1jet_sys_ElecronSFUp
Merging MT_Pseudoscalar2HDM_MonoZLL_mScan_mH-800_ma-500_cat4L_sys_PrefireWeightDown
Merging MT_Pseudoscalar2HDM_MonoZLL_mScan_mH-800_ma-500_catDY_sys_ElectronEnUp
Merging phizmet_Pseudoscalar2HDM_MonoZLL_mScan_mH-800_ma-500_sys_QCDScale0wUp
Merging measMET_Pseudoscalar2HDM_MonoZLL_mScan_mH-800_ma-500_catSignal-1jet_sys_btagEventWeightDown
Merging measMET_Pseudoscalar2HDM_MonoZLL_mScan_mH-800_ma-500_catSignal-0jet_sys_jerUp
Merging MT_Pseudoscalar2HDM_MonoZLL_mScan_mH-800_ma-500_cat3L_sys_PDFUp
Merging phizmet_Pseudoscalar2HDM_MonoZLL_mScan_mH-800_ma-500_sys_ElectronEnDown
Merging measMET_Pseudoscalar2HDM_MonoZLL_mScan_mH-800_ma-500_catEM_sys_QCDScale1wUp
Merging measMET_Pseudoscalar2HDM_MonoZLL_mScan_mH-800_ma-500_catSignal-0jet_sys_btagEventWeightUp
Merging balance_Pseudoscalar2HDM_MonoZLL_mScan_mH-800_ma-500_sys_btagEventWeightUp
Merging MT_Pseudoscalar2HDM_MonoZLL_mScan_mH-800_ma-500_cat3L_sys_QCDScale0wDown
Merging measMET_Pseudoscalar2HDM_MonoZLL_mScan_mH-800_ma-500_catSignal-1jet_sys_QCDScale0wDown
Merging measMET_Pseudoscalar2HDM_MonoZLL_mScan_mH-800_ma-500_catSignal-0jet_sys_PrefireWeightUp
Merging MT_Pseudoscalar2HDM_MonoZLL_mScan_mH-800_ma-500_catNRB_sys_puWeightDown
Merging measMET_Pseudoscalar2HDM_MonoZLL_mScan_mH-800_ma-500_catEM_sys_jerDown
Merging measMET_Pseudoscalar2HDM_MonoZLL_mScan_mH-800_ma-500_cat4L_sys_nvtxWeightDown
Merging njet_Pseudoscalar2HDM_MonoZLL_mScan_mH-800_ma-500_sys_MuonSFDown
Merging MT_Pseudoscalar2HDM_MonoZLL_mScan_mH-800_ma-500_catSignal-0jet_sys_jerUp
Merging MT_Pseudoscalar2HDM_MonoZLL_mScan_mH-800_ma-500_cat3L_sys_EWKDown
Merging measMET_Pseudoscalar2HDM_MonoZLL_mScan_mH-800_ma-500_catDY_sys_EWKUp
Merging MT_Pseudoscalar2HDM_MonoZLL_mScan_mH-800_ma-500_catSignal-0jet
Merging measMET_Pseudoscalar2HDM_MonoZLL_mScan_mH-800_ma-500_catSignal-0jet_sys_QCDScale2wDown
Merging njet_Pseudoscalar2HDM_MonoZLL_mScan_mH-800_ma-500_sys_MuonSFUp
Merging MT_Pseudoscalar2HDM_MonoZLL_mScan_mH-800_ma-500_catDY
Merging phizmet_Pseudoscalar2HDM_MonoZLL_mScan_mH-800_ma-500_sys_puWeightUp
Merging measMET_Pseudoscalar2HDM_MonoZLL_mScan_mH-800_ma-500_catDY_sys_ElectronEnUp
Merging MT_Pseudoscalar2HDM_MonoZLL_mScan_mH-800_ma-500_catSignal-0jet_sys_jesTotalDown
Merging MT_Pseudoscalar2HDM_MonoZLL_mScan_mH-800_ma-500_catDY_sys_EWKUp
Merging measMET_Pseudoscalar2HDM_MonoZLL_mScan_mH-800_ma-500_cat3L_sys_QCDScale0wDown
Merging measMET_Pseudoscalar2HDM_MonoZLL_mScan_mH-800_ma-500_cat4L_sys_MuonSFUp
Merging measMET_Pseudoscalar2HDM_MonoZLL_mScan_mH-800_ma-500_catSignal-1jet_sys_jesTotalUp
Merging measMET_Pseudoscalar2HDM_MonoZLL_mScan_mH-800_ma-500_catEM_sys_TriggerSFWeightUp
Merging measMET_Pseudoscalar2HDM_MonoZLL_mScan_mH-800_ma-500_catSignal-0jet
Merging njet_Pseudoscalar2HDM_MonoZLL_mScan_mH-800_ma-500_sys_EWKUp
Merging phizmet_Pseudoscalar2HDM_MonoZLL_mScan_mH-800_ma-500_sys_TriggerSFWeightUp
Merging measMET_Pseudoscalar2HDM_MonoZLL_mScan_mH-800_ma-500_catDY_sys_nvtxWeightUp
Merging phizmet_Pseudoscalar2HDM_MonoZLL_mScan_mH-800_ma-500_sys_btagEventWeightDown
Merging measMET_Pseudoscalar2HDM_MonoZLL_mScan_mH-800_ma-500_cat3L_sys_PDFDown
Merging MT_Pseudoscalar2HDM_MonoZLL_mScan_mH-800_ma-500_catTOP_sys_MuonEnDown
Merging MT_Pseudoscalar2HDM_MonoZLL_mScan_mH-800_ma-500_catSignal-0jet_sys_btagEventWeightUp
Merging measMET_Pseudoscalar2HDM_MonoZLL_mScan_mH-800_ma-500_catNRB_sys_ElectronEnDown
Merging MT_Pseudoscalar2HDM_MonoZLL_mScan_mH-800_ma-500_catTOP_sys_TriggerSFWeightDown
Merging balance_Pseudoscalar2HDM_MonoZLL_mScan_mH-800_ma-500_sys_jesTotalUp
Merging measMET_Pseudoscalar2HDM_MonoZLL_mScan_mH-800_ma-500_catEM_sys_ElecronSFUp
Merging MT_Pseudoscalar2HDM_MonoZLL_mScan_mH-800_ma-500_catNRB_sys_ElecronSFDown
Merging MT_Pseudoscalar2HDM_MonoZLL_mScan_mH-800_ma-500_catSignal-1jet_sys_QCDScale0wUp
Merging measMET_Pseudoscalar2HDM_MonoZLL_mScan_mH-800_ma-500_catTOP_sys_QCDScale1wUp
Merging measMET_Pseudoscalar2HDM_MonoZLL_mScan_mH-800_ma-500_cat4L_sys_QCDScale2wDown
Merging MT_Pseudoscalar2HDM_MonoZLL_mScan_mH-800_ma-500_cat3L_sys_MuonSFDown
Merging balance_Pseudoscalar2HDM_MonoZLL_mScan_mH-800_ma-500_sys_PrefireWeightUp
Merging measMET_Pseudoscalar2HDM_MonoZLL_mScan_mH-800_ma-500_catDY_sys_jerUp
Merging phizmet_Pseudoscalar2HDM_MonoZLL_mScan_mH-800_ma-500_sys_QCDScale2wUp
Merging MT_Pseudoscalar2HDM_MonoZLL_mScan_mH-800_ma-500_catDY_sys_ElectronEnDown
Merging MT_Pseudoscalar2HDM_MonoZLL_mScan_mH-800_ma-500_catSignal-1jet
Merging phizmet_Pseudoscalar2HDM_MonoZLL_mScan_mH-800_ma-500_sys_QCDScale0wDown
Merging MT_Pseudoscalar2HDM_MonoZLL_mScan_mH-800_ma-500_catNRB_sys_QCDScale2wUp
Merging MT_Pseudoscalar2HDM_MonoZLL_mScan_mH-800_ma-500_catSignal-1jet_sys_nvtxWeightDown
Merging MT_Pseudoscalar2HDM_MonoZLL_mScan_mH-800_ma-500_catTOP_sys_EWKUp
Merging MT_Pseudoscalar2HDM_MonoZLL_mScan_mH-800_ma-500_cat4L_sys_nvtxWeightDown
Merging measMET_Pseudoscalar2HDM_MonoZLL_mScan_mH-800_ma-500_catSignal-0jet_sys_TriggerSFWeightDown
Merging phizmet_Pseudoscalar2HDM_MonoZLL_mScan_mH-800_ma-500_sys_jerUp
Merging MT_Pseudoscalar2HDM_MonoZLL_mScan_mH-800_ma-500_catNRB_sys_puWeightUp
Merging MT_Pseudoscalar2HDM_MonoZLL_mScan_mH-800_ma-500_catDY_sys_jesTotalUp
Merging measMET_Pseudoscalar2HDM_MonoZLL_mScan_mH-800_ma-500_catTOP_sys_EWKUp
Merging measMET_Pseudoscalar2HDM_MonoZLL_mScan_mH-800_ma-500_catNRB_sys_btagEventWeightDown
Merging njet_Pseudoscalar2HDM_MonoZLL_mScan_mH-800_ma-500_sys_ElecronSFUp
Merging MT_Pseudoscalar2HDM_MonoZLL_mScan_mH-800_ma-500_catNRB_sys_EWKUp
Merging phizmet_Pseudoscalar2HDM_MonoZLL_mScan_mH-800_ma-500_sys_QCDScale2wDown
Merging balance_Pseudoscalar2HDM_MonoZLL_mScan_mH-800_ma-500_sys_nvtxWeightUp
Merging measMET_Pseudoscalar2HDM_MonoZLL_mScan_mH-800_ma-500_catSignal-0jet_sys_PrefireWeightDown
Merging MT_Pseudoscalar2HDM_MonoZLL_mScan_mH-800_ma-500_cat4L_sys_jesTotalUp
Merging measMET_Pseudoscalar2HDM_MonoZLL_mScan_mH-800_ma-500_catDY_sys_PDFDown
Merging measMET_Pseudoscalar2HDM_MonoZLL_mScan_mH-800_ma-500_catNRB_sys_nvtxWeightUp
Merging measMET_Pseudoscalar2HDM_MonoZLL_mScan_mH-800_ma-500_catSignal-1jet_sys_puWeightUp
Merging measMET_Pseudoscalar2HDM_MonoZLL_mScan_mH-800_ma-500_catSignal-0jet_sys_btagEventWeightDown
Merging balance_Pseudoscalar2HDM_MonoZLL_mScan_mH-800_ma-500_sys_MuonEnUp
Merging balance_Pseudoscalar2HDM_MonoZLL_mScan_mH-800_ma-500_sys_EWKDown
Merging MT_Pseudoscalar2HDM_MonoZLL_mScan_mH-800_ma-500_catEM_sys_btagEventWeightUp
Merging measMET_Pseudoscalar2HDM_MonoZLL_mScan_mH-800_ma-500_catSignal-1jet_sys_jesTotalDown
Merging MT_Pseudoscalar2HDM_MonoZLL_mScan_mH-800_ma-500_catSignal-0jet_sys_EWKDown
Merging phizmet_Pseudoscalar2HDM_MonoZLL_mScan_mH-800_ma-500_sys_puWeightDown
Merging MT_Pseudoscalar2HDM_MonoZLL_mScan_mH-800_ma-500_catTOP_sys_QCDScale2wUp
Merging measMET_Pseudoscalar2HDM_MonoZLL_mScan_mH-800_ma-500_catSignal-1jet_sys_EWKDown
Merging measMET_Pseudoscalar2HDM_MonoZLL_mScan_mH-800_ma-500_catEM_sys_PrefireWeightDown
Merging phizmet_Pseudoscalar2HDM_MonoZLL_mScan_mH-800_ma-500_sys_MuonSFUp
Merging measMET_Pseudoscalar2HDM_MonoZLL_mScan_mH-800_ma-500_catDY_sys_EWKDown
Merging autoPU
Merging balance_Pseudoscalar2HDM_MonoZLL_mScan_mH-800_ma-500_sys_puWeightDown
Merging measMET_Pseudoscalar2HDM_MonoZLL_mScan_mH-800_ma-500_catSignal-1jet_sys_EWKUp
Merging measMET_Pseudoscalar2HDM_MonoZLL_mScan_mH-800_ma-500_cat3L_sys_btagEventWeightDown
Merging MT_Pseudoscalar2HDM_MonoZLL_mScan_mH-800_ma-500_catSignal-0jet_sys_MuonSFDown
Merging MT_Pseudoscalar2HDM_MonoZLL_mScan_mH-800_ma-500_catSignal-0jet_sys_TriggerSFWeightDown
Merging njet_Pseudoscalar2HDM_MonoZLL_mScan_mH-800_ma-500_sys_puWeightUp
Merging measMET_Pseudoscalar2HDM_MonoZLL_mScan_mH-800_ma-500_catSignal-0jet_sys_jesTotalDown
Merging balance_Pseudoscalar2HDM_MonoZLL_mScan_mH-800_ma-500_sys_MuonSFUp
Merging MT_Pseudoscalar2HDM_MonoZLL_mScan_mH-800_ma-500_catEM_sys_nvtxWeightDown
Merging measMET_Pseudoscalar2HDM_MonoZLL_mScan_mH-800_ma-500_catNRB_sys_QCDScale0wUp
Merging MT_Pseudoscalar2HDM_MonoZLL_mScan_mH-800_ma-500_cat4L_sys_ElectronEnUp
Merging MT_Pseudoscalar2HDM_MonoZLL_mScan_mH-800_ma-500_cat3L_sys_QCDScale2wDown
Merging measMET_Pseudoscalar2HDM_MonoZLL_mScan_mH-800_ma-500_catTOP_sys_QCDScale0wDown
Merging MT_Pseudoscalar2HDM_MonoZLL_mScan_mH-800_ma-500_catEM_sys_QCDScale1wUp
Merging MT_Pseudoscalar2HDM_MonoZLL_mScan_mH-800_ma-500_catSignal-0jet_sys_TriggerSFWeightUp
Merging measMET_Pseudoscalar2HDM_MonoZLL_mScan_mH-800_ma-500_catTOP_sys_nvtxWeightUp
Merging MT_Pseudoscalar2HDM_MonoZLL_mScan_mH-800_ma-500_catTOP_sys_QCDScale0wUp
Merging measMET_Pseudoscalar2HDM_MonoZLL_mScan_mH-800_ma-500_catEM_sys_QCDScale2wUp
Merging MT_Pseudoscalar2HDM_MonoZLL_mScan_mH-800_ma-500_catDY_sys_btagEventWeightDown
Merging measMET_Pseudoscalar2HDM_MonoZLL_mScan_mH-800_ma-500_catSignal-0jet_sys_MuonEnDown
Merging measMET_Pseudoscalar2HDM_MonoZLL_mScan_mH-800_ma-500_cat4L_sys_jesTotalDown
Merging MT_Pseudoscalar2HDM_MonoZLL_mScan_mH-800_ma-500_cat3L_sys_jerUp
Merging measMET_Pseudoscalar2HDM_MonoZLL_mScan_mH-800_ma-500_cat3L_sys_PrefireWeightDown
Merging MT_Pseudoscalar2HDM_MonoZLL_mScan_mH-800_ma-500_catEM_sys_jesTotalUp
Merging measMET_Pseudoscalar2HDM_MonoZLL_mScan_mH-800_ma-500_cat4L_sys_PDFDown
Merging MT_Pseudoscalar2HDM_MonoZLL_mScan_mH-800_ma-500_catSignal-1jet_sys_ElectronEnUp
Merging MT_Pseudoscalar2HDM_MonoZLL_mScan_mH-800_ma-500_catNRB_sys_PrefireWeightDown
Merging MT_Pseudoscalar2HDM_MonoZLL_mScan_mH-800_ma-500_catNRB_sys_QCDScale0wDown
Merging measMET_Pseudoscalar2HDM_MonoZLL_mScan_mH-800_ma-500_catTOP_sys_nvtxWeightDown
Merging measMET_Pseudoscalar2HDM_MonoZLL_mScan_mH-800_ma-500_catEM_sys_MuonEnDown
Merging MT_Pseudoscalar2HDM_MonoZLL_mScan_mH-800_ma-500_catSignal-0jet_sys_puWeightUp
Merging measMET_Pseudoscalar2HDM_MonoZLL_mScan_mH-800_ma-500_cat4L_sys_btagEventWeightDown
Merging njet_Pseudoscalar2HDM_MonoZLL_mScan_mH-800_ma-500_sys_QCDScale0wDown
Merging MT_Pseudoscalar2HDM_MonoZLL_mScan_mH-800_ma-500_cat4L_sys_EWKUp
Merging measMET_Pseudoscalar2HDM_MonoZLL_mScan_mH-800_ma-500_catDY_sys_TriggerSFWeightUp
Merging phizmet_Pseudoscalar2HDM_MonoZLL_mScan_mH-800_ma-500_sys_jesTotalDown
Merging MT_Pseudoscalar2HDM_MonoZLL_mScan_mH-800_ma-500_catNRB_sys_btagEventWeightDown
Merging MT_Pseudoscalar2HDM_MonoZLL_mScan_mH-800_ma-500_catNRB_sys_jesTotalUp
Merging measMET_Pseudoscalar2HDM_MonoZLL_mScan_mH-800_ma-500_catDY_sys_jesTotalDown
Merging measMET_Pseudoscalar2HDM_MonoZLL_mScan_mH-800_ma-500_cat3L_sys_jesTotalUp
Merging MT_Pseudoscalar2HDM_MonoZLL_mScan_mH-800_ma-500_cat4L_sys_ElecronSFUp
Merging MT_Pseudoscalar2HDM_MonoZLL_mScan_mH-800_ma-500_catSignal-0jet_sys_PDFUp
Merging measMET_Pseudoscalar2HDM_MonoZLL_mScan_mH-800_ma-500_catDY_sys_PrefireWeightUp
Merging measMET_Pseudoscalar2HDM_MonoZLL_mScan_mH-800_ma-500_catTOP_sys_MuonEnUp
Merging MT_Pseudoscalar2HDM_MonoZLL_mScan_mH-800_ma-500_cat3L_sys_MuonEnDown
Merging measMET_Pseudoscalar2HDM_MonoZLL_mScan_mH-800_ma-500_cat3L_sys_QCDScale1wDown
Merging measMET_Pseudoscalar2HDM_MonoZLL_mScan_mH-800_ma-500_catSignal-1jet_sys_PrefireWeightUp
Merging balance_Pseudoscalar2HDM_MonoZLL_mScan_mH-800_ma-500_sys_puWeightUp
Merging MT_Pseudoscalar2HDM_MonoZLL_mScan_mH-800_ma-500_catNRB_sys_QCDScale1wDown
Merging measMET_Pseudoscalar2HDM_MonoZLL_mScan_mH-800_ma-500_cat4L_sys_QCDScale0wUp
Merging measMET_Pseudoscalar2HDM_MonoZLL_mScan_mH-800_ma-500_cat4L_sys_QCDScale0wDown
Merging balance_Pseudoscalar2HDM_MonoZLL_mScan_mH-800_ma-500_sys_jesTotalDown
Merging MT_Pseudoscalar2HDM_MonoZLL_mScan_mH-800_ma-500_catSignal-1jet_sys_ElectronEnDown
Merging measMET_Pseudoscalar2HDM_MonoZLL_mScan_mH-800_ma-500_cat3L_sys_puWeightDown
Merging measMET_Pseudoscalar2HDM_MonoZLL_mScan_mH-800_ma-500_catSignal-0jet_sys_ElecronSFUp
Merging balance_Pseudoscalar2HDM_MonoZLL_mScan_mH-800_ma-500
Merging measMET_Pseudoscalar2HDM_MonoZLL_mScan_mH-800_ma-500_cat3L_sys_ElectronEnDown
Merging measMET_Pseudoscalar2HDM_MonoZLL_mScan_mH-800_ma-500_catEM_sys_EWKUp
Merging measMET_Pseudoscalar2HDM_MonoZLL_mScan_mH-800_ma-500_catSignal-0jet_sys_EWKUp
Merging MT_Pseudoscalar2HDM_MonoZLL_mScan_mH-800_ma-500_catNRB_sys_MuonSFUp
Merging MT_Pseudoscalar2HDM_MonoZLL_mScan_mH-800_ma-500_catEM_sys_MuonEnUp
Merging balance_Pseudoscalar2HDM_MonoZLL_mScan_mH-800_ma-500_sys_TriggerSFWeightUp
Merging MT_Pseudoscalar2HDM_MonoZLL_mScan_mH-800_ma-500_catSignal-1jet_sys_PDFDown
Merging measMET_Pseudoscalar2HDM_MonoZLL_mScan_mH-800_ma-500_catSignal-1jet_sys_ElectronEnDown
Merging MT_Pseudoscalar2HDM_MonoZLL_mScan_mH-800_ma-500_cat4L_sys_QCDScale1wDown
Merging MT_Pseudoscalar2HDM_MonoZLL_mScan_mH-800_ma-500_catSignal-1jet_sys_ElecronSFUp
Merging njet_Pseudoscalar2HDM_MonoZLL_mScan_mH-800_ma-500_sys_PDFDown
Merging measMET_Pseudoscalar2HDM_MonoZLL_mScan_mH-800_ma-500_catSignal-1jet_sys_PrefireWeightDown
Merging MT_Pseudoscalar2HDM_MonoZLL_mScan_mH-800_ma-500_catEM_sys_jerDown
Merging measMET_Pseudoscalar2HDM_MonoZLL_mScan_mH-800_ma-500_catDY_sys_jerDown
Merging measMET_Pseudoscalar2HDM_MonoZLL_mScan_mH-800_ma-500_catSignal-0jet_sys_QCDScale2wUp
Merging balance_Pseudoscalar2HDM_MonoZLL_mScan_mH-800_ma-500_sys_ElecronSFUp
Merging MT_Pseudoscalar2HDM_MonoZLL_mScan_mH-800_ma-500_catDY_sys_QCDScale2wDown
Merging measMET_Pseudoscalar2HDM_MonoZLL_mScan_mH-800_ma-500_cat3L_sys_ElecronSFUp
Merging MT_Pseudoscalar2HDM_MonoZLL_mScan_mH-800_ma-500_catEM_sys_btagEventWeightDown
Merging MT_Pseudoscalar2HDM_MonoZLL_mScan_mH-800_ma-500_cat3L_sys_ElecronSFDown
Merging measMET_Pseudoscalar2HDM_MonoZLL_mScan_mH-800_ma-500_catTOP_sys_EWKDown
Merging MT_Pseudoscalar2HDM_MonoZLL_mScan_mH-800_ma-500_catDY_sys_jesTotalDown
Merging MT_Pseudoscalar2HDM_MonoZLL_mScan_mH-800_ma-500_catSignal-0jet_sys_MuonEnUp
Merging phizmet_Pseudoscalar2HDM_MonoZLL_mScan_mH-800_ma-500_sys_MuonEnUp
Merging MT_Pseudoscalar2HDM_MonoZLL_mScan_mH-800_ma-500_catDY_sys_TriggerSFWeightDown
Merging balance_Pseudoscalar2HDM_MonoZLL_mScan_mH-800_ma-500_sys_ElectronEnUp
Merging MT_Pseudoscalar2HDM_MonoZLL_mScan_mH-800_ma-500_catDY_sys_MuonEnUp
Merging measMET_Pseudoscalar2HDM_MonoZLL_mScan_mH-800_ma-500_catSignal-1jet_sys_PDFUp
Merging MT_Pseudoscalar2HDM_MonoZLL_mScan_mH-800_ma-500_catDY_sys_ElecronSFDown
Merging MT_Pseudoscalar2HDM_MonoZLL_mScan_mH-800_ma-500_catSignal-1jet_sys_jesTotalDown
Merging MT_Pseudoscalar2HDM_MonoZLL_mScan_mH-800_ma-500_catDY_sys_MuonSFDown
Merging measMET_Pseudoscalar2HDM_MonoZLL_mScan_mH-800_ma-500_catSignal-1jet_sys_MuonSFDown
Merging measMET_Pseudoscalar2HDM_MonoZLL_mScan_mH-800_ma-500_catNRB_sys_QCDScale1wDown
Merging MT_Pseudoscalar2HDM_MonoZLL_mScan_mH-800_ma-500_cat4L_sys_PrefireWeightUp
Merging measMET_Pseudoscalar2HDM_MonoZLL_mScan_mH-800_ma-500_catNRB_sys_puWeightUp
Merging MT_Pseudoscalar2HDM_MonoZLL_mScan_mH-800_ma-500_cat4L_sys_MuonSFUp
Merging measMET_Pseudoscalar2HDM_MonoZLL_mScan_mH-800_ma-500_cat3L_sys_jerUp
Merging MT_Pseudoscalar2HDM_MonoZLL_mScan_mH-800_ma-500_catSignal-1jet_sys_TriggerSFWeightUp
Merging balance_Pseudoscalar2HDM_MonoZLL_mScan_mH-800_ma-500_sys_QCDScale2wUp
Merging measMET_Pseudoscalar2HDM_MonoZLL_mScan_mH-800_ma-500_catNRB_sys_PrefireWeightUp
Merging measMET_Pseudoscalar2HDM_MonoZLL_mScan_mH-800_ma-500_catEM_sys_QCDScale1wDown
Merging measMET_Pseudoscalar2HDM_MonoZLL_mScan_mH-800_ma-500_catNRB_sys_MuonEnDown
Merging MT_Pseudoscalar2HDM_MonoZLL_mScan_mH-800_ma-500_catEM_sys_PrefireWeightUp
Merging measMET_Pseudoscalar2HDM_MonoZLL_mScan_mH-800_ma-500_cat4L_sys_ElecronSFDown
Merging measMET_Pseudoscalar2HDM_MonoZLL_mScan_mH-800_ma-500_cat3L_sys_QCDScale1wUp
Merging measMET_Pseudoscalar2HDM_MonoZLL_mScan_mH-800_ma-500_catEM_sys_EWKDown
Merging measMET_Pseudoscalar2HDM_MonoZLL_mScan_mH-800_ma-500_cat4L_sys_jerDown
Merging MT_Pseudoscalar2HDM_MonoZLL_mScan_mH-800_ma-500_cat4L_sys_jerUp
Merging measMET_Pseudoscalar2HDM_MonoZLL_mScan_mH-800_ma-500_catTOP_sys_ElectronEnDown
Merging MT_Pseudoscalar2HDM_MonoZLL_mScan_mH-800_ma-500_catDY_sys_ElecronSFUp
Merging balance_Pseudoscalar2HDM_MonoZLL_mScan_mH-800_ma-500_sys_PDFUp
Merging phizmet_Pseudoscalar2HDM_MonoZLL_mScan_mH-800_ma-500_sys_EWKUp
Merging njet_Pseudoscalar2HDM_MonoZLL_mScan_mH-800_ma-500_sys_MuonEnDown
Merging measMET_Pseudoscalar2HDM_MonoZLL_mScan_mH-800_ma-500_catTOP_sys_TriggerSFWeightDown
Merging phizmet_Pseudoscalar2HDM_MonoZLL_mScan_mH-800_ma-500_sys_btagEventWeightUp
Merging MT_Pseudoscalar2HDM_MonoZLL_mScan_mH-800_ma-500_catEM_sys_MuonEnDown
Merging MT_Pseudoscalar2HDM_MonoZLL_mScan_mH-800_ma-500_catNRB_sys_MuonSFDown
Merging MT_Pseudoscalar2HDM_MonoZLL_mScan_mH-800_ma-500_catSignal-0jet_sys_EWKUp
Merging MT_Pseudoscalar2HDM_MonoZLL_mScan_mH-800_ma-500_catEM_sys_PrefireWeightDown
Merging measMET_Pseudoscalar2HDM_MonoZLL_mScan_mH-800_ma-500_catNRB_sys_btagEventWeightUp
Merging njet_Pseudoscalar2HDM_MonoZLL_mScan_mH-800_ma-500_sys_TriggerSFWeightUp
Merging measMET_Pseudoscalar2HDM_MonoZLL_mScan_mH-800_ma-500_cat3L_sys_jerDown
Merging balance_Pseudoscalar2HDM_MonoZLL_mScan_mH-800_ma-500_sys_ElecronSFDown
Merging njet_Pseudoscalar2HDM_MonoZLL_mScan_mH-800_ma-500
Merging njet_Pseudoscalar2HDM_MonoZLL_mScan_mH-800_ma-500_sys_QCDScale2wDown
Merging measMET_Pseudoscalar2HDM_MonoZLL_mScan_mH-800_ma-500_catEM_sys_jerUp
Merging measMET_Pseudoscalar2HDM_MonoZLL_mScan_mH-800_ma-500_catTOP_sys_puWeightUp
Merging MT_Pseudoscalar2HDM_MonoZLL_mScan_mH-800_ma-500_catDY_sys_PrefireWeightDown
Merging MT_Pseudoscalar2HDM_MonoZLL_mScan_mH-800_ma-500_catNRB_sys_QCDScale0wUp
Merging measMET_Pseudoscalar2HDM_MonoZLL_mScan_mH-800_ma-500_catSignal-1jet_sys_QCDScale2wUp
Merging measMET_Pseudoscalar2HDM_MonoZLL_mScan_mH-800_ma-500_cat4L_sys_PrefireWeightUp
Merging njet_Pseudoscalar2HDM_MonoZLL_mScan_mH-800_ma-500_sys_ElectronEnDown
Merging MT_Pseudoscalar2HDM_MonoZLL_mScan_mH-800_ma-500_catSignal-1jet_sys_MuonSFUp
Merging balance_Pseudoscalar2HDM_MonoZLL_mScan_mH-800_ma-500_sys_PDFDown
Merging measMET_Pseudoscalar2HDM_MonoZLL_mScan_mH-800_ma-500_cat3L
Merging measMET_Pseudoscalar2HDM_MonoZLL_mScan_mH-800_ma-500_catNRB
Merging measMET_Pseudoscalar2HDM_MonoZLL_mScan_mH-800_ma-500_catSignal-1jet_sys_ElecronSFDown
Merging measMET_Pseudoscalar2HDM_MonoZLL_mScan_mH-800_ma-500_catTOP_sys_puWeightDown
Merging measMET_Pseudoscalar2HDM_MonoZLL_mScan_mH-800_ma-500_cat3L_sys_MuonSFDown
Merging measMET_Pseudoscalar2HDM_MonoZLL_mScan_mH-800_ma-500_cat3L_sys_QCDScale2wUp
Merging measMET_Pseudoscalar2HDM_MonoZLL_mScan_mH-800_ma-500_cat4L_sys_PrefireWeightDown
Merging MT_Pseudoscalar2HDM_MonoZLL_mScan_mH-800_ma-500_cat4L_sys_ElectronEnDown
Merging phizmet_Pseudoscalar2HDM_MonoZLL_mScan_mH-800_ma-500_sys_PDFUp
Merging MT_Pseudoscalar2HDM_MonoZLL_mScan_mH-800_ma-500_catSignal-0jet_sys_PrefireWeightDown
Merging MT_Pseudoscalar2HDM_MonoZLL_mScan_mH-800_ma-500_cat3L_sys_PDFDown
Merging measMET_Pseudoscalar2HDM_MonoZLL_mScan_mH-800_ma-500_catDY_sys_QCDScale0wUp
Merging measMET_Pseudoscalar2HDM_MonoZLL_mScan_mH-800_ma-500_catSignal-0jet_sys_puWeightDown
Merging measMET_Pseudoscalar2HDM_MonoZLL_mScan_mH-800_ma-500_cat4L_sys_puWeightUp
Merging measMET_Pseudoscalar2HDM_MonoZLL_mScan_mH-800_ma-500_catDY_sys_MuonEnDown
Merging measMET_Pseudoscalar2HDM_MonoZLL_mScan_mH-800_ma-500_cat3L_sys_puWeightUp
Merging measMET_Pseudoscalar2HDM_MonoZLL_mScan_mH-800_ma-500_catSignal-0jet_sys_ElecronSFDown
Merging njet_Pseudoscalar2HDM_MonoZLL_mScan_mH-800_ma-500_sys_PrefireWeightUp
Merging MT_Pseudoscalar2HDM_MonoZLL_mScan_mH-800_ma-500_catNRB_sys_jerUp
Merging measMET_Pseudoscalar2HDM_MonoZLL_mScan_mH-800_ma-500_catEM_sys_nvtxWeightUp
Merging MT_Pseudoscalar2HDM_MonoZLL_mScan_mH-800_ma-500_catSignal-0jet_sys_nvtxWeightUp
Merging measMET_Pseudoscalar2HDM_MonoZLL_mScan_mH-800_ma-500_catTOP_sys_jesTotalDown
Merging njet_Pseudoscalar2HDM_MonoZLL_mScan_mH-800_ma-500_sys_EWKDown
Merging measMET_Pseudoscalar2HDM_MonoZLL_mScan_mH-800_ma-500_catEM_sys_QCDScale0wDown
Merging MT_Pseudoscalar2HDM_MonoZLL_mScan_mH-800_ma-500_catDY_sys_EWKDown
Merging phizmet_Pseudoscalar2HDM_MonoZLL_mScan_mH-800_ma-500_sys_QCDScale1wDown
Merging MT_Pseudoscalar2HDM_MonoZLL_mScan_mH-800_ma-500_catTOP_sys_PDFDown
Merging phizmet_Pseudoscalar2HDM_MonoZLL_mScan_mH-800_ma-500_sys_MuonSFDown
Merging MT_Pseudoscalar2HDM_MonoZLL_mScan_mH-800_ma-500_catSignal-0jet_sys_ElecronSFDown
Merging MT_Pseudoscalar2HDM_MonoZLL_mScan_mH-800_ma-500_catDY_sys_QCDScale0wUp
Merging measMET_Pseudoscalar2HDM_MonoZLL_mScan_mH-800_ma-500_catNRB_sys_MuonSFDown
Merging MT_Pseudoscalar2HDM_MonoZLL_mScan_mH-800_ma-500_cat3L_sys_TriggerSFWeightUp
Merging balance_Pseudoscalar2HDM_MonoZLL_mScan_mH-800_ma-500_sys_QCDScale1wDown
Merging MT_Pseudoscalar2HDM_MonoZLL_mScan_mH-800_ma-500_catTOP_sys_QCDScale1wDown
Merging measMET_Pseudoscalar2HDM_MonoZLL_mScan_mH-800_ma-500_cat4L_sys_ElectronEnDown
Merging MT_Pseudoscalar2HDM_MonoZLL_mScan_mH-800_ma-500_catSignal-1jet_sys_MuonEnUp
Merging phizmet_Pseudoscalar2HDM_MonoZLL_mScan_mH-800_ma-500_sys_PDFDown
Merging measMET_Pseudoscalar2HDM_MonoZLL_mScan_mH-800_ma-500_catEM_sys_MuonSFDown
Merging MT_Pseudoscalar2HDM_MonoZLL_mScan_mH-800_ma-500_catDY_sys_PDFDown
Merging MT_Pseudoscalar2HDM_MonoZLL_mScan_mH-800_ma-500_catTOP_sys_nvtxWeightUp
Merging measMET_Pseudoscalar2HDM_MonoZLL_mScan_mH-800_ma-500_catNRB_sys_EWKDown
Merging MT_Pseudoscalar2HDM_MonoZLL_mScan_mH-800_ma-500_catSignal-0jet_sys_QCDScale2wDown
Merging MT_Pseudoscalar2HDM_MonoZLL_mScan_mH-800_ma-500_cat4L_sys_jerDown
Merging MT_Pseudoscalar2HDM_MonoZLL_mScan_mH-800_ma-500_cat3L_sys_QCDScale1wDown
Merging MT_Pseudoscalar2HDM_MonoZLL_mScan_mH-800_ma-500_catTOP_sys_jerDown
Merging measMET_Pseudoscalar2HDM_MonoZLL_mScan_mH-800_ma-500_catSignal-1jet_sys_MuonSFUp
Merging MT_Pseudoscalar2HDM_MonoZLL_mScan_mH-800_ma-500_catDY_sys_btagEventWeightUp
Merging measMET_Pseudoscalar2HDM_MonoZLL_mScan_mH-800_ma-500_catEM_sys_ElecronSFDown
Merging MT_Pseudoscalar2HDM_MonoZLL_mScan_mH-800_ma-500_cat3L_sys_btagEventWeightDown
Merging MT_Pseudoscalar2HDM_MonoZLL_mScan_mH-800_ma-500_cat4L_sys_btagEventWeightDown
Merging measMET_Pseudoscalar2HDM_MonoZLL_mScan_mH-800_ma-500_cat4L_sys_PDFUp
Merging measMET_Pseudoscalar2HDM_MonoZLL_mScan_mH-800_ma-500_cat4L_sys_jesTotalUp
Merging measMET_Pseudoscalar2HDM_MonoZLL_mScan_mH-800_ma-500_catDY_sys_QCDScale0wDown
Merging MT_Pseudoscalar2HDM_MonoZLL_mScan_mH-800_ma-500_cat3L_sys_puWeightUp
Merging measMET_Pseudoscalar2HDM_MonoZLL_mScan_mH-800_ma-500_catNRB_sys_MuonSFUp
Merging MT_Pseudoscalar2HDM_MonoZLL_mScan_mH-800_ma-500_catNRB_sys_ElecronSFUp
Merging measMET_Pseudoscalar2HDM_MonoZLL_mScan_mH-800_ma-500_catTOP_sys_PrefireWeightDown
Merging MT_Pseudoscalar2HDM_MonoZLL_mScan_mH-800_ma-500_cat3L_sys_QCDScale1wUp
Merging MT_Pseudoscalar2HDM_MonoZLL_mScan_mH-800_ma-500_catTOP_sys_btagEventWeightUp
Merging measMET_Pseudoscalar2HDM_MonoZLL_mScan_mH-800_ma-500_catTOP_sys_TriggerSFWeightUp
Merging measMET_Pseudoscalar2HDM_MonoZLL_mScan_mH-800_ma-500_catSignal-0jet_sys_PDFDown
Merging MT_Pseudoscalar2HDM_MonoZLL_mScan_mH-800_ma-500_cat4L_sys_QCDScale0wDown
Merging MT_Pseudoscalar2HDM_MonoZLL_mScan_mH-800_ma-500_cat4L_sys_PDFDown
Merging MT_Pseudoscalar2HDM_MonoZLL_mScan_mH-800_ma-500_catTOP_sys_QCDScale2wDown
Merging njet_Pseudoscalar2HDM_MonoZLL_mScan_mH-800_ma-500_sys_PDFUp
Merging phizmet_Pseudoscalar2HDM_MonoZLL_mScan_mH-800_ma-500_sys_EWKDown
Merging phizmet_Pseudoscalar2HDM_MonoZLL_mScan_mH-800_ma-500_sys_jerDown
Merging MT_Pseudoscalar2HDM_MonoZLL_mScan_mH-800_ma-500_cat4L_sys_EWKDown
Merging MT_Pseudoscalar2HDM_MonoZLL_mScan_mH-800_ma-500_catEM_sys_EWKDown
Merging balance_Pseudoscalar2HDM_MonoZLL_mScan_mH-800_ma-500_sys_QCDScale0wDown
Merging njet_Pseudoscalar2HDM_MonoZLL_mScan_mH-800_ma-500_sys_QCDScale0wUp
Merging njet_Pseudoscalar2HDM_MonoZLL_mScan_mH-800_ma-500_sys_PrefireWeightDown
Merging MT_Pseudoscalar2HDM_MonoZLL_mScan_mH-800_ma-500_catSignal-0jet_sys_QCDScale0wUp
Merging MT_Pseudoscalar2HDM_MonoZLL_mScan_mH-800_ma-500_catEM_sys_puWeightDown
Merging MT_Pseudoscalar2HDM_MonoZLL_mScan_mH-800_ma-500_catEM_sys_QCDScale1wDown
Merging measMET_Pseudoscalar2HDM_MonoZLL_mScan_mH-800_ma-500_catSignal-0jet_sys_MuonEnUp
Merging njet_Pseudoscalar2HDM_MonoZLL_mScan_mH-800_ma-500_sys_jesTotalUp
Merging measMET_Pseudoscalar2HDM_MonoZLL_mScan_mH-800_ma-500_cat3L_sys_nvtxWeightDown
Merging measMET_Pseudoscalar2HDM_MonoZLL_mScan_mH-800_ma-500_catDY_sys_QCDScale1wDown
Merging measMET_Pseudoscalar2HDM_MonoZLL_mScan_mH-800_ma-500_catSignal-1jet_sys_PDFDown
Merging measMET_Pseudoscalar2HDM_MonoZLL_mScan_mH-800_ma-500_catSignal-1jet
Merging njet_Pseudoscalar2HDM_MonoZLL_mScan_mH-800_ma-500_sys_QCDScale2wUp
Merging measMET_Pseudoscalar2HDM_MonoZLL_mScan_mH-800_ma-500_catSignal-0jet_sys_ElectronEnUp
Merging measMET_Pseudoscalar2HDM_MonoZLL_mScan_mH-800_ma-500_cat3L_sys_nvtxWeightUp
Merging MT_Pseudoscalar2HDM_MonoZLL_mScan_mH-800_ma-500_catSignal-1jet_sys_puWeightDown
Merging njet_Pseudoscalar2HDM_MonoZLL_mScan_mH-800_ma-500_sys_btagEventWeightDown
Merging measMET_Pseudoscalar2HDM_MonoZLL_mScan_mH-800_ma-500_catDY_sys_btagEventWeightDown
Merging MT_Pseudoscalar2HDM_MonoZLL_mScan_mH-800_ma-500_cat4L_sys_MuonEnDown
Merging MT_Pseudoscalar2HDM_MonoZLL_mScan_mH-800_ma-500_cat4L_sys_QCDScale2wDown
Merging MT_Pseudoscalar2HDM_MonoZLL_mScan_mH-800_ma-500_catSignal-0jet_sys_PDFDown
Merging MT_Pseudoscalar2HDM_MonoZLL_mScan_mH-800_ma-500_cat4L_sys_QCDScale0wUp
Merging MT_Pseudoscalar2HDM_MonoZLL_mScan_mH-800_ma-500_catDY_sys_QCDScale0wDown
Merging njet_Pseudoscalar2HDM_MonoZLL_mScan_mH-800_ma-500_sys_nvtxWeightDown
Merging measMET_Pseudoscalar2HDM_MonoZLL_mScan_mH-800_ma-500_catNRB_sys_jesTotalUp
Merging MT_Pseudoscalar2HDM_MonoZLL_mScan_mH-800_ma-500_catSignal-1jet_sys_QCDScale1wUp
Merging MT_Pseudoscalar2HDM_MonoZLL_mScan_mH-800_ma-500_catDY_sys_MuonEnDown
Merging measMET_Pseudoscalar2HDM_MonoZLL_mScan_mH-800_ma-500_catEM_sys_PDFDown
Merging measMET_Pseudoscalar2HDM_MonoZLL_mScan_mH-800_ma-500_catEM_sys_jesTotalDown
Merging MT_Pseudoscalar2HDM_MonoZLL_mScan_mH-800_ma-500_catSignal-0jet_sys_MuonEnDown
Merging measMET_Pseudoscalar2HDM_MonoZLL_mScan_mH-800_ma-500_cat4L_sys_TriggerSFWeightUp
Merging MT_Pseudoscalar2HDM_MonoZLL_mScan_mH-800_ma-500_catTOP_sys_ElecronSFDown
Merging MT_Pseudoscalar2HDM_MonoZLL_mScan_mH-800_ma-500_catEM_sys_QCDScale2wDown
Merging MT_Pseudoscalar2HDM_MonoZLL_mScan_mH-800_ma-500_catTOP_sys_MuonSFDown
Merging measMET_Pseudoscalar2HDM_MonoZLL_mScan_mH-800_ma-500_catTOP_sys_MuonSFDown
Merging measMET_Pseudoscalar2HDM_MonoZLL_mScan_mH-800_ma-500_catDY_sys_MuonSFDown
Merging measMET_Pseudoscalar2HDM_MonoZLL_mScan_mH-800_ma-500_cat4L_sys_QCDScale2wUp
Merging measMET_Pseudoscalar2HDM_MonoZLL_mScan_mH-800_ma-500_catSignal-0jet_sys_jesTotalUp
Merging measMET_Pseudoscalar2HDM_MonoZLL_mScan_mH-800_ma-500_cat3L_sys_PDFUp
Merging measMET_Pseudoscalar2HDM_MonoZLL_mScan_mH-800_ma-500_catSignal-1jet_sys_jerDown
Merging MT_Pseudoscalar2HDM_MonoZLL_mScan_mH-800_ma-500_catTOP_sys_QCDScale0wDown
Merging measMET_Pseudoscalar2HDM_MonoZLL_mScan_mH-800_ma-500_catNRB_sys_EWKUp
Merging measMET_Pseudoscalar2HDM_MonoZLL_mScan_mH-800_ma-500_catEM_sys_ElectronEnDown
Merging MT_Pseudoscalar2HDM_MonoZLL_mScan_mH-800_ma-500_catTOP_sys_ElecronSFUp
Merging measMET_Pseudoscalar2HDM_MonoZLL_mScan_mH-800_ma-500_catSignal-1jet_sys_TriggerSFWeightUp
Merging MT_Pseudoscalar2HDM_MonoZLL_mScan_mH-800_ma-500_catSignal-0jet_sys_PrefireWeightUp
Merging MT_Pseudoscalar2HDM_MonoZLL_mScan_mH-800_ma-500_catEM_sys_MuonSFUp
Merging balance_Pseudoscalar2HDM_MonoZLL_mScan_mH-800_ma-500_sys_MuonEnDown
Merging measMET_Pseudoscalar2HDM_MonoZLL_mScan_mH-800_ma-500_cat4L_sys_EWKDown
Merging MT_Pseudoscalar2HDM_MonoZLL_mScan_mH-800_ma-500_catSignal-1jet_sys_btagEventWeightDown
Merging measMET_Pseudoscalar2HDM_MonoZLL_mScan_mH-800_ma-500_catSignal-1jet_sys_jerUp
Merging measMET_Pseudoscalar2HDM_MonoZLL_mScan_mH-800_ma-500_cat3L_sys_TriggerSFWeightDown
Merging measMET_Pseudoscalar2HDM_MonoZLL_mScan_mH-800_ma-500_catTOP_sys_ElecronSFDown
Merging MT_Pseudoscalar2HDM_MonoZLL_mScan_mH-800_ma-500_catTOP_sys_jesTotalUp
Merging MT_Pseudoscalar2HDM_MonoZLL_mScan_mH-800_ma-500_catDY_sys_puWeightDown
Merging MT_Pseudoscalar2HDM_MonoZLL_mScan_mH-800_ma-500_cat3L_sys_ElectronEnDown
Merging MT_Pseudoscalar2HDM_MonoZLL_mScan_mH-800_ma-500_catTOP_sys_jesTotalDown
Merging measMET_Pseudoscalar2HDM_MonoZLL_mScan_mH-800_ma-500_cat3L_sys_MuonEnUp
Merging njet_Pseudoscalar2HDM_MonoZLL_mScan_mH-800_ma-500_sys_ElectronEnUp
Merging measMET_Pseudoscalar2HDM_MonoZLL_mScan_mH-800_ma-500_catSignal-0jet_sys_nvtxWeightUp
Merging MT_Pseudoscalar2HDM_MonoZLL_mScan_mH-800_ma-500_catNRB_sys_EWKDown
Merging MT_Pseudoscalar2HDM_MonoZLL_mScan_mH-800_ma-500_catTOP_sys_PrefireWeightDown
Merging measMET_Pseudoscalar2HDM_MonoZLL_mScan_mH-800_ma-500_catSignal-1jet_sys_nvtxWeightDown
Merging phizmet_Pseudoscalar2HDM_MonoZLL_mScan_mH-800_ma-500_sys_TriggerSFWeightDown
Merging MT_Pseudoscalar2HDM_MonoZLL_mScan_mH-800_ma-500_catSignal-0jet_sys_ElectronEnUp
Merging measMET_Pseudoscalar2HDM_MonoZLL_mScan_mH-800_ma-500_cat4L_sys_TriggerSFWeightDown
Merging balance_Pseudoscalar2HDM_MonoZLL_mScan_mH-800_ma-500_sys_TriggerSFWeightDown
Merging phizmet_Pseudoscalar2HDM_MonoZLL_mScan_mH-800_ma-500_sys_QCDScale1wUp
Merging MT_Pseudoscalar2HDM_MonoZLL_mScan_mH-800_ma-500_catEM_sys_EWKUp
Merging measMET_Pseudoscalar2HDM_MonoZLL_mScan_mH-800_ma-500_catNRB_sys_MuonEnUp
Merging balance_Pseudoscalar2HDM_MonoZLL_mScan_mH-800_ma-500_sys_jerDown
Merging measMET_Pseudoscalar2HDM_MonoZLL_mScan_mH-800_ma-500_catSignal-0jet_sys_nvtxWeightDown
Merging MT_Pseudoscalar2HDM_MonoZLL_mScan_mH-800_ma-500_catSignal-1jet_sys_jesTotalUp
Merging MT_Pseudoscalar2HDM_MonoZLL_mScan_mH-800_ma-500_catEM_sys_QCDScale0wUp
Merging MT_Pseudoscalar2HDM_MonoZLL_mScan_mH-800_ma-500_catEM_sys_ElectronEnDown
Merging MT_Pseudoscalar2HDM_MonoZLL_mScan_mH-800_ma-500_catSignal-1jet_sys_QCDScale2wDown
Merging measMET_Pseudoscalar2HDM_MonoZLL_mScan_mH-800_ma-500_catSignal-1jet_sys_QCDScale1wUp
Merging MT_Pseudoscalar2HDM_MonoZLL_mScan_mH-800_ma-500_cat3L_sys_nvtxWeightUp
Merging MT_Pseudoscalar2HDM_MonoZLL_mScan_mH-800_ma-500_catNRB
Merging measMET_Pseudoscalar2HDM_MonoZLL_mScan_mH-800_ma-500_catTOP_sys_MuonEnDown
Merging MT_Pseudoscalar2HDM_MonoZLL_mScan_mH-800_ma-500_cat3L_sys_MuonEnUp
Merging measMET_Pseudoscalar2HDM_MonoZLL_mScan_mH-800_ma-500_catDY_sys_nvtxWeightDown
Merging MT_Pseudoscalar2HDM_MonoZLL_mScan_mH-800_ma-500_catTOP_sys_QCDScale1wUp
Merging measMET_Pseudoscalar2HDM_MonoZLL_mScan_mH-800_ma-500_catEM_sys_TriggerSFWeightDown
Merging measMET_Pseudoscalar2HDM_MonoZLL_mScan_mH-800_ma-500_cat4L_sys_jerUp
Merging measMET_Pseudoscalar2HDM_MonoZLL_mScan_mH-800_ma-500_cat3L_sys_QCDScale0wUp
Merging measMET_Pseudoscalar2HDM_MonoZLL_mScan_mH-800_ma-500_catTOP
Merging MT_Pseudoscalar2HDM_MonoZLL_mScan_mH-800_ma-500_cat4L_sys_puWeightUp
Merging measMET_Pseudoscalar2HDM_MonoZLL_mScan_mH-800_ma-500_cat4L_sys_ElecronSFUp
Merging MT_Pseudoscalar2HDM_MonoZLL_mScan_mH-800_ma-500_catSignal-1jet_sys_puWeightUp
Merging MT_Pseudoscalar2HDM_MonoZLL_mScan_mH-800_ma-500_catNRB_sys_jerDown
Merging measMET_Pseudoscalar2HDM_MonoZLL_mScan_mH-800_ma-500_catDY_sys_puWeightDown
Merging measMET_Pseudoscalar2HDM_MonoZLL_mScan_mH-800_ma-500_cat3L_sys_QCDScale2wDown
Merging measMET_Pseudoscalar2HDM_MonoZLL_mScan_mH-800_ma-500_catNRB_sys_puWeightDown
Merging MT_Pseudoscalar2HDM_MonoZLL_mScan_mH-800_ma-500_cat4L_sys_MuonEnUp
Merging MT_Pseudoscalar2HDM_MonoZLL_mScan_mH-800_ma-500_cat4L
Merging measMET_Pseudoscalar2HDM_MonoZLL_mScan_mH-800_ma-500_catTOP_sys_jerDown
Merging measMET_Pseudoscalar2HDM_MonoZLL_mScan_mH-800_ma-500_cat3L_sys_EWKDown
Merging MT_Pseudoscalar2HDM_MonoZLL_mScan_mH-800_ma-500_catSignal-1jet_sys_PrefireWeightUp
Merging measMET_Pseudoscalar2HDM_MonoZLL_mScan_mH-800_ma-500_catDY_sys_QCDScale2wDown
Merging measMET_Pseudoscalar2HDM_MonoZLL_mScan_mH-800_ma-500_catNRB_sys_ElecronSFDown
Merging measMET_Pseudoscalar2HDM_MonoZLL_mScan_mH-800_ma-500_catSignal-0jet_sys_ElectronEnDown
Merging measMET_Pseudoscalar2HDM_MonoZLL_mScan_mH-800_ma-500_catSignal-0jet_sys_MuonSFUp
Merging measMET_Pseudoscalar2HDM_MonoZLL_mScan_mH-800_ma-500_cat4L_sys_nvtxWeightUp
Merging MT_Pseudoscalar2HDM_MonoZLL_mScan_mH-800_ma-500_cat3L_sys_btagEventWeightUp
Merging MT_Pseudoscalar2HDM_MonoZLL_mScan_mH-800_ma-500_catSignal-1jet_sys_TriggerSFWeightDown
Merging measMET_Pseudoscalar2HDM_MonoZLL_mScan_mH-800_ma-500_catSignal-0jet_sys_puWeightUp
Merging njet_Pseudoscalar2HDM_MonoZLL_mScan_mH-800_ma-500_sys_QCDScale1wDown
Merging phizmet_Pseudoscalar2HDM_MonoZLL_mScan_mH-800_ma-500_sys_MuonEnDown
Merging MT_Pseudoscalar2HDM_MonoZLL_mScan_mH-800_ma-500_catEM_sys_ElecronSFUp
Merging measMET_Pseudoscalar2HDM_MonoZLL_mScan_mH-800_ma-500_catNRB_sys_ElectronEnUp
Merging measMET_Pseudoscalar2HDM_MonoZLL_mScan_mH-800_ma-500_catSignal-0jet_sys_QCDScale0wUp
Merging MT_Pseudoscalar2HDM_MonoZLL_mScan_mH-800_ma-500_cat4L_sys_MuonSFDown
Merging MT_Pseudoscalar2HDM_MonoZLL_mScan_mH-800_ma-500_catNRB_sys_jesTotalDown
Merging MT_Pseudoscalar2HDM_MonoZLL_mScan_mH-800_ma-500_cat3L_sys_TriggerSFWeightDown
Merging measMET_Pseudoscalar2HDM_MonoZLL_mScan_mH-800_ma-500_catTOP_sys_PrefireWeightUp
Merging measMET_Pseudoscalar2HDM_MonoZLL_mScan_mH-800_ma-500_catNRB_sys_QCDScale2wUp
Merging njet_Pseudoscalar2HDM_MonoZLL_mScan_mH-800_ma-500_sys_btagEventWeightUp
Merging measMET_Pseudoscalar2HDM_MonoZLL_mScan_mH-800_ma-500_catSignal-0jet_sys_jerDown
Merging phizmet_Pseudoscalar2HDM_MonoZLL_mScan_mH-800_ma-500_sys_nvtxWeightUp
Merging MT_Pseudoscalar2HDM_MonoZLL_mScan_mH-800_ma-500_cat3L_sys_EWKUp
Merging MT_Pseudoscalar2HDM_MonoZLL_mScan_mH-800_ma-500_cat4L_sys_TriggerSFWeightUp
Merging MT_Pseudoscalar2HDM_MonoZLL_mScan_mH-800_ma-500_catSignal-0jet_sys_QCDScale1wUp
Merging measMET_Pseudoscalar2HDM_MonoZLL_mScan_mH-800_ma-500_catDY_sys_puWeightUp
Merging MT_Pseudoscalar2HDM_MonoZLL_mScan_mH-800_ma-500_catEM_sys_PDFUp
Merging measMET_Pseudoscalar2HDM_MonoZLL_mScan_mH-800_ma-500_catNRB_sys_PrefireWeightDown
Merging balance_Pseudoscalar2HDM_MonoZLL_mScan_mH-800_ma-500_sys_EWKUp
Merging untagged
Merging measMET_Pseudoscalar2HDM_MonoZLL_mScan_mH-800_ma-500_catEM_sys_MuonSFUp
Merging MT_Pseudoscalar2HDM_MonoZLL_mScan_mH-800_ma-500_catSignal-0jet_sys_QCDScale1wDown
Merging MT_Pseudoscalar2HDM_MonoZLL_mScan_mH-800_ma-500_cat3L_sys_jesTotalUp
Merging measMET_Pseudoscalar2HDM_MonoZLL_mScan_mH-800_ma-500_cat3L_sys_btagEventWeightUp
Merging measMET_Pseudoscalar2HDM_MonoZLL_mScan_mH-800_ma-500_catTOP_sys_PDFDown
Merging measMET_Pseudoscalar2HDM_MonoZLL_mScan_mH-800_ma-500_cat4L_sys_MuonEnDown
Merging MT_Pseudoscalar2HDM_MonoZLL_mScan_mH-800_ma-500_catTOP_sys_puWeightDown
Merging measMET_Pseudoscalar2HDM_MonoZLL_mScan_mH-800_ma-500_catNRB_sys_QCDScale1wUp
Merging MT_Pseudoscalar2HDM_MonoZLL_mScan_mH-800_ma-500_cat3L_sys_PrefireWeightUp
Merging measMET_Pseudoscalar2HDM_MonoZLL_mScan_mH-800_ma-500_catNRB_sys_nvtxWeightDown
Merging MT_Pseudoscalar2HDM_MonoZLL_mScan_mH-800_ma-500_cat4L_sys_TriggerSFWeightDown
Merging measMET_Pseudoscalar2HDM_MonoZLL_mScan_mH-800_ma-500_catEM_sys_QCDScale2wDown
Merging measMET_Pseudoscalar2HDM_MonoZLL_mScan_mH-800_ma-500_catEM_sys_nvtxWeightDown
Merging measMET_Pseudoscalar2HDM_MonoZLL_mScan_mH-800_ma-500_catNRB_sys_QCDScale2wDown
Merging measMET_Pseudoscalar2HDM_MonoZLL_mScan_mH-800_ma-500_catSignal-0jet_sys_EWKDown
Merging MT_Pseudoscalar2HDM_MonoZLL_mScan_mH-800_ma-500_catDY_sys_QCDScale2wUp
Merging measMET_Pseudoscalar2HDM_MonoZLL_mScan_mH-800_ma-500_catSignal-0jet_sys_QCDScale0wDown
Merging measMET_Pseudoscalar2HDM_MonoZLL_mScan_mH-800_ma-500_cat4L_sys_QCDScale1wDown
Merging MT_Pseudoscalar2HDM_MonoZLL_mScan_mH-800_ma-500_catSignal-1jet_sys_MuonEnDown
Merging MT_Pseudoscalar2HDM_MonoZLL_mScan_mH-800_ma-500_catNRB_sys_ElectronEnUp
Merging MT_Pseudoscalar2HDM_MonoZLL_mScan_mH-800_ma-500_cat4L_sys_QCDScale2wUp
Merging njet_Pseudoscalar2HDM_MonoZLL_mScan_mH-800_ma-500_sys_nvtxWeightUp
Merging MT_Pseudoscalar2HDM_MonoZLL_mScan_mH-800_ma-500_cat4L_sys_btagEventWeightUp
Merging phizmet_Pseudoscalar2HDM_MonoZLL_mScan_mH-800_ma-500_sys_ElecronSFUp
Merging MT_Pseudoscalar2HDM_MonoZLL_mScan_mH-800_ma-500_catDY_sys_puWeightUp
Merging measMET_Pseudoscalar2HDM_MonoZLL_mScan_mH-800_ma-500_catTOP_sys_MuonSFUp
Merging njet_Pseudoscalar2HDM_MonoZLL_mScan_mH-800_ma-500_sys_TriggerSFWeightDown
Merging measMET_Pseudoscalar2HDM_MonoZLL_mScan_mH-800_ma-500_cat4L_sys_EWKUp
Merging MT_Pseudoscalar2HDM_MonoZLL_mScan_mH-800_ma-500_catSignal-0jet_sys_btagEventWeightDown
Merging measMET_Pseudoscalar2HDM_MonoZLL_mScan_mH-800_ma-500_catSignal-1jet_sys_nvtxWeightUp
Merging measMET_Pseudoscalar2HDM_MonoZLL_mScan_mH-800_ma-500_catDY
Merging MT_Pseudoscalar2HDM_MonoZLL_mScan_mH-800_ma-500_cat3L_sys_QCDScale0wUp
Merging measMET_Pseudoscalar2HDM_MonoZLL_mScan_mH-800_ma-500_catTOP_sys_ElecronSFUp
Merging MT_Pseudoscalar2HDM_MonoZLL_mScan_mH-800_ma-500_catSignal-1jet_sys_btagEventWeightUp
Merging MT_Pseudoscalar2HDM_MonoZLL_mScan_mH-800_ma-500_catSignal-0jet_sys_nvtxWeightDown
Merging phizmet_Pseudoscalar2HDM_MonoZLL_mScan_mH-800_ma-500_sys_ElecronSFDown
Merging measMET_Pseudoscalar2HDM_MonoZLL_mScan_mH-800_ma-500_catDY_sys_jesTotalUp
Merging measMET_Pseudoscalar2HDM_MonoZLL_mScan_mH-800_ma-500_catDY_sys_PDFUp
Merging MT_Pseudoscalar2HDM_MonoZLL_mScan_mH-800_ma-500_catDY_sys_QCDScale1wUp
Merging MT_Pseudoscalar2HDM_MonoZLL_mScan_mH-800_ma-500_cat3L_sys_ElecronSFUp
Merging measMET_Pseudoscalar2HDM_MonoZLL_mScan_mH-800_ma-500_catTOP_sys_QCDScale2wDown
Merging MT_Pseudoscalar2HDM_MonoZLL_mScan_mH-800_ma-500_catEM_sys_PDFDown
Merging MT_Pseudoscalar2HDM_MonoZLL_mScan_mH-800_ma-500_catDY_sys_TriggerSFWeightUp
Merging measMET_Pseudoscalar2HDM_MonoZLL_mScan_mH-800_ma-500_catNRB_sys_jesTotalDown
Merging measMET_Pseudoscalar2HDM_MonoZLL_mScan_mH-800_ma-500_catTOP_sys_QCDScale1wDown
Merging MT_Pseudoscalar2HDM_MonoZLL_mScan_mH-800_ma-500_catEM_sys_TriggerSFWeightUp
Merging measMET_Pseudoscalar2HDM_MonoZLL_mScan_mH-800_ma-500_catNRB_sys_PDFUp
Merging measMET_Pseudoscalar2HDM_MonoZLL_mScan_mH-800_ma-500_catEM_sys_btagEventWeightDown
Merging MT_Pseudoscalar2HDM_MonoZLL_mScan_mH-800_ma-500_catEM_sys_MuonSFDown
Merging njet_Pseudoscalar2HDM_MonoZLL_mScan_mH-800_ma-500_sys_ElecronSFDown
Merging njet_Pseudoscalar2HDM_MonoZLL_mScan_mH-800_ma-500_sys_jerUp
Merging MT_Pseudoscalar2HDM_MonoZLL_mScan_mH-800_ma-500_cat3L_sys_MuonSFUp
Merging measMET_Pseudoscalar2HDM_MonoZLL_mScan_mH-800_ma-500_catEM
Merging balance_Pseudoscalar2HDM_MonoZLL_mScan_mH-800_ma-500_sys_QCDScale0wUp
Merging MT_Pseudoscalar2HDM_MonoZLL_mScan_mH-800_ma-500_catTOP_sys_nvtxWeightDown
Merging MT_Pseudoscalar2HDM_MonoZLL_mScan_mH-800_ma-500_catSignal-1jet_sys_QCDScale2wUp
Merging MT_Pseudoscalar2HDM_MonoZLL_mScan_mH-800_ma-500_catEM_sys_jesTotalDown
Merging MT_Pseudoscalar2HDM_MonoZLL_mScan_mH-800_ma-500_catSignal-1jet_sys_jerDown
Merging phizmet_Pseudoscalar2HDM_MonoZLL_mScan_mH-800_ma-500_sys_PrefireWeightUp
Merging balance_Pseudoscalar2HDM_MonoZLL_mScan_mH-800_ma-500_sys_nvtxWeightDown
Merging measMET_Pseudoscalar2HDM_MonoZLL_mScan_mH-800_ma-500_cat3L_sys_PrefireWeightUp
Merging measMET_Pseudoscalar2HDM_MonoZLL_mScan_mH-800_ma-500_catEM_sys_jesTotalUp
Merging njet_Pseudoscalar2HDM_MonoZLL_mScan_mH-800_ma-500_sys_puWeightDown
Merging MT_Pseudoscalar2HDM_MonoZLL_mScan_mH-800_ma-500_catNRB_sys_PDFUp
Merging measMET_Pseudoscalar2HDM_MonoZLL_mScan_mH-800_ma-500_cat3L_sys_TriggerSFWeightUp
Merging measMET_Pseudoscalar2HDM_MonoZLL_mScan_mH-800_ma-500_catDY_sys_MuonEnUp
Merging measMET_Pseudoscalar2HDM_MonoZLL_mScan_mH-800_ma-500_catDY_sys_ElecronSFUp
Merging MT_Pseudoscalar2HDM_MonoZLL_mScan_mH-800_ma-500_catSignal-1jet_sys_ElecronSFDown
Merging measMET_Pseudoscalar2HDM_MonoZLL_mScan_mH-800_ma-500_catEM_sys_btagEventWeightUp
Merging measMET_Pseudoscalar2HDM_MonoZLL_mScan_mH-800_ma-500_catSignal-1jet_sys_QCDScale2wDown
Merging njet_Pseudoscalar2HDM_MonoZLL_mScan_mH-800_ma-500_sys_MuonEnUp
Merging MT_Pseudoscalar2HDM_MonoZLL_mScan_mH-800_ma-500_catSignal-1jet_sys_nvtxWeightUp
Merging MT_Pseudoscalar2HDM_MonoZLL_mScan_mH-800_ma-500_catEM_sys_QCDScale2wUp
Merging balance_Pseudoscalar2HDM_MonoZLL_mScan_mH-800_ma-500_sys_jerUp
Merging measMET_Pseudoscalar2HDM_MonoZLL_mScan_mH-800_ma-500_catNRB_sys_TriggerSFWeightDown
Merging MT_Pseudoscalar2HDM_MonoZLL_mScan_mH-800_ma-500_catEM_sys_TriggerSFWeightDown
Merging measMET_Pseudoscalar2HDM_MonoZLL_mScan_mH-800_ma-500_catNRB_sys_jerUp
Merging measMET_Pseudoscalar2HDM_MonoZLL_mScan_mH-800_ma-500_catDY_sys_ElecronSFDown
Merging MT_Pseudoscalar2HDM_MonoZLL_mScan_mH-800_ma-500_catSignal-0jet_sys_ElectronEnDown
Merging MT_Pseudoscalar2HDM_MonoZLL_mScan_mH-800_ma-500_catSignal-0jet_sys_jerDown
Merging measMET_Pseudoscalar2HDM_MonoZLL_mScan_mH-800_ma-500_catSignal-1jet_sys_MuonEnUp
Merging MT_Pseudoscalar2HDM_MonoZLL_mScan_mH-800_ma-500_catTOP
Merging MT_Pseudoscalar2HDM_MonoZLL_mScan_mH-800_ma-500_catDY_sys_PrefireWeightUp
Merging MT_Pseudoscalar2HDM_MonoZLL_mScan_mH-800_ma-500_catNRB_sys_btagEventWeightUp
Merging balance_Pseudoscalar2HDM_MonoZLL_mScan_mH-800_ma-500_sys_QCDScale2wDown
Merging measMET_Pseudoscalar2HDM_MonoZLL_mScan_mH-800_ma-500_cat4L_sys_puWeightDown
Merging MT_Pseudoscalar2HDM_MonoZLL_mScan_mH-800_ma-500_catDY_sys_jerUp
Merging measMET_Pseudoscalar2HDM_MonoZLL_mScan_mH-800_ma-500_catTOP_sys_PDFUp
Merging MT_Pseudoscalar2HDM_MonoZLL_mScan_mH-800_ma-500_cat4L_sys_nvtxWeightUp
Merging measMET_Pseudoscalar2HDM_MonoZLL_mScan_mH-800_ma-500_catTOP_sys_QCDScale2wUp
Merging MT_Pseudoscalar2HDM_MonoZLL_mScan_mH-800_ma-500_cat3L
Merging measMET_Pseudoscalar2HDM_MonoZLL_mScan_mH-800_ma-500_catDY_sys_QCDScale1wUp
Merging measMET_Pseudoscalar2HDM_MonoZLL_mScan_mH-800_ma-500_cat3L_sys_EWKUp
Merging measMET_Pseudoscalar2HDM_MonoZLL_mScan_mH-800_ma-500_catTOP_sys_jerUp
Merging MT_Pseudoscalar2HDM_MonoZLL_mScan_mH-800_ma-500_catSignal-1jet_sys_MuonSFDown
Merging MT_Pseudoscalar2HDM_MonoZLL_mScan_mH-800_ma-500_catDY_sys_QCDScale1wDown
Merging measMET_Pseudoscalar2HDM_MonoZLL_mScan_mH-800_ma-500_cat4L_sys_ElectronEnUp
Merging njet_Pseudoscalar2HDM_MonoZLL_mScan_mH-800_ma-500_sys_QCDScale1wUp
Merging MT_Pseudoscalar2HDM_MonoZLL_mScan_mH-800_ma-500_catNRB_sys_TriggerSFWeightDown
Merging MT_Pseudoscalar2HDM_MonoZLL_mScan_mH-800_ma-500_catSignal-1jet_sys_QCDScale1wDown
Merging measMET_Pseudoscalar2HDM_MonoZLL_mScan_mH-800_ma-500_cat3L_sys_MuonEnDown
Merging MT_Pseudoscalar2HDM_MonoZLL_mScan_mH-800_ma-500_cat3L_sys_ElectronEnUp
Merging measMET_Pseudoscalar2HDM_MonoZLL_mScan_mH-800_ma-500_cat3L_sys_ElecronSFDown
Merging MT_Pseudoscalar2HDM_MonoZLL_mScan_mH-800_ma-500_cat3L_sys_nvtxWeightDown
Merging MT_Pseudoscalar2HDM_MonoZLL_mScan_mH-800_ma-500_catSignal-0jet_sys_MuonSFUp
Merging measMET_Pseudoscalar2HDM_MonoZLL_mScan_mH-800_ma-500_catTOP_sys_jesTotalUp
Merging MT_Pseudoscalar2HDM_MonoZLL_mScan_mH-800_ma-500_catDY_sys_nvtxWeightDown
Merging measMET_Pseudoscalar2HDM_MonoZLL_mScan_mH-800_ma-500_catSignal-1jet_sys_puWeightDown
Merging measMET_Pseudoscalar2HDM_MonoZLL_mScan_mH-800_ma-500_catEM_sys_PrefireWeightUp
Merging MT_Pseudoscalar2HDM_MonoZLL_mScan_mH-800_ma-500_catEM
Merging MT_Pseudoscalar2HDM_MonoZLL_mScan_mH-800_ma-500_catNRB_sys_QCDScale1wUp
Merging measMET_Pseudoscalar2HDM_MonoZLL_mScan_mH-800_ma-500_catSignal-1jet_sys_MuonEnDown
Merging MT_Pseudoscalar2HDM_MonoZLL_mScan_mH-800_ma-500_catEM_sys_ElecronSFDown
Merging phizmet_Pseudoscalar2HDM_MonoZLL_mScan_mH-800_ma-500_sys_jesTotalUp
Merging measMET_Pseudoscalar2HDM_MonoZLL_mScan_mH-800_ma-500_catNRB_sys_jerDown
Merging measMET_Pseudoscalar2HDM_MonoZLL_mScan_mH-800_ma-500_catDY_sys_ElectronEnDown
Merging MT_Pseudoscalar2HDM_MonoZLL_mScan_mH-800_ma-500_catDY_sys_PDFUp
Merging MT_Pseudoscalar2HDM_MonoZLL_mScan_mH-800_ma-500_catSignal-1jet_sys_EWKUp
Merging MT_Pseudoscalar2HDM_MonoZLL_mScan_mH-800_ma-500_catEM_sys_jerUp
Merging MT_Pseudoscalar2HDM_MonoZLL_mScan_mH-800_ma-500_cat3L_sys_jesTotalDown
Merging MT_Pseudoscalar2HDM_MonoZLL_mScan_mH-800_ma-500_catNRB_sys_nvtxWeightUp
Merging MT_Pseudoscalar2HDM_MonoZLL_mScan_mH-800_ma-500_catTOP_sys_jerUp
Merging MT_Pseudoscalar2HDM_MonoZLL_mScan_mH-800_ma-500_catEM_sys_puWeightUp
Merging measMET_Pseudoscalar2HDM_MonoZLL_mScan_mH-800_ma-500_catSignal-1jet_sys_QCDScale1wDown
Merging MT_Pseudoscalar2HDM_MonoZLL_mScan_mH-800_ma-500_catEM_sys_ElectronEnUp
Merging MT_Pseudoscalar2HDM_MonoZLL_mScan_mH-800_ma-500_catNRB_sys_PrefireWeightUp
Merging measMET_Pseudoscalar2HDM_MonoZLL_mScan_mH-800_ma-500_catSignal-0jet_sys_MuonSFDown
Merging measMET_Pseudoscalar2HDM_MonoZLL_mScan_mH-800_ma-500_catDY_sys_TriggerSFWeightDown
Merging balance_Pseudoscalar2HDM_MonoZLL_mScan_mH-800_ma-500_sys_btagEventWeightDown
Merging MT_Pseudoscalar2HDM_MonoZLL_mScan_mH-800_ma-500_catNRB_sys_PDFDown
Merging MT_Pseudoscalar2HDM_MonoZLL_mScan_mH-800_ma-500_catSignal-0jet_sys_QCDScale0wDown
Merging measMET_Pseudoscalar2HDM_MonoZLL_mScan_mH-800_ma-500_catSignal-0jet_sys_TriggerSFWeightUp
Merging measMET_Pseudoscalar2HDM_MonoZLL_mScan_mH-800_ma-500_catDY_sys_btagEventWeightUp
Merging MT_Pseudoscalar2HDM_MonoZLL_mScan_mH-800_ma-500_catNRB_sys_TriggerSFWeightUp
Merging MT_Pseudoscalar2HDM_MonoZLL_mScan_mH-800_ma-500_catSignal-0jet_sys_QCDScale2wUp
Merging phizmet_Pseudoscalar2HDM_MonoZLL_mScan_mH-800_ma-500_sys_nvtxWeightDown
Merging balance_Pseudoscalar2HDM_MonoZLL_mScan_mH-800_ma-500_sys_PrefireWeightDown
Merging MT_Pseudoscalar2HDM_MonoZLL_mScan_mH-800_ma-500_catNRB_sys_QCDScale2wDown
Merging measMET_Pseudoscalar2HDM_MonoZLL_mScan_mH-800_ma-500_catTOP_sys_btagEventWeightDown
Merging MT_Pseudoscalar2HDM_MonoZLL_mScan_mH-800_ma-500_catNRB_sys_nvtxWeightDown
Merging balance_Pseudoscalar2HDM_MonoZLL_mScan_mH-800_ma-500_sys_MuonSFDown
Merging MT_Pseudoscalar2HDM_MonoZLL_mScan_mH-800_ma-500_catSignal-1jet_sys_PrefireWeightDown
Merging MT_Pseudoscalar2HDM_MonoZLL_mScan_mH-800_ma-500_catSignal-0jet_sys_puWeightDown
Merging MT_Pseudoscalar2HDM_MonoZLL_mScan_mH-800_ma-500_cat4L_sys_QCDScale1wUp
Merging MT_Pseudoscalar2HDM_MonoZLL_mScan_mH-800_ma-500_catTOP_sys_MuonEnUp
Merging njet_Pseudoscalar2HDM_MonoZLL_mScan_mH-800_ma-500_sys_jerDown
Merging MT_Pseudoscalar2HDM_MonoZLL_mScan_mH-800_ma-500_cat3L_sys_puWeightDown
Merging measMET_Pseudoscalar2HDM_MonoZLL_mScan_mH-800_ma-500_catDY_sys_QCDScale2wUp
Merging MT_Pseudoscalar2HDM_MonoZLL_mScan_mH-800_ma-500_catNRB_sys_MuonEnUp
Merging measMET_Pseudoscalar2HDM_MonoZLL_mScan_mH-800_ma-500_catSignal-1jet_sys_ElectronEnUp
Merging measMET_Pseudoscalar2HDM_MonoZLL_mScan_mH-800_ma-500_cat4L_sys_btagEventWeightUp
Merging measMET_Pseudoscalar2HDM_MonoZLL_mScan_mH-800_ma-500_catEM_sys_MuonEnUp
Merging MT_Pseudoscalar2HDM_MonoZLL_mScan_mH-800_ma-500_catEM_sys_nvtxWeightUp
Merging MT_Pseudoscalar2HDM_MonoZLL_mScan_mH-800_ma-500_catSignal-1jet_sys_QCDScale0wDown
Merging measMET_Pseudoscalar2HDM_MonoZLL_mScan_mH-800_ma-500_catDY_sys_MuonSFUp
Merging measMET_Pseudoscalar2HDM_MonoZLL_mScan_mH-800_ma-500_catEM_sys_puWeightUp
Merging measMET_Pseudoscalar2HDM_MonoZLL_mScan_mH-800_ma-500_cat4L_sys_MuonSFDown
Merging measMET_Pseudoscalar2HDM_MonoZLL_mScan_mH-800_ma-500_cat4L_sys_MuonEnUp
Merging MT_Pseudoscalar2HDM_MonoZLL_mScan_mH-800_ma-500_cat4L_sys_jesTotalDown
Merging MT_Pseudoscalar2HDM_MonoZLL_mScan_mH-800_ma-500_catNRB_sys_MuonEnDown
Merging measMET_Pseudoscalar2HDM_MonoZLL_mScan_mH-800_ma-500_cat4L_sys_QCDScale1wUp
Merging measMET_Pseudoscalar2HDM_MonoZLL_mScan_mH-800_ma-500_catTOP_sys_QCDScale0wUp
Merging MT_Pseudoscalar2HDM_MonoZLL_mScan_mH-800_ma-500_catNRB_sys_ElectronEnDown
Merging measMET_Pseudoscalar2HDM_MonoZLL_mScan_mH-800_ma-500_catEM_sys_PDFUp
Merging measMET_Pseudoscalar2HDM_MonoZLL_mScan_mH-800_ma-500_catTOP_sys_ElectronEnUp
Merging MT_Pseudoscalar2HDM_MonoZLL_mScan_mH-800_ma-500_catDY_sys_nvtxWeightUp
Merging phizmet_Pseudoscalar2HDM_MonoZLL_mScan_mH-800_ma-500_sys_ElectronEnUp
Merging MT_Pseudoscalar2HDM_MonoZLL_mScan_mH-800_ma-500_catDY_sys_MuonSFUp
Merging measMET_Pseudoscalar2HDM_MonoZLL_mScan_mH-800_ma-500_catEM_sys_puWeightDown
Merging measMET_Pseudoscalar2HDM_MonoZLL_mScan_mH-800_ma-500_catSignal-0jet_sys_QCDScale1wDown
 kHz), accepted    30001/   30001 events (100.00%)
Processed 33556 preselected entries from /eos/cms/store/group/phys_exotica/monoZ/Exorcism2016/Pseudoscalar2HDM_MonoZLL_mScan_mH-800_ma-500/tree_0.root (33556 entries). Finally selected 33556 entries
Done ./tree_0_Skim.root
14.2634288168 Hz
----- transfer output to eos :
----- directory after running :
.:
total 6252
-rw-r--r--. 1 cfreer zh    1213 Nov 30 01:50 FrameworkJobReport.xml
-rw-r--r--. 1 cfreer zh       0 Nov 30 01:09 _condor_stderr
-rw-r--r--. 1 cfreer zh   82829 Nov 30 01:50 _condor_stdout
-rw-------. 1 cfreer zh    4914 Nov 30 01:50 cfreer.cc
-rw-r--r--. 1 cfreer zh   16092 Nov 30 01:09 combineHLT_Run2.yaml
-rw-r--r--. 1 cfreer zh    5718 Nov 30 01:09 condor_WSProducer.py
-rwxr-xr-x. 1 cfreer zh     843 Nov 30 01:09 condor_exec.exe
-rwxr-xr-x. 1 cfreer zh    2559 Nov 30 01:09 haddnano.py
-rw-r--r--. 1 cfreer zh       8 Nov 30 01:09 keep_and_drop_WS.txt
drwx------. 3 cfreer zh    4096 Nov 30 01:09 tmp
-rw-r--r--. 1 cfreer zh 3126402 Nov 30 01:50 tree_0.root
-rw-r--r--. 1 cfreer zh 3126254 Nov 30 01:50 tree_0_Skim.root
drwx------. 3 cfreer zh    4096 Nov 30 01:09 var

./tmp:
total 4
drwxr-xr-x. 3 cfreer zh 4096 Nov 30 01:09 mjf-cfreer

./tmp/mjf-cfreer:
total 4
drwxr-xr-x. 2 cfreer zh 4096 Nov 30 01:09 jobfeatures-bigbird09.cern.ch_3030567.0_1574954787

./tmp/mjf-cfreer/jobfeatures-bigbird09.cern.ch_3030567.0_1574954787:
total 28
-rw-r--r--. 1 cfreer zh  1 Nov 30 01:09 allocated_cpu
-rw-r--r--. 1 cfreer zh  6 Nov 30 01:09 cpu_limit_secs
-rw-r--r--. 1 cfreer zh 38 Nov 30 01:09 job_id
-rw-r--r--. 1 cfreer zh 10 Nov 30 01:09 jobstart_secs
-rw-r--r--. 1 cfreer zh 10 Nov 30 01:09 max_rss_bytes
-rw-r--r--. 1 cfreer zh 10 Nov 30 01:09 scratch_limit_bytes
-rw-r--r--. 1 cfreer zh  6 Nov 30 01:09 wall_limit_secs

./var:
total 4
drwx------. 2 cfreer zh 4096 Nov 30 01:09 tmp

./var/tmp:
total 0
 ------ THE END (everyone dies !) ----- 
