
/pool/condor/dir_29611

... start job at 2019-11-30 06:23:55
----- directory before running:
.:
total 52
-rw-r--r--. 1 cfreer zh     0 Nov 30 06:23 _condor_stderr
-rw-r--r--. 1 cfreer zh    94 Nov 30 06:23 _condor_stdout
-rw-------. 1 cfreer zh  2642 Nov 30 06:23 cfreer.cc
-rw-r--r--. 1 cfreer zh 16092 Nov 30 06:23 combineHLT_Run2.yaml
-rw-r--r--. 1 cfreer zh  5718 Nov 30 06:23 condor_WSProducer.py
-rwxr-xr-x. 1 cfreer zh   863 Nov 30 06:23 condor_exec.exe
-rwxr-xr-x. 1 cfreer zh  2559 Nov 30 06:23 haddnano.py
-rw-r--r--. 1 cfreer zh     8 Nov 30 06:23 keep_and_drop_WS.txt
drwx------. 3 cfreer zh  4096 Nov 30 06:23 tmp
drwx------. 3 cfreer zh  4096 Nov 30 06:23 var

./tmp:
total 4
drwxr-xr-x. 3 cfreer zh 4096 Nov 30 06:23 mjf-cfreer

./tmp/mjf-cfreer:
total 4
drwxr-xr-x. 2 cfreer zh 4096 Nov 30 06:23 jobfeatures-bigbird09.cern.ch_3031815.15_1574960267

./tmp/mjf-cfreer/jobfeatures-bigbird09.cern.ch_3031815.15_1574960267:
total 28
-rw-r--r--. 1 cfreer zh  1 Nov 30 06:23 allocated_cpu
-rw-r--r--. 1 cfreer zh  6 Nov 30 06:23 cpu_limit_secs
-rw-r--r--. 1 cfreer zh 39 Nov 30 06:23 job_id
-rw-r--r--. 1 cfreer zh 10 Nov 30 06:23 jobstart_secs
-rw-r--r--. 1 cfreer zh 10 Nov 30 06:23 max_rss_bytes
-rw-r--r--. 1 cfreer zh 10 Nov 30 06:23 scratch_limit_bytes
-rw-r--r--. 1 cfreer zh  6 Nov 30 06:23 wall_limit_secs

./var:
total 4
drwx------. 2 cfreer zh 4096 Nov 30 06:23 tmp

./var/tmp:
total 0
----- CMSSW BASE, python path, pwd:
+ CMSSW_BASE  = /afs/cern.ch/work/c/cfreer/MonoZ_2019/MT_plots/CMSSW_10_6_4
+ PYTHON_PATH = 
+ PWD         = /pool/condor/dir_29611
/eos/cms/store/group/phys_exotica/monoZ/Exorcism2018/DY2JetsToLL_M-50_LHEZpT_150-250_TuneCP5_13TeV-amcnloFXFX-pythia8/tree_31.root  ->  /eos/cms/store/group/phys_exotica/monoZ/Exorcism2018/DY2JetsToLL_M-50_LHEZpT_150-250_TuneCP5_13TeV-amcnloFXFX-pythia8/tree_31.root
Testing file open
Test OK
---------------------------
 -- options  =  Namespace(dataset='X', doSyst=1, era='2018', infile='/eos/cms/store/group/phys_exotica/monoZ/Exorcism2018/DY2JetsToLL_M-50_LHEZpT_150-250_TuneCP5_13TeV-amcnloFXFX-pythia8/tree_31.root', isMC=1, jobNum=15, nevt=-1)
 -- is MC    =  1
 -- jobNum   =  15
 -- era      =  2018
 -- in file  =  /eos/cms/store/group/phys_exotica/monoZ/Exorcism2018/DY2JetsToLL_M-50_LHEZpT_150-250_TuneCP5_13TeV-amcnloFXFX-pythia8/tree_31.root
 -- dataset  =  X
---------------------------
[check] condtag_ ==  DY2JetsToLL_M-50_LHEZpT_150-250_TuneCP5_13TeV-amcnloFXFX-pythia8
[check] dataset  ==  monoZ
modules :  <PhysicsTools.MonoZ.MonoZWSProducer.MonoZWSProducer object at 0x2b9e76499750>
modules :  <PhysicsTools.MonoZ.MonoZWSProducer.MonoZWSProducer object at 0x2b9e76499810>
modules :  <PhysicsTools.MonoZ.MonoZWSProducer.MonoZWSProducer object at 0x2b9e76499850>
modules :  <PhysicsTools.MonoZ.MonoZWSProducer.MonoZWSProducer object at 0x2b9e76499890>
modules :  <PhysicsTools.MonoZ.MonoZWSProducer.MonoZWSProducer object at 0x2b9e764998d0>
modules :  <PhysicsTools.MonoZ.MonoZWSProducer.MonoZWSProducer object at 0x2b9e76499910>
modules :  <PhysicsTools.MonoZ.MonoZWSProducer.MonoZWSProducer object at 0x2b9e76499950>
modules :  <PhysicsTools.MonoZ.MonoZWSProducer.MonoZWSProducer object at 0x2b9e76499990>
modules :  <PhysicsTools.MonoZ.MonoZWSProducer.MonoZWSProducer object at 0x2b9e764999d0>
modules :  <PhysicsTools.MonoZ.MonoZWSProducer.MonoZWSProducer object at 0x2b9e76499a10>
modules :  <PhysicsTools.MonoZ.MonoZWSProducer.MonoZWSProducer object at 0x2b9e76499a50>
modules :  <PhysicsTools.MonoZ.MonoZWSProducer.MonoZWSProducer object at 0x2b9e76499a90>
modules :  <PhysicsTools.MonoZ.MonoZWSProducer.MonoZWSProducer object at 0x2b9e76499ad0>
modules :  <PhysicsTools.MonoZ.MonoZWSProducer.MonoZWSProducer object at 0x2b9e76499b10>
modules :  <PhysicsTools.MonoZ.MonoZWSProducer.MonoZWSProducer object at 0x2b9e76499b50>
modules :  <PhysicsTools.MonoZ.MonoZWSProducer.MonoZWSProducer object at 0x2b9e76499b90>
modules :  <PhysicsTools.MonoZ.MonoZWSProducer.MonoZWSProducer object at 0x2b9e76499bd0>
modules :  <PhysicsTools.MonoZ.MonoZWSProducer.MonoZWSProducer object at 0x2b9e76499c10>
modules :  <PhysicsTools.MonoZ.MonoZWSProducer.MonoZWSProducer object at 0x2b9e76499c50>
modules :  <PhysicsTools.MonoZ.MonoZWSProducer.MonoZWSProducer object at 0x2b9e76499c90>
modules :  <PhysicsTools.MonoZ.MonoZWSProducer.MonoZWSProducer object at 0x2b9e76499cd0>
modules :  <PhysicsTools.MonoZ.MonoZWSProducer.MonoZWSProducer object at 0x2b9e76499d10>
modules :  <PhysicsTools.MonoZ.MonoZWSProducer.MonoZWSProducer object at 0x2b9e76499d90>
modules :  <PhysicsTools.MonoZ.MonoZWSProducer.MonoZWSProducer object at 0x2b9e76499e10>
modules :  <PhysicsTools.MonoZ.MonoZWSProducer.MonoZWSProducer object at 0x2b9e76499e90>
modules :  <PhysicsTools.MonoZ.MonoZWSProducer.MonoZWSProducer object at 0x2b9e76499f10>
modules :  <PhysicsTools.MonoZ.MonoZWSProducer.MonoZWSProducer object at 0x2b9e76499f50>
modules :  <PhysicsTools.MonoZ.MonoZWSProducer.MonoZWSProducer object at 0x2b9e76499f90>
modules :  <PhysicsTools.MonoZ.MonoZWSProducer.MonoZWSProducer object at 0x2b9e76499fd0>
modules :  <PhysicsTools.MonoZ.MonoZWSProducer.MonoZWSProducer object at 0x2b9e7649b050>
modules :  <PhysicsTools.MonoZ.MonoZWSProducer.MonoZWSProducer object at 0x2b9e7649b090>
Selection :  
Will write selected trees to .
Pre-select 129700 entries out of 129700 (100.00%)
Processed    10000/  129700 entries,  7.71% (elapsed time   652.4s, curr speed    0.015 kHz, avg speed    0.015 kHz), accepted    10001/   10001 events (100.00%)
Processed    20000/  129700 entries, 15.42% (elapsed time  1301.6s, curr speed    0.015 kHz, avg speed    0.015 kHz), accepted    20001/   20001 events (100.00%)
ProAdding file ./tree_31_Skim.root
Merging measMET_monoZ_catSignal-0jet
Merging MT_monoZ_catSignal-0jet
Merging measMET_monoZ_catEM
Merging MT_monoZ_catEM
Merging measMET_monoZ_catSignal-1jet
Merging MT_monoZ_catSignal-1jet
Merging measMET_monoZ_cat3L
Merging MT_monoZ_cat3L
Merging measMET_monoZ_cat4L
Merging MT_monoZ_cat4L
Merging measMET_monoZ_catNRB
Merging MT_monoZ_catNRB
Merging measMET_monoZ_catTOP
Merging MT_monoZ_catTOP
Merging measMET_monoZ_catDY
Merging MT_monoZ_catDY
Merging balance_monoZ
Merging phizmet_monoZ
Merging njet_monoZ
Merging measMET_monoZ_catSignal-0jet_sys_ElectronEnUp
Merging MT_monoZ_catSignal-0jet_sys_ElectronEnUp
Merging measMET_monoZ_catEM_sys_ElectronEnUp
Merging MT_monoZ_catEM_sys_ElectronEnUp
Merging measMET_monoZ_catSignal-1jet_sys_ElectronEnUp
Merging MT_monoZ_catSignal-1jet_sys_ElectronEnUp
Merging measMET_monoZ_cat3L_sys_ElectronEnUp
Merging MT_monoZ_cat3L_sys_ElectronEnUp
Merging measMET_monoZ_cat4L_sys_ElectronEnUp
Merging MT_monoZ_cat4L_sys_ElectronEnUp
Merging measMET_monoZ_catNRB_sys_ElectronEnUp
Merging MT_monoZ_catNRB_sys_ElectronEnUp
Merging measMET_monoZ_catTOP_sys_ElectronEnUp
Merging MT_monoZ_catTOP_sys_ElectronEnUp
Merging measMET_monoZ_catDY_sys_ElectronEnUp
Merging MT_monoZ_catDY_sys_ElectronEnUp
Merging balance_monoZ_sys_ElectronEnUp
Merging phizmet_monoZ_sys_ElectronEnUp
Merging njet_monoZ_sys_ElectronEnUp
Merging measMET_monoZ_catSignal-0jet_sys_ElectronEnDown
Merging MT_monoZ_catSignal-0jet_sys_ElectronEnDown
Merging measMET_monoZ_catEM_sys_ElectronEnDown
Merging MT_monoZ_catEM_sys_ElectronEnDown
Merging measMET_monoZ_catSignal-1jet_sys_ElectronEnDown
Merging MT_monoZ_catSignal-1jet_sys_ElectronEnDown
Merging measMET_monoZ_cat3L_sys_ElectronEnDown
Merging MT_monoZ_cat3L_sys_ElectronEnDown
Merging measMET_monoZ_cat4L_sys_ElectronEnDown
Merging MT_monoZ_cat4L_sys_ElectronEnDown
Merging measMET_monoZ_catNRB_sys_ElectronEnDown
Merging MT_monoZ_catNRB_sys_ElectronEnDown
Merging measMET_monoZ_catTOP_sys_ElectronEnDown
Merging MT_monoZ_catTOP_sys_ElectronEnDown
Merging measMET_monoZ_catDY_sys_ElectronEnDown
Merging MT_monoZ_catDY_sys_ElectronEnDown
Merging balance_monoZ_sys_ElectronEnDown
Merging phizmet_monoZ_sys_ElectronEnDown
Merging njet_monoZ_sys_ElectronEnDown
Merging measMET_monoZ_catSignal-0jet_sys_MuonEnUp
Merging MT_monoZ_catSignal-0jet_sys_MuonEnUp
Merging measMET_monoZ_catEM_sys_MuonEnUp
Merging MT_monoZ_catEM_sys_MuonEnUp
Merging measMET_monoZ_catSignal-1jet_sys_MuonEnUp
Merging MT_monoZ_catSignal-1jet_sys_MuonEnUp
Merging measMET_monoZ_cat3L_sys_MuonEnUp
Merging MT_monoZ_cat3L_sys_MuonEnUp
Merging measMET_monoZ_cat4L_sys_MuonEnUp
Merging MT_monoZ_cat4L_sys_MuonEnUp
Merging measMET_monoZ_catNRB_sys_MuonEnUp
Merging MT_monoZ_catNRB_sys_MuonEnUp
Merging measMET_monoZ_catTOP_sys_MuonEnUp
Merging MT_monoZ_catTOP_sys_MuonEnUp
Merging measMET_monoZ_catDY_sys_MuonEnUp
Merging MT_monoZ_catDY_sys_MuonEnUp
Merging balance_monoZ_sys_MuonEnUp
Merging phizmet_monoZ_sys_MuonEnUp
Merging njet_monoZ_sys_MuonEnUp
Merging measMET_monoZ_catSignal-0jet_sys_MuonEnDown
Merging MT_monoZ_catSignal-0jet_sys_MuonEnDown
Merging measMET_monoZ_catEM_sys_MuonEnDown
Merging MT_monoZ_catEM_sys_MuonEnDown
Merging measMET_monoZ_catSignal-1jet_sys_MuonEnDown
Merging MT_monoZ_catSignal-1jet_sys_MuonEnDown
Merging measMET_monoZ_cat3L_sys_MuonEnDown
Merging MT_monoZ_cat3L_sys_MuonEnDown
Merging measMET_monoZ_cat4L_sys_MuonEnDown
Merging MT_monoZ_cat4L_sys_MuonEnDown
Merging measMET_monoZ_catNRB_sys_MuonEnDown
Merging MT_monoZ_catNRB_sys_MuonEnDown
Merging measMET_monoZ_catTOP_sys_MuonEnDown
Merging MT_monoZ_catTOP_sys_MuonEnDown
Merging measMET_monoZ_catDY_sys_MuonEnDown
Merging MT_monoZ_catDY_sys_MuonEnDown
Merging balance_monoZ_sys_MuonEnDown
Merging phizmet_monoZ_sys_MuonEnDown
Merging njet_monoZ_sys_MuonEnDown
Merging measMET_monoZ_catSignal-0jet_sys_jesTotalUp
Merging MT_monoZ_catSignal-0jet_sys_jesTotalUp
Merging measMET_monoZ_catEM_sys_jesTotalUp
Merging MT_monoZ_catEM_sys_jesTotalUp
Merging measMET_monoZ_catSignal-1jet_sys_jesTotalUp
Merging MT_monoZ_catSignal-1jet_sys_jesTotalUp
Merging measMET_monoZ_cat3L_sys_jesTotalUp
Merging MT_monoZ_cat3L_sys_jesTotalUp
Merging measMET_monoZ_cat4L_sys_jesTotalUp
Merging MT_monoZ_cat4L_sys_jesTotalUp
Merging measMET_monoZ_catNRB_sys_jesTotalUp
Merging MT_monoZ_catNRB_sys_jesTotalUp
Merging measMET_monoZ_catTOP_sys_jesTotalUp
Merging MT_monoZ_catTOP_sys_jesTotalUp
Merging measMET_monoZ_catDY_sys_jesTotalUp
Merging MT_monoZ_catDY_sys_jesTotalUp
Merging balance_monoZ_sys_jesTotalUp
Merging phizmet_monoZ_sys_jesTotalUp
Merging njet_monoZ_sys_jesTotalUp
Merging measMET_monoZ_catSignal-0jet_sys_jesTotalDown
Merging MT_monoZ_catSignal-0jet_sys_jesTotalDown
Merging measMET_monoZ_catEM_sys_jesTotalDown
Merging MT_monoZ_catEM_sys_jesTotalDown
Merging measMET_monoZ_catSignal-1jet_sys_jesTotalDown
Merging MT_monoZ_catSignal-1jet_sys_jesTotalDown
Merging measMET_monoZ_cat3L_sys_jesTotalDown
Merging MT_monoZ_cat3L_sys_jesTotalDown
Merging measMET_monoZ_cat4L_sys_jesTotalDown
Merging MT_monoZ_cat4L_sys_jesTotalDown
Merging measMET_monoZ_catNRB_sys_jesTotalDown
Merging MT_monoZ_catNRB_sys_jesTotalDown
Merging measMET_monoZ_catTOP_sys_jesTotalDown
Merging MT_monoZ_catTOP_sys_jesTotalDown
Merging measMET_monoZ_catDY_sys_jesTotalDown
Merging MT_monoZ_catDY_sys_jesTotalDown
Merging balance_monoZ_sys_jesTotalDown
Merging phizmet_monoZ_sys_jesTotalDown
Merging njet_monoZ_sys_jesTotalDown
Merging measMET_monoZ_catSignal-0jet_sys_jerUp
Merging MT_monoZ_catSignal-0jet_sys_jerUp
Merging measMET_monoZ_catEM_sys_jerUp
Merging MT_monoZ_catEM_sys_jerUp
Merging measMET_monoZ_catSignal-1jet_sys_jerUp
Merging MT_monoZ_catSignal-1jet_sys_jerUp
Merging measMET_monoZ_cat3L_sys_jerUp
Merging MT_monoZ_cat3L_sys_jerUp
Merging measMET_monoZ_cat4L_sys_jerUp
Merging MT_monoZ_cat4L_sys_jerUp
Merging measMET_monoZ_catNRB_sys_jerUp
Merging MT_monoZ_catNRB_sys_jerUp
Merging measMET_monoZ_catTOP_sys_jerUp
Merging MT_monoZ_catTOP_sys_jerUp
Merging measMET_monoZ_catDY_sys_jerUp
Merging MT_monoZ_catDY_sys_jerUp
Merging balance_monoZ_sys_jerUp
Merging phizmet_monoZ_sys_jerUp
Merging njet_monoZ_sys_jerUp
Merging measMET_monoZ_catSignal-0jet_sys_jerDown
Merging MT_monoZ_catSignal-0jet_sys_jerDown
Merging measMET_monoZ_catEM_sys_jerDown
Merging MT_monoZ_catEM_sys_jerDown
Merging measMET_monoZ_catSignal-1jet_sys_jerDown
Merging MT_monoZ_catSignal-1jet_sys_jerDown
Merging measMET_monoZ_cat3L_sys_jerDown
Merging MT_monoZ_cat3L_sys_jerDown
Merging measMET_monoZ_cat4L_sys_jerDown
Merging MT_monoZ_cat4L_sys_jerDown
Merging measMET_monoZ_catNRB_sys_jerDown
Merging MT_monoZ_catNRB_sys_jerDown
Merging measMET_monoZ_catTOP_sys_jerDown
Merging MT_monoZ_catTOP_sys_jerDown
Merging measMET_monoZ_catDY_sys_jerDown
Merging MT_monoZ_catDY_sys_jerDown
Merging balance_monoZ_sys_jerDown
Merging phizmet_monoZ_sys_jerDown
Merging njet_monoZ_sys_jerDown
Merging measMET_monoZ_catSignal-0jet_sys_puWeightUp
Merging MT_monoZ_catSignal-0jet_sys_puWeightUp
Merging measMET_monoZ_catEM_sys_puWeightUp
Merging MT_monoZ_catEM_sys_puWeightUp
Merging measMET_monoZ_catSignal-1jet_sys_puWeightUp
Merging MT_monoZ_catSignal-1jet_sys_puWeightUp
Merging measMET_monoZ_cat3L_sys_puWeightUp
Merging MT_monoZ_cat3L_sys_puWeightUp
Merging measMET_monoZ_cat4L_sys_puWeightUp
Merging MT_monoZ_cat4L_sys_puWeightUp
Merging measMET_monoZ_catNRB_sys_puWeightUp
Merging MT_monoZ_catNRB_sys_puWeightUp
Merging measMET_monoZ_catTOP_sys_puWeightUp
Merging MT_monoZ_catTOP_sys_puWeightUp
Merging measMET_monoZ_catDY_sys_puWeightUp
Merging MT_monoZ_catDY_sys_puWeightUp
Merging balance_monoZ_sys_puWeightUp
Merging phizmet_monoZ_sys_puWeightUp
Merging njet_monoZ_sys_puWeightUp
Merging measMET_monoZ_catSignal-0jet_sys_puWeightDown
Merging MT_monoZ_catSignal-0jet_sys_puWeightDown
Merging measMET_monoZ_catEM_sys_puWeightDown
Merging MT_monoZ_catEM_sys_puWeightDown
Merging measMET_monoZ_catSignal-1jet_sys_puWeightDown
Merging MT_monoZ_catSignal-1jet_sys_puWeightDown
Merging measMET_monoZ_cat3L_sys_puWeightDown
Merging MT_monoZ_cat3L_sys_puWeightDown
Merging measMET_monoZ_cat4L_sys_puWeightDown
Merging MT_monoZ_cat4L_sys_puWeightDown
Merging measMET_monoZ_catNRB_sys_puWeightDown
Merging MT_monoZ_catNRB_sys_puWeightDown
Merging measMET_monoZ_catTOP_sys_puWeightDown
Merging MT_monoZ_catTOP_sys_puWeightDown
Merging measMET_monoZ_catDY_sys_puWeightDown
Merging MT_monoZ_catDY_sys_puWeightDown
Merging balance_monoZ_sys_puWeightDown
Merging phizmet_monoZ_sys_puWeightDown
Merging njet_monoZ_sys_puWeightDown
Merging measMET_monoZ_catSignal-0jet_sys_PDFUp
Merging MT_monoZ_catSignal-0jet_sys_PDFUp
Merging measMET_monoZ_catEM_sys_PDFUp
Merging MT_monoZ_catEM_sys_PDFUp
Merging measMET_monoZ_catSignal-1jet_sys_PDFUp
Merging MT_monoZ_catSignal-1jet_sys_PDFUp
Merging measMET_monoZ_cat3L_sys_PDFUp
Merging MT_monoZ_cat3L_sys_PDFUp
Merging measMET_monoZ_cat4L_sys_PDFUp
Merging MT_monoZ_cat4L_sys_PDFUp
Merging measMET_monoZ_catNRB_sys_PDFUp
Merging MT_monoZ_catNRB_sys_PDFUp
Merging measMET_monoZ_catTOP_sys_PDFUp
Merging MT_monoZ_catTOP_sys_PDFUp
Merging measMET_monoZ_catDY_sys_PDFUp
Merging MT_monoZ_catDY_sys_PDFUp
Merging balance_monoZ_sys_PDFUp
Merging phizmet_monoZ_sys_PDFUp
Merging njet_monoZ_sys_PDFUp
Merging measMET_monoZ_catSignal-0jet_sys_PDFDown
Merging MT_monoZ_catSignal-0jet_sys_PDFDown
Merging measMET_monoZ_catEM_sys_PDFDown
Merging MT_monoZ_catEM_sys_PDFDown
Merging measMET_monoZ_catSignal-1jet_sys_PDFDown
Merging MT_monoZ_catSignal-1jet_sys_PDFDown
Merging measMET_monoZ_cat3L_sys_PDFDown
Merging MT_monoZ_cat3L_sys_PDFDown
Merging measMET_monoZ_cat4L_sys_PDFDown
Merging MT_monoZ_cat4L_sys_PDFDown
Merging measMET_monoZ_catNRB_sys_PDFDown
Merging MT_monoZ_catNRB_sys_PDFDown
Merging measMET_monoZ_catTOP_sys_PDFDown
Merging MT_monoZ_catTOP_sys_PDFDown
Merging measMET_monoZ_catDY_sys_PDFDown
Merging MT_monoZ_catDY_sys_PDFDown
Merging balance_monoZ_sys_PDFDown
Merging phizmet_monoZ_sys_PDFDown
Merging njet_monoZ_sys_PDFDown
Merging measMET_monoZ_catSignal-0jet_sys_MuonSFUp
Merging MT_monoZ_catSignal-0jet_sys_MuonSFUp
Merging measMET_monoZ_catEM_sys_MuonSFUp
Merging MT_monoZ_catEM_sys_MuonSFUp
Merging measMET_monoZ_catSignal-1jet_sys_MuonSFUp
Merging MT_monoZ_catSignal-1jet_sys_MuonSFUp
Merging measMET_monoZ_cat3L_sys_MuonSFUp
Merging MT_monoZ_cat3L_sys_MuonSFUp
Merging measMET_monoZ_cat4L_sys_MuonSFUp
Merging MT_monoZ_cat4L_sys_MuonSFUp
Merging measMET_monoZ_catNRB_sys_MuonSFUp
Merging MT_monoZ_catNRB_sys_MuonSFUp
Merging measMET_monoZ_catTOP_sys_MuonSFUp
Merging MT_monoZ_catTOP_sys_MuonSFUp
Merging measMET_monoZ_catDY_sys_MuonSFUp
Merging MT_monoZ_catDY_sys_MuonSFUp
Merging balance_monoZ_sys_MuonSFUp
Merging phizmet_monoZ_sys_MuonSFUp
Merging njet_monoZ_sys_MuonSFUp
Merging measMET_monoZ_catSignal-0jet_sys_MuonSFDown
Merging MT_monoZ_catSignal-0jet_sys_MuonSFDown
Merging measMET_monoZ_catEM_sys_MuonSFDown
Merging MT_monoZ_catEM_sys_MuonSFDown
Merging measMET_monoZ_catSignal-1jet_sys_MuonSFDown
Merging MT_monoZ_catSignal-1jet_sys_MuonSFDown
Merging measMET_monoZ_cat3L_sys_MuonSFDown
Merging MT_monoZ_cat3L_sys_MuonSFDown
Merging measMET_monoZ_cat4L_sys_MuonSFDown
Merging MT_monoZ_cat4L_sys_MuonSFDown
Merging measMET_monoZ_catNRB_sys_MuonSFDown
Merging MT_monoZ_catNRB_sys_MuonSFDown
Merging measMET_monoZ_catTOP_sys_MuonSFDown
Merging MT_monoZ_catTOP_sys_MuonSFDown
Merging measMET_monoZ_catDY_sys_MuonSFDown
Merging MT_monoZ_catDY_sys_MuonSFDown
Merging balance_monoZ_sys_MuonSFDown
Merging phizmet_monoZ_sys_MuonSFDown
Merging njet_monoZ_sys_MuonSFDown
Merging measMET_monoZ_catSignal-0jet_sys_ElecronSFUp
Merging MT_monoZ_catSignal-0jet_sys_ElecronSFUp
Merging measMET_monoZ_catEM_sys_ElecronSFUp
Merging MT_monoZ_catEM_sys_ElecronSFUp
Merging measMET_monoZ_catSignal-1jet_sys_ElecronSFUp
Merging MT_monoZ_catSignal-1jet_sys_ElecronSFUp
Merging measMET_monoZ_cat3L_sys_ElecronSFUp
Merging MT_monoZ_cat3L_sys_ElecronSFUp
Merging measMET_monoZ_cat4L_sys_ElecronSFUp
Merging MT_monoZ_cat4L_sys_ElecronSFUp
Merging measMET_monoZ_catNRB_sys_ElecronSFUp
Merging MT_monoZ_catNRB_sys_ElecronSFUp
Merging measMET_monoZ_catTOP_sys_ElecronSFUp
Merging MT_monoZ_catTOP_sys_ElecronSFUp
Merging measMET_monoZ_catDY_sys_ElecronSFUp
Merging MT_monoZ_catDY_sys_ElecronSFUp
Merging balance_monoZ_sys_ElecronSFUp
Merging phizmet_monoZ_sys_ElecronSFUp
Merging njet_monoZ_sys_ElecronSFUp
Merging measMET_monoZ_catSignal-0jet_sys_ElecronSFDown
Merging MT_monoZ_catSignal-0jet_sys_ElecronSFDown
Merging measMET_monoZ_catEM_sys_ElecronSFDown
Merging MT_monoZ_catEM_sys_ElecronSFDown
Merging measMET_monoZ_catSignal-1jet_sys_ElecronSFDown
Merging MT_monoZ_catSignal-1jet_sys_ElecronSFDown
Merging measMET_monoZ_cat3L_sys_ElecronSFDown
Merging MT_monoZ_cat3L_sys_ElecronSFDown
Merging measMET_monoZ_cat4L_sys_ElecronSFDown
Merging MT_monoZ_cat4L_sys_ElecronSFDown
Merging measMET_monoZ_catNRB_sys_ElecronSFDown
Merging MT_monoZ_catNRB_sys_ElecronSFDown
Merging measMET_monoZ_catTOP_sys_ElecronSFDown
Merging MT_monoZ_catTOP_sys_ElecronSFDown
Merging measMET_monoZ_catDY_sys_ElecronSFDown
Merging MT_monoZ_catDY_sys_ElecronSFDown
Merging balance_monoZ_sys_ElecronSFDown
Merging phizmet_monoZ_sys_ElecronSFDown
Merging njet_monoZ_sys_ElecronSFDown
Merging measMET_monoZ_catSignal-0jet_sys_EWKUp
Merging MT_monoZ_catSignal-0jet_sys_EWKUp
Merging measMET_monoZ_catEM_sys_EWKUp
Merging MT_monoZ_catEM_sys_EWKUp
Merging measMET_monoZ_catSignal-1jet_sys_EWKUp
Merging MT_monoZ_catSignal-1jet_sys_EWKUp
Merging measMET_monoZ_cat3L_sys_EWKUp
Merging MT_monoZ_cat3L_sys_EWKUp
Merging measMET_monoZ_cat4L_sys_EWKUp
Merging MT_monoZ_cat4L_sys_EWKUp
Merging measMET_monoZ_catNRB_sys_EWKUp
Merging MT_monoZ_catNRB_sys_EWKUp
Merging measMET_monoZ_catTOP_sys_EWKUp
Merging MT_monoZ_catTOP_sys_EWKUp
Merging measMET_monoZ_catDY_sys_EWKUp
Merging MT_monoZ_catDY_sys_EWKUp
Merging balance_monoZ_sys_EWKUp
Merging phizmet_monoZ_sys_EWKUp
Merging njet_monoZ_sys_EWKUp
Merging measMET_monoZ_catSignal-0jet_sys_EWKDown
Merging MT_monoZ_catSignal-0jet_sys_EWKDown
Merging measMET_monoZ_catEM_sys_EWKDown
Merging MT_monoZ_catEM_sys_EWKDown
Merging measMET_monoZ_catSignal-1jet_sys_EWKDown
Merging MT_monoZ_catSignal-1jet_sys_EWKDown
Merging measMET_monoZ_cat3L_sys_EWKDown
Merging MT_monoZ_cat3L_sys_EWKDown
Merging measMET_monoZ_cat4L_sys_EWKDown
Merging MT_monoZ_cat4L_sys_EWKDown
Merging measMET_monoZ_catNRB_sys_EWKDown
Merging MT_monoZ_catNRB_sys_EWKDown
Merging measMET_monoZ_catTOP_sys_EWKDown
Merging MT_monoZ_catTOP_sys_EWKDown
Merging measMET_monoZ_catDY_sys_EWKDown
Merging MT_monoZ_catDY_sys_EWKDown
Merging balance_monoZ_sys_EWKDown
Merging phizmet_monoZ_sys_EWKDown
Merging njet_monoZ_sys_EWKDown
Merging measMET_monoZ_catSignal-0jet_sys_nvtxWeightUp
Merging MT_monoZ_catSignal-0jet_sys_nvtxWeightUp
Merging measMET_monoZ_catEM_sys_nvtxWeightUp
Merging MT_monoZ_catEM_sys_nvtxWeightUp
Merging measMET_monoZ_catSignal-1jet_sys_nvtxWeightUp
Merging MT_monoZ_catSignal-1jet_sys_nvtxWeightUp
Merging measMET_monoZ_cat3L_sys_nvtxWeightUp
Merging MT_monoZ_cat3L_sys_nvtxWeightUp
Merging measMET_monoZ_cat4L_sys_nvtxWeightUp
Merging MT_monoZ_cat4L_sys_nvtxWeightUp
Merging measMET_monoZ_catNRB_sys_nvtxWeightUp
Merging MT_monoZ_catNRB_sys_nvtxWeightUp
Merging measMET_monoZ_catTOP_sys_nvtxWeightUp
Merging MT_monoZ_catTOP_sys_nvtxWeightUp
Merging measMET_monoZ_catDY_sys_nvtxWeightUp
Merging MT_monoZ_catDY_sys_nvtxWeightUp
Merging balance_monoZ_sys_nvtxWeightUp
Merging phizmet_monoZ_sys_nvtxWeightUp
Merging njet_monoZ_sys_nvtxWeightUp
Merging measMET_monoZ_catSignal-0jet_sys_nvtxWeightDown
Merging MT_monoZ_catSignal-0jet_sys_nvtxWeightDown
Merging measMET_monoZ_catEM_sys_nvtxWeightDown
Merging MT_monoZ_catEM_sys_nvtxWeightDown
Merging measMET_monoZ_catSignal-1jet_sys_nvtxWeightDown
Merging MT_monoZ_catSignal-1jet_sys_nvtxWeightDown
Merging measMET_monoZ_cat3L_sys_nvtxWeightDown
Merging MT_monoZ_cat3L_sys_nvtxWeightDown
Merging measMET_monoZ_cat4L_sys_nvtxWeightDown
Merging MT_monoZ_cat4L_sys_nvtxWeightDown
Merging measMET_monoZ_catNRB_sys_nvtxWeightDown
Merging MT_monoZ_catNRB_sys_nvtxWeightDown
Merging measMET_monoZ_catTOP_sys_nvtxWeightDown
Merging MT_monoZ_catTOP_sys_nvtxWeightDown
Merging measMET_monoZ_catDY_sys_nvtxWeightDown
Merging MT_monoZ_catDY_sys_nvtxWeightDown
Merging balance_monoZ_sys_nvtxWeightDown
Merging phizmet_monoZ_sys_nvtxWeightDown
Merging njet_monoZ_sys_nvtxWeightDown
Merging measMET_monoZ_catSignal-0jet_sys_TriggerSFWeightUp
Merging MT_monoZ_catSignal-0jet_sys_TriggerSFWeightUp
Merging measMET_monoZ_catEM_sys_TriggerSFWeightUp
Merging MT_monoZ_catEM_sys_TriggerSFWeightUp
Merging measMET_monoZ_catSignal-1jet_sys_TriggerSFWeightUp
Merging MT_monoZ_catSignal-1jet_sys_TriggerSFWeightUp
Merging measMET_monoZ_cat3L_sys_TriggerSFWeightUp
Merging MT_monoZ_cat3L_sys_TriggerSFWeightUp
Merging measMET_monoZ_cat4L_sys_TriggerSFWeightUp
Merging MT_monoZ_cat4L_sys_TriggerSFWeightUp
Merging measMET_monoZ_catNRB_sys_TriggerSFWeightUp
Merging MT_monoZ_catNRB_sys_TriggerSFWeightUp
Merging measMET_monoZ_catTOP_sys_TriggerSFWeightUp
Merging MT_monoZ_catTOP_sys_TriggerSFWeightUp
Merging measMET_monoZ_catDY_sys_TriggerSFWeightUp
Merging MT_monoZ_catDY_sys_TriggerSFWeightUp
Merging balance_monoZ_sys_TriggerSFWeightUp
Merging phizmet_monoZ_sys_TriggerSFWeightUp
Merging njet_monoZ_sys_TriggerSFWeightUp
Merging measMET_monoZ_catSignal-0jet_sys_TriggerSFWeightDown
Merging MT_monoZ_catSignal-0jet_sys_TriggerSFWeightDown
Merging measMET_monoZ_catEM_sys_TriggerSFWeightDown
Merging MT_monoZ_catEM_sys_TriggerSFWeightDown
Merging measMET_monoZ_catSignal-1jet_sys_TriggerSFWeightDown
Merging MT_monoZ_catSignal-1jet_sys_TriggerSFWeightDown
Merging measMET_monoZ_cat3L_sys_TriggerSFWeightDown
Merging MT_monoZ_cat3L_sys_TriggerSFWeightDown
Merging measMET_monoZ_cat4L_sys_TriggerSFWeightDown
Merging MT_monoZ_cat4L_sys_TriggerSFWeightDown
Merging measMET_monoZ_catNRB_sys_TriggerSFWeightDown
Merging MT_monoZ_catNRB_sys_TriggerSFWeightDown
Merging measMET_monoZ_catTOP_sys_TriggerSFWeightDown
Merging MT_monoZ_catTOP_sys_TriggerSFWeightDown
Merging measMET_monoZ_catDY_sys_TriggerSFWeightDown
Merging MT_monoZ_catDY_sys_TriggerSFWeightDown
Merging balance_monoZ_sys_TriggerSFWeightDown
Merging phizmet_monoZ_sys_TriggerSFWeightDown
Merging njet_monoZ_sys_TriggerSFWeightDown
Merging measMET_monoZ_catSignal-0jet_sys_btagEventWeightUp
Merging MT_monoZ_catSignal-0jet_sys_btagEventWeightUp
Merging measMET_monoZ_catEM_sys_btagEventWeightUp
Merging MT_monoZ_catEM_sys_btagEventWeightUp
Merging measMET_monoZ_catSignal-1jet_sys_btagEventWeightUp
Merging MT_monoZ_catSignal-1jet_sys_btagEventWeightUp
Merging measMET_monoZ_cat3L_sys_btagEventWeightUp
Merging MT_monoZ_cat3L_sys_btagEventWeightUp
Merging measMET_monoZ_cat4L_sys_btagEventWeightUp
Merging MT_monoZ_cat4L_sys_btagEventWeightUp
Merging measMET_monoZ_catNRB_sys_btagEventWeightUp
Merging MT_monoZ_catNRB_sys_btagEventWeightUp
Merging measMET_monoZ_catTOP_sys_btagEventWeightUp
Merging MT_monoZ_catTOP_sys_btagEventWeightUp
Merging measMET_monoZ_catDY_sys_btagEventWeightUp
Merging MT_monoZ_catDY_sys_btagEventWeightUp
Merging balance_monoZ_sys_btagEventWeightUp
Merging phizmet_monoZ_sys_btagEventWeightUp
Merging njet_monoZ_sys_btagEventWeightUp
Merging measMET_monoZ_catSignal-0jet_sys_btagEventWeightDown
Merging MT_monoZ_catSignal-0jet_sys_btagEventWeightDown
Merging measMET_monoZ_catEM_sys_btagEventWeightDown
Merging MT_monoZ_catEM_sys_btagEventWeightDown
Merging measMET_monoZ_catSignal-1jet_sys_btagEventWeightDown
Merging MT_monoZ_catSignal-1jet_sys_btagEventWeightDown
Merging measMET_monoZ_cat3L_sys_btagEventWeightDown
Merging MT_monoZ_cat3L_sys_btagEventWeightDown
Merging measMET_monoZ_cat4L_sys_btagEventWeightDown
Merging MT_monoZ_cat4L_sys_btagEventWeightDown
Merging measMET_monoZ_catNRB_sys_btagEventWeightDown
Merging MT_monoZ_catNRB_sys_btagEventWeightDown
Merging measMET_monoZ_catTOP_sys_btagEventWeightDown
Merging MT_monoZ_catTOP_sys_btagEventWeightDown
Merging measMET_monoZ_catDY_sys_btagEventWeightDown
Merging MT_monoZ_catDY_sys_btagEventWeightDown
Merging balance_monoZ_sys_btagEventWeightDown
Merging phizmet_monoZ_sys_btagEventWeightDown
Merging njet_monoZ_sys_btagEventWeightDown
Merging measMET_monoZ_catSignal-0jet_sys_QCDScale0wUp
Merging MT_monoZ_catSignal-0jet_sys_QCDScale0wUp
Merging measMET_monoZ_catEM_sys_QCDScale0wUp
Merging MT_monoZ_catEM_sys_QCDScale0wUp
Merging measMET_monoZ_catSignal-1jet_sys_QCDScale0wUp
Merging MT_monoZ_catSignal-1jet_sys_QCDScale0wUp
Merging measMET_monoZ_cat3L_sys_QCDScale0wUp
Merging MT_monoZ_cat3L_sys_QCDScale0wUp
Merging measMET_monoZ_cat4L_sys_QCDScale0wUp
Merging MT_monoZ_cat4L_sys_QCDScale0wUp
Merging measMET_monoZ_catNRB_sys_QCDScale0wUp
Merging MT_monoZ_catNRB_sys_QCDScale0wUp
Merging measMET_monoZ_catTOP_sys_QCDScale0wUp
Merging MT_monoZ_catTOP_sys_QCDScale0wUp
Merging measMET_monoZ_catDY_sys_QCDScale0wUp
Merging MT_monoZ_catDY_sys_QCDScale0wUp
Merging balance_monoZ_sys_QCDScale0wUp
Merging phizmet_monoZ_sys_QCDScale0wUp
Merging njet_monoZ_sys_QCDScale0wUp
Merging measMET_monoZ_catSignal-0jet_sys_QCDScale0wDown
Merging MT_monoZ_catSignal-0jet_sys_QCDScale0wDown
Merging measMET_monoZ_catEM_sys_QCDScale0wDown
Merging MT_monoZ_catEM_sys_QCDScale0wDown
Merging measMET_monoZ_catSignal-1jet_sys_QCDScale0wDown
Merging MT_monoZ_catSignal-1jet_sys_QCDScale0wDown
Merging measMET_monoZ_cat3L_sys_QCDScale0wDown
Merging MT_monoZ_cat3L_sys_QCDScale0wDown
Merging measMET_monoZ_cat4L_sys_QCDScale0wDown
Merging MT_monoZ_cat4L_sys_QCDScale0wDown
Merging measMET_monoZ_catNRB_sys_QCDScale0wDown
Merging MT_monoZ_catNRB_sys_QCDScale0wDown
Merging measMET_monoZ_catTOP_sys_QCDScale0wDown
Merging MT_monoZ_catTOP_sys_QCDScale0wDown
Merging measMET_monoZ_catDY_sys_QCDScale0wDown
Merging MT_monoZ_catDY_sys_QCDScale0wDown
Merging balance_monoZ_sys_QCDScale0wDown
Merging phizmet_monoZ_sys_QCDScale0wDown
Merging njet_monoZ_sys_QCDScale0wDown
Merging measMET_monoZ_catSignal-0jet_sys_QCDScale1wUp
Merging MT_monoZ_catSignal-0jet_sys_QCDScale1wUp
Merging measMET_monoZ_catEM_sys_QCDScale1wUp
Merging MT_monoZ_catEM_sys_QCDScale1wUp
Merging measMET_monoZ_catSignal-1jet_sys_QCDScale1wUp
Merging MT_monoZ_catSignal-1jet_sys_QCDScale1wUp
Merging measMET_monoZ_cat3L_sys_QCDScale1wUp
Merging MT_monoZ_cat3L_sys_QCDScale1wUp
Merging measMET_monoZ_cat4L_sys_QCDScale1wUp
Merging MT_monoZ_cat4L_sys_QCDScale1wUp
Merging measMET_monoZ_catNRB_sys_QCDScale1wUp
Merging MT_monoZ_catNRB_sys_QCDScale1wUp
Merging measMET_monoZ_catTOP_sys_QCDScale1wUp
Merging MT_monoZ_catTOP_sys_QCDScale1wUp
Merging measMET_monoZ_catDY_sys_QCDScale1wUp
Merging MT_monoZ_catDY_sys_QCDScale1wUp
Merging balance_monoZ_sys_QCDScale1wUp
Merging phizmet_monoZ_sys_QCDScale1wUp
Merging njet_monoZ_sys_QCDScale1wUp
Merging measMET_monoZ_catSignal-0jet_sys_QCDScale1wDown
Merging MT_monoZ_catSignal-0jet_sys_QCDScale1wDown
Merging measMET_monoZ_catEM_sys_QCDScale1wDown
Merging MT_monoZ_catEM_sys_QCDScale1wDown
Merging measMET_monoZ_catSignal-1jet_sys_QCDScale1wDown
Merging MT_monoZ_catSignal-1jet_sys_QCDScale1wDown
Merging measMET_monoZ_cat3L_sys_QCDScale1wDown
Merging MT_monoZ_cat3L_sys_QCDScale1wDown
Merging measMET_monoZ_cat4L_sys_QCDScale1wDown
Merging MT_monoZ_cat4L_sys_QCDScale1wDown
Merging measMET_monoZ_catNRB_sys_QCDScale1wDown
Merging MT_monoZ_catNRB_sys_QCDScale1wDown
Merging measMET_monoZ_catTOP_sys_QCDScale1wDown
Merging MT_monoZ_catTOP_sys_QCDScale1wDown
Merging measMET_monoZ_catDY_sys_QCDScale1wDown
Merging MT_monoZ_catDY_sys_QCDScale1wDown
Merging balance_monoZ_sys_QCDScale1wDown
Merging phizmet_monoZ_sys_QCDScale1wDown
Merging njet_monoZ_sys_QCDScale1wDown
Merging measMET_monoZ_catSignal-0jet_sys_QCDScale2wUp
Merging MT_monoZ_catSignal-0jet_sys_QCDScale2wUp
Merging measMET_monoZ_catEM_sys_QCDScale2wUp
Merging MT_monoZ_catEM_sys_QCDScale2wUp
Merging measMET_monoZ_catSignal-1jet_sys_QCDScale2wUp
Merging MT_monoZ_catSignal-1jet_sys_QCDScale2wUp
Merging measMET_monoZ_cat3L_sys_QCDScale2wUp
Merging MT_monoZ_cat3L_sys_QCDScale2wUp
Merging measMET_monoZ_cat4L_sys_QCDScale2wUp
Merging MT_monoZ_cat4L_sys_QCDScale2wUp
Merging measMET_monoZ_catNRB_sys_QCDScale2wUp
Merging MT_monoZ_catNRB_sys_QCDScale2wUp
Merging measMET_monoZ_catTOP_sys_QCDScale2wUp
Merging MT_monoZ_catTOP_sys_QCDScale2wUp
Merging measMET_monoZ_catDY_sys_QCDScale2wUp
Merging MT_monoZ_catDY_sys_QCDScale2wUp
Merging balance_monoZ_sys_QCDScale2wUp
Merging phizmet_monoZ_sys_QCDScale2wUp
Merging njet_monoZ_sys_QCDScale2wUp
Merging measMET_monoZ_catSignal-0jet_sys_QCDScale2wDown
Merging MT_monoZ_catSignal-0jet_sys_QCDScale2wDown
Merging measMET_monoZ_catEM_sys_QCDScale2wDown
Merging MT_monoZ_catEM_sys_QCDScale2wDown
Merging measMET_monoZ_catSignal-1jet_sys_QCDScale2wDown
Merging MT_monoZ_catSignal-1jet_sys_QCDScale2wDown
Merging measMET_monoZ_cat3L_sys_QCDScale2wDown
Merging MT_monoZ_cat3L_sys_QCDScale2wDown
Merging measMET_monoZ_cat4L_sys_QCDScale2wDown
Merging MT_monoZ_cat4L_sys_QCDScale2wDown
Merging measMET_monoZ_catNRB_sys_QCDScale2wDown
Merging MT_monoZ_catNRB_sys_QCDScale2wDown
Merging measMET_monoZ_catTOP_sys_QCDScale2wDown
Merging MT_monoZ_catTOP_sys_QCDScale2wDown
Merging measMET_monoZ_catDY_sys_QCDScale2wDown
Merging MT_monoZ_catDY_sys_QCDScale2wDown
Merging balance_monoZ_sys_QCDScale2wDown
Merging phizmet_monoZ_sys_QCDScale2wDown
Merging njet_monoZ_sys_QCDScale2wDown
Merging Events
Merging Runs
Merging ParameterSets
Merging LuminosityBlocks
Merging MetaData
Merging MT_DY2JetsToLL_M-50_LHEZpT_150-250_TuneCP5_13TeV-amcnloFXFX-pythia8_cat3L_sys_btagEventWeightUp
Merging MT_DY2JetsToLL_M-50_LHEZpT_150-250_TuneCP5_13TeV-amcnloFXFX-pythia8_catEM_sys_jerUp
Merging njet_DY2JetsToLL_M-50_LHEZpT_150-250_TuneCP5_13TeV-amcnloFXFX-pythia8_sys_QCDScale2wDown
Merging MT_DY2JetsToLL_M-50_LHEZpT_150-250_TuneCP5_13TeV-amcnloFXFX-pythia8_catEM_sys_jerDown
Merging measMET_DY2JetsToLL_M-50_LHEZpT_150-250_TuneCP5_13TeV-amcnloFXFX-pythia8_cat3L_sys_MuonEnDown
Merging MT_DY2JetsToLL_M-50_LHEZpT_150-250_TuneCP5_13TeV-amcnloFXFX-pythia8_catEM_sys_ElectronEnDown
Merging measMET_DY2JetsToLL_M-50_LHEZpT_150-250_TuneCP5_13TeV-amcnloFXFX-pythia8_catSignal-0jet_sys_PDFDown
Merging measMET_DY2JetsToLL_M-50_LHEZpT_150-250_TuneCP5_13TeV-amcnloFXFX-pythia8_catSignal-1jet_sys_jesTotalDown
Merging njet_DY2JetsToLL_M-50_LHEZpT_150-250_TuneCP5_13TeV-amcnloFXFX-pythia8_sys_PrefireWeightDown
Merging measMET_DY2JetsToLL_M-50_LHEZpT_150-250_TuneCP5_13TeV-amcnloFXFX-pythia8_cat4L_sys_btagEventWeightUp
Merging measMET_DY2JetsToLL_M-50_LHEZpT_150-250_TuneCP5_13TeV-amcnloFXFX-pythia8_catDY_sys_TriggerSFWeightUp
Merging measMET_DY2JetsToLL_M-50_LHEZpT_150-250_TuneCP5_13TeV-amcnloFXFX-pythia8_cat3L_sys_EWKUp
Merging phizmet_DY2JetsToLL_M-50_LHEZpT_150-250_TuneCP5_13TeV-amcnloFXFX-pythia8_sys_ElectronEnDown
Merging balance_DY2JetsToLL_M-50_LHEZpT_150-250_TuneCP5_13TeV-amcnloFXFX-pythia8_sys_EWKDown
Merging MT_DY2JetsToLL_M-50_LHEZpT_150-250_TuneCP5_13TeV-amcnloFXFX-pythia8_catNRB_sys_ElecronSFDown
Merging MT_DY2JetsToLL_M-50_LHEZpT_150-250_TuneCP5_13TeV-amcnloFXFX-pythia8_catSignal-1jet_sys_nvtxWeightDown
Merging MT_DY2JetsToLL_M-50_LHEZpT_150-250_TuneCP5_13TeV-amcnloFXFX-pythia8_catTOP_sys_btagEventWeightDown
Merging MT_DY2JetsToLL_M-50_LHEZpT_150-250_TuneCP5_13TeV-amcnloFXFX-pythia8_catEM_sys_EWKDown
Merging measMET_DY2JetsToLL_M-50_LHEZpT_150-250_TuneCP5_13TeV-amcnloFXFX-pythia8_cat4L_sys_jesTotalUp
Merging phizmet_DY2JetsToLL_M-50_LHEZpT_150-250_TuneCP5_13TeV-amcnloFXFX-pythia8
Merging njet_DY2JetsToLL_M-50_LHEZpT_150-250_TuneCP5_13TeV-amcnloFXFX-pythia8_sys_QCDScale1wUp
Merging measMET_DY2JetsToLL_M-50_LHEZpT_150-250_TuneCP5_13TeV-amcnloFXFX-pythia8_catSignal-1jet_sys_QCDScale2wUp
Merging measMET_DY2JetsToLL_M-50_LHEZpT_150-250_TuneCP5_13TeV-amcnloFXFX-pythia8_catSignal-1jet_sys_MuonEnUp
Merging measMET_DY2JetsToLL_M-50_LHEZpT_150-250_TuneCP5_13TeV-amcnloFXFX-pythia8_catEM_sys_QCDScale2wDown
Merging MT_DY2JetsToLL_M-50_LHEZpT_150-250_TuneCP5_13TeV-amcnloFXFX-pythia8_catEM_sys_QCDScale1wDown
Merging measMET_DY2JetsToLL_M-50_LHEZpT_150-250_TuneCP5_13TeV-amcnloFXFX-pythia8_cat4L_sys_ElecronSFUp
Merging MT_DY2JetsToLL_M-50_LHEZpT_150-250_TuneCP5_13TeV-amcnloFXFX-pythia8_catSignal-0jet_sys_PDFUp
Merging MT_DY2JetsToLL_M-50_LHEZpT_150-250_TuneCP5_13TeV-amcnloFXFX-pythia8_catTOP_sys_puWeightDown
Merging MT_DY2JetsToLL_M-50_LHEZpT_150-250_TuneCP5_13TeV-amcnloFXFX-pythia8_catSignal-0jet_sys_jerDown
Merging MT_DY2JetsToLL_M-50_LHEZpT_150-250_TuneCP5_13TeV-amcnloFXFX-pythia8_catSignal-0jet_sys_TriggerSFWeightUp
Merging measMET_DY2JetsToLL_M-50_LHEZpT_150-250_TuneCP5_13TeV-amcnloFXFX-pythia8_catSignal-1jet_sys_ElectronEnUp
Merging measMET_DY2JetsToLL_M-50_LHEZpT_150-250_TuneCP5_13TeV-amcnloFXFX-pythia8_catDY_sys_puWeightDown
Merging measMET_DY2JetsToLL_M-50_LHEZpT_150-250_TuneCP5_13TeV-amcnloFXFX-pythia8_catEM_sys_btagEventWeightDown
Merging measMET_DY2JetsToLL_M-50_LHEZpT_150-250_TuneCP5_13TeV-amcnloFXFX-pythia8_catDY_sys_QCDScale2wUp
Merging MT_DY2JetsToLL_M-50_LHEZpT_150-250_TuneCP5_13TeV-amcnloFXFX-pythia8_catSignal-1jet_sys_ElecronSFDown
Merging balance_DY2JetsToLL_M-50_LHEZpT_150-250_TuneCP5_13TeV-amcnloFXFX-pythia8_sys_ElectronEnUp
Merging MT_DY2JetsToLL_M-50_LHEZpT_150-250_TuneCP5_13TeV-amcnloFXFX-pythia8_catDY_sys_jerUp
Merging measMET_DY2JetsToLL_M-50_LHEZpT_150-250_TuneCP5_13TeV-amcnloFXFX-pythia8_catSignal-1jet_sys_PDFDown
Merging phizmet_DY2JetsToLL_M-50_LHEZpT_150-250_TuneCP5_13TeV-amcnloFXFX-pythia8_sys_TriggerSFWeightDown
Merging MT_DY2JetsToLL_M-50_LHEZpT_150-250_TuneCP5_13TeV-amcnloFXFX-pythia8_cat3L_sys_EWKUp
Merging MT_DY2JetsToLL_M-50_LHEZpT_150-250_TuneCP5_13TeV-amcnloFXFX-pythia8_catDY
Merging njet_DY2JetsToLL_M-50_LHEZpT_150-250_TuneCP5_13TeV-amcnloFXFX-pythia8_sys_ElectronEnUp
Merging MT_DY2JetsToLL_M-50_LHEZpT_150-250_TuneCP5_13TeV-amcnloFXFX-pythia8_catSignal-1jet_sys_ElecronSFUp
Merging MT_DY2JetsToLL_M-50_LHEZpT_150-250_TuneCP5_13TeV-amcnloFXFX-pythia8_catSignal-1jet_sys_puWeightUp
Merging MT_DY2JetsToLL_M-50_LHEZpT_150-250_TuneCP5_13TeV-amcnloFXFX-pythia8_catSignal-0jet
Merging measMET_DY2JetsToLL_M-50_LHEZpT_150-250_TuneCP5_13TeV-amcnloFXFX-pythia8_catSignal-0jet_sys_QCDScale0wDown
Merging measMET_DY2JetsToLL_M-50_LHEZpT_150-250_TuneCP5_13TeV-amcnloFXFX-pythia8_catSignal-0jet_sys_EWKUp
Merging measMET_DY2JetsToLL_M-50_LHEZpT_150-250_TuneCP5_13TeV-amcnloFXFX-pythia8_catDY_sys_MuonEnUp
Merging measMET_DY2JetsToLL_M-50_LHEZpT_150-250_TuneCP5_13TeV-amcnloFXFX-pythia8_catEM_sys_EWKDown
Merging measMET_DY2JetsToLL_M-50_LHEZpT_150-250_TuneCP5_13TeV-amcnloFXFX-pythia8_cat4L
Merging measMET_DY2JetsToLL_M-50_LHEZpT_150-250_TuneCP5_13TeV-amcnloFXFX-pythia8_catTOP_sys_MuonEnDown
Merging measMET_DY2JetsToLL_M-50_LHEZpT_150-250_TuneCP5_13TeV-amcnloFXFX-pythia8_catSignal-1jet_sys_nvtxWeightUp
Merging MT_DY2JetsToLL_M-50_LHEZpT_150-250_TuneCP5_13TeV-amcnloFXFX-pythia8_catSignal-1jet_sys_QCDScale0wDown
Merging MT_DY2JetsToLL_M-50_LHEZpT_150-250_TuneCP5_13TeV-amcnloFXFX-pythia8_catNRB_sys_PDFDown
Merging MT_DY2JetsToLL_M-50_LHEZpT_150-250_TuneCP5_13TeV-amcnloFXFX-pythia8_catNRB_sys_MuonEnDown
Merging measMET_DY2JetsToLL_M-50_LHEZpT_150-250_TuneCP5_13TeV-amcnloFXFX-pythia8_catEM_sys_btagEventWeightUp
Merging MT_DY2JetsToLL_M-50_LHEZpT_150-250_TuneCP5_13TeV-amcnloFXFX-pythia8_cat3L_sys_MuonSFDown
Merging measMET_DY2JetsToLL_M-50_LHEZpT_150-250_TuneCP5_13TeV-amcnloFXFX-pythia8_catEM_sys_PrefireWeightDown
Merging measMET_DY2JetsToLL_M-50_LHEZpT_150-250_TuneCP5_13TeV-amcnloFXFX-pythia8_catEM_sys_TriggerSFWeightDown
Merging njet_DY2JetsToLL_M-50_LHEZpT_150-250_TuneCP5_13TeV-amcnloFXFX-pythia8_sys_PrefireWeightUp
Merging measMET_DY2JetsToLL_M-50_LHEZpT_150-250_TuneCP5_13TeV-amcnloFXFX-pythia8_cat3L_sys_jerUp
Merging MT_DY2JetsToLL_M-50_LHEZpT_150-250_TuneCP5_13TeV-amcnloFXFX-pythia8_cat3L_sys_PDFDown
Merging MT_DY2JetsToLL_M-50_LHEZpT_150-250_TuneCP5_13TeV-amcnloFXFX-pythia8_catTOP_sys_jerDown
Merging measMET_DY2JetsToLL_M-50_LHEZpT_150-250_TuneCP5_13TeV-amcnloFXFX-pythia8_catSignal-1jet_sys_QCDScale0wDown
Merging measMET_DY2JetsToLL_M-50_LHEZpT_150-250_TuneCP5_13TeV-amcnloFXFX-pythia8_cat3L_sys_QCDScale2wDown
Merging MT_DY2JetsToLL_M-50_LHEZpT_150-250_TuneCP5_13TeV-amcnloFXFX-pythia8_cat4L_sys_QCDScale0wUp
Merging MT_DY2JetsToLL_M-50_LHEZpT_150-250_TuneCP5_13TeV-amcnloFXFX-pythia8_catSignal-0jet_sys_TriggerSFWeightDown
Merging measMET_DY2JetsToLL_M-50_LHEZpT_150-250_TuneCP5_13TeV-amcnloFXFX-pythia8_cat4L_sys_jerUp
Merging measMET_DY2JetsToLL_M-50_LHEZpT_150-250_TuneCP5_13TeV-amcnloFXFX-pythia8_cat3L_sys_ElectronEnDown
Merging MT_DY2JetsToLL_M-50_LHEZpT_150-250_TuneCP5_13TeV-amcnloFXFX-pythia8_catSignal-1jet_sys_EWKUp
Merging MT_DY2JetsToLL_M-50_LHEZpT_150-250_TuneCP5_13TeV-amcnloFXFX-pythia8_catSignal-0jet_sys_EWKDown
Merging measMET_DY2JetsToLL_M-50_LHEZpT_150-250_TuneCP5_13TeV-amcnloFXFX-pythia8_catTOP_sys_QCDScale1wDown
Merging MT_DY2JetsToLL_M-50_LHEZpT_150-250_TuneCP5_13TeV-amcnloFXFX-pythia8_cat4L_sys_QCDScale0wDown
Merging MT_DY2JetsToLL_M-50_LHEZpT_150-250_TuneCP5_13TeV-amcnloFXFX-pythia8_catSignal-1jet_sys_QCDScale1wDown
Merging measMET_DY2JetsToLL_M-50_LHEZpT_150-250_TuneCP5_13TeV-amcnloFXFX-pythia8_catSignal-1jet_sys_ElecronSFUp
Merging balance_DY2JetsToLL_M-50_LHEZpT_150-250_TuneCP5_13TeV-amcnloFXFX-pythia8_sys_PDFDown
Merging measMET_DY2JetsToLL_M-50_LHEZpT_150-250_TuneCP5_13TeV-amcnloFXFX-pythia8_catTOP_sys_ElectronEnUp
Merging measMET_DY2JetsToLL_M-50_LHEZpT_150-250_TuneCP5_13TeV-amcnloFXFX-pythia8_cat4L_sys_jesTotalDown
Merging measMET_DY2JetsToLL_M-50_LHEZpT_150-250_TuneCP5_13TeV-amcnloFXFX-pythia8_cat4L_sys_QCDScale1wUp
Merging measMET_DY2JetsToLL_M-50_LHEZpT_150-250_TuneCP5_13TeV-amcnloFXFX-pythia8_catSignal-0jet_sys_ElecronSFUp
Merging MT_DY2JetsToLL_M-50_LHEZpT_150-250_TuneCP5_13TeV-amcnloFXFX-pythia8_catSignal-1jet_sys_btagEventWeightDown
Merging njet_DY2JetsToLL_M-50_LHEZpT_150-250_TuneCP5_13TeV-amcnloFXFX-pythia8_sys_EWKDown
Merging phizmet_DY2JetsToLL_M-50_LHEZpT_150-250_TuneCP5_13TeV-amcnloFXFX-pythia8_sys_btagEventWeightUp
Merging MT_DY2JetsToLL_M-50_LHEZpT_150-250_TuneCP5_13TeV-amcnloFXFX-pythia8_catDY_sys_nvtxWeightDown
Merging measMET_DY2JetsToLL_M-50_LHEZpT_150-250_TuneCP5_13TeV-amcnloFXFX-pythia8_catTOP_sys_PrefireWeightDown
Merging measMET_DY2JetsToLL_M-50_LHEZpT_150-250_TuneCP5_13TeV-amcnloFXFX-pythia8_catSignal-1jet_sys_puWeightDown
Merging MT_DY2JetsToLL_M-50_LHEZpT_150-250_TuneCP5_13TeV-amcnloFXFX-pythia8_catDY_sys_jesTotalUp
Merging measMET_DY2JetsToLL_M-50_LHEZpT_150-250_TuneCP5_13TeV-amcnloFXFX-pythia8_catSignal-0jet_sys_MuonEnDown
Merging MT_DY2JetsToLL_M-50_LHEZpT_150-250_TuneCP5_13TeV-amcnloFXFX-pythia8_catTOP_sys_btagEventWeightUp
Merging measMET_DY2JetsToLL_M-50_LHEZpT_150-250_TuneCP5_13TeV-amcnloFXFX-pythia8_catSignal-0jet_sys_QCDScale0wUp
Merging MT_DY2JetsToLL_M-50_LHEZpT_150-250_TuneCP5_13TeV-amcnloFXFX-pythia8_catNRB_sys_QCDScale2wUp
Merging measMET_DY2JetsToLL_M-50_LHEZpT_150-250_TuneCP5_13TeV-amcnloFXFX-pythia8_catEM_sys_ElecronSFUp
Merging MT_DY2JetsToLL_M-50_LHEZpT_150-250_TuneCP5_13TeV-amcnloFXFX-pythia8_catSignal-0jet_sys_QCDScale2wDown
Merging MT_DY2JetsToLL_M-50_LHEZpT_150-250_TuneCP5_13TeV-amcnloFXFX-pythia8_catNRB_sys_QCDScale0wUp
Merging MT_DY2JetsToLL_M-50_LHEZpT_150-250_TuneCP5_13TeV-amcnloFXFX-pythia8_catDY_sys_PDFDown
Merging measMET_DY2JetsToLL_M-50_LHEZpT_150-250_TuneCP5_13TeV-amcnloFXFX-pythia8_catTOP_sys_TriggerSFWeightUp
Merging measMET_DY2JetsToLL_M-50_LHEZpT_150-250_TuneCP5_13TeV-amcnloFXFX-pythia8_catNRB_sys_MuonEnUp
Merging measMET_DY2JetsToLL_M-50_LHEZpT_150-250_TuneCP5_13TeV-amcnloFXFX-pythia8_catDY_sys_jerDown
Merging measMET_DY2JetsToLL_M-50_LHEZpT_150-250_TuneCP5_13TeV-amcnloFXFX-pythia8_catEM_sys_jerUp
Merging MT_DY2JetsToLL_M-50_LHEZpT_150-250_TuneCP5_13TeV-amcnloFXFX-pythia8_catSignal-1jet_sys_ElectronEnDown
Merging measMET_DY2JetsToLL_M-50_LHEZpT_150-250_TuneCP5_13TeV-amcnloFXFX-pythia8_cat3L_sys_QCDScale2wUp
Merging njet_DY2JetsToLL_M-50_LHEZpT_150-250_TuneCP5_13TeV-amcnloFXFX-pythia8_sys_MuonSFDown
Merging MT_DY2JetsToLL_M-50_LHEZpT_150-250_TuneCP5_13TeV-amcnloFXFX-pythia8_catSignal-1jet_sys_PDFDown
Merging measMET_DY2JetsToLL_M-50_LHEZpT_150-250_TuneCP5_13TeV-amcnloFXFX-pythia8_catDY_sys_QCDScale2wDown
Merging MT_DY2JetsToLL_M-50_LHEZpT_150-250_TuneCP5_13TeV-amcnloFXFX-pythia8_cat3L_sys_MuonEnUp
Merging balance_DY2JetsToLL_M-50_LHEZpT_150-250_TuneCP5_13TeV-amcnloFXFX-pythia8_sys_jerDown
Merging njet_DY2JetsToLL_M-50_LHEZpT_150-250_TuneCP5_13TeV-amcnloFXFX-pythia8_sys_PDFDown
Merging measMET_DY2JetsToLL_M-50_LHEZpT_150-250_TuneCP5_13TeV-amcnloFXFX-pythia8_catDY_sys_EWKDown
Merging MT_DY2JetsToLL_M-50_LHEZpT_150-250_TuneCP5_13TeV-amcnloFXFX-pythia8_cat4L_sys_ElectronEnUp
Merging MT_DY2JetsToLL_M-50_LHEZpT_150-250_TuneCP5_13TeV-amcnloFXFX-pythia8_catTOP_sys_ElectronEnDown
Merging measMET_DY2JetsToLL_M-50_LHEZpT_150-250_TuneCP5_13TeV-amcnloFXFX-pythia8_catSignal-1jet_sys_MuonSFDown
Merging measMET_DY2JetsToLL_M-50_LHEZpT_150-250_TuneCP5_13TeV-amcnloFXFX-pythia8_catDY_sys_ElectronEnDown
Merging measMET_DY2JetsToLL_M-50_LHEZpT_150-250_TuneCP5_13TeV-amcnloFXFX-pythia8_catDY_sys_btagEventWeightUp
Merging MT_DY2JetsToLL_M-50_LHEZpT_150-250_TuneCP5_13TeV-amcnloFXFX-pythia8_catSignal-0jet_sys_MuonEnDown
Merging MT_DY2JetsToLL_M-50_LHEZpT_150-250_TuneCP5_13TeV-amcnloFXFX-pythia8_catTOP_sys_PrefireWeightUp
Merging measMET_DY2JetsToLL_M-50_LHEZpT_150-250_TuneCP5_13TeV-amcnloFXFX-pythia8_cat4L_sys_EWKDown
Merging autoPU
Merging measMET_DY2JetsToLL_M-50_LHEZpT_150-250_TuneCP5_13TeV-amcnloFXFX-pythia8_catTOP_sys_MuonSFDown
Merging MT_DY2JetsToLL_M-50_LHEZpT_150-250_TuneCP5_13TeV-amcnloFXFX-pythia8_catEM_sys_ElecronSFUp
Merging MT_DY2JetsToLL_M-50_LHEZpT_150-250_TuneCP5_13TeV-amcnloFXFX-pythia8_cat3L_sys_PrefireWeightDown
Merging MT_DY2JetsToLL_M-50_LHEZpT_150-250_TuneCP5_13TeV-amcnloFXFX-pythia8_catDY_sys_QCDScale2wUp
Merging MT_DY2JetsToLL_M-50_LHEZpT_150-250_TuneCP5_13TeV-amcnloFXFX-pythia8_catSignal-1jet_sys_btagEventWeightUp
Merging MT_DY2JetsToLL_M-50_LHEZpT_150-250_TuneCP5_13TeV-amcnloFXFX-pythia8_catDY_sys_puWeightUp
Merging MT_DY2JetsToLL_M-50_LHEZpT_150-250_TuneCP5_13TeV-amcnloFXFX-pythia8_catSignal-1jet_sys_PDFUp
Merging phizmet_DY2JetsToLL_M-50_LHEZpT_150-250_TuneCP5_13TeV-amcnloFXFX-pythia8_sys_PDFUp
Merging phizmet_DY2JetsToLL_M-50_LHEZpT_150-250_TuneCP5_13TeV-amcnloFXFX-pythia8_sys_MuonEnDown
Merging MT_DY2JetsToLL_M-50_LHEZpT_150-250_TuneCP5_13TeV-amcnloFXFX-pythia8_catEM_sys_puWeightDown
Merging measMET_DY2JetsToLL_M-50_LHEZpT_150-250_TuneCP5_13TeV-amcnloFXFX-pythia8_cat4L_sys_MuonSFDown
Merging MT_DY2JetsToLL_M-50_LHEZpT_150-250_TuneCP5_13TeV-amcnloFXFX-pythia8_catDY_sys_TriggerSFWeightDown
Merging MT_DY2JetsToLL_M-50_LHEZpT_150-250_TuneCP5_13TeV-amcnloFXFX-pythia8_catTOP_sys_PDFDown
Merging MT_DY2JetsToLL_M-50_LHEZpT_150-250_TuneCP5_13TeV-amcnloFXFX-pythia8_catEM_sys_QCDScale0wUp
Merging MT_DY2JetsToLL_M-50_LHEZpT_150-250_TuneCP5_13TeV-amcnloFXFX-pythia8_cat3L_sys_QCDScale2wUp
Merging balance_DY2JetsToLL_M-50_LHEZpT_150-250_TuneCP5_13TeV-amcnloFXFX-pythia8_sys_PrefireWeightDown
Merging measMET_DY2JetsToLL_M-50_LHEZpT_150-250_TuneCP5_13TeV-amcnloFXFX-pythia8_catEM_sys_QCDScale1wUp
Merging MT_DY2JetsToLL_M-50_LHEZpT_150-250_TuneCP5_13TeV-amcnloFXFX-pythia8_catSignal-0jet_sys_nvtxWeightDown
Merging measMET_DY2JetsToLL_M-50_LHEZpT_150-250_TuneCP5_13TeV-amcnloFXFX-pythia8_catDY_sys_QCDScale0wUp
Merging measMET_DY2JetsToLL_M-50_LHEZpT_150-250_TuneCP5_13TeV-amcnloFXFX-pythia8_cat4L_sys_TriggerSFWeightUp
Merging measMET_DY2JetsToLL_M-50_LHEZpT_150-250_TuneCP5_13TeV-amcnloFXFX-pythia8_catSignal-0jet_sys_PrefireWeightUp
Merging balance_DY2JetsToLL_M-50_LHEZpT_150-250_TuneCP5_13TeV-amcnloFXFX-pythia8_sys_MuonEnDown
Merging measMET_DY2JetsToLL_M-50_LHEZpT_150-250_TuneCP5_13TeV-amcnloFXFX-pythia8_cat4L_sys_puWeightUp
Merging measMET_DY2JetsToLL_M-50_LHEZpT_150-250_TuneCP5_13TeV-amcnloFXFX-pythia8_cat4L_sys_PrefireWeightUp
Merging measMET_DY2JetsToLL_M-50_LHEZpT_150-250_TuneCP5_13TeV-amcnloFXFX-pythia8_cat4L_sys_TriggerSFWeightDown
Merging MT_DY2JetsToLL_M-50_LHEZpT_150-250_TuneCP5_13TeV-amcnloFXFX-pythia8_catEM_sys_ElectronEnUp
Merging MT_DY2JetsToLL_M-50_LHEZpT_150-250_TuneCP5_13TeV-amcnloFXFX-pythia8_cat3L_sys_MuonEnDown
Merging measMET_DY2JetsToLL_M-50_LHEZpT_150-250_TuneCP5_13TeV-amcnloFXFX-pythia8_catTOP_sys_ElecronSFDown
Merging MT_DY2JetsToLL_M-50_LHEZpT_150-250_TuneCP5_13TeV-amcnloFXFX-pythia8_cat4L_sys_ElectronEnDown
Merging MT_DY2JetsToLL_M-50_LHEZpT_150-250_TuneCP5_13TeV-amcnloFXFX-pythia8_cat4L_sys_EWKDown
Merging phizmet_DY2JetsToLL_M-50_LHEZpT_150-250_TuneCP5_13TeV-amcnloFXFX-pythia8_sys_puWeightDown
Merging measMET_DY2JetsToLL_M-50_LHEZpT_150-250_TuneCP5_13TeV-amcnloFXFX-pythia8_catEM_sys_jerDown
Merging measMET_DY2JetsToLL_M-50_LHEZpT_150-250_TuneCP5_13TeV-amcnloFXFX-pythia8_catEM_sys_QCDScale1wDown
Merging MT_DY2JetsToLL_M-50_LHEZpT_150-250_TuneCP5_13TeV-amcnloFXFX-pythia8_cat3L
Merging MT_DY2JetsToLL_M-50_LHEZpT_150-250_TuneCP5_13TeV-amcnloFXFX-pythia8_cat3L_sys_QCDScale2wDown
Merging MT_DY2JetsToLL_M-50_LHEZpT_150-250_TuneCP5_13TeV-amcnloFXFX-pythia8_catSignal-0jet_sys_EWKUp
Merging measMET_DY2JetsToLL_M-50_LHEZpT_150-250_TuneCP5_13TeV-amcnloFXFX-pythia8_cat4L_sys_PDFUp
Merging MT_DY2JetsToLL_M-50_LHEZpT_150-250_TuneCP5_13TeV-amcnloFXFX-pythia8_catEM_sys_puWeightUp
Merging phizmet_DY2JetsToLL_M-50_LHEZpT_150-250_TuneCP5_13TeV-amcnloFXFX-pythia8_sys_QCDScale0wUp
Merging measMET_DY2JetsToLL_M-50_LHEZpT_150-250_TuneCP5_13TeV-amcnloFXFX-pythia8_catSignal-0jet_sys_puWeightUp
Merging measMET_DY2JetsToLL_M-50_LHEZpT_150-250_TuneCP5_13TeV-amcnloFXFX-pythia8_catSignal-1jet_sys_PrefireWeightDown
Merging MT_DY2JetsToLL_M-50_LHEZpT_150-250_TuneCP5_13TeV-amcnloFXFX-pythia8_catSignal-0jet_sys_MuonSFUp
Merging measMET_DY2JetsToLL_M-50_LHEZpT_150-250_TuneCP5_13TeV-amcnloFXFX-pythia8_catTOP_sys_btagEventWeightDown
Merging measMET_DY2JetsToLL_M-50_LHEZpT_150-250_TuneCP5_13TeV-amcnloFXFX-pythia8_catSignal-1jet_sys_ElecronSFDown
Merging balance_DY2JetsToLL_M-50_LHEZpT_150-250_TuneCP5_13TeV-amcnloFXFX-pythia8_sys_MuonSFUp
Merging MT_DY2JetsToLL_M-50_LHEZpT_150-250_TuneCP5_13TeV-amcnloFXFX-pythia8_catNRB_sys_EWKDown
Merging MT_DY2JetsToLL_M-50_LHEZpT_150-250_TuneCP5_13TeV-amcnloFXFX-pythia8_catSignal-1jet_sys_puWeightDown
Merging phizmet_DY2JetsToLL_M-50_LHEZpT_150-250_TuneCP5_13TeV-amcnloFXFX-pythia8_sys_jesTotalDown
Merging measMET_DY2JetsToLL_M-50_LHEZpT_150-250_TuneCP5_13TeV-amcnloFXFX-pythia8_catSignal-1jet_sys_QCDScale0wUp
Merging measMET_DY2JetsToLL_M-50_LHEZpT_150-250_TuneCP5_13TeV-amcnloFXFX-pythia8_catSignal-0jet_sys_jerUp
Merging measMET_DY2JetsToLL_M-50_LHEZpT_150-250_TuneCP5_13TeV-amcnloFXFX-pythia8_cat3L_sys_PDFDown
Merging balance_DY2JetsToLL_M-50_LHEZpT_150-250_TuneCP5_13TeV-amcnloFXFX-pythia8_sys_puWeightDown
Merging MT_DY2JetsToLL_M-50_LHEZpT_150-250_TuneCP5_13TeV-amcnloFXFX-pythia8_catNRB_sys_TriggerSFWeightUp
Merging balance_DY2JetsToLL_M-50_LHEZpT_150-250_TuneCP5_13TeV-amcnloFXFX-pythia8_sys_TriggerSFWeightDown
Merging MT_DY2JetsToLL_M-50_LHEZpT_150-250_TuneCP5_13TeV-amcnloFXFX-pythia8_cat4L_sys_TriggerSFWeightUp
Merging njet_DY2JetsToLL_M-50_LHEZpT_150-250_TuneCP5_13TeV-amcnloFXFX-pythia8_sys_TriggerSFWeightUp
Merging measMET_DY2JetsToLL_M-50_LHEZpT_150-250_TuneCP5_13TeV-amcnloFXFX-pythia8_catNRB_sys_btagEventWeightDown
Merging measMET_DY2JetsToLL_M-50_LHEZpT_150-250_TuneCP5_13TeV-amcnloFXFX-pythia8_catSignal-1jet_sys_QCDScale1wDown
Merging MT_DY2JetsToLL_M-50_LHEZpT_150-250_TuneCP5_13TeV-amcnloFXFX-pythia8_catTOP_sys_QCDScale1wDown
Merging MT_DY2JetsToLL_M-50_LHEZpT_150-250_TuneCP5_13TeV-amcnloFXFX-pythia8_catEM_sys_jesTotalDown
Merging MT_DY2JetsToLL_M-50_LHEZpT_150-250_TuneCP5_13TeV-amcnloFXFX-pythia8_catNRB_sys_MuonEnUp
Merging MT_DY2JetsToLL_M-50_LHEZpT_150-250_TuneCP5_13TeV-amcnloFXFX-pythia8_catNRB_sys_puWeightDown
Merging MT_DY2JetsToLL_M-50_LHEZpT_150-250_TuneCP5_13TeV-amcnloFXFX-pythia8_catDY_sys_QCDScale1wUp
Merging measMET_DY2JetsToLL_M-50_LHEZpT_150-250_TuneCP5_13TeV-amcnloFXFX-pythia8_catSignal-0jet_sys_MuonEnUp
Merging measMET_DY2JetsToLL_M-50_LHEZpT_150-250_TuneCP5_13TeV-amcnloFXFX-pythia8_catSignal-1jet_sys_QCDScale2wDown
Merging measMET_DY2JetsToLL_M-50_LHEZpT_150-250_TuneCP5_13TeV-amcnloFXFX-pythia8_catEM
Merging measMET_DY2JetsToLL_M-50_LHEZpT_150-250_TuneCP5_13TeV-amcnloFXFX-pythia8_catNRB_sys_QCDScale0wUp
Merging MT_DY2JetsToLL_M-50_LHEZpT_150-250_TuneCP5_13TeV-amcnloFXFX-pythia8_cat4L_sys_btagEventWeightUp
Merging MT_DY2JetsToLL_M-50_LHEZpT_150-250_TuneCP5_13TeV-amcnloFXFX-pythia8_catNRB_sys_QCDScale0wDown
Merging MT_DY2JetsToLL_M-50_LHEZpT_150-250_TuneCP5_13TeV-amcnloFXFX-pythia8_catSignal-1jet_sys_MuonSFDown
Merging measMET_DY2JetsToLL_M-50_LHEZpT_150-250_TuneCP5_13TeV-amcnloFXFX-pythia8_cat3L_sys_ElecronSFUp
Merging measMET_DY2JetsToLL_M-50_LHEZpT_150-250_TuneCP5_13TeV-amcnloFXFX-pythia8_catTOP_sys_QCDScale2wUp
Merging MT_DY2JetsToLL_M-50_LHEZpT_150-250_TuneCP5_13TeV-amcnloFXFX-pythia8_catDY_sys_EWKUp
Merging MT_DY2JetsToLL_M-50_LHEZpT_150-250_TuneCP5_13TeV-amcnloFXFX-pythia8_catDY_sys_PrefireWeightDown
Merging MT_DY2JetsToLL_M-50_LHEZpT_150-250_TuneCP5_13TeV-amcnloFXFX-pythia8_cat3L_sys_QCDScale0wDown
Merging phizmet_DY2JetsToLL_M-50_LHEZpT_150-250_TuneCP5_13TeV-amcnloFXFX-pythia8_sys_PDFDown
Merging MT_DY2JetsToLL_M-50_LHEZpT_150-250_TuneCP5_13TeV-amcnloFXFX-pythia8_cat4L_sys_MuonSFDown
Merging measMET_DY2JetsToLL_M-50_LHEZpT_150-250_TuneCP5_13TeV-amcnloFXFX-pythia8_catSignal-1jet_sys_EWKDown
Merging measMET_DY2JetsToLL_M-50_LHEZpT_150-250_TuneCP5_13TeV-amcnloFXFX-pythia8_catSignal-0jet_sys_jerDown
Merging measMET_DY2JetsToLL_M-50_LHEZpT_150-250_TuneCP5_13TeV-amcnloFXFX-pythia8_catEM_sys_PrefireWeightUp
Merging MT_DY2JetsToLL_M-50_LHEZpT_150-250_TuneCP5_13TeV-amcnloFXFX-pythia8_catTOP_sys_MuonEnDown
Merging MT_DY2JetsToLL_M-50_LHEZpT_150-250_TuneCP5_13TeV-amcnloFXFX-pythia8_cat3L_sys_jesTotalDown
Merging measMET_DY2JetsToLL_M-50_LHEZpT_150-250_TuneCP5_13TeV-amcnloFXFX-pythia8_cat3L_sys_PDFUp
Merging MT_DY2JetsToLL_M-50_LHEZpT_150-250_TuneCP5_13TeV-amcnloFXFX-pythia8_catSignal-1jet_sys_TriggerSFWeightUp
Merging MT_DY2JetsToLL_M-50_LHEZpT_150-250_TuneCP5_13TeV-amcnloFXFX-pythia8_catNRB_sys_PrefireWeightDown
Merging measMET_DY2JetsToLL_M-50_LHEZpT_150-250_TuneCP5_13TeV-amcnloFXFX-pythia8_catSignal-0jet_sys_MuonSFDown
Merging MT_DY2JetsToLL_M-50_LHEZpT_150-250_TuneCP5_13TeV-amcnloFXFX-pythia8_catNRB_sys_jesTotalUp
Merging balance_DY2JetsToLL_M-50_LHEZpT_150-250_TuneCP5_13TeV-amcnloFXFX-pythia8_sys_TriggerSFWeightUp
Merging MT_DY2JetsToLL_M-50_LHEZpT_150-250_TuneCP5_13TeV-amcnloFXFX-pythia8_cat4L_sys_EWKUp
Merging measMET_DY2JetsToLL_M-50_LHEZpT_150-250_TuneCP5_13TeV-amcnloFXFX-pythia8_cat4L_sys_MuonEnUp
Merging MT_DY2JetsToLL_M-50_LHEZpT_150-250_TuneCP5_13TeV-amcnloFXFX-pythia8_catNRB_sys_jerDown
Merging measMET_DY2JetsToLL_M-50_LHEZpT_150-250_TuneCP5_13TeV-amcnloFXFX-pythia8_catEM_sys_MuonSFDown
Merging MT_DY2JetsToLL_M-50_LHEZpT_150-250_TuneCP5_13TeV-amcnloFXFX-pythia8_catTOP_sys_MuonEnUp
Merging MT_DY2JetsToLL_M-50_LHEZpT_150-250_TuneCP5_13TeV-amcnloFXFX-pythia8_catDY_sys_MuonEnUp
Merging measMET_DY2JetsToLL_M-50_LHEZpT_150-250_TuneCP5_13TeV-amcnloFXFX-pythia8_catTOP_sys_QCDScale0wUp
Merging njet_DY2JetsToLL_M-50_LHEZpT_150-250_TuneCP5_13TeV-amcnloFXFX-pythia8_sys_jesTotalDown
Merging measMET_DY2JetsToLL_M-50_LHEZpT_150-250_TuneCP5_13TeV-amcnloFXFX-pythia8_catSignal-0jet_sys_QCDScale2wUp
Merging measMET_DY2JetsToLL_M-50_LHEZpT_150-250_TuneCP5_13TeV-amcnloFXFX-pythia8_cat3L_sys_QCDScale1wUp
Merging MT_DY2JetsToLL_M-50_LHEZpT_150-250_TuneCP5_13TeV-amcnloFXFX-pythia8_catSignal-0jet_sys_PrefireWeightDown
Merging MT_DY2JetsToLL_M-50_LHEZpT_150-250_TuneCP5_13TeV-amcnloFXFX-pythia8_catSignal-1jet_sys_PrefireWeightDown
Merging measMET_DY2JetsToLL_M-50_LHEZpT_150-250_TuneCP5_13TeV-amcnloFXFX-pythia8_cat3L_sys_TriggerSFWeightUp
Merging phizmet_DY2JetsToLL_M-50_LHEZpT_150-250_TuneCP5_13TeV-amcnloFXFX-pythia8_sys_QCDScale2wDown
Merging measMET_DY2JetsToLL_M-50_LHEZpT_150-250_TuneCP5_13TeV-amcnloFXFX-pythia8_catDY_sys_QCDScale1wUp
Merging MT_DY2JetsToLL_M-50_LHEZpT_150-250_TuneCP5_13TeV-amcnloFXFX-pythia8_catDY_sys_PDFUp
Merging MT_DY2JetsToLL_M-50_LHEZpT_150-250_TuneCP5_13TeV-amcnloFXFX-pythia8_cat3L_sys_QCDScale0wUp
Merging njet_DY2JetsToLL_M-50_LHEZpT_150-250_TuneCP5_13TeV-amcnloFXFX-pythia8_sys_QCDScale1wDown
Merging phizmet_DY2JetsToLL_M-50_LHEZpT_150-250_TuneCP5_13TeV-amcnloFXFX-pythia8_sys_nvtxWeightUp
Merging MT_DY2JetsToLL_M-50_LHEZpT_150-250_TuneCP5_13TeV-amcnloFXFX-pythia8_catSignal-1jet_sys_MuonEnUp
Merging measMET_DY2JetsToLL_M-50_LHEZpT_150-250_TuneCP5_13TeV-amcnloFXFX-pythia8_catNRB_sys_EWKDown
Merging MT_DY2JetsToLL_M-50_LHEZpT_150-250_TuneCP5_13TeV-amcnloFXFX-pythia8_catSignal-0jet_sys_QCDScale0wDown
Merging measMET_DY2JetsToLL_M-50_LHEZpT_150-250_TuneCP5_13TeV-amcnloFXFX-pythia8_cat3L_sys_MuonSFUp
Merging njet_DY2JetsToLL_M-50_LHEZpT_150-250_TuneCP5_13TeV-amcnloFXFX-pythia8_sys_TriggerSFWeightDown
Merging measMET_DY2JetsToLL_M-50_LHEZpT_150-250_TuneCP5_13TeV-amcnloFXFX-pythia8_catDY_sys_nvtxWeightUp
Merging MT_DY2JetsToLL_M-50_LHEZpT_150-250_TuneCP5_13TeV-amcnloFXFX-pythia8_catTOP_sys_QCDScale0wDown
Merging measMET_DY2JetsToLL_M-50_LHEZpT_150-250_TuneCP5_13TeV-amcnloFXFX-pythia8_catNRB
Merging measMET_DY2JetsToLL_M-50_LHEZpT_150-250_TuneCP5_13TeV-amcnloFXFX-pythia8_catTOP_sys_MuonSFUp
Merging MT_DY2JetsToLL_M-50_LHEZpT_150-250_TuneCP5_13TeV-amcnloFXFX-pythia8_catEM
Merging MT_DY2JetsToLL_M-50_LHEZpT_150-250_TuneCP5_13TeV-amcnloFXFX-pythia8_catDY_sys_jerDown
Merging balance_DY2JetsToLL_M-50_LHEZpT_150-250_TuneCP5_13TeV-amcnloFXFX-pythia8_sys_jerUp
Merging measMET_DY2JetsToLL_M-50_LHEZpT_150-250_TuneCP5_13TeV-amcnloFXFX-pythia8_cat4L_sys_EWKUp
Merging MT_DY2JetsToLL_M-50_LHEZpT_150-250_TuneCP5_13TeV-amcnloFXFX-pythia8_catEM_sys_TriggerSFWeightDown
Merging measMET_DY2JetsToLL_M-50_LHEZpT_150-250_TuneCP5_13TeV-amcnloFXFX-pythia8_catNRB_sys_nvtxWeightUp
Merging MT_DY2JetsToLL_M-50_LHEZpT_150-250_TuneCP5_13TeV-amcnloFXFX-pythia8_catEM_sys_btagEventWeightUp
Merging MT_DY2JetsToLL_M-50_LHEZpT_150-250_TuneCP5_13TeV-amcnloFXFX-pythia8_cat3L_sys_QCDScale1wUp
Merging measMET_DY2JetsToLL_M-50_LHEZpT_150-250_TuneCP5_13TeV-amcnloFXFX-pythia8_cat3L
Merging measMET_DY2JetsToLL_M-50_LHEZpT_150-250_TuneCP5_13TeV-amcnloFXFX-pythia8_catSignal-0jet_sys_EWKDown
Merging measMET_DY2JetsToLL_M-50_LHEZpT_150-250_TuneCP5_13TeV-amcnloFXFX-pythia8_catTOP_sys_ElectronEnDown
Merging MT_DY2JetsToLL_M-50_LHEZpT_150-250_TuneCP5_13TeV-amcnloFXFX-pythia8_cat4L_sys_QCDScale1wUp
Merging measMET_DY2JetsToLL_M-50_LHEZpT_150-250_TuneCP5_13TeV-amcnloFXFX-pythia8_catDY_sys_PrefireWeightDown
Merging measMET_DY2JetsToLL_M-50_LHEZpT_150-250_TuneCP5_13TeV-amcnloFXFX-pythia8_cat3L_sys_jesTotalDown
Merging MT_DY2JetsToLL_M-50_LHEZpT_150-250_TuneCP5_13TeV-amcnloFXFX-pythia8_catTOP_sys_ElectronEnUp
Merging measMET_DY2JetsToLL_M-50_LHEZpT_150-250_TuneCP5_13TeV-amcnloFXFX-pythia8_cat3L_sys_ElectronEnUp
Merging balance_DY2JetsToLL_M-50_LHEZpT_150-250_TuneCP5_13TeV-amcnloFXFX-pythia8_sys_MuonEnUp
Merging MT_DY2JetsToLL_M-50_LHEZpT_150-250_TuneCP5_13TeV-amcnloFXFX-pythia8_catEM_sys_MuonEnDown
Merging measMET_DY2JetsToLL_M-50_LHEZpT_150-250_TuneCP5_13TeV-amcnloFXFX-pythia8_catSignal-1jet_sys_jerUp
Merging measMET_DY2JetsToLL_M-50_LHEZpT_150-250_TuneCP5_13TeV-amcnloFXFX-pythia8_catSignal-1jet_sys_jerDown
Merging MT_DY2JetsToLL_M-50_LHEZpT_150-250_TuneCP5_13TeV-amcnloFXFX-pythia8_catNRB_sys_ElectronEnUp
Merging measMET_DY2JetsToLL_M-50_LHEZpT_150-250_TuneCP5_13TeV-amcnloFXFX-pythia8_cat4L_sys_QCDScale2wDown
Merging MT_DY2JetsToLL_M-50_LHEZpT_150-250_TuneCP5_13TeV-amcnloFXFX-pythia8_catTOP_sys_PDFUp
Merging measMET_DY2JetsToLL_M-50_LHEZpT_150-250_TuneCP5_13TeV-amcnloFXFX-pythia8_catTOP_sys_PDFUp
Merging measMET_DY2JetsToLL_M-50_LHEZpT_150-250_TuneCP5_13TeV-amcnloFXFX-pythia8_catNRB_sys_QCDScale1wDown
Merging phizmet_DY2JetsToLL_M-50_LHEZpT_150-250_TuneCP5_13TeV-amcnloFXFX-pythia8_sys_QCDScale1wUp
Merging measMET_DY2JetsToLL_M-50_LHEZpT_150-250_TuneCP5_13TeV-amcnloFXFX-pythia8_catEM_sys_puWeightUp
Merging measMET_DY2JetsToLL_M-50_LHEZpT_150-250_TuneCP5_13TeV-amcnloFXFX-pythia8_cat4L_sys_nvtxWeightUp
Merging measMET_DY2JetsToLL_M-50_LHEZpT_150-250_TuneCP5_13TeV-amcnloFXFX-pythia8_catSignal-0jet_sys_ElecronSFDown
Merging MT_DY2JetsToLL_M-50_LHEZpT_150-250_TuneCP5_13TeV-amcnloFXFX-pythia8_catNRB_sys_PrefireWeightUp
Merging MT_DY2JetsToLL_M-50_LHEZpT_150-250_TuneCP5_13TeV-amcnloFXFX-pythia8_catSignal-0jet_sys_btagEventWeightUp
Merging measMET_DY2JetsToLL_M-50_LHEZpT_150-250_TuneCP5_13TeV-amcnloFXFX-pythia8_catDY_sys_MuonEnDown
Merging measMET_DY2JetsToLL_M-50_LHEZpT_150-250_TuneCP5_13TeV-amcnloFXFX-pythia8_catEM_sys_jesTotalUp
Merging measMET_DY2JetsToLL_M-50_LHEZpT_150-250_TuneCP5_13TeV-amcnloFXFX-pythia8_cat3L_sys_QCDScale0wDown
Merging measMET_DY2JetsToLL_M-50_LHEZpT_150-250_TuneCP5_13TeV-amcnloFXFX-pythia8_catNRB_sys_jerDown
Merging measMET_DY2JetsToLL_M-50_LHEZpT_150-250_TuneCP5_13TeV-amcnloFXFX-pythia8_catNRB_sys_nvtxWeightDown
Merging MT_DY2JetsToLL_M-50_LHEZpT_150-250_TuneCP5_13TeV-amcnloFXFX-pythia8_catSignal-0jet_sys_jesTotalUp
Merging MT_DY2JetsToLL_M-50_LHEZpT_150-250_TuneCP5_13TeV-amcnloFXFX-pythia8_cat4L_sys_QCDScale1wDown
Merging measMET_DY2JetsToLL_M-50_LHEZpT_150-250_TuneCP5_13TeV-amcnloFXFX-pythia8_catTOP_sys_nvtxWeightDown
Merging measMET_DY2JetsToLL_M-50_LHEZpT_150-250_TuneCP5_13TeV-amcnloFXFX-pythia8_catNRB_sys_QCDScale0wDown
Merging MT_DY2JetsToLL_M-50_LHEZpT_150-250_TuneCP5_13TeV-amcnloFXFX-pythia8_catSignal-0jet_sys_PDFDown
Merging balance_DY2JetsToLL_M-50_LHEZpT_150-250_TuneCP5_13TeV-amcnloFXFX-pythia8_sys_ElecronSFUp
Merging MT_DY2JetsToLL_M-50_LHEZpT_150-250_TuneCP5_13TeV-amcnloFXFX-pythia8_catDY_sys_ElectronEnUp
Merging MT_DY2JetsToLL_M-50_LHEZpT_150-250_TuneCP5_13TeV-amcnloFXFX-pythia8_catSignal-0jet_sys_ElecronSFUp
Merging balance_DY2JetsToLL_M-50_LHEZpT_150-250_TuneCP5_13TeV-amcnloFXFX-pythia8_sys_jesTotalDown
Merging measMET_DY2JetsToLL_M-50_LHEZpT_150-250_TuneCP5_13TeV-amcnloFXFX-pythia8_catNRB_sys_jesTotalUp
Merging measMET_DY2JetsToLL_M-50_LHEZpT_150-250_TuneCP5_13TeV-amcnloFXFX-pythia8_catEM_sys_PDFDown
Merging MT_DY2JetsToLL_M-50_LHEZpT_150-250_TuneCP5_13TeV-amcnloFXFX-pythia8_catDY_sys_MuonSFDown
Merging measMET_DY2JetsToLL_M-50_LHEZpT_150-250_TuneCP5_13TeV-amcnloFXFX-pythia8_cat4L_sys_ElecronSFDown
Merging njet_DY2JetsToLL_M-50_LHEZpT_150-250_TuneCP5_13TeV-amcnloFXFX-pythia8_sys_ElecronSFDown
Merging measMET_DY2JetsToLL_M-50_LHEZpT_150-250_TuneCP5_13TeV-amcnloFXFX-pythia8_catDY_sys_PDFDown
Merging measMET_DY2JetsToLL_M-50_LHEZpT_150-250_TuneCP5_13TeV-amcnloFXFX-pythia8_catEM_sys_QCDScale0wDown
Merging measMET_DY2JetsToLL_M-50_LHEZpT_150-250_TuneCP5_13TeV-amcnloFXFX-pythia8_catTOP_sys_puWeightDown
Merging MT_DY2JetsToLL_M-50_LHEZpT_150-250_TuneCP5_13TeV-amcnloFXFX-pythia8_cat3L_sys_ElectronEnDown
Merging MT_DY2JetsToLL_M-50_LHEZpT_150-250_TuneCP5_13TeV-amcnloFXFX-pythia8_catSignal-0jet_sys_QCDScale1wDown
Merging njet_DY2JetsToLL_M-50_LHEZpT_150-250_TuneCP5_13TeV-amcnloFXFX-pythia8_sys_btagEventWeightDown
Merging measMET_DY2JetsToLL_M-50_LHEZpT_150-250_TuneCP5_13TeV-amcnloFXFX-pythia8_catDY_sys_MuonSFUp
Merging MT_DY2JetsToLL_M-50_LHEZpT_150-250_TuneCP5_13TeV-amcnloFXFX-pythia8_catSignal-0jet_sys_QCDScale0wUp
Merging MT_DY2JetsToLL_M-50_LHEZpT_150-250_TuneCP5_13TeV-amcnloFXFX-pythia8_cat3L_sys_ElectronEnUp
Merging MT_DY2JetsToLL_M-50_LHEZpT_150-250_TuneCP5_13TeV-amcnloFXFX-pythia8_cat4L_sys_jerUp
Merging MT_DY2JetsToLL_M-50_LHEZpT_150-250_TuneCP5_13TeV-amcnloFXFX-pythia8_catSignal-0jet_sys_nvtxWeightUp
Merging measMET_DY2JetsToLL_M-50_LHEZpT_150-250_TuneCP5_13TeV-amcnloFXFX-pythia8_catDY_sys_QCDScale0wDown
Merging measMET_DY2JetsToLL_M-50_LHEZpT_150-250_TuneCP5_13TeV-amcnloFXFX-pythia8_catDY_sys_ElecronSFUp
Merging MT_DY2JetsToLL_M-50_LHEZpT_150-250_TuneCP5_13TeV-amcnloFXFX-pythia8_catTOP_sys_QCDScale0wUp
Merging balance_DY2JetsToLL_M-50_LHEZpT_150-250_TuneCP5_13TeV-amcnloFXFX-pythia8_sys_jesTotalUp
Merging MT_DY2JetsToLL_M-50_LHEZpT_150-250_TuneCP5_13TeV-amcnloFXFX-pythia8_catNRB_sys_nvtxWeightDown
Merging MT_DY2JetsToLL_M-50_LHEZpT_150-250_TuneCP5_13TeV-amcnloFXFX-pythia8_catTOP_sys_nvtxWeightDown
Merging phizmet_DY2JetsToLL_M-50_LHEZpT_150-250_TuneCP5_13TeV-amcnloFXFX-pythia8_sys_QCDScale1wDown
Merging measMET_DY2JetsToLL_M-50_LHEZpT_150-250_TuneCP5_13TeV-amcnloFXFX-pythia8_catEM_sys_jesTotalDown
Merging measMET_DY2JetsToLL_M-50_LHEZpT_150-250_TuneCP5_13TeV-amcnloFXFX-pythia8_cat4L_sys_btagEventWeightDown
Merging measMET_DY2JetsToLL_M-50_LHEZpT_150-250_TuneCP5_13TeV-amcnloFXFX-pythia8_catDY_sys_btagEventWeightDown
Merging measMET_DY2JetsToLL_M-50_LHEZpT_150-250_TuneCP5_13TeV-amcnloFXFX-pythia8_catSignal-1jet_sys_QCDScale1wUp
Merging MT_DY2JetsToLL_M-50_LHEZpT_150-250_TuneCP5_13TeV-amcnloFXFX-pythia8_cat3L_sys_TriggerSFWeightDown
Merging measMET_DY2JetsToLL_M-50_LHEZpT_150-250_TuneCP5_13TeV-amcnloFXFX-pythia8_catTOP_sys_btagEventWeightUp
Merging njet_DY2JetsToLL_M-50_LHEZpT_150-250_TuneCP5_13TeV-amcnloFXFX-pythia8_sys_jesTotalUp
Merging measMET_DY2JetsToLL_M-50_LHEZpT_150-250_TuneCP5_13TeV-amcnloFXFX-pythia8_catEM_sys_nvtxWeightDown
Merging measMET_DY2JetsToLL_M-50_LHEZpT_150-250_TuneCP5_13TeV-amcnloFXFX-pythia8_catNRB_sys_MuonEnDown
Merging measMET_DY2JetsToLL_M-50_LHEZpT_150-250_TuneCP5_13TeV-amcnloFXFX-pythia8_catNRB_sys_ElecronSFUp
Merging measMET_DY2JetsToLL_M-50_LHEZpT_150-250_TuneCP5_13TeV-amcnloFXFX-pythia8_cat4L_sys_QCDScale0wUp
Merging measMET_DY2JetsToLL_M-50_LHEZpT_150-250_TuneCP5_13TeV-amcnloFXFX-pythia8_cat3L_sys_puWeightDown
Merging measMET_DY2JetsToLL_M-50_LHEZpT_150-250_TuneCP5_13TeV-amcnloFXFX-pythia8_cat3L_sys_btagEventWeightUp
Merging phizmet_DY2JetsToLL_M-50_LHEZpT_150-250_TuneCP5_13TeV-amcnloFXFX-pythia8_sys_MuonEnUp
Merging measMET_DY2JetsToLL_M-50_LHEZpT_150-250_TuneCP5_13TeV-amcnloFXFX-pythia8_catNRB_sys_QCDScale2wUp
Merging phizmet_DY2JetsToLL_M-50_LHEZpT_150-250_TuneCP5_13TeV-amcnloFXFX-pythia8_sys_jerDown
Merging measMET_DY2JetsToLL_M-50_LHEZpT_150-250_TuneCP5_13TeV-amcnloFXFX-pythia8_catSignal-0jet_sys_nvtxWeightUp
Merging MT_DY2JetsToLL_M-50_LHEZpT_150-250_TuneCP5_13TeV-amcnloFXFX-pythia8_cat4L
Merging measMET_DY2JetsToLL_M-50_LHEZpT_150-250_TuneCP5_13TeV-amcnloFXFX-pythia8_catTOP_sys_PrefireWeightUp
Merging measMET_DY2JetsToLL_M-50_LHEZpT_150-250_TuneCP5_13TeV-amcnloFXFX-pythia8_catEM_sys_ElectronEnDown
Merging MT_DY2JetsToLL_M-50_LHEZpT_150-250_TuneCP5_13TeV-amcnloFXFX-pythia8_cat4L_sys_PDFUp
Merging measMET_DY2JetsToLL_M-50_LHEZpT_150-250_TuneCP5_13TeV-amcnloFXFX-pythia8_catDY_sys_ElecronSFDown
Merging MT_DY2JetsToLL_M-50_LHEZpT_150-250_TuneCP5_13TeV-amcnloFXFX-pythia8_cat4L_sys_jerDown
Merging njet_DY2JetsToLL_M-50_LHEZpT_150-250_TuneCP5_13TeV-amcnloFXFX-pythia8_sys_MuonEnDown
Merging MT_DY2JetsToLL_M-50_LHEZpT_150-250_TuneCP5_13TeV-amcnloFXFX-pythia8_catNRB_sys_ElectronEnDown
Merging measMET_DY2JetsToLL_M-50_LHEZpT_150-250_TuneCP5_13TeV-amcnloFXFX-pythia8_cat3L_sys_MuonEnUp
Merging measMET_DY2JetsToLL_M-50_LHEZpT_150-250_TuneCP5_13TeV-amcnloFXFX-pythia8_catEM_sys_nvtxWeightUp
Merging MT_DY2JetsToLL_M-50_LHEZpT_150-250_TuneCP5_13TeV-amcnloFXFX-pythia8_catNRB_sys_MuonSFUp
Merging MT_DY2JetsToLL_M-50_LHEZpT_150-250_TuneCP5_13TeV-amcnloFXFX-pythia8_catTOP_sys_jesTotalDown
Merging measMET_DY2JetsToLL_M-50_LHEZpT_150-250_TuneCP5_13TeV-amcnloFXFX-pythia8_cat4L_sys_PDFDown
Merging measMET_DY2JetsToLL_M-50_LHEZpT_150-250_TuneCP5_13TeV-amcnloFXFX-pythia8_catSignal-1jet_sys_btagEventWeightUp
Merging balance_DY2JetsToLL_M-50_LHEZpT_150-250_TuneCP5_13TeV-amcnloFXFX-pythia8_sys_btagEventWeightUp
Merging MT_DY2JetsToLL_M-50_LHEZpT_150-250_TuneCP5_13TeV-amcnloFXFX-pythia8_catDY_sys_QCDScale0wUp
Merging MT_DY2JetsToLL_M-50_LHEZpT_150-250_TuneCP5_13TeV-amcnloFXFX-pythia8_cat3L_sys_MuonSFUp
Merging MT_DY2JetsToLL_M-50_LHEZpT_150-250_TuneCP5_13TeV-amcnloFXFX-pythia8_catNRB_sys_puWeightUp
Merging MT_DY2JetsToLL_M-50_LHEZpT_150-250_TuneCP5_13TeV-amcnloFXFX-pythia8_catSignal-1jet_sys_TriggerSFWeightDown
Merging njet_DY2JetsToLL_M-50_LHEZpT_150-250_TuneCP5_13TeV-amcnloFXFX-pythia8_sys_PDFUp
Merging measMET_DY2JetsToLL_M-50_LHEZpT_150-250_TuneCP5_13TeV-amcnloFXFX-pythia8_cat4L_sys_QCDScale2wUp
Merging MT_DY2JetsToLL_M-50_LHEZpT_150-250_TuneCP5_13TeV-amcnloFXFX-pythia8_catEM_sys_PrefireWeightUp
Merging phizmet_DY2JetsToLL_M-50_LHEZpT_150-250_TuneCP5_13TeV-amcnloFXFX-pythia8_sys_puWeightUp
Merging measMET_DY2JetsToLL_M-50_LHEZpT_150-250_TuneCP5_13TeV-amcnloFXFX-pythia8_catSignal-1jet_sys_ElectronEnDown
Merging measMET_DY2JetsToLL_M-50_LHEZpT_150-250_TuneCP5_13TeV-amcnloFXFX-pythia8_catSignal-0jet_sys_TriggerSFWeightUp
Merging MT_DY2JetsToLL_M-50_LHEZpT_150-250_TuneCP5_13TeV-amcnloFXFX-pythia8_catSignal-1jet
Merging measMET_DY2JetsToLL_M-50_LHEZpT_150-250_TuneCP5_13TeV-amcnloFXFX-pythia8_catNRB_sys_TriggerSFWeightDown
Merging balance_DY2JetsToLL_M-50_LHEZpT_150-250_TuneCP5_13TeV-amcnloFXFX-pythia8_sys_EWKUp
Merging measMET_DY2JetsToLL_M-50_LHEZpT_150-250_TuneCP5_13TeV-amcnloFXFX-pythia8_cat4L_sys_MuonEnDown
Merging measMET_DY2JetsToLL_M-50_LHEZpT_150-250_TuneCP5_13TeV-amcnloFXFX-pythia8_cat3L_sys_QCDScale1wDown
Merging balance_DY2JetsToLL_M-50_LHEZpT_150-250_TuneCP5_13TeV-amcnloFXFX-pythia8_sys_QCDScale0wDown
Merging measMET_DY2JetsToLL_M-50_LHEZpT_150-250_TuneCP5_13TeV-amcnloFXFX-pythia8_catDY
Merging measMET_DY2JetsToLL_M-50_LHEZpT_150-250_TuneCP5_13TeV-amcnloFXFX-pythia8_catSignal-0jet
Merging measMET_DY2JetsToLL_M-50_LHEZpT_150-250_TuneCP5_13TeV-amcnloFXFX-pythia8_catNRB_sys_TriggerSFWeightUp
Merging phizmet_DY2JetsToLL_M-50_LHEZpT_150-250_TuneCP5_13TeV-amcnloFXFX-pythia8_sys_QCDScale2wUp
Merging measMET_DY2JetsToLL_M-50_LHEZpT_150-250_TuneCP5_13TeV-amcnloFXFX-pythia8_cat3L_sys_TriggerSFWeightDown
Merging njet_DY2JetsToLL_M-50_LHEZpT_150-250_TuneCP5_13TeV-amcnloFXFX-pythia8_sys_jerDown
Merging njet_DY2JetsToLL_M-50_LHEZpT_150-250_TuneCP5_13TeV-amcnloFXFX-pythia8_sys_jerUp
Merging MT_DY2JetsToLL_M-50_LHEZpT_150-250_TuneCP5_13TeV-amcnloFXFX-pythia8_catDY_sys_QCDScale1wDown
Merging measMET_DY2JetsToLL_M-50_LHEZpT_150-250_TuneCP5_13TeV-amcnloFXFX-pythia8_catSignal-0jet_sys_jesTotalDown
Merging MT_DY2JetsToLL_M-50_LHEZpT_150-250_TuneCP5_13TeV-amcnloFXFX-pythia8_catDY_sys_PrefireWeightUp
Merging MT_DY2JetsToLL_M-50_LHEZpT_150-250_TuneCP5_13TeV-amcnloFXFX-pythia8_cat3L_sys_EWKDown
Merging measMET_DY2JetsToLL_M-50_LHEZpT_150-250_TuneCP5_13TeV-amcnloFXFX-pythia8_catTOP_sys_QCDScale2wDown
Merging njet_DY2JetsToLL_M-50_LHEZpT_150-250_TuneCP5_13TeV-amcnloFXFX-pythia8_sys_QCDScale0wUp
Merging MT_DY2JetsToLL_M-50_LHEZpT_150-250_TuneCP5_13TeV-amcnloFXFX-pythia8_cat4L_sys_jesTotalDown
Merging measMET_DY2JetsToLL_M-50_LHEZpT_150-250_TuneCP5_13TeV-amcnloFXFX-pythia8_catSignal-0jet_sys_QCDScale1wUp
Merging measMET_DY2JetsToLL_M-50_LHEZpT_150-250_TuneCP5_13TeV-amcnloFXFX-pythia8_catSignal-0jet_sys_PDFUp
Merging measMET_DY2JetsToLL_M-50_LHEZpT_150-250_TuneCP5_13TeV-amcnloFXFX-pythia8_catNRB_sys_jerUp
Merging MT_DY2JetsToLL_M-50_LHEZpT_150-250_TuneCP5_13TeV-amcnloFXFX-pythia8_catTOP_sys_MuonSFUp
Merging MT_DY2JetsToLL_M-50_LHEZpT_150-250_TuneCP5_13TeV-amcnloFXFX-pythia8_catSignal-0jet_sys_jesTotalDown
Merging measMET_DY2JetsToLL_M-50_LHEZpT_150-250_TuneCP5_13TeV-amcnloFXFX-pythia8_catSignal-1jet_sys_MuonEnDown
Merging MT_DY2JetsToLL_M-50_LHEZpT_150-250_TuneCP5_13TeV-amcnloFXFX-pythia8_catTOP_sys_nvtxWeightUp
Merging MT_DY2JetsToLL_M-50_LHEZpT_150-250_TuneCP5_13TeV-amcnloFXFX-pythia8_catTOP_sys_QCDScale2wUp
Merging MT_DY2JetsToLL_M-50_LHEZpT_150-250_TuneCP5_13TeV-amcnloFXFX-pythia8_catEM_sys_QCDScale0wDown
Merging measMET_DY2JetsToLL_M-50_LHEZpT_150-250_TuneCP5_13TeV-amcnloFXFX-pythia8_cat4L_sys_ElectronEnUp
Merging MT_DY2JetsToLL_M-50_LHEZpT_150-250_TuneCP5_13TeV-amcnloFXFX-pythia8_catEM_sys_PDFDown
Merging MT_DY2JetsToLL_M-50_LHEZpT_150-250_TuneCP5_13TeV-amcnloFXFX-pythia8_catSignal-0jet_sys_MuonEnUp
Merging measMET_DY2JetsToLL_M-50_LHEZpT_150-250_TuneCP5_13TeV-amcnloFXFX-pythia8_cat3L_sys_puWeightUp
Merging njet_DY2JetsToLL_M-50_LHEZpT_150-250_TuneCP5_13TeV-amcnloFXFX-pythia8_sys_QCDScale0wDown
Merging measMET_DY2JetsToLL_M-50_LHEZpT_150-250_TuneCP5_13TeV-amcnloFXFX-pythia8_catSignal-0jet_sys_btagEventWeightDown
Merging MT_DY2JetsToLL_M-50_LHEZpT_150-250_TuneCP5_13TeV-amcnloFXFX-pythia8_catSignal-0jet_sys_btagEventWeightDown
Merging MT_DY2JetsToLL_M-50_LHEZpT_150-250_TuneCP5_13TeV-amcnloFXFX-pythia8_catSignal-0jet_sys_puWeightUp
Merging phizmet_DY2JetsToLL_M-50_LHEZpT_150-250_TuneCP5_13TeV-amcnloFXFX-pythia8_sys_MuonSFUp
Merging njet_DY2JetsToLL_M-50_LHEZpT_150-250_TuneCP5_13TeV-amcnloFXFX-pythia8_sys_nvtxWeightDown
Merging MT_DY2JetsToLL_M-50_LHEZpT_150-250_TuneCP5_13TeV-amcnloFXFX-pythia8_catSignal-1jet_sys_jesTotalDown
Merging MT_DY2JetsToLL_M-50_LHEZpT_150-250_TuneCP5_13TeV-amcnloFXFX-pythia8_catDY_sys_MuonEnDown
Merging balance_DY2JetsToLL_M-50_LHEZpT_150-250_TuneCP5_13TeV-amcnloFXFX-pythia8_sys_PDFUp
Merging measMET_DY2JetsToLL_M-50_LHEZpT_150-250_TuneCP5_13TeV-amcnloFXFX-pythia8_catDY_sys_QCDScale1wDown
Merging MT_DY2JetsToLL_M-50_LHEZpT_150-250_TuneCP5_13TeV-amcnloFXFX-pythia8_cat3L_sys_PDFUp
Merging MT_DY2JetsToLL_M-50_LHEZpT_150-250_TuneCP5_13TeV-amcnloFXFX-pythia8_catTOP_sys_puWeightUp
Merging MT_DY2JetsToLL_M-50_LHEZpT_150-250_TuneCP5_13TeV-amcnloFXFX-pythia8_cat4L_sys_MuonEnDown
Merging MT_DY2JetsToLL_M-50_LHEZpT_150-250_TuneCP5_13TeV-amcnloFXFX-pythia8_cat3L_sys_ElecronSFDown
Merging phizmet_DY2JetsToLL_M-50_LHEZpT_150-250_TuneCP5_13TeV-amcnloFXFX-pythia8_sys_MuonSFDown
Merging MT_DY2JetsToLL_M-50_LHEZpT_150-250_TuneCP5_13TeV-amcnloFXFX-pythia8_catSignal-0jet_sys_puWeightDown
Merging measMET_DY2JetsToLL_M-50_LHEZpT_150-250_TuneCP5_13TeV-amcnloFXFX-pythia8_catTOP_sys_EWKUp
Merging MT_DY2JetsToLL_M-50_LHEZpT_150-250_TuneCP5_13TeV-amcnloFXFX-pythia8_catEM_sys_MuonSFUp
Merging njet_DY2JetsToLL_M-50_LHEZpT_150-250_TuneCP5_13TeV-amcnloFXFX-pythia8_sys_ElectronEnDown
Merging njet_DY2JetsToLL_M-50_LHEZpT_150-250_TuneCP5_13TeV-amcnloFXFX-pythia8_sys_EWKUp
Merging measMET_DY2JetsToLL_M-50_LHEZpT_150-250_TuneCP5_13TeV-amcnloFXFX-pythia8_catNRB_sys_jesTotalDown
Merging MT_DY2JetsToLL_M-50_LHEZpT_150-250_TuneCP5_13TeV-amcnloFXFX-pythia8_catEM_sys_MuonSFDown
Merging measMET_DY2JetsToLL_M-50_LHEZpT_150-250_TuneCP5_13TeV-amcnloFXFX-pythia8_cat3L_sys_MuonSFDown
Merging measMET_DY2JetsToLL_M-50_LHEZpT_150-250_TuneCP5_13TeV-amcnloFXFX-pythia8_catSignal-1jet
Merging phizmet_DY2JetsToLL_M-50_LHEZpT_150-250_TuneCP5_13TeV-amcnloFXFX-pythia8_sys_ElecronSFDown
Merging balance_DY2JetsToLL_M-50_LHEZpT_150-250_TuneCP5_13TeV-amcnloFXFX-pythia8_sys_PrefireWeightUp
Merging balance_DY2JetsToLL_M-50_LHEZpT_150-250_TuneCP5_13TeV-amcnloFXFX-pythia8_sys_QCDScale1wUp
Merging measMET_DY2JetsToLL_M-50_LHEZpT_150-250_TuneCP5_13TeV-amcnloFXFX-pythia8_catTOP_sys_jerUp
Merging MT_DY2JetsToLL_M-50_LHEZpT_150-250_TuneCP5_13TeV-amcnloFXFX-pythia8_catEM_sys_nvtxWeightUp
Merging balance_DY2JetsToLL_M-50_LHEZpT_150-250_TuneCP5_13TeV-amcnloFXFX-pythia8_sys_ElectronEnDown
Merging MT_DY2JetsToLL_M-50_LHEZpT_150-250_TuneCP5_13TeV-amcnloFXFX-pythia8_catSignal-1jet_sys_QCDScale1wUp
Merging measMET_DY2JetsToLL_M-50_LHEZpT_150-250_TuneCP5_13TeV-amcnloFXFX-pythia8_catNRB_sys_PrefireWeightUp
Merging measMET_DY2JetsToLL_M-50_LHEZpT_150-250_TuneCP5_13TeV-amcnloFXFX-pythia8_catSignal-0jet_sys_btagEventWeightUp
Merging measMET_DY2JetsToLL_M-50_LHEZpT_150-250_TuneCP5_13TeV-amcnloFXFX-pythia8_catSignal-0jet_sys_puWeightDown
Merging measMET_DY2JetsToLL_M-50_LHEZpT_150-250_TuneCP5_13TeV-amcnloFXFX-pythia8_catDY_sys_puWeightUp
Merging MT_DY2JetsToLL_M-50_LHEZpT_150-250_TuneCP5_13TeV-amcnloFXFX-pythia8_cat3L_sys_nvtxWeightDown
Merging MT_DY2JetsToLL_M-50_LHEZpT_150-250_TuneCP5_13TeV-amcnloFXFX-pythia8_catTOP_sys_EWKDown
Merging measMET_DY2JetsToLL_M-50_LHEZpT_150-250_TuneCP5_13TeV-amcnloFXFX-pythia8_cat4L_sys_QCDScale1wDown
Merging MT_DY2JetsToLL_M-50_LHEZpT_150-250_TuneCP5_13TeV-amcnloFXFX-pythia8_cat4L_sys_QCDScale2wDown
Merging measMET_DY2JetsToLL_M-50_LHEZpT_150-250_TuneCP5_13TeV-amcnloFXFX-pythia8_catTOP_sys_jesTotalUp
Merging MT_DY2JetsToLL_M-50_LHEZpT_150-250_TuneCP5_13TeV-amcnloFXFX-pythia8_cat4L_sys_puWeightUp
Merging MT_DY2JetsToLL_M-50_LHEZpT_150-250_TuneCP5_13TeV-amcnloFXFX-pythia8_catTOP_sys_ElecronSFDown
Merging MT_DY2JetsToLL_M-50_LHEZpT_150-250_TuneCP5_13TeV-amcnloFXFX-pythia8_catTOP
Merging MT_DY2JetsToLL_M-50_LHEZpT_150-250_TuneCP5_13TeV-amcnloFXFX-pythia8_cat4L_sys_ElecronSFUp
Merging MT_DY2JetsToLL_M-50_LHEZpT_150-250_TuneCP5_13TeV-amcnloFXFX-pythia8_cat4L_sys_nvtxWeightUp
Merging measMET_DY2JetsToLL_M-50_LHEZpT_150-250_TuneCP5_13TeV-amcnloFXFX-pythia8_catTOP_sys_ElecronSFUp
Merging MT_DY2JetsToLL_M-50_LHEZpT_150-250_TuneCP5_13TeV-amcnloFXFX-pythia8_catTOP_sys_TriggerSFWeightDown
Merging MT_DY2JetsToLL_M-50_LHEZpT_150-250_TuneCP5_13TeV-amcnloFXFX-pythia8_catSignal-1jet_sys_QCDScale2wDown
Merging measMET_DY2JetsToLL_M-50_LHEZpT_150-250_TuneCP5_13TeV-amcnloFXFX-pythia8_catEM_sys_TriggerSFWeightUp
Merging MT_DY2JetsToLL_M-50_LHEZpT_150-250_TuneCP5_13TeV-amcnloFXFX-pythia8_cat4L_sys_MuonSFUp
Merging MT_DY2JetsToLL_M-50_LHEZpT_150-250_TuneCP5_13TeV-amcnloFXFX-pythia8_cat3L_sys_puWeightDown
Merging MT_DY2JetsToLL_M-50_LHEZpT_150-250_TuneCP5_13TeV-amcnloFXFX-pythia8_catNRB_sys_nvtxWeightUp
Merging balance_DY2JetsToLL_M-50_LHEZpT_150-250_TuneCP5_13TeV-amcnloFXFX-pythia8_sys_puWeightUp
Merging measMET_DY2JetsToLL_M-50_LHEZpT_150-250_TuneCP5_13TeV-amcnloFXFX-pythia8_cat3L_sys_PrefireWeightDown
Merging untagged
Merging phizmet_DY2JetsToLL_M-50_LHEZpT_150-250_TuneCP5_13TeV-amcnloFXFX-pythia8_sys_EWKUp
Merging MT_DY2JetsToLL_M-50_LHEZpT_150-250_TuneCP5_13TeV-amcnloFXFX-pythia8_catTOP_sys_jesTotalUp
Merging njet_DY2JetsToLL_M-50_LHEZpT_150-250_TuneCP5_13TeV-amcnloFXFX-pythia8_sys_puWeightUp
Merging measMET_DY2JetsToLL_M-50_LHEZpT_150-250_TuneCP5_13TeV-amcnloFXFX-pythia8_catSignal-1jet_sys_TriggerSFWeightDown
Merging MT_DY2JetsToLL_M-50_LHEZpT_150-250_TuneCP5_13TeV-amcnloFXFX-pythia8_catEM_sys_QCDScale2wDown
Merging measMET_DY2JetsToLL_M-50_LHEZpT_150-250_TuneCP5_13TeV-amcnloFXFX-pythia8_catNRB_sys_btagEventWeightUp
Merging MT_DY2JetsToLL_M-50_LHEZpT_150-250_TuneCP5_13TeV-amcnloFXFX-pythia8_catSignal-1jet_sys_ElectronEnUp
Merging MT_DY2JetsToLL_M-50_LHEZpT_150-250_TuneCP5_13TeV-amcnloFXFX-pythia8_catNRB_sys_btagEventWeightUp
Merging measMET_DY2JetsToLL_M-50_LHEZpT_150-250_TuneCP5_13TeV-amcnloFXFX-pythia8_catEM_sys_QCDScale0wUp
Merging MT_DY2JetsToLL_M-50_LHEZpT_150-250_TuneCP5_13TeV-amcnloFXFX-pythia8_catEM_sys_MuonEnUp
Merging measMET_DY2JetsToLL_M-50_LHEZpT_150-250_TuneCP5_13TeV-amcnloFXFX-pythia8_catDY_sys_MuonSFDown
Merging njet_DY2JetsToLL_M-50_LHEZpT_150-250_TuneCP5_13TeV-amcnloFXFX-pythia8_sys_ElecronSFUp
Merging measMET_DY2JetsToLL_M-50_LHEZpT_150-250_TuneCP5_13TeV-amcnloFXFX-pythia8_catEM_sys_ElecronSFDown
Merging MT_DY2JetsToLL_M-50_LHEZpT_150-250_TuneCP5_13TeV-amcnloFXFX-pythia8_cat4L_sys_PDFDown
Merging measMET_DY2JetsToLL_M-50_LHEZpT_150-250_TuneCP5_13TeV-amcnloFXFX-pythia8_catTOP_sys_EWKDown
Merging MT_DY2JetsToLL_M-50_LHEZpT_150-250_TuneCP5_13TeV-amcnloFXFX-pythia8_cat4L_sys_PrefireWeightDown
Merging MT_DY2JetsToLL_M-50_LHEZpT_150-250_TuneCP5_13TeV-amcnloFXFX-pythia8_cat4L_sys_nvtxWeightDown
Merging MT_DY2JetsToLL_M-50_LHEZpT_150-250_TuneCP5_13TeV-amcnloFXFX-pythia8_catEM_sys_QCDScale1wUp
Merging MT_DY2JetsToLL_M-50_LHEZpT_150-250_TuneCP5_13TeV-amcnloFXFX-pythia8_catTOP_sys_PrefireWeightDown
Merging MT_DY2JetsToLL_M-50_LHEZpT_150-250_TuneCP5_13TeV-amcnloFXFX-pythia8_catSignal-0jet_sys_QCDScale1wUp
Merging MT_DY2JetsToLL_M-50_LHEZpT_150-250_TuneCP5_13TeV-amcnloFXFX-pythia8_catEM_sys_PDFUp
Merging measMET_DY2JetsToLL_M-50_LHEZpT_150-250_TuneCP5_13TeV-amcnloFXFX-pythia8_catTOP_sys_puWeightUp
Merging balance_DY2JetsToLL_M-50_LHEZpT_150-250_TuneCP5_13TeV-amcnloFXFX-pythia8
Merging MT_DY2JetsToLL_M-50_LHEZpT_150-250_TuneCP5_13TeV-amcnloFXFX-pythia8_catDY_sys_ElecronSFUp
Merging measMET_DY2JetsToLL_M-50_LHEZpT_150-250_TuneCP5_13TeV-amcnloFXFX-pythia8_catNRB_sys_PrefireWeightDown
Merging MT_DY2JetsToLL_M-50_LHEZpT_150-250_TuneCP5_13TeV-amcnloFXFX-pythia8_catNRB_sys_jerUp
Merging measMET_DY2JetsToLL_M-50_LHEZpT_150-250_TuneCP5_13TeV-amcnloFXFX-pythia8_catSignal-1jet_sys_EWKUp
Merging MT_DY2JetsToLL_M-50_LHEZpT_150-250_TuneCP5_13TeV-amcnloFXFX-pythia8_cat3L_sys_puWeightUp
Merging MT_DY2JetsToLL_M-50_LHEZpT_150-250_TuneCP5_13TeV-amcnloFXFX-pythia8_catSignal-1jet_sys_jerDown
Merging balance_DY2JetsToLL_M-50_LHEZpT_150-250_TuneCP5_13TeV-amcnloFXFX-pythia8_sys_QCDScale2wDown
Merging measMET_DY2JetsToLL_M-50_LHEZpT_150-250_TuneCP5_13TeV-amcnloFXFX-pythia8_catSignal-1jet_sys_MuonSFUp
Merging measMET_DY2JetsToLL_M-50_LHEZpT_150-250_TuneCP5_13TeV-amcnloFXFX-pythia8_cat3L_sys_btagEventWeightDown
Merging measMET_DY2JetsToLL_M-50_LHEZpT_150-250_TuneCP5_13TeV-amcnloFXFX-pythia8_catNRB_sys_QCDScale2wDown
Merging measMET_DY2JetsToLL_M-50_LHEZpT_150-250_TuneCP5_13TeV-amcnloFXFX-pythia8_catSignal-1jet_sys_btagEventWeightDown
Merging MT_DY2JetsToLL_M-50_LHEZpT_150-250_TuneCP5_13TeV-amcnloFXFX-pythia8_catSignal-0jet_sys_PrefireWeightUp
Merging MT_DY2JetsToLL_M-50_LHEZpT_150-250_TuneCP5_13TeV-amcnloFXFX-pythia8_catNRB
Merging MT_DY2JetsToLL_M-50_LHEZpT_150-250_TuneCP5_13TeV-amcnloFXFX-pythia8_catSignal-1jet_sys_jesTotalUp
Merging balance_DY2JetsToLL_M-50_LHEZpT_150-250_TuneCP5_13TeV-amcnloFXFX-pythia8_sys_nvtxWeightUp
Merging MT_DY2JetsToLL_M-50_LHEZpT_150-250_TuneCP5_13TeV-amcnloFXFX-pythia8_cat3L_sys_TriggerSFWeightUp
Merging measMET_DY2JetsToLL_M-50_LHEZpT_150-250_TuneCP5_13TeV-amcnloFXFX-pythia8_catDY_sys_TriggerSFWeightDown
Merging phizmet_DY2JetsToLL_M-50_LHEZpT_150-250_TuneCP5_13TeV-amcnloFXFX-pythia8_sys_PrefireWeightDown
Merging MT_DY2JetsToLL_M-50_LHEZpT_150-250_TuneCP5_13TeV-amcnloFXFX-pythia8_catDY_sys_QCDScale2wDown
Merging MT_DY2JetsToLL_M-50_LHEZpT_150-250_TuneCP5_13TeV-amcnloFXFX-pythia8_catEM_sys_btagEventWeightDown
Merging MT_DY2JetsToLL_M-50_LHEZpT_150-250_TuneCP5_13TeV-amcnloFXFX-pythia8_catSignal-0jet_sys_jerUp
Merging MT_DY2JetsToLL_M-50_LHEZpT_150-250_TuneCP5_13TeV-amcnloFXFX-pythia8_catNRB_sys_TriggerSFWeightDown
Merging measMET_DY2JetsToLL_M-50_LHEZpT_150-250_TuneCP5_13TeV-amcnloFXFX-pythia8_catSignal-0jet_sys_nvtxWeightDown
Merging MT_DY2JetsToLL_M-50_LHEZpT_150-250_TuneCP5_13TeV-amcnloFXFX-pythia8_cat4L_sys_TriggerSFWeightDown
Merging measMET_DY2JetsToLL_M-50_LHEZpT_150-250_TuneCP5_13TeV-amcnloFXFX-pythia8_catEM_sys_MuonSFUp
Merging measMET_DY2JetsToLL_M-50_LHEZpT_150-250_TuneCP5_13TeV-amcnloFXFX-pythia8_catTOP_sys_MuonEnUp
Merging measMET_DY2JetsToLL_M-50_LHEZpT_150-250_TuneCP5_13TeV-amcnloFXFX-pythia8_catEM_sys_EWKUp
Merging measMET_DY2JetsToLL_M-50_LHEZpT_150-250_TuneCP5_13TeV-amcnloFXFX-pythia8_catTOP_sys_jerDown
Merging measMET_DY2JetsToLL_M-50_LHEZpT_150-250_TuneCP5_13TeV-amcnloFXFX-pythia8_catNRB_sys_ElectronEnUp
Merging MT_DY2JetsToLL_M-50_LHEZpT_150-250_TuneCP5_13TeV-amcnloFXFX-pythia8_catSignal-1jet_sys_QCDScale2wUp
Merging measMET_DY2JetsToLL_M-50_LHEZpT_150-250_TuneCP5_13TeV-amcnloFXFX-pythia8_catSignal-1jet_sys_TriggerSFWeightUp
Merging measMET_DY2JetsToLL_M-50_LHEZpT_150-250_TuneCP5_13TeV-amcnloFXFX-pythia8_catNRB_sys_MuonSFUp
Merging measMET_DY2JetsToLL_M-50_LHEZpT_150-250_TuneCP5_13TeV-amcnloFXFX-pythia8_catEM_sys_MuonEnDown
Merging measMET_DY2JetsToLL_M-50_LHEZpT_150-250_TuneCP5_13TeV-amcnloFXFX-pythia8_cat3L_sys_nvtxWeightUp
Merging MT_DY2JetsToLL_M-50_LHEZpT_150-250_TuneCP5_13TeV-amcnloFXFX-pythia8_catTOP_sys_TriggerSFWeightUp
Merging measMET_DY2JetsToLL_M-50_LHEZpT_150-250_TuneCP5_13TeV-amcnloFXFX-pythia8_catDY_sys_jerUp
Merging MT_DY2JetsToLL_M-50_LHEZpT_150-250_TuneCP5_13TeV-amcnloFXFX-pythia8_catDY_sys_ElectronEnDown
Merging MT_DY2JetsToLL_M-50_LHEZpT_150-250_TuneCP5_13TeV-amcnloFXFX-pythia8_cat4L_sys_QCDScale2wUp
Merging balance_DY2JetsToLL_M-50_LHEZpT_150-250_TuneCP5_13TeV-amcnloFXFX-pythia8_sys_btagEventWeightDown
Merging measMET_DY2JetsToLL_M-50_LHEZpT_150-250_TuneCP5_13TeV-amcnloFXFX-pythia8_catNRB_sys_ElecronSFDown
Merging njet_DY2JetsToLL_M-50_LHEZpT_150-250_TuneCP5_13TeV-amcnloFXFX-pythia8_sys_QCDScale2wUp
Merging phizmet_DY2JetsToLL_M-50_LHEZpT_150-250_TuneCP5_13TeV-amcnloFXFX-pythia8_sys_TriggerSFWeightUp
Merging MT_DY2JetsToLL_M-50_LHEZpT_150-250_TuneCP5_13TeV-amcnloFXFX-pythia8_catEM_sys_TriggerSFWeightUp
Merging measMET_DY2JetsToLL_M-50_LHEZpT_150-250_TuneCP5_13TeV-amcnloFXFX-pythia8_catSignal-0jet_sys_QCDScale2wDown
Merging MT_DY2JetsToLL_M-50_LHEZpT_150-250_TuneCP5_13TeV-amcnloFXFX-pythia8_catNRB_sys_MuonSFDown
Merging measMET_DY2JetsToLL_M-50_LHEZpT_150-250_TuneCP5_13TeV-amcnloFXFX-pythia8_catNRB_sys_puWeightDown
Merging measMET_DY2JetsToLL_M-50_LHEZpT_150-250_TuneCP5_13TeV-amcnloFXFX-pythia8_catEM_sys_MuonEnUp
Merging measMET_DY2JetsToLL_M-50_LHEZpT_150-250_TuneCP5_13TeV-amcnloFXFX-pythia8_cat3L_sys_QCDScale0wUp
Merging measMET_DY2JetsToLL_M-50_LHEZpT_150-250_TuneCP5_13TeV-amcnloFXFX-pythia8_catSignal-0jet_sys_jesTotalUp
Merging MT_DY2JetsToLL_M-50_LHEZpT_150-250_TuneCP5_13TeV-amcnloFXFX-pythia8_catSignal-1jet_sys_nvtxWeightUp
Merging measMET_DY2JetsToLL_M-50_LHEZpT_150-250_TuneCP5_13TeV-amcnloFXFX-pythia8_catSignal-1jet_sys_puWeightUp
Merging MT_DY2JetsToLL_M-50_LHEZpT_150-250_TuneCP5_13TeV-amcnloFXFX-pythia8_catNRB_sys_jesTotalDown
Merging MT_DY2JetsToLL_M-50_LHEZpT_150-250_TuneCP5_13TeV-amcnloFXFX-pythia8_catNRB_sys_PDFUp
Merging MT_DY2JetsToLL_M-50_LHEZpT_150-250_TuneCP5_13TeV-amcnloFXFX-pythia8_catSignal-0jet_sys_ElectronEnDown
Merging MT_DY2JetsToLL_M-50_LHEZpT_150-250_TuneCP5_13TeV-amcnloFXFX-pythia8_cat4L_sys_puWeightDown
Merging MT_DY2JetsToLL_M-50_LHEZpT_150-250_TuneCP5_13TeV-amcnloFXFX-pythia8_catEM_sys_ElecronSFDown
Merging MT_DY2JetsToLL_M-50_LHEZpT_150-250_TuneCP5_13TeV-amcnloFXFX-pythia8_catDY_sys_nvtxWeightUp
Merging MT_DY2JetsToLL_M-50_LHEZpT_150-250_TuneCP5_13TeV-amcnloFXFX-pythia8_catSignal-1jet_sys_MuonEnDown
Merging MT_DY2JetsToLL_M-50_LHEZpT_150-250_TuneCP5_13TeV-amcnloFXFX-pythia8_cat4L_sys_jesTotalUp
Merging measMET_DY2JetsToLL_M-50_LHEZpT_150-250_TuneCP5_13TeV-amcnloFXFX-pythia8_cat3L_sys_ElecronSFDown
Merging phizmet_DY2JetsToLL_M-50_LHEZpT_150-250_TuneCP5_13TeV-amcnloFXFX-pythia8_sys_ElectronEnUp
Merging measMET_DY2JetsToLL_M-50_LHEZpT_150-250_TuneCP5_13TeV-amcnloFXFX-pythia8_cat4L_sys_ElectronEnDown
Merging measMET_DY2JetsToLL_M-50_LHEZpT_150-250_TuneCP5_13TeV-amcnloFXFX-pythia8_catSignal-0jet_sys_ElectronEnUp
Merging phizmet_DY2JetsToLL_M-50_LHEZpT_150-250_TuneCP5_13TeV-amcnloFXFX-pythia8_sys_ElecronSFUp
Merging MT_DY2JetsToLL_M-50_LHEZpT_150-250_TuneCP5_13TeV-amcnloFXFX-pythia8_catTOP_sys_QCDScale2wDown
Merging njet_DY2JetsToLL_M-50_LHEZpT_150-250_TuneCP5_13TeV-amcnloFXFX-pythia8
Merging njet_DY2JetsToLL_M-50_LHEZpT_150-250_TuneCP5_13TeV-amcnloFXFX-pythia8_sys_btagEventWeightUp
Merging measMET_DY2JetsToLL_M-50_LHEZpT_150-250_TuneCP5_13TeV-amcnloFXFX-pythia8_catEM_sys_PDFUp
Merging measMET_DY2JetsToLL_M-50_LHEZpT_150-250_TuneCP5_13TeV-amcnloFXFX-pythia8_catNRB_sys_puWeightUp
Merging phizmet_DY2JetsToLL_M-50_LHEZpT_150-250_TuneCP5_13TeV-amcnloFXFX-pythia8_sys_nvtxWeightDown
Merging MT_DY2JetsToLL_M-50_LHEZpT_150-250_TuneCP5_13TeV-amcnloFXFX-pythia8_catEM_sys_EWKUp
Merging measMET_DY2JetsToLL_M-50_LHEZpT_150-250_TuneCP5_13TeV-amcnloFXFX-pythia8_catSignal-0jet_sys_TriggerSFWeightDown
Merging measMET_DY2JetsToLL_M-50_LHEZpT_150-250_TuneCP5_13TeV-amcnloFXFX-pythia8_catTOP
Merging MT_DY2JetsToLL_M-50_LHEZpT_150-250_TuneCP5_13TeV-amcnloFXFX-pythia8_catSignal-0jet_sys_QCDScale2wUp
Merging measMET_DY2JetsToLL_M-50_LHEZpT_150-250_TuneCP5_13TeV-amcnloFXFX-pythia8_cat4L_sys_jerDown
Merging MT_DY2JetsToLL_M-50_LHEZpT_150-250_TuneCP5_13TeV-amcnloFXFX-pythia8_catSignal-1jet_sys_jerUp
Merging measMET_DY2JetsToLL_M-50_LHEZpT_150-250_TuneCP5_13TeV-amcnloFXFX-pythia8_catNRB_sys_MuonSFDown
Merging MT_DY2JetsToLL_M-50_LHEZpT_150-250_TuneCP5_13TeV-amcnloFXFX-pythia8_cat3L_sys_btagEventWeightDown
Merging MT_DY2JetsToLL_M-50_LHEZpT_150-250_TuneCP5_13TeV-amcnloFXFX-pythia8_cat3L_sys_nvtxWeightUp
Merging phizmet_DY2JetsToLL_M-50_LHEZpT_150-250_TuneCP5_13TeV-amcnloFXFX-pythia8_sys_PrefireWeightUp
Merging measMET_DY2JetsToLL_M-50_LHEZpT_150-250_TuneCP5_13TeV-amcnloFXFX-pythia8_catDY_sys_PrefireWeightUp
Merging measMET_DY2JetsToLL_M-50_LHEZpT_150-250_TuneCP5_13TeV-amcnloFXFX-pythia8_catDY_sys_EWKUp
Merging MT_DY2JetsToLL_M-50_LHEZpT_150-250_TuneCP5_13TeV-amcnloFXFX-pythia8_catDY_sys_jesTotalDown
Merging measMET_DY2JetsToLL_M-50_LHEZpT_150-250_TuneCP5_13TeV-amcnloFXFX-pythia8_cat3L_sys_nvtxWeightDown
Merging measMET_DY2JetsToLL_M-50_LHEZpT_150-250_TuneCP5_13TeV-amcnloFXFX-pythia8_cat3L_sys_jesTotalUp
Merging MT_DY2JetsToLL_M-50_LHEZpT_150-250_TuneCP5_13TeV-amcnloFXFX-pythia8_catNRB_sys_QCDScale1wDown
Merging MT_DY2JetsToLL_M-50_LHEZpT_150-250_TuneCP5_13TeV-amcnloFXFX-pythia8_catDY_sys_MuonSFUp
Merging measMET_DY2JetsToLL_M-50_LHEZpT_150-250_TuneCP5_13TeV-amcnloFXFX-pythia8_catTOP_sys_QCDScale1wUp
Merging MT_DY2JetsToLL_M-50_LHEZpT_150-250_TuneCP5_13TeV-amcnloFXFX-pythia8_cat4L_sys_MuonEnUp
Merging measMET_DY2JetsToLL_M-50_LHEZpT_150-250_TuneCP5_13TeV-amcnloFXFX-pythia8_catSignal-0jet_sys_ElectronEnDown
Merging njet_DY2JetsToLL_M-50_LHEZpT_150-250_TuneCP5_13TeV-amcnloFXFX-pythia8_sys_nvtxWeightUp
Merging MT_DY2JetsToLL_M-50_LHEZpT_150-250_TuneCP5_13TeV-amcnloFXFX-pythia8_cat3L_sys_ElecronSFUp
Merging phizmet_DY2JetsToLL_M-50_LHEZpT_150-250_TuneCP5_13TeV-amcnloFXFX-pythia8_sys_jesTotalUp
Merging MT_DY2JetsToLL_M-50_LHEZpT_150-250_TuneCP5_13TeV-amcnloFXFX-pythia8_catDY_sys_puWeightDown
Merging measMET_DY2JetsToLL_M-50_LHEZpT_150-250_TuneCP5_13TeV-amcnloFXFX-pythia8_catSignal-1jet_sys_PDFUp
Merging measMET_DY2JetsToLL_M-50_LHEZpT_150-250_TuneCP5_13TeV-amcnloFXFX-pythia8_catEM_sys_puWeightDown
Merging MT_DY2JetsToLL_M-50_LHEZpT_150-250_TuneCP5_13TeV-amcnloFXFX-pythia8_cat3L_sys_PrefireWeightUp
Merging phizmet_DY2JetsToLL_M-50_LHEZpT_150-250_TuneCP5_13TeV-amcnloFXFX-pythia8_sys_jerUp
Merging measMET_DY2JetsToLL_M-50_LHEZpT_150-250_TuneCP5_13TeV-amcnloFXFX-pythia8_catSignal-1jet_sys_jesTotalUp
Merging MT_DY2JetsToLL_M-50_LHEZpT_150-250_TuneCP5_13TeV-amcnloFXFX-pythia8_catEM_sys_PrefireWeightDown
Merging MT_DY2JetsToLL_M-50_LHEZpT_150-250_TuneCP5_13TeV-amcnloFXFX-pythia8_cat3L_sys_jerDown
Merging measMET_DY2JetsToLL_M-50_LHEZpT_150-250_TuneCP5_13TeV-amcnloFXFX-pythia8_cat4L_sys_PrefireWeightDown
Merging MT_DY2JetsToLL_M-50_LHEZpT_150-250_TuneCP5_13TeV-amcnloFXFX-pythia8_catSignal-0jet_sys_ElectronEnUp
Merging MT_DY2JetsToLL_M-50_LHEZpT_150-250_TuneCP5_13TeV-amcnloFXFX-pythia8_catEM_sys_nvtxWeightDown
Merging measMET_DY2JetsToLL_M-50_LHEZpT_150-250_TuneCP5_13TeV-amcnloFXFX-pythia8_cat4L_sys_MuonSFUp
Merging MT_DY2JetsToLL_M-50_LHEZpT_150-250_TuneCP5_13TeV-amcnloFXFX-pythia8_catTOP_sys_jerUp
Merging MT_DY2JetsToLL_M-50_LHEZpT_150-250_TuneCP5_13TeV-amcnloFXFX-pythia8_catDY_sys_btagEventWeightDown
Merging njet_DY2JetsToLL_M-50_LHEZpT_150-250_TuneCP5_13TeV-amcnloFXFX-pythia8_sys_puWeightDown
Merging MT_DY2JetsToLL_M-50_LHEZpT_150-250_TuneCP5_13TeV-amcnloFXFX-pythia8_catSignal-1jet_sys_EWKDown
Merging MT_DY2JetsToLL_M-50_LHEZpT_150-250_TuneCP5_13TeV-amcnloFXFX-pythia8_catNRB_sys_ElecronSFUp
Merging MT_DY2JetsToLL_M-50_LHEZpT_150-250_TuneCP5_13TeV-amcnloFXFX-pythia8_catNRB_sys_QCDScale2wDown
Merging MT_DY2JetsToLL_M-50_LHEZpT_150-250_TuneCP5_13TeV-amcnloFXFX-pythia8_catNRB_sys_EWKUp
Merging MT_DY2JetsToLL_M-50_LHEZpT_150-250_TuneCP5_13TeV-amcnloFXFX-pythia8_catSignal-1jet_sys_QCDScale0wUp
Merging measMET_DY2JetsToLL_M-50_LHEZpT_150-250_TuneCP5_13TeV-amcnloFXFX-pythia8_catNRB_sys_QCDScale1wUp
Merging MT_DY2JetsToLL_M-50_LHEZpT_150-250_TuneCP5_13TeV-amcnloFXFX-pythia8_catSignal-1jet_sys_PrefireWeightUp
Merging measMET_DY2JetsToLL_M-50_LHEZpT_150-250_TuneCP5_13TeV-amcnloFXFX-pythia8_catNRB_sys_PDFDown
Merging MT_DY2JetsToLL_M-50_LHEZpT_150-250_TuneCP5_13TeV-amcnloFXFX-pythia8_catEM_sys_QCDScale2wUp
Merging MT_DY2JetsToLL_M-50_LHEZpT_150-250_TuneCP5_13TeV-amcnloFXFX-pythia8_cat4L_sys_PrefireWeightUp
Merging measMET_DY2JetsToLL_M-50_LHEZpT_150-250_TuneCP5_13TeV-amcnloFXFX-pythia8_catTOP_sys_jesTotalDown
Merging MT_DY2JetsToLL_M-50_LHEZpT_150-250_TuneCP5_13TeV-amcnloFXFX-pythia8_cat3L_sys_jesTotalUp
Merging MT_DY2JetsToLL_M-50_LHEZpT_150-250_TuneCP5_13TeV-amcnloFXFX-pythia8_catSignal-0jet_sys_MuonSFDown
Merging measMET_DY2JetsToLL_M-50_LHEZpT_150-250_TuneCP5_13TeV-amcnloFXFX-pythia8_cat4L_sys_QCDScale0wDown
Merging MT_DY2JetsToLL_M-50_LHEZpT_150-250_TuneCP5_13TeV-amcnloFXFX-pythia8_catDY_sys_EWKDown
Merging measMET_DY2JetsToLL_M-50_LHEZpT_150-250_TuneCP5_13TeV-amcnloFXFX-pythia8_catSignal-0jet_sys_QCDScale1wDown
Merging MT_DY2JetsToLL_M-50_LHEZpT_150-250_TuneCP5_13TeV-amcnloFXFX-pythia8_catNRB_sys_QCDScale1wUp
Merging measMET_DY2JetsToLL_M-50_LHEZpT_150-250_TuneCP5_13TeV-amcnloFXFX-pythia8_catTOP_sys_QCDScale0wDown
Merging MT_DY2JetsToLL_M-50_LHEZpT_150-250_TuneCP5_13TeV-amcnloFXFX-pythia8_cat4L_sys_btagEventWeightDown
Merging measMET_DY2JetsToLL_M-50_LHEZpT_150-250_TuneCP5_13TeV-amcnloFXFX-pythia8_catDY_sys_nvtxWeightDown
Merging balance_DY2JetsToLL_M-50_LHEZpT_150-250_TuneCP5_13TeV-amcnloFXFX-pythia8_sys_ElecronSFDown
Merging measMET_DY2JetsToLL_M-50_LHEZpT_150-250_TuneCP5_13TeV-amcnloFXFX-pythia8_catDY_sys_jesTotalUp
Merging measMET_DY2JetsToLL_M-50_LHEZpT_150-250_TuneCP5_13TeV-amcnloFXFX-pythia8_catNRB_sys_ElectronEnDown
Merging MT_DY2JetsToLL_M-50_LHEZpT_150-250_TuneCP5_13TeV-amcnloFXFX-pythia8_catEM_sys_jesTotalUp
Merging balance_DY2JetsToLL_M-50_LHEZpT_150-250_TuneCP5_13TeV-amcnloFXFX-pythia8_sys_QCDScale0wUp
Merging measMET_DY2JetsToLL_M-50_LHEZpT_150-250_TuneCP5_13TeV-amcnloFXFX-pythia8_catSignal-0jet_sys_PrefireWeightDown
Merging measMET_DY2JetsToLL_M-50_LHEZpT_150-250_TuneCP5_13TeV-amcnloFXFX-pythia8_catDY_sys_jesTotalDown
Merging measMET_DY2JetsToLL_M-50_LHEZpT_150-250_TuneCP5_13TeV-amcnloFXFX-pythia8_catDY_sys_ElectronEnUp
Merging njet_DY2JetsToLL_M-50_LHEZpT_150-250_TuneCP5_13TeV-amcnloFXFX-pythia8_sys_MuonEnUp
Merging MT_DY2JetsToLL_M-50_LHEZpT_150-250_TuneCP5_13TeV-amcnloFXFX-pythia8_catSignal-1jet_sys_MuonSFUp
Merging phizmet_DY2JetsToLL_M-50_LHEZpT_150-250_TuneCP5_13TeV-amcnloFXFX-pythia8_sys_QCDScale0wDown
Merging MT_DY2JetsToLL_M-50_LHEZpT_150-250_TuneCP5_13TeV-amcnloFXFX-pythia8_catDY_sys_QCDScale0wDown
Merging MT_DY2JetsToLL_M-50_LHEZpT_150-250_TuneCP5_13TeV-amcnloFXFX-pythia8_catTOP_sys_MuonSFDown
Merging balance_DY2JetsToLL_M-50_LHEZpT_150-250_TuneCP5_13TeV-amcnloFXFX-pythia8_sys_nvtxWeightDown
Merging measMET_DY2JetsToLL_M-50_LHEZpT_150-250_TuneCP5_13TeV-amcnloFXFX-pythia8_cat4L_sys_nvtxWeightDown
Merging measMET_DY2JetsToLL_M-50_LHEZpT_150-250_TuneCP5_13TeV-amcnloFXFX-pythia8_cat4L_sys_puWeightDown
Merging phizmet_DY2JetsToLL_M-50_LHEZpT_150-250_TuneCP5_13TeV-amcnloFXFX-pythia8_sys_btagEventWeightDown
Merging MT_DY2JetsToLL_M-50_LHEZpT_150-250_TuneCP5_13TeV-amcnloFXFX-pythia8_catTOP_sys_EWKUp
Merging MT_DY2JetsToLL_M-50_LHEZpT_150-250_TuneCP5_13TeV-amcnloFXFX-pythia8_catTOP_sys_ElecronSFUp
Merging balance_DY2JetsToLL_M-50_LHEZpT_150-250_TuneCP5_13TeV-amcnloFXFX-pythia8_sys_QCDScale1wDown
Merging njet_DY2JetsToLL_M-50_LHEZpT_150-250_TuneCP5_13TeV-amcnloFXFX-pythia8_sys_MuonSFUp
Merging measMET_DY2JetsToLL_M-50_LHEZpT_150-250_TuneCP5_13TeV-amcnloFXFX-pythia8_catNRB_sys_PDFUp
Merging phizmet_DY2JetsToLL_M-50_LHEZpT_150-250_TuneCP5_13TeV-amcnloFXFX-pythia8_sys_EWKDown
Merging measMET_DY2JetsToLL_M-50_LHEZpT_150-250_TuneCP5_13TeV-amcnloFXFX-pythia8_catTOP_sys_PDFDown
Merging measMET_DY2JetsToLL_M-50_LHEZpT_150-250_TuneCP5_13TeV-amcnloFXFX-pythia8_catSignal-0jet_sys_MuonSFUp
Merging MT_DY2JetsToLL_M-50_LHEZpT_150-250_TuneCP5_13TeV-amcnloFXFX-pythia8_catDY_sys_ElecronSFDown
Merging measMET_DY2JetsToLL_M-50_LHEZpT_150-250_TuneCP5_13TeV-amcnloFXFX-pythia8_catTOP_sys_nvtxWeightUp
Merging measMET_DY2JetsToLL_M-50_LHEZpT_150-250_TuneCP5_13TeV-amcnloFXFX-pythia8_catTOP_sys_TriggerSFWeightDown
Merging MT_DY2JetsToLL_M-50_LHEZpT_150-250_TuneCP5_13TeV-amcnloFXFX-pythia8_cat3L_sys_jerUp
Merging measMET_DY2JetsToLL_M-50_LHEZpT_150-250_TuneCP5_13TeV-amcnloFXFX-pythia8_catSignal-1jet_sys_PrefireWeightUp
Merging MT_DY2JetsToLL_M-50_LHEZpT_150-250_TuneCP5_13TeV-amcnloFXFX-pythia8_catDY_sys_TriggerSFWeightUp
Merging measMET_DY2JetsToLL_M-50_LHEZpT_150-250_TuneCP5_13TeV-amcnloFXFX-pythia8_cat3L_sys_jerDown
Merging MT_DY2JetsToLL_M-50_LHEZpT_150-250_TuneCP5_13TeV-amcnloFXFX-pythia8_catDY_sys_btagEventWeightUp
Merging measMET_DY2JetsToLL_M-50_LHEZpT_150-250_TuneCP5_13TeV-amcnloFXFX-pythia8_catEM_sys_QCDScale2wUp
Merging measMET_DY2JetsToLL_M-50_LHEZpT_150-250_TuneCP5_13TeV-amcnloFXFX-pythia8_catEM_sys_ElectronEnUp
Merging balance_DY2JetsToLL_M-50_LHEZpT_150-250_TuneCP5_13TeV-amcnloFXFX-pythia8_sys_MuonSFDown
Merging MT_DY2JetsToLL_M-50_LHEZpT_150-250_TuneCP5_13TeV-amcnloFXFX-pythia8_cat4L_sys_ElecronSFDown
Merging measMET_DY2JetsToLL_M-50_LHEZpT_150-250_TuneCP5_13TeV-amcnloFXFX-pythia8_cat3L_sys_EWKDown
Merging MT_DY2JetsToLL_M-50_LHEZpT_150-250_TuneCP5_13TeV-amcnloFXFX-pythia8_catNRB_sys_btagEventWeightDown
Merging balance_DY2JetsToLL_M-50_LHEZpT_150-250_TuneCP5_13TeV-amcnloFXFX-pythia8_sys_QCDScale2wUp
Merging MT_DY2JetsToLL_M-50_LHEZpT_150-250_TuneCP5_13TeV-amcnloFXFX-pythia8_catSignal-0jet_sys_ElecronSFDown
Merging MT_DY2JetsToLL_M-50_LHEZpT_150-250_TuneCP5_13TeV-amcnloFXFX-pythia8_cat3L_sys_QCDScale1wDown
Merging measMET_DY2JetsToLL_M-50_LHEZpT_150-250_TuneCP5_13TeV-amcnloFXFX-pythia8_catDY_sys_PDFUp
Merging measMET_DY2JetsToLL_M-50_LHEZpT_150-250_TuneCP5_13TeV-amcnloFXFX-pythia8_catNRB_sys_EWKUp
Merging MT_DY2JetsToLL_M-50_LHEZpT_150-250_TuneCP5_13TeV-amcnloFXFX-pythia8_catTOP_sys_QCDScale1wUp
Merging measMET_DY2JetsToLL_M-50_LHEZpT_150-250_TuneCP5_13TeV-amcnloFXFX-pythia8_catSignal-1jet_sys_nvtxWeightDown
Merging measMET_DY2JetsToLL_M-50_LHEZpT_150-250_TuneCP5_13TeV-amcnloFXFX-pythia8_cat3L_sys_PrefireWeightUp
cessed    30000/  129700 entries, 23.13% (elapsed time  1942.5s, curr speed    0.016 kHz, avg speed    0.015 kHz), accepted    30001/   30001 events (100.00%)
Processed    40000/  129700 entries, 30.84% (elapsed time  2609.5s, curr speed    0.015 kHz, avg speed    0.015 kHz), accepted    40001/   40001 events (100.00%)
Processed    50000/  129700 entries, 38.55% (elapsed time  3178.6s, curr speed    0.018 kHz, avg speed    0.016 kHz), accepted    50001/   50001 events (100.00%)
Processed    60000/  129700 entries, 46.26% (elapsed time  3774.2s, curr speed    0.017 kHz, avg speed    0.016 kHz), accepted    60001/   60001 events (100.00%)
Processed    70000/  129700 entries, 53.97% (elapsed time  4458.6s, curr speed    0.015 kHz, avg speed    0.016 kHz), accepted    70001/   70001 events (100.00%)
Processed    80000/  129700 entries, 61.68% (elapsed time  5146.0s, curr speed    0.015 kHz, avg speed    0.016 kHz), accepted    80001/   80001 events (100.00%)
Processed    90000/  129700 entries, 69.39% (elapsed time  5822.4s, curr speed    0.015 kHz, avg speed    0.015 kHz), accepted    90001/   90001 events (100.00%)
Processed   100000/  129700 entries, 77.10% (elapsed time  6501.3s, curr speed    0.015 kHz, avg speed    0.015 kHz), accepted   100001/  100001 events (100.00%)
Processed   110000/  129700 entries, 84.81% (elapsed time  7212.4s, curr speed    0.014 kHz, avg speed    0.015 kHz), accepted   110001/  110001 events (100.00%)
Processed   120000/  129700 entries, 92.52% (elapsed time  7924.2s, curr speed    0.014 kHz, avg speed    0.015 kHz), accepted   120001/  120001 events (100.00%)
Processed 129700 preselected entries from /eos/cms/store/group/phys_exotica/monoZ/Exorcism2018/DY2JetsToLL_M-50_LHEZpT_150-250_TuneCP5_13TeV-amcnloFXFX-pythia8/tree_31.root (129700 entries). Finally selected 129700 entries
Done ./tree_31_Skim.root
15.0767496062 Hz
----- transfer output to eos :
----- directory after running :
.:
total 6528
-rw-r--r--. 1 cfreer zh    1236 Nov 30 08:49 FrameworkJobReport.xml
-rw-r--r--. 1 cfreer zh       0 Nov 30 06:23 _condor_stderr
-rw-r--r--. 1 cfreer zh   96963 Nov 30 08:49 _condor_stdout
-rw-------. 1 cfreer zh    4914 Nov 30 08:49 cfreer.cc
-rw-r--r--. 1 cfreer zh   16092 Nov 30 06:23 combineHLT_Run2.yaml
-rw-r--r--. 1 cfreer zh    5718 Nov 30 06:23 condor_WSProducer.py
-rwxr-xr-x. 1 cfreer zh     863 Nov 30 06:23 condor_exec.exe
-rwxr-xr-x. 1 cfreer zh    2559 Nov 30 06:23 haddnano.py
-rw-r--r--. 1 cfreer zh       8 Nov 30 06:23 keep_and_drop_WS.txt
drwx------. 3 cfreer zh    4096 Nov 30 06:23 tmp
-rw-r--r--. 1 cfreer zh 3261504 Nov 30 08:49 tree_15.root
-rw-r--r--. 1 cfreer zh 3261368 Nov 30 08:49 tree_31_Skim.root
drwx------. 3 cfreer zh    4096 Nov 30 06:23 var

./tmp:
total 4
drwxr-xr-x. 3 cfreer zh 4096 Nov 30 06:23 mjf-cfreer

./tmp/mjf-cfreer:
total 4
drwxr-xr-x. 2 cfreer zh 4096 Nov 30 06:23 jobfeatures-bigbird09.cern.ch_3031815.15_1574960267

./tmp/mjf-cfreer/jobfeatures-bigbird09.cern.ch_3031815.15_1574960267:
total 28
-rw-r--r--. 1 cfreer zh  1 Nov 30 06:23 allocated_cpu
-rw-r--r--. 1 cfreer zh  6 Nov 30 06:23 cpu_limit_secs
-rw-r--r--. 1 cfreer zh 39 Nov 30 06:23 job_id
-rw-r--r--. 1 cfreer zh 10 Nov 30 06:23 jobstart_secs
-rw-r--r--. 1 cfreer zh 10 Nov 30 06:23 max_rss_bytes
-rw-r--r--. 1 cfreer zh 10 Nov 30 06:23 scratch_limit_bytes
-rw-r--r--. 1 cfreer zh  6 Nov 30 06:23 wall_limit_secs

./var:
total 4
drwx------. 2 cfreer zh 4096 Nov 30 06:23 tmp

./var/tmp:
total 0
 ------ THE END (everyone dies !) ----- 
