
/pool/condor/dir_2570

... start job at 2019-12-02 01:31:49
----- directory before running:
.:
total 52
-rw-r--r--. 1 cfreer zh     0 Dec  2 01:31 _condor_stderr
-rw-r--r--. 1 cfreer zh    93 Dec  2 01:31 _condor_stdout
-rw-------. 1 cfreer zh  2642 Dec  2 01:31 cfreer.cc
-rw-r--r--. 1 cfreer zh 16092 Dec  2 01:31 combineHLT_Run2.yaml
-rw-r--r--. 1 cfreer zh  5718 Dec  2 01:31 condor_WSProducer.py
-rwxr-xr-x. 1 cfreer zh   816 Dec  2 01:31 condor_exec.exe
-rwxr-xr-x. 1 cfreer zh  2559 Dec  2 01:31 haddnano.py
-rw-r--r--. 1 cfreer zh     8 Dec  2 01:31 keep_and_drop_WS.txt
drwx------. 3 cfreer zh  4096 Dec  2 01:31 tmp
drwx------. 3 cfreer zh  4096 Dec  2 01:31 var

./tmp:
total 4
drwxr-xr-x. 3 cfreer zh 4096 Dec  2 01:31 mjf-cfreer

./tmp/mjf-cfreer:
total 4
drwxr-xr-x. 2 cfreer zh 4096 Dec  2 01:31 jobfeatures-bigbird09.cern.ch_3059295.0_1575246472

./tmp/mjf-cfreer/jobfeatures-bigbird09.cern.ch_3059295.0_1575246472:
total 28
-rw-r--r--. 1 cfreer zh  1 Dec  2 01:31 allocated_cpu
-rw-r--r--. 1 cfreer zh  6 Dec  2 01:31 cpu_limit_secs
-rw-r--r--. 1 cfreer zh 38 Dec  2 01:31 job_id
-rw-r--r--. 1 cfreer zh 10 Dec  2 01:31 jobstart_secs
-rw-r--r--. 1 cfreer zh 10 Dec  2 01:31 max_rss_bytes
-rw-r--r--. 1 cfreer zh 10 Dec  2 01:31 scratch_limit_bytes
-rw-r--r--. 1 cfreer zh  6 Dec  2 01:31 wall_limit_secs

./var:
total 4
drwx------. 2 cfreer zh 4096 Dec  2 01:31 tmp

./var/tmp:
total 0
----- CMSSW BASE, python path, pwd:
+ CMSSW_BASE  = /afs/cern.ch/work/c/cfreer/MonoZ_2019/MT_plots/CMSSW_10_6_4
+ PYTHON_PATH = 
+ PWD         = /pool/condor/dir_2570
Adding file ./tree_0_Skim.root
Merging measMET_monoZ_catSignal-0jet
Merging MT_monoZ_catSignal-0jet
Merging measMET_monoZ_catEM
Merging MT_monoZ_catEM
Merging measMET_monoZ_catSignal-1jet
Merging MT_monoZ_catSignal-1jet
Merging measMET_monoZ_cat3L
Merging MT_monoZ_cat3L
Merging measMET_monoZ_cat4L
Merging MT_monoZ_cat4L
Merging measMET_monoZ_catNRB
Merging MT_monoZ_catNRB
Merging measMET_monoZ_catTOP
Merging MT_monoZ_catTOP
Merging measMET_monoZ_catDY
Merging MT_monoZ_catDY
Merging balance_monoZ
Merging phizmet_monoZ
Merging njet_monoZ
Merging measMET_monoZ_catSignal-0jet_sys_ElectronEnUp
Merging MT_monoZ_catSignal-0jet_sys_ElectronEnUp
Merging measMET_monoZ_catEM_sys_ElectronEnUp
Merging MT_monoZ_catEM_sys_ElectronEnUp
Merging measMET_monoZ_catSignal-1jet_sys_ElectronEnUp
Merging MT_monoZ_catSignal-1jet_sys_ElectronEnUp
Merging measMET_monoZ_cat3L_sys_ElectronEnUp
Merging MT_monoZ_cat3L_sys_ElectronEnUp
Merging measMET_monoZ_cat4L_sys_ElectronEnUp
Merging MT_monoZ_cat4L_sys_ElectronEnUp
Merging measMET_monoZ_catNRB_sys_ElectronEnUp
Merging MT_monoZ_catNRB_sys_ElectronEnUp
Merging measMET_monoZ_catTOP_sys_ElectronEnUp
Merging MT_monoZ_catTOP_sys_ElectronEnUp
Merging measMET_monoZ_catDY_sys_ElectronEnUp
Merging MT_monoZ_catDY_sys_ElectronEnUp
Merging balance_monoZ_sys_ElectronEnUp
Merging phizmet_monoZ_sys_ElectronEnUp
Merging njet_monoZ_sys_ElectronEnUp
Merging measMET_monoZ_catSignal-0jet_sys_ElectronEnDown
Merging MT_monoZ_catSignal-0jet_sys_ElectronEnDown
Merging measMET_monoZ_catEM_sys_ElectronEnDown
Merging MT_monoZ_catEM_sys_ElectronEnDown
Merging measMET_monoZ_catSignal-1jet_sys_ElectronEnDown
Merging MT_monoZ_catSignal-1jet_sys_ElectronEnDown
Merging measMET_monoZ_cat3L_sys_ElectronEnDown
Merging MT_monoZ_cat3L_sys_ElectronEnDown
Merging measMET_monoZ_cat4L_sys_ElectronEnDown
Merging MT_monoZ_cat4L_sys_ElectronEnDown
Merging measMET_monoZ_catNRB_sys_ElectronEnDown
Merging MT_monoZ_catNRB_sys_ElectronEnDown
Merging measMET_monoZ_catTOP_sys_ElectronEnDown
Merging MT_monoZ_catTOP_sys_ElectronEnDown
Merging measMET_monoZ_catDY_sys_ElectronEnDown
Merging MT_monoZ_catDY_sys_ElectronEnDown
Merging balance_monoZ_sys_ElectronEnDown
Merging phizmet_monoZ_sys_ElectronEnDown
Merging njet_monoZ_sys_ElectronEnDown
Merging measMET_monoZ_catSignal-0jet_sys_MuonEnUp
Merging MT_monoZ_catSignal-0jet_sys_MuonEnUp
Merging measMET_monoZ_catEM_sys_MuonEnUp
Merging MT_monoZ_catEM_sys_MuonEnUp
Merging measMET_monoZ_catSignal-1jet_sys_MuonEnUp
Merging MT_monoZ_catSignal-1jet_sys_MuonEnUp
Merging measMET_monoZ_cat3L_sys_MuonEnUp
Merging MT_monoZ_cat3L_sys_MuonEnUp
Merging measMET_monoZ_cat4L_sys_MuonEnUp
Merging MT_monoZ_cat4L_sys_MuonEnUp
Merging measMET_monoZ_catNRB_sys_MuonEnUp
Merging MT_monoZ_catNRB_sys_MuonEnUp
Merging measMET_monoZ_catTOP_sys_MuonEnUp
Merging MT_monoZ_catTOP_sys_MuonEnUp
Merging measMET_monoZ_catDY_sys_MuonEnUp
Merging MT_monoZ_catDY_sys_MuonEnUp
Merging balance_monoZ_sys_MuonEnUp
Merging phizmet_monoZ_sys_MuonEnUp
Merging njet_monoZ_sys_MuonEnUp
Merging measMET_monoZ_catSignal-0jet_sys_MuonEnDown
Merging MT_monoZ_catSignal-0jet_sys_MuonEnDown
Merging measMET_monoZ_catEM_sys_MuonEnDown
Merging MT_monoZ_catEM_sys_MuonEnDown
Merging measMET_monoZ_catSignal-1jet_sys_MuonEnDown
Merging MT_monoZ_catSignal-1jet_sys_MuonEnDown
Merging measMET_monoZ_cat3L_sys_MuonEnDown
Merging MT_monoZ_cat3L_sys_MuonEnDown
Merging measMET_monoZ_cat4L_sys_MuonEnDown
Merging MT_monoZ_cat4L_sys_MuonEnDown
Merging measMET_monoZ_catNRB_sys_MuonEnDown
Merging MT_monoZ_catNRB_sys_MuonEnDown
Merging measMET_monoZ_catTOP_sys_MuonEnDown
Merging MT_monoZ_catTOP_sys_MuonEnDown
Merging measMET_monoZ_catDY_sys_MuonEnDown
Merging MT_monoZ_catDY_sys_MuonEnDown
Merging balance_monoZ_sys_MuonEnDown
Merging phizmet_monoZ_sys_MuonEnDown
Merging njet_monoZ_sys_MuonEnDown
Merging measMET_monoZ_catSignal-0jet_sys_jesTotalUp
Merging MT_monoZ_catSignal-0jet_sys_jesTotalUp
Merging measMET_monoZ_catEM_sys_jesTotalUp
Merging MT_monoZ_catEM_sys_jesTotalUp
Merging measMET_monoZ_catSignal-1jet_sys_jesTotalUp
Merging MT_monoZ_catSignal-1jet_sys_jesTotalUp
Merging measMET_monoZ_cat3L_sys_jesTotalUp
Merging MT_monoZ_cat3L_sys_jesTotalUp
Merging measMET_monoZ_cat4L_sys_jesTotalUp
Merging MT_monoZ_cat4L_sys_jesTotalUp
Merging measMET_monoZ_catNRB_sys_jesTotalUp
Merging MT_monoZ_catNRB_sys_jesTotalUp
Merging measMET_monoZ_catTOP_sys_jesTotalUp
Merging MT_monoZ_catTOP_sys_jesTotalUp
Merging measMET_monoZ_catDY_sys_jesTotalUp
Merging MT_monoZ_catDY_sys_jesTotalUp
Merging balance_monoZ_sys_jesTotalUp
Merging phizmet_monoZ_sys_jesTotalUp
Merging njet_monoZ_sys_jesTotalUp
Merging measMET_monoZ_catSignal-0jet_sys_jesTotalDown
Merging MT_monoZ_catSignal-0jet_sys_jesTotalDown
Merging measMET_monoZ_catEM_sys_jesTotalDown
Merging MT_monoZ_catEM_sys_jesTotalDown
Merging measMET_monoZ_catSignal-1jet_sys_jesTotalDown
Merging MT_monoZ_catSignal-1jet_sys_jesTotalDown
Merging measMET_monoZ_cat3L_sys_jesTotalDown
Merging MT_monoZ_cat3L_sys_jesTotalDown
Merging measMET_monoZ_cat4L_sys_jesTotalDown
Merging MT_monoZ_cat4L_sys_jesTotalDown
Merging measMET_monoZ_catNRB_sys_jesTotalDown
Merging MT_monoZ_catNRB_sys_jesTotalDown
Merging measMET_monoZ_catTOP_sys_jesTotalDown
Merging MT_monoZ_catTOP_sys_jesTotalDown
Merging measMET_monoZ_catDY_sys_jesTotalDown
Merging MT_monoZ_catDY_sys_jesTotalDown
Merging balance_monoZ_sys_jesTotalDown
Merging phizmet_monoZ_sys_jesTotalDown
Merging njet_monoZ_sys_jesTotalDown
Merging measMET_monoZ_catSignal-0jet_sys_jerUp
Merging MT_monoZ_catSignal-0jet_sys_jerUp
Merging measMET_monoZ_catEM_sys_jerUp
Merging MT_monoZ_catEM_sys_jerUp
Merging measMET_monoZ_catSignal-1jet_sys_jerUp
Merging MT_monoZ_catSignal-1jet_sys_jerUp
Merging measMET_monoZ_cat3L_sys_jerUp
Merging MT_monoZ_cat3L_sys_jerUp
Merging measMET_monoZ_cat4L_sys_jerUp
Merging MT_monoZ_cat4L_sys_jerUp
Merging measMET_monoZ_catNRB_sys_jerUp
Merging MT_monoZ_catNRB_sys_jerUp
Merging measMET_monoZ_catTOP_sys_jerUp
Merging MT_monoZ_catTOP_sys_jerUp
Merging measMET_monoZ_catDY_sys_jerUp
Merging MT_monoZ_catDY_sys_jerUp
Merging balance_monoZ_sys_jerUp
Merging phizmet_monoZ_sys_jerUp
Merging njet_monoZ_sys_jerUp
Merging measMET_monoZ_catSignal-0jet_sys_jerDown
Merging MT_monoZ_catSignal-0jet_sys_jerDown
Merging measMET_monoZ_catEM_sys_jerDown
Merging MT_monoZ_catEM_sys_jerDown
Merging measMET_monoZ_catSignal-1jet_sys_jerDown
Merging MT_monoZ_catSignal-1jet_sys_jerDown
Merging measMET_monoZ_cat3L_sys_jerDown
Merging MT_monoZ_cat3L_sys_jerDown
Merging measMET_monoZ_cat4L_sys_jerDown
Merging MT_monoZ_cat4L_sys_jerDown
Merging measMET_monoZ_catNRB_sys_jerDown
Merging MT_monoZ_catNRB_sys_jerDown
Merging measMET_monoZ_catTOP_sys_jerDown
Merging MT_monoZ_catTOP_sys_jerDown
Merging measMET_monoZ_catDY_sys_jerDown
Merging MT_monoZ_catDY_sys_jerDown
Merging balance_monoZ_sys_jerDown
Merging phizmet_monoZ_sys_jerDown
Merging njet_monoZ_sys_jerDown
Merging measMET_monoZ_catSignal-0jet_sys_puWeightUp
Merging MT_monoZ_catSignal-0jet_sys_puWeightUp
Merging measMET_monoZ_catEM_sys_puWeightUp
Merging MT_monoZ_catEM_sys_puWeightUp
Merging measMET_monoZ_catSignal-1jet_sys_puWeightUp
Merging MT_monoZ_catSignal-1jet_sys_puWeightUp
Merging measMET_monoZ_cat3L_sys_puWeightUp
Merging MT_monoZ_cat3L_sys_puWeightUp
Merging measMET_monoZ_cat4L_sys_puWeightUp
Merging MT_monoZ_cat4L_sys_puWeightUp
Merging measMET_monoZ_catNRB_sys_puWeightUp
Merging MT_monoZ_catNRB_sys_puWeightUp
Merging measMET_monoZ_catTOP_sys_puWeightUp
Merging MT_monoZ_catTOP_sys_puWeightUp
Merging measMET_monoZ_catDY_sys_puWeightUp
Merging MT_monoZ_catDY_sys_puWeightUp
Merging balance_monoZ_sys_puWeightUp
Merging phizmet_monoZ_sys_puWeightUp
Merging njet_monoZ_sys_puWeightUp
Merging measMET_monoZ_catSignal-0jet_sys_puWeightDown
Merging MT_monoZ_catSignal-0jet_sys_puWeightDown
Merging measMET_monoZ_catEM_sys_puWeightDown
Merging MT_monoZ_catEM_sys_puWeightDown
Merging measMET_monoZ_catSignal-1jet_sys_puWeightDown
Merging MT_monoZ_catSignal-1jet_sys_puWeightDown
Merging measMET_monoZ_cat3L_sys_puWeightDown
Merging MT_monoZ_cat3L_sys_puWeightDown
Merging measMET_monoZ_cat4L_sys_puWeightDown
Merging MT_monoZ_cat4L_sys_puWeightDown
Merging measMET_monoZ_catNRB_sys_puWeightDown
Merging MT_monoZ_catNRB_sys_puWeightDown
Merging measMET_monoZ_catTOP_sys_puWeightDown
Merging MT_monoZ_catTOP_sys_puWeightDown
Merging measMET_monoZ_catDY_sys_puWeightDown
Merging MT_monoZ_catDY_sys_puWeightDown
Merging balance_monoZ_sys_puWeightDown
Merging phizmet_monoZ_sys_puWeightDown
Merging njet_monoZ_sys_puWeightDown
Merging measMET_monoZ_catSignal-0jet_sys_PDFUp
Merging MT_monoZ_catSignal-0jet_sys_PDFUp
Merging measMET_monoZ_catEM_sys_PDFUp
Merging MT_monoZ_catEM_sys_PDFUp
Merging measMET_monoZ_catSignal-1jet_sys_PDFUp
Merging MT_monoZ_catSignal-1jet_sys_PDFUp
Merging measMET_monoZ_cat3L_sys_PDFUp
Merging MT_monoZ_cat3L_sys_PDFUp
Merging measMET_monoZ_cat4L_sys_PDFUp
Merging MT_monoZ_cat4L_sys_PDFUp
Merging measMET_monoZ_catNRB_sys_PDFUp
Merging MT_monoZ_catNRB_sys_PDFUp
Merging measMET_monoZ_catTOP_sys_PDFUp
Merging MT_monoZ_catTOP_sys_PDFUp
Merging measMET_monoZ_catDY_sys_PDFUp
Merging MT_monoZ_catDY_sys_PDFUp
Merging balance_monoZ_sys_PDFUp
Merging phizmet_monoZ_sys_PDFUp
Merging njet_monoZ_sys_PDFUp
Merging measMET_monoZ_catSignal-0jet_sys_PDFDown
Merging MT_monoZ_catSignal-0jet_sys_PDFDown
Merging measMET_monoZ_catEM_sys_PDFDown
Merging MT_monoZ_catEM_sys_PDFDown
Merging measMET_monoZ_catSignal-1jet_sys_PDFDown
Merging MT_monoZ_catSignal-1jet_sys_PDFDown
Merging measMET_monoZ_cat3L_sys_PDFDown
Merging MT_monoZ_cat3L_sys_PDFDown
Merging measMET_monoZ_cat4L_sys_PDFDown
Merging MT_monoZ_cat4L_sys_PDFDown
Merging measMET_monoZ_catNRB_sys_PDFDown
Merging MT_monoZ_catNRB_sys_PDFDown
Merging measMET_monoZ_catTOP_sys_PDFDown
Merging MT_monoZ_catTOP_sys_PDFDown
Merging measMET_monoZ_catDY_sys_PDFDown
Merging MT_monoZ_catDY_sys_PDFDown
Merging balance_monoZ_sys_PDFDown
Merging phizmet_monoZ_sys_PDFDown
Merging njet_monoZ_sys_PDFDown
Merging measMET_monoZ_catSignal-0jet_sys_MuonSFUp
Merging MT_monoZ_catSignal-0jet_sys_MuonSFUp
Merging measMET_monoZ_catEM_sys_MuonSFUp
Merging MT_monoZ_catEM_sys_MuonSFUp
Merging measMET_monoZ_catSignal-1jet_sys_MuonSFUp
Merging MT_monoZ_catSignal-1jet_sys_MuonSFUp
Merging measMET_monoZ_cat3L_sys_MuonSFUp
Merging MT_monoZ_cat3L_sys_MuonSFUp
Merging measMET_monoZ_cat4L_sys_MuonSFUp
Merging MT_monoZ_cat4L_sys_MuonSFUp
Merging measMET_monoZ_catNRB_sys_MuonSFUp
Merging MT_monoZ_catNRB_sys_MuonSFUp
Merging measMET_monoZ_catTOP_sys_MuonSFUp
Merging MT_monoZ_catTOP_sys_MuonSFUp
Merging measMET_monoZ_catDY_sys_MuonSFUp
Merging MT_monoZ_catDY_sys_MuonSFUp
Merging balance_monoZ_sys_MuonSFUp
Merging phizmet_monoZ_sys_MuonSFUp
Merging njet_monoZ_sys_MuonSFUp
Merging measMET_monoZ_catSignal-0jet_sys_MuonSFDown
Merging MT_monoZ_catSignal-0jet_sys_MuonSFDown
Merging measMET_monoZ_catEM_sys_MuonSFDown
Merging MT_monoZ_catEM_sys_MuonSFDown
Merging measMET_monoZ_catSignal-1jet_sys_MuonSFDown
Merging MT_monoZ_catSignal-1jet_sys_MuonSFDown
Merging measMET_monoZ_cat3L_sys_MuonSFDown
Merging MT_monoZ_cat3L_sys_MuonSFDown
Merging measMET_monoZ_cat4L_sys_MuonSFDown
Merging MT_monoZ_cat4L_sys_MuonSFDown
Merging measMET_monoZ_catNRB_sys_MuonSFDown
Merging MT_monoZ_catNRB_sys_MuonSFDown
Merging measMET_monoZ_catTOP_sys_MuonSFDown
Merging MT_monoZ_catTOP_sys_MuonSFDown
Merging measMET_monoZ_catDY_sys_MuonSFDown
Merging MT_monoZ_catDY_sys_MuonSFDown
Merging balance_monoZ_sys_MuonSFDown
Merging phizmet_monoZ_sys_MuonSFDown
Merging njet_monoZ_sys_MuonSFDown
Merging measMET_monoZ_catSignal-0jet_sys_ElecronSFUp
Merging MT_monoZ_catSignal-0jet_sys_ElecronSFUp
Merging measMET_monoZ_catEM_sys_ElecronSFUp
Merging MT_monoZ_catEM_sys_ElecronSFUp
Merging measMET_monoZ_catSignal-1jet_sys_ElecronSFUp
Merging MT_monoZ_catSignal-1jet_sys_ElecronSFUp
Merging measMET_monoZ_cat3L_sys_ElecronSFUp
Merging MT_monoZ_cat3L_sys_ElecronSFUp
Merging measMET_monoZ_cat4L_sys_ElecronSFUp
Merging MT_monoZ_cat4L_sys_ElecronSFUp
Merging measMET_monoZ_catNRB_sys_ElecronSFUp
Merging MT_monoZ_catNRB_sys_ElecronSFUp
Merging measMET_monoZ_catTOP_sys_ElecronSFUp
Merging MT_monoZ_catTOP_sys_ElecronSFUp
Merging measMET_monoZ_catDY_sys_ElecronSFUp
Merging MT_monoZ_catDY_sys_ElecronSFUp
Merging balance_monoZ_sys_ElecronSFUp
Merging phizmet_monoZ_sys_ElecronSFUp
Merging njet_monoZ_sys_ElecronSFUp
Merging measMET_monoZ_catSignal-0jet_sys_ElecronSFDown
Merging MT_monoZ_catSignal-0jet_sys_ElecronSFDown
Merging measMET_monoZ_catEM_sys_ElecronSFDown
Merging MT_monoZ_catEM_sys_ElecronSFDown
Merging measMET_monoZ_catSignal-1jet_sys_ElecronSFDown
Merging MT_monoZ_catSignal-1jet_sys_ElecronSFDown
Merging measMET_monoZ_cat3L_sys_ElecronSFDown
Merging MT_monoZ_cat3L_sys_ElecronSFDown
Merging measMET_monoZ_cat4L_sys_ElecronSFDown
Merging MT_monoZ_cat4L_sys_ElecronSFDown
Merging measMET_monoZ_catNRB_sys_ElecronSFDown
Merging MT_monoZ_catNRB_sys_ElecronSFDown
Merging measMET_monoZ_catTOP_sys_ElecronSFDown
Merging MT_monoZ_catTOP_sys_ElecronSFDown
Merging measMET_monoZ_catDY_sys_ElecronSFDown
Merging MT_monoZ_catDY_sys_ElecronSFDown
Merging balance_monoZ_sys_ElecronSFDown
Merging phizmet_monoZ_sys_ElecronSFDown
Merging njet_monoZ_sys_ElecronSFDown
Merging measMET_monoZ_catSignal-0jet_sys_EWKUp
Merging MT_monoZ_catSignal-0jet_sys_EWKUp
Merging measMET_monoZ_catEM_sys_EWKUp
Merging MT_monoZ_catEM_sys_EWKUp
Merging measMET_monoZ_catSignal-1jet_sys_EWKUp
Merging MT_monoZ_catSignal-1jet_sys_EWKUp
Merging measMET_monoZ_cat3L_sys_EWKUp
Merging MT_monoZ_cat3L_sys_EWKUp
Merging measMET_monoZ_cat4L_sys_EWKUp
Merging MT_monoZ_cat4L_sys_EWKUp
Merging measMET_monoZ_catNRB_sys_EWKUp
Merging MT_monoZ_catNRB_sys_EWKUp
Merging measMET_monoZ_catTOP_sys_EWKUp
Merging MT_monoZ_catTOP_sys_EWKUp
Merging measMET_monoZ_catDY_sys_EWKUp
Merging MT_monoZ_catDY_sys_EWKUp
Merging balance_monoZ_sys_EWKUp
Merging phizmet_monoZ_sys_EWKUp
Merging njet_monoZ_sys_EWKUp
Merging measMET_monoZ_catSignal-0jet_sys_EWKDown
Merging MT_monoZ_catSignal-0jet_sys_EWKDown
Merging measMET_monoZ_catEM_sys_EWKDown
Merging MT_monoZ_catEM_sys_EWKDown
Merging measMET_monoZ_catSignal-1jet_sys_EWKDown
Merging MT_monoZ_catSignal-1jet_sys_EWKDown
Merging measMET_monoZ_cat3L_sys_EWKDown
Merging MT_monoZ_cat3L_sys_EWKDown
Merging measMET_monoZ_cat4L_sys_EWKDown
Merging MT_monoZ_cat4L_sys_EWKDown
Merging measMET_monoZ_catNRB_sys_EWKDown
Merging MT_monoZ_catNRB_sys_EWKDown
Merging measMET_monoZ_catTOP_sys_EWKDown
Merging MT_monoZ_catTOP_sys_EWKDown
Merging measMET_monoZ_catDY_sys_EWKDown
Merging MT_monoZ_catDY_sys_EWKDown
Merging balance_monoZ_sys_EWKDown
Merging phizmet_monoZ_sys_EWKDown
Merging njet_monoZ_sys_EWKDown
Merging measMET_monoZ_catSignal-0jet_sys_nvtxWeightUp
Merging MT_monoZ_catSignal-0jet_sys_nvtxWeightUp
Merging measMET_monoZ_catEM_sys_nvtxWeightUp
Merging MT_monoZ_catEM_sys_nvtxWeightUp
Merging measMET_monoZ_catSignal-1jet_sys_nvtxWeightUp
Merging MT_monoZ_catSignal-1jet_sys_nvtxWeightUp
Merging measMET_monoZ_cat3L_sys_nvtxWeightUp
Merging MT_monoZ_cat3L_sys_nvtxWeightUp
Merging measMET_monoZ_cat4L_sys_nvtxWeightUp
Merging MT_monoZ_cat4L_sys_nvtxWeightUp
Merging measMET_monoZ_catNRB_sys_nvtxWeightUp
Merging MT_monoZ_catNRB_sys_nvtxWeightUp
Merging measMET_monoZ_catTOP_sys_nvtxWeightUp
Merging MT_monoZ_catTOP_sys_nvtxWeightUp
Merging measMET_monoZ_catDY_sys_nvtxWeightUp
Merging MT_monoZ_catDY_sys_nvtxWeightUp
Merging balance_monoZ_sys_nvtxWeightUp
Merging phizmet_monoZ_sys_nvtxWeightUp
Merging njet_monoZ_sys_nvtxWeightUp
Merging measMET_monoZ_catSignal-0jet_sys_nvtxWeightDown
Merging MT_monoZ_catSignal-0jet_sys_nvtxWeightDown
Merging measMET_monoZ_catEM_sys_nvtxWeightDown
Merging MT_monoZ_catEM_sys_nvtxWeightDown
Merging measMET_monoZ_catSignal-1jet_sys_nvtxWeightDown
Merging MT_monoZ_catSignal-1jet_sys_nvtxWeightDown
Merging measMET_monoZ_cat3L_sys_nvtxWeightDown
Merging MT_monoZ_cat3L_sys_nvtxWeightDown
Merging measMET_monoZ_cat4L_sys_nvtxWeightDown
Merging MT_monoZ_cat4L_sys_nvtxWeightDown
Merging measMET_monoZ_catNRB_sys_nvtxWeightDown
Merging MT_monoZ_catNRB_sys_nvtxWeightDown
Merging measMET_monoZ_catTOP_sys_nvtxWeightDown
Merging MT_monoZ_catTOP_sys_nvtxWeightDown
Merging measMET_monoZ_catDY_sys_nvtxWeightDown
Merging MT_monoZ_catDY_sys_nvtxWeightDown
Merging balance_monoZ_sys_nvtxWeightDown
Merging phizmet_monoZ_sys_nvtxWeightDown
Merging njet_monoZ_sys_nvtxWeightDown
Merging measMET_monoZ_catSignal-0jet_sys_TriggerSFWeightUp
Merging MT_monoZ_catSignal-0jet_sys_TriggerSFWeightUp
Merging measMET_monoZ_catEM_sys_TriggerSFWeightUp
Merging MT_monoZ_catEM_sys_TriggerSFWeightUp
Merging measMET_monoZ_catSignal-1jet_sys_TriggerSFWeightUp
Merging MT_monoZ_catSignal-1jet_sys_TriggerSFWeightUp
Merging measMET_monoZ_cat3L_sys_TriggerSFWeightUp
Merging MT_monoZ_cat3L_sys_TriggerSFWeightUp
Merging measMET_monoZ_cat4L_sys_TriggerSFWeightUp
Merging MT_monoZ_cat4L_sys_TriggerSFWeightUp
Merging measMET_monoZ_catNRB_sys_TriggerSFWeightUp
Merging MT_monoZ_catNRB_sys_TriggerSFWeightUp
Merging measMET_monoZ_catTOP_sys_TriggerSFWeightUp
Merging MT_monoZ_catTOP_sys_TriggerSFWeightUp
Merging measMET_monoZ_catDY_sys_TriggerSFWeightUp
Merging MT_monoZ_catDY_sys_TriggerSFWeightUp
Merging balance_monoZ_sys_TriggerSFWeightUp
Merging phizmet_monoZ_sys_TriggerSFWeightUp
Merging njet_monoZ_sys_TriggerSFWeightUp
Merging measMET_monoZ_catSignal-0jet_sys_TriggerSFWeightDown
Merging MT_monoZ_catSignal-0jet_sys_TriggerSFWeightDown
Merging measMET_monoZ_catEM_sys_TriggerSFWeightDown
Merging MT_monoZ_catEM_sys_TriggerSFWeightDown
Merging measMET_monoZ_catSignal-1jet_sys_TriggerSFWeightDown
Merging MT_monoZ_catSignal-1jet_sys_TriggerSFWeightDown
Merging measMET_monoZ_cat3L_sys_TriggerSFWeightDown
Merging MT_monoZ_cat3L_sys_TriggerSFWeightDown
Merging measMET_monoZ_cat4L_sys_TriggerSFWeightDown
Merging MT_monoZ_cat4L_sys_TriggerSFWeightDown
Merging measMET_monoZ_catNRB_sys_TriggerSFWeightDown
Merging MT_monoZ_catNRB_sys_TriggerSFWeightDown
Merging measMET_monoZ_catTOP_sys_TriggerSFWeightDown
Merging MT_monoZ_catTOP_sys_TriggerSFWeightDown
Merging measMET_monoZ_catDY_sys_TriggerSFWeightDown
Merging MT_monoZ_catDY_sys_TriggerSFWeightDown
Merging balance_monoZ_sys_TriggerSFWeightDown
Merging phizmet_monoZ_sys_TriggerSFWeightDown
Merging njet_monoZ_sys_TriggerSFWeightDown
Merging measMET_monoZ_catSignal-0jet_sys_btagEventWeightUp
Merging MT_monoZ_catSignal-0jet_sys_btagEventWeightUp
Merging measMET_monoZ_catEM_sys_btagEventWeightUp
Merging MT_monoZ_catEM_sys_btagEventWeightUp
Merging measMET_monoZ_catSignal-1jet_sys_btagEventWeightUp
Merging MT_monoZ_catSignal-1jet_sys_btagEventWeightUp
Merging measMET_monoZ_cat3L_sys_btagEventWeightUp
Merging MT_monoZ_cat3L_sys_btagEventWeightUp
Merging measMET_monoZ_cat4L_sys_btagEventWeightUp
Merging MT_monoZ_cat4L_sys_btagEventWeightUp
Merging measMET_monoZ_catNRB_sys_btagEventWeightUp
Merging MT_monoZ_catNRB_sys_btagEventWeightUp
Merging measMET_monoZ_catTOP_sys_btagEventWeightUp
Merging MT_monoZ_catTOP_sys_btagEventWeightUp
Merging measMET_monoZ_catDY_sys_btagEventWeightUp
Merging MT_monoZ_catDY_sys_btagEventWeightUp
Merging balance_monoZ_sys_btagEventWeightUp
Merging phizmet_monoZ_sys_btagEventWeightUp
Merging njet_monoZ_sys_btagEventWeightUp
Merging measMET_monoZ_catSignal-0jet_sys_btagEventWeightDown
Merging MT_monoZ_catSignal-0jet_sys_btagEventWeightDown
Merging measMET_monoZ_catEM_sys_btagEventWeightDown
Merging MT_monoZ_catEM_sys_btagEventWeightDown
Merging measMET_monoZ_catSignal-1jet_sys_btagEventWeightDown
Merging MT_monoZ_catSignal-1jet_sys_btagEventWeightDown
Merging measMET_monoZ_cat3L_sys_btagEventWeightDown
Merging MT_monoZ_cat3L_sys_btagEventWeightDown
Merging measMET_monoZ_cat4L_sys_btagEventWeightDown
Merging MT_monoZ_cat4L_sys_btagEventWeightDown
Merging measMET_monoZ_catNRB_sys_btagEventWeightDown
Merging MT_monoZ_catNRB_sys_btagEventWeightDown
Merging measMET_monoZ_catTOP_sys_btagEventWeightDown
Merging MT_monoZ_catTOP_sys_btagEventWeightDown
Merging measMET_monoZ_catDY_sys_btagEventWeightDown
Merging MT_monoZ_catDY_sys_btagEventWeightDown
Merging balance_monoZ_sys_btagEventWeightDown
Merging phizmet_monoZ_sys_btagEventWeightDown
Merging njet_monoZ_sys_btagEventWeightDown
Merging measMET_monoZ_catSignal-0jet_sys_QCDScale0wUp
Merging MT_monoZ_catSignal-0jet_sys_QCDScale0wUp
Merging measMET_monoZ_catEM_sys_QCDScale0wUp
Merging MT_monoZ_catEM_sys_QCDScale0wUp
Merging measMET_monoZ_catSignal-1jet_sys_QCDScale0wUp
Merging MT_monoZ_catSignal-1jet_sys_QCDScale0wUp
Merging measMET_monoZ_cat3L_sys_QCDScale0wUp
Merging MT_monoZ_cat3L_sys_QCDScale0wUp
Merging measMET_monoZ_cat4L_sys_QCDScale0wUp
Merging MT_monoZ_cat4L_sys_QCDScale0wUp
Merging measMET_monoZ_catNRB_sys_QCDScale0wUp
Merging MT_monoZ_catNRB_sys_QCDScale0wUp
Merging measMET_monoZ_catTOP_sys_QCDScale0wUp
Merging MT_monoZ_catTOP_sys_QCDScale0wUp
Merging measMET_monoZ_catDY_sys_QCDScale0wUp
Merging MT_monoZ_catDY_sys_QCDScale0wUp
Merging balance_monoZ_sys_QCDScale0wUp
Merging phizmet_monoZ_sys_QCDScale0wUp
Merging njet_monoZ_sys_QCDScale0wUp
Merging measMET_monoZ_catSignal-0jet_sys_QCDScale0wDown
Merging MT_monoZ_catSignal-0jet_sys_QCDScale0wDown
Merging measMET_monoZ_catEM_sys_QCDScale0wDown
Merging MT_monoZ_catEM_sys_QCDScale0wDown
Merging measMET_monoZ_catSignal-1jet_sys_QCDScale0wDown
Merging MT_monoZ_catSignal-1jet_sys_QCDScale0wDown
Merging measMET_monoZ_cat3L_sys_QCDScale0wDown
Merging MT_monoZ_cat3L_sys_QCDScale0wDown
Merging measMET_monoZ_cat4L_sys_QCDScale0wDown
Merging MT_monoZ_cat4L_sys_QCDScale0wDown
Merging measMET_monoZ_catNRB_sys_QCDScale0wDown
Merging MT_monoZ_catNRB_sys_QCDScale0wDown
Merging measMET_monoZ_catTOP_sys_QCDScale0wDown
Merging MT_monoZ_catTOP_sys_QCDScale0wDown
Merging measMET_monoZ_catDY_sys_QCDScale0wDown
Merging MT_monoZ_catDY_sys_QCDScale0wDown
Merging balance_monoZ_sys_QCDScale0wDown
Merging phizmet_monoZ_sys_QCDScale0wDown
Merging njet_monoZ_sys_QCDScale0wDown
Merging measMET_monoZ_catSignal-0jet_sys_QCDScale1wUp
Merging MT_monoZ_catSignal-0jet_sys_QCDScale1wUp
Merging measMET_monoZ_catEM_sys_QCDScale1wUp
Merging MT_monoZ_catEM_sys_QCDScale1wUp
Merging measMET_monoZ_catSignal-1jet_sys_QCDScale1wUp
Merging MT_monoZ_catSignal-1jet_sys_QCDScale1wUp
Merging measMET_monoZ_cat3L_sys_QCDScale1wUp
Merging MT_monoZ_cat3L_sys_QCDScale1wUp
Merging measMET_monoZ_cat4L_sys_QCDScale1wUp
Merging MT_monoZ_cat4L_sys_QCDScale1wUp
Merging measMET_monoZ_catNRB_sys_QCDScale1wUp
Merging MT_monoZ_catNRB_sys_QCDScale1wUp
Merging measMET_monoZ_catTOP_sys_QCDScale1wUp
Merging MT_monoZ_catTOP_sys_QCDScale1wUp
Merging measMET_monoZ_catDY_sys_QCDScale1wUp
Merging MT_monoZ_catDY_sys_QCDScale1wUp
Merging balance_monoZ_sys_QCDScale1wUp
Merging phizmet_monoZ_sys_QCDScale1wUp
Merging njet_monoZ_sys_QCDScale1wUp
Merging measMET_monoZ_catSignal-0jet_sys_QCDScale1wDown
Merging MT_monoZ_catSignal-0jet_sys_QCDScale1wDown
Merging measMET_monoZ_catEM_sys_QCDScale1wDown
Merging MT_monoZ_catEM_sys_QCDScale1wDown
Merging measMET_monoZ_catSignal-1jet_sys_QCDScale1wDown
Merging MT_monoZ_catSignal-1jet_sys_QCDScale1wDown
Merging measMET_monoZ_cat3L_sys_QCDScale1wDown
Merging MT_monoZ_cat3L_sys_QCDScale1wDown
Merging measMET_monoZ_cat4L_sys_QCDScale1wDown
Merging MT_monoZ_cat4L_sys_QCDScale1wDown
Merging measMET_monoZ_catNRB_sys_QCDScale1wDown
Merging MT_monoZ_catNRB_sys_QCDScale1wDown
Merging measMET_monoZ_catTOP_sys_QCDScale1wDown
Merging MT_monoZ_catTOP_sys_QCDScale1wDown
Merging measMET_monoZ_catDY_sys_QCDScale1wDown
Merging MT_monoZ_catDY_sys_QCDScale1wDown
Merging balance_monoZ_sys_QCDScale1wDown
Merging phizmet_monoZ_sys_QCDScale1wDown
Merging njet_monoZ_sys_QCDScale1wDown
Merging measMET_monoZ_catSignal-0jet_sys_QCDScale2wUp
Merging MT_monoZ_catSignal-0jet_sys_QCDScale2wUp
Merging measMET_monoZ_catEM_sys_QCDScale2wUp
Merging MT_monoZ_catEM_sys_QCDScale2wUp
Merging measMET_monoZ_catSignal-1jet_sys_QCDScale2wUp
Merging MT_monoZ_catSignal-1jet_sys_QCDScale2wUp
Merging measMET_monoZ_cat3L_sys_QCDScale2wUp
Merging MT_monoZ_cat3L_sys_QCDScale2wUp
Merging measMET_monoZ_cat4L_sys_QCDScale2wUp
Merging MT_monoZ_cat4L_sys_QCDScale2wUp
Merging measMET_monoZ_catNRB_sys_QCDScale2wUp
Merging MT_monoZ_catNRB_sys_QCDScale2wUp
Merging measMET_monoZ_catTOP_sys_QCDScale2wUp
Merging MT_monoZ_catTOP_sys_QCDScale2wUp
Merging measMET_monoZ_catDY_sys_QCDScale2wUp
Merging MT_monoZ_catDY_sys_QCDScale2wUp
Merging balance_monoZ_sys_QCDScale2wUp
Merging phizmet_monoZ_sys_QCDScale2wUp
Merging njet_monoZ_sys_QCDScale2wUp
Merging measMET_monoZ_catSignal-0jet_sys_QCDScale2wDown
Merging MT_monoZ_catSignal-0jet_sys_QCDScale2wDown
Merging measMET_monoZ_catEM_sys_QCDScale2wDown
Merging MT_monoZ_catEM_sys_QCDScale2wDown
Merging measMET_monoZ_catSignal-1jet_sys_QCDScale2wDown
Merging MT_monoZ_catSignal-1jet_sys_QCDScale2wDown
Merging measMET_monoZ_cat3L_sys_QCDScale2wDown
Merging MT_monoZ_cat3L_sys_QCDScale2wDown
Merging measMET_monoZ_cat4L_sys_QCDScale2wDown
Merging MT_monoZ_cat4L_sys_QCDScale2wDown
Merging measMET_monoZ_catNRB_sys_QCDScale2wDown
Merging MT_monoZ_catNRB_sys_QCDScale2wDown
Merging measMET_monoZ_catTOP_sys_QCDScale2wDown
Merging MT_monoZ_catTOP_sys_QCDScale2wDown
Merging measMET_monoZ_catDY_sys_QCDScale2wDown
Merging MT_monoZ_catDY_sys_QCDScale2wDown
Merging balance_monoZ_sys_QCDScale2wDown
Merging phizmet_monoZ_sys_QCDScale2wDown
Merging njet_monoZ_sys_QCDScale2wDown
Merging Events
Merging Runs
Merging ParameterSets
Merging LuminosityBlocks
Merging MetaData
Merging MT_ADDMonoZ_MD_1_d_4_catTOP_sys_jesTotalUp
Merging measMET_ADDMonoZ_MD_1_d_4_catDY_sys_jerDown
Merging MT_ADDMonoZ_MD_1_d_4_catEM
Merging MT_ADDMonoZ_MD_1_d_4_catDY_sys_TriggerSFWeightDown
Merging measMET_ADDMonoZ_MD_1_d_4_catNRB_sys_TriggerSFWeightUp
Merging MT_ADDMonoZ_MD_1_d_4_cat3L_sys_btagEventWeightUp
Merging MT_ADDMonoZ_MD_1_d_4_catSignal-1jet_sys_QCDScale2wDown
Merging MT_ADDMonoZ_MD_1_d_4_catSignal-0jet_sys_btagEventWeightDown
Merging MT_ADDMonoZ_MD_1_d_4_cat4L_sys_btagEventWeightUp
Merging phizmet_ADDMonoZ_MD_1_d_4_sys_btagEventWeightUp
Merging MT_ADDMonoZ_MD_1_d_4_cat3L_sys_PrefireWeightUp
Merging njet_ADDMonoZ_MD_1_d_4_sys_puWeightUp
Merging measMET_ADDMonoZ_MD_1_d_4_catNRB_sys_PDFDown
Merging measMET_ADDMonoZ_MD_1_d_4_catSignal-0jet_sys_jesTotalDown
Merging measMET_ADDMonoZ_MD_1_d_4_catDY_sys_TriggerSFWeightDown
Merging MT_ADDMonoZ_MD_1_d_4_catEM_sys_MuonSFDown
Merging measMET_ADDMonoZ_MD_1_d_4_catTOP_sys_PrefireWeightUp
Merging measMET_ADDMonoZ_MD_1_d_4_catDY_sys_EWKUp
Merging MT_ADDMonoZ_MD_1_d_4_catSignal-0jet_sys_ElectronEnDown
Merging measMET_ADDMonoZ_MD_1_d_4_cat3L_sys_QCDScale1wDown
Merging phizmet_ADDMonoZ_MD_1_d_4_sys_ElecronSFDown
Merging measMET_ADDMonoZ_MD_1_d_4_catSignal-1jet_sys_QCDScale2wUp
Merging MT_ADDMonoZ_MD_1_d_4_catNRB_sys_nvtxWeightDown
Merging MT_ADDMonoZ_MD_1_d_4_cat3L_sys_nvtxWeightDown
Merging measMET_ADDMonoZ_MD_1_d_4_catDY_sys_MuonEnDown
Merging phizmet_ADDMonoZ_MD_1_d_4_sys_MuonSFDown
Merging MT_ADDMonoZ_MD_1_d_4_catEM_sys_ElectronEnDown
Merging measMET_ADDMonoZ_MD_1_d_4_catTOP_sys_MuonSFDown
Merging measMET_ADDMonoZ_MD_1_d_4_catNRB_sys_QCDScale0wUp
Merging phizmet_ADDMonoZ_MD_1_d_4_sys_PrefireWeightUp
Merging MT_ADDMonoZ_MD_1_d_4_catSignal-0jet_sys_PrefireWeightDown
Merging measMET_ADDMonoZ_MD_1_d_4_catSignal-0jet_sys_QCDScale0wUp
Merging measMET_ADDMonoZ_MD_1_d_4_catEM_sys_jerUp
Merging phizmet_ADDMonoZ_MD_1_d_4_sys_QCDScale2wUp
Merging MT_ADDMonoZ_MD_1_d_4_catSignal-1jet_sys_MuonEnDown
Merging MT_ADDMonoZ_MD_1_d_4_catNRB_sys_puWeightUp
Merging MT_ADDMonoZ_MD_1_d_4_catSignal-0jet_sys_jesTotalUp
Merging MT_ADDMonoZ_MD_1_d_4_cat4L_sys_TriggerSFWeightUp
Merging njet_ADDMonoZ_MD_1_d_4_sys_btagEventWeightUp
Merging measMET_ADDMonoZ_MD_1_d_4_cat3L_sys_PrefireWeightUp
Merging MT_ADDMonoZ_MD_1_d_4_cat4L_sys_puWeightDown
Merging MT_ADDMonoZ_MD_1_d_4_catNRB_sys_EWKUp
Merging measMET_ADDMonoZ_MD_1_d_4_catSignal-0jet_sys_puWeightUp
Merging measMET_ADDMonoZ_MD_1_d_4_cat3L_sys_nvtxWeightDown
Merging measMET_ADDMonoZ_MD_1_d_4_cat4L_sys_puWeightUp
Merging measMET_ADDMonoZ_MD_1_d_4_catDY_sys_puWeightUp
Merging MT_ADDMonoZ_MD_1_d_4_cat4L_sys_QCDScale0wDown
Merging njet_ADDMonoZ_MD_1_d_4_sys_TriggerSFWeightDown
Merging MT_ADDMonoZ_MD_1_d_4_catSignal-1jet_sys_PrefireWeightDown
Merging MT_ADDMonoZ_MD_1_d_4_cat3L_sys_puWeightDown
Merging measMET_ADDMonoZ_MD_1_d_4_catTOP_sys_ElecronSFDown
Merging MT_ADDMonoZ_MD_1_d_4_catTOP_sys_QCDScale1wDown
Merging measMET_ADDMonoZ_MD_1_d_4_cat3L_sys_QCDScale0wUp
Merging MT_ADDMonoZ_MD_1_d_4_catNRB
Merging MT_ADDMonoZ_MD_1_d_4_catSignal-0jet_sys_ElectronEnUp
Merging MT_ADDMonoZ_MD_1_d_4_catSignal-1jet_sys_ElecronSFDown
Merging MT_ADDMonoZ_MD_1_d_4_catEM_sys_QCDScale2wUp
Merging measMET_ADDMonoZ_MD_1_d_4_catDY_sys_EWKDown
Merging measMET_ADDMonoZ_MD_1_d_4_catDY_sys_QCDScale1wUp
Merging balance_ADDMonoZ_MD_1_d_4_sys_EWKUp
Merging MT_ADDMonoZ_MD_1_d_4_cat3L_sys_ElectronEnUp
Merging MT_ADDMonoZ_MD_1_d_4_catNRB_sys_jerDown
Merging balance_ADDMonoZ_MD_1_d_4_sys_jesTotalUp
Merging njet_ADDMonoZ_MD_1_d_4_sys_EWKDown
Merging measMET_ADDMonoZ_MD_1_d_4_catSignal-0jet_sys_ElectronEnDown
Merging MT_ADDMonoZ_MD_1_d_4_catTOP_sys_jerUp
Merging MT_ADDMonoZ_MD_1_d_4_catTOP_sys_PrefireWeightDown
Merging MT_ADDMonoZ_MD_1_d_4_cat3L_sys_PDFDown
Merging MT_ADDMonoZ_MD_1_d_4_catEM_sys_puWeightUp
Merging MT_ADDMonoZ_MD_1_d_4_catTOP_sys_ElectronEnDown
Merging measMET_ADDMonoZ_MD_1_d_4_cat3L_sys_jesTotalDown
Merging phizmet_ADDMonoZ_MD_1_d_4_sys_PrefireWeightDown
Merging measMET_ADDMonoZ_MD_1_d_4_catSignal-1jet_sys_PrefireWeightUp
Merging measMET_ADDMonoZ_MD_1_d_4_catSignal-1jet_sys_QCDScale1wDown
Merging measMET_ADDMonoZ_MD_1_d_4_cat4L_sys_puWeightDown
Merging measMET_ADDMonoZ_MD_1_d_4_catNRB_sys_PrefireWeightUp
Merging measMET_ADDMonoZ_MD_1_d_4_catDY_sys_PDFDown
Merging MT_ADDMonoZ_MD_1_d_4_catNRB_sys_ElectronEnUp
Merging MT_ADDMonoZ_MD_1_d_4_cat3L_sys_PrefireWeightDown
Merging MT_ADDMonoZ_MD_1_d_4_catSignal-1jet_sys_jesTotalDown
Merging phizmet_ADDMonoZ_MD_1_d_4_sys_QCDScale1wUp
Merging measMET_ADDMonoZ_MD_1_d_4_catTOP_sys_jesTotalDown
Merging balance_ADDMonoZ_MD_1_d_4_sys_jerDown
Merging MT_ADDMonoZ_MD_1_d_4_cat3L_sys_ElectronEnDown
Merging MT_ADDMonoZ_MD_1_d_4_catSignal-0jet_sys_jesTotalDown
Merging balance_ADDMonoZ_MD_1_d_4_sys_EWKDown
Merging MT_ADDMonoZ_MD_1_d_4_catSignal-0jet_sys_ElecronSFUp
Merging MT_ADDMonoZ_MD_1_d_4_catSignal-1jet_sys_MuonSFUp
Merging measMET_ADDMonoZ_MD_1_d_4_catEM_sys_TriggerSFWeightDown
Merging MT_ADDMonoZ_MD_1_d_4_cat4L_sys_MuonSFUp
Merging measMET_ADDMonoZ_MD_1_d_4_catSignal-0jet_sys_TriggerSFWeightDown
Merging MT_ADDMonoZ_MD_1_d_4_catNRB_sys_MuonSFUp
Merging measMET_ADDMonoZ_MD_1_d_4_catDY_sys_nvtxWeightDown
Merging measMET_ADDMonoZ_MD_1_d_4_cat4L_sys_PrefireWeightUp
Merging measMET_ADDMonoZ_MD_1_d_4_catSignal-0jet_sys_MuonSFUp
Merging MT_ADDMonoZ_MD_1_d_4_catTOP_sys_btagEventWeightDown
Merging MT_ADDMonoZ_MD_1_d_4_cat4L_sys_jerDown
Merging measMET_ADDMonoZ_MD_1_d_4_catDY_sys_btagEventWeightUp
Merging MT_ADDMonoZ_MD_1_d_4_catNRB_sys_MuonSFDown
Merging MT_ADDMonoZ_MD_1_d_4_catSignal-0jet_sys_PDFDown
Merging njet_ADDMonoZ_MD_1_d_4_sys_jerUp
Merging measMET_ADDMonoZ_MD_1_d_4_catSignal-0jet_sys_ElecronSFDown
Merging measMET_ADDMonoZ_MD_1_d_4_catTOP_sys_QCDScale0wDown
Merging measMET_ADDMonoZ_MD_1_d_4_catEM_sys_nvtxWeightUp
Merging MT_ADDMonoZ_MD_1_d_4_cat3L_sys_MuonEnUp
Merging measMET_ADDMonoZ_MD_1_d_4_catDY_sys_QCDScale1wDown
Merging measMET_ADDMonoZ_MD_1_d_4_cat4L_sys_ElecronSFDown
Merging MT_ADDMonoZ_MD_1_d_4_catTOP_sys_EWKDown
Merging measMET_ADDMonoZ_MD_1_d_4_cat4L_sys_QCDScale2wDown
Merging measMET_ADDMonoZ_MD_1_d_4_cat3L_sys_MuonSFUp
Merging MT_ADDMonoZ_MD_1_d_4_catEM_sys_PrefireWeightUp
Merging measMET_ADDMonoZ_MD_1_d_4_catEM_sys_QCDScale1wUp
Merging MT_ADDMonoZ_MD_1_d_4_catNRB_sys_nvtxWeightUp
Merging MT_ADDMonoZ_MD_1_d_4_cat3L_sys_MuonSFUp
Merging balance_ADDMonoZ_MD_1_d_4_sys_MuonEnDown
Merging MT_ADDMonoZ_MD_1_d_4_catSignal-0jet_sys_nvtxWeightDown
Merging MT_ADDMonoZ_MD_1_d_4_cat3L_sys_jerUp
Merging balance_ADDMonoZ_MD_1_d_4_sys_jesTotalDown
Merging phizmet_ADDMonoZ_MD_1_d_4_sys_PDFUp
Merging measMET_ADDMonoZ_MD_1_d_4_catEM_sys_puWeightUp
Merging measMET_ADDMonoZ_MD_1_d_4_catEM_sys_PDFDown
Merging measMET_ADDMonoZ_MD_1_d_4_catNRB_sys_ElecronSFUp
Merging autoPU
Merging MT_ADDMonoZ_MD_1_d_4_catSignal-0jet_sys_TriggerSFWeightDown
Merging MT_ADDMonoZ_MD_1_d_4_catDY_sys_MuonSFDown
Merging measMET_ADDMonoZ_MD_1_d_4_cat4L_sys_jesTotalDown
Merging MT_ADDMonoZ_MD_1_d_4_catSignal-0jet_sys_EWKUp
Merging measMET_ADDMonoZ_MD_1_d_4_catSignal-0jet_sys_puWeightDown
Merging measMET_ADDMonoZ_MD_1_d_4_cat4L_sys_nvtxWeightUp
Merging MT_ADDMonoZ_MD_1_d_4_catEM_sys_jesTotalUp
Merging measMET_ADDMonoZ_MD_1_d_4_catNRB_sys_PDFUp
Merging MT_ADDMonoZ_MD_1_d_4_catTOP_sys_QCDScale2wUp
Merging phizmet_ADDMonoZ_MD_1_d_4_sys_jesTotalUp
Merging MT_ADDMonoZ_MD_1_d_4_catSignal-0jet_sys_MuonEnDown
Merging MT_ADDMonoZ_MD_1_d_4_catSignal-1jet_sys_puWeightUp
Merging measMET_ADDMonoZ_MD_1_d_4_catTOP_sys_TriggerSFWeightUp
Merging MT_ADDMonoZ_MD_1_d_4_catSignal-1jet_sys_EWKDown
Merging measMET_ADDMonoZ_MD_1_d_4_cat3L_sys_btagEventWeightUp
Merging MT_ADDMonoZ_MD_1_d_4_cat4L_sys_QCDScale0wUp
Merging measMET_ADDMonoZ_MD_1_d_4_catSignal-0jet_sys_ElectronEnUp
Merging measMET_ADDMonoZ_MD_1_d_4_cat3L_sys_QCDScale2wDown
Merging MT_ADDMonoZ_MD_1_d_4_cat3L_sys_QCDScale0wUp
Merging measMET_ADDMonoZ_MD_1_d_4_catDY_sys_MuonSFUp
Merging phizmet_ADDMonoZ_MD_1_d_4_sys_TriggerSFWeightUp
Merging MT_ADDMonoZ_MD_1_d_4_cat4L_sys_PrefireWeightDown
Merging MT_ADDMonoZ_MD_1_d_4_cat4L_sys_ElectronEnDown
Merging measMET_ADDMonoZ_MD_1_d_4_cat4L_sys_PDFDown
Merging MT_ADDMonoZ_MD_1_d_4_catDY_sys_nvtxWeightUp
Merging phizmet_ADDMonoZ_MD_1_d_4_sys_nvtxWeightUp
Merging MT_ADDMonoZ_MD_1_d_4_catEM_sys_QCDScale0wUp
Merging MT_ADDMonoZ_MD_1_d_4_cat3L_sys_TriggerSFWeightUp
Merging measMET_ADDMonoZ_MD_1_d_4_cat3L_sys_PDFDown
Merging MT_ADDMonoZ_MD_1_d_4_catNRB_sys_jesTotalUp
Merging measMET_ADDMonoZ_MD_1_d_4_catDY_sys_btagEventWeightDown
Merging balance_ADDMonoZ_MD_1_d_4_sys_MuonSFUp
Merging measMET_ADDMonoZ_MD_1_d_4_catSignal-1jet_sys_ElecronSFUp
Merging MT_ADDMonoZ_MD_1_d_4_catTOP_sys_ElectronEnUp
Merging measMET_ADDMonoZ_MD_1_d_4_catSignal-0jet_sys_EWKDown
Merging measMET_ADDMonoZ_MD_1_d_4_catTOP_sys_ElectronEnDown
Merging MT_ADDMonoZ_MD_1_d_4_catDY_sys_jerDown
Merging MT_ADDMonoZ_MD_1_d_4_cat3L_sys_jesTotalUp
Merging phizmet_ADDMonoZ_MD_1_d_4_sys_QCDScale2wDown
Merging MT_ADDMonoZ_MD_1_d_4_catDY_sys_PrefireWeightUp
Merging MT_ADDMonoZ_MD_1_d_4_cat3L_sys_EWKDown
Merging measMET_ADDMonoZ_MD_1_d_4_catDY_sys_PrefireWeightUp
Merging MT_ADDMonoZ_MD_1_d_4_catSignal-0jet_sys_ElecronSFDown
Merging MT_ADDMonoZ_MD_1_d_4_cat3L_sys_btagEventWeightDown
Merging MT_ADDMonoZ_MD_1_d_4_catSignal-0jet_sys_EWKDown
Merging MT_ADDMonoZ_MD_1_d_4_catEM_sys_jesTotalDown
Merging measMET_ADDMonoZ_MD_1_d_4_catEM_sys_QCDScale1wDown
Merging phizmet_ADDMonoZ_MD_1_d_4_sys_jerUp
Merging measMET_ADDMonoZ_MD_1_d_4_catTOP_sys_PrefireWeightDown
Merging MT_ADDMonoZ_MD_1_d_4_catSignal-1jet_sys_QCDScale1wUp
Merging phizmet_ADDMonoZ_MD_1_d_4_sys_nvtxWeightDown
Merging MT_ADDMonoZ_MD_1_d_4_catSignal-1jet_sys_ElecronSFUp
Merging phizmet_ADDMonoZ_MD_1_d_4
Merging MT_ADDMonoZ_MD_1_d_4_catNRB_sys_PDFDown
Merging measMET_ADDMonoZ_MD_1_d_4_catSignal-1jet_sys_ElectronEnDown
Merging measMET_ADDMonoZ_MD_1_d_4_catTOP_sys_QCDScale2wDown
Merging njet_ADDMonoZ_MD_1_d_4_sys_EWKUp
Merging MT_ADDMonoZ_MD_1_d_4_catTOP_sys_MuonSFDown
Merging measMET_ADDMonoZ_MD_1_d_4_catEM_sys_QCDScale0wDown
Merging measMET_ADDMonoZ_MD_1_d_4_catNRB_sys_ElectronEnDown
Merging MT_ADDMonoZ_MD_1_d_4_catTOP_sys_puWeightDown
Merging MT_ADDMonoZ_MD_1_d_4_catTOP
Merging measMET_ADDMonoZ_MD_1_d_4_catTOP_sys_QCDScale0wUp
Merging measMET_ADDMonoZ_MD_1_d_4_cat3L_sys_MuonSFDown
Merging measMET_ADDMonoZ_MD_1_d_4_catDY_sys_QCDScale2wUp
Merging measMET_ADDMonoZ_MD_1_d_4_catSignal-1jet_sys_QCDScale2wDown
Merging MT_ADDMonoZ_MD_1_d_4_catDY_sys_ElectronEnDown
Merging measMET_ADDMonoZ_MD_1_d_4_catSignal-1jet_sys_QCDScale0wUp
Merging MT_ADDMonoZ_MD_1_d_4_catTOP_sys_QCDScale2wDown
Merging measMET_ADDMonoZ_MD_1_d_4_cat3L_sys_MuonEnUp
Merging measMET_ADDMonoZ_MD_1_d_4_catDY_sys_PDFUp
Merging measMET_ADDMonoZ_MD_1_d_4_cat4L_sys_MuonEnDown
Merging MT_ADDMonoZ_MD_1_d_4_cat3L_sys_TriggerSFWeightDown
Merging MT_ADDMonoZ_MD_1_d_4_catTOP_sys_PDFUp
Merging MT_ADDMonoZ_MD_1_d_4_catSignal-1jet_sys_jerDown
Merging MT_ADDMonoZ_MD_1_d_4_catNRB_sys_PrefireWeightDown
Merging MT_ADDMonoZ_MD_1_d_4_catEM_sys_nvtxWeightDown
Merging measMET_ADDMonoZ_MD_1_d_4_catNRB_sys_PrefireWeightDown
Merging MT_ADDMonoZ_MD_1_d_4_catTOP_sys_TriggerSFWeightDown
Merging MT_ADDMonoZ_MD_1_d_4_catSignal-1jet_sys_ElectronEnDown
Merging MT_ADDMonoZ_MD_1_d_4_catEM_sys_MuonEnDown
Merging MT_ADDMonoZ_MD_1_d_4_cat3L_sys_QCDScale1wDown
Merging MT_ADDMonoZ_MD_1_d_4_catDY_sys_QCDScale2wUp
Merging measMET_ADDMonoZ_MD_1_d_4_catSignal-1jet_sys_MuonSFUp
Merging measMET_ADDMonoZ_MD_1_d_4_cat3L_sys_QCDScale0wDown
Merging MT_ADDMonoZ_MD_1_d_4_catEM_sys_jerUp
Merging measMET_ADDMonoZ_MD_1_d_4_catSignal-1jet_sys_puWeightDown
Merging measMET_ADDMonoZ_MD_1_d_4_cat3L_sys_EWKDown
Merging MT_ADDMonoZ_MD_1_d_4_catEM_sys_QCDScale1wDown
Merging measMET_ADDMonoZ_MD_1_d_4_catSignal-1jet_sys_btagEventWeightDown
Merging measMET_ADDMonoZ_MD_1_d_4_catNRB_sys_jesTotalDown
Merging measMET_ADDMonoZ_MD_1_d_4_catNRB_sys_jerUp
Merging njet_ADDMonoZ_MD_1_d_4_sys_QCDScale0wUp
Merging MT_ADDMonoZ_MD_1_d_4_catSignal-0jet_sys_PDFUp
Merging MT_ADDMonoZ_MD_1_d_4_cat4L_sys_EWKDown
Merging balance_ADDMonoZ_MD_1_d_4_sys_TriggerSFWeightDown
Merging measMET_ADDMonoZ_MD_1_d_4_catDY
Merging MT_ADDMonoZ_MD_1_d_4_catSignal-0jet_sys_QCDScale0wDown
Merging measMET_ADDMonoZ_MD_1_d_4_catSignal-0jet_sys_QCDScale2wDown
Merging measMET_ADDMonoZ_MD_1_d_4_cat4L_sys_PDFUp
Merging measMET_ADDMonoZ_MD_1_d_4_catEM_sys_EWKUp
Merging njet_ADDMonoZ_MD_1_d_4_sys_ElecronSFDown
Merging MT_ADDMonoZ_MD_1_d_4_catTOP_sys_jesTotalDown
Merging MT_ADDMonoZ_MD_1_d_4_catDY
Merging njet_ADDMonoZ_MD_1_d_4_sys_QCDScale1wDown
Merging balance_ADDMonoZ_MD_1_d_4_sys_MuonEnUp
Merging measMET_ADDMonoZ_MD_1_d_4_catSignal-1jet_sys_nvtxWeightUp
Merging njet_ADDMonoZ_MD_1_d_4_sys_PDFUp
Merging measMET_ADDMonoZ_MD_1_d_4_catDY_sys_MuonSFDown
Merging MT_ADDMonoZ_MD_1_d_4_catSignal-1jet_sys_QCDScale0wDown
Merging MT_ADDMonoZ_MD_1_d_4_catSignal-1jet_sys_TriggerSFWeightDown
Merging MT_ADDMonoZ_MD_1_d_4_catSignal-0jet_sys_MuonSFUp
Merging measMET_ADDMonoZ_MD_1_d_4_catEM_sys_ElecronSFDown
Merging njet_ADDMonoZ_MD_1_d_4_sys_ElecronSFUp
Merging measMET_ADDMonoZ_MD_1_d_4_catTOP_sys_jerUp
Merging measMET_ADDMonoZ_MD_1_d_4_cat4L_sys_QCDScale1wDown
Merging MT_ADDMonoZ_MD_1_d_4_catDY_sys_puWeightDown
Merging measMET_ADDMonoZ_MD_1_d_4_cat4L_sys_TriggerSFWeightUp
Merging MT_ADDMonoZ_MD_1_d_4_catEM_sys_ElectronEnUp
Merging phizmet_ADDMonoZ_MD_1_d_4_sys_ElectronEnUp
Merging MT_ADDMonoZ_MD_1_d_4_catTOP_sys_puWeightUp
Merging MT_ADDMonoZ_MD_1_d_4_catEM_sys_btagEventWeightDown
Merging measMET_ADDMonoZ_MD_1_d_4_catDY_sys_ElecronSFDown
Merging measMET_ADDMonoZ_MD_1_d_4_catNRB_sys_ElectronEnUp
Merging measMET_ADDMonoZ_MD_1_d_4_catSignal-1jet_sys_MuonEnDown
Merging MT_ADDMonoZ_MD_1_d_4_catNRB_sys_EWKDown
Merging measMET_ADDMonoZ_MD_1_d_4_catEM_sys_PrefireWeightUp
Merging phizmet_ADDMonoZ_MD_1_d_4_sys_btagEventWeightDown
Merging measMET_ADDMonoZ_MD_1_d_4_cat4L_sys_ElectronEnUp
Merging phizmet_ADDMonoZ_MD_1_d_4_sys_puWeightDown
Merging MT_ADDMonoZ_MD_1_d_4_catNRB_sys_QCDScale0wDown
Merging measMET_ADDMonoZ_MD_1_d_4_catEM_sys_MuonEnDown
Merging measMET_ADDMonoZ_MD_1_d_4_catSignal-0jet_sys_MuonEnDown
Merging MT_ADDMonoZ_MD_1_d_4_cat4L_sys_jesTotalDown
Merging measMET_ADDMonoZ_MD_1_d_4_catTOP_sys_TriggerSFWeightDown
Merging measMET_ADDMonoZ_MD_1_d_4_catEM_sys_QCDScale2wDown
Merging measMET_ADDMonoZ_MD_1_d_4_catNRB_sys_EWKUp
Merging phizmet_ADDMonoZ_MD_1_d_4_sys_EWKUp
Merging measMET_ADDMonoZ_MD_1_d_4_catSignal-1jet_sys_EWKDown
Merging njet_ADDMonoZ_MD_1_d_4_sys_PrefireWeightUp
Merging measMET_ADDMonoZ_MD_1_d_4_catEM_sys_EWKDown
Merging measMET_ADDMonoZ_MD_1_d_4_catNRB_sys_btagEventWeightDown
Merging phizmet_ADDMonoZ_MD_1_d_4_sys_PDFDown
Merging MT_ADDMonoZ_MD_1_d_4_catEM_sys_ElecronSFDown
Merging measMET_ADDMonoZ_MD_1_d_4_cat4L_sys_btagEventWeightDown
Merging measMET_ADDMonoZ_MD_1_d_4_catSignal-0jet_sys_jerDown
Merging measMET_ADDMonoZ_MD_1_d_4_catEM_sys_MuonSFDown
Merging MT_ADDMonoZ_MD_1_d_4_catEM_sys_nvtxWeightUp
Merging njet_ADDMonoZ_MD_1_d_4_sys_ElectronEnUp
Merging measMET_ADDMonoZ_MD_1_d_4_cat3L_sys_puWeightUp
Merging njet_ADDMonoZ_MD_1_d_4_sys_QCDScale2wUp
Merging balance_ADDMonoZ_MD_1_d_4_sys_QCDScale2wDown
Merging measMET_ADDMonoZ_MD_1_d_4_catSignal-1jet_sys_puWeightUp
Merging measMET_ADDMonoZ_MD_1_d_4_catSignal-0jet_sys_btagEventWeightUp
Merging MT_ADDMonoZ_MD_1_d_4_catSignal-0jet_sys_TriggerSFWeightUp
Merging measMET_ADDMonoZ_MD_1_d_4_cat3L_sys_PDFUp
Merging MT_ADDMonoZ_MD_1_d_4_cat4L_sys_MuonSFDown
Merging MT_ADDMonoZ_MD_1_d_4_catNRB_sys_QCDScale1wDown
Merging MT_ADDMonoZ_MD_1_d_4_catEM_sys_PrefireWeightDown
Merging measMET_ADDMonoZ_MD_1_d_4_cat3L_sys_jerDown
Merging measMET_ADDMonoZ_MD_1_d_4_cat4L_sys_MuonSFUp
Merging measMET_ADDMonoZ_MD_1_d_4_catEM_sys_jerDown
Merging balance_ADDMonoZ_MD_1_d_4_sys_QCDScale0wUp
Merging measMET_ADDMonoZ_MD_1_d_4_catSignal-0jet_sys_btagEventWeightDown
Merging measMET_ADDMonoZ_MD_1_d_4_catDY_sys_ElectronEnUp
Merging measMET_ADDMonoZ_MD_1_d_4_catTOP_sys_nvtxWeightDown
Merging MT_ADDMonoZ_MD_1_d_4_catNRB_sys_MuonEnDown
Merging measMET_ADDMonoZ_MD_1_d_4_catEM_sys_nvtxWeightDown
Merging measMET_ADDMonoZ_MD_1_d_4_cat3L_sys_EWKUp
Merging measMET_ADDMonoZ_MD_1_d_4_catSignal-1jet_sys_btagEventWeightUp
Merging MT_ADDMonoZ_MD_1_d_4_catNRB_sys_PDFUp
Merging njet_ADDMonoZ_MD_1_d_4_sys_TriggerSFWeightUp
Merging MT_ADDMonoZ_MD_1_d_4_cat4L_sys_EWKUp
Merging MT_ADDMonoZ_MD_1_d_4_cat3L_sys_QCDScale1wUp
Merging MT_ADDMonoZ_MD_1_d_4_cat4L_sys_QCDScale1wDown
Merging measMET_ADDMonoZ_MD_1_d_4_catSignal-1jet_sys_jesTotalDown
Merging measMET_ADDMonoZ_MD_1_d_4_catTOP_sys_PDFDown
Merging measMET_ADDMonoZ_MD_1_d_4_catSignal-0jet_sys_nvtxWeightUp
Merging MT_ADDMonoZ_MD_1_d_4_catNRB_sys_QCDScale0wUp
Merging measMET_ADDMonoZ_MD_1_d_4_catSignal-0jet_sys_TriggerSFWeightUp
Merging njet_ADDMonoZ_MD_1_d_4_sys_nvtxWeightUp
Merging MT_ADDMonoZ_MD_1_d_4_catSignal-1jet_sys_MuonSFDown
Merging measMET_ADDMonoZ_MD_1_d_4_catSignal-1jet_sys_ElecronSFDown
Merging MT_ADDMonoZ_MD_1_d_4_catTOP_sys_MuonSFUp
Merging measMET_ADDMonoZ_MD_1_d_4_cat4L_sys_QCDScale0wDown
Merging measMET_ADDMonoZ_MD_1_d_4_cat3L_sys_PrefireWeightDown
Merging MT_ADDMonoZ_MD_1_d_4_catDY_sys_QCDScale0wUp
Merging measMET_ADDMonoZ_MD_1_d_4_catSignal-1jet_sys_TriggerSFWeightUp
Merging measMET_ADDMonoZ_MD_1_d_4_catSignal-1jet_sys_QCDScale0wDown
Merging MT_ADDMonoZ_MD_1_d_4_cat4L_sys_QCDScale2wUp
Merging MT_ADDMonoZ_MD_1_d_4_catEM_sys_MuonSFUp
Merging MT_ADDMonoZ_MD_1_d_4_catTOP_sys_QCDScale1wUp
Merging MT_ADDMonoZ_MD_1_d_4_catTOP_sys_PDFDown
Merging phizmet_ADDMonoZ_MD_1_d_4_sys_puWeightUp
Merging measMET_ADDMonoZ_MD_1_d_4_catTOP_sys_EWKDown
Merging njet_ADDMonoZ_MD_1_d_4_sys_btagEventWeightDown
Merging njet_ADDMonoZ_MD_1_d_4_sys_PrefireWeightDown
Merging MT_ADDMonoZ_MD_1_d_4_catTOP_sys_EWKUp
Merging MT_ADDMonoZ_MD_1_d_4_catNRB_sys_QCDScale2wUp
Merging MT_ADDMonoZ_MD_1_d_4_catEM_sys_ElecronSFUp
Merging balance_ADDMonoZ_MD_1_d_4_sys_nvtxWeightDown
Merging measMET_ADDMonoZ_MD_1_d_4_catDY_sys_QCDScale0wUp
Merging njet_ADDMonoZ_MD_1_d_4_sys_puWeightDown
Merging measMET_ADDMonoZ_MD_1_d_4_catSignal-1jet_sys_jerUp
Merging njet_ADDMonoZ_MD_1_d_4_sys_jerDown
Merging balance_ADDMonoZ_MD_1_d_4_sys_ElectronEnDown
Merging MT_ADDMonoZ_MD_1_d_4_cat3L_sys_QCDScale2wUp
Merging untagged
Merging njet_ADDMonoZ_MD_1_d_4
Merging measMET_ADDMonoZ_MD_1_d_4_catTOP_sys_MuonSFUp
Merging MT_ADDMonoZ_MD_1_d_4_catSignal-1jet_sys_PDFUp
Merging measMET_ADDMonoZ_MD_1_d_4_catDY_sys_QCDScale0wDown
Merging MT_ADDMonoZ_MD_1_d_4_cat4L_sys_ElecronSFUp
Merging MT_ADDMonoZ_MD_1_d_4_cat3L_sys_QCDScale0wDown
Merging measMET_ADDMonoZ_MD_1_d_4_catSignal-0jet_sys_QCDScale2wUp
Merging MT_ADDMonoZ_MD_1_d_4_catEM_sys_PDFDown
Merging measMET_ADDMonoZ_MD_1_d_4_catDY_sys_PrefireWeightDown
Merging MT_ADDMonoZ_MD_1_d_4_cat4L_sys_ElectronEnUp
Merging MT_ADDMonoZ_MD_1_d_4_catDY_sys_ElecronSFUp
Merging MT_ADDMonoZ_MD_1_d_4_cat4L_sys_puWeightUp
Merging MT_ADDMonoZ_MD_1_d_4_catDY_sys_TriggerSFWeightUp
Merging MT_ADDMonoZ_MD_1_d_4_catSignal-0jet_sys_jerDown
Merging measMET_ADDMonoZ_MD_1_d_4_catEM_sys_jesTotalDown
Merging balance_ADDMonoZ_MD_1_d_4
Merging phizmet_ADDMonoZ_MD_1_d_4_sys_jerDown
Merging measMET_ADDMonoZ_MD_1_d_4_catSignal-0jet_sys_PrefireWeightUp
Merging measMET_ADDMonoZ_MD_1_d_4_cat3L_sys_jesTotalUp
Merging measMET_ADDMonoZ_MD_1_d_4_catEM_sys_ElectronEnDown
Merging measMET_ADDMonoZ_MD_1_d_4_cat3L_sys_puWeightDown
Merging phizmet_ADDMonoZ_MD_1_d_4_sys_MuonEnUp
Merging measMET_ADDMonoZ_MD_1_d_4_catTOP_sys_jerDown
Merging MT_ADDMonoZ_MD_1_d_4_catNRB_sys_TriggerSFWeightUp
Merging balance_ADDMonoZ_MD_1_d_4_sys_nvtxWeightUp
Merging measMET_ADDMonoZ_MD_1_d_4_cat4L_sys_MuonSFDown
Merging balance_ADDMonoZ_MD_1_d_4_sys_btagEventWeightUp
Merging MT_ADDMonoZ_MD_1_d_4_cat4L_sys_PDFUp
Merging MT_ADDMonoZ_MD_1_d_4_catEM_sys_TriggerSFWeightDown
Merging MT_ADDMonoZ_MD_1_d_4_catDY_sys_PDFUp
Merging MT_ADDMonoZ_MD_1_d_4_catEM_sys_EWKUp
Merging MT_ADDMonoZ_MD_1_d_4_catSignal-1jet_sys_QCDScale2wUp
Merging MT_ADDMonoZ_MD_1_d_4_catSignal-0jet_sys_btagEventWeightUp
Merging measMET_ADDMonoZ_MD_1_d_4_cat4L_sys_PrefireWeightDown
Merging measMET_ADDMonoZ_MD_1_d_4_catSignal-0jet_sys_jerUp
Merging measMET_ADDMonoZ_MD_1_d_4_cat4L_sys_QCDScale1wUp
Merging measMET_ADDMonoZ_MD_1_d_4_catEM_sys_TriggerSFWeightUp
Merging measMET_ADDMonoZ_MD_1_d_4_cat3L_sys_ElecronSFDown
Merging measMET_ADDMonoZ_MD_1_d_4_catEM
Merging MT_ADDMonoZ_MD_1_d_4_catSignal-1jet_sys_puWeightDown
Merging MT_ADDMonoZ_MD_1_d_4_cat3L_sys_puWeightUp
Merging MT_ADDMonoZ_MD_1_d_4_cat3L_sys_ElecronSFDown
Merging balance_ADDMonoZ_MD_1_d_4_sys_btagEventWeightDown
Merging MT_ADDMonoZ_MD_1_d_4_catTOP_sys_MuonEnUp
Merging measMET_ADDMonoZ_MD_1_d_4_cat3L_sys_QCDScale2wUp
Merging MT_ADDMonoZ_MD_1_d_4_catNRB_sys_jesTotalDown
Merging measMET_ADDMonoZ_MD_1_d_4_catNRB_sys_TriggerSFWeightDown
Merging njet_ADDMonoZ_MD_1_d_4_sys_QCDScale0wDown
Merging MT_ADDMonoZ_MD_1_d_4_catSignal-1jet_sys_MuonEnUp
Merging measMET_ADDMonoZ_MD_1_d_4_catNRB_sys_QCDScale1wUp
Merging MT_ADDMonoZ_MD_1_d_4_cat4L_sys_nvtxWeightUp
Merging balance_ADDMonoZ_MD_1_d_4_sys_puWeightDown
Merging measMET_ADDMonoZ_MD_1_d_4_catEM_sys_MuonSFUp
Merging measMET_ADDMonoZ_MD_1_d_4_catSignal-0jet_sys_ElecronSFUp
Merging balance_ADDMonoZ_MD_1_d_4_sys_QCDScale1wDown
Merging measMET_ADDMonoZ_MD_1_d_4_cat3L_sys_MuonEnDown
Merging measMET_ADDMonoZ_MD_1_d_4_catSignal-1jet
Merging MT_ADDMonoZ_MD_1_d_4_cat3L_sys_MuonEnDown
Merging measMET_ADDMonoZ_MD_1_d_4_catEM_sys_btagEventWeightDown
Merging measMET_ADDMonoZ_MD_1_d_4_cat4L_sys_MuonEnUp
Merging MT_ADDMonoZ_MD_1_d_4_catNRB_sys_PrefireWeightUp
Merging measMET_ADDMonoZ_MD_1_d_4_catEM_sys_PDFUp
Merging balance_ADDMonoZ_MD_1_d_4_sys_PDFUp
Merging phizmet_ADDMonoZ_MD_1_d_4_sys_ElectronEnDown
Merging MT_ADDMonoZ_MD_1_d_4_catSignal-1jet_sys_jerUp
Merging measMET_ADDMonoZ_MD_1_d_4_catDY_sys_nvtxWeightUp
Merging MT_ADDMonoZ_MD_1_d_4_catSignal-0jet_sys_QCDScale0wUp
Merging phizmet_ADDMonoZ_MD_1_d_4_sys_MuonSFUp
Merging MT_ADDMonoZ_MD_1_d_4_catSignal-0jet_sys_MuonEnUp
Merging MT_ADDMonoZ_MD_1_d_4_catSignal-0jet_sys_puWeightDown
Merging measMET_ADDMonoZ_MD_1_d_4_catTOP_sys_EWKUp
Merging measMET_ADDMonoZ_MD_1_d_4_cat4L
Merging MT_ADDMonoZ_MD_1_d_4_catSignal-1jet_sys_PrefireWeightUp
Merging MT_ADDMonoZ_MD_1_d_4_catTOP_sys_PrefireWeightUp
Merging measMET_ADDMonoZ_MD_1_d_4_catNRB_sys_jerDown
Merging measMET_ADDMonoZ_MD_1_d_4_catNRB_sys_MuonEnDown
Merging measMET_ADDMonoZ_MD_1_d_4_catNRB_sys_jesTotalUp
Merging measMET_ADDMonoZ_MD_1_d_4_catTOP_sys_btagEventWeightDown
Merging MT_ADDMonoZ_MD_1_d_4_catDY_sys_PDFDown
Merging measMET_ADDMonoZ_MD_1_d_4_cat3L_sys_TriggerSFWeightDown
Merging MT_ADDMonoZ_MD_1_d_4_catTOP_sys_jerDown
Merging MT_ADDMonoZ_MD_1_d_4_catSignal-0jet
Merging MT_ADDMonoZ_MD_1_d_4_cat3L_sys_PDFUp
Merging njet_ADDMonoZ_MD_1_d_4_sys_PDFDown
Merging measMET_ADDMonoZ_MD_1_d_4_catSignal-0jet_sys_PrefireWeightDown
Merging measMET_ADDMonoZ_MD_1_d_4_cat4L_sys_EWKDown
Merging MT_ADDMonoZ_MD_1_d_4_catDY_sys_MuonEnUp
Merging MT_ADDMonoZ_MD_1_d_4_catDY_sys_QCDScale1wDown
Merging measMET_ADDMonoZ_MD_1_d_4_catNRB_sys_btagEventWeightUp
Merging measMET_ADDMonoZ_MD_1_d_4_catSignal-0jet_sys_jesTotalUp
Merging measMET_ADDMonoZ_MD_1_d_4_catTOP
Merging MT_ADDMonoZ_MD_1_d_4_catDY_sys_btagEventWeightUp
Merging measMET_ADDMonoZ_MD_1_d_4_catSignal-1jet_sys_nvtxWeightDown
Merging MT_ADDMonoZ_MD_1_d_4_cat4L_sys_PDFDown
Merging measMET_ADDMonoZ_MD_1_d_4_cat4L_sys_jerUp
Merging measMET_ADDMonoZ_MD_1_d_4_cat4L_sys_jerDown
Merging measMET_ADDMonoZ_MD_1_d_4_catEM_sys_ElectronEnUp
Merging measMET_ADDMonoZ_MD_1_d_4_catSignal-1jet_sys_jesTotalUp
Merging MT_ADDMonoZ_MD_1_d_4_catTOP_sys_TriggerSFWeightUp
Merging MT_ADDMonoZ_MD_1_d_4_catSignal-1jet_sys_ElectronEnUp
Merging MT_ADDMonoZ_MD_1_d_4_catSignal-0jet_sys_QCDScale1wUp
Merging measMET_ADDMonoZ_MD_1_d_4_catEM_sys_jesTotalUp
Merging phizmet_ADDMonoZ_MD_1_d_4_sys_EWKDown
Merging measMET_ADDMonoZ_MD_1_d_4_catSignal-0jet_sys_QCDScale0wDown
Merging measMET_ADDMonoZ_MD_1_d_4_cat3L_sys_jerUp
Merging MT_ADDMonoZ_MD_1_d_4_catDY_sys_PrefireWeightDown
Merging measMET_ADDMonoZ_MD_1_d_4_catNRB_sys_MuonSFUp
Merging MT_ADDMonoZ_MD_1_d_4_catSignal-0jet_sys_nvtxWeightUp
Merging measMET_ADDMonoZ_MD_1_d_4_catSignal-1jet_sys_TriggerSFWeightDown
Merging MT_ADDMonoZ_MD_1_d_4_catEM_sys_PDFUp
Merging njet_ADDMonoZ_MD_1_d_4_sys_QCDScale2wDown
Merging measMET_ADDMonoZ_MD_1_d_4_cat4L_sys_ElectronEnDown
Merging measMET_ADDMonoZ_MD_1_d_4_catEM_sys_PrefireWeightDown
Merging measMET_ADDMonoZ_MD_1_d_4_cat3L_sys_nvtxWeightUp
Merging phizmet_ADDMonoZ_MD_1_d_4_sys_QCDScale1wDown
Merging MT_ADDMonoZ_MD_1_d_4_catSignal-1jet_sys_TriggerSFWeightUp
Merging MT_ADDMonoZ_MD_1_d_4_catDY_sys_QCDScale2wDown
Merging measMET_ADDMonoZ_MD_1_d_4_catSignal-0jet
Merging balance_ADDMonoZ_MD_1_d_4_sys_ElecronSFUp
Merging measMET_ADDMonoZ_MD_1_d_4_catSignal-0jet_sys_EWKUp
Merging measMET_ADDMonoZ_MD_1_d_4_catEM_sys_ElecronSFUp
Merging measMET_ADDMonoZ_MD_1_d_4_catDY_sys_QCDScale2wDown
Merging measMET_ADDMonoZ_MD_1_d_4_catTOP_sys_nvtxWeightUp
Merging measMET_ADDMonoZ_MD_1_d_4_catSignal-0jet_sys_PDFDown
Merging measMET_ADDMonoZ_MD_1_d_4_catSignal-1jet_sys_PDFDown
Merging MT_ADDMonoZ_MD_1_d_4_catSignal-1jet_sys_nvtxWeightDown
Merging measMET_ADDMonoZ_MD_1_d_4_catNRB_sys_puWeightDown
Merging measMET_ADDMonoZ_MD_1_d_4_cat4L_sys_QCDScale0wUp
Merging phizmet_ADDMonoZ_MD_1_d_4_sys_TriggerSFWeightDown
Merging measMET_ADDMonoZ_MD_1_d_4_catSignal-0jet_sys_nvtxWeightDown
Merging measMET_ADDMonoZ_MD_1_d_4_catTOP_sys_btagEventWeightUp
Merging MT_ADDMonoZ_MD_1_d_4_catSignal-0jet_sys_QCDScale1wDown
Merging measMET_ADDMonoZ_MD_1_d_4_cat4L_sys_jesTotalUp
Merging MT_ADDMonoZ_MD_1_d_4_catEM_sys_MuonEnUp
Merging MT_ADDMonoZ_MD_1_d_4_catEM_sys_EWKDown
Merging balance_ADDMonoZ_MD_1_d_4_sys_PrefireWeightUp
Merging MT_ADDMonoZ_MD_1_d_4_catEM_sys_puWeightDown
Merging balance_ADDMonoZ_MD_1_d_4_sys_ElecronSFDown
Merging MT_ADDMonoZ_MD_1_d_4_catNRB_sys_jerUp
Merging phizmet_ADDMonoZ_MD_1_d_4_sys_QCDScale0wUp
Merging phizmet_ADDMonoZ_MD_1_d_4_sys_ElecronSFUp
Merging measMET_ADDMonoZ_MD_1_d_4_catSignal-1jet_sys_PrefireWeightDown
Merging MT_ADDMonoZ_MD_1_d_4_cat4L_sys_jerUp
Merging measMET_ADDMonoZ_MD_1_d_4_catSignal-1jet_sys_EWKUp
Merging MT_ADDMonoZ_MD_1_d_4_cat3L_sys_nvtxWeightUp
Merging measMET_ADDMonoZ_MD_1_d_4_cat3L_sys_ElectronEnUp
Merging MT_ADDMonoZ_MD_1_d_4_cat4L
Merging MT_ADDMonoZ_MD_1_d_4_catEM_sys_TriggerSFWeightUp
Merging measMET_ADDMonoZ_MD_1_d_4_catTOP_sys_ElectronEnUp
Merging measMET_ADDMonoZ_MD_1_d_4_catEM_sys_MuonEnUp
Merging MT_ADDMonoZ_MD_1_d_4_cat3L_sys_QCDScale2wDown
Merging phizmet_ADDMonoZ_MD_1_d_4_sys_jesTotalDown
Merging MT_ADDMonoZ_MD_1_d_4_catSignal-0jet_sys_PrefireWeightUp
Merging measMET_ADDMonoZ_MD_1_d_4_catNRB_sys_EWKDown
Merging MT_ADDMonoZ_MD_1_d_4_catSignal-1jet_sys_QCDScale0wUp
Merging MT_ADDMonoZ_MD_1_d_4_cat4L_sys_ElecronSFDown
Merging MT_ADDMonoZ_MD_1_d_4_cat4L_sys_TriggerSFWeightDown
Merging measMET_ADDMonoZ_MD_1_d_4_catTOP_sys_puWeightDown
Merging MT_ADDMonoZ_MD_1_d_4_catNRB_sys_btagEventWeightUp
Merging njet_ADDMonoZ_MD_1_d_4_sys_jesTotalUp
Merging measMET_ADDMonoZ_MD_1_d_4_cat4L_sys_EWKUp
Merging njet_ADDMonoZ_MD_1_d_4_sys_QCDScale1wUp
Merging measMET_ADDMonoZ_MD_1_d_4_catEM_sys_QCDScale0wUp
Merging measMET_ADDMonoZ_MD_1_d_4_cat3L_sys_TriggerSFWeightUp
Merging phizmet_ADDMonoZ_MD_1_d_4_sys_MuonEnDown
Merging MT_ADDMonoZ_MD_1_d_4_catTOP_sys_nvtxWeightUp
Merging MT_ADDMonoZ_MD_1_d_4_catSignal-1jet_sys_PDFDown
Merging MT_ADDMonoZ_MD_1_d_4_catTOP_sys_ElecronSFDown
Merging measMET_ADDMonoZ_MD_1_d_4_cat4L_sys_nvtxWeightDown
Merging MT_ADDMonoZ_MD_1_d_4_catNRB_sys_TriggerSFWeightDown
Merging measMET_ADDMonoZ_MD_1_d_4_catNRB_sys_nvtxWeightUp
Merging MT_ADDMonoZ_MD_1_d_4_catDY_sys_nvtxWeightDown
Merging measMET_ADDMonoZ_MD_1_d_4_catSignal-1jet_sys_QCDScale1wUp
Merging MT_ADDMonoZ_MD_1_d_4_catDY_sys_QCDScale1wUp
Merging MT_ADDMonoZ_MD_1_d_4_catSignal-1jet_sys_QCDScale1wDown
Merging MT_ADDMonoZ_MD_1_d_4_catDY_sys_jesTotalUp
Merging measMET_ADDMonoZ_MD_1_d_4_catNRB_sys_MuonEnUp
Merging MT_ADDMonoZ_MD_1_d_4_catDY_sys_puWeightUp
Merging MT_ADDMonoZ_MD_1_d_4_catDY_sys_EWKDown
Merging MT_ADDMonoZ_MD_1_d_4_catDY_sys_MuonSFUp
Merging MT_ADDMonoZ_MD_1_d_4_catEM_sys_QCDScale1wUp
Merging measMET_ADDMonoZ_MD_1_d_4_catSignal-0jet_sys_QCDScale1wUp
Merging MT_ADDMonoZ_MD_1_d_4_catNRB_sys_MuonEnUp
Merging measMET_ADDMonoZ_MD_1_d_4_catTOP_sys_MuonEnDown
Merging njet_ADDMonoZ_MD_1_d_4_sys_MuonEnUp
Merging MT_ADDMonoZ_MD_1_d_4_catSignal-0jet_sys_QCDScale2wDown
Merging measMET_ADDMonoZ_MD_1_d_4_catTOP_sys_MuonEnUp
Merging measMET_ADDMonoZ_MD_1_d_4_cat4L_sys_btagEventWeightUp
Merging MT_ADDMonoZ_MD_1_d_4_catNRB_sys_btagEventWeightDown
Merging njet_ADDMonoZ_MD_1_d_4_sys_MuonEnDown
Merging balance_ADDMonoZ_MD_1_d_4_sys_ElectronEnUp
Merging MT_ADDMonoZ_MD_1_d_4_catDY_sys_EWKUp
Merging MT_ADDMonoZ_MD_1_d_4_cat3L_sys_jesTotalDown
Merging measMET_ADDMonoZ_MD_1_d_4_catNRB_sys_QCDScale2wDown
Merging measMET_ADDMonoZ_MD_1_d_4_catSignal-1jet_sys_jerDown
Merging measMET_ADDMonoZ_MD_1_d_4_catEM_sys_btagEventWeightUp
Merging MT_ADDMonoZ_MD_1_d_4_cat4L_sys_jesTotalUp
Merging measMET_ADDMonoZ_MD_1_d_4_catSignal-1jet_sys_PDFUp
Merging MT_ADDMonoZ_MD_1_d_4_cat3L
Merging measMET_ADDMonoZ_MD_1_d_4_cat3L
Merging MT_ADDMonoZ_MD_1_d_4_catTOP_sys_ElecronSFUp
Merging measMET_ADDMonoZ_MD_1_d_4_catDY_sys_puWeightDown
Merging MT_ADDMonoZ_MD_1_d_4_catDY_sys_jerUp
Merging measMET_ADDMonoZ_MD_1_d_4_catNRB_sys_puWeightUp
Merging balance_ADDMonoZ_MD_1_d_4_sys_MuonSFDown
Merging measMET_ADDMonoZ_MD_1_d_4_catDY_sys_MuonEnUp
Merging MT_ADDMonoZ_MD_1_d_4_catDY_sys_ElecronSFDown
Merging measMET_ADDMonoZ_MD_1_d_4_catEM_sys_QCDScale2wUp
Merging MT_ADDMonoZ_MD_1_d_4_catNRB_sys_QCDScale2wDown
Merging MT_ADDMonoZ_MD_1_d_4_catNRB_sys_ElectronEnDown
Merging MT_ADDMonoZ_MD_1_d_4_cat4L_sys_nvtxWeightDown
Merging measMET_ADDMonoZ_MD_1_d_4_catDY_sys_TriggerSFWeightUp
Merging measMET_ADDMonoZ_MD_1_d_4_catNRB_sys_QCDScale0wDown
Merging measMET_ADDMonoZ_MD_1_d_4_cat4L_sys_ElecronSFUp
Merging MT_ADDMonoZ_MD_1_d_4_cat4L_sys_QCDScale1wUp
Merging MT_ADDMonoZ_MD_1_d_4_catDY_sys_QCDScale0wDown
Merging measMET_ADDMonoZ_MD_1_d_4_catSignal-0jet_sys_PDFUp
Merging MT_ADDMonoZ_MD_1_d_4_cat4L_sys_PrefireWeightUp
Merging measMET_ADDMonoZ_MD_1_d_4_catDY_sys_ElectronEnDown
Merging balance_ADDMonoZ_MD_1_d_4_sys_QCDScale0wDown
Merging MT_ADDMonoZ_MD_1_d_4_catSignal-1jet_sys_jesTotalUp
Merging MT_ADDMonoZ_MD_1_d_4_catEM_sys_QCDScale0wDown
Merging balance_ADDMonoZ_MD_1_d_4_sys_QCDScale2wUp
Merging MT_ADDMonoZ_MD_1_d_4_catDY_sys_MuonEnDown
Merging MT_ADDMonoZ_MD_1_d_4_cat4L_sys_btagEventWeightDown
Merging measMET_ADDMonoZ_MD_1_d_4_catSignal-1jet_sys_MuonSFDown
Merging phizmet_ADDMonoZ_MD_1_d_4_sys_QCDScale0wDown
Merging MT_ADDMonoZ_MD_1_d_4_cat4L_sys_QCDScale2wDown
Merging measMET_ADDMonoZ_MD_1_d_4_cat3L_sys_btagEventWeightDown
Merging MT_ADDMonoZ_MD_1_d_4_catSignal-0jet_sys_MuonSFDown
Merging njet_ADDMonoZ_MD_1_d_4_sys_MuonSFDown
Merging balance_ADDMonoZ_MD_1_d_4_sys_jerUp
Merging measMET_ADDMonoZ_MD_1_d_4_catSignal-0jet_sys_MuonSFDown
Merging measMET_ADDMonoZ_MD_1_d_4_catNRB_sys_QCDScale1wDown
Merging measMET_ADDMonoZ_MD_1_d_4_catSignal-1jet_sys_ElectronEnUp
Merging measMET_ADDMonoZ_MD_1_d_4_catNRB
Merging MT_ADDMonoZ_MD_1_d_4_catDY_sys_ElectronEnUp
Merging measMET_ADDMonoZ_MD_1_d_4_cat3L_sys_QCDScale1wUp
Merging measMET_ADDMonoZ_MD_1_d_4_cat4L_sys_QCDScale2wUp
Merging MT_ADDMonoZ_MD_1_d_4_cat3L_sys_ElecronSFUp
Merging MT_ADDMonoZ_MD_1_d_4_catEM_sys_jerDown
Merging MT_ADDMonoZ_MD_1_d_4_cat4L_sys_MuonEnUp
Merging measMET_ADDMonoZ_MD_1_d_4_catDY_sys_jesTotalUp
Merging measMET_ADDMonoZ_MD_1_d_4_catDY_sys_jerUp
Merging MT_ADDMonoZ_MD_1_d_4_catSignal-1jet
Merging balance_ADDMonoZ_MD_1_d_4_sys_PDFDown
Merging MT_ADDMonoZ_MD_1_d_4_catDY_sys_jesTotalDown
Merging MT_ADDMonoZ_MD_1_d_4_catSignal-1jet_sys_btagEventWeightUp
Merging MT_ADDMonoZ_MD_1_d_4_catNRB_sys_ElecronSFDown
Merging njet_ADDMonoZ_MD_1_d_4_sys_nvtxWeightDown
Merging MT_ADDMonoZ_MD_1_d_4_catEM_sys_btagEventWeightUp
Merging measMET_ADDMonoZ_MD_1_d_4_catSignal-0jet_sys_QCDScale1wDown
Merging measMET_ADDMonoZ_MD_1_d_4_catSignal-1jet_sys_MuonEnUp
Merging MT_ADDMonoZ_MD_1_d_4_catDY_sys_btagEventWeightDown
Merging measMET_ADDMonoZ_MD_1_d_4_catTOP_sys_jesTotalUp
Merging MT_ADDMonoZ_MD_1_d_4_catNRB_sys_puWeightDown
Merging measMET_ADDMonoZ_MD_1_d_4_catSignal-0jet_sys_MuonEnUp
Merging measMET_ADDMonoZ_MD_1_d_4_cat4L_sys_TriggerSFWeightDown
Merging measMET_ADDMonoZ_MD_1_d_4_cat3L_sys_ElectronEnDown
Merging njet_ADDMonoZ_MD_1_d_4_sys_jesTotalDown
Merging MT_ADDMonoZ_MD_1_d_4_catTOP_sys_QCDScale0wDown
Merging measMET_ADDMonoZ_MD_1_d_4_catTOP_sys_QCDScale2wUp
Merging measMET_ADDMonoZ_MD_1_d_4_catNRB_sys_nvtxWeightDown
Merging measMET_ADDMonoZ_MD_1_d_4_catEM_sys_puWeightDown
Merging MT_ADDMonoZ_MD_1_d_4_catSignal-0jet_sys_jerUp
Merging measMET_ADDMonoZ_MD_1_d_4_catTOP_sys_PDFUp
Merging MT_ADDMonoZ_MD_1_d_4_catNRB_sys_ElecronSFUp
Merging MT_ADDMonoZ_MD_1_d_4_cat4L_sys_MuonEnDown
Merging measMET_ADDMonoZ_MD_1_d_4_catTOP_sys_QCDScale1wUp
Merging MT_ADDMonoZ_MD_1_d_4_catEM_sys_QCDScale2wDown
Merging MT_ADDMonoZ_MD_1_d_4_catNRB_sys_QCDScale1wUp
Merging MT_ADDMonoZ_MD_1_d_4_catTOP_sys_MuonEnDown
Merging MT_ADDMonoZ_MD_1_d_4_catSignal-1jet_sys_nvtxWeightUp
Merging MT_ADDMonoZ_MD_1_d_4_catTOP_sys_btagEventWeightUp
Merging measMET_ADDMonoZ_MD_1_d_4_catNRB_sys_QCDScale2wUp
Merging balance_ADDMonoZ_MD_1_d_4_sys_PrefireWeightDown
Merging measMET_ADDMonoZ_MD_1_d_4_catDY_sys_ElecronSFUp
Merging njet_ADDMonoZ_MD_1_d_4_sys_MuonSFUp
Merging measMET_ADDMonoZ_MD_1_d_4_catDY_sys_jesTotalDown
Merging MT_ADDMonoZ_MD_1_d_4_catSignal-0jet_sys_QCDScale2wUp
Merging measMET_ADDMonoZ_MD_1_d_4_catTOP_sys_puWeightUp
Merging balance_ADDMonoZ_MD_1_d_4_sys_puWeightUp
Merging balance_ADDMonoZ_MD_1_d_4_sys_QCDScale1wUp
Merging njet_ADDMonoZ_MD_1_d_4_sys_ElectronEnDown
Merging MT_ADDMonoZ_MD_1_d_4_catSignal-1jet_sys_btagEventWeightDown
Merging measMET_ADDMonoZ_MD_1_d_4_catTOP_sys_ElecronSFUp
Merging MT_ADDMonoZ_MD_1_d_4_cat3L_sys_jerDown
Merging measMET_ADDMonoZ_MD_1_d_4_catNRB_sys_MuonSFDown
Merging MT_ADDMonoZ_MD_1_d_4_catTOP_sys_QCDScale0wUp
Merging measMET_ADDMonoZ_MD_1_d_4_catNRB_sys_ElecronSFDown
Merging MT_ADDMonoZ_MD_1_d_4_catSignal-0jet_sys_puWeightUp
Merging MT_ADDMonoZ_MD_1_d_4_catTOP_sys_nvtxWeightDown
Merging balance_ADDMonoZ_MD_1_d_4_sys_TriggerSFWeightUp
Merging measMET_ADDMonoZ_MD_1_d_4_catTOP_sys_QCDScale1wDown
Merging MT_ADDMonoZ_MD_1_d_4_cat3L_sys_EWKUp
Merging MT_ADDMonoZ_MD_1_d_4_cat3L_sys_MuonSFDown
Merging MT_ADDMonoZ_MD_1_d_4_catSignal-1jet_sys_EWKUp
Merging measMET_ADDMonoZ_MD_1_d_4_cat3L_sys_ElecronSFUp
/eos/cms/store/group/phys_exotica/monoZ/Exorcism2018/ADDMonoZ_MD_1_d_4/tree_0.root  ->  /eos/cms/store/group/phys_exotica/monoZ/Exorcism2018/ADDMonoZ_MD_1_d_4/tree_0.root
Testing file open
Test OK
---------------------------
 -- options  =  Namespace(dataset='X', doSyst=1, era='2018', infile='/eos/cms/store/group/phys_exotica/monoZ/Exorcism2018/ADDMonoZ_MD_1_d_4/tree_0.root', isMC=1, jobNum=0, nevt=-1)
 -- is MC    =  1
 -- jobNum   =  0
 -- era      =  2018
 -- in file  =  /eos/cms/store/group/phys_exotica/monoZ/Exorcism2018/ADDMonoZ_MD_1_d_4/tree_0.root
 -- dataset  =  X
---------------------------
[check] condtag_ ==  ADDMonoZ_MD_1_d_4
[check] dataset  ==  monoZ
modules :  <PhysicsTools.MonoZ.MonoZWSProducer.MonoZWSProducer object at 0x2b875a27e750>
modules :  <PhysicsTools.MonoZ.MonoZWSProducer.MonoZWSProducer object at 0x2b875a27e810>
modules :  <PhysicsTools.MonoZ.MonoZWSProducer.MonoZWSProducer object at 0x2b875a27e850>
modules :  <PhysicsTools.MonoZ.MonoZWSProducer.MonoZWSProducer object at 0x2b875a27e890>
modules :  <PhysicsTools.MonoZ.MonoZWSProducer.MonoZWSProducer object at 0x2b875a27e8d0>
modules :  <PhysicsTools.MonoZ.MonoZWSProducer.MonoZWSProducer object at 0x2b875a27e910>
modules :  <PhysicsTools.MonoZ.MonoZWSProducer.MonoZWSProducer object at 0x2b875a27e950>
modules :  <PhysicsTools.MonoZ.MonoZWSProducer.MonoZWSProducer object at 0x2b875a27e990>
modules :  <PhysicsTools.MonoZ.MonoZWSProducer.MonoZWSProducer object at 0x2b875a27e9d0>
modules :  <PhysicsTools.MonoZ.MonoZWSProducer.MonoZWSProducer object at 0x2b875a27ea10>
modules :  <PhysicsTools.MonoZ.MonoZWSProducer.MonoZWSProducer object at 0x2b875a27ea50>
modules :  <PhysicsTools.MonoZ.MonoZWSProducer.MonoZWSProducer object at 0x2b875a27ea90>
modules :  <PhysicsTools.MonoZ.MonoZWSProducer.MonoZWSProducer object at 0x2b875a27ead0>
modules :  <PhysicsTools.MonoZ.MonoZWSProducer.MonoZWSProducer object at 0x2b875a27eb10>
modules :  <PhysicsTools.MonoZ.MonoZWSProducer.MonoZWSProducer object at 0x2b875a27eb50>
modules :  <PhysicsTools.MonoZ.MonoZWSProducer.MonoZWSProducer object at 0x2b875a27eb90>
modules :  <PhysicsTools.MonoZ.MonoZWSProducer.MonoZWSProducer object at 0x2b875a27ebd0>
modules :  <PhysicsTools.MonoZ.MonoZWSProducer.MonoZWSProducer object at 0x2b875a27ec10>
modules :  <PhysicsTools.MonoZ.MonoZWSProducer.MonoZWSProducer object at 0x2b875a27ec50>
modules :  <PhysicsTools.MonoZ.MonoZWSProducer.MonoZWSProducer object at 0x2b875a27ec90>
modules :  <PhysicsTools.MonoZ.MonoZWSProducer.MonoZWSProducer object at 0x2b875a27ecd0>
modules :  <PhysicsTools.MonoZ.MonoZWSProducer.MonoZWSProducer object at 0x2b875a27ed10>
modules :  <PhysicsTools.MonoZ.MonoZWSProducer.MonoZWSProducer object at 0x2b875a27ed90>
modules :  <PhysicsTools.MonoZ.MonoZWSProducer.MonoZWSProducer object at 0x2b875a27ee10>
modules :  <PhysicsTools.MonoZ.MonoZWSProducer.MonoZWSProducer object at 0x2b875a27ee90>
modules :  <PhysicsTools.MonoZ.MonoZWSProducer.MonoZWSProducer object at 0x2b875a27ef10>
modules :  <PhysicsTools.MonoZ.MonoZWSProducer.MonoZWSProducer object at 0x2b875a27ef50>
modules :  <PhysicsTools.MonoZ.MonoZWSProducer.MonoZWSProducer object at 0x2b875a27ef90>
modules :  <PhysicsTools.MonoZ.MonoZWSProducer.MonoZWSProducer object at 0x2b875a27efd0>
modules :  <PhysicsTools.MonoZ.MonoZWSProducer.MonoZWSProducer object at 0x2b875a280050>
modules :  <PhysicsTools.MonoZ.MonoZWSProducer.MonoZWSProducer object at 0x2b875a280090>
Selection :  
Will write selected trees to .
Pre-select 21942 entries out of 21942 (100.00%)
Processed    10000/   21942 entries, 45.57% (elapsed time   538.9s, curr speed    0.019 kHz, avg speed    0.019 kHz), accepted    10001/   10001 events (100.00%)
Processed    20000/   21942 entries, 91.15% (elapsed time  1022.2s, curr speed    0.021 kHz, avg speed    0.020 kHz), accepted    20001/   20001 events (100.00%)
Processed 21942 preselected entries from /eos/cms/store/group/phys_exotica/monoZ/Exorcism2018/ADDMonoZ_MD_1_d_4/tree_0.root (21942 entries). Finally selected 21942 entries
Done ./tree_0_Skim.root
19.3336916584 Hz
----- transfer output to eos :
----- directory after running :
.:
total 6300
-rw-r--r--. 1 cfreer zh    1186 Dec  2 01:51 FrameworkJobReport.xml
-rw-r--r--. 1 cfreer zh       0 Dec  2 01:31 _condor_stderr
-rw-r--r--. 1 cfreer zh   65574 Dec  2 01:51 _condor_stdout
-rw-------. 1 cfreer zh    4914 Dec  2 01:51 cfreer.cc
-rw-r--r--. 1 cfreer zh   16092 Dec  2 01:31 combineHLT_Run2.yaml
-rw-r--r--. 1 cfreer zh    5718 Dec  2 01:31 condor_WSProducer.py
-rwxr-xr-x. 1 cfreer zh     816 Dec  2 01:31 condor_exec.exe
-rwxr-xr-x. 1 cfreer zh    2559 Dec  2 01:31 haddnano.py
-rw-r--r--. 1 cfreer zh       8 Dec  2 01:31 keep_and_drop_WS.txt
drwx------. 3 cfreer zh    4096 Dec  2 01:31 tmp
-rw-r--r--. 1 cfreer zh 3159732 Dec  2 01:51 tree_0.root
-rw-r--r--. 1 cfreer zh 3159584 Dec  2 01:51 tree_0_Skim.root
drwx------. 3 cfreer zh    4096 Dec  2 01:31 var

./tmp:
total 4
drwxr-xr-x. 3 cfreer zh 4096 Dec  2 01:31 mjf-cfreer

./tmp/mjf-cfreer:
total 4
drwxr-xr-x. 2 cfreer zh 4096 Dec  2 01:31 jobfeatures-bigbird09.cern.ch_3059295.0_1575246472

./tmp/mjf-cfreer/jobfeatures-bigbird09.cern.ch_3059295.0_1575246472:
total 28
-rw-r--r--. 1 cfreer zh  1 Dec  2 01:31 allocated_cpu
-rw-r--r--. 1 cfreer zh  6 Dec  2 01:31 cpu_limit_secs
-rw-r--r--. 1 cfreer zh 38 Dec  2 01:31 job_id
-rw-r--r--. 1 cfreer zh 10 Dec  2 01:31 jobstart_secs
-rw-r--r--. 1 cfreer zh 10 Dec  2 01:31 max_rss_bytes
-rw-r--r--. 1 cfreer zh 10 Dec  2 01:31 scratch_limit_bytes
-rw-r--r--. 1 cfreer zh  6 Dec  2 01:31 wall_limit_secs

./var:
total 4
drwx------. 2 cfreer zh 4096 Dec  2 01:31 tmp

./var/tmp:
total 0
 ------ THE END (everyone dies !) ----- 
