
/pool/condor/dir_18299

... start job at 2019-11-30 10:29:18
----- directory before running:
.:
total 52
-rw-r--r--. 1 cfreer zh     0 Nov 30 10:29 _condor_stderr
-rw-r--r--. 1 cfreer zh    94 Nov 30 10:29 _condor_stdout
-rw-------. 1 cfreer zh  2642 Nov 30 10:29 cfreer.cc
-rw-r--r--. 1 cfreer zh 16092 Nov 30 10:29 combineHLT_Run2.yaml
-rw-r--r--. 1 cfreer zh  5718 Nov 30 10:29 condor_WSProducer.py
-rwxr-xr-x. 1 cfreer zh   837 Nov 30 10:29 condor_exec.exe
-rwxr-xr-x. 1 cfreer zh  2559 Nov 30 10:29 haddnano.py
-rw-r--r--. 1 cfreer zh     8 Nov 30 10:29 keep_and_drop_WS.txt
drwx------. 3 cfreer zh  4096 Nov 30 10:29 tmp
drwx------. 3 cfreer zh  4096 Nov 30 10:29 var

./tmp:
total 4
drwxr-xr-x. 3 cfreer zh 4096 Nov 30 10:29 mjf-cfreer

./tmp/mjf-cfreer:
total 4
drwxr-xr-x. 2 cfreer zh 4096 Nov 30 10:29 jobfeatures-bigbird09.cern.ch_3031852.20_1574960397

./tmp/mjf-cfreer/jobfeatures-bigbird09.cern.ch_3031852.20_1574960397:
total 28
-rw-r--r--. 1 cfreer zh  1 Nov 30 10:29 allocated_cpu
-rw-r--r--. 1 cfreer zh  6 Nov 30 10:29 cpu_limit_secs
-rw-r--r--. 1 cfreer zh 39 Nov 30 10:29 job_id
-rw-r--r--. 1 cfreer zh 10 Nov 30 10:29 jobstart_secs
-rw-r--r--. 1 cfreer zh 10 Nov 30 10:29 max_rss_bytes
-rw-r--r--. 1 cfreer zh 10 Nov 30 10:29 scratch_limit_bytes
-rw-r--r--. 1 cfreer zh  6 Nov 30 10:29 wall_limit_secs

./var:
total 4
drwx------. 2 cfreer zh 4096 Nov 30 10:29 tmp

./var/tmp:
total 0
----- CMSSW BASE, python path, pwd:
+ CMSSW_BASE  = /afs/cern.ch/work/c/cfreer/MonoZ_2019/MT_plots/CMSSW_10_6_4
+ PYTHON_PATH = 
+ PWD         = /pool/condor/dir_18299
/eos/cms/store/group/phys_exotica/monoZ/Exorcism2018/ZZTo2L2Nu_TuneCP5_13TeV_powheg_pythia8/tree_27.root  ->  /eos/cms/store/group/phys_exotica/monoZ/Exorcism2018/ZZTo2L2Nu_TuneCP5_13TeV_powheg_pythia8/tree_27.root
Testing file open
Test OK
---------------------------
 -- options  =  Namespace(dataset='X', doSyst=1, era='2018', infile='/eos/cms/store/group/phys_exotica/monoZ/Exorcism2018/ZZTo2L2Nu_TuneCP5_13TeV_powheg_pythia8/tree_27.root', isMC=1, jobNum=20, nevt=-1)
 -- is MC    =  1
 -- jobNum   =  20
 -- era      =  2018
 -- in file  =  /eos/cms/store/group/phys_exotica/monoZ/Exorcism2018/ZZTo2L2Nu_TuneCP5_13TeV_powheg_pythia8/tree_27.root
 -- dataset  =  X
---------------------------
[check] condtag_ ==  ZZTo2L2Nu_TuneCP5_13TeV_powheg_pythia8
[check] dataset  ==  monoZ
modules :  <PhysicsTools.MonoZ.MonoZWSProducer.MonoZWSProducer object at 0x2ba542f95890>
modules :  <PhysicsTools.MonoZ.MonoZWSProducer.MonoZWSProducer object at 0x2ba542f95950>
modules :  <PhysicsTools.MonoZ.MonoZWSProducer.MonoZWSProducer object at 0x2ba542f95990>
modules :  <PhysicsTools.MonoZ.MonoZWSProducer.MonoZWSProducer object at 0x2ba542f959d0>
modules :  <PhysicsTools.MonoZ.MonoZWSProducer.MonoZWSProducer object at 0x2ba542f95a10>
modules :  <PhysicsTools.MonoZ.MonoZWSProducer.MonoZWSProducer object at 0x2ba542f95a50>
modules :  <PhysicsTools.MonoZ.MonoZWSProducer.MonoZWSProducer object at 0x2ba542f95a90>
modules :  <PhysicsTools.MonoZ.MonoZWSProducer.MonoZWSProducer object at 0x2ba542f95ad0>
modules :  <PhysicsTools.MonoZ.MonoZWSProducer.MonoZWSProducer object at 0x2ba542f95b10>
modules :  <PhysicsTools.MonoZ.MonoZWSProducer.MonoZWSProducer object at 0x2ba542f95b50>
modules :  <PhysicsTools.MonoZ.MonoZWSProducer.MonoZWSProducer object at 0x2ba542f95b90>
modules :  <PhysicsTools.MonoZ.MonoZWSProducer.MonoZWSProducer object at 0x2ba542f95bd0>
modules :  <PhysicsTools.MonoZ.MonoZWSProducer.MonoZWSProducer object at 0x2ba542f95c10>
modules :  <PhysicsTools.MonoZ.MonoZWSProducer.MonoZWSProducer object at 0x2ba542f95c50>
modules :  <PhysicsTools.MonoZ.MonoZWSProducer.MonoZWSProducer object at 0x2ba542f95c90>
modules :  <PhysicsTools.MonoZ.MonoZWSProducer.MonoZWSProducer object at 0x2ba542f95cd0>
modules :  <PhysicsTools.MonoZ.MonoZWSProducer.MonoZWSProducer object at 0x2ba542f95d10>
modules :  <PhysicsTools.MonoZ.MonoZWSProducer.MonoZWSProducer object at 0x2ba542f95d50>
modules :  <PhysicsTools.MonoZ.MonoZWSProducer.MonoZWSProducer object at 0x2ba542f95d90>
modules :  <PhysicsTools.MonoZ.MonoZWSProducer.MonoZWSProducer object at 0x2ba542f95dd0>
modules :  <PhysicsTools.MonoZ.MonoZWSProducer.MonoZWSProducer object at 0x2ba542f95e10>
modules :  <PhysicsTools.MonoZ.MonoZWSProducer.MonoZWSProducer object at 0x2ba542f95e50>
modules :  <PhysicsTools.MonoZ.MonoZWSProducer.MonoZWSProducer object at 0x2ba542f95ed0>
modules :  <PhysicsTools.MonoZ.MonoZWSProducer.MonoZWSProducer object at 0x2ba542f95f50>
modules :  <PhysicsTools.MonoZ.MonoZWSProducer.MonoZWSProducer object at 0x2ba542f95fd0>
modules :  <PhysicsTools.MonoZ.MonoZWSProducer.MonoZWSProducer object at 0x2ba542f97090>
modules :  <PhysicsTools.MonoZ.MonoZWSProducer.MonoZWSProducer object at 0x2ba542f970d0>
modules :  <PhysicsTools.MonoZ.MonoZWSProducer.MonoZWSProducer object at 0x2ba542f97110>
modules :  <PhysicsTools.MonoZ.MonoZWSProducer.MonoZWSProducer object at 0x2ba542f97150>
modules :  <PhysicsTools.MonoZ.MonoZWSProducer.MonoZWSProducer object at 0x2ba542f97190>
modules :  <PhysicsTools.MonoZ.MonoZWSProducer.MonoZWSProducer object at 0x2ba542f971d0>
Selection :  
Will write selected trees to .
Pre-select 210491 entries out of 210491 (100.00%)
Processed    10000/  210491 entries,  4.75% (elapsed time   669.9s, curr speed    0.015 kHz, avg speed    0.015 kHz), accepted    10001/   10001 events (100.00%)
Processed    20000/  210491 entries,  9.50% (elapsed time  1336.1s, curr speed    0.015 kHz, avg speed    0.015 kHz), accepted    20001/   20001 events (100.00%)
Processed    30000/  210491 entries, 14.25% (elapsed time  1988.5s, curr speed    0.015 kHz, avg speed    0.015 kHz), accepted    300Adding file ./tree_27_Skim.root
Merging measMET_monoZ_catSignal-0jet
Merging MT_monoZ_catSignal-0jet
Merging measMET_monoZ_catEM
Merging MT_monoZ_catEM
Merging measMET_monoZ_catSignal-1jet
Merging MT_monoZ_catSignal-1jet
Merging measMET_monoZ_cat3L
Merging MT_monoZ_cat3L
Merging measMET_monoZ_cat4L
Merging MT_monoZ_cat4L
Merging measMET_monoZ_catNRB
Merging MT_monoZ_catNRB
Merging measMET_monoZ_catTOP
Merging MT_monoZ_catTOP
Merging measMET_monoZ_catDY
Merging MT_monoZ_catDY
Merging balance_monoZ
Merging phizmet_monoZ
Merging njet_monoZ
Merging measMET_monoZ_catSignal-0jet_sys_ElectronEnUp
Merging MT_monoZ_catSignal-0jet_sys_ElectronEnUp
Merging measMET_monoZ_catEM_sys_ElectronEnUp
Merging MT_monoZ_catEM_sys_ElectronEnUp
Merging measMET_monoZ_catSignal-1jet_sys_ElectronEnUp
Merging MT_monoZ_catSignal-1jet_sys_ElectronEnUp
Merging measMET_monoZ_cat3L_sys_ElectronEnUp
Merging MT_monoZ_cat3L_sys_ElectronEnUp
Merging measMET_monoZ_cat4L_sys_ElectronEnUp
Merging MT_monoZ_cat4L_sys_ElectronEnUp
Merging measMET_monoZ_catNRB_sys_ElectronEnUp
Merging MT_monoZ_catNRB_sys_ElectronEnUp
Merging measMET_monoZ_catTOP_sys_ElectronEnUp
Merging MT_monoZ_catTOP_sys_ElectronEnUp
Merging measMET_monoZ_catDY_sys_ElectronEnUp
Merging MT_monoZ_catDY_sys_ElectronEnUp
Merging balance_monoZ_sys_ElectronEnUp
Merging phizmet_monoZ_sys_ElectronEnUp
Merging njet_monoZ_sys_ElectronEnUp
Merging measMET_monoZ_catSignal-0jet_sys_ElectronEnDown
Merging MT_monoZ_catSignal-0jet_sys_ElectronEnDown
Merging measMET_monoZ_catEM_sys_ElectronEnDown
Merging MT_monoZ_catEM_sys_ElectronEnDown
Merging measMET_monoZ_catSignal-1jet_sys_ElectronEnDown
Merging MT_monoZ_catSignal-1jet_sys_ElectronEnDown
Merging measMET_monoZ_cat3L_sys_ElectronEnDown
Merging MT_monoZ_cat3L_sys_ElectronEnDown
Merging measMET_monoZ_cat4L_sys_ElectronEnDown
Merging MT_monoZ_cat4L_sys_ElectronEnDown
Merging measMET_monoZ_catNRB_sys_ElectronEnDown
Merging MT_monoZ_catNRB_sys_ElectronEnDown
Merging measMET_monoZ_catTOP_sys_ElectronEnDown
Merging MT_monoZ_catTOP_sys_ElectronEnDown
Merging measMET_monoZ_catDY_sys_ElectronEnDown
Merging MT_monoZ_catDY_sys_ElectronEnDown
Merging balance_monoZ_sys_ElectronEnDown
Merging phizmet_monoZ_sys_ElectronEnDown
Merging njet_monoZ_sys_ElectronEnDown
Merging measMET_monoZ_catSignal-0jet_sys_MuonEnUp
Merging MT_monoZ_catSignal-0jet_sys_MuonEnUp
Merging measMET_monoZ_catEM_sys_MuonEnUp
Merging MT_monoZ_catEM_sys_MuonEnUp
Merging measMET_monoZ_catSignal-1jet_sys_MuonEnUp
Merging MT_monoZ_catSignal-1jet_sys_MuonEnUp
Merging measMET_monoZ_cat3L_sys_MuonEnUp
Merging MT_monoZ_cat3L_sys_MuonEnUp
Merging measMET_monoZ_cat4L_sys_MuonEnUp
Merging MT_monoZ_cat4L_sys_MuonEnUp
Merging measMET_monoZ_catNRB_sys_MuonEnUp
Merging MT_monoZ_catNRB_sys_MuonEnUp
Merging measMET_monoZ_catTOP_sys_MuonEnUp
Merging MT_monoZ_catTOP_sys_MuonEnUp
Merging measMET_monoZ_catDY_sys_MuonEnUp
Merging MT_monoZ_catDY_sys_MuonEnUp
Merging balance_monoZ_sys_MuonEnUp
Merging phizmet_monoZ_sys_MuonEnUp
Merging njet_monoZ_sys_MuonEnUp
Merging measMET_monoZ_catSignal-0jet_sys_MuonEnDown
Merging MT_monoZ_catSignal-0jet_sys_MuonEnDown
Merging measMET_monoZ_catEM_sys_MuonEnDown
Merging MT_monoZ_catEM_sys_MuonEnDown
Merging measMET_monoZ_catSignal-1jet_sys_MuonEnDown
Merging MT_monoZ_catSignal-1jet_sys_MuonEnDown
Merging measMET_monoZ_cat3L_sys_MuonEnDown
Merging MT_monoZ_cat3L_sys_MuonEnDown
Merging measMET_monoZ_cat4L_sys_MuonEnDown
Merging MT_monoZ_cat4L_sys_MuonEnDown
Merging measMET_monoZ_catNRB_sys_MuonEnDown
Merging MT_monoZ_catNRB_sys_MuonEnDown
Merging measMET_monoZ_catTOP_sys_MuonEnDown
Merging MT_monoZ_catTOP_sys_MuonEnDown
Merging measMET_monoZ_catDY_sys_MuonEnDown
Merging MT_monoZ_catDY_sys_MuonEnDown
Merging balance_monoZ_sys_MuonEnDown
Merging phizmet_monoZ_sys_MuonEnDown
Merging njet_monoZ_sys_MuonEnDown
Merging measMET_monoZ_catSignal-0jet_sys_jesTotalUp
Merging MT_monoZ_catSignal-0jet_sys_jesTotalUp
Merging measMET_monoZ_catEM_sys_jesTotalUp
Merging MT_monoZ_catEM_sys_jesTotalUp
Merging measMET_monoZ_catSignal-1jet_sys_jesTotalUp
Merging MT_monoZ_catSignal-1jet_sys_jesTotalUp
Merging measMET_monoZ_cat3L_sys_jesTotalUp
Merging MT_monoZ_cat3L_sys_jesTotalUp
Merging measMET_monoZ_cat4L_sys_jesTotalUp
Merging MT_monoZ_cat4L_sys_jesTotalUp
Merging measMET_monoZ_catNRB_sys_jesTotalUp
Merging MT_monoZ_catNRB_sys_jesTotalUp
Merging measMET_monoZ_catTOP_sys_jesTotalUp
Merging MT_monoZ_catTOP_sys_jesTotalUp
Merging measMET_monoZ_catDY_sys_jesTotalUp
Merging MT_monoZ_catDY_sys_jesTotalUp
Merging balance_monoZ_sys_jesTotalUp
Merging phizmet_monoZ_sys_jesTotalUp
Merging njet_monoZ_sys_jesTotalUp
Merging measMET_monoZ_catSignal-0jet_sys_jesTotalDown
Merging MT_monoZ_catSignal-0jet_sys_jesTotalDown
Merging measMET_monoZ_catEM_sys_jesTotalDown
Merging MT_monoZ_catEM_sys_jesTotalDown
Merging measMET_monoZ_catSignal-1jet_sys_jesTotalDown
Merging MT_monoZ_catSignal-1jet_sys_jesTotalDown
Merging measMET_monoZ_cat3L_sys_jesTotalDown
Merging MT_monoZ_cat3L_sys_jesTotalDown
Merging measMET_monoZ_cat4L_sys_jesTotalDown
Merging MT_monoZ_cat4L_sys_jesTotalDown
Merging measMET_monoZ_catNRB_sys_jesTotalDown
Merging MT_monoZ_catNRB_sys_jesTotalDown
Merging measMET_monoZ_catTOP_sys_jesTotalDown
Merging MT_monoZ_catTOP_sys_jesTotalDown
Merging measMET_monoZ_catDY_sys_jesTotalDown
Merging MT_monoZ_catDY_sys_jesTotalDown
Merging balance_monoZ_sys_jesTotalDown
Merging phizmet_monoZ_sys_jesTotalDown
Merging njet_monoZ_sys_jesTotalDown
Merging measMET_monoZ_catSignal-0jet_sys_jerUp
Merging MT_monoZ_catSignal-0jet_sys_jerUp
Merging measMET_monoZ_catEM_sys_jerUp
Merging MT_monoZ_catEM_sys_jerUp
Merging measMET_monoZ_catSignal-1jet_sys_jerUp
Merging MT_monoZ_catSignal-1jet_sys_jerUp
Merging measMET_monoZ_cat3L_sys_jerUp
Merging MT_monoZ_cat3L_sys_jerUp
Merging measMET_monoZ_cat4L_sys_jerUp
Merging MT_monoZ_cat4L_sys_jerUp
Merging measMET_monoZ_catNRB_sys_jerUp
Merging MT_monoZ_catNRB_sys_jerUp
Merging measMET_monoZ_catTOP_sys_jerUp
Merging MT_monoZ_catTOP_sys_jerUp
Merging measMET_monoZ_catDY_sys_jerUp
Merging MT_monoZ_catDY_sys_jerUp
Merging balance_monoZ_sys_jerUp
Merging phizmet_monoZ_sys_jerUp
Merging njet_monoZ_sys_jerUp
Merging measMET_monoZ_catSignal-0jet_sys_jerDown
Merging MT_monoZ_catSignal-0jet_sys_jerDown
Merging measMET_monoZ_catEM_sys_jerDown
Merging MT_monoZ_catEM_sys_jerDown
Merging measMET_monoZ_catSignal-1jet_sys_jerDown
Merging MT_monoZ_catSignal-1jet_sys_jerDown
Merging measMET_monoZ_cat3L_sys_jerDown
Merging MT_monoZ_cat3L_sys_jerDown
Merging measMET_monoZ_cat4L_sys_jerDown
Merging MT_monoZ_cat4L_sys_jerDown
Merging measMET_monoZ_catNRB_sys_jerDown
Merging MT_monoZ_catNRB_sys_jerDown
Merging measMET_monoZ_catTOP_sys_jerDown
Merging MT_monoZ_catTOP_sys_jerDown
Merging measMET_monoZ_catDY_sys_jerDown
Merging MT_monoZ_catDY_sys_jerDown
Merging balance_monoZ_sys_jerDown
Merging phizmet_monoZ_sys_jerDown
Merging njet_monoZ_sys_jerDown
Merging measMET_monoZ_catSignal-0jet_sys_puWeightUp
Merging MT_monoZ_catSignal-0jet_sys_puWeightUp
Merging measMET_monoZ_catEM_sys_puWeightUp
Merging MT_monoZ_catEM_sys_puWeightUp
Merging measMET_monoZ_catSignal-1jet_sys_puWeightUp
Merging MT_monoZ_catSignal-1jet_sys_puWeightUp
Merging measMET_monoZ_cat3L_sys_puWeightUp
Merging MT_monoZ_cat3L_sys_puWeightUp
Merging measMET_monoZ_cat4L_sys_puWeightUp
Merging MT_monoZ_cat4L_sys_puWeightUp
Merging measMET_monoZ_catNRB_sys_puWeightUp
Merging MT_monoZ_catNRB_sys_puWeightUp
Merging measMET_monoZ_catTOP_sys_puWeightUp
Merging MT_monoZ_catTOP_sys_puWeightUp
Merging measMET_monoZ_catDY_sys_puWeightUp
Merging MT_monoZ_catDY_sys_puWeightUp
Merging balance_monoZ_sys_puWeightUp
Merging phizmet_monoZ_sys_puWeightUp
Merging njet_monoZ_sys_puWeightUp
Merging measMET_monoZ_catSignal-0jet_sys_puWeightDown
Merging MT_monoZ_catSignal-0jet_sys_puWeightDown
Merging measMET_monoZ_catEM_sys_puWeightDown
Merging MT_monoZ_catEM_sys_puWeightDown
Merging measMET_monoZ_catSignal-1jet_sys_puWeightDown
Merging MT_monoZ_catSignal-1jet_sys_puWeightDown
Merging measMET_monoZ_cat3L_sys_puWeightDown
Merging MT_monoZ_cat3L_sys_puWeightDown
Merging measMET_monoZ_cat4L_sys_puWeightDown
Merging MT_monoZ_cat4L_sys_puWeightDown
Merging measMET_monoZ_catNRB_sys_puWeightDown
Merging MT_monoZ_catNRB_sys_puWeightDown
Merging measMET_monoZ_catTOP_sys_puWeightDown
Merging MT_monoZ_catTOP_sys_puWeightDown
Merging measMET_monoZ_catDY_sys_puWeightDown
Merging MT_monoZ_catDY_sys_puWeightDown
Merging balance_monoZ_sys_puWeightDown
Merging phizmet_monoZ_sys_puWeightDown
Merging njet_monoZ_sys_puWeightDown
Merging measMET_monoZ_catSignal-0jet_sys_PDFUp
Merging MT_monoZ_catSignal-0jet_sys_PDFUp
Merging measMET_monoZ_catEM_sys_PDFUp
Merging MT_monoZ_catEM_sys_PDFUp
Merging measMET_monoZ_catSignal-1jet_sys_PDFUp
Merging MT_monoZ_catSignal-1jet_sys_PDFUp
Merging measMET_monoZ_cat3L_sys_PDFUp
Merging MT_monoZ_cat3L_sys_PDFUp
Merging measMET_monoZ_cat4L_sys_PDFUp
Merging MT_monoZ_cat4L_sys_PDFUp
Merging measMET_monoZ_catNRB_sys_PDFUp
Merging MT_monoZ_catNRB_sys_PDFUp
Merging measMET_monoZ_catTOP_sys_PDFUp
Merging MT_monoZ_catTOP_sys_PDFUp
Merging measMET_monoZ_catDY_sys_PDFUp
Merging MT_monoZ_catDY_sys_PDFUp
Merging balance_monoZ_sys_PDFUp
Merging phizmet_monoZ_sys_PDFUp
Merging njet_monoZ_sys_PDFUp
Merging measMET_monoZ_catSignal-0jet_sys_PDFDown
Merging MT_monoZ_catSignal-0jet_sys_PDFDown
Merging measMET_monoZ_catEM_sys_PDFDown
Merging MT_monoZ_catEM_sys_PDFDown
Merging measMET_monoZ_catSignal-1jet_sys_PDFDown
Merging MT_monoZ_catSignal-1jet_sys_PDFDown
Merging measMET_monoZ_cat3L_sys_PDFDown
Merging MT_monoZ_cat3L_sys_PDFDown
Merging measMET_monoZ_cat4L_sys_PDFDown
Merging MT_monoZ_cat4L_sys_PDFDown
Merging measMET_monoZ_catNRB_sys_PDFDown
Merging MT_monoZ_catNRB_sys_PDFDown
Merging measMET_monoZ_catTOP_sys_PDFDown
Merging MT_monoZ_catTOP_sys_PDFDown
Merging measMET_monoZ_catDY_sys_PDFDown
Merging MT_monoZ_catDY_sys_PDFDown
Merging balance_monoZ_sys_PDFDown
Merging phizmet_monoZ_sys_PDFDown
Merging njet_monoZ_sys_PDFDown
Merging measMET_monoZ_catSignal-0jet_sys_MuonSFUp
Merging MT_monoZ_catSignal-0jet_sys_MuonSFUp
Merging measMET_monoZ_catEM_sys_MuonSFUp
Merging MT_monoZ_catEM_sys_MuonSFUp
Merging measMET_monoZ_catSignal-1jet_sys_MuonSFUp
Merging MT_monoZ_catSignal-1jet_sys_MuonSFUp
Merging measMET_monoZ_cat3L_sys_MuonSFUp
Merging MT_monoZ_cat3L_sys_MuonSFUp
Merging measMET_monoZ_cat4L_sys_MuonSFUp
Merging MT_monoZ_cat4L_sys_MuonSFUp
Merging measMET_monoZ_catNRB_sys_MuonSFUp
Merging MT_monoZ_catNRB_sys_MuonSFUp
Merging measMET_monoZ_catTOP_sys_MuonSFUp
Merging MT_monoZ_catTOP_sys_MuonSFUp
Merging measMET_monoZ_catDY_sys_MuonSFUp
Merging MT_monoZ_catDY_sys_MuonSFUp
Merging balance_monoZ_sys_MuonSFUp
Merging phizmet_monoZ_sys_MuonSFUp
Merging njet_monoZ_sys_MuonSFUp
Merging measMET_monoZ_catSignal-0jet_sys_MuonSFDown
Merging MT_monoZ_catSignal-0jet_sys_MuonSFDown
Merging measMET_monoZ_catEM_sys_MuonSFDown
Merging MT_monoZ_catEM_sys_MuonSFDown
Merging measMET_monoZ_catSignal-1jet_sys_MuonSFDown
Merging MT_monoZ_catSignal-1jet_sys_MuonSFDown
Merging measMET_monoZ_cat3L_sys_MuonSFDown
Merging MT_monoZ_cat3L_sys_MuonSFDown
Merging measMET_monoZ_cat4L_sys_MuonSFDown
Merging MT_monoZ_cat4L_sys_MuonSFDown
Merging measMET_monoZ_catNRB_sys_MuonSFDown
Merging MT_monoZ_catNRB_sys_MuonSFDown
Merging measMET_monoZ_catTOP_sys_MuonSFDown
Merging MT_monoZ_catTOP_sys_MuonSFDown
Merging measMET_monoZ_catDY_sys_MuonSFDown
Merging MT_monoZ_catDY_sys_MuonSFDown
Merging balance_monoZ_sys_MuonSFDown
Merging phizmet_monoZ_sys_MuonSFDown
Merging njet_monoZ_sys_MuonSFDown
Merging measMET_monoZ_catSignal-0jet_sys_ElecronSFUp
Merging MT_monoZ_catSignal-0jet_sys_ElecronSFUp
Merging measMET_monoZ_catEM_sys_ElecronSFUp
Merging MT_monoZ_catEM_sys_ElecronSFUp
Merging measMET_monoZ_catSignal-1jet_sys_ElecronSFUp
Merging MT_monoZ_catSignal-1jet_sys_ElecronSFUp
Merging measMET_monoZ_cat3L_sys_ElecronSFUp
Merging MT_monoZ_cat3L_sys_ElecronSFUp
Merging measMET_monoZ_cat4L_sys_ElecronSFUp
Merging MT_monoZ_cat4L_sys_ElecronSFUp
Merging measMET_monoZ_catNRB_sys_ElecronSFUp
Merging MT_monoZ_catNRB_sys_ElecronSFUp
Merging measMET_monoZ_catTOP_sys_ElecronSFUp
Merging MT_monoZ_catTOP_sys_ElecronSFUp
Merging measMET_monoZ_catDY_sys_ElecronSFUp
Merging MT_monoZ_catDY_sys_ElecronSFUp
Merging balance_monoZ_sys_ElecronSFUp
Merging phizmet_monoZ_sys_ElecronSFUp
Merging njet_monoZ_sys_ElecronSFUp
Merging measMET_monoZ_catSignal-0jet_sys_ElecronSFDown
Merging MT_monoZ_catSignal-0jet_sys_ElecronSFDown
Merging measMET_monoZ_catEM_sys_ElecronSFDown
Merging MT_monoZ_catEM_sys_ElecronSFDown
Merging measMET_monoZ_catSignal-1jet_sys_ElecronSFDown
Merging MT_monoZ_catSignal-1jet_sys_ElecronSFDown
Merging measMET_monoZ_cat3L_sys_ElecronSFDown
Merging MT_monoZ_cat3L_sys_ElecronSFDown
Merging measMET_monoZ_cat4L_sys_ElecronSFDown
Merging MT_monoZ_cat4L_sys_ElecronSFDown
Merging measMET_monoZ_catNRB_sys_ElecronSFDown
Merging MT_monoZ_catNRB_sys_ElecronSFDown
Merging measMET_monoZ_catTOP_sys_ElecronSFDown
Merging MT_monoZ_catTOP_sys_ElecronSFDown
Merging measMET_monoZ_catDY_sys_ElecronSFDown
Merging MT_monoZ_catDY_sys_ElecronSFDown
Merging balance_monoZ_sys_ElecronSFDown
Merging phizmet_monoZ_sys_ElecronSFDown
Merging njet_monoZ_sys_ElecronSFDown
Merging measMET_monoZ_catSignal-0jet_sys_EWKUp
Merging MT_monoZ_catSignal-0jet_sys_EWKUp
Merging measMET_monoZ_catEM_sys_EWKUp
Merging MT_monoZ_catEM_sys_EWKUp
Merging measMET_monoZ_catSignal-1jet_sys_EWKUp
Merging MT_monoZ_catSignal-1jet_sys_EWKUp
Merging measMET_monoZ_cat3L_sys_EWKUp
Merging MT_monoZ_cat3L_sys_EWKUp
Merging measMET_monoZ_cat4L_sys_EWKUp
Merging MT_monoZ_cat4L_sys_EWKUp
Merging measMET_monoZ_catNRB_sys_EWKUp
Merging MT_monoZ_catNRB_sys_EWKUp
Merging measMET_monoZ_catTOP_sys_EWKUp
Merging MT_monoZ_catTOP_sys_EWKUp
Merging measMET_monoZ_catDY_sys_EWKUp
Merging MT_monoZ_catDY_sys_EWKUp
Merging balance_monoZ_sys_EWKUp
Merging phizmet_monoZ_sys_EWKUp
Merging njet_monoZ_sys_EWKUp
Merging measMET_monoZ_catSignal-0jet_sys_EWKDown
Merging MT_monoZ_catSignal-0jet_sys_EWKDown
Merging measMET_monoZ_catEM_sys_EWKDown
Merging MT_monoZ_catEM_sys_EWKDown
Merging measMET_monoZ_catSignal-1jet_sys_EWKDown
Merging MT_monoZ_catSignal-1jet_sys_EWKDown
Merging measMET_monoZ_cat3L_sys_EWKDown
Merging MT_monoZ_cat3L_sys_EWKDown
Merging measMET_monoZ_cat4L_sys_EWKDown
Merging MT_monoZ_cat4L_sys_EWKDown
Merging measMET_monoZ_catNRB_sys_EWKDown
Merging MT_monoZ_catNRB_sys_EWKDown
Merging measMET_monoZ_catTOP_sys_EWKDown
Merging MT_monoZ_catTOP_sys_EWKDown
Merging measMET_monoZ_catDY_sys_EWKDown
Merging MT_monoZ_catDY_sys_EWKDown
Merging balance_monoZ_sys_EWKDown
Merging phizmet_monoZ_sys_EWKDown
Merging njet_monoZ_sys_EWKDown
Merging measMET_monoZ_catSignal-0jet_sys_nvtxWeightUp
Merging MT_monoZ_catSignal-0jet_sys_nvtxWeightUp
Merging measMET_monoZ_catEM_sys_nvtxWeightUp
Merging MT_monoZ_catEM_sys_nvtxWeightUp
Merging measMET_monoZ_catSignal-1jet_sys_nvtxWeightUp
Merging MT_monoZ_catSignal-1jet_sys_nvtxWeightUp
Merging measMET_monoZ_cat3L_sys_nvtxWeightUp
Merging MT_monoZ_cat3L_sys_nvtxWeightUp
Merging measMET_monoZ_cat4L_sys_nvtxWeightUp
Merging MT_monoZ_cat4L_sys_nvtxWeightUp
Merging measMET_monoZ_catNRB_sys_nvtxWeightUp
Merging MT_monoZ_catNRB_sys_nvtxWeightUp
Merging measMET_monoZ_catTOP_sys_nvtxWeightUp
Merging MT_monoZ_catTOP_sys_nvtxWeightUp
Merging measMET_monoZ_catDY_sys_nvtxWeightUp
Merging MT_monoZ_catDY_sys_nvtxWeightUp
Merging balance_monoZ_sys_nvtxWeightUp
Merging phizmet_monoZ_sys_nvtxWeightUp
Merging njet_monoZ_sys_nvtxWeightUp
Merging measMET_monoZ_catSignal-0jet_sys_nvtxWeightDown
Merging MT_monoZ_catSignal-0jet_sys_nvtxWeightDown
Merging measMET_monoZ_catEM_sys_nvtxWeightDown
Merging MT_monoZ_catEM_sys_nvtxWeightDown
Merging measMET_monoZ_catSignal-1jet_sys_nvtxWeightDown
Merging MT_monoZ_catSignal-1jet_sys_nvtxWeightDown
Merging measMET_monoZ_cat3L_sys_nvtxWeightDown
Merging MT_monoZ_cat3L_sys_nvtxWeightDown
Merging measMET_monoZ_cat4L_sys_nvtxWeightDown
Merging MT_monoZ_cat4L_sys_nvtxWeightDown
Merging measMET_monoZ_catNRB_sys_nvtxWeightDown
Merging MT_monoZ_catNRB_sys_nvtxWeightDown
Merging measMET_monoZ_catTOP_sys_nvtxWeightDown
Merging MT_monoZ_catTOP_sys_nvtxWeightDown
Merging measMET_monoZ_catDY_sys_nvtxWeightDown
Merging MT_monoZ_catDY_sys_nvtxWeightDown
Merging balance_monoZ_sys_nvtxWeightDown
Merging phizmet_monoZ_sys_nvtxWeightDown
Merging njet_monoZ_sys_nvtxWeightDown
Merging measMET_monoZ_catSignal-0jet_sys_TriggerSFWeightUp
Merging MT_monoZ_catSignal-0jet_sys_TriggerSFWeightUp
Merging measMET_monoZ_catEM_sys_TriggerSFWeightUp
Merging MT_monoZ_catEM_sys_TriggerSFWeightUp
Merging measMET_monoZ_catSignal-1jet_sys_TriggerSFWeightUp
Merging MT_monoZ_catSignal-1jet_sys_TriggerSFWeightUp
Merging measMET_monoZ_cat3L_sys_TriggerSFWeightUp
Merging MT_monoZ_cat3L_sys_TriggerSFWeightUp
Merging measMET_monoZ_cat4L_sys_TriggerSFWeightUp
Merging MT_monoZ_cat4L_sys_TriggerSFWeightUp
Merging measMET_monoZ_catNRB_sys_TriggerSFWeightUp
Merging MT_monoZ_catNRB_sys_TriggerSFWeightUp
Merging measMET_monoZ_catTOP_sys_TriggerSFWeightUp
Merging MT_monoZ_catTOP_sys_TriggerSFWeightUp
Merging measMET_monoZ_catDY_sys_TriggerSFWeightUp
Merging MT_monoZ_catDY_sys_TriggerSFWeightUp
Merging balance_monoZ_sys_TriggerSFWeightUp
Merging phizmet_monoZ_sys_TriggerSFWeightUp
Merging njet_monoZ_sys_TriggerSFWeightUp
Merging measMET_monoZ_catSignal-0jet_sys_TriggerSFWeightDown
Merging MT_monoZ_catSignal-0jet_sys_TriggerSFWeightDown
Merging measMET_monoZ_catEM_sys_TriggerSFWeightDown
Merging MT_monoZ_catEM_sys_TriggerSFWeightDown
Merging measMET_monoZ_catSignal-1jet_sys_TriggerSFWeightDown
Merging MT_monoZ_catSignal-1jet_sys_TriggerSFWeightDown
Merging measMET_monoZ_cat3L_sys_TriggerSFWeightDown
Merging MT_monoZ_cat3L_sys_TriggerSFWeightDown
Merging measMET_monoZ_cat4L_sys_TriggerSFWeightDown
Merging MT_monoZ_cat4L_sys_TriggerSFWeightDown
Merging measMET_monoZ_catNRB_sys_TriggerSFWeightDown
Merging MT_monoZ_catNRB_sys_TriggerSFWeightDown
Merging measMET_monoZ_catTOP_sys_TriggerSFWeightDown
Merging MT_monoZ_catTOP_sys_TriggerSFWeightDown
Merging measMET_monoZ_catDY_sys_TriggerSFWeightDown
Merging MT_monoZ_catDY_sys_TriggerSFWeightDown
Merging balance_monoZ_sys_TriggerSFWeightDown
Merging phizmet_monoZ_sys_TriggerSFWeightDown
Merging njet_monoZ_sys_TriggerSFWeightDown
Merging measMET_monoZ_catSignal-0jet_sys_btagEventWeightUp
Merging MT_monoZ_catSignal-0jet_sys_btagEventWeightUp
Merging measMET_monoZ_catEM_sys_btagEventWeightUp
Merging MT_monoZ_catEM_sys_btagEventWeightUp
Merging measMET_monoZ_catSignal-1jet_sys_btagEventWeightUp
Merging MT_monoZ_catSignal-1jet_sys_btagEventWeightUp
Merging measMET_monoZ_cat3L_sys_btagEventWeightUp
Merging MT_monoZ_cat3L_sys_btagEventWeightUp
Merging measMET_monoZ_cat4L_sys_btagEventWeightUp
Merging MT_monoZ_cat4L_sys_btagEventWeightUp
Merging measMET_monoZ_catNRB_sys_btagEventWeightUp
Merging MT_monoZ_catNRB_sys_btagEventWeightUp
Merging measMET_monoZ_catTOP_sys_btagEventWeightUp
Merging MT_monoZ_catTOP_sys_btagEventWeightUp
Merging measMET_monoZ_catDY_sys_btagEventWeightUp
Merging MT_monoZ_catDY_sys_btagEventWeightUp
Merging balance_monoZ_sys_btagEventWeightUp
Merging phizmet_monoZ_sys_btagEventWeightUp
Merging njet_monoZ_sys_btagEventWeightUp
Merging measMET_monoZ_catSignal-0jet_sys_btagEventWeightDown
Merging MT_monoZ_catSignal-0jet_sys_btagEventWeightDown
Merging measMET_monoZ_catEM_sys_btagEventWeightDown
Merging MT_monoZ_catEM_sys_btagEventWeightDown
Merging measMET_monoZ_catSignal-1jet_sys_btagEventWeightDown
Merging MT_monoZ_catSignal-1jet_sys_btagEventWeightDown
Merging measMET_monoZ_cat3L_sys_btagEventWeightDown
Merging MT_monoZ_cat3L_sys_btagEventWeightDown
Merging measMET_monoZ_cat4L_sys_btagEventWeightDown
Merging MT_monoZ_cat4L_sys_btagEventWeightDown
Merging measMET_monoZ_catNRB_sys_btagEventWeightDown
Merging MT_monoZ_catNRB_sys_btagEventWeightDown
Merging measMET_monoZ_catTOP_sys_btagEventWeightDown
Merging MT_monoZ_catTOP_sys_btagEventWeightDown
Merging measMET_monoZ_catDY_sys_btagEventWeightDown
Merging MT_monoZ_catDY_sys_btagEventWeightDown
Merging balance_monoZ_sys_btagEventWeightDown
Merging phizmet_monoZ_sys_btagEventWeightDown
Merging njet_monoZ_sys_btagEventWeightDown
Merging measMET_monoZ_catSignal-0jet_sys_QCDScale0wUp
Merging MT_monoZ_catSignal-0jet_sys_QCDScale0wUp
Merging measMET_monoZ_catEM_sys_QCDScale0wUp
Merging MT_monoZ_catEM_sys_QCDScale0wUp
Merging measMET_monoZ_catSignal-1jet_sys_QCDScale0wUp
Merging MT_monoZ_catSignal-1jet_sys_QCDScale0wUp
Merging measMET_monoZ_cat3L_sys_QCDScale0wUp
Merging MT_monoZ_cat3L_sys_QCDScale0wUp
Merging measMET_monoZ_cat4L_sys_QCDScale0wUp
Merging MT_monoZ_cat4L_sys_QCDScale0wUp
Merging measMET_monoZ_catNRB_sys_QCDScale0wUp
Merging MT_monoZ_catNRB_sys_QCDScale0wUp
Merging measMET_monoZ_catTOP_sys_QCDScale0wUp
Merging MT_monoZ_catTOP_sys_QCDScale0wUp
Merging measMET_monoZ_catDY_sys_QCDScale0wUp
Merging MT_monoZ_catDY_sys_QCDScale0wUp
Merging balance_monoZ_sys_QCDScale0wUp
Merging phizmet_monoZ_sys_QCDScale0wUp
Merging njet_monoZ_sys_QCDScale0wUp
Merging measMET_monoZ_catSignal-0jet_sys_QCDScale0wDown
Merging MT_monoZ_catSignal-0jet_sys_QCDScale0wDown
Merging measMET_monoZ_catEM_sys_QCDScale0wDown
Merging MT_monoZ_catEM_sys_QCDScale0wDown
Merging measMET_monoZ_catSignal-1jet_sys_QCDScale0wDown
Merging MT_monoZ_catSignal-1jet_sys_QCDScale0wDown
Merging measMET_monoZ_cat3L_sys_QCDScale0wDown
Merging MT_monoZ_cat3L_sys_QCDScale0wDown
Merging measMET_monoZ_cat4L_sys_QCDScale0wDown
Merging MT_monoZ_cat4L_sys_QCDScale0wDown
Merging measMET_monoZ_catNRB_sys_QCDScale0wDown
Merging MT_monoZ_catNRB_sys_QCDScale0wDown
Merging measMET_monoZ_catTOP_sys_QCDScale0wDown
Merging MT_monoZ_catTOP_sys_QCDScale0wDown
Merging measMET_monoZ_catDY_sys_QCDScale0wDown
Merging MT_monoZ_catDY_sys_QCDScale0wDown
Merging balance_monoZ_sys_QCDScale0wDown
Merging phizmet_monoZ_sys_QCDScale0wDown
Merging njet_monoZ_sys_QCDScale0wDown
Merging measMET_monoZ_catSignal-0jet_sys_QCDScale1wUp
Merging MT_monoZ_catSignal-0jet_sys_QCDScale1wUp
Merging measMET_monoZ_catEM_sys_QCDScale1wUp
Merging MT_monoZ_catEM_sys_QCDScale1wUp
Merging measMET_monoZ_catSignal-1jet_sys_QCDScale1wUp
Merging MT_monoZ_catSignal-1jet_sys_QCDScale1wUp
Merging measMET_monoZ_cat3L_sys_QCDScale1wUp
Merging MT_monoZ_cat3L_sys_QCDScale1wUp
Merging measMET_monoZ_cat4L_sys_QCDScale1wUp
Merging MT_monoZ_cat4L_sys_QCDScale1wUp
Merging measMET_monoZ_catNRB_sys_QCDScale1wUp
Merging MT_monoZ_catNRB_sys_QCDScale1wUp
Merging measMET_monoZ_catTOP_sys_QCDScale1wUp
Merging MT_monoZ_catTOP_sys_QCDScale1wUp
Merging measMET_monoZ_catDY_sys_QCDScale1wUp
Merging MT_monoZ_catDY_sys_QCDScale1wUp
Merging balance_monoZ_sys_QCDScale1wUp
Merging phizmet_monoZ_sys_QCDScale1wUp
Merging njet_monoZ_sys_QCDScale1wUp
Merging measMET_monoZ_catSignal-0jet_sys_QCDScale1wDown
Merging MT_monoZ_catSignal-0jet_sys_QCDScale1wDown
Merging measMET_monoZ_catEM_sys_QCDScale1wDown
Merging MT_monoZ_catEM_sys_QCDScale1wDown
Merging measMET_monoZ_catSignal-1jet_sys_QCDScale1wDown
Merging MT_monoZ_catSignal-1jet_sys_QCDScale1wDown
Merging measMET_monoZ_cat3L_sys_QCDScale1wDown
Merging MT_monoZ_cat3L_sys_QCDScale1wDown
Merging measMET_monoZ_cat4L_sys_QCDScale1wDown
Merging MT_monoZ_cat4L_sys_QCDScale1wDown
Merging measMET_monoZ_catNRB_sys_QCDScale1wDown
Merging MT_monoZ_catNRB_sys_QCDScale1wDown
Merging measMET_monoZ_catTOP_sys_QCDScale1wDown
Merging MT_monoZ_catTOP_sys_QCDScale1wDown
Merging measMET_monoZ_catDY_sys_QCDScale1wDown
Merging MT_monoZ_catDY_sys_QCDScale1wDown
Merging balance_monoZ_sys_QCDScale1wDown
Merging phizmet_monoZ_sys_QCDScale1wDown
Merging njet_monoZ_sys_QCDScale1wDown
Merging measMET_monoZ_catSignal-0jet_sys_QCDScale2wUp
Merging MT_monoZ_catSignal-0jet_sys_QCDScale2wUp
Merging measMET_monoZ_catEM_sys_QCDScale2wUp
Merging MT_monoZ_catEM_sys_QCDScale2wUp
Merging measMET_monoZ_catSignal-1jet_sys_QCDScale2wUp
Merging MT_monoZ_catSignal-1jet_sys_QCDScale2wUp
Merging measMET_monoZ_cat3L_sys_QCDScale2wUp
Merging MT_monoZ_cat3L_sys_QCDScale2wUp
Merging measMET_monoZ_cat4L_sys_QCDScale2wUp
Merging MT_monoZ_cat4L_sys_QCDScale2wUp
Merging measMET_monoZ_catNRB_sys_QCDScale2wUp
Merging MT_monoZ_catNRB_sys_QCDScale2wUp
Merging measMET_monoZ_catTOP_sys_QCDScale2wUp
Merging MT_monoZ_catTOP_sys_QCDScale2wUp
Merging measMET_monoZ_catDY_sys_QCDScale2wUp
Merging MT_monoZ_catDY_sys_QCDScale2wUp
Merging balance_monoZ_sys_QCDScale2wUp
Merging phizmet_monoZ_sys_QCDScale2wUp
Merging njet_monoZ_sys_QCDScale2wUp
Merging measMET_monoZ_catSignal-0jet_sys_QCDScale2wDown
Merging MT_monoZ_catSignal-0jet_sys_QCDScale2wDown
Merging measMET_monoZ_catEM_sys_QCDScale2wDown
Merging MT_monoZ_catEM_sys_QCDScale2wDown
Merging measMET_monoZ_catSignal-1jet_sys_QCDScale2wDown
Merging MT_monoZ_catSignal-1jet_sys_QCDScale2wDown
Merging measMET_monoZ_cat3L_sys_QCDScale2wDown
Merging MT_monoZ_cat3L_sys_QCDScale2wDown
Merging measMET_monoZ_cat4L_sys_QCDScale2wDown
Merging MT_monoZ_cat4L_sys_QCDScale2wDown
Merging measMET_monoZ_catNRB_sys_QCDScale2wDown
Merging MT_monoZ_catNRB_sys_QCDScale2wDown
Merging measMET_monoZ_catTOP_sys_QCDScale2wDown
Merging MT_monoZ_catTOP_sys_QCDScale2wDown
Merging measMET_monoZ_catDY_sys_QCDScale2wDown
Merging MT_monoZ_catDY_sys_QCDScale2wDown
Merging balance_monoZ_sys_QCDScale2wDown
Merging phizmet_monoZ_sys_QCDScale2wDown
Merging njet_monoZ_sys_QCDScale2wDown
Merging Events
Merging Runs
Merging ParameterSets
Merging LuminosityBlocks
Merging MetaData
Merging MT_ZZTo2L2Nu_TuneCP5_13TeV_powheg_pythia8_catSignal-0jet_sys_EWKUp
Merging measMET_ZZTo2L2Nu_TuneCP5_13TeV_powheg_pythia8_catNRB_sys_PDFUp
Merging measMET_ZZTo2L2Nu_TuneCP5_13TeV_powheg_pythia8_catEM_sys_ElecronSFUp
Merging measMET_ZZTo2L2Nu_TuneCP5_13TeV_powheg_pythia8_cat4L
Merging MT_ZZTo2L2Nu_TuneCP5_13TeV_powheg_pythia8_catSignal-0jet_sys_jesTotalUp
Merging balance_ZZTo2L2Nu_TuneCP5_13TeV_powheg_pythia8_sys_btagEventWeightDown
Merging MT_ZZTo2L2Nu_TuneCP5_13TeV_powheg_pythia8_catSignal-1jet_sys_QCDScale1wDown
Merging MT_ZZTo2L2Nu_TuneCP5_13TeV_powheg_pythia8_catSignal-0jet_sys_jesTotalDown
Merging measMET_ZZTo2L2Nu_TuneCP5_13TeV_powheg_pythia8_catTOP_sys_MuonEnUp
Merging measMET_ZZTo2L2Nu_TuneCP5_13TeV_powheg_pythia8_catNRB_sys_ElecronSFUp
Merging measMET_ZZTo2L2Nu_TuneCP5_13TeV_powheg_pythia8_catSignal-0jet_sys_MuonEnUp
Merging MT_ZZTo2L2Nu_TuneCP5_13TeV_powheg_pythia8_catEM_sys_ElecronSFDown
Merging njet_ZZTo2L2Nu_TuneCP5_13TeV_powheg_pythia8_sys_nvtxWeightDown
Merging phizmet_ZZTo2L2Nu_TuneCP5_13TeV_powheg_pythia8_sys_jesTotalUp
Merging measMET_ZZTo2L2Nu_TuneCP5_13TeV_powheg_pythia8_catSignal-0jet_sys_EWKDown
Merging measMET_ZZTo2L2Nu_TuneCP5_13TeV_powheg_pythia8_catDY_sys_EWKUp
Merging measMET_ZZTo2L2Nu_TuneCP5_13TeV_powheg_pythia8_cat3L_sys_MuonSFDown
Merging MT_ZZTo2L2Nu_TuneCP5_13TeV_powheg_pythia8_cat4L_sys_nvtxWeightDown
Merging MT_ZZTo2L2Nu_TuneCP5_13TeV_powheg_pythia8_catSignal-1jet_sys_btagEventWeightUp
Merging MT_ZZTo2L2Nu_TuneCP5_13TeV_powheg_pythia8_cat3L_sys_QCDScale2wUp
Merging measMET_ZZTo2L2Nu_TuneCP5_13TeV_powheg_pythia8_catEM_sys_QCDScale2wUp
Merging MT_ZZTo2L2Nu_TuneCP5_13TeV_powheg_pythia8_catDY_sys_TriggerSFWeightDown
Merging MT_ZZTo2L2Nu_TuneCP5_13TeV_powheg_pythia8_catSignal-0jet_sys_PrefireWeightUp
Merging measMET_ZZTo2L2Nu_TuneCP5_13TeV_powheg_pythia8_catEM_sys_QCDScale2wDown
Merging MT_ZZTo2L2Nu_TuneCP5_13TeV_powheg_pythia8_catSignal-1jet_sys_nvtxWeightDown
Merging MT_ZZTo2L2Nu_TuneCP5_13TeV_powheg_pythia8_catDY_sys_puWeightUp
Merging MT_ZZTo2L2Nu_TuneCP5_13TeV_powheg_pythia8_catDY_sys_QCDScale2wDown
Merging phizmet_ZZTo2L2Nu_TuneCP5_13TeV_powheg_pythia8_sys_EWKUp
Merging measMET_ZZTo2L2Nu_TuneCP5_13TeV_powheg_pythia8_catNRB_sys_nvtxWeightUp
Merging measMET_ZZTo2L2Nu_TuneCP5_13TeV_powheg_pythia8_catDY_sys_MuonSFDown
Merging njet_ZZTo2L2Nu_TuneCP5_13TeV_powheg_pythia8_sys_PrefireWeightDown
Merging MT_ZZTo2L2Nu_TuneCP5_13TeV_powheg_pythia8_cat3L_sys_EWKUp
Merging MT_ZZTo2L2Nu_TuneCP5_13TeV_powheg_pythia8_cat3L_sys_TriggerSFWeightUp
Merging measMET_ZZTo2L2Nu_TuneCP5_13TeV_powheg_pythia8_catNRB_sys_QCDScale0wUp
Merging measMET_ZZTo2L2Nu_TuneCP5_13TeV_powheg_pythia8_cat3L_sys_puWeightUp
Merging measMET_ZZTo2L2Nu_TuneCP5_13TeV_powheg_pythia8_catSignal-1jet_sys_puWeightUp
Merging njet_ZZTo2L2Nu_TuneCP5_13TeV_powheg_pythia8_sys_QCDScale0wDown
Merging measMET_ZZTo2L2Nu_TuneCP5_13TeV_powheg_pythia8_catEM_sys_EWKUp
Merging MT_ZZTo2L2Nu_TuneCP5_13TeV_powheg_pythia8_catDY_sys_ElectronEnDown
Merging measMET_ZZTo2L2Nu_TuneCP5_13TeV_powheg_pythia8_catEM_sys_QCDScale1wUp
Merging measMET_ZZTo2L2Nu_TuneCP5_13TeV_powheg_pythia8_catTOP_sys_ElectronEnUp
Merging MT_ZZTo2L2Nu_TuneCP5_13TeV_powheg_pythia8_catSignal-0jet
Merging measMET_ZZTo2L2Nu_TuneCP5_13TeV_powheg_pythia8_catSignal-0jet_sys_PrefireWeightUp
Merging MT_ZZTo2L2Nu_TuneCP5_13TeV_powheg_pythia8_catNRB_sys_PDFUp
Merging MT_ZZTo2L2Nu_TuneCP5_13TeV_powheg_pythia8_catTOP_sys_btagEventWeightDown
Merging measMET_ZZTo2L2Nu_TuneCP5_13TeV_powheg_pythia8_catNRB
Merging measMET_ZZTo2L2Nu_TuneCP5_13TeV_powheg_pythia8_cat3L_sys_QCDScale1wUp
Merging MT_ZZTo2L2Nu_TuneCP5_13TeV_powheg_pythia8_catTOP_sys_MuonEnDown
Merging measMET_ZZTo2L2Nu_TuneCP5_13TeV_powheg_pythia8_catTOP_sys_MuonEnDown
Merging measMET_ZZTo2L2Nu_TuneCP5_13TeV_powheg_pythia8_catEM_sys_PDFDown
Merging measMET_ZZTo2L2Nu_TuneCP5_13TeV_powheg_pythia8_catEM_sys_nvtxWeightUp
Merging measMET_ZZTo2L2Nu_TuneCP5_13TeV_powheg_pythia8_cat4L_sys_ElecronSFDown
Merging MT_ZZTo2L2Nu_TuneCP5_13TeV_powheg_pythia8_catSignal-1jet
Merging measMET_ZZTo2L2Nu_TuneCP5_13TeV_powheg_pythia8_catNRB_sys_nvtxWeightDown
Merging measMET_ZZTo2L2Nu_TuneCP5_13TeV_powheg_pythia8_cat4L_sys_TriggerSFWeightDown
Merging MT_ZZTo2L2Nu_TuneCP5_13TeV_powheg_pythia8_catSignal-1jet_sys_QCDScale0wUp
Merging MT_ZZTo2L2Nu_TuneCP5_13TeV_powheg_pythia8_cat3L_sys_btagEventWeightDown
Merging measMET_ZZTo2L2Nu_TuneCP5_13TeV_powheg_pythia8_catDY_sys_QCDScale0wDown
Merging measMET_ZZTo2L2Nu_TuneCP5_13TeV_powheg_pythia8_catDY_sys_PDFUp
Merging phizmet_ZZTo2L2Nu_TuneCP5_13TeV_powheg_pythia8_sys_EWKDown
Merging MT_ZZTo2L2Nu_TuneCP5_13TeV_powheg_pythia8_catTOP_sys_PrefireWeightUp
Merging MT_ZZTo2L2Nu_TuneCP5_13TeV_powheg_pythia8_cat3L_sys_QCDScale0wUp
Merging MT_ZZTo2L2Nu_TuneCP5_13TeV_powheg_pythia8_catSignal-1jet_sys_PDFUp
Merging measMET_ZZTo2L2Nu_TuneCP5_13TeV_powheg_pythia8_catTOP_sys_ElecronSFDown
Merging MT_ZZTo2L2Nu_TuneCP5_13TeV_powheg_pythia8_cat3L_sys_PrefireWeightUp
Merging MT_ZZTo2L2Nu_TuneCP5_13TeV_powheg_pythia8_catNRB_sys_puWeightUp
Merging MT_ZZTo2L2Nu_TuneCP5_13TeV_powheg_pythia8_catNRB_sys_PrefireWeightUp
Merging MT_ZZTo2L2Nu_TuneCP5_13TeV_powheg_pythia8_catNRB_sys_MuonSFDown
Merging measMET_ZZTo2L2Nu_TuneCP5_13TeV_powheg_pythia8_catNRB_sys_jesTotalUp
Merging measMET_ZZTo2L2Nu_TuneCP5_13TeV_powheg_pythia8_catEM_sys_jerUp
Merging measMET_ZZTo2L2Nu_TuneCP5_13TeV_powheg_pythia8_catDY_sys_puWeightUp
Merging measMET_ZZTo2L2Nu_TuneCP5_13TeV_powheg_pythia8_catEM_sys_EWKDown
Merging MT_ZZTo2L2Nu_TuneCP5_13TeV_powheg_pythia8_catEM_sys_MuonSFDown
Merging MT_ZZTo2L2Nu_TuneCP5_13TeV_powheg_pythia8_catEM_sys_EWKUp
Merging measMET_ZZTo2L2Nu_TuneCP5_13TeV_powheg_pythia8_catEM_sys_MuonSFDown
Merging measMET_ZZTo2L2Nu_TuneCP5_13TeV_powheg_pythia8_cat3L_sys_MuonEnUp
Merging balance_ZZTo2L2Nu_TuneCP5_13TeV_powheg_pythia8_sys_puWeightUp
Merging measMET_ZZTo2L2Nu_TuneCP5_13TeV_powheg_pythia8_catTOP_sys_ElecronSFUp
Merging MT_ZZTo2L2Nu_TuneCP5_13TeV_powheg_pythia8_catDY_sys_QCDScale2wUp
Merging measMET_ZZTo2L2Nu_TuneCP5_13TeV_powheg_pythia8_catDY_sys_jesTotalUp
Merging measMET_ZZTo2L2Nu_TuneCP5_13TeV_powheg_pythia8_cat4L_sys_jesTotalUp
Merging measMET_ZZTo2L2Nu_TuneCP5_13TeV_powheg_pythia8_catTOP_sys_puWeightUp
Merging balance_ZZTo2L2Nu_TuneCP5_13TeV_powheg_pythia8_sys_MuonSFDown
Merging MT_ZZTo2L2Nu_TuneCP5_13TeV_powheg_pythia8_cat4L_sys_PDFDown
Merging MT_ZZTo2L2Nu_TuneCP5_13TeV_powheg_pythia8_catEM_sys_jerUp
Merging measMET_ZZTo2L2Nu_TuneCP5_13TeV_powheg_pythia8_cat4L_sys_ElecronSFUp
Merging njet_ZZTo2L2Nu_TuneCP5_13TeV_powheg_pythia8_sys_MuonSFUp
Merging MT_ZZTo2L2Nu_TuneCP5_13TeV_powheg_pythia8_cat3L_sys_jesTotalUp
Merging measMET_ZZTo2L2Nu_TuneCP5_13TeV_powheg_pythia8_catNRB_sys_QCDScale1wUp
Merging MT_ZZTo2L2Nu_TuneCP5_13TeV_powheg_pythia8_catDY_sys_MuonSFDown
Merging measMET_ZZTo2L2Nu_TuneCP5_13TeV_powheg_pythia8_catSignal-0jet_sys_QCDScale1wUp
Merging njet_ZZTo2L2Nu_TuneCP5_13TeV_powheg_pythia8
Merging balance_ZZTo2L2Nu_TuneCP5_13TeV_powheg_pythia8_sys_nvtxWeightDown
Merging autoPU
Merging measMET_ZZTo2L2Nu_TuneCP5_13TeV_powheg_pythia8_catSignal-1jet_sys_PDFUp
Merging measMET_ZZTo2L2Nu_TuneCP5_13TeV_powheg_pythia8_catEM_sys_btagEventWeightDown
Merging MT_ZZTo2L2Nu_TuneCP5_13TeV_powheg_pythia8_catEM_sys_ElectronEnUp
Merging MT_ZZTo2L2Nu_TuneCP5_13TeV_powheg_pythia8_catDY_sys_jesTotalDown
Merging measMET_ZZTo2L2Nu_TuneCP5_13TeV_powheg_pythia8_cat4L_sys_QCDScale2wDown
Merging phizmet_ZZTo2L2Nu_TuneCP5_13TeV_powheg_pythia8_sys_ElecronSFDown
Merging MT_ZZTo2L2Nu_TuneCP5_13TeV_powheg_pythia8_catNRB_sys_ElectronEnUp
Merging MT_ZZTo2L2Nu_TuneCP5_13TeV_powheg_pythia8_cat4L_sys_ElectronEnUp
Merging njet_ZZTo2L2Nu_TuneCP5_13TeV_powheg_pythia8_sys_QCDScale2wDown
Merging measMET_ZZTo2L2Nu_TuneCP5_13TeV_powheg_pythia8_catSignal-0jet_sys_btagEventWeightUp
Merging MT_ZZTo2L2Nu_TuneCP5_13TeV_powheg_pythia8_cat3L_sys_btagEventWeightUp
Merging MT_ZZTo2L2Nu_TuneCP5_13TeV_powheg_pythia8_catNRB_sys_MuonSFUp
Merging MT_ZZTo2L2Nu_TuneCP5_13TeV_powheg_pythia8_catNRB_sys_jesTotalDown
Merging measMET_ZZTo2L2Nu_TuneCP5_13TeV_powheg_pythia8_cat4L_sys_nvtxWeightDown
Merging measMET_ZZTo2L2Nu_TuneCP5_13TeV_powheg_pythia8_cat3L_sys_PDFDown
Merging measMET_ZZTo2L2Nu_TuneCP5_13TeV_powheg_pythia8_catNRB_sys_btagEventWeightUp
Merging phizmet_ZZTo2L2Nu_TuneCP5_13TeV_powheg_pythia8_sys_puWeightUp
Merging MT_ZZTo2L2Nu_TuneCP5_13TeV_powheg_pythia8_catTOP_sys_TriggerSFWeightDown
Merging balance_ZZTo2L2Nu_TuneCP5_13TeV_powheg_pythia8_sys_PDFDown
Merging measMET_ZZTo2L2Nu_TuneCP5_13TeV_powheg_pythia8_catTOP_sys_PrefireWeightDown
Merging MT_ZZTo2L2Nu_TuneCP5_13TeV_powheg_pythia8_catNRB_sys_nvtxWeightUp
Merging measMET_ZZTo2L2Nu_TuneCP5_13TeV_powheg_pythia8_catTOP_sys_TriggerSFWeightDown
Merging MT_ZZTo2L2Nu_TuneCP5_13TeV_powheg_pythia8_catSignal-0jet_sys_QCDScale0wUp
Merging measMET_ZZTo2L2Nu_TuneCP5_13TeV_powheg_pythia8_catDY_sys_jesTotalDown
Merging MT_ZZTo2L2Nu_TuneCP5_13TeV_powheg_pythia8_catTOP_sys_nvtxWeightDown
Merging MT_ZZTo2L2Nu_TuneCP5_13TeV_powheg_pythia8_catEM_sys_QCDScale2wDown
Merging measMET_ZZTo2L2Nu_TuneCP5_13TeV_powheg_pythia8_catTOP_sys_nvtxWeightDown
Merging phizmet_ZZTo2L2Nu_TuneCP5_13TeV_powheg_pythia8_sys_MuonEnUp
Merging MT_ZZTo2L2Nu_TuneCP5_13TeV_powheg_pythia8_catDY_sys_PDFUp
Merging measMET_ZZTo2L2Nu_TuneCP5_13TeV_powheg_pythia8_catSignal-0jet_sys_TriggerSFWeightUp
Merging measMET_ZZTo2L2Nu_TuneCP5_13TeV_powheg_pythia8_catEM_sys_puWeightDown
Merging MT_ZZTo2L2Nu_TuneCP5_13TeV_powheg_pythia8_catTOP_sys_btagEventWeightUp
Merging njet_ZZTo2L2Nu_TuneCP5_13TeV_powheg_pythia8_sys_ElecronSFUp
Merging MT_ZZTo2L2Nu_TuneCP5_13TeV_powheg_pythia8_cat3L_sys_puWeightUp
Merging MT_ZZTo2L2Nu_TuneCP5_13TeV_powheg_pythia8_catSignal-0jet_sys_MuonSFUp
Merging measMET_ZZTo2L2Nu_TuneCP5_13TeV_powheg_pythia8_catTOP_sys_jerDown
Merging MT_ZZTo2L2Nu_TuneCP5_13TeV_powheg_pythia8_catDY_sys_QCDScale0wDown
Merging measMET_ZZTo2L2Nu_TuneCP5_13TeV_powheg_pythia8_catSignal-0jet_sys_TriggerSFWeightDown
Merging measMET_ZZTo2L2Nu_TuneCP5_13TeV_powheg_pythia8_catTOP_sys_nvtxWeightUp
Merging MT_ZZTo2L2Nu_TuneCP5_13TeV_powheg_pythia8_cat3L_sys_jerDown
Merging MT_ZZTo2L2Nu_TuneCP5_13TeV_powheg_pythia8_catNRB_sys_PDFDown
Merging MT_ZZTo2L2Nu_TuneCP5_13TeV_powheg_pythia8_cat4L_sys_EWKDown
Merging measMET_ZZTo2L2Nu_TuneCP5_13TeV_powheg_pythia8_cat4L_sys_jerUp
Merging phizmet_ZZTo2L2Nu_TuneCP5_13TeV_powheg_pythia8_sys_jerUp
Merging balance_ZZTo2L2Nu_TuneCP5_13TeV_powheg_pythia8_sys_EWKUp
Merging measMET_ZZTo2L2Nu_TuneCP5_13TeV_powheg_pythia8_catNRB_sys_MuonEnDown
Merging measMET_ZZTo2L2Nu_TuneCP5_13TeV_powheg_pythia8_cat4L_sys_btagEventWeightUp
Merging measMET_ZZTo2L2Nu_TuneCP5_13TeV_powheg_pythia8_catTOP_sys_PDFDown
Merging MT_ZZTo2L2Nu_TuneCP5_13TeV_powheg_pythia8_catNRB_sys_btagEventWeightDown
Merging balance_ZZTo2L2Nu_TuneCP5_13TeV_powheg_pythia8_sys_MuonSFUp
Merging measMET_ZZTo2L2Nu_TuneCP5_13TeV_powheg_pythia8_catSignal-1jet_sys_MuonEnUp
Merging measMET_ZZTo2L2Nu_TuneCP5_13TeV_powheg_pythia8_catDY_sys_ElectronEnDown
Merging measMET_ZZTo2L2Nu_TuneCP5_13TeV_powheg_pythia8_catSignal-0jet_sys_btagEventWeightDown
Merging balance_ZZTo2L2Nu_TuneCP5_13TeV_powheg_pythia8_sys_ElectronEnUp
Merging balance_ZZTo2L2Nu_TuneCP5_13TeV_powheg_pythia8_sys_btagEventWeightUp
Merging measMET_ZZTo2L2Nu_TuneCP5_13TeV_powheg_pythia8_catTOP_sys_EWKDown
Merging MT_ZZTo2L2Nu_TuneCP5_13TeV_powheg_pythia8_cat4L_sys_QCDScale2wDown
Merging measMET_ZZTo2L2Nu_TuneCP5_13TeV_powheg_pythia8_catEM_sys_ElectronEnUp
Merging phizmet_ZZTo2L2Nu_TuneCP5_13TeV_powheg_pythia8_sys_PDFDown
Merging measMET_ZZTo2L2Nu_TuneCP5_13TeV_powheg_pythia8_catDY_sys_nvtxWeightUp
Merging measMET_ZZTo2L2Nu_TuneCP5_13TeV_powheg_pythia8_cat3L_sys_puWeightDown
Merging measMET_ZZTo2L2Nu_TuneCP5_13TeV_powheg_pythia8_catDY_sys_btagEventWeightDown
Merging njet_ZZTo2L2Nu_TuneCP5_13TeV_powheg_pythia8_sys_nvtxWeightUp
Merging MT_ZZTo2L2Nu_TuneCP5_13TeV_powheg_pythia8_cat4L_sys_MuonEnUp
Merging MT_ZZTo2L2Nu_TuneCP5_13TeV_powheg_pythia8_cat4L_sys_btagEventWeightUp
Merging balance_ZZTo2L2Nu_TuneCP5_13TeV_powheg_pythia8_sys_QCDScale2wDown
Merging balance_ZZTo2L2Nu_TuneCP5_13TeV_powheg_pythia8_sys_PrefireWeightUp
Merging measMET_ZZTo2L2Nu_TuneCP5_13TeV_powheg_pythia8_catNRB_sys_TriggerSFWeightDown
Merging measMET_ZZTo2L2Nu_TuneCP5_13TeV_powheg_pythia8_cat3L_sys_btagEventWeightDown
Merging MT_ZZTo2L2Nu_TuneCP5_13TeV_powheg_pythia8_catNRB_sys_QCDScale1wDown
Merging measMET_ZZTo2L2Nu_TuneCP5_13TeV_powheg_pythia8_catNRB_sys_btagEventWeightDown
Merging measMET_ZZTo2L2Nu_TuneCP5_13TeV_powheg_pythia8_catNRB_sys_PrefireWeightUp
Merging MT_ZZTo2L2Nu_TuneCP5_13TeV_powheg_pythia8_catEM_sys_TriggerSFWeightDown
Merging measMET_ZZTo2L2Nu_TuneCP5_13TeV_powheg_pythia8_catSignal-1jet_sys_ElectronEnUp
Merging MT_ZZTo2L2Nu_TuneCP5_13TeV_powheg_pythia8_catSignal-0jet_sys_QCDScale2wDown
Merging measMET_ZZTo2L2Nu_TuneCP5_13TeV_powheg_pythia8_cat4L_sys_QCDScale0wUp
Merging measMET_ZZTo2L2Nu_TuneCP5_13TeV_powheg_pythia8_catTOP_sys_QCDScale1wDown
Merging balance_ZZTo2L2Nu_TuneCP5_13TeV_powheg_pythia8_sys_MuonEnDown
Merging phizmet_ZZTo2L2Nu_TuneCP5_13TeV_powheg_pythia8_sys_ElectronEnUp
Merging MT_ZZTo2L2Nu_TuneCP5_13TeV_powheg_pythia8_catNRB_sys_QCDScale2wDown
Merging measMET_ZZTo2L2Nu_TuneCP5_13TeV_powheg_pythia8_catSignal-1jet_sys_btagEventWeightDown
Merging measMET_ZZTo2L2Nu_TuneCP5_13TeV_powheg_pythia8_catSignal-0jet_sys_ElectronEnDown
Merging MT_ZZTo2L2Nu_TuneCP5_13TeV_powheg_pythia8_catSignal-0jet_sys_MuonSFDown
Merging measMET_ZZTo2L2Nu_TuneCP5_13TeV_powheg_pythia8_catSignal-0jet_sys_MuonSFUp
Merging measMET_ZZTo2L2Nu_TuneCP5_13TeV_powheg_pythia8_catDY_sys_PrefireWeightDown
Merging MT_ZZTo2L2Nu_TuneCP5_13TeV_powheg_pythia8_cat3L_sys_jesTotalDown
Merging MT_ZZTo2L2Nu_TuneCP5_13TeV_powheg_pythia8_catNRB_sys_EWKUp
Merging measMET_ZZTo2L2Nu_TuneCP5_13TeV_powheg_pythia8_cat4L_sys_puWeightUp
Merging measMET_ZZTo2L2Nu_TuneCP5_13TeV_powheg_pythia8_catDY_sys_btagEventWeightUp
Merging measMET_ZZTo2L2Nu_TuneCP5_13TeV_powheg_pythia8_catSignal-1jet_sys_ElecronSFUp
Merging measMET_ZZTo2L2Nu_TuneCP5_13TeV_powheg_pythia8_catSignal-0jet_sys_nvtxWeightDown
Merging MT_ZZTo2L2Nu_TuneCP5_13TeV_powheg_pythia8_catDY_sys_btagEventWeightDown
Merging measMET_ZZTo2L2Nu_TuneCP5_13TeV_powheg_pythia8_cat3L_sys_QCDScale2wUp
Merging measMET_ZZTo2L2Nu_TuneCP5_13TeV_powheg_pythia8_catEM_sys_nvtxWeightDown
Merging measMET_ZZTo2L2Nu_TuneCP5_13TeV_powheg_pythia8_cat4L_sys_QCDScale1wDown
Merging MT_ZZTo2L2Nu_TuneCP5_13TeV_powheg_pythia8_catSignal-1jet_sys_jerDown
Merging balance_ZZTo2L2Nu_TuneCP5_13TeV_powheg_pythia8_sys_ElecronSFUp
Merging measMET_ZZTo2L2Nu_TuneCP5_13TeV_powheg_pythia8_catDY_sys_EWKDown
Merging MT_ZZTo2L2Nu_TuneCP5_13TeV_powheg_pythia8_cat3L_sys_PDFDown
Merging MT_ZZTo2L2Nu_TuneCP5_13TeV_powheg_pythia8_catEM_sys_QCDScale2wUp
Merging MT_ZZTo2L2Nu_TuneCP5_13TeV_powheg_pythia8_catTOP_sys_nvtxWeightUp
Merging MT_ZZTo2L2Nu_TuneCP5_13TeV_powheg_pythia8_cat4L_sys_ElecronSFDown
Merging measMET_ZZTo2L2Nu_TuneCP5_13TeV_powheg_pythia8_catNRB_sys_ElectronEnDown
Merging measMET_ZZTo2L2Nu_TuneCP5_13TeV_powheg_pythia8_catDY_sys_jerUp
Merging MT_ZZTo2L2Nu_TuneCP5_13TeV_powheg_pythia8_catTOP_sys_QCDScale0wDown
Merging MT_ZZTo2L2Nu_TuneCP5_13TeV_powheg_pythia8_catNRB_sys_ElecronSFUp
Merging balance_ZZTo2L2Nu_TuneCP5_13TeV_powheg_pythia8_sys_ElectronEnDown
Merging phizmet_ZZTo2L2Nu_TuneCP5_13TeV_powheg_pythia8_sys_QCDScale1wUp
Merging MT_ZZTo2L2Nu_TuneCP5_13TeV_powheg_pythia8_catTOP
Merging measMET_ZZTo2L2Nu_TuneCP5_13TeV_powheg_pythia8_catTOP_sys_puWeightDown
Merging measMET_ZZTo2L2Nu_TuneCP5_13TeV_powheg_pythia8_catEM_sys_ElectronEnDown
Merging MT_ZZTo2L2Nu_TuneCP5_13TeV_powheg_pythia8_catSignal-0jet_sys_PDFUp
Merging MT_ZZTo2L2Nu_TuneCP5_13TeV_powheg_pythia8_catNRB_sys_TriggerSFWeightUp
Merging MT_ZZTo2L2Nu_TuneCP5_13TeV_powheg_pythia8_catSignal-0jet_sys_ElectronEnUp
Merging MT_ZZTo2L2Nu_TuneCP5_13TeV_powheg_pythia8_catSignal-1jet_sys_QCDScale2wUp
Merging measMET_ZZTo2L2Nu_TuneCP5_13TeV_powheg_pythia8_catNRB_sys_QCDScale2wDown
Merging njet_ZZTo2L2Nu_TuneCP5_13TeV_powheg_pythia8_sys_btagEventWeightUp
Merging phizmet_ZZTo2L2Nu_TuneCP5_13TeV_powheg_pythia8_sys_TriggerSFWeightDown
Merging measMET_ZZTo2L2Nu_TuneCP5_13TeV_powheg_pythia8_cat4L_sys_jesTotalDown
Merging measMET_ZZTo2L2Nu_TuneCP5_13TeV_powheg_pythia8_catDY_sys_ElecronSFUp
Merging MT_ZZTo2L2Nu_TuneCP5_13TeV_powheg_pythia8_cat4L_sys_QCDScale0wUp
Merging MT_ZZTo2L2Nu_TuneCP5_13TeV_powheg_pythia8_cat4L_sys_TriggerSFWeightUp
Merging MT_ZZTo2L2Nu_TuneCP5_13TeV_powheg_pythia8_catTOP_sys_jerDown
Merging MT_ZZTo2L2Nu_TuneCP5_13TeV_powheg_pythia8_catEM_sys_TriggerSFWeightUp
Merging MT_ZZTo2L2Nu_TuneCP5_13TeV_powheg_pythia8_catSignal-0jet_sys_btagEventWeightUp
Merging measMET_ZZTo2L2Nu_TuneCP5_13TeV_powheg_pythia8_catTOP_sys_MuonSFDown
Merging measMET_ZZTo2L2Nu_TuneCP5_13TeV_powheg_pythia8_catSignal-1jet_sys_MuonSFDown
Merging MT_ZZTo2L2Nu_TuneCP5_13TeV_powheg_pythia8_catEM_sys_jesTotalDown
Merging MT_ZZTo2L2Nu_TuneCP5_13TeV_powheg_pythia8_cat4L_sys_QCDScale1wDown
Merging MT_ZZTo2L2Nu_TuneCP5_13TeV_powheg_pythia8_catSignal-1jet_sys_puWeightUp
Merging MT_ZZTo2L2Nu_TuneCP5_13TeV_powheg_pythia8_catNRB_sys_jerDown
Merging phizmet_ZZTo2L2Nu_TuneCP5_13TeV_powheg_pythia8_sys_puWeightDown
Merging njet_ZZTo2L2Nu_TuneCP5_13TeV_powheg_pythia8_sys_ElectronEnDown
Merging measMET_ZZTo2L2Nu_TuneCP5_13TeV_powheg_pythia8_catSignal-1jet_sys_QCDScale0wUp
Merging measMET_ZZTo2L2Nu_TuneCP5_13TeV_powheg_pythia8_catTOP_sys_btagEventWeightDown
Merging measMET_ZZTo2L2Nu_TuneCP5_13TeV_powheg_pythia8_cat3L_sys_btagEventWeightUp
Merging measMET_ZZTo2L2Nu_TuneCP5_13TeV_powheg_pythia8_catSignal-0jet_sys_jesTotalDown
Merging measMET_ZZTo2L2Nu_TuneCP5_13TeV_powheg_pythia8_catSignal-0jet
Merging MT_ZZTo2L2Nu_TuneCP5_13TeV_powheg_pythia8_catTOP_sys_PDFDown
Merging MT_ZZTo2L2Nu_TuneCP5_13TeV_powheg_pythia8_catSignal-0jet_sys_TriggerSFWeightDown
Merging MT_ZZTo2L2Nu_TuneCP5_13TeV_powheg_pythia8_catEM_sys_QCDScale0wUp
Merging MT_ZZTo2L2Nu_TuneCP5_13TeV_powheg_pythia8_catTOP_sys_TriggerSFWeightUp
Merging measMET_ZZTo2L2Nu_TuneCP5_13TeV_powheg_pythia8_catSignal-1jet_sys_QCDScale0wDown
Merging MT_ZZTo2L2Nu_TuneCP5_13TeV_powheg_pythia8_catEM_sys_btagEventWeightDown
Merging MT_ZZTo2L2Nu_TuneCP5_13TeV_powheg_pythia8_catNRB_sys_QCDScale1wUp
Merging MT_ZZTo2L2Nu_TuneCP5_13TeV_powheg_pythia8_catSignal-1jet_sys_QCDScale2wDown
Merging measMET_ZZTo2L2Nu_TuneCP5_13TeV_powheg_pythia8_catSignal-1jet_sys_jerDown
Merging MT_ZZTo2L2Nu_TuneCP5_13TeV_powheg_pythia8_catSignal-1jet_sys_ElectronEnDown
Merging MT_ZZTo2L2Nu_TuneCP5_13TeV_powheg_pythia8_catTOP_sys_MuonSFDown
Merging MT_ZZTo2L2Nu_TuneCP5_13TeV_powheg_pythia8_catSignal-0jet_sys_PrefireWeightDown
Merging MT_ZZTo2L2Nu_TuneCP5_13TeV_powheg_pythia8_cat4L_sys_MuonSFDown
Merging MT_ZZTo2L2Nu_TuneCP5_13TeV_powheg_pythia8_catTOP_sys_QCDScale1wUp
Merging MT_ZZTo2L2Nu_TuneCP5_13TeV_powheg_pythia8_catSignal-0jet_sys_EWKDown
Merging MT_ZZTo2L2Nu_TuneCP5_13TeV_powheg_pythia8_cat3L_sys_nvtxWeightUp
Merging MT_ZZTo2L2Nu_TuneCP5_13TeV_powheg_pythia8_cat4L_sys_jerUp
Merging MT_ZZTo2L2Nu_TuneCP5_13TeV_powheg_pythia8_catTOP_sys_QCDScale2wDown
Merging measMET_ZZTo2L2Nu_TuneCP5_13TeV_powheg_pythia8_catSignal-0jet_sys_jerDown
Merging balance_ZZTo2L2Nu_TuneCP5_13TeV_powheg_pythia8_sys_nvtxWeightUp
Merging MT_ZZTo2L2Nu_TuneCP5_13TeV_powheg_pythia8_catEM_sys_MuonSFUp
Merging MT_ZZTo2L2Nu_TuneCP5_13TeV_powheg_pythia8_catNRB_sys_ElecronSFDown
Merging njet_ZZTo2L2Nu_TuneCP5_13TeV_powheg_pythia8_sys_EWKDown
Merging MT_ZZTo2L2Nu_TuneCP5_13TeV_powheg_pythia8_catSignal-1jet_sys_ElectronEnUp
Merging measMET_ZZTo2L2Nu_TuneCP5_13TeV_powheg_pythia8_cat4L_sys_EWKUp
Merging measMET_ZZTo2L2Nu_TuneCP5_13TeV_powheg_pythia8_catEM_sys_QCDScale0wDown
Merging MT_ZZTo2L2Nu_TuneCP5_13TeV_powheg_pythia8_cat3L_sys_QCDScale1wDown
Merging measMET_ZZTo2L2Nu_TuneCP5_13TeV_powheg_pythia8_catDY_sys_QCDScale0wUp
Merging MT_ZZTo2L2Nu_TuneCP5_13TeV_powheg_pythia8_catDY_sys_puWeightDown
Merging measMET_ZZTo2L2Nu_TuneCP5_13TeV_powheg_pythia8_cat4L_sys_btagEventWeightDown
Merging MT_ZZTo2L2Nu_TuneCP5_13TeV_powheg_pythia8_catTOP_sys_EWKDown
Merging MT_ZZTo2L2Nu_TuneCP5_13TeV_powheg_pythia8_catSignal-0jet_sys_nvtxWeightDown
Merging measMET_ZZTo2L2Nu_TuneCP5_13TeV_powheg_pythia8_cat3L_sys_MuonSFUp
Merging measMET_ZZTo2L2Nu_TuneCP5_13TeV_powheg_pythia8_catSignal-1jet_sys_jesTotalDown
Merging measMET_ZZTo2L2Nu_TuneCP5_13TeV_powheg_pythia8_catEM_sys_MuonSFUp
Merging MT_ZZTo2L2Nu_TuneCP5_13TeV_powheg_pythia8_catEM_sys_MuonEnUp
Merging MT_ZZTo2L2Nu_TuneCP5_13TeV_powheg_pythia8_catTOP_sys_puWeightUp
Merging balance_ZZTo2L2Nu_TuneCP5_13TeV_powheg_pythia8_sys_puWeightDown
Merging MT_ZZTo2L2Nu_TuneCP5_13TeV_powheg_pythia8_catDY_sys_ElecronSFUp
Merging MT_ZZTo2L2Nu_TuneCP5_13TeV_powheg_pythia8_catSignal-1jet_sys_PrefireWeightDown
Merging balance_ZZTo2L2Nu_TuneCP5_13TeV_powheg_pythia8_sys_PDFUp
Merging measMET_ZZTo2L2Nu_TuneCP5_13TeV_powheg_pythia8_catSignal-1jet_sys_ElecronSFDown
Merging measMET_ZZTo2L2Nu_TuneCP5_13TeV_powheg_pythia8_catSignal-0jet_sys_MuonEnDown
Merging phizmet_ZZTo2L2Nu_TuneCP5_13TeV_powheg_pythia8_sys_MuonEnDown
Merging measMET_ZZTo2L2Nu_TuneCP5_13TeV_powheg_pythia8_catNRB_sys_QCDScale2wUp
Merging measMET_ZZTo2L2Nu_TuneCP5_13TeV_powheg_pythia8_catEM_sys_PDFUp
Merging MT_ZZTo2L2Nu_TuneCP5_13TeV_powheg_pythia8_catDY_sys_jesTotalUp
Merging MT_ZZTo2L2Nu_TuneCP5_13TeV_powheg_pythia8_catTOP_sys_EWKUp
Merging balance_ZZTo2L2Nu_TuneCP5_13TeV_powheg_pythia8_sys_QCDScale0wDown
Merging MT_ZZTo2L2Nu_TuneCP5_13TeV_powheg_pythia8_catSignal-1jet_sys_nvtxWeightUp
Merging MT_ZZTo2L2Nu_TuneCP5_13TeV_powheg_pythia8_catTOP_sys_QCDScale1wDown
Merging measMET_ZZTo2L2Nu_TuneCP5_13TeV_powheg_pythia8_catDY_sys_jerDown
Merging phizmet_ZZTo2L2Nu_TuneCP5_13TeV_powheg_pythia8_sys_TriggerSFWeightUp
Merging balance_ZZTo2L2Nu_TuneCP5_13TeV_powheg_pythia8_sys_QCDScale1wUp
Merging MT_ZZTo2L2Nu_TuneCP5_13TeV_powheg_pythia8_catDY_sys_MuonEnUp
Merging MT_ZZTo2L2Nu_TuneCP5_13TeV_powheg_pythia8_catSignal-0jet_sys_nvtxWeightUp
Merging phizmet_ZZTo2L2Nu_TuneCP5_13TeV_powheg_pythia8_sys_btagEventWeightUp
Merging measMET_ZZTo2L2Nu_TuneCP5_13TeV_powheg_pythia8_catEM_sys_TriggerSFWeightDown
Merging measMET_ZZTo2L2Nu_TuneCP5_13TeV_powheg_pythia8_catSignal-0jet_sys_PDFDown
Merging measMET_ZZTo2L2Nu_TuneCP5_13TeV_powheg_pythia8_cat3L_sys_TriggerSFWeightUp
Merging measMET_ZZTo2L2Nu_TuneCP5_13TeV_powheg_pythia8_catSignal-1jet_sys_TriggerSFWeightDown
Merging MT_ZZTo2L2Nu_TuneCP5_13TeV_powheg_pythia8_catSignal-1jet_sys_jesTotalDown
Merging measMET_ZZTo2L2Nu_TuneCP5_13TeV_powheg_pythia8_catSignal-1jet_sys_PrefireWeightUp
Merging measMET_ZZTo2L2Nu_TuneCP5_13TeV_powheg_pythia8_catDY_sys_MuonSFUp
Merging measMET_ZZTo2L2Nu_TuneCP5_13TeV_powheg_pythia8_catNRB_sys_ElecronSFDown
Merging measMET_ZZTo2L2Nu_TuneCP5_13TeV_powheg_pythia8_cat4L_sys_PrefireWeightDown
Merging measMET_ZZTo2L2Nu_TuneCP5_13TeV_powheg_pythia8_catSignal-1jet_sys_PDFDown
Merging measMET_ZZTo2L2Nu_TuneCP5_13TeV_powheg_pythia8_catNRB_sys_PrefireWeightDown
Merging measMET_ZZTo2L2Nu_TuneCP5_13TeV_powheg_pythia8_catSignal-0jet_sys_ElectronEnUp
Merging measMET_ZZTo2L2Nu_TuneCP5_13TeV_powheg_pythia8_cat3L_sys_nvtxWeightUp
Merging MT_ZZTo2L2Nu_TuneCP5_13TeV_powheg_pythia8_catNRB_sys_MuonEnDown
Merging MT_ZZTo2L2Nu_TuneCP5_13TeV_powheg_pythia8_cat4L_sys_PDFUp
Merging measMET_ZZTo2L2Nu_TuneCP5_13TeV_powheg_pythia8_cat4L_sys_nvtxWeightUp
Merging measMET_ZZTo2L2Nu_TuneCP5_13TeV_powheg_pythia8_cat4L_sys_TriggerSFWeightUp
Merging MT_ZZTo2L2Nu_TuneCP5_13TeV_powheg_pythia8_cat4L_sys_QCDScale2wUp
Merging measMET_ZZTo2L2Nu_TuneCP5_13TeV_powheg_pythia8_cat3L_sys_ElecronSFUp
Merging measMET_ZZTo2L2Nu_TuneCP5_13TeV_powheg_pythia8_catSignal-1jet_sys_PrefireWeightDown
Merging measMET_ZZTo2L2Nu_TuneCP5_13TeV_powheg_pythia8_catNRB_sys_TriggerSFWeightUp
Merging MT_ZZTo2L2Nu_TuneCP5_13TeV_powheg_pythia8_catEM_sys_puWeightUp
Merging measMET_ZZTo2L2Nu_TuneCP5_13TeV_powheg_pythia8_catTOP_sys_jesTotalDown
Merging measMET_ZZTo2L2Nu_TuneCP5_13TeV_powheg_pythia8_catSignal-1jet_sys_nvtxWeightUp
Merging njet_ZZTo2L2Nu_TuneCP5_13TeV_powheg_pythia8_sys_jerUp
Merging MT_ZZTo2L2Nu_TuneCP5_13TeV_powheg_pythia8_catTOP_sys_jesTotalDown
Merging njet_ZZTo2L2Nu_TuneCP5_13TeV_powheg_pythia8_sys_ElecronSFDown
Merging measMET_ZZTo2L2Nu_TuneCP5_13TeV_powheg_pythia8_catSignal-1jet_sys_QCDScale2wUp
Merging MT_ZZTo2L2Nu_TuneCP5_13TeV_powheg_pythia8_catDY_sys_PrefireWeightUp
Merging MT_ZZTo2L2Nu_TuneCP5_13TeV_powheg_pythia8_catDY_sys_nvtxWeightDown
Merging measMET_ZZTo2L2Nu_TuneCP5_13TeV_powheg_pythia8_cat3L_sys_TriggerSFWeightDown
Merging njet_ZZTo2L2Nu_TuneCP5_13TeV_powheg_pythia8_sys_QCDScale0wUp
Merging MT_ZZTo2L2Nu_TuneCP5_13TeV_powheg_pythia8_catDY_sys_ElecronSFDown
Merging measMET_ZZTo2L2Nu_TuneCP5_13TeV_powheg_pythia8_catSignal-1jet_sys_MuonSFUp
Merging MT_ZZTo2L2Nu_TuneCP5_13TeV_powheg_pythia8_cat3L_sys_puWeightDown
Merging balance_ZZTo2L2Nu_TuneCP5_13TeV_powheg_pythia8_sys_EWKDown
Merging phizmet_ZZTo2L2Nu_TuneCP5_13TeV_powheg_pythia8_sys_MuonSFUp
Merging MT_ZZTo2L2Nu_TuneCP5_13TeV_powheg_pythia8_catEM_sys_EWKDown
Merging measMET_ZZTo2L2Nu_TuneCP5_13TeV_powheg_pythia8_cat4L_sys_MuonEnDown
Merging MT_ZZTo2L2Nu_TuneCP5_13TeV_powheg_pythia8_catDY_sys_ElectronEnUp
Merging MT_ZZTo2L2Nu_TuneCP5_13TeV_powheg_pythia8_catSignal-0jet_sys_ElecronSFUp
Merging njet_ZZTo2L2Nu_TuneCP5_13TeV_powheg_pythia8_sys_MuonEnDown
Merging MT_ZZTo2L2Nu_TuneCP5_13TeV_powheg_pythia8_catTOP_sys_ElecronSFDown
Merging measMET_ZZTo2L2Nu_TuneCP5_13TeV_powheg_pythia8_catDY
Merging measMET_ZZTo2L2Nu_TuneCP5_13TeV_powheg_pythia8_catDY_sys_MuonEnDown
Merging measMET_ZZTo2L2Nu_TuneCP5_13TeV_powheg_pythia8_catEM_sys_jesTotalUp
Merging measMET_ZZTo2L2Nu_TuneCP5_13TeV_powheg_pythia8_catTOP
Merging measMET_ZZTo2L2Nu_TuneCP5_13TeV_powheg_pythia8_cat3L_sys_QCDScale0wUp
Merging MT_ZZTo2L2Nu_TuneCP5_13TeV_powheg_pythia8_cat4L_sys_QCDScale0wDown
Merging measMET_ZZTo2L2Nu_TuneCP5_13TeV_powheg_pythia8_catDY_sys_MuonEnUp
Merging measMET_ZZTo2L2Nu_TuneCP5_13TeV_powheg_pythia8_catDY_sys_PrefireWeightUp
Merging njet_ZZTo2L2Nu_TuneCP5_13TeV_powheg_pythia8_sys_PrefireWeightUp
Merging MT_ZZTo2L2Nu_TuneCP5_13TeV_powheg_pythia8_cat3L_sys_MuonSFUp
Merging balance_ZZTo2L2Nu_TuneCP5_13TeV_powheg_pythia8_sys_ElecronSFDown
Merging MT_ZZTo2L2Nu_TuneCP5_13TeV_powheg_pythia8_catEM_sys_jerDown
Merging MT_ZZTo2L2Nu_TuneCP5_13TeV_powheg_pythia8_catTOP_sys_ElectronEnUp
Merging MT_ZZTo2L2Nu_TuneCP5_13TeV_powheg_pythia8_cat3L_sys_PDFUp
Merging MT_ZZTo2L2Nu_TuneCP5_13TeV_powheg_pythia8_catNRB_sys_btagEventWeightUp
Merging MT_ZZTo2L2Nu_TuneCP5_13TeV_powheg_pythia8_cat4L
Merging MT_ZZTo2L2Nu_TuneCP5_13TeV_powheg_pythia8_catSignal-0jet_sys_QCDScale2wUp
Merging MT_ZZTo2L2Nu_TuneCP5_13TeV_powheg_pythia8_catEM_sys_MuonEnDown
Merging MT_ZZTo2L2Nu_TuneCP5_13TeV_powheg_pythia8_cat4L_sys_jesTotalUp
Merging MT_ZZTo2L2Nu_TuneCP5_13TeV_powheg_pythia8_cat3L_sys_MuonEnDown
Merging MT_ZZTo2L2Nu_TuneCP5_13TeV_powheg_pythia8_catSignal-1jet_sys_TriggerSFWeightDown
Merging njet_ZZTo2L2Nu_TuneCP5_13TeV_powheg_pythia8_sys_puWeightUp
Merging measMET_ZZTo2L2Nu_TuneCP5_13TeV_powheg_pythia8_catEM_sys_QCDScale0wUp
Merging measMET_ZZTo2L2Nu_TuneCP5_13TeV_powheg_pythia8_catSignal-0jet_sys_jesTotalUp
Merging MT_ZZTo2L2Nu_TuneCP5_13TeV_powheg_pythia8_catNRB_sys_QCDScale2wUp
Merging MT_ZZTo2L2Nu_TuneCP5_13TeV_powheg_pythia8_catSignal-0jet_sys_TriggerSFWeightUp
Merging measMET_ZZTo2L2Nu_TuneCP5_13TeV_powheg_pythia8_catSignal-0jet_sys_puWeightUp
Merging balance_ZZTo2L2Nu_TuneCP5_13TeV_powheg_pythia8_sys_QCDScale0wUp
Merging MT_ZZTo2L2Nu_TuneCP5_13TeV_powheg_pythia8_catSignal-0jet_sys_PDFDown
Merging MT_ZZTo2L2Nu_TuneCP5_13TeV_powheg_pythia8_catSignal-0jet_sys_ElecronSFDown
Merging MT_ZZTo2L2Nu_TuneCP5_13TeV_powheg_pythia8_cat3L_sys_ElecronSFDown
Merging measMET_ZZTo2L2Nu_TuneCP5_13TeV_powheg_pythia8_catSignal-1jet_sys_ElectronEnDown
Merging MT_ZZTo2L2Nu_TuneCP5_13TeV_powheg_pythia8_catNRB_sys_nvtxWeightDown
Merging MT_ZZTo2L2Nu_TuneCP5_13TeV_powheg_pythia8_catEM_sys_btagEventWeightUp
Merging measMET_ZZTo2L2Nu_TuneCP5_13TeV_powheg_pythia8_cat3L_sys_QCDScale1wDown
Merging measMET_ZZTo2L2Nu_TuneCP5_13TeV_powheg_pythia8_catNRB_sys_MuonSFUp
Merging MT_ZZTo2L2Nu_TuneCP5_13TeV_powheg_pythia8_catEM_sys_puWeightDown
Merging measMET_ZZTo2L2Nu_TuneCP5_13TeV_powheg_pythia8_catSignal-1jet_sys_QCDScale2wDown
Merging MT_ZZTo2L2Nu_TuneCP5_13TeV_powheg_pythia8_cat4L_sys_jerDown
Merging measMET_ZZTo2L2Nu_TuneCP5_13TeV_powheg_pythia8_catNRB_sys_jesTotalDown
Merging measMET_ZZTo2L2Nu_TuneCP5_13TeV_powheg_pythia8_catNRB_sys_ElectronEnUp
Merging measMET_ZZTo2L2Nu_TuneCP5_13TeV_powheg_pythia8_catSignal-1jet_sys_TriggerSFWeightUp
Merging measMET_ZZTo2L2Nu_TuneCP5_13TeV_powheg_pythia8_cat3L_sys_QCDScale2wDown
Merging measMET_ZZTo2L2Nu_TuneCP5_13TeV_powheg_pythia8_catSignal-1jet_sys_nvtxWeightDown
Merging measMET_ZZTo2L2Nu_TuneCP5_13TeV_powheg_pythia8_catEM_sys_btagEventWeightUp
Merging MT_ZZTo2L2Nu_TuneCP5_13TeV_powheg_pythia8_cat3L_sys_TriggerSFWeightDown
Merging MT_ZZTo2L2Nu_TuneCP5_13TeV_powheg_pythia8_catSignal-1jet_sys_PrefireWeightUp
Merging MT_ZZTo2L2Nu_TuneCP5_13TeV_powheg_pythia8_cat4L_sys_btagEventWeightDown
Merging measMET_ZZTo2L2Nu_TuneCP5_13TeV_powheg_pythia8_cat3L_sys_nvtxWeightDown
Merging measMET_ZZTo2L2Nu_TuneCP5_13TeV_powheg_pythia8_catDY_sys_puWeightDown
Merging phizmet_ZZTo2L2Nu_TuneCP5_13TeV_powheg_pythia8_sys_MuonSFDown
Merging measMET_ZZTo2L2Nu_TuneCP5_13TeV_powheg_pythia8_cat4L_sys_puWeightDown
Merging phizmet_ZZTo2L2Nu_TuneCP5_13TeV_powheg_pythia8_sys_PrefireWeightUp
Merging MT_ZZTo2L2Nu_TuneCP5_13TeV_powheg_pythia8_catDY_sys_PDFDown
Merging measMET_ZZTo2L2Nu_TuneCP5_13TeV_powheg_pythia8_cat4L_sys_MuonEnUp
Merging MT_ZZTo2L2Nu_TuneCP5_13TeV_powheg_pythia8_catNRB_sys_TriggerSFWeightDown
Merging measMET_ZZTo2L2Nu_TuneCP5_13TeV_powheg_pythia8_catNRB_sys_QCDScale0wDown
Merging MT_ZZTo2L2Nu_TuneCP5_13TeV_powheg_pythia8_catDY_sys_QCDScale1wUp
Merging measMET_ZZTo2L2Nu_TuneCP5_13TeV_powheg_pythia8_cat3L_sys_EWKDown
Merging measMET_ZZTo2L2Nu_TuneCP5_13TeV_powheg_pythia8_catEM_sys_puWeightUp
Merging MT_ZZTo2L2Nu_TuneCP5_13TeV_powheg_pythia8_catSignal-0jet_sys_QCDScale1wUp
Merging MT_ZZTo2L2Nu_TuneCP5_13TeV_powheg_pythia8_catTOP_sys_PDFUp
Merging MT_ZZTo2L2Nu_TuneCP5_13TeV_powheg_pythia8_catSignal-1jet_sys_QCDScale0wDown
Merging MT_ZZTo2L2Nu_TuneCP5_13TeV_powheg_pythia8_catSignal-1jet_sys_ElecronSFDown
Merging phizmet_ZZTo2L2Nu_TuneCP5_13TeV_powheg_pythia8_sys_QCDScale0wDown
Merging MT_ZZTo2L2Nu_TuneCP5_13TeV_powheg_pythia8_catEM_sys_nvtxWeightUp
Merging measMET_ZZTo2L2Nu_TuneCP5_13TeV_powheg_pythia8_cat3L_sys_MuonEnDown
Merging balance_ZZTo2L2Nu_TuneCP5_13TeV_powheg_pythia8_sys_QCDScale2wUp
Merging phizmet_ZZTo2L2Nu_TuneCP5_13TeV_powheg_pythia8_sys_nvtxWeightUp
Merging njet_ZZTo2L2Nu_TuneCP5_13TeV_powheg_pythia8_sys_puWeightDown
Merging measMET_ZZTo2L2Nu_TuneCP5_13TeV_powheg_pythia8_catSignal-0jet_sys_PrefireWeightDown
Merging measMET_ZZTo2L2Nu_TuneCP5_13TeV_powheg_pythia8_cat3L_sys_ElectronEnDown
Merging MT_ZZTo2L2Nu_TuneCP5_13TeV_powheg_pythia8_cat4L_sys_PrefireWeightDown
Merging measMET_ZZTo2L2Nu_TuneCP5_13TeV_powheg_pythia8_catTOP_sys_QCDScale0wUp
Merging MT_ZZTo2L2Nu_TuneCP5_13TeV_powheg_pythia8_catSignal-1jet_sys_PDFDown
Merging MT_ZZTo2L2Nu_TuneCP5_13TeV_powheg_pythia8_cat4L_sys_MuonEnDown
Merging measMET_ZZTo2L2Nu_TuneCP5_13TeV_powheg_pythia8_cat3L
Merging MT_ZZTo2L2Nu_TuneCP5_13TeV_powheg_pythia8_catSignal-1jet_sys_MuonEnUp
Merging measMET_ZZTo2L2Nu_TuneCP5_13TeV_powheg_pythia8_catDY_sys_PDFDown
Merging MT_ZZTo2L2Nu_TuneCP5_13TeV_powheg_pythia8_catSignal-0jet_sys_btagEventWeightDown
Merging MT_ZZTo2L2Nu_TuneCP5_13TeV_powheg_pythia8_catSignal-0jet_sys_jerDown
Merging njet_ZZTo2L2Nu_TuneCP5_13TeV_powheg_pythia8_sys_PDFDown
Merging measMET_ZZTo2L2Nu_TuneCP5_13TeV_powheg_pythia8_catSignal-1jet_sys_jesTotalUp
Merging measMET_ZZTo2L2Nu_TuneCP5_13TeV_powheg_pythia8_catTOP_sys_QCDScale1wUp
Merging untagged
Merging MT_ZZTo2L2Nu_TuneCP5_13TeV_powheg_pythia8_catDY_sys_MuonSFUp
Merging MT_ZZTo2L2Nu_TuneCP5_13TeV_powheg_pythia8_catSignal-0jet_sys_MuonEnDown
Merging MT_ZZTo2L2Nu_TuneCP5_13TeV_powheg_pythia8_catDY_sys_jerUp
Merging measMET_ZZTo2L2Nu_TuneCP5_13TeV_powheg_pythia8_cat3L_sys_jerDown
Merging MT_ZZTo2L2Nu_TuneCP5_13TeV_powheg_pythia8_catDY_sys_TriggerSFWeightUp
Merging measMET_ZZTo2L2Nu_TuneCP5_13TeV_powheg_pythia8_catSignal-1jet_sys_jerUp
Merging MT_ZZTo2L2Nu_TuneCP5_13TeV_powheg_pythia8_cat4L_sys_jesTotalDown
Merging MT_ZZTo2L2Nu_TuneCP5_13TeV_powheg_pythia8_cat3L_sys_nvtxWeightDown
Merging measMET_ZZTo2L2Nu_TuneCP5_13TeV_powheg_pythia8_catSignal-0jet_sys_QCDScale2wUp
Merging MT_ZZTo2L2Nu_TuneCP5_13TeV_powheg_pythia8_catDY_sys_btagEventWeightUp
Merging MT_ZZTo2L2Nu_TuneCP5_13TeV_powheg_pythia8_catEM_sys_PDFUp
Merging MT_ZZTo2L2Nu_TuneCP5_13TeV_powheg_pythia8_catDY_sys_QCDScale1wDown
Merging measMET_ZZTo2L2Nu_TuneCP5_13TeV_powheg_pythia8_cat3L_sys_ElecronSFDown
Merging phizmet_ZZTo2L2Nu_TuneCP5_13TeV_powheg_pythia8_sys_PDFUp
Merging measMET_ZZTo2L2Nu_TuneCP5_13TeV_powheg_pythia8_catNRB_sys_jerDown
Merging phizmet_ZZTo2L2Nu_TuneCP5_13TeV_powheg_pythia8
Merging measMET_ZZTo2L2Nu_TuneCP5_13TeV_powheg_pythia8_catTOP_sys_MuonSFUp
Merging measMET_ZZTo2L2Nu_TuneCP5_13TeV_powheg_pythia8_catTOP_sys_EWKUp
Merging MT_ZZTo2L2Nu_TuneCP5_13TeV_powheg_pythia8_catEM_sys_nvtxWeightDown
Merging measMET_ZZTo2L2Nu_TuneCP5_13TeV_powheg_pythia8_catSignal-0jet_sys_QCDScale0wUp
Merging measMET_ZZTo2L2Nu_TuneCP5_13TeV_powheg_pythia8_cat3L_sys_EWKUp
Merging MT_ZZTo2L2Nu_TuneCP5_13TeV_powheg_pythia8_catDY_sys_jerDown
Merging njet_ZZTo2L2Nu_TuneCP5_13TeV_powheg_pythia8_sys_PDFUp
Merging MT_ZZTo2L2Nu_TuneCP5_13TeV_powheg_pythia8_catEM_sys_QCDScale0wDown
Merging measMET_ZZTo2L2Nu_TuneCP5_13TeV_powheg_pythia8_catNRB_sys_EWKDown
Merging measMET_ZZTo2L2Nu_TuneCP5_13TeV_powheg_pythia8_catSignal-1jet_sys_MuonEnDown
Merging measMET_ZZTo2L2Nu_TuneCP5_13TeV_powheg_pythia8_cat3L_sys_jesTotalUp
Merging measMET_ZZTo2L2Nu_TuneCP5_13TeV_powheg_pythia8_cat4L_sys_ElectronEnUp
Merging MT_ZZTo2L2Nu_TuneCP5_13TeV_powheg_pythia8_catNRB_sys_puWeightDown
Merging measMET_ZZTo2L2Nu_TuneCP5_13TeV_powheg_pythia8_catDY_sys_QCDScale2wUp
Merging measMET_ZZTo2L2Nu_TuneCP5_13TeV_powheg_pythia8_catDY_sys_ElectronEnUp
Merging MT_ZZTo2L2Nu_TuneCP5_13TeV_powheg_pythia8_catEM
Merging MT_ZZTo2L2Nu_TuneCP5_13TeV_powheg_pythia8_catSignal-0jet_sys_QCDScale1wDown
Merging balance_ZZTo2L2Nu_TuneCP5_13TeV_powheg_pythia8_sys_TriggerSFWeightUp
Merging measMET_ZZTo2L2Nu_TuneCP5_13TeV_powheg_pythia8_cat4L_sys_PDFDown
Merging MT_ZZTo2L2Nu_TuneCP5_13TeV_powheg_pythia8_catNRB_sys_EWKDown
Merging MT_ZZTo2L2Nu_TuneCP5_13TeV_powheg_pythia8_catEM_sys_ElecronSFUp
Merging measMET_ZZTo2L2Nu_TuneCP5_13TeV_powheg_pythia8_cat4L_sys_ElectronEnDown
Merging MT_ZZTo2L2Nu_TuneCP5_13TeV_powheg_pythia8_catTOP_sys_jesTotalUp
Merging MT_ZZTo2L2Nu_TuneCP5_13TeV_powheg_pythia8_catSignal-1jet_sys_puWeightDown
Merging MT_ZZTo2L2Nu_TuneCP5_13TeV_powheg_pythia8_catSignal-0jet_sys_jerUp
Merging measMET_ZZTo2L2Nu_TuneCP5_13TeV_powheg_pythia8_catNRB_sys_puWeightDown
Merging measMET_ZZTo2L2Nu_TuneCP5_13TeV_powheg_pythia8_catNRB_sys_MuonEnUp
Merging MT_ZZTo2L2Nu_TuneCP5_13TeV_powheg_pythia8_cat3L_sys_QCDScale1wUp
Merging measMET_ZZTo2L2Nu_TuneCP5_13TeV_powheg_pythia8_catEM
Merging MT_ZZTo2L2Nu_TuneCP5_13TeV_powheg_pythia8_catSignal-0jet_sys_QCDScale0wDown
Merging phizmet_ZZTo2L2Nu_TuneCP5_13TeV_powheg_pythia8_sys_nvtxWeightDown
Merging MT_ZZTo2L2Nu_TuneCP5_13TeV_powheg_pythia8_catEM_sys_QCDScale1wUp
Merging measMET_ZZTo2L2Nu_TuneCP5_13TeV_powheg_pythia8_catSignal-1jet_sys_EWKUp
Merging measMET_ZZTo2L2Nu_TuneCP5_13TeV_powheg_pythia8_catSignal-0jet_sys_nvtxWeightUp
Merging MT_ZZTo2L2Nu_TuneCP5_13TeV_powheg_pythia8_catSignal-1jet_sys_btagEventWeightDown
Merging balance_ZZTo2L2Nu_TuneCP5_13TeV_powheg_pythia8_sys_QCDScale1wDown
Merging MT_ZZTo2L2Nu_TuneCP5_13TeV_powheg_pythia8_catEM_sys_PDFDown
Merging measMET_ZZTo2L2Nu_TuneCP5_13TeV_powheg_pythia8_catTOP_sys_QCDScale2wDown
Merging MT_ZZTo2L2Nu_TuneCP5_13TeV_powheg_pythia8_cat3L_sys_ElectronEnUp
Merging measMET_ZZTo2L2Nu_TuneCP5_13TeV_powheg_pythia8_catSignal-0jet_sys_QCDScale0wDown
Merging measMET_ZZTo2L2Nu_TuneCP5_13TeV_powheg_pythia8_cat4L_sys_PrefireWeightUp
Merging measMET_ZZTo2L2Nu_TuneCP5_13TeV_powheg_pythia8_cat3L_sys_PrefireWeightDown
Merging MT_ZZTo2L2Nu_TuneCP5_13TeV_powheg_pythia8_catSignal-1jet_sys_jesTotalUp
Merging MT_ZZTo2L2Nu_TuneCP5_13TeV_powheg_pythia8_catNRB_sys_PrefireWeightDown
Merging MT_ZZTo2L2Nu_TuneCP5_13TeV_powheg_pythia8_catDY_sys_nvtxWeightUp
Merging balance_ZZTo2L2Nu_TuneCP5_13TeV_powheg_pythia8_sys_jerDown
Merging MT_ZZTo2L2Nu_TuneCP5_13TeV_powheg_pythia8_catSignal-0jet_sys_puWeightDown
Merging phizmet_ZZTo2L2Nu_TuneCP5_13TeV_powheg_pythia8_sys_jesTotalDown
Merging MT_ZZTo2L2Nu_TuneCP5_13TeV_powheg_pythia8_catEM_sys_jesTotalUp
Merging balance_ZZTo2L2Nu_TuneCP5_13TeV_powheg_pythia8_sys_jesTotalDown
Merging MT_ZZTo2L2Nu_TuneCP5_13TeV_powheg_pythia8_catTOP_sys_puWeightDown
Merging MT_ZZTo2L2Nu_TuneCP5_13TeV_powheg_pythia8_cat3L
Merging MT_ZZTo2L2Nu_TuneCP5_13TeV_powheg_pythia8_catSignal-1jet_sys_jerUp
Merging measMET_ZZTo2L2Nu_TuneCP5_13TeV_powheg_pythia8_catNRB_sys_QCDScale1wDown
Merging measMET_ZZTo2L2Nu_TuneCP5_13TeV_powheg_pythia8_cat4L_sys_PDFUp
Merging phizmet_ZZTo2L2Nu_TuneCP5_13TeV_powheg_pythia8_sys_btagEventWeightDown
Merging MT_ZZTo2L2Nu_TuneCP5_13TeV_powheg_pythia8_catNRB
Merging phizmet_ZZTo2L2Nu_TuneCP5_13TeV_powheg_pythia8_sys_QCDScale1wDown
Merging phizmet_ZZTo2L2Nu_TuneCP5_13TeV_powheg_pythia8_sys_ElectronEnDown
Merging MT_ZZTo2L2Nu_TuneCP5_13TeV_powheg_pythia8_catNRB_sys_QCDScale0wDown
Merging MT_ZZTo2L2Nu_TuneCP5_13TeV_powheg_pythia8_catSignal-0jet_sys_ElectronEnDown
Merging MT_ZZTo2L2Nu_TuneCP5_13TeV_powheg_pythia8_catSignal-1jet_sys_ElecronSFUp
Merging MT_ZZTo2L2Nu_TuneCP5_13TeV_powheg_pythia8_catNRB_sys_MuonEnUp
Merging phizmet_ZZTo2L2Nu_TuneCP5_13TeV_powheg_pythia8_sys_QCDScale0wUp
Merging MT_ZZTo2L2Nu_TuneCP5_13TeV_powheg_pythia8_catNRB_sys_QCDScale0wUp
Merging measMET_ZZTo2L2Nu_TuneCP5_13TeV_powheg_pythia8_catDY_sys_QCDScale2wDown
Merging balance_ZZTo2L2Nu_TuneCP5_13TeV_powheg_pythia8_sys_jesTotalUp
Merging MT_ZZTo2L2Nu_TuneCP5_13TeV_powheg_pythia8_cat3L_sys_ElecronSFUp
Merging njet_ZZTo2L2Nu_TuneCP5_13TeV_powheg_pythia8_sys_btagEventWeightDown
Merging MT_ZZTo2L2Nu_TuneCP5_13TeV_powheg_pythia8_catSignal-0jet_sys_MuonEnUp
Merging measMET_ZZTo2L2Nu_TuneCP5_13TeV_powheg_pythia8_catTOP_sys_jerUp
Merging measMET_ZZTo2L2Nu_TuneCP5_13TeV_powheg_pythia8_cat4L_sys_MuonSFUp
Merging MT_ZZTo2L2Nu_TuneCP5_13TeV_powheg_pythia8_cat4L_sys_EWKUp
Merging MT_ZZTo2L2Nu_TuneCP5_13TeV_powheg_pythia8_catEM_sys_PrefireWeightUp
Merging measMET_ZZTo2L2Nu_TuneCP5_13TeV_powheg_pythia8_cat4L_sys_MuonSFDown
Merging measMET_ZZTo2L2Nu_TuneCP5_13TeV_powheg_pythia8_catSignal-0jet_sys_PDFUp
Merging MT_ZZTo2L2Nu_TuneCP5_13TeV_powheg_pythia8_catDY_sys_EWKDown
Merging measMET_ZZTo2L2Nu_TuneCP5_13TeV_powheg_pythia8_cat3L_sys_PDFUp
Merging MT_ZZTo2L2Nu_TuneCP5_13TeV_powheg_pythia8_catTOP_sys_jerUp
Merging measMET_ZZTo2L2Nu_TuneCP5_13TeV_powheg_pythia8_catNRB_sys_jerUp
Merging njet_ZZTo2L2Nu_TuneCP5_13TeV_powheg_pythia8_sys_jerDown
Merging MT_ZZTo2L2Nu_TuneCP5_13TeV_powheg_pythia8_cat3L_sys_ElectronEnDown
Merging njet_ZZTo2L2Nu_TuneCP5_13TeV_powheg_pythia8_sys_QCDScale2wUp
Merging MT_ZZTo2L2Nu_TuneCP5_13TeV_powheg_pythia8_catTOP_sys_QCDScale2wUp
Merging MT_ZZTo2L2Nu_TuneCP5_13TeV_powheg_pythia8_catTOP_sys_MuonSFUp
Merging MT_ZZTo2L2Nu_TuneCP5_13TeV_powheg_pythia8_cat3L_sys_MuonEnUp
Merging MT_ZZTo2L2Nu_TuneCP5_13TeV_powheg_pythia8_catDY_sys_MuonEnDown
Merging MT_ZZTo2L2Nu_TuneCP5_13TeV_powheg_pythia8_catDY_sys_QCDScale0wUp
Merging MT_ZZTo2L2Nu_TuneCP5_13TeV_powheg_pythia8_catTOP_sys_QCDScale0wUp
Merging MT_ZZTo2L2Nu_TuneCP5_13TeV_powheg_pythia8_cat4L_sys_MuonSFUp
Merging phizmet_ZZTo2L2Nu_TuneCP5_13TeV_powheg_pythia8_sys_jerDown
Merging MT_ZZTo2L2Nu_TuneCP5_13TeV_powheg_pythia8_cat4L_sys_ElecronSFUp
Merging MT_ZZTo2L2Nu_TuneCP5_13TeV_powheg_pythia8_cat4L_sys_QCDScale1wUp
Merging measMET_ZZTo2L2Nu_TuneCP5_13TeV_powheg_pythia8_catTOP_sys_btagEventWeightUp
Merging measMET_ZZTo2L2Nu_TuneCP5_13TeV_powheg_pythia8_cat3L_sys_jesTotalDown
Merging measMET_ZZTo2L2Nu_TuneCP5_13TeV_powheg_pythia8_catSignal-1jet_sys_QCDScale1wDown
Merging njet_ZZTo2L2Nu_TuneCP5_13TeV_powheg_pythia8_sys_ElectronEnUp
Merging MT_ZZTo2L2Nu_TuneCP5_13TeV_powheg_pythia8_cat4L_sys_puWeightDown
Merging measMET_ZZTo2L2Nu_TuneCP5_13TeV_powheg_pythia8_catNRB_sys_puWeightUp
Merging MT_ZZTo2L2Nu_TuneCP5_13TeV_powheg_pythia8_cat4L_sys_ElectronEnDown
Merging balance_ZZTo2L2Nu_TuneCP5_13TeV_powheg_pythia8
Merging njet_ZZTo2L2Nu_TuneCP5_13TeV_powheg_pythia8_sys_TriggerSFWeightUp
Merging MT_ZZTo2L2Nu_TuneCP5_13TeV_powheg_pythia8_catSignal-1jet_sys_MuonSFDown
Merging MT_ZZTo2L2Nu_TuneCP5_13TeV_powheg_pythia8_cat3L_sys_EWKDown
Merging measMET_ZZTo2L2Nu_TuneCP5_13TeV_powheg_pythia8_cat4L_sys_jerDown
Merging measMET_ZZTo2L2Nu_TuneCP5_13TeV_powheg_pythia8_catEM_sys_PrefireWeightUp
Merging MT_ZZTo2L2Nu_TuneCP5_13TeV_powheg_pythia8_catDY_sys_EWKUp
Merging measMET_ZZTo2L2Nu_TuneCP5_13TeV_powheg_pythia8_catSignal-1jet_sys_EWKDown
Merging MT_ZZTo2L2Nu_TuneCP5_13TeV_powheg_pythia8_cat3L_sys_PrefireWeightDown
Merging measMET_ZZTo2L2Nu_TuneCP5_13TeV_powheg_pythia8_catTOP_sys_QCDScale0wDown
Merging measMET_ZZTo2L2Nu_TuneCP5_13TeV_powheg_pythia8_catSignal-0jet_sys_QCDScale1wDown
Merging measMET_ZZTo2L2Nu_TuneCP5_13TeV_powheg_pythia8_cat4L_sys_QCDScale2wUp
Merging measMET_ZZTo2L2Nu_TuneCP5_13TeV_powheg_pythia8_catSignal-0jet_sys_jerUp
Merging MT_ZZTo2L2Nu_TuneCP5_13TeV_powheg_pythia8_cat3L_sys_MuonSFDown
Merging MT_ZZTo2L2Nu_TuneCP5_13TeV_powheg_pythia8_catEM_sys_PrefireWeightDown
Merging MT_ZZTo2L2Nu_TuneCP5_13TeV_powheg_pythia8_catEM_sys_QCDScale1wDown
Merging measMET_ZZTo2L2Nu_TuneCP5_13TeV_powheg_pythia8_catNRB_sys_MuonSFDown
Merging measMET_ZZTo2L2Nu_TuneCP5_13TeV_powheg_pythia8_catEM_sys_jerDown
Merging measMET_ZZTo2L2Nu_TuneCP5_13TeV_powheg_pythia8_catDY_sys_nvtxWeightDown
Merging measMET_ZZTo2L2Nu_TuneCP5_13TeV_powheg_pythia8_catSignal-0jet_sys_MuonSFDown
Merging balance_ZZTo2L2Nu_TuneCP5_13TeV_powheg_pythia8_sys_TriggerSFWeightDown
Merging measMET_ZZTo2L2Nu_TuneCP5_13TeV_powheg_pythia8_catSignal-0jet_sys_ElecronSFUp
Merging measMET_ZZTo2L2Nu_TuneCP5_13TeV_powheg_pythia8_catTOP_sys_TriggerSFWeightUp
Merging njet_ZZTo2L2Nu_TuneCP5_13TeV_powheg_pythia8_sys_jesTotalUp
Merging MT_ZZTo2L2Nu_TuneCP5_13TeV_powheg_pythia8_catSignal-1jet_sys_EWKUp
Merging MT_ZZTo2L2Nu_TuneCP5_13TeV_powheg_pythia8_catNRB_sys_jesTotalUp
Merging measMET_ZZTo2L2Nu_TuneCP5_13TeV_powheg_pythia8_cat4L_sys_QCDScale0wDown
Merging measMET_ZZTo2L2Nu_TuneCP5_13TeV_powheg_pythia8_cat3L_sys_ElectronEnUp
Merging measMET_ZZTo2L2Nu_TuneCP5_13TeV_powheg_pythia8_catEM_sys_ElecronSFDown
Merging MT_ZZTo2L2Nu_TuneCP5_13TeV_powheg_pythia8_cat4L_sys_PrefireWeightUp
Merging measMET_ZZTo2L2Nu_TuneCP5_13TeV_powheg_pythia8_catEM_sys_jesTotalDown
Merging measMET_ZZTo2L2Nu_TuneCP5_13TeV_powheg_pythia8_cat3L_sys_QCDScale0wDown
Merging MT_ZZTo2L2Nu_TuneCP5_13TeV_powheg_pythia8_catSignal-1jet_sys_QCDScale1wUp
Merging measMET_ZZTo2L2Nu_TuneCP5_13TeV_powheg_pythia8_catNRB_sys_EWKUp
Merging measMET_ZZTo2L2Nu_TuneCP5_13TeV_powheg_pythia8_catDY_sys_TriggerSFWeightUp
Merging MT_ZZTo2L2Nu_TuneCP5_13TeV_powheg_pythia8_catTOP_sys_ElectronEnDown
Merging measMET_ZZTo2L2Nu_TuneCP5_13TeV_powheg_pythia8_catEM_sys_PrefireWeightDown
Merging njet_ZZTo2L2Nu_TuneCP5_13TeV_powheg_pythia8_sys_MuonSFDown
Merging MT_ZZTo2L2Nu_TuneCP5_13TeV_powheg_pythia8_cat3L_sys_QCDScale0wDown
Merging MT_ZZTo2L2Nu_TuneCP5_13TeV_powheg_pythia8_cat4L_sys_TriggerSFWeightDown
Merging measMET_ZZTo2L2Nu_TuneCP5_13TeV_powheg_pythia8_catDY_sys_QCDScale1wDown
Merging balance_ZZTo2L2Nu_TuneCP5_13TeV_powheg_pythia8_sys_jerUp
Merging measMET_ZZTo2L2Nu_TuneCP5_13TeV_powheg_pythia8_cat4L_sys_EWKDown
Merging MT_ZZTo2L2Nu_TuneCP5_13TeV_powheg_pythia8_catEM_sys_ElectronEnDown
Merging measMET_ZZTo2L2Nu_TuneCP5_13TeV_powheg_pythia8_catSignal-1jet_sys_QCDScale1wUp
Merging njet_ZZTo2L2Nu_TuneCP5_13TeV_powheg_pythia8_sys_QCDScale1wDown
Merging measMET_ZZTo2L2Nu_TuneCP5_13TeV_powheg_pythia8_catEM_sys_TriggerSFWeightUp
Merging MT_ZZTo2L2Nu_TuneCP5_13TeV_powheg_pythia8_catNRB_sys_jerUp
Merging measMET_ZZTo2L2Nu_TuneCP5_13TeV_powheg_pythia8_catDY_sys_TriggerSFWeightDown
Merging MT_ZZTo2L2Nu_TuneCP5_13TeV_powheg_pythia8_catTOP_sys_MuonEnUp
Merging phizmet_ZZTo2L2Nu_TuneCP5_13TeV_powheg_pythia8_sys_PrefireWeightDown
Merging phizmet_ZZTo2L2Nu_TuneCP5_13TeV_powheg_pythia8_sys_ElecronSFUp
Merging measMET_ZZTo2L2Nu_TuneCP5_13TeV_powheg_pythia8_catEM_sys_MuonEnDown
Merging MT_ZZTo2L2Nu_TuneCP5_13TeV_powheg_pythia8_catSignal-1jet_sys_MuonSFUp
Merging njet_ZZTo2L2Nu_TuneCP5_13TeV_powheg_pythia8_sys_MuonEnUp
Merging njet_ZZTo2L2Nu_TuneCP5_13TeV_powheg_pythia8_sys_QCDScale1wUp
Merging measMET_ZZTo2L2Nu_TuneCP5_13TeV_powheg_pythia8_catDY_sys_QCDScale1wUp
Merging MT_ZZTo2L2Nu_TuneCP5_13TeV_powheg_pythia8_catDY_sys_PrefireWeightDown
Merging MT_ZZTo2L2Nu_TuneCP5_13TeV_powheg_pythia8_catDY
Merging MT_ZZTo2L2Nu_TuneCP5_13TeV_powheg_pythia8_catSignal-1jet_sys_MuonEnDown
Merging phizmet_ZZTo2L2Nu_TuneCP5_13TeV_powheg_pythia8_sys_QCDScale2wDown
Merging phizmet_ZZTo2L2Nu_TuneCP5_13TeV_powheg_pythia8_sys_QCDScale2wUp
Merging measMET_ZZTo2L2Nu_TuneCP5_13TeV_powheg_pythia8_catSignal-1jet_sys_btagEventWeightUp
Merging MT_ZZTo2L2Nu_TuneCP5_13TeV_powheg_pythia8_catTOP_sys_PrefireWeightDown
Merging measMET_ZZTo2L2Nu_TuneCP5_13TeV_powheg_pythia8_cat4L_sys_QCDScale1wUp
Merging measMET_ZZTo2L2Nu_TuneCP5_13TeV_powheg_pythia8_catTOP_sys_jesTotalUp
Merging MT_ZZTo2L2Nu_TuneCP5_13TeV_powheg_pythia8_catNRB_sys_ElectronEnDown
Merging njet_ZZTo2L2Nu_TuneCP5_13TeV_powheg_pythia8_sys_TriggerSFWeightDown
Merging measMET_ZZTo2L2Nu_TuneCP5_13TeV_powheg_pythia8_catEM_sys_MuonEnUp
Merging measMET_ZZTo2L2Nu_TuneCP5_13TeV_powheg_pythia8_catSignal-1jet
Merging MT_ZZTo2L2Nu_TuneCP5_13TeV_powheg_pythia8_catTOP_sys_ElecronSFUp
Merging measMET_ZZTo2L2Nu_TuneCP5_13TeV_powheg_pythia8_catDY_sys_ElecronSFDown
Merging measMET_ZZTo2L2Nu_TuneCP5_13TeV_powheg_pythia8_catSignal-0jet_sys_QCDScale2wDown
Merging measMET_ZZTo2L2Nu_TuneCP5_13TeV_powheg_pythia8_catSignal-0jet_sys_EWKUp
Merging MT_ZZTo2L2Nu_TuneCP5_13TeV_powheg_pythia8_cat4L_sys_puWeightUp
Merging MT_ZZTo2L2Nu_TuneCP5_13TeV_powheg_pythia8_cat3L_sys_QCDScale2wDown
Merging MT_ZZTo2L2Nu_TuneCP5_13TeV_powheg_pythia8_catSignal-1jet_sys_TriggerSFWeightUp
Merging measMET_ZZTo2L2Nu_TuneCP5_13TeV_powheg_pythia8_cat3L_sys_jerUp
Merging balance_ZZTo2L2Nu_TuneCP5_13TeV_powheg_pythia8_sys_PrefireWeightDown
Merging measMET_ZZTo2L2Nu_TuneCP5_13TeV_powheg_pythia8_catSignal-0jet_sys_puWeightDown
Merging measMET_ZZTo2L2Nu_TuneCP5_13TeV_powheg_pythia8_catTOP_sys_PrefireWeightUp
Merging MT_ZZTo2L2Nu_TuneCP5_13TeV_powheg_pythia8_cat3L_sys_jerUp
Merging njet_ZZTo2L2Nu_TuneCP5_13TeV_powheg_pythia8_sys_jesTotalDown
Merging measMET_ZZTo2L2Nu_TuneCP5_13TeV_powheg_pythia8_cat3L_sys_PrefireWeightUp
Merging measMET_ZZTo2L2Nu_TuneCP5_13TeV_powheg_pythia8_catTOP_sys_PDFUp
Merging measMET_ZZTo2L2Nu_TuneCP5_13TeV_powheg_pythia8_catSignal-0jet_sys_ElecronSFDown
Merging measMET_ZZTo2L2Nu_TuneCP5_13TeV_powheg_pythia8_catTOP_sys_QCDScale2wUp
Merging measMET_ZZTo2L2Nu_TuneCP5_13TeV_powheg_pythia8_catNRB_sys_PDFDown
Merging MT_ZZTo2L2Nu_TuneCP5_13TeV_powheg_pythia8_catSignal-1jet_sys_EWKDown
Merging MT_ZZTo2L2Nu_TuneCP5_13TeV_powheg_pythia8_catSignal-0jet_sys_puWeightUp
Merging measMET_ZZTo2L2Nu_TuneCP5_13TeV_powheg_pythia8_catTOP_sys_ElectronEnDown
Merging measMET_ZZTo2L2Nu_TuneCP5_13TeV_powheg_pythia8_catSignal-1jet_sys_puWeightDown
Merging balance_ZZTo2L2Nu_TuneCP5_13TeV_powheg_pythia8_sys_MuonEnUp
Merging njet_ZZTo2L2Nu_TuneCP5_13TeV_powheg_pythia8_sys_EWKUp
Merging measMET_ZZTo2L2Nu_TuneCP5_13TeV_powheg_pythia8_catEM_sys_QCDScale1wDown
Merging MT_ZZTo2L2Nu_TuneCP5_13TeV_powheg_pythia8_cat4L_sys_nvtxWeightUp
01/   30001 events (100.00%)
Processed    40000/  210491 entries, 19.00% (elapsed time  2644.5s, curr speed    0.015 kHz, avg speed    0.015 kHz), accepted    40001/   40001 events (100.00%)
Processed    50000/  210491 entries, 23.75% (elapsed time  3300.9s, curr speed    0.015 kHz, avg speed    0.015 kHz), accepted    50001/   50001 events (100.00%)
Processed    60000/  210491 entries, 28.50% (elapsed time  3950.3s, curr speed    0.015 kHz, avg speed    0.015 kHz), accepted    60001/   60001 events (100.00%)
Processed    70000/  210491 entries, 33.26% (elapsed time  4578.0s, curr speed    0.016 kHz, avg speed    0.015 kHz), accepted    70001/   70001 events (100.00%)
Processed    80000/  210491 entries, 38.01% (elapsed time  5211.4s, curr speed    0.016 kHz, avg speed    0.015 kHz), accepted    80001/   80001 events (100.00%)
Processed    90000/  210491 entries, 42.76% (elapsed time  5843.4s, curr speed    0.016 kHz, avg speed    0.015 kHz), accepted    90001/   90001 events (100.00%)
Processed   100000/  210491 entries, 47.51% (elapsed time  6465.5s, curr speed    0.016 kHz, avg speed    0.015 kHz), accepted   100001/  100001 events (100.00%)
Processed   110000/  210491 entries, 52.26% (elapsed time  7053.0s, curr speed    0.017 kHz, avg speed    0.016 kHz), accepted   110001/  110001 events (100.00%)
Processed   120000/  210491 entries, 57.01% (elapsed time  7626.3s, curr speed    0.017 kHz, avg speed    0.016 kHz), accepted   120001/  120001 events (100.00%)
Processed   130000/  210491 entries, 61.76% (elapsed time  8225.2s, curr speed    0.017 kHz, avg speed    0.016 kHz), accepted   130001/  130001 events (100.00%)
Processed   140000/  210491 entries, 66.51% (elapsed time  8851.4s, curr speed    0.016 kHz, avg speed    0.016 kHz), accepted   140001/  140001 events (100.00%)
Processed   150000/  210491 entries, 71.26% (elapsed time  9521.4s, curr speed    0.015 kHz, avg speed    0.016 kHz), accepted   150001/  150001 events (100.00%)
Processed   160000/  210491 entries, 76.01% (elapsed time 10170.8s, curr speed    0.015 kHz, avg speed    0.016 kHz), accepted   160001/  160001 events (100.00%)
Processed   170000/  210491 entries, 80.76% (elapsed time 10804.8s, curr speed    0.016 kHz, avg speed    0.016 kHz), accepted   170001/  170001 events (100.00%)
Processed   180000/  210491 entries, 85.51% (elapsed time 11400.8s, curr speed    0.017 kHz, avg speed    0.016 kHz), accepted   180001/  180001 events (100.00%)
Processed   190000/  210491 entries, 90.27% (elapsed time 12009.5s, curr speed    0.016 kHz, avg speed    0.016 kHz), accepted   190001/  190001 events (100.00%)
Processed   200000/  210491 entries, 95.02% (elapsed time 12599.2s, curr speed    0.017 kHz, avg speed    0.016 kHz), accepted   200001/  200001 events (100.00%)
Processed   210000/  210491 entries, 99.77% (elapsed time 13167.0s, curr speed    0.018 kHz, avg speed    0.016 kHz), accepted   210001/  210001 events (100.00%)
Processed 210491 preselected entries from /eos/cms/store/group/phys_exotica/monoZ/Exorcism2018/ZZTo2L2Nu_TuneCP5_13TeV_powheg_pythia8/tree_27.root (210491 entries). Finally selected 210491 entries
Done ./tree_27_Skim.root
15.9459737914 Hz
----- transfer output to eos :
----- directory after running :
.:
total 6580
-rw-r--r--. 1 cfreer zh    1210 Nov 30 14:11 FrameworkJobReport.xml
-rw-r--r--. 1 cfreer zh       0 Nov 30 10:29 _condor_stderr
-rw-r--r--. 1 cfreer zh   81963 Nov 30 14:11 _condor_stdout
-rw-------. 1 cfreer zh    4914 Nov 30 14:11 cfreer.cc
-rw-r--r--. 1 cfreer zh   16092 Nov 30 10:29 combineHLT_Run2.yaml
-rw-r--r--. 1 cfreer zh    5718 Nov 30 10:29 condor_WSProducer.py
-rwxr-xr-x. 1 cfreer zh     837 Nov 30 10:29 condor_exec.exe
-rwxr-xr-x. 1 cfreer zh    2559 Nov 30 10:29 haddnano.py
-rw-r--r--. 1 cfreer zh       8 Nov 30 10:29 keep_and_drop_WS.txt
drwx------. 3 cfreer zh    4096 Nov 30 10:29 tmp
-rw-r--r--. 1 cfreer zh 3293556 Nov 30 14:11 tree_20.root
-rw-r--r--. 1 cfreer zh 3293404 Nov 30 14:11 tree_27_Skim.root
drwx------. 3 cfreer zh    4096 Nov 30 10:29 var

./tmp:
total 4
drwxr-xr-x. 3 cfreer zh 4096 Nov 30 10:29 mjf-cfreer

./tmp/mjf-cfreer:
total 4
drwxr-xr-x. 2 cfreer zh 4096 Nov 30 10:29 jobfeatures-bigbird09.cern.ch_3031852.20_1574960397

./tmp/mjf-cfreer/jobfeatures-bigbird09.cern.ch_3031852.20_1574960397:
total 28
-rw-r--r--. 1 cfreer zh  1 Nov 30 10:29 allocated_cpu
-rw-r--r--. 1 cfreer zh  6 Nov 30 10:29 cpu_limit_secs
-rw-r--r--. 1 cfreer zh 39 Nov 30 10:29 job_id
-rw-r--r--. 1 cfreer zh 10 Nov 30 10:29 jobstart_secs
-rw-r--r--. 1 cfreer zh 10 Nov 30 10:29 max_rss_bytes
-rw-r--r--. 1 cfreer zh 10 Nov 30 10:29 scratch_limit_bytes
-rw-r--r--. 1 cfreer zh  6 Nov 30 10:29 wall_limit_secs

./var:
total 4
drwx------. 2 cfreer zh 4096 Nov 30 10:29 tmp

./var/tmp:
total 0
 ------ THE END (everyone dies !) ----- 
