
/pool/condor/dir_14024

... start job at 2019-11-30 10:29:41
----- directory before running:
.:
total 52
-rw-r--r--. 1 cfreer zh     0 Nov 30 10:29 _condor_stderr
-rw-r--r--. 1 cfreer zh    94 Nov 30 10:29 _condor_stdout
-rw-------. 1 cfreer zh  2642 Nov 30 10:29 cfreer.cc
-rw-r--r--. 1 cfreer zh 16092 Nov 30 10:29 combineHLT_Run2.yaml
-rw-r--r--. 1 cfreer zh  5718 Nov 30 10:29 condor_WSProducer.py
-rwxr-xr-x. 1 cfreer zh   837 Nov 30 10:29 condor_exec.exe
-rwxr-xr-x. 1 cfreer zh  2559 Nov 30 10:29 haddnano.py
-rw-r--r--. 1 cfreer zh     8 Nov 30 10:29 keep_and_drop_WS.txt
drwx------. 3 cfreer zh  4096 Nov 30 10:29 tmp
drwx------. 3 cfreer zh  4096 Nov 30 10:29 var

./tmp:
total 4
drwxr-xr-x. 3 cfreer zh 4096 Nov 30 10:29 mjf-cfreer

./tmp/mjf-cfreer:
total 4
drwxr-xr-x. 2 cfreer zh 4096 Nov 30 10:29 jobfeatures-bigbird09.cern.ch_3031852.21_1574960397

./tmp/mjf-cfreer/jobfeatures-bigbird09.cern.ch_3031852.21_1574960397:
total 28
-rw-r--r--. 1 cfreer zh  1 Nov 30 10:29 allocated_cpu
-rw-r--r--. 1 cfreer zh  6 Nov 30 10:29 cpu_limit_secs
-rw-r--r--. 1 cfreer zh 39 Nov 30 10:29 job_id
-rw-r--r--. 1 cfreer zh 10 Nov 30 10:29 jobstart_secs
-rw-r--r--. 1 cfreer zh 10 Nov 30 10:29 max_rss_bytes
-rw-r--r--. 1 cfreer zh 10 Nov 30 10:29 scratch_limit_bytes
-rw-r--r--. 1 cfreer zh  6 Nov 30 10:29 wall_limit_secs

./var:
total 4
drwx------. 2 cfreer zh 4096 Nov 30 10:29 tmp

./var/tmp:
total 0
----- CMSSW BASE, python path, pwd:
+ CMSSW_BASE  = /afs/cern.ch/work/c/cfreer/MonoZ_2019/MT_plots/CMSSW_10_6_4
+ PYTHON_PATH = 
+ PWD         = /pool/condor/dir_14024
/eos/cms/store/group/phys_exotica/monoZ/Exorcism2018/ZZTo2L2Nu_TuneCP5_13TeV_powheg_pythia8/tree_28.root  ->  /eos/cms/store/group/phys_exotica/monoZ/Exorcism2018/ZZTo2L2Nu_TuneCP5_13TeV_powheg_pythia8/tree_28.root
Testing file open
Test OK
---------------------------
 -- options  =  Namespace(dataset='X', doSyst=1, era='2018', infile='/eos/cms/store/group/phys_exotica/monoZ/Exorcism2018/ZZTo2L2Nu_TuneCP5_13TeV_powheg_pythia8/tree_28.root', isMC=1, jobNum=21, nevt=-1)
 -- is MC    =  1
 -- jobNum   =  21
 -- era      =  2018
 -- in file  =  /eos/cms/store/group/phys_exotica/monoZ/Exorcism2018/ZZTo2L2Nu_TuneCP5_13TeV_powheg_pythia8/tree_28.root
 -- dataset  =  X
---------------------------
[check] condtag_ ==  ZZTo2L2Nu_TuneCP5_13TeV_powheg_pythia8
[check] dataset  ==  monoZ
modules :  <PhysicsTools.MonoZ.MonoZWSProducer.MonoZWSProducer object at 0x2af711c43890>
modules :  <PhysicsTools.MonoZ.MonoZWSProducer.MonoZWSProducer object at 0x2af711c43950>
modules :  <PhysicsTools.MonoZ.MonoZWSProducer.MonoZWSProducer object at 0x2af711c43990>
modules :  <PhysicsTools.MonoZ.MonoZWSProducer.MonoZWSProducer object at 0x2af711c439d0>
modules :  <PhysicsTools.MonoZ.MonoZWSProducer.MonoZWSProducer object at 0x2af711c43a10>
modules :  <PhysicsTools.MonoZ.MonoZWSProducer.MonoZWSProducer object at 0x2af711c43a50>
modules :  <PhysicsTools.MonoZ.MonoZWSProducer.MonoZWSProducer object at 0x2af711c43a90>
modules :  <PhysicsTools.MonoZ.MonoZWSProducer.MonoZWSProducer object at 0x2af711c43ad0>
modules :  <PhysicsTools.MonoZ.MonoZWSProducer.MonoZWSProducer object at 0x2af711c43b10>
modules :  <PhysicsTools.MonoZ.MonoZWSProducer.MonoZWSProducer object at 0x2af711c43b50>
modules :  <PhysicsTools.MonoZ.MonoZWSProducer.MonoZWSProducer object at 0x2af711c43b90>
modules :  <PhysicsTools.MonoZ.MonoZWSProducer.MonoZWSProducer object at 0x2af711c43bd0>
modules :  <PhysicsTools.MonoZ.MonoZWSProducer.MonoZWSProducer object at 0x2af711c43c10>
modules :  <PhysicsTools.MonoZ.MonoZWSProducer.MonoZWSProducer object at 0x2af711c43c50>
modules :  <PhysicsTools.MonoZ.MonoZWSProducer.MonoZWSProducer object at 0x2af711c43c90>
modules :  <PhysicsTools.MonoZ.MonoZWSProducer.MonoZWSProducer object at 0x2af711c43cd0>
modules :  <PhysicsTools.MonoZ.MonoZWSProducer.MonoZWSProducer object at 0x2af711c43d10>
modules :  <PhysicsTools.MonoZ.MonoZWSProducer.MonoZWSProducer object at 0x2af711c43d50>
modules :  <PhysicsTools.MonoZ.MonoZWSProducer.MonoZWSProducer object at 0x2af711c43d90>
modules :  <PhysicsTools.MonoZ.MonoZWSProducer.MonoZWSProducer object at 0x2af711c43dd0>
modules :  <PhysicsTools.MonoZ.MonoZWSProducer.MonoZWSProducer object at 0x2af711c43e10>
modules :  <PhysicsTools.MonoZ.MonoZWSProducer.MonoZWSProducer object at 0x2af711c43e50>
modules :  <PhysicsTools.MonoZ.MonoZWSProducer.MonoZWSProducer object at 0x2af711c43ed0>
modules :  <PhysicsTools.MonoZ.MonoZWSProducer.MonoZWSProducer object at 0x2af711c43f50>
modules :  <PhysicsTools.MonoZ.MonoZWSProducer.MonoZWSProducer object at 0x2af711c43fd0>
modules :  <PhysicsTools.MonoZ.MonoZWSProducer.MonoZWSProducer object at 0x2af711c45090>
modules :  <PhysicsTools.MonoZ.MonoZWSProducer.MonoZWSProducer object at 0x2af711c450d0>
modules :  <PhysicsTools.MonoZ.MonoZWSProducer.MonoZWSProducer object at 0x2af711c45110>
modules :  <PhysicsTools.MonoZ.MonoZWSProducer.MonoZWSProducer object at 0x2af711c45150>
modules :  <PhysicsTools.MonoZ.MonoZWSProducer.MonoZWSProducer object at 0x2af711c45190>
modules :  <PhysicsTools.MonoZ.MonoZWSProducer.MonoZWSProducer object at 0x2af711c451d0>
Selection :  
Will write selected trees to .
Pre-select 209375 entries out of 209375 (100.00%)
Processed    10000/  209375 entries,  4.78% (elapsed time   525.0s, curr speed    0.019 kHz, avg speed    0.019 kHz), accepted    10001/   10001 events (100.00%)
Processed    20000/  209375 entries,  9.55% (elapsed time  1022.0s, curr speed    0.020 kHz, avg speed    0.020 kHz), accepted    20001/   20001 events (100.00%)
Processed    30000/  209375 entries, 14.33% (elapsed time  1446.5s, curr speed    0.024 kHz, avg speed    0.021 kHz), accepted    300Adding file ./tree_28_Skim.root
Merging measMET_monoZ_catSignal-0jet
Merging MT_monoZ_catSignal-0jet
Merging measMET_monoZ_catEM
Merging MT_monoZ_catEM
Merging measMET_monoZ_catSignal-1jet
Merging MT_monoZ_catSignal-1jet
Merging measMET_monoZ_cat3L
Merging MT_monoZ_cat3L
Merging measMET_monoZ_cat4L
Merging MT_monoZ_cat4L
Merging measMET_monoZ_catNRB
Merging MT_monoZ_catNRB
Merging measMET_monoZ_catTOP
Merging MT_monoZ_catTOP
Merging measMET_monoZ_catDY
Merging MT_monoZ_catDY
Merging balance_monoZ
Merging phizmet_monoZ
Merging njet_monoZ
Merging measMET_monoZ_catSignal-0jet_sys_ElectronEnUp
Merging MT_monoZ_catSignal-0jet_sys_ElectronEnUp
Merging measMET_monoZ_catEM_sys_ElectronEnUp
Merging MT_monoZ_catEM_sys_ElectronEnUp
Merging measMET_monoZ_catSignal-1jet_sys_ElectronEnUp
Merging MT_monoZ_catSignal-1jet_sys_ElectronEnUp
Merging measMET_monoZ_cat3L_sys_ElectronEnUp
Merging MT_monoZ_cat3L_sys_ElectronEnUp
Merging measMET_monoZ_cat4L_sys_ElectronEnUp
Merging MT_monoZ_cat4L_sys_ElectronEnUp
Merging measMET_monoZ_catNRB_sys_ElectronEnUp
Merging MT_monoZ_catNRB_sys_ElectronEnUp
Merging measMET_monoZ_catTOP_sys_ElectronEnUp
Merging MT_monoZ_catTOP_sys_ElectronEnUp
Merging measMET_monoZ_catDY_sys_ElectronEnUp
Merging MT_monoZ_catDY_sys_ElectronEnUp
Merging balance_monoZ_sys_ElectronEnUp
Merging phizmet_monoZ_sys_ElectronEnUp
Merging njet_monoZ_sys_ElectronEnUp
Merging measMET_monoZ_catSignal-0jet_sys_ElectronEnDown
Merging MT_monoZ_catSignal-0jet_sys_ElectronEnDown
Merging measMET_monoZ_catEM_sys_ElectronEnDown
Merging MT_monoZ_catEM_sys_ElectronEnDown
Merging measMET_monoZ_catSignal-1jet_sys_ElectronEnDown
Merging MT_monoZ_catSignal-1jet_sys_ElectronEnDown
Merging measMET_monoZ_cat3L_sys_ElectronEnDown
Merging MT_monoZ_cat3L_sys_ElectronEnDown
Merging measMET_monoZ_cat4L_sys_ElectronEnDown
Merging MT_monoZ_cat4L_sys_ElectronEnDown
Merging measMET_monoZ_catNRB_sys_ElectronEnDown
Merging MT_monoZ_catNRB_sys_ElectronEnDown
Merging measMET_monoZ_catTOP_sys_ElectronEnDown
Merging MT_monoZ_catTOP_sys_ElectronEnDown
Merging measMET_monoZ_catDY_sys_ElectronEnDown
Merging MT_monoZ_catDY_sys_ElectronEnDown
Merging balance_monoZ_sys_ElectronEnDown
Merging phizmet_monoZ_sys_ElectronEnDown
Merging njet_monoZ_sys_ElectronEnDown
Merging measMET_monoZ_catSignal-0jet_sys_MuonEnUp
Merging MT_monoZ_catSignal-0jet_sys_MuonEnUp
Merging measMET_monoZ_catEM_sys_MuonEnUp
Merging MT_monoZ_catEM_sys_MuonEnUp
Merging measMET_monoZ_catSignal-1jet_sys_MuonEnUp
Merging MT_monoZ_catSignal-1jet_sys_MuonEnUp
Merging measMET_monoZ_cat3L_sys_MuonEnUp
Merging MT_monoZ_cat3L_sys_MuonEnUp
Merging measMET_monoZ_cat4L_sys_MuonEnUp
Merging MT_monoZ_cat4L_sys_MuonEnUp
Merging measMET_monoZ_catNRB_sys_MuonEnUp
Merging MT_monoZ_catNRB_sys_MuonEnUp
Merging measMET_monoZ_catTOP_sys_MuonEnUp
Merging MT_monoZ_catTOP_sys_MuonEnUp
Merging measMET_monoZ_catDY_sys_MuonEnUp
Merging MT_monoZ_catDY_sys_MuonEnUp
Merging balance_monoZ_sys_MuonEnUp
Merging phizmet_monoZ_sys_MuonEnUp
Merging njet_monoZ_sys_MuonEnUp
Merging measMET_monoZ_catSignal-0jet_sys_MuonEnDown
Merging MT_monoZ_catSignal-0jet_sys_MuonEnDown
Merging measMET_monoZ_catEM_sys_MuonEnDown
Merging MT_monoZ_catEM_sys_MuonEnDown
Merging measMET_monoZ_catSignal-1jet_sys_MuonEnDown
Merging MT_monoZ_catSignal-1jet_sys_MuonEnDown
Merging measMET_monoZ_cat3L_sys_MuonEnDown
Merging MT_monoZ_cat3L_sys_MuonEnDown
Merging measMET_monoZ_cat4L_sys_MuonEnDown
Merging MT_monoZ_cat4L_sys_MuonEnDown
Merging measMET_monoZ_catNRB_sys_MuonEnDown
Merging MT_monoZ_catNRB_sys_MuonEnDown
Merging measMET_monoZ_catTOP_sys_MuonEnDown
Merging MT_monoZ_catTOP_sys_MuonEnDown
Merging measMET_monoZ_catDY_sys_MuonEnDown
Merging MT_monoZ_catDY_sys_MuonEnDown
Merging balance_monoZ_sys_MuonEnDown
Merging phizmet_monoZ_sys_MuonEnDown
Merging njet_monoZ_sys_MuonEnDown
Merging measMET_monoZ_catSignal-0jet_sys_jesTotalUp
Merging MT_monoZ_catSignal-0jet_sys_jesTotalUp
Merging measMET_monoZ_catEM_sys_jesTotalUp
Merging MT_monoZ_catEM_sys_jesTotalUp
Merging measMET_monoZ_catSignal-1jet_sys_jesTotalUp
Merging MT_monoZ_catSignal-1jet_sys_jesTotalUp
Merging measMET_monoZ_cat3L_sys_jesTotalUp
Merging MT_monoZ_cat3L_sys_jesTotalUp
Merging measMET_monoZ_cat4L_sys_jesTotalUp
Merging MT_monoZ_cat4L_sys_jesTotalUp
Merging measMET_monoZ_catNRB_sys_jesTotalUp
Merging MT_monoZ_catNRB_sys_jesTotalUp
Merging measMET_monoZ_catTOP_sys_jesTotalUp
Merging MT_monoZ_catTOP_sys_jesTotalUp
Merging measMET_monoZ_catDY_sys_jesTotalUp
Merging MT_monoZ_catDY_sys_jesTotalUp
Merging balance_monoZ_sys_jesTotalUp
Merging phizmet_monoZ_sys_jesTotalUp
Merging njet_monoZ_sys_jesTotalUp
Merging measMET_monoZ_catSignal-0jet_sys_jesTotalDown
Merging MT_monoZ_catSignal-0jet_sys_jesTotalDown
Merging measMET_monoZ_catEM_sys_jesTotalDown
Merging MT_monoZ_catEM_sys_jesTotalDown
Merging measMET_monoZ_catSignal-1jet_sys_jesTotalDown
Merging MT_monoZ_catSignal-1jet_sys_jesTotalDown
Merging measMET_monoZ_cat3L_sys_jesTotalDown
Merging MT_monoZ_cat3L_sys_jesTotalDown
Merging measMET_monoZ_cat4L_sys_jesTotalDown
Merging MT_monoZ_cat4L_sys_jesTotalDown
Merging measMET_monoZ_catNRB_sys_jesTotalDown
Merging MT_monoZ_catNRB_sys_jesTotalDown
Merging measMET_monoZ_catTOP_sys_jesTotalDown
Merging MT_monoZ_catTOP_sys_jesTotalDown
Merging measMET_monoZ_catDY_sys_jesTotalDown
Merging MT_monoZ_catDY_sys_jesTotalDown
Merging balance_monoZ_sys_jesTotalDown
Merging phizmet_monoZ_sys_jesTotalDown
Merging njet_monoZ_sys_jesTotalDown
Merging measMET_monoZ_catSignal-0jet_sys_jerUp
Merging MT_monoZ_catSignal-0jet_sys_jerUp
Merging measMET_monoZ_catEM_sys_jerUp
Merging MT_monoZ_catEM_sys_jerUp
Merging measMET_monoZ_catSignal-1jet_sys_jerUp
Merging MT_monoZ_catSignal-1jet_sys_jerUp
Merging measMET_monoZ_cat3L_sys_jerUp
Merging MT_monoZ_cat3L_sys_jerUp
Merging measMET_monoZ_cat4L_sys_jerUp
Merging MT_monoZ_cat4L_sys_jerUp
Merging measMET_monoZ_catNRB_sys_jerUp
Merging MT_monoZ_catNRB_sys_jerUp
Merging measMET_monoZ_catTOP_sys_jerUp
Merging MT_monoZ_catTOP_sys_jerUp
Merging measMET_monoZ_catDY_sys_jerUp
Merging MT_monoZ_catDY_sys_jerUp
Merging balance_monoZ_sys_jerUp
Merging phizmet_monoZ_sys_jerUp
Merging njet_monoZ_sys_jerUp
Merging measMET_monoZ_catSignal-0jet_sys_jerDown
Merging MT_monoZ_catSignal-0jet_sys_jerDown
Merging measMET_monoZ_catEM_sys_jerDown
Merging MT_monoZ_catEM_sys_jerDown
Merging measMET_monoZ_catSignal-1jet_sys_jerDown
Merging MT_monoZ_catSignal-1jet_sys_jerDown
Merging measMET_monoZ_cat3L_sys_jerDown
Merging MT_monoZ_cat3L_sys_jerDown
Merging measMET_monoZ_cat4L_sys_jerDown
Merging MT_monoZ_cat4L_sys_jerDown
Merging measMET_monoZ_catNRB_sys_jerDown
Merging MT_monoZ_catNRB_sys_jerDown
Merging measMET_monoZ_catTOP_sys_jerDown
Merging MT_monoZ_catTOP_sys_jerDown
Merging measMET_monoZ_catDY_sys_jerDown
Merging MT_monoZ_catDY_sys_jerDown
Merging balance_monoZ_sys_jerDown
Merging phizmet_monoZ_sys_jerDown
Merging njet_monoZ_sys_jerDown
Merging measMET_monoZ_catSignal-0jet_sys_puWeightUp
Merging MT_monoZ_catSignal-0jet_sys_puWeightUp
Merging measMET_monoZ_catEM_sys_puWeightUp
Merging MT_monoZ_catEM_sys_puWeightUp
Merging measMET_monoZ_catSignal-1jet_sys_puWeightUp
Merging MT_monoZ_catSignal-1jet_sys_puWeightUp
Merging measMET_monoZ_cat3L_sys_puWeightUp
Merging MT_monoZ_cat3L_sys_puWeightUp
Merging measMET_monoZ_cat4L_sys_puWeightUp
Merging MT_monoZ_cat4L_sys_puWeightUp
Merging measMET_monoZ_catNRB_sys_puWeightUp
Merging MT_monoZ_catNRB_sys_puWeightUp
Merging measMET_monoZ_catTOP_sys_puWeightUp
Merging MT_monoZ_catTOP_sys_puWeightUp
Merging measMET_monoZ_catDY_sys_puWeightUp
Merging MT_monoZ_catDY_sys_puWeightUp
Merging balance_monoZ_sys_puWeightUp
Merging phizmet_monoZ_sys_puWeightUp
Merging njet_monoZ_sys_puWeightUp
Merging measMET_monoZ_catSignal-0jet_sys_puWeightDown
Merging MT_monoZ_catSignal-0jet_sys_puWeightDown
Merging measMET_monoZ_catEM_sys_puWeightDown
Merging MT_monoZ_catEM_sys_puWeightDown
Merging measMET_monoZ_catSignal-1jet_sys_puWeightDown
Merging MT_monoZ_catSignal-1jet_sys_puWeightDown
Merging measMET_monoZ_cat3L_sys_puWeightDown
Merging MT_monoZ_cat3L_sys_puWeightDown
Merging measMET_monoZ_cat4L_sys_puWeightDown
Merging MT_monoZ_cat4L_sys_puWeightDown
Merging measMET_monoZ_catNRB_sys_puWeightDown
Merging MT_monoZ_catNRB_sys_puWeightDown
Merging measMET_monoZ_catTOP_sys_puWeightDown
Merging MT_monoZ_catTOP_sys_puWeightDown
Merging measMET_monoZ_catDY_sys_puWeightDown
Merging MT_monoZ_catDY_sys_puWeightDown
Merging balance_monoZ_sys_puWeightDown
Merging phizmet_monoZ_sys_puWeightDown
Merging njet_monoZ_sys_puWeightDown
Merging measMET_monoZ_catSignal-0jet_sys_PDFUp
Merging MT_monoZ_catSignal-0jet_sys_PDFUp
Merging measMET_monoZ_catEM_sys_PDFUp
Merging MT_monoZ_catEM_sys_PDFUp
Merging measMET_monoZ_catSignal-1jet_sys_PDFUp
Merging MT_monoZ_catSignal-1jet_sys_PDFUp
Merging measMET_monoZ_cat3L_sys_PDFUp
Merging MT_monoZ_cat3L_sys_PDFUp
Merging measMET_monoZ_cat4L_sys_PDFUp
Merging MT_monoZ_cat4L_sys_PDFUp
Merging measMET_monoZ_catNRB_sys_PDFUp
Merging MT_monoZ_catNRB_sys_PDFUp
Merging measMET_monoZ_catTOP_sys_PDFUp
Merging MT_monoZ_catTOP_sys_PDFUp
Merging measMET_monoZ_catDY_sys_PDFUp
Merging MT_monoZ_catDY_sys_PDFUp
Merging balance_monoZ_sys_PDFUp
Merging phizmet_monoZ_sys_PDFUp
Merging njet_monoZ_sys_PDFUp
Merging measMET_monoZ_catSignal-0jet_sys_PDFDown
Merging MT_monoZ_catSignal-0jet_sys_PDFDown
Merging measMET_monoZ_catEM_sys_PDFDown
Merging MT_monoZ_catEM_sys_PDFDown
Merging measMET_monoZ_catSignal-1jet_sys_PDFDown
Merging MT_monoZ_catSignal-1jet_sys_PDFDown
Merging measMET_monoZ_cat3L_sys_PDFDown
Merging MT_monoZ_cat3L_sys_PDFDown
Merging measMET_monoZ_cat4L_sys_PDFDown
Merging MT_monoZ_cat4L_sys_PDFDown
Merging measMET_monoZ_catNRB_sys_PDFDown
Merging MT_monoZ_catNRB_sys_PDFDown
Merging measMET_monoZ_catTOP_sys_PDFDown
Merging MT_monoZ_catTOP_sys_PDFDown
Merging measMET_monoZ_catDY_sys_PDFDown
Merging MT_monoZ_catDY_sys_PDFDown
Merging balance_monoZ_sys_PDFDown
Merging phizmet_monoZ_sys_PDFDown
Merging njet_monoZ_sys_PDFDown
Merging measMET_monoZ_catSignal-0jet_sys_MuonSFUp
Merging MT_monoZ_catSignal-0jet_sys_MuonSFUp
Merging measMET_monoZ_catEM_sys_MuonSFUp
Merging MT_monoZ_catEM_sys_MuonSFUp
Merging measMET_monoZ_catSignal-1jet_sys_MuonSFUp
Merging MT_monoZ_catSignal-1jet_sys_MuonSFUp
Merging measMET_monoZ_cat3L_sys_MuonSFUp
Merging MT_monoZ_cat3L_sys_MuonSFUp
Merging measMET_monoZ_cat4L_sys_MuonSFUp
Merging MT_monoZ_cat4L_sys_MuonSFUp
Merging measMET_monoZ_catNRB_sys_MuonSFUp
Merging MT_monoZ_catNRB_sys_MuonSFUp
Merging measMET_monoZ_catTOP_sys_MuonSFUp
Merging MT_monoZ_catTOP_sys_MuonSFUp
Merging measMET_monoZ_catDY_sys_MuonSFUp
Merging MT_monoZ_catDY_sys_MuonSFUp
Merging balance_monoZ_sys_MuonSFUp
Merging phizmet_monoZ_sys_MuonSFUp
Merging njet_monoZ_sys_MuonSFUp
Merging measMET_monoZ_catSignal-0jet_sys_MuonSFDown
Merging MT_monoZ_catSignal-0jet_sys_MuonSFDown
Merging measMET_monoZ_catEM_sys_MuonSFDown
Merging MT_monoZ_catEM_sys_MuonSFDown
Merging measMET_monoZ_catSignal-1jet_sys_MuonSFDown
Merging MT_monoZ_catSignal-1jet_sys_MuonSFDown
Merging measMET_monoZ_cat3L_sys_MuonSFDown
Merging MT_monoZ_cat3L_sys_MuonSFDown
Merging measMET_monoZ_cat4L_sys_MuonSFDown
Merging MT_monoZ_cat4L_sys_MuonSFDown
Merging measMET_monoZ_catNRB_sys_MuonSFDown
Merging MT_monoZ_catNRB_sys_MuonSFDown
Merging measMET_monoZ_catTOP_sys_MuonSFDown
Merging MT_monoZ_catTOP_sys_MuonSFDown
Merging measMET_monoZ_catDY_sys_MuonSFDown
Merging MT_monoZ_catDY_sys_MuonSFDown
Merging balance_monoZ_sys_MuonSFDown
Merging phizmet_monoZ_sys_MuonSFDown
Merging njet_monoZ_sys_MuonSFDown
Merging measMET_monoZ_catSignal-0jet_sys_ElecronSFUp
Merging MT_monoZ_catSignal-0jet_sys_ElecronSFUp
Merging measMET_monoZ_catEM_sys_ElecronSFUp
Merging MT_monoZ_catEM_sys_ElecronSFUp
Merging measMET_monoZ_catSignal-1jet_sys_ElecronSFUp
Merging MT_monoZ_catSignal-1jet_sys_ElecronSFUp
Merging measMET_monoZ_cat3L_sys_ElecronSFUp
Merging MT_monoZ_cat3L_sys_ElecronSFUp
Merging measMET_monoZ_cat4L_sys_ElecronSFUp
Merging MT_monoZ_cat4L_sys_ElecronSFUp
Merging measMET_monoZ_catNRB_sys_ElecronSFUp
Merging MT_monoZ_catNRB_sys_ElecronSFUp
Merging measMET_monoZ_catTOP_sys_ElecronSFUp
Merging MT_monoZ_catTOP_sys_ElecronSFUp
Merging measMET_monoZ_catDY_sys_ElecronSFUp
Merging MT_monoZ_catDY_sys_ElecronSFUp
Merging balance_monoZ_sys_ElecronSFUp
Merging phizmet_monoZ_sys_ElecronSFUp
Merging njet_monoZ_sys_ElecronSFUp
Merging measMET_monoZ_catSignal-0jet_sys_ElecronSFDown
Merging MT_monoZ_catSignal-0jet_sys_ElecronSFDown
Merging measMET_monoZ_catEM_sys_ElecronSFDown
Merging MT_monoZ_catEM_sys_ElecronSFDown
Merging measMET_monoZ_catSignal-1jet_sys_ElecronSFDown
Merging MT_monoZ_catSignal-1jet_sys_ElecronSFDown
Merging measMET_monoZ_cat3L_sys_ElecronSFDown
Merging MT_monoZ_cat3L_sys_ElecronSFDown
Merging measMET_monoZ_cat4L_sys_ElecronSFDown
Merging MT_monoZ_cat4L_sys_ElecronSFDown
Merging measMET_monoZ_catNRB_sys_ElecronSFDown
Merging MT_monoZ_catNRB_sys_ElecronSFDown
Merging measMET_monoZ_catTOP_sys_ElecronSFDown
Merging MT_monoZ_catTOP_sys_ElecronSFDown
Merging measMET_monoZ_catDY_sys_ElecronSFDown
Merging MT_monoZ_catDY_sys_ElecronSFDown
Merging balance_monoZ_sys_ElecronSFDown
Merging phizmet_monoZ_sys_ElecronSFDown
Merging njet_monoZ_sys_ElecronSFDown
Merging measMET_monoZ_catSignal-0jet_sys_EWKUp
Merging MT_monoZ_catSignal-0jet_sys_EWKUp
Merging measMET_monoZ_catEM_sys_EWKUp
Merging MT_monoZ_catEM_sys_EWKUp
Merging measMET_monoZ_catSignal-1jet_sys_EWKUp
Merging MT_monoZ_catSignal-1jet_sys_EWKUp
Merging measMET_monoZ_cat3L_sys_EWKUp
Merging MT_monoZ_cat3L_sys_EWKUp
Merging measMET_monoZ_cat4L_sys_EWKUp
Merging MT_monoZ_cat4L_sys_EWKUp
Merging measMET_monoZ_catNRB_sys_EWKUp
Merging MT_monoZ_catNRB_sys_EWKUp
Merging measMET_monoZ_catTOP_sys_EWKUp
Merging MT_monoZ_catTOP_sys_EWKUp
Merging measMET_monoZ_catDY_sys_EWKUp
Merging MT_monoZ_catDY_sys_EWKUp
Merging balance_monoZ_sys_EWKUp
Merging phizmet_monoZ_sys_EWKUp
Merging njet_monoZ_sys_EWKUp
Merging measMET_monoZ_catSignal-0jet_sys_EWKDown
Merging MT_monoZ_catSignal-0jet_sys_EWKDown
Merging measMET_monoZ_catEM_sys_EWKDown
Merging MT_monoZ_catEM_sys_EWKDown
Merging measMET_monoZ_catSignal-1jet_sys_EWKDown
Merging MT_monoZ_catSignal-1jet_sys_EWKDown
Merging measMET_monoZ_cat3L_sys_EWKDown
Merging MT_monoZ_cat3L_sys_EWKDown
Merging measMET_monoZ_cat4L_sys_EWKDown
Merging MT_monoZ_cat4L_sys_EWKDown
Merging measMET_monoZ_catNRB_sys_EWKDown
Merging MT_monoZ_catNRB_sys_EWKDown
Merging measMET_monoZ_catTOP_sys_EWKDown
Merging MT_monoZ_catTOP_sys_EWKDown
Merging measMET_monoZ_catDY_sys_EWKDown
Merging MT_monoZ_catDY_sys_EWKDown
Merging balance_monoZ_sys_EWKDown
Merging phizmet_monoZ_sys_EWKDown
Merging njet_monoZ_sys_EWKDown
Merging measMET_monoZ_catSignal-0jet_sys_nvtxWeightUp
Merging MT_monoZ_catSignal-0jet_sys_nvtxWeightUp
Merging measMET_monoZ_catEM_sys_nvtxWeightUp
Merging MT_monoZ_catEM_sys_nvtxWeightUp
Merging measMET_monoZ_catSignal-1jet_sys_nvtxWeightUp
Merging MT_monoZ_catSignal-1jet_sys_nvtxWeightUp
Merging measMET_monoZ_cat3L_sys_nvtxWeightUp
Merging MT_monoZ_cat3L_sys_nvtxWeightUp
Merging measMET_monoZ_cat4L_sys_nvtxWeightUp
Merging MT_monoZ_cat4L_sys_nvtxWeightUp
Merging measMET_monoZ_catNRB_sys_nvtxWeightUp
Merging MT_monoZ_catNRB_sys_nvtxWeightUp
Merging measMET_monoZ_catTOP_sys_nvtxWeightUp
Merging MT_monoZ_catTOP_sys_nvtxWeightUp
Merging measMET_monoZ_catDY_sys_nvtxWeightUp
Merging MT_monoZ_catDY_sys_nvtxWeightUp
Merging balance_monoZ_sys_nvtxWeightUp
Merging phizmet_monoZ_sys_nvtxWeightUp
Merging njet_monoZ_sys_nvtxWeightUp
Merging measMET_monoZ_catSignal-0jet_sys_nvtxWeightDown
Merging MT_monoZ_catSignal-0jet_sys_nvtxWeightDown
Merging measMET_monoZ_catEM_sys_nvtxWeightDown
Merging MT_monoZ_catEM_sys_nvtxWeightDown
Merging measMET_monoZ_catSignal-1jet_sys_nvtxWeightDown
Merging MT_monoZ_catSignal-1jet_sys_nvtxWeightDown
Merging measMET_monoZ_cat3L_sys_nvtxWeightDown
Merging MT_monoZ_cat3L_sys_nvtxWeightDown
Merging measMET_monoZ_cat4L_sys_nvtxWeightDown
Merging MT_monoZ_cat4L_sys_nvtxWeightDown
Merging measMET_monoZ_catNRB_sys_nvtxWeightDown
Merging MT_monoZ_catNRB_sys_nvtxWeightDown
Merging measMET_monoZ_catTOP_sys_nvtxWeightDown
Merging MT_monoZ_catTOP_sys_nvtxWeightDown
Merging measMET_monoZ_catDY_sys_nvtxWeightDown
Merging MT_monoZ_catDY_sys_nvtxWeightDown
Merging balance_monoZ_sys_nvtxWeightDown
Merging phizmet_monoZ_sys_nvtxWeightDown
Merging njet_monoZ_sys_nvtxWeightDown
Merging measMET_monoZ_catSignal-0jet_sys_TriggerSFWeightUp
Merging MT_monoZ_catSignal-0jet_sys_TriggerSFWeightUp
Merging measMET_monoZ_catEM_sys_TriggerSFWeightUp
Merging MT_monoZ_catEM_sys_TriggerSFWeightUp
Merging measMET_monoZ_catSignal-1jet_sys_TriggerSFWeightUp
Merging MT_monoZ_catSignal-1jet_sys_TriggerSFWeightUp
Merging measMET_monoZ_cat3L_sys_TriggerSFWeightUp
Merging MT_monoZ_cat3L_sys_TriggerSFWeightUp
Merging measMET_monoZ_cat4L_sys_TriggerSFWeightUp
Merging MT_monoZ_cat4L_sys_TriggerSFWeightUp
Merging measMET_monoZ_catNRB_sys_TriggerSFWeightUp
Merging MT_monoZ_catNRB_sys_TriggerSFWeightUp
Merging measMET_monoZ_catTOP_sys_TriggerSFWeightUp
Merging MT_monoZ_catTOP_sys_TriggerSFWeightUp
Merging measMET_monoZ_catDY_sys_TriggerSFWeightUp
Merging MT_monoZ_catDY_sys_TriggerSFWeightUp
Merging balance_monoZ_sys_TriggerSFWeightUp
Merging phizmet_monoZ_sys_TriggerSFWeightUp
Merging njet_monoZ_sys_TriggerSFWeightUp
Merging measMET_monoZ_catSignal-0jet_sys_TriggerSFWeightDown
Merging MT_monoZ_catSignal-0jet_sys_TriggerSFWeightDown
Merging measMET_monoZ_catEM_sys_TriggerSFWeightDown
Merging MT_monoZ_catEM_sys_TriggerSFWeightDown
Merging measMET_monoZ_catSignal-1jet_sys_TriggerSFWeightDown
Merging MT_monoZ_catSignal-1jet_sys_TriggerSFWeightDown
Merging measMET_monoZ_cat3L_sys_TriggerSFWeightDown
Merging MT_monoZ_cat3L_sys_TriggerSFWeightDown
Merging measMET_monoZ_cat4L_sys_TriggerSFWeightDown
Merging MT_monoZ_cat4L_sys_TriggerSFWeightDown
Merging measMET_monoZ_catNRB_sys_TriggerSFWeightDown
Merging MT_monoZ_catNRB_sys_TriggerSFWeightDown
Merging measMET_monoZ_catTOP_sys_TriggerSFWeightDown
Merging MT_monoZ_catTOP_sys_TriggerSFWeightDown
Merging measMET_monoZ_catDY_sys_TriggerSFWeightDown
Merging MT_monoZ_catDY_sys_TriggerSFWeightDown
Merging balance_monoZ_sys_TriggerSFWeightDown
Merging phizmet_monoZ_sys_TriggerSFWeightDown
Merging njet_monoZ_sys_TriggerSFWeightDown
Merging measMET_monoZ_catSignal-0jet_sys_btagEventWeightUp
Merging MT_monoZ_catSignal-0jet_sys_btagEventWeightUp
Merging measMET_monoZ_catEM_sys_btagEventWeightUp
Merging MT_monoZ_catEM_sys_btagEventWeightUp
Merging measMET_monoZ_catSignal-1jet_sys_btagEventWeightUp
Merging MT_monoZ_catSignal-1jet_sys_btagEventWeightUp
Merging measMET_monoZ_cat3L_sys_btagEventWeightUp
Merging MT_monoZ_cat3L_sys_btagEventWeightUp
Merging measMET_monoZ_cat4L_sys_btagEventWeightUp
Merging MT_monoZ_cat4L_sys_btagEventWeightUp
Merging measMET_monoZ_catNRB_sys_btagEventWeightUp
Merging MT_monoZ_catNRB_sys_btagEventWeightUp
Merging measMET_monoZ_catTOP_sys_btagEventWeightUp
Merging MT_monoZ_catTOP_sys_btagEventWeightUp
Merging measMET_monoZ_catDY_sys_btagEventWeightUp
Merging MT_monoZ_catDY_sys_btagEventWeightUp
Merging balance_monoZ_sys_btagEventWeightUp
Merging phizmet_monoZ_sys_btagEventWeightUp
Merging njet_monoZ_sys_btagEventWeightUp
Merging measMET_monoZ_catSignal-0jet_sys_btagEventWeightDown
Merging MT_monoZ_catSignal-0jet_sys_btagEventWeightDown
Merging measMET_monoZ_catEM_sys_btagEventWeightDown
Merging MT_monoZ_catEM_sys_btagEventWeightDown
Merging measMET_monoZ_catSignal-1jet_sys_btagEventWeightDown
Merging MT_monoZ_catSignal-1jet_sys_btagEventWeightDown
Merging measMET_monoZ_cat3L_sys_btagEventWeightDown
Merging MT_monoZ_cat3L_sys_btagEventWeightDown
Merging measMET_monoZ_cat4L_sys_btagEventWeightDown
Merging MT_monoZ_cat4L_sys_btagEventWeightDown
Merging measMET_monoZ_catNRB_sys_btagEventWeightDown
Merging MT_monoZ_catNRB_sys_btagEventWeightDown
Merging measMET_monoZ_catTOP_sys_btagEventWeightDown
Merging MT_monoZ_catTOP_sys_btagEventWeightDown
Merging measMET_monoZ_catDY_sys_btagEventWeightDown
Merging MT_monoZ_catDY_sys_btagEventWeightDown
Merging balance_monoZ_sys_btagEventWeightDown
Merging phizmet_monoZ_sys_btagEventWeightDown
Merging njet_monoZ_sys_btagEventWeightDown
Merging measMET_monoZ_catSignal-0jet_sys_QCDScale0wUp
Merging MT_monoZ_catSignal-0jet_sys_QCDScale0wUp
Merging measMET_monoZ_catEM_sys_QCDScale0wUp
Merging MT_monoZ_catEM_sys_QCDScale0wUp
Merging measMET_monoZ_catSignal-1jet_sys_QCDScale0wUp
Merging MT_monoZ_catSignal-1jet_sys_QCDScale0wUp
Merging measMET_monoZ_cat3L_sys_QCDScale0wUp
Merging MT_monoZ_cat3L_sys_QCDScale0wUp
Merging measMET_monoZ_cat4L_sys_QCDScale0wUp
Merging MT_monoZ_cat4L_sys_QCDScale0wUp
Merging measMET_monoZ_catNRB_sys_QCDScale0wUp
Merging MT_monoZ_catNRB_sys_QCDScale0wUp
Merging measMET_monoZ_catTOP_sys_QCDScale0wUp
Merging MT_monoZ_catTOP_sys_QCDScale0wUp
Merging measMET_monoZ_catDY_sys_QCDScale0wUp
Merging MT_monoZ_catDY_sys_QCDScale0wUp
Merging balance_monoZ_sys_QCDScale0wUp
Merging phizmet_monoZ_sys_QCDScale0wUp
Merging njet_monoZ_sys_QCDScale0wUp
Merging measMET_monoZ_catSignal-0jet_sys_QCDScale0wDown
Merging MT_monoZ_catSignal-0jet_sys_QCDScale0wDown
Merging measMET_monoZ_catEM_sys_QCDScale0wDown
Merging MT_monoZ_catEM_sys_QCDScale0wDown
Merging measMET_monoZ_catSignal-1jet_sys_QCDScale0wDown
Merging MT_monoZ_catSignal-1jet_sys_QCDScale0wDown
Merging measMET_monoZ_cat3L_sys_QCDScale0wDown
Merging MT_monoZ_cat3L_sys_QCDScale0wDown
Merging measMET_monoZ_cat4L_sys_QCDScale0wDown
Merging MT_monoZ_cat4L_sys_QCDScale0wDown
Merging measMET_monoZ_catNRB_sys_QCDScale0wDown
Merging MT_monoZ_catNRB_sys_QCDScale0wDown
Merging measMET_monoZ_catTOP_sys_QCDScale0wDown
Merging MT_monoZ_catTOP_sys_QCDScale0wDown
Merging measMET_monoZ_catDY_sys_QCDScale0wDown
Merging MT_monoZ_catDY_sys_QCDScale0wDown
Merging balance_monoZ_sys_QCDScale0wDown
Merging phizmet_monoZ_sys_QCDScale0wDown
Merging njet_monoZ_sys_QCDScale0wDown
Merging measMET_monoZ_catSignal-0jet_sys_QCDScale1wUp
Merging MT_monoZ_catSignal-0jet_sys_QCDScale1wUp
Merging measMET_monoZ_catEM_sys_QCDScale1wUp
Merging MT_monoZ_catEM_sys_QCDScale1wUp
Merging measMET_monoZ_catSignal-1jet_sys_QCDScale1wUp
Merging MT_monoZ_catSignal-1jet_sys_QCDScale1wUp
Merging measMET_monoZ_cat3L_sys_QCDScale1wUp
Merging MT_monoZ_cat3L_sys_QCDScale1wUp
Merging measMET_monoZ_cat4L_sys_QCDScale1wUp
Merging MT_monoZ_cat4L_sys_QCDScale1wUp
Merging measMET_monoZ_catNRB_sys_QCDScale1wUp
Merging MT_monoZ_catNRB_sys_QCDScale1wUp
Merging measMET_monoZ_catTOP_sys_QCDScale1wUp
Merging MT_monoZ_catTOP_sys_QCDScale1wUp
Merging measMET_monoZ_catDY_sys_QCDScale1wUp
Merging MT_monoZ_catDY_sys_QCDScale1wUp
Merging balance_monoZ_sys_QCDScale1wUp
Merging phizmet_monoZ_sys_QCDScale1wUp
Merging njet_monoZ_sys_QCDScale1wUp
Merging measMET_monoZ_catSignal-0jet_sys_QCDScale1wDown
Merging MT_monoZ_catSignal-0jet_sys_QCDScale1wDown
Merging measMET_monoZ_catEM_sys_QCDScale1wDown
Merging MT_monoZ_catEM_sys_QCDScale1wDown
Merging measMET_monoZ_catSignal-1jet_sys_QCDScale1wDown
Merging MT_monoZ_catSignal-1jet_sys_QCDScale1wDown
Merging measMET_monoZ_cat3L_sys_QCDScale1wDown
Merging MT_monoZ_cat3L_sys_QCDScale1wDown
Merging measMET_monoZ_cat4L_sys_QCDScale1wDown
Merging MT_monoZ_cat4L_sys_QCDScale1wDown
Merging measMET_monoZ_catNRB_sys_QCDScale1wDown
Merging MT_monoZ_catNRB_sys_QCDScale1wDown
Merging measMET_monoZ_catTOP_sys_QCDScale1wDown
Merging MT_monoZ_catTOP_sys_QCDScale1wDown
Merging measMET_monoZ_catDY_sys_QCDScale1wDown
Merging MT_monoZ_catDY_sys_QCDScale1wDown
Merging balance_monoZ_sys_QCDScale1wDown
Merging phizmet_monoZ_sys_QCDScale1wDown
Merging njet_monoZ_sys_QCDScale1wDown
Merging measMET_monoZ_catSignal-0jet_sys_QCDScale2wUp
Merging MT_monoZ_catSignal-0jet_sys_QCDScale2wUp
Merging measMET_monoZ_catEM_sys_QCDScale2wUp
Merging MT_monoZ_catEM_sys_QCDScale2wUp
Merging measMET_monoZ_catSignal-1jet_sys_QCDScale2wUp
Merging MT_monoZ_catSignal-1jet_sys_QCDScale2wUp
Merging measMET_monoZ_cat3L_sys_QCDScale2wUp
Merging MT_monoZ_cat3L_sys_QCDScale2wUp
Merging measMET_monoZ_cat4L_sys_QCDScale2wUp
Merging MT_monoZ_cat4L_sys_QCDScale2wUp
Merging measMET_monoZ_catNRB_sys_QCDScale2wUp
Merging MT_monoZ_catNRB_sys_QCDScale2wUp
Merging measMET_monoZ_catTOP_sys_QCDScale2wUp
Merging MT_monoZ_catTOP_sys_QCDScale2wUp
Merging measMET_monoZ_catDY_sys_QCDScale2wUp
Merging MT_monoZ_catDY_sys_QCDScale2wUp
Merging balance_monoZ_sys_QCDScale2wUp
Merging phizmet_monoZ_sys_QCDScale2wUp
Merging njet_monoZ_sys_QCDScale2wUp
Merging measMET_monoZ_catSignal-0jet_sys_QCDScale2wDown
Merging MT_monoZ_catSignal-0jet_sys_QCDScale2wDown
Merging measMET_monoZ_catEM_sys_QCDScale2wDown
Merging MT_monoZ_catEM_sys_QCDScale2wDown
Merging measMET_monoZ_catSignal-1jet_sys_QCDScale2wDown
Merging MT_monoZ_catSignal-1jet_sys_QCDScale2wDown
Merging measMET_monoZ_cat3L_sys_QCDScale2wDown
Merging MT_monoZ_cat3L_sys_QCDScale2wDown
Merging measMET_monoZ_cat4L_sys_QCDScale2wDown
Merging MT_monoZ_cat4L_sys_QCDScale2wDown
Merging measMET_monoZ_catNRB_sys_QCDScale2wDown
Merging MT_monoZ_catNRB_sys_QCDScale2wDown
Merging measMET_monoZ_catTOP_sys_QCDScale2wDown
Merging MT_monoZ_catTOP_sys_QCDScale2wDown
Merging measMET_monoZ_catDY_sys_QCDScale2wDown
Merging MT_monoZ_catDY_sys_QCDScale2wDown
Merging balance_monoZ_sys_QCDScale2wDown
Merging phizmet_monoZ_sys_QCDScale2wDown
Merging njet_monoZ_sys_QCDScale2wDown
Merging Events
Merging Runs
Merging ParameterSets
Merging LuminosityBlocks
Merging MetaData
Merging MT_ZZTo2L2Nu_TuneCP5_13TeV_powheg_pythia8_catSignal-0jet_sys_EWKUp
Merging measMET_ZZTo2L2Nu_TuneCP5_13TeV_powheg_pythia8_catNRB_sys_PDFUp
Merging measMET_ZZTo2L2Nu_TuneCP5_13TeV_powheg_pythia8_catEM_sys_ElecronSFUp
Merging measMET_ZZTo2L2Nu_TuneCP5_13TeV_powheg_pythia8_cat4L
Merging MT_ZZTo2L2Nu_TuneCP5_13TeV_powheg_pythia8_catSignal-0jet_sys_jesTotalUp
Merging balance_ZZTo2L2Nu_TuneCP5_13TeV_powheg_pythia8_sys_btagEventWeightDown
Merging MT_ZZTo2L2Nu_TuneCP5_13TeV_powheg_pythia8_catSignal-1jet_sys_QCDScale1wDown
Merging MT_ZZTo2L2Nu_TuneCP5_13TeV_powheg_pythia8_catSignal-0jet_sys_jesTotalDown
Merging measMET_ZZTo2L2Nu_TuneCP5_13TeV_powheg_pythia8_catTOP_sys_MuonEnUp
Merging measMET_ZZTo2L2Nu_TuneCP5_13TeV_powheg_pythia8_catNRB_sys_ElecronSFUp
Merging measMET_ZZTo2L2Nu_TuneCP5_13TeV_powheg_pythia8_catSignal-0jet_sys_MuonEnUp
Merging MT_ZZTo2L2Nu_TuneCP5_13TeV_powheg_pythia8_catEM_sys_ElecronSFDown
Merging njet_ZZTo2L2Nu_TuneCP5_13TeV_powheg_pythia8_sys_nvtxWeightDown
Merging phizmet_ZZTo2L2Nu_TuneCP5_13TeV_powheg_pythia8_sys_jesTotalUp
Merging measMET_ZZTo2L2Nu_TuneCP5_13TeV_powheg_pythia8_catSignal-0jet_sys_EWKDown
Merging measMET_ZZTo2L2Nu_TuneCP5_13TeV_powheg_pythia8_catDY_sys_EWKUp
Merging measMET_ZZTo2L2Nu_TuneCP5_13TeV_powheg_pythia8_cat3L_sys_MuonSFDown
Merging MT_ZZTo2L2Nu_TuneCP5_13TeV_powheg_pythia8_cat4L_sys_nvtxWeightDown
Merging MT_ZZTo2L2Nu_TuneCP5_13TeV_powheg_pythia8_catSignal-1jet_sys_btagEventWeightUp
Merging MT_ZZTo2L2Nu_TuneCP5_13TeV_powheg_pythia8_cat3L_sys_QCDScale2wUp
Merging measMET_ZZTo2L2Nu_TuneCP5_13TeV_powheg_pythia8_catEM_sys_QCDScale2wUp
Merging MT_ZZTo2L2Nu_TuneCP5_13TeV_powheg_pythia8_catDY_sys_TriggerSFWeightDown
Merging MT_ZZTo2L2Nu_TuneCP5_13TeV_powheg_pythia8_catSignal-0jet_sys_PrefireWeightUp
Merging measMET_ZZTo2L2Nu_TuneCP5_13TeV_powheg_pythia8_catEM_sys_QCDScale2wDown
Merging MT_ZZTo2L2Nu_TuneCP5_13TeV_powheg_pythia8_catSignal-1jet_sys_nvtxWeightDown
Merging MT_ZZTo2L2Nu_TuneCP5_13TeV_powheg_pythia8_catDY_sys_puWeightUp
Merging MT_ZZTo2L2Nu_TuneCP5_13TeV_powheg_pythia8_catDY_sys_QCDScale2wDown
Merging phizmet_ZZTo2L2Nu_TuneCP5_13TeV_powheg_pythia8_sys_EWKUp
Merging measMET_ZZTo2L2Nu_TuneCP5_13TeV_powheg_pythia8_catNRB_sys_nvtxWeightUp
Merging measMET_ZZTo2L2Nu_TuneCP5_13TeV_powheg_pythia8_catDY_sys_MuonSFDown
Merging njet_ZZTo2L2Nu_TuneCP5_13TeV_powheg_pythia8_sys_PrefireWeightDown
Merging MT_ZZTo2L2Nu_TuneCP5_13TeV_powheg_pythia8_cat3L_sys_EWKUp
Merging MT_ZZTo2L2Nu_TuneCP5_13TeV_powheg_pythia8_cat3L_sys_TriggerSFWeightUp
Merging measMET_ZZTo2L2Nu_TuneCP5_13TeV_powheg_pythia8_catNRB_sys_QCDScale0wUp
Merging measMET_ZZTo2L2Nu_TuneCP5_13TeV_powheg_pythia8_cat3L_sys_puWeightUp
Merging measMET_ZZTo2L2Nu_TuneCP5_13TeV_powheg_pythia8_catSignal-1jet_sys_puWeightUp
Merging njet_ZZTo2L2Nu_TuneCP5_13TeV_powheg_pythia8_sys_QCDScale0wDown
Merging measMET_ZZTo2L2Nu_TuneCP5_13TeV_powheg_pythia8_catEM_sys_EWKUp
Merging MT_ZZTo2L2Nu_TuneCP5_13TeV_powheg_pythia8_catDY_sys_ElectronEnDown
Merging measMET_ZZTo2L2Nu_TuneCP5_13TeV_powheg_pythia8_catEM_sys_QCDScale1wUp
Merging measMET_ZZTo2L2Nu_TuneCP5_13TeV_powheg_pythia8_catTOP_sys_ElectronEnUp
Merging MT_ZZTo2L2Nu_TuneCP5_13TeV_powheg_pythia8_catSignal-0jet
Merging measMET_ZZTo2L2Nu_TuneCP5_13TeV_powheg_pythia8_catSignal-0jet_sys_PrefireWeightUp
Merging MT_ZZTo2L2Nu_TuneCP5_13TeV_powheg_pythia8_catNRB_sys_PDFUp
Merging MT_ZZTo2L2Nu_TuneCP5_13TeV_powheg_pythia8_catTOP_sys_btagEventWeightDown
Merging measMET_ZZTo2L2Nu_TuneCP5_13TeV_powheg_pythia8_catNRB
Merging measMET_ZZTo2L2Nu_TuneCP5_13TeV_powheg_pythia8_cat3L_sys_QCDScale1wUp
Merging MT_ZZTo2L2Nu_TuneCP5_13TeV_powheg_pythia8_catTOP_sys_MuonEnDown
Merging measMET_ZZTo2L2Nu_TuneCP5_13TeV_powheg_pythia8_catTOP_sys_MuonEnDown
Merging measMET_ZZTo2L2Nu_TuneCP5_13TeV_powheg_pythia8_catEM_sys_PDFDown
Merging measMET_ZZTo2L2Nu_TuneCP5_13TeV_powheg_pythia8_catEM_sys_nvtxWeightUp
Merging measMET_ZZTo2L2Nu_TuneCP5_13TeV_powheg_pythia8_cat4L_sys_ElecronSFDown
Merging MT_ZZTo2L2Nu_TuneCP5_13TeV_powheg_pythia8_catSignal-1jet
Merging measMET_ZZTo2L2Nu_TuneCP5_13TeV_powheg_pythia8_catNRB_sys_nvtxWeightDown
Merging measMET_ZZTo2L2Nu_TuneCP5_13TeV_powheg_pythia8_cat4L_sys_TriggerSFWeightDown
Merging MT_ZZTo2L2Nu_TuneCP5_13TeV_powheg_pythia8_catSignal-1jet_sys_QCDScale0wUp
Merging MT_ZZTo2L2Nu_TuneCP5_13TeV_powheg_pythia8_cat3L_sys_btagEventWeightDown
Merging measMET_ZZTo2L2Nu_TuneCP5_13TeV_powheg_pythia8_catDY_sys_QCDScale0wDown
Merging measMET_ZZTo2L2Nu_TuneCP5_13TeV_powheg_pythia8_catDY_sys_PDFUp
Merging phizmet_ZZTo2L2Nu_TuneCP5_13TeV_powheg_pythia8_sys_EWKDown
Merging MT_ZZTo2L2Nu_TuneCP5_13TeV_powheg_pythia8_catTOP_sys_PrefireWeightUp
Merging MT_ZZTo2L2Nu_TuneCP5_13TeV_powheg_pythia8_cat3L_sys_QCDScale0wUp
Merging MT_ZZTo2L2Nu_TuneCP5_13TeV_powheg_pythia8_catSignal-1jet_sys_PDFUp
Merging measMET_ZZTo2L2Nu_TuneCP5_13TeV_powheg_pythia8_catTOP_sys_ElecronSFDown
Merging MT_ZZTo2L2Nu_TuneCP5_13TeV_powheg_pythia8_cat3L_sys_PrefireWeightUp
Merging MT_ZZTo2L2Nu_TuneCP5_13TeV_powheg_pythia8_catNRB_sys_puWeightUp
Merging MT_ZZTo2L2Nu_TuneCP5_13TeV_powheg_pythia8_catNRB_sys_PrefireWeightUp
Merging MT_ZZTo2L2Nu_TuneCP5_13TeV_powheg_pythia8_catNRB_sys_MuonSFDown
Merging measMET_ZZTo2L2Nu_TuneCP5_13TeV_powheg_pythia8_catNRB_sys_jesTotalUp
Merging measMET_ZZTo2L2Nu_TuneCP5_13TeV_powheg_pythia8_catEM_sys_jerUp
Merging measMET_ZZTo2L2Nu_TuneCP5_13TeV_powheg_pythia8_catDY_sys_puWeightUp
Merging measMET_ZZTo2L2Nu_TuneCP5_13TeV_powheg_pythia8_catEM_sys_EWKDown
Merging MT_ZZTo2L2Nu_TuneCP5_13TeV_powheg_pythia8_catEM_sys_MuonSFDown
Merging MT_ZZTo2L2Nu_TuneCP5_13TeV_powheg_pythia8_catEM_sys_EWKUp
Merging measMET_ZZTo2L2Nu_TuneCP5_13TeV_powheg_pythia8_catEM_sys_MuonSFDown
Merging measMET_ZZTo2L2Nu_TuneCP5_13TeV_powheg_pythia8_cat3L_sys_MuonEnUp
Merging balance_ZZTo2L2Nu_TuneCP5_13TeV_powheg_pythia8_sys_puWeightUp
Merging measMET_ZZTo2L2Nu_TuneCP5_13TeV_powheg_pythia8_catTOP_sys_ElecronSFUp
Merging MT_ZZTo2L2Nu_TuneCP5_13TeV_powheg_pythia8_catDY_sys_QCDScale2wUp
Merging measMET_ZZTo2L2Nu_TuneCP5_13TeV_powheg_pythia8_catDY_sys_jesTotalUp
Merging measMET_ZZTo2L2Nu_TuneCP5_13TeV_powheg_pythia8_cat4L_sys_jesTotalUp
Merging measMET_ZZTo2L2Nu_TuneCP5_13TeV_powheg_pythia8_catTOP_sys_puWeightUp
Merging balance_ZZTo2L2Nu_TuneCP5_13TeV_powheg_pythia8_sys_MuonSFDown
Merging MT_ZZTo2L2Nu_TuneCP5_13TeV_powheg_pythia8_cat4L_sys_PDFDown
Merging MT_ZZTo2L2Nu_TuneCP5_13TeV_powheg_pythia8_catEM_sys_jerUp
Merging measMET_ZZTo2L2Nu_TuneCP5_13TeV_powheg_pythia8_cat4L_sys_ElecronSFUp
Merging njet_ZZTo2L2Nu_TuneCP5_13TeV_powheg_pythia8_sys_MuonSFUp
Merging MT_ZZTo2L2Nu_TuneCP5_13TeV_powheg_pythia8_cat3L_sys_jesTotalUp
Merging measMET_ZZTo2L2Nu_TuneCP5_13TeV_powheg_pythia8_catNRB_sys_QCDScale1wUp
Merging MT_ZZTo2L2Nu_TuneCP5_13TeV_powheg_pythia8_catDY_sys_MuonSFDown
Merging measMET_ZZTo2L2Nu_TuneCP5_13TeV_powheg_pythia8_catSignal-0jet_sys_QCDScale1wUp
Merging njet_ZZTo2L2Nu_TuneCP5_13TeV_powheg_pythia8
Merging balance_ZZTo2L2Nu_TuneCP5_13TeV_powheg_pythia8_sys_nvtxWeightDown
Merging autoPU
Merging measMET_ZZTo2L2Nu_TuneCP5_13TeV_powheg_pythia8_catSignal-1jet_sys_PDFUp
Merging measMET_ZZTo2L2Nu_TuneCP5_13TeV_powheg_pythia8_catEM_sys_btagEventWeightDown
Merging MT_ZZTo2L2Nu_TuneCP5_13TeV_powheg_pythia8_catEM_sys_ElectronEnUp
Merging MT_ZZTo2L2Nu_TuneCP5_13TeV_powheg_pythia8_catDY_sys_jesTotalDown
Merging measMET_ZZTo2L2Nu_TuneCP5_13TeV_powheg_pythia8_cat4L_sys_QCDScale2wDown
Merging phizmet_ZZTo2L2Nu_TuneCP5_13TeV_powheg_pythia8_sys_ElecronSFDown
Merging MT_ZZTo2L2Nu_TuneCP5_13TeV_powheg_pythia8_catNRB_sys_ElectronEnUp
Merging MT_ZZTo2L2Nu_TuneCP5_13TeV_powheg_pythia8_cat4L_sys_ElectronEnUp
Merging njet_ZZTo2L2Nu_TuneCP5_13TeV_powheg_pythia8_sys_QCDScale2wDown
Merging measMET_ZZTo2L2Nu_TuneCP5_13TeV_powheg_pythia8_catSignal-0jet_sys_btagEventWeightUp
Merging MT_ZZTo2L2Nu_TuneCP5_13TeV_powheg_pythia8_cat3L_sys_btagEventWeightUp
Merging MT_ZZTo2L2Nu_TuneCP5_13TeV_powheg_pythia8_catNRB_sys_MuonSFUp
Merging MT_ZZTo2L2Nu_TuneCP5_13TeV_powheg_pythia8_catNRB_sys_jesTotalDown
Merging measMET_ZZTo2L2Nu_TuneCP5_13TeV_powheg_pythia8_cat4L_sys_nvtxWeightDown
Merging measMET_ZZTo2L2Nu_TuneCP5_13TeV_powheg_pythia8_cat3L_sys_PDFDown
Merging measMET_ZZTo2L2Nu_TuneCP5_13TeV_powheg_pythia8_catNRB_sys_btagEventWeightUp
Merging phizmet_ZZTo2L2Nu_TuneCP5_13TeV_powheg_pythia8_sys_puWeightUp
Merging MT_ZZTo2L2Nu_TuneCP5_13TeV_powheg_pythia8_catTOP_sys_TriggerSFWeightDown
Merging balance_ZZTo2L2Nu_TuneCP5_13TeV_powheg_pythia8_sys_PDFDown
Merging measMET_ZZTo2L2Nu_TuneCP5_13TeV_powheg_pythia8_catTOP_sys_PrefireWeightDown
Merging MT_ZZTo2L2Nu_TuneCP5_13TeV_powheg_pythia8_catNRB_sys_nvtxWeightUp
Merging measMET_ZZTo2L2Nu_TuneCP5_13TeV_powheg_pythia8_catTOP_sys_TriggerSFWeightDown
Merging MT_ZZTo2L2Nu_TuneCP5_13TeV_powheg_pythia8_catSignal-0jet_sys_QCDScale0wUp
Merging measMET_ZZTo2L2Nu_TuneCP5_13TeV_powheg_pythia8_catDY_sys_jesTotalDown
Merging MT_ZZTo2L2Nu_TuneCP5_13TeV_powheg_pythia8_catTOP_sys_nvtxWeightDown
Merging MT_ZZTo2L2Nu_TuneCP5_13TeV_powheg_pythia8_catEM_sys_QCDScale2wDown
Merging measMET_ZZTo2L2Nu_TuneCP5_13TeV_powheg_pythia8_catTOP_sys_nvtxWeightDown
Merging phizmet_ZZTo2L2Nu_TuneCP5_13TeV_powheg_pythia8_sys_MuonEnUp
Merging MT_ZZTo2L2Nu_TuneCP5_13TeV_powheg_pythia8_catDY_sys_PDFUp
Merging measMET_ZZTo2L2Nu_TuneCP5_13TeV_powheg_pythia8_catSignal-0jet_sys_TriggerSFWeightUp
Merging measMET_ZZTo2L2Nu_TuneCP5_13TeV_powheg_pythia8_catEM_sys_puWeightDown
Merging MT_ZZTo2L2Nu_TuneCP5_13TeV_powheg_pythia8_catTOP_sys_btagEventWeightUp
Merging njet_ZZTo2L2Nu_TuneCP5_13TeV_powheg_pythia8_sys_ElecronSFUp
Merging MT_ZZTo2L2Nu_TuneCP5_13TeV_powheg_pythia8_cat3L_sys_puWeightUp
Merging MT_ZZTo2L2Nu_TuneCP5_13TeV_powheg_pythia8_catSignal-0jet_sys_MuonSFUp
Merging measMET_ZZTo2L2Nu_TuneCP5_13TeV_powheg_pythia8_catTOP_sys_jerDown
Merging MT_ZZTo2L2Nu_TuneCP5_13TeV_powheg_pythia8_catDY_sys_QCDScale0wDown
Merging measMET_ZZTo2L2Nu_TuneCP5_13TeV_powheg_pythia8_catSignal-0jet_sys_TriggerSFWeightDown
Merging measMET_ZZTo2L2Nu_TuneCP5_13TeV_powheg_pythia8_catTOP_sys_nvtxWeightUp
Merging MT_ZZTo2L2Nu_TuneCP5_13TeV_powheg_pythia8_cat3L_sys_jerDown
Merging MT_ZZTo2L2Nu_TuneCP5_13TeV_powheg_pythia8_catNRB_sys_PDFDown
Merging MT_ZZTo2L2Nu_TuneCP5_13TeV_powheg_pythia8_cat4L_sys_EWKDown
Merging measMET_ZZTo2L2Nu_TuneCP5_13TeV_powheg_pythia8_cat4L_sys_jerUp
Merging phizmet_ZZTo2L2Nu_TuneCP5_13TeV_powheg_pythia8_sys_jerUp
Merging balance_ZZTo2L2Nu_TuneCP5_13TeV_powheg_pythia8_sys_EWKUp
Merging measMET_ZZTo2L2Nu_TuneCP5_13TeV_powheg_pythia8_catNRB_sys_MuonEnDown
Merging measMET_ZZTo2L2Nu_TuneCP5_13TeV_powheg_pythia8_cat4L_sys_btagEventWeightUp
Merging measMET_ZZTo2L2Nu_TuneCP5_13TeV_powheg_pythia8_catTOP_sys_PDFDown
Merging MT_ZZTo2L2Nu_TuneCP5_13TeV_powheg_pythia8_catNRB_sys_btagEventWeightDown
Merging balance_ZZTo2L2Nu_TuneCP5_13TeV_powheg_pythia8_sys_MuonSFUp
Merging measMET_ZZTo2L2Nu_TuneCP5_13TeV_powheg_pythia8_catSignal-1jet_sys_MuonEnUp
Merging measMET_ZZTo2L2Nu_TuneCP5_13TeV_powheg_pythia8_catDY_sys_ElectronEnDown
Merging measMET_ZZTo2L2Nu_TuneCP5_13TeV_powheg_pythia8_catSignal-0jet_sys_btagEventWeightDown
Merging balance_ZZTo2L2Nu_TuneCP5_13TeV_powheg_pythia8_sys_ElectronEnUp
Merging balance_ZZTo2L2Nu_TuneCP5_13TeV_powheg_pythia8_sys_btagEventWeightUp
Merging measMET_ZZTo2L2Nu_TuneCP5_13TeV_powheg_pythia8_catTOP_sys_EWKDown
Merging MT_ZZTo2L2Nu_TuneCP5_13TeV_powheg_pythia8_cat4L_sys_QCDScale2wDown
Merging measMET_ZZTo2L2Nu_TuneCP5_13TeV_powheg_pythia8_catEM_sys_ElectronEnUp
Merging phizmet_ZZTo2L2Nu_TuneCP5_13TeV_powheg_pythia8_sys_PDFDown
Merging measMET_ZZTo2L2Nu_TuneCP5_13TeV_powheg_pythia8_catDY_sys_nvtxWeightUp
Merging measMET_ZZTo2L2Nu_TuneCP5_13TeV_powheg_pythia8_cat3L_sys_puWeightDown
Merging measMET_ZZTo2L2Nu_TuneCP5_13TeV_powheg_pythia8_catDY_sys_btagEventWeightDown
Merging njet_ZZTo2L2Nu_TuneCP5_13TeV_powheg_pythia8_sys_nvtxWeightUp
Merging MT_ZZTo2L2Nu_TuneCP5_13TeV_powheg_pythia8_cat4L_sys_MuonEnUp
Merging MT_ZZTo2L2Nu_TuneCP5_13TeV_powheg_pythia8_cat4L_sys_btagEventWeightUp
Merging balance_ZZTo2L2Nu_TuneCP5_13TeV_powheg_pythia8_sys_QCDScale2wDown
Merging balance_ZZTo2L2Nu_TuneCP5_13TeV_powheg_pythia8_sys_PrefireWeightUp
Merging measMET_ZZTo2L2Nu_TuneCP5_13TeV_powheg_pythia8_catNRB_sys_TriggerSFWeightDown
Merging measMET_ZZTo2L2Nu_TuneCP5_13TeV_powheg_pythia8_cat3L_sys_btagEventWeightDown
Merging MT_ZZTo2L2Nu_TuneCP5_13TeV_powheg_pythia8_catNRB_sys_QCDScale1wDown
Merging measMET_ZZTo2L2Nu_TuneCP5_13TeV_powheg_pythia8_catNRB_sys_btagEventWeightDown
Merging measMET_ZZTo2L2Nu_TuneCP5_13TeV_powheg_pythia8_catNRB_sys_PrefireWeightUp
Merging MT_ZZTo2L2Nu_TuneCP5_13TeV_powheg_pythia8_catEM_sys_TriggerSFWeightDown
Merging measMET_ZZTo2L2Nu_TuneCP5_13TeV_powheg_pythia8_catSignal-1jet_sys_ElectronEnUp
Merging MT_ZZTo2L2Nu_TuneCP5_13TeV_powheg_pythia8_catSignal-0jet_sys_QCDScale2wDown
Merging measMET_ZZTo2L2Nu_TuneCP5_13TeV_powheg_pythia8_cat4L_sys_QCDScale0wUp
Merging measMET_ZZTo2L2Nu_TuneCP5_13TeV_powheg_pythia8_catTOP_sys_QCDScale1wDown
Merging balance_ZZTo2L2Nu_TuneCP5_13TeV_powheg_pythia8_sys_MuonEnDown
Merging phizmet_ZZTo2L2Nu_TuneCP5_13TeV_powheg_pythia8_sys_ElectronEnUp
Merging MT_ZZTo2L2Nu_TuneCP5_13TeV_powheg_pythia8_catNRB_sys_QCDScale2wDown
Merging measMET_ZZTo2L2Nu_TuneCP5_13TeV_powheg_pythia8_catSignal-1jet_sys_btagEventWeightDown
Merging measMET_ZZTo2L2Nu_TuneCP5_13TeV_powheg_pythia8_catSignal-0jet_sys_ElectronEnDown
Merging MT_ZZTo2L2Nu_TuneCP5_13TeV_powheg_pythia8_catSignal-0jet_sys_MuonSFDown
Merging measMET_ZZTo2L2Nu_TuneCP5_13TeV_powheg_pythia8_catSignal-0jet_sys_MuonSFUp
Merging measMET_ZZTo2L2Nu_TuneCP5_13TeV_powheg_pythia8_catDY_sys_PrefireWeightDown
Merging MT_ZZTo2L2Nu_TuneCP5_13TeV_powheg_pythia8_cat3L_sys_jesTotalDown
Merging MT_ZZTo2L2Nu_TuneCP5_13TeV_powheg_pythia8_catNRB_sys_EWKUp
Merging measMET_ZZTo2L2Nu_TuneCP5_13TeV_powheg_pythia8_cat4L_sys_puWeightUp
Merging measMET_ZZTo2L2Nu_TuneCP5_13TeV_powheg_pythia8_catDY_sys_btagEventWeightUp
Merging measMET_ZZTo2L2Nu_TuneCP5_13TeV_powheg_pythia8_catSignal-1jet_sys_ElecronSFUp
Merging measMET_ZZTo2L2Nu_TuneCP5_13TeV_powheg_pythia8_catSignal-0jet_sys_nvtxWeightDown
Merging MT_ZZTo2L2Nu_TuneCP5_13TeV_powheg_pythia8_catDY_sys_btagEventWeightDown
Merging measMET_ZZTo2L2Nu_TuneCP5_13TeV_powheg_pythia8_cat3L_sys_QCDScale2wUp
Merging measMET_ZZTo2L2Nu_TuneCP5_13TeV_powheg_pythia8_catEM_sys_nvtxWeightDown
Merging measMET_ZZTo2L2Nu_TuneCP5_13TeV_powheg_pythia8_cat4L_sys_QCDScale1wDown
Merging MT_ZZTo2L2Nu_TuneCP5_13TeV_powheg_pythia8_catSignal-1jet_sys_jerDown
Merging balance_ZZTo2L2Nu_TuneCP5_13TeV_powheg_pythia8_sys_ElecronSFUp
Merging measMET_ZZTo2L2Nu_TuneCP5_13TeV_powheg_pythia8_catDY_sys_EWKDown
Merging MT_ZZTo2L2Nu_TuneCP5_13TeV_powheg_pythia8_cat3L_sys_PDFDown
Merging MT_ZZTo2L2Nu_TuneCP5_13TeV_powheg_pythia8_catEM_sys_QCDScale2wUp
Merging MT_ZZTo2L2Nu_TuneCP5_13TeV_powheg_pythia8_catTOP_sys_nvtxWeightUp
Merging MT_ZZTo2L2Nu_TuneCP5_13TeV_powheg_pythia8_cat4L_sys_ElecronSFDown
Merging measMET_ZZTo2L2Nu_TuneCP5_13TeV_powheg_pythia8_catNRB_sys_ElectronEnDown
Merging measMET_ZZTo2L2Nu_TuneCP5_13TeV_powheg_pythia8_catDY_sys_jerUp
Merging MT_ZZTo2L2Nu_TuneCP5_13TeV_powheg_pythia8_catTOP_sys_QCDScale0wDown
Merging MT_ZZTo2L2Nu_TuneCP5_13TeV_powheg_pythia8_catNRB_sys_ElecronSFUp
Merging balance_ZZTo2L2Nu_TuneCP5_13TeV_powheg_pythia8_sys_ElectronEnDown
Merging phizmet_ZZTo2L2Nu_TuneCP5_13TeV_powheg_pythia8_sys_QCDScale1wUp
Merging MT_ZZTo2L2Nu_TuneCP5_13TeV_powheg_pythia8_catTOP
Merging measMET_ZZTo2L2Nu_TuneCP5_13TeV_powheg_pythia8_catTOP_sys_puWeightDown
Merging measMET_ZZTo2L2Nu_TuneCP5_13TeV_powheg_pythia8_catEM_sys_ElectronEnDown
Merging MT_ZZTo2L2Nu_TuneCP5_13TeV_powheg_pythia8_catSignal-0jet_sys_PDFUp
Merging MT_ZZTo2L2Nu_TuneCP5_13TeV_powheg_pythia8_catNRB_sys_TriggerSFWeightUp
Merging MT_ZZTo2L2Nu_TuneCP5_13TeV_powheg_pythia8_catSignal-0jet_sys_ElectronEnUp
Merging MT_ZZTo2L2Nu_TuneCP5_13TeV_powheg_pythia8_catSignal-1jet_sys_QCDScale2wUp
Merging measMET_ZZTo2L2Nu_TuneCP5_13TeV_powheg_pythia8_catNRB_sys_QCDScale2wDown
Merging njet_ZZTo2L2Nu_TuneCP5_13TeV_powheg_pythia8_sys_btagEventWeightUp
Merging phizmet_ZZTo2L2Nu_TuneCP5_13TeV_powheg_pythia8_sys_TriggerSFWeightDown
Merging measMET_ZZTo2L2Nu_TuneCP5_13TeV_powheg_pythia8_cat4L_sys_jesTotalDown
Merging measMET_ZZTo2L2Nu_TuneCP5_13TeV_powheg_pythia8_catDY_sys_ElecronSFUp
Merging MT_ZZTo2L2Nu_TuneCP5_13TeV_powheg_pythia8_cat4L_sys_QCDScale0wUp
Merging MT_ZZTo2L2Nu_TuneCP5_13TeV_powheg_pythia8_cat4L_sys_TriggerSFWeightUp
Merging MT_ZZTo2L2Nu_TuneCP5_13TeV_powheg_pythia8_catTOP_sys_jerDown
Merging MT_ZZTo2L2Nu_TuneCP5_13TeV_powheg_pythia8_catEM_sys_TriggerSFWeightUp
Merging MT_ZZTo2L2Nu_TuneCP5_13TeV_powheg_pythia8_catSignal-0jet_sys_btagEventWeightUp
Merging measMET_ZZTo2L2Nu_TuneCP5_13TeV_powheg_pythia8_catTOP_sys_MuonSFDown
Merging measMET_ZZTo2L2Nu_TuneCP5_13TeV_powheg_pythia8_catSignal-1jet_sys_MuonSFDown
Merging MT_ZZTo2L2Nu_TuneCP5_13TeV_powheg_pythia8_catEM_sys_jesTotalDown
Merging MT_ZZTo2L2Nu_TuneCP5_13TeV_powheg_pythia8_cat4L_sys_QCDScale1wDown
Merging MT_ZZTo2L2Nu_TuneCP5_13TeV_powheg_pythia8_catSignal-1jet_sys_puWeightUp
Merging MT_ZZTo2L2Nu_TuneCP5_13TeV_powheg_pythia8_catNRB_sys_jerDown
Merging phizmet_ZZTo2L2Nu_TuneCP5_13TeV_powheg_pythia8_sys_puWeightDown
Merging njet_ZZTo2L2Nu_TuneCP5_13TeV_powheg_pythia8_sys_ElectronEnDown
Merging measMET_ZZTo2L2Nu_TuneCP5_13TeV_powheg_pythia8_catSignal-1jet_sys_QCDScale0wUp
Merging measMET_ZZTo2L2Nu_TuneCP5_13TeV_powheg_pythia8_catTOP_sys_btagEventWeightDown
Merging measMET_ZZTo2L2Nu_TuneCP5_13TeV_powheg_pythia8_cat3L_sys_btagEventWeightUp
Merging measMET_ZZTo2L2Nu_TuneCP5_13TeV_powheg_pythia8_catSignal-0jet_sys_jesTotalDown
Merging measMET_ZZTo2L2Nu_TuneCP5_13TeV_powheg_pythia8_catSignal-0jet
Merging MT_ZZTo2L2Nu_TuneCP5_13TeV_powheg_pythia8_catTOP_sys_PDFDown
Merging MT_ZZTo2L2Nu_TuneCP5_13TeV_powheg_pythia8_catSignal-0jet_sys_TriggerSFWeightDown
Merging MT_ZZTo2L2Nu_TuneCP5_13TeV_powheg_pythia8_catEM_sys_QCDScale0wUp
Merging MT_ZZTo2L2Nu_TuneCP5_13TeV_powheg_pythia8_catTOP_sys_TriggerSFWeightUp
Merging measMET_ZZTo2L2Nu_TuneCP5_13TeV_powheg_pythia8_catSignal-1jet_sys_QCDScale0wDown
Merging MT_ZZTo2L2Nu_TuneCP5_13TeV_powheg_pythia8_catEM_sys_btagEventWeightDown
Merging MT_ZZTo2L2Nu_TuneCP5_13TeV_powheg_pythia8_catNRB_sys_QCDScale1wUp
Merging MT_ZZTo2L2Nu_TuneCP5_13TeV_powheg_pythia8_catSignal-1jet_sys_QCDScale2wDown
Merging measMET_ZZTo2L2Nu_TuneCP5_13TeV_powheg_pythia8_catSignal-1jet_sys_jerDown
Merging MT_ZZTo2L2Nu_TuneCP5_13TeV_powheg_pythia8_catSignal-1jet_sys_ElectronEnDown
Merging MT_ZZTo2L2Nu_TuneCP5_13TeV_powheg_pythia8_catTOP_sys_MuonSFDown
Merging MT_ZZTo2L2Nu_TuneCP5_13TeV_powheg_pythia8_catSignal-0jet_sys_PrefireWeightDown
Merging MT_ZZTo2L2Nu_TuneCP5_13TeV_powheg_pythia8_cat4L_sys_MuonSFDown
Merging MT_ZZTo2L2Nu_TuneCP5_13TeV_powheg_pythia8_catTOP_sys_QCDScale1wUp
Merging MT_ZZTo2L2Nu_TuneCP5_13TeV_powheg_pythia8_catSignal-0jet_sys_EWKDown
Merging MT_ZZTo2L2Nu_TuneCP5_13TeV_powheg_pythia8_cat3L_sys_nvtxWeightUp
Merging MT_ZZTo2L2Nu_TuneCP5_13TeV_powheg_pythia8_cat4L_sys_jerUp
Merging MT_ZZTo2L2Nu_TuneCP5_13TeV_powheg_pythia8_catTOP_sys_QCDScale2wDown
Merging measMET_ZZTo2L2Nu_TuneCP5_13TeV_powheg_pythia8_catSignal-0jet_sys_jerDown
Merging balance_ZZTo2L2Nu_TuneCP5_13TeV_powheg_pythia8_sys_nvtxWeightUp
Merging MT_ZZTo2L2Nu_TuneCP5_13TeV_powheg_pythia8_catEM_sys_MuonSFUp
Merging MT_ZZTo2L2Nu_TuneCP5_13TeV_powheg_pythia8_catNRB_sys_ElecronSFDown
Merging njet_ZZTo2L2Nu_TuneCP5_13TeV_powheg_pythia8_sys_EWKDown
Merging MT_ZZTo2L2Nu_TuneCP5_13TeV_powheg_pythia8_catSignal-1jet_sys_ElectronEnUp
Merging measMET_ZZTo2L2Nu_TuneCP5_13TeV_powheg_pythia8_cat4L_sys_EWKUp
Merging measMET_ZZTo2L2Nu_TuneCP5_13TeV_powheg_pythia8_catEM_sys_QCDScale0wDown
Merging MT_ZZTo2L2Nu_TuneCP5_13TeV_powheg_pythia8_cat3L_sys_QCDScale1wDown
Merging measMET_ZZTo2L2Nu_TuneCP5_13TeV_powheg_pythia8_catDY_sys_QCDScale0wUp
Merging MT_ZZTo2L2Nu_TuneCP5_13TeV_powheg_pythia8_catDY_sys_puWeightDown
Merging measMET_ZZTo2L2Nu_TuneCP5_13TeV_powheg_pythia8_cat4L_sys_btagEventWeightDown
Merging MT_ZZTo2L2Nu_TuneCP5_13TeV_powheg_pythia8_catTOP_sys_EWKDown
Merging MT_ZZTo2L2Nu_TuneCP5_13TeV_powheg_pythia8_catSignal-0jet_sys_nvtxWeightDown
Merging measMET_ZZTo2L2Nu_TuneCP5_13TeV_powheg_pythia8_cat3L_sys_MuonSFUp
Merging measMET_ZZTo2L2Nu_TuneCP5_13TeV_powheg_pythia8_catSignal-1jet_sys_jesTotalDown
Merging measMET_ZZTo2L2Nu_TuneCP5_13TeV_powheg_pythia8_catEM_sys_MuonSFUp
Merging MT_ZZTo2L2Nu_TuneCP5_13TeV_powheg_pythia8_catEM_sys_MuonEnUp
Merging MT_ZZTo2L2Nu_TuneCP5_13TeV_powheg_pythia8_catTOP_sys_puWeightUp
Merging balance_ZZTo2L2Nu_TuneCP5_13TeV_powheg_pythia8_sys_puWeightDown
Merging MT_ZZTo2L2Nu_TuneCP5_13TeV_powheg_pythia8_catDY_sys_ElecronSFUp
Merging MT_ZZTo2L2Nu_TuneCP5_13TeV_powheg_pythia8_catSignal-1jet_sys_PrefireWeightDown
Merging balance_ZZTo2L2Nu_TuneCP5_13TeV_powheg_pythia8_sys_PDFUp
Merging measMET_ZZTo2L2Nu_TuneCP5_13TeV_powheg_pythia8_catSignal-1jet_sys_ElecronSFDown
Merging measMET_ZZTo2L2Nu_TuneCP5_13TeV_powheg_pythia8_catSignal-0jet_sys_MuonEnDown
Merging phizmet_ZZTo2L2Nu_TuneCP5_13TeV_powheg_pythia8_sys_MuonEnDown
Merging measMET_ZZTo2L2Nu_TuneCP5_13TeV_powheg_pythia8_catNRB_sys_QCDScale2wUp
Merging measMET_ZZTo2L2Nu_TuneCP5_13TeV_powheg_pythia8_catEM_sys_PDFUp
Merging MT_ZZTo2L2Nu_TuneCP5_13TeV_powheg_pythia8_catDY_sys_jesTotalUp
Merging MT_ZZTo2L2Nu_TuneCP5_13TeV_powheg_pythia8_catTOP_sys_EWKUp
Merging balance_ZZTo2L2Nu_TuneCP5_13TeV_powheg_pythia8_sys_QCDScale0wDown
Merging MT_ZZTo2L2Nu_TuneCP5_13TeV_powheg_pythia8_catSignal-1jet_sys_nvtxWeightUp
Merging MT_ZZTo2L2Nu_TuneCP5_13TeV_powheg_pythia8_catTOP_sys_QCDScale1wDown
Merging measMET_ZZTo2L2Nu_TuneCP5_13TeV_powheg_pythia8_catDY_sys_jerDown
Merging phizmet_ZZTo2L2Nu_TuneCP5_13TeV_powheg_pythia8_sys_TriggerSFWeightUp
Merging balance_ZZTo2L2Nu_TuneCP5_13TeV_powheg_pythia8_sys_QCDScale1wUp
Merging MT_ZZTo2L2Nu_TuneCP5_13TeV_powheg_pythia8_catDY_sys_MuonEnUp
Merging MT_ZZTo2L2Nu_TuneCP5_13TeV_powheg_pythia8_catSignal-0jet_sys_nvtxWeightUp
Merging phizmet_ZZTo2L2Nu_TuneCP5_13TeV_powheg_pythia8_sys_btagEventWeightUp
Merging measMET_ZZTo2L2Nu_TuneCP5_13TeV_powheg_pythia8_catEM_sys_TriggerSFWeightDown
Merging measMET_ZZTo2L2Nu_TuneCP5_13TeV_powheg_pythia8_catSignal-0jet_sys_PDFDown
Merging measMET_ZZTo2L2Nu_TuneCP5_13TeV_powheg_pythia8_cat3L_sys_TriggerSFWeightUp
Merging measMET_ZZTo2L2Nu_TuneCP5_13TeV_powheg_pythia8_catSignal-1jet_sys_TriggerSFWeightDown
Merging MT_ZZTo2L2Nu_TuneCP5_13TeV_powheg_pythia8_catSignal-1jet_sys_jesTotalDown
Merging measMET_ZZTo2L2Nu_TuneCP5_13TeV_powheg_pythia8_catSignal-1jet_sys_PrefireWeightUp
Merging measMET_ZZTo2L2Nu_TuneCP5_13TeV_powheg_pythia8_catDY_sys_MuonSFUp
Merging measMET_ZZTo2L2Nu_TuneCP5_13TeV_powheg_pythia8_catNRB_sys_ElecronSFDown
Merging measMET_ZZTo2L2Nu_TuneCP5_13TeV_powheg_pythia8_cat4L_sys_PrefireWeightDown
Merging measMET_ZZTo2L2Nu_TuneCP5_13TeV_powheg_pythia8_catSignal-1jet_sys_PDFDown
Merging measMET_ZZTo2L2Nu_TuneCP5_13TeV_powheg_pythia8_catNRB_sys_PrefireWeightDown
Merging measMET_ZZTo2L2Nu_TuneCP5_13TeV_powheg_pythia8_catSignal-0jet_sys_ElectronEnUp
Merging measMET_ZZTo2L2Nu_TuneCP5_13TeV_powheg_pythia8_cat3L_sys_nvtxWeightUp
Merging MT_ZZTo2L2Nu_TuneCP5_13TeV_powheg_pythia8_catNRB_sys_MuonEnDown
Merging MT_ZZTo2L2Nu_TuneCP5_13TeV_powheg_pythia8_cat4L_sys_PDFUp
Merging measMET_ZZTo2L2Nu_TuneCP5_13TeV_powheg_pythia8_cat4L_sys_nvtxWeightUp
Merging measMET_ZZTo2L2Nu_TuneCP5_13TeV_powheg_pythia8_cat4L_sys_TriggerSFWeightUp
Merging MT_ZZTo2L2Nu_TuneCP5_13TeV_powheg_pythia8_cat4L_sys_QCDScale2wUp
Merging measMET_ZZTo2L2Nu_TuneCP5_13TeV_powheg_pythia8_cat3L_sys_ElecronSFUp
Merging measMET_ZZTo2L2Nu_TuneCP5_13TeV_powheg_pythia8_catSignal-1jet_sys_PrefireWeightDown
Merging measMET_ZZTo2L2Nu_TuneCP5_13TeV_powheg_pythia8_catNRB_sys_TriggerSFWeightUp
Merging MT_ZZTo2L2Nu_TuneCP5_13TeV_powheg_pythia8_catEM_sys_puWeightUp
Merging measMET_ZZTo2L2Nu_TuneCP5_13TeV_powheg_pythia8_catTOP_sys_jesTotalDown
Merging measMET_ZZTo2L2Nu_TuneCP5_13TeV_powheg_pythia8_catSignal-1jet_sys_nvtxWeightUp
Merging njet_ZZTo2L2Nu_TuneCP5_13TeV_powheg_pythia8_sys_jerUp
Merging MT_ZZTo2L2Nu_TuneCP5_13TeV_powheg_pythia8_catTOP_sys_jesTotalDown
Merging njet_ZZTo2L2Nu_TuneCP5_13TeV_powheg_pythia8_sys_ElecronSFDown
Merging measMET_ZZTo2L2Nu_TuneCP5_13TeV_powheg_pythia8_catSignal-1jet_sys_QCDScale2wUp
Merging MT_ZZTo2L2Nu_TuneCP5_13TeV_powheg_pythia8_catDY_sys_PrefireWeightUp
Merging MT_ZZTo2L2Nu_TuneCP5_13TeV_powheg_pythia8_catDY_sys_nvtxWeightDown
Merging measMET_ZZTo2L2Nu_TuneCP5_13TeV_powheg_pythia8_cat3L_sys_TriggerSFWeightDown
Merging njet_ZZTo2L2Nu_TuneCP5_13TeV_powheg_pythia8_sys_QCDScale0wUp
Merging MT_ZZTo2L2Nu_TuneCP5_13TeV_powheg_pythia8_catDY_sys_ElecronSFDown
Merging measMET_ZZTo2L2Nu_TuneCP5_13TeV_powheg_pythia8_catSignal-1jet_sys_MuonSFUp
Merging MT_ZZTo2L2Nu_TuneCP5_13TeV_powheg_pythia8_cat3L_sys_puWeightDown
Merging balance_ZZTo2L2Nu_TuneCP5_13TeV_powheg_pythia8_sys_EWKDown
Merging phizmet_ZZTo2L2Nu_TuneCP5_13TeV_powheg_pythia8_sys_MuonSFUp
Merging MT_ZZTo2L2Nu_TuneCP5_13TeV_powheg_pythia8_catEM_sys_EWKDown
Merging measMET_ZZTo2L2Nu_TuneCP5_13TeV_powheg_pythia8_cat4L_sys_MuonEnDown
Merging MT_ZZTo2L2Nu_TuneCP5_13TeV_powheg_pythia8_catDY_sys_ElectronEnUp
Merging MT_ZZTo2L2Nu_TuneCP5_13TeV_powheg_pythia8_catSignal-0jet_sys_ElecronSFUp
Merging njet_ZZTo2L2Nu_TuneCP5_13TeV_powheg_pythia8_sys_MuonEnDown
Merging MT_ZZTo2L2Nu_TuneCP5_13TeV_powheg_pythia8_catTOP_sys_ElecronSFDown
Merging measMET_ZZTo2L2Nu_TuneCP5_13TeV_powheg_pythia8_catDY
Merging measMET_ZZTo2L2Nu_TuneCP5_13TeV_powheg_pythia8_catDY_sys_MuonEnDown
Merging measMET_ZZTo2L2Nu_TuneCP5_13TeV_powheg_pythia8_catEM_sys_jesTotalUp
Merging measMET_ZZTo2L2Nu_TuneCP5_13TeV_powheg_pythia8_catTOP
Merging measMET_ZZTo2L2Nu_TuneCP5_13TeV_powheg_pythia8_cat3L_sys_QCDScale0wUp
Merging MT_ZZTo2L2Nu_TuneCP5_13TeV_powheg_pythia8_cat4L_sys_QCDScale0wDown
Merging measMET_ZZTo2L2Nu_TuneCP5_13TeV_powheg_pythia8_catDY_sys_MuonEnUp
Merging measMET_ZZTo2L2Nu_TuneCP5_13TeV_powheg_pythia8_catDY_sys_PrefireWeightUp
Merging njet_ZZTo2L2Nu_TuneCP5_13TeV_powheg_pythia8_sys_PrefireWeightUp
Merging MT_ZZTo2L2Nu_TuneCP5_13TeV_powheg_pythia8_cat3L_sys_MuonSFUp
Merging balance_ZZTo2L2Nu_TuneCP5_13TeV_powheg_pythia8_sys_ElecronSFDown
Merging MT_ZZTo2L2Nu_TuneCP5_13TeV_powheg_pythia8_catEM_sys_jerDown
Merging MT_ZZTo2L2Nu_TuneCP5_13TeV_powheg_pythia8_catTOP_sys_ElectronEnUp
Merging MT_ZZTo2L2Nu_TuneCP5_13TeV_powheg_pythia8_cat3L_sys_PDFUp
Merging MT_ZZTo2L2Nu_TuneCP5_13TeV_powheg_pythia8_catNRB_sys_btagEventWeightUp
Merging MT_ZZTo2L2Nu_TuneCP5_13TeV_powheg_pythia8_cat4L
Merging MT_ZZTo2L2Nu_TuneCP5_13TeV_powheg_pythia8_catSignal-0jet_sys_QCDScale2wUp
Merging MT_ZZTo2L2Nu_TuneCP5_13TeV_powheg_pythia8_catEM_sys_MuonEnDown
Merging MT_ZZTo2L2Nu_TuneCP5_13TeV_powheg_pythia8_cat4L_sys_jesTotalUp
Merging MT_ZZTo2L2Nu_TuneCP5_13TeV_powheg_pythia8_cat3L_sys_MuonEnDown
Merging MT_ZZTo2L2Nu_TuneCP5_13TeV_powheg_pythia8_catSignal-1jet_sys_TriggerSFWeightDown
Merging njet_ZZTo2L2Nu_TuneCP5_13TeV_powheg_pythia8_sys_puWeightUp
Merging measMET_ZZTo2L2Nu_TuneCP5_13TeV_powheg_pythia8_catEM_sys_QCDScale0wUp
Merging measMET_ZZTo2L2Nu_TuneCP5_13TeV_powheg_pythia8_catSignal-0jet_sys_jesTotalUp
Merging MT_ZZTo2L2Nu_TuneCP5_13TeV_powheg_pythia8_catNRB_sys_QCDScale2wUp
Merging MT_ZZTo2L2Nu_TuneCP5_13TeV_powheg_pythia8_catSignal-0jet_sys_TriggerSFWeightUp
Merging measMET_ZZTo2L2Nu_TuneCP5_13TeV_powheg_pythia8_catSignal-0jet_sys_puWeightUp
Merging balance_ZZTo2L2Nu_TuneCP5_13TeV_powheg_pythia8_sys_QCDScale0wUp
Merging MT_ZZTo2L2Nu_TuneCP5_13TeV_powheg_pythia8_catSignal-0jet_sys_PDFDown
Merging MT_ZZTo2L2Nu_TuneCP5_13TeV_powheg_pythia8_catSignal-0jet_sys_ElecronSFDown
Merging MT_ZZTo2L2Nu_TuneCP5_13TeV_powheg_pythia8_cat3L_sys_ElecronSFDown
Merging measMET_ZZTo2L2Nu_TuneCP5_13TeV_powheg_pythia8_catSignal-1jet_sys_ElectronEnDown
Merging MT_ZZTo2L2Nu_TuneCP5_13TeV_powheg_pythia8_catNRB_sys_nvtxWeightDown
Merging MT_ZZTo2L2Nu_TuneCP5_13TeV_powheg_pythia8_catEM_sys_btagEventWeightUp
Merging measMET_ZZTo2L2Nu_TuneCP5_13TeV_powheg_pythia8_cat3L_sys_QCDScale1wDown
Merging measMET_ZZTo2L2Nu_TuneCP5_13TeV_powheg_pythia8_catNRB_sys_MuonSFUp
Merging MT_ZZTo2L2Nu_TuneCP5_13TeV_powheg_pythia8_catEM_sys_puWeightDown
Merging measMET_ZZTo2L2Nu_TuneCP5_13TeV_powheg_pythia8_catSignal-1jet_sys_QCDScale2wDown
Merging MT_ZZTo2L2Nu_TuneCP5_13TeV_powheg_pythia8_cat4L_sys_jerDown
Merging measMET_ZZTo2L2Nu_TuneCP5_13TeV_powheg_pythia8_catNRB_sys_jesTotalDown
Merging measMET_ZZTo2L2Nu_TuneCP5_13TeV_powheg_pythia8_catNRB_sys_ElectronEnUp
Merging measMET_ZZTo2L2Nu_TuneCP5_13TeV_powheg_pythia8_catSignal-1jet_sys_TriggerSFWeightUp
Merging measMET_ZZTo2L2Nu_TuneCP5_13TeV_powheg_pythia8_cat3L_sys_QCDScale2wDown
Merging measMET_ZZTo2L2Nu_TuneCP5_13TeV_powheg_pythia8_catSignal-1jet_sys_nvtxWeightDown
Merging measMET_ZZTo2L2Nu_TuneCP5_13TeV_powheg_pythia8_catEM_sys_btagEventWeightUp
Merging MT_ZZTo2L2Nu_TuneCP5_13TeV_powheg_pythia8_cat3L_sys_TriggerSFWeightDown
Merging MT_ZZTo2L2Nu_TuneCP5_13TeV_powheg_pythia8_catSignal-1jet_sys_PrefireWeightUp
Merging MT_ZZTo2L2Nu_TuneCP5_13TeV_powheg_pythia8_cat4L_sys_btagEventWeightDown
Merging measMET_ZZTo2L2Nu_TuneCP5_13TeV_powheg_pythia8_cat3L_sys_nvtxWeightDown
Merging measMET_ZZTo2L2Nu_TuneCP5_13TeV_powheg_pythia8_catDY_sys_puWeightDown
Merging phizmet_ZZTo2L2Nu_TuneCP5_13TeV_powheg_pythia8_sys_MuonSFDown
Merging measMET_ZZTo2L2Nu_TuneCP5_13TeV_powheg_pythia8_cat4L_sys_puWeightDown
Merging phizmet_ZZTo2L2Nu_TuneCP5_13TeV_powheg_pythia8_sys_PrefireWeightUp
Merging MT_ZZTo2L2Nu_TuneCP5_13TeV_powheg_pythia8_catDY_sys_PDFDown
Merging measMET_ZZTo2L2Nu_TuneCP5_13TeV_powheg_pythia8_cat4L_sys_MuonEnUp
Merging MT_ZZTo2L2Nu_TuneCP5_13TeV_powheg_pythia8_catNRB_sys_TriggerSFWeightDown
Merging measMET_ZZTo2L2Nu_TuneCP5_13TeV_powheg_pythia8_catNRB_sys_QCDScale0wDown
Merging MT_ZZTo2L2Nu_TuneCP5_13TeV_powheg_pythia8_catDY_sys_QCDScale1wUp
Merging measMET_ZZTo2L2Nu_TuneCP5_13TeV_powheg_pythia8_cat3L_sys_EWKDown
Merging measMET_ZZTo2L2Nu_TuneCP5_13TeV_powheg_pythia8_catEM_sys_puWeightUp
Merging MT_ZZTo2L2Nu_TuneCP5_13TeV_powheg_pythia8_catSignal-0jet_sys_QCDScale1wUp
Merging MT_ZZTo2L2Nu_TuneCP5_13TeV_powheg_pythia8_catTOP_sys_PDFUp
Merging MT_ZZTo2L2Nu_TuneCP5_13TeV_powheg_pythia8_catSignal-1jet_sys_QCDScale0wDown
Merging MT_ZZTo2L2Nu_TuneCP5_13TeV_powheg_pythia8_catSignal-1jet_sys_ElecronSFDown
Merging phizmet_ZZTo2L2Nu_TuneCP5_13TeV_powheg_pythia8_sys_QCDScale0wDown
Merging MT_ZZTo2L2Nu_TuneCP5_13TeV_powheg_pythia8_catEM_sys_nvtxWeightUp
Merging measMET_ZZTo2L2Nu_TuneCP5_13TeV_powheg_pythia8_cat3L_sys_MuonEnDown
Merging balance_ZZTo2L2Nu_TuneCP5_13TeV_powheg_pythia8_sys_QCDScale2wUp
Merging phizmet_ZZTo2L2Nu_TuneCP5_13TeV_powheg_pythia8_sys_nvtxWeightUp
Merging njet_ZZTo2L2Nu_TuneCP5_13TeV_powheg_pythia8_sys_puWeightDown
Merging measMET_ZZTo2L2Nu_TuneCP5_13TeV_powheg_pythia8_catSignal-0jet_sys_PrefireWeightDown
Merging measMET_ZZTo2L2Nu_TuneCP5_13TeV_powheg_pythia8_cat3L_sys_ElectronEnDown
Merging MT_ZZTo2L2Nu_TuneCP5_13TeV_powheg_pythia8_cat4L_sys_PrefireWeightDown
Merging measMET_ZZTo2L2Nu_TuneCP5_13TeV_powheg_pythia8_catTOP_sys_QCDScale0wUp
Merging MT_ZZTo2L2Nu_TuneCP5_13TeV_powheg_pythia8_catSignal-1jet_sys_PDFDown
Merging MT_ZZTo2L2Nu_TuneCP5_13TeV_powheg_pythia8_cat4L_sys_MuonEnDown
Merging measMET_ZZTo2L2Nu_TuneCP5_13TeV_powheg_pythia8_cat3L
Merging MT_ZZTo2L2Nu_TuneCP5_13TeV_powheg_pythia8_catSignal-1jet_sys_MuonEnUp
Merging measMET_ZZTo2L2Nu_TuneCP5_13TeV_powheg_pythia8_catDY_sys_PDFDown
Merging MT_ZZTo2L2Nu_TuneCP5_13TeV_powheg_pythia8_catSignal-0jet_sys_btagEventWeightDown
Merging MT_ZZTo2L2Nu_TuneCP5_13TeV_powheg_pythia8_catSignal-0jet_sys_jerDown
Merging njet_ZZTo2L2Nu_TuneCP5_13TeV_powheg_pythia8_sys_PDFDown
Merging measMET_ZZTo2L2Nu_TuneCP5_13TeV_powheg_pythia8_catSignal-1jet_sys_jesTotalUp
Merging measMET_ZZTo2L2Nu_TuneCP5_13TeV_powheg_pythia8_catTOP_sys_QCDScale1wUp
Merging untagged
Merging MT_ZZTo2L2Nu_TuneCP5_13TeV_powheg_pythia8_catDY_sys_MuonSFUp
Merging MT_ZZTo2L2Nu_TuneCP5_13TeV_powheg_pythia8_catSignal-0jet_sys_MuonEnDown
Merging MT_ZZTo2L2Nu_TuneCP5_13TeV_powheg_pythia8_catDY_sys_jerUp
Merging measMET_ZZTo2L2Nu_TuneCP5_13TeV_powheg_pythia8_cat3L_sys_jerDown
Merging MT_ZZTo2L2Nu_TuneCP5_13TeV_powheg_pythia8_catDY_sys_TriggerSFWeightUp
Merging measMET_ZZTo2L2Nu_TuneCP5_13TeV_powheg_pythia8_catSignal-1jet_sys_jerUp
Merging MT_ZZTo2L2Nu_TuneCP5_13TeV_powheg_pythia8_cat4L_sys_jesTotalDown
Merging MT_ZZTo2L2Nu_TuneCP5_13TeV_powheg_pythia8_cat3L_sys_nvtxWeightDown
Merging measMET_ZZTo2L2Nu_TuneCP5_13TeV_powheg_pythia8_catSignal-0jet_sys_QCDScale2wUp
Merging MT_ZZTo2L2Nu_TuneCP5_13TeV_powheg_pythia8_catDY_sys_btagEventWeightUp
Merging MT_ZZTo2L2Nu_TuneCP5_13TeV_powheg_pythia8_catEM_sys_PDFUp
Merging MT_ZZTo2L2Nu_TuneCP5_13TeV_powheg_pythia8_catDY_sys_QCDScale1wDown
Merging measMET_ZZTo2L2Nu_TuneCP5_13TeV_powheg_pythia8_cat3L_sys_ElecronSFDown
Merging phizmet_ZZTo2L2Nu_TuneCP5_13TeV_powheg_pythia8_sys_PDFUp
Merging measMET_ZZTo2L2Nu_TuneCP5_13TeV_powheg_pythia8_catNRB_sys_jerDown
Merging phizmet_ZZTo2L2Nu_TuneCP5_13TeV_powheg_pythia8
Merging measMET_ZZTo2L2Nu_TuneCP5_13TeV_powheg_pythia8_catTOP_sys_MuonSFUp
Merging measMET_ZZTo2L2Nu_TuneCP5_13TeV_powheg_pythia8_catTOP_sys_EWKUp
Merging MT_ZZTo2L2Nu_TuneCP5_13TeV_powheg_pythia8_catEM_sys_nvtxWeightDown
Merging measMET_ZZTo2L2Nu_TuneCP5_13TeV_powheg_pythia8_catSignal-0jet_sys_QCDScale0wUp
Merging measMET_ZZTo2L2Nu_TuneCP5_13TeV_powheg_pythia8_cat3L_sys_EWKUp
Merging MT_ZZTo2L2Nu_TuneCP5_13TeV_powheg_pythia8_catDY_sys_jerDown
Merging njet_ZZTo2L2Nu_TuneCP5_13TeV_powheg_pythia8_sys_PDFUp
Merging MT_ZZTo2L2Nu_TuneCP5_13TeV_powheg_pythia8_catEM_sys_QCDScale0wDown
Merging measMET_ZZTo2L2Nu_TuneCP5_13TeV_powheg_pythia8_catNRB_sys_EWKDown
Merging measMET_ZZTo2L2Nu_TuneCP5_13TeV_powheg_pythia8_catSignal-1jet_sys_MuonEnDown
Merging measMET_ZZTo2L2Nu_TuneCP5_13TeV_powheg_pythia8_cat3L_sys_jesTotalUp
Merging measMET_ZZTo2L2Nu_TuneCP5_13TeV_powheg_pythia8_cat4L_sys_ElectronEnUp
Merging MT_ZZTo2L2Nu_TuneCP5_13TeV_powheg_pythia8_catNRB_sys_puWeightDown
Merging measMET_ZZTo2L2Nu_TuneCP5_13TeV_powheg_pythia8_catDY_sys_QCDScale2wUp
Merging measMET_ZZTo2L2Nu_TuneCP5_13TeV_powheg_pythia8_catDY_sys_ElectronEnUp
Merging MT_ZZTo2L2Nu_TuneCP5_13TeV_powheg_pythia8_catEM
Merging MT_ZZTo2L2Nu_TuneCP5_13TeV_powheg_pythia8_catSignal-0jet_sys_QCDScale1wDown
Merging balance_ZZTo2L2Nu_TuneCP5_13TeV_powheg_pythia8_sys_TriggerSFWeightUp
Merging measMET_ZZTo2L2Nu_TuneCP5_13TeV_powheg_pythia8_cat4L_sys_PDFDown
Merging MT_ZZTo2L2Nu_TuneCP5_13TeV_powheg_pythia8_catNRB_sys_EWKDown
Merging MT_ZZTo2L2Nu_TuneCP5_13TeV_powheg_pythia8_catEM_sys_ElecronSFUp
Merging measMET_ZZTo2L2Nu_TuneCP5_13TeV_powheg_pythia8_cat4L_sys_ElectronEnDown
Merging MT_ZZTo2L2Nu_TuneCP5_13TeV_powheg_pythia8_catTOP_sys_jesTotalUp
Merging MT_ZZTo2L2Nu_TuneCP5_13TeV_powheg_pythia8_catSignal-1jet_sys_puWeightDown
Merging MT_ZZTo2L2Nu_TuneCP5_13TeV_powheg_pythia8_catSignal-0jet_sys_jerUp
Merging measMET_ZZTo2L2Nu_TuneCP5_13TeV_powheg_pythia8_catNRB_sys_puWeightDown
Merging measMET_ZZTo2L2Nu_TuneCP5_13TeV_powheg_pythia8_catNRB_sys_MuonEnUp
Merging MT_ZZTo2L2Nu_TuneCP5_13TeV_powheg_pythia8_cat3L_sys_QCDScale1wUp
Merging measMET_ZZTo2L2Nu_TuneCP5_13TeV_powheg_pythia8_catEM
Merging MT_ZZTo2L2Nu_TuneCP5_13TeV_powheg_pythia8_catSignal-0jet_sys_QCDScale0wDown
Merging phizmet_ZZTo2L2Nu_TuneCP5_13TeV_powheg_pythia8_sys_nvtxWeightDown
Merging MT_ZZTo2L2Nu_TuneCP5_13TeV_powheg_pythia8_catEM_sys_QCDScale1wUp
Merging measMET_ZZTo2L2Nu_TuneCP5_13TeV_powheg_pythia8_catSignal-1jet_sys_EWKUp
Merging measMET_ZZTo2L2Nu_TuneCP5_13TeV_powheg_pythia8_catSignal-0jet_sys_nvtxWeightUp
Merging MT_ZZTo2L2Nu_TuneCP5_13TeV_powheg_pythia8_catSignal-1jet_sys_btagEventWeightDown
Merging balance_ZZTo2L2Nu_TuneCP5_13TeV_powheg_pythia8_sys_QCDScale1wDown
Merging MT_ZZTo2L2Nu_TuneCP5_13TeV_powheg_pythia8_catEM_sys_PDFDown
Merging measMET_ZZTo2L2Nu_TuneCP5_13TeV_powheg_pythia8_catTOP_sys_QCDScale2wDown
Merging MT_ZZTo2L2Nu_TuneCP5_13TeV_powheg_pythia8_cat3L_sys_ElectronEnUp
Merging measMET_ZZTo2L2Nu_TuneCP5_13TeV_powheg_pythia8_catSignal-0jet_sys_QCDScale0wDown
Merging measMET_ZZTo2L2Nu_TuneCP5_13TeV_powheg_pythia8_cat4L_sys_PrefireWeightUp
Merging measMET_ZZTo2L2Nu_TuneCP5_13TeV_powheg_pythia8_cat3L_sys_PrefireWeightDown
Merging MT_ZZTo2L2Nu_TuneCP5_13TeV_powheg_pythia8_catSignal-1jet_sys_jesTotalUp
Merging MT_ZZTo2L2Nu_TuneCP5_13TeV_powheg_pythia8_catNRB_sys_PrefireWeightDown
Merging MT_ZZTo2L2Nu_TuneCP5_13TeV_powheg_pythia8_catDY_sys_nvtxWeightUp
Merging balance_ZZTo2L2Nu_TuneCP5_13TeV_powheg_pythia8_sys_jerDown
Merging MT_ZZTo2L2Nu_TuneCP5_13TeV_powheg_pythia8_catSignal-0jet_sys_puWeightDown
Merging phizmet_ZZTo2L2Nu_TuneCP5_13TeV_powheg_pythia8_sys_jesTotalDown
Merging MT_ZZTo2L2Nu_TuneCP5_13TeV_powheg_pythia8_catEM_sys_jesTotalUp
Merging balance_ZZTo2L2Nu_TuneCP5_13TeV_powheg_pythia8_sys_jesTotalDown
Merging MT_ZZTo2L2Nu_TuneCP5_13TeV_powheg_pythia8_catTOP_sys_puWeightDown
Merging MT_ZZTo2L2Nu_TuneCP5_13TeV_powheg_pythia8_cat3L
Merging MT_ZZTo2L2Nu_TuneCP5_13TeV_powheg_pythia8_catSignal-1jet_sys_jerUp
Merging measMET_ZZTo2L2Nu_TuneCP5_13TeV_powheg_pythia8_catNRB_sys_QCDScale1wDown
Merging measMET_ZZTo2L2Nu_TuneCP5_13TeV_powheg_pythia8_cat4L_sys_PDFUp
Merging phizmet_ZZTo2L2Nu_TuneCP5_13TeV_powheg_pythia8_sys_btagEventWeightDown
Merging MT_ZZTo2L2Nu_TuneCP5_13TeV_powheg_pythia8_catNRB
Merging phizmet_ZZTo2L2Nu_TuneCP5_13TeV_powheg_pythia8_sys_QCDScale1wDown
Merging phizmet_ZZTo2L2Nu_TuneCP5_13TeV_powheg_pythia8_sys_ElectronEnDown
Merging MT_ZZTo2L2Nu_TuneCP5_13TeV_powheg_pythia8_catNRB_sys_QCDScale0wDown
Merging MT_ZZTo2L2Nu_TuneCP5_13TeV_powheg_pythia8_catSignal-0jet_sys_ElectronEnDown
Merging MT_ZZTo2L2Nu_TuneCP5_13TeV_powheg_pythia8_catSignal-1jet_sys_ElecronSFUp
Merging MT_ZZTo2L2Nu_TuneCP5_13TeV_powheg_pythia8_catNRB_sys_MuonEnUp
Merging phizmet_ZZTo2L2Nu_TuneCP5_13TeV_powheg_pythia8_sys_QCDScale0wUp
Merging MT_ZZTo2L2Nu_TuneCP5_13TeV_powheg_pythia8_catNRB_sys_QCDScale0wUp
Merging measMET_ZZTo2L2Nu_TuneCP5_13TeV_powheg_pythia8_catDY_sys_QCDScale2wDown
Merging balance_ZZTo2L2Nu_TuneCP5_13TeV_powheg_pythia8_sys_jesTotalUp
Merging MT_ZZTo2L2Nu_TuneCP5_13TeV_powheg_pythia8_cat3L_sys_ElecronSFUp
Merging njet_ZZTo2L2Nu_TuneCP5_13TeV_powheg_pythia8_sys_btagEventWeightDown
Merging MT_ZZTo2L2Nu_TuneCP5_13TeV_powheg_pythia8_catSignal-0jet_sys_MuonEnUp
Merging measMET_ZZTo2L2Nu_TuneCP5_13TeV_powheg_pythia8_catTOP_sys_jerUp
Merging measMET_ZZTo2L2Nu_TuneCP5_13TeV_powheg_pythia8_cat4L_sys_MuonSFUp
Merging MT_ZZTo2L2Nu_TuneCP5_13TeV_powheg_pythia8_cat4L_sys_EWKUp
Merging MT_ZZTo2L2Nu_TuneCP5_13TeV_powheg_pythia8_catEM_sys_PrefireWeightUp
Merging measMET_ZZTo2L2Nu_TuneCP5_13TeV_powheg_pythia8_cat4L_sys_MuonSFDown
Merging measMET_ZZTo2L2Nu_TuneCP5_13TeV_powheg_pythia8_catSignal-0jet_sys_PDFUp
Merging MT_ZZTo2L2Nu_TuneCP5_13TeV_powheg_pythia8_catDY_sys_EWKDown
Merging measMET_ZZTo2L2Nu_TuneCP5_13TeV_powheg_pythia8_cat3L_sys_PDFUp
Merging MT_ZZTo2L2Nu_TuneCP5_13TeV_powheg_pythia8_catTOP_sys_jerUp
Merging measMET_ZZTo2L2Nu_TuneCP5_13TeV_powheg_pythia8_catNRB_sys_jerUp
Merging njet_ZZTo2L2Nu_TuneCP5_13TeV_powheg_pythia8_sys_jerDown
Merging MT_ZZTo2L2Nu_TuneCP5_13TeV_powheg_pythia8_cat3L_sys_ElectronEnDown
Merging njet_ZZTo2L2Nu_TuneCP5_13TeV_powheg_pythia8_sys_QCDScale2wUp
Merging MT_ZZTo2L2Nu_TuneCP5_13TeV_powheg_pythia8_catTOP_sys_QCDScale2wUp
Merging MT_ZZTo2L2Nu_TuneCP5_13TeV_powheg_pythia8_catTOP_sys_MuonSFUp
Merging MT_ZZTo2L2Nu_TuneCP5_13TeV_powheg_pythia8_cat3L_sys_MuonEnUp
Merging MT_ZZTo2L2Nu_TuneCP5_13TeV_powheg_pythia8_catDY_sys_MuonEnDown
Merging MT_ZZTo2L2Nu_TuneCP5_13TeV_powheg_pythia8_catDY_sys_QCDScale0wUp
Merging MT_ZZTo2L2Nu_TuneCP5_13TeV_powheg_pythia8_catTOP_sys_QCDScale0wUp
Merging MT_ZZTo2L2Nu_TuneCP5_13TeV_powheg_pythia8_cat4L_sys_MuonSFUp
Merging phizmet_ZZTo2L2Nu_TuneCP5_13TeV_powheg_pythia8_sys_jerDown
Merging MT_ZZTo2L2Nu_TuneCP5_13TeV_powheg_pythia8_cat4L_sys_ElecronSFUp
Merging MT_ZZTo2L2Nu_TuneCP5_13TeV_powheg_pythia8_cat4L_sys_QCDScale1wUp
Merging measMET_ZZTo2L2Nu_TuneCP5_13TeV_powheg_pythia8_catTOP_sys_btagEventWeightUp
Merging measMET_ZZTo2L2Nu_TuneCP5_13TeV_powheg_pythia8_cat3L_sys_jesTotalDown
Merging measMET_ZZTo2L2Nu_TuneCP5_13TeV_powheg_pythia8_catSignal-1jet_sys_QCDScale1wDown
Merging njet_ZZTo2L2Nu_TuneCP5_13TeV_powheg_pythia8_sys_ElectronEnUp
Merging MT_ZZTo2L2Nu_TuneCP5_13TeV_powheg_pythia8_cat4L_sys_puWeightDown
Merging measMET_ZZTo2L2Nu_TuneCP5_13TeV_powheg_pythia8_catNRB_sys_puWeightUp
Merging MT_ZZTo2L2Nu_TuneCP5_13TeV_powheg_pythia8_cat4L_sys_ElectronEnDown
Merging balance_ZZTo2L2Nu_TuneCP5_13TeV_powheg_pythia8
Merging njet_ZZTo2L2Nu_TuneCP5_13TeV_powheg_pythia8_sys_TriggerSFWeightUp
Merging MT_ZZTo2L2Nu_TuneCP5_13TeV_powheg_pythia8_catSignal-1jet_sys_MuonSFDown
Merging MT_ZZTo2L2Nu_TuneCP5_13TeV_powheg_pythia8_cat3L_sys_EWKDown
Merging measMET_ZZTo2L2Nu_TuneCP5_13TeV_powheg_pythia8_cat4L_sys_jerDown
Merging measMET_ZZTo2L2Nu_TuneCP5_13TeV_powheg_pythia8_catEM_sys_PrefireWeightUp
Merging MT_ZZTo2L2Nu_TuneCP5_13TeV_powheg_pythia8_catDY_sys_EWKUp
Merging measMET_ZZTo2L2Nu_TuneCP5_13TeV_powheg_pythia8_catSignal-1jet_sys_EWKDown
Merging MT_ZZTo2L2Nu_TuneCP5_13TeV_powheg_pythia8_cat3L_sys_PrefireWeightDown
Merging measMET_ZZTo2L2Nu_TuneCP5_13TeV_powheg_pythia8_catTOP_sys_QCDScale0wDown
Merging measMET_ZZTo2L2Nu_TuneCP5_13TeV_powheg_pythia8_catSignal-0jet_sys_QCDScale1wDown
Merging measMET_ZZTo2L2Nu_TuneCP5_13TeV_powheg_pythia8_cat4L_sys_QCDScale2wUp
Merging measMET_ZZTo2L2Nu_TuneCP5_13TeV_powheg_pythia8_catSignal-0jet_sys_jerUp
Merging MT_ZZTo2L2Nu_TuneCP5_13TeV_powheg_pythia8_cat3L_sys_MuonSFDown
Merging MT_ZZTo2L2Nu_TuneCP5_13TeV_powheg_pythia8_catEM_sys_PrefireWeightDown
Merging MT_ZZTo2L2Nu_TuneCP5_13TeV_powheg_pythia8_catEM_sys_QCDScale1wDown
Merging measMET_ZZTo2L2Nu_TuneCP5_13TeV_powheg_pythia8_catNRB_sys_MuonSFDown
Merging measMET_ZZTo2L2Nu_TuneCP5_13TeV_powheg_pythia8_catEM_sys_jerDown
Merging measMET_ZZTo2L2Nu_TuneCP5_13TeV_powheg_pythia8_catDY_sys_nvtxWeightDown
Merging measMET_ZZTo2L2Nu_TuneCP5_13TeV_powheg_pythia8_catSignal-0jet_sys_MuonSFDown
Merging balance_ZZTo2L2Nu_TuneCP5_13TeV_powheg_pythia8_sys_TriggerSFWeightDown
Merging measMET_ZZTo2L2Nu_TuneCP5_13TeV_powheg_pythia8_catSignal-0jet_sys_ElecronSFUp
Merging measMET_ZZTo2L2Nu_TuneCP5_13TeV_powheg_pythia8_catTOP_sys_TriggerSFWeightUp
Merging njet_ZZTo2L2Nu_TuneCP5_13TeV_powheg_pythia8_sys_jesTotalUp
Merging MT_ZZTo2L2Nu_TuneCP5_13TeV_powheg_pythia8_catSignal-1jet_sys_EWKUp
Merging MT_ZZTo2L2Nu_TuneCP5_13TeV_powheg_pythia8_catNRB_sys_jesTotalUp
Merging measMET_ZZTo2L2Nu_TuneCP5_13TeV_powheg_pythia8_cat4L_sys_QCDScale0wDown
Merging measMET_ZZTo2L2Nu_TuneCP5_13TeV_powheg_pythia8_cat3L_sys_ElectronEnUp
Merging measMET_ZZTo2L2Nu_TuneCP5_13TeV_powheg_pythia8_catEM_sys_ElecronSFDown
Merging MT_ZZTo2L2Nu_TuneCP5_13TeV_powheg_pythia8_cat4L_sys_PrefireWeightUp
Merging measMET_ZZTo2L2Nu_TuneCP5_13TeV_powheg_pythia8_catEM_sys_jesTotalDown
Merging measMET_ZZTo2L2Nu_TuneCP5_13TeV_powheg_pythia8_cat3L_sys_QCDScale0wDown
Merging MT_ZZTo2L2Nu_TuneCP5_13TeV_powheg_pythia8_catSignal-1jet_sys_QCDScale1wUp
Merging measMET_ZZTo2L2Nu_TuneCP5_13TeV_powheg_pythia8_catNRB_sys_EWKUp
Merging measMET_ZZTo2L2Nu_TuneCP5_13TeV_powheg_pythia8_catDY_sys_TriggerSFWeightUp
Merging MT_ZZTo2L2Nu_TuneCP5_13TeV_powheg_pythia8_catTOP_sys_ElectronEnDown
Merging measMET_ZZTo2L2Nu_TuneCP5_13TeV_powheg_pythia8_catEM_sys_PrefireWeightDown
Merging njet_ZZTo2L2Nu_TuneCP5_13TeV_powheg_pythia8_sys_MuonSFDown
Merging MT_ZZTo2L2Nu_TuneCP5_13TeV_powheg_pythia8_cat3L_sys_QCDScale0wDown
Merging MT_ZZTo2L2Nu_TuneCP5_13TeV_powheg_pythia8_cat4L_sys_TriggerSFWeightDown
Merging measMET_ZZTo2L2Nu_TuneCP5_13TeV_powheg_pythia8_catDY_sys_QCDScale1wDown
Merging balance_ZZTo2L2Nu_TuneCP5_13TeV_powheg_pythia8_sys_jerUp
Merging measMET_ZZTo2L2Nu_TuneCP5_13TeV_powheg_pythia8_cat4L_sys_EWKDown
Merging MT_ZZTo2L2Nu_TuneCP5_13TeV_powheg_pythia8_catEM_sys_ElectronEnDown
Merging measMET_ZZTo2L2Nu_TuneCP5_13TeV_powheg_pythia8_catSignal-1jet_sys_QCDScale1wUp
Merging njet_ZZTo2L2Nu_TuneCP5_13TeV_powheg_pythia8_sys_QCDScale1wDown
Merging measMET_ZZTo2L2Nu_TuneCP5_13TeV_powheg_pythia8_catEM_sys_TriggerSFWeightUp
Merging MT_ZZTo2L2Nu_TuneCP5_13TeV_powheg_pythia8_catNRB_sys_jerUp
Merging measMET_ZZTo2L2Nu_TuneCP5_13TeV_powheg_pythia8_catDY_sys_TriggerSFWeightDown
Merging MT_ZZTo2L2Nu_TuneCP5_13TeV_powheg_pythia8_catTOP_sys_MuonEnUp
Merging phizmet_ZZTo2L2Nu_TuneCP5_13TeV_powheg_pythia8_sys_PrefireWeightDown
Merging phizmet_ZZTo2L2Nu_TuneCP5_13TeV_powheg_pythia8_sys_ElecronSFUp
Merging measMET_ZZTo2L2Nu_TuneCP5_13TeV_powheg_pythia8_catEM_sys_MuonEnDown
Merging MT_ZZTo2L2Nu_TuneCP5_13TeV_powheg_pythia8_catSignal-1jet_sys_MuonSFUp
Merging njet_ZZTo2L2Nu_TuneCP5_13TeV_powheg_pythia8_sys_MuonEnUp
Merging njet_ZZTo2L2Nu_TuneCP5_13TeV_powheg_pythia8_sys_QCDScale1wUp
Merging measMET_ZZTo2L2Nu_TuneCP5_13TeV_powheg_pythia8_catDY_sys_QCDScale1wUp
Merging MT_ZZTo2L2Nu_TuneCP5_13TeV_powheg_pythia8_catDY_sys_PrefireWeightDown
Merging MT_ZZTo2L2Nu_TuneCP5_13TeV_powheg_pythia8_catDY
Merging MT_ZZTo2L2Nu_TuneCP5_13TeV_powheg_pythia8_catSignal-1jet_sys_MuonEnDown
Merging phizmet_ZZTo2L2Nu_TuneCP5_13TeV_powheg_pythia8_sys_QCDScale2wDown
Merging phizmet_ZZTo2L2Nu_TuneCP5_13TeV_powheg_pythia8_sys_QCDScale2wUp
Merging measMET_ZZTo2L2Nu_TuneCP5_13TeV_powheg_pythia8_catSignal-1jet_sys_btagEventWeightUp
Merging MT_ZZTo2L2Nu_TuneCP5_13TeV_powheg_pythia8_catTOP_sys_PrefireWeightDown
Merging measMET_ZZTo2L2Nu_TuneCP5_13TeV_powheg_pythia8_cat4L_sys_QCDScale1wUp
Merging measMET_ZZTo2L2Nu_TuneCP5_13TeV_powheg_pythia8_catTOP_sys_jesTotalUp
Merging MT_ZZTo2L2Nu_TuneCP5_13TeV_powheg_pythia8_catNRB_sys_ElectronEnDown
Merging njet_ZZTo2L2Nu_TuneCP5_13TeV_powheg_pythia8_sys_TriggerSFWeightDown
Merging measMET_ZZTo2L2Nu_TuneCP5_13TeV_powheg_pythia8_catEM_sys_MuonEnUp
Merging measMET_ZZTo2L2Nu_TuneCP5_13TeV_powheg_pythia8_catSignal-1jet
Merging MT_ZZTo2L2Nu_TuneCP5_13TeV_powheg_pythia8_catTOP_sys_ElecronSFUp
Merging measMET_ZZTo2L2Nu_TuneCP5_13TeV_powheg_pythia8_catDY_sys_ElecronSFDown
Merging measMET_ZZTo2L2Nu_TuneCP5_13TeV_powheg_pythia8_catSignal-0jet_sys_QCDScale2wDown
Merging measMET_ZZTo2L2Nu_TuneCP5_13TeV_powheg_pythia8_catSignal-0jet_sys_EWKUp
Merging MT_ZZTo2L2Nu_TuneCP5_13TeV_powheg_pythia8_cat4L_sys_puWeightUp
Merging MT_ZZTo2L2Nu_TuneCP5_13TeV_powheg_pythia8_cat3L_sys_QCDScale2wDown
Merging MT_ZZTo2L2Nu_TuneCP5_13TeV_powheg_pythia8_catSignal-1jet_sys_TriggerSFWeightUp
Merging measMET_ZZTo2L2Nu_TuneCP5_13TeV_powheg_pythia8_cat3L_sys_jerUp
Merging balance_ZZTo2L2Nu_TuneCP5_13TeV_powheg_pythia8_sys_PrefireWeightDown
Merging measMET_ZZTo2L2Nu_TuneCP5_13TeV_powheg_pythia8_catSignal-0jet_sys_puWeightDown
Merging measMET_ZZTo2L2Nu_TuneCP5_13TeV_powheg_pythia8_catTOP_sys_PrefireWeightUp
Merging MT_ZZTo2L2Nu_TuneCP5_13TeV_powheg_pythia8_cat3L_sys_jerUp
Merging njet_ZZTo2L2Nu_TuneCP5_13TeV_powheg_pythia8_sys_jesTotalDown
Merging measMET_ZZTo2L2Nu_TuneCP5_13TeV_powheg_pythia8_cat3L_sys_PrefireWeightUp
Merging measMET_ZZTo2L2Nu_TuneCP5_13TeV_powheg_pythia8_catTOP_sys_PDFUp
Merging measMET_ZZTo2L2Nu_TuneCP5_13TeV_powheg_pythia8_catSignal-0jet_sys_ElecronSFDown
Merging measMET_ZZTo2L2Nu_TuneCP5_13TeV_powheg_pythia8_catTOP_sys_QCDScale2wUp
Merging measMET_ZZTo2L2Nu_TuneCP5_13TeV_powheg_pythia8_catNRB_sys_PDFDown
Merging MT_ZZTo2L2Nu_TuneCP5_13TeV_powheg_pythia8_catSignal-1jet_sys_EWKDown
Merging MT_ZZTo2L2Nu_TuneCP5_13TeV_powheg_pythia8_catSignal-0jet_sys_puWeightUp
Merging measMET_ZZTo2L2Nu_TuneCP5_13TeV_powheg_pythia8_catTOP_sys_ElectronEnDown
Merging measMET_ZZTo2L2Nu_TuneCP5_13TeV_powheg_pythia8_catSignal-1jet_sys_puWeightDown
Merging balance_ZZTo2L2Nu_TuneCP5_13TeV_powheg_pythia8_sys_MuonEnUp
Merging njet_ZZTo2L2Nu_TuneCP5_13TeV_powheg_pythia8_sys_EWKUp
Merging measMET_ZZTo2L2Nu_TuneCP5_13TeV_powheg_pythia8_catEM_sys_QCDScale1wDown
Merging MT_ZZTo2L2Nu_TuneCP5_13TeV_powheg_pythia8_cat4L_sys_nvtxWeightUp
01/   30001 events (100.00%)
Processed    40000/  209375 entries, 19.10% (elapsed time  1822.9s, curr speed    0.027 kHz, avg speed    0.022 kHz), accepted    40001/   40001 events (100.00%)
Processed    50000/  209375 entries, 23.88% (elapsed time  2259.1s, curr speed    0.023 kHz, avg speed    0.022 kHz), accepted    50001/   50001 events (100.00%)
Processed    60000/  209375 entries, 28.66% (elapsed time  2755.1s, curr speed    0.020 kHz, avg speed    0.022 kHz), accepted    60001/   60001 events (100.00%)
Processed    70000/  209375 entries, 33.43% (elapsed time  3130.8s, curr speed    0.027 kHz, avg speed    0.022 kHz), accepted    70001/   70001 events (100.00%)
Processed    80000/  209375 entries, 38.21% (elapsed time  3495.2s, curr speed    0.027 kHz, avg speed    0.023 kHz), accepted    80001/   80001 events (100.00%)
Processed    90000/  209375 entries, 42.99% (elapsed time  3849.0s, curr speed    0.028 kHz, avg speed    0.023 kHz), accepted    90001/   90001 events (100.00%)
Processed   100000/  209375 entries, 47.76% (elapsed time  4201.4s, curr speed    0.028 kHz, avg speed    0.024 kHz), accepted   100001/  100001 events (100.00%)
Processed   110000/  209375 entries, 52.54% (elapsed time  4555.5s, curr speed    0.028 kHz, avg speed    0.024 kHz), accepted   110001/  110001 events (100.00%)
Processed   120000/  209375 entries, 57.31% (elapsed time  4916.8s, curr speed    0.028 kHz, avg speed    0.024 kHz), accepted   120001/  120001 events (100.00%)
Processed   130000/  209375 entries, 62.09% (elapsed time  5255.0s, curr speed    0.030 kHz, avg speed    0.025 kHz), accepted   130001/  130001 events (100.00%)
Processed   140000/  209375 entries, 66.87% (elapsed time  5590.1s, curr speed    0.030 kHz, avg speed    0.025 kHz), accepted   140001/  140001 events (100.00%)
Processed   150000/  209375 entries, 71.64% (elapsed time  5925.3s, curr speed    0.030 kHz, avg speed    0.025 kHz), accepted   150001/  150001 events (100.00%)
Processed   160000/  209375 entries, 76.42% (elapsed time  6264.6s, curr speed    0.029 kHz, avg speed    0.026 kHz), accepted   160001/  160001 events (100.00%)
Processed   170000/  209375 entries, 81.19% (elapsed time  6604.1s, curr speed    0.029 kHz, avg speed    0.026 kHz), accepted   170001/  170001 events (100.00%)
Processed   180000/  209375 entries, 85.97% (elapsed time  6944.3s, curr speed    0.029 kHz, avg speed    0.026 kHz), accepted   180001/  180001 events (100.00%)
Processed   190000/  209375 entries, 90.75% (elapsed time  7281.6s, curr speed    0.030 kHz, avg speed    0.026 kHz), accepted   190001/  190001 events (100.00%)
Processed   200000/  209375 entries, 95.52% (elapsed time  7630.4s, curr speed    0.029 kHz, avg speed    0.026 kHz), accepted   200001/  200001 events (100.00%)
Processed 209375 preselected entries from /eos/cms/store/group/phys_exotica/monoZ/Exorcism2018/ZZTo2L2Nu_TuneCP5_13TeV_powheg_pythia8/tree_28.root (209375 entries). Finally selected 209375 entries
Done ./tree_28_Skim.root
26.3293574694 Hz
----- transfer output to eos :
----- directory after running :
.:
total 6560
-rw-r--r--. 1 cfreer zh    1210 Nov 30 12:42 FrameworkJobReport.xml
-rw-r--r--. 1 cfreer zh       0 Nov 30 10:29 _condor_stderr
-rw-r--r--. 1 cfreer zh   81801 Nov 30 12:42 _condor_stdout
-rw-------. 1 cfreer zh    4914 Nov 30 12:42 cfreer.cc
-rw-r--r--. 1 cfreer zh   16092 Nov 30 10:29 combineHLT_Run2.yaml
-rw-r--r--. 1 cfreer zh    5718 Nov 30 10:29 condor_WSProducer.py
-rwxr-xr-x. 1 cfreer zh     837 Nov 30 10:29 condor_exec.exe
-rwxr-xr-x. 1 cfreer zh    2559 Nov 30 10:29 haddnano.py
-rw-r--r--. 1 cfreer zh       8 Nov 30 10:29 keep_and_drop_WS.txt
drwx------. 3 cfreer zh    4096 Nov 30 10:29 tmp
-rw-r--r--. 1 cfreer zh 3285948 Nov 30 12:42 tree_21.root
-rw-r--r--. 1 cfreer zh 3285800 Nov 30 12:42 tree_28_Skim.root
drwx------. 3 cfreer zh    4096 Nov 30 10:29 var

./tmp:
total 4
drwxr-xr-x. 3 cfreer zh 4096 Nov 30 10:29 mjf-cfreer

./tmp/mjf-cfreer:
total 4
drwxr-xr-x. 2 cfreer zh 4096 Nov 30 10:29 jobfeatures-bigbird09.cern.ch_3031852.21_1574960397

./tmp/mjf-cfreer/jobfeatures-bigbird09.cern.ch_3031852.21_1574960397:
total 28
-rw-r--r--. 1 cfreer zh  1 Nov 30 10:29 allocated_cpu
-rw-r--r--. 1 cfreer zh  6 Nov 30 10:29 cpu_limit_secs
-rw-r--r--. 1 cfreer zh 39 Nov 30 10:29 job_id
-rw-r--r--. 1 cfreer zh 10 Nov 30 10:29 jobstart_secs
-rw-r--r--. 1 cfreer zh 10 Nov 30 10:29 max_rss_bytes
-rw-r--r--. 1 cfreer zh 10 Nov 30 10:29 scratch_limit_bytes
-rw-r--r--. 1 cfreer zh  6 Nov 30 10:29 wall_limit_secs

./var:
total 4
drwx------. 2 cfreer zh 4096 Nov 30 10:29 tmp

./var/tmp:
total 0
 ------ THE END (everyone dies !) ----- 
