
/pool/condor/dir_7346

... start job at 2019-11-29 13:40:42
----- directory before running:
.:
total 52
-rw-r--r--. 1 cfreer zh     0 Nov 29 13:40 _condor_stderr
-rw-r--r--. 1 cfreer zh    93 Nov 29 13:40 _condor_stdout
-rw-------. 1 cfreer zh  2642 Nov 29 13:40 cfreer.cc
-rw-r--r--. 1 cfreer zh 16092 Nov 29 13:40 combineHLT_Run2.yaml
-rw-r--r--. 1 cfreer zh  5718 Nov 29 13:40 condor_WSProducer.py
-rwxr-xr-x. 1 cfreer zh   833 Nov 29 13:40 condor_exec.exe
-rwxr-xr-x. 1 cfreer zh  2559 Nov 29 13:40 haddnano.py
-rw-r--r--. 1 cfreer zh     8 Nov 29 13:40 keep_and_drop_WS.txt
drwx------. 3 cfreer zh  4096 Nov 29 13:40 tmp
drwx------. 3 cfreer zh  4096 Nov 29 13:40 var

./tmp:
total 4
drwxr-xr-x. 3 cfreer zh 4096 Nov 29 13:40 mjf-cfreer

./tmp/mjf-cfreer:
total 4
drwxr-xr-x. 2 cfreer zh 4096 Nov 29 13:40 jobfeatures-bigbird09.cern.ch_3025223.16_1574903089

./tmp/mjf-cfreer/jobfeatures-bigbird09.cern.ch_3025223.16_1574903089:
total 28
-rw-r--r--. 1 cfreer zh  1 Nov 29 13:40 allocated_cpu
-rw-r--r--. 1 cfreer zh  6 Nov 29 13:40 cpu_limit_secs
-rw-r--r--. 1 cfreer zh 39 Nov 29 13:40 job_id
-rw-r--r--. 1 cfreer zh 10 Nov 29 13:40 jobstart_secs
-rw-r--r--. 1 cfreer zh 10 Nov 29 13:40 max_rss_bytes
-rw-r--r--. 1 cfreer zh 10 Nov 29 13:40 scratch_limit_bytes
-rw-r--r--. 1 cfreer zh  6 Nov 29 13:40 wall_limit_secs

./var:
total 4
drwx------. 2 cfreer zh 4096 Nov 29 13:40 tmp

./var/tmp:
total 0
----- CMSSW BASE, python path, pwd:
+ CMSSW_BASE  = /afs/cern.ch/work/c/cfreer/MonoZ_2019/MT_plots/CMSSW_10_6_4
+ PYTHON_PATH = 
+ PWD         = /pool/condor/dir_7346
Adding file ./tree_23_Skim.root
Merging measMET_monoZ_catSignal-0jet
Merging MT_monoZ_catSignal-0jet
Merging measMET_monoZ_catEM
Merging MT_monoZ_catEM
Merging measMET_monoZ_catSignal-1jet
Merging MT_monoZ_catSignal-1jet
Merging measMET_monoZ_cat3L
Merging MT_monoZ_cat3L
Merging measMET_monoZ_cat4L
Merging MT_monoZ_cat4L
Merging measMET_monoZ_catNRB
Merging MT_monoZ_catNRB
Merging measMET_monoZ_catTOP
Merging MT_monoZ_catTOP
Merging measMET_monoZ_catDY
Merging MT_monoZ_catDY
Merging balance_monoZ
Merging phizmet_monoZ
Merging njet_monoZ
Merging Events
Merging Runs
Merging ParameterSets
Merging LuminosityBlocks
Merging MetaData
Merging MT_data_catSignal-1jet
Merging measMET_data_catTOP
Merging MT_data_catEM
Merging MT_data_catTOP
Merging measMET_data_catNRB
Merging phizmet_data
Merging measMET_data_cat3L
Merging njet_data
Merging untagged
Merging MT_data_cat3L
Merging measMET_data_cat4L
Merging measMET_data_catEM
Merging MT_data_catDY
Merging measMET_data_catSignal-0jet
Merging MT_data_cat4L
Merging balance_data
Merging MT_data_catNRB
Merging MT_data_catSignal-0jet
Merging measMET_data_catSignal-1jet
Merging measMET_data_catDY
/eos/cms/store/group/phys_exotica/monoZ/Exorcism2016/DoubleEG_Run2016D-Nano1June2019-v1/tree_23.root  ->  /eos/cms/store/group/phys_exotica/monoZ/Exorcism2016/DoubleEG_Run2016D-Nano1June2019-v1/tree_23.root
Testing file open
Test OK
---------------------------
 -- options  =  Namespace(dataset='X', doSyst=1, era='2016', infile='/eos/cms/store/group/phys_exotica/monoZ/Exorcism2016/DoubleEG_Run2016D-Nano1June2019-v1/tree_23.root', isMC=0, jobNum=16, nevt=-1)
 -- is MC    =  0
 -- jobNum   =  16
 -- era      =  2016
 -- in file  =  /eos/cms/store/group/phys_exotica/monoZ/Exorcism2016/DoubleEG_Run2016D-Nano1June2019-v1/tree_23.root
 -- dataset  =  X
---------------------------
modules :  <PhysicsTools.MonoZ.MonoZWSProducer.MonoZWSProducer object at 0x2b897166d890>
Selection :  
Will write selected trees to .
Pre-select 2974 entries out of 2974 (100.00%)
Processed 2974 preselected entries from /eos/cms/store/group/phys_exotica/monoZ/Exorcism2016/DoubleEG_Run2016D-Nano1June2019-v1/tree_23.root (2974 entries). Finally selected 2974 entries
Done ./tree_23_Skim.root
175.976331361 Hz
----- transfer output to eos :
----- directory after running :
.:
total 7316
-rw-r--r--. 1 cfreer zh    1204 Nov 29 13:41 FrameworkJobReport.xml
-rw-r--r--. 1 cfreer zh       0 Nov 29 13:40 _condor_stderr
-rw-r--r--. 1 cfreer zh    3871 Nov 29 13:41 _condor_stdout
-rw-------. 1 cfreer zh    4914 Nov 29 13:41 cfreer.cc
-rw-r--r--. 1 cfreer zh   16092 Nov 29 13:40 combineHLT_Run2.yaml
-rw-r--r--. 1 cfreer zh    5718 Nov 29 13:40 condor_WSProducer.py
-rwxr-xr-x. 1 cfreer zh     833 Nov 29 13:40 condor_exec.exe
-rwxr-xr-x. 1 cfreer zh    2559 Nov 29 13:40 haddnano.py
-rw-r--r--. 1 cfreer zh       8 Nov 29 13:40 keep_and_drop_WS.txt
drwx------. 3 cfreer zh    4096 Nov 29 13:40 tmp
-rw-r--r--. 1 cfreer zh 3712251 Nov 29 13:41 tree_16.root
-rw-r--r--. 1 cfreer zh 3712119 Nov 29 13:41 tree_23_Skim.root
drwx------. 3 cfreer zh    4096 Nov 29 13:40 var

./tmp:
total 4
drwxr-xr-x. 3 cfreer zh 4096 Nov 29 13:40 mjf-cfreer

./tmp/mjf-cfreer:
total 4
drwxr-xr-x. 2 cfreer zh 4096 Nov 29 13:40 jobfeatures-bigbird09.cern.ch_3025223.16_1574903089

./tmp/mjf-cfreer/jobfeatures-bigbird09.cern.ch_3025223.16_1574903089:
total 28
-rw-r--r--. 1 cfreer zh  1 Nov 29 13:40 allocated_cpu
-rw-r--r--. 1 cfreer zh  6 Nov 29 13:40 cpu_limit_secs
-rw-r--r--. 1 cfreer zh 39 Nov 29 13:40 job_id
-rw-r--r--. 1 cfreer zh 10 Nov 29 13:40 jobstart_secs
-rw-r--r--. 1 cfreer zh 10 Nov 29 13:40 max_rss_bytes
-rw-r--r--. 1 cfreer zh 10 Nov 29 13:40 scratch_limit_bytes
-rw-r--r--. 1 cfreer zh  6 Nov 29 13:40 wall_limit_secs

./var:
total 4
drwx------. 2 cfreer zh 4096 Nov 29 13:40 tmp

./var/tmp:
total 0
 ------ THE END (everyone dies !) ----- 
