
/pool/condor/dir_9093

... start job at 2019-11-29 02:16:21
----- directory before running:
.:
total 52
-rw-r--r--. 1 cfreer zh     0 Nov 29 02:16 _condor_stderr
-rw-r--r--. 1 cfreer zh    93 Nov 29 02:16 _condor_stdout
-rw-------. 1 cfreer zh  2642 Nov 29 02:15 cfreer.cc
-rw-r--r--. 1 cfreer zh 16092 Nov 29 02:16 combineHLT_Run2.yaml
-rw-r--r--. 1 cfreer zh  5718 Nov 29 02:16 condor_WSProducer.py
-rwxr-xr-x. 1 cfreer zh   835 Nov 29 02:16 condor_exec.exe
-rwxr-xr-x. 1 cfreer zh  2559 Nov 29 02:16 haddnano.py
-rw-r--r--. 1 cfreer zh     8 Nov 29 02:16 keep_and_drop_WS.txt
drwx------. 3 cfreer zh  4096 Nov 29 02:16 tmp
drwx------. 3 cfreer zh  4096 Nov 29 02:16 var

./tmp:
total 4
drwxr-xr-x. 3 cfreer zh 4096 Nov 29 02:16 mjf-cfreer

./tmp/mjf-cfreer:
total 4
drwxr-xr-x. 2 cfreer zh 4096 Nov 29 02:16 jobfeatures-bigbird09.cern.ch_3024753.165_1574900803

./tmp/mjf-cfreer/jobfeatures-bigbird09.cern.ch_3024753.165_1574900803:
total 28
-rw-r--r--. 1 cfreer zh  1 Nov 29 02:16 allocated_cpu
-rw-r--r--. 1 cfreer zh  6 Nov 29 02:16 cpu_limit_secs
-rw-r--r--. 1 cfreer zh 40 Nov 29 02:16 job_id
-rw-r--r--. 1 cfreer zh 10 Nov 29 02:16 jobstart_secs
-rw-r--r--. 1 cfreer zh 10 Nov 29 02:16 max_rss_bytes
-rw-r--r--. 1 cfreer zh 10 Nov 29 02:16 scratch_limit_bytes
-rw-r--r--. 1 cfreer zh  6 Nov 29 02:16 wall_limit_secs

./var:
total 4
drwx------. 2 cfreer zh 4096 Nov 29 02:16 tmp

./var/tmp:
total 0
----- CMSSW BASE, python path, pwd:
+ CMSSW_BASE  = /afs/cern.ch/work/c/cfreer/MonoZ_2019/MT_plots/CMSSW_10_6_4
+ PYTHON_PATH = 
+ PWD         = /pool/condor/dir_9093
Adding file ./tree_89_Skim.root
Merging measMET_monoZ_catSignal-0jet
Merging MT_monoZ_catSignal-0jet
Merging measMET_monoZ_catEM
Merging MT_monoZ_catEM
Merging measMET_monoZ_catSignal-1jet
Merging MT_monoZ_catSignal-1jet
Merging measMET_monoZ_cat3L
Merging MT_monoZ_cat3L
Merging measMET_monoZ_cat4L
Merging MT_monoZ_cat4L
Merging measMET_monoZ_catNRB
Merging MT_monoZ_catNRB
Merging measMET_monoZ_catTOP
Merging MT_monoZ_catTOP
Merging measMET_monoZ_catDY
Merging MT_monoZ_catDY
Merging balance_monoZ
Merging phizmet_monoZ
Merging njet_monoZ
Merging Events
Merging Runs
Merging ParameterSets
Merging LuminosityBlocks
Merging MetaData
Merging MT_data_catSignal-1jet
Merging measMET_data_catTOP
Merging MT_data_catEM
Merging MT_data_catTOP
Merging measMET_data_catNRB
Merging phizmet_data
Merging measMET_data_cat3L
Merging njet_data
Merging untagged
Merging MT_data_cat3L
Merging measMET_data_cat4L
Merging measMET_data_catEM
Merging MT_data_catDY
Merging measMET_data_catSignal-0jet
Merging MT_data_cat4L
Merging balance_data
Merging MT_data_catNRB
Merging MT_data_catSignal-0jet
Merging measMET_data_catSignal-1jet
Merging measMET_data_catDY
/eos/cms/store/group/phys_exotica/monoZ/Exorcism2018/SingleMuon_Run2018A-Nano1June2019-v1/tree_89.root  ->  /eos/cms/store/group/phys_exotica/monoZ/Exorcism2018/SingleMuon_Run2018A-Nano1June2019-v1/tree_89.root
Testing file open
Test OK
---------------------------
 -- options  =  Namespace(dataset='X', doSyst=1, era='2018', infile='/eos/cms/store/group/phys_exotica/monoZ/Exorcism2018/SingleMuon_Run2018A-Nano1June2019-v1/tree_89.root', isMC=0, jobNum=165, nevt=-1)
 -- is MC    =  0
 -- jobNum   =  165
 -- era      =  2018
 -- in file  =  /eos/cms/store/group/phys_exotica/monoZ/Exorcism2018/SingleMuon_Run2018A-Nano1June2019-v1/tree_89.root
 -- dataset  =  X
---------------------------
modules :  <PhysicsTools.MonoZ.MonoZWSProducer.MonoZWSProducer object at 0x2b441e647890>
Selection :  
Will write selected trees to .
Pre-select 566 entries out of 566 (100.00%)
Processed 566 preselected entries from /eos/cms/store/group/phys_exotica/monoZ/Exorcism2018/SingleMuon_Run2018A-Nano1June2019-v1/tree_89.root (566 entries). Finally selected 566 entries
Done ./tree_89_Skim.root
15.540911587 Hz
----- transfer output to eos :
----- directory after running :
.:
total 12452
-rw-r--r--. 1 cfreer zh    1206 Nov 29 02:17 FrameworkJobReport.xml
-rw-r--r--. 1 cfreer zh       0 Nov 29 02:16 _condor_stderr
-rw-r--r--. 1 cfreer zh    3879 Nov 29 02:17 _condor_stdout
-rw-------. 1 cfreer zh    4914 Nov 29 02:17 cfreer.cc
-rw-r--r--. 1 cfreer zh   16092 Nov 29 02:16 combineHLT_Run2.yaml
-rw-r--r--. 1 cfreer zh    5718 Nov 29 02:16 condor_WSProducer.py
-rwxr-xr-x. 1 cfreer zh     835 Nov 29 02:16 condor_exec.exe
-rwxr-xr-x. 1 cfreer zh    2559 Nov 29 02:16 haddnano.py
-rw-r--r--. 1 cfreer zh       8 Nov 29 02:16 keep_and_drop_WS.txt
drwx------. 3 cfreer zh    4096 Nov 29 02:16 tmp
-rw-r--r--. 1 cfreer zh 6342016 Nov 29 02:17 tree_165.root
-rw-r--r--. 1 cfreer zh 6341884 Nov 29 02:17 tree_89_Skim.root
drwx------. 3 cfreer zh    4096 Nov 29 02:16 var

./tmp:
total 4
drwxr-xr-x. 3 cfreer zh 4096 Nov 29 02:16 mjf-cfreer

./tmp/mjf-cfreer:
total 4
drwxr-xr-x. 2 cfreer zh 4096 Nov 29 02:16 jobfeatures-bigbird09.cern.ch_3024753.165_1574900803

./tmp/mjf-cfreer/jobfeatures-bigbird09.cern.ch_3024753.165_1574900803:
total 28
-rw-r--r--. 1 cfreer zh  1 Nov 29 02:16 allocated_cpu
-rw-r--r--. 1 cfreer zh  6 Nov 29 02:16 cpu_limit_secs
-rw-r--r--. 1 cfreer zh 40 Nov 29 02:16 job_id
-rw-r--r--. 1 cfreer zh 10 Nov 29 02:16 jobstart_secs
-rw-r--r--. 1 cfreer zh 10 Nov 29 02:16 max_rss_bytes
-rw-r--r--. 1 cfreer zh 10 Nov 29 02:16 scratch_limit_bytes
-rw-r--r--. 1 cfreer zh  6 Nov 29 02:16 wall_limit_secs

./var:
total 4
drwx------. 2 cfreer zh 4096 Nov 29 02:16 tmp

./var/tmp:
total 0
 ------ THE END (everyone dies !) ----- 
