
/pool/condor/dir_14858

... start job at 2019-11-29 12:23:53
----- directory before running:
.:
total 44
-rw-r--r--. 1 cfreer zh     0 Nov 29 12:23 _condor_stderr
-rw-r--r--. 1 cfreer zh    94 Nov 29 12:23 _condor_stdout
-rw-------. 1 cfreer zh  2642 Nov 29 12:23 cfreer.cc
-rw-r--r--. 1 cfreer zh 16092 Nov 29 12:23 combineHLT_Run2.yaml
-rw-r--r--. 1 cfreer zh  5718 Nov 29 12:23 condor_WSProducer.py
-rwxr-xr-x. 1 cfreer zh   835 Nov 29 12:23 condor_exec.exe
-rwxr-xr-x. 1 cfreer zh  2559 Nov 29 12:23 haddnano.py
-rw-r--r--. 1 cfreer zh     8 Nov 29 12:23 keep_and_drop_WS.txt
drwx------. 3 cfreer zh    24 Nov 29 12:23 tmp
drwx------. 3 cfreer zh    17 Nov 29 12:23 var

./tmp:
total 0
drwxr-xr-x. 3 cfreer zh 65 Nov 29 12:23 mjf-cfreer

./tmp/mjf-cfreer:
total 0
drwxr-xr-x. 2 cfreer zh 155 Nov 29 12:23 jobfeatures-bigbird09.cern.ch_3025081.27_1574902145

./tmp/mjf-cfreer/jobfeatures-bigbird09.cern.ch_3025081.27_1574902145:
total 28
-rw-r--r--. 1 cfreer zh  1 Nov 29 12:23 allocated_cpu
-rw-r--r--. 1 cfreer zh  6 Nov 29 12:23 cpu_limit_secs
-rw-r--r--. 1 cfreer zh 39 Nov 29 12:23 job_id
-rw-r--r--. 1 cfreer zh 10 Nov 29 12:23 jobstart_secs
-rw-r--r--. 1 cfreer zh 10 Nov 29 12:23 max_rss_bytes
-rw-r--r--. 1 cfreer zh 11 Nov 29 12:23 scratch_limit_bytes
-rw-r--r--. 1 cfreer zh  6 Nov 29 12:23 wall_limit_secs

./var:
total 0
drwx------. 2 cfreer zh 6 Nov 29 12:23 tmp

./var/tmp:
total 0
----- CMSSW BASE, python path, pwd:
+ CMSSW_BASE  = /afs/cern.ch/work/c/cfreer/MonoZ_2019/MT_plots/CMSSW_10_6_4
+ PYTHON_PATH = 
+ PWD         = /pool/condor/dir_14858
Adding file ./tree_33_Skim.root
Merging measMET_monoZ_catSignal-0jet
Merging MT_monoZ_catSignal-0jet
Merging measMET_monoZ_catEM
Merging MT_monoZ_catEM
Merging measMET_monoZ_catSignal-1jet
Merging MT_monoZ_catSignal-1jet
Merging measMET_monoZ_cat3L
Merging MT_monoZ_cat3L
Merging measMET_monoZ_cat4L
Merging MT_monoZ_cat4L
Merging measMET_monoZ_catNRB
Merging MT_monoZ_catNRB
Merging measMET_monoZ_catTOP
Merging MT_monoZ_catTOP
Merging measMET_monoZ_catDY
Merging MT_monoZ_catDY
Merging balance_monoZ
Merging phizmet_monoZ
Merging njet_monoZ
Merging Events
Merging Runs
Merging ParameterSets
Merging LuminosityBlocks
Merging MetaData
Merging MT_data_catSignal-1jet
Merging measMET_data_catTOP
Merging MT_data_catEM
Merging MT_data_catTOP
Merging measMET_data_catNRB
Merging phizmet_data
Merging measMET_data_cat3L
Merging njet_data
Merging untagged
Merging MT_data_cat3L
Merging measMET_data_cat4L
Merging measMET_data_catEM
Merging MT_data_catDY
Merging measMET_data_catSignal-0jet
Merging MT_data_cat4L
Merging balance_data
Merging MT_data_catNRB
Merging MT_data_catSignal-0jet
Merging measMET_data_catSignal-1jet
Merging measMET_data_catDY
/eos/cms/store/group/phys_exotica/monoZ/Exorcism2017/DoubleMuon_Run2017F-Nano1June2019-v1/tree_33.root  ->  /eos/cms/store/group/phys_exotica/monoZ/Exorcism2017/DoubleMuon_Run2017F-Nano1June2019-v1/tree_33.root
Testing file open
Test OK
---------------------------
 -- options  =  Namespace(dataset='X', doSyst=1, era='2017', infile='/eos/cms/store/group/phys_exotica/monoZ/Exorcism2017/DoubleMuon_Run2017F-Nano1June2019-v1/tree_33.root', isMC=0, jobNum=27, nevt=-1)
 -- is MC    =  0
 -- jobNum   =  27
 -- era      =  2017
 -- in file  =  /eos/cms/store/group/phys_exotica/monoZ/Exorcism2017/DoubleMuon_Run2017F-Nano1June2019-v1/tree_33.root
 -- dataset  =  X
---------------------------
modules :  <PhysicsTools.MonoZ.MonoZWSProducer.MonoZWSProducer object at 0x2b80c8059790>
Selection :  
Will write selected trees to .
Pre-select 3796 entries out of 3796 (100.00%)
Processed 3796 preselected entries from /eos/cms/store/group/phys_exotica/monoZ/Exorcism2017/DoubleMuon_Run2017F-Nano1June2019-v1/tree_33.root (3796 entries). Finally selected 3796 entries
Done ./tree_33_Skim.root
171.45438121 Hz
----- transfer output to eos :
----- directory after running :
.:
total 10708
-rw-r--r--. 1 cfreer zh    1206 Nov 29 12:24 FrameworkJobReport.xml
-rw-r--r--. 1 cfreer zh       0 Nov 29 12:23 _condor_stderr
-rw-r--r--. 1 cfreer zh    3876 Nov 29 12:24 _condor_stdout
-rw-------. 1 cfreer zh    4914 Nov 29 12:24 cfreer.cc
-rw-r--r--. 1 cfreer zh   16092 Nov 29 12:23 combineHLT_Run2.yaml
-rw-r--r--. 1 cfreer zh    5718 Nov 29 12:23 condor_WSProducer.py
-rwxr-xr-x. 1 cfreer zh     835 Nov 29 12:23 condor_exec.exe
-rwxr-xr-x. 1 cfreer zh    2559 Nov 29 12:23 haddnano.py
-rw-r--r--. 1 cfreer zh       8 Nov 29 12:23 keep_and_drop_WS.txt
drwx------. 3 cfreer zh      24 Nov 29 12:23 tmp
-rw-r--r--. 1 cfreer zh 5454871 Nov 29 12:24 tree_27.root
-rw-r--r--. 1 cfreer zh 5454739 Nov 29 12:24 tree_33_Skim.root
drwx------. 3 cfreer zh      17 Nov 29 12:23 var

./tmp:
total 0
drwxr-xr-x. 3 cfreer zh 65 Nov 29 12:23 mjf-cfreer

./tmp/mjf-cfreer:
total 0
drwxr-xr-x. 2 cfreer zh 155 Nov 29 12:23 jobfeatures-bigbird09.cern.ch_3025081.27_1574902145

./tmp/mjf-cfreer/jobfeatures-bigbird09.cern.ch_3025081.27_1574902145:
total 28
-rw-r--r--. 1 cfreer zh  1 Nov 29 12:23 allocated_cpu
-rw-r--r--. 1 cfreer zh  6 Nov 29 12:23 cpu_limit_secs
-rw-r--r--. 1 cfreer zh 39 Nov 29 12:23 job_id
-rw-r--r--. 1 cfreer zh 10 Nov 29 12:23 jobstart_secs
-rw-r--r--. 1 cfreer zh 10 Nov 29 12:23 max_rss_bytes
-rw-r--r--. 1 cfreer zh 11 Nov 29 12:23 scratch_limit_bytes
-rw-r--r--. 1 cfreer zh  6 Nov 29 12:23 wall_limit_secs

./var:
total 0
drwx------. 2 cfreer zh 6 Nov 29 12:23 tmp

./var/tmp:
total 0
 ------ THE END (everyone dies !) ----- 
