
/pool/condor/dir_23699

... start job at 2019-11-29 13:58:03
----- directory before running:
.:
total 52
-rw-r--r--. 1 cfreer zh     0 Nov 29 13:58 _condor_stderr
-rw-r--r--. 1 cfreer zh    94 Nov 29 13:58 _condor_stdout
-rw-------. 1 cfreer zh  2642 Nov 29 13:58 cfreer.cc
-rw-r--r--. 1 cfreer zh 16092 Nov 29 13:58 combineHLT_Run2.yaml
-rw-r--r--. 1 cfreer zh  5718 Nov 29 13:58 condor_WSProducer.py
-rwxr-xr-x. 1 cfreer zh   845 Nov 29 13:58 condor_exec.exe
-rwxr-xr-x. 1 cfreer zh  2559 Nov 29 13:58 haddnano.py
-rw-r--r--. 1 cfreer zh     8 Nov 29 13:58 keep_and_drop_WS.txt
drwx------. 3 cfreer zh  4096 Nov 29 13:58 tmp
drwx------. 3 cfreer zh  4096 Nov 29 13:58 var

./tmp:
total 4
drwxr-xr-x. 3 cfreer zh 4096 Nov 29 13:58 mjf-cfreer

./tmp/mjf-cfreer:
total 4
drwxr-xr-x. 2 cfreer zh 4096 Nov 29 13:58 jobfeatures-bigbird09.cern.ch_3025460.81_1574904171

./tmp/mjf-cfreer/jobfeatures-bigbird09.cern.ch_3025460.81_1574904171:
total 28
-rw-r--r--. 1 cfreer zh  1 Nov 29 13:58 allocated_cpu
-rw-r--r--. 1 cfreer zh  6 Nov 29 13:58 cpu_limit_secs
-rw-r--r--. 1 cfreer zh 39 Nov 29 13:58 job_id
-rw-r--r--. 1 cfreer zh 10 Nov 29 13:58 jobstart_secs
-rw-r--r--. 1 cfreer zh 10 Nov 29 13:58 max_rss_bytes
-rw-r--r--. 1 cfreer zh 10 Nov 29 13:58 scratch_limit_bytes
-rw-r--r--. 1 cfreer zh  6 Nov 29 13:58 wall_limit_secs

./var:
total 4
drwx------. 2 cfreer zh 4096 Nov 29 13:58 tmp

./var/tmp:
total 0
----- CMSSW BASE, python path, pwd:
+ CMSSW_BASE  = /afs/cern.ch/work/c/cfreer/MonoZ_2019/MT_plots/CMSSW_10_6_4
+ PYTHON_PATH = 
+ PWD         = /pool/condor/dir_23699
Adding file ./tree_82_Skim.root
Merging measMET_monoZ_catSignal-0jet
Merging MT_monoZ_catSignal-0jet
Merging measMET_monoZ_catEM
Merging MT_monoZ_catEM
Merging measMET_monoZ_catSignal-1jet
Merging MT_monoZ_catSignal-1jet
Merging measMET_monoZ_cat3L
Merging MT_monoZ_cat3L
Merging measMET_monoZ_cat4L
Merging MT_monoZ_cat4L
Merging measMET_monoZ_catNRB
Merging MT_monoZ_catNRB
Merging measMET_monoZ_catTOP
Merging MT_monoZ_catTOP
Merging measMET_monoZ_catDY
Merging MT_monoZ_catDY
Merging balance_monoZ
Merging phizmet_monoZ
Merging njet_monoZ
Merging Events
Merging Runs
Merging ParameterSets
Merging LuminosityBlocks
Merging MetaData
Merging MT_data_catSignal-1jet
Merging measMET_data_catTOP
Merging MT_data_catEM
Merging MT_data_catTOP
Merging measMET_data_catNRB
Merging phizmet_data
Merging measMET_data_cat3L
Merging njet_data
Merging untagged
Merging MT_data_cat3L
Merging measMET_data_cat4L
Merging measMET_data_catEM
Merging MT_data_catDY
Merging measMET_data_catSignal-0jet
Merging MT_data_cat4L
Merging balance_data
Merging MT_data_catNRB
Merging MT_data_catSignal-0jet
Merging measMET_data_catSignal-1jet
Merging measMET_data_catDY
/eos/cms/store/group/phys_exotica/monoZ/Exorcism2016/SingleMuon_Run2016B_ver2-Nano1June2019_ver2-v1/tree_82.root  ->  /eos/cms/store/group/phys_exotica/monoZ/Exorcism2016/SingleMuon_Run2016B_ver2-Nano1June2019_ver2-v1/tree_82.root
Testing file open
Test OK
---------------------------
 -- options  =  Namespace(dataset='X', doSyst=1, era='2016', infile='/eos/cms/store/group/phys_exotica/monoZ/Exorcism2016/SingleMuon_Run2016B_ver2-Nano1June2019_ver2-v1/tree_82.root', isMC=0, jobNum=81, nevt=-1)
 -- is MC    =  0
 -- jobNum   =  81
 -- era      =  2016
 -- in file  =  /eos/cms/store/group/phys_exotica/monoZ/Exorcism2016/SingleMuon_Run2016B_ver2-Nano1June2019_ver2-v1/tree_82.root
 -- dataset  =  X
---------------------------
modules :  <PhysicsTools.MonoZ.MonoZWSProducer.MonoZWSProducer object at 0x2b37992d3890>
Selection :  
Will write selected trees to .
Pre-select 206 entries out of 206 (100.00%)
Processed 206 preselected entries from /eos/cms/store/group/phys_exotica/monoZ/Exorcism2016/SingleMuon_Run2016B_ver2-Nano1June2019_ver2-v1/tree_82.root (206 entries). Finally selected 206 entries
Done ./tree_82_Skim.root
9.72156677678 Hz
----- transfer output to eos :
----- directory after running :
.:
total 13628
-rw-r--r--. 1 cfreer zh    1215 Nov 29 13:58 FrameworkJobReport.xml
-rw-r--r--. 1 cfreer zh       0 Nov 29 13:58 _condor_stderr
-rw-r--r--. 1 cfreer zh    3928 Nov 29 13:58 _condor_stdout
-rw-------. 1 cfreer zh    4914 Nov 29 13:58 cfreer.cc
-rw-r--r--. 1 cfreer zh   16092 Nov 29 13:58 combineHLT_Run2.yaml
-rw-r--r--. 1 cfreer zh    5718 Nov 29 13:58 condor_WSProducer.py
-rwxr-xr-x. 1 cfreer zh     845 Nov 29 13:58 condor_exec.exe
-rwxr-xr-x. 1 cfreer zh    2559 Nov 29 13:58 haddnano.py
-rw-r--r--. 1 cfreer zh       8 Nov 29 13:58 keep_and_drop_WS.txt
drwx------. 3 cfreer zh    4096 Nov 29 13:58 tmp
-rw-r--r--. 1 cfreer zh 6945209 Nov 29 13:58 tree_81.root
-rw-r--r--. 1 cfreer zh 6945081 Nov 29 13:58 tree_82_Skim.root
drwx------. 3 cfreer zh    4096 Nov 29 13:58 var

./tmp:
total 4
drwxr-xr-x. 3 cfreer zh 4096 Nov 29 13:58 mjf-cfreer

./tmp/mjf-cfreer:
total 4
drwxr-xr-x. 2 cfreer zh 4096 Nov 29 13:58 jobfeatures-bigbird09.cern.ch_3025460.81_1574904171

./tmp/mjf-cfreer/jobfeatures-bigbird09.cern.ch_3025460.81_1574904171:
total 28
-rw-r--r--. 1 cfreer zh  1 Nov 29 13:58 allocated_cpu
-rw-r--r--. 1 cfreer zh  6 Nov 29 13:58 cpu_limit_secs
-rw-r--r--. 1 cfreer zh 39 Nov 29 13:58 job_id
-rw-r--r--. 1 cfreer zh 10 Nov 29 13:58 jobstart_secs
-rw-r--r--. 1 cfreer zh 10 Nov 29 13:58 max_rss_bytes
-rw-r--r--. 1 cfreer zh 10 Nov 29 13:58 scratch_limit_bytes
-rw-r--r--. 1 cfreer zh  6 Nov 29 13:58 wall_limit_secs

./var:
total 4
drwx------. 2 cfreer zh 4096 Nov 29 13:58 tmp

./var/tmp:
total 0
 ------ THE END (everyone dies !) ----- 
