
/pool/condor/dir_23211

... start job at 2019-11-29 13:59:44
----- directory before running:
.:
total 52
-rw-r--r--. 1 cfreer zh     0 Nov 29 13:59 _condor_stderr
-rw-r--r--. 1 cfreer zh    94 Nov 29 13:59 _condor_stdout
-rw-------. 1 cfreer zh  2642 Nov 29 13:59 cfreer.cc
-rw-r--r--. 1 cfreer zh 16092 Nov 29 13:59 combineHLT_Run2.yaml
-rw-r--r--. 1 cfreer zh  5718 Nov 29 13:59 condor_WSProducer.py
-rwxr-xr-x. 1 cfreer zh   835 Nov 29 13:59 condor_exec.exe
-rwxr-xr-x. 1 cfreer zh  2559 Nov 29 13:59 haddnano.py
-rw-r--r--. 1 cfreer zh     8 Nov 29 13:59 keep_and_drop_WS.txt
drwx------. 3 cfreer zh  4096 Nov 29 13:59 tmp
drwx------. 3 cfreer zh  4096 Nov 29 13:59 var

./tmp:
total 4
drwxr-xr-x. 3 cfreer zh 4096 Nov 29 13:59 mjf-cfreer

./tmp/mjf-cfreer:
total 4
drwxr-xr-x. 2 cfreer zh 4096 Nov 29 13:59 jobfeatures-bigbird09.cern.ch_3025552.23_1574904229

./tmp/mjf-cfreer/jobfeatures-bigbird09.cern.ch_3025552.23_1574904229:
total 28
-rw-r--r--. 1 cfreer zh  1 Nov 29 13:59 allocated_cpu
-rw-r--r--. 1 cfreer zh  6 Nov 29 13:59 cpu_limit_secs
-rw-r--r--. 1 cfreer zh 39 Nov 29 13:59 job_id
-rw-r--r--. 1 cfreer zh 10 Nov 29 13:59 jobstart_secs
-rw-r--r--. 1 cfreer zh 10 Nov 29 13:59 max_rss_bytes
-rw-r--r--. 1 cfreer zh 10 Nov 29 13:59 scratch_limit_bytes
-rw-r--r--. 1 cfreer zh  6 Nov 29 13:59 wall_limit_secs

./var:
total 4
drwx------. 2 cfreer zh 4096 Nov 29 13:59 tmp

./var/tmp:
total 0
----- CMSSW BASE, python path, pwd:
+ CMSSW_BASE  = /afs/cern.ch/work/c/cfreer/MonoZ_2019/MT_plots/CMSSW_10_6_4
+ PYTHON_PATH = 
+ PWD         = /pool/condor/dir_23211
Adding file ./tree_3_Skim.root
Merging measMET_monoZ_catSignal-0jet
Merging MT_monoZ_catSignal-0jet
Merging measMET_monoZ_catEM
Merging MT_monoZ_catEM
Merging measMET_monoZ_catSignal-1jet
Merging MT_monoZ_catSignal-1jet
Merging measMET_monoZ_cat3L
Merging MT_monoZ_cat3L
Merging measMET_monoZ_cat4L
Merging MT_monoZ_cat4L
Merging measMET_monoZ_catNRB
Merging MT_monoZ_catNRB
Merging measMET_monoZ_catTOP
Merging MT_monoZ_catTOP
Merging measMET_monoZ_catDY
Merging MT_monoZ_catDY
Merging balance_monoZ
Merging phizmet_monoZ
Merging njet_monoZ
Merging Events
Merging Runs
Merging ParameterSets
Merging LuminosityBlocks
Merging MetaData
Merging MT_data_catSignal-1jet
Merging measMET_data_catTOP
Merging MT_data_catEM
Merging MT_data_catTOP
Merging measMET_data_catNRB
Merging phizmet_data
Merging measMET_data_cat3L
Merging njet_data
Merging untagged
Merging MT_data_cat3L
Merging measMET_data_cat4L
Merging measMET_data_catEM
Merging MT_data_catDY
Merging measMET_data_catSignal-0jet
Merging MT_data_cat4L
Merging balance_data
Merging MT_data_catNRB
Merging MT_data_catSignal-0jet
Merging measMET_data_catSignal-1jet
Merging measMET_data_catDY
/eos/cms/store/group/phys_exotica/monoZ/Exorcism2016/SingleMuon_Run2016F-Nano1June2019-v1/tree_3.root  ->  /eos/cms/store/group/phys_exotica/monoZ/Exorcism2016/SingleMuon_Run2016F-Nano1June2019-v1/tree_3.root
Testing file open
Test OK
---------------------------
 -- options  =  Namespace(dataset='X', doSyst=1, era='2016', infile='/eos/cms/store/group/phys_exotica/monoZ/Exorcism2016/SingleMuon_Run2016F-Nano1June2019-v1/tree_3.root', isMC=0, jobNum=23, nevt=-1)
 -- is MC    =  0
 -- jobNum   =  23
 -- era      =  2016
 -- in file  =  /eos/cms/store/group/phys_exotica/monoZ/Exorcism2016/SingleMuon_Run2016F-Nano1June2019-v1/tree_3.root
 -- dataset  =  X
---------------------------
modules :  <PhysicsTools.MonoZ.MonoZWSProducer.MonoZWSProducer object at 0x2ac556002890>
Selection :  
Will write selected trees to .
Pre-select 117 entries out of 117 (100.00%)
Processed 117 preselected entries from /eos/cms/store/group/phys_exotica/monoZ/Exorcism2016/SingleMuon_Run2016F-Nano1June2019-v1/tree_3.root (117 entries). Finally selected 117 entries
Done ./tree_3_Skim.root
19.2434210526 Hz
----- transfer output to eos :
----- directory after running :
.:
total 6988
-rw-r--r--. 1 cfreer zh    1204 Nov 29 13:59 FrameworkJobReport.xml
-rw-r--r--. 1 cfreer zh       0 Nov 29 13:59 _condor_stderr
-rw-r--r--. 1 cfreer zh    3871 Nov 29 13:59 _condor_stdout
-rw-------. 1 cfreer zh    4914 Nov 29 13:59 cfreer.cc
-rw-r--r--. 1 cfreer zh   16092 Nov 29 13:59 combineHLT_Run2.yaml
-rw-r--r--. 1 cfreer zh    5718 Nov 29 13:59 condor_WSProducer.py
-rwxr-xr-x. 1 cfreer zh     835 Nov 29 13:59 condor_exec.exe
-rwxr-xr-x. 1 cfreer zh    2559 Nov 29 13:59 haddnano.py
-rw-r--r--. 1 cfreer zh       8 Nov 29 13:59 keep_and_drop_WS.txt
drwx------. 3 cfreer zh    4096 Nov 29 13:59 tmp
-rw-r--r--. 1 cfreer zh 3543575 Nov 29 13:59 tree_23.root
-rw-r--r--. 1 cfreer zh 3543435 Nov 29 13:59 tree_3_Skim.root
drwx------. 3 cfreer zh    4096 Nov 29 13:59 var

./tmp:
total 4
drwxr-xr-x. 3 cfreer zh 4096 Nov 29 13:59 mjf-cfreer

./tmp/mjf-cfreer:
total 4
drwxr-xr-x. 2 cfreer zh 4096 Nov 29 13:59 jobfeatures-bigbird09.cern.ch_3025552.23_1574904229

./tmp/mjf-cfreer/jobfeatures-bigbird09.cern.ch_3025552.23_1574904229:
total 28
-rw-r--r--. 1 cfreer zh  1 Nov 29 13:59 allocated_cpu
-rw-r--r--. 1 cfreer zh  6 Nov 29 13:59 cpu_limit_secs
-rw-r--r--. 1 cfreer zh 39 Nov 29 13:59 job_id
-rw-r--r--. 1 cfreer zh 10 Nov 29 13:59 jobstart_secs
-rw-r--r--. 1 cfreer zh 10 Nov 29 13:59 max_rss_bytes
-rw-r--r--. 1 cfreer zh 10 Nov 29 13:59 scratch_limit_bytes
-rw-r--r--. 1 cfreer zh  6 Nov 29 13:59 wall_limit_secs

./var:
total 4
drwx------. 2 cfreer zh 4096 Nov 29 13:59 tmp

./var/tmp:
total 0
 ------ THE END (everyone dies !) ----- 
