
/pool/condor/dir_16937

... start job at 2019-11-30 06:16:16
----- directory before running:
.:
total 52
-rw-r--r--. 1 cfreer zh     0 Nov 30 06:16 _condor_stderr
-rw-r--r--. 1 cfreer zh    94 Nov 30 06:16 _condor_stdout
-rw-------. 1 cfreer zh  2642 Nov 30 06:16 cfreer.cc
-rw-r--r--. 1 cfreer zh 16092 Nov 30 06:16 combineHLT_Run2.yaml
-rw-r--r--. 1 cfreer zh  5718 Nov 30 06:16 condor_WSProducer.py
-rwxr-xr-x. 1 cfreer zh   842 Nov 30 06:16 condor_exec.exe
-rwxr-xr-x. 1 cfreer zh  2559 Nov 30 06:16 haddnano.py
-rw-r--r--. 1 cfreer zh     8 Nov 30 06:16 keep_and_drop_WS.txt
drwx------. 3 cfreer zh  4096 Nov 30 06:16 tmp
drwx------. 3 cfreer zh  4096 Nov 30 06:16 var

./tmp:
total 4
drwxr-xr-x. 3 cfreer zh 4096 Nov 30 06:16 mjf-cfreer

./tmp/mjf-cfreer:
total 4
drwxr-xr-x. 2 cfreer zh 4096 Nov 30 06:16 jobfeatures-bigbird09.cern.ch_3031814.1_1574960267

./tmp/mjf-cfreer/jobfeatures-bigbird09.cern.ch_3031814.1_1574960267:
total 28
-rw-r--r--. 1 cfreer zh  1 Nov 30 06:16 allocated_cpu
-rw-r--r--. 1 cfreer zh  6 Nov 30 06:16 cpu_limit_secs
-rw-r--r--. 1 cfreer zh 38 Nov 30 06:16 job_id
-rw-r--r--. 1 cfreer zh 10 Nov 30 06:16 jobstart_secs
-rw-r--r--. 1 cfreer zh 10 Nov 30 06:16 max_rss_bytes
-rw-r--r--. 1 cfreer zh 10 Nov 30 06:16 scratch_limit_bytes
-rw-r--r--. 1 cfreer zh  6 Nov 30 06:16 wall_limit_secs

./var:
total 4
drwx------. 2 cfreer zh 4096 Nov 30 06:16 tmp

./var/tmp:
total 0
----- CMSSW BASE, python path, pwd:
+ CMSSW_BASE  = /afs/cern.ch/work/c/cfreer/MonoZ_2019/MT_plots/CMSSW_10_6_4
+ PYTHON_PATH = 
+ PWD         = /pool/condor/dir_16937
/eos/cms/store/group/phys_exotica/monoZ/Exorcism2017/WZTo3LNu_TuneCP5_13TeV-amcatnloFXFX-pythia8/tree_11.root  ->  /eos/cms/store/group/phys_exotica/monoZ/Exorcism2017/WZTo3LNu_TuneCP5_13TeV-amcatnloFXFX-pythia8/tree_11.root
Testing file open
Test OK
---------------------------
 -- options  =  Namespace(dataset='X', doSyst=1, era='2017', infile='/eos/cms/store/group/phys_exotica/monoZ/Exorcism2017/WZTo3LNu_TuneCP5_13TeV-amcatnloFXFX-pythia8/tree_11.root', isMC=1, jobNum=1, nevt=-1)
 -- is MC    =  1
 -- jobNum   =  1
 -- era      =  2017
 -- in file  =  /eos/cms/store/group/phys_exotica/monoZ/Exorcism2017/WZTo3LNu_TuneCP5_13TeV-amcatnloFXFX-pythia8/tree_11.root
 -- dataset  =  X
---------------------------
[check] condtag_ ==  WZTo3LNu_TuneCP5_13TeV-amcatnloFXFX-pythia8
[check] dataset  ==  monoZ
modules :  <PhysicsTools.MonoZ.MonoZWSProducer.MonoZWSProducer object at 0x2b3b8e401890>
modules :  <PhysicsTools.MonoZ.MonoZWSProducer.MonoZWSProducer object at 0x2b3b8e401950>
modules :  <PhysicsTools.MonoZ.MonoZWSProducer.MonoZWSProducer object at 0x2b3b8e401990>
modules :  <PhysicsTools.MonoZ.MonoZWSProducer.MonoZWSProducer object at 0x2b3b8e4019d0>
modules :  <PhysicsTools.MonoZ.MonoZWSProducer.MonoZWSProducer object at 0x2b3b8e401a10>
modules :  <PhysicsTools.MonoZ.MonoZWSProducer.MonoZWSProducer object at 0x2b3b8e401a50>
modules :  <PhysicsTools.MonoZ.MonoZWSProducer.MonoZWSProducer object at 0x2b3b8e401a90>
modules :  <PhysicsTools.MonoZ.MonoZWSProducer.MonoZWSProducer object at 0x2b3b8e401ad0>
modules :  <PhysicsTools.MonoZ.MonoZWSProducer.MonoZWSProducer object at 0x2b3b8e401b10>
modules :  <PhysicsTools.MonoZ.MonoZWSProducer.MonoZWSProducer object at 0x2b3b8e401b50>
modules :  <PhysicsTools.MonoZ.MonoZWSProducer.MonoZWSProducer object at 0x2b3b8e401b90>
modules :  <PhysicsTools.MonoZ.MonoZWSProducer.MonoZWSProducer object at 0x2b3b8e401bd0>
modules :  <PhysicsTools.MonoZ.MonoZWSProducer.MonoZWSProducer object at 0x2b3b8e401c10>
modules :  <PhysicsTools.MonoZ.MonoZWSProducer.MonoZWSProducer object at 0x2b3b8e401c50>
modules :  <PhysicsTools.MonoZ.MonoZWSProducer.MonoZWSProducer object at 0x2b3b8e401c90>
modules :  <PhysicsTools.MonoZ.MonoZWSProducer.MonoZWSProducer object at 0x2b3b8e401cd0>
modules :  <PhysicsTools.MonoZ.MonoZWSProducer.MonoZWSProducer object at 0x2b3b8e401d10>
modules :  <PhysicsTools.MonoZ.MonoZWSProducer.MonoZWSProducer object at 0x2b3b8e401d50>
modules :  <PhysicsTools.MonoZ.MonoZWSProducer.MonoZWSProducer object at 0x2b3b8e401d90>
modules :  <PhysicsTools.MonoZ.MonoZWSProducer.MonoZWSProducer object at 0x2b3b8e401dd0>
modules :  <PhysicsTools.MonoZ.MonoZWSProducer.MonoZWSProducer object at 0x2b3b8e401e10>
modules :  <PhysicsTools.MonoZ.MonoZWSProducer.MonoZWSProducer object at 0x2b3b8e401e50>
modules :  <PhysicsTools.MonoZ.MonoZWSProducer.MonoZWSProducer object at 0x2b3b8e401ed0>
modules :  <PhysicsTools.MonoZ.MonoZWSProducer.MonoZWSProducer object at 0x2b3b8e401f50>
modules :  <PhysicsTools.MonoZ.MonoZWSProducer.MonoZWSProducer object at 0x2b3b8e401fd0>
modules :  <PhysicsTools.MonoZ.MonoZWSProducer.MonoZWSProducer object at 0x2b3b8e403090>
modules :  <PhysicsTools.MonoZ.MonoZWSProducer.MonoZWSProducer object at 0x2b3b8e4030d0>
modules :  <PhysicsTools.MonoZ.MonoZWSProducer.MonoZWSProducer object at 0x2b3b8e403110>
modules :  <PhysicsTools.MonoZ.MonoZWSProducer.MonoZWSProducer object at 0x2b3b8e403150>
modules :  <PhysicsTools.MonoZ.MonoZWSProducer.MonoZWSProducer object at 0x2b3b8e403190>
modules :  <PhysicsTools.MonoZ.MonoZWSProducer.MonoZWSProducer object at 0x2b3b8e4031d0>
Selection :  
Will write selected trees to .
Pre-select 44218 entries out of 44218 (100.00%)
Processed    10000/   44218 entries, 22.62% (elapsed time   344.4s, curr speed    0.029 kHz, avg speed    0.029 kHz), accepted    10001/   10001 events (100.00%)
Processed    20000/   44218 entries, 45.23% (elapsed time   708.6s, curr speed    0.027 kHz, avg speed    0.028 kHz), accepted    20001/   20001 events (100.00%)
Processed    30000/   44218 entries, 67.85% (elapsed time  1096.9s, curr speed    0.026 kHz, avg speed    0.027 Adding file ./tree_11_Skim.root
Merging measMET_monoZ_catSignal-0jet
Merging MT_monoZ_catSignal-0jet
Merging measMET_monoZ_catEM
Merging MT_monoZ_catEM
Merging measMET_monoZ_catSignal-1jet
Merging MT_monoZ_catSignal-1jet
Merging measMET_monoZ_cat3L
Merging MT_monoZ_cat3L
Merging measMET_monoZ_cat4L
Merging MT_monoZ_cat4L
Merging measMET_monoZ_catNRB
Merging MT_monoZ_catNRB
Merging measMET_monoZ_catTOP
Merging MT_monoZ_catTOP
Merging measMET_monoZ_catDY
Merging MT_monoZ_catDY
Merging balance_monoZ
Merging phizmet_monoZ
Merging njet_monoZ
Merging measMET_monoZ_catSignal-0jet_sys_ElectronEnUp
Merging MT_monoZ_catSignal-0jet_sys_ElectronEnUp
Merging measMET_monoZ_catEM_sys_ElectronEnUp
Merging MT_monoZ_catEM_sys_ElectronEnUp
Merging measMET_monoZ_catSignal-1jet_sys_ElectronEnUp
Merging MT_monoZ_catSignal-1jet_sys_ElectronEnUp
Merging measMET_monoZ_cat3L_sys_ElectronEnUp
Merging MT_monoZ_cat3L_sys_ElectronEnUp
Merging measMET_monoZ_cat4L_sys_ElectronEnUp
Merging MT_monoZ_cat4L_sys_ElectronEnUp
Merging measMET_monoZ_catNRB_sys_ElectronEnUp
Merging MT_monoZ_catNRB_sys_ElectronEnUp
Merging measMET_monoZ_catTOP_sys_ElectronEnUp
Merging MT_monoZ_catTOP_sys_ElectronEnUp
Merging measMET_monoZ_catDY_sys_ElectronEnUp
Merging MT_monoZ_catDY_sys_ElectronEnUp
Merging balance_monoZ_sys_ElectronEnUp
Merging phizmet_monoZ_sys_ElectronEnUp
Merging njet_monoZ_sys_ElectronEnUp
Merging measMET_monoZ_catSignal-0jet_sys_ElectronEnDown
Merging MT_monoZ_catSignal-0jet_sys_ElectronEnDown
Merging measMET_monoZ_catEM_sys_ElectronEnDown
Merging MT_monoZ_catEM_sys_ElectronEnDown
Merging measMET_monoZ_catSignal-1jet_sys_ElectronEnDown
Merging MT_monoZ_catSignal-1jet_sys_ElectronEnDown
Merging measMET_monoZ_cat3L_sys_ElectronEnDown
Merging MT_monoZ_cat3L_sys_ElectronEnDown
Merging measMET_monoZ_cat4L_sys_ElectronEnDown
Merging MT_monoZ_cat4L_sys_ElectronEnDown
Merging measMET_monoZ_catNRB_sys_ElectronEnDown
Merging MT_monoZ_catNRB_sys_ElectronEnDown
Merging measMET_monoZ_catTOP_sys_ElectronEnDown
Merging MT_monoZ_catTOP_sys_ElectronEnDown
Merging measMET_monoZ_catDY_sys_ElectronEnDown
Merging MT_monoZ_catDY_sys_ElectronEnDown
Merging balance_monoZ_sys_ElectronEnDown
Merging phizmet_monoZ_sys_ElectronEnDown
Merging njet_monoZ_sys_ElectronEnDown
Merging measMET_monoZ_catSignal-0jet_sys_MuonEnUp
Merging MT_monoZ_catSignal-0jet_sys_MuonEnUp
Merging measMET_monoZ_catEM_sys_MuonEnUp
Merging MT_monoZ_catEM_sys_MuonEnUp
Merging measMET_monoZ_catSignal-1jet_sys_MuonEnUp
Merging MT_monoZ_catSignal-1jet_sys_MuonEnUp
Merging measMET_monoZ_cat3L_sys_MuonEnUp
Merging MT_monoZ_cat3L_sys_MuonEnUp
Merging measMET_monoZ_cat4L_sys_MuonEnUp
Merging MT_monoZ_cat4L_sys_MuonEnUp
Merging measMET_monoZ_catNRB_sys_MuonEnUp
Merging MT_monoZ_catNRB_sys_MuonEnUp
Merging measMET_monoZ_catTOP_sys_MuonEnUp
Merging MT_monoZ_catTOP_sys_MuonEnUp
Merging measMET_monoZ_catDY_sys_MuonEnUp
Merging MT_monoZ_catDY_sys_MuonEnUp
Merging balance_monoZ_sys_MuonEnUp
Merging phizmet_monoZ_sys_MuonEnUp
Merging njet_monoZ_sys_MuonEnUp
Merging measMET_monoZ_catSignal-0jet_sys_MuonEnDown
Merging MT_monoZ_catSignal-0jet_sys_MuonEnDown
Merging measMET_monoZ_catEM_sys_MuonEnDown
Merging MT_monoZ_catEM_sys_MuonEnDown
Merging measMET_monoZ_catSignal-1jet_sys_MuonEnDown
Merging MT_monoZ_catSignal-1jet_sys_MuonEnDown
Merging measMET_monoZ_cat3L_sys_MuonEnDown
Merging MT_monoZ_cat3L_sys_MuonEnDown
Merging measMET_monoZ_cat4L_sys_MuonEnDown
Merging MT_monoZ_cat4L_sys_MuonEnDown
Merging measMET_monoZ_catNRB_sys_MuonEnDown
Merging MT_monoZ_catNRB_sys_MuonEnDown
Merging measMET_monoZ_catTOP_sys_MuonEnDown
Merging MT_monoZ_catTOP_sys_MuonEnDown
Merging measMET_monoZ_catDY_sys_MuonEnDown
Merging MT_monoZ_catDY_sys_MuonEnDown
Merging balance_monoZ_sys_MuonEnDown
Merging phizmet_monoZ_sys_MuonEnDown
Merging njet_monoZ_sys_MuonEnDown
Merging measMET_monoZ_catSignal-0jet_sys_jesTotalUp
Merging MT_monoZ_catSignal-0jet_sys_jesTotalUp
Merging measMET_monoZ_catEM_sys_jesTotalUp
Merging MT_monoZ_catEM_sys_jesTotalUp
Merging measMET_monoZ_catSignal-1jet_sys_jesTotalUp
Merging MT_monoZ_catSignal-1jet_sys_jesTotalUp
Merging measMET_monoZ_cat3L_sys_jesTotalUp
Merging MT_monoZ_cat3L_sys_jesTotalUp
Merging measMET_monoZ_cat4L_sys_jesTotalUp
Merging MT_monoZ_cat4L_sys_jesTotalUp
Merging measMET_monoZ_catNRB_sys_jesTotalUp
Merging MT_monoZ_catNRB_sys_jesTotalUp
Merging measMET_monoZ_catTOP_sys_jesTotalUp
Merging MT_monoZ_catTOP_sys_jesTotalUp
Merging measMET_monoZ_catDY_sys_jesTotalUp
Merging MT_monoZ_catDY_sys_jesTotalUp
Merging balance_monoZ_sys_jesTotalUp
Merging phizmet_monoZ_sys_jesTotalUp
Merging njet_monoZ_sys_jesTotalUp
Merging measMET_monoZ_catSignal-0jet_sys_jesTotalDown
Merging MT_monoZ_catSignal-0jet_sys_jesTotalDown
Merging measMET_monoZ_catEM_sys_jesTotalDown
Merging MT_monoZ_catEM_sys_jesTotalDown
Merging measMET_monoZ_catSignal-1jet_sys_jesTotalDown
Merging MT_monoZ_catSignal-1jet_sys_jesTotalDown
Merging measMET_monoZ_cat3L_sys_jesTotalDown
Merging MT_monoZ_cat3L_sys_jesTotalDown
Merging measMET_monoZ_cat4L_sys_jesTotalDown
Merging MT_monoZ_cat4L_sys_jesTotalDown
Merging measMET_monoZ_catNRB_sys_jesTotalDown
Merging MT_monoZ_catNRB_sys_jesTotalDown
Merging measMET_monoZ_catTOP_sys_jesTotalDown
Merging MT_monoZ_catTOP_sys_jesTotalDown
Merging measMET_monoZ_catDY_sys_jesTotalDown
Merging MT_monoZ_catDY_sys_jesTotalDown
Merging balance_monoZ_sys_jesTotalDown
Merging phizmet_monoZ_sys_jesTotalDown
Merging njet_monoZ_sys_jesTotalDown
Merging measMET_monoZ_catSignal-0jet_sys_jerUp
Merging MT_monoZ_catSignal-0jet_sys_jerUp
Merging measMET_monoZ_catEM_sys_jerUp
Merging MT_monoZ_catEM_sys_jerUp
Merging measMET_monoZ_catSignal-1jet_sys_jerUp
Merging MT_monoZ_catSignal-1jet_sys_jerUp
Merging measMET_monoZ_cat3L_sys_jerUp
Merging MT_monoZ_cat3L_sys_jerUp
Merging measMET_monoZ_cat4L_sys_jerUp
Merging MT_monoZ_cat4L_sys_jerUp
Merging measMET_monoZ_catNRB_sys_jerUp
Merging MT_monoZ_catNRB_sys_jerUp
Merging measMET_monoZ_catTOP_sys_jerUp
Merging MT_monoZ_catTOP_sys_jerUp
Merging measMET_monoZ_catDY_sys_jerUp
Merging MT_monoZ_catDY_sys_jerUp
Merging balance_monoZ_sys_jerUp
Merging phizmet_monoZ_sys_jerUp
Merging njet_monoZ_sys_jerUp
Merging measMET_monoZ_catSignal-0jet_sys_jerDown
Merging MT_monoZ_catSignal-0jet_sys_jerDown
Merging measMET_monoZ_catEM_sys_jerDown
Merging MT_monoZ_catEM_sys_jerDown
Merging measMET_monoZ_catSignal-1jet_sys_jerDown
Merging MT_monoZ_catSignal-1jet_sys_jerDown
Merging measMET_monoZ_cat3L_sys_jerDown
Merging MT_monoZ_cat3L_sys_jerDown
Merging measMET_monoZ_cat4L_sys_jerDown
Merging MT_monoZ_cat4L_sys_jerDown
Merging measMET_monoZ_catNRB_sys_jerDown
Merging MT_monoZ_catNRB_sys_jerDown
Merging measMET_monoZ_catTOP_sys_jerDown
Merging MT_monoZ_catTOP_sys_jerDown
Merging measMET_monoZ_catDY_sys_jerDown
Merging MT_monoZ_catDY_sys_jerDown
Merging balance_monoZ_sys_jerDown
Merging phizmet_monoZ_sys_jerDown
Merging njet_monoZ_sys_jerDown
Merging measMET_monoZ_catSignal-0jet_sys_puWeightUp
Merging MT_monoZ_catSignal-0jet_sys_puWeightUp
Merging measMET_monoZ_catEM_sys_puWeightUp
Merging MT_monoZ_catEM_sys_puWeightUp
Merging measMET_monoZ_catSignal-1jet_sys_puWeightUp
Merging MT_monoZ_catSignal-1jet_sys_puWeightUp
Merging measMET_monoZ_cat3L_sys_puWeightUp
Merging MT_monoZ_cat3L_sys_puWeightUp
Merging measMET_monoZ_cat4L_sys_puWeightUp
Merging MT_monoZ_cat4L_sys_puWeightUp
Merging measMET_monoZ_catNRB_sys_puWeightUp
Merging MT_monoZ_catNRB_sys_puWeightUp
Merging measMET_monoZ_catTOP_sys_puWeightUp
Merging MT_monoZ_catTOP_sys_puWeightUp
Merging measMET_monoZ_catDY_sys_puWeightUp
Merging MT_monoZ_catDY_sys_puWeightUp
Merging balance_monoZ_sys_puWeightUp
Merging phizmet_monoZ_sys_puWeightUp
Merging njet_monoZ_sys_puWeightUp
Merging measMET_monoZ_catSignal-0jet_sys_puWeightDown
Merging MT_monoZ_catSignal-0jet_sys_puWeightDown
Merging measMET_monoZ_catEM_sys_puWeightDown
Merging MT_monoZ_catEM_sys_puWeightDown
Merging measMET_monoZ_catSignal-1jet_sys_puWeightDown
Merging MT_monoZ_catSignal-1jet_sys_puWeightDown
Merging measMET_monoZ_cat3L_sys_puWeightDown
Merging MT_monoZ_cat3L_sys_puWeightDown
Merging measMET_monoZ_cat4L_sys_puWeightDown
Merging MT_monoZ_cat4L_sys_puWeightDown
Merging measMET_monoZ_catNRB_sys_puWeightDown
Merging MT_monoZ_catNRB_sys_puWeightDown
Merging measMET_monoZ_catTOP_sys_puWeightDown
Merging MT_monoZ_catTOP_sys_puWeightDown
Merging measMET_monoZ_catDY_sys_puWeightDown
Merging MT_monoZ_catDY_sys_puWeightDown
Merging balance_monoZ_sys_puWeightDown
Merging phizmet_monoZ_sys_puWeightDown
Merging njet_monoZ_sys_puWeightDown
Merging measMET_monoZ_catSignal-0jet_sys_PDFUp
Merging MT_monoZ_catSignal-0jet_sys_PDFUp
Merging measMET_monoZ_catEM_sys_PDFUp
Merging MT_monoZ_catEM_sys_PDFUp
Merging measMET_monoZ_catSignal-1jet_sys_PDFUp
Merging MT_monoZ_catSignal-1jet_sys_PDFUp
Merging measMET_monoZ_cat3L_sys_PDFUp
Merging MT_monoZ_cat3L_sys_PDFUp
Merging measMET_monoZ_cat4L_sys_PDFUp
Merging MT_monoZ_cat4L_sys_PDFUp
Merging measMET_monoZ_catNRB_sys_PDFUp
Merging MT_monoZ_catNRB_sys_PDFUp
Merging measMET_monoZ_catTOP_sys_PDFUp
Merging MT_monoZ_catTOP_sys_PDFUp
Merging measMET_monoZ_catDY_sys_PDFUp
Merging MT_monoZ_catDY_sys_PDFUp
Merging balance_monoZ_sys_PDFUp
Merging phizmet_monoZ_sys_PDFUp
Merging njet_monoZ_sys_PDFUp
Merging measMET_monoZ_catSignal-0jet_sys_PDFDown
Merging MT_monoZ_catSignal-0jet_sys_PDFDown
Merging measMET_monoZ_catEM_sys_PDFDown
Merging MT_monoZ_catEM_sys_PDFDown
Merging measMET_monoZ_catSignal-1jet_sys_PDFDown
Merging MT_monoZ_catSignal-1jet_sys_PDFDown
Merging measMET_monoZ_cat3L_sys_PDFDown
Merging MT_monoZ_cat3L_sys_PDFDown
Merging measMET_monoZ_cat4L_sys_PDFDown
Merging MT_monoZ_cat4L_sys_PDFDown
Merging measMET_monoZ_catNRB_sys_PDFDown
Merging MT_monoZ_catNRB_sys_PDFDown
Merging measMET_monoZ_catTOP_sys_PDFDown
Merging MT_monoZ_catTOP_sys_PDFDown
Merging measMET_monoZ_catDY_sys_PDFDown
Merging MT_monoZ_catDY_sys_PDFDown
Merging balance_monoZ_sys_PDFDown
Merging phizmet_monoZ_sys_PDFDown
Merging njet_monoZ_sys_PDFDown
Merging measMET_monoZ_catSignal-0jet_sys_MuonSFUp
Merging MT_monoZ_catSignal-0jet_sys_MuonSFUp
Merging measMET_monoZ_catEM_sys_MuonSFUp
Merging MT_monoZ_catEM_sys_MuonSFUp
Merging measMET_monoZ_catSignal-1jet_sys_MuonSFUp
Merging MT_monoZ_catSignal-1jet_sys_MuonSFUp
Merging measMET_monoZ_cat3L_sys_MuonSFUp
Merging MT_monoZ_cat3L_sys_MuonSFUp
Merging measMET_monoZ_cat4L_sys_MuonSFUp
Merging MT_monoZ_cat4L_sys_MuonSFUp
Merging measMET_monoZ_catNRB_sys_MuonSFUp
Merging MT_monoZ_catNRB_sys_MuonSFUp
Merging measMET_monoZ_catTOP_sys_MuonSFUp
Merging MT_monoZ_catTOP_sys_MuonSFUp
Merging measMET_monoZ_catDY_sys_MuonSFUp
Merging MT_monoZ_catDY_sys_MuonSFUp
Merging balance_monoZ_sys_MuonSFUp
Merging phizmet_monoZ_sys_MuonSFUp
Merging njet_monoZ_sys_MuonSFUp
Merging measMET_monoZ_catSignal-0jet_sys_MuonSFDown
Merging MT_monoZ_catSignal-0jet_sys_MuonSFDown
Merging measMET_monoZ_catEM_sys_MuonSFDown
Merging MT_monoZ_catEM_sys_MuonSFDown
Merging measMET_monoZ_catSignal-1jet_sys_MuonSFDown
Merging MT_monoZ_catSignal-1jet_sys_MuonSFDown
Merging measMET_monoZ_cat3L_sys_MuonSFDown
Merging MT_monoZ_cat3L_sys_MuonSFDown
Merging measMET_monoZ_cat4L_sys_MuonSFDown
Merging MT_monoZ_cat4L_sys_MuonSFDown
Merging measMET_monoZ_catNRB_sys_MuonSFDown
Merging MT_monoZ_catNRB_sys_MuonSFDown
Merging measMET_monoZ_catTOP_sys_MuonSFDown
Merging MT_monoZ_catTOP_sys_MuonSFDown
Merging measMET_monoZ_catDY_sys_MuonSFDown
Merging MT_monoZ_catDY_sys_MuonSFDown
Merging balance_monoZ_sys_MuonSFDown
Merging phizmet_monoZ_sys_MuonSFDown
Merging njet_monoZ_sys_MuonSFDown
Merging measMET_monoZ_catSignal-0jet_sys_ElecronSFUp
Merging MT_monoZ_catSignal-0jet_sys_ElecronSFUp
Merging measMET_monoZ_catEM_sys_ElecronSFUp
Merging MT_monoZ_catEM_sys_ElecronSFUp
Merging measMET_monoZ_catSignal-1jet_sys_ElecronSFUp
Merging MT_monoZ_catSignal-1jet_sys_ElecronSFUp
Merging measMET_monoZ_cat3L_sys_ElecronSFUp
Merging MT_monoZ_cat3L_sys_ElecronSFUp
Merging measMET_monoZ_cat4L_sys_ElecronSFUp
Merging MT_monoZ_cat4L_sys_ElecronSFUp
Merging measMET_monoZ_catNRB_sys_ElecronSFUp
Merging MT_monoZ_catNRB_sys_ElecronSFUp
Merging measMET_monoZ_catTOP_sys_ElecronSFUp
Merging MT_monoZ_catTOP_sys_ElecronSFUp
Merging measMET_monoZ_catDY_sys_ElecronSFUp
Merging MT_monoZ_catDY_sys_ElecronSFUp
Merging balance_monoZ_sys_ElecronSFUp
Merging phizmet_monoZ_sys_ElecronSFUp
Merging njet_monoZ_sys_ElecronSFUp
Merging measMET_monoZ_catSignal-0jet_sys_ElecronSFDown
Merging MT_monoZ_catSignal-0jet_sys_ElecronSFDown
Merging measMET_monoZ_catEM_sys_ElecronSFDown
Merging MT_monoZ_catEM_sys_ElecronSFDown
Merging measMET_monoZ_catSignal-1jet_sys_ElecronSFDown
Merging MT_monoZ_catSignal-1jet_sys_ElecronSFDown
Merging measMET_monoZ_cat3L_sys_ElecronSFDown
Merging MT_monoZ_cat3L_sys_ElecronSFDown
Merging measMET_monoZ_cat4L_sys_ElecronSFDown
Merging MT_monoZ_cat4L_sys_ElecronSFDown
Merging measMET_monoZ_catNRB_sys_ElecronSFDown
Merging MT_monoZ_catNRB_sys_ElecronSFDown
Merging measMET_monoZ_catTOP_sys_ElecronSFDown
Merging MT_monoZ_catTOP_sys_ElecronSFDown
Merging measMET_monoZ_catDY_sys_ElecronSFDown
Merging MT_monoZ_catDY_sys_ElecronSFDown
Merging balance_monoZ_sys_ElecronSFDown
Merging phizmet_monoZ_sys_ElecronSFDown
Merging njet_monoZ_sys_ElecronSFDown
Merging measMET_monoZ_catSignal-0jet_sys_EWKUp
Merging MT_monoZ_catSignal-0jet_sys_EWKUp
Merging measMET_monoZ_catEM_sys_EWKUp
Merging MT_monoZ_catEM_sys_EWKUp
Merging measMET_monoZ_catSignal-1jet_sys_EWKUp
Merging MT_monoZ_catSignal-1jet_sys_EWKUp
Merging measMET_monoZ_cat3L_sys_EWKUp
Merging MT_monoZ_cat3L_sys_EWKUp
Merging measMET_monoZ_cat4L_sys_EWKUp
Merging MT_monoZ_cat4L_sys_EWKUp
Merging measMET_monoZ_catNRB_sys_EWKUp
Merging MT_monoZ_catNRB_sys_EWKUp
Merging measMET_monoZ_catTOP_sys_EWKUp
Merging MT_monoZ_catTOP_sys_EWKUp
Merging measMET_monoZ_catDY_sys_EWKUp
Merging MT_monoZ_catDY_sys_EWKUp
Merging balance_monoZ_sys_EWKUp
Merging phizmet_monoZ_sys_EWKUp
Merging njet_monoZ_sys_EWKUp
Merging measMET_monoZ_catSignal-0jet_sys_EWKDown
Merging MT_monoZ_catSignal-0jet_sys_EWKDown
Merging measMET_monoZ_catEM_sys_EWKDown
Merging MT_monoZ_catEM_sys_EWKDown
Merging measMET_monoZ_catSignal-1jet_sys_EWKDown
Merging MT_monoZ_catSignal-1jet_sys_EWKDown
Merging measMET_monoZ_cat3L_sys_EWKDown
Merging MT_monoZ_cat3L_sys_EWKDown
Merging measMET_monoZ_cat4L_sys_EWKDown
Merging MT_monoZ_cat4L_sys_EWKDown
Merging measMET_monoZ_catNRB_sys_EWKDown
Merging MT_monoZ_catNRB_sys_EWKDown
Merging measMET_monoZ_catTOP_sys_EWKDown
Merging MT_monoZ_catTOP_sys_EWKDown
Merging measMET_monoZ_catDY_sys_EWKDown
Merging MT_monoZ_catDY_sys_EWKDown
Merging balance_monoZ_sys_EWKDown
Merging phizmet_monoZ_sys_EWKDown
Merging njet_monoZ_sys_EWKDown
Merging measMET_monoZ_catSignal-0jet_sys_nvtxWeightUp
Merging MT_monoZ_catSignal-0jet_sys_nvtxWeightUp
Merging measMET_monoZ_catEM_sys_nvtxWeightUp
Merging MT_monoZ_catEM_sys_nvtxWeightUp
Merging measMET_monoZ_catSignal-1jet_sys_nvtxWeightUp
Merging MT_monoZ_catSignal-1jet_sys_nvtxWeightUp
Merging measMET_monoZ_cat3L_sys_nvtxWeightUp
Merging MT_monoZ_cat3L_sys_nvtxWeightUp
Merging measMET_monoZ_cat4L_sys_nvtxWeightUp
Merging MT_monoZ_cat4L_sys_nvtxWeightUp
Merging measMET_monoZ_catNRB_sys_nvtxWeightUp
Merging MT_monoZ_catNRB_sys_nvtxWeightUp
Merging measMET_monoZ_catTOP_sys_nvtxWeightUp
Merging MT_monoZ_catTOP_sys_nvtxWeightUp
Merging measMET_monoZ_catDY_sys_nvtxWeightUp
Merging MT_monoZ_catDY_sys_nvtxWeightUp
Merging balance_monoZ_sys_nvtxWeightUp
Merging phizmet_monoZ_sys_nvtxWeightUp
Merging njet_monoZ_sys_nvtxWeightUp
Merging measMET_monoZ_catSignal-0jet_sys_nvtxWeightDown
Merging MT_monoZ_catSignal-0jet_sys_nvtxWeightDown
Merging measMET_monoZ_catEM_sys_nvtxWeightDown
Merging MT_monoZ_catEM_sys_nvtxWeightDown
Merging measMET_monoZ_catSignal-1jet_sys_nvtxWeightDown
Merging MT_monoZ_catSignal-1jet_sys_nvtxWeightDown
Merging measMET_monoZ_cat3L_sys_nvtxWeightDown
Merging MT_monoZ_cat3L_sys_nvtxWeightDown
Merging measMET_monoZ_cat4L_sys_nvtxWeightDown
Merging MT_monoZ_cat4L_sys_nvtxWeightDown
Merging measMET_monoZ_catNRB_sys_nvtxWeightDown
Merging MT_monoZ_catNRB_sys_nvtxWeightDown
Merging measMET_monoZ_catTOP_sys_nvtxWeightDown
Merging MT_monoZ_catTOP_sys_nvtxWeightDown
Merging measMET_monoZ_catDY_sys_nvtxWeightDown
Merging MT_monoZ_catDY_sys_nvtxWeightDown
Merging balance_monoZ_sys_nvtxWeightDown
Merging phizmet_monoZ_sys_nvtxWeightDown
Merging njet_monoZ_sys_nvtxWeightDown
Merging measMET_monoZ_catSignal-0jet_sys_TriggerSFWeightUp
Merging MT_monoZ_catSignal-0jet_sys_TriggerSFWeightUp
Merging measMET_monoZ_catEM_sys_TriggerSFWeightUp
Merging MT_monoZ_catEM_sys_TriggerSFWeightUp
Merging measMET_monoZ_catSignal-1jet_sys_TriggerSFWeightUp
Merging MT_monoZ_catSignal-1jet_sys_TriggerSFWeightUp
Merging measMET_monoZ_cat3L_sys_TriggerSFWeightUp
Merging MT_monoZ_cat3L_sys_TriggerSFWeightUp
Merging measMET_monoZ_cat4L_sys_TriggerSFWeightUp
Merging MT_monoZ_cat4L_sys_TriggerSFWeightUp
Merging measMET_monoZ_catNRB_sys_TriggerSFWeightUp
Merging MT_monoZ_catNRB_sys_TriggerSFWeightUp
Merging measMET_monoZ_catTOP_sys_TriggerSFWeightUp
Merging MT_monoZ_catTOP_sys_TriggerSFWeightUp
Merging measMET_monoZ_catDY_sys_TriggerSFWeightUp
Merging MT_monoZ_catDY_sys_TriggerSFWeightUp
Merging balance_monoZ_sys_TriggerSFWeightUp
Merging phizmet_monoZ_sys_TriggerSFWeightUp
Merging njet_monoZ_sys_TriggerSFWeightUp
Merging measMET_monoZ_catSignal-0jet_sys_TriggerSFWeightDown
Merging MT_monoZ_catSignal-0jet_sys_TriggerSFWeightDown
Merging measMET_monoZ_catEM_sys_TriggerSFWeightDown
Merging MT_monoZ_catEM_sys_TriggerSFWeightDown
Merging measMET_monoZ_catSignal-1jet_sys_TriggerSFWeightDown
Merging MT_monoZ_catSignal-1jet_sys_TriggerSFWeightDown
Merging measMET_monoZ_cat3L_sys_TriggerSFWeightDown
Merging MT_monoZ_cat3L_sys_TriggerSFWeightDown
Merging measMET_monoZ_cat4L_sys_TriggerSFWeightDown
Merging MT_monoZ_cat4L_sys_TriggerSFWeightDown
Merging measMET_monoZ_catNRB_sys_TriggerSFWeightDown
Merging MT_monoZ_catNRB_sys_TriggerSFWeightDown
Merging measMET_monoZ_catTOP_sys_TriggerSFWeightDown
Merging MT_monoZ_catTOP_sys_TriggerSFWeightDown
Merging measMET_monoZ_catDY_sys_TriggerSFWeightDown
Merging MT_monoZ_catDY_sys_TriggerSFWeightDown
Merging balance_monoZ_sys_TriggerSFWeightDown
Merging phizmet_monoZ_sys_TriggerSFWeightDown
Merging njet_monoZ_sys_TriggerSFWeightDown
Merging measMET_monoZ_catSignal-0jet_sys_btagEventWeightUp
Merging MT_monoZ_catSignal-0jet_sys_btagEventWeightUp
Merging measMET_monoZ_catEM_sys_btagEventWeightUp
Merging MT_monoZ_catEM_sys_btagEventWeightUp
Merging measMET_monoZ_catSignal-1jet_sys_btagEventWeightUp
Merging MT_monoZ_catSignal-1jet_sys_btagEventWeightUp
Merging measMET_monoZ_cat3L_sys_btagEventWeightUp
Merging MT_monoZ_cat3L_sys_btagEventWeightUp
Merging measMET_monoZ_cat4L_sys_btagEventWeightUp
Merging MT_monoZ_cat4L_sys_btagEventWeightUp
Merging measMET_monoZ_catNRB_sys_btagEventWeightUp
Merging MT_monoZ_catNRB_sys_btagEventWeightUp
Merging measMET_monoZ_catTOP_sys_btagEventWeightUp
Merging MT_monoZ_catTOP_sys_btagEventWeightUp
Merging measMET_monoZ_catDY_sys_btagEventWeightUp
Merging MT_monoZ_catDY_sys_btagEventWeightUp
Merging balance_monoZ_sys_btagEventWeightUp
Merging phizmet_monoZ_sys_btagEventWeightUp
Merging njet_monoZ_sys_btagEventWeightUp
Merging measMET_monoZ_catSignal-0jet_sys_btagEventWeightDown
Merging MT_monoZ_catSignal-0jet_sys_btagEventWeightDown
Merging measMET_monoZ_catEM_sys_btagEventWeightDown
Merging MT_monoZ_catEM_sys_btagEventWeightDown
Merging measMET_monoZ_catSignal-1jet_sys_btagEventWeightDown
Merging MT_monoZ_catSignal-1jet_sys_btagEventWeightDown
Merging measMET_monoZ_cat3L_sys_btagEventWeightDown
Merging MT_monoZ_cat3L_sys_btagEventWeightDown
Merging measMET_monoZ_cat4L_sys_btagEventWeightDown
Merging MT_monoZ_cat4L_sys_btagEventWeightDown
Merging measMET_monoZ_catNRB_sys_btagEventWeightDown
Merging MT_monoZ_catNRB_sys_btagEventWeightDown
Merging measMET_monoZ_catTOP_sys_btagEventWeightDown
Merging MT_monoZ_catTOP_sys_btagEventWeightDown
Merging measMET_monoZ_catDY_sys_btagEventWeightDown
Merging MT_monoZ_catDY_sys_btagEventWeightDown
Merging balance_monoZ_sys_btagEventWeightDown
Merging phizmet_monoZ_sys_btagEventWeightDown
Merging njet_monoZ_sys_btagEventWeightDown
Merging measMET_monoZ_catSignal-0jet_sys_QCDScale0wUp
Merging MT_monoZ_catSignal-0jet_sys_QCDScale0wUp
Merging measMET_monoZ_catEM_sys_QCDScale0wUp
Merging MT_monoZ_catEM_sys_QCDScale0wUp
Merging measMET_monoZ_catSignal-1jet_sys_QCDScale0wUp
Merging MT_monoZ_catSignal-1jet_sys_QCDScale0wUp
Merging measMET_monoZ_cat3L_sys_QCDScale0wUp
Merging MT_monoZ_cat3L_sys_QCDScale0wUp
Merging measMET_monoZ_cat4L_sys_QCDScale0wUp
Merging MT_monoZ_cat4L_sys_QCDScale0wUp
Merging measMET_monoZ_catNRB_sys_QCDScale0wUp
Merging MT_monoZ_catNRB_sys_QCDScale0wUp
Merging measMET_monoZ_catTOP_sys_QCDScale0wUp
Merging MT_monoZ_catTOP_sys_QCDScale0wUp
Merging measMET_monoZ_catDY_sys_QCDScale0wUp
Merging MT_monoZ_catDY_sys_QCDScale0wUp
Merging balance_monoZ_sys_QCDScale0wUp
Merging phizmet_monoZ_sys_QCDScale0wUp
Merging njet_monoZ_sys_QCDScale0wUp
Merging measMET_monoZ_catSignal-0jet_sys_QCDScale0wDown
Merging MT_monoZ_catSignal-0jet_sys_QCDScale0wDown
Merging measMET_monoZ_catEM_sys_QCDScale0wDown
Merging MT_monoZ_catEM_sys_QCDScale0wDown
Merging measMET_monoZ_catSignal-1jet_sys_QCDScale0wDown
Merging MT_monoZ_catSignal-1jet_sys_QCDScale0wDown
Merging measMET_monoZ_cat3L_sys_QCDScale0wDown
Merging MT_monoZ_cat3L_sys_QCDScale0wDown
Merging measMET_monoZ_cat4L_sys_QCDScale0wDown
Merging MT_monoZ_cat4L_sys_QCDScale0wDown
Merging measMET_monoZ_catNRB_sys_QCDScale0wDown
Merging MT_monoZ_catNRB_sys_QCDScale0wDown
Merging measMET_monoZ_catTOP_sys_QCDScale0wDown
Merging MT_monoZ_catTOP_sys_QCDScale0wDown
Merging measMET_monoZ_catDY_sys_QCDScale0wDown
Merging MT_monoZ_catDY_sys_QCDScale0wDown
Merging balance_monoZ_sys_QCDScale0wDown
Merging phizmet_monoZ_sys_QCDScale0wDown
Merging njet_monoZ_sys_QCDScale0wDown
Merging measMET_monoZ_catSignal-0jet_sys_QCDScale1wUp
Merging MT_monoZ_catSignal-0jet_sys_QCDScale1wUp
Merging measMET_monoZ_catEM_sys_QCDScale1wUp
Merging MT_monoZ_catEM_sys_QCDScale1wUp
Merging measMET_monoZ_catSignal-1jet_sys_QCDScale1wUp
Merging MT_monoZ_catSignal-1jet_sys_QCDScale1wUp
Merging measMET_monoZ_cat3L_sys_QCDScale1wUp
Merging MT_monoZ_cat3L_sys_QCDScale1wUp
Merging measMET_monoZ_cat4L_sys_QCDScale1wUp
Merging MT_monoZ_cat4L_sys_QCDScale1wUp
Merging measMET_monoZ_catNRB_sys_QCDScale1wUp
Merging MT_monoZ_catNRB_sys_QCDScale1wUp
Merging measMET_monoZ_catTOP_sys_QCDScale1wUp
Merging MT_monoZ_catTOP_sys_QCDScale1wUp
Merging measMET_monoZ_catDY_sys_QCDScale1wUp
Merging MT_monoZ_catDY_sys_QCDScale1wUp
Merging balance_monoZ_sys_QCDScale1wUp
Merging phizmet_monoZ_sys_QCDScale1wUp
Merging njet_monoZ_sys_QCDScale1wUp
Merging measMET_monoZ_catSignal-0jet_sys_QCDScale1wDown
Merging MT_monoZ_catSignal-0jet_sys_QCDScale1wDown
Merging measMET_monoZ_catEM_sys_QCDScale1wDown
Merging MT_monoZ_catEM_sys_QCDScale1wDown
Merging measMET_monoZ_catSignal-1jet_sys_QCDScale1wDown
Merging MT_monoZ_catSignal-1jet_sys_QCDScale1wDown
Merging measMET_monoZ_cat3L_sys_QCDScale1wDown
Merging MT_monoZ_cat3L_sys_QCDScale1wDown
Merging measMET_monoZ_cat4L_sys_QCDScale1wDown
Merging MT_monoZ_cat4L_sys_QCDScale1wDown
Merging measMET_monoZ_catNRB_sys_QCDScale1wDown
Merging MT_monoZ_catNRB_sys_QCDScale1wDown
Merging measMET_monoZ_catTOP_sys_QCDScale1wDown
Merging MT_monoZ_catTOP_sys_QCDScale1wDown
Merging measMET_monoZ_catDY_sys_QCDScale1wDown
Merging MT_monoZ_catDY_sys_QCDScale1wDown
Merging balance_monoZ_sys_QCDScale1wDown
Merging phizmet_monoZ_sys_QCDScale1wDown
Merging njet_monoZ_sys_QCDScale1wDown
Merging measMET_monoZ_catSignal-0jet_sys_QCDScale2wUp
Merging MT_monoZ_catSignal-0jet_sys_QCDScale2wUp
Merging measMET_monoZ_catEM_sys_QCDScale2wUp
Merging MT_monoZ_catEM_sys_QCDScale2wUp
Merging measMET_monoZ_catSignal-1jet_sys_QCDScale2wUp
Merging MT_monoZ_catSignal-1jet_sys_QCDScale2wUp
Merging measMET_monoZ_cat3L_sys_QCDScale2wUp
Merging MT_monoZ_cat3L_sys_QCDScale2wUp
Merging measMET_monoZ_cat4L_sys_QCDScale2wUp
Merging MT_monoZ_cat4L_sys_QCDScale2wUp
Merging measMET_monoZ_catNRB_sys_QCDScale2wUp
Merging MT_monoZ_catNRB_sys_QCDScale2wUp
Merging measMET_monoZ_catTOP_sys_QCDScale2wUp
Merging MT_monoZ_catTOP_sys_QCDScale2wUp
Merging measMET_monoZ_catDY_sys_QCDScale2wUp
Merging MT_monoZ_catDY_sys_QCDScale2wUp
Merging balance_monoZ_sys_QCDScale2wUp
Merging phizmet_monoZ_sys_QCDScale2wUp
Merging njet_monoZ_sys_QCDScale2wUp
Merging measMET_monoZ_catSignal-0jet_sys_QCDScale2wDown
Merging MT_monoZ_catSignal-0jet_sys_QCDScale2wDown
Merging measMET_monoZ_catEM_sys_QCDScale2wDown
Merging MT_monoZ_catEM_sys_QCDScale2wDown
Merging measMET_monoZ_catSignal-1jet_sys_QCDScale2wDown
Merging MT_monoZ_catSignal-1jet_sys_QCDScale2wDown
Merging measMET_monoZ_cat3L_sys_QCDScale2wDown
Merging MT_monoZ_cat3L_sys_QCDScale2wDown
Merging measMET_monoZ_cat4L_sys_QCDScale2wDown
Merging MT_monoZ_cat4L_sys_QCDScale2wDown
Merging measMET_monoZ_catNRB_sys_QCDScale2wDown
Merging MT_monoZ_catNRB_sys_QCDScale2wDown
Merging measMET_monoZ_catTOP_sys_QCDScale2wDown
Merging MT_monoZ_catTOP_sys_QCDScale2wDown
Merging measMET_monoZ_catDY_sys_QCDScale2wDown
Merging MT_monoZ_catDY_sys_QCDScale2wDown
Merging balance_monoZ_sys_QCDScale2wDown
Merging phizmet_monoZ_sys_QCDScale2wDown
Merging njet_monoZ_sys_QCDScale2wDown
Merging Events
Merging Runs
Merging ParameterSets
Merging LuminosityBlocks
Merging MetaData
Merging measMET_WZTo3LNu_TuneCP5_13TeV-amcatnloFXFX-pythia8_catDY_sys_QCDScale0wDown
Merging MT_WZTo3LNu_TuneCP5_13TeV-amcatnloFXFX-pythia8_catSignal-1jet_sys_ElecronSFDown
Merging MT_WZTo3LNu_TuneCP5_13TeV-amcatnloFXFX-pythia8_catSignal-1jet_sys_QCDScale0wDown
Merging MT_WZTo3LNu_TuneCP5_13TeV-amcatnloFXFX-pythia8_catEM_sys_PrefireWeightUp
Merging njet_WZTo3LNu_TuneCP5_13TeV-amcatnloFXFX-pythia8_sys_ElecronSFUp
Merging MT_WZTo3LNu_TuneCP5_13TeV-amcatnloFXFX-pythia8_cat3L_sys_jerUp
Merging balance_WZTo3LNu_TuneCP5_13TeV-amcatnloFXFX-pythia8_sys_nvtxWeightDown
Merging MT_WZTo3LNu_TuneCP5_13TeV-amcatnloFXFX-pythia8_catDY_sys_jesTotalDown
Merging MT_WZTo3LNu_TuneCP5_13TeV-amcatnloFXFX-pythia8_catDY
Merging MT_WZTo3LNu_TuneCP5_13TeV-amcatnloFXFX-pythia8_catDY_sys_jerDown
Merging measMET_WZTo3LNu_TuneCP5_13TeV-amcatnloFXFX-pythia8_catSignal-1jet_sys_QCDScale2wUp
Merging MT_WZTo3LNu_TuneCP5_13TeV-amcatnloFXFX-pythia8_catNRB_sys_btagEventWeightUp
Merging measMET_WZTo3LNu_TuneCP5_13TeV-amcatnloFXFX-pythia8_cat4L_sys_PDFUp
Merging MT_WZTo3LNu_TuneCP5_13TeV-amcatnloFXFX-pythia8_cat4L_sys_EWKDown
Merging MT_WZTo3LNu_TuneCP5_13TeV-amcatnloFXFX-pythia8_catSignal-0jet_sys_ElecronSFDown
Merging measMET_WZTo3LNu_TuneCP5_13TeV-amcatnloFXFX-pythia8_catSignal-0jet_sys_ElectronEnDown
Merging MT_WZTo3LNu_TuneCP5_13TeV-amcatnloFXFX-pythia8_catNRB_sys_ElectronEnUp
Merging measMET_WZTo3LNu_TuneCP5_13TeV-amcatnloFXFX-pythia8_catNRB_sys_MuonEnUp
Merging MT_WZTo3LNu_TuneCP5_13TeV-amcatnloFXFX-pythia8_catDY_sys_QCDScale2wDown
Merging measMET_WZTo3LNu_TuneCP5_13TeV-amcatnloFXFX-pythia8_catSignal-0jet
Merging MT_WZTo3LNu_TuneCP5_13TeV-amcatnloFXFX-pythia8_catNRB_sys_jesTotalUp
Merging MT_WZTo3LNu_TuneCP5_13TeV-amcatnloFXFX-pythia8_catTOP_sys_PrefireWeightUp
Merging measMET_WZTo3LNu_TuneCP5_13TeV-amcatnloFXFX-pythia8_cat3L_sys_PrefireWeightDown
Merging MT_WZTo3LNu_TuneCP5_13TeV-amcatnloFXFX-pythia8_catNRB_sys_puWeightDown
Merging MT_WZTo3LNu_TuneCP5_13TeV-amcatnloFXFX-pythia8_catSignal-1jet_sys_PrefireWeightUp
Merging measMET_WZTo3LNu_TuneCP5_13TeV-amcatnloFXFX-pythia8_catSignal-0jet_sys_TriggerSFWeightDown
Merging phizmet_WZTo3LNu_TuneCP5_13TeV-amcatnloFXFX-pythia8_sys_btagEventWeightUp
Merging measMET_WZTo3LNu_TuneCP5_13TeV-amcatnloFXFX-pythia8_catTOP_sys_EWKUp
Merging measMET_WZTo3LNu_TuneCP5_13TeV-amcatnloFXFX-pythia8_catEM_sys_EWKDown
Merging MT_WZTo3LNu_TuneCP5_13TeV-amcatnloFXFX-pythia8_catEM_sys_ElecronSFUp
Merging measMET_WZTo3LNu_TuneCP5_13TeV-amcatnloFXFX-pythia8_catTOP_sys_jesTotalDown
Merging measMET_WZTo3LNu_TuneCP5_13TeV-amcatnloFXFX-pythia8_catDY_sys_TriggerSFWeightUp
Merging measMET_WZTo3LNu_TuneCP5_13TeV-amcatnloFXFX-pythia8_catTOP_sys_QCDScale1wUp
Merging measMET_WZTo3LNu_TuneCP5_13TeV-amcatnloFXFX-pythia8_catTOP_sys_puWeightDown
Merging MT_WZTo3LNu_TuneCP5_13TeV-amcatnloFXFX-pythia8_cat4L_sys_QCDScale1wDown
Merging measMET_WZTo3LNu_TuneCP5_13TeV-amcatnloFXFX-pythia8_cat3L_sys_ElecronSFUp
Merging MT_WZTo3LNu_TuneCP5_13TeV-amcatnloFXFX-pythia8_cat4L_sys_QCDScale0wDown
Merging measMET_WZTo3LNu_TuneCP5_13TeV-amcatnloFXFX-pythia8_catEM_sys_QCDScale2wUp
Merging MT_WZTo3LNu_TuneCP5_13TeV-amcatnloFXFX-pythia8_catSignal-0jet_sys_jesTotalDown
Merging measMET_WZTo3LNu_TuneCP5_13TeV-amcatnloFXFX-pythia8_catDY_sys_EWKDown
Merging MT_WZTo3LNu_TuneCP5_13TeV-amcatnloFXFX-pythia8_cat3L_sys_PDFDown
Merging balance_WZTo3LNu_TuneCP5_13TeV-amcatnloFXFX-pythia8_sys_ElectronEnDown
Merging MT_WZTo3LNu_TuneCP5_13TeV-amcatnloFXFX-pythia8_catDY_sys_btagEventWeightDown
Merging measMET_WZTo3LNu_TuneCP5_13TeV-amcatnloFXFX-pythia8_cat4L_sys_nvtxWeightDown
Merging MT_WZTo3LNu_TuneCP5_13TeV-amcatnloFXFX-pythia8_catTOP_sys_MuonSFUp
Merging measMET_WZTo3LNu_TuneCP5_13TeV-amcatnloFXFX-pythia8_cat4L
Merging balance_WZTo3LNu_TuneCP5_13TeV-amcatnloFXFX-pythia8_sys_MuonEnUp
Merging measMET_WZTo3LNu_TuneCP5_13TeV-amcatnloFXFX-pythia8_cat3L_sys_MuonSFDown
Merging MT_WZTo3LNu_TuneCP5_13TeV-amcatnloFXFX-pythia8_catNRB_sys_TriggerSFWeightDown
Merging njet_WZTo3LNu_TuneCP5_13TeV-amcatnloFXFX-pythia8_sys_nvtxWeightUp
Merging phizmet_WZTo3LNu_TuneCP5_13TeV-amcatnloFXFX-pythia8_sys_ElecronSFDown
Merging phizmet_WZTo3LNu_TuneCP5_13TeV-amcatnloFXFX-pythia8_sys_MuonSFUp
Merging MT_WZTo3LNu_TuneCP5_13TeV-amcatnloFXFX-pythia8_cat4L_sys_PDFDown
Merging measMET_WZTo3LNu_TuneCP5_13TeV-amcatnloFXFX-pythia8_catTOP_sys_EWKDown
Merging measMET_WZTo3LNu_TuneCP5_13TeV-amcatnloFXFX-pythia8_cat4L_sys_PDFDown
Merging njet_WZTo3LNu_TuneCP5_13TeV-amcatnloFXFX-pythia8_sys_puWeightDown
Merging measMET_WZTo3LNu_TuneCP5_13TeV-amcatnloFXFX-pythia8_catNRB_sys_PrefireWeightUp
Merging MT_WZTo3LNu_TuneCP5_13TeV-amcatnloFXFX-pythia8_catSignal-1jet_sys_puWeightUp
Merging measMET_WZTo3LNu_TuneCP5_13TeV-amcatnloFXFX-pythia8_cat3L_sys_QCDScale0wUp
Merging measMET_WZTo3LNu_TuneCP5_13TeV-amcatnloFXFX-pythia8_cat4L_sys_MuonEnUp
Merging measMET_WZTo3LNu_TuneCP5_13TeV-amcatnloFXFX-pythia8_catEM_sys_PDFUp
Merging phizmet_WZTo3LNu_TuneCP5_13TeV-amcatnloFXFX-pythia8_sys_MuonSFDown
Merging njet_WZTo3LNu_TuneCP5_13TeV-amcatnloFXFX-pythia8_sys_PrefireWeightUp
Merging MT_WZTo3LNu_TuneCP5_13TeV-amcatnloFXFX-pythia8_catTOP_sys_QCDScale0wDown
Merging MT_WZTo3LNu_TuneCP5_13TeV-amcatnloFXFX-pythia8_catEM_sys_MuonEnDown
Merging measMET_WZTo3LNu_TuneCP5_13TeV-amcatnloFXFX-pythia8_catSignal-1jet_sys_MuonSFUp
Merging njet_WZTo3LNu_TuneCP5_13TeV-amcatnloFXFX-pythia8_sys_btagEventWeightDown
Merging measMET_WZTo3LNu_TuneCP5_13TeV-amcatnloFXFX-pythia8_cat4L_sys_nvtxWeightUp
Merging MT_WZTo3LNu_TuneCP5_13TeV-amcatnloFXFX-pythia8_catNRB_sys_PDFUp
Merging measMET_WZTo3LNu_TuneCP5_13TeV-amcatnloFXFX-pythia8_cat4L_sys_TriggerSFWeightUp
Merging MT_WZTo3LNu_TuneCP5_13TeV-amcatnloFXFX-pythia8_catSignal-1jet_sys_jerUp
Merging measMET_WZTo3LNu_TuneCP5_13TeV-amcatnloFXFX-pythia8_catDY_sys_jesTotalUp
Merging measMET_WZTo3LNu_TuneCP5_13TeV-amcatnloFXFX-pythia8_catNRB_sys_ElecronSFDown
Merging MT_WZTo3LNu_TuneCP5_13TeV-amcatnloFXFX-pythia8_catSignal-0jet_sys_MuonSFUp
Merging measMET_WZTo3LNu_TuneCP5_13TeV-amcatnloFXFX-pythia8_catDY_sys_nvtxWeightDown
Merging untagged
Merging measMET_WZTo3LNu_TuneCP5_13TeV-amcatnloFXFX-pythia8_catEM_sys_TriggerSFWeightDown
Merging MT_WZTo3LNu_TuneCP5_13TeV-amcatnloFXFX-pythia8_cat3L_sys_nvtxWeightDown
Merging measMET_WZTo3LNu_TuneCP5_13TeV-amcatnloFXFX-pythia8_catNRB_sys_QCDScale2wDown
Merging MT_WZTo3LNu_TuneCP5_13TeV-amcatnloFXFX-pythia8_catSignal-1jet_sys_btagEventWeightUp
Merging measMET_WZTo3LNu_TuneCP5_13TeV-amcatnloFXFX-pythia8_catNRB_sys_MuonEnDown
Merging MT_WZTo3LNu_TuneCP5_13TeV-amcatnloFXFX-pythia8_catEM_sys_puWeightDown
Merging MT_WZTo3LNu_TuneCP5_13TeV-amcatnloFXFX-pythia8_catSignal-0jet_sys_nvtxWeightDown
Merging MT_WZTo3LNu_TuneCP5_13TeV-amcatnloFXFX-pythia8_cat4L_sys_PrefireWeightUp
Merging MT_WZTo3LNu_TuneCP5_13TeV-amcatnloFXFX-pythia8_catEM_sys_MuonSFUp
Merging phizmet_WZTo3LNu_TuneCP5_13TeV-amcatnloFXFX-pythia8_sys_TriggerSFWeightDown
Merging MT_WZTo3LNu_TuneCP5_13TeV-amcatnloFXFX-pythia8_cat4L_sys_jesTotalUp
Merging MT_WZTo3LNu_TuneCP5_13TeV-amcatnloFXFX-pythia8_cat3L_sys_PrefireWeightDown
Merging MT_WZTo3LNu_TuneCP5_13TeV-amcatnloFXFX-pythia8_catSignal-0jet_sys_EWKUp
Merging MT_WZTo3LNu_TuneCP5_13TeV-amcatnloFXFX-pythia8_cat3L_sys_MuonEnDown
Merging measMET_WZTo3LNu_TuneCP5_13TeV-amcatnloFXFX-pythia8_catSignal-0jet_sys_btagEventWeightUp
Merging MT_WZTo3LNu_TuneCP5_13TeV-amcatnloFXFX-pythia8_catEM_sys_QCDScale0wUp
Merging measMET_WZTo3LNu_TuneCP5_13TeV-amcatnloFXFX-pythia8_cat3L_sys_TriggerSFWeightUp
Merging measMET_WZTo3LNu_TuneCP5_13TeV-amcatnloFXFX-pythia8_catNRB_sys_jerUp
Merging phizmet_WZTo3LNu_TuneCP5_13TeV-amcatnloFXFX-pythia8_sys_PDFDown
Merging njet_WZTo3LNu_TuneCP5_13TeV-amcatnloFXFX-pythia8_sys_PDFUp
Merging measMET_WZTo3LNu_TuneCP5_13TeV-amcatnloFXFX-pythia8_catTOP_sys_TriggerSFWeightDown
Merging measMET_WZTo3LNu_TuneCP5_13TeV-amcatnloFXFX-pythia8_catEM_sys_EWKUp
Merging measMET_WZTo3LNu_TuneCP5_13TeV-amcatnloFXFX-pythia8_catSignal-1jet_sys_QCDScale2wDown
Merging measMET_WZTo3LNu_TuneCP5_13TeV-amcatnloFXFX-pythia8_catEM_sys_QCDScale1wDown
Merging MT_WZTo3LNu_TuneCP5_13TeV-amcatnloFXFX-pythia8_catNRB_sys_jesTotalDown
Merging measMET_WZTo3LNu_TuneCP5_13TeV-amcatnloFXFX-pythia8_cat3L_sys_nvtxWeightUp
Merging measMET_WZTo3LNu_TuneCP5_13TeV-amcatnloFXFX-pythia8_catTOP_sys_PDFDown
Merging MT_WZTo3LNu_TuneCP5_13TeV-amcatnloFXFX-pythia8_catSignal-1jet_sys_jesTotalUp
Merging measMET_WZTo3LNu_TuneCP5_13TeV-amcatnloFXFX-pythia8_cat3L_sys_btagEventWeightDown
Merging MT_WZTo3LNu_TuneCP5_13TeV-amcatnloFXFX-pythia8_catEM_sys_EWKUp
Merging measMET_WZTo3LNu_TuneCP5_13TeV-amcatnloFXFX-pythia8_cat3L_sys_EWKDown
Merging measMET_WZTo3LNu_TuneCP5_13TeV-amcatnloFXFX-pythia8_catNRB_sys_TriggerSFWeightUp
Merging MT_WZTo3LNu_TuneCP5_13TeV-amcatnloFXFX-pythia8_catEM_sys_btagEventWeightUp
Merging MT_WZTo3LNu_TuneCP5_13TeV-amcatnloFXFX-pythia8_catTOP_sys_nvtxWeightUp
Merging MT_WZTo3LNu_TuneCP5_13TeV-amcatnloFXFX-pythia8_catDY_sys_MuonSFUp
Merging MT_WZTo3LNu_TuneCP5_13TeV-amcatnloFXFX-pythia8_catDY_sys_QCDScale1wUp
Merging measMET_WZTo3LNu_TuneCP5_13TeV-amcatnloFXFX-pythia8_catEM_sys_puWeightUp
Merging measMET_WZTo3LNu_TuneCP5_13TeV-amcatnloFXFX-pythia8_catTOP_sys_btagEventWeightUp
Merging measMET_WZTo3LNu_TuneCP5_13TeV-amcatnloFXFX-pythia8_catDY_sys_TriggerSFWeightDown
Merging MT_WZTo3LNu_TuneCP5_13TeV-amcatnloFXFX-pythia8_catDY_sys_puWeightDown
Merging phizmet_WZTo3LNu_TuneCP5_13TeV-amcatnloFXFX-pythia8_sys_QCDScale1wDown
Merging MT_WZTo3LNu_TuneCP5_13TeV-amcatnloFXFX-pythia8_cat4L_sys_btagEventWeightDown
Merging njet_WZTo3LNu_TuneCP5_13TeV-amcatnloFXFX-pythia8_sys_jesTotalDown
Merging MT_WZTo3LNu_TuneCP5_13TeV-amcatnloFXFX-pythia8_catSignal-1jet_sys_MuonSFDown
Merging measMET_WZTo3LNu_TuneCP5_13TeV-amcatnloFXFX-pythia8_cat3L
Merging measMET_WZTo3LNu_TuneCP5_13TeV-amcatnloFXFX-pythia8_catDY_sys_QCDScale1wDown
Merging measMET_WZTo3LNu_TuneCP5_13TeV-amcatnloFXFX-pythia8_cat4L_sys_ElecronSFDown
Merging measMET_WZTo3LNu_TuneCP5_13TeV-amcatnloFXFX-pythia8_cat4L_sys_jerUp
Merging measMET_WZTo3LNu_TuneCP5_13TeV-amcatnloFXFX-pythia8_catTOP_sys_PrefireWeightUp
Merging measMET_WZTo3LNu_TuneCP5_13TeV-amcatnloFXFX-pythia8_catDY_sys_ElecronSFDown
Merging autoPU
Merging measMET_WZTo3LNu_TuneCP5_13TeV-amcatnloFXFX-pythia8_catNRB_sys_MuonSFUp
Merging measMET_WZTo3LNu_TuneCP5_13TeV-amcatnloFXFX-pythia8_catSignal-1jet_sys_jesTotalUp
Merging measMET_WZTo3LNu_TuneCP5_13TeV-amcatnloFXFX-pythia8_cat3L_sys_PrefireWeightUp
Merging MT_WZTo3LNu_TuneCP5_13TeV-amcatnloFXFX-pythia8_catTOP_sys_MuonEnUp
Merging measMET_WZTo3LNu_TuneCP5_13TeV-amcatnloFXFX-pythia8_catEM_sys_QCDScale0wUp
Merging measMET_WZTo3LNu_TuneCP5_13TeV-amcatnloFXFX-pythia8_catTOP_sys_MuonEnDown
Merging MT_WZTo3LNu_TuneCP5_13TeV-amcatnloFXFX-pythia8_catTOP_sys_jerUp
Merging measMET_WZTo3LNu_TuneCP5_13TeV-amcatnloFXFX-pythia8_catSignal-0jet_sys_MuonEnDown
Merging measMET_WZTo3LNu_TuneCP5_13TeV-amcatnloFXFX-pythia8_cat3L_sys_QCDScale1wDown
Merging MT_WZTo3LNu_TuneCP5_13TeV-amcatnloFXFX-pythia8_catEM_sys_PDFUp
Merging MT_WZTo3LNu_TuneCP5_13TeV-amcatnloFXFX-pythia8_catNRB_sys_QCDScale1wUp
Merging MT_WZTo3LNu_TuneCP5_13TeV-amcatnloFXFX-pythia8_catSignal-1jet_sys_TriggerSFWeightDown
Merging MT_WZTo3LNu_TuneCP5_13TeV-amcatnloFXFX-pythia8_catNRB_sys_nvtxWeightUp
Merging MT_WZTo3LNu_TuneCP5_13TeV-amcatnloFXFX-pythia8_cat4L_sys_PDFUp
Merging MT_WZTo3LNu_TuneCP5_13TeV-amcatnloFXFX-pythia8_catDY_sys_MuonSFDown
Merging njet_WZTo3LNu_TuneCP5_13TeV-amcatnloFXFX-pythia8_sys_EWKUp
Merging MT_WZTo3LNu_TuneCP5_13TeV-amcatnloFXFX-pythia8_catDY_sys_QCDScale1wDown
Merging phizmet_WZTo3LNu_TuneCP5_13TeV-amcatnloFXFX-pythia8_sys_QCDScale0wUp
Merging measMET_WZTo3LNu_TuneCP5_13TeV-amcatnloFXFX-pythia8_cat4L_sys_ElectronEnDown
Merging measMET_WZTo3LNu_TuneCP5_13TeV-amcatnloFXFX-pythia8_catNRB_sys_QCDScale1wUp
Merging MT_WZTo3LNu_TuneCP5_13TeV-amcatnloFXFX-pythia8_cat4L_sys_jerDown
Merging measMET_WZTo3LNu_TuneCP5_13TeV-amcatnloFXFX-pythia8_catDY_sys_MuonEnUp
Merging measMET_WZTo3LNu_TuneCP5_13TeV-amcatnloFXFX-pythia8_catTOP_sys_jerUp
Merging measMET_WZTo3LNu_TuneCP5_13TeV-amcatnloFXFX-pythia8_catSignal-0jet_sys_QCDScale2wDown
Merging MT_WZTo3LNu_TuneCP5_13TeV-amcatnloFXFX-pythia8_catSignal-1jet_sys_PDFUp
Merging balance_WZTo3LNu_TuneCP5_13TeV-amcatnloFXFX-pythia8_sys_btagEventWeightDown
Merging measMET_WZTo3LNu_TuneCP5_13TeV-amcatnloFXFX-pythia8_catTOP_sys_btagEventWeightDown
Merging measMET_WZTo3LNu_TuneCP5_13TeV-amcatnloFXFX-pythia8_catSignal-0jet_sys_puWeightDown
Merging MT_WZTo3LNu_TuneCP5_13TeV-amcatnloFXFX-pythia8_catNRB_sys_PrefireWeightDown
Merging MT_WZTo3LNu_TuneCP5_13TeV-amcatnloFXFX-pythia8_cat3L_sys_nvtxWeightUp
Merging MT_WZTo3LNu_TuneCP5_13TeV-amcatnloFXFX-pythia8_catSignal-0jet_sys_ElectronEnDown
Merging measMET_WZTo3LNu_TuneCP5_13TeV-amcatnloFXFX-pythia8_catTOP_sys_puWeightUp
Merging measMET_WZTo3LNu_TuneCP5_13TeV-amcatnloFXFX-pythia8_catSignal-1jet_sys_QCDScale0wDown
Merging MT_WZTo3LNu_TuneCP5_13TeV-amcatnloFXFX-pythia8_cat4L_sys_MuonEnUp
Merging MT_WZTo3LNu_TuneCP5_13TeV-amcatnloFXFX-pythia8_cat3L_sys_MuonEnUp
Merging MT_WZTo3LNu_TuneCP5_13TeV-amcatnloFXFX-pythia8_cat3L_sys_PDFUp
Merging MT_WZTo3LNu_TuneCP5_13TeV-amcatnloFXFX-pythia8_catDY_sys_btagEventWeightUp
Merging measMET_WZTo3LNu_TuneCP5_13TeV-amcatnloFXFX-pythia8_catNRB_sys_puWeightDown
Merging MT_WZTo3LNu_TuneCP5_13TeV-amcatnloFXFX-pythia8_catEM_sys_MuonEnUp
Merging MT_WZTo3LNu_TuneCP5_13TeV-amcatnloFXFX-pythia8_catSignal-1jet_sys_QCDScale0wUp
Merging measMET_WZTo3LNu_TuneCP5_13TeV-amcatnloFXFX-pythia8_catEM_sys_jesTotalUp
Merging measMET_WZTo3LNu_TuneCP5_13TeV-amcatnloFXFX-pythia8_catSignal-0jet_sys_jesTotalDown
Merging MT_WZTo3LNu_TuneCP5_13TeV-amcatnloFXFX-pythia8_catNRB_sys_EWKUp
Merging balance_WZTo3LNu_TuneCP5_13TeV-amcatnloFXFX-pythia8_sys_QCDScale0wUp
Merging MT_WZTo3LNu_TuneCP5_13TeV-amcatnloFXFX-pythia8_catSignal-0jet_sys_MuonEnDown
Merging measMET_WZTo3LNu_TuneCP5_13TeV-amcatnloFXFX-pythia8_cat3L_sys_jerUp
Merging measMET_WZTo3LNu_TuneCP5_13TeV-amcatnloFXFX-pythia8_catNRB_sys_QCDScale1wDown
Merging MT_WZTo3LNu_TuneCP5_13TeV-amcatnloFXFX-pythia8_catTOP_sys_PrefireWeightDown
Merging measMET_WZTo3LNu_TuneCP5_13TeV-amcatnloFXFX-pythia8_catEM_sys_MuonEnUp
Merging njet_WZTo3LNu_TuneCP5_13TeV-amcatnloFXFX-pythia8_sys_btagEventWeightUp
Merging measMET_WZTo3LNu_TuneCP5_13TeV-amcatnloFXFX-pythia8_cat4L_sys_puWeightDown
Merging balance_WZTo3LNu_TuneCP5_13TeV-amcatnloFXFX-pythia8_sys_PrefireWeightDown
Merging MT_WZTo3LNu_TuneCP5_13TeV-amcatnloFXFX-pythia8_catTOP_sys_ElecronSFDown
Merging njet_WZTo3LNu_TuneCP5_13TeV-amcatnloFXFX-pythia8_sys_ElecronSFDown
Merging measMET_WZTo3LNu_TuneCP5_13TeV-amcatnloFXFX-pythia8_catSignal-1jet_sys_btagEventWeightDown
Merging MT_WZTo3LNu_TuneCP5_13TeV-amcatnloFXFX-pythia8_cat3L_sys_ElecronSFDown
Merging measMET_WZTo3LNu_TuneCP5_13TeV-amcatnloFXFX-pythia8_catTOP_sys_jerDown
Merging measMET_WZTo3LNu_TuneCP5_13TeV-amcatnloFXFX-pythia8_catSignal-1jet_sys_puWeightUp
Merging MT_WZTo3LNu_TuneCP5_13TeV-amcatnloFXFX-pythia8_cat4L_sys_puWeightUp
Merging MT_WZTo3LNu_TuneCP5_13TeV-amcatnloFXFX-pythia8_cat3L_sys_TriggerSFWeightDown
Merging measMET_WZTo3LNu_TuneCP5_13TeV-amcatnloFXFX-pythia8_catEM_sys_MuonSFUp
Merging measMET_WZTo3LNu_TuneCP5_13TeV-amcatnloFXFX-pythia8_catDY_sys_jerDown
Merging measMET_WZTo3LNu_TuneCP5_13TeV-amcatnloFXFX-pythia8_catEM_sys_ElecronSFDown
Merging MT_WZTo3LNu_TuneCP5_13TeV-amcatnloFXFX-pythia8_catDY_sys_ElecronSFUp
Merging measMET_WZTo3LNu_TuneCP5_13TeV-amcatnloFXFX-pythia8_catEM_sys_ElecronSFUp
Merging measMET_WZTo3LNu_TuneCP5_13TeV-amcatnloFXFX-pythia8_catEM_sys_btagEventWeightUp
Merging MT_WZTo3LNu_TuneCP5_13TeV-amcatnloFXFX-pythia8_cat3L_sys_jerDown
Merging measMET_WZTo3LNu_TuneCP5_13TeV-amcatnloFXFX-pythia8_catNRB_sys_QCDScale2wUp
Merging measMET_WZTo3LNu_TuneCP5_13TeV-amcatnloFXFX-pythia8_catNRB_sys_EWKDown
Merging measMET_WZTo3LNu_TuneCP5_13TeV-amcatnloFXFX-pythia8_catSignal-0jet_sys_PDFDown
Merging MT_WZTo3LNu_TuneCP5_13TeV-amcatnloFXFX-pythia8_catNRB_sys_MuonEnDown
Merging measMET_WZTo3LNu_TuneCP5_13TeV-amcatnloFXFX-pythia8_catNRB_sys_EWKUp
Merging measMET_WZTo3LNu_TuneCP5_13TeV-amcatnloFXFX-pythia8_cat4L_sys_jesTotalDown
Merging MT_WZTo3LNu_TuneCP5_13TeV-amcatnloFXFX-pythia8_catSignal-0jet_sys_MuonSFDown
Merging MT_WZTo3LNu_TuneCP5_13TeV-amcatnloFXFX-pythia8_cat4L_sys_MuonSFDown
Merging njet_WZTo3LNu_TuneCP5_13TeV-amcatnloFXFX-pythia8_sys_nvtxWeightDown
Merging MT_WZTo3LNu_TuneCP5_13TeV-amcatnloFXFX-pythia8_catSignal-0jet_sys_QCDScale2wUp
Merging measMET_WZTo3LNu_TuneCP5_13TeV-amcatnloFXFX-pythia8_catTOP_sys_PDFUp
Merging measMET_WZTo3LNu_TuneCP5_13TeV-amcatnloFXFX-pythia8_cat4L_sys_btagEventWeightDown
Merging measMET_WZTo3LNu_TuneCP5_13TeV-amcatnloFXFX-pythia8_catDY_sys_MuonSFUp
Merging measMET_WZTo3LNu_TuneCP5_13TeV-amcatnloFXFX-pythia8_catEM_sys_PDFDown
Merging MT_WZTo3LNu_TuneCP5_13TeV-amcatnloFXFX-pythia8_catTOP_sys_btagEventWeightDown
Merging njet_WZTo3LNu_TuneCP5_13TeV-amcatnloFXFX-pythia8_sys_puWeightUp
Merging measMET_WZTo3LNu_TuneCP5_13TeV-amcatnloFXFX-pythia8_catSignal-1jet_sys_QCDScale0wUp
Merging phizmet_WZTo3LNu_TuneCP5_13TeV-amcatnloFXFX-pythia8_sys_TriggerSFWeightUp
Merging MT_WZTo3LNu_TuneCP5_13TeV-amcatnloFXFX-pythia8_catEM_sys_jesTotalDown
Merging MT_WZTo3LNu_TuneCP5_13TeV-amcatnloFXFX-pythia8_catDY_sys_nvtxWeightUp
Merging njet_WZTo3LNu_TuneCP5_13TeV-amcatnloFXFX-pythia8_sys_MuonSFUp
Merging MT_WZTo3LNu_TuneCP5_13TeV-amcatnloFXFX-pythia8_catDY_sys_TriggerSFWeightUp
Merging njet_WZTo3LNu_TuneCP5_13TeV-amcatnloFXFX-pythia8_sys_TriggerSFWeightDown
Merging measMET_WZTo3LNu_TuneCP5_13TeV-amcatnloFXFX-pythia8_cat4L_sys_QCDScale1wUp
Merging measMET_WZTo3LNu_TuneCP5_13TeV-amcatnloFXFX-pythia8_catNRB_sys_PDFUp
Merging MT_WZTo3LNu_TuneCP5_13TeV-amcatnloFXFX-pythia8_cat3L_sys_jesTotalDown
Merging measMET_WZTo3LNu_TuneCP5_13TeV-amcatnloFXFX-pythia8_catDY_sys_PrefireWeightDown
Merging balance_WZTo3LNu_TuneCP5_13TeV-amcatnloFXFX-pythia8
Merging measMET_WZTo3LNu_TuneCP5_13TeV-amcatnloFXFX-pythia8_catEM
Merging MT_WZTo3LNu_TuneCP5_13TeV-amcatnloFXFX-pythia8_catNRB_sys_btagEventWeightDown
Merging MT_WZTo3LNu_TuneCP5_13TeV-amcatnloFXFX-pythia8_catEM_sys_jesTotalUp
Merging measMET_WZTo3LNu_TuneCP5_13TeV-amcatnloFXFX-pythia8_catSignal-1jet_sys_puWeightDown
Merging MT_WZTo3LNu_TuneCP5_13TeV-amcatnloFXFX-pythia8_catNRB_sys_QCDScale2wUp
Merging measMET_WZTo3LNu_TuneCP5_13TeV-amcatnloFXFX-pythia8_catSignal-0jet_sys_nvtxWeightUp
Merging njet_WZTo3LNu_TuneCP5_13TeV-amcatnloFXFX-pythia8_sys_QCDScale2wUp
Merging phizmet_WZTo3LNu_TuneCP5_13TeV-amcatnloFXFX-pythia8_sys_ElectronEnUp
Merging MT_WZTo3LNu_TuneCP5_13TeV-amcatnloFXFX-pythia8_catDY_sys_PrefireWeightUp
Merging measMET_WZTo3LNu_TuneCP5_13TeV-amcatnloFXFX-pythia8_catSignal-1jet_sys_PDFUp
Merging MT_WZTo3LNu_TuneCP5_13TeV-amcatnloFXFX-pythia8_catEM
Merging measMET_WZTo3LNu_TuneCP5_13TeV-amcatnloFXFX-pythia8_cat4L_sys_ElecronSFUp
Merging measMET_WZTo3LNu_TuneCP5_13TeV-amcatnloFXFX-pythia8_cat3L_sys_puWeightDown
Merging measMET_WZTo3LNu_TuneCP5_13TeV-amcatnloFXFX-pythia8_catEM_sys_ElectronEnDown
Merging MT_WZTo3LNu_TuneCP5_13TeV-amcatnloFXFX-pythia8_catDY_sys_TriggerSFWeightDown
Merging MT_WZTo3LNu_TuneCP5_13TeV-amcatnloFXFX-pythia8_catSignal-0jet_sys_PrefireWeightUp
Merging njet_WZTo3LNu_TuneCP5_13TeV-amcatnloFXFX-pythia8
Merging MT_WZTo3LNu_TuneCP5_13TeV-amcatnloFXFX-pythia8_catDY_sys_jerUp
Merging MT_WZTo3LNu_TuneCP5_13TeV-amcatnloFXFX-pythia8_catSignal-0jet_sys_QCDScale0wDown
Merging MT_WZTo3LNu_TuneCP5_13TeV-amcatnloFXFX-pythia8_catEM_sys_TriggerSFWeightUp
Merging MT_WZTo3LNu_TuneCP5_13TeV-amcatnloFXFX-pythia8_catSignal-1jet_sys_QCDScale2wUp
Merging njet_WZTo3LNu_TuneCP5_13TeV-amcatnloFXFX-pythia8_sys_PrefireWeightDown
Merging MT_WZTo3LNu_TuneCP5_13TeV-amcatnloFXFX-pythia8_catNRB_sys_TriggerSFWeightUp
Merging MT_WZTo3LNu_TuneCP5_13TeV-amcatnloFXFX-pythia8_cat3L_sys_ElectronEnUp
Merging MT_WZTo3LNu_TuneCP5_13TeV-amcatnloFXFX-pythia8_catEM_sys_nvtxWeightDown
Merging MT_WZTo3LNu_TuneCP5_13TeV-amcatnloFXFX-pythia8_catSignal-0jet_sys_EWKDown
Merging MT_WZTo3LNu_TuneCP5_13TeV-amcatnloFXFX-pythia8_cat4L_sys_ElecronSFUp
Merging measMET_WZTo3LNu_TuneCP5_13TeV-amcatnloFXFX-pythia8_catSignal-1jet_sys_TriggerSFWeightDown
Merging measMET_WZTo3LNu_TuneCP5_13TeV-amcatnloFXFX-pythia8_catNRB_sys_btagEventWeightDown
Merging measMET_WZTo3LNu_TuneCP5_13TeV-amcatnloFXFX-pythia8_catEM_sys_MuonEnDown
Merging njet_WZTo3LNu_TuneCP5_13TeV-amcatnloFXFX-pythia8_sys_MuonSFDown
Merging measMET_WZTo3LNu_TuneCP5_13TeV-amcatnloFXFX-pythia8_cat3L_sys_jerDown
Merging MT_WZTo3LNu_TuneCP5_13TeV-amcatnloFXFX-pythia8_catTOP_sys_TriggerSFWeightDown
Merging measMET_WZTo3LNu_TuneCP5_13TeV-amcatnloFXFX-pythia8_catSignal-0jet_sys_QCDScale1wUp
Merging measMET_WZTo3LNu_TuneCP5_13TeV-amcatnloFXFX-pythia8_catSignal-0jet_sys_QCDScale0wUp
Merging balance_WZTo3LNu_TuneCP5_13TeV-amcatnloFXFX-pythia8_sys_btagEventWeightUp
Merging MT_WZTo3LNu_TuneCP5_13TeV-amcatnloFXFX-pythia8_cat4L_sys_TriggerSFWeightDown
Merging measMET_WZTo3LNu_TuneCP5_13TeV-amcatnloFXFX-pythia8_cat4L_sys_MuonEnDown
Merging balance_WZTo3LNu_TuneCP5_13TeV-amcatnloFXFX-pythia8_sys_MuonEnDown
Merging measMET_WZTo3LNu_TuneCP5_13TeV-amcatnloFXFX-pythia8_catNRB_sys_nvtxWeightUp
Merging balance_WZTo3LNu_TuneCP5_13TeV-amcatnloFXFX-pythia8_sys_EWKDown
Merging balance_WZTo3LNu_TuneCP5_13TeV-amcatnloFXFX-pythia8_sys_PrefireWeightUp
Merging MT_WZTo3LNu_TuneCP5_13TeV-amcatnloFXFX-pythia8_cat3L_sys_QCDScale2wDown
Merging njet_WZTo3LNu_TuneCP5_13TeV-amcatnloFXFX-pythia8_sys_jerUp
Merging measMET_WZTo3LNu_TuneCP5_13TeV-amcatnloFXFX-pythia8_catNRB_sys_QCDScale0wUp
Merging phizmet_WZTo3LNu_TuneCP5_13TeV-amcatnloFXFX-pythia8_sys_PrefireWeightUp
Merging MT_WZTo3LNu_TuneCP5_13TeV-amcatnloFXFX-pythia8_catSignal-0jet_sys_jerUp
Merging measMET_WZTo3LNu_TuneCP5_13TeV-amcatnloFXFX-pythia8_catDY_sys_PDFUp
Merging MT_WZTo3LNu_TuneCP5_13TeV-amcatnloFXFX-pythia8_cat4L
Merging measMET_WZTo3LNu_TuneCP5_13TeV-amcatnloFXFX-pythia8_catDY_sys_nvtxWeightUp
Merging MT_WZTo3LNu_TuneCP5_13TeV-amcatnloFXFX-pythia8_catTOP_sys_PDFDown
Merging balance_WZTo3LNu_TuneCP5_13TeV-amcatnloFXFX-pythia8_sys_MuonSFDown
Merging measMET_WZTo3LNu_TuneCP5_13TeV-amcatnloFXFX-pythia8_catTOP_sys_MuonEnUp
Merging measMET_WZTo3LNu_TuneCP5_13TeV-amcatnloFXFX-pythia8_cat3L_sys_MuonEnDown
Merging MT_WZTo3LNu_TuneCP5_13TeV-amcatnloFXFX-pythia8_catSignal-0jet_sys_btagEventWeightDown
Merging MT_WZTo3LNu_TuneCP5_13TeV-amcatnloFXFX-pythia8_catSignal-0jet_sys_ElecronSFUp
Merging measMET_WZTo3LNu_TuneCP5_13TeV-amcatnloFXFX-pythia8_cat4L_sys_PrefireWeightDown
Merging MT_WZTo3LNu_TuneCP5_13TeV-amcatnloFXFX-pythia8_catTOP_sys_puWeightDown
Merging measMET_WZTo3LNu_TuneCP5_13TeV-amcatnloFXFX-pythia8_catNRB_sys_jesTotalDown
Merging MT_WZTo3LNu_TuneCP5_13TeV-amcatnloFXFX-pythia8_catSignal-1jet
Merging phizmet_WZTo3LNu_TuneCP5_13TeV-amcatnloFXFX-pythia8_sys_QCDScale2wUp
Merging MT_WZTo3LNu_TuneCP5_13TeV-amcatnloFXFX-pythia8_catTOP_sys_EWKUp
Merging MT_WZTo3LNu_TuneCP5_13TeV-amcatnloFXFX-pythia8_cat4L_sys_ElecronSFDown
Merging measMET_WZTo3LNu_TuneCP5_13TeV-amcatnloFXFX-pythia8_catTOP_sys_ElecronSFUp
Merging measMET_WZTo3LNu_TuneCP5_13TeV-amcatnloFXFX-pythia8_cat4L_sys_EWKDown
Merging measMET_WZTo3LNu_TuneCP5_13TeV-amcatnloFXFX-pythia8_catEM_sys_nvtxWeightDown
Merging measMET_WZTo3LNu_TuneCP5_13TeV-amcatnloFXFX-pythia8_cat3L_sys_PDFUp
Merging measMET_WZTo3LNu_TuneCP5_13TeV-amcatnloFXFX-pythia8_catEM_sys_jerUp
Merging measMET_WZTo3LNu_TuneCP5_13TeV-amcatnloFXFX-pythia8_cat4L_sys_QCDScale2wUp
Merging balance_WZTo3LNu_TuneCP5_13TeV-amcatnloFXFX-pythia8_sys_QCDScale2wUp
Merging MT_WZTo3LNu_TuneCP5_13TeV-amcatnloFXFX-pythia8_catSignal-0jet_sys_PrefireWeightDown
Merging MT_WZTo3LNu_TuneCP5_13TeV-amcatnloFXFX-pythia8_catDY_sys_PDFUp
Merging measMET_WZTo3LNu_TuneCP5_13TeV-amcatnloFXFX-pythia8_cat4L_sys_QCDScale2wDown
Merging measMET_WZTo3LNu_TuneCP5_13TeV-amcatnloFXFX-pythia8_cat3L_sys_TriggerSFWeightDown
Merging MT_WZTo3LNu_TuneCP5_13TeV-amcatnloFXFX-pythia8_catDY_sys_MuonEnDown
Merging measMET_WZTo3LNu_TuneCP5_13TeV-amcatnloFXFX-pythia8_cat4L_sys_EWKUp
Merging MT_WZTo3LNu_TuneCP5_13TeV-amcatnloFXFX-pythia8_catSignal-0jet_sys_jerDown
Merging MT_WZTo3LNu_TuneCP5_13TeV-amcatnloFXFX-pythia8_cat4L_sys_QCDScale0wUp
Merging MT_WZTo3LNu_TuneCP5_13TeV-amcatnloFXFX-pythia8_cat3L_sys_TriggerSFWeightUp
Merging MT_WZTo3LNu_TuneCP5_13TeV-amcatnloFXFX-pythia8_cat3L_sys_QCDScale1wDown
Merging measMET_WZTo3LNu_TuneCP5_13TeV-amcatnloFXFX-pythia8_cat3L_sys_QCDScale1wUp
Merging MT_WZTo3LNu_TuneCP5_13TeV-amcatnloFXFX-pythia8_catNRB_sys_PrefireWeightUp
Merging MT_WZTo3LNu_TuneCP5_13TeV-amcatnloFXFX-pythia8_cat4L_sys_EWKUp
Merging balance_WZTo3LNu_TuneCP5_13TeV-amcatnloFXFX-pythia8_sys_QCDScale1wDown
Merging measMET_WZTo3LNu_TuneCP5_13TeV-amcatnloFXFX-pythia8_catSignal-0jet_sys_TriggerSFWeightUp
Merging balance_WZTo3LNu_TuneCP5_13TeV-amcatnloFXFX-pythia8_sys_PDFDown
Merging MT_WZTo3LNu_TuneCP5_13TeV-amcatnloFXFX-pythia8_catNRB_sys_jerDown
Merging measMET_WZTo3LNu_TuneCP5_13TeV-amcatnloFXFX-pythia8_cat4L_sys_ElectronEnUp
Merging MT_WZTo3LNu_TuneCP5_13TeV-amcatnloFXFX-pythia8_catSignal-0jet_sys_ElectronEnUp
Merging measMET_WZTo3LNu_TuneCP5_13TeV-amcatnloFXFX-pythia8_catEM_sys_QCDScale2wDown
Merging measMET_WZTo3LNu_TuneCP5_13TeV-amcatnloFXFX-pythia8_catTOP
Merging MT_WZTo3LNu_TuneCP5_13TeV-amcatnloFXFX-pythia8_catSignal-1jet_sys_btagEventWeightDown
Merging measMET_WZTo3LNu_TuneCP5_13TeV-amcatnloFXFX-pythia8_catEM_sys_puWeightDown
Merging measMET_WZTo3LNu_TuneCP5_13TeV-amcatnloFXFX-pythia8_catSignal-0jet_sys_jerDown
Merging njet_WZTo3LNu_TuneCP5_13TeV-amcatnloFXFX-pythia8_sys_TriggerSFWeightUp
Merging njet_WZTo3LNu_TuneCP5_13TeV-amcatnloFXFX-pythia8_sys_PDFDown
Merging measMET_WZTo3LNu_TuneCP5_13TeV-amcatnloFXFX-pythia8_catSignal-1jet_sys_btagEventWeightUp
Merging MT_WZTo3LNu_TuneCP5_13TeV-amcatnloFXFX-pythia8_catSignal-1jet_sys_jesTotalDown
Merging MT_WZTo3LNu_TuneCP5_13TeV-amcatnloFXFX-pythia8_catDY_sys_ElecronSFDown
Merging measMET_WZTo3LNu_TuneCP5_13TeV-amcatnloFXFX-pythia8_catSignal-0jet_sys_MuonEnUp
Merging phizmet_WZTo3LNu_TuneCP5_13TeV-amcatnloFXFX-pythia8_sys_QCDScale0wDown
Merging MT_WZTo3LNu_TuneCP5_13TeV-amcatnloFXFX-pythia8_catTOP_sys_QCDScale1wUp
Merging measMET_WZTo3LNu_TuneCP5_13TeV-amcatnloFXFX-pythia8_catTOP_sys_nvtxWeightDown
Merging MT_WZTo3LNu_TuneCP5_13TeV-amcatnloFXFX-pythia8_catNRB_sys_EWKDown
Merging MT_WZTo3LNu_TuneCP5_13TeV-amcatnloFXFX-pythia8_cat3L_sys_MuonSFDown
Merging MT_WZTo3LNu_TuneCP5_13TeV-amcatnloFXFX-pythia8_cat4L_sys_MuonEnDown
Merging MT_WZTo3LNu_TuneCP5_13TeV-amcatnloFXFX-pythia8_catDY_sys_EWKUp
Merging measMET_WZTo3LNu_TuneCP5_13TeV-amcatnloFXFX-pythia8_catDY_sys_PrefireWeightUp
Merging MT_WZTo3LNu_TuneCP5_13TeV-amcatnloFXFX-pythia8_catDY_sys_ElectronEnUp
Merging measMET_WZTo3LNu_TuneCP5_13TeV-amcatnloFXFX-pythia8_cat4L_sys_btagEventWeightUp
Merging MT_WZTo3LNu_TuneCP5_13TeV-amcatnloFXFX-pythia8_catNRB_sys_puWeightUp
Merging measMET_WZTo3LNu_TuneCP5_13TeV-amcatnloFXFX-pythia8_catEM_sys_PrefireWeightDown
Merging phizmet_WZTo3LNu_TuneCP5_13TeV-amcatnloFXFX-pythia8_sys_nvtxWeightDown
Merging MT_WZTo3LNu_TuneCP5_13TeV-amcatnloFXFX-pythia8_catEM_sys_ElectronEnDown
Merging measMET_WZTo3LNu_TuneCP5_13TeV-amcatnloFXFX-pythia8_catSignal-1jet_sys_jesTotalDown
Merging measMET_WZTo3LNu_TuneCP5_13TeV-amcatnloFXFX-pythia8_catEM_sys_jerDown
Merging measMET_WZTo3LNu_TuneCP5_13TeV-amcatnloFXFX-pythia8_cat4L_sys_jerDown
Merging MT_WZTo3LNu_TuneCP5_13TeV-amcatnloFXFX-pythia8_catEM_sys_QCDScale1wUp
Merging MT_WZTo3LNu_TuneCP5_13TeV-amcatnloFXFX-pythia8_catSignal-1jet_sys_nvtxWeightDown
Merging MT_WZTo3LNu_TuneCP5_13TeV-amcatnloFXFX-pythia8_catTOP_sys_btagEventWeightUp
Merging measMET_WZTo3LNu_TuneCP5_13TeV-amcatnloFXFX-pythia8_catDY_sys_puWeightDown
Merging balance_WZTo3LNu_TuneCP5_13TeV-amcatnloFXFX-pythia8_sys_PDFUp
Merging MT_WZTo3LNu_TuneCP5_13TeV-amcatnloFXFX-pythia8_catDY_sys_MuonEnUp
Merging MT_WZTo3LNu_TuneCP5_13TeV-amcatnloFXFX-pythia8_catTOP_sys_ElecronSFUp
Merging MT_WZTo3LNu_TuneCP5_13TeV-amcatnloFXFX-pythia8_catSignal-1jet_sys_PDFDown
Merging measMET_WZTo3LNu_TuneCP5_13TeV-amcatnloFXFX-pythia8_catDY_sys_QCDScale1wUp
Merging phizmet_WZTo3LNu_TuneCP5_13TeV-amcatnloFXFX-pythia8_sys_puWeightDown
Merging MT_WZTo3LNu_TuneCP5_13TeV-amcatnloFXFX-pythia8_catSignal-1jet_sys_EWKUp
Merging measMET_WZTo3LNu_TuneCP5_13TeV-amcatnloFXFX-pythia8_catSignal-0jet_sys_puWeightUp
Merging MT_WZTo3LNu_TuneCP5_13TeV-amcatnloFXFX-pythia8_catDY_sys_QCDScale0wUp
Merging measMET_WZTo3LNu_TuneCP5_13TeV-amcatnloFXFX-pythia8_cat4L_sys_MuonSFUp
Merging MT_WZTo3LNu_TuneCP5_13TeV-amcatnloFXFX-pythia8_catNRB
Merging measMET_WZTo3LNu_TuneCP5_13TeV-amcatnloFXFX-pythia8_cat3L_sys_jesTotalUp
Merging MT_WZTo3LNu_TuneCP5_13TeV-amcatnloFXFX-pythia8_catSignal-1jet_sys_MuonEnUp
Merging MT_WZTo3LNu_TuneCP5_13TeV-amcatnloFXFX-pythia8_catEM_sys_puWeightUp
Merging phizmet_WZTo3LNu_TuneCP5_13TeV-amcatnloFXFX-pythia8_sys_ElecronSFUp
Merging MT_WZTo3LNu_TuneCP5_13TeV-amcatnloFXFX-pythia8_catTOP_sys_EWKDown
Merging measMET_WZTo3LNu_TuneCP5_13TeV-amcatnloFXFX-pythia8_catSignal-1jet_sys_MuonEnDown
Merging MT_WZTo3LNu_TuneCP5_13TeV-amcatnloFXFX-pythia8_catEM_sys_ElecronSFDown
Merging njet_WZTo3LNu_TuneCP5_13TeV-amcatnloFXFX-pythia8_sys_EWKDown
Merging phizmet_WZTo3LNu_TuneCP5_13TeV-amcatnloFXFX-pythia8_sys_puWeightUp
Merging MT_WZTo3LNu_TuneCP5_13TeV-amcatnloFXFX-pythia8_catSignal-1jet_sys_EWKDown
Merging MT_WZTo3LNu_TuneCP5_13TeV-amcatnloFXFX-pythia8_catTOP_sys_QCDScale1wDown
Merging MT_WZTo3LNu_TuneCP5_13TeV-amcatnloFXFX-pythia8_catDY_sys_jesTotalUp
Merging MT_WZTo3LNu_TuneCP5_13TeV-amcatnloFXFX-pythia8_cat4L_sys_ElectronEnUp
Merging njet_WZTo3LNu_TuneCP5_13TeV-amcatnloFXFX-pythia8_sys_jerDown
Merging phizmet_WZTo3LNu_TuneCP5_13TeV-amcatnloFXFX-pythia8_sys_MuonEnUp
Merging measMET_WZTo3LNu_TuneCP5_13TeV-amcatnloFXFX-pythia8_catNRB_sys_ElectronEnDown
Merging MT_WZTo3LNu_TuneCP5_13TeV-amcatnloFXFX-pythia8_cat4L_sys_TriggerSFWeightUp
Merging measMET_WZTo3LNu_TuneCP5_13TeV-amcatnloFXFX-pythia8_cat4L_sys_puWeightUp
Merging MT_WZTo3LNu_TuneCP5_13TeV-amcatnloFXFX-pythia8_catDY_sys_QCDScale0wDown
Merging measMET_WZTo3LNu_TuneCP5_13TeV-amcatnloFXFX-pythia8_cat3L_sys_jesTotalDown
Merging njet_WZTo3LNu_TuneCP5_13TeV-amcatnloFXFX-pythia8_sys_ElectronEnUp
Merging MT_WZTo3LNu_TuneCP5_13TeV-amcatnloFXFX-pythia8_catTOP_sys_PDFUp
Merging measMET_WZTo3LNu_TuneCP5_13TeV-amcatnloFXFX-pythia8_catSignal-1jet_sys_MuonEnUp
Merging MT_WZTo3LNu_TuneCP5_13TeV-amcatnloFXFX-pythia8_catDY_sys_PDFDown
Merging MT_WZTo3LNu_TuneCP5_13TeV-amcatnloFXFX-pythia8_catEM_sys_QCDScale0wDown
Merging njet_WZTo3LNu_TuneCP5_13TeV-amcatnloFXFX-pythia8_sys_QCDScale0wDown
Merging measMET_WZTo3LNu_TuneCP5_13TeV-amcatnloFXFX-pythia8_catNRB_sys_puWeightUp
Merging njet_WZTo3LNu_TuneCP5_13TeV-amcatnloFXFX-pythia8_sys_MuonEnUp
Merging balance_WZTo3LNu_TuneCP5_13TeV-amcatnloFXFX-pythia8_sys_EWKUp
Merging measMET_WZTo3LNu_TuneCP5_13TeV-amcatnloFXFX-pythia8_catSignal-0jet_sys_MuonSFUp
Merging measMET_WZTo3LNu_TuneCP5_13TeV-amcatnloFXFX-pythia8_cat4L_sys_PrefireWeightUp
Merging measMET_WZTo3LNu_TuneCP5_13TeV-amcatnloFXFX-pythia8_cat3L_sys_MuonEnUp
Merging MT_WZTo3LNu_TuneCP5_13TeV-amcatnloFXFX-pythia8_catEM_sys_QCDScale2wDown
Merging MT_WZTo3LNu_TuneCP5_13TeV-amcatnloFXFX-pythia8_catSignal-0jet_sys_QCDScale2wDown
Merging MT_WZTo3LNu_TuneCP5_13TeV-amcatnloFXFX-pythia8_cat4L_sys_btagEventWeightUp
Merging MT_WZTo3LNu_TuneCP5_13TeV-amcatnloFXFX-pythia8_catDY_sys_PrefireWeightDown
Merging measMET_WZTo3LNu_TuneCP5_13TeV-amcatnloFXFX-pythia8_catDY_sys_QCDScale2wUp
Merging MT_WZTo3LNu_TuneCP5_13TeV-amcatnloFXFX-pythia8_catTOP_sys_QCDScale2wDown
Merging measMET_WZTo3LNu_TuneCP5_13TeV-amcatnloFXFX-pythia8_catTOP_sys_MuonSFUp
Merging MT_WZTo3LNu_TuneCP5_13TeV-amcatnloFXFX-pythia8_catEM_sys_nvtxWeightUp
Merging MT_WZTo3LNu_TuneCP5_13TeV-amcatnloFXFX-pythia8_cat3L_sys_QCDScale2wUp
Merging measMET_WZTo3LNu_TuneCP5_13TeV-amcatnloFXFX-pythia8_catSignal-1jet_sys_QCDScale1wDown
Merging MT_WZTo3LNu_TuneCP5_13TeV-amcatnloFXFX-pythia8_cat3L_sys_puWeightUp
Merging MT_WZTo3LNu_TuneCP5_13TeV-amcatnloFXFX-pythia8_catSignal-0jet_sys_jesTotalUp
Merging MT_WZTo3LNu_TuneCP5_13TeV-amcatnloFXFX-pythia8_catSignal-0jet_sys_MuonEnUp
Merging measMET_WZTo3LNu_TuneCP5_13TeV-amcatnloFXFX-pythia8_catSignal-0jet_sys_MuonSFDown
Merging measMET_WZTo3LNu_TuneCP5_13TeV-amcatnloFXFX-pythia8_catDY_sys_MuonSFDown
Merging measMET_WZTo3LNu_TuneCP5_13TeV-amcatnloFXFX-pythia8_catDY_sys_puWeightUp
Merging measMET_WZTo3LNu_TuneCP5_13TeV-amcatnloFXFX-pythia8_catEM_sys_ElectronEnUp
Merging balance_WZTo3LNu_TuneCP5_13TeV-amcatnloFXFX-pythia8_sys_jesTotalUp
Merging measMET_WZTo3LNu_TuneCP5_13TeV-amcatnloFXFX-pythia8_catDY_sys_QCDScale2wDown
Merging measMET_WZTo3LNu_TuneCP5_13TeV-amcatnloFXFX-pythia8_catTOP_sys_QCDScale0wUp
Merging measMET_WZTo3LNu_TuneCP5_13TeV-amcatnloFXFX-pythia8_catEM_sys_TriggerSFWeightUp
Merging MT_WZTo3LNu_TuneCP5_13TeV-amcatnloFXFX-pythia8_catSignal-1jet_sys_QCDScale1wUp
Merging measMET_WZTo3LNu_TuneCP5_13TeV-amcatnloFXFX-pythia8_catSignal-0jet_sys_QCDScale1wDown
Merging phizmet_WZTo3LNu_TuneCP5_13TeV-amcatnloFXFX-pythia8_sys_PrefireWeightDown
Merging MT_WZTo3LNu_TuneCP5_13TeV-amcatnloFXFX-pythia8_catNRB_sys_QCDScale0wUp
Merging measMET_WZTo3LNu_TuneCP5_13TeV-amcatnloFXFX-pythia8_catSignal-0jet_sys_ElecronSFDown
Merging measMET_WZTo3LNu_TuneCP5_13TeV-amcatnloFXFX-pythia8_catDY_sys_MuonEnDown
Merging MT_WZTo3LNu_TuneCP5_13TeV-amcatnloFXFX-pythia8_catTOP_sys_ElectronEnDown
Merging MT_WZTo3LNu_TuneCP5_13TeV-amcatnloFXFX-pythia8_catSignal-1jet_sys_QCDScale1wDown
Merging measMET_WZTo3LNu_TuneCP5_13TeV-amcatnloFXFX-pythia8_catTOP_sys_ElectronEnDown
Merging measMET_WZTo3LNu_TuneCP5_13TeV-amcatnloFXFX-pythia8_catDY_sys_btagEventWeightDown
Merging MT_WZTo3LNu_TuneCP5_13TeV-amcatnloFXFX-pythia8_cat3L_sys_QCDScale1wUp
Merging MT_WZTo3LNu_TuneCP5_13TeV-amcatnloFXFX-pythia8_cat4L_sys_QCDScale2wUp
Merging MT_WZTo3LNu_TuneCP5_13TeV-amcatnloFXFX-pythia8_cat4L_sys_jerUp
Merging MT_WZTo3LNu_TuneCP5_13TeV-amcatnloFXFX-pythia8_catNRB_sys_MuonSFDown
Merging measMET_WZTo3LNu_TuneCP5_13TeV-amcatnloFXFX-pythia8_catDY
Merging MT_WZTo3LNu_TuneCP5_13TeV-amcatnloFXFX-pythia8_catTOP_sys_TriggerSFWeightUp
Merging measMET_WZTo3LNu_TuneCP5_13TeV-amcatnloFXFX-pythia8_catTOP_sys_TriggerSFWeightUp
Merging MT_WZTo3LNu_TuneCP5_13TeV-amcatnloFXFX-pythia8_catTOP_sys_MuonSFDown
Merging measMET_WZTo3LNu_TuneCP5_13TeV-amcatnloFXFX-pythia8_cat3L_sys_PDFDown
Merging MT_WZTo3LNu_TuneCP5_13TeV-amcatnloFXFX-pythia8_catSignal-1jet_sys_QCDScale2wDown
Merging MT_WZTo3LNu_TuneCP5_13TeV-amcatnloFXFX-pythia8_catDY_sys_ElectronEnDown
Merging njet_WZTo3LNu_TuneCP5_13TeV-amcatnloFXFX-pythia8_sys_QCDScale0wUp
Merging measMET_WZTo3LNu_TuneCP5_13TeV-amcatnloFXFX-pythia8_catSignal-0jet_sys_EWKUp
Merging measMET_WZTo3LNu_TuneCP5_13TeV-amcatnloFXFX-pythia8_catSignal-1jet_sys_QCDScale1wUp
Merging measMET_WZTo3LNu_TuneCP5_13TeV-amcatnloFXFX-pythia8_catSignal-1jet
Merging phizmet_WZTo3LNu_TuneCP5_13TeV-amcatnloFXFX-pythia8_sys_QCDScale1wUp
Merging MT_WZTo3LNu_TuneCP5_13TeV-amcatnloFXFX-pythia8_catSignal-1jet_sys_MuonSFUp
Merging MT_WZTo3LNu_TuneCP5_13TeV-amcatnloFXFX-pythia8_catSignal-1jet_sys_PrefireWeightDown
Merging MT_WZTo3LNu_TuneCP5_13TeV-amcatnloFXFX-pythia8_catTOP_sys_puWeightUp
Merging MT_WZTo3LNu_TuneCP5_13TeV-amcatnloFXFX-pythia8_cat3L_sys_jesTotalUp
Merging measMET_WZTo3LNu_TuneCP5_13TeV-amcatnloFXFX-pythia8_catSignal-0jet_sys_PDFUp
Merging measMET_WZTo3LNu_TuneCP5_13TeV-amcatnloFXFX-pythia8_cat4L_sys_jesTotalUp
Merging balance_WZTo3LNu_TuneCP5_13TeV-amcatnloFXFX-pythia8_sys_puWeightDown
Merging measMET_WZTo3LNu_TuneCP5_13TeV-amcatnloFXFX-pythia8_catNRB_sys_TriggerSFWeightDown
Merging MT_WZTo3LNu_TuneCP5_13TeV-amcatnloFXFX-pythia8_catEM_sys_ElectronEnUp
Merging MT_WZTo3LNu_TuneCP5_13TeV-amcatnloFXFX-pythia8_catTOP_sys_QCDScale2wUp
Merging measMET_WZTo3LNu_TuneCP5_13TeV-amcatnloFXFX-pythia8_cat3L_sys_QCDScale2wUp
Merging measMET_WZTo3LNu_TuneCP5_13TeV-amcatnloFXFX-pythia8_catNRB
Merging measMET_WZTo3LNu_TuneCP5_13TeV-amcatnloFXFX-pythia8_catSignal-0jet_sys_QCDScale2wUp
Merging measMET_WZTo3LNu_TuneCP5_13TeV-amcatnloFXFX-pythia8_catSignal-1jet_sys_nvtxWeightUp
Merging measMET_WZTo3LNu_TuneCP5_13TeV-amcatnloFXFX-pythia8_catNRB_sys_PDFDown
Merging njet_WZTo3LNu_TuneCP5_13TeV-amcatnloFXFX-pythia8_sys_QCDScale1wUp
Merging njet_WZTo3LNu_TuneCP5_13TeV-amcatnloFXFX-pythia8_sys_MuonEnDown
Merging measMET_WZTo3LNu_TuneCP5_13TeV-amcatnloFXFX-pythia8_cat4L_sys_QCDScale0wDown
Merging measMET_WZTo3LNu_TuneCP5_13TeV-amcatnloFXFX-pythia8_catSignal-0jet_sys_btagEventWeightDown
Merging MT_WZTo3LNu_TuneCP5_13TeV-amcatnloFXFX-pythia8_cat3L_sys_ElectronEnDown
Merging MT_WZTo3LNu_TuneCP5_13TeV-amcatnloFXFX-pythia8_catEM_sys_btagEventWeightDown
Merging measMET_WZTo3LNu_TuneCP5_13TeV-amcatnloFXFX-pythia8_catNRB_sys_MuonSFDown
Merging MT_WZTo3LNu_TuneCP5_13TeV-amcatnloFXFX-pythia8_cat4L_sys_nvtxWeightUp
Merging MT_WZTo3LNu_TuneCP5_13TeV-amcatnloFXFX-pythia8_catSignal-0jet_sys_btagEventWeightUp
Merging measMET_WZTo3LNu_TuneCP5_13TeV-amcatnloFXFX-pythia8_catTOP_sys_QCDScale1wDown
Merging MT_WZTo3LNu_TuneCP5_13TeV-amcatnloFXFX-pythia8_catNRB_sys_QCDScale0wDown
Merging phizmet_WZTo3LNu_TuneCP5_13TeV-amcatnloFXFX-pythia8_sys_jerUp
Merging MT_WZTo3LNu_TuneCP5_13TeV-amcatnloFXFX-pythia8_catEM_sys_PDFDown
Merging measMET_WZTo3LNu_TuneCP5_13TeV-amcatnloFXFX-pythia8_catTOP_sys_QCDScale0wDown
Merging measMET_WZTo3LNu_TuneCP5_13TeV-amcatnloFXFX-pythia8_catSignal-1jet_sys_PrefireWeightUp
Merging measMET_WZTo3LNu_TuneCP5_13TeV-amcatnloFXFX-pythia8_catDY_sys_PDFDown
Merging measMET_WZTo3LNu_TuneCP5_13TeV-amcatnloFXFX-pythia8_catNRB_sys_nvtxWeightDown
Merging balance_WZTo3LNu_TuneCP5_13TeV-amcatnloFXFX-pythia8_sys_QCDScale1wUp
Merging measMET_WZTo3LNu_TuneCP5_13TeV-amcatnloFXFX-pythia8_catDY_sys_ElectronEnUp
Merging measMET_WZTo3LNu_TuneCP5_13TeV-amcatnloFXFX-pythia8_cat3L_sys_QCDScale0wDown
Merging MT_WZTo3LNu_TuneCP5_13TeV-amcatnloFXFX-pythia8_catDY_sys_EWKDown
Merging measMET_WZTo3LNu_TuneCP5_13TeV-amcatnloFXFX-pythia8_catSignal-1jet_sys_jerDown
Merging measMET_WZTo3LNu_TuneCP5_13TeV-amcatnloFXFX-pythia8_catTOP_sys_ElectronEnUp
Merging measMET_WZTo3LNu_TuneCP5_13TeV-amcatnloFXFX-pythia8_catSignal-0jet_sys_PrefireWeightDown
Merging MT_WZTo3LNu_TuneCP5_13TeV-amcatnloFXFX-pythia8_catNRB_sys_ElectronEnDown
Merging MT_WZTo3LNu_TuneCP5_13TeV-amcatnloFXFX-pythia8_catNRB_sys_QCDScale1wDown
Merging MT_WZTo3LNu_TuneCP5_13TeV-amcatnloFXFX-pythia8_catEM_sys_QCDScale2wUp
Merging MT_WZTo3LNu_TuneCP5_13TeV-amcatnloFXFX-pythia8_catSignal-1jet_sys_ElectronEnDown
Merging measMET_WZTo3LNu_TuneCP5_13TeV-amcatnloFXFX-pythia8_catDY_sys_EWKUp
Merging measMET_WZTo3LNu_TuneCP5_13TeV-amcatnloFXFX-pythia8_catNRB_sys_PrefireWeightDown
Merging measMET_WZTo3LNu_TuneCP5_13TeV-amcatnloFXFX-pythia8_catDY_sys_jerUp
Merging MT_WZTo3LNu_TuneCP5_13TeV-amcatnloFXFX-pythia8_catNRB_sys_MuonSFUp
Merging measMET_WZTo3LNu_TuneCP5_13TeV-amcatnloFXFX-pythia8_catEM_sys_btagEventWeightDown
Merging measMET_WZTo3LNu_TuneCP5_13TeV-amcatnloFXFX-pythia8_catSignal-1jet_sys_ElecronSFDown
Merging measMET_WZTo3LNu_TuneCP5_13TeV-amcatnloFXFX-pythia8_cat3L_sys_ElectronEnUp
Merging balance_WZTo3LNu_TuneCP5_13TeV-amcatnloFXFX-pythia8_sys_ElecronSFUp
Merging balance_WZTo3LNu_TuneCP5_13TeV-amcatnloFXFX-pythia8_sys_ElecronSFDown
Merging MT_WZTo3LNu_TuneCP5_13TeV-amcatnloFXFX-pythia8_catTOP_sys_jerDown
Merging MT_WZTo3LNu_TuneCP5_13TeV-amcatnloFXFX-pythia8_catSignal-0jet_sys_TriggerSFWeightDown
Merging measMET_WZTo3LNu_TuneCP5_13TeV-amcatnloFXFX-pythia8_cat4L_sys_QCDScale1wDown
Merging MT_WZTo3LNu_TuneCP5_13TeV-amcatnloFXFX-pythia8_catSignal-1jet_sys_TriggerSFWeightUp
Merging measMET_WZTo3LNu_TuneCP5_13TeV-amcatnloFXFX-pythia8_catDY_sys_QCDScale0wUp
Merging phizmet_WZTo3LNu_TuneCP5_13TeV-amcatnloFXFX-pythia8_sys_QCDScale2wDown
Merging measMET_WZTo3LNu_TuneCP5_13TeV-amcatnloFXFX-pythia8_catTOP_sys_PrefireWeightDown
Merging balance_WZTo3LNu_TuneCP5_13TeV-amcatnloFXFX-pythia8_sys_puWeightUp
Merging phizmet_WZTo3LNu_TuneCP5_13TeV-amcatnloFXFX-pythia8_sys_ElectronEnDown
Merging MT_WZTo3LNu_TuneCP5_13TeV-amcatnloFXFX-pythia8_catDY_sys_puWeightUp
Merging measMET_WZTo3LNu_TuneCP5_13TeV-amcatnloFXFX-pythia8_cat3L_sys_nvtxWeightDown
Merging balance_WZTo3LNu_TuneCP5_13TeV-amcatnloFXFX-pythia8_sys_TriggerSFWeightDown
Merging MT_WZTo3LNu_TuneCP5_13TeV-amcatnloFXFX-pythia8_catEM_sys_EWKDown
Merging MT_WZTo3LNu_TuneCP5_13TeV-amcatnloFXFX-pythia8_catEM_sys_TriggerSFWeightDown
Merging MT_WZTo3LNu_TuneCP5_13TeV-amcatnloFXFX-pythia8_catEM_sys_jerDown
Merging measMET_WZTo3LNu_TuneCP5_13TeV-amcatnloFXFX-pythia8_catDY_sys_ElecronSFUp
Merging balance_WZTo3LNu_TuneCP5_13TeV-amcatnloFXFX-pythia8_sys_jesTotalDown
Merging measMET_WZTo3LNu_TuneCP5_13TeV-amcatnloFXFX-pythia8_catSignal-1jet_sys_PrefireWeightDown
Merging MT_WZTo3LNu_TuneCP5_13TeV-amcatnloFXFX-pythia8_catNRB_sys_QCDScale2wDown
Merging measMET_WZTo3LNu_TuneCP5_13TeV-amcatnloFXFX-pythia8_catEM_sys_QCDScale0wDown
Merging MT_WZTo3LNu_TuneCP5_13TeV-amcatnloFXFX-pythia8_catNRB_sys_ElecronSFUp
Merging measMET_WZTo3LNu_TuneCP5_13TeV-amcatnloFXFX-pythia8_cat3L_sys_btagEventWeightUp
Merging measMET_WZTo3LNu_TuneCP5_13TeV-amcatnloFXFX-pythia8_cat3L_sys_QCDScale2wDown
Merging MT_WZTo3LNu_TuneCP5_13TeV-amcatnloFXFX-pythia8_catSignal-0jet_sys_QCDScale0wUp
Merging MT_WZTo3LNu_TuneCP5_13TeV-amcatnloFXFX-pythia8_cat4L_sys_nvtxWeightDown
Merging measMET_WZTo3LNu_TuneCP5_13TeV-amcatnloFXFX-pythia8_cat3L_sys_puWeightUp
Merging measMET_WZTo3LNu_TuneCP5_13TeV-amcatnloFXFX-pythia8_catTOP_sys_jesTotalUp
Merging measMET_WZTo3LNu_TuneCP5_13TeV-amcatnloFXFX-pythia8_catDY_sys_ElectronEnDown
Merging measMET_WZTo3LNu_TuneCP5_13TeV-amcatnloFXFX-pythia8_catSignal-1jet_sys_TriggerSFWeightUp
Merging measMET_WZTo3LNu_TuneCP5_13TeV-amcatnloFXFX-pythia8_catNRB_sys_QCDScale0wDown
Merging measMET_WZTo3LNu_TuneCP5_13TeV-amcatnloFXFX-pythia8_catSignal-0jet_sys_ElectronEnUp
Merging MT_WZTo3LNu_TuneCP5_13TeV-amcatnloFXFX-pythia8_catEM_sys_PrefireWeightDown
Merging MT_WZTo3LNu_TuneCP5_13TeV-amcatnloFXFX-pythia8_catDY_sys_QCDScale2wUp
Merging MT_WZTo3LNu_TuneCP5_13TeV-amcatnloFXFX-pythia8_catSignal-1jet_sys_jerDown
Merging measMET_WZTo3LNu_TuneCP5_13TeV-amcatnloFXFX-pythia8_catSignal-1jet_sys_MuonSFDown
Merging measMET_WZTo3LNu_TuneCP5_13TeV-amcatnloFXFX-pythia8_catSignal-0jet_sys_jerUp
Merging MT_WZTo3LNu_TuneCP5_13TeV-amcatnloFXFX-pythia8_cat3L_sys_puWeightDown
Merging balance_WZTo3LNu_TuneCP5_13TeV-amcatnloFXFX-pythia8_sys_QCDScale2wDown
Merging MT_WZTo3LNu_TuneCP5_13TeV-amcatnloFXFX-pythia8_catTOP_sys_QCDScale0wUp
Merging MT_WZTo3LNu_TuneCP5_13TeV-amcatnloFXFX-pythia8_catSignal-1jet_sys_ElectronEnUp
Merging measMET_WZTo3LNu_TuneCP5_13TeV-amcatnloFXFX-pythia8_catDY_sys_jesTotalDown
Merging measMET_WZTo3LNu_TuneCP5_13TeV-amcatnloFXFX-pythia8_catSignal-0jet_sys_ElecronSFUp
Merging MT_WZTo3LNu_TuneCP5_13TeV-amcatnloFXFX-pythia8_cat3L_sys_QCDScale0wUp
Merging measMET_WZTo3LNu_TuneCP5_13TeV-amcatnloFXFX-pythia8_cat4L_sys_TriggerSFWeightDown
Merging measMET_WZTo3LNu_TuneCP5_13TeV-amcatnloFXFX-pythia8_catDY_sys_btagEventWeightUp
Merging balance_WZTo3LNu_TuneCP5_13TeV-amcatnloFXFX-pythia8_sys_jerUp
Merging measMET_WZTo3LNu_TuneCP5_13TeV-amcatnloFXFX-pythia8_cat4L_sys_MuonSFDown
Merging MT_WZTo3LNu_TuneCP5_13TeV-amcatnloFXFX-pythia8_catTOP_sys_ElectronEnUp
Merging MT_WZTo3LNu_TuneCP5_13TeV-amcatnloFXFX-pythia8_catEM_sys_QCDScale1wDown
Merging measMET_WZTo3LNu_TuneCP5_13TeV-amcatnloFXFX-pythia8_catSignal-0jet_sys_nvtxWeightDown
Merging measMET_WZTo3LNu_TuneCP5_13TeV-amcatnloFXFX-pythia8_catEM_sys_MuonSFDown
Merging measMET_WZTo3LNu_TuneCP5_13TeV-amcatnloFXFX-pythia8_catNRB_sys_ElectronEnUp
Merging MT_WZTo3LNu_TuneCP5_13TeV-amcatnloFXFX-pythia8_cat4L_sys_jesTotalDown
Merging MT_WZTo3LNu_TuneCP5_13TeV-amcatnloFXFX-pythia8_catDY_sys_nvtxWeightDown
Merging MT_WZTo3LNu_TuneCP5_13TeV-amcatnloFXFX-pythia8_catEM_sys_MuonSFDown
Merging MT_WZTo3LNu_TuneCP5_13TeV-amcatnloFXFX-pythia8_cat3L_sys_QCDScale0wDown
Merging MT_WZTo3LNu_TuneCP5_13TeV-amcatnloFXFX-pythia8_cat4L_sys_PrefireWeightDown
Merging measMET_WZTo3LNu_TuneCP5_13TeV-amcatnloFXFX-pythia8_cat3L_sys_ElectronEnDown
Merging measMET_WZTo3LNu_TuneCP5_13TeV-amcatnloFXFX-pythia8_catNRB_sys_btagEventWeightUp
Merging measMET_WZTo3LNu_TuneCP5_13TeV-amcatnloFXFX-pythia8_catTOP_sys_QCDScale2wUp
Merging MT_WZTo3LNu_TuneCP5_13TeV-amcatnloFXFX-pythia8_cat4L_sys_puWeightDown
Merging balance_WZTo3LNu_TuneCP5_13TeV-amcatnloFXFX-pythia8_sys_TriggerSFWeightUp
Merging phizmet_WZTo3LNu_TuneCP5_13TeV-amcatnloFXFX-pythia8_sys_PDFUp
Merging MT_WZTo3LNu_TuneCP5_13TeV-amcatnloFXFX-pythia8_cat4L_sys_QCDScale1wUp
Merging balance_WZTo3LNu_TuneCP5_13TeV-amcatnloFXFX-pythia8_sys_MuonSFUp
Merging phizmet_WZTo3LNu_TuneCP5_13TeV-amcatnloFXFX-pythia8
Merging measMET_WZTo3LNu_TuneCP5_13TeV-amcatnloFXFX-pythia8_catSignal-0jet_sys_PrefireWeightUp
Merging MT_WZTo3LNu_TuneCP5_13TeV-amcatnloFXFX-pythia8_cat3L_sys_EWKDown
Merging MT_WZTo3LNu_TuneCP5_13TeV-amcatnloFXFX-pythia8_catTOP_sys_jesTotalUp
Merging MT_WZTo3LNu_TuneCP5_13TeV-amcatnloFXFX-pythia8_catNRB_sys_ElecronSFDown
Merging measMET_WZTo3LNu_TuneCP5_13TeV-amcatnloFXFX-pythia8_catEM_sys_nvtxWeightUp
Merging MT_WZTo3LNu_TuneCP5_13TeV-amcatnloFXFX-pythia8_cat3L_sys_btagEventWeightUp
Merging MT_WZTo3LNu_TuneCP5_13TeV-amcatnloFXFX-pythia8_catSignal-0jet_sys_puWeightUp
Merging MT_WZTo3LNu_TuneCP5_13TeV-amcatnloFXFX-pythia8_cat3L_sys_EWKUp
Merging measMET_WZTo3LNu_TuneCP5_13TeV-amcatnloFXFX-pythia8_catSignal-0jet_sys_jesTotalUp
Merging measMET_WZTo3LNu_TuneCP5_13TeV-amcatnloFXFX-pythia8_catNRB_sys_ElecronSFUp
Merging njet_WZTo3LNu_TuneCP5_13TeV-amcatnloFXFX-pythia8_sys_ElectronEnDown
Merging MT_WZTo3LNu_TuneCP5_13TeV-amcatnloFXFX-pythia8_catSignal-1jet_sys_MuonEnDown
Merging measMET_WZTo3LNu_TuneCP5_13TeV-amcatnloFXFX-pythia8_cat3L_sys_EWKUp
Merging MT_WZTo3LNu_TuneCP5_13TeV-amcatnloFXFX-pythia8_catNRB_sys_nvtxWeightDown
Merging measMET_WZTo3LNu_TuneCP5_13TeV-amcatnloFXFX-pythia8_catSignal-1jet_sys_EWKUp
Merging measMET_WZTo3LNu_TuneCP5_13TeV-amcatnloFXFX-pythia8_catNRB_sys_jesTotalUp
Merging MT_WZTo3LNu_TuneCP5_13TeV-amcatnloFXFX-pythia8_catSignal-0jet_sys_QCDScale1wUp
Merging MT_WZTo3LNu_TuneCP5_13TeV-amcatnloFXFX-pythia8_catSignal-0jet_sys_puWeightDown
Merging MT_WZTo3LNu_TuneCP5_13TeV-amcatnloFXFX-pythia8_cat3L_sys_btagEventWeightDown
Merging MT_WZTo3LNu_TuneCP5_13TeV-amcatnloFXFX-pythia8_catTOP_sys_nvtxWeightDown
Merging measMET_WZTo3LNu_TuneCP5_13TeV-amcatnloFXFX-pythia8_cat3L_sys_MuonSFUp
Merging measMET_WZTo3LNu_TuneCP5_13TeV-amcatnloFXFX-pythia8_catSignal-1jet_sys_ElecronSFUp
Merging MT_WZTo3LNu_TuneCP5_13TeV-amcatnloFXFX-pythia8_catSignal-0jet_sys_TriggerSFWeightUp
Merging phizmet_WZTo3LNu_TuneCP5_13TeV-amcatnloFXFX-pythia8_sys_EWKUp
Merging MT_WZTo3LNu_TuneCP5_13TeV-amcatnloFXFX-pythia8_catSignal-0jet_sys_QCDScale1wDown
Merging phizmet_WZTo3LNu_TuneCP5_13TeV-amcatnloFXFX-pythia8_sys_EWKDown
Merging MT_WZTo3LNu_TuneCP5_13TeV-amcatnloFXFX-pythia8_catTOP
Merging MT_WZTo3LNu_TuneCP5_13TeV-amcatnloFXFX-pythia8_catNRB_sys_PDFDown
Merging MT_WZTo3LNu_TuneCP5_13TeV-amcatnloFXFX-pythia8_catSignal-0jet_sys_PDFDown
Merging measMET_WZTo3LNu_TuneCP5_13TeV-amcatnloFXFX-pythia8_cat4L_sys_QCDScale0wUp
Merging MT_WZTo3LNu_TuneCP5_13TeV-amcatnloFXFX-pythia8_catSignal-1jet_sys_puWeightDown
Merging measMET_WZTo3LNu_TuneCP5_13TeV-amcatnloFXFX-pythia8_catSignal-1jet_sys_ElectronEnUp
Merging MT_WZTo3LNu_TuneCP5_13TeV-amcatnloFXFX-pythia8_catNRB_sys_MuonEnUp
Merging MT_WZTo3LNu_TuneCP5_13TeV-amcatnloFXFX-pythia8_cat4L_sys_MuonSFUp
Merging MT_WZTo3LNu_TuneCP5_13TeV-amcatnloFXFX-pythia8_catSignal-0jet_sys_nvtxWeightUp
Merging measMET_WZTo3LNu_TuneCP5_13TeV-amcatnloFXFX-pythia8_catTOP_sys_nvtxWeightUp
Merging MT_WZTo3LNu_TuneCP5_13TeV-amcatnloFXFX-pythia8_catNRB_sys_jerUp
Merging measMET_WZTo3LNu_TuneCP5_13TeV-amcatnloFXFX-pythia8_cat3L_sys_ElecronSFDown
Merging MT_WZTo3LNu_TuneCP5_13TeV-amcatnloFXFX-pythia8_catTOP_sys_jesTotalDown
Merging MT_WZTo3LNu_TuneCP5_13TeV-amcatnloFXFX-pythia8_catSignal-1jet_sys_nvtxWeightUp
Merging MT_WZTo3LNu_TuneCP5_13TeV-amcatnloFXFX-pythia8_cat3L_sys_MuonSFUp
Merging njet_WZTo3LNu_TuneCP5_13TeV-amcatnloFXFX-pythia8_sys_QCDScale1wDown
Merging measMET_WZTo3LNu_TuneCP5_13TeV-amcatnloFXFX-pythia8_catEM_sys_QCDScale1wUp
Merging measMET_WZTo3LNu_TuneCP5_13TeV-amcatnloFXFX-pythia8_catTOP_sys_QCDScale2wDown
Merging measMET_WZTo3LNu_TuneCP5_13TeV-amcatnloFXFX-pythia8_catSignal-0jet_sys_QCDScale0wDown
Merging measMET_WZTo3LNu_TuneCP5_13TeV-amcatnloFXFX-pythia8_catSignal-1jet_sys_jerUp
Merging measMET_WZTo3LNu_TuneCP5_13TeV-amcatnloFXFX-pythia8_catEM_sys_jesTotalDown
Merging phizmet_WZTo3LNu_TuneCP5_13TeV-amcatnloFXFX-pythia8_sys_btagEventWeightDown
Merging balance_WZTo3LNu_TuneCP5_13TeV-amcatnloFXFX-pythia8_sys_QCDScale0wDown
Merging measMET_WZTo3LNu_TuneCP5_13TeV-amcatnloFXFX-pythia8_catSignal-1jet_sys_nvtxWeightDown
Merging MT_WZTo3LNu_TuneCP5_13TeV-amcatnloFXFX-pythia8_cat3L
Merging phizmet_WZTo3LNu_TuneCP5_13TeV-amcatnloFXFX-pythia8_sys_MuonEnDown
Merging measMET_WZTo3LNu_TuneCP5_13TeV-amcatnloFXFX-pythia8_catSignal-1jet_sys_PDFDown
Merging measMET_WZTo3LNu_TuneCP5_13TeV-amcatnloFXFX-pythia8_catNRB_sys_jerDown
Merging measMET_WZTo3LNu_TuneCP5_13TeV-amcatnloFXFX-pythia8_catSignal-0jet_sys_EWKDown
Merging MT_WZTo3LNu_TuneCP5_13TeV-amcatnloFXFX-pythia8_cat4L_sys_ElectronEnDown
Merging balance_WZTo3LNu_TuneCP5_13TeV-amcatnloFXFX-pythia8_sys_jerDown
Merging MT_WZTo3LNu_TuneCP5_13TeV-amcatnloFXFX-pythia8_catEM_sys_jerUp
Merging measMET_WZTo3LNu_TuneCP5_13TeV-amcatnloFXFX-pythia8_catSignal-1jet_sys_EWKDown
Merging MT_WZTo3LNu_TuneCP5_13TeV-amcatnloFXFX-pythia8_cat3L_sys_PrefireWeightUp
Merging njet_WZTo3LNu_TuneCP5_13TeV-amcatnloFXFX-pythia8_sys_jesTotalUp
Merging phizmet_WZTo3LNu_TuneCP5_13TeV-amcatnloFXFX-pythia8_sys_nvtxWeightUp
Merging phizmet_WZTo3LNu_TuneCP5_13TeV-amcatnloFXFX-pythia8_sys_jerDown
Merging MT_WZTo3LNu_TuneCP5_13TeV-amcatnloFXFX-pythia8_cat4L_sys_QCDScale2wDown
Merging MT_WZTo3LNu_TuneCP5_13TeV-amcatnloFXFX-pythia8_catSignal-0jet_sys_PDFUp
Merging phizmet_WZTo3LNu_TuneCP5_13TeV-amcatnloFXFX-pythia8_sys_jesTotalUp
Merging MT_WZTo3LNu_TuneCP5_13TeV-amcatnloFXFX-pythia8_cat3L_sys_ElecronSFUp
Merging measMET_WZTo3LNu_TuneCP5_13TeV-amcatnloFXFX-pythia8_catTOP_sys_MuonSFDown
Merging phizmet_WZTo3LNu_TuneCP5_13TeV-amcatnloFXFX-pythia8_sys_jesTotalDown
Merging MT_WZTo3LNu_TuneCP5_13TeV-amcatnloFXFX-pythia8_catSignal-1jet_sys_ElecronSFUp
Merging MT_WZTo3LNu_TuneCP5_13TeV-amcatnloFXFX-pythia8_catTOP_sys_MuonEnDown
Merging balance_WZTo3LNu_TuneCP5_13TeV-amcatnloFXFX-pythia8_sys_ElectronEnUp
Merging balance_WZTo3LNu_TuneCP5_13TeV-amcatnloFXFX-pythia8_sys_nvtxWeightUp
Merging njet_WZTo3LNu_TuneCP5_13TeV-amcatnloFXFX-pythia8_sys_QCDScale2wDown
Merging measMET_WZTo3LNu_TuneCP5_13TeV-amcatnloFXFX-pythia8_catEM_sys_PrefireWeightUp
Merging MT_WZTo3LNu_TuneCP5_13TeV-amcatnloFXFX-pythia8_catSignal-0jet
Merging measMET_WZTo3LNu_TuneCP5_13TeV-amcatnloFXFX-pythia8_catTOP_sys_ElecronSFDown
Merging measMET_WZTo3LNu_TuneCP5_13TeV-amcatnloFXFX-pythia8_catSignal-1jet_sys_ElectronEnDown
kHz), accepted    30001/   30001 events (100.00%)
Processed    40000/   44218 entries, 90.46% (elapsed time  1484.2s, curr speed    0.026 kHz, avg speed    0.027 kHz), accepted    40001/   40001 events (100.00%)
Processed 44218 preselected entries from /eos/cms/store/group/phys_exotica/monoZ/Exorcism2017/WZTo3LNu_TuneCP5_13TeV-amcatnloFXFX-pythia8/tree_11.root (44218 entries). Finally selected 44218 entries
Done ./tree_11_Skim.root
26.7656957459 Hz
----- transfer output to eos :
----- directory after running :
.:
total 6580
-rw-r--r--. 1 cfreer zh    1213 Nov 30 06:44 FrameworkJobReport.xml
-rw-r--r--. 1 cfreer zh       0 Nov 30 06:16 _condor_stderr
-rw-r--r--. 1 cfreer zh   82365 Nov 30 06:44 _condor_stdout
-rw-------. 1 cfreer zh    4914 Nov 30 06:44 cfreer.cc
-rw-r--r--. 1 cfreer zh   16092 Nov 30 06:16 combineHLT_Run2.yaml
-rw-r--r--. 1 cfreer zh    5718 Nov 30 06:16 condor_WSProducer.py
-rwxr-xr-x. 1 cfreer zh     842 Nov 30 06:16 condor_exec.exe
-rwxr-xr-x. 1 cfreer zh    2559 Nov 30 06:16 haddnano.py
-rw-r--r--. 1 cfreer zh       8 Nov 30 06:16 keep_and_drop_WS.txt
drwx------. 3 cfreer zh    4096 Nov 30 06:16 tmp
-rw-r--r--. 1 cfreer zh 3294287 Nov 30 06:44 tree_1.root
-rw-r--r--. 1 cfreer zh 3294171 Nov 30 06:44 tree_11_Skim.root
drwx------. 3 cfreer zh    4096 Nov 30 06:16 var

./tmp:
total 4
drwxr-xr-x. 3 cfreer zh 4096 Nov 30 06:16 mjf-cfreer

./tmp/mjf-cfreer:
total 4
drwxr-xr-x. 2 cfreer zh 4096 Nov 30 06:16 jobfeatures-bigbird09.cern.ch_3031814.1_1574960267

./tmp/mjf-cfreer/jobfeatures-bigbird09.cern.ch_3031814.1_1574960267:
total 28
-rw-r--r--. 1 cfreer zh  1 Nov 30 06:16 allocated_cpu
-rw-r--r--. 1 cfreer zh  6 Nov 30 06:16 cpu_limit_secs
-rw-r--r--. 1 cfreer zh 38 Nov 30 06:16 job_id
-rw-r--r--. 1 cfreer zh 10 Nov 30 06:16 jobstart_secs
-rw-r--r--. 1 cfreer zh 10 Nov 30 06:16 max_rss_bytes
-rw-r--r--. 1 cfreer zh 10 Nov 30 06:16 scratch_limit_bytes
-rw-r--r--. 1 cfreer zh  6 Nov 30 06:16 wall_limit_secs

./var:
total 4
drwx------. 2 cfreer zh 4096 Nov 30 06:16 tmp

./var/tmp:
total 0
 ------ THE END (everyone dies !) ----- 
