
/pool/condor/dir_6021

... start job at 2019-11-30 05:49:59
----- directory before running:
.:
total 52
-rw-r--r--. 1 cfreer zh     0 Nov 30 05:49 _condor_stderr
-rw-r--r--. 1 cfreer zh    93 Nov 30 05:49 _condor_stdout
-rw-------. 1 cfreer zh  2642 Nov 30 05:49 cfreer.cc
-rw-r--r--. 1 cfreer zh 16092 Nov 30 05:49 combineHLT_Run2.yaml
-rw-r--r--. 1 cfreer zh  5718 Nov 30 05:49 condor_WSProducer.py
-rwxr-xr-x. 1 cfreer zh   837 Nov 30 05:49 condor_exec.exe
-rwxr-xr-x. 1 cfreer zh  2559 Nov 30 05:49 haddnano.py
-rw-r--r--. 1 cfreer zh     8 Nov 30 05:49 keep_and_drop_WS.txt
drwx------. 3 cfreer zh  4096 Nov 30 05:49 tmp
drwx------. 3 cfreer zh  4096 Nov 30 05:49 var

./tmp:
total 4
drwxr-xr-x. 3 cfreer zh 4096 Nov 30 05:49 mjf-cfreer

./tmp/mjf-cfreer:
total 4
drwxr-xr-x. 2 cfreer zh 4096 Nov 30 05:49 jobfeatures-bigbird09.cern.ch_3031798.1_1574960148

./tmp/mjf-cfreer/jobfeatures-bigbird09.cern.ch_3031798.1_1574960148:
total 28
-rw-r--r--. 1 cfreer zh  1 Nov 30 05:49 allocated_cpu
-rw-r--r--. 1 cfreer zh  6 Nov 30 05:49 cpu_limit_secs
-rw-r--r--. 1 cfreer zh 38 Nov 30 05:49 job_id
-rw-r--r--. 1 cfreer zh 10 Nov 30 05:49 jobstart_secs
-rw-r--r--. 1 cfreer zh 10 Nov 30 05:49 max_rss_bytes
-rw-r--r--. 1 cfreer zh 10 Nov 30 05:49 scratch_limit_bytes
-rw-r--r--. 1 cfreer zh  6 Nov 30 05:49 wall_limit_secs

./var:
total 4
drwx------. 2 cfreer zh 4096 Nov 30 05:49 tmp

./var/tmp:
total 0
----- CMSSW BASE, python path, pwd:
+ CMSSW_BASE  = /afs/cern.ch/work/c/cfreer/MonoZ_2019/MT_plots/CMSSW_10_6_4
+ PYTHON_PATH = 
+ PWD         = /pool/condor/dir_6021
/eos/cms/store/group/phys_exotica/monoZ/Exorcism2017/TTTo2L2Nu_TuneCP5_13TeV-powheg-pythia8/tree_17.root  ->  /eos/cms/store/group/phys_exotica/monoZ/Exorcism2017/TTTo2L2Nu_TuneCP5_13TeV-powheg-pythia8/tree_17.root
Testing file open
Test OK
---------------------------
 -- options  =  Namespace(dataset='X', doSyst=1, era='2017', infile='/eos/cms/store/group/phys_exotica/monoZ/Exorcism2017/TTTo2L2Nu_TuneCP5_13TeV-powheg-pythia8/tree_17.root', isMC=1, jobNum=1, nevt=-1)
 -- is MC    =  1
 -- jobNum   =  1
 -- era      =  2017
 -- in file  =  /eos/cms/store/group/phys_exotica/monoZ/Exorcism2017/TTTo2L2Nu_TuneCP5_13TeV-powheg-pythia8/tree_17.root
 -- dataset  =  X
---------------------------
[check] condtag_ ==  TTTo2L2Nu_TuneCP5_13TeV-powheg-pythia8
[check] dataset  ==  monoZ
modules :  <PhysicsTools.MonoZ.MonoZWSProducer.MonoZWSProducer object at 0x2b0ccd295890>
modules :  <PhysicsTools.MonoZ.MonoZWSProducer.MonoZWSProducer object at 0x2b0ccd295950>
modules :  <PhysicsTools.MonoZ.MonoZWSProducer.MonoZWSProducer object at 0x2b0ccd295990>
modules :  <PhysicsTools.MonoZ.MonoZWSProducer.MonoZWSProducer object at 0x2b0ccd2959d0>
modules :  <PhysicsTools.MonoZ.MonoZWSProducer.MonoZWSProducer object at 0x2b0ccd295a10>
modules :  <PhysicsTools.MonoZ.MonoZWSProducer.MonoZWSProducer object at 0x2b0ccd295a50>
modules :  <PhysicsTools.MonoZ.MonoZWSProducer.MonoZWSProducer object at 0x2b0ccd295a90>
modules :  <PhysicsTools.MonoZ.MonoZWSProducer.MonoZWSProducer object at 0x2b0ccd295ad0>
modules :  <PhysicsTools.MonoZ.MonoZWSProducer.MonoZWSProducer object at 0x2b0ccd295b10>
modules :  <PhysicsTools.MonoZ.MonoZWSProducer.MonoZWSProducer object at 0x2b0ccd295b50>
modules :  <PhysicsTools.MonoZ.MonoZWSProducer.MonoZWSProducer object at 0x2b0ccd295b90>
modules :  <PhysicsTools.MonoZ.MonoZWSProducer.MonoZWSProducer object at 0x2b0ccd295bd0>
modules :  <PhysicsTools.MonoZ.MonoZWSProducer.MonoZWSProducer object at 0x2b0ccd295c10>
modules :  <PhysicsTools.MonoZ.MonoZWSProducer.MonoZWSProducer object at 0x2b0ccd295c50>
modules :  <PhysicsTools.MonoZ.MonoZWSProducer.MonoZWSProducer object at 0x2b0ccd295c90>
modules :  <PhysicsTools.MonoZ.MonoZWSProducer.MonoZWSProducer object at 0x2b0ccd295cd0>
modules :  <PhysicsTools.MonoZ.MonoZWSProducer.MonoZWSProducer object at 0x2b0ccd295d10>
modules :  <PhysicsTools.MonoZ.MonoZWSProducer.MonoZWSProducer object at 0x2b0ccd295d50>
modules :  <PhysicsTools.MonoZ.MonoZWSProducer.MonoZWSProducer object at 0x2b0ccd295d90>
modules :  <PhysicsTools.MonoZ.MonoZWSProducer.MonoZWSProducer object at 0x2b0ccd295dd0>
modules :  <PhysicsTools.MonoZ.MonoZWSProducer.MonoZWSProducer object at 0x2b0ccd295e10>
modules :  <PhysicsTools.MonoZ.MonoZWSProducer.MonoZWSProducer object at 0x2b0ccd295e50>
modules :  <PhysicsTools.MonoZ.MonoZWSProducer.MonoZWSProducer object at 0x2b0ccd295ed0>
modules :  <PhysicsTools.MonoZ.MonoZWSProducer.MonoZWSProducer object at 0x2b0ccd295f50>
modules :  <PhysicsTools.MonoZ.MonoZWSProducer.MonoZWSProducer object at 0x2b0ccd295fd0>
modules :  <PhysicsTools.MonoZ.MonoZWSProducer.MonoZWSProducer object at 0x2b0ccd297090>
modules :  <PhysicsTools.MonoZ.MonoZWSProducer.MonoZWSProducer object at 0x2b0ccd2970d0>
modules :  <PhysicsTools.MonoZ.MonoZWSProducer.MonoZWSProducer object at 0x2b0ccd297110>
modules :  <PhysicsTools.MonoZ.MonoZWSProducer.MonoZWSProducer object at 0x2b0ccd297150>
modules :  <PhysicsTools.MonoZ.MonoZWSProducer.MonoZWSProducer object at 0x2b0ccd297190>
modules :  <PhysicsTools.MonoZ.MonoZWSProducer.MonoZWSProducer object at 0x2b0ccd2971d0>
Selection :  
Will write selected trees to .
Pre-select 45868 entries out of 45868 (100.00%)
Processed    10000/   45868 entries, 21.80% (elapsed time   554.0s, curr speed    0.018 kHz, avg speed    0.018 kHz), accepted    10001/   10001 events (100.00%)
Processed    20000/   45868 entries, 43.60% (elapsed time  1114.9s, curr speed    0.018 kHz, avg speed    0.018 kHz), accepted    20001/   20001 events (100.00%)
Processed    30000/   45868 entries, 65.41% (elapsed time  1663.4s, curr speed    0.018 kHz, avg speed    0.018 kHz), accepted    30001/ Adding file ./tree_17_Skim.root
Merging measMET_monoZ_catSignal-0jet
Merging MT_monoZ_catSignal-0jet
Merging measMET_monoZ_catEM
Merging MT_monoZ_catEM
Merging measMET_monoZ_catSignal-1jet
Merging MT_monoZ_catSignal-1jet
Merging measMET_monoZ_cat3L
Merging MT_monoZ_cat3L
Merging measMET_monoZ_cat4L
Merging MT_monoZ_cat4L
Merging measMET_monoZ_catNRB
Merging MT_monoZ_catNRB
Merging measMET_monoZ_catTOP
Merging MT_monoZ_catTOP
Merging measMET_monoZ_catDY
Merging MT_monoZ_catDY
Merging balance_monoZ
Merging phizmet_monoZ
Merging njet_monoZ
Merging measMET_monoZ_catSignal-0jet_sys_ElectronEnUp
Merging MT_monoZ_catSignal-0jet_sys_ElectronEnUp
Merging measMET_monoZ_catEM_sys_ElectronEnUp
Merging MT_monoZ_catEM_sys_ElectronEnUp
Merging measMET_monoZ_catSignal-1jet_sys_ElectronEnUp
Merging MT_monoZ_catSignal-1jet_sys_ElectronEnUp
Merging measMET_monoZ_cat3L_sys_ElectronEnUp
Merging MT_monoZ_cat3L_sys_ElectronEnUp
Merging measMET_monoZ_cat4L_sys_ElectronEnUp
Merging MT_monoZ_cat4L_sys_ElectronEnUp
Merging measMET_monoZ_catNRB_sys_ElectronEnUp
Merging MT_monoZ_catNRB_sys_ElectronEnUp
Merging measMET_monoZ_catTOP_sys_ElectronEnUp
Merging MT_monoZ_catTOP_sys_ElectronEnUp
Merging measMET_monoZ_catDY_sys_ElectronEnUp
Merging MT_monoZ_catDY_sys_ElectronEnUp
Merging balance_monoZ_sys_ElectronEnUp
Merging phizmet_monoZ_sys_ElectronEnUp
Merging njet_monoZ_sys_ElectronEnUp
Merging measMET_monoZ_catSignal-0jet_sys_ElectronEnDown
Merging MT_monoZ_catSignal-0jet_sys_ElectronEnDown
Merging measMET_monoZ_catEM_sys_ElectronEnDown
Merging MT_monoZ_catEM_sys_ElectronEnDown
Merging measMET_monoZ_catSignal-1jet_sys_ElectronEnDown
Merging MT_monoZ_catSignal-1jet_sys_ElectronEnDown
Merging measMET_monoZ_cat3L_sys_ElectronEnDown
Merging MT_monoZ_cat3L_sys_ElectronEnDown
Merging measMET_monoZ_cat4L_sys_ElectronEnDown
Merging MT_monoZ_cat4L_sys_ElectronEnDown
Merging measMET_monoZ_catNRB_sys_ElectronEnDown
Merging MT_monoZ_catNRB_sys_ElectronEnDown
Merging measMET_monoZ_catTOP_sys_ElectronEnDown
Merging MT_monoZ_catTOP_sys_ElectronEnDown
Merging measMET_monoZ_catDY_sys_ElectronEnDown
Merging MT_monoZ_catDY_sys_ElectronEnDown
Merging balance_monoZ_sys_ElectronEnDown
Merging phizmet_monoZ_sys_ElectronEnDown
Merging njet_monoZ_sys_ElectronEnDown
Merging measMET_monoZ_catSignal-0jet_sys_MuonEnUp
Merging MT_monoZ_catSignal-0jet_sys_MuonEnUp
Merging measMET_monoZ_catEM_sys_MuonEnUp
Merging MT_monoZ_catEM_sys_MuonEnUp
Merging measMET_monoZ_catSignal-1jet_sys_MuonEnUp
Merging MT_monoZ_catSignal-1jet_sys_MuonEnUp
Merging measMET_monoZ_cat3L_sys_MuonEnUp
Merging MT_monoZ_cat3L_sys_MuonEnUp
Merging measMET_monoZ_cat4L_sys_MuonEnUp
Merging MT_monoZ_cat4L_sys_MuonEnUp
Merging measMET_monoZ_catNRB_sys_MuonEnUp
Merging MT_monoZ_catNRB_sys_MuonEnUp
Merging measMET_monoZ_catTOP_sys_MuonEnUp
Merging MT_monoZ_catTOP_sys_MuonEnUp
Merging measMET_monoZ_catDY_sys_MuonEnUp
Merging MT_monoZ_catDY_sys_MuonEnUp
Merging balance_monoZ_sys_MuonEnUp
Merging phizmet_monoZ_sys_MuonEnUp
Merging njet_monoZ_sys_MuonEnUp
Merging measMET_monoZ_catSignal-0jet_sys_MuonEnDown
Merging MT_monoZ_catSignal-0jet_sys_MuonEnDown
Merging measMET_monoZ_catEM_sys_MuonEnDown
Merging MT_monoZ_catEM_sys_MuonEnDown
Merging measMET_monoZ_catSignal-1jet_sys_MuonEnDown
Merging MT_monoZ_catSignal-1jet_sys_MuonEnDown
Merging measMET_monoZ_cat3L_sys_MuonEnDown
Merging MT_monoZ_cat3L_sys_MuonEnDown
Merging measMET_monoZ_cat4L_sys_MuonEnDown
Merging MT_monoZ_cat4L_sys_MuonEnDown
Merging measMET_monoZ_catNRB_sys_MuonEnDown
Merging MT_monoZ_catNRB_sys_MuonEnDown
Merging measMET_monoZ_catTOP_sys_MuonEnDown
Merging MT_monoZ_catTOP_sys_MuonEnDown
Merging measMET_monoZ_catDY_sys_MuonEnDown
Merging MT_monoZ_catDY_sys_MuonEnDown
Merging balance_monoZ_sys_MuonEnDown
Merging phizmet_monoZ_sys_MuonEnDown
Merging njet_monoZ_sys_MuonEnDown
Merging measMET_monoZ_catSignal-0jet_sys_jesTotalUp
Merging MT_monoZ_catSignal-0jet_sys_jesTotalUp
Merging measMET_monoZ_catEM_sys_jesTotalUp
Merging MT_monoZ_catEM_sys_jesTotalUp
Merging measMET_monoZ_catSignal-1jet_sys_jesTotalUp
Merging MT_monoZ_catSignal-1jet_sys_jesTotalUp
Merging measMET_monoZ_cat3L_sys_jesTotalUp
Merging MT_monoZ_cat3L_sys_jesTotalUp
Merging measMET_monoZ_cat4L_sys_jesTotalUp
Merging MT_monoZ_cat4L_sys_jesTotalUp
Merging measMET_monoZ_catNRB_sys_jesTotalUp
Merging MT_monoZ_catNRB_sys_jesTotalUp
Merging measMET_monoZ_catTOP_sys_jesTotalUp
Merging MT_monoZ_catTOP_sys_jesTotalUp
Merging measMET_monoZ_catDY_sys_jesTotalUp
Merging MT_monoZ_catDY_sys_jesTotalUp
Merging balance_monoZ_sys_jesTotalUp
Merging phizmet_monoZ_sys_jesTotalUp
Merging njet_monoZ_sys_jesTotalUp
Merging measMET_monoZ_catSignal-0jet_sys_jesTotalDown
Merging MT_monoZ_catSignal-0jet_sys_jesTotalDown
Merging measMET_monoZ_catEM_sys_jesTotalDown
Merging MT_monoZ_catEM_sys_jesTotalDown
Merging measMET_monoZ_catSignal-1jet_sys_jesTotalDown
Merging MT_monoZ_catSignal-1jet_sys_jesTotalDown
Merging measMET_monoZ_cat3L_sys_jesTotalDown
Merging MT_monoZ_cat3L_sys_jesTotalDown
Merging measMET_monoZ_cat4L_sys_jesTotalDown
Merging MT_monoZ_cat4L_sys_jesTotalDown
Merging measMET_monoZ_catNRB_sys_jesTotalDown
Merging MT_monoZ_catNRB_sys_jesTotalDown
Merging measMET_monoZ_catTOP_sys_jesTotalDown
Merging MT_monoZ_catTOP_sys_jesTotalDown
Merging measMET_monoZ_catDY_sys_jesTotalDown
Merging MT_monoZ_catDY_sys_jesTotalDown
Merging balance_monoZ_sys_jesTotalDown
Merging phizmet_monoZ_sys_jesTotalDown
Merging njet_monoZ_sys_jesTotalDown
Merging measMET_monoZ_catSignal-0jet_sys_jerUp
Merging MT_monoZ_catSignal-0jet_sys_jerUp
Merging measMET_monoZ_catEM_sys_jerUp
Merging MT_monoZ_catEM_sys_jerUp
Merging measMET_monoZ_catSignal-1jet_sys_jerUp
Merging MT_monoZ_catSignal-1jet_sys_jerUp
Merging measMET_monoZ_cat3L_sys_jerUp
Merging MT_monoZ_cat3L_sys_jerUp
Merging measMET_monoZ_cat4L_sys_jerUp
Merging MT_monoZ_cat4L_sys_jerUp
Merging measMET_monoZ_catNRB_sys_jerUp
Merging MT_monoZ_catNRB_sys_jerUp
Merging measMET_monoZ_catTOP_sys_jerUp
Merging MT_monoZ_catTOP_sys_jerUp
Merging measMET_monoZ_catDY_sys_jerUp
Merging MT_monoZ_catDY_sys_jerUp
Merging balance_monoZ_sys_jerUp
Merging phizmet_monoZ_sys_jerUp
Merging njet_monoZ_sys_jerUp
Merging measMET_monoZ_catSignal-0jet_sys_jerDown
Merging MT_monoZ_catSignal-0jet_sys_jerDown
Merging measMET_monoZ_catEM_sys_jerDown
Merging MT_monoZ_catEM_sys_jerDown
Merging measMET_monoZ_catSignal-1jet_sys_jerDown
Merging MT_monoZ_catSignal-1jet_sys_jerDown
Merging measMET_monoZ_cat3L_sys_jerDown
Merging MT_monoZ_cat3L_sys_jerDown
Merging measMET_monoZ_cat4L_sys_jerDown
Merging MT_monoZ_cat4L_sys_jerDown
Merging measMET_monoZ_catNRB_sys_jerDown
Merging MT_monoZ_catNRB_sys_jerDown
Merging measMET_monoZ_catTOP_sys_jerDown
Merging MT_monoZ_catTOP_sys_jerDown
Merging measMET_monoZ_catDY_sys_jerDown
Merging MT_monoZ_catDY_sys_jerDown
Merging balance_monoZ_sys_jerDown
Merging phizmet_monoZ_sys_jerDown
Merging njet_monoZ_sys_jerDown
Merging measMET_monoZ_catSignal-0jet_sys_puWeightUp
Merging MT_monoZ_catSignal-0jet_sys_puWeightUp
Merging measMET_monoZ_catEM_sys_puWeightUp
Merging MT_monoZ_catEM_sys_puWeightUp
Merging measMET_monoZ_catSignal-1jet_sys_puWeightUp
Merging MT_monoZ_catSignal-1jet_sys_puWeightUp
Merging measMET_monoZ_cat3L_sys_puWeightUp
Merging MT_monoZ_cat3L_sys_puWeightUp
Merging measMET_monoZ_cat4L_sys_puWeightUp
Merging MT_monoZ_cat4L_sys_puWeightUp
Merging measMET_monoZ_catNRB_sys_puWeightUp
Merging MT_monoZ_catNRB_sys_puWeightUp
Merging measMET_monoZ_catTOP_sys_puWeightUp
Merging MT_monoZ_catTOP_sys_puWeightUp
Merging measMET_monoZ_catDY_sys_puWeightUp
Merging MT_monoZ_catDY_sys_puWeightUp
Merging balance_monoZ_sys_puWeightUp
Merging phizmet_monoZ_sys_puWeightUp
Merging njet_monoZ_sys_puWeightUp
Merging measMET_monoZ_catSignal-0jet_sys_puWeightDown
Merging MT_monoZ_catSignal-0jet_sys_puWeightDown
Merging measMET_monoZ_catEM_sys_puWeightDown
Merging MT_monoZ_catEM_sys_puWeightDown
Merging measMET_monoZ_catSignal-1jet_sys_puWeightDown
Merging MT_monoZ_catSignal-1jet_sys_puWeightDown
Merging measMET_monoZ_cat3L_sys_puWeightDown
Merging MT_monoZ_cat3L_sys_puWeightDown
Merging measMET_monoZ_cat4L_sys_puWeightDown
Merging MT_monoZ_cat4L_sys_puWeightDown
Merging measMET_monoZ_catNRB_sys_puWeightDown
Merging MT_monoZ_catNRB_sys_puWeightDown
Merging measMET_monoZ_catTOP_sys_puWeightDown
Merging MT_monoZ_catTOP_sys_puWeightDown
Merging measMET_monoZ_catDY_sys_puWeightDown
Merging MT_monoZ_catDY_sys_puWeightDown
Merging balance_monoZ_sys_puWeightDown
Merging phizmet_monoZ_sys_puWeightDown
Merging njet_monoZ_sys_puWeightDown
Merging measMET_monoZ_catSignal-0jet_sys_PDFUp
Merging MT_monoZ_catSignal-0jet_sys_PDFUp
Merging measMET_monoZ_catEM_sys_PDFUp
Merging MT_monoZ_catEM_sys_PDFUp
Merging measMET_monoZ_catSignal-1jet_sys_PDFUp
Merging MT_monoZ_catSignal-1jet_sys_PDFUp
Merging measMET_monoZ_cat3L_sys_PDFUp
Merging MT_monoZ_cat3L_sys_PDFUp
Merging measMET_monoZ_cat4L_sys_PDFUp
Merging MT_monoZ_cat4L_sys_PDFUp
Merging measMET_monoZ_catNRB_sys_PDFUp
Merging MT_monoZ_catNRB_sys_PDFUp
Merging measMET_monoZ_catTOP_sys_PDFUp
Merging MT_monoZ_catTOP_sys_PDFUp
Merging measMET_monoZ_catDY_sys_PDFUp
Merging MT_monoZ_catDY_sys_PDFUp
Merging balance_monoZ_sys_PDFUp
Merging phizmet_monoZ_sys_PDFUp
Merging njet_monoZ_sys_PDFUp
Merging measMET_monoZ_catSignal-0jet_sys_PDFDown
Merging MT_monoZ_catSignal-0jet_sys_PDFDown
Merging measMET_monoZ_catEM_sys_PDFDown
Merging MT_monoZ_catEM_sys_PDFDown
Merging measMET_monoZ_catSignal-1jet_sys_PDFDown
Merging MT_monoZ_catSignal-1jet_sys_PDFDown
Merging measMET_monoZ_cat3L_sys_PDFDown
Merging MT_monoZ_cat3L_sys_PDFDown
Merging measMET_monoZ_cat4L_sys_PDFDown
Merging MT_monoZ_cat4L_sys_PDFDown
Merging measMET_monoZ_catNRB_sys_PDFDown
Merging MT_monoZ_catNRB_sys_PDFDown
Merging measMET_monoZ_catTOP_sys_PDFDown
Merging MT_monoZ_catTOP_sys_PDFDown
Merging measMET_monoZ_catDY_sys_PDFDown
Merging MT_monoZ_catDY_sys_PDFDown
Merging balance_monoZ_sys_PDFDown
Merging phizmet_monoZ_sys_PDFDown
Merging njet_monoZ_sys_PDFDown
Merging measMET_monoZ_catSignal-0jet_sys_MuonSFUp
Merging MT_monoZ_catSignal-0jet_sys_MuonSFUp
Merging measMET_monoZ_catEM_sys_MuonSFUp
Merging MT_monoZ_catEM_sys_MuonSFUp
Merging measMET_monoZ_catSignal-1jet_sys_MuonSFUp
Merging MT_monoZ_catSignal-1jet_sys_MuonSFUp
Merging measMET_monoZ_cat3L_sys_MuonSFUp
Merging MT_monoZ_cat3L_sys_MuonSFUp
Merging measMET_monoZ_cat4L_sys_MuonSFUp
Merging MT_monoZ_cat4L_sys_MuonSFUp
Merging measMET_monoZ_catNRB_sys_MuonSFUp
Merging MT_monoZ_catNRB_sys_MuonSFUp
Merging measMET_monoZ_catTOP_sys_MuonSFUp
Merging MT_monoZ_catTOP_sys_MuonSFUp
Merging measMET_monoZ_catDY_sys_MuonSFUp
Merging MT_monoZ_catDY_sys_MuonSFUp
Merging balance_monoZ_sys_MuonSFUp
Merging phizmet_monoZ_sys_MuonSFUp
Merging njet_monoZ_sys_MuonSFUp
Merging measMET_monoZ_catSignal-0jet_sys_MuonSFDown
Merging MT_monoZ_catSignal-0jet_sys_MuonSFDown
Merging measMET_monoZ_catEM_sys_MuonSFDown
Merging MT_monoZ_catEM_sys_MuonSFDown
Merging measMET_monoZ_catSignal-1jet_sys_MuonSFDown
Merging MT_monoZ_catSignal-1jet_sys_MuonSFDown
Merging measMET_monoZ_cat3L_sys_MuonSFDown
Merging MT_monoZ_cat3L_sys_MuonSFDown
Merging measMET_monoZ_cat4L_sys_MuonSFDown
Merging MT_monoZ_cat4L_sys_MuonSFDown
Merging measMET_monoZ_catNRB_sys_MuonSFDown
Merging MT_monoZ_catNRB_sys_MuonSFDown
Merging measMET_monoZ_catTOP_sys_MuonSFDown
Merging MT_monoZ_catTOP_sys_MuonSFDown
Merging measMET_monoZ_catDY_sys_MuonSFDown
Merging MT_monoZ_catDY_sys_MuonSFDown
Merging balance_monoZ_sys_MuonSFDown
Merging phizmet_monoZ_sys_MuonSFDown
Merging njet_monoZ_sys_MuonSFDown
Merging measMET_monoZ_catSignal-0jet_sys_ElecronSFUp
Merging MT_monoZ_catSignal-0jet_sys_ElecronSFUp
Merging measMET_monoZ_catEM_sys_ElecronSFUp
Merging MT_monoZ_catEM_sys_ElecronSFUp
Merging measMET_monoZ_catSignal-1jet_sys_ElecronSFUp
Merging MT_monoZ_catSignal-1jet_sys_ElecronSFUp
Merging measMET_monoZ_cat3L_sys_ElecronSFUp
Merging MT_monoZ_cat3L_sys_ElecronSFUp
Merging measMET_monoZ_cat4L_sys_ElecronSFUp
Merging MT_monoZ_cat4L_sys_ElecronSFUp
Merging measMET_monoZ_catNRB_sys_ElecronSFUp
Merging MT_monoZ_catNRB_sys_ElecronSFUp
Merging measMET_monoZ_catTOP_sys_ElecronSFUp
Merging MT_monoZ_catTOP_sys_ElecronSFUp
Merging measMET_monoZ_catDY_sys_ElecronSFUp
Merging MT_monoZ_catDY_sys_ElecronSFUp
Merging balance_monoZ_sys_ElecronSFUp
Merging phizmet_monoZ_sys_ElecronSFUp
Merging njet_monoZ_sys_ElecronSFUp
Merging measMET_monoZ_catSignal-0jet_sys_ElecronSFDown
Merging MT_monoZ_catSignal-0jet_sys_ElecronSFDown
Merging measMET_monoZ_catEM_sys_ElecronSFDown
Merging MT_monoZ_catEM_sys_ElecronSFDown
Merging measMET_monoZ_catSignal-1jet_sys_ElecronSFDown
Merging MT_monoZ_catSignal-1jet_sys_ElecronSFDown
Merging measMET_monoZ_cat3L_sys_ElecronSFDown
Merging MT_monoZ_cat3L_sys_ElecronSFDown
Merging measMET_monoZ_cat4L_sys_ElecronSFDown
Merging MT_monoZ_cat4L_sys_ElecronSFDown
Merging measMET_monoZ_catNRB_sys_ElecronSFDown
Merging MT_monoZ_catNRB_sys_ElecronSFDown
Merging measMET_monoZ_catTOP_sys_ElecronSFDown
Merging MT_monoZ_catTOP_sys_ElecronSFDown
Merging measMET_monoZ_catDY_sys_ElecronSFDown
Merging MT_monoZ_catDY_sys_ElecronSFDown
Merging balance_monoZ_sys_ElecronSFDown
Merging phizmet_monoZ_sys_ElecronSFDown
Merging njet_monoZ_sys_ElecronSFDown
Merging measMET_monoZ_catSignal-0jet_sys_EWKUp
Merging MT_monoZ_catSignal-0jet_sys_EWKUp
Merging measMET_monoZ_catEM_sys_EWKUp
Merging MT_monoZ_catEM_sys_EWKUp
Merging measMET_monoZ_catSignal-1jet_sys_EWKUp
Merging MT_monoZ_catSignal-1jet_sys_EWKUp
Merging measMET_monoZ_cat3L_sys_EWKUp
Merging MT_monoZ_cat3L_sys_EWKUp
Merging measMET_monoZ_cat4L_sys_EWKUp
Merging MT_monoZ_cat4L_sys_EWKUp
Merging measMET_monoZ_catNRB_sys_EWKUp
Merging MT_monoZ_catNRB_sys_EWKUp
Merging measMET_monoZ_catTOP_sys_EWKUp
Merging MT_monoZ_catTOP_sys_EWKUp
Merging measMET_monoZ_catDY_sys_EWKUp
Merging MT_monoZ_catDY_sys_EWKUp
Merging balance_monoZ_sys_EWKUp
Merging phizmet_monoZ_sys_EWKUp
Merging njet_monoZ_sys_EWKUp
Merging measMET_monoZ_catSignal-0jet_sys_EWKDown
Merging MT_monoZ_catSignal-0jet_sys_EWKDown
Merging measMET_monoZ_catEM_sys_EWKDown
Merging MT_monoZ_catEM_sys_EWKDown
Merging measMET_monoZ_catSignal-1jet_sys_EWKDown
Merging MT_monoZ_catSignal-1jet_sys_EWKDown
Merging measMET_monoZ_cat3L_sys_EWKDown
Merging MT_monoZ_cat3L_sys_EWKDown
Merging measMET_monoZ_cat4L_sys_EWKDown
Merging MT_monoZ_cat4L_sys_EWKDown
Merging measMET_monoZ_catNRB_sys_EWKDown
Merging MT_monoZ_catNRB_sys_EWKDown
Merging measMET_monoZ_catTOP_sys_EWKDown
Merging MT_monoZ_catTOP_sys_EWKDown
Merging measMET_monoZ_catDY_sys_EWKDown
Merging MT_monoZ_catDY_sys_EWKDown
Merging balance_monoZ_sys_EWKDown
Merging phizmet_monoZ_sys_EWKDown
Merging njet_monoZ_sys_EWKDown
Merging measMET_monoZ_catSignal-0jet_sys_nvtxWeightUp
Merging MT_monoZ_catSignal-0jet_sys_nvtxWeightUp
Merging measMET_monoZ_catEM_sys_nvtxWeightUp
Merging MT_monoZ_catEM_sys_nvtxWeightUp
Merging measMET_monoZ_catSignal-1jet_sys_nvtxWeightUp
Merging MT_monoZ_catSignal-1jet_sys_nvtxWeightUp
Merging measMET_monoZ_cat3L_sys_nvtxWeightUp
Merging MT_monoZ_cat3L_sys_nvtxWeightUp
Merging measMET_monoZ_cat4L_sys_nvtxWeightUp
Merging MT_monoZ_cat4L_sys_nvtxWeightUp
Merging measMET_monoZ_catNRB_sys_nvtxWeightUp
Merging MT_monoZ_catNRB_sys_nvtxWeightUp
Merging measMET_monoZ_catTOP_sys_nvtxWeightUp
Merging MT_monoZ_catTOP_sys_nvtxWeightUp
Merging measMET_monoZ_catDY_sys_nvtxWeightUp
Merging MT_monoZ_catDY_sys_nvtxWeightUp
Merging balance_monoZ_sys_nvtxWeightUp
Merging phizmet_monoZ_sys_nvtxWeightUp
Merging njet_monoZ_sys_nvtxWeightUp
Merging measMET_monoZ_catSignal-0jet_sys_nvtxWeightDown
Merging MT_monoZ_catSignal-0jet_sys_nvtxWeightDown
Merging measMET_monoZ_catEM_sys_nvtxWeightDown
Merging MT_monoZ_catEM_sys_nvtxWeightDown
Merging measMET_monoZ_catSignal-1jet_sys_nvtxWeightDown
Merging MT_monoZ_catSignal-1jet_sys_nvtxWeightDown
Merging measMET_monoZ_cat3L_sys_nvtxWeightDown
Merging MT_monoZ_cat3L_sys_nvtxWeightDown
Merging measMET_monoZ_cat4L_sys_nvtxWeightDown
Merging MT_monoZ_cat4L_sys_nvtxWeightDown
Merging measMET_monoZ_catNRB_sys_nvtxWeightDown
Merging MT_monoZ_catNRB_sys_nvtxWeightDown
Merging measMET_monoZ_catTOP_sys_nvtxWeightDown
Merging MT_monoZ_catTOP_sys_nvtxWeightDown
Merging measMET_monoZ_catDY_sys_nvtxWeightDown
Merging MT_monoZ_catDY_sys_nvtxWeightDown
Merging balance_monoZ_sys_nvtxWeightDown
Merging phizmet_monoZ_sys_nvtxWeightDown
Merging njet_monoZ_sys_nvtxWeightDown
Merging measMET_monoZ_catSignal-0jet_sys_TriggerSFWeightUp
Merging MT_monoZ_catSignal-0jet_sys_TriggerSFWeightUp
Merging measMET_monoZ_catEM_sys_TriggerSFWeightUp
Merging MT_monoZ_catEM_sys_TriggerSFWeightUp
Merging measMET_monoZ_catSignal-1jet_sys_TriggerSFWeightUp
Merging MT_monoZ_catSignal-1jet_sys_TriggerSFWeightUp
Merging measMET_monoZ_cat3L_sys_TriggerSFWeightUp
Merging MT_monoZ_cat3L_sys_TriggerSFWeightUp
Merging measMET_monoZ_cat4L_sys_TriggerSFWeightUp
Merging MT_monoZ_cat4L_sys_TriggerSFWeightUp
Merging measMET_monoZ_catNRB_sys_TriggerSFWeightUp
Merging MT_monoZ_catNRB_sys_TriggerSFWeightUp
Merging measMET_monoZ_catTOP_sys_TriggerSFWeightUp
Merging MT_monoZ_catTOP_sys_TriggerSFWeightUp
Merging measMET_monoZ_catDY_sys_TriggerSFWeightUp
Merging MT_monoZ_catDY_sys_TriggerSFWeightUp
Merging balance_monoZ_sys_TriggerSFWeightUp
Merging phizmet_monoZ_sys_TriggerSFWeightUp
Merging njet_monoZ_sys_TriggerSFWeightUp
Merging measMET_monoZ_catSignal-0jet_sys_TriggerSFWeightDown
Merging MT_monoZ_catSignal-0jet_sys_TriggerSFWeightDown
Merging measMET_monoZ_catEM_sys_TriggerSFWeightDown
Merging MT_monoZ_catEM_sys_TriggerSFWeightDown
Merging measMET_monoZ_catSignal-1jet_sys_TriggerSFWeightDown
Merging MT_monoZ_catSignal-1jet_sys_TriggerSFWeightDown
Merging measMET_monoZ_cat3L_sys_TriggerSFWeightDown
Merging MT_monoZ_cat3L_sys_TriggerSFWeightDown
Merging measMET_monoZ_cat4L_sys_TriggerSFWeightDown
Merging MT_monoZ_cat4L_sys_TriggerSFWeightDown
Merging measMET_monoZ_catNRB_sys_TriggerSFWeightDown
Merging MT_monoZ_catNRB_sys_TriggerSFWeightDown
Merging measMET_monoZ_catTOP_sys_TriggerSFWeightDown
Merging MT_monoZ_catTOP_sys_TriggerSFWeightDown
Merging measMET_monoZ_catDY_sys_TriggerSFWeightDown
Merging MT_monoZ_catDY_sys_TriggerSFWeightDown
Merging balance_monoZ_sys_TriggerSFWeightDown
Merging phizmet_monoZ_sys_TriggerSFWeightDown
Merging njet_monoZ_sys_TriggerSFWeightDown
Merging measMET_monoZ_catSignal-0jet_sys_btagEventWeightUp
Merging MT_monoZ_catSignal-0jet_sys_btagEventWeightUp
Merging measMET_monoZ_catEM_sys_btagEventWeightUp
Merging MT_monoZ_catEM_sys_btagEventWeightUp
Merging measMET_monoZ_catSignal-1jet_sys_btagEventWeightUp
Merging MT_monoZ_catSignal-1jet_sys_btagEventWeightUp
Merging measMET_monoZ_cat3L_sys_btagEventWeightUp
Merging MT_monoZ_cat3L_sys_btagEventWeightUp
Merging measMET_monoZ_cat4L_sys_btagEventWeightUp
Merging MT_monoZ_cat4L_sys_btagEventWeightUp
Merging measMET_monoZ_catNRB_sys_btagEventWeightUp
Merging MT_monoZ_catNRB_sys_btagEventWeightUp
Merging measMET_monoZ_catTOP_sys_btagEventWeightUp
Merging MT_monoZ_catTOP_sys_btagEventWeightUp
Merging measMET_monoZ_catDY_sys_btagEventWeightUp
Merging MT_monoZ_catDY_sys_btagEventWeightUp
Merging balance_monoZ_sys_btagEventWeightUp
Merging phizmet_monoZ_sys_btagEventWeightUp
Merging njet_monoZ_sys_btagEventWeightUp
Merging measMET_monoZ_catSignal-0jet_sys_btagEventWeightDown
Merging MT_monoZ_catSignal-0jet_sys_btagEventWeightDown
Merging measMET_monoZ_catEM_sys_btagEventWeightDown
Merging MT_monoZ_catEM_sys_btagEventWeightDown
Merging measMET_monoZ_catSignal-1jet_sys_btagEventWeightDown
Merging MT_monoZ_catSignal-1jet_sys_btagEventWeightDown
Merging measMET_monoZ_cat3L_sys_btagEventWeightDown
Merging MT_monoZ_cat3L_sys_btagEventWeightDown
Merging measMET_monoZ_cat4L_sys_btagEventWeightDown
Merging MT_monoZ_cat4L_sys_btagEventWeightDown
Merging measMET_monoZ_catNRB_sys_btagEventWeightDown
Merging MT_monoZ_catNRB_sys_btagEventWeightDown
Merging measMET_monoZ_catTOP_sys_btagEventWeightDown
Merging MT_monoZ_catTOP_sys_btagEventWeightDown
Merging measMET_monoZ_catDY_sys_btagEventWeightDown
Merging MT_monoZ_catDY_sys_btagEventWeightDown
Merging balance_monoZ_sys_btagEventWeightDown
Merging phizmet_monoZ_sys_btagEventWeightDown
Merging njet_monoZ_sys_btagEventWeightDown
Merging measMET_monoZ_catSignal-0jet_sys_QCDScale0wUp
Merging MT_monoZ_catSignal-0jet_sys_QCDScale0wUp
Merging measMET_monoZ_catEM_sys_QCDScale0wUp
Merging MT_monoZ_catEM_sys_QCDScale0wUp
Merging measMET_monoZ_catSignal-1jet_sys_QCDScale0wUp
Merging MT_monoZ_catSignal-1jet_sys_QCDScale0wUp
Merging measMET_monoZ_cat3L_sys_QCDScale0wUp
Merging MT_monoZ_cat3L_sys_QCDScale0wUp
Merging measMET_monoZ_cat4L_sys_QCDScale0wUp
Merging MT_monoZ_cat4L_sys_QCDScale0wUp
Merging measMET_monoZ_catNRB_sys_QCDScale0wUp
Merging MT_monoZ_catNRB_sys_QCDScale0wUp
Merging measMET_monoZ_catTOP_sys_QCDScale0wUp
Merging MT_monoZ_catTOP_sys_QCDScale0wUp
Merging measMET_monoZ_catDY_sys_QCDScale0wUp
Merging MT_monoZ_catDY_sys_QCDScale0wUp
Merging balance_monoZ_sys_QCDScale0wUp
Merging phizmet_monoZ_sys_QCDScale0wUp
Merging njet_monoZ_sys_QCDScale0wUp
Merging measMET_monoZ_catSignal-0jet_sys_QCDScale0wDown
Merging MT_monoZ_catSignal-0jet_sys_QCDScale0wDown
Merging measMET_monoZ_catEM_sys_QCDScale0wDown
Merging MT_monoZ_catEM_sys_QCDScale0wDown
Merging measMET_monoZ_catSignal-1jet_sys_QCDScale0wDown
Merging MT_monoZ_catSignal-1jet_sys_QCDScale0wDown
Merging measMET_monoZ_cat3L_sys_QCDScale0wDown
Merging MT_monoZ_cat3L_sys_QCDScale0wDown
Merging measMET_monoZ_cat4L_sys_QCDScale0wDown
Merging MT_monoZ_cat4L_sys_QCDScale0wDown
Merging measMET_monoZ_catNRB_sys_QCDScale0wDown
Merging MT_monoZ_catNRB_sys_QCDScale0wDown
Merging measMET_monoZ_catTOP_sys_QCDScale0wDown
Merging MT_monoZ_catTOP_sys_QCDScale0wDown
Merging measMET_monoZ_catDY_sys_QCDScale0wDown
Merging MT_monoZ_catDY_sys_QCDScale0wDown
Merging balance_monoZ_sys_QCDScale0wDown
Merging phizmet_monoZ_sys_QCDScale0wDown
Merging njet_monoZ_sys_QCDScale0wDown
Merging measMET_monoZ_catSignal-0jet_sys_QCDScale1wUp
Merging MT_monoZ_catSignal-0jet_sys_QCDScale1wUp
Merging measMET_monoZ_catEM_sys_QCDScale1wUp
Merging MT_monoZ_catEM_sys_QCDScale1wUp
Merging measMET_monoZ_catSignal-1jet_sys_QCDScale1wUp
Merging MT_monoZ_catSignal-1jet_sys_QCDScale1wUp
Merging measMET_monoZ_cat3L_sys_QCDScale1wUp
Merging MT_monoZ_cat3L_sys_QCDScale1wUp
Merging measMET_monoZ_cat4L_sys_QCDScale1wUp
Merging MT_monoZ_cat4L_sys_QCDScale1wUp
Merging measMET_monoZ_catNRB_sys_QCDScale1wUp
Merging MT_monoZ_catNRB_sys_QCDScale1wUp
Merging measMET_monoZ_catTOP_sys_QCDScale1wUp
Merging MT_monoZ_catTOP_sys_QCDScale1wUp
Merging measMET_monoZ_catDY_sys_QCDScale1wUp
Merging MT_monoZ_catDY_sys_QCDScale1wUp
Merging balance_monoZ_sys_QCDScale1wUp
Merging phizmet_monoZ_sys_QCDScale1wUp
Merging njet_monoZ_sys_QCDScale1wUp
Merging measMET_monoZ_catSignal-0jet_sys_QCDScale1wDown
Merging MT_monoZ_catSignal-0jet_sys_QCDScale1wDown
Merging measMET_monoZ_catEM_sys_QCDScale1wDown
Merging MT_monoZ_catEM_sys_QCDScale1wDown
Merging measMET_monoZ_catSignal-1jet_sys_QCDScale1wDown
Merging MT_monoZ_catSignal-1jet_sys_QCDScale1wDown
Merging measMET_monoZ_cat3L_sys_QCDScale1wDown
Merging MT_monoZ_cat3L_sys_QCDScale1wDown
Merging measMET_monoZ_cat4L_sys_QCDScale1wDown
Merging MT_monoZ_cat4L_sys_QCDScale1wDown
Merging measMET_monoZ_catNRB_sys_QCDScale1wDown
Merging MT_monoZ_catNRB_sys_QCDScale1wDown
Merging measMET_monoZ_catTOP_sys_QCDScale1wDown
Merging MT_monoZ_catTOP_sys_QCDScale1wDown
Merging measMET_monoZ_catDY_sys_QCDScale1wDown
Merging MT_monoZ_catDY_sys_QCDScale1wDown
Merging balance_monoZ_sys_QCDScale1wDown
Merging phizmet_monoZ_sys_QCDScale1wDown
Merging njet_monoZ_sys_QCDScale1wDown
Merging measMET_monoZ_catSignal-0jet_sys_QCDScale2wUp
Merging MT_monoZ_catSignal-0jet_sys_QCDScale2wUp
Merging measMET_monoZ_catEM_sys_QCDScale2wUp
Merging MT_monoZ_catEM_sys_QCDScale2wUp
Merging measMET_monoZ_catSignal-1jet_sys_QCDScale2wUp
Merging MT_monoZ_catSignal-1jet_sys_QCDScale2wUp
Merging measMET_monoZ_cat3L_sys_QCDScale2wUp
Merging MT_monoZ_cat3L_sys_QCDScale2wUp
Merging measMET_monoZ_cat4L_sys_QCDScale2wUp
Merging MT_monoZ_cat4L_sys_QCDScale2wUp
Merging measMET_monoZ_catNRB_sys_QCDScale2wUp
Merging MT_monoZ_catNRB_sys_QCDScale2wUp
Merging measMET_monoZ_catTOP_sys_QCDScale2wUp
Merging MT_monoZ_catTOP_sys_QCDScale2wUp
Merging measMET_monoZ_catDY_sys_QCDScale2wUp
Merging MT_monoZ_catDY_sys_QCDScale2wUp
Merging balance_monoZ_sys_QCDScale2wUp
Merging phizmet_monoZ_sys_QCDScale2wUp
Merging njet_monoZ_sys_QCDScale2wUp
Merging measMET_monoZ_catSignal-0jet_sys_QCDScale2wDown
Merging MT_monoZ_catSignal-0jet_sys_QCDScale2wDown
Merging measMET_monoZ_catEM_sys_QCDScale2wDown
Merging MT_monoZ_catEM_sys_QCDScale2wDown
Merging measMET_monoZ_catSignal-1jet_sys_QCDScale2wDown
Merging MT_monoZ_catSignal-1jet_sys_QCDScale2wDown
Merging measMET_monoZ_cat3L_sys_QCDScale2wDown
Merging MT_monoZ_cat3L_sys_QCDScale2wDown
Merging measMET_monoZ_cat4L_sys_QCDScale2wDown
Merging MT_monoZ_cat4L_sys_QCDScale2wDown
Merging measMET_monoZ_catNRB_sys_QCDScale2wDown
Merging MT_monoZ_catNRB_sys_QCDScale2wDown
Merging measMET_monoZ_catTOP_sys_QCDScale2wDown
Merging MT_monoZ_catTOP_sys_QCDScale2wDown
Merging measMET_monoZ_catDY_sys_QCDScale2wDown
Merging MT_monoZ_catDY_sys_QCDScale2wDown
Merging balance_monoZ_sys_QCDScale2wDown
Merging phizmet_monoZ_sys_QCDScale2wDown
Merging njet_monoZ_sys_QCDScale2wDown
Merging Events
Merging Runs
Merging ParameterSets
Merging LuminosityBlocks
Merging MetaData
Merging measMET_TTTo2L2Nu_TuneCP5_13TeV-powheg-pythia8_catDY
Merging measMET_TTTo2L2Nu_TuneCP5_13TeV-powheg-pythia8_catTOP_sys_ElectronEnUp
Merging MT_TTTo2L2Nu_TuneCP5_13TeV-powheg-pythia8_catTOP_sys_PDFDown
Merging measMET_TTTo2L2Nu_TuneCP5_13TeV-powheg-pythia8_cat4L_sys_EWKDown
Merging measMET_TTTo2L2Nu_TuneCP5_13TeV-powheg-pythia8_catEM_sys_MuonSFDown
Merging MT_TTTo2L2Nu_TuneCP5_13TeV-powheg-pythia8_catSignal-1jet_sys_jesTotalUp
Merging MT_TTTo2L2Nu_TuneCP5_13TeV-powheg-pythia8_cat4L_sys_QCDScale1wUp
Merging phizmet_TTTo2L2Nu_TuneCP5_13TeV-powheg-pythia8_sys_btagEventWeightUp
Merging measMET_TTTo2L2Nu_TuneCP5_13TeV-powheg-pythia8_catSignal-1jet_sys_puWeightUp
Merging measMET_TTTo2L2Nu_TuneCP5_13TeV-powheg-pythia8_cat4L_sys_ElectronEnDown
Merging measMET_TTTo2L2Nu_TuneCP5_13TeV-powheg-pythia8_catSignal-1jet_sys_MuonSFDown
Merging measMET_TTTo2L2Nu_TuneCP5_13TeV-powheg-pythia8_catNRB
Merging measMET_TTTo2L2Nu_TuneCP5_13TeV-powheg-pythia8_catSignal-1jet_sys_PDFUp
Merging MT_TTTo2L2Nu_TuneCP5_13TeV-powheg-pythia8_cat3L_sys_QCDScale0wUp
Merging measMET_TTTo2L2Nu_TuneCP5_13TeV-powheg-pythia8_catTOP_sys_jesTotalDown
Merging MT_TTTo2L2Nu_TuneCP5_13TeV-powheg-pythia8_catDY_sys_ElectronEnUp
Merging MT_TTTo2L2Nu_TuneCP5_13TeV-powheg-pythia8_catEM_sys_QCDScale0wUp
Merging phizmet_TTTo2L2Nu_TuneCP5_13TeV-powheg-pythia8_sys_TriggerSFWeightUp
Merging measMET_TTTo2L2Nu_TuneCP5_13TeV-powheg-pythia8_catSignal-1jet_sys_btagEventWeightDown
Merging MT_TTTo2L2Nu_TuneCP5_13TeV-powheg-pythia8_catTOP_sys_ElectronEnDown
Merging MT_TTTo2L2Nu_TuneCP5_13TeV-powheg-pythia8_catEM_sys_jesTotalUp
Merging MT_TTTo2L2Nu_TuneCP5_13TeV-powheg-pythia8_catSignal-0jet_sys_PDFUp
Merging phizmet_TTTo2L2Nu_TuneCP5_13TeV-powheg-pythia8_sys_MuonEnDown
Merging measMET_TTTo2L2Nu_TuneCP5_13TeV-powheg-pythia8_cat4L_sys_PrefireWeightUp
Merging MT_TTTo2L2Nu_TuneCP5_13TeV-powheg-pythia8_cat4L_sys_QCDScale1wDown
Merging njet_TTTo2L2Nu_TuneCP5_13TeV-powheg-pythia8_sys_jesTotalUp
Merging MT_TTTo2L2Nu_TuneCP5_13TeV-powheg-pythia8_catNRB_sys_MuonEnUp
Merging measMET_TTTo2L2Nu_TuneCP5_13TeV-powheg-pythia8_catTOP_sys_MuonSFUp
Merging measMET_TTTo2L2Nu_TuneCP5_13TeV-powheg-pythia8_cat3L_sys_QCDScale0wDown
Merging measMET_TTTo2L2Nu_TuneCP5_13TeV-powheg-pythia8_catTOP_sys_PDFUp
Merging measMET_TTTo2L2Nu_TuneCP5_13TeV-powheg-pythia8_cat3L_sys_PDFDown
Merging measMET_TTTo2L2Nu_TuneCP5_13TeV-powheg-pythia8_cat4L_sys_EWKUp
Merging MT_TTTo2L2Nu_TuneCP5_13TeV-powheg-pythia8_catTOP_sys_QCDScale2wDown
Merging measMET_TTTo2L2Nu_TuneCP5_13TeV-powheg-pythia8_catSignal-1jet_sys_ElecronSFUp
Merging MT_TTTo2L2Nu_TuneCP5_13TeV-powheg-pythia8_catSignal-0jet_sys_MuonEnUp
Merging measMET_TTTo2L2Nu_TuneCP5_13TeV-powheg-pythia8_catSignal-0jet_sys_jerUp
Merging measMET_TTTo2L2Nu_TuneCP5_13TeV-powheg-pythia8_catSignal-1jet_sys_nvtxWeightUp
Merging measMET_TTTo2L2Nu_TuneCP5_13TeV-powheg-pythia8_catSignal-1jet_sys_EWKUp
Merging phizmet_TTTo2L2Nu_TuneCP5_13TeV-powheg-pythia8_sys_TriggerSFWeightDown
Merging MT_TTTo2L2Nu_TuneCP5_13TeV-powheg-pythia8_cat3L_sys_QCDScale2wUp
Merging measMET_TTTo2L2Nu_TuneCP5_13TeV-powheg-pythia8_catSignal-0jet
Merging MT_TTTo2L2Nu_TuneCP5_13TeV-powheg-pythia8_cat4L_sys_jesTotalDown
Merging MT_TTTo2L2Nu_TuneCP5_13TeV-powheg-pythia8_catEM_sys_QCDScale0wDown
Merging measMET_TTTo2L2Nu_TuneCP5_13TeV-powheg-pythia8_cat3L
Merging njet_TTTo2L2Nu_TuneCP5_13TeV-powheg-pythia8_sys_MuonSFDown
Merging MT_TTTo2L2Nu_TuneCP5_13TeV-powheg-pythia8_cat4L_sys_jerDown
Merging MT_TTTo2L2Nu_TuneCP5_13TeV-powheg-pythia8_catSignal-0jet_sys_TriggerSFWeightUp
Merging MT_TTTo2L2Nu_TuneCP5_13TeV-powheg-pythia8_catSignal-0jet_sys_puWeightDown
Merging MT_TTTo2L2Nu_TuneCP5_13TeV-powheg-pythia8_catSignal-1jet_sys_EWKDown
Merging MT_TTTo2L2Nu_TuneCP5_13TeV-powheg-pythia8_catTOP_sys_ElecronSFUp
Merging measMET_TTTo2L2Nu_TuneCP5_13TeV-powheg-pythia8_catSignal-1jet_sys_MuonEnDown
Merging measMET_TTTo2L2Nu_TuneCP5_13TeV-powheg-pythia8_cat3L_sys_MuonSFDown
Merging MT_TTTo2L2Nu_TuneCP5_13TeV-powheg-pythia8_catNRB
Merging MT_TTTo2L2Nu_TuneCP5_13TeV-powheg-pythia8_catDY_sys_puWeightDown
Merging measMET_TTTo2L2Nu_TuneCP5_13TeV-powheg-pythia8_catEM_sys_PDFDown
Merging MT_TTTo2L2Nu_TuneCP5_13TeV-powheg-pythia8_catSignal-0jet_sys_QCDScale0wDown
Merging measMET_TTTo2L2Nu_TuneCP5_13TeV-powheg-pythia8_catSignal-1jet_sys_ElectronEnDown
Merging MT_TTTo2L2Nu_TuneCP5_13TeV-powheg-pythia8_catDY_sys_btagEventWeightDown
Merging MT_TTTo2L2Nu_TuneCP5_13TeV-powheg-pythia8_catSignal-1jet_sys_PDFDown
Merging MT_TTTo2L2Nu_TuneCP5_13TeV-powheg-pythia8_catNRB_sys_ElecronSFDown
Merging MT_TTTo2L2Nu_TuneCP5_13TeV-powheg-pythia8_cat3L_sys_ElectronEnUp
Merging MT_TTTo2L2Nu_TuneCP5_13TeV-powheg-pythia8_cat4L_sys_ElectronEnDown
Merging MT_TTTo2L2Nu_TuneCP5_13TeV-powheg-pythia8_catEM_sys_ElectronEnUp
Merging balance_TTTo2L2Nu_TuneCP5_13TeV-powheg-pythia8_sys_QCDScale0wUp
Merging MT_TTTo2L2Nu_TuneCP5_13TeV-powheg-pythia8_catDY_sys_EWKDown
Merging measMET_TTTo2L2Nu_TuneCP5_13TeV-powheg-pythia8_catDY_sys_QCDScale0wUp
Merging measMET_TTTo2L2Nu_TuneCP5_13TeV-powheg-pythia8_catSignal-0jet_sys_ElecronSFDown
Merging MT_TTTo2L2Nu_TuneCP5_13TeV-powheg-pythia8_catEM_sys_MuonSFUp
Merging measMET_TTTo2L2Nu_TuneCP5_13TeV-powheg-pythia8_catNRB_sys_ElectronEnDown
Merging MT_TTTo2L2Nu_TuneCP5_13TeV-powheg-pythia8_catEM_sys_EWKDown
Merging measMET_TTTo2L2Nu_TuneCP5_13TeV-powheg-pythia8_catDY_sys_jesTotalDown
Merging balance_TTTo2L2Nu_TuneCP5_13TeV-powheg-pythia8_sys_QCDScale2wDown
Merging MT_TTTo2L2Nu_TuneCP5_13TeV-powheg-pythia8_catSignal-1jet_sys_EWKUp
Merging measMET_TTTo2L2Nu_TuneCP5_13TeV-powheg-pythia8_catSignal-1jet_sys_TriggerSFWeightDown
Merging measMET_TTTo2L2Nu_TuneCP5_13TeV-powheg-pythia8_catTOP_sys_QCDScale0wDown
Merging phizmet_TTTo2L2Nu_TuneCP5_13TeV-powheg-pythia8_sys_PrefireWeightDown
Merging measMET_TTTo2L2Nu_TuneCP5_13TeV-powheg-pythia8_cat3L_sys_nvtxWeightUp
Merging MT_TTTo2L2Nu_TuneCP5_13TeV-powheg-pythia8_catDY_sys_ElecronSFDown
Merging MT_TTTo2L2Nu_TuneCP5_13TeV-powheg-pythia8_catNRB_sys_EWKUp
Merging measMET_TTTo2L2Nu_TuneCP5_13TeV-powheg-pythia8_catSignal-0jet_sys_MuonSFUp
Merging measMET_TTTo2L2Nu_TuneCP5_13TeV-powheg-pythia8_catTOP_sys_PDFDown
Merging measMET_TTTo2L2Nu_TuneCP5_13TeV-powheg-pythia8_catNRB_sys_puWeightUp
Merging measMET_TTTo2L2Nu_TuneCP5_13TeV-powheg-pythia8_catDY_sys_ElectronEnDown
Merging measMET_TTTo2L2Nu_TuneCP5_13TeV-powheg-pythia8_catSignal-0jet_sys_btagEventWeightDown
Merging measMET_TTTo2L2Nu_TuneCP5_13TeV-powheg-pythia8_catNRB_sys_jesTotalDown
Merging MT_TTTo2L2Nu_TuneCP5_13TeV-powheg-pythia8_catTOP
Merging balance_TTTo2L2Nu_TuneCP5_13TeV-powheg-pythia8_sys_nvtxWeightUp
Merging measMET_TTTo2L2Nu_TuneCP5_13TeV-powheg-pythia8_catDY_sys_QCDScale2wDown
Merging MT_TTTo2L2Nu_TuneCP5_13TeV-powheg-pythia8_cat4L_sys_QCDScale2wDown
Merging measMET_TTTo2L2Nu_TuneCP5_13TeV-powheg-pythia8_catSignal-0jet_sys_EWKUp
Merging MT_TTTo2L2Nu_TuneCP5_13TeV-powheg-pythia8_catTOP_sys_ElecronSFDown
Merging measMET_TTTo2L2Nu_TuneCP5_13TeV-powheg-pythia8_catDY_sys_btagEventWeightUp
Merging balance_TTTo2L2Nu_TuneCP5_13TeV-powheg-pythia8_sys_ElectronEnUp
Merging MT_TTTo2L2Nu_TuneCP5_13TeV-powheg-pythia8_catSignal-0jet_sys_jerDown
Merging measMET_TTTo2L2Nu_TuneCP5_13TeV-powheg-pythia8_catEM_sys_jesTotalUp
Merging measMET_TTTo2L2Nu_TuneCP5_13TeV-powheg-pythia8_catEM_sys_MuonEnUp
Merging measMET_TTTo2L2Nu_TuneCP5_13TeV-powheg-pythia8_catEM_sys_ElectronEnDown
Merging MT_TTTo2L2Nu_TuneCP5_13TeV-powheg-pythia8_catDY_sys_jesTotalDown
Merging MT_TTTo2L2Nu_TuneCP5_13TeV-powheg-pythia8_catEM_sys_btagEventWeightUp
Merging balance_TTTo2L2Nu_TuneCP5_13TeV-powheg-pythia8_sys_PrefireWeightUp
Merging measMET_TTTo2L2Nu_TuneCP5_13TeV-powheg-pythia8_catSignal-0jet_sys_PDFUp
Merging measMET_TTTo2L2Nu_TuneCP5_13TeV-powheg-pythia8_catSignal-0jet_sys_nvtxWeightDown
Merging balance_TTTo2L2Nu_TuneCP5_13TeV-powheg-pythia8_sys_MuonEnDown
Merging MT_TTTo2L2Nu_TuneCP5_13TeV-powheg-pythia8_cat3L_sys_PDFUp
Merging MT_TTTo2L2Nu_TuneCP5_13TeV-powheg-pythia8_cat3L_sys_jesTotalDown
Merging measMET_TTTo2L2Nu_TuneCP5_13TeV-powheg-pythia8_catSignal-1jet_sys_PrefireWeightUp
Merging measMET_TTTo2L2Nu_TuneCP5_13TeV-powheg-pythia8_catSignal-1jet_sys_QCDScale2wUp
Merging MT_TTTo2L2Nu_TuneCP5_13TeV-powheg-pythia8_cat4L_sys_jerUp
Merging MT_TTTo2L2Nu_TuneCP5_13TeV-powheg-pythia8_catSignal-0jet_sys_QCDScale1wUp
Merging MT_TTTo2L2Nu_TuneCP5_13TeV-powheg-pythia8_catSignal-0jet
Merging njet_TTTo2L2Nu_TuneCP5_13TeV-powheg-pythia8_sys_jerDown
Merging MT_TTTo2L2Nu_TuneCP5_13TeV-powheg-pythia8_catSignal-1jet_sys_jerDown
Merging MT_TTTo2L2Nu_TuneCP5_13TeV-powheg-pythia8_catSignal-1jet_sys_jesTotalDown
Merging measMET_TTTo2L2Nu_TuneCP5_13TeV-powheg-pythia8_cat3L_sys_QCDScale1wUp
Merging MT_TTTo2L2Nu_TuneCP5_13TeV-powheg-pythia8_catDY_sys_TriggerSFWeightUp
Merging measMET_TTTo2L2Nu_TuneCP5_13TeV-powheg-pythia8_catEM_sys_puWeightDown
Merging autoPU
Merging measMET_TTTo2L2Nu_TuneCP5_13TeV-powheg-pythia8_catSignal-0jet_sys_jerDown
Merging MT_TTTo2L2Nu_TuneCP5_13TeV-powheg-pythia8_catEM_sys_MuonEnUp
Merging MT_TTTo2L2Nu_TuneCP5_13TeV-powheg-pythia8_catSignal-0jet_sys_MuonEnDown
Merging measMET_TTTo2L2Nu_TuneCP5_13TeV-powheg-pythia8_cat4L_sys_PDFUp
Merging phizmet_TTTo2L2Nu_TuneCP5_13TeV-powheg-pythia8_sys_btagEventWeightDown
Merging measMET_TTTo2L2Nu_TuneCP5_13TeV-powheg-pythia8_catDY_sys_MuonSFUp
Merging measMET_TTTo2L2Nu_TuneCP5_13TeV-powheg-pythia8_catNRB_sys_EWKDown
Merging phizmet_TTTo2L2Nu_TuneCP5_13TeV-powheg-pythia8_sys_MuonSFDown
Merging measMET_TTTo2L2Nu_TuneCP5_13TeV-powheg-pythia8_cat3L_sys_btagEventWeightUp
Merging MT_TTTo2L2Nu_TuneCP5_13TeV-powheg-pythia8_cat3L_sys_EWKUp
Merging measMET_TTTo2L2Nu_TuneCP5_13TeV-powheg-pythia8_catDY_sys_PDFDown
Merging measMET_TTTo2L2Nu_TuneCP5_13TeV-powheg-pythia8_catTOP_sys_btagEventWeightDown
Merging measMET_TTTo2L2Nu_TuneCP5_13TeV-powheg-pythia8_catSignal-0jet_sys_PrefireWeightUp
Merging measMET_TTTo2L2Nu_TuneCP5_13TeV-powheg-pythia8_cat4L_sys_jerDown
Merging balance_TTTo2L2Nu_TuneCP5_13TeV-powheg-pythia8_sys_QCDScale1wDown
Merging measMET_TTTo2L2Nu_TuneCP5_13TeV-powheg-pythia8_cat3L_sys_QCDScale1wDown
Merging MT_TTTo2L2Nu_TuneCP5_13TeV-powheg-pythia8_catSignal-1jet_sys_QCDScale2wUp
Merging measMET_TTTo2L2Nu_TuneCP5_13TeV-powheg-pythia8_cat3L_sys_jesTotalDown
Merging balance_TTTo2L2Nu_TuneCP5_13TeV-powheg-pythia8_sys_TriggerSFWeightUp
Merging measMET_TTTo2L2Nu_TuneCP5_13TeV-powheg-pythia8_cat3L_sys_ElecronSFUp
Merging measMET_TTTo2L2Nu_TuneCP5_13TeV-powheg-pythia8_catNRB_sys_QCDScale1wUp
Merging phizmet_TTTo2L2Nu_TuneCP5_13TeV-powheg-pythia8_sys_QCDScale0wDown
Merging measMET_TTTo2L2Nu_TuneCP5_13TeV-powheg-pythia8_catTOP_sys_ElecronSFDown
Merging measMET_TTTo2L2Nu_TuneCP5_13TeV-powheg-pythia8_catTOP_sys_PrefireWeightDown
Merging MT_TTTo2L2Nu_TuneCP5_13TeV-powheg-pythia8_cat4L_sys_MuonEnUp
Merging MT_TTTo2L2Nu_TuneCP5_13TeV-powheg-pythia8_cat4L_sys_MuonSFDown
Merging MT_TTTo2L2Nu_TuneCP5_13TeV-powheg-pythia8_cat3L_sys_ElectronEnDown
Merging measMET_TTTo2L2Nu_TuneCP5_13TeV-powheg-pythia8_catTOP_sys_jerUp
Merging measMET_TTTo2L2Nu_TuneCP5_13TeV-powheg-pythia8_catSignal-0jet_sys_EWKDown
Merging MT_TTTo2L2Nu_TuneCP5_13TeV-powheg-pythia8_catNRB_sys_EWKDown
Merging balance_TTTo2L2Nu_TuneCP5_13TeV-powheg-pythia8_sys_btagEventWeightUp
Merging measMET_TTTo2L2Nu_TuneCP5_13TeV-powheg-pythia8_catTOP_sys_jesTotalUp
Merging phizmet_TTTo2L2Nu_TuneCP5_13TeV-powheg-pythia8_sys_EWKUp
Merging measMET_TTTo2L2Nu_TuneCP5_13TeV-powheg-pythia8_cat3L_sys_nvtxWeightDown
Merging measMET_TTTo2L2Nu_TuneCP5_13TeV-powheg-pythia8_catEM_sys_MuonSFUp
Merging measMET_TTTo2L2Nu_TuneCP5_13TeV-powheg-pythia8_catEM_sys_PrefireWeightUp
Merging MT_TTTo2L2Nu_TuneCP5_13TeV-powheg-pythia8_catSignal-1jet_sys_MuonEnDown
Merging njet_TTTo2L2Nu_TuneCP5_13TeV-powheg-pythia8_sys_MuonEnDown
Merging MT_TTTo2L2Nu_TuneCP5_13TeV-powheg-pythia8_catTOP_sys_QCDScale0wUp
Merging measMET_TTTo2L2Nu_TuneCP5_13TeV-powheg-pythia8_catSignal-0jet_sys_QCDScale1wUp
Merging MT_TTTo2L2Nu_TuneCP5_13TeV-powheg-pythia8_cat3L_sys_ElecronSFDown
Merging measMET_TTTo2L2Nu_TuneCP5_13TeV-powheg-pythia8_catNRB_sys_btagEventWeightDown
Merging measMET_TTTo2L2Nu_TuneCP5_13TeV-powheg-pythia8_catSignal-0jet_sys_PDFDown
Merging MT_TTTo2L2Nu_TuneCP5_13TeV-powheg-pythia8_cat4L_sys_EWKDown
Merging measMET_TTTo2L2Nu_TuneCP5_13TeV-powheg-pythia8_cat3L_sys_jerUp
Merging measMET_TTTo2L2Nu_TuneCP5_13TeV-powheg-pythia8_cat4L_sys_btagEventWeightDown
Merging MT_TTTo2L2Nu_TuneCP5_13TeV-powheg-pythia8_catEM_sys_MuonEnDown
Merging MT_TTTo2L2Nu_TuneCP5_13TeV-powheg-pythia8_catNRB_sys_MuonEnDown
Merging measMET_TTTo2L2Nu_TuneCP5_13TeV-powheg-pythia8_catNRB_sys_puWeightDown
Merging measMET_TTTo2L2Nu_TuneCP5_13TeV-powheg-pythia8_catNRB_sys_PrefireWeightUp
Merging MT_TTTo2L2Nu_TuneCP5_13TeV-powheg-pythia8_catDY_sys_QCDScale1wUp
Merging MT_TTTo2L2Nu_TuneCP5_13TeV-powheg-pythia8_catSignal-1jet_sys_nvtxWeightDown
Merging MT_TTTo2L2Nu_TuneCP5_13TeV-powheg-pythia8_catDY_sys_nvtxWeightDown
Merging MT_TTTo2L2Nu_TuneCP5_13TeV-powheg-pythia8_catSignal-0jet_sys_ElectronEnUp
Merging measMET_TTTo2L2Nu_TuneCP5_13TeV-powheg-pythia8_catDY_sys_jesTotalUp
Merging measMET_TTTo2L2Nu_TuneCP5_13TeV-powheg-pythia8_catTOP_sys_ElectronEnDown
Merging njet_TTTo2L2Nu_TuneCP5_13TeV-powheg-pythia8_sys_nvtxWeightDown
Merging MT_TTTo2L2Nu_TuneCP5_13TeV-powheg-pythia8_catSignal-1jet_sys_QCDScale2wDown
Merging MT_TTTo2L2Nu_TuneCP5_13TeV-powheg-pythia8_catDY_sys_MuonEnDown
Merging MT_TTTo2L2Nu_TuneCP5_13TeV-powheg-pythia8_catNRB_sys_jerDown
Merging measMET_TTTo2L2Nu_TuneCP5_13TeV-powheg-pythia8_cat3L_sys_jerDown
Merging measMET_TTTo2L2Nu_TuneCP5_13TeV-powheg-pythia8_cat4L_sys_QCDScale2wDown
Merging measMET_TTTo2L2Nu_TuneCP5_13TeV-powheg-pythia8_catDY_sys_ElecronSFDown
Merging MT_TTTo2L2Nu_TuneCP5_13TeV-powheg-pythia8_catDY_sys_MuonSFUp
Merging measMET_TTTo2L2Nu_TuneCP5_13TeV-powheg-pythia8_catDY_sys_PrefireWeightUp
Merging MT_TTTo2L2Nu_TuneCP5_13TeV-powheg-pythia8_catNRB_sys_QCDScale1wDown
Merging measMET_TTTo2L2Nu_TuneCP5_13TeV-powheg-pythia8_catTOP_sys_ElecronSFUp
Merging measMET_TTTo2L2Nu_TuneCP5_13TeV-powheg-pythia8_cat3L_sys_TriggerSFWeightUp
Merging phizmet_TTTo2L2Nu_TuneCP5_13TeV-powheg-pythia8_sys_MuonEnUp
Merging MT_TTTo2L2Nu_TuneCP5_13TeV-powheg-pythia8_catDY_sys_QCDScale0wDown
Merging measMET_TTTo2L2Nu_TuneCP5_13TeV-powheg-pythia8_catDY_sys_QCDScale2wUp
Merging measMET_TTTo2L2Nu_TuneCP5_13TeV-powheg-pythia8_catSignal-0jet_sys_QCDScale0wUp
Merging MT_TTTo2L2Nu_TuneCP5_13TeV-powheg-pythia8_catNRB_sys_QCDScale2wDown
Merging measMET_TTTo2L2Nu_TuneCP5_13TeV-powheg-pythia8_cat4L_sys_QCDScale1wUp
Merging measMET_TTTo2L2Nu_TuneCP5_13TeV-powheg-pythia8_catEM_sys_btagEventWeightUp
Merging measMET_TTTo2L2Nu_TuneCP5_13TeV-powheg-pythia8_cat3L_sys_ElecronSFDown
Merging MT_TTTo2L2Nu_TuneCP5_13TeV-powheg-pythia8_catNRB_sys_PDFUp
Merging MT_TTTo2L2Nu_TuneCP5_13TeV-powheg-pythia8_catDY_sys_TriggerSFWeightDown
Merging MT_TTTo2L2Nu_TuneCP5_13TeV-powheg-pythia8_catNRB_sys_jesTotalDown
Merging MT_TTTo2L2Nu_TuneCP5_13TeV-powheg-pythia8_cat4L_sys_MuonEnDown
Merging measMET_TTTo2L2Nu_TuneCP5_13TeV-powheg-pythia8_cat3L_sys_QCDScale2wUp
Merging MT_TTTo2L2Nu_TuneCP5_13TeV-powheg-pythia8_catSignal-0jet_sys_nvtxWeightUp
Merging measMET_TTTo2L2Nu_TuneCP5_13TeV-powheg-pythia8_catNRB_sys_TriggerSFWeightDown
Merging measMET_TTTo2L2Nu_TuneCP5_13TeV-powheg-pythia8_cat4L_sys_MuonEnUp
Merging measMET_TTTo2L2Nu_TuneCP5_13TeV-powheg-pythia8_catEM_sys_QCDScale1wDown
Merging MT_TTTo2L2Nu_TuneCP5_13TeV-powheg-pythia8_catNRB_sys_QCDScale1wUp
Merging MT_TTTo2L2Nu_TuneCP5_13TeV-powheg-pythia8_catSignal-1jet_sys_ElecronSFUp
Merging MT_TTTo2L2Nu_TuneCP5_13TeV-powheg-pythia8_catDY_sys_jesTotalUp
Merging MT_TTTo2L2Nu_TuneCP5_13TeV-powheg-pythia8_catTOP_sys_QCDScale0wDown
Merging measMET_TTTo2L2Nu_TuneCP5_13TeV-powheg-pythia8_catEM_sys_PrefireWeightDown
Merging measMET_TTTo2L2Nu_TuneCP5_13TeV-powheg-pythia8_catSignal-1jet_sys_jesTotalDown
Merging MT_TTTo2L2Nu_TuneCP5_13TeV-powheg-pythia8_catSignal-0jet_sys_btagEventWeightUp
Merging measMET_TTTo2L2Nu_TuneCP5_13TeV-powheg-pythia8_catSignal-1jet_sys_TriggerSFWeightUp
Merging balance_TTTo2L2Nu_TuneCP5_13TeV-powheg-pythia8_sys_MuonEnUp
Merging MT_TTTo2L2Nu_TuneCP5_13TeV-powheg-pythia8_catEM_sys_TriggerSFWeightUp
Merging njet_TTTo2L2Nu_TuneCP5_13TeV-powheg-pythia8_sys_TriggerSFWeightDown
Merging measMET_TTTo2L2Nu_TuneCP5_13TeV-powheg-pythia8_catDY_sys_ElecronSFUp
Merging MT_TTTo2L2Nu_TuneCP5_13TeV-powheg-pythia8_cat4L_sys_PrefireWeightUp
Merging njet_TTTo2L2Nu_TuneCP5_13TeV-powheg-pythia8_sys_QCDScale0wUp
Merging MT_TTTo2L2Nu_TuneCP5_13TeV-powheg-pythia8_catEM_sys_jerUp
Merging MT_TTTo2L2Nu_TuneCP5_13TeV-powheg-pythia8_catSignal-0jet_sys_PDFDown
Merging MT_TTTo2L2Nu_TuneCP5_13TeV-powheg-pythia8_catNRB_sys_TriggerSFWeightUp
Merging measMET_TTTo2L2Nu_TuneCP5_13TeV-powheg-pythia8_catEM_sys_nvtxWeightDown
Merging MT_TTTo2L2Nu_TuneCP5_13TeV-powheg-pythia8_catTOP_sys_TriggerSFWeightDown
Merging measMET_TTTo2L2Nu_TuneCP5_13TeV-powheg-pythia8_catEM
Merging measMET_TTTo2L2Nu_TuneCP5_13TeV-powheg-pythia8_cat4L_sys_MuonEnDown
Merging measMET_TTTo2L2Nu_TuneCP5_13TeV-powheg-pythia8_catTOP_sys_jerDown
Merging MT_TTTo2L2Nu_TuneCP5_13TeV-powheg-pythia8_catNRB_sys_ElectronEnUp
Merging MT_TTTo2L2Nu_TuneCP5_13TeV-powheg-pythia8_catNRB_sys_ElectronEnDown
Merging phizmet_TTTo2L2Nu_TuneCP5_13TeV-powheg-pythia8_sys_QCDScale1wDown
Merging phizmet_TTTo2L2Nu_TuneCP5_13TeV-powheg-pythia8_sys_ElectronEnDown
Merging measMET_TTTo2L2Nu_TuneCP5_13TeV-powheg-pythia8_catDY_sys_ElectronEnUp
Merging MT_TTTo2L2Nu_TuneCP5_13TeV-powheg-pythia8_cat3L_sys_TriggerSFWeightDown
Merging measMET_TTTo2L2Nu_TuneCP5_13TeV-powheg-pythia8_catDY_sys_nvtxWeightUp
Merging MT_TTTo2L2Nu_TuneCP5_13TeV-powheg-pythia8_catEM_sys_nvtxWeightUp
Merging MT_TTTo2L2Nu_TuneCP5_13TeV-powheg-pythia8_catSignal-0jet_sys_MuonSFUp
Merging balance_TTTo2L2Nu_TuneCP5_13TeV-powheg-pythia8_sys_PrefireWeightDown
Merging MT_TTTo2L2Nu_TuneCP5_13TeV-powheg-pythia8_catSignal-0jet_sys_jerUp
Merging measMET_TTTo2L2Nu_TuneCP5_13TeV-powheg-pythia8_catSignal-0jet_sys_MuonEnDown
Merging MT_TTTo2L2Nu_TuneCP5_13TeV-powheg-pythia8_catNRB_sys_nvtxWeightDown
Merging phizmet_TTTo2L2Nu_TuneCP5_13TeV-powheg-pythia8_sys_ElectronEnUp
Merging MT_TTTo2L2Nu_TuneCP5_13TeV-powheg-pythia8_catDY_sys_btagEventWeightUp
Merging MT_TTTo2L2Nu_TuneCP5_13TeV-powheg-pythia8_cat3L_sys_QCDScale2wDown
Merging MT_TTTo2L2Nu_TuneCP5_13TeV-powheg-pythia8_catSignal-1jet_sys_PDFUp
Merging MT_TTTo2L2Nu_TuneCP5_13TeV-powheg-pythia8_cat4L_sys_nvtxWeightUp
Merging MT_TTTo2L2Nu_TuneCP5_13TeV-powheg-pythia8_catSignal-1jet_sys_PrefireWeightDown
Merging measMET_TTTo2L2Nu_TuneCP5_13TeV-powheg-pythia8_catTOP_sys_MuonSFDown
Merging measMET_TTTo2L2Nu_TuneCP5_13TeV-powheg-pythia8_catNRB_sys_ElectronEnUp
Merging phizmet_TTTo2L2Nu_TuneCP5_13TeV-powheg-pythia8_sys_ElecronSFDown
Merging measMET_TTTo2L2Nu_TuneCP5_13TeV-powheg-pythia8_catEM_sys_puWeightUp
Merging measMET_TTTo2L2Nu_TuneCP5_13TeV-powheg-pythia8_catTOP_sys_puWeightUp
Merging njet_TTTo2L2Nu_TuneCP5_13TeV-powheg-pythia8_sys_QCDScale2wUp
Merging MT_TTTo2L2Nu_TuneCP5_13TeV-powheg-pythia8_cat4L_sys_PDFDown
Merging MT_TTTo2L2Nu_TuneCP5_13TeV-powheg-pythia8_catDY_sys_ElectronEnDown
Merging MT_TTTo2L2Nu_TuneCP5_13TeV-powheg-pythia8_catSignal-1jet_sys_jerUp
Merging measMET_TTTo2L2Nu_TuneCP5_13TeV-powheg-pythia8_catNRB_sys_ElecronSFDown
Merging MT_TTTo2L2Nu_TuneCP5_13TeV-powheg-pythia8_catTOP_sys_jerUp
Merging phizmet_TTTo2L2Nu_TuneCP5_13TeV-powheg-pythia8
Merging measMET_TTTo2L2Nu_TuneCP5_13TeV-powheg-pythia8_cat4L_sys_ElecronSFUp
Merging balance_TTTo2L2Nu_TuneCP5_13TeV-powheg-pythia8_sys_puWeightUp
Merging njet_TTTo2L2Nu_TuneCP5_13TeV-powheg-pythia8_sys_PDFDown
Merging MT_TTTo2L2Nu_TuneCP5_13TeV-powheg-pythia8_cat3L_sys_QCDScale1wDown
Merging measMET_TTTo2L2Nu_TuneCP5_13TeV-powheg-pythia8_catSignal-0jet_sys_QCDScale2wUp
Merging measMET_TTTo2L2Nu_TuneCP5_13TeV-powheg-pythia8_catTOP_sys_QCDScale2wUp
Merging balance_TTTo2L2Nu_TuneCP5_13TeV-powheg-pythia8_sys_PDFDown
Merging measMET_TTTo2L2Nu_TuneCP5_13TeV-powheg-pythia8_catSignal-1jet_sys_nvtxWeightDown
Merging njet_TTTo2L2Nu_TuneCP5_13TeV-powheg-pythia8_sys_ElecronSFDown
Merging MT_TTTo2L2Nu_TuneCP5_13TeV-powheg-pythia8_catDY
Merging MT_TTTo2L2Nu_TuneCP5_13TeV-powheg-pythia8_cat3L_sys_jesTotalUp
Merging measMET_TTTo2L2Nu_TuneCP5_13TeV-powheg-pythia8_cat3L_sys_puWeightUp
Merging MT_TTTo2L2Nu_TuneCP5_13TeV-powheg-pythia8_cat4L_sys_QCDScale0wUp
Merging phizmet_TTTo2L2Nu_TuneCP5_13TeV-powheg-pythia8_sys_PrefireWeightUp
Merging MT_TTTo2L2Nu_TuneCP5_13TeV-powheg-pythia8_catDY_sys_QCDScale1wDown
Merging measMET_TTTo2L2Nu_TuneCP5_13TeV-powheg-pythia8_catDY_sys_QCDScale1wDown
Merging balance_TTTo2L2Nu_TuneCP5_13TeV-powheg-pythia8_sys_EWKUp
Merging phizmet_TTTo2L2Nu_TuneCP5_13TeV-powheg-pythia8_sys_QCDScale1wUp
Merging MT_TTTo2L2Nu_TuneCP5_13TeV-powheg-pythia8_catDY_sys_PDFDown
Merging balance_TTTo2L2Nu_TuneCP5_13TeV-powheg-pythia8_sys_jerDown
Merging balance_TTTo2L2Nu_TuneCP5_13TeV-powheg-pythia8_sys_ElectronEnDown
Merging measMET_TTTo2L2Nu_TuneCP5_13TeV-powheg-pythia8_catNRB_sys_QCDScale2wUp
Merging measMET_TTTo2L2Nu_TuneCP5_13TeV-powheg-pythia8_catNRB_sys_btagEventWeightUp
Merging measMET_TTTo2L2Nu_TuneCP5_13TeV-powheg-pythia8_catSignal-0jet_sys_MuonEnUp
Merging MT_TTTo2L2Nu_TuneCP5_13TeV-powheg-pythia8_catSignal-1jet_sys_puWeightUp
Merging measMET_TTTo2L2Nu_TuneCP5_13TeV-powheg-pythia8_catEM_sys_QCDScale2wUp
Merging measMET_TTTo2L2Nu_TuneCP5_13TeV-powheg-pythia8_catSignal-0jet_sys_PrefireWeightDown
Merging MT_TTTo2L2Nu_TuneCP5_13TeV-powheg-pythia8_catEM_sys_QCDScale1wUp
Merging measMET_TTTo2L2Nu_TuneCP5_13TeV-powheg-pythia8_catDY_sys_QCDScale0wDown
Merging phizmet_TTTo2L2Nu_TuneCP5_13TeV-powheg-pythia8_sys_jerUp
Merging MT_TTTo2L2Nu_TuneCP5_13TeV-powheg-pythia8_cat3L_sys_QCDScale0wDown
Merging MT_TTTo2L2Nu_TuneCP5_13TeV-powheg-pythia8_catSignal-0jet_sys_ElecronSFDown
Merging measMET_TTTo2L2Nu_TuneCP5_13TeV-powheg-pythia8_catDY_sys_nvtxWeightDown
Merging MT_TTTo2L2Nu_TuneCP5_13TeV-powheg-pythia8_catEM_sys_PrefireWeightDown
Merging measMET_TTTo2L2Nu_TuneCP5_13TeV-powheg-pythia8_catTOP_sys_QCDScale1wDown
Merging measMET_TTTo2L2Nu_TuneCP5_13TeV-powheg-pythia8_catSignal-1jet_sys_ElectronEnUp
Merging MT_TTTo2L2Nu_TuneCP5_13TeV-powheg-pythia8_catNRB_sys_QCDScale2wUp
Merging MT_TTTo2L2Nu_TuneCP5_13TeV-powheg-pythia8_catNRB_sys_PrefireWeightUp
Merging MT_TTTo2L2Nu_TuneCP5_13TeV-powheg-pythia8_cat3L_sys_nvtxWeightDown
Merging measMET_TTTo2L2Nu_TuneCP5_13TeV-powheg-pythia8_catDY_sys_MuonEnUp
Merging phizmet_TTTo2L2Nu_TuneCP5_13TeV-powheg-pythia8_sys_puWeightDown
Merging measMET_TTTo2L2Nu_TuneCP5_13TeV-powheg-pythia8_catEM_sys_jesTotalDown
Merging measMET_TTTo2L2Nu_TuneCP5_13TeV-powheg-pythia8_catSignal-1jet_sys_MuonSFUp
Merging measMET_TTTo2L2Nu_TuneCP5_13TeV-powheg-pythia8_catEM_sys_MuonEnDown
Merging balance_TTTo2L2Nu_TuneCP5_13TeV-powheg-pythia8_sys_jerUp
Merging MT_TTTo2L2Nu_TuneCP5_13TeV-powheg-pythia8_catSignal-1jet_sys_btagEventWeightUp
Merging MT_TTTo2L2Nu_TuneCP5_13TeV-powheg-pythia8_cat4L_sys_PrefireWeightDown
Merging MT_TTTo2L2Nu_TuneCP5_13TeV-powheg-pythia8_catTOP_sys_EWKUp
Merging measMET_TTTo2L2Nu_TuneCP5_13TeV-powheg-pythia8_cat4L_sys_ElecronSFDown
Merging measMET_TTTo2L2Nu_TuneCP5_13TeV-powheg-pythia8_catSignal-1jet_sys_puWeightDown
Merging measMET_TTTo2L2Nu_TuneCP5_13TeV-powheg-pythia8_catNRB_sys_QCDScale2wDown
Merging MT_TTTo2L2Nu_TuneCP5_13TeV-powheg-pythia8_catEM_sys_EWKUp
Merging MT_TTTo2L2Nu_TuneCP5_13TeV-powheg-pythia8_catEM_sys_TriggerSFWeightDown
Merging measMET_TTTo2L2Nu_TuneCP5_13TeV-powheg-pythia8_cat4L_sys_jesTotalDown
Merging balance_TTTo2L2Nu_TuneCP5_13TeV-powheg-pythia8_sys_TriggerSFWeightDown
Merging MT_TTTo2L2Nu_TuneCP5_13TeV-powheg-pythia8_catNRB_sys_nvtxWeightUp
Merging measMET_TTTo2L2Nu_TuneCP5_13TeV-powheg-pythia8_catNRB_sys_QCDScale1wDown
Merging measMET_TTTo2L2Nu_TuneCP5_13TeV-powheg-pythia8_catEM_sys_jerDown
Merging measMET_TTTo2L2Nu_TuneCP5_13TeV-powheg-pythia8_catSignal-0jet_sys_nvtxWeightUp
Merging measMET_TTTo2L2Nu_TuneCP5_13TeV-powheg-pythia8_catSignal-0jet_sys_jesTotalDown
Merging MT_TTTo2L2Nu_TuneCP5_13TeV-powheg-pythia8_catSignal-0jet_sys_QCDScale2wUp
Merging MT_TTTo2L2Nu_TuneCP5_13TeV-powheg-pythia8_catNRB_sys_MuonSFDown
Merging MT_TTTo2L2Nu_TuneCP5_13TeV-powheg-pythia8_catSignal-1jet_sys_TriggerSFWeightUp
Merging balance_TTTo2L2Nu_TuneCP5_13TeV-powheg-pythia8_sys_puWeightDown
Merging measMET_TTTo2L2Nu_TuneCP5_13TeV-powheg-pythia8_catSignal-1jet_sys_QCDScale1wDown
Merging MT_TTTo2L2Nu_TuneCP5_13TeV-powheg-pythia8_catSignal-1jet_sys_MuonSFDown
Merging MT_TTTo2L2Nu_TuneCP5_13TeV-powheg-pythia8_catTOP_sys_PrefireWeightUp
Merging measMET_TTTo2L2Nu_TuneCP5_13TeV-powheg-pythia8_cat3L_sys_jesTotalUp
Merging MT_TTTo2L2Nu_TuneCP5_13TeV-powheg-pythia8_catSignal-0jet_sys_EWKDown
Merging MT_TTTo2L2Nu_TuneCP5_13TeV-powheg-pythia8_catSignal-1jet_sys_QCDScale1wDown
Merging njet_TTTo2L2Nu_TuneCP5_13TeV-powheg-pythia8_sys_btagEventWeightDown
Merging measMET_TTTo2L2Nu_TuneCP5_13TeV-powheg-pythia8_catDY_sys_puWeightDown
Merging MT_TTTo2L2Nu_TuneCP5_13TeV-powheg-pythia8_catSignal-0jet_sys_QCDScale2wDown
Merging measMET_TTTo2L2Nu_TuneCP5_13TeV-powheg-pythia8_cat3L_sys_btagEventWeightDown
Merging MT_TTTo2L2Nu_TuneCP5_13TeV-powheg-pythia8_catDY_sys_QCDScale0wUp
Merging measMET_TTTo2L2Nu_TuneCP5_13TeV-powheg-pythia8_cat3L_sys_MuonEnUp
Merging MT_TTTo2L2Nu_TuneCP5_13TeV-powheg-pythia8_catSignal-0jet_sys_ElectronEnDown
Merging measMET_TTTo2L2Nu_TuneCP5_13TeV-powheg-pythia8_catNRB_sys_MuonEnUp
Merging measMET_TTTo2L2Nu_TuneCP5_13TeV-powheg-pythia8_catDY_sys_puWeightUp
Merging measMET_TTTo2L2Nu_TuneCP5_13TeV-powheg-pythia8_catDY_sys_jerUp
Merging measMET_TTTo2L2Nu_TuneCP5_13TeV-powheg-pythia8_cat4L_sys_PDFDown
Merging njet_TTTo2L2Nu_TuneCP5_13TeV-powheg-pythia8_sys_ElecronSFUp
Merging MT_TTTo2L2Nu_TuneCP5_13TeV-powheg-pythia8_catSignal-1jet_sys_ElectronEnDown
Merging MT_TTTo2L2Nu_TuneCP5_13TeV-powheg-pythia8_cat4L_sys_TriggerSFWeightDown
Merging MT_TTTo2L2Nu_TuneCP5_13TeV-powheg-pythia8_catTOP_sys_puWeightUp
Merging measMET_TTTo2L2Nu_TuneCP5_13TeV-powheg-pythia8_catTOP_sys_nvtxWeightUp
Merging njet_TTTo2L2Nu_TuneCP5_13TeV-powheg-pythia8_sys_QCDScale0wDown
Merging phizmet_TTTo2L2Nu_TuneCP5_13TeV-powheg-pythia8_sys_nvtxWeightDown
Merging measMET_TTTo2L2Nu_TuneCP5_13TeV-powheg-pythia8_catDY_sys_MuonEnDown
Merging njet_TTTo2L2Nu_TuneCP5_13TeV-powheg-pythia8_sys_jerUp
Merging MT_TTTo2L2Nu_TuneCP5_13TeV-powheg-pythia8_catSignal-1jet_sys_QCDScale1wUp
Merging measMET_TTTo2L2Nu_TuneCP5_13TeV-powheg-pythia8_cat3L_sys_MuonSFUp
Merging phizmet_TTTo2L2Nu_TuneCP5_13TeV-powheg-pythia8_sys_jerDown
Merging measMET_TTTo2L2Nu_TuneCP5_13TeV-powheg-pythia8_cat4L
Merging MT_TTTo2L2Nu_TuneCP5_13TeV-powheg-pythia8_catTOP_sys_jesTotalUp
Merging MT_TTTo2L2Nu_TuneCP5_13TeV-powheg-pythia8_cat3L_sys_jerDown
Merging measMET_TTTo2L2Nu_TuneCP5_13TeV-powheg-pythia8_catDY_sys_QCDScale1wUp
Merging MT_TTTo2L2Nu_TuneCP5_13TeV-powheg-pythia8_catNRB_sys_QCDScale0wDown
Merging measMET_TTTo2L2Nu_TuneCP5_13TeV-powheg-pythia8_catTOP_sys_puWeightDown
Merging MT_TTTo2L2Nu_TuneCP5_13TeV-powheg-pythia8_cat4L_sys_MuonSFUp
Merging phizmet_TTTo2L2Nu_TuneCP5_13TeV-powheg-pythia8_sys_QCDScale2wDown
Merging MT_TTTo2L2Nu_TuneCP5_13TeV-powheg-pythia8_catSignal-1jet_sys_ElectronEnUp
Merging MT_TTTo2L2Nu_TuneCP5_13TeV-powheg-pythia8_cat3L_sys_btagEventWeightUp
Merging phizmet_TTTo2L2Nu_TuneCP5_13TeV-powheg-pythia8_sys_QCDScale2wUp
Merging measMET_TTTo2L2Nu_TuneCP5_13TeV-powheg-pythia8_cat4L_sys_TriggerSFWeightUp
Merging MT_TTTo2L2Nu_TuneCP5_13TeV-powheg-pythia8_catSignal-1jet
Merging MT_TTTo2L2Nu_TuneCP5_13TeV-powheg-pythia8_catDY_sys_jerUp
Merging MT_TTTo2L2Nu_TuneCP5_13TeV-powheg-pythia8_catTOP_sys_PDFUp
Merging measMET_TTTo2L2Nu_TuneCP5_13TeV-powheg-pythia8_cat4L_sys_puWeightDown
Merging MT_TTTo2L2Nu_TuneCP5_13TeV-powheg-pythia8_catDY_sys_QCDScale2wDown
Merging measMET_TTTo2L2Nu_TuneCP5_13TeV-powheg-pythia8_catNRB_sys_MuonSFUp
Merging MT_TTTo2L2Nu_TuneCP5_13TeV-powheg-pythia8_cat3L_sys_puWeightDown
Merging MT_TTTo2L2Nu_TuneCP5_13TeV-powheg-pythia8_cat3L_sys_ElecronSFUp
Merging MT_TTTo2L2Nu_TuneCP5_13TeV-powheg-pythia8_catDY_sys_PrefireWeightDown
Merging measMET_TTTo2L2Nu_TuneCP5_13TeV-powheg-pythia8_catTOP_sys_MuonEnUp
Merging measMET_TTTo2L2Nu_TuneCP5_13TeV-powheg-pythia8_catSignal-1jet_sys_QCDScale1wUp
Merging measMET_TTTo2L2Nu_TuneCP5_13TeV-powheg-pythia8_catEM_sys_EWKDown
Merging MT_TTTo2L2Nu_TuneCP5_13TeV-powheg-pythia8_catNRB_sys_QCDScale0wUp
Merging MT_TTTo2L2Nu_TuneCP5_13TeV-powheg-pythia8_catDY_sys_nvtxWeightUp
Merging measMET_TTTo2L2Nu_TuneCP5_13TeV-powheg-pythia8_catTOP_sys_TriggerSFWeightDown
Merging measMET_TTTo2L2Nu_TuneCP5_13TeV-powheg-pythia8_cat4L_sys_jesTotalUp
Merging MT_TTTo2L2Nu_TuneCP5_13TeV-powheg-pythia8_catDY_sys_jerDown
Merging measMET_TTTo2L2Nu_TuneCP5_13TeV-powheg-pythia8_catTOP_sys_nvtxWeightDown
Merging phizmet_TTTo2L2Nu_TuneCP5_13TeV-powheg-pythia8_sys_jesTotalUp
Merging measMET_TTTo2L2Nu_TuneCP5_13TeV-powheg-pythia8_catNRB_sys_jerUp
Merging MT_TTTo2L2Nu_TuneCP5_13TeV-powheg-pythia8_catEM_sys_jesTotalDown
Merging MT_TTTo2L2Nu_TuneCP5_13TeV-powheg-pythia8_cat3L_sys_QCDScale1wUp
Merging measMET_TTTo2L2Nu_TuneCP5_13TeV-powheg-pythia8_catNRB_sys_PDFDown
Merging MT_TTTo2L2Nu_TuneCP5_13TeV-powheg-pythia8_catSignal-1jet_sys_MuonEnUp
Merging MT_TTTo2L2Nu_TuneCP5_13TeV-powheg-pythia8_catEM_sys_PDFUp
Merging phizmet_TTTo2L2Nu_TuneCP5_13TeV-powheg-pythia8_sys_MuonSFUp
Merging measMET_TTTo2L2Nu_TuneCP5_13TeV-powheg-pythia8_cat3L_sys_ElectronEnDown
Merging MT_TTTo2L2Nu_TuneCP5_13TeV-powheg-pythia8_cat3L_sys_EWKDown
Merging measMET_TTTo2L2Nu_TuneCP5_13TeV-powheg-pythia8_catDY_sys_PrefireWeightDown
Merging MT_TTTo2L2Nu_TuneCP5_13TeV-powheg-pythia8_catDY_sys_PrefireWeightUp
Merging measMET_TTTo2L2Nu_TuneCP5_13TeV-powheg-pythia8_catEM_sys_btagEventWeightDown
Merging measMET_TTTo2L2Nu_TuneCP5_13TeV-powheg-pythia8_cat4L_sys_MuonSFUp
Merging balance_TTTo2L2Nu_TuneCP5_13TeV-powheg-pythia8_sys_btagEventWeightDown
Merging MT_TTTo2L2Nu_TuneCP5_13TeV-powheg-pythia8_catEM_sys_MuonSFDown
Merging measMET_TTTo2L2Nu_TuneCP5_13TeV-powheg-pythia8_catNRB_sys_MuonSFDown
Merging njet_TTTo2L2Nu_TuneCP5_13TeV-powheg-pythia8_sys_PrefireWeightDown
Merging measMET_TTTo2L2Nu_TuneCP5_13TeV-powheg-pythia8_cat3L_sys_PrefireWeightDown
Merging measMET_TTTo2L2Nu_TuneCP5_13TeV-powheg-pythia8_catEM_sys_ElecronSFDown
Merging measMET_TTTo2L2Nu_TuneCP5_13TeV-powheg-pythia8_catSignal-0jet_sys_puWeightUp
Merging balance_TTTo2L2Nu_TuneCP5_13TeV-powheg-pythia8_sys_ElecronSFUp
Merging measMET_TTTo2L2Nu_TuneCP5_13TeV-powheg-pythia8_catNRB_sys_PrefireWeightDown
Merging measMET_TTTo2L2Nu_TuneCP5_13TeV-powheg-pythia8_catNRB_sys_QCDScale0wDown
Merging MT_TTTo2L2Nu_TuneCP5_13TeV-powheg-pythia8_catNRB_sys_btagEventWeightUp
Merging MT_TTTo2L2Nu_TuneCP5_13TeV-powheg-pythia8_catTOP_sys_MuonSFDown
Merging MT_TTTo2L2Nu_TuneCP5_13TeV-powheg-pythia8_catDY_sys_MuonSFDown
Merging measMET_TTTo2L2Nu_TuneCP5_13TeV-powheg-pythia8_catTOP_sys_QCDScale0wUp
Merging measMET_TTTo2L2Nu_TuneCP5_13TeV-powheg-pythia8_catNRB_sys_jerDown
Merging measMET_TTTo2L2Nu_TuneCP5_13TeV-powheg-pythia8_catSignal-1jet_sys_QCDScale0wDown
Merging MT_TTTo2L2Nu_TuneCP5_13TeV-powheg-pythia8_cat3L_sys_nvtxWeightUp
Merging phizmet_TTTo2L2Nu_TuneCP5_13TeV-powheg-pythia8_sys_ElecronSFUp
Merging measMET_TTTo2L2Nu_TuneCP5_13TeV-powheg-pythia8_cat3L_sys_QCDScale0wUp
Merging measMET_TTTo2L2Nu_TuneCP5_13TeV-powheg-pythia8_catTOP_sys_QCDScale1wUp
Merging MT_TTTo2L2Nu_TuneCP5_13TeV-powheg-pythia8_catSignal-1jet_sys_btagEventWeightDown
Merging measMET_TTTo2L2Nu_TuneCP5_13TeV-powheg-pythia8_cat4L_sys_nvtxWeightDown
Merging measMET_TTTo2L2Nu_TuneCP5_13TeV-powheg-pythia8_catNRB_sys_jesTotalUp
Merging measMET_TTTo2L2Nu_TuneCP5_13TeV-powheg-pythia8_catTOP_sys_PrefireWeightUp
Merging measMET_TTTo2L2Nu_TuneCP5_13TeV-powheg-pythia8_cat3L_sys_MuonEnDown
Merging balance_TTTo2L2Nu_TuneCP5_13TeV-powheg-pythia8_sys_jesTotalDown
Merging measMET_TTTo2L2Nu_TuneCP5_13TeV-powheg-pythia8_catTOP_sys_EWKDown
Merging MT_TTTo2L2Nu_TuneCP5_13TeV-powheg-pythia8_catSignal-1jet_sys_ElecronSFDown
Merging njet_TTTo2L2Nu_TuneCP5_13TeV-powheg-pythia8_sys_ElectronEnDown
Merging MT_TTTo2L2Nu_TuneCP5_13TeV-powheg-pythia8_catSignal-0jet_sys_QCDScale0wUp
Merging MT_TTTo2L2Nu_TuneCP5_13TeV-powheg-pythia8_catDY_sys_QCDScale2wUp
Merging MT_TTTo2L2Nu_TuneCP5_13TeV-powheg-pythia8_catNRB_sys_ElecronSFUp
Merging MT_TTTo2L2Nu_TuneCP5_13TeV-powheg-pythia8_cat3L_sys_TriggerSFWeightUp
Merging balance_TTTo2L2Nu_TuneCP5_13TeV-powheg-pythia8_sys_ElecronSFDown
Merging njet_TTTo2L2Nu_TuneCP5_13TeV-powheg-pythia8_sys_QCDScale2wDown
Merging measMET_TTTo2L2Nu_TuneCP5_13TeV-powheg-pythia8_catSignal-1jet_sys_jerUp
Merging MT_TTTo2L2Nu_TuneCP5_13TeV-powheg-pythia8_catTOP_sys_btagEventWeightDown
Merging measMET_TTTo2L2Nu_TuneCP5_13TeV-powheg-pythia8_catSignal-0jet_sys_TriggerSFWeightUp
Merging MT_TTTo2L2Nu_TuneCP5_13TeV-powheg-pythia8_cat4L_sys_btagEventWeightDown
Merging MT_TTTo2L2Nu_TuneCP5_13TeV-powheg-pythia8_catNRB_sys_TriggerSFWeightDown
Merging measMET_TTTo2L2Nu_TuneCP5_13TeV-powheg-pythia8_cat4L_sys_TriggerSFWeightDown
Merging measMET_TTTo2L2Nu_TuneCP5_13TeV-powheg-pythia8_cat4L_sys_ElectronEnUp
Merging njet_TTTo2L2Nu_TuneCP5_13TeV-powheg-pythia8_sys_EWKUp
Merging measMET_TTTo2L2Nu_TuneCP5_13TeV-powheg-pythia8_cat4L_sys_QCDScale0wDown
Merging njet_TTTo2L2Nu_TuneCP5_13TeV-powheg-pythia8_sys_puWeightUp
Merging MT_TTTo2L2Nu_TuneCP5_13TeV-powheg-pythia8_catNRB_sys_MuonSFUp
Merging measMET_TTTo2L2Nu_TuneCP5_13TeV-powheg-pythia8_cat4L_sys_QCDScale0wUp
Merging MT_TTTo2L2Nu_TuneCP5_13TeV-powheg-pythia8_cat3L_sys_MuonSFDown
Merging measMET_TTTo2L2Nu_TuneCP5_13TeV-powheg-pythia8_catDY_sys_EWKUp
Merging untagged
Merging MT_TTTo2L2Nu_TuneCP5_13TeV-powheg-pythia8_catSignal-1jet_sys_TriggerSFWeightDown
Merging MT_TTTo2L2Nu_TuneCP5_13TeV-powheg-pythia8_catSignal-0jet_sys_EWKUp
Merging measMET_TTTo2L2Nu_TuneCP5_13TeV-powheg-pythia8_catNRB_sys_TriggerSFWeightUp
Merging balance_TTTo2L2Nu_TuneCP5_13TeV-powheg-pythia8
Merging MT_TTTo2L2Nu_TuneCP5_13TeV-powheg-pythia8_catSignal-1jet_sys_QCDScale0wDown
Merging MT_TTTo2L2Nu_TuneCP5_13TeV-powheg-pythia8_cat3L_sys_MuonSFUp
Merging MT_TTTo2L2Nu_TuneCP5_13TeV-powheg-pythia8_cat4L_sys_nvtxWeightDown
Merging measMET_TTTo2L2Nu_TuneCP5_13TeV-powheg-pythia8_catDY_sys_MuonSFDown
Merging measMET_TTTo2L2Nu_TuneCP5_13TeV-powheg-pythia8_catNRB_sys_PDFUp
Merging MT_TTTo2L2Nu_TuneCP5_13TeV-powheg-pythia8_cat4L_sys_ElectronEnUp
Merging MT_TTTo2L2Nu_TuneCP5_13TeV-powheg-pythia8_catSignal-0jet_sys_ElecronSFUp
Merging MT_TTTo2L2Nu_TuneCP5_13TeV-powheg-pythia8_catDY_sys_puWeightUp
Merging njet_TTTo2L2Nu_TuneCP5_13TeV-powheg-pythia8_sys_EWKDown
Merging njet_TTTo2L2Nu_TuneCP5_13TeV-powheg-pythia8_sys_nvtxWeightUp
Merging MT_TTTo2L2Nu_TuneCP5_13TeV-powheg-pythia8_catNRB_sys_btagEventWeightDown
Merging measMET_TTTo2L2Nu_TuneCP5_13TeV-powheg-pythia8_catSignal-0jet_sys_puWeightDown
Merging MT_TTTo2L2Nu_TuneCP5_13TeV-powheg-pythia8_cat3L_sys_MuonEnUp
Merging njet_TTTo2L2Nu_TuneCP5_13TeV-powheg-pythia8_sys_QCDScale1wUp
Merging MT_TTTo2L2Nu_TuneCP5_13TeV-powheg-pythia8_catSignal-0jet_sys_nvtxWeightDown
Merging njet_TTTo2L2Nu_TuneCP5_13TeV-powheg-pythia8_sys_TriggerSFWeightUp
Merging MT_TTTo2L2Nu_TuneCP5_13TeV-powheg-pythia8_catNRB_sys_PDFDown
Merging measMET_TTTo2L2Nu_TuneCP5_13TeV-powheg-pythia8_catSignal-0jet_sys_ElecronSFUp
Merging phizmet_TTTo2L2Nu_TuneCP5_13TeV-powheg-pythia8_sys_nvtxWeightUp
Merging measMET_TTTo2L2Nu_TuneCP5_13TeV-powheg-pythia8_catSignal-1jet_sys_jesTotalUp
Merging balance_TTTo2L2Nu_TuneCP5_13TeV-powheg-pythia8_sys_QCDScale0wDown
Merging measMET_TTTo2L2Nu_TuneCP5_13TeV-powheg-pythia8_catTOP
Merging balance_TTTo2L2Nu_TuneCP5_13TeV-powheg-pythia8_sys_nvtxWeightDown
Merging MT_TTTo2L2Nu_TuneCP5_13TeV-powheg-pythia8_catDY_sys_PDFUp
Merging MT_TTTo2L2Nu_TuneCP5_13TeV-powheg-pythia8_catSignal-1jet_sys_MuonSFUp
Merging measMET_TTTo2L2Nu_TuneCP5_13TeV-powheg-pythia8_catSignal-0jet_sys_QCDScale2wDown
Merging MT_TTTo2L2Nu_TuneCP5_13TeV-powheg-pythia8_cat4L_sys_QCDScale0wDown
Merging measMET_TTTo2L2Nu_TuneCP5_13TeV-powheg-pythia8_cat3L_sys_puWeightDown
Merging measMET_TTTo2L2Nu_TuneCP5_13TeV-powheg-pythia8_cat3L_sys_PrefireWeightUp
Merging measMET_TTTo2L2Nu_TuneCP5_13TeV-powheg-pythia8_catNRB_sys_ElecronSFUp
Merging MT_TTTo2L2Nu_TuneCP5_13TeV-powheg-pythia8_catEM_sys_puWeightUp
Merging MT_TTTo2L2Nu_TuneCP5_13TeV-powheg-pythia8_catEM_sys_btagEventWeightDown
Merging measMET_TTTo2L2Nu_TuneCP5_13TeV-powheg-pythia8_catSignal-0jet_sys_ElectronEnDown
Merging measMET_TTTo2L2Nu_TuneCP5_13TeV-powheg-pythia8_catNRB_sys_MuonEnDown
Merging MT_TTTo2L2Nu_TuneCP5_13TeV-powheg-pythia8_catEM_sys_QCDScale1wDown
Merging njet_TTTo2L2Nu_TuneCP5_13TeV-powheg-pythia8_sys_jesTotalDown
Merging MT_TTTo2L2Nu_TuneCP5_13TeV-powheg-pythia8_catTOP_sys_QCDScale1wUp
Merging measMET_TTTo2L2Nu_TuneCP5_13TeV-powheg-pythia8_catSignal-1jet_sys_PrefireWeightDown
Merging MT_TTTo2L2Nu_TuneCP5_13TeV-powheg-pythia8_cat3L_sys_MuonEnDown
Merging MT_TTTo2L2Nu_TuneCP5_13TeV-powheg-pythia8_cat3L_sys_PrefireWeightDown
Merging measMET_TTTo2L2Nu_TuneCP5_13TeV-powheg-pythia8_catNRB_sys_QCDScale0wUp
Merging measMET_TTTo2L2Nu_TuneCP5_13TeV-powheg-pythia8_catEM_sys_ElecronSFUp
Merging phizmet_TTTo2L2Nu_TuneCP5_13TeV-powheg-pythia8_sys_EWKDown
Merging MT_TTTo2L2Nu_TuneCP5_13TeV-powheg-pythia8_catEM_sys_PDFDown
Merging MT_TTTo2L2Nu_TuneCP5_13TeV-powheg-pythia8_catTOP_sys_MuonSFUp
Merging measMET_TTTo2L2Nu_TuneCP5_13TeV-powheg-pythia8_catDY_sys_PDFUp
Merging balance_TTTo2L2Nu_TuneCP5_13TeV-powheg-pythia8_sys_EWKDown
Merging MT_TTTo2L2Nu_TuneCP5_13TeV-powheg-pythia8_catEM_sys_QCDScale2wDown
Merging measMET_TTTo2L2Nu_TuneCP5_13TeV-powheg-pythia8_catSignal-1jet_sys_btagEventWeightUp
Merging measMET_TTTo2L2Nu_TuneCP5_13TeV-powheg-pythia8_catDY_sys_TriggerSFWeightUp
Merging balance_TTTo2L2Nu_TuneCP5_13TeV-powheg-pythia8_sys_MuonSFDown
Merging measMET_TTTo2L2Nu_TuneCP5_13TeV-powheg-pythia8_catEM_sys_nvtxWeightUp
Merging MT_TTTo2L2Nu_TuneCP5_13TeV-powheg-pythia8_catTOP_sys_EWKDown
Merging njet_TTTo2L2Nu_TuneCP5_13TeV-powheg-pythia8_sys_ElectronEnUp
Merging njet_TTTo2L2Nu_TuneCP5_13TeV-powheg-pythia8_sys_btagEventWeightUp
Merging phizmet_TTTo2L2Nu_TuneCP5_13TeV-powheg-pythia8_sys_puWeightUp
Merging MT_TTTo2L2Nu_TuneCP5_13TeV-powheg-pythia8_catTOP_sys_btagEventWeightUp
Merging njet_TTTo2L2Nu_TuneCP5_13TeV-powheg-pythia8_sys_MuonSFUp
Merging MT_TTTo2L2Nu_TuneCP5_13TeV-powheg-pythia8_catSignal-0jet_sys_QCDScale1wDown
Merging MT_TTTo2L2Nu_TuneCP5_13TeV-powheg-pythia8_catTOP_sys_nvtxWeightDown
Merging measMET_TTTo2L2Nu_TuneCP5_13TeV-powheg-pythia8_cat3L_sys_EWKDown
Merging MT_TTTo2L2Nu_TuneCP5_13TeV-powheg-pythia8_catSignal-0jet_sys_jesTotalDown
Merging MT_TTTo2L2Nu_TuneCP5_13TeV-powheg-pythia8_catTOP_sys_jerDown
Merging MT_TTTo2L2Nu_TuneCP5_13TeV-powheg-pythia8_catDY_sys_ElecronSFUp
Merging measMET_TTTo2L2Nu_TuneCP5_13TeV-powheg-pythia8_catTOP_sys_QCDScale2wDown
Merging MT_TTTo2L2Nu_TuneCP5_13TeV-powheg-pythia8_catTOP_sys_ElectronEnUp
Merging MT_TTTo2L2Nu_TuneCP5_13TeV-powheg-pythia8_catTOP_sys_jesTotalDown
Merging MT_TTTo2L2Nu_TuneCP5_13TeV-powheg-pythia8_catSignal-0jet_sys_puWeightUp
Merging MT_TTTo2L2Nu_TuneCP5_13TeV-powheg-pythia8_catEM_sys_ElecronSFUp
Merging MT_TTTo2L2Nu_TuneCP5_13TeV-powheg-pythia8_cat4L_sys_puWeightUp
Merging MT_TTTo2L2Nu_TuneCP5_13TeV-powheg-pythia8_cat4L_sys_jesTotalUp
Merging MT_TTTo2L2Nu_TuneCP5_13TeV-powheg-pythia8_catTOP_sys_nvtxWeightUp
Merging measMET_TTTo2L2Nu_TuneCP5_13TeV-powheg-pythia8_catSignal-0jet_sys_jesTotalUp
Merging MT_TTTo2L2Nu_TuneCP5_13TeV-powheg-pythia8_catTOP_sys_QCDScale1wDown
Merging MT_TTTo2L2Nu_TuneCP5_13TeV-powheg-pythia8_catSignal-0jet_sys_PrefireWeightDown
Merging measMET_TTTo2L2Nu_TuneCP5_13TeV-powheg-pythia8_catEM_sys_EWKUp
Merging measMET_TTTo2L2Nu_TuneCP5_13TeV-powheg-pythia8_cat4L_sys_QCDScale1wDown
Merging MT_TTTo2L2Nu_TuneCP5_13TeV-powheg-pythia8_catSignal-0jet_sys_TriggerSFWeightDown
Merging njet_TTTo2L2Nu_TuneCP5_13TeV-powheg-pythia8_sys_QCDScale1wDown
Merging measMET_TTTo2L2Nu_TuneCP5_13TeV-powheg-pythia8_catEM_sys_ElectronEnUp
Merging MT_TTTo2L2Nu_TuneCP5_13TeV-powheg-pythia8_cat3L_sys_puWeightUp
Merging njet_TTTo2L2Nu_TuneCP5_13TeV-powheg-pythia8
Merging njet_TTTo2L2Nu_TuneCP5_13TeV-powheg-pythia8_sys_PDFUp
Merging measMET_TTTo2L2Nu_TuneCP5_13TeV-powheg-pythia8_catSignal-1jet_sys_MuonEnUp
Merging measMET_TTTo2L2Nu_TuneCP5_13TeV-powheg-pythia8_catNRB_sys_nvtxWeightDown
Merging MT_TTTo2L2Nu_TuneCP5_13TeV-powheg-pythia8_catSignal-0jet_sys_PrefireWeightUp
Merging MT_TTTo2L2Nu_TuneCP5_13TeV-powheg-pythia8_cat3L_sys_btagEventWeightDown
Merging phizmet_TTTo2L2Nu_TuneCP5_13TeV-powheg-pythia8_sys_jesTotalDown
Merging measMET_TTTo2L2Nu_TuneCP5_13TeV-powheg-pythia8_cat4L_sys_MuonSFDown
Merging measMET_TTTo2L2Nu_TuneCP5_13TeV-powheg-pythia8_cat3L_sys_TriggerSFWeightDown
Merging MT_TTTo2L2Nu_TuneCP5_13TeV-powheg-pythia8_catNRB_sys_PrefireWeightDown
Merging measMET_TTTo2L2Nu_TuneCP5_13TeV-powheg-pythia8_cat3L_sys_PDFUp
Merging measMET_TTTo2L2Nu_TuneCP5_13TeV-powheg-pythia8_catNRB_sys_EWKUp
Merging MT_TTTo2L2Nu_TuneCP5_13TeV-powheg-pythia8_catSignal-1jet_sys_PrefireWeightUp
Merging balance_TTTo2L2Nu_TuneCP5_13TeV-powheg-pythia8_sys_PDFUp
Merging MT_TTTo2L2Nu_TuneCP5_13TeV-powheg-pythia8_cat4L_sys_btagEventWeightUp
Merging MT_TTTo2L2Nu_TuneCP5_13TeV-powheg-pythia8_catSignal-0jet_sys_MuonSFDown
Merging measMET_TTTo2L2Nu_TuneCP5_13TeV-powheg-pythia8_catEM_sys_TriggerSFWeightDown
Merging MT_TTTo2L2Nu_TuneCP5_13TeV-powheg-pythia8_catEM_sys_jerDown
Merging MT_TTTo2L2Nu_TuneCP5_13TeV-powheg-pythia8_cat4L
Merging balance_TTTo2L2Nu_TuneCP5_13TeV-powheg-pythia8_sys_MuonSFUp
Merging phizmet_TTTo2L2Nu_TuneCP5_13TeV-powheg-pythia8_sys_QCDScale0wUp
Merging balance_TTTo2L2Nu_TuneCP5_13TeV-powheg-pythia8_sys_QCDScale1wUp
Merging measMET_TTTo2L2Nu_TuneCP5_13TeV-powheg-pythia8_cat4L_sys_jerUp
Merging measMET_TTTo2L2Nu_TuneCP5_13TeV-powheg-pythia8_catTOP_sys_MuonEnDown
Merging measMET_TTTo2L2Nu_TuneCP5_13TeV-powheg-pythia8_cat4L_sys_btagEventWeightUp
Merging measMET_TTTo2L2Nu_TuneCP5_13TeV-powheg-pythia8_catSignal-1jet_sys_ElecronSFDown
Merging measMET_TTTo2L2Nu_TuneCP5_13TeV-powheg-pythia8_catEM_sys_TriggerSFWeightUp
Merging measMET_TTTo2L2Nu_TuneCP5_13TeV-powheg-pythia8_catTOP_sys_TriggerSFWeightUp
Merging measMET_TTTo2L2Nu_TuneCP5_13TeV-powheg-pythia8_cat3L_sys_ElectronEnUp
Merging MT_TTTo2L2Nu_TuneCP5_13TeV-powheg-pythia8_cat3L_sys_PDFDown
Merging measMET_TTTo2L2Nu_TuneCP5_13TeV-powheg-pythia8_catDY_sys_jerDown
Merging MT_TTTo2L2Nu_TuneCP5_13TeV-powheg-pythia8_cat4L_sys_QCDScale2wUp
Merging MT_TTTo2L2Nu_TuneCP5_13TeV-powheg-pythia8_cat3L_sys_jerUp
Merging measMET_TTTo2L2Nu_TuneCP5_13TeV-powheg-pythia8_catEM_sys_QCDScale0wUp
Merging measMET_TTTo2L2Nu_TuneCP5_13TeV-powheg-pythia8_catSignal-0jet_sys_QCDScale0wDown
Merging njet_TTTo2L2Nu_TuneCP5_13TeV-powheg-pythia8_sys_MuonEnUp
Merging measMET_TTTo2L2Nu_TuneCP5_13TeV-powheg-pythia8_catSignal-1jet_sys_PDFDown
Merging measMET_TTTo2L2Nu_TuneCP5_13TeV-powheg-pythia8_catEM_sys_PDFUp
Merging phizmet_TTTo2L2Nu_TuneCP5_13TeV-powheg-pythia8_sys_PDFUp
Merging measMET_TTTo2L2Nu_TuneCP5_13TeV-powheg-pythia8_catSignal-0jet_sys_btagEventWeightUp
Merging MT_TTTo2L2Nu_TuneCP5_13TeV-powheg-pythia8_catNRB_sys_jesTotalUp
Merging measMET_TTTo2L2Nu_TuneCP5_13TeV-powheg-pythia8_catDY_sys_EWKDown
Merging MT_TTTo2L2Nu_TuneCP5_13TeV-powheg-pythia8_cat3L
Merging MT_TTTo2L2Nu_TuneCP5_13TeV-powheg-pythia8_catEM
Merging measMET_TTTo2L2Nu_TuneCP5_13TeV-powheg-pythia8_catSignal-1jet
Merging measMET_TTTo2L2Nu_TuneCP5_13TeV-powheg-pythia8_catSignal-0jet_sys_ElectronEnUp
Merging MT_TTTo2L2Nu_TuneCP5_13TeV-powheg-pythia8_catSignal-0jet_sys_jesTotalUp
Merging measMET_TTTo2L2Nu_TuneCP5_13TeV-powheg-pythia8_cat4L_sys_nvtxWeightUp
Merging MT_TTTo2L2Nu_TuneCP5_13TeV-powheg-pythia8_catEM_sys_puWeightDown
Merging MT_TTTo2L2Nu_TuneCP5_13TeV-powheg-pythia8_catSignal-0jet_sys_btagEventWeightDown
Merging MT_TTTo2L2Nu_TuneCP5_13TeV-powheg-pythia8_catNRB_sys_puWeightDown
Merging MT_TTTo2L2Nu_TuneCP5_13TeV-powheg-pythia8_catEM_sys_ElecronSFDown
Merging measMET_TTTo2L2Nu_TuneCP5_13TeV-powheg-pythia8_catSignal-1jet_sys_QCDScale2wDown
Merging MT_TTTo2L2Nu_TuneCP5_13TeV-powheg-pythia8_catNRB_sys_jerUp
Merging MT_TTTo2L2Nu_TuneCP5_13TeV-powheg-pythia8_catDY_sys_MuonEnUp
Merging measMET_TTTo2L2Nu_TuneCP5_13TeV-powheg-pythia8_catDY_sys_TriggerSFWeightDown
Merging measMET_TTTo2L2Nu_TuneCP5_13TeV-powheg-pythia8_cat3L_sys_EWKUp
Merging MT_TTTo2L2Nu_TuneCP5_13TeV-powheg-pythia8_catEM_sys_ElectronEnDown
Merging balance_TTTo2L2Nu_TuneCP5_13TeV-powheg-pythia8_sys_jesTotalUp
Merging MT_TTTo2L2Nu_TuneCP5_13TeV-powheg-pythia8_catTOP_sys_TriggerSFWeightUp
Merging MT_TTTo2L2Nu_TuneCP5_13TeV-powheg-pythia8_catTOP_sys_QCDScale2wUp
Merging measMET_TTTo2L2Nu_TuneCP5_13TeV-powheg-pythia8_catEM_sys_QCDScale1wUp
Merging MT_TTTo2L2Nu_TuneCP5_13TeV-powheg-pythia8_cat4L_sys_PDFUp
Merging MT_TTTo2L2Nu_TuneCP5_13TeV-powheg-pythia8_catTOP_sys_puWeightDown
Merging measMET_TTTo2L2Nu_TuneCP5_13TeV-powheg-pythia8_catEM_sys_QCDScale0wDown
Merging measMET_TTTo2L2Nu_TuneCP5_13TeV-powheg-pythia8_catTOP_sys_btagEventWeightUp
Merging measMET_TTTo2L2Nu_TuneCP5_13TeV-powheg-pythia8_catSignal-0jet_sys_QCDScale1wDown
Merging MT_TTTo2L2Nu_TuneCP5_13TeV-powheg-pythia8_catSignal-1jet_sys_QCDScale0wUp
Merging njet_TTTo2L2Nu_TuneCP5_13TeV-powheg-pythia8_sys_puWeightDown
Merging measMET_TTTo2L2Nu_TuneCP5_13TeV-powheg-pythia8_catEM_sys_jerUp
Merging MT_TTTo2L2Nu_TuneCP5_13TeV-powheg-pythia8_catEM_sys_PrefireWeightUp
Merging balance_TTTo2L2Nu_TuneCP5_13TeV-powheg-pythia8_sys_QCDScale2wUp
Merging MT_TTTo2L2Nu_TuneCP5_13TeV-powheg-pythia8_catDY_sys_EWKUp
Merging measMET_TTTo2L2Nu_TuneCP5_13TeV-powheg-pythia8_cat4L_sys_puWeightUp
Merging MT_TTTo2L2Nu_TuneCP5_13TeV-powheg-pythia8_catNRB_sys_puWeightUp
Merging measMET_TTTo2L2Nu_TuneCP5_13TeV-powheg-pythia8_catEM_sys_QCDScale2wDown
Merging measMET_TTTo2L2Nu_TuneCP5_13TeV-powheg-pythia8_catSignal-1jet_sys_QCDScale0wUp
Merging measMET_TTTo2L2Nu_TuneCP5_13TeV-powheg-pythia8_catSignal-1jet_sys_jerDown
Merging measMET_TTTo2L2Nu_TuneCP5_13TeV-powheg-pythia8_catSignal-0jet_sys_MuonSFDown
Merging measMET_TTTo2L2Nu_TuneCP5_13TeV-powheg-pythia8_catDY_sys_btagEventWeightDown
Merging phizmet_TTTo2L2Nu_TuneCP5_13TeV-powheg-pythia8_sys_PDFDown
Merging measMET_TTTo2L2Nu_TuneCP5_13TeV-powheg-pythia8_cat4L_sys_PrefireWeightDown
Merging MT_TTTo2L2Nu_TuneCP5_13TeV-powheg-pythia8_catEM_sys_QCDScale2wUp
Merging measMET_TTTo2L2Nu_TuneCP5_13TeV-powheg-pythia8_catTOP_sys_EWKUp
Merging MT_TTTo2L2Nu_TuneCP5_13TeV-powheg-pythia8_cat4L_sys_EWKUp
Merging measMET_TTTo2L2Nu_TuneCP5_13TeV-powheg-pythia8_catSignal-0jet_sys_TriggerSFWeightDown
Merging measMET_TTTo2L2Nu_TuneCP5_13TeV-powheg-pythia8_cat4L_sys_QCDScale2wUp
Merging MT_TTTo2L2Nu_TuneCP5_13TeV-powheg-pythia8_cat4L_sys_TriggerSFWeightUp
Merging MT_TTTo2L2Nu_TuneCP5_13TeV-powheg-pythia8_catTOP_sys_PrefireWeightDown
Merging MT_TTTo2L2Nu_TuneCP5_13TeV-powheg-pythia8_cat4L_sys_puWeightDown
Merging MT_TTTo2L2Nu_TuneCP5_13TeV-powheg-pythia8_cat4L_sys_ElecronSFDown
Merging measMET_TTTo2L2Nu_TuneCP5_13TeV-powheg-pythia8_catSignal-1jet_sys_EWKDown
Merging MT_TTTo2L2Nu_TuneCP5_13TeV-powheg-pythia8_catTOP_sys_MuonEnDown
Merging measMET_TTTo2L2Nu_TuneCP5_13TeV-powheg-pythia8_catNRB_sys_nvtxWeightUp
Merging MT_TTTo2L2Nu_TuneCP5_13TeV-powheg-pythia8_cat3L_sys_PrefireWeightUp
Merging MT_TTTo2L2Nu_TuneCP5_13TeV-powheg-pythia8_catEM_sys_nvtxWeightDown
Merging measMET_TTTo2L2Nu_TuneCP5_13TeV-powheg-pythia8_cat3L_sys_QCDScale2wDown
Merging njet_TTTo2L2Nu_TuneCP5_13TeV-powheg-pythia8_sys_PrefireWeightUp
Merging MT_TTTo2L2Nu_TuneCP5_13TeV-powheg-pythia8_cat4L_sys_ElecronSFUp
Merging MT_TTTo2L2Nu_TuneCP5_13TeV-powheg-pythia8_catTOP_sys_MuonEnUp
Merging MT_TTTo2L2Nu_TuneCP5_13TeV-powheg-pythia8_catSignal-1jet_sys_nvtxWeightUp
Merging MT_TTTo2L2Nu_TuneCP5_13TeV-powheg-pythia8_catSignal-1jet_sys_puWeightDown
  30001 events (100.00%)
Processed    40000/   45868 entries, 87.21% (elapsed time  2211.0s, curr speed    0.018 kHz, avg speed    0.018 kHz), accepted    40001/   40001 events (100.00%)
Processed 45868 preselected entries from /eos/cms/store/group/phys_exotica/monoZ/Exorcism2017/TTTo2L2Nu_TuneCP5_13TeV-powheg-pythia8/tree_17.root (45868 entries). Finally selected 45868 entries
Done ./tree_17_Skim.root
18.1343032795 Hz
----- transfer output to eos :
----- directory after running :
.:
total 6408
-rw-r--r--. 1 cfreer zh    1208 Nov 30 06:33 FrameworkJobReport.xml
-rw-r--r--. 1 cfreer zh       0 Nov 30 05:49 _condor_stderr
-rw-r--r--. 1 cfreer zh   79198 Nov 30 06:33 _condor_stdout
-rw-------. 1 cfreer zh    4914 Nov 30 06:33 cfreer.cc
-rw-r--r--. 1 cfreer zh   16092 Nov 30 05:49 combineHLT_Run2.yaml
-rw-r--r--. 1 cfreer zh    5718 Nov 30 05:49 condor_WSProducer.py
-rwxr-xr-x. 1 cfreer zh     837 Nov 30 05:49 condor_exec.exe
-rwxr-xr-x. 1 cfreer zh    2559 Nov 30 05:49 haddnano.py
-rw-r--r--. 1 cfreer zh       8 Nov 30 05:49 keep_and_drop_WS.txt
drwx------. 3 cfreer zh    4096 Nov 30 05:49 tmp
-rw-r--r--. 1 cfreer zh 3210532 Nov 30 06:33 tree_1.root
-rw-r--r--. 1 cfreer zh 3210416 Nov 30 06:33 tree_17_Skim.root
drwx------. 3 cfreer zh    4096 Nov 30 05:49 var

./tmp:
total 4
drwxr-xr-x. 3 cfreer zh 4096 Nov 30 05:49 mjf-cfreer

./tmp/mjf-cfreer:
total 4
drwxr-xr-x. 2 cfreer zh 4096 Nov 30 05:49 jobfeatures-bigbird09.cern.ch_3031798.1_1574960148

./tmp/mjf-cfreer/jobfeatures-bigbird09.cern.ch_3031798.1_1574960148:
total 28
-rw-r--r--. 1 cfreer zh  1 Nov 30 05:49 allocated_cpu
-rw-r--r--. 1 cfreer zh  6 Nov 30 05:49 cpu_limit_secs
-rw-r--r--. 1 cfreer zh 38 Nov 30 05:49 job_id
-rw-r--r--. 1 cfreer zh 10 Nov 30 05:49 jobstart_secs
-rw-r--r--. 1 cfreer zh 10 Nov 30 05:49 max_rss_bytes
-rw-r--r--. 1 cfreer zh 10 Nov 30 05:49 scratch_limit_bytes
-rw-r--r--. 1 cfreer zh  6 Nov 30 05:49 wall_limit_secs

./var:
total 4
drwx------. 2 cfreer zh 4096 Nov 30 05:49 tmp

./var/tmp:
total 0
 ------ THE END (everyone dies !) ----- 
