
/pool/condor/dir_11939

... start job at 2019-11-30 10:50:10
----- directory before running:
.:
total 52
-rw-r--r--. 1 cfreer zh     0 Nov 30 10:50 _condor_stderr
-rw-r--r--. 1 cfreer zh    94 Nov 30 10:50 _condor_stdout
-rw-------. 1 cfreer zh  2642 Nov 30 10:50 cfreer.cc
-rw-r--r--. 1 cfreer zh 16092 Nov 30 10:50 combineHLT_Run2.yaml
-rw-r--r--. 1 cfreer zh  5718 Nov 30 10:50 condor_WSProducer.py
-rwxr-xr-x. 1 cfreer zh   844 Nov 30 10:50 condor_exec.exe
-rwxr-xr-x. 1 cfreer zh  2559 Nov 30 10:50 haddnano.py
-rw-r--r--. 1 cfreer zh     8 Nov 30 10:50 keep_and_drop_WS.txt
drwx------. 3 cfreer zh  4096 Nov 30 10:50 tmp
drwx------. 3 cfreer zh  4096 Nov 30 10:50 var

./tmp:
total 4
drwxr-xr-x. 3 cfreer zh 4096 Nov 30 10:50 mjf-cfreer

./tmp/mjf-cfreer:
total 4
drwxr-xr-x. 2 cfreer zh 4096 Nov 30 10:50 jobfeatures-bigbird09.cern.ch_3031861.7_1574960749

./tmp/mjf-cfreer/jobfeatures-bigbird09.cern.ch_3031861.7_1574960749:
total 28
-rw-r--r--. 1 cfreer zh  1 Nov 30 10:50 allocated_cpu
-rw-r--r--. 1 cfreer zh  6 Nov 30 10:50 cpu_limit_secs
-rw-r--r--. 1 cfreer zh 38 Nov 30 10:50 job_id
-rw-r--r--. 1 cfreer zh 10 Nov 30 10:50 jobstart_secs
-rw-r--r--. 1 cfreer zh 10 Nov 30 10:50 max_rss_bytes
-rw-r--r--. 1 cfreer zh 10 Nov 30 10:50 scratch_limit_bytes
-rw-r--r--. 1 cfreer zh  6 Nov 30 10:50 wall_limit_secs

./var:
total 4
drwx------. 2 cfreer zh 4096 Nov 30 10:50 tmp

./var/tmp:
total 0
----- CMSSW BASE, python path, pwd:
+ CMSSW_BASE  = /afs/cern.ch/work/c/cfreer/MonoZ_2019/MT_plots/CMSSW_10_6_4
+ PYTHON_PATH = 
+ PWD         = /pool/condor/dir_11939
/eos/cms/store/group/phys_exotica/monoZ/Exorcism2017/GluGluToContinToZZTo4mu_13TeV_MCFM701_pythia8/tree_31.root  ->  /eos/cms/store/group/phys_exotica/monoZ/Exorcism2017/GluGluToContinToZZTo4mu_13TeV_MCFM701_pythia8/tree_31.root
Testing file open
Test OK
---------------------------
 -- options  =  Namespace(dataset='X', doSyst=1, era='2017', infile='/eos/cms/store/group/phys_exotica/monoZ/Exorcism2017/GluGluToContinToZZTo4mu_13TeV_MCFM701_pythia8/tree_31.root', isMC=1, jobNum=7, nevt=-1)
 -- is MC    =  1
 -- jobNum   =  7
 -- era      =  2017
 -- in file  =  /eos/cms/store/group/phys_exotica/monoZ/Exorcism2017/GluGluToContinToZZTo4mu_13TeV_MCFM701_pythia8/tree_31.root
 -- dataset  =  X
---------------------------
[check] condtag_ ==  GluGluToContinToZZTo4mu_13TeV_MCFM701_pythia8
[check] dataset  ==  monoZ
modules :  <PhysicsTools.MonoZ.MonoZWSProducer.MonoZWSProducer object at 0x2b5b33f0d890>
modules :  <PhysicsTools.MonoZ.MonoZWSProducer.MonoZWSProducer object at 0x2b5b33f0d950>
modules :  <PhysicsTools.MonoZ.MonoZWSProducer.MonoZWSProducer object at 0x2b5b33f0d990>
modules :  <PhysicsTools.MonoZ.MonoZWSProducer.MonoZWSProducer object at 0x2b5b33f0d9d0>
modules :  <PhysicsTools.MonoZ.MonoZWSProducer.MonoZWSProducer object at 0x2b5b33f0da10>
modules :  <PhysicsTools.MonoZ.MonoZWSProducer.MonoZWSProducer object at 0x2b5b33f0da50>
modules :  <PhysicsTools.MonoZ.MonoZWSProducer.MonoZWSProducer object at 0x2b5b33f0da90>
modules :  <PhysicsTools.MonoZ.MonoZWSProducer.MonoZWSProducer object at 0x2b5b33f0dad0>
modules :  <PhysicsTools.MonoZ.MonoZWSProducer.MonoZWSProducer object at 0x2b5b33f0db10>
modules :  <PhysicsTools.MonoZ.MonoZWSProducer.MonoZWSProducer object at 0x2b5b33f0db50>
modules :  <PhysicsTools.MonoZ.MonoZWSProducer.MonoZWSProducer object at 0x2b5b33f0db90>
modules :  <PhysicsTools.MonoZ.MonoZWSProducer.MonoZWSProducer object at 0x2b5b33f0dbd0>
modules :  <PhysicsTools.MonoZ.MonoZWSProducer.MonoZWSProducer object at 0x2b5b33f0dc10>
modules :  <PhysicsTools.MonoZ.MonoZWSProducer.MonoZWSProducer object at 0x2b5b33f0dc50>
modules :  <PhysicsTools.MonoZ.MonoZWSProducer.MonoZWSProducer object at 0x2b5b33f0dc90>
modules :  <PhysicsTools.MonoZ.MonoZWSProducer.MonoZWSProducer object at 0x2b5b33f0dcd0>
modules :  <PhysicsTools.MonoZ.MonoZWSProducer.MonoZWSProducer object at 0x2b5b33f0dd10>
modules :  <PhysicsTools.MonoZ.MonoZWSProducer.MonoZWSProducer object at 0x2b5b33f0dd50>
modules :  <PhysicsTools.MonoZ.MonoZWSProducer.MonoZWSProducer object at 0x2b5b33f0dd90>
modules :  <PhysicsTools.MonoZ.MonoZWSProducer.MonoZWSProducer object at 0x2b5b33f0ddd0>
modules :  <PhysicsTools.MonoZ.MonoZWSProducer.MonoZWSProducer object at 0x2b5b33f0de10>
modules :  <PhysicsTools.MonoZ.MonoZWSProducer.MonoZWSProducer object at 0x2b5b33f0de50>
modules :  <PhysicsTools.MonoZ.MonoZWSProducer.MonoZWSProducer object at 0x2b5b33f0ded0>
modules :  <PhysicsTools.MonoZ.MonoZWSProducer.MonoZWSProducer object at 0x2b5b33f0df50>
modules :  <PhysicsTools.MonoZ.MonoZWSProducer.MonoZWSProducer object at 0x2b5b33f0dfd0>
modules :  <PhysicsTools.MonoZ.MonoZWSProducer.MonoZWSProducer object at 0x2b5b33f0f090>
modules :  <PhysicsTools.MonoZ.MonoZWSProducer.MonoZWSProducer object at 0x2b5b33f0f0d0>
modules :  <PhysicsTools.MonoZ.MonoZWSProducer.MonoZWSProducer object at 0x2b5b33f0f110>
modules :  <PhysicsTools.MonoZ.MonoZWSProducer.MonoZWSProducer object at 0x2b5b33f0f150>
modules :  <PhysicsTools.MonoZ.MonoZWSProducer.MonoZWSProducer object at 0x2b5b33f0f190>
modules :  <PhysicsTools.MonoZ.MonoZWSProducer.MonoZWSProducer object at 0x2b5b33f0f1d0>
Selection :  
Will write selected trees to .
Pre-select 238645 entries out of 238645 (100.00%)
Processed    10000/  238645 entries,  4.19% (elapsed time   272.7s, curr speed    0.037 kHz, avg speed    0.037 kHz), accepted    10001/   10001 events (100.00%)
Processed    20000/  238645 entries,  8.38% (elapsed time   542.1s, curr speed    0.037 kHz, avg speed    0.037 kHz), accepted    20001/   20001 events (100.00%)
Processed    30000/  238645 entries, 12.57% (elapsed time   792.9s, curr speed    0.040 kHz, avg speAdding file ./tree_31_Skim.root
Merging measMET_monoZ_catSignal-0jet
Merging MT_monoZ_catSignal-0jet
Merging measMET_monoZ_catEM
Merging MT_monoZ_catEM
Merging measMET_monoZ_catSignal-1jet
Merging MT_monoZ_catSignal-1jet
Merging measMET_monoZ_cat3L
Merging MT_monoZ_cat3L
Merging measMET_monoZ_cat4L
Merging MT_monoZ_cat4L
Merging measMET_monoZ_catNRB
Merging MT_monoZ_catNRB
Merging measMET_monoZ_catTOP
Merging MT_monoZ_catTOP
Merging measMET_monoZ_catDY
Merging MT_monoZ_catDY
Merging balance_monoZ
Merging phizmet_monoZ
Merging njet_monoZ
Merging measMET_monoZ_catSignal-0jet_sys_ElectronEnUp
Merging MT_monoZ_catSignal-0jet_sys_ElectronEnUp
Merging measMET_monoZ_catEM_sys_ElectronEnUp
Merging MT_monoZ_catEM_sys_ElectronEnUp
Merging measMET_monoZ_catSignal-1jet_sys_ElectronEnUp
Merging MT_monoZ_catSignal-1jet_sys_ElectronEnUp
Merging measMET_monoZ_cat3L_sys_ElectronEnUp
Merging MT_monoZ_cat3L_sys_ElectronEnUp
Merging measMET_monoZ_cat4L_sys_ElectronEnUp
Merging MT_monoZ_cat4L_sys_ElectronEnUp
Merging measMET_monoZ_catNRB_sys_ElectronEnUp
Merging MT_monoZ_catNRB_sys_ElectronEnUp
Merging measMET_monoZ_catTOP_sys_ElectronEnUp
Merging MT_monoZ_catTOP_sys_ElectronEnUp
Merging measMET_monoZ_catDY_sys_ElectronEnUp
Merging MT_monoZ_catDY_sys_ElectronEnUp
Merging balance_monoZ_sys_ElectronEnUp
Merging phizmet_monoZ_sys_ElectronEnUp
Merging njet_monoZ_sys_ElectronEnUp
Merging measMET_monoZ_catSignal-0jet_sys_ElectronEnDown
Merging MT_monoZ_catSignal-0jet_sys_ElectronEnDown
Merging measMET_monoZ_catEM_sys_ElectronEnDown
Merging MT_monoZ_catEM_sys_ElectronEnDown
Merging measMET_monoZ_catSignal-1jet_sys_ElectronEnDown
Merging MT_monoZ_catSignal-1jet_sys_ElectronEnDown
Merging measMET_monoZ_cat3L_sys_ElectronEnDown
Merging MT_monoZ_cat3L_sys_ElectronEnDown
Merging measMET_monoZ_cat4L_sys_ElectronEnDown
Merging MT_monoZ_cat4L_sys_ElectronEnDown
Merging measMET_monoZ_catNRB_sys_ElectronEnDown
Merging MT_monoZ_catNRB_sys_ElectronEnDown
Merging measMET_monoZ_catTOP_sys_ElectronEnDown
Merging MT_monoZ_catTOP_sys_ElectronEnDown
Merging measMET_monoZ_catDY_sys_ElectronEnDown
Merging MT_monoZ_catDY_sys_ElectronEnDown
Merging balance_monoZ_sys_ElectronEnDown
Merging phizmet_monoZ_sys_ElectronEnDown
Merging njet_monoZ_sys_ElectronEnDown
Merging measMET_monoZ_catSignal-0jet_sys_MuonEnUp
Merging MT_monoZ_catSignal-0jet_sys_MuonEnUp
Merging measMET_monoZ_catEM_sys_MuonEnUp
Merging MT_monoZ_catEM_sys_MuonEnUp
Merging measMET_monoZ_catSignal-1jet_sys_MuonEnUp
Merging MT_monoZ_catSignal-1jet_sys_MuonEnUp
Merging measMET_monoZ_cat3L_sys_MuonEnUp
Merging MT_monoZ_cat3L_sys_MuonEnUp
Merging measMET_monoZ_cat4L_sys_MuonEnUp
Merging MT_monoZ_cat4L_sys_MuonEnUp
Merging measMET_monoZ_catNRB_sys_MuonEnUp
Merging MT_monoZ_catNRB_sys_MuonEnUp
Merging measMET_monoZ_catTOP_sys_MuonEnUp
Merging MT_monoZ_catTOP_sys_MuonEnUp
Merging measMET_monoZ_catDY_sys_MuonEnUp
Merging MT_monoZ_catDY_sys_MuonEnUp
Merging balance_monoZ_sys_MuonEnUp
Merging phizmet_monoZ_sys_MuonEnUp
Merging njet_monoZ_sys_MuonEnUp
Merging measMET_monoZ_catSignal-0jet_sys_MuonEnDown
Merging MT_monoZ_catSignal-0jet_sys_MuonEnDown
Merging measMET_monoZ_catEM_sys_MuonEnDown
Merging MT_monoZ_catEM_sys_MuonEnDown
Merging measMET_monoZ_catSignal-1jet_sys_MuonEnDown
Merging MT_monoZ_catSignal-1jet_sys_MuonEnDown
Merging measMET_monoZ_cat3L_sys_MuonEnDown
Merging MT_monoZ_cat3L_sys_MuonEnDown
Merging measMET_monoZ_cat4L_sys_MuonEnDown
Merging MT_monoZ_cat4L_sys_MuonEnDown
Merging measMET_monoZ_catNRB_sys_MuonEnDown
Merging MT_monoZ_catNRB_sys_MuonEnDown
Merging measMET_monoZ_catTOP_sys_MuonEnDown
Merging MT_monoZ_catTOP_sys_MuonEnDown
Merging measMET_monoZ_catDY_sys_MuonEnDown
Merging MT_monoZ_catDY_sys_MuonEnDown
Merging balance_monoZ_sys_MuonEnDown
Merging phizmet_monoZ_sys_MuonEnDown
Merging njet_monoZ_sys_MuonEnDown
Merging measMET_monoZ_catSignal-0jet_sys_jesTotalUp
Merging MT_monoZ_catSignal-0jet_sys_jesTotalUp
Merging measMET_monoZ_catEM_sys_jesTotalUp
Merging MT_monoZ_catEM_sys_jesTotalUp
Merging measMET_monoZ_catSignal-1jet_sys_jesTotalUp
Merging MT_monoZ_catSignal-1jet_sys_jesTotalUp
Merging measMET_monoZ_cat3L_sys_jesTotalUp
Merging MT_monoZ_cat3L_sys_jesTotalUp
Merging measMET_monoZ_cat4L_sys_jesTotalUp
Merging MT_monoZ_cat4L_sys_jesTotalUp
Merging measMET_monoZ_catNRB_sys_jesTotalUp
Merging MT_monoZ_catNRB_sys_jesTotalUp
Merging measMET_monoZ_catTOP_sys_jesTotalUp
Merging MT_monoZ_catTOP_sys_jesTotalUp
Merging measMET_monoZ_catDY_sys_jesTotalUp
Merging MT_monoZ_catDY_sys_jesTotalUp
Merging balance_monoZ_sys_jesTotalUp
Merging phizmet_monoZ_sys_jesTotalUp
Merging njet_monoZ_sys_jesTotalUp
Merging measMET_monoZ_catSignal-0jet_sys_jesTotalDown
Merging MT_monoZ_catSignal-0jet_sys_jesTotalDown
Merging measMET_monoZ_catEM_sys_jesTotalDown
Merging MT_monoZ_catEM_sys_jesTotalDown
Merging measMET_monoZ_catSignal-1jet_sys_jesTotalDown
Merging MT_monoZ_catSignal-1jet_sys_jesTotalDown
Merging measMET_monoZ_cat3L_sys_jesTotalDown
Merging MT_monoZ_cat3L_sys_jesTotalDown
Merging measMET_monoZ_cat4L_sys_jesTotalDown
Merging MT_monoZ_cat4L_sys_jesTotalDown
Merging measMET_monoZ_catNRB_sys_jesTotalDown
Merging MT_monoZ_catNRB_sys_jesTotalDown
Merging measMET_monoZ_catTOP_sys_jesTotalDown
Merging MT_monoZ_catTOP_sys_jesTotalDown
Merging measMET_monoZ_catDY_sys_jesTotalDown
Merging MT_monoZ_catDY_sys_jesTotalDown
Merging balance_monoZ_sys_jesTotalDown
Merging phizmet_monoZ_sys_jesTotalDown
Merging njet_monoZ_sys_jesTotalDown
Merging measMET_monoZ_catSignal-0jet_sys_jerUp
Merging MT_monoZ_catSignal-0jet_sys_jerUp
Merging measMET_monoZ_catEM_sys_jerUp
Merging MT_monoZ_catEM_sys_jerUp
Merging measMET_monoZ_catSignal-1jet_sys_jerUp
Merging MT_monoZ_catSignal-1jet_sys_jerUp
Merging measMET_monoZ_cat3L_sys_jerUp
Merging MT_monoZ_cat3L_sys_jerUp
Merging measMET_monoZ_cat4L_sys_jerUp
Merging MT_monoZ_cat4L_sys_jerUp
Merging measMET_monoZ_catNRB_sys_jerUp
Merging MT_monoZ_catNRB_sys_jerUp
Merging measMET_monoZ_catTOP_sys_jerUp
Merging MT_monoZ_catTOP_sys_jerUp
Merging measMET_monoZ_catDY_sys_jerUp
Merging MT_monoZ_catDY_sys_jerUp
Merging balance_monoZ_sys_jerUp
Merging phizmet_monoZ_sys_jerUp
Merging njet_monoZ_sys_jerUp
Merging measMET_monoZ_catSignal-0jet_sys_jerDown
Merging MT_monoZ_catSignal-0jet_sys_jerDown
Merging measMET_monoZ_catEM_sys_jerDown
Merging MT_monoZ_catEM_sys_jerDown
Merging measMET_monoZ_catSignal-1jet_sys_jerDown
Merging MT_monoZ_catSignal-1jet_sys_jerDown
Merging measMET_monoZ_cat3L_sys_jerDown
Merging MT_monoZ_cat3L_sys_jerDown
Merging measMET_monoZ_cat4L_sys_jerDown
Merging MT_monoZ_cat4L_sys_jerDown
Merging measMET_monoZ_catNRB_sys_jerDown
Merging MT_monoZ_catNRB_sys_jerDown
Merging measMET_monoZ_catTOP_sys_jerDown
Merging MT_monoZ_catTOP_sys_jerDown
Merging measMET_monoZ_catDY_sys_jerDown
Merging MT_monoZ_catDY_sys_jerDown
Merging balance_monoZ_sys_jerDown
Merging phizmet_monoZ_sys_jerDown
Merging njet_monoZ_sys_jerDown
Merging measMET_monoZ_catSignal-0jet_sys_puWeightUp
Merging MT_monoZ_catSignal-0jet_sys_puWeightUp
Merging measMET_monoZ_catEM_sys_puWeightUp
Merging MT_monoZ_catEM_sys_puWeightUp
Merging measMET_monoZ_catSignal-1jet_sys_puWeightUp
Merging MT_monoZ_catSignal-1jet_sys_puWeightUp
Merging measMET_monoZ_cat3L_sys_puWeightUp
Merging MT_monoZ_cat3L_sys_puWeightUp
Merging measMET_monoZ_cat4L_sys_puWeightUp
Merging MT_monoZ_cat4L_sys_puWeightUp
Merging measMET_monoZ_catNRB_sys_puWeightUp
Merging MT_monoZ_catNRB_sys_puWeightUp
Merging measMET_monoZ_catTOP_sys_puWeightUp
Merging MT_monoZ_catTOP_sys_puWeightUp
Merging measMET_monoZ_catDY_sys_puWeightUp
Merging MT_monoZ_catDY_sys_puWeightUp
Merging balance_monoZ_sys_puWeightUp
Merging phizmet_monoZ_sys_puWeightUp
Merging njet_monoZ_sys_puWeightUp
Merging measMET_monoZ_catSignal-0jet_sys_puWeightDown
Merging MT_monoZ_catSignal-0jet_sys_puWeightDown
Merging measMET_monoZ_catEM_sys_puWeightDown
Merging MT_monoZ_catEM_sys_puWeightDown
Merging measMET_monoZ_catSignal-1jet_sys_puWeightDown
Merging MT_monoZ_catSignal-1jet_sys_puWeightDown
Merging measMET_monoZ_cat3L_sys_puWeightDown
Merging MT_monoZ_cat3L_sys_puWeightDown
Merging measMET_monoZ_cat4L_sys_puWeightDown
Merging MT_monoZ_cat4L_sys_puWeightDown
Merging measMET_monoZ_catNRB_sys_puWeightDown
Merging MT_monoZ_catNRB_sys_puWeightDown
Merging measMET_monoZ_catTOP_sys_puWeightDown
Merging MT_monoZ_catTOP_sys_puWeightDown
Merging measMET_monoZ_catDY_sys_puWeightDown
Merging MT_monoZ_catDY_sys_puWeightDown
Merging balance_monoZ_sys_puWeightDown
Merging phizmet_monoZ_sys_puWeightDown
Merging njet_monoZ_sys_puWeightDown
Merging measMET_monoZ_catSignal-0jet_sys_PDFUp
Merging MT_monoZ_catSignal-0jet_sys_PDFUp
Merging measMET_monoZ_catEM_sys_PDFUp
Merging MT_monoZ_catEM_sys_PDFUp
Merging measMET_monoZ_catSignal-1jet_sys_PDFUp
Merging MT_monoZ_catSignal-1jet_sys_PDFUp
Merging measMET_monoZ_cat3L_sys_PDFUp
Merging MT_monoZ_cat3L_sys_PDFUp
Merging measMET_monoZ_cat4L_sys_PDFUp
Merging MT_monoZ_cat4L_sys_PDFUp
Merging measMET_monoZ_catNRB_sys_PDFUp
Merging MT_monoZ_catNRB_sys_PDFUp
Merging measMET_monoZ_catTOP_sys_PDFUp
Merging MT_monoZ_catTOP_sys_PDFUp
Merging measMET_monoZ_catDY_sys_PDFUp
Merging MT_monoZ_catDY_sys_PDFUp
Merging balance_monoZ_sys_PDFUp
Merging phizmet_monoZ_sys_PDFUp
Merging njet_monoZ_sys_PDFUp
Merging measMET_monoZ_catSignal-0jet_sys_PDFDown
Merging MT_monoZ_catSignal-0jet_sys_PDFDown
Merging measMET_monoZ_catEM_sys_PDFDown
Merging MT_monoZ_catEM_sys_PDFDown
Merging measMET_monoZ_catSignal-1jet_sys_PDFDown
Merging MT_monoZ_catSignal-1jet_sys_PDFDown
Merging measMET_monoZ_cat3L_sys_PDFDown
Merging MT_monoZ_cat3L_sys_PDFDown
Merging measMET_monoZ_cat4L_sys_PDFDown
Merging MT_monoZ_cat4L_sys_PDFDown
Merging measMET_monoZ_catNRB_sys_PDFDown
Merging MT_monoZ_catNRB_sys_PDFDown
Merging measMET_monoZ_catTOP_sys_PDFDown
Merging MT_monoZ_catTOP_sys_PDFDown
Merging measMET_monoZ_catDY_sys_PDFDown
Merging MT_monoZ_catDY_sys_PDFDown
Merging balance_monoZ_sys_PDFDown
Merging phizmet_monoZ_sys_PDFDown
Merging njet_monoZ_sys_PDFDown
Merging measMET_monoZ_catSignal-0jet_sys_MuonSFUp
Merging MT_monoZ_catSignal-0jet_sys_MuonSFUp
Merging measMET_monoZ_catEM_sys_MuonSFUp
Merging MT_monoZ_catEM_sys_MuonSFUp
Merging measMET_monoZ_catSignal-1jet_sys_MuonSFUp
Merging MT_monoZ_catSignal-1jet_sys_MuonSFUp
Merging measMET_monoZ_cat3L_sys_MuonSFUp
Merging MT_monoZ_cat3L_sys_MuonSFUp
Merging measMET_monoZ_cat4L_sys_MuonSFUp
Merging MT_monoZ_cat4L_sys_MuonSFUp
Merging measMET_monoZ_catNRB_sys_MuonSFUp
Merging MT_monoZ_catNRB_sys_MuonSFUp
Merging measMET_monoZ_catTOP_sys_MuonSFUp
Merging MT_monoZ_catTOP_sys_MuonSFUp
Merging measMET_monoZ_catDY_sys_MuonSFUp
Merging MT_monoZ_catDY_sys_MuonSFUp
Merging balance_monoZ_sys_MuonSFUp
Merging phizmet_monoZ_sys_MuonSFUp
Merging njet_monoZ_sys_MuonSFUp
Merging measMET_monoZ_catSignal-0jet_sys_MuonSFDown
Merging MT_monoZ_catSignal-0jet_sys_MuonSFDown
Merging measMET_monoZ_catEM_sys_MuonSFDown
Merging MT_monoZ_catEM_sys_MuonSFDown
Merging measMET_monoZ_catSignal-1jet_sys_MuonSFDown
Merging MT_monoZ_catSignal-1jet_sys_MuonSFDown
Merging measMET_monoZ_cat3L_sys_MuonSFDown
Merging MT_monoZ_cat3L_sys_MuonSFDown
Merging measMET_monoZ_cat4L_sys_MuonSFDown
Merging MT_monoZ_cat4L_sys_MuonSFDown
Merging measMET_monoZ_catNRB_sys_MuonSFDown
Merging MT_monoZ_catNRB_sys_MuonSFDown
Merging measMET_monoZ_catTOP_sys_MuonSFDown
Merging MT_monoZ_catTOP_sys_MuonSFDown
Merging measMET_monoZ_catDY_sys_MuonSFDown
Merging MT_monoZ_catDY_sys_MuonSFDown
Merging balance_monoZ_sys_MuonSFDown
Merging phizmet_monoZ_sys_MuonSFDown
Merging njet_monoZ_sys_MuonSFDown
Merging measMET_monoZ_catSignal-0jet_sys_ElecronSFUp
Merging MT_monoZ_catSignal-0jet_sys_ElecronSFUp
Merging measMET_monoZ_catEM_sys_ElecronSFUp
Merging MT_monoZ_catEM_sys_ElecronSFUp
Merging measMET_monoZ_catSignal-1jet_sys_ElecronSFUp
Merging MT_monoZ_catSignal-1jet_sys_ElecronSFUp
Merging measMET_monoZ_cat3L_sys_ElecronSFUp
Merging MT_monoZ_cat3L_sys_ElecronSFUp
Merging measMET_monoZ_cat4L_sys_ElecronSFUp
Merging MT_monoZ_cat4L_sys_ElecronSFUp
Merging measMET_monoZ_catNRB_sys_ElecronSFUp
Merging MT_monoZ_catNRB_sys_ElecronSFUp
Merging measMET_monoZ_catTOP_sys_ElecronSFUp
Merging MT_monoZ_catTOP_sys_ElecronSFUp
Merging measMET_monoZ_catDY_sys_ElecronSFUp
Merging MT_monoZ_catDY_sys_ElecronSFUp
Merging balance_monoZ_sys_ElecronSFUp
Merging phizmet_monoZ_sys_ElecronSFUp
Merging njet_monoZ_sys_ElecronSFUp
Merging measMET_monoZ_catSignal-0jet_sys_ElecronSFDown
Merging MT_monoZ_catSignal-0jet_sys_ElecronSFDown
Merging measMET_monoZ_catEM_sys_ElecronSFDown
Merging MT_monoZ_catEM_sys_ElecronSFDown
Merging measMET_monoZ_catSignal-1jet_sys_ElecronSFDown
Merging MT_monoZ_catSignal-1jet_sys_ElecronSFDown
Merging measMET_monoZ_cat3L_sys_ElecronSFDown
Merging MT_monoZ_cat3L_sys_ElecronSFDown
Merging measMET_monoZ_cat4L_sys_ElecronSFDown
Merging MT_monoZ_cat4L_sys_ElecronSFDown
Merging measMET_monoZ_catNRB_sys_ElecronSFDown
Merging MT_monoZ_catNRB_sys_ElecronSFDown
Merging measMET_monoZ_catTOP_sys_ElecronSFDown
Merging MT_monoZ_catTOP_sys_ElecronSFDown
Merging measMET_monoZ_catDY_sys_ElecronSFDown
Merging MT_monoZ_catDY_sys_ElecronSFDown
Merging balance_monoZ_sys_ElecronSFDown
Merging phizmet_monoZ_sys_ElecronSFDown
Merging njet_monoZ_sys_ElecronSFDown
Merging measMET_monoZ_catSignal-0jet_sys_EWKUp
Merging MT_monoZ_catSignal-0jet_sys_EWKUp
Merging measMET_monoZ_catEM_sys_EWKUp
Merging MT_monoZ_catEM_sys_EWKUp
Merging measMET_monoZ_catSignal-1jet_sys_EWKUp
Merging MT_monoZ_catSignal-1jet_sys_EWKUp
Merging measMET_monoZ_cat3L_sys_EWKUp
Merging MT_monoZ_cat3L_sys_EWKUp
Merging measMET_monoZ_cat4L_sys_EWKUp
Merging MT_monoZ_cat4L_sys_EWKUp
Merging measMET_monoZ_catNRB_sys_EWKUp
Merging MT_monoZ_catNRB_sys_EWKUp
Merging measMET_monoZ_catTOP_sys_EWKUp
Merging MT_monoZ_catTOP_sys_EWKUp
Merging measMET_monoZ_catDY_sys_EWKUp
Merging MT_monoZ_catDY_sys_EWKUp
Merging balance_monoZ_sys_EWKUp
Merging phizmet_monoZ_sys_EWKUp
Merging njet_monoZ_sys_EWKUp
Merging measMET_monoZ_catSignal-0jet_sys_EWKDown
Merging MT_monoZ_catSignal-0jet_sys_EWKDown
Merging measMET_monoZ_catEM_sys_EWKDown
Merging MT_monoZ_catEM_sys_EWKDown
Merging measMET_monoZ_catSignal-1jet_sys_EWKDown
Merging MT_monoZ_catSignal-1jet_sys_EWKDown
Merging measMET_monoZ_cat3L_sys_EWKDown
Merging MT_monoZ_cat3L_sys_EWKDown
Merging measMET_monoZ_cat4L_sys_EWKDown
Merging MT_monoZ_cat4L_sys_EWKDown
Merging measMET_monoZ_catNRB_sys_EWKDown
Merging MT_monoZ_catNRB_sys_EWKDown
Merging measMET_monoZ_catTOP_sys_EWKDown
Merging MT_monoZ_catTOP_sys_EWKDown
Merging measMET_monoZ_catDY_sys_EWKDown
Merging MT_monoZ_catDY_sys_EWKDown
Merging balance_monoZ_sys_EWKDown
Merging phizmet_monoZ_sys_EWKDown
Merging njet_monoZ_sys_EWKDown
Merging measMET_monoZ_catSignal-0jet_sys_nvtxWeightUp
Merging MT_monoZ_catSignal-0jet_sys_nvtxWeightUp
Merging measMET_monoZ_catEM_sys_nvtxWeightUp
Merging MT_monoZ_catEM_sys_nvtxWeightUp
Merging measMET_monoZ_catSignal-1jet_sys_nvtxWeightUp
Merging MT_monoZ_catSignal-1jet_sys_nvtxWeightUp
Merging measMET_monoZ_cat3L_sys_nvtxWeightUp
Merging MT_monoZ_cat3L_sys_nvtxWeightUp
Merging measMET_monoZ_cat4L_sys_nvtxWeightUp
Merging MT_monoZ_cat4L_sys_nvtxWeightUp
Merging measMET_monoZ_catNRB_sys_nvtxWeightUp
Merging MT_monoZ_catNRB_sys_nvtxWeightUp
Merging measMET_monoZ_catTOP_sys_nvtxWeightUp
Merging MT_monoZ_catTOP_sys_nvtxWeightUp
Merging measMET_monoZ_catDY_sys_nvtxWeightUp
Merging MT_monoZ_catDY_sys_nvtxWeightUp
Merging balance_monoZ_sys_nvtxWeightUp
Merging phizmet_monoZ_sys_nvtxWeightUp
Merging njet_monoZ_sys_nvtxWeightUp
Merging measMET_monoZ_catSignal-0jet_sys_nvtxWeightDown
Merging MT_monoZ_catSignal-0jet_sys_nvtxWeightDown
Merging measMET_monoZ_catEM_sys_nvtxWeightDown
Merging MT_monoZ_catEM_sys_nvtxWeightDown
Merging measMET_monoZ_catSignal-1jet_sys_nvtxWeightDown
Merging MT_monoZ_catSignal-1jet_sys_nvtxWeightDown
Merging measMET_monoZ_cat3L_sys_nvtxWeightDown
Merging MT_monoZ_cat3L_sys_nvtxWeightDown
Merging measMET_monoZ_cat4L_sys_nvtxWeightDown
Merging MT_monoZ_cat4L_sys_nvtxWeightDown
Merging measMET_monoZ_catNRB_sys_nvtxWeightDown
Merging MT_monoZ_catNRB_sys_nvtxWeightDown
Merging measMET_monoZ_catTOP_sys_nvtxWeightDown
Merging MT_monoZ_catTOP_sys_nvtxWeightDown
Merging measMET_monoZ_catDY_sys_nvtxWeightDown
Merging MT_monoZ_catDY_sys_nvtxWeightDown
Merging balance_monoZ_sys_nvtxWeightDown
Merging phizmet_monoZ_sys_nvtxWeightDown
Merging njet_monoZ_sys_nvtxWeightDown
Merging measMET_monoZ_catSignal-0jet_sys_TriggerSFWeightUp
Merging MT_monoZ_catSignal-0jet_sys_TriggerSFWeightUp
Merging measMET_monoZ_catEM_sys_TriggerSFWeightUp
Merging MT_monoZ_catEM_sys_TriggerSFWeightUp
Merging measMET_monoZ_catSignal-1jet_sys_TriggerSFWeightUp
Merging MT_monoZ_catSignal-1jet_sys_TriggerSFWeightUp
Merging measMET_monoZ_cat3L_sys_TriggerSFWeightUp
Merging MT_monoZ_cat3L_sys_TriggerSFWeightUp
Merging measMET_monoZ_cat4L_sys_TriggerSFWeightUp
Merging MT_monoZ_cat4L_sys_TriggerSFWeightUp
Merging measMET_monoZ_catNRB_sys_TriggerSFWeightUp
Merging MT_monoZ_catNRB_sys_TriggerSFWeightUp
Merging measMET_monoZ_catTOP_sys_TriggerSFWeightUp
Merging MT_monoZ_catTOP_sys_TriggerSFWeightUp
Merging measMET_monoZ_catDY_sys_TriggerSFWeightUp
Merging MT_monoZ_catDY_sys_TriggerSFWeightUp
Merging balance_monoZ_sys_TriggerSFWeightUp
Merging phizmet_monoZ_sys_TriggerSFWeightUp
Merging njet_monoZ_sys_TriggerSFWeightUp
Merging measMET_monoZ_catSignal-0jet_sys_TriggerSFWeightDown
Merging MT_monoZ_catSignal-0jet_sys_TriggerSFWeightDown
Merging measMET_monoZ_catEM_sys_TriggerSFWeightDown
Merging MT_monoZ_catEM_sys_TriggerSFWeightDown
Merging measMET_monoZ_catSignal-1jet_sys_TriggerSFWeightDown
Merging MT_monoZ_catSignal-1jet_sys_TriggerSFWeightDown
Merging measMET_monoZ_cat3L_sys_TriggerSFWeightDown
Merging MT_monoZ_cat3L_sys_TriggerSFWeightDown
Merging measMET_monoZ_cat4L_sys_TriggerSFWeightDown
Merging MT_monoZ_cat4L_sys_TriggerSFWeightDown
Merging measMET_monoZ_catNRB_sys_TriggerSFWeightDown
Merging MT_monoZ_catNRB_sys_TriggerSFWeightDown
Merging measMET_monoZ_catTOP_sys_TriggerSFWeightDown
Merging MT_monoZ_catTOP_sys_TriggerSFWeightDown
Merging measMET_monoZ_catDY_sys_TriggerSFWeightDown
Merging MT_monoZ_catDY_sys_TriggerSFWeightDown
Merging balance_monoZ_sys_TriggerSFWeightDown
Merging phizmet_monoZ_sys_TriggerSFWeightDown
Merging njet_monoZ_sys_TriggerSFWeightDown
Merging measMET_monoZ_catSignal-0jet_sys_btagEventWeightUp
Merging MT_monoZ_catSignal-0jet_sys_btagEventWeightUp
Merging measMET_monoZ_catEM_sys_btagEventWeightUp
Merging MT_monoZ_catEM_sys_btagEventWeightUp
Merging measMET_monoZ_catSignal-1jet_sys_btagEventWeightUp
Merging MT_monoZ_catSignal-1jet_sys_btagEventWeightUp
Merging measMET_monoZ_cat3L_sys_btagEventWeightUp
Merging MT_monoZ_cat3L_sys_btagEventWeightUp
Merging measMET_monoZ_cat4L_sys_btagEventWeightUp
Merging MT_monoZ_cat4L_sys_btagEventWeightUp
Merging measMET_monoZ_catNRB_sys_btagEventWeightUp
Merging MT_monoZ_catNRB_sys_btagEventWeightUp
Merging measMET_monoZ_catTOP_sys_btagEventWeightUp
Merging MT_monoZ_catTOP_sys_btagEventWeightUp
Merging measMET_monoZ_catDY_sys_btagEventWeightUp
Merging MT_monoZ_catDY_sys_btagEventWeightUp
Merging balance_monoZ_sys_btagEventWeightUp
Merging phizmet_monoZ_sys_btagEventWeightUp
Merging njet_monoZ_sys_btagEventWeightUp
Merging measMET_monoZ_catSignal-0jet_sys_btagEventWeightDown
Merging MT_monoZ_catSignal-0jet_sys_btagEventWeightDown
Merging measMET_monoZ_catEM_sys_btagEventWeightDown
Merging MT_monoZ_catEM_sys_btagEventWeightDown
Merging measMET_monoZ_catSignal-1jet_sys_btagEventWeightDown
Merging MT_monoZ_catSignal-1jet_sys_btagEventWeightDown
Merging measMET_monoZ_cat3L_sys_btagEventWeightDown
Merging MT_monoZ_cat3L_sys_btagEventWeightDown
Merging measMET_monoZ_cat4L_sys_btagEventWeightDown
Merging MT_monoZ_cat4L_sys_btagEventWeightDown
Merging measMET_monoZ_catNRB_sys_btagEventWeightDown
Merging MT_monoZ_catNRB_sys_btagEventWeightDown
Merging measMET_monoZ_catTOP_sys_btagEventWeightDown
Merging MT_monoZ_catTOP_sys_btagEventWeightDown
Merging measMET_monoZ_catDY_sys_btagEventWeightDown
Merging MT_monoZ_catDY_sys_btagEventWeightDown
Merging balance_monoZ_sys_btagEventWeightDown
Merging phizmet_monoZ_sys_btagEventWeightDown
Merging njet_monoZ_sys_btagEventWeightDown
Merging measMET_monoZ_catSignal-0jet_sys_QCDScale0wUp
Merging MT_monoZ_catSignal-0jet_sys_QCDScale0wUp
Merging measMET_monoZ_catEM_sys_QCDScale0wUp
Merging MT_monoZ_catEM_sys_QCDScale0wUp
Merging measMET_monoZ_catSignal-1jet_sys_QCDScale0wUp
Merging MT_monoZ_catSignal-1jet_sys_QCDScale0wUp
Merging measMET_monoZ_cat3L_sys_QCDScale0wUp
Merging MT_monoZ_cat3L_sys_QCDScale0wUp
Merging measMET_monoZ_cat4L_sys_QCDScale0wUp
Merging MT_monoZ_cat4L_sys_QCDScale0wUp
Merging measMET_monoZ_catNRB_sys_QCDScale0wUp
Merging MT_monoZ_catNRB_sys_QCDScale0wUp
Merging measMET_monoZ_catTOP_sys_QCDScale0wUp
Merging MT_monoZ_catTOP_sys_QCDScale0wUp
Merging measMET_monoZ_catDY_sys_QCDScale0wUp
Merging MT_monoZ_catDY_sys_QCDScale0wUp
Merging balance_monoZ_sys_QCDScale0wUp
Merging phizmet_monoZ_sys_QCDScale0wUp
Merging njet_monoZ_sys_QCDScale0wUp
Merging measMET_monoZ_catSignal-0jet_sys_QCDScale0wDown
Merging MT_monoZ_catSignal-0jet_sys_QCDScale0wDown
Merging measMET_monoZ_catEM_sys_QCDScale0wDown
Merging MT_monoZ_catEM_sys_QCDScale0wDown
Merging measMET_monoZ_catSignal-1jet_sys_QCDScale0wDown
Merging MT_monoZ_catSignal-1jet_sys_QCDScale0wDown
Merging measMET_monoZ_cat3L_sys_QCDScale0wDown
Merging MT_monoZ_cat3L_sys_QCDScale0wDown
Merging measMET_monoZ_cat4L_sys_QCDScale0wDown
Merging MT_monoZ_cat4L_sys_QCDScale0wDown
Merging measMET_monoZ_catNRB_sys_QCDScale0wDown
Merging MT_monoZ_catNRB_sys_QCDScale0wDown
Merging measMET_monoZ_catTOP_sys_QCDScale0wDown
Merging MT_monoZ_catTOP_sys_QCDScale0wDown
Merging measMET_monoZ_catDY_sys_QCDScale0wDown
Merging MT_monoZ_catDY_sys_QCDScale0wDown
Merging balance_monoZ_sys_QCDScale0wDown
Merging phizmet_monoZ_sys_QCDScale0wDown
Merging njet_monoZ_sys_QCDScale0wDown
Merging measMET_monoZ_catSignal-0jet_sys_QCDScale1wUp
Merging MT_monoZ_catSignal-0jet_sys_QCDScale1wUp
Merging measMET_monoZ_catEM_sys_QCDScale1wUp
Merging MT_monoZ_catEM_sys_QCDScale1wUp
Merging measMET_monoZ_catSignal-1jet_sys_QCDScale1wUp
Merging MT_monoZ_catSignal-1jet_sys_QCDScale1wUp
Merging measMET_monoZ_cat3L_sys_QCDScale1wUp
Merging MT_monoZ_cat3L_sys_QCDScale1wUp
Merging measMET_monoZ_cat4L_sys_QCDScale1wUp
Merging MT_monoZ_cat4L_sys_QCDScale1wUp
Merging measMET_monoZ_catNRB_sys_QCDScale1wUp
Merging MT_monoZ_catNRB_sys_QCDScale1wUp
Merging measMET_monoZ_catTOP_sys_QCDScale1wUp
Merging MT_monoZ_catTOP_sys_QCDScale1wUp
Merging measMET_monoZ_catDY_sys_QCDScale1wUp
Merging MT_monoZ_catDY_sys_QCDScale1wUp
Merging balance_monoZ_sys_QCDScale1wUp
Merging phizmet_monoZ_sys_QCDScale1wUp
Merging njet_monoZ_sys_QCDScale1wUp
Merging measMET_monoZ_catSignal-0jet_sys_QCDScale1wDown
Merging MT_monoZ_catSignal-0jet_sys_QCDScale1wDown
Merging measMET_monoZ_catEM_sys_QCDScale1wDown
Merging MT_monoZ_catEM_sys_QCDScale1wDown
Merging measMET_monoZ_catSignal-1jet_sys_QCDScale1wDown
Merging MT_monoZ_catSignal-1jet_sys_QCDScale1wDown
Merging measMET_monoZ_cat3L_sys_QCDScale1wDown
Merging MT_monoZ_cat3L_sys_QCDScale1wDown
Merging measMET_monoZ_cat4L_sys_QCDScale1wDown
Merging MT_monoZ_cat4L_sys_QCDScale1wDown
Merging measMET_monoZ_catNRB_sys_QCDScale1wDown
Merging MT_monoZ_catNRB_sys_QCDScale1wDown
Merging measMET_monoZ_catTOP_sys_QCDScale1wDown
Merging MT_monoZ_catTOP_sys_QCDScale1wDown
Merging measMET_monoZ_catDY_sys_QCDScale1wDown
Merging MT_monoZ_catDY_sys_QCDScale1wDown
Merging balance_monoZ_sys_QCDScale1wDown
Merging phizmet_monoZ_sys_QCDScale1wDown
Merging njet_monoZ_sys_QCDScale1wDown
Merging measMET_monoZ_catSignal-0jet_sys_QCDScale2wUp
Merging MT_monoZ_catSignal-0jet_sys_QCDScale2wUp
Merging measMET_monoZ_catEM_sys_QCDScale2wUp
Merging MT_monoZ_catEM_sys_QCDScale2wUp
Merging measMET_monoZ_catSignal-1jet_sys_QCDScale2wUp
Merging MT_monoZ_catSignal-1jet_sys_QCDScale2wUp
Merging measMET_monoZ_cat3L_sys_QCDScale2wUp
Merging MT_monoZ_cat3L_sys_QCDScale2wUp
Merging measMET_monoZ_cat4L_sys_QCDScale2wUp
Merging MT_monoZ_cat4L_sys_QCDScale2wUp
Merging measMET_monoZ_catNRB_sys_QCDScale2wUp
Merging MT_monoZ_catNRB_sys_QCDScale2wUp
Merging measMET_monoZ_catTOP_sys_QCDScale2wUp
Merging MT_monoZ_catTOP_sys_QCDScale2wUp
Merging measMET_monoZ_catDY_sys_QCDScale2wUp
Merging MT_monoZ_catDY_sys_QCDScale2wUp
Merging balance_monoZ_sys_QCDScale2wUp
Merging phizmet_monoZ_sys_QCDScale2wUp
Merging njet_monoZ_sys_QCDScale2wUp
Merging measMET_monoZ_catSignal-0jet_sys_QCDScale2wDown
Merging MT_monoZ_catSignal-0jet_sys_QCDScale2wDown
Merging measMET_monoZ_catEM_sys_QCDScale2wDown
Merging MT_monoZ_catEM_sys_QCDScale2wDown
Merging measMET_monoZ_catSignal-1jet_sys_QCDScale2wDown
Merging MT_monoZ_catSignal-1jet_sys_QCDScale2wDown
Merging measMET_monoZ_cat3L_sys_QCDScale2wDown
Merging MT_monoZ_cat3L_sys_QCDScale2wDown
Merging measMET_monoZ_cat4L_sys_QCDScale2wDown
Merging MT_monoZ_cat4L_sys_QCDScale2wDown
Merging measMET_monoZ_catNRB_sys_QCDScale2wDown
Merging MT_monoZ_catNRB_sys_QCDScale2wDown
Merging measMET_monoZ_catTOP_sys_QCDScale2wDown
Merging MT_monoZ_catTOP_sys_QCDScale2wDown
Merging measMET_monoZ_catDY_sys_QCDScale2wDown
Merging MT_monoZ_catDY_sys_QCDScale2wDown
Merging balance_monoZ_sys_QCDScale2wDown
Merging phizmet_monoZ_sys_QCDScale2wDown
Merging njet_monoZ_sys_QCDScale2wDown
Merging Events
Merging Runs
Merging ParameterSets
Merging LuminosityBlocks
Merging MetaData
Merging MT_GluGluToContinToZZTo4mu_13TeV_MCFM701_pythia8_catSignal-0jet_sys_ElectronEnDown
Merging phizmet_GluGluToContinToZZTo4mu_13TeV_MCFM701_pythia8_sys_btagEventWeightUp
Merging phizmet_GluGluToContinToZZTo4mu_13TeV_MCFM701_pythia8_sys_QCDScale0wDown
Merging MT_GluGluToContinToZZTo4mu_13TeV_MCFM701_pythia8_catNRB_sys_puWeightDown
Merging MT_GluGluToContinToZZTo4mu_13TeV_MCFM701_pythia8_catSignal-0jet_sys_btagEventWeightDown
Merging measMET_GluGluToContinToZZTo4mu_13TeV_MCFM701_pythia8_catSignal-0jet_sys_QCDScale1wUp
Merging measMET_GluGluToContinToZZTo4mu_13TeV_MCFM701_pythia8_catSignal-1jet_sys_jesTotalDown
Merging measMET_GluGluToContinToZZTo4mu_13TeV_MCFM701_pythia8_cat3L_sys_MuonSFDown
Merging MT_GluGluToContinToZZTo4mu_13TeV_MCFM701_pythia8_catTOP_sys_ElecronSFDown
Merging MT_GluGluToContinToZZTo4mu_13TeV_MCFM701_pythia8_catSignal-1jet_sys_ElecronSFUp
Merging MT_GluGluToContinToZZTo4mu_13TeV_MCFM701_pythia8_catSignal-1jet_sys_EWKUp
Merging MT_GluGluToContinToZZTo4mu_13TeV_MCFM701_pythia8_catEM_sys_ElectronEnUp
Merging measMET_GluGluToContinToZZTo4mu_13TeV_MCFM701_pythia8_catTOP_sys_TriggerSFWeightUp
Merging MT_GluGluToContinToZZTo4mu_13TeV_MCFM701_pythia8_cat4L_sys_TriggerSFWeightUp
Merging measMET_GluGluToContinToZZTo4mu_13TeV_MCFM701_pythia8_catDY_sys_jesTotalDown
Merging measMET_GluGluToContinToZZTo4mu_13TeV_MCFM701_pythia8_catSignal-0jet_sys_QCDScale1wDown
Merging MT_GluGluToContinToZZTo4mu_13TeV_MCFM701_pythia8_catTOP_sys_QCDScale2wUp
Merging MT_GluGluToContinToZZTo4mu_13TeV_MCFM701_pythia8_catDY_sys_nvtxWeightUp
Merging phizmet_GluGluToContinToZZTo4mu_13TeV_MCFM701_pythia8_sys_EWKUp
Merging measMET_GluGluToContinToZZTo4mu_13TeV_MCFM701_pythia8_catEM_sys_MuonSFDown
Merging measMET_GluGluToContinToZZTo4mu_13TeV_MCFM701_pythia8_catSignal-1jet_sys_puWeightDown
Merging measMET_GluGluToContinToZZTo4mu_13TeV_MCFM701_pythia8_catEM_sys_PrefireWeightUp
Merging measMET_GluGluToContinToZZTo4mu_13TeV_MCFM701_pythia8_catTOP_sys_QCDScale1wUp
Merging measMET_GluGluToContinToZZTo4mu_13TeV_MCFM701_pythia8_catDY_sys_QCDScale2wUp
Merging measMET_GluGluToContinToZZTo4mu_13TeV_MCFM701_pythia8_catDY_sys_jerUp
Merging MT_GluGluToContinToZZTo4mu_13TeV_MCFM701_pythia8_cat3L_sys_QCDScale2wDown
Merging measMET_GluGluToContinToZZTo4mu_13TeV_MCFM701_pythia8_catDY_sys_puWeightUp
Merging phizmet_GluGluToContinToZZTo4mu_13TeV_MCFM701_pythia8_sys_ElecronSFDown
Merging measMET_GluGluToContinToZZTo4mu_13TeV_MCFM701_pythia8_catEM_sys_puWeightUp
Merging MT_GluGluToContinToZZTo4mu_13TeV_MCFM701_pythia8_catSignal-1jet_sys_MuonSFUp
Merging MT_GluGluToContinToZZTo4mu_13TeV_MCFM701_pythia8_catSignal-1jet_sys_QCDScale0wDown
Merging MT_GluGluToContinToZZTo4mu_13TeV_MCFM701_pythia8_catTOP_sys_TriggerSFWeightDown
Merging MT_GluGluToContinToZZTo4mu_13TeV_MCFM701_pythia8_catTOP_sys_ElectronEnUp
Merging balance_GluGluToContinToZZTo4mu_13TeV_MCFM701_pythia8_sys_PrefireWeightUp
Merging measMET_GluGluToContinToZZTo4mu_13TeV_MCFM701_pythia8_catSignal-1jet_sys_QCDScale2wUp
Merging balance_GluGluToContinToZZTo4mu_13TeV_MCFM701_pythia8_sys_QCDScale2wDown
Merging balance_GluGluToContinToZZTo4mu_13TeV_MCFM701_pythia8_sys_PDFUp
Merging MT_GluGluToContinToZZTo4mu_13TeV_MCFM701_pythia8_catEM_sys_EWKUp
Merging balance_GluGluToContinToZZTo4mu_13TeV_MCFM701_pythia8_sys_TriggerSFWeightDown
Merging MT_GluGluToContinToZZTo4mu_13TeV_MCFM701_pythia8_catTOP_sys_QCDScale0wUp
Merging measMET_GluGluToContinToZZTo4mu_13TeV_MCFM701_pythia8_catSignal-0jet_sys_jerDown
Merging MT_GluGluToContinToZZTo4mu_13TeV_MCFM701_pythia8_cat3L_sys_TriggerSFWeightUp
Merging MT_GluGluToContinToZZTo4mu_13TeV_MCFM701_pythia8_catSignal-0jet_sys_jesTotalUp
Merging MT_GluGluToContinToZZTo4mu_13TeV_MCFM701_pythia8_catSignal-1jet_sys_MuonEnUp
Merging measMET_GluGluToContinToZZTo4mu_13TeV_MCFM701_pythia8_catSignal-0jet_sys_MuonEnDown
Merging measMET_GluGluToContinToZZTo4mu_13TeV_MCFM701_pythia8_catDY_sys_TriggerSFWeightUp
Merging measMET_GluGluToContinToZZTo4mu_13TeV_MCFM701_pythia8_catSignal-1jet_sys_MuonEnDown
Merging MT_GluGluToContinToZZTo4mu_13TeV_MCFM701_pythia8_catEM_sys_MuonSFDown
Merging MT_GluGluToContinToZZTo4mu_13TeV_MCFM701_pythia8_cat4L_sys_nvtxWeightUp
Merging MT_GluGluToContinToZZTo4mu_13TeV_MCFM701_pythia8_catSignal-0jet_sys_QCDScale0wDown
Merging MT_GluGluToContinToZZTo4mu_13TeV_MCFM701_pythia8_cat4L_sys_jerDown
Merging measMET_GluGluToContinToZZTo4mu_13TeV_MCFM701_pythia8_catSignal-1jet_sys_ElectronEnUp
Merging measMET_GluGluToContinToZZTo4mu_13TeV_MCFM701_pythia8_cat3L_sys_jerUp
Merging MT_GluGluToContinToZZTo4mu_13TeV_MCFM701_pythia8_catSignal-0jet
Merging MT_GluGluToContinToZZTo4mu_13TeV_MCFM701_pythia8_catSignal-1jet_sys_MuonSFDown
Merging measMET_GluGluToContinToZZTo4mu_13TeV_MCFM701_pythia8_cat4L_sys_ElecronSFDown
Merging measMET_GluGluToContinToZZTo4mu_13TeV_MCFM701_pythia8_catSignal-0jet_sys_ElecronSFDown
Merging MT_GluGluToContinToZZTo4mu_13TeV_MCFM701_pythia8_catEM_sys_EWKDown
Merging measMET_GluGluToContinToZZTo4mu_13TeV_MCFM701_pythia8_catSignal-1jet_sys_QCDScale1wUp
Merging measMET_GluGluToContinToZZTo4mu_13TeV_MCFM701_pythia8_catNRB_sys_MuonSFDown
Merging measMET_GluGluToContinToZZTo4mu_13TeV_MCFM701_pythia8_catSignal-0jet_sys_EWKDown
Merging MT_GluGluToContinToZZTo4mu_13TeV_MCFM701_pythia8_cat3L_sys_nvtxWeightUp
Merging MT_GluGluToContinToZZTo4mu_13TeV_MCFM701_pythia8_catDY_sys_jerUp
Merging measMET_GluGluToContinToZZTo4mu_13TeV_MCFM701_pythia8_catNRB_sys_TriggerSFWeightDown
Merging MT_GluGluToContinToZZTo4mu_13TeV_MCFM701_pythia8_cat3L_sys_MuonSFDown
Merging MT_GluGluToContinToZZTo4mu_13TeV_MCFM701_pythia8_cat3L_sys_QCDScale1wUp
Merging measMET_GluGluToContinToZZTo4mu_13TeV_MCFM701_pythia8_catEM_sys_QCDScale1wUp
Merging MT_GluGluToContinToZZTo4mu_13TeV_MCFM701_pythia8_catSignal-1jet_sys_ElecronSFDown
Merging measMET_GluGluToContinToZZTo4mu_13TeV_MCFM701_pythia8_cat4L_sys_TriggerSFWeightUp
Merging MT_GluGluToContinToZZTo4mu_13TeV_MCFM701_pythia8_cat3L_sys_MuonEnDown
Merging MT_GluGluToContinToZZTo4mu_13TeV_MCFM701_pythia8_catNRB_sys_nvtxWeightUp
Merging measMET_GluGluToContinToZZTo4mu_13TeV_MCFM701_pythia8_catSignal-1jet_sys_ElecronSFDown
Merging measMET_GluGluToContinToZZTo4mu_13TeV_MCFM701_pythia8_cat4L_sys_PDFUp
Merging MT_GluGluToContinToZZTo4mu_13TeV_MCFM701_pythia8_catNRB_sys_TriggerSFWeightDown
Merging MT_GluGluToContinToZZTo4mu_13TeV_MCFM701_pythia8_catSignal-0jet_sys_ElecronSFUp
Merging balance_GluGluToContinToZZTo4mu_13TeV_MCFM701_pythia8_sys_QCDScale0wUp
Merging measMET_GluGluToContinToZZTo4mu_13TeV_MCFM701_pythia8_cat4L_sys_QCDScale0wUp
Merging untagged
Merging MT_GluGluToContinToZZTo4mu_13TeV_MCFM701_pythia8_catEM_sys_nvtxWeightUp
Merging autoPU
Merging balance_GluGluToContinToZZTo4mu_13TeV_MCFM701_pythia8_sys_ElectronEnUp
Merging measMET_GluGluToContinToZZTo4mu_13TeV_MCFM701_pythia8_cat4L_sys_QCDScale2wDown
Merging balance_GluGluToContinToZZTo4mu_13TeV_MCFM701_pythia8_sys_MuonSFUp
Merging measMET_GluGluToContinToZZTo4mu_13TeV_MCFM701_pythia8_catNRB_sys_EWKDown
Merging MT_GluGluToContinToZZTo4mu_13TeV_MCFM701_pythia8_catNRB_sys_PrefireWeightUp
Merging balance_GluGluToContinToZZTo4mu_13TeV_MCFM701_pythia8_sys_btagEventWeightUp
Merging MT_GluGluToContinToZZTo4mu_13TeV_MCFM701_pythia8_catTOP_sys_nvtxWeightUp
Merging njet_GluGluToContinToZZTo4mu_13TeV_MCFM701_pythia8_sys_EWKDown
Merging MT_GluGluToContinToZZTo4mu_13TeV_MCFM701_pythia8_catTOP_sys_puWeightDown
Merging MT_GluGluToContinToZZTo4mu_13TeV_MCFM701_pythia8_catSignal-1jet_sys_btagEventWeightDown
Merging MT_GluGluToContinToZZTo4mu_13TeV_MCFM701_pythia8_catNRB_sys_jesTotalDown
Merging measMET_GluGluToContinToZZTo4mu_13TeV_MCFM701_pythia8_catNRB_sys_QCDScale2wUp
Merging measMET_GluGluToContinToZZTo4mu_13TeV_MCFM701_pythia8_catEM_sys_PDFDown
Merging MT_GluGluToContinToZZTo4mu_13TeV_MCFM701_pythia8_catEM_sys_PDFUp
Merging MT_GluGluToContinToZZTo4mu_13TeV_MCFM701_pythia8_catTOP_sys_jesTotalUp
Merging measMET_GluGluToContinToZZTo4mu_13TeV_MCFM701_pythia8_cat3L_sys_PrefireWeightUp
Merging measMET_GluGluToContinToZZTo4mu_13TeV_MCFM701_pythia8_catNRB_sys_jerDown
Merging MT_GluGluToContinToZZTo4mu_13TeV_MCFM701_pythia8_cat3L_sys_PDFUp
Merging njet_GluGluToContinToZZTo4mu_13TeV_MCFM701_pythia8_sys_MuonSFUp
Merging phizmet_GluGluToContinToZZTo4mu_13TeV_MCFM701_pythia8_sys_nvtxWeightUp
Merging balance_GluGluToContinToZZTo4mu_13TeV_MCFM701_pythia8_sys_puWeightUp
Merging measMET_GluGluToContinToZZTo4mu_13TeV_MCFM701_pythia8_cat4L_sys_PrefireWeightUp
Merging njet_GluGluToContinToZZTo4mu_13TeV_MCFM701_pythia8_sys_QCDScale0wDown
Merging MT_GluGluToContinToZZTo4mu_13TeV_MCFM701_pythia8_catSignal-1jet_sys_QCDScale1wDown
Merging measMET_GluGluToContinToZZTo4mu_13TeV_MCFM701_pythia8_catTOP_sys_PDFUp
Merging measMET_GluGluToContinToZZTo4mu_13TeV_MCFM701_pythia8_catDY_sys_EWKDown
Merging MT_GluGluToContinToZZTo4mu_13TeV_MCFM701_pythia8_catSignal-1jet_sys_puWeightUp
Merging njet_GluGluToContinToZZTo4mu_13TeV_MCFM701_pythia8_sys_jerDown
Merging phizmet_GluGluToContinToZZTo4mu_13TeV_MCFM701_pythia8_sys_ElecronSFUp
Merging MT_GluGluToContinToZZTo4mu_13TeV_MCFM701_pythia8_catEM_sys_jerDown
Merging MT_GluGluToContinToZZTo4mu_13TeV_MCFM701_pythia8_catNRB_sys_PDFDown
Merging measMET_GluGluToContinToZZTo4mu_13TeV_MCFM701_pythia8_catSignal-1jet_sys_QCDScale1wDown
Merging measMET_GluGluToContinToZZTo4mu_13TeV_MCFM701_pythia8_catNRB_sys_ElecronSFUp
Merging MT_GluGluToContinToZZTo4mu_13TeV_MCFM701_pythia8_catDY_sys_QCDScale2wUp
Merging MT_GluGluToContinToZZTo4mu_13TeV_MCFM701_pythia8_cat3L_sys_nvtxWeightDown
Merging MT_GluGluToContinToZZTo4mu_13TeV_MCFM701_pythia8_cat3L_sys_puWeightDown
Merging MT_GluGluToContinToZZTo4mu_13TeV_MCFM701_pythia8_catTOP_sys_MuonSFUp
Merging njet_GluGluToContinToZZTo4mu_13TeV_MCFM701_pythia8_sys_TriggerSFWeightUp
Merging measMET_GluGluToContinToZZTo4mu_13TeV_MCFM701_pythia8_catSignal-0jet_sys_TriggerSFWeightUp
Merging MT_GluGluToContinToZZTo4mu_13TeV_MCFM701_pythia8_catDY_sys_MuonSFDown
Merging measMET_GluGluToContinToZZTo4mu_13TeV_MCFM701_pythia8_catDY_sys_PDFDown
Merging measMET_GluGluToContinToZZTo4mu_13TeV_MCFM701_pythia8_cat4L_sys_PDFDown
Merging MT_GluGluToContinToZZTo4mu_13TeV_MCFM701_pythia8_catSignal-0jet_sys_PDFDown
Merging phizmet_GluGluToContinToZZTo4mu_13TeV_MCFM701_pythia8_sys_jerUp
Merging MT_GluGluToContinToZZTo4mu_13TeV_MCFM701_pythia8_catNRB_sys_EWKUp
Merging MT_GluGluToContinToZZTo4mu_13TeV_MCFM701_pythia8_catSignal-0jet_sys_jerUp
Merging measMET_GluGluToContinToZZTo4mu_13TeV_MCFM701_pythia8_catTOP_sys_puWeightUp
Merging measMET_GluGluToContinToZZTo4mu_13TeV_MCFM701_pythia8_catSignal-1jet_sys_TriggerSFWeightDown
Merging measMET_GluGluToContinToZZTo4mu_13TeV_MCFM701_pythia8_catSignal-1jet_sys_QCDScale0wDown
Merging measMET_GluGluToContinToZZTo4mu_13TeV_MCFM701_pythia8_catEM_sys_MuonEnUp
Merging MT_GluGluToContinToZZTo4mu_13TeV_MCFM701_pythia8_catNRB_sys_nvtxWeightDown
Merging MT_GluGluToContinToZZTo4mu_13TeV_MCFM701_pythia8_cat3L_sys_PDFDown
Merging measMET_GluGluToContinToZZTo4mu_13TeV_MCFM701_pythia8_catEM_sys_puWeightDown
Merging MT_GluGluToContinToZZTo4mu_13TeV_MCFM701_pythia8_catEM_sys_QCDScale0wUp
Merging njet_GluGluToContinToZZTo4mu_13TeV_MCFM701_pythia8
Merging measMET_GluGluToContinToZZTo4mu_13TeV_MCFM701_pythia8_catEM_sys_TriggerSFWeightDown
Merging measMET_GluGluToContinToZZTo4mu_13TeV_MCFM701_pythia8_catTOP_sys_TriggerSFWeightDown
Merging measMET_GluGluToContinToZZTo4mu_13TeV_MCFM701_pythia8_catDY_sys_EWKUp
Merging MT_GluGluToContinToZZTo4mu_13TeV_MCFM701_pythia8_cat3L_sys_ElectronEnDown
Merging measMET_GluGluToContinToZZTo4mu_13TeV_MCFM701_pythia8_catDY_sys_MuonSFDown
Merging njet_GluGluToContinToZZTo4mu_13TeV_MCFM701_pythia8_sys_nvtxWeightDown
Merging MT_GluGluToContinToZZTo4mu_13TeV_MCFM701_pythia8_catSignal-0jet_sys_QCDScale0wUp
Merging measMET_GluGluToContinToZZTo4mu_13TeV_MCFM701_pythia8_cat4L_sys_jesTotalDown
Merging MT_GluGluToContinToZZTo4mu_13TeV_MCFM701_pythia8_catNRB_sys_QCDScale0wUp
Merging MT_GluGluToContinToZZTo4mu_13TeV_MCFM701_pythia8_catDY_sys_ElecronSFUp
Merging MT_GluGluToContinToZZTo4mu_13TeV_MCFM701_pythia8_catEM_sys_TriggerSFWeightUp
Merging MT_GluGluToContinToZZTo4mu_13TeV_MCFM701_pythia8_catTOP_sys_EWKDown
Merging measMET_GluGluToContinToZZTo4mu_13TeV_MCFM701_pythia8_cat4L_sys_PrefireWeightDown
Merging measMET_GluGluToContinToZZTo4mu_13TeV_MCFM701_pythia8_catTOP_sys_PrefireWeightDown
Merging measMET_GluGluToContinToZZTo4mu_13TeV_MCFM701_pythia8_catTOP_sys_EWKUp
Merging MT_GluGluToContinToZZTo4mu_13TeV_MCFM701_pythia8_catTOP_sys_PrefireWeightUp
Merging MT_GluGluToContinToZZTo4mu_13TeV_MCFM701_pythia8_catNRB_sys_MuonEnDown
Merging measMET_GluGluToContinToZZTo4mu_13TeV_MCFM701_pythia8_catEM_sys_jesTotalUp
Merging MT_GluGluToContinToZZTo4mu_13TeV_MCFM701_pythia8_catSignal-1jet_sys_QCDScale0wUp
Merging measMET_GluGluToContinToZZTo4mu_13TeV_MCFM701_pythia8_catNRB_sys_TriggerSFWeightUp
Merging MT_GluGluToContinToZZTo4mu_13TeV_MCFM701_pythia8_catSignal-1jet_sys_PDFUp
Merging MT_GluGluToContinToZZTo4mu_13TeV_MCFM701_pythia8_catDY_sys_MuonEnDown
Merging MT_GluGluToContinToZZTo4mu_13TeV_MCFM701_pythia8_catNRB_sys_MuonSFDown
Merging measMET_GluGluToContinToZZTo4mu_13TeV_MCFM701_pythia8_cat4L_sys_QCDScale2wUp
Merging measMET_GluGluToContinToZZTo4mu_13TeV_MCFM701_pythia8_catNRB_sys_puWeightDown
Merging MT_GluGluToContinToZZTo4mu_13TeV_MCFM701_pythia8_cat4L_sys_ElecronSFUp
Merging MT_GluGluToContinToZZTo4mu_13TeV_MCFM701_pythia8_catSignal-0jet_sys_PrefireWeightDown
Merging measMET_GluGluToContinToZZTo4mu_13TeV_MCFM701_pythia8_cat4L
Merging phizmet_GluGluToContinToZZTo4mu_13TeV_MCFM701_pythia8_sys_QCDScale2wDown
Merging MT_GluGluToContinToZZTo4mu_13TeV_MCFM701_pythia8_catNRB_sys_ElecronSFDown
Merging measMET_GluGluToContinToZZTo4mu_13TeV_MCFM701_pythia8_catEM_sys_ElectronEnUp
Merging MT_GluGluToContinToZZTo4mu_13TeV_MCFM701_pythia8_cat4L_sys_jesTotalDown
Merging MT_GluGluToContinToZZTo4mu_13TeV_MCFM701_pythia8_cat4L_sys_ElecronSFDown
Merging phizmet_GluGluToContinToZZTo4mu_13TeV_MCFM701_pythia8_sys_TriggerSFWeightDown
Merging measMET_GluGluToContinToZZTo4mu_13TeV_MCFM701_pythia8_catTOP_sys_QCDScale1wDown
Merging njet_GluGluToContinToZZTo4mu_13TeV_MCFM701_pythia8_sys_QCDScale1wUp
Merging measMET_GluGluToContinToZZTo4mu_13TeV_MCFM701_pythia8_catSignal-0jet_sys_ElecronSFUp
Merging measMET_GluGluToContinToZZTo4mu_13TeV_MCFM701_pythia8_catEM_sys_ElectronEnDown
Merging measMET_GluGluToContinToZZTo4mu_13TeV_MCFM701_pythia8_catTOP_sys_jesTotalDown
Merging MT_GluGluToContinToZZTo4mu_13TeV_MCFM701_pythia8_catEM_sys_MuonSFUp
Merging MT_GluGluToContinToZZTo4mu_13TeV_MCFM701_pythia8_cat4L_sys_nvtxWeightDown
Merging MT_GluGluToContinToZZTo4mu_13TeV_MCFM701_pythia8_cat4L_sys_PrefireWeightUp
Merging measMET_GluGluToContinToZZTo4mu_13TeV_MCFM701_pythia8_catTOP_sys_QCDScale2wDown
Merging MT_GluGluToContinToZZTo4mu_13TeV_MCFM701_pythia8_catNRB_sys_TriggerSFWeightUp
Merging measMET_GluGluToContinToZZTo4mu_13TeV_MCFM701_pythia8_catSignal-0jet_sys_PDFUp
Merging measMET_GluGluToContinToZZTo4mu_13TeV_MCFM701_pythia8_cat3L_sys_TriggerSFWeightUp
Merging measMET_GluGluToContinToZZTo4mu_13TeV_MCFM701_pythia8_catSignal-0jet_sys_QCDScale0wDown
Merging measMET_GluGluToContinToZZTo4mu_13TeV_MCFM701_pythia8_catEM_sys_nvtxWeightUp
Merging measMET_GluGluToContinToZZTo4mu_13TeV_MCFM701_pythia8_cat4L_sys_MuonSFUp
Merging measMET_GluGluToContinToZZTo4mu_13TeV_MCFM701_pythia8_catEM_sys_jerDown
Merging MT_GluGluToContinToZZTo4mu_13TeV_MCFM701_pythia8_cat3L_sys_PrefireWeightDown
Merging measMET_GluGluToContinToZZTo4mu_13TeV_MCFM701_pythia8_cat4L_sys_jerDown
Merging measMET_GluGluToContinToZZTo4mu_13TeV_MCFM701_pythia8_cat3L_sys_ElecronSFDown
Merging measMET_GluGluToContinToZZTo4mu_13TeV_MCFM701_pythia8_catEM_sys_nvtxWeightDown
Merging measMET_GluGluToContinToZZTo4mu_13TeV_MCFM701_pythia8_catSignal-1jet_sys_nvtxWeightUp
Merging njet_GluGluToContinToZZTo4mu_13TeV_MCFM701_pythia8_sys_puWeightDown
Merging MT_GluGluToContinToZZTo4mu_13TeV_MCFM701_pythia8_cat4L_sys_MuonEnUp
Merging MT_GluGluToContinToZZTo4mu_13TeV_MCFM701_pythia8_catSignal-1jet_sys_TriggerSFWeightDown
Merging MT_GluGluToContinToZZTo4mu_13TeV_MCFM701_pythia8_catDY_sys_jerDown
Merging phizmet_GluGluToContinToZZTo4mu_13TeV_MCFM701_pythia8_sys_QCDScale1wUp
Merging MT_GluGluToContinToZZTo4mu_13TeV_MCFM701_pythia8_catSignal-0jet_sys_MuonSFUp
Merging MT_GluGluToContinToZZTo4mu_13TeV_MCFM701_pythia8_catDY
Merging measMET_GluGluToContinToZZTo4mu_13TeV_MCFM701_pythia8_catNRB_sys_MuonEnUp
Merging measMET_GluGluToContinToZZTo4mu_13TeV_MCFM701_pythia8_cat4L_sys_puWeightDown
Merging measMET_GluGluToContinToZZTo4mu_13TeV_MCFM701_pythia8_catDY_sys_jerDown
Merging MT_GluGluToContinToZZTo4mu_13TeV_MCFM701_pythia8_catTOP_sys_jesTotalDown
Merging njet_GluGluToContinToZZTo4mu_13TeV_MCFM701_pythia8_sys_PrefireWeightDown
Merging njet_GluGluToContinToZZTo4mu_13TeV_MCFM701_pythia8_sys_ElectronEnUp
Merging measMET_GluGluToContinToZZTo4mu_13TeV_MCFM701_pythia8_catNRB_sys_jerUp
Merging measMET_GluGluToContinToZZTo4mu_13TeV_MCFM701_pythia8_catEM_sys_QCDScale2wUp
Merging MT_GluGluToContinToZZTo4mu_13TeV_MCFM701_pythia8_catNRB
Merging phizmet_GluGluToContinToZZTo4mu_13TeV_MCFM701_pythia8_sys_jesTotalUp
Merging measMET_GluGluToContinToZZTo4mu_13TeV_MCFM701_pythia8_catNRB_sys_nvtxWeightDown
Merging measMET_GluGluToContinToZZTo4mu_13TeV_MCFM701_pythia8_cat3L_sys_QCDScale1wUp
Merging measMET_GluGluToContinToZZTo4mu_13TeV_MCFM701_pythia8_catEM_sys_QCDScale2wDown
Merging measMET_GluGluToContinToZZTo4mu_13TeV_MCFM701_pythia8_catSignal-0jet_sys_MuonSFDown
Merging balance_GluGluToContinToZZTo4mu_13TeV_MCFM701_pythia8_sys_PrefireWeightDown
Merging measMET_GluGluToContinToZZTo4mu_13TeV_MCFM701_pythia8_cat3L_sys_ElecronSFUp
Merging MT_GluGluToContinToZZTo4mu_13TeV_MCFM701_pythia8_catSignal-0jet_sys_PDFUp
Merging MT_GluGluToContinToZZTo4mu_13TeV_MCFM701_pythia8_catDY_sys_PrefireWeightUp
Merging njet_GluGluToContinToZZTo4mu_13TeV_MCFM701_pythia8_sys_jerUp
Merging measMET_GluGluToContinToZZTo4mu_13TeV_MCFM701_pythia8_catTOP_sys_PrefireWeightUp
Merging measMET_GluGluToContinToZZTo4mu_13TeV_MCFM701_pythia8_catEM_sys_btagEventWeightDown
Merging measMET_GluGluToContinToZZTo4mu_13TeV_MCFM701_pythia8_catTOP_sys_ElecronSFUp
Merging measMET_GluGluToContinToZZTo4mu_13TeV_MCFM701_pythia8_catDY_sys_QCDScale1wUp
Merging measMET_GluGluToContinToZZTo4mu_13TeV_MCFM701_pythia8_catTOP_sys_ElectronEnDown
Merging phizmet_GluGluToContinToZZTo4mu_13TeV_MCFM701_pythia8_sys_QCDScale1wDown
Merging measMET_GluGluToContinToZZTo4mu_13TeV_MCFM701_pythia8_catDY_sys_ElectronEnUp
Merging MT_GluGluToContinToZZTo4mu_13TeV_MCFM701_pythia8_cat4L_sys_jerUp
Merging balance_GluGluToContinToZZTo4mu_13TeV_MCFM701_pythia8_sys_QCDScale0wDown
Merging measMET_GluGluToContinToZZTo4mu_13TeV_MCFM701_pythia8_catSignal-1jet_sys_EWKUp
Merging MT_GluGluToContinToZZTo4mu_13TeV_MCFM701_pythia8_catEM_sys_QCDScale2wDown
Merging MT_GluGluToContinToZZTo4mu_13TeV_MCFM701_pythia8_cat4L_sys_btagEventWeightDown
Merging phizmet_GluGluToContinToZZTo4mu_13TeV_MCFM701_pythia8
Merging MT_GluGluToContinToZZTo4mu_13TeV_MCFM701_pythia8_catTOP_sys_MuonEnDown
Merging MT_GluGluToContinToZZTo4mu_13TeV_MCFM701_pythia8_cat3L_sys_EWKUp
Merging phizmet_GluGluToContinToZZTo4mu_13TeV_MCFM701_pythia8_sys_ElectronEnUp
Merging measMET_GluGluToContinToZZTo4mu_13TeV_MCFM701_pythia8_cat3L_sys_jesTotalDown
Merging measMET_GluGluToContinToZZTo4mu_13TeV_MCFM701_pythia8_catSignal-0jet_sys_QCDScale2wUp
Merging phizmet_GluGluToContinToZZTo4mu_13TeV_MCFM701_pythia8_sys_MuonEnUp
Merging MT_GluGluToContinToZZTo4mu_13TeV_MCFM701_pythia8_catDY_sys_EWKUp
Merging measMET_GluGluToContinToZZTo4mu_13TeV_MCFM701_pythia8_catEM_sys_QCDScale0wUp
Merging measMET_GluGluToContinToZZTo4mu_13TeV_MCFM701_pythia8_catNRB_sys_ElectronEnUp
Merging measMET_GluGluToContinToZZTo4mu_13TeV_MCFM701_pythia8_cat3L_sys_EWKUp
Merging MT_GluGluToContinToZZTo4mu_13TeV_MCFM701_pythia8_cat4L_sys_btagEventWeightUp
Merging MT_GluGluToContinToZZTo4mu_13TeV_MCFM701_pythia8_catSignal-1jet_sys_jesTotalUp
Merging MT_GluGluToContinToZZTo4mu_13TeV_MCFM701_pythia8_cat4L_sys_QCDScale1wUp
Merging MT_GluGluToContinToZZTo4mu_13TeV_MCFM701_pythia8_catNRB_sys_MuonEnUp
Merging measMET_GluGluToContinToZZTo4mu_13TeV_MCFM701_pythia8_catSignal-0jet_sys_QCDScale2wDown
Merging measMET_GluGluToContinToZZTo4mu_13TeV_MCFM701_pythia8_catSignal-0jet_sys_QCDScale0wUp
Merging MT_GluGluToContinToZZTo4mu_13TeV_MCFM701_pythia8_catTOP_sys_nvtxWeightDown
Merging MT_GluGluToContinToZZTo4mu_13TeV_MCFM701_pythia8_catNRB_sys_MuonSFUp
Merging measMET_GluGluToContinToZZTo4mu_13TeV_MCFM701_pythia8_catEM_sys_btagEventWeightUp
Merging measMET_GluGluToContinToZZTo4mu_13TeV_MCFM701_pythia8_catSignal-0jet_sys_puWeightDown
Merging MT_GluGluToContinToZZTo4mu_13TeV_MCFM701_pythia8_cat4L_sys_QCDScale1wDown
Merging njet_GluGluToContinToZZTo4mu_13TeV_MCFM701_pythia8_sys_QCDScale2wDown
Merging MT_GluGluToContinToZZTo4mu_13TeV_MCFM701_pythia8_catTOP_sys_QCDScale2wDown
Merging MT_GluGluToContinToZZTo4mu_13TeV_MCFM701_pythia8_catNRB_sys_jesTotalUp
Merging measMET_GluGluToContinToZZTo4mu_13TeV_MCFM701_pythia8_catSignal-1jet_sys_btagEventWeightDown
Merging MT_GluGluToContinToZZTo4mu_13TeV_MCFM701_pythia8_catSignal-0jet_sys_TriggerSFWeightDown
Merging measMET_GluGluToContinToZZTo4mu_13TeV_MCFM701_pythia8_cat4L_sys_MuonSFDown
Merging measMET_GluGluToContinToZZTo4mu_13TeV_MCFM701_pythia8_catNRB_sys_QCDScale0wUp
Merging measMET_GluGluToContinToZZTo4mu_13TeV_MCFM701_pythia8_catEM_sys_ElecronSFUp
Merging measMET_GluGluToContinToZZTo4mu_13TeV_MCFM701_pythia8_catTOP_sys_jesTotalUp
Merging measMET_GluGluToContinToZZTo4mu_13TeV_MCFM701_pythia8_cat3L_sys_btagEventWeightDown
Merging balance_GluGluToContinToZZTo4mu_13TeV_MCFM701_pythia8_sys_jerDown
Merging MT_GluGluToContinToZZTo4mu_13TeV_MCFM701_pythia8_catTOP_sys_QCDScale0wDown
Merging measMET_GluGluToContinToZZTo4mu_13TeV_MCFM701_pythia8_cat3L_sys_QCDScale2wDown
Merging MT_GluGluToContinToZZTo4mu_13TeV_MCFM701_pythia8_catDY_sys_btagEventWeightDown
Merging MT_GluGluToContinToZZTo4mu_13TeV_MCFM701_pythia8_cat3L_sys_btagEventWeightUp
Merging measMET_GluGluToContinToZZTo4mu_13TeV_MCFM701_pythia8_cat3L_sys_PDFDown
Merging measMET_GluGluToContinToZZTo4mu_13TeV_MCFM701_pythia8_catSignal-1jet_sys_ElecronSFUp
Merging MT_GluGluToContinToZZTo4mu_13TeV_MCFM701_pythia8_catSignal-0jet_sys_jerDown
Merging MT_GluGluToContinToZZTo4mu_13TeV_MCFM701_pythia8_cat3L_sys_TriggerSFWeightDown
Merging MT_GluGluToContinToZZTo4mu_13TeV_MCFM701_pythia8_catDY_sys_ElecronSFDown
Merging phizmet_GluGluToContinToZZTo4mu_13TeV_MCFM701_pythia8_sys_MuonSFUp
Merging measMET_GluGluToContinToZZTo4mu_13TeV_MCFM701_pythia8_catSignal-1jet_sys_btagEventWeightUp
Merging measMET_GluGluToContinToZZTo4mu_13TeV_MCFM701_pythia8_catSignal-0jet
Merging MT_GluGluToContinToZZTo4mu_13TeV_MCFM701_pythia8_catNRB_sys_QCDScale2wDown
Merging measMET_GluGluToContinToZZTo4mu_13TeV_MCFM701_pythia8_catSignal-0jet_sys_TriggerSFWeightDown
Merging MT_GluGluToContinToZZTo4mu_13TeV_MCFM701_pythia8_catSignal-1jet_sys_jerUp
Merging MT_GluGluToContinToZZTo4mu_13TeV_MCFM701_pythia8_catNRB_sys_jerUp
Merging MT_GluGluToContinToZZTo4mu_13TeV_MCFM701_pythia8_cat4L_sys_MuonSFUp
Merging MT_GluGluToContinToZZTo4mu_13TeV_MCFM701_pythia8_catDY_sys_puWeightDown
Merging measMET_GluGluToContinToZZTo4mu_13TeV_MCFM701_pythia8_cat4L_sys_EWKUp
Merging balance_GluGluToContinToZZTo4mu_13TeV_MCFM701_pythia8_sys_puWeightDown
Merging measMET_GluGluToContinToZZTo4mu_13TeV_MCFM701_pythia8_catTOP_sys_nvtxWeightDown
Merging measMET_GluGluToContinToZZTo4mu_13TeV_MCFM701_pythia8_cat3L_sys_PDFUp
Merging balance_GluGluToContinToZZTo4mu_13TeV_MCFM701_pythia8_sys_ElecronSFDown
Merging phizmet_GluGluToContinToZZTo4mu_13TeV_MCFM701_pythia8_sys_MuonSFDown
Merging measMET_GluGluToContinToZZTo4mu_13TeV_MCFM701_pythia8_catSignal-0jet_sys_jesTotalDown
Merging MT_GluGluToContinToZZTo4mu_13TeV_MCFM701_pythia8_catSignal-1jet_sys_EWKDown
Merging MT_GluGluToContinToZZTo4mu_13TeV_MCFM701_pythia8_catTOP_sys_TriggerSFWeightUp
Merging measMET_GluGluToContinToZZTo4mu_13TeV_MCFM701_pythia8_catSignal-1jet_sys_QCDScale0wUp
Merging measMET_GluGluToContinToZZTo4mu_13TeV_MCFM701_pythia8_catSignal-1jet_sys_PrefireWeightUp
Merging measMET_GluGluToContinToZZTo4mu_13TeV_MCFM701_pythia8_cat4L_sys_QCDScale1wDown
Merging measMET_GluGluToContinToZZTo4mu_13TeV_MCFM701_pythia8_cat3L_sys_ElectronEnUp
Merging MT_GluGluToContinToZZTo4mu_13TeV_MCFM701_pythia8_catEM_sys_QCDScale1wDown
Merging MT_GluGluToContinToZZTo4mu_13TeV_MCFM701_pythia8_catDY_sys_PrefireWeightDown
Merging MT_GluGluToContinToZZTo4mu_13TeV_MCFM701_pythia8_cat3L_sys_EWKDown
Merging MT_GluGluToContinToZZTo4mu_13TeV_MCFM701_pythia8_catTOP
Merging MT_GluGluToContinToZZTo4mu_13TeV_MCFM701_pythia8_catNRB_sys_EWKDown
Merging measMET_GluGluToContinToZZTo4mu_13TeV_MCFM701_pythia8_catDY_sys_jesTotalUp
Merging MT_GluGluToContinToZZTo4mu_13TeV_MCFM701_pythia8_catEM_sys_QCDScale2wUp
Merging measMET_GluGluToContinToZZTo4mu_13TeV_MCFM701_pythia8_catTOP_sys_puWeightDown
Merging measMET_GluGluToContinToZZTo4mu_13TeV_MCFM701_pythia8_cat4L_sys_MuonEnDown
Merging MT_GluGluToContinToZZTo4mu_13TeV_MCFM701_pythia8_catTOP_sys_PDFDown
Merging MT_GluGluToContinToZZTo4mu_13TeV_MCFM701_pythia8_cat4L_sys_PDFUp
Merging phizmet_GluGluToContinToZZTo4mu_13TeV_MCFM701_pythia8_sys_btagEventWeightDown
Merging njet_GluGluToContinToZZTo4mu_13TeV_MCFM701_pythia8_sys_puWeightUp
Merging measMET_GluGluToContinToZZTo4mu_13TeV_MCFM701_pythia8_catNRB_sys_PDFUp
Merging MT_GluGluToContinToZZTo4mu_13TeV_MCFM701_pythia8_catSignal-1jet_sys_PDFDown
Merging njet_GluGluToContinToZZTo4mu_13TeV_MCFM701_pythia8_sys_PDFDown
Merging measMET_GluGluToContinToZZTo4mu_13TeV_MCFM701_pythia8_cat3L_sys_jesTotalUp
Merging measMET_GluGluToContinToZZTo4mu_13TeV_MCFM701_pythia8_cat3L_sys_MuonEnUp
Merging balance_GluGluToContinToZZTo4mu_13TeV_MCFM701_pythia8_sys_jesTotalDown
Merging MT_GluGluToContinToZZTo4mu_13TeV_MCFM701_pythia8_catNRB_sys_QCDScale0wDown
Merging measMET_GluGluToContinToZZTo4mu_13TeV_MCFM701_pythia8_catDY_sys_TriggerSFWeightDown
Merging MT_GluGluToContinToZZTo4mu_13TeV_MCFM701_pythia8_catTOP_sys_EWKUp
Merging MT_GluGluToContinToZZTo4mu_13TeV_MCFM701_pythia8_catEM_sys_btagEventWeightUp
Merging MT_GluGluToContinToZZTo4mu_13TeV_MCFM701_pythia8_catSignal-1jet_sys_jerDown
Merging MT_GluGluToContinToZZTo4mu_13TeV_MCFM701_pythia8_catDY_sys_puWeightUp
Merging measMET_GluGluToContinToZZTo4mu_13TeV_MCFM701_pythia8_cat4L_sys_nvtxWeightUp
Merging measMET_GluGluToContinToZZTo4mu_13TeV_MCFM701_pythia8_catTOP
Merging MT_GluGluToContinToZZTo4mu_13TeV_MCFM701_pythia8_catSignal-0jet_sys_QCDScale1wUp
Merging MT_GluGluToContinToZZTo4mu_13TeV_MCFM701_pythia8_catSignal-0jet_sys_MuonEnDown
Merging balance_GluGluToContinToZZTo4mu_13TeV_MCFM701_pythia8_sys_jesTotalUp
Merging measMET_GluGluToContinToZZTo4mu_13TeV_MCFM701_pythia8_catNRB_sys_QCDScale1wDown
Merging measMET_GluGluToContinToZZTo4mu_13TeV_MCFM701_pythia8_catDY_sys_MuonEnDown
Merging MT_GluGluToContinToZZTo4mu_13TeV_MCFM701_pythia8_cat4L_sys_ElectronEnDown
Merging measMET_GluGluToContinToZZTo4mu_13TeV_MCFM701_pythia8_cat3L_sys_QCDScale2wUp
Merging MT_GluGluToContinToZZTo4mu_13TeV_MCFM701_pythia8_catNRB_sys_ElectronEnUp
Merging measMET_GluGluToContinToZZTo4mu_13TeV_MCFM701_pythia8_catTOP_sys_btagEventWeightUp
Merging measMET_GluGluToContinToZZTo4mu_13TeV_MCFM701_pythia8_catSignal-0jet_sys_ElectronEnDown
Merging MT_GluGluToContinToZZTo4mu_13TeV_MCFM701_pythia8_catEM_sys_ElecronSFUp
Merging njet_GluGluToContinToZZTo4mu_13TeV_MCFM701_pythia8_sys_ElectronEnDown
Merging MT_GluGluToContinToZZTo4mu_13TeV_MCFM701_pythia8_catDY_sys_PDFUp
Merging njet_GluGluToContinToZZTo4mu_13TeV_MCFM701_pythia8_sys_PrefireWeightUp
Merging MT_GluGluToContinToZZTo4mu_13TeV_MCFM701_pythia8_catSignal-1jet_sys_PrefireWeightDown
Merging MT_GluGluToContinToZZTo4mu_13TeV_MCFM701_pythia8_catTOP_sys_QCDScale1wDown
Merging phizmet_GluGluToContinToZZTo4mu_13TeV_MCFM701_pythia8_sys_jesTotalDown
Merging phizmet_GluGluToContinToZZTo4mu_13TeV_MCFM701_pythia8_sys_puWeightUp
Merging MT_GluGluToContinToZZTo4mu_13TeV_MCFM701_pythia8_catEM_sys_puWeightDown
Merging measMET_GluGluToContinToZZTo4mu_13TeV_MCFM701_pythia8_catDY_sys_QCDScale2wDown
Merging MT_GluGluToContinToZZTo4mu_13TeV_MCFM701_pythia8_catSignal-1jet_sys_nvtxWeightUp
Merging measMET_GluGluToContinToZZTo4mu_13TeV_MCFM701_pythia8_cat3L_sys_nvtxWeightUp
Merging MT_GluGluToContinToZZTo4mu_13TeV_MCFM701_pythia8_catDY_sys_MuonEnUp
Merging MT_GluGluToContinToZZTo4mu_13TeV_MCFM701_pythia8_catEM_sys_jesTotalUp
Merging measMET_GluGluToContinToZZTo4mu_13TeV_MCFM701_pythia8_catEM_sys_PrefireWeightDown
Merging measMET_GluGluToContinToZZTo4mu_13TeV_MCFM701_pythia8_catNRB_sys_jesTotalUp
Merging MT_GluGluToContinToZZTo4mu_13TeV_MCFM701_pythia8_cat3L_sys_jerDown
Merging measMET_GluGluToContinToZZTo4mu_13TeV_MCFM701_pythia8_cat4L_sys_nvtxWeightDown
Merging MT_GluGluToContinToZZTo4mu_13TeV_MCFM701_pythia8_cat4L_sys_QCDScale0wDown
Merging measMET_GluGluToContinToZZTo4mu_13TeV_MCFM701_pythia8_cat4L_sys_EWKDown
Merging measMET_GluGluToContinToZZTo4mu_13TeV_MCFM701_pythia8_catTOP_sys_jerDown
Merging MT_GluGluToContinToZZTo4mu_13TeV_MCFM701_pythia8_catTOP_sys_puWeightUp
Merging phizmet_GluGluToContinToZZTo4mu_13TeV_MCFM701_pythia8_sys_PrefireWeightUp
Merging measMET_GluGluToContinToZZTo4mu_13TeV_MCFM701_pythia8_catDY_sys_QCDScale0wUp
Merging measMET_GluGluToContinToZZTo4mu_13TeV_MCFM701_pythia8_catSignal-0jet_sys_nvtxWeightDown
Merging measMET_GluGluToContinToZZTo4mu_13TeV_MCFM701_pythia8_catSignal-1jet_sys_MuonSFDown
Merging MT_GluGluToContinToZZTo4mu_13TeV_MCFM701_pythia8_catTOP_sys_jerDown
Merging balance_GluGluToContinToZZTo4mu_13TeV_MCFM701_pythia8_sys_jerUp
Merging MT_GluGluToContinToZZTo4mu_13TeV_MCFM701_pythia8_catSignal-1jet
Merging measMET_GluGluToContinToZZTo4mu_13TeV_MCFM701_pythia8_catSignal-0jet_sys_jerUp
Merging MT_GluGluToContinToZZTo4mu_13TeV_MCFM701_pythia8_cat4L_sys_ElectronEnUp
Merging measMET_GluGluToContinToZZTo4mu_13TeV_MCFM701_pythia8_cat3L_sys_MuonEnDown
Merging measMET_GluGluToContinToZZTo4mu_13TeV_MCFM701_pythia8_catDY_sys_ElecronSFUp
Merging MT_GluGluToContinToZZTo4mu_13TeV_MCFM701_pythia8_catEM_sys_btagEventWeightDown
Merging MT_GluGluToContinToZZTo4mu_13TeV_MCFM701_pythia8_catSignal-0jet_sys_TriggerSFWeightUp
Merging balance_GluGluToContinToZZTo4mu_13TeV_MCFM701_pythia8_sys_QCDScale1wUp
Merging MT_GluGluToContinToZZTo4mu_13TeV_MCFM701_pythia8_catNRB_sys_PDFUp
Merging njet_GluGluToContinToZZTo4mu_13TeV_MCFM701_pythia8_sys_btagEventWeightDown
Merging njet_GluGluToContinToZZTo4mu_13TeV_MCFM701_pythia8_sys_ElecronSFUp
Merging MT_GluGluToContinToZZTo4mu_13TeV_MCFM701_pythia8_cat3L_sys_jesTotalUp
Merging njet_GluGluToContinToZZTo4mu_13TeV_MCFM701_pythia8_sys_nvtxWeightUp
Merging measMET_GluGluToContinToZZTo4mu_13TeV_MCFM701_pythia8_catDY_sys_MuonSFUp
Merging MT_GluGluToContinToZZTo4mu_13TeV_MCFM701_pythia8_catDY_sys_QCDScale2wDown
Merging MT_GluGluToContinToZZTo4mu_13TeV_MCFM701_pythia8_catSignal-1jet_sys_btagEventWeightUp
Merging balance_GluGluToContinToZZTo4mu_13TeV_MCFM701_pythia8_sys_nvtxWeightUp
Merging measMET_GluGluToContinToZZTo4mu_13TeV_MCFM701_pythia8_catNRB_sys_nvtxWeightUp
Merging MT_GluGluToContinToZZTo4mu_13TeV_MCFM701_pythia8_catSignal-1jet_sys_QCDScale1wUp
Merging MT_GluGluToContinToZZTo4mu_13TeV_MCFM701_pythia8_catEM_sys_PDFDown
Merging MT_GluGluToContinToZZTo4mu_13TeV_MCFM701_pythia8_catSignal-1jet_sys_jesTotalDown
Merging measMET_GluGluToContinToZZTo4mu_13TeV_MCFM701_pythia8_catSignal-0jet_sys_PrefireWeightUp
Merging balance_GluGluToContinToZZTo4mu_13TeV_MCFM701_pythia8_sys_MuonEnDown
Merging MT_GluGluToContinToZZTo4mu_13TeV_MCFM701_pythia8_catSignal-0jet_sys_MuonEnUp
Merging MT_GluGluToContinToZZTo4mu_13TeV_MCFM701_pythia8_catSignal-1jet_sys_ElectronEnDown
Merging MT_GluGluToContinToZZTo4mu_13TeV_MCFM701_pythia8_catSignal-0jet_sys_nvtxWeightUp
Merging measMET_GluGluToContinToZZTo4mu_13TeV_MCFM701_pythia8_catTOP_sys_ElecronSFDown
Merging measMET_GluGluToContinToZZTo4mu_13TeV_MCFM701_pythia8_catTOP_sys_MuonSFDown
Merging MT_GluGluToContinToZZTo4mu_13TeV_MCFM701_pythia8_catNRB_sys_PrefireWeightDown
Merging MT_GluGluToContinToZZTo4mu_13TeV_MCFM701_pythia8_catSignal-0jet_sys_puWeightDown
Merging njet_GluGluToContinToZZTo4mu_13TeV_MCFM701_pythia8_sys_jesTotalDown
Merging measMET_GluGluToContinToZZTo4mu_13TeV_MCFM701_pythia8_catSignal-1jet_sys_nvtxWeightDown
Merging MT_GluGluToContinToZZTo4mu_13TeV_MCFM701_pythia8_catNRB_sys_QCDScale1wDown
Merging balance_GluGluToContinToZZTo4mu_13TeV_MCFM701_pythia8_sys_MuonEnUp
Merging MT_GluGluToContinToZZTo4mu_13TeV_MCFM701_pythia8_catTOP_sys_MuonSFDown
Merging measMET_GluGluToContinToZZTo4mu_13TeV_MCFM701_pythia8_catTOP_sys_EWKDown
Merging measMET_GluGluToContinToZZTo4mu_13TeV_MCFM701_pythia8_catSignal-0jet_sys_jesTotalUp
Merging measMET_GluGluToContinToZZTo4mu_13TeV_MCFM701_pythia8_cat4L_sys_QCDScale1wUp
Merging njet_GluGluToContinToZZTo4mu_13TeV_MCFM701_pythia8_sys_QCDScale2wUp
Merging measMET_GluGluToContinToZZTo4mu_13TeV_MCFM701_pythia8_catEM_sys_PDFUp
Merging measMET_GluGluToContinToZZTo4mu_13TeV_MCFM701_pythia8_cat4L_sys_jesTotalUp
Merging MT_GluGluToContinToZZTo4mu_13TeV_MCFM701_pythia8_cat4L_sys_MuonEnDown
Merging measMET_GluGluToContinToZZTo4mu_13TeV_MCFM701_pythia8_catTOP_sys_nvtxWeightUp
Merging MT_GluGluToContinToZZTo4mu_13TeV_MCFM701_pythia8_catSignal-0jet_sys_QCDScale2wDown
Merging MT_GluGluToContinToZZTo4mu_13TeV_MCFM701_pythia8_cat3L_sys_btagEventWeightDown
Merging measMET_GluGluToContinToZZTo4mu_13TeV_MCFM701_pythia8_catDY_sys_btagEventWeightUp
Merging measMET_GluGluToContinToZZTo4mu_13TeV_MCFM701_pythia8_catNRB_sys_PDFDown
Merging measMET_GluGluToContinToZZTo4mu_13TeV_MCFM701_pythia8_cat3L_sys_QCDScale0wUp
Merging phizmet_GluGluToContinToZZTo4mu_13TeV_MCFM701_pythia8_sys_MuonEnDown
Merging MT_GluGluToContinToZZTo4mu_13TeV_MCFM701_pythia8_catTOP_sys_ElectronEnDown
Merging phizmet_GluGluToContinToZZTo4mu_13TeV_MCFM701_pythia8_sys_EWKDown
Merging phizmet_GluGluToContinToZZTo4mu_13TeV_MCFM701_pythia8_sys_puWeightDown
Merging phizmet_GluGluToContinToZZTo4mu_13TeV_MCFM701_pythia8_sys_QCDScale2wUp
Merging measMET_GluGluToContinToZZTo4mu_13TeV_MCFM701_pythia8_catTOP_sys_btagEventWeightDown
Merging MT_GluGluToContinToZZTo4mu_13TeV_MCFM701_pythia8_catEM_sys_MuonEnUp
Merging njet_GluGluToContinToZZTo4mu_13TeV_MCFM701_pythia8_sys_MuonEnUp
Merging MT_GluGluToContinToZZTo4mu_13TeV_MCFM701_pythia8_catEM_sys_MuonEnDown
Merging MT_GluGluToContinToZZTo4mu_13TeV_MCFM701_pythia8_cat3L
Merging MT_GluGluToContinToZZTo4mu_13TeV_MCFM701_pythia8_catTOP_sys_btagEventWeightDown
Merging MT_GluGluToContinToZZTo4mu_13TeV_MCFM701_pythia8_catTOP_sys_QCDScale1wUp
Merging balance_GluGluToContinToZZTo4mu_13TeV_MCFM701_pythia8
Merging MT_GluGluToContinToZZTo4mu_13TeV_MCFM701_pythia8_cat4L_sys_puWeightDown
Merging MT_GluGluToContinToZZTo4mu_13TeV_MCFM701_pythia8_catNRB_sys_btagEventWeightDown
Merging measMET_GluGluToContinToZZTo4mu_13TeV_MCFM701_pythia8_catSignal-1jet_sys_jesTotalUp
Merging measMET_GluGluToContinToZZTo4mu_13TeV_MCFM701_pythia8_catSignal-0jet_sys_PDFDown
Merging MT_GluGluToContinToZZTo4mu_13TeV_MCFM701_pythia8_catSignal-0jet_sys_ElecronSFDown
Merging phizmet_GluGluToContinToZZTo4mu_13TeV_MCFM701_pythia8_sys_QCDScale0wUp
Merging measMET_GluGluToContinToZZTo4mu_13TeV_MCFM701_pythia8_catNRB_sys_PrefireWeightUp
Merging MT_GluGluToContinToZZTo4mu_13TeV_MCFM701_pythia8_cat4L_sys_TriggerSFWeightDown
Merging MT_GluGluToContinToZZTo4mu_13TeV_MCFM701_pythia8_cat4L_sys_QCDScale2wUp
Merging measMET_GluGluToContinToZZTo4mu_13TeV_MCFM701_pythia8_catSignal-1jet_sys_PDFDown
Merging MT_GluGluToContinToZZTo4mu_13TeV_MCFM701_pythia8_cat4L
Merging measMET_GluGluToContinToZZTo4mu_13TeV_MCFM701_pythia8_catDY
Merging MT_GluGluToContinToZZTo4mu_13TeV_MCFM701_pythia8_cat3L_sys_jerUp
Merging measMET_GluGluToContinToZZTo4mu_13TeV_MCFM701_pythia8_catNRB_sys_QCDScale2wDown
Merging measMET_GluGluToContinToZZTo4mu_13TeV_MCFM701_pythia8_catTOP_sys_PDFDown
Merging balance_GluGluToContinToZZTo4mu_13TeV_MCFM701_pythia8_sys_ElecronSFUp
Merging measMET_GluGluToContinToZZTo4mu_13TeV_MCFM701_pythia8_catSignal-1jet_sys_QCDScale2wDown
Merging measMET_GluGluToContinToZZTo4mu_13TeV_MCFM701_pythia8_catSignal-0jet_sys_PrefireWeightDown
Merging MT_GluGluToContinToZZTo4mu_13TeV_MCFM701_pythia8_catNRB_sys_ElectronEnDown
Merging measMET_GluGluToContinToZZTo4mu_13TeV_MCFM701_pythia8_catSignal-0jet_sys_EWKUp
Merging measMET_GluGluToContinToZZTo4mu_13TeV_MCFM701_pythia8_cat4L_sys_ElecronSFUp
Merging measMET_GluGluToContinToZZTo4mu_13TeV_MCFM701_pythia8_catTOP_sys_QCDScale0wDown
Merging measMET_GluGluToContinToZZTo4mu_13TeV_MCFM701_pythia8_catDY_sys_MuonEnUp
Merging njet_GluGluToContinToZZTo4mu_13TeV_MCFM701_pythia8_sys_MuonEnDown
Merging measMET_GluGluToContinToZZTo4mu_13TeV_MCFM701_pythia8_cat3L_sys_MuonSFUp
Merging MT_GluGluToContinToZZTo4mu_13TeV_MCFM701_pythia8_catSignal-0jet_sys_jesTotalDown
Merging MT_GluGluToContinToZZTo4mu_13TeV_MCFM701_pythia8_catTOP_sys_ElecronSFUp
Merging measMET_GluGluToContinToZZTo4mu_13TeV_MCFM701_pythia8_catDY_sys_PDFUp
Merging MT_GluGluToContinToZZTo4mu_13TeV_MCFM701_pythia8_catDY_sys_ElectronEnDown
Merging measMET_GluGluToContinToZZTo4mu_13TeV_MCFM701_pythia8_cat4L_sys_jerUp
Merging MT_GluGluToContinToZZTo4mu_13TeV_MCFM701_pythia8_catDY_sys_QCDScale1wUp
Merging MT_GluGluToContinToZZTo4mu_13TeV_MCFM701_pythia8_catDY_sys_TriggerSFWeightDown
Merging MT_GluGluToContinToZZTo4mu_13TeV_MCFM701_pythia8_catSignal-1jet_sys_QCDScale2wUp
Merging MT_GluGluToContinToZZTo4mu_13TeV_MCFM701_pythia8_cat3L_sys_jesTotalDown
Merging measMET_GluGluToContinToZZTo4mu_13TeV_MCFM701_pythia8_cat4L_sys_btagEventWeightDown
Merging MT_GluGluToContinToZZTo4mu_13TeV_MCFM701_pythia8_catTOP_sys_MuonEnUp
Merging measMET_GluGluToContinToZZTo4mu_13TeV_MCFM701_pythia8_catSignal-0jet_sys_btagEventWeightUp
Merging MT_GluGluToContinToZZTo4mu_13TeV_MCFM701_pythia8_catEM_sys_PrefireWeightDown
Merging measMET_GluGluToContinToZZTo4mu_13TeV_MCFM701_pythia8_catSignal-0jet_sys_ElectronEnUp
Merging measMET_GluGluToContinToZZTo4mu_13TeV_MCFM701_pythia8_catDY_sys_btagEventWeightDown
Merging njet_GluGluToContinToZZTo4mu_13TeV_MCFM701_pythia8_sys_QCDScale0wUp
Merging MT_GluGluToContinToZZTo4mu_13TeV_MCFM701_pythia8_catSignal-1jet_sys_QCDScale2wDown
Merging MT_GluGluToContinToZZTo4mu_13TeV_MCFM701_pythia8_catSignal-0jet_sys_nvtxWeightDown
Merging njet_GluGluToContinToZZTo4mu_13TeV_MCFM701_pythia8_sys_jesTotalUp
Merging measMET_GluGluToContinToZZTo4mu_13TeV_MCFM701_pythia8_catTOP_sys_QCDScale2wUp
Merging MT_GluGluToContinToZZTo4mu_13TeV_MCFM701_pythia8_catNRB_sys_puWeightUp
Merging phizmet_GluGluToContinToZZTo4mu_13TeV_MCFM701_pythia8_sys_ElectronEnDown
Merging MT_GluGluToContinToZZTo4mu_13TeV_MCFM701_pythia8_catSignal-0jet_sys_ElectronEnUp
Merging njet_GluGluToContinToZZTo4mu_13TeV_MCFM701_pythia8_sys_MuonSFDown
Merging MT_GluGluToContinToZZTo4mu_13TeV_MCFM701_pythia8_catNRB_sys_QCDScale2wUp
Merging balance_GluGluToContinToZZTo4mu_13TeV_MCFM701_pythia8_sys_btagEventWeightDown
Merging MT_GluGluToContinToZZTo4mu_13TeV_MCFM701_pythia8_catTOP_sys_PDFUp
Merging measMET_GluGluToContinToZZTo4mu_13TeV_MCFM701_pythia8_catNRB_sys_btagEventWeightUp
Merging MT_GluGluToContinToZZTo4mu_13TeV_MCFM701_pythia8_cat3L_sys_ElecronSFUp
Merging phizmet_GluGluToContinToZZTo4mu_13TeV_MCFM701_pythia8_sys_PrefireWeightDown
Merging measMET_GluGluToContinToZZTo4mu_13TeV_MCFM701_pythia8_catSignal-1jet_sys_MuonSFUp
Merging MT_GluGluToContinToZZTo4mu_13TeV_MCFM701_pythia8_catNRB_sys_QCDScale1wUp
Merging MT_GluGluToContinToZZTo4mu_13TeV_MCFM701_pythia8_catSignal-1jet_sys_ElectronEnUp
Merging measMET_GluGluToContinToZZTo4mu_13TeV_MCFM701_pythia8_catTOP_sys_MuonEnDown
Merging MT_GluGluToContinToZZTo4mu_13TeV_MCFM701_pythia8_catTOP_sys_jerUp
Merging njet_GluGluToContinToZZTo4mu_13TeV_MCFM701_pythia8_sys_QCDScale1wDown
Merging njet_GluGluToContinToZZTo4mu_13TeV_MCFM701_pythia8_sys_TriggerSFWeightDown
Merging measMET_GluGluToContinToZZTo4mu_13TeV_MCFM701_pythia8_catSignal-1jet_sys_puWeightUp
Merging MT_GluGluToContinToZZTo4mu_13TeV_MCFM701_pythia8_catEM_sys_jerUp
Merging MT_GluGluToContinToZZTo4mu_13TeV_MCFM701_pythia8_catDY_sys_QCDScale0wDown
Merging measMET_GluGluToContinToZZTo4mu_13TeV_MCFM701_pythia8_catSignal-1jet
Merging MT_GluGluToContinToZZTo4mu_13TeV_MCFM701_pythia8_cat3L_sys_QCDScale0wDown
Merging MT_GluGluToContinToZZTo4mu_13TeV_MCFM701_pythia8_catDY_sys_QCDScale0wUp
Merging MT_GluGluToContinToZZTo4mu_13TeV_MCFM701_pythia8_catNRB_sys_ElecronSFUp
Merging measMET_GluGluToContinToZZTo4mu_13TeV_MCFM701_pythia8_catTOP_sys_jerUp
Merging MT_GluGluToContinToZZTo4mu_13TeV_MCFM701_pythia8_catTOP_sys_PrefireWeightDown
Merging measMET_GluGluToContinToZZTo4mu_13TeV_MCFM701_pythia8_catDY_sys_PrefireWeightDown
Merging MT_GluGluToContinToZZTo4mu_13TeV_MCFM701_pythia8_catEM_sys_PrefireWeightUp
Merging measMET_GluGluToContinToZZTo4mu_13TeV_MCFM701_pythia8_catDY_sys_nvtxWeightDown
Merging measMET_GluGluToContinToZZTo4mu_13TeV_MCFM701_pythia8_cat3L
Merging njet_GluGluToContinToZZTo4mu_13TeV_MCFM701_pythia8_sys_PDFUp
Merging MT_GluGluToContinToZZTo4mu_13TeV_MCFM701_pythia8_cat3L_sys_MuonSFUp
Merging measMET_GluGluToContinToZZTo4mu_13TeV_MCFM701_pythia8_catEM_sys_jesTotalDown
Merging MT_GluGluToContinToZZTo4mu_13TeV_MCFM701_pythia8_cat4L_sys_PDFDown
Merging measMET_GluGluToContinToZZTo4mu_13TeV_MCFM701_pythia8_catNRB
Merging measMET_GluGluToContinToZZTo4mu_13TeV_MCFM701_pythia8_cat4L_sys_puWeightUp
Merging MT_GluGluToContinToZZTo4mu_13TeV_MCFM701_pythia8_cat4L_sys_EWKUp
Merging MT_GluGluToContinToZZTo4mu_13TeV_MCFM701_pythia8_catSignal-1jet_sys_MuonEnDown
Merging MT_GluGluToContinToZZTo4mu_13TeV_MCFM701_pythia8_catDY_sys_PDFDown
Merging measMET_GluGluToContinToZZTo4mu_13TeV_MCFM701_pythia8_catNRB_sys_MuonSFUp
Merging MT_GluGluToContinToZZTo4mu_13TeV_MCFM701_pythia8_cat4L_sys_EWKDown
Merging MT_GluGluToContinToZZTo4mu_13TeV_MCFM701_pythia8_catSignal-0jet_sys_puWeightUp
Merging measMET_GluGluToContinToZZTo4mu_13TeV_MCFM701_pythia8_catNRB_sys_jesTotalDown
Merging measMET_GluGluToContinToZZTo4mu_13TeV_MCFM701_pythia8_catSignal-0jet_sys_MuonSFUp
Merging measMET_GluGluToContinToZZTo4mu_13TeV_MCFM701_pythia8_cat3L_sys_QCDScale0wDown
Merging MT_GluGluToContinToZZTo4mu_13TeV_MCFM701_pythia8_cat3L_sys_ElectronEnUp
Merging measMET_GluGluToContinToZZTo4mu_13TeV_MCFM701_pythia8_catNRB_sys_btagEventWeightDown
Merging measMET_GluGluToContinToZZTo4mu_13TeV_MCFM701_pythia8_catNRB_sys_EWKUp
Merging MT_GluGluToContinToZZTo4mu_13TeV_MCFM701_pythia8_cat3L_sys_puWeightUp
Merging measMET_GluGluToContinToZZTo4mu_13TeV_MCFM701_pythia8_catDY_sys_QCDScale0wDown
Merging measMET_GluGluToContinToZZTo4mu_13TeV_MCFM701_pythia8_catEM_sys_EWKUp
Merging measMET_GluGluToContinToZZTo4mu_13TeV_MCFM701_pythia8_cat3L_sys_puWeightUp
Merging measMET_GluGluToContinToZZTo4mu_13TeV_MCFM701_pythia8_catSignal-0jet_sys_nvtxWeightUp
Merging balance_GluGluToContinToZZTo4mu_13TeV_MCFM701_pythia8_sys_MuonSFDown
Merging MT_GluGluToContinToZZTo4mu_13TeV_MCFM701_pythia8_catSignal-0jet_sys_QCDScale1wDown
Merging measMET_GluGluToContinToZZTo4mu_13TeV_MCFM701_pythia8_catNRB_sys_MuonEnDown
Merging MT_GluGluToContinToZZTo4mu_13TeV_MCFM701_pythia8_catTOP_sys_btagEventWeightUp
Merging MT_GluGluToContinToZZTo4mu_13TeV_MCFM701_pythia8_catDY_sys_QCDScale1wDown
Merging MT_GluGluToContinToZZTo4mu_13TeV_MCFM701_pythia8_catSignal-1jet_sys_PrefireWeightUp
Merging MT_GluGluToContinToZZTo4mu_13TeV_MCFM701_pythia8_cat4L_sys_puWeightUp
Merging measMET_GluGluToContinToZZTo4mu_13TeV_MCFM701_pythia8_catSignal-0jet_sys_btagEventWeightDown
Merging measMET_GluGluToContinToZZTo4mu_13TeV_MCFM701_pythia8_catEM_sys_EWKDown
Merging measMET_GluGluToContinToZZTo4mu_13TeV_MCFM701_pythia8_cat3L_sys_QCDScale1wDown
Merging MT_GluGluToContinToZZTo4mu_13TeV_MCFM701_pythia8_catNRB_sys_btagEventWeightUp
Merging measMET_GluGluToContinToZZTo4mu_13TeV_MCFM701_pythia8_cat3L_sys_TriggerSFWeightDown
Merging measMET_GluGluToContinToZZTo4mu_13TeV_MCFM701_pythia8_catEM_sys_QCDScale0wDown
Merging MT_GluGluToContinToZZTo4mu_13TeV_MCFM701_pythia8_catDY_sys_btagEventWeightUp
Merging MT_GluGluToContinToZZTo4mu_13TeV_MCFM701_pythia8_catDY_sys_EWKDown
Merging measMET_GluGluToContinToZZTo4mu_13TeV_MCFM701_pythia8_catNRB_sys_puWeightUp
Merging measMET_GluGluToContinToZZTo4mu_13TeV_MCFM701_pythia8_cat3L_sys_jerDown
Merging measMET_GluGluToContinToZZTo4mu_13TeV_MCFM701_pythia8_catEM_sys_QCDScale1wDown
Merging measMET_GluGluToContinToZZTo4mu_13TeV_MCFM701_pythia8_catSignal-1jet_sys_ElectronEnDown
Merging measMET_GluGluToContinToZZTo4mu_13TeV_MCFM701_pythia8_cat4L_sys_ElectronEnUp
Merging MT_GluGluToContinToZZTo4mu_13TeV_MCFM701_pythia8_catSignal-0jet_sys_EWKDown
Merging MT_GluGluToContinToZZTo4mu_13TeV_MCFM701_pythia8_cat4L_sys_QCDScale2wDown
Merging balance_GluGluToContinToZZTo4mu_13TeV_MCFM701_pythia8_sys_EWKUp
Merging MT_GluGluToContinToZZTo4mu_13TeV_MCFM701_pythia8_cat3L_sys_ElecronSFDown
Merging measMET_GluGluToContinToZZTo4mu_13TeV_MCFM701_pythia8_catDY_sys_nvtxWeightUp
Merging MT_GluGluToContinToZZTo4mu_13TeV_MCFM701_pythia8_catEM_sys_QCDScale0wDown
Merging MT_GluGluToContinToZZTo4mu_13TeV_MCFM701_pythia8_catDY_sys_jesTotalDown
Merging measMET_GluGluToContinToZZTo4mu_13TeV_MCFM701_pythia8_catEM_sys_MuonEnDown
Merging MT_GluGluToContinToZZTo4mu_13TeV_MCFM701_pythia8_catSignal-0jet_sys_MuonSFDown
Merging measMET_GluGluToContinToZZTo4mu_13TeV_MCFM701_pythia8_cat3L_sys_btagEventWeightUp
Merging measMET_GluGluToContinToZZTo4mu_13TeV_MCFM701_pythia8_catSignal-0jet_sys_MuonEnUp
Merging balance_GluGluToContinToZZTo4mu_13TeV_MCFM701_pythia8_sys_QCDScale2wUp
Merging MT_GluGluToContinToZZTo4mu_13TeV_MCFM701_pythia8_cat3L_sys_PrefireWeightUp
Merging MT_GluGluToContinToZZTo4mu_13TeV_MCFM701_pythia8_catDY_sys_ElectronEnUp
Merging measMET_GluGluToContinToZZTo4mu_13TeV_MCFM701_pythia8_catSignal-1jet_sys_PDFUp
Merging MT_GluGluToContinToZZTo4mu_13TeV_MCFM701_pythia8_cat4L_sys_jesTotalUp
Merging measMET_GluGluToContinToZZTo4mu_13TeV_MCFM701_pythia8_catTOP_sys_ElectronEnUp
Merging measMET_GluGluToContinToZZTo4mu_13TeV_MCFM701_pythia8_catSignal-1jet_sys_PrefireWeightDown
Merging balance_GluGluToContinToZZTo4mu_13TeV_MCFM701_pythia8_sys_PDFDown
Merging measMET_GluGluToContinToZZTo4mu_13TeV_MCFM701_pythia8_cat3L_sys_EWKDown
Merging MT_GluGluToContinToZZTo4mu_13TeV_MCFM701_pythia8_catEM_sys_puWeightUp
Merging measMET_GluGluToContinToZZTo4mu_13TeV_MCFM701_pythia8_catNRB_sys_PrefireWeightDown
Merging balance_GluGluToContinToZZTo4mu_13TeV_MCFM701_pythia8_sys_EWKDown
Merging measMET_GluGluToContinToZZTo4mu_13TeV_MCFM701_pythia8_catTOP_sys_MuonEnUp
Merging measMET_GluGluToContinToZZTo4mu_13TeV_MCFM701_pythia8_catEM
Merging measMET_GluGluToContinToZZTo4mu_13TeV_MCFM701_pythia8_catTOP_sys_MuonSFUp
Merging measMET_GluGluToContinToZZTo4mu_13TeV_MCFM701_pythia8_catEM_sys_TriggerSFWeightUp
Merging MT_GluGluToContinToZZTo4mu_13TeV_MCFM701_pythia8_cat4L_sys_PrefireWeightDown
Merging MT_GluGluToContinToZZTo4mu_13TeV_MCFM701_pythia8_catSignal-1jet_sys_nvtxWeightDown
Merging balance_GluGluToContinToZZTo4mu_13TeV_MCFM701_pythia8_sys_nvtxWeightDown
Merging measMET_GluGluToContinToZZTo4mu_13TeV_MCFM701_pythia8_cat4L_sys_ElectronEnDown
Merging MT_GluGluToContinToZZTo4mu_13TeV_MCFM701_pythia8_catDY_sys_MuonSFUp
Merging measMET_GluGluToContinToZZTo4mu_13TeV_MCFM701_pythia8_catSignal-1jet_sys_jerUp
Merging MT_GluGluToContinToZZTo4mu_13TeV_MCFM701_pythia8_cat4L_sys_MuonSFDown
Merging measMET_GluGluToContinToZZTo4mu_13TeV_MCFM701_pythia8_catNRB_sys_QCDScale1wUp
Merging measMET_GluGluToContinToZZTo4mu_13TeV_MCFM701_pythia8_catSignal-0jet_sys_puWeightUp
Merging MT_GluGluToContinToZZTo4mu_13TeV_MCFM701_pythia8_catDY_sys_TriggerSFWeightUp
Merging measMET_GluGluToContinToZZTo4mu_13TeV_MCFM701_pythia8_catSignal-1jet_sys_EWKDown
Merging phizmet_GluGluToContinToZZTo4mu_13TeV_MCFM701_pythia8_sys_TriggerSFWeightUp
Merging measMET_GluGluToContinToZZTo4mu_13TeV_MCFM701_pythia8_cat4L_sys_TriggerSFWeightDown
Merging measMET_GluGluToContinToZZTo4mu_13TeV_MCFM701_pythia8_catDY_sys_ElecronSFDown
Merging measMET_GluGluToContinToZZTo4mu_13TeV_MCFM701_pythia8_catDY_sys_PrefireWeightUp
Merging measMET_GluGluToContinToZZTo4mu_13TeV_MCFM701_pythia8_cat3L_sys_ElectronEnDown
Merging measMET_GluGluToContinToZZTo4mu_13TeV_MCFM701_pythia8_cat4L_sys_QCDScale0wDown
Merging measMET_GluGluToContinToZZTo4mu_13TeV_MCFM701_pythia8_cat3L_sys_nvtxWeightDown
Merging phizmet_GluGluToContinToZZTo4mu_13TeV_MCFM701_pythia8_sys_nvtxWeightDown
Merging measMET_GluGluToContinToZZTo4mu_13TeV_MCFM701_pythia8_catDY_sys_ElectronEnDown
Merging MT_GluGluToContinToZZTo4mu_13TeV_MCFM701_pythia8_cat3L_sys_QCDScale2wUp
Merging MT_GluGluToContinToZZTo4mu_13TeV_MCFM701_pythia8_catEM_sys_jesTotalDown
Merging MT_GluGluToContinToZZTo4mu_13TeV_MCFM701_pythia8_catSignal-0jet_sys_EWKUp
Merging balance_GluGluToContinToZZTo4mu_13TeV_MCFM701_pythia8_sys_ElectronEnDown
Merging measMET_GluGluToContinToZZTo4mu_13TeV_MCFM701_pythia8_catEM_sys_MuonSFUp
Merging measMET_GluGluToContinToZZTo4mu_13TeV_MCFM701_pythia8_catEM_sys_ElecronSFDown
Merging MT_GluGluToContinToZZTo4mu_13TeV_MCFM701_pythia8_catNRB_sys_jerDown
Merging measMET_GluGluToContinToZZTo4mu_13TeV_MCFM701_pythia8_catNRB_sys_QCDScale0wDown
Merging measMET_GluGluToContinToZZTo4mu_13TeV_MCFM701_pythia8_cat3L_sys_PrefireWeightDown
Merging MT_GluGluToContinToZZTo4mu_13TeV_MCFM701_pythia8_catEM_sys_QCDScale1wUp
Merging njet_GluGluToContinToZZTo4mu_13TeV_MCFM701_pythia8_sys_ElecronSFDown
Merging MT_GluGluToContinToZZTo4mu_13TeV_MCFM701_pythia8_cat3L_sys_QCDScale0wUp
Merging measMET_GluGluToContinToZZTo4mu_13TeV_MCFM701_pythia8_cat4L_sys_btagEventWeightUp
Merging measMET_GluGluToContinToZZTo4mu_13TeV_MCFM701_pythia8_catTOP_sys_QCDScale0wUp
Merging measMET_GluGluToContinToZZTo4mu_13TeV_MCFM701_pythia8_cat4L_sys_MuonEnUp
Merging MT_GluGluToContinToZZTo4mu_13TeV_MCFM701_pythia8_catDY_sys_jesTotalUp
Merging measMET_GluGluToContinToZZTo4mu_13TeV_MCFM701_pythia8_catDY_sys_puWeightDown
Merging MT_GluGluToContinToZZTo4mu_13TeV_MCFM701_pythia8_cat3L_sys_MuonEnUp
Merging MT_GluGluToContinToZZTo4mu_13TeV_MCFM701_pythia8_catDY_sys_nvtxWeightDown
Merging MT_GluGluToContinToZZTo4mu_13TeV_MCFM701_pythia8_catEM
Merging measMET_GluGluToContinToZZTo4mu_13TeV_MCFM701_pythia8_catNRB_sys_ElecronSFDown
Merging njet_GluGluToContinToZZTo4mu_13TeV_MCFM701_pythia8_sys_btagEventWeightUp
Merging MT_GluGluToContinToZZTo4mu_13TeV_MCFM701_pythia8_catSignal-0jet_sys_PrefireWeightUp
Merging measMET_GluGluToContinToZZTo4mu_13TeV_MCFM701_pythia8_catDY_sys_QCDScale1wDown
Merging MT_GluGluToContinToZZTo4mu_13TeV_MCFM701_pythia8_catEM_sys_ElecronSFDown
Merging measMET_GluGluToContinToZZTo4mu_13TeV_MCFM701_pythia8_cat3L_sys_puWeightDown
Merging measMET_GluGluToContinToZZTo4mu_13TeV_MCFM701_pythia8_catSignal-1jet_sys_TriggerSFWeightUp
Merging phizmet_GluGluToContinToZZTo4mu_13TeV_MCFM701_pythia8_sys_jerDown
Merging MT_GluGluToContinToZZTo4mu_13TeV_MCFM701_pythia8_catSignal-1jet_sys_puWeightDown
Merging measMET_GluGluToContinToZZTo4mu_13TeV_MCFM701_pythia8_catEM_sys_jerUp
Merging njet_GluGluToContinToZZTo4mu_13TeV_MCFM701_pythia8_sys_EWKUp
Merging measMET_GluGluToContinToZZTo4mu_13TeV_MCFM701_pythia8_catSignal-1jet_sys_MuonEnUp
Merging balance_GluGluToContinToZZTo4mu_13TeV_MCFM701_pythia8_sys_QCDScale1wDown
Merging MT_GluGluToContinToZZTo4mu_13TeV_MCFM701_pythia8_catSignal-1jet_sys_TriggerSFWeightUp
Merging measMET_GluGluToContinToZZTo4mu_13TeV_MCFM701_pythia8_catSignal-1jet_sys_jerDown
Merging phizmet_GluGluToContinToZZTo4mu_13TeV_MCFM701_pythia8_sys_PDFDown
Merging balance_GluGluToContinToZZTo4mu_13TeV_MCFM701_pythia8_sys_TriggerSFWeightUp
Merging MT_GluGluToContinToZZTo4mu_13TeV_MCFM701_pythia8_catEM_sys_TriggerSFWeightDown
Merging MT_GluGluToContinToZZTo4mu_13TeV_MCFM701_pythia8_cat4L_sys_QCDScale0wUp
Merging MT_GluGluToContinToZZTo4mu_13TeV_MCFM701_pythia8_catEM_sys_ElectronEnDown
Merging MT_GluGluToContinToZZTo4mu_13TeV_MCFM701_pythia8_catSignal-0jet_sys_btagEventWeightUp
Merging MT_GluGluToContinToZZTo4mu_13TeV_MCFM701_pythia8_cat3L_sys_QCDScale1wDown
Merging MT_GluGluToContinToZZTo4mu_13TeV_MCFM701_pythia8_catEM_sys_nvtxWeightDown
Merging phizmet_GluGluToContinToZZTo4mu_13TeV_MCFM701_pythia8_sys_PDFUp
Merging MT_GluGluToContinToZZTo4mu_13TeV_MCFM701_pythia8_catSignal-0jet_sys_QCDScale2wUp
Merging measMET_GluGluToContinToZZTo4mu_13TeV_MCFM701_pythia8_catNRB_sys_ElectronEnDown
ed    0.038 kHz), accepted    30001/   30001 events (100.00%)
Processed    40000/  238645 entries, 16.76% (elapsed time  1052.2s, curr speed    0.039 kHz, avg speed    0.038 kHz), accepted    40001/   40001 events (100.00%)
Processed    50000/  238645 entries, 20.95% (elapsed time  1338.6s, curr speed    0.035 kHz, avg speed    0.037 kHz), accepted    50001/   50001 events (100.00%)
Processed    60000/  238645 entries, 25.14% (elapsed time  1622.0s, curr speed    0.035 kHz, avg speed    0.037 kHz), accepted    60001/   60001 events (100.00%)
Processed    70000/  238645 entries, 29.33% (elapsed time  1912.9s, curr speed    0.034 kHz, avg speed    0.037 kHz), accepted    70001/   70001 events (100.00%)
Processed    80000/  238645 entries, 33.52% (elapsed time  2166.9s, curr speed    0.039 kHz, avg speed    0.037 kHz), accepted    80001/   80001 events (100.00%)
Processed    90000/  238645 entries, 37.71% (elapsed time  2441.5s, curr speed    0.036 kHz, avg speed    0.037 kHz), accepted    90001/   90001 events (100.00%)
Processed   100000/  238645 entries, 41.90% (elapsed time  2688.2s, curr speed    0.041 kHz, avg speed    0.037 kHz), accepted   100001/  100001 events (100.00%)
Processed   110000/  238645 entries, 46.09% (elapsed time  2959.1s, curr speed    0.037 kHz, avg speed    0.037 kHz), accepted   110001/  110001 events (100.00%)
Processed   120000/  238645 entries, 50.28% (elapsed time  3232.8s, curr speed    0.037 kHz, avg speed    0.037 kHz), accepted   120001/  120001 events (100.00%)
Processed   130000/  238645 entries, 54.47% (elapsed time  3503.6s, curr speed    0.037 kHz, avg speed    0.037 kHz), accepted   130001/  130001 events (100.00%)
Processed   140000/  238645 entries, 58.66% (elapsed time  3767.0s, curr speed    0.038 kHz, avg speed    0.037 kHz), accepted   140001/  140001 events (100.00%)
Processed   150000/  238645 entries, 62.85% (elapsed time  4052.5s, curr speed    0.035 kHz, avg speed    0.037 kHz), accepted   150001/  150001 events (100.00%)
Processed   160000/  238645 entries, 67.05% (elapsed time  4311.6s, curr speed    0.039 kHz, avg speed    0.037 kHz), accepted   160001/  160001 events (100.00%)
Processed   170000/  238645 entries, 71.24% (elapsed time  4568.5s, curr speed    0.039 kHz, avg speed    0.037 kHz), accepted   170001/  170001 events (100.00%)
Processed   180000/  238645 entries, 75.43% (elapsed time  4797.0s, curr speed    0.044 kHz, avg speed    0.038 kHz), accepted   180001/  180001 events (100.00%)
Processed   190000/  238645 entries, 79.62% (elapsed time  4999.8s, curr speed    0.049 kHz, avg speed    0.038 kHz), accepted   190001/  190001 events (100.00%)
Processed   200000/  238645 entries, 83.81% (elapsed time  5202.5s, curr speed    0.049 kHz, avg speed    0.038 kHz), accepted   200001/  200001 events (100.00%)
Processed   210000/  238645 entries, 88.00% (elapsed time  5399.8s, curr speed    0.051 kHz, avg speed    0.039 kHz), accepted   210001/  210001 events (100.00%)
Processed   220000/  238645 entries, 92.19% (elapsed time  5596.7s, curr speed    0.051 kHz, avg speed    0.039 kHz), accepted   220001/  220001 events (100.00%)
Processed   230000/  238645 entries, 96.38% (elapsed time  5793.0s, curr speed    0.051 kHz, avg speed    0.040 kHz), accepted   230001/  230001 events (100.00%)
Processed 238645 preselected entries from /eos/cms/store/group/phys_exotica/monoZ/Exorcism2017/GluGluToContinToZZTo4mu_13TeV_MCFM701_pythia8/tree_31.root (238645 entries). Finally selected 238645 entries
Done ./tree_31_Skim.root
39.9854229848 Hz
----- transfer output to eos :
----- directory after running :
.:
total 6460
-rw-r--r--. 1 cfreer zh    1216 Nov 30 12:30 FrameworkJobReport.xml
-rw-r--r--. 1 cfreer zh       0 Nov 30 10:50 _condor_stderr
-rw-r--r--. 1 cfreer zh   86714 Nov 30 12:30 _condor_stdout
-rw-------. 1 cfreer zh    4914 Nov 30 12:30 cfreer.cc
-rw-r--r--. 1 cfreer zh   16092 Nov 30 10:50 combineHLT_Run2.yaml
-rw-r--r--. 1 cfreer zh    5718 Nov 30 10:50 condor_WSProducer.py
-rwxr-xr-x. 1 cfreer zh     844 Nov 30 10:50 condor_exec.exe
-rwxr-xr-x. 1 cfreer zh    2559 Nov 30 10:50 haddnano.py
-rw-r--r--. 1 cfreer zh       8 Nov 30 10:50 keep_and_drop_WS.txt
drwx------. 3 cfreer zh    4096 Nov 30 10:50 tmp
-rw-r--r--. 1 cfreer zh 3231698 Nov 30 12:30 tree_31_Skim.root
-rw-r--r--. 1 cfreer zh 3231842 Nov 30 12:30 tree_7.root
drwx------. 3 cfreer zh    4096 Nov 30 10:50 var

./tmp:
total 4
drwxr-xr-x. 3 cfreer zh 4096 Nov 30 10:50 mjf-cfreer

./tmp/mjf-cfreer:
total 4
drwxr-xr-x. 2 cfreer zh 4096 Nov 30 10:50 jobfeatures-bigbird09.cern.ch_3031861.7_1574960749

./tmp/mjf-cfreer/jobfeatures-bigbird09.cern.ch_3031861.7_1574960749:
total 28
-rw-r--r--. 1 cfreer zh  1 Nov 30 10:50 allocated_cpu
-rw-r--r--. 1 cfreer zh  6 Nov 30 10:50 cpu_limit_secs
-rw-r--r--. 1 cfreer zh 38 Nov 30 10:50 job_id
-rw-r--r--. 1 cfreer zh 10 Nov 30 10:50 jobstart_secs
-rw-r--r--. 1 cfreer zh 10 Nov 30 10:50 max_rss_bytes
-rw-r--r--. 1 cfreer zh 10 Nov 30 10:50 scratch_limit_bytes
-rw-r--r--. 1 cfreer zh  6 Nov 30 10:50 wall_limit_secs

./var:
total 4
drwx------. 2 cfreer zh 4096 Nov 30 10:50 tmp

./var/tmp:
total 0
 ------ THE END (everyone dies !) ----- 
