
/pool/condor/dir_13730

... start job at 2019-11-30 11:03:52
----- directory before running:
.:
total 52
-rw-r--r--. 1 cfreer zh     0 Nov 30 11:03 _condor_stderr
-rw-r--r--. 1 cfreer zh    94 Nov 30 11:03 _condor_stdout
-rw-------. 1 cfreer zh  2642 Nov 30 11:03 cfreer.cc
-rw-r--r--. 1 cfreer zh 16092 Nov 30 11:03 combineHLT_Run2.yaml
-rw-r--r--. 1 cfreer zh  5718 Nov 30 11:03 condor_WSProducer.py
-rwxr-xr-x. 1 cfreer zh   856 Nov 30 11:03 condor_exec.exe
-rwxr-xr-x. 1 cfreer zh  2559 Nov 30 11:03 haddnano.py
-rw-r--r--. 1 cfreer zh     8 Nov 30 11:03 keep_and_drop_WS.txt
drwx------. 3 cfreer zh  4096 Nov 30 11:03 tmp
drwx------. 3 cfreer zh  4096 Nov 30 11:03 var

./tmp:
total 4
drwxr-xr-x. 3 cfreer zh 4096 Nov 30 11:03 mjf-cfreer

./tmp/mjf-cfreer:
total 4
drwxr-xr-x. 2 cfreer zh 4096 Nov 30 11:03 jobfeatures-bigbird09.cern.ch_3031878.5_1574960919

./tmp/mjf-cfreer/jobfeatures-bigbird09.cern.ch_3031878.5_1574960919:
total 28
-rw-r--r--. 1 cfreer zh  1 Nov 30 11:03 allocated_cpu
-rw-r--r--. 1 cfreer zh  6 Nov 30 11:03 cpu_limit_secs
-rw-r--r--. 1 cfreer zh 38 Nov 30 11:03 job_id
-rw-r--r--. 1 cfreer zh 10 Nov 30 11:03 jobstart_secs
-rw-r--r--. 1 cfreer zh 10 Nov 30 11:03 max_rss_bytes
-rw-r--r--. 1 cfreer zh 10 Nov 30 11:03 scratch_limit_bytes
-rw-r--r--. 1 cfreer zh  6 Nov 30 11:03 wall_limit_secs

./var:
total 4
drwx------. 2 cfreer zh 4096 Nov 30 11:03 tmp

./var/tmp:
total 0
----- CMSSW BASE, python path, pwd:
+ CMSSW_BASE  = /afs/cern.ch/work/c/cfreer/MonoZ_2019/MT_plots/CMSSW_10_6_4
+ PYTHON_PATH = 
+ PWD         = /pool/condor/dir_13730
/eos/cms/store/group/phys_exotica/monoZ/Exorcism2017/TTZToLLNuNu_M-10_TuneCP5_PSweights_13TeV-amcatnlo-pythia8/tree_13.root  ->  /eos/cms/store/group/phys_exotica/monoZ/Exorcism2017/TTZToLLNuNu_M-10_TuneCP5_PSweights_13TeV-amcatnlo-pythia8/tree_13.root
Testing file open
Test OK
---------------------------
 -- options  =  Namespace(dataset='X', doSyst=1, era='2017', infile='/eos/cms/store/group/phys_exotica/monoZ/Exorcism2017/TTZToLLNuNu_M-10_TuneCP5_PSweights_13TeV-amcatnlo-pythia8/tree_13.root', isMC=1, jobNum=5, nevt=-1)
 -- is MC    =  1
 -- jobNum   =  5
 -- era      =  2017
 -- in file  =  /eos/cms/store/group/phys_exotica/monoZ/Exorcism2017/TTZToLLNuNu_M-10_TuneCP5_PSweights_13TeV-amcatnlo-pythia8/tree_13.root
 -- dataset  =  X
---------------------------
[check] condtag_ ==  TTZToLLNuNu_M-10_TuneCP5_PSweights_13TeV-amcatnlo-pythia8
[check] dataset  ==  monoZ
modules :  <PhysicsTools.MonoZ.MonoZWSProducer.MonoZWSProducer object at 0x2ba20de9d890>
modules :  <PhysicsTools.MonoZ.MonoZWSProducer.MonoZWSProducer object at 0x2ba20de9d950>
modules :  <PhysicsTools.MonoZ.MonoZWSProducer.MonoZWSProducer object at 0x2ba20de9d990>
modules :  <PhysicsTools.MonoZ.MonoZWSProducer.MonoZWSProducer object at 0x2ba20de9d9d0>
modules :  <PhysicsTools.MonoZ.MonoZWSProducer.MonoZWSProducer object at 0x2ba20de9da10>
modules :  <PhysicsTools.MonoZ.MonoZWSProducer.MonoZWSProducer object at 0x2ba20de9da50>
modules :  <PhysicsTools.MonoZ.MonoZWSProducer.MonoZWSProducer object at 0x2ba20de9da90>
modules :  <PhysicsTools.MonoZ.MonoZWSProducer.MonoZWSProducer object at 0x2ba20de9dad0>
modules :  <PhysicsTools.MonoZ.MonoZWSProducer.MonoZWSProducer object at 0x2ba20de9db10>
modules :  <PhysicsTools.MonoZ.MonoZWSProducer.MonoZWSProducer object at 0x2ba20de9db50>
modules :  <PhysicsTools.MonoZ.MonoZWSProducer.MonoZWSProducer object at 0x2ba20de9db90>
modules :  <PhysicsTools.MonoZ.MonoZWSProducer.MonoZWSProducer object at 0x2ba20de9dbd0>
modules :  <PhysicsTools.MonoZ.MonoZWSProducer.MonoZWSProducer object at 0x2ba20de9dc10>
modules :  <PhysicsTools.MonoZ.MonoZWSProducer.MonoZWSProducer object at 0x2ba20de9dc50>
modules :  <PhysicsTools.MonoZ.MonoZWSProducer.MonoZWSProducer object at 0x2ba20de9dc90>
modules :  <PhysicsTools.MonoZ.MonoZWSProducer.MonoZWSProducer object at 0x2ba20de9dcd0>
modules :  <PhysicsTools.MonoZ.MonoZWSProducer.MonoZWSProducer object at 0x2ba20de9dd10>
modules :  <PhysicsTools.MonoZ.MonoZWSProducer.MonoZWSProducer object at 0x2ba20de9dd50>
modules :  <PhysicsTools.MonoZ.MonoZWSProducer.MonoZWSProducer object at 0x2ba20de9dd90>
modules :  <PhysicsTools.MonoZ.MonoZWSProducer.MonoZWSProducer object at 0x2ba20de9ddd0>
modules :  <PhysicsTools.MonoZ.MonoZWSProducer.MonoZWSProducer object at 0x2ba20de9de10>
modules :  <PhysicsTools.MonoZ.MonoZWSProducer.MonoZWSProducer object at 0x2ba20de9de50>
modules :  <PhysicsTools.MonoZ.MonoZWSProducer.MonoZWSProducer object at 0x2ba20de9ded0>
modules :  <PhysicsTools.MonoZ.MonoZWSProducer.MonoZWSProducer object at 0x2ba20de9df50>
modules :  <PhysicsTools.MonoZ.MonoZWSProducer.MonoZWSProducer object at 0x2ba20de9dfd0>
modules :  <PhysicsTools.MonoZ.MonoZWSProducer.MonoZWSProducer object at 0x2ba20de9f090>
modules :  <PhysicsTools.MonoZ.MonoZWSProducer.MonoZWSProducer object at 0x2ba20de9f0d0>
modules :  <PhysicsTools.MonoZ.MonoZWSProducer.MonoZWSProducer object at 0x2ba20de9f110>
modules :  <PhysicsTools.MonoZ.MonoZWSProducer.MonoZWSProducer object at 0x2ba20de9f150>
modules :  <PhysicsTools.MonoZ.MonoZWSProducer.MonoZWSProducer object at 0x2ba20de9f190>
modules :  <PhysicsTools.MonoZ.MonoZWSProducer.MonoZWSProducer object at 0x2ba20de9f1d0>
Selection :  
Will write selected trees to .
Pre-select 54570 entries out of 54570 (100.00%)
Processed    10000/   54570 entries, 18.33% (elapsed time   511.2s, curr speed    0.020 kHz, avg speed    0.020 kHz), accepted    10001/   10001 events (100.00%)
Processed    20000/   54570 entries, 36.65% (elapsed time  1045.0s, curr speed    0.019 kHz, avg speed    0.019 kHz), accepted    20001/   20001 events (100.00%)
Processed    30000/   54570 entries, 54.98Adding file ./tree_13_Skim.root
Merging measMET_monoZ_catSignal-0jet
Merging MT_monoZ_catSignal-0jet
Merging measMET_monoZ_catEM
Merging MT_monoZ_catEM
Merging measMET_monoZ_catSignal-1jet
Merging MT_monoZ_catSignal-1jet
Merging measMET_monoZ_cat3L
Merging MT_monoZ_cat3L
Merging measMET_monoZ_cat4L
Merging MT_monoZ_cat4L
Merging measMET_monoZ_catNRB
Merging MT_monoZ_catNRB
Merging measMET_monoZ_catTOP
Merging MT_monoZ_catTOP
Merging measMET_monoZ_catDY
Merging MT_monoZ_catDY
Merging balance_monoZ
Merging phizmet_monoZ
Merging njet_monoZ
Merging measMET_monoZ_catSignal-0jet_sys_ElectronEnUp
Merging MT_monoZ_catSignal-0jet_sys_ElectronEnUp
Merging measMET_monoZ_catEM_sys_ElectronEnUp
Merging MT_monoZ_catEM_sys_ElectronEnUp
Merging measMET_monoZ_catSignal-1jet_sys_ElectronEnUp
Merging MT_monoZ_catSignal-1jet_sys_ElectronEnUp
Merging measMET_monoZ_cat3L_sys_ElectronEnUp
Merging MT_monoZ_cat3L_sys_ElectronEnUp
Merging measMET_monoZ_cat4L_sys_ElectronEnUp
Merging MT_monoZ_cat4L_sys_ElectronEnUp
Merging measMET_monoZ_catNRB_sys_ElectronEnUp
Merging MT_monoZ_catNRB_sys_ElectronEnUp
Merging measMET_monoZ_catTOP_sys_ElectronEnUp
Merging MT_monoZ_catTOP_sys_ElectronEnUp
Merging measMET_monoZ_catDY_sys_ElectronEnUp
Merging MT_monoZ_catDY_sys_ElectronEnUp
Merging balance_monoZ_sys_ElectronEnUp
Merging phizmet_monoZ_sys_ElectronEnUp
Merging njet_monoZ_sys_ElectronEnUp
Merging measMET_monoZ_catSignal-0jet_sys_ElectronEnDown
Merging MT_monoZ_catSignal-0jet_sys_ElectronEnDown
Merging measMET_monoZ_catEM_sys_ElectronEnDown
Merging MT_monoZ_catEM_sys_ElectronEnDown
Merging measMET_monoZ_catSignal-1jet_sys_ElectronEnDown
Merging MT_monoZ_catSignal-1jet_sys_ElectronEnDown
Merging measMET_monoZ_cat3L_sys_ElectronEnDown
Merging MT_monoZ_cat3L_sys_ElectronEnDown
Merging measMET_monoZ_cat4L_sys_ElectronEnDown
Merging MT_monoZ_cat4L_sys_ElectronEnDown
Merging measMET_monoZ_catNRB_sys_ElectronEnDown
Merging MT_monoZ_catNRB_sys_ElectronEnDown
Merging measMET_monoZ_catTOP_sys_ElectronEnDown
Merging MT_monoZ_catTOP_sys_ElectronEnDown
Merging measMET_monoZ_catDY_sys_ElectronEnDown
Merging MT_monoZ_catDY_sys_ElectronEnDown
Merging balance_monoZ_sys_ElectronEnDown
Merging phizmet_monoZ_sys_ElectronEnDown
Merging njet_monoZ_sys_ElectronEnDown
Merging measMET_monoZ_catSignal-0jet_sys_MuonEnUp
Merging MT_monoZ_catSignal-0jet_sys_MuonEnUp
Merging measMET_monoZ_catEM_sys_MuonEnUp
Merging MT_monoZ_catEM_sys_MuonEnUp
Merging measMET_monoZ_catSignal-1jet_sys_MuonEnUp
Merging MT_monoZ_catSignal-1jet_sys_MuonEnUp
Merging measMET_monoZ_cat3L_sys_MuonEnUp
Merging MT_monoZ_cat3L_sys_MuonEnUp
Merging measMET_monoZ_cat4L_sys_MuonEnUp
Merging MT_monoZ_cat4L_sys_MuonEnUp
Merging measMET_monoZ_catNRB_sys_MuonEnUp
Merging MT_monoZ_catNRB_sys_MuonEnUp
Merging measMET_monoZ_catTOP_sys_MuonEnUp
Merging MT_monoZ_catTOP_sys_MuonEnUp
Merging measMET_monoZ_catDY_sys_MuonEnUp
Merging MT_monoZ_catDY_sys_MuonEnUp
Merging balance_monoZ_sys_MuonEnUp
Merging phizmet_monoZ_sys_MuonEnUp
Merging njet_monoZ_sys_MuonEnUp
Merging measMET_monoZ_catSignal-0jet_sys_MuonEnDown
Merging MT_monoZ_catSignal-0jet_sys_MuonEnDown
Merging measMET_monoZ_catEM_sys_MuonEnDown
Merging MT_monoZ_catEM_sys_MuonEnDown
Merging measMET_monoZ_catSignal-1jet_sys_MuonEnDown
Merging MT_monoZ_catSignal-1jet_sys_MuonEnDown
Merging measMET_monoZ_cat3L_sys_MuonEnDown
Merging MT_monoZ_cat3L_sys_MuonEnDown
Merging measMET_monoZ_cat4L_sys_MuonEnDown
Merging MT_monoZ_cat4L_sys_MuonEnDown
Merging measMET_monoZ_catNRB_sys_MuonEnDown
Merging MT_monoZ_catNRB_sys_MuonEnDown
Merging measMET_monoZ_catTOP_sys_MuonEnDown
Merging MT_monoZ_catTOP_sys_MuonEnDown
Merging measMET_monoZ_catDY_sys_MuonEnDown
Merging MT_monoZ_catDY_sys_MuonEnDown
Merging balance_monoZ_sys_MuonEnDown
Merging phizmet_monoZ_sys_MuonEnDown
Merging njet_monoZ_sys_MuonEnDown
Merging measMET_monoZ_catSignal-0jet_sys_jesTotalUp
Merging MT_monoZ_catSignal-0jet_sys_jesTotalUp
Merging measMET_monoZ_catEM_sys_jesTotalUp
Merging MT_monoZ_catEM_sys_jesTotalUp
Merging measMET_monoZ_catSignal-1jet_sys_jesTotalUp
Merging MT_monoZ_catSignal-1jet_sys_jesTotalUp
Merging measMET_monoZ_cat3L_sys_jesTotalUp
Merging MT_monoZ_cat3L_sys_jesTotalUp
Merging measMET_monoZ_cat4L_sys_jesTotalUp
Merging MT_monoZ_cat4L_sys_jesTotalUp
Merging measMET_monoZ_catNRB_sys_jesTotalUp
Merging MT_monoZ_catNRB_sys_jesTotalUp
Merging measMET_monoZ_catTOP_sys_jesTotalUp
Merging MT_monoZ_catTOP_sys_jesTotalUp
Merging measMET_monoZ_catDY_sys_jesTotalUp
Merging MT_monoZ_catDY_sys_jesTotalUp
Merging balance_monoZ_sys_jesTotalUp
Merging phizmet_monoZ_sys_jesTotalUp
Merging njet_monoZ_sys_jesTotalUp
Merging measMET_monoZ_catSignal-0jet_sys_jesTotalDown
Merging MT_monoZ_catSignal-0jet_sys_jesTotalDown
Merging measMET_monoZ_catEM_sys_jesTotalDown
Merging MT_monoZ_catEM_sys_jesTotalDown
Merging measMET_monoZ_catSignal-1jet_sys_jesTotalDown
Merging MT_monoZ_catSignal-1jet_sys_jesTotalDown
Merging measMET_monoZ_cat3L_sys_jesTotalDown
Merging MT_monoZ_cat3L_sys_jesTotalDown
Merging measMET_monoZ_cat4L_sys_jesTotalDown
Merging MT_monoZ_cat4L_sys_jesTotalDown
Merging measMET_monoZ_catNRB_sys_jesTotalDown
Merging MT_monoZ_catNRB_sys_jesTotalDown
Merging measMET_monoZ_catTOP_sys_jesTotalDown
Merging MT_monoZ_catTOP_sys_jesTotalDown
Merging measMET_monoZ_catDY_sys_jesTotalDown
Merging MT_monoZ_catDY_sys_jesTotalDown
Merging balance_monoZ_sys_jesTotalDown
Merging phizmet_monoZ_sys_jesTotalDown
Merging njet_monoZ_sys_jesTotalDown
Merging measMET_monoZ_catSignal-0jet_sys_jerUp
Merging MT_monoZ_catSignal-0jet_sys_jerUp
Merging measMET_monoZ_catEM_sys_jerUp
Merging MT_monoZ_catEM_sys_jerUp
Merging measMET_monoZ_catSignal-1jet_sys_jerUp
Merging MT_monoZ_catSignal-1jet_sys_jerUp
Merging measMET_monoZ_cat3L_sys_jerUp
Merging MT_monoZ_cat3L_sys_jerUp
Merging measMET_monoZ_cat4L_sys_jerUp
Merging MT_monoZ_cat4L_sys_jerUp
Merging measMET_monoZ_catNRB_sys_jerUp
Merging MT_monoZ_catNRB_sys_jerUp
Merging measMET_monoZ_catTOP_sys_jerUp
Merging MT_monoZ_catTOP_sys_jerUp
Merging measMET_monoZ_catDY_sys_jerUp
Merging MT_monoZ_catDY_sys_jerUp
Merging balance_monoZ_sys_jerUp
Merging phizmet_monoZ_sys_jerUp
Merging njet_monoZ_sys_jerUp
Merging measMET_monoZ_catSignal-0jet_sys_jerDown
Merging MT_monoZ_catSignal-0jet_sys_jerDown
Merging measMET_monoZ_catEM_sys_jerDown
Merging MT_monoZ_catEM_sys_jerDown
Merging measMET_monoZ_catSignal-1jet_sys_jerDown
Merging MT_monoZ_catSignal-1jet_sys_jerDown
Merging measMET_monoZ_cat3L_sys_jerDown
Merging MT_monoZ_cat3L_sys_jerDown
Merging measMET_monoZ_cat4L_sys_jerDown
Merging MT_monoZ_cat4L_sys_jerDown
Merging measMET_monoZ_catNRB_sys_jerDown
Merging MT_monoZ_catNRB_sys_jerDown
Merging measMET_monoZ_catTOP_sys_jerDown
Merging MT_monoZ_catTOP_sys_jerDown
Merging measMET_monoZ_catDY_sys_jerDown
Merging MT_monoZ_catDY_sys_jerDown
Merging balance_monoZ_sys_jerDown
Merging phizmet_monoZ_sys_jerDown
Merging njet_monoZ_sys_jerDown
Merging measMET_monoZ_catSignal-0jet_sys_puWeightUp
Merging MT_monoZ_catSignal-0jet_sys_puWeightUp
Merging measMET_monoZ_catEM_sys_puWeightUp
Merging MT_monoZ_catEM_sys_puWeightUp
Merging measMET_monoZ_catSignal-1jet_sys_puWeightUp
Merging MT_monoZ_catSignal-1jet_sys_puWeightUp
Merging measMET_monoZ_cat3L_sys_puWeightUp
Merging MT_monoZ_cat3L_sys_puWeightUp
Merging measMET_monoZ_cat4L_sys_puWeightUp
Merging MT_monoZ_cat4L_sys_puWeightUp
Merging measMET_monoZ_catNRB_sys_puWeightUp
Merging MT_monoZ_catNRB_sys_puWeightUp
Merging measMET_monoZ_catTOP_sys_puWeightUp
Merging MT_monoZ_catTOP_sys_puWeightUp
Merging measMET_monoZ_catDY_sys_puWeightUp
Merging MT_monoZ_catDY_sys_puWeightUp
Merging balance_monoZ_sys_puWeightUp
Merging phizmet_monoZ_sys_puWeightUp
Merging njet_monoZ_sys_puWeightUp
Merging measMET_monoZ_catSignal-0jet_sys_puWeightDown
Merging MT_monoZ_catSignal-0jet_sys_puWeightDown
Merging measMET_monoZ_catEM_sys_puWeightDown
Merging MT_monoZ_catEM_sys_puWeightDown
Merging measMET_monoZ_catSignal-1jet_sys_puWeightDown
Merging MT_monoZ_catSignal-1jet_sys_puWeightDown
Merging measMET_monoZ_cat3L_sys_puWeightDown
Merging MT_monoZ_cat3L_sys_puWeightDown
Merging measMET_monoZ_cat4L_sys_puWeightDown
Merging MT_monoZ_cat4L_sys_puWeightDown
Merging measMET_monoZ_catNRB_sys_puWeightDown
Merging MT_monoZ_catNRB_sys_puWeightDown
Merging measMET_monoZ_catTOP_sys_puWeightDown
Merging MT_monoZ_catTOP_sys_puWeightDown
Merging measMET_monoZ_catDY_sys_puWeightDown
Merging MT_monoZ_catDY_sys_puWeightDown
Merging balance_monoZ_sys_puWeightDown
Merging phizmet_monoZ_sys_puWeightDown
Merging njet_monoZ_sys_puWeightDown
Merging measMET_monoZ_catSignal-0jet_sys_PDFUp
Merging MT_monoZ_catSignal-0jet_sys_PDFUp
Merging measMET_monoZ_catEM_sys_PDFUp
Merging MT_monoZ_catEM_sys_PDFUp
Merging measMET_monoZ_catSignal-1jet_sys_PDFUp
Merging MT_monoZ_catSignal-1jet_sys_PDFUp
Merging measMET_monoZ_cat3L_sys_PDFUp
Merging MT_monoZ_cat3L_sys_PDFUp
Merging measMET_monoZ_cat4L_sys_PDFUp
Merging MT_monoZ_cat4L_sys_PDFUp
Merging measMET_monoZ_catNRB_sys_PDFUp
Merging MT_monoZ_catNRB_sys_PDFUp
Merging measMET_monoZ_catTOP_sys_PDFUp
Merging MT_monoZ_catTOP_sys_PDFUp
Merging measMET_monoZ_catDY_sys_PDFUp
Merging MT_monoZ_catDY_sys_PDFUp
Merging balance_monoZ_sys_PDFUp
Merging phizmet_monoZ_sys_PDFUp
Merging njet_monoZ_sys_PDFUp
Merging measMET_monoZ_catSignal-0jet_sys_PDFDown
Merging MT_monoZ_catSignal-0jet_sys_PDFDown
Merging measMET_monoZ_catEM_sys_PDFDown
Merging MT_monoZ_catEM_sys_PDFDown
Merging measMET_monoZ_catSignal-1jet_sys_PDFDown
Merging MT_monoZ_catSignal-1jet_sys_PDFDown
Merging measMET_monoZ_cat3L_sys_PDFDown
Merging MT_monoZ_cat3L_sys_PDFDown
Merging measMET_monoZ_cat4L_sys_PDFDown
Merging MT_monoZ_cat4L_sys_PDFDown
Merging measMET_monoZ_catNRB_sys_PDFDown
Merging MT_monoZ_catNRB_sys_PDFDown
Merging measMET_monoZ_catTOP_sys_PDFDown
Merging MT_monoZ_catTOP_sys_PDFDown
Merging measMET_monoZ_catDY_sys_PDFDown
Merging MT_monoZ_catDY_sys_PDFDown
Merging balance_monoZ_sys_PDFDown
Merging phizmet_monoZ_sys_PDFDown
Merging njet_monoZ_sys_PDFDown
Merging measMET_monoZ_catSignal-0jet_sys_MuonSFUp
Merging MT_monoZ_catSignal-0jet_sys_MuonSFUp
Merging measMET_monoZ_catEM_sys_MuonSFUp
Merging MT_monoZ_catEM_sys_MuonSFUp
Merging measMET_monoZ_catSignal-1jet_sys_MuonSFUp
Merging MT_monoZ_catSignal-1jet_sys_MuonSFUp
Merging measMET_monoZ_cat3L_sys_MuonSFUp
Merging MT_monoZ_cat3L_sys_MuonSFUp
Merging measMET_monoZ_cat4L_sys_MuonSFUp
Merging MT_monoZ_cat4L_sys_MuonSFUp
Merging measMET_monoZ_catNRB_sys_MuonSFUp
Merging MT_monoZ_catNRB_sys_MuonSFUp
Merging measMET_monoZ_catTOP_sys_MuonSFUp
Merging MT_monoZ_catTOP_sys_MuonSFUp
Merging measMET_monoZ_catDY_sys_MuonSFUp
Merging MT_monoZ_catDY_sys_MuonSFUp
Merging balance_monoZ_sys_MuonSFUp
Merging phizmet_monoZ_sys_MuonSFUp
Merging njet_monoZ_sys_MuonSFUp
Merging measMET_monoZ_catSignal-0jet_sys_MuonSFDown
Merging MT_monoZ_catSignal-0jet_sys_MuonSFDown
Merging measMET_monoZ_catEM_sys_MuonSFDown
Merging MT_monoZ_catEM_sys_MuonSFDown
Merging measMET_monoZ_catSignal-1jet_sys_MuonSFDown
Merging MT_monoZ_catSignal-1jet_sys_MuonSFDown
Merging measMET_monoZ_cat3L_sys_MuonSFDown
Merging MT_monoZ_cat3L_sys_MuonSFDown
Merging measMET_monoZ_cat4L_sys_MuonSFDown
Merging MT_monoZ_cat4L_sys_MuonSFDown
Merging measMET_monoZ_catNRB_sys_MuonSFDown
Merging MT_monoZ_catNRB_sys_MuonSFDown
Merging measMET_monoZ_catTOP_sys_MuonSFDown
Merging MT_monoZ_catTOP_sys_MuonSFDown
Merging measMET_monoZ_catDY_sys_MuonSFDown
Merging MT_monoZ_catDY_sys_MuonSFDown
Merging balance_monoZ_sys_MuonSFDown
Merging phizmet_monoZ_sys_MuonSFDown
Merging njet_monoZ_sys_MuonSFDown
Merging measMET_monoZ_catSignal-0jet_sys_ElecronSFUp
Merging MT_monoZ_catSignal-0jet_sys_ElecronSFUp
Merging measMET_monoZ_catEM_sys_ElecronSFUp
Merging MT_monoZ_catEM_sys_ElecronSFUp
Merging measMET_monoZ_catSignal-1jet_sys_ElecronSFUp
Merging MT_monoZ_catSignal-1jet_sys_ElecronSFUp
Merging measMET_monoZ_cat3L_sys_ElecronSFUp
Merging MT_monoZ_cat3L_sys_ElecronSFUp
Merging measMET_monoZ_cat4L_sys_ElecronSFUp
Merging MT_monoZ_cat4L_sys_ElecronSFUp
Merging measMET_monoZ_catNRB_sys_ElecronSFUp
Merging MT_monoZ_catNRB_sys_ElecronSFUp
Merging measMET_monoZ_catTOP_sys_ElecronSFUp
Merging MT_monoZ_catTOP_sys_ElecronSFUp
Merging measMET_monoZ_catDY_sys_ElecronSFUp
Merging MT_monoZ_catDY_sys_ElecronSFUp
Merging balance_monoZ_sys_ElecronSFUp
Merging phizmet_monoZ_sys_ElecronSFUp
Merging njet_monoZ_sys_ElecronSFUp
Merging measMET_monoZ_catSignal-0jet_sys_ElecronSFDown
Merging MT_monoZ_catSignal-0jet_sys_ElecronSFDown
Merging measMET_monoZ_catEM_sys_ElecronSFDown
Merging MT_monoZ_catEM_sys_ElecronSFDown
Merging measMET_monoZ_catSignal-1jet_sys_ElecronSFDown
Merging MT_monoZ_catSignal-1jet_sys_ElecronSFDown
Merging measMET_monoZ_cat3L_sys_ElecronSFDown
Merging MT_monoZ_cat3L_sys_ElecronSFDown
Merging measMET_monoZ_cat4L_sys_ElecronSFDown
Merging MT_monoZ_cat4L_sys_ElecronSFDown
Merging measMET_monoZ_catNRB_sys_ElecronSFDown
Merging MT_monoZ_catNRB_sys_ElecronSFDown
Merging measMET_monoZ_catTOP_sys_ElecronSFDown
Merging MT_monoZ_catTOP_sys_ElecronSFDown
Merging measMET_monoZ_catDY_sys_ElecronSFDown
Merging MT_monoZ_catDY_sys_ElecronSFDown
Merging balance_monoZ_sys_ElecronSFDown
Merging phizmet_monoZ_sys_ElecronSFDown
Merging njet_monoZ_sys_ElecronSFDown
Merging measMET_monoZ_catSignal-0jet_sys_EWKUp
Merging MT_monoZ_catSignal-0jet_sys_EWKUp
Merging measMET_monoZ_catEM_sys_EWKUp
Merging MT_monoZ_catEM_sys_EWKUp
Merging measMET_monoZ_catSignal-1jet_sys_EWKUp
Merging MT_monoZ_catSignal-1jet_sys_EWKUp
Merging measMET_monoZ_cat3L_sys_EWKUp
Merging MT_monoZ_cat3L_sys_EWKUp
Merging measMET_monoZ_cat4L_sys_EWKUp
Merging MT_monoZ_cat4L_sys_EWKUp
Merging measMET_monoZ_catNRB_sys_EWKUp
Merging MT_monoZ_catNRB_sys_EWKUp
Merging measMET_monoZ_catTOP_sys_EWKUp
Merging MT_monoZ_catTOP_sys_EWKUp
Merging measMET_monoZ_catDY_sys_EWKUp
Merging MT_monoZ_catDY_sys_EWKUp
Merging balance_monoZ_sys_EWKUp
Merging phizmet_monoZ_sys_EWKUp
Merging njet_monoZ_sys_EWKUp
Merging measMET_monoZ_catSignal-0jet_sys_EWKDown
Merging MT_monoZ_catSignal-0jet_sys_EWKDown
Merging measMET_monoZ_catEM_sys_EWKDown
Merging MT_monoZ_catEM_sys_EWKDown
Merging measMET_monoZ_catSignal-1jet_sys_EWKDown
Merging MT_monoZ_catSignal-1jet_sys_EWKDown
Merging measMET_monoZ_cat3L_sys_EWKDown
Merging MT_monoZ_cat3L_sys_EWKDown
Merging measMET_monoZ_cat4L_sys_EWKDown
Merging MT_monoZ_cat4L_sys_EWKDown
Merging measMET_monoZ_catNRB_sys_EWKDown
Merging MT_monoZ_catNRB_sys_EWKDown
Merging measMET_monoZ_catTOP_sys_EWKDown
Merging MT_monoZ_catTOP_sys_EWKDown
Merging measMET_monoZ_catDY_sys_EWKDown
Merging MT_monoZ_catDY_sys_EWKDown
Merging balance_monoZ_sys_EWKDown
Merging phizmet_monoZ_sys_EWKDown
Merging njet_monoZ_sys_EWKDown
Merging measMET_monoZ_catSignal-0jet_sys_nvtxWeightUp
Merging MT_monoZ_catSignal-0jet_sys_nvtxWeightUp
Merging measMET_monoZ_catEM_sys_nvtxWeightUp
Merging MT_monoZ_catEM_sys_nvtxWeightUp
Merging measMET_monoZ_catSignal-1jet_sys_nvtxWeightUp
Merging MT_monoZ_catSignal-1jet_sys_nvtxWeightUp
Merging measMET_monoZ_cat3L_sys_nvtxWeightUp
Merging MT_monoZ_cat3L_sys_nvtxWeightUp
Merging measMET_monoZ_cat4L_sys_nvtxWeightUp
Merging MT_monoZ_cat4L_sys_nvtxWeightUp
Merging measMET_monoZ_catNRB_sys_nvtxWeightUp
Merging MT_monoZ_catNRB_sys_nvtxWeightUp
Merging measMET_monoZ_catTOP_sys_nvtxWeightUp
Merging MT_monoZ_catTOP_sys_nvtxWeightUp
Merging measMET_monoZ_catDY_sys_nvtxWeightUp
Merging MT_monoZ_catDY_sys_nvtxWeightUp
Merging balance_monoZ_sys_nvtxWeightUp
Merging phizmet_monoZ_sys_nvtxWeightUp
Merging njet_monoZ_sys_nvtxWeightUp
Merging measMET_monoZ_catSignal-0jet_sys_nvtxWeightDown
Merging MT_monoZ_catSignal-0jet_sys_nvtxWeightDown
Merging measMET_monoZ_catEM_sys_nvtxWeightDown
Merging MT_monoZ_catEM_sys_nvtxWeightDown
Merging measMET_monoZ_catSignal-1jet_sys_nvtxWeightDown
Merging MT_monoZ_catSignal-1jet_sys_nvtxWeightDown
Merging measMET_monoZ_cat3L_sys_nvtxWeightDown
Merging MT_monoZ_cat3L_sys_nvtxWeightDown
Merging measMET_monoZ_cat4L_sys_nvtxWeightDown
Merging MT_monoZ_cat4L_sys_nvtxWeightDown
Merging measMET_monoZ_catNRB_sys_nvtxWeightDown
Merging MT_monoZ_catNRB_sys_nvtxWeightDown
Merging measMET_monoZ_catTOP_sys_nvtxWeightDown
Merging MT_monoZ_catTOP_sys_nvtxWeightDown
Merging measMET_monoZ_catDY_sys_nvtxWeightDown
Merging MT_monoZ_catDY_sys_nvtxWeightDown
Merging balance_monoZ_sys_nvtxWeightDown
Merging phizmet_monoZ_sys_nvtxWeightDown
Merging njet_monoZ_sys_nvtxWeightDown
Merging measMET_monoZ_catSignal-0jet_sys_TriggerSFWeightUp
Merging MT_monoZ_catSignal-0jet_sys_TriggerSFWeightUp
Merging measMET_monoZ_catEM_sys_TriggerSFWeightUp
Merging MT_monoZ_catEM_sys_TriggerSFWeightUp
Merging measMET_monoZ_catSignal-1jet_sys_TriggerSFWeightUp
Merging MT_monoZ_catSignal-1jet_sys_TriggerSFWeightUp
Merging measMET_monoZ_cat3L_sys_TriggerSFWeightUp
Merging MT_monoZ_cat3L_sys_TriggerSFWeightUp
Merging measMET_monoZ_cat4L_sys_TriggerSFWeightUp
Merging MT_monoZ_cat4L_sys_TriggerSFWeightUp
Merging measMET_monoZ_catNRB_sys_TriggerSFWeightUp
Merging MT_monoZ_catNRB_sys_TriggerSFWeightUp
Merging measMET_monoZ_catTOP_sys_TriggerSFWeightUp
Merging MT_monoZ_catTOP_sys_TriggerSFWeightUp
Merging measMET_monoZ_catDY_sys_TriggerSFWeightUp
Merging MT_monoZ_catDY_sys_TriggerSFWeightUp
Merging balance_monoZ_sys_TriggerSFWeightUp
Merging phizmet_monoZ_sys_TriggerSFWeightUp
Merging njet_monoZ_sys_TriggerSFWeightUp
Merging measMET_monoZ_catSignal-0jet_sys_TriggerSFWeightDown
Merging MT_monoZ_catSignal-0jet_sys_TriggerSFWeightDown
Merging measMET_monoZ_catEM_sys_TriggerSFWeightDown
Merging MT_monoZ_catEM_sys_TriggerSFWeightDown
Merging measMET_monoZ_catSignal-1jet_sys_TriggerSFWeightDown
Merging MT_monoZ_catSignal-1jet_sys_TriggerSFWeightDown
Merging measMET_monoZ_cat3L_sys_TriggerSFWeightDown
Merging MT_monoZ_cat3L_sys_TriggerSFWeightDown
Merging measMET_monoZ_cat4L_sys_TriggerSFWeightDown
Merging MT_monoZ_cat4L_sys_TriggerSFWeightDown
Merging measMET_monoZ_catNRB_sys_TriggerSFWeightDown
Merging MT_monoZ_catNRB_sys_TriggerSFWeightDown
Merging measMET_monoZ_catTOP_sys_TriggerSFWeightDown
Merging MT_monoZ_catTOP_sys_TriggerSFWeightDown
Merging measMET_monoZ_catDY_sys_TriggerSFWeightDown
Merging MT_monoZ_catDY_sys_TriggerSFWeightDown
Merging balance_monoZ_sys_TriggerSFWeightDown
Merging phizmet_monoZ_sys_TriggerSFWeightDown
Merging njet_monoZ_sys_TriggerSFWeightDown
Merging measMET_monoZ_catSignal-0jet_sys_btagEventWeightUp
Merging MT_monoZ_catSignal-0jet_sys_btagEventWeightUp
Merging measMET_monoZ_catEM_sys_btagEventWeightUp
Merging MT_monoZ_catEM_sys_btagEventWeightUp
Merging measMET_monoZ_catSignal-1jet_sys_btagEventWeightUp
Merging MT_monoZ_catSignal-1jet_sys_btagEventWeightUp
Merging measMET_monoZ_cat3L_sys_btagEventWeightUp
Merging MT_monoZ_cat3L_sys_btagEventWeightUp
Merging measMET_monoZ_cat4L_sys_btagEventWeightUp
Merging MT_monoZ_cat4L_sys_btagEventWeightUp
Merging measMET_monoZ_catNRB_sys_btagEventWeightUp
Merging MT_monoZ_catNRB_sys_btagEventWeightUp
Merging measMET_monoZ_catTOP_sys_btagEventWeightUp
Merging MT_monoZ_catTOP_sys_btagEventWeightUp
Merging measMET_monoZ_catDY_sys_btagEventWeightUp
Merging MT_monoZ_catDY_sys_btagEventWeightUp
Merging balance_monoZ_sys_btagEventWeightUp
Merging phizmet_monoZ_sys_btagEventWeightUp
Merging njet_monoZ_sys_btagEventWeightUp
Merging measMET_monoZ_catSignal-0jet_sys_btagEventWeightDown
Merging MT_monoZ_catSignal-0jet_sys_btagEventWeightDown
Merging measMET_monoZ_catEM_sys_btagEventWeightDown
Merging MT_monoZ_catEM_sys_btagEventWeightDown
Merging measMET_monoZ_catSignal-1jet_sys_btagEventWeightDown
Merging MT_monoZ_catSignal-1jet_sys_btagEventWeightDown
Merging measMET_monoZ_cat3L_sys_btagEventWeightDown
Merging MT_monoZ_cat3L_sys_btagEventWeightDown
Merging measMET_monoZ_cat4L_sys_btagEventWeightDown
Merging MT_monoZ_cat4L_sys_btagEventWeightDown
Merging measMET_monoZ_catNRB_sys_btagEventWeightDown
Merging MT_monoZ_catNRB_sys_btagEventWeightDown
Merging measMET_monoZ_catTOP_sys_btagEventWeightDown
Merging MT_monoZ_catTOP_sys_btagEventWeightDown
Merging measMET_monoZ_catDY_sys_btagEventWeightDown
Merging MT_monoZ_catDY_sys_btagEventWeightDown
Merging balance_monoZ_sys_btagEventWeightDown
Merging phizmet_monoZ_sys_btagEventWeightDown
Merging njet_monoZ_sys_btagEventWeightDown
Merging measMET_monoZ_catSignal-0jet_sys_QCDScale0wUp
Merging MT_monoZ_catSignal-0jet_sys_QCDScale0wUp
Merging measMET_monoZ_catEM_sys_QCDScale0wUp
Merging MT_monoZ_catEM_sys_QCDScale0wUp
Merging measMET_monoZ_catSignal-1jet_sys_QCDScale0wUp
Merging MT_monoZ_catSignal-1jet_sys_QCDScale0wUp
Merging measMET_monoZ_cat3L_sys_QCDScale0wUp
Merging MT_monoZ_cat3L_sys_QCDScale0wUp
Merging measMET_monoZ_cat4L_sys_QCDScale0wUp
Merging MT_monoZ_cat4L_sys_QCDScale0wUp
Merging measMET_monoZ_catNRB_sys_QCDScale0wUp
Merging MT_monoZ_catNRB_sys_QCDScale0wUp
Merging measMET_monoZ_catTOP_sys_QCDScale0wUp
Merging MT_monoZ_catTOP_sys_QCDScale0wUp
Merging measMET_monoZ_catDY_sys_QCDScale0wUp
Merging MT_monoZ_catDY_sys_QCDScale0wUp
Merging balance_monoZ_sys_QCDScale0wUp
Merging phizmet_monoZ_sys_QCDScale0wUp
Merging njet_monoZ_sys_QCDScale0wUp
Merging measMET_monoZ_catSignal-0jet_sys_QCDScale0wDown
Merging MT_monoZ_catSignal-0jet_sys_QCDScale0wDown
Merging measMET_monoZ_catEM_sys_QCDScale0wDown
Merging MT_monoZ_catEM_sys_QCDScale0wDown
Merging measMET_monoZ_catSignal-1jet_sys_QCDScale0wDown
Merging MT_monoZ_catSignal-1jet_sys_QCDScale0wDown
Merging measMET_monoZ_cat3L_sys_QCDScale0wDown
Merging MT_monoZ_cat3L_sys_QCDScale0wDown
Merging measMET_monoZ_cat4L_sys_QCDScale0wDown
Merging MT_monoZ_cat4L_sys_QCDScale0wDown
Merging measMET_monoZ_catNRB_sys_QCDScale0wDown
Merging MT_monoZ_catNRB_sys_QCDScale0wDown
Merging measMET_monoZ_catTOP_sys_QCDScale0wDown
Merging MT_monoZ_catTOP_sys_QCDScale0wDown
Merging measMET_monoZ_catDY_sys_QCDScale0wDown
Merging MT_monoZ_catDY_sys_QCDScale0wDown
Merging balance_monoZ_sys_QCDScale0wDown
Merging phizmet_monoZ_sys_QCDScale0wDown
Merging njet_monoZ_sys_QCDScale0wDown
Merging measMET_monoZ_catSignal-0jet_sys_QCDScale1wUp
Merging MT_monoZ_catSignal-0jet_sys_QCDScale1wUp
Merging measMET_monoZ_catEM_sys_QCDScale1wUp
Merging MT_monoZ_catEM_sys_QCDScale1wUp
Merging measMET_monoZ_catSignal-1jet_sys_QCDScale1wUp
Merging MT_monoZ_catSignal-1jet_sys_QCDScale1wUp
Merging measMET_monoZ_cat3L_sys_QCDScale1wUp
Merging MT_monoZ_cat3L_sys_QCDScale1wUp
Merging measMET_monoZ_cat4L_sys_QCDScale1wUp
Merging MT_monoZ_cat4L_sys_QCDScale1wUp
Merging measMET_monoZ_catNRB_sys_QCDScale1wUp
Merging MT_monoZ_catNRB_sys_QCDScale1wUp
Merging measMET_monoZ_catTOP_sys_QCDScale1wUp
Merging MT_monoZ_catTOP_sys_QCDScale1wUp
Merging measMET_monoZ_catDY_sys_QCDScale1wUp
Merging MT_monoZ_catDY_sys_QCDScale1wUp
Merging balance_monoZ_sys_QCDScale1wUp
Merging phizmet_monoZ_sys_QCDScale1wUp
Merging njet_monoZ_sys_QCDScale1wUp
Merging measMET_monoZ_catSignal-0jet_sys_QCDScale1wDown
Merging MT_monoZ_catSignal-0jet_sys_QCDScale1wDown
Merging measMET_monoZ_catEM_sys_QCDScale1wDown
Merging MT_monoZ_catEM_sys_QCDScale1wDown
Merging measMET_monoZ_catSignal-1jet_sys_QCDScale1wDown
Merging MT_monoZ_catSignal-1jet_sys_QCDScale1wDown
Merging measMET_monoZ_cat3L_sys_QCDScale1wDown
Merging MT_monoZ_cat3L_sys_QCDScale1wDown
Merging measMET_monoZ_cat4L_sys_QCDScale1wDown
Merging MT_monoZ_cat4L_sys_QCDScale1wDown
Merging measMET_monoZ_catNRB_sys_QCDScale1wDown
Merging MT_monoZ_catNRB_sys_QCDScale1wDown
Merging measMET_monoZ_catTOP_sys_QCDScale1wDown
Merging MT_monoZ_catTOP_sys_QCDScale1wDown
Merging measMET_monoZ_catDY_sys_QCDScale1wDown
Merging MT_monoZ_catDY_sys_QCDScale1wDown
Merging balance_monoZ_sys_QCDScale1wDown
Merging phizmet_monoZ_sys_QCDScale1wDown
Merging njet_monoZ_sys_QCDScale1wDown
Merging measMET_monoZ_catSignal-0jet_sys_QCDScale2wUp
Merging MT_monoZ_catSignal-0jet_sys_QCDScale2wUp
Merging measMET_monoZ_catEM_sys_QCDScale2wUp
Merging MT_monoZ_catEM_sys_QCDScale2wUp
Merging measMET_monoZ_catSignal-1jet_sys_QCDScale2wUp
Merging MT_monoZ_catSignal-1jet_sys_QCDScale2wUp
Merging measMET_monoZ_cat3L_sys_QCDScale2wUp
Merging MT_monoZ_cat3L_sys_QCDScale2wUp
Merging measMET_monoZ_cat4L_sys_QCDScale2wUp
Merging MT_monoZ_cat4L_sys_QCDScale2wUp
Merging measMET_monoZ_catNRB_sys_QCDScale2wUp
Merging MT_monoZ_catNRB_sys_QCDScale2wUp
Merging measMET_monoZ_catTOP_sys_QCDScale2wUp
Merging MT_monoZ_catTOP_sys_QCDScale2wUp
Merging measMET_monoZ_catDY_sys_QCDScale2wUp
Merging MT_monoZ_catDY_sys_QCDScale2wUp
Merging balance_monoZ_sys_QCDScale2wUp
Merging phizmet_monoZ_sys_QCDScale2wUp
Merging njet_monoZ_sys_QCDScale2wUp
Merging measMET_monoZ_catSignal-0jet_sys_QCDScale2wDown
Merging MT_monoZ_catSignal-0jet_sys_QCDScale2wDown
Merging measMET_monoZ_catEM_sys_QCDScale2wDown
Merging MT_monoZ_catEM_sys_QCDScale2wDown
Merging measMET_monoZ_catSignal-1jet_sys_QCDScale2wDown
Merging MT_monoZ_catSignal-1jet_sys_QCDScale2wDown
Merging measMET_monoZ_cat3L_sys_QCDScale2wDown
Merging MT_monoZ_cat3L_sys_QCDScale2wDown
Merging measMET_monoZ_cat4L_sys_QCDScale2wDown
Merging MT_monoZ_cat4L_sys_QCDScale2wDown
Merging measMET_monoZ_catNRB_sys_QCDScale2wDown
Merging MT_monoZ_catNRB_sys_QCDScale2wDown
Merging measMET_monoZ_catTOP_sys_QCDScale2wDown
Merging MT_monoZ_catTOP_sys_QCDScale2wDown
Merging measMET_monoZ_catDY_sys_QCDScale2wDown
Merging MT_monoZ_catDY_sys_QCDScale2wDown
Merging balance_monoZ_sys_QCDScale2wDown
Merging phizmet_monoZ_sys_QCDScale2wDown
Merging njet_monoZ_sys_QCDScale2wDown
Merging Events
Merging Runs
Merging ParameterSets
Merging LuminosityBlocks
Merging MetaData
Merging MT_TTZToLLNuNu_M-10_TuneCP5_PSweights_13TeV-amcatnlo-pythia8_catSignal-1jet
Merging measMET_TTZToLLNuNu_M-10_TuneCP5_PSweights_13TeV-amcatnlo-pythia8_catSignal-0jet_sys_QCDScale1wUp
Merging measMET_TTZToLLNuNu_M-10_TuneCP5_PSweights_13TeV-amcatnlo-pythia8_catSignal-0jet_sys_PDFUp
Merging MT_TTZToLLNuNu_M-10_TuneCP5_PSweights_13TeV-amcatnlo-pythia8_cat3L_sys_MuonEnUp
Merging measMET_TTZToLLNuNu_M-10_TuneCP5_PSweights_13TeV-amcatnlo-pythia8_catSignal-0jet_sys_PDFDown
Merging measMET_TTZToLLNuNu_M-10_TuneCP5_PSweights_13TeV-amcatnlo-pythia8_cat3L_sys_ElecronSFUp
Merging measMET_TTZToLLNuNu_M-10_TuneCP5_PSweights_13TeV-amcatnlo-pythia8_catSignal-1jet_sys_MuonEnUp
Merging measMET_TTZToLLNuNu_M-10_TuneCP5_PSweights_13TeV-amcatnlo-pythia8_catNRB_sys_MuonSFUp
Merging njet_TTZToLLNuNu_M-10_TuneCP5_PSweights_13TeV-amcatnlo-pythia8_sys_QCDScale1wDown
Merging measMET_TTZToLLNuNu_M-10_TuneCP5_PSweights_13TeV-amcatnlo-pythia8_catNRB_sys_puWeightUp
Merging phizmet_TTZToLLNuNu_M-10_TuneCP5_PSweights_13TeV-amcatnlo-pythia8_sys_ElectronEnDown
Merging njet_TTZToLLNuNu_M-10_TuneCP5_PSweights_13TeV-amcatnlo-pythia8_sys_jesTotalDown
Merging njet_TTZToLLNuNu_M-10_TuneCP5_PSweights_13TeV-amcatnlo-pythia8_sys_jerUp
Merging measMET_TTZToLLNuNu_M-10_TuneCP5_PSweights_13TeV-amcatnlo-pythia8_cat3L_sys_nvtxWeightUp
Merging MT_TTZToLLNuNu_M-10_TuneCP5_PSweights_13TeV-amcatnlo-pythia8_catDY_sys_QCDScale2wDown
Merging MT_TTZToLLNuNu_M-10_TuneCP5_PSweights_13TeV-amcatnlo-pythia8_catDY_sys_puWeightDown
Merging MT_TTZToLLNuNu_M-10_TuneCP5_PSweights_13TeV-amcatnlo-pythia8_cat4L_sys_MuonEnUp
Merging measMET_TTZToLLNuNu_M-10_TuneCP5_PSweights_13TeV-amcatnlo-pythia8_catSignal-0jet_sys_MuonEnUp
Merging MT_TTZToLLNuNu_M-10_TuneCP5_PSweights_13TeV-amcatnlo-pythia8_catDY_sys_MuonEnDown
Merging njet_TTZToLLNuNu_M-10_TuneCP5_PSweights_13TeV-amcatnlo-pythia8_sys_QCDScale2wDown
Merging balance_TTZToLLNuNu_M-10_TuneCP5_PSweights_13TeV-amcatnlo-pythia8_sys_MuonSFDown
Merging measMET_TTZToLLNuNu_M-10_TuneCP5_PSweights_13TeV-amcatnlo-pythia8_catDY_sys_ElectronEnDown
Merging measMET_TTZToLLNuNu_M-10_TuneCP5_PSweights_13TeV-amcatnlo-pythia8_catTOP_sys_MuonSFUp
Merging phizmet_TTZToLLNuNu_M-10_TuneCP5_PSweights_13TeV-amcatnlo-pythia8_sys_ElecronSFDown
Merging MT_TTZToLLNuNu_M-10_TuneCP5_PSweights_13TeV-amcatnlo-pythia8_catDY_sys_QCDScale2wUp
Merging MT_TTZToLLNuNu_M-10_TuneCP5_PSweights_13TeV-amcatnlo-pythia8_cat3L_sys_QCDScale0wDown
Merging measMET_TTZToLLNuNu_M-10_TuneCP5_PSweights_13TeV-amcatnlo-pythia8_catTOP_sys_QCDScale2wDown
Merging measMET_TTZToLLNuNu_M-10_TuneCP5_PSweights_13TeV-amcatnlo-pythia8_catNRB_sys_btagEventWeightDown
Merging MT_TTZToLLNuNu_M-10_TuneCP5_PSweights_13TeV-amcatnlo-pythia8_catDY_sys_jerUp
Merging phizmet_TTZToLLNuNu_M-10_TuneCP5_PSweights_13TeV-amcatnlo-pythia8_sys_QCDScale0wDown
Merging balance_TTZToLLNuNu_M-10_TuneCP5_PSweights_13TeV-amcatnlo-pythia8_sys_QCDScale1wUp
Merging balance_TTZToLLNuNu_M-10_TuneCP5_PSweights_13TeV-amcatnlo-pythia8_sys_jesTotalDown
Merging MT_TTZToLLNuNu_M-10_TuneCP5_PSweights_13TeV-amcatnlo-pythia8_cat3L_sys_jesTotalUp
Merging measMET_TTZToLLNuNu_M-10_TuneCP5_PSweights_13TeV-amcatnlo-pythia8_catTOP_sys_QCDScale0wUp
Merging MT_TTZToLLNuNu_M-10_TuneCP5_PSweights_13TeV-amcatnlo-pythia8_cat3L_sys_ElecronSFUp
Merging phizmet_TTZToLLNuNu_M-10_TuneCP5_PSweights_13TeV-amcatnlo-pythia8_sys_QCDScale1wDown
Merging MT_TTZToLLNuNu_M-10_TuneCP5_PSweights_13TeV-amcatnlo-pythia8_catNRB_sys_puWeightUp
Merging MT_TTZToLLNuNu_M-10_TuneCP5_PSweights_13TeV-amcatnlo-pythia8_catEM_sys_jerUp
Merging MT_TTZToLLNuNu_M-10_TuneCP5_PSweights_13TeV-amcatnlo-pythia8_catSignal-1jet_sys_QCDScale2wUp
Merging MT_TTZToLLNuNu_M-10_TuneCP5_PSweights_13TeV-amcatnlo-pythia8_catTOP_sys_PDFUp
Merging measMET_TTZToLLNuNu_M-10_TuneCP5_PSweights_13TeV-amcatnlo-pythia8_catTOP_sys_nvtxWeightUp
Merging phizmet_TTZToLLNuNu_M-10_TuneCP5_PSweights_13TeV-amcatnlo-pythia8_sys_EWKUp
Merging measMET_TTZToLLNuNu_M-10_TuneCP5_PSweights_13TeV-amcatnlo-pythia8_catEM_sys_QCDScale0wUp
Merging MT_TTZToLLNuNu_M-10_TuneCP5_PSweights_13TeV-amcatnlo-pythia8_catEM_sys_jesTotalUp
Merging MT_TTZToLLNuNu_M-10_TuneCP5_PSweights_13TeV-amcatnlo-pythia8_catDY_sys_jesTotalUp
Merging measMET_TTZToLLNuNu_M-10_TuneCP5_PSweights_13TeV-amcatnlo-pythia8_cat3L_sys_MuonSFDown
Merging MT_TTZToLLNuNu_M-10_TuneCP5_PSweights_13TeV-amcatnlo-pythia8_catDY_sys_ElectronEnDown
Merging balance_TTZToLLNuNu_M-10_TuneCP5_PSweights_13TeV-amcatnlo-pythia8_sys_QCDScale2wDown
Merging measMET_TTZToLLNuNu_M-10_TuneCP5_PSweights_13TeV-amcatnlo-pythia8_catTOP_sys_TriggerSFWeightDown
Merging measMET_TTZToLLNuNu_M-10_TuneCP5_PSweights_13TeV-amcatnlo-pythia8_catSignal-1jet_sys_jesTotalUp
Merging measMET_TTZToLLNuNu_M-10_TuneCP5_PSweights_13TeV-amcatnlo-pythia8_catSignal-1jet_sys_ElecronSFUp
Merging njet_TTZToLLNuNu_M-10_TuneCP5_PSweights_13TeV-amcatnlo-pythia8_sys_btagEventWeightUp
Merging measMET_TTZToLLNuNu_M-10_TuneCP5_PSweights_13TeV-amcatnlo-pythia8_catSignal-0jet_sys_EWKUp
Merging MT_TTZToLLNuNu_M-10_TuneCP5_PSweights_13TeV-amcatnlo-pythia8_catSignal-1jet_sys_puWeightDown
Merging MT_TTZToLLNuNu_M-10_TuneCP5_PSweights_13TeV-amcatnlo-pythia8_cat4L_sys_PDFUp
Merging measMET_TTZToLLNuNu_M-10_TuneCP5_PSweights_13TeV-amcatnlo-pythia8_cat4L_sys_PrefireWeightUp
Merging njet_TTZToLLNuNu_M-10_TuneCP5_PSweights_13TeV-amcatnlo-pythia8_sys_ElecronSFDown
Merging MT_TTZToLLNuNu_M-10_TuneCP5_PSweights_13TeV-amcatnlo-pythia8_cat3L_sys_jerUp
Merging measMET_TTZToLLNuNu_M-10_TuneCP5_PSweights_13TeV-amcatnlo-pythia8_catSignal-0jet_sys_nvtxWeightUp
Merging phizmet_TTZToLLNuNu_M-10_TuneCP5_PSweights_13TeV-amcatnlo-pythia8_sys_nvtxWeightDown
Merging MT_TTZToLLNuNu_M-10_TuneCP5_PSweights_13TeV-amcatnlo-pythia8_cat3L_sys_QCDScale2wDown
Merging MT_TTZToLLNuNu_M-10_TuneCP5_PSweights_13TeV-amcatnlo-pythia8_catSignal-1jet_sys_ElectronEnUp
Merging measMET_TTZToLLNuNu_M-10_TuneCP5_PSweights_13TeV-amcatnlo-pythia8_catEM_sys_ElectronEnUp
Merging measMET_TTZToLLNuNu_M-10_TuneCP5_PSweights_13TeV-amcatnlo-pythia8_catEM_sys_btagEventWeightDown
Merging MT_TTZToLLNuNu_M-10_TuneCP5_PSweights_13TeV-amcatnlo-pythia8_catEM_sys_TriggerSFWeightUp
Merging balance_TTZToLLNuNu_M-10_TuneCP5_PSweights_13TeV-amcatnlo-pythia8_sys_btagEventWeightDown
Merging measMET_TTZToLLNuNu_M-10_TuneCP5_PSweights_13TeV-amcatnlo-pythia8_catSignal-1jet_sys_PrefireWeightDown
Merging measMET_TTZToLLNuNu_M-10_TuneCP5_PSweights_13TeV-amcatnlo-pythia8_catSignal-1jet
Merging MT_TTZToLLNuNu_M-10_TuneCP5_PSweights_13TeV-amcatnlo-pythia8_catSignal-1jet_sys_PDFUp
Merging measMET_TTZToLLNuNu_M-10_TuneCP5_PSweights_13TeV-amcatnlo-pythia8_catSignal-0jet_sys_btagEventWeightUp
Merging measMET_TTZToLLNuNu_M-10_TuneCP5_PSweights_13TeV-amcatnlo-pythia8_catDY_sys_MuonEnUp
Merging measMET_TTZToLLNuNu_M-10_TuneCP5_PSweights_13TeV-amcatnlo-pythia8_catNRB_sys_EWKUp
Merging measMET_TTZToLLNuNu_M-10_TuneCP5_PSweights_13TeV-amcatnlo-pythia8_catTOP_sys_MuonEnUp
Merging MT_TTZToLLNuNu_M-10_TuneCP5_PSweights_13TeV-amcatnlo-pythia8_catSignal-0jet_sys_puWeightUp
Merging balance_TTZToLLNuNu_M-10_TuneCP5_PSweights_13TeV-amcatnlo-pythia8_sys_QCDScale1wDown
Merging measMET_TTZToLLNuNu_M-10_TuneCP5_PSweights_13TeV-amcatnlo-pythia8_catDY_sys_ElecronSFUp
Merging measMET_TTZToLLNuNu_M-10_TuneCP5_PSweights_13TeV-amcatnlo-pythia8_catSignal-0jet_sys_QCDScale2wDown
Merging balance_TTZToLLNuNu_M-10_TuneCP5_PSweights_13TeV-amcatnlo-pythia8_sys_puWeightUp
Merging untagged
Merging MT_TTZToLLNuNu_M-10_TuneCP5_PSweights_13TeV-amcatnlo-pythia8_catEM_sys_nvtxWeightUp
Merging njet_TTZToLLNuNu_M-10_TuneCP5_PSweights_13TeV-amcatnlo-pythia8_sys_ElectronEnDown
Merging MT_TTZToLLNuNu_M-10_TuneCP5_PSweights_13TeV-amcatnlo-pythia8_catNRB_sys_PDFUp
Merging MT_TTZToLLNuNu_M-10_TuneCP5_PSweights_13TeV-amcatnlo-pythia8_catSignal-1jet_sys_ElecronSFDown
Merging measMET_TTZToLLNuNu_M-10_TuneCP5_PSweights_13TeV-amcatnlo-pythia8_catSignal-1jet_sys_TriggerSFWeightDown
Merging measMET_TTZToLLNuNu_M-10_TuneCP5_PSweights_13TeV-amcatnlo-pythia8_catNRB_sys_ElectronEnDown
Merging measMET_TTZToLLNuNu_M-10_TuneCP5_PSweights_13TeV-amcatnlo-pythia8_catSignal-0jet_sys_QCDScale0wDown
Merging MT_TTZToLLNuNu_M-10_TuneCP5_PSweights_13TeV-amcatnlo-pythia8_catDY_sys_jesTotalDown
Merging measMET_TTZToLLNuNu_M-10_TuneCP5_PSweights_13TeV-amcatnlo-pythia8_catDY_sys_puWeightDown
Merging measMET_TTZToLLNuNu_M-10_TuneCP5_PSweights_13TeV-amcatnlo-pythia8_catTOP_sys_btagEventWeightUp
Merging measMET_TTZToLLNuNu_M-10_TuneCP5_PSweights_13TeV-amcatnlo-pythia8_catTOP
Merging MT_TTZToLLNuNu_M-10_TuneCP5_PSweights_13TeV-amcatnlo-pythia8_catEM_sys_PDFDown
Merging measMET_TTZToLLNuNu_M-10_TuneCP5_PSweights_13TeV-amcatnlo-pythia8_catEM_sys_MuonSFDown
Merging measMET_TTZToLLNuNu_M-10_TuneCP5_PSweights_13TeV-amcatnlo-pythia8_cat3L_sys_QCDScale0wDown
Merging measMET_TTZToLLNuNu_M-10_TuneCP5_PSweights_13TeV-amcatnlo-pythia8_cat3L_sys_QCDScale0wUp
Merging measMET_TTZToLLNuNu_M-10_TuneCP5_PSweights_13TeV-amcatnlo-pythia8_catDY_sys_PDFDown
Merging MT_TTZToLLNuNu_M-10_TuneCP5_PSweights_13TeV-amcatnlo-pythia8_cat4L_sys_ElectronEnUp
Merging measMET_TTZToLLNuNu_M-10_TuneCP5_PSweights_13TeV-amcatnlo-pythia8_cat4L_sys_QCDScale2wUp
Merging measMET_TTZToLLNuNu_M-10_TuneCP5_PSweights_13TeV-amcatnlo-pythia8_catEM_sys_MuonEnDown
Merging measMET_TTZToLLNuNu_M-10_TuneCP5_PSweights_13TeV-amcatnlo-pythia8_cat4L_sys_EWKDown
Merging measMET_TTZToLLNuNu_M-10_TuneCP5_PSweights_13TeV-amcatnlo-pythia8_catEM_sys_jerUp
Merging MT_TTZToLLNuNu_M-10_TuneCP5_PSweights_13TeV-amcatnlo-pythia8_catTOP_sys_QCDScale1wUp
Merging measMET_TTZToLLNuNu_M-10_TuneCP5_PSweights_13TeV-amcatnlo-pythia8_cat3L_sys_EWKUp
Merging MT_TTZToLLNuNu_M-10_TuneCP5_PSweights_13TeV-amcatnlo-pythia8_cat4L_sys_ElecronSFUp
Merging MT_TTZToLLNuNu_M-10_TuneCP5_PSweights_13TeV-amcatnlo-pythia8_catSignal-0jet_sys_MuonEnDown
Merging MT_TTZToLLNuNu_M-10_TuneCP5_PSweights_13TeV-amcatnlo-pythia8_cat3L
Merging njet_TTZToLLNuNu_M-10_TuneCP5_PSweights_13TeV-amcatnlo-pythia8_sys_jesTotalUp
Merging measMET_TTZToLLNuNu_M-10_TuneCP5_PSweights_13TeV-amcatnlo-pythia8_catNRB_sys_ElecronSFUp
Merging measMET_TTZToLLNuNu_M-10_TuneCP5_PSweights_13TeV-amcatnlo-pythia8_catNRB_sys_nvtxWeightDown
Merging MT_TTZToLLNuNu_M-10_TuneCP5_PSweights_13TeV-amcatnlo-pythia8_catNRB_sys_MuonSFUp
Merging MT_TTZToLLNuNu_M-10_TuneCP5_PSweights_13TeV-amcatnlo-pythia8_catEM_sys_PrefireWeightUp
Merging MT_TTZToLLNuNu_M-10_TuneCP5_PSweights_13TeV-amcatnlo-pythia8_cat4L_sys_QCDScale0wDown
Merging measMET_TTZToLLNuNu_M-10_TuneCP5_PSweights_13TeV-amcatnlo-pythia8_catSignal-1jet_sys_btagEventWeightDown
Merging MT_TTZToLLNuNu_M-10_TuneCP5_PSweights_13TeV-amcatnlo-pythia8_catSignal-0jet_sys_PDFDown
Merging measMET_TTZToLLNuNu_M-10_TuneCP5_PSweights_13TeV-amcatnlo-pythia8_catSignal-1jet_sys_QCDScale0wUp
Merging MT_TTZToLLNuNu_M-10_TuneCP5_PSweights_13TeV-amcatnlo-pythia8_cat4L_sys_nvtxWeightUp
Merging measMET_TTZToLLNuNu_M-10_TuneCP5_PSweights_13TeV-amcatnlo-pythia8_cat3L_sys_jesTotalDown
Merging MT_TTZToLLNuNu_M-10_TuneCP5_PSweights_13TeV-amcatnlo-pythia8_cat4L_sys_EWKUp
Merging measMET_TTZToLLNuNu_M-10_TuneCP5_PSweights_13TeV-amcatnlo-pythia8_catTOP_sys_ElecronSFDown
Merging phizmet_TTZToLLNuNu_M-10_TuneCP5_PSweights_13TeV-amcatnlo-pythia8_sys_PrefireWeightDown
Merging njet_TTZToLLNuNu_M-10_TuneCP5_PSweights_13TeV-amcatnlo-pythia8_sys_nvtxWeightDown
Merging MT_TTZToLLNuNu_M-10_TuneCP5_PSweights_13TeV-amcatnlo-pythia8_catTOP_sys_QCDScale2wDown
Merging autoPU
Merging MT_TTZToLLNuNu_M-10_TuneCP5_PSweights_13TeV-amcatnlo-pythia8_catSignal-1jet_sys_EWKUp
Merging measMET_TTZToLLNuNu_M-10_TuneCP5_PSweights_13TeV-amcatnlo-pythia8_cat3L_sys_ElectronEnDown
Merging measMET_TTZToLLNuNu_M-10_TuneCP5_PSweights_13TeV-amcatnlo-pythia8_cat3L_sys_QCDScale1wDown
Merging njet_TTZToLLNuNu_M-10_TuneCP5_PSweights_13TeV-amcatnlo-pythia8_sys_EWKDown
Merging measMET_TTZToLLNuNu_M-10_TuneCP5_PSweights_13TeV-amcatnlo-pythia8_catDY_sys_TriggerSFWeightUp
Merging measMET_TTZToLLNuNu_M-10_TuneCP5_PSweights_13TeV-amcatnlo-pythia8_catTOP_sys_ElectronEnUp
Merging MT_TTZToLLNuNu_M-10_TuneCP5_PSweights_13TeV-amcatnlo-pythia8_catTOP_sys_MuonEnUp
Merging measMET_TTZToLLNuNu_M-10_TuneCP5_PSweights_13TeV-amcatnlo-pythia8_catSignal-1jet_sys_btagEventWeightUp
Merging MT_TTZToLLNuNu_M-10_TuneCP5_PSweights_13TeV-amcatnlo-pythia8_catTOP_sys_ElecronSFUp
Merging balance_TTZToLLNuNu_M-10_TuneCP5_PSweights_13TeV-amcatnlo-pythia8
Merging measMET_TTZToLLNuNu_M-10_TuneCP5_PSweights_13TeV-amcatnlo-pythia8_catNRB_sys_QCDScale1wDown
Merging MT_TTZToLLNuNu_M-10_TuneCP5_PSweights_13TeV-amcatnlo-pythia8_cat4L_sys_QCDScale1wDown
Merging balance_TTZToLLNuNu_M-10_TuneCP5_PSweights_13TeV-amcatnlo-pythia8_sys_ElectronEnUp
Merging MT_TTZToLLNuNu_M-10_TuneCP5_PSweights_13TeV-amcatnlo-pythia8_catTOP_sys_nvtxWeightDown
Merging MT_TTZToLLNuNu_M-10_TuneCP5_PSweights_13TeV-amcatnlo-pythia8_catNRB_sys_btagEventWeightUp
Merging measMET_TTZToLLNuNu_M-10_TuneCP5_PSweights_13TeV-amcatnlo-pythia8_catSignal-1jet_sys_puWeightUp
Merging MT_TTZToLLNuNu_M-10_TuneCP5_PSweights_13TeV-amcatnlo-pythia8_catSignal-1jet_sys_jerDown
Merging measMET_TTZToLLNuNu_M-10_TuneCP5_PSweights_13TeV-amcatnlo-pythia8_catDY_sys_TriggerSFWeightDown
Merging MT_TTZToLLNuNu_M-10_TuneCP5_PSweights_13TeV-amcatnlo-pythia8_catTOP_sys_MuonEnDown
Merging phizmet_TTZToLLNuNu_M-10_TuneCP5_PSweights_13TeV-amcatnlo-pythia8_sys_ElecronSFUp
Merging MT_TTZToLLNuNu_M-10_TuneCP5_PSweights_13TeV-amcatnlo-pythia8_cat4L_sys_puWeightDown
Merging measMET_TTZToLLNuNu_M-10_TuneCP5_PSweights_13TeV-amcatnlo-pythia8_catSignal-1jet_sys_QCDScale1wUp
Merging measMET_TTZToLLNuNu_M-10_TuneCP5_PSweights_13TeV-amcatnlo-pythia8_cat4L_sys_MuonSFUp
Merging measMET_TTZToLLNuNu_M-10_TuneCP5_PSweights_13TeV-amcatnlo-pythia8_cat4L_sys_ElecronSFUp
Merging MT_TTZToLLNuNu_M-10_TuneCP5_PSweights_13TeV-amcatnlo-pythia8_cat3L_sys_PDFDown
Merging measMET_TTZToLLNuNu_M-10_TuneCP5_PSweights_13TeV-amcatnlo-pythia8_catDY_sys_QCDScale1wDown
Merging njet_TTZToLLNuNu_M-10_TuneCP5_PSweights_13TeV-amcatnlo-pythia8_sys_puWeightDown
Merging MT_TTZToLLNuNu_M-10_TuneCP5_PSweights_13TeV-amcatnlo-pythia8_catTOP_sys_ElectronEnDown
Merging phizmet_TTZToLLNuNu_M-10_TuneCP5_PSweights_13TeV-amcatnlo-pythia8_sys_nvtxWeightUp
Merging MT_TTZToLLNuNu_M-10_TuneCP5_PSweights_13TeV-amcatnlo-pythia8_cat3L_sys_EWKDown
Merging MT_TTZToLLNuNu_M-10_TuneCP5_PSweights_13TeV-amcatnlo-pythia8_catNRB_sys_ElectronEnDown
Merging measMET_TTZToLLNuNu_M-10_TuneCP5_PSweights_13TeV-amcatnlo-pythia8_catEM_sys_EWKUp
Merging measMET_TTZToLLNuNu_M-10_TuneCP5_PSweights_13TeV-amcatnlo-pythia8_catEM_sys_PrefireWeightUp
Merging measMET_TTZToLLNuNu_M-10_TuneCP5_PSweights_13TeV-amcatnlo-pythia8_catNRB_sys_MuonEnUp
Merging measMET_TTZToLLNuNu_M-10_TuneCP5_PSweights_13TeV-amcatnlo-pythia8_catTOP_sys_puWeightDown
Merging MT_TTZToLLNuNu_M-10_TuneCP5_PSweights_13TeV-amcatnlo-pythia8_catSignal-1jet_sys_QCDScale0wDown
Merging MT_TTZToLLNuNu_M-10_TuneCP5_PSweights_13TeV-amcatnlo-pythia8_catDY_sys_TriggerSFWeightUp
Merging MT_TTZToLLNuNu_M-10_TuneCP5_PSweights_13TeV-amcatnlo-pythia8_catSignal-0jet_sys_btagEventWeightDown
Merging measMET_TTZToLLNuNu_M-10_TuneCP5_PSweights_13TeV-amcatnlo-pythia8_catDY_sys_EWKUp
Merging MT_TTZToLLNuNu_M-10_TuneCP5_PSweights_13TeV-amcatnlo-pythia8_catDY_sys_PrefireWeightUp
Merging measMET_TTZToLLNuNu_M-10_TuneCP5_PSweights_13TeV-amcatnlo-pythia8_cat4L_sys_QCDScale2wDown
Merging measMET_TTZToLLNuNu_M-10_TuneCP5_PSweights_13TeV-amcatnlo-pythia8_cat4L_sys_QCDScale0wUp
Merging MT_TTZToLLNuNu_M-10_TuneCP5_PSweights_13TeV-amcatnlo-pythia8_catNRB_sys_EWKUp
Merging MT_TTZToLLNuNu_M-10_TuneCP5_PSweights_13TeV-amcatnlo-pythia8_catEM_sys_btagEventWeightUp
Merging MT_TTZToLLNuNu_M-10_TuneCP5_PSweights_13TeV-amcatnlo-pythia8_catSignal-0jet_sys_PDFUp
Merging measMET_TTZToLLNuNu_M-10_TuneCP5_PSweights_13TeV-amcatnlo-pythia8_catTOP_sys_PDFDown
Merging measMET_TTZToLLNuNu_M-10_TuneCP5_PSweights_13TeV-amcatnlo-pythia8_catNRB_sys_jesTotalDown
Merging MT_TTZToLLNuNu_M-10_TuneCP5_PSweights_13TeV-amcatnlo-pythia8_catNRB_sys_PrefireWeightUp
Merging phizmet_TTZToLLNuNu_M-10_TuneCP5_PSweights_13TeV-amcatnlo-pythia8_sys_btagEventWeightUp
Merging measMET_TTZToLLNuNu_M-10_TuneCP5_PSweights_13TeV-amcatnlo-pythia8_catSignal-1jet_sys_puWeightDown
Merging measMET_TTZToLLNuNu_M-10_TuneCP5_PSweights_13TeV-amcatnlo-pythia8_cat3L_sys_PrefireWeightDown
Merging MT_TTZToLLNuNu_M-10_TuneCP5_PSweights_13TeV-amcatnlo-pythia8_catDY_sys_ElecronSFDown
Merging MT_TTZToLLNuNu_M-10_TuneCP5_PSweights_13TeV-amcatnlo-pythia8_cat4L_sys_jesTotalDown
Merging measMET_TTZToLLNuNu_M-10_TuneCP5_PSweights_13TeV-amcatnlo-pythia8_catEM_sys_puWeightDown
Merging measMET_TTZToLLNuNu_M-10_TuneCP5_PSweights_13TeV-amcatnlo-pythia8_catSignal-0jet_sys_EWKDown
Merging measMET_TTZToLLNuNu_M-10_TuneCP5_PSweights_13TeV-amcatnlo-pythia8_catNRB_sys_puWeightDown
Merging measMET_TTZToLLNuNu_M-10_TuneCP5_PSweights_13TeV-amcatnlo-pythia8_cat3L_sys_EWKDown
Merging measMET_TTZToLLNuNu_M-10_TuneCP5_PSweights_13TeV-amcatnlo-pythia8_catSignal-0jet_sys_MuonSFDown
Merging measMET_TTZToLLNuNu_M-10_TuneCP5_PSweights_13TeV-amcatnlo-pythia8_catDY_sys_btagEventWeightUp
Merging MT_TTZToLLNuNu_M-10_TuneCP5_PSweights_13TeV-amcatnlo-pythia8_catEM
Merging MT_TTZToLLNuNu_M-10_TuneCP5_PSweights_13TeV-amcatnlo-pythia8_catSignal-1jet_sys_nvtxWeightDown
Merging MT_TTZToLLNuNu_M-10_TuneCP5_PSweights_13TeV-amcatnlo-pythia8_catSignal-0jet_sys_EWKUp
Merging measMET_TTZToLLNuNu_M-10_TuneCP5_PSweights_13TeV-amcatnlo-pythia8_catTOP_sys_btagEventWeightDown
Merging balance_TTZToLLNuNu_M-10_TuneCP5_PSweights_13TeV-amcatnlo-pythia8_sys_PDFDown
Merging MT_TTZToLLNuNu_M-10_TuneCP5_PSweights_13TeV-amcatnlo-pythia8_catSignal-0jet_sys_QCDScale2wDown
Merging measMET_TTZToLLNuNu_M-10_TuneCP5_PSweights_13TeV-amcatnlo-pythia8_cat4L_sys_ElectronEnDown
Merging MT_TTZToLLNuNu_M-10_TuneCP5_PSweights_13TeV-amcatnlo-pythia8_catSignal-0jet_sys_nvtxWeightDown
Merging measMET_TTZToLLNuNu_M-10_TuneCP5_PSweights_13TeV-amcatnlo-pythia8_catSignal-1jet_sys_jerDown
Merging MT_TTZToLLNuNu_M-10_TuneCP5_PSweights_13TeV-amcatnlo-pythia8_catTOP_sys_jesTotalUp
Merging measMET_TTZToLLNuNu_M-10_TuneCP5_PSweights_13TeV-amcatnlo-pythia8_catTOP_sys_nvtxWeightDown
Merging measMET_TTZToLLNuNu_M-10_TuneCP5_PSweights_13TeV-amcatnlo-pythia8_catTOP_sys_EWKUp
Merging balance_TTZToLLNuNu_M-10_TuneCP5_PSweights_13TeV-amcatnlo-pythia8_sys_jerDown
Merging MT_TTZToLLNuNu_M-10_TuneCP5_PSweights_13TeV-amcatnlo-pythia8_catEM_sys_jesTotalDown
Merging MT_TTZToLLNuNu_M-10_TuneCP5_PSweights_13TeV-amcatnlo-pythia8_catEM_sys_MuonSFUp
Merging MT_TTZToLLNuNu_M-10_TuneCP5_PSweights_13TeV-amcatnlo-pythia8_catSignal-1jet_sys_MuonEnDown
Merging MT_TTZToLLNuNu_M-10_TuneCP5_PSweights_13TeV-amcatnlo-pythia8_catSignal-1jet_sys_btagEventWeightUp
Merging MT_TTZToLLNuNu_M-10_TuneCP5_PSweights_13TeV-amcatnlo-pythia8_catDY_sys_PDFUp
Merging MT_TTZToLLNuNu_M-10_TuneCP5_PSweights_13TeV-amcatnlo-pythia8_catSignal-1jet_sys_puWeightUp
Merging measMET_TTZToLLNuNu_M-10_TuneCP5_PSweights_13TeV-amcatnlo-pythia8_catDY_sys_EWKDown
Merging measMET_TTZToLLNuNu_M-10_TuneCP5_PSweights_13TeV-amcatnlo-pythia8_cat3L_sys_QCDScale1wUp
Merging MT_TTZToLLNuNu_M-10_TuneCP5_PSweights_13TeV-amcatnlo-pythia8_catSignal-0jet_sys_MuonEnUp
Merging MT_TTZToLLNuNu_M-10_TuneCP5_PSweights_13TeV-amcatnlo-pythia8_catSignal-0jet_sys_MuonSFUp
Merging MT_TTZToLLNuNu_M-10_TuneCP5_PSweights_13TeV-amcatnlo-pythia8_catEM_sys_btagEventWeightDown
Merging measMET_TTZToLLNuNu_M-10_TuneCP5_PSweights_13TeV-amcatnlo-pythia8_cat4L_sys_nvtxWeightUp
Merging measMET_TTZToLLNuNu_M-10_TuneCP5_PSweights_13TeV-amcatnlo-pythia8_cat3L_sys_QCDScale2wDown
Merging measMET_TTZToLLNuNu_M-10_TuneCP5_PSweights_13TeV-amcatnlo-pythia8_catNRB_sys_MuonEnDown
Merging MT_TTZToLLNuNu_M-10_TuneCP5_PSweights_13TeV-amcatnlo-pythia8_catTOP_sys_EWKDown
Merging MT_TTZToLLNuNu_M-10_TuneCP5_PSweights_13TeV-amcatnlo-pythia8_catTOP
Merging MT_TTZToLLNuNu_M-10_TuneCP5_PSweights_13TeV-amcatnlo-pythia8_catSignal-1jet_sys_MuonEnUp
Merging balance_TTZToLLNuNu_M-10_TuneCP5_PSweights_13TeV-amcatnlo-pythia8_sys_jesTotalUp
Merging MT_TTZToLLNuNu_M-10_TuneCP5_PSweights_13TeV-amcatnlo-pythia8_catEM_sys_EWKUp
Merging balance_TTZToLLNuNu_M-10_TuneCP5_PSweights_13TeV-amcatnlo-pythia8_sys_EWKUp
Merging measMET_TTZToLLNuNu_M-10_TuneCP5_PSweights_13TeV-amcatnlo-pythia8_catNRB_sys_QCDScale1wUp
Merging measMET_TTZToLLNuNu_M-10_TuneCP5_PSweights_13TeV-amcatnlo-pythia8_catSignal-1jet_sys_PDFUp
Merging MT_TTZToLLNuNu_M-10_TuneCP5_PSweights_13TeV-amcatnlo-pythia8_catDY_sys_QCDScale1wUp
Merging measMET_TTZToLLNuNu_M-10_TuneCP5_PSweights_13TeV-amcatnlo-pythia8_catEM_sys_QCDScale0wDown
Merging MT_TTZToLLNuNu_M-10_TuneCP5_PSweights_13TeV-amcatnlo-pythia8_catTOP_sys_puWeightDown
Merging measMET_TTZToLLNuNu_M-10_TuneCP5_PSweights_13TeV-amcatnlo-pythia8_catNRB_sys_ElectronEnUp
Merging MT_TTZToLLNuNu_M-10_TuneCP5_PSweights_13TeV-amcatnlo-pythia8_catEM_sys_MuonEnDown
Merging measMET_TTZToLLNuNu_M-10_TuneCP5_PSweights_13TeV-amcatnlo-pythia8_cat3L_sys_nvtxWeightDown
Merging measMET_TTZToLLNuNu_M-10_TuneCP5_PSweights_13TeV-amcatnlo-pythia8_cat4L_sys_btagEventWeightDown
Merging measMET_TTZToLLNuNu_M-10_TuneCP5_PSweights_13TeV-amcatnlo-pythia8_catSignal-0jet_sys_jesTotalDown
Merging measMET_TTZToLLNuNu_M-10_TuneCP5_PSweights_13TeV-amcatnlo-pythia8_catTOP_sys_ElecronSFUp
Merging MT_TTZToLLNuNu_M-10_TuneCP5_PSweights_13TeV-amcatnlo-pythia8_catSignal-0jet_sys_PrefireWeightUp
Merging phizmet_TTZToLLNuNu_M-10_TuneCP5_PSweights_13TeV-amcatnlo-pythia8_sys_EWKDown
Merging MT_TTZToLLNuNu_M-10_TuneCP5_PSweights_13TeV-amcatnlo-pythia8_cat3L_sys_ElectronEnUp
Merging measMET_TTZToLLNuNu_M-10_TuneCP5_PSweights_13TeV-amcatnlo-pythia8_catDY_sys_btagEventWeightDown
Merging MT_TTZToLLNuNu_M-10_TuneCP5_PSweights_13TeV-amcatnlo-pythia8_catSignal-1jet_sys_TriggerSFWeightDown
Merging phizmet_TTZToLLNuNu_M-10_TuneCP5_PSweights_13TeV-amcatnlo-pythia8_sys_jesTotalUp
Merging njet_TTZToLLNuNu_M-10_TuneCP5_PSweights_13TeV-amcatnlo-pythia8_sys_MuonSFDown
Merging MT_TTZToLLNuNu_M-10_TuneCP5_PSweights_13TeV-amcatnlo-pythia8_catSignal-0jet_sys_TriggerSFWeightUp
Merging MT_TTZToLLNuNu_M-10_TuneCP5_PSweights_13TeV-amcatnlo-pythia8_catNRB_sys_MuonSFDown
Merging measMET_TTZToLLNuNu_M-10_TuneCP5_PSweights_13TeV-amcatnlo-pythia8_catEM_sys_btagEventWeightUp
Merging MT_TTZToLLNuNu_M-10_TuneCP5_PSweights_13TeV-amcatnlo-pythia8_cat3L_sys_MuonSFUp
Merging measMET_TTZToLLNuNu_M-10_TuneCP5_PSweights_13TeV-amcatnlo-pythia8_catSignal-0jet_sys_jerUp
Merging MT_TTZToLLNuNu_M-10_TuneCP5_PSweights_13TeV-amcatnlo-pythia8_catNRB_sys_jerDown
Merging MT_TTZToLLNuNu_M-10_TuneCP5_PSweights_13TeV-amcatnlo-pythia8_catEM_sys_puWeightUp
Merging measMET_TTZToLLNuNu_M-10_TuneCP5_PSweights_13TeV-amcatnlo-pythia8_cat4L_sys_puWeightDown
Merging MT_TTZToLLNuNu_M-10_TuneCP5_PSweights_13TeV-amcatnlo-pythia8_catDY_sys_PrefireWeightDown
Merging MT_TTZToLLNuNu_M-10_TuneCP5_PSweights_13TeV-amcatnlo-pythia8_catNRB
Merging MT_TTZToLLNuNu_M-10_TuneCP5_PSweights_13TeV-amcatnlo-pythia8_catSignal-0jet_sys_nvtxWeightUp
Merging MT_TTZToLLNuNu_M-10_TuneCP5_PSweights_13TeV-amcatnlo-pythia8_cat4L_sys_QCDScale1wUp
Merging MT_TTZToLLNuNu_M-10_TuneCP5_PSweights_13TeV-amcatnlo-pythia8_catNRB_sys_nvtxWeightUp
Merging measMET_TTZToLLNuNu_M-10_TuneCP5_PSweights_13TeV-amcatnlo-pythia8_catSignal-1jet_sys_QCDScale2wDown
Merging MT_TTZToLLNuNu_M-10_TuneCP5_PSweights_13TeV-amcatnlo-pythia8_catTOP_sys_jerDown
Merging MT_TTZToLLNuNu_M-10_TuneCP5_PSweights_13TeV-amcatnlo-pythia8_catEM_sys_QCDScale0wUp
Merging njet_TTZToLLNuNu_M-10_TuneCP5_PSweights_13TeV-amcatnlo-pythia8_sys_nvtxWeightUp
Merging MT_TTZToLLNuNu_M-10_TuneCP5_PSweights_13TeV-amcatnlo-pythia8_cat4L_sys_nvtxWeightDown
Merging MT_TTZToLLNuNu_M-10_TuneCP5_PSweights_13TeV-amcatnlo-pythia8_catSignal-0jet_sys_EWKDown
Merging measMET_TTZToLLNuNu_M-10_TuneCP5_PSweights_13TeV-amcatnlo-pythia8_catTOP_sys_puWeightUp
Merging MT_TTZToLLNuNu_M-10_TuneCP5_PSweights_13TeV-amcatnlo-pythia8_catNRB_sys_QCDScale0wUp
Merging MT_TTZToLLNuNu_M-10_TuneCP5_PSweights_13TeV-amcatnlo-pythia8_catTOP_sys_puWeightUp
Merging measMET_TTZToLLNuNu_M-10_TuneCP5_PSweights_13TeV-amcatnlo-pythia8_catDY_sys_jerUp
Merging measMET_TTZToLLNuNu_M-10_TuneCP5_PSweights_13TeV-amcatnlo-pythia8_catEM_sys_MuonSFUp
Merging measMET_TTZToLLNuNu_M-10_TuneCP5_PSweights_13TeV-amcatnlo-pythia8_catSignal-1jet_sys_QCDScale0wDown
Merging MT_TTZToLLNuNu_M-10_TuneCP5_PSweights_13TeV-amcatnlo-pythia8_catTOP_sys_QCDScale2wUp
Merging measMET_TTZToLLNuNu_M-10_TuneCP5_PSweights_13TeV-amcatnlo-pythia8_catSignal-1jet_sys_ElecronSFDown
Merging MT_TTZToLLNuNu_M-10_TuneCP5_PSweights_13TeV-amcatnlo-pythia8_cat4L_sys_MuonSFUp
Merging measMET_TTZToLLNuNu_M-10_TuneCP5_PSweights_13TeV-amcatnlo-pythia8_cat3L_sys_jesTotalUp
Merging njet_TTZToLLNuNu_M-10_TuneCP5_PSweights_13TeV-amcatnlo-pythia8_sys_PDFUp
Merging MT_TTZToLLNuNu_M-10_TuneCP5_PSweights_13TeV-amcatnlo-pythia8_cat4L_sys_MuonEnDown
Merging balance_TTZToLLNuNu_M-10_TuneCP5_PSweights_13TeV-amcatnlo-pythia8_sys_ElecronSFDown
Merging balance_TTZToLLNuNu_M-10_TuneCP5_PSweights_13TeV-amcatnlo-pythia8_sys_puWeightDown
Merging measMET_TTZToLLNuNu_M-10_TuneCP5_PSweights_13TeV-amcatnlo-pythia8_catDY_sys_QCDScale0wUp
Merging MT_TTZToLLNuNu_M-10_TuneCP5_PSweights_13TeV-amcatnlo-pythia8_catSignal-0jet_sys_ElecronSFUp
Merging measMET_TTZToLLNuNu_M-10_TuneCP5_PSweights_13TeV-amcatnlo-pythia8_catSignal-1jet_sys_EWKUp
Merging measMET_TTZToLLNuNu_M-10_TuneCP5_PSweights_13TeV-amcatnlo-pythia8_cat3L_sys_PDFDown
Merging MT_TTZToLLNuNu_M-10_TuneCP5_PSweights_13TeV-amcatnlo-pythia8_cat3L_sys_nvtxWeightDown
Merging MT_TTZToLLNuNu_M-10_TuneCP5_PSweights_13TeV-amcatnlo-pythia8_catSignal-1jet_sys_EWKDown
Merging measMET_TTZToLLNuNu_M-10_TuneCP5_PSweights_13TeV-amcatnlo-pythia8_catDY_sys_MuonEnDown
Merging measMET_TTZToLLNuNu_M-10_TuneCP5_PSweights_13TeV-amcatnlo-pythia8_catNRB_sys_PDFDown
Merging MT_TTZToLLNuNu_M-10_TuneCP5_PSweights_13TeV-amcatnlo-pythia8_catEM_sys_QCDScale1wUp
Merging MT_TTZToLLNuNu_M-10_TuneCP5_PSweights_13TeV-amcatnlo-pythia8_catNRB_sys_TriggerSFWeightDown
Merging measMET_TTZToLLNuNu_M-10_TuneCP5_PSweights_13TeV-amcatnlo-pythia8_catSignal-0jet_sys_PrefireWeightDown
Merging measMET_TTZToLLNuNu_M-10_TuneCP5_PSweights_13TeV-amcatnlo-pythia8_cat3L_sys_jerUp
Merging MT_TTZToLLNuNu_M-10_TuneCP5_PSweights_13TeV-amcatnlo-pythia8_catSignal-1jet_sys_QCDScale1wUp
Merging phizmet_TTZToLLNuNu_M-10_TuneCP5_PSweights_13TeV-amcatnlo-pythia8_sys_PrefireWeightUp
Merging measMET_TTZToLLNuNu_M-10_TuneCP5_PSweights_13TeV-amcatnlo-pythia8_cat4L_sys_MuonEnDown
Merging MT_TTZToLLNuNu_M-10_TuneCP5_PSweights_13TeV-amcatnlo-pythia8_catNRB_sys_EWKDown
Merging measMET_TTZToLLNuNu_M-10_TuneCP5_PSweights_13TeV-amcatnlo-pythia8_catTOP_sys_QCDScale1wDown
Merging measMET_TTZToLLNuNu_M-10_TuneCP5_PSweights_13TeV-amcatnlo-pythia8_catSignal-0jet_sys_QCDScale0wUp
Merging MT_TTZToLLNuNu_M-10_TuneCP5_PSweights_13TeV-amcatnlo-pythia8_cat3L_sys_nvtxWeightUp
Merging measMET_TTZToLLNuNu_M-10_TuneCP5_PSweights_13TeV-amcatnlo-pythia8_cat4L_sys_QCDScale0wDown
Merging measMET_TTZToLLNuNu_M-10_TuneCP5_PSweights_13TeV-amcatnlo-pythia8_cat4L_sys_QCDScale1wDown
Merging balance_TTZToLLNuNu_M-10_TuneCP5_PSweights_13TeV-amcatnlo-pythia8_sys_btagEventWeightUp
Merging measMET_TTZToLLNuNu_M-10_TuneCP5_PSweights_13TeV-amcatnlo-pythia8_catSignal-0jet_sys_PrefireWeightUp
Merging measMET_TTZToLLNuNu_M-10_TuneCP5_PSweights_13TeV-amcatnlo-pythia8_catSignal-0jet_sys_ElectronEnUp
Merging measMET_TTZToLLNuNu_M-10_TuneCP5_PSweights_13TeV-amcatnlo-pythia8_catDY_sys_PDFUp
Merging MT_TTZToLLNuNu_M-10_TuneCP5_PSweights_13TeV-amcatnlo-pythia8_catEM_sys_QCDScale0wDown
Merging njet_TTZToLLNuNu_M-10_TuneCP5_PSweights_13TeV-amcatnlo-pythia8_sys_QCDScale0wDown
Merging phizmet_TTZToLLNuNu_M-10_TuneCP5_PSweights_13TeV-amcatnlo-pythia8_sys_MuonEnUp
Merging measMET_TTZToLLNuNu_M-10_TuneCP5_PSweights_13TeV-amcatnlo-pythia8_catNRB_sys_QCDScale0wDown
Merging measMET_TTZToLLNuNu_M-10_TuneCP5_PSweights_13TeV-amcatnlo-pythia8_catSignal-0jet_sys_puWeightUp
Merging MT_TTZToLLNuNu_M-10_TuneCP5_PSweights_13TeV-amcatnlo-pythia8_cat4L_sys_EWKDown
Merging measMET_TTZToLLNuNu_M-10_TuneCP5_PSweights_13TeV-amcatnlo-pythia8_catTOP_sys_jerDown
Merging measMET_TTZToLLNuNu_M-10_TuneCP5_PSweights_13TeV-amcatnlo-pythia8_catSignal-0jet_sys_TriggerSFWeightUp
Merging njet_TTZToLLNuNu_M-10_TuneCP5_PSweights_13TeV-amcatnlo-pythia8
Merging measMET_TTZToLLNuNu_M-10_TuneCP5_PSweights_13TeV-amcatnlo-pythia8_catEM_sys_jerDown
Merging phizmet_TTZToLLNuNu_M-10_TuneCP5_PSweights_13TeV-amcatnlo-pythia8_sys_PDFDown
Merging measMET_TTZToLLNuNu_M-10_TuneCP5_PSweights_13TeV-amcatnlo-pythia8_catSignal-1jet_sys_nvtxWeightDown
Merging MT_TTZToLLNuNu_M-10_TuneCP5_PSweights_13TeV-amcatnlo-pythia8_catTOP_sys_QCDScale0wDown
Merging measMET_TTZToLLNuNu_M-10_TuneCP5_PSweights_13TeV-amcatnlo-pythia8_cat4L_sys_ElecronSFDown
Merging MT_TTZToLLNuNu_M-10_TuneCP5_PSweights_13TeV-amcatnlo-pythia8_cat3L_sys_btagEventWeightUp
Merging balance_TTZToLLNuNu_M-10_TuneCP5_PSweights_13TeV-amcatnlo-pythia8_sys_QCDScale2wUp
Merging MT_TTZToLLNuNu_M-10_TuneCP5_PSweights_13TeV-amcatnlo-pythia8_catSignal-0jet_sys_TriggerSFWeightDown
Merging MT_TTZToLLNuNu_M-10_TuneCP5_PSweights_13TeV-amcatnlo-pythia8_catSignal-0jet_sys_ElecronSFDown
Merging MT_TTZToLLNuNu_M-10_TuneCP5_PSweights_13TeV-amcatnlo-pythia8_cat3L_sys_jerDown
Merging measMET_TTZToLLNuNu_M-10_TuneCP5_PSweights_13TeV-amcatnlo-pythia8_cat4L_sys_btagEventWeightUp
Merging njet_TTZToLLNuNu_M-10_TuneCP5_PSweights_13TeV-amcatnlo-pythia8_sys_PrefireWeightDown
Merging njet_TTZToLLNuNu_M-10_TuneCP5_PSweights_13TeV-amcatnlo-pythia8_sys_EWKUp
Merging MT_TTZToLLNuNu_M-10_TuneCP5_PSweights_13TeV-amcatnlo-pythia8_catSignal-0jet_sys_puWeightDown
Merging measMET_TTZToLLNuNu_M-10_TuneCP5_PSweights_13TeV-amcatnlo-pythia8_cat4L_sys_jesTotalDown
Merging MT_TTZToLLNuNu_M-10_TuneCP5_PSweights_13TeV-amcatnlo-pythia8_catEM_sys_PrefireWeightDown
Merging MT_TTZToLLNuNu_M-10_TuneCP5_PSweights_13TeV-amcatnlo-pythia8_catSignal-1jet_sys_QCDScale1wDown
Merging measMET_TTZToLLNuNu_M-10_TuneCP5_PSweights_13TeV-amcatnlo-pythia8_catDY_sys_ElectronEnUp
Merging balance_TTZToLLNuNu_M-10_TuneCP5_PSweights_13TeV-amcatnlo-pythia8_sys_MuonSFUp
Merging njet_TTZToLLNuNu_M-10_TuneCP5_PSweights_13TeV-amcatnlo-pythia8_sys_QCDScale2wUp
Merging phizmet_TTZToLLNuNu_M-10_TuneCP5_PSweights_13TeV-amcatnlo-pythia8
Merging MT_TTZToLLNuNu_M-10_TuneCP5_PSweights_13TeV-amcatnlo-pythia8_catDY_sys_btagEventWeightUp
Merging MT_TTZToLLNuNu_M-10_TuneCP5_PSweights_13TeV-amcatnlo-pythia8_catEM_sys_ElectronEnDown
Merging MT_TTZToLLNuNu_M-10_TuneCP5_PSweights_13TeV-amcatnlo-pythia8_catTOP_sys_QCDScale1wDown
Merging MT_TTZToLLNuNu_M-10_TuneCP5_PSweights_13TeV-amcatnlo-pythia8_catSignal-0jet
Merging MT_TTZToLLNuNu_M-10_TuneCP5_PSweights_13TeV-amcatnlo-pythia8_cat4L_sys_ElecronSFDown
Merging measMET_TTZToLLNuNu_M-10_TuneCP5_PSweights_13TeV-amcatnlo-pythia8_catTOP_sys_ElectronEnDown
Merging MT_TTZToLLNuNu_M-10_TuneCP5_PSweights_13TeV-amcatnlo-pythia8_catDY_sys_EWKUp
Merging MT_TTZToLLNuNu_M-10_TuneCP5_PSweights_13TeV-amcatnlo-pythia8_cat4L_sys_jesTotalUp
Merging MT_TTZToLLNuNu_M-10_TuneCP5_PSweights_13TeV-amcatnlo-pythia8_catDY_sys_ElecronSFUp
Merging MT_TTZToLLNuNu_M-10_TuneCP5_PSweights_13TeV-amcatnlo-pythia8_cat3L_sys_EWKUp
Merging balance_TTZToLLNuNu_M-10_TuneCP5_PSweights_13TeV-amcatnlo-pythia8_sys_MuonEnUp
Merging MT_TTZToLLNuNu_M-10_TuneCP5_PSweights_13TeV-amcatnlo-pythia8_cat4L_sys_ElectronEnDown
Merging MT_TTZToLLNuNu_M-10_TuneCP5_PSweights_13TeV-amcatnlo-pythia8_cat3L_sys_QCDScale1wUp
Merging phizmet_TTZToLLNuNu_M-10_TuneCP5_PSweights_13TeV-amcatnlo-pythia8_sys_jerUp
Merging MT_TTZToLLNuNu_M-10_TuneCP5_PSweights_13TeV-amcatnlo-pythia8_catNRB_sys_jesTotalDown
Merging njet_TTZToLLNuNu_M-10_TuneCP5_PSweights_13TeV-amcatnlo-pythia8_sys_MuonEnDown
Merging measMET_TTZToLLNuNu_M-10_TuneCP5_PSweights_13TeV-amcatnlo-pythia8_catSignal-0jet_sys_TriggerSFWeightDown
Merging MT_TTZToLLNuNu_M-10_TuneCP5_PSweights_13TeV-amcatnlo-pythia8_catSignal-1jet_sys_QCDScale2wDown
Merging measMET_TTZToLLNuNu_M-10_TuneCP5_PSweights_13TeV-amcatnlo-pythia8_catSignal-1jet_sys_ElectronEnDown
Merging MT_TTZToLLNuNu_M-10_TuneCP5_PSweights_13TeV-amcatnlo-pythia8_catSignal-1jet_sys_ElectronEnDown
Merging measMET_TTZToLLNuNu_M-10_TuneCP5_PSweights_13TeV-amcatnlo-pythia8_catNRB
Merging njet_TTZToLLNuNu_M-10_TuneCP5_PSweights_13TeV-amcatnlo-pythia8_sys_PrefireWeightUp
Merging measMET_TTZToLLNuNu_M-10_TuneCP5_PSweights_13TeV-amcatnlo-pythia8_catEM_sys_puWeightUp
Merging measMET_TTZToLLNuNu_M-10_TuneCP5_PSweights_13TeV-amcatnlo-pythia8_catEM_sys_QCDScale2wUp
Merging measMET_TTZToLLNuNu_M-10_TuneCP5_PSweights_13TeV-amcatnlo-pythia8_catDY_sys_MuonSFDown
Merging MT_TTZToLLNuNu_M-10_TuneCP5_PSweights_13TeV-amcatnlo-pythia8_catTOP_sys_MuonSFUp
Merging MT_TTZToLLNuNu_M-10_TuneCP5_PSweights_13TeV-amcatnlo-pythia8_cat3L_sys_PrefireWeightDown
Merging measMET_TTZToLLNuNu_M-10_TuneCP5_PSweights_13TeV-amcatnlo-pythia8_catNRB_sys_nvtxWeightUp
Merging measMET_TTZToLLNuNu_M-10_TuneCP5_PSweights_13TeV-amcatnlo-pythia8_catTOP_sys_jerUp
Merging MT_TTZToLLNuNu_M-10_TuneCP5_PSweights_13TeV-amcatnlo-pythia8_catNRB_sys_puWeightDown
Merging MT_TTZToLLNuNu_M-10_TuneCP5_PSweights_13TeV-amcatnlo-pythia8_catNRB_sys_MuonEnUp
Merging measMET_TTZToLLNuNu_M-10_TuneCP5_PSweights_13TeV-amcatnlo-pythia8_catSignal-0jet
Merging MT_TTZToLLNuNu_M-10_TuneCP5_PSweights_13TeV-amcatnlo-pythia8_catDY_sys_PDFDown
Merging njet_TTZToLLNuNu_M-10_TuneCP5_PSweights_13TeV-amcatnlo-pythia8_sys_QCDScale1wUp
Merging MT_TTZToLLNuNu_M-10_TuneCP5_PSweights_13TeV-amcatnlo-pythia8_catNRB_sys_QCDScale2wUp
Merging measMET_TTZToLLNuNu_M-10_TuneCP5_PSweights_13TeV-amcatnlo-pythia8_catTOP_sys_PrefireWeightDown
Merging MT_TTZToLLNuNu_M-10_TuneCP5_PSweights_13TeV-amcatnlo-pythia8_cat3L_sys_puWeightDown
Merging MT_TTZToLLNuNu_M-10_TuneCP5_PSweights_13TeV-amcatnlo-pythia8_catSignal-0jet_sys_QCDScale0wUp
Merging phizmet_TTZToLLNuNu_M-10_TuneCP5_PSweights_13TeV-amcatnlo-pythia8_sys_puWeightUp
Merging balance_TTZToLLNuNu_M-10_TuneCP5_PSweights_13TeV-amcatnlo-pythia8_sys_PDFUp
Merging phizmet_TTZToLLNuNu_M-10_TuneCP5_PSweights_13TeV-amcatnlo-pythia8_sys_QCDScale1wUp
Merging balance_TTZToLLNuNu_M-10_TuneCP5_PSweights_13TeV-amcatnlo-pythia8_sys_ElectronEnDown
Merging MT_TTZToLLNuNu_M-10_TuneCP5_PSweights_13TeV-amcatnlo-pythia8_catSignal-1jet_sys_TriggerSFWeightUp
Merging MT_TTZToLLNuNu_M-10_TuneCP5_PSweights_13TeV-amcatnlo-pythia8_cat3L_sys_QCDScale1wDown
Merging MT_TTZToLLNuNu_M-10_TuneCP5_PSweights_13TeV-amcatnlo-pythia8_cat4L_sys_TriggerSFWeightUp
Merging MT_TTZToLLNuNu_M-10_TuneCP5_PSweights_13TeV-amcatnlo-pythia8_catEM_sys_nvtxWeightDown
Merging MT_TTZToLLNuNu_M-10_TuneCP5_PSweights_13TeV-amcatnlo-pythia8_catDY_sys_btagEventWeightDown
Merging MT_TTZToLLNuNu_M-10_TuneCP5_PSweights_13TeV-amcatnlo-pythia8_catDY_sys_EWKDown
Merging MT_TTZToLLNuNu_M-10_TuneCP5_PSweights_13TeV-amcatnlo-pythia8_catSignal-0jet_sys_QCDScale1wUp
Merging measMET_TTZToLLNuNu_M-10_TuneCP5_PSweights_13TeV-amcatnlo-pythia8_cat4L_sys_jerUp
Merging measMET_TTZToLLNuNu_M-10_TuneCP5_PSweights_13TeV-amcatnlo-pythia8_catTOP_sys_QCDScale0wDown
Merging MT_TTZToLLNuNu_M-10_TuneCP5_PSweights_13TeV-amcatnlo-pythia8_catSignal-1jet_sys_btagEventWeightDown
Merging measMET_TTZToLLNuNu_M-10_TuneCP5_PSweights_13TeV-amcatnlo-pythia8_catTOP_sys_PrefireWeightUp
Merging measMET_TTZToLLNuNu_M-10_TuneCP5_PSweights_13TeV-amcatnlo-pythia8_cat4L
Merging MT_TTZToLLNuNu_M-10_TuneCP5_PSweights_13TeV-amcatnlo-pythia8_cat3L_sys_ElecronSFDown
Merging MT_TTZToLLNuNu_M-10_TuneCP5_PSweights_13TeV-amcatnlo-pythia8_cat4L
Merging measMET_TTZToLLNuNu_M-10_TuneCP5_PSweights_13TeV-amcatnlo-pythia8_catDY_sys_PrefireWeightUp
Merging phizmet_TTZToLLNuNu_M-10_TuneCP5_PSweights_13TeV-amcatnlo-pythia8_sys_jerDown
Merging MT_TTZToLLNuNu_M-10_TuneCP5_PSweights_13TeV-amcatnlo-pythia8_catNRB_sys_jerUp
Merging MT_TTZToLLNuNu_M-10_TuneCP5_PSweights_13TeV-amcatnlo-pythia8_catTOP_sys_nvtxWeightUp
Merging MT_TTZToLLNuNu_M-10_TuneCP5_PSweights_13TeV-amcatnlo-pythia8_catTOP_sys_btagEventWeightUp
Merging measMET_TTZToLLNuNu_M-10_TuneCP5_PSweights_13TeV-amcatnlo-pythia8_cat3L_sys_TriggerSFWeightUp
Merging MT_TTZToLLNuNu_M-10_TuneCP5_PSweights_13TeV-amcatnlo-pythia8_catNRB_sys_QCDScale2wDown
Merging measMET_TTZToLLNuNu_M-10_TuneCP5_PSweights_13TeV-amcatnlo-pythia8_cat3L_sys_puWeightUp
Merging MT_TTZToLLNuNu_M-10_TuneCP5_PSweights_13TeV-amcatnlo-pythia8_catEM_sys_MuonSFDown
Merging MT_TTZToLLNuNu_M-10_TuneCP5_PSweights_13TeV-amcatnlo-pythia8_catEM_sys_TriggerSFWeightDown
Merging measMET_TTZToLLNuNu_M-10_TuneCP5_PSweights_13TeV-amcatnlo-pythia8_cat3L_sys_MuonEnUp
Merging measMET_TTZToLLNuNu_M-10_TuneCP5_PSweights_13TeV-amcatnlo-pythia8_catSignal-0jet_sys_QCDScale1wDown
Merging MT_TTZToLLNuNu_M-10_TuneCP5_PSweights_13TeV-amcatnlo-pythia8_catDY_sys_nvtxWeightUp
Merging njet_TTZToLLNuNu_M-10_TuneCP5_PSweights_13TeV-amcatnlo-pythia8_sys_ElecronSFUp
Merging measMET_TTZToLLNuNu_M-10_TuneCP5_PSweights_13TeV-amcatnlo-pythia8_catEM_sys_nvtxWeightDown
Merging MT_TTZToLLNuNu_M-10_TuneCP5_PSweights_13TeV-amcatnlo-pythia8_catSignal-1jet_sys_PDFDown
Merging measMET_TTZToLLNuNu_M-10_TuneCP5_PSweights_13TeV-amcatnlo-pythia8_catSignal-0jet_sys_MuonEnDown
Merging MT_TTZToLLNuNu_M-10_TuneCP5_PSweights_13TeV-amcatnlo-pythia8_catSignal-0jet_sys_ElectronEnDown
Merging measMET_TTZToLLNuNu_M-10_TuneCP5_PSweights_13TeV-amcatnlo-pythia8_catDY_sys_nvtxWeightDown
Merging phizmet_TTZToLLNuNu_M-10_TuneCP5_PSweights_13TeV-amcatnlo-pythia8_sys_PDFUp
Merging MT_TTZToLLNuNu_M-10_TuneCP5_PSweights_13TeV-amcatnlo-pythia8_catSignal-0jet_sys_MuonSFDown
Merging MT_TTZToLLNuNu_M-10_TuneCP5_PSweights_13TeV-amcatnlo-pythia8_catNRB_sys_btagEventWeightDown
Merging MT_TTZToLLNuNu_M-10_TuneCP5_PSweights_13TeV-amcatnlo-pythia8_catNRB_sys_MuonEnDown
Merging MT_TTZToLLNuNu_M-10_TuneCP5_PSweights_13TeV-amcatnlo-pythia8_catTOP_sys_TriggerSFWeightDown
Merging measMET_TTZToLLNuNu_M-10_TuneCP5_PSweights_13TeV-amcatnlo-pythia8_catTOP_sys_PDFUp
Merging measMET_TTZToLLNuNu_M-10_TuneCP5_PSweights_13TeV-amcatnlo-pythia8_cat3L_sys_btagEventWeightUp
Merging MT_TTZToLLNuNu_M-10_TuneCP5_PSweights_13TeV-amcatnlo-pythia8_catTOP_sys_MuonSFDown
Merging measMET_TTZToLLNuNu_M-10_TuneCP5_PSweights_13TeV-amcatnlo-pythia8_catSignal-0jet_sys_QCDScale2wUp
Merging MT_TTZToLLNuNu_M-10_TuneCP5_PSweights_13TeV-amcatnlo-pythia8_catEM_sys_EWKDown
Merging measMET_TTZToLLNuNu_M-10_TuneCP5_PSweights_13TeV-amcatnlo-pythia8_catNRB_sys_PDFUp
Merging measMET_TTZToLLNuNu_M-10_TuneCP5_PSweights_13TeV-amcatnlo-pythia8_catDY_sys_jesTotalUp
Merging phizmet_TTZToLLNuNu_M-10_TuneCP5_PSweights_13TeV-amcatnlo-pythia8_sys_btagEventWeightDown
Merging MT_TTZToLLNuNu_M-10_TuneCP5_PSweights_13TeV-amcatnlo-pythia8_catNRB_sys_TriggerSFWeightUp
Merging measMET_TTZToLLNuNu_M-10_TuneCP5_PSweights_13TeV-amcatnlo-pythia8_cat4L_sys_nvtxWeightDown
Merging measMET_TTZToLLNuNu_M-10_TuneCP5_PSweights_13TeV-amcatnlo-pythia8_catSignal-0jet_sys_jerDown
Merging MT_TTZToLLNuNu_M-10_TuneCP5_PSweights_13TeV-amcatnlo-pythia8_catEM_sys_QCDScale2wUp
Merging MT_TTZToLLNuNu_M-10_TuneCP5_PSweights_13TeV-amcatnlo-pythia8_catNRB_sys_nvtxWeightDown
Merging phizmet_TTZToLLNuNu_M-10_TuneCP5_PSweights_13TeV-amcatnlo-pythia8_sys_QCDScale2wDown
Merging measMET_TTZToLLNuNu_M-10_TuneCP5_PSweights_13TeV-amcatnlo-pythia8_cat3L_sys_btagEventWeightDown
Merging balance_TTZToLLNuNu_M-10_TuneCP5_PSweights_13TeV-amcatnlo-pythia8_sys_TriggerSFWeightDown
Merging MT_TTZToLLNuNu_M-10_TuneCP5_PSweights_13TeV-amcatnlo-pythia8_catNRB_sys_QCDScale1wUp
Merging measMET_TTZToLLNuNu_M-10_TuneCP5_PSweights_13TeV-amcatnlo-pythia8_cat3L_sys_ElectronEnUp
Merging MT_TTZToLLNuNu_M-10_TuneCP5_PSweights_13TeV-amcatnlo-pythia8_catEM_sys_jerDown
Merging measMET_TTZToLLNuNu_M-10_TuneCP5_PSweights_13TeV-amcatnlo-pythia8_cat4L_sys_jesTotalUp
Merging measMET_TTZToLLNuNu_M-10_TuneCP5_PSweights_13TeV-amcatnlo-pythia8_catDY_sys_PrefireWeightDown
Merging njet_TTZToLLNuNu_M-10_TuneCP5_PSweights_13TeV-amcatnlo-pythia8_sys_ElectronEnUp
Merging measMET_TTZToLLNuNu_M-10_TuneCP5_PSweights_13TeV-amcatnlo-pythia8_catNRB_sys_PrefireWeightDown
Merging MT_TTZToLLNuNu_M-10_TuneCP5_PSweights_13TeV-amcatnlo-pythia8_cat3L_sys_PDFUp
Merging njet_TTZToLLNuNu_M-10_TuneCP5_PSweights_13TeV-amcatnlo-pythia8_sys_MuonEnUp
Merging njet_TTZToLLNuNu_M-10_TuneCP5_PSweights_13TeV-amcatnlo-pythia8_sys_MuonSFUp
Merging measMET_TTZToLLNuNu_M-10_TuneCP5_PSweights_13TeV-amcatnlo-pythia8_catEM
Merging MT_TTZToLLNuNu_M-10_TuneCP5_PSweights_13TeV-amcatnlo-pythia8_catEM_sys_ElecronSFUp
Merging measMET_TTZToLLNuNu_M-10_TuneCP5_PSweights_13TeV-amcatnlo-pythia8_catNRB_sys_jerUp
Merging measMET_TTZToLLNuNu_M-10_TuneCP5_PSweights_13TeV-amcatnlo-pythia8_catTOP_sys_MuonEnDown
Merging measMET_TTZToLLNuNu_M-10_TuneCP5_PSweights_13TeV-amcatnlo-pythia8_catNRB_sys_PrefireWeightUp
Merging MT_TTZToLLNuNu_M-10_TuneCP5_PSweights_13TeV-amcatnlo-pythia8_catDY_sys_MuonEnUp
Merging measMET_TTZToLLNuNu_M-10_TuneCP5_PSweights_13TeV-amcatnlo-pythia8_catSignal-1jet_sys_jerUp
Merging balance_TTZToLLNuNu_M-10_TuneCP5_PSweights_13TeV-amcatnlo-pythia8_sys_QCDScale0wUp
Merging measMET_TTZToLLNuNu_M-10_TuneCP5_PSweights_13TeV-amcatnlo-pythia8_catNRB_sys_EWKDown
Merging measMET_TTZToLLNuNu_M-10_TuneCP5_PSweights_13TeV-amcatnlo-pythia8_catTOP_sys_MuonSFDown
Merging MT_TTZToLLNuNu_M-10_TuneCP5_PSweights_13TeV-amcatnlo-pythia8_catTOP_sys_TriggerSFWeightUp
Merging MT_TTZToLLNuNu_M-10_TuneCP5_PSweights_13TeV-amcatnlo-pythia8_cat4L_sys_TriggerSFWeightDown
Merging measMET_TTZToLLNuNu_M-10_TuneCP5_PSweights_13TeV-amcatnlo-pythia8_catSignal-0jet_sys_MuonSFUp
Merging measMET_TTZToLLNuNu_M-10_TuneCP5_PSweights_13TeV-amcatnlo-pythia8_catEM_sys_QCDScale1wUp
Merging MT_TTZToLLNuNu_M-10_TuneCP5_PSweights_13TeV-amcatnlo-pythia8_catDY_sys_puWeightUp
Merging MT_TTZToLLNuNu_M-10_TuneCP5_PSweights_13TeV-amcatnlo-pythia8_catTOP_sys_PrefireWeightUp
Merging measMET_TTZToLLNuNu_M-10_TuneCP5_PSweights_13TeV-amcatnlo-pythia8_cat4L_sys_PrefireWeightDown
Merging measMET_TTZToLLNuNu_M-10_TuneCP5_PSweights_13TeV-amcatnlo-pythia8_cat4L_sys_puWeightUp
Merging measMET_TTZToLLNuNu_M-10_TuneCP5_PSweights_13TeV-amcatnlo-pythia8_catSignal-1jet_sys_QCDScale2wUp
Merging MT_TTZToLLNuNu_M-10_TuneCP5_PSweights_13TeV-amcatnlo-pythia8_catDY_sys_MuonSFDown
Merging measMET_TTZToLLNuNu_M-10_TuneCP5_PSweights_13TeV-amcatnlo-pythia8_cat4L_sys_PDFDown
Merging MT_TTZToLLNuNu_M-10_TuneCP5_PSweights_13TeV-amcatnlo-pythia8_cat4L_sys_QCDScale2wDown
Merging measMET_TTZToLLNuNu_M-10_TuneCP5_PSweights_13TeV-amcatnlo-pythia8_catSignal-1jet_sys_PrefireWeightUp
Merging MT_TTZToLLNuNu_M-10_TuneCP5_PSweights_13TeV-amcatnlo-pythia8_cat3L_sys_btagEventWeightDown
Merging njet_TTZToLLNuNu_M-10_TuneCP5_PSweights_13TeV-amcatnlo-pythia8_sys_QCDScale0wUp
Merging MT_TTZToLLNuNu_M-10_TuneCP5_PSweights_13TeV-amcatnlo-pythia8_catSignal-1jet_sys_PrefireWeightUp
Merging MT_TTZToLLNuNu_M-10_TuneCP5_PSweights_13TeV-amcatnlo-pythia8_catSignal-0jet_sys_jesTotalDown
Merging measMET_TTZToLLNuNu_M-10_TuneCP5_PSweights_13TeV-amcatnlo-pythia8_catNRB_sys_QCDScale0wUp
Merging measMET_TTZToLLNuNu_M-10_TuneCP5_PSweights_13TeV-amcatnlo-pythia8_cat4L_sys_TriggerSFWeightDown
Merging MT_TTZToLLNuNu_M-10_TuneCP5_PSweights_13TeV-amcatnlo-pythia8_catSignal-0jet_sys_jerDown
Merging MT_TTZToLLNuNu_M-10_TuneCP5_PSweights_13TeV-amcatnlo-pythia8_cat3L_sys_MuonSFDown
Merging phizmet_TTZToLLNuNu_M-10_TuneCP5_PSweights_13TeV-amcatnlo-pythia8_sys_QCDScale2wUp
Merging measMET_TTZToLLNuNu_M-10_TuneCP5_PSweights_13TeV-amcatnlo-pythia8_catEM_sys_TriggerSFWeightUp
Merging MT_TTZToLLNuNu_M-10_TuneCP5_PSweights_13TeV-amcatnlo-pythia8_cat4L_sys_MuonSFDown
Merging MT_TTZToLLNuNu_M-10_TuneCP5_PSweights_13TeV-amcatnlo-pythia8_catEM_sys_MuonEnUp
Merging phizmet_TTZToLLNuNu_M-10_TuneCP5_PSweights_13TeV-amcatnlo-pythia8_sys_MuonSFUp
Merging measMET_TTZToLLNuNu_M-10_TuneCP5_PSweights_13TeV-amcatnlo-pythia8_catEM_sys_nvtxWeightUp
Merging balance_TTZToLLNuNu_M-10_TuneCP5_PSweights_13TeV-amcatnlo-pythia8_sys_MuonEnDown
Merging measMET_TTZToLLNuNu_M-10_TuneCP5_PSweights_13TeV-amcatnlo-pythia8_catEM_sys_ElecronSFDown
Merging MT_TTZToLLNuNu_M-10_TuneCP5_PSweights_13TeV-amcatnlo-pythia8_catDY_sys_QCDScale1wDown
Merging measMET_TTZToLLNuNu_M-10_TuneCP5_PSweights_13TeV-amcatnlo-pythia8_catSignal-1jet_sys_EWKDown
Merging MT_TTZToLLNuNu_M-10_TuneCP5_PSweights_13TeV-amcatnlo-pythia8_cat3L_sys_QCDScale2wUp
Merging MT_TTZToLLNuNu_M-10_TuneCP5_PSweights_13TeV-amcatnlo-pythia8_catSignal-1jet_sys_jesTotalUp
Merging measMET_TTZToLLNuNu_M-10_TuneCP5_PSweights_13TeV-amcatnlo-pythia8_catNRB_sys_jerDown
Merging MT_TTZToLLNuNu_M-10_TuneCP5_PSweights_13TeV-amcatnlo-pythia8_catNRB_sys_PDFDown
Merging measMET_TTZToLLNuNu_M-10_TuneCP5_PSweights_13TeV-amcatnlo-pythia8_catSignal-0jet_sys_ElectronEnDown
Merging MT_TTZToLLNuNu_M-10_TuneCP5_PSweights_13TeV-amcatnlo-pythia8_catSignal-1jet_sys_nvtxWeightUp
Merging njet_TTZToLLNuNu_M-10_TuneCP5_PSweights_13TeV-amcatnlo-pythia8_sys_TriggerSFWeightDown
Merging phizmet_TTZToLLNuNu_M-10_TuneCP5_PSweights_13TeV-amcatnlo-pythia8_sys_MuonSFDown
Merging MT_TTZToLLNuNu_M-10_TuneCP5_PSweights_13TeV-amcatnlo-pythia8_catDY_sys_MuonSFUp
Merging MT_TTZToLLNuNu_M-10_TuneCP5_PSweights_13TeV-amcatnlo-pythia8_catNRB_sys_ElecronSFUp
Merging measMET_TTZToLLNuNu_M-10_TuneCP5_PSweights_13TeV-amcatnlo-pythia8_catSignal-1jet_sys_jesTotalDown
Merging MT_TTZToLLNuNu_M-10_TuneCP5_PSweights_13TeV-amcatnlo-pythia8_catEM_sys_ElecronSFDown
Merging MT_TTZToLLNuNu_M-10_TuneCP5_PSweights_13TeV-amcatnlo-pythia8_catTOP_sys_QCDScale0wUp
Merging MT_TTZToLLNuNu_M-10_TuneCP5_PSweights_13TeV-amcatnlo-pythia8_cat3L_sys_puWeightUp
Merging balance_TTZToLLNuNu_M-10_TuneCP5_PSweights_13TeV-amcatnlo-pythia8_sys_TriggerSFWeightUp
Merging MT_TTZToLLNuNu_M-10_TuneCP5_PSweights_13TeV-amcatnlo-pythia8_catSignal-1jet_sys_jesTotalDown
Merging MT_TTZToLLNuNu_M-10_TuneCP5_PSweights_13TeV-amcatnlo-pythia8_catEM_sys_puWeightDown
Merging njet_TTZToLLNuNu_M-10_TuneCP5_PSweights_13TeV-amcatnlo-pythia8_sys_TriggerSFWeightUp
Merging MT_TTZToLLNuNu_M-10_TuneCP5_PSweights_13TeV-amcatnlo-pythia8_catSignal-0jet_sys_PrefireWeightDown
Merging MT_TTZToLLNuNu_M-10_TuneCP5_PSweights_13TeV-amcatnlo-pythia8_catNRB_sys_QCDScale0wDown
Merging measMET_TTZToLLNuNu_M-10_TuneCP5_PSweights_13TeV-amcatnlo-pythia8_cat3L_sys_PrefireWeightUp
Merging MT_TTZToLLNuNu_M-10_TuneCP5_PSweights_13TeV-amcatnlo-pythia8_catDY_sys_jerDown
Merging MT_TTZToLLNuNu_M-10_TuneCP5_PSweights_13TeV-amcatnlo-pythia8_cat4L_sys_PDFDown
Merging measMET_TTZToLLNuNu_M-10_TuneCP5_PSweights_13TeV-amcatnlo-pythia8_catEM_sys_jesTotalUp
Merging measMET_TTZToLLNuNu_M-10_TuneCP5_PSweights_13TeV-amcatnlo-pythia8_catSignal-0jet_sys_ElecronSFUp
Merging MT_TTZToLLNuNu_M-10_TuneCP5_PSweights_13TeV-amcatnlo-pythia8_cat4L_sys_btagEventWeightUp
Merging balance_TTZToLLNuNu_M-10_TuneCP5_PSweights_13TeV-amcatnlo-pythia8_sys_jerUp
Merging measMET_TTZToLLNuNu_M-10_TuneCP5_PSweights_13TeV-amcatnlo-pythia8_cat4L_sys_QCDScale1wUp
Merging measMET_TTZToLLNuNu_M-10_TuneCP5_PSweights_13TeV-amcatnlo-pythia8_catSignal-1jet_sys_PDFDown
Merging phizmet_TTZToLLNuNu_M-10_TuneCP5_PSweights_13TeV-amcatnlo-pythia8_sys_MuonEnDown
Merging MT_TTZToLLNuNu_M-10_TuneCP5_PSweights_13TeV-amcatnlo-pythia8_cat3L_sys_TriggerSFWeightDown
Merging measMET_TTZToLLNuNu_M-10_TuneCP5_PSweights_13TeV-amcatnlo-pythia8_cat4L_sys_EWKUp
Merging measMET_TTZToLLNuNu_M-10_TuneCP5_PSweights_13TeV-amcatnlo-pythia8_cat3L_sys_puWeightDown
Merging measMET_TTZToLLNuNu_M-10_TuneCP5_PSweights_13TeV-amcatnlo-pythia8_catSignal-1jet_sys_MuonSFUp
Merging measMET_TTZToLLNuNu_M-10_TuneCP5_PSweights_13TeV-amcatnlo-pythia8_catEM_sys_EWKDown
Merging phizmet_TTZToLLNuNu_M-10_TuneCP5_PSweights_13TeV-amcatnlo-pythia8_sys_TriggerSFWeightUp
Merging MT_TTZToLLNuNu_M-10_TuneCP5_PSweights_13TeV-amcatnlo-pythia8_catNRB_sys_ElecronSFDown
Merging measMET_TTZToLLNuNu_M-10_TuneCP5_PSweights_13TeV-amcatnlo-pythia8_catTOP_sys_jesTotalDown
Merging measMET_TTZToLLNuNu_M-10_TuneCP5_PSweights_13TeV-amcatnlo-pythia8_catSignal-1jet_sys_TriggerSFWeightUp
Merging measMET_TTZToLLNuNu_M-10_TuneCP5_PSweights_13TeV-amcatnlo-pythia8_catEM_sys_jesTotalDown
Merging MT_TTZToLLNuNu_M-10_TuneCP5_PSweights_13TeV-amcatnlo-pythia8_catSignal-0jet_sys_QCDScale2wUp
Merging measMET_TTZToLLNuNu_M-10_TuneCP5_PSweights_13TeV-amcatnlo-pythia8_catTOP_sys_EWKDown
Merging measMET_TTZToLLNuNu_M-10_TuneCP5_PSweights_13TeV-amcatnlo-pythia8_catTOP_sys_QCDScale1wUp
Merging njet_TTZToLLNuNu_M-10_TuneCP5_PSweights_13TeV-amcatnlo-pythia8_sys_jerDown
Merging measMET_TTZToLLNuNu_M-10_TuneCP5_PSweights_13TeV-amcatnlo-pythia8_cat4L_sys_TriggerSFWeightUp
Merging MT_TTZToLLNuNu_M-10_TuneCP5_PSweights_13TeV-amcatnlo-pythia8_catSignal-1jet_sys_ElecronSFUp
Merging MT_TTZToLLNuNu_M-10_TuneCP5_PSweights_13TeV-amcatnlo-pythia8_catSignal-1jet_sys_MuonSFUp
Merging MT_TTZToLLNuNu_M-10_TuneCP5_PSweights_13TeV-amcatnlo-pythia8_catNRB_sys_jesTotalUp
Merging measMET_TTZToLLNuNu_M-10_TuneCP5_PSweights_13TeV-amcatnlo-pythia8_cat3L_sys_QCDScale2wUp
Merging MT_TTZToLLNuNu_M-10_TuneCP5_PSweights_13TeV-amcatnlo-pythia8_cat3L_sys_MuonEnDown
Merging measMET_TTZToLLNuNu_M-10_TuneCP5_PSweights_13TeV-amcatnlo-pythia8_catEM_sys_PrefireWeightDown
Merging measMET_TTZToLLNuNu_M-10_TuneCP5_PSweights_13TeV-amcatnlo-pythia8_catNRB_sys_MuonSFDown
Merging measMET_TTZToLLNuNu_M-10_TuneCP5_PSweights_13TeV-amcatnlo-pythia8_catEM_sys_ElectronEnDown
Merging MT_TTZToLLNuNu_M-10_TuneCP5_PSweights_13TeV-amcatnlo-pythia8_catSignal-1jet_sys_MuonSFDown
Merging measMET_TTZToLLNuNu_M-10_TuneCP5_PSweights_13TeV-amcatnlo-pythia8_cat3L_sys_MuonEnDown
Merging balance_TTZToLLNuNu_M-10_TuneCP5_PSweights_13TeV-amcatnlo-pythia8_sys_EWKDown
Merging measMET_TTZToLLNuNu_M-10_TuneCP5_PSweights_13TeV-amcatnlo-pythia8_cat4L_sys_PDFUp
Merging MT_TTZToLLNuNu_M-10_TuneCP5_PSweights_13TeV-amcatnlo-pythia8_catNRB_sys_ElectronEnUp
Merging measMET_TTZToLLNuNu_M-10_TuneCP5_PSweights_13TeV-amcatnlo-pythia8_catDY_sys_QCDScale2wDown
Merging balance_TTZToLLNuNu_M-10_TuneCP5_PSweights_13TeV-amcatnlo-pythia8_sys_PrefireWeightDown
Merging measMET_TTZToLLNuNu_M-10_TuneCP5_PSweights_13TeV-amcatnlo-pythia8_catSignal-1jet_sys_MuonEnDown
Merging measMET_TTZToLLNuNu_M-10_TuneCP5_PSweights_13TeV-amcatnlo-pythia8_catEM_sys_ElecronSFUp
Merging MT_TTZToLLNuNu_M-10_TuneCP5_PSweights_13TeV-amcatnlo-pythia8_catSignal-0jet_sys_btagEventWeightUp
Merging measMET_TTZToLLNuNu_M-10_TuneCP5_PSweights_13TeV-amcatnlo-pythia8_catTOP_sys_jesTotalUp
Merging balance_TTZToLLNuNu_M-10_TuneCP5_PSweights_13TeV-amcatnlo-pythia8_sys_ElecronSFUp
Merging balance_TTZToLLNuNu_M-10_TuneCP5_PSweights_13TeV-amcatnlo-pythia8_sys_nvtxWeightDown
Merging measMET_TTZToLLNuNu_M-10_TuneCP5_PSweights_13TeV-amcatnlo-pythia8_catEM_sys_MuonEnUp
Merging measMET_TTZToLLNuNu_M-10_TuneCP5_PSweights_13TeV-amcatnlo-pythia8_catSignal-1jet_sys_MuonSFDown
Merging measMET_TTZToLLNuNu_M-10_TuneCP5_PSweights_13TeV-amcatnlo-pythia8_cat3L_sys_PDFUp
Merging measMET_TTZToLLNuNu_M-10_TuneCP5_PSweights_13TeV-amcatnlo-pythia8_cat3L
Merging measMET_TTZToLLNuNu_M-10_TuneCP5_PSweights_13TeV-amcatnlo-pythia8_cat4L_sys_jerDown
Merging MT_TTZToLLNuNu_M-10_TuneCP5_PSweights_13TeV-amcatnlo-pythia8_cat3L_sys_jesTotalDown
Merging phizmet_TTZToLLNuNu_M-10_TuneCP5_PSweights_13TeV-amcatnlo-pythia8_sys_TriggerSFWeightDown
Merging balance_TTZToLLNuNu_M-10_TuneCP5_PSweights_13TeV-amcatnlo-pythia8_sys_nvtxWeightUp
Merging MT_TTZToLLNuNu_M-10_TuneCP5_PSweights_13TeV-amcatnlo-pythia8_catEM_sys_ElectronEnUp
Merging MT_TTZToLLNuNu_M-10_TuneCP5_PSweights_13TeV-amcatnlo-pythia8_cat4L_sys_puWeightUp
Merging measMET_TTZToLLNuNu_M-10_TuneCP5_PSweights_13TeV-amcatnlo-pythia8_catDY_sys_QCDScale1wUp
Merging MT_TTZToLLNuNu_M-10_TuneCP5_PSweights_13TeV-amcatnlo-pythia8_catDY_sys_QCDScale0wUp
Merging MT_TTZToLLNuNu_M-10_TuneCP5_PSweights_13TeV-amcatnlo-pythia8_catSignal-1jet_sys_PrefireWeightDown
Merging MT_TTZToLLNuNu_M-10_TuneCP5_PSweights_13TeV-amcatnlo-pythia8_cat4L_sys_jerUp
Merging MT_TTZToLLNuNu_M-10_TuneCP5_PSweights_13TeV-amcatnlo-pythia8_catSignal-0jet_sys_jerUp
Merging MT_TTZToLLNuNu_M-10_TuneCP5_PSweights_13TeV-amcatnlo-pythia8_catTOP_sys_ElecronSFDown
Merging MT_TTZToLLNuNu_M-10_TuneCP5_PSweights_13TeV-amcatnlo-pythia8_catNRB_sys_PrefireWeightDown
Merging balance_TTZToLLNuNu_M-10_TuneCP5_PSweights_13TeV-amcatnlo-pythia8_sys_QCDScale0wDown
Merging MT_TTZToLLNuNu_M-10_TuneCP5_PSweights_13TeV-amcatnlo-pythia8_cat4L_sys_QCDScale0wUp
Merging MT_TTZToLLNuNu_M-10_TuneCP5_PSweights_13TeV-amcatnlo-pythia8_catDY_sys_nvtxWeightDown
Merging measMET_TTZToLLNuNu_M-10_TuneCP5_PSweights_13TeV-amcatnlo-pythia8_cat4L_sys_MuonEnUp
Merging MT_TTZToLLNuNu_M-10_TuneCP5_PSweights_13TeV-amcatnlo-pythia8_cat4L_sys_btagEventWeightDown
Merging MT_TTZToLLNuNu_M-10_TuneCP5_PSweights_13TeV-amcatnlo-pythia8_catDY_sys_QCDScale0wDown
Merging measMET_TTZToLLNuNu_M-10_TuneCP5_PSweights_13TeV-amcatnlo-pythia8_catDY_sys_jesTotalDown
Merging MT_TTZToLLNuNu_M-10_TuneCP5_PSweights_13TeV-amcatnlo-pythia8_catSignal-0jet_sys_QCDScale1wDown
Merging njet_TTZToLLNuNu_M-10_TuneCP5_PSweights_13TeV-amcatnlo-pythia8_sys_btagEventWeightDown
Merging MT_TTZToLLNuNu_M-10_TuneCP5_PSweights_13TeV-amcatnlo-pythia8_catSignal-0jet_sys_ElectronEnUp
Merging MT_TTZToLLNuNu_M-10_TuneCP5_PSweights_13TeV-amcatnlo-pythia8_catDY_sys_ElectronEnUp
Merging measMET_TTZToLLNuNu_M-10_TuneCP5_PSweights_13TeV-amcatnlo-pythia8_cat3L_sys_MuonSFUp
Merging MT_TTZToLLNuNu_M-10_TuneCP5_PSweights_13TeV-amcatnlo-pythia8_catTOP_sys_PDFDown
Merging MT_TTZToLLNuNu_M-10_TuneCP5_PSweights_13TeV-amcatnlo-pythia8_catSignal-0jet_sys_jesTotalUp
Merging measMET_TTZToLLNuNu_M-10_TuneCP5_PSweights_13TeV-amcatnlo-pythia8_catNRB_sys_btagEventWeightUp
Merging MT_TTZToLLNuNu_M-10_TuneCP5_PSweights_13TeV-amcatnlo-pythia8_catNRB_sys_QCDScale1wDown
Merging measMET_TTZToLLNuNu_M-10_TuneCP5_PSweights_13TeV-amcatnlo-pythia8_catEM_sys_TriggerSFWeightDown
Merging measMET_TTZToLLNuNu_M-10_TuneCP5_PSweights_13TeV-amcatnlo-pythia8_catNRB_sys_jesTotalUp
Merging MT_TTZToLLNuNu_M-10_TuneCP5_PSweights_13TeV-amcatnlo-pythia8_catEM_sys_QCDScale2wDown
Merging MT_TTZToLLNuNu_M-10_TuneCP5_PSweights_13TeV-amcatnlo-pythia8_catTOP_sys_EWKUp
Merging MT_TTZToLLNuNu_M-10_TuneCP5_PSweights_13TeV-amcatnlo-pythia8_catEM_sys_PDFUp
Merging measMET_TTZToLLNuNu_M-10_TuneCP5_PSweights_13TeV-amcatnlo-pythia8_catNRB_sys_TriggerSFWeightUp
Merging measMET_TTZToLLNuNu_M-10_TuneCP5_PSweights_13TeV-amcatnlo-pythia8_catEM_sys_QCDScale2wDown
Merging measMET_TTZToLLNuNu_M-10_TuneCP5_PSweights_13TeV-amcatnlo-pythia8_catSignal-1jet_sys_ElectronEnUp
Merging measMET_TTZToLLNuNu_M-10_TuneCP5_PSweights_13TeV-amcatnlo-pythia8_catSignal-0jet_sys_ElecronSFDown
Merging MT_TTZToLLNuNu_M-10_TuneCP5_PSweights_13TeV-amcatnlo-pythia8_cat3L_sys_ElectronEnDown
Merging measMET_TTZToLLNuNu_M-10_TuneCP5_PSweights_13TeV-amcatnlo-pythia8_catSignal-1jet_sys_nvtxWeightUp
Merging measMET_TTZToLLNuNu_M-10_TuneCP5_PSweights_13TeV-amcatnlo-pythia8_catDY_sys_ElecronSFDown
Merging measMET_TTZToLLNuNu_M-10_TuneCP5_PSweights_13TeV-amcatnlo-pythia8_catNRB_sys_ElecronSFDown
Merging measMET_TTZToLLNuNu_M-10_TuneCP5_PSweights_13TeV-amcatnlo-pythia8_catEM_sys_QCDScale1wDown
Merging measMET_TTZToLLNuNu_M-10_TuneCP5_PSweights_13TeV-amcatnlo-pythia8_cat4L_sys_ElectronEnUp
Merging MT_TTZToLLNuNu_M-10_TuneCP5_PSweights_13TeV-amcatnlo-pythia8_catTOP_sys_jesTotalDown
Merging MT_TTZToLLNuNu_M-10_TuneCP5_PSweights_13TeV-amcatnlo-pythia8_catSignal-0jet_sys_QCDScale0wDown
Merging measMET_TTZToLLNuNu_M-10_TuneCP5_PSweights_13TeV-amcatnlo-pythia8_catSignal-1jet_sys_QCDScale1wDown
Merging measMET_TTZToLLNuNu_M-10_TuneCP5_PSweights_13TeV-amcatnlo-pythia8_cat3L_sys_TriggerSFWeightDown
Merging njet_TTZToLLNuNu_M-10_TuneCP5_PSweights_13TeV-amcatnlo-pythia8_sys_PDFDown
Merging measMET_TTZToLLNuNu_M-10_TuneCP5_PSweights_13TeV-amcatnlo-pythia8_catDY_sys_puWeightUp
Merging measMET_TTZToLLNuNu_M-10_TuneCP5_PSweights_13TeV-amcatnlo-pythia8_catDY_sys_QCDScale0wDown
Merging MT_TTZToLLNuNu_M-10_TuneCP5_PSweights_13TeV-amcatnlo-pythia8_catTOP_sys_jerUp
Merging measMET_TTZToLLNuNu_M-10_TuneCP5_PSweights_13TeV-amcatnlo-pythia8_catNRB_sys_QCDScale2wUp
Merging MT_TTZToLLNuNu_M-10_TuneCP5_PSweights_13TeV-amcatnlo-pythia8_cat4L_sys_QCDScale2wUp
Merging measMET_TTZToLLNuNu_M-10_TuneCP5_PSweights_13TeV-amcatnlo-pythia8_cat4L_sys_MuonSFDown
Merging njet_TTZToLLNuNu_M-10_TuneCP5_PSweights_13TeV-amcatnlo-pythia8_sys_puWeightUp
Merging MT_TTZToLLNuNu_M-10_TuneCP5_PSweights_13TeV-amcatnlo-pythia8_cat3L_sys_TriggerSFWeightUp
Merging measMET_TTZToLLNuNu_M-10_TuneCP5_PSweights_13TeV-amcatnlo-pythia8_catSignal-0jet_sys_jesTotalUp
Merging measMET_TTZToLLNuNu_M-10_TuneCP5_PSweights_13TeV-amcatnlo-pythia8_catNRB_sys_QCDScale2wDown
Merging measMET_TTZToLLNuNu_M-10_TuneCP5_PSweights_13TeV-amcatnlo-pythia8_cat3L_sys_ElecronSFDown
Merging phizmet_TTZToLLNuNu_M-10_TuneCP5_PSweights_13TeV-amcatnlo-pythia8_sys_ElectronEnUp
Merging measMET_TTZToLLNuNu_M-10_TuneCP5_PSweights_13TeV-amcatnlo-pythia8_catSignal-0jet_sys_puWeightDown
Merging phizmet_TTZToLLNuNu_M-10_TuneCP5_PSweights_13TeV-amcatnlo-pythia8_sys_puWeightDown
Merging measMET_TTZToLLNuNu_M-10_TuneCP5_PSweights_13TeV-amcatnlo-pythia8_catDY
Merging MT_TTZToLLNuNu_M-10_TuneCP5_PSweights_13TeV-amcatnlo-pythia8_cat4L_sys_PrefireWeightDown
Merging measMET_TTZToLLNuNu_M-10_TuneCP5_PSweights_13TeV-amcatnlo-pythia8_catDY_sys_jerDown
Merging measMET_TTZToLLNuNu_M-10_TuneCP5_PSweights_13TeV-amcatnlo-pythia8_catEM_sys_PDFDown
Merging MT_TTZToLLNuNu_M-10_TuneCP5_PSweights_13TeV-amcatnlo-pythia8_catTOP_sys_ElectronEnUp
Merging measMET_TTZToLLNuNu_M-10_TuneCP5_PSweights_13TeV-amcatnlo-pythia8_catTOP_sys_TriggerSFWeightUp
Merging MT_TTZToLLNuNu_M-10_TuneCP5_PSweights_13TeV-amcatnlo-pythia8_catTOP_sys_PrefireWeightDown
Merging measMET_TTZToLLNuNu_M-10_TuneCP5_PSweights_13TeV-amcatnlo-pythia8_catSignal-0jet_sys_btagEventWeightDown
Merging measMET_TTZToLLNuNu_M-10_TuneCP5_PSweights_13TeV-amcatnlo-pythia8_catNRB_sys_TriggerSFWeightDown
Merging MT_TTZToLLNuNu_M-10_TuneCP5_PSweights_13TeV-amcatnlo-pythia8_catSignal-1jet_sys_QCDScale0wUp
Merging MT_TTZToLLNuNu_M-10_TuneCP5_PSweights_13TeV-amcatnlo-pythia8_catSignal-1jet_sys_jerUp
Merging measMET_TTZToLLNuNu_M-10_TuneCP5_PSweights_13TeV-amcatnlo-pythia8_catSignal-0jet_sys_nvtxWeightDown
Merging MT_TTZToLLNuNu_M-10_TuneCP5_PSweights_13TeV-amcatnlo-pythia8_catTOP_sys_btagEventWeightDown
Merging MT_TTZToLLNuNu_M-10_TuneCP5_PSweights_13TeV-amcatnlo-pythia8_cat3L_sys_PrefireWeightUp
Merging balance_TTZToLLNuNu_M-10_TuneCP5_PSweights_13TeV-amcatnlo-pythia8_sys_PrefireWeightUp
Merging measMET_TTZToLLNuNu_M-10_TuneCP5_PSweights_13TeV-amcatnlo-pythia8_catTOP_sys_QCDScale2wUp
Merging MT_TTZToLLNuNu_M-10_TuneCP5_PSweights_13TeV-amcatnlo-pythia8_cat4L_sys_jerDown
Merging measMET_TTZToLLNuNu_M-10_TuneCP5_PSweights_13TeV-amcatnlo-pythia8_cat3L_sys_jerDown
Merging measMET_TTZToLLNuNu_M-10_TuneCP5_PSweights_13TeV-amcatnlo-pythia8_catEM_sys_PDFUp
Merging measMET_TTZToLLNuNu_M-10_TuneCP5_PSweights_13TeV-amcatnlo-pythia8_catDY_sys_QCDScale2wUp
Merging MT_TTZToLLNuNu_M-10_TuneCP5_PSweights_13TeV-amcatnlo-pythia8_catDY_sys_TriggerSFWeightDown
Merging MT_TTZToLLNuNu_M-10_TuneCP5_PSweights_13TeV-amcatnlo-pythia8_cat4L_sys_PrefireWeightUp
Merging phizmet_TTZToLLNuNu_M-10_TuneCP5_PSweights_13TeV-amcatnlo-pythia8_sys_jesTotalDown
Merging measMET_TTZToLLNuNu_M-10_TuneCP5_PSweights_13TeV-amcatnlo-pythia8_catDY_sys_nvtxWeightUp
Merging MT_TTZToLLNuNu_M-10_TuneCP5_PSweights_13TeV-amcatnlo-pythia8_catEM_sys_QCDScale1wDown
Merging MT_TTZToLLNuNu_M-10_TuneCP5_PSweights_13TeV-amcatnlo-pythia8_cat3L_sys_QCDScale0wUp
Merging MT_TTZToLLNuNu_M-10_TuneCP5_PSweights_13TeV-amcatnlo-pythia8_catDY
Merging measMET_TTZToLLNuNu_M-10_TuneCP5_PSweights_13TeV-amcatnlo-pythia8_catDY_sys_MuonSFUp
Merging phizmet_TTZToLLNuNu_M-10_TuneCP5_PSweights_13TeV-amcatnlo-pythia8_sys_QCDScale0wUp
% (elapsed time  1533.6s, curr speed    0.020 kHz, avg speed    0.020 kHz), accepted    30001/   30001 events (100.00%)
Processed    40000/   54570 entries, 73.30% (elapsed time  2004.4s, curr speed    0.021 kHz, avg speed    0.020 kHz), accepted    40001/   40001 events (100.00%)
Processed    50000/   54570 entries, 91.63% (elapsed time  2510.1s, curr speed    0.020 kHz, avg speed    0.020 kHz), accepted    50001/   50001 events (100.00%)
Processed 54570 preselected entries from /eos/cms/store/group/phys_exotica/monoZ/Exorcism2017/TTZToLLNuNu_M-10_TuneCP5_PSweights_13TeV-amcatnlo-pythia8/tree_13.root (54570 entries). Finally selected 54570 entries
Done ./tree_13_Skim.root
19.8965974886 Hz
----- transfer output to eos :
----- directory after running :
.:
total 6548
-rw-r--r--. 1 cfreer zh    1227 Nov 30 11:50 FrameworkJobReport.xml
-rw-r--r--. 1 cfreer zh       0 Nov 30 11:03 _condor_stderr
-rw-r--r--. 1 cfreer zh   91389 Nov 30 11:50 _condor_stdout
-rw-------. 1 cfreer zh    4914 Nov 30 11:50 cfreer.cc
-rw-r--r--. 1 cfreer zh   16092 Nov 30 11:03 combineHLT_Run2.yaml
-rw-r--r--. 1 cfreer zh    5718 Nov 30 11:03 condor_WSProducer.py
-rwxr-xr-x. 1 cfreer zh     856 Nov 30 11:03 condor_exec.exe
-rwxr-xr-x. 1 cfreer zh    2559 Nov 30 11:03 haddnano.py
-rw-r--r--. 1 cfreer zh       8 Nov 30 11:03 keep_and_drop_WS.txt
drwx------. 3 cfreer zh    4096 Nov 30 11:03 tmp
-rw-r--r--. 1 cfreer zh 3276303 Nov 30 11:49 tree_13_Skim.root
-rw-r--r--. 1 cfreer zh 3276447 Nov 30 11:50 tree_5.root
drwx------. 3 cfreer zh    4096 Nov 30 11:03 var

./tmp:
total 4
drwxr-xr-x. 3 cfreer zh 4096 Nov 30 11:03 mjf-cfreer

./tmp/mjf-cfreer:
total 4
drwxr-xr-x. 2 cfreer zh 4096 Nov 30 11:03 jobfeatures-bigbird09.cern.ch_3031878.5_1574960919

./tmp/mjf-cfreer/jobfeatures-bigbird09.cern.ch_3031878.5_1574960919:
total 28
-rw-r--r--. 1 cfreer zh  1 Nov 30 11:03 allocated_cpu
-rw-r--r--. 1 cfreer zh  6 Nov 30 11:03 cpu_limit_secs
-rw-r--r--. 1 cfreer zh 38 Nov 30 11:03 job_id
-rw-r--r--. 1 cfreer zh 10 Nov 30 11:03 jobstart_secs
-rw-r--r--. 1 cfreer zh 10 Nov 30 11:03 max_rss_bytes
-rw-r--r--. 1 cfreer zh 10 Nov 30 11:03 scratch_limit_bytes
-rw-r--r--. 1 cfreer zh  6 Nov 30 11:03 wall_limit_secs

./var:
total 4
drwx------. 2 cfreer zh 4096 Nov 30 11:03 tmp

./var/tmp:
total 0
 ------ THE END (everyone dies !) ----- 
