
/pool/condor/dir_3833

... start job at 2019-11-30 11:06:51
----- directory before running:
.:
total 52
-rw-r--r--. 1 cfreer zh     0 Nov 30 11:06 _condor_stderr
-rw-r--r--. 1 cfreer zh    93 Nov 30 11:06 _condor_stdout
-rw-------. 1 cfreer zh  2642 Nov 30 11:06 cfreer.cc
-rw-r--r--. 1 cfreer zh 16092 Nov 30 11:06 combineHLT_Run2.yaml
-rw-r--r--. 1 cfreer zh  5718 Nov 30 11:06 condor_WSProducer.py
-rwxr-xr-x. 1 cfreer zh   856 Nov 30 11:06 condor_exec.exe
-rwxr-xr-x. 1 cfreer zh  2559 Nov 30 11:06 haddnano.py
-rw-r--r--. 1 cfreer zh     8 Nov 30 11:06 keep_and_drop_WS.txt
drwx------. 3 cfreer zh  4096 Nov 30 11:06 tmp
drwx------. 3 cfreer zh  4096 Nov 30 11:06 var

./tmp:
total 4
drwxr-xr-x. 3 cfreer zh 4096 Nov 30 11:06 mjf-cfreer

./tmp/mjf-cfreer:
total 4
drwxr-xr-x. 2 cfreer zh 4096 Nov 30 11:06 jobfeatures-bigbird09.cern.ch_3031878.11_1574960919

./tmp/mjf-cfreer/jobfeatures-bigbird09.cern.ch_3031878.11_1574960919:
total 28
-rw-r--r--. 1 cfreer zh  1 Nov 30 11:06 allocated_cpu
-rw-r--r--. 1 cfreer zh  6 Nov 30 11:06 cpu_limit_secs
-rw-r--r--. 1 cfreer zh 39 Nov 30 11:06 job_id
-rw-r--r--. 1 cfreer zh 10 Nov 30 11:06 jobstart_secs
-rw-r--r--. 1 cfreer zh 10 Nov 30 11:06 max_rss_bytes
-rw-r--r--. 1 cfreer zh 10 Nov 30 11:06 scratch_limit_bytes
-rw-r--r--. 1 cfreer zh  6 Nov 30 11:06 wall_limit_secs

./var:
total 4
drwx------. 2 cfreer zh 4096 Nov 30 11:06 tmp

./var/tmp:
total 0
----- CMSSW BASE, python path, pwd:
+ CMSSW_BASE  = /afs/cern.ch/work/c/cfreer/MonoZ_2019/MT_plots/CMSSW_10_6_4
+ PYTHON_PATH = 
+ PWD         = /pool/condor/dir_3833
/eos/cms/store/group/phys_exotica/monoZ/Exorcism2017/TTZToLLNuNu_M-10_TuneCP5_PSweights_13TeV-amcatnlo-pythia8/tree_3.root  ->  /eos/cms/store/group/phys_exotica/monoZ/Exorcism2017/TTZToLLNuNu_M-10_TuneCP5_PSweights_13TeV-amcatnlo-pythia8/tree_3.root
Testing file open
Test OK
---------------------------
 -- options  =  Namespace(dataset='X', doSyst=1, era='2017', infile='/eos/cms/store/group/phys_exotica/monoZ/Exorcism2017/TTZToLLNuNu_M-10_TuneCP5_PSweights_13TeV-amcatnlo-pythia8/tree_3.root', isMC=1, jobNum=11, nevt=-1)
 -- is MC    =  1
 -- jobNum   =  11
 -- era      =  2017
 -- in file  =  /eos/cms/store/group/phys_exotica/monoZ/Exorcism2017/TTZToLLNuNu_M-10_TuneCP5_PSweights_13TeV-amcatnlo-pythia8/tree_3.root
 -- dataset  =  X
---------------------------
[check] condtag_ ==  TTZToLLNuNu_M-10_TuneCP5_PSweights_13TeV-amcatnlo-pythia8
[check] dataset  ==  monoZ
modules :  <PhysicsTools.MonoZ.MonoZWSProducer.MonoZWSProducer object at 0x2b3b75393890>
modules :  <PhysicsTools.MonoZ.MonoZWSProducer.MonoZWSProducer object at 0x2b3b75393950>
modules :  <PhysicsTools.MonoZ.MonoZWSProducer.MonoZWSProducer object at 0x2b3b75393990>
modules :  <PhysicsTools.MonoZ.MonoZWSProducer.MonoZWSProducer object at 0x2b3b753939d0>
modules :  <PhysicsTools.MonoZ.MonoZWSProducer.MonoZWSProducer object at 0x2b3b75393a10>
modules :  <PhysicsTools.MonoZ.MonoZWSProducer.MonoZWSProducer object at 0x2b3b75393a50>
modules :  <PhysicsTools.MonoZ.MonoZWSProducer.MonoZWSProducer object at 0x2b3b75393a90>
modules :  <PhysicsTools.MonoZ.MonoZWSProducer.MonoZWSProducer object at 0x2b3b75393ad0>
modules :  <PhysicsTools.MonoZ.MonoZWSProducer.MonoZWSProducer object at 0x2b3b75393b10>
modules :  <PhysicsTools.MonoZ.MonoZWSProducer.MonoZWSProducer object at 0x2b3b75393b50>
modules :  <PhysicsTools.MonoZ.MonoZWSProducer.MonoZWSProducer object at 0x2b3b75393b90>
modules :  <PhysicsTools.MonoZ.MonoZWSProducer.MonoZWSProducer object at 0x2b3b75393bd0>
modules :  <PhysicsTools.MonoZ.MonoZWSProducer.MonoZWSProducer object at 0x2b3b75393c10>
modules :  <PhysicsTools.MonoZ.MonoZWSProducer.MonoZWSProducer object at 0x2b3b75393c50>
modules :  <PhysicsTools.MonoZ.MonoZWSProducer.MonoZWSProducer object at 0x2b3b75393c90>
modules :  <PhysicsTools.MonoZ.MonoZWSProducer.MonoZWSProducer object at 0x2b3b75393cd0>
modules :  <PhysicsTools.MonoZ.MonoZWSProducer.MonoZWSProducer object at 0x2b3b75393d10>
modules :  <PhysicsTools.MonoZ.MonoZWSProducer.MonoZWSProducer object at 0x2b3b75393d50>
modules :  <PhysicsTools.MonoZ.MonoZWSProducer.MonoZWSProducer object at 0x2b3b75393d90>
modules :  <PhysicsTools.MonoZ.MonoZWSProducer.MonoZWSProducer object at 0x2b3b75393dd0>
modules :  <PhysicsTools.MonoZ.MonoZWSProducer.MonoZWSProducer object at 0x2b3b75393e10>
modules :  <PhysicsTools.MonoZ.MonoZWSProducer.MonoZWSProducer object at 0x2b3b75393e50>
modules :  <PhysicsTools.MonoZ.MonoZWSProducer.MonoZWSProducer object at 0x2b3b75393ed0>
modules :  <PhysicsTools.MonoZ.MonoZWSProducer.MonoZWSProducer object at 0x2b3b75393f50>
modules :  <PhysicsTools.MonoZ.MonoZWSProducer.MonoZWSProducer object at 0x2b3b75393fd0>
modules :  <PhysicsTools.MonoZ.MonoZWSProducer.MonoZWSProducer object at 0x2b3b75395090>
modules :  <PhysicsTools.MonoZ.MonoZWSProducer.MonoZWSProducer object at 0x2b3b753950d0>
modules :  <PhysicsTools.MonoZ.MonoZWSProducer.MonoZWSProducer object at 0x2b3b75395110>
modules :  <PhysicsTools.MonoZ.MonoZWSProducer.MonoZWSProducer object at 0x2b3b75395150>
modules :  <PhysicsTools.MonoZ.MonoZWSProducer.MonoZWSProducer object at 0x2b3b75395190>
modules :  <PhysicsTools.MonoZ.MonoZWSProducer.MonoZWSProducer object at 0x2b3b753951d0>
Selection :  
Will write selected trees to .
Pre-select 88387 entries out of 88387 (100.00%)
Processed    10000/   88387 entries, 11.31% (elapsed time   340.9s, curr speed    0.029 kHz, avg speed    0.029 kHz), accepted    10001/   10001 events (100.00%)
Processed    20000/   88387 entries, 22.63% (elapsed time   682.6s, curr speed    0.029 kHz, avg speed    0.029 kHz), accepted    20001/   20001 events (100.00%)
Processed    30000/   88387 entries, 33.94% Adding file ./tree_3_Skim.root
Merging measMET_monoZ_catSignal-0jet
Merging MT_monoZ_catSignal-0jet
Merging measMET_monoZ_catEM
Merging MT_monoZ_catEM
Merging measMET_monoZ_catSignal-1jet
Merging MT_monoZ_catSignal-1jet
Merging measMET_monoZ_cat3L
Merging MT_monoZ_cat3L
Merging measMET_monoZ_cat4L
Merging MT_monoZ_cat4L
Merging measMET_monoZ_catNRB
Merging MT_monoZ_catNRB
Merging measMET_monoZ_catTOP
Merging MT_monoZ_catTOP
Merging measMET_monoZ_catDY
Merging MT_monoZ_catDY
Merging balance_monoZ
Merging phizmet_monoZ
Merging njet_monoZ
Merging measMET_monoZ_catSignal-0jet_sys_ElectronEnUp
Merging MT_monoZ_catSignal-0jet_sys_ElectronEnUp
Merging measMET_monoZ_catEM_sys_ElectronEnUp
Merging MT_monoZ_catEM_sys_ElectronEnUp
Merging measMET_monoZ_catSignal-1jet_sys_ElectronEnUp
Merging MT_monoZ_catSignal-1jet_sys_ElectronEnUp
Merging measMET_monoZ_cat3L_sys_ElectronEnUp
Merging MT_monoZ_cat3L_sys_ElectronEnUp
Merging measMET_monoZ_cat4L_sys_ElectronEnUp
Merging MT_monoZ_cat4L_sys_ElectronEnUp
Merging measMET_monoZ_catNRB_sys_ElectronEnUp
Merging MT_monoZ_catNRB_sys_ElectronEnUp
Merging measMET_monoZ_catTOP_sys_ElectronEnUp
Merging MT_monoZ_catTOP_sys_ElectronEnUp
Merging measMET_monoZ_catDY_sys_ElectronEnUp
Merging MT_monoZ_catDY_sys_ElectronEnUp
Merging balance_monoZ_sys_ElectronEnUp
Merging phizmet_monoZ_sys_ElectronEnUp
Merging njet_monoZ_sys_ElectronEnUp
Merging measMET_monoZ_catSignal-0jet_sys_ElectronEnDown
Merging MT_monoZ_catSignal-0jet_sys_ElectronEnDown
Merging measMET_monoZ_catEM_sys_ElectronEnDown
Merging MT_monoZ_catEM_sys_ElectronEnDown
Merging measMET_monoZ_catSignal-1jet_sys_ElectronEnDown
Merging MT_monoZ_catSignal-1jet_sys_ElectronEnDown
Merging measMET_monoZ_cat3L_sys_ElectronEnDown
Merging MT_monoZ_cat3L_sys_ElectronEnDown
Merging measMET_monoZ_cat4L_sys_ElectronEnDown
Merging MT_monoZ_cat4L_sys_ElectronEnDown
Merging measMET_monoZ_catNRB_sys_ElectronEnDown
Merging MT_monoZ_catNRB_sys_ElectronEnDown
Merging measMET_monoZ_catTOP_sys_ElectronEnDown
Merging MT_monoZ_catTOP_sys_ElectronEnDown
Merging measMET_monoZ_catDY_sys_ElectronEnDown
Merging MT_monoZ_catDY_sys_ElectronEnDown
Merging balance_monoZ_sys_ElectronEnDown
Merging phizmet_monoZ_sys_ElectronEnDown
Merging njet_monoZ_sys_ElectronEnDown
Merging measMET_monoZ_catSignal-0jet_sys_MuonEnUp
Merging MT_monoZ_catSignal-0jet_sys_MuonEnUp
Merging measMET_monoZ_catEM_sys_MuonEnUp
Merging MT_monoZ_catEM_sys_MuonEnUp
Merging measMET_monoZ_catSignal-1jet_sys_MuonEnUp
Merging MT_monoZ_catSignal-1jet_sys_MuonEnUp
Merging measMET_monoZ_cat3L_sys_MuonEnUp
Merging MT_monoZ_cat3L_sys_MuonEnUp
Merging measMET_monoZ_cat4L_sys_MuonEnUp
Merging MT_monoZ_cat4L_sys_MuonEnUp
Merging measMET_monoZ_catNRB_sys_MuonEnUp
Merging MT_monoZ_catNRB_sys_MuonEnUp
Merging measMET_monoZ_catTOP_sys_MuonEnUp
Merging MT_monoZ_catTOP_sys_MuonEnUp
Merging measMET_monoZ_catDY_sys_MuonEnUp
Merging MT_monoZ_catDY_sys_MuonEnUp
Merging balance_monoZ_sys_MuonEnUp
Merging phizmet_monoZ_sys_MuonEnUp
Merging njet_monoZ_sys_MuonEnUp
Merging measMET_monoZ_catSignal-0jet_sys_MuonEnDown
Merging MT_monoZ_catSignal-0jet_sys_MuonEnDown
Merging measMET_monoZ_catEM_sys_MuonEnDown
Merging MT_monoZ_catEM_sys_MuonEnDown
Merging measMET_monoZ_catSignal-1jet_sys_MuonEnDown
Merging MT_monoZ_catSignal-1jet_sys_MuonEnDown
Merging measMET_monoZ_cat3L_sys_MuonEnDown
Merging MT_monoZ_cat3L_sys_MuonEnDown
Merging measMET_monoZ_cat4L_sys_MuonEnDown
Merging MT_monoZ_cat4L_sys_MuonEnDown
Merging measMET_monoZ_catNRB_sys_MuonEnDown
Merging MT_monoZ_catNRB_sys_MuonEnDown
Merging measMET_monoZ_catTOP_sys_MuonEnDown
Merging MT_monoZ_catTOP_sys_MuonEnDown
Merging measMET_monoZ_catDY_sys_MuonEnDown
Merging MT_monoZ_catDY_sys_MuonEnDown
Merging balance_monoZ_sys_MuonEnDown
Merging phizmet_monoZ_sys_MuonEnDown
Merging njet_monoZ_sys_MuonEnDown
Merging measMET_monoZ_catSignal-0jet_sys_jesTotalUp
Merging MT_monoZ_catSignal-0jet_sys_jesTotalUp
Merging measMET_monoZ_catEM_sys_jesTotalUp
Merging MT_monoZ_catEM_sys_jesTotalUp
Merging measMET_monoZ_catSignal-1jet_sys_jesTotalUp
Merging MT_monoZ_catSignal-1jet_sys_jesTotalUp
Merging measMET_monoZ_cat3L_sys_jesTotalUp
Merging MT_monoZ_cat3L_sys_jesTotalUp
Merging measMET_monoZ_cat4L_sys_jesTotalUp
Merging MT_monoZ_cat4L_sys_jesTotalUp
Merging measMET_monoZ_catNRB_sys_jesTotalUp
Merging MT_monoZ_catNRB_sys_jesTotalUp
Merging measMET_monoZ_catTOP_sys_jesTotalUp
Merging MT_monoZ_catTOP_sys_jesTotalUp
Merging measMET_monoZ_catDY_sys_jesTotalUp
Merging MT_monoZ_catDY_sys_jesTotalUp
Merging balance_monoZ_sys_jesTotalUp
Merging phizmet_monoZ_sys_jesTotalUp
Merging njet_monoZ_sys_jesTotalUp
Merging measMET_monoZ_catSignal-0jet_sys_jesTotalDown
Merging MT_monoZ_catSignal-0jet_sys_jesTotalDown
Merging measMET_monoZ_catEM_sys_jesTotalDown
Merging MT_monoZ_catEM_sys_jesTotalDown
Merging measMET_monoZ_catSignal-1jet_sys_jesTotalDown
Merging MT_monoZ_catSignal-1jet_sys_jesTotalDown
Merging measMET_monoZ_cat3L_sys_jesTotalDown
Merging MT_monoZ_cat3L_sys_jesTotalDown
Merging measMET_monoZ_cat4L_sys_jesTotalDown
Merging MT_monoZ_cat4L_sys_jesTotalDown
Merging measMET_monoZ_catNRB_sys_jesTotalDown
Merging MT_monoZ_catNRB_sys_jesTotalDown
Merging measMET_monoZ_catTOP_sys_jesTotalDown
Merging MT_monoZ_catTOP_sys_jesTotalDown
Merging measMET_monoZ_catDY_sys_jesTotalDown
Merging MT_monoZ_catDY_sys_jesTotalDown
Merging balance_monoZ_sys_jesTotalDown
Merging phizmet_monoZ_sys_jesTotalDown
Merging njet_monoZ_sys_jesTotalDown
Merging measMET_monoZ_catSignal-0jet_sys_jerUp
Merging MT_monoZ_catSignal-0jet_sys_jerUp
Merging measMET_monoZ_catEM_sys_jerUp
Merging MT_monoZ_catEM_sys_jerUp
Merging measMET_monoZ_catSignal-1jet_sys_jerUp
Merging MT_monoZ_catSignal-1jet_sys_jerUp
Merging measMET_monoZ_cat3L_sys_jerUp
Merging MT_monoZ_cat3L_sys_jerUp
Merging measMET_monoZ_cat4L_sys_jerUp
Merging MT_monoZ_cat4L_sys_jerUp
Merging measMET_monoZ_catNRB_sys_jerUp
Merging MT_monoZ_catNRB_sys_jerUp
Merging measMET_monoZ_catTOP_sys_jerUp
Merging MT_monoZ_catTOP_sys_jerUp
Merging measMET_monoZ_catDY_sys_jerUp
Merging MT_monoZ_catDY_sys_jerUp
Merging balance_monoZ_sys_jerUp
Merging phizmet_monoZ_sys_jerUp
Merging njet_monoZ_sys_jerUp
Merging measMET_monoZ_catSignal-0jet_sys_jerDown
Merging MT_monoZ_catSignal-0jet_sys_jerDown
Merging measMET_monoZ_catEM_sys_jerDown
Merging MT_monoZ_catEM_sys_jerDown
Merging measMET_monoZ_catSignal-1jet_sys_jerDown
Merging MT_monoZ_catSignal-1jet_sys_jerDown
Merging measMET_monoZ_cat3L_sys_jerDown
Merging MT_monoZ_cat3L_sys_jerDown
Merging measMET_monoZ_cat4L_sys_jerDown
Merging MT_monoZ_cat4L_sys_jerDown
Merging measMET_monoZ_catNRB_sys_jerDown
Merging MT_monoZ_catNRB_sys_jerDown
Merging measMET_monoZ_catTOP_sys_jerDown
Merging MT_monoZ_catTOP_sys_jerDown
Merging measMET_monoZ_catDY_sys_jerDown
Merging MT_monoZ_catDY_sys_jerDown
Merging balance_monoZ_sys_jerDown
Merging phizmet_monoZ_sys_jerDown
Merging njet_monoZ_sys_jerDown
Merging measMET_monoZ_catSignal-0jet_sys_puWeightUp
Merging MT_monoZ_catSignal-0jet_sys_puWeightUp
Merging measMET_monoZ_catEM_sys_puWeightUp
Merging MT_monoZ_catEM_sys_puWeightUp
Merging measMET_monoZ_catSignal-1jet_sys_puWeightUp
Merging MT_monoZ_catSignal-1jet_sys_puWeightUp
Merging measMET_monoZ_cat3L_sys_puWeightUp
Merging MT_monoZ_cat3L_sys_puWeightUp
Merging measMET_monoZ_cat4L_sys_puWeightUp
Merging MT_monoZ_cat4L_sys_puWeightUp
Merging measMET_monoZ_catNRB_sys_puWeightUp
Merging MT_monoZ_catNRB_sys_puWeightUp
Merging measMET_monoZ_catTOP_sys_puWeightUp
Merging MT_monoZ_catTOP_sys_puWeightUp
Merging measMET_monoZ_catDY_sys_puWeightUp
Merging MT_monoZ_catDY_sys_puWeightUp
Merging balance_monoZ_sys_puWeightUp
Merging phizmet_monoZ_sys_puWeightUp
Merging njet_monoZ_sys_puWeightUp
Merging measMET_monoZ_catSignal-0jet_sys_puWeightDown
Merging MT_monoZ_catSignal-0jet_sys_puWeightDown
Merging measMET_monoZ_catEM_sys_puWeightDown
Merging MT_monoZ_catEM_sys_puWeightDown
Merging measMET_monoZ_catSignal-1jet_sys_puWeightDown
Merging MT_monoZ_catSignal-1jet_sys_puWeightDown
Merging measMET_monoZ_cat3L_sys_puWeightDown
Merging MT_monoZ_cat3L_sys_puWeightDown
Merging measMET_monoZ_cat4L_sys_puWeightDown
Merging MT_monoZ_cat4L_sys_puWeightDown
Merging measMET_monoZ_catNRB_sys_puWeightDown
Merging MT_monoZ_catNRB_sys_puWeightDown
Merging measMET_monoZ_catTOP_sys_puWeightDown
Merging MT_monoZ_catTOP_sys_puWeightDown
Merging measMET_monoZ_catDY_sys_puWeightDown
Merging MT_monoZ_catDY_sys_puWeightDown
Merging balance_monoZ_sys_puWeightDown
Merging phizmet_monoZ_sys_puWeightDown
Merging njet_monoZ_sys_puWeightDown
Merging measMET_monoZ_catSignal-0jet_sys_PDFUp
Merging MT_monoZ_catSignal-0jet_sys_PDFUp
Merging measMET_monoZ_catEM_sys_PDFUp
Merging MT_monoZ_catEM_sys_PDFUp
Merging measMET_monoZ_catSignal-1jet_sys_PDFUp
Merging MT_monoZ_catSignal-1jet_sys_PDFUp
Merging measMET_monoZ_cat3L_sys_PDFUp
Merging MT_monoZ_cat3L_sys_PDFUp
Merging measMET_monoZ_cat4L_sys_PDFUp
Merging MT_monoZ_cat4L_sys_PDFUp
Merging measMET_monoZ_catNRB_sys_PDFUp
Merging MT_monoZ_catNRB_sys_PDFUp
Merging measMET_monoZ_catTOP_sys_PDFUp
Merging MT_monoZ_catTOP_sys_PDFUp
Merging measMET_monoZ_catDY_sys_PDFUp
Merging MT_monoZ_catDY_sys_PDFUp
Merging balance_monoZ_sys_PDFUp
Merging phizmet_monoZ_sys_PDFUp
Merging njet_monoZ_sys_PDFUp
Merging measMET_monoZ_catSignal-0jet_sys_PDFDown
Merging MT_monoZ_catSignal-0jet_sys_PDFDown
Merging measMET_monoZ_catEM_sys_PDFDown
Merging MT_monoZ_catEM_sys_PDFDown
Merging measMET_monoZ_catSignal-1jet_sys_PDFDown
Merging MT_monoZ_catSignal-1jet_sys_PDFDown
Merging measMET_monoZ_cat3L_sys_PDFDown
Merging MT_monoZ_cat3L_sys_PDFDown
Merging measMET_monoZ_cat4L_sys_PDFDown
Merging MT_monoZ_cat4L_sys_PDFDown
Merging measMET_monoZ_catNRB_sys_PDFDown
Merging MT_monoZ_catNRB_sys_PDFDown
Merging measMET_monoZ_catTOP_sys_PDFDown
Merging MT_monoZ_catTOP_sys_PDFDown
Merging measMET_monoZ_catDY_sys_PDFDown
Merging MT_monoZ_catDY_sys_PDFDown
Merging balance_monoZ_sys_PDFDown
Merging phizmet_monoZ_sys_PDFDown
Merging njet_monoZ_sys_PDFDown
Merging measMET_monoZ_catSignal-0jet_sys_MuonSFUp
Merging MT_monoZ_catSignal-0jet_sys_MuonSFUp
Merging measMET_monoZ_catEM_sys_MuonSFUp
Merging MT_monoZ_catEM_sys_MuonSFUp
Merging measMET_monoZ_catSignal-1jet_sys_MuonSFUp
Merging MT_monoZ_catSignal-1jet_sys_MuonSFUp
Merging measMET_monoZ_cat3L_sys_MuonSFUp
Merging MT_monoZ_cat3L_sys_MuonSFUp
Merging measMET_monoZ_cat4L_sys_MuonSFUp
Merging MT_monoZ_cat4L_sys_MuonSFUp
Merging measMET_monoZ_catNRB_sys_MuonSFUp
Merging MT_monoZ_catNRB_sys_MuonSFUp
Merging measMET_monoZ_catTOP_sys_MuonSFUp
Merging MT_monoZ_catTOP_sys_MuonSFUp
Merging measMET_monoZ_catDY_sys_MuonSFUp
Merging MT_monoZ_catDY_sys_MuonSFUp
Merging balance_monoZ_sys_MuonSFUp
Merging phizmet_monoZ_sys_MuonSFUp
Merging njet_monoZ_sys_MuonSFUp
Merging measMET_monoZ_catSignal-0jet_sys_MuonSFDown
Merging MT_monoZ_catSignal-0jet_sys_MuonSFDown
Merging measMET_monoZ_catEM_sys_MuonSFDown
Merging MT_monoZ_catEM_sys_MuonSFDown
Merging measMET_monoZ_catSignal-1jet_sys_MuonSFDown
Merging MT_monoZ_catSignal-1jet_sys_MuonSFDown
Merging measMET_monoZ_cat3L_sys_MuonSFDown
Merging MT_monoZ_cat3L_sys_MuonSFDown
Merging measMET_monoZ_cat4L_sys_MuonSFDown
Merging MT_monoZ_cat4L_sys_MuonSFDown
Merging measMET_monoZ_catNRB_sys_MuonSFDown
Merging MT_monoZ_catNRB_sys_MuonSFDown
Merging measMET_monoZ_catTOP_sys_MuonSFDown
Merging MT_monoZ_catTOP_sys_MuonSFDown
Merging measMET_monoZ_catDY_sys_MuonSFDown
Merging MT_monoZ_catDY_sys_MuonSFDown
Merging balance_monoZ_sys_MuonSFDown
Merging phizmet_monoZ_sys_MuonSFDown
Merging njet_monoZ_sys_MuonSFDown
Merging measMET_monoZ_catSignal-0jet_sys_ElecronSFUp
Merging MT_monoZ_catSignal-0jet_sys_ElecronSFUp
Merging measMET_monoZ_catEM_sys_ElecronSFUp
Merging MT_monoZ_catEM_sys_ElecronSFUp
Merging measMET_monoZ_catSignal-1jet_sys_ElecronSFUp
Merging MT_monoZ_catSignal-1jet_sys_ElecronSFUp
Merging measMET_monoZ_cat3L_sys_ElecronSFUp
Merging MT_monoZ_cat3L_sys_ElecronSFUp
Merging measMET_monoZ_cat4L_sys_ElecronSFUp
Merging MT_monoZ_cat4L_sys_ElecronSFUp
Merging measMET_monoZ_catNRB_sys_ElecronSFUp
Merging MT_monoZ_catNRB_sys_ElecronSFUp
Merging measMET_monoZ_catTOP_sys_ElecronSFUp
Merging MT_monoZ_catTOP_sys_ElecronSFUp
Merging measMET_monoZ_catDY_sys_ElecronSFUp
Merging MT_monoZ_catDY_sys_ElecronSFUp
Merging balance_monoZ_sys_ElecronSFUp
Merging phizmet_monoZ_sys_ElecronSFUp
Merging njet_monoZ_sys_ElecronSFUp
Merging measMET_monoZ_catSignal-0jet_sys_ElecronSFDown
Merging MT_monoZ_catSignal-0jet_sys_ElecronSFDown
Merging measMET_monoZ_catEM_sys_ElecronSFDown
Merging MT_monoZ_catEM_sys_ElecronSFDown
Merging measMET_monoZ_catSignal-1jet_sys_ElecronSFDown
Merging MT_monoZ_catSignal-1jet_sys_ElecronSFDown
Merging measMET_monoZ_cat3L_sys_ElecronSFDown
Merging MT_monoZ_cat3L_sys_ElecronSFDown
Merging measMET_monoZ_cat4L_sys_ElecronSFDown
Merging MT_monoZ_cat4L_sys_ElecronSFDown
Merging measMET_monoZ_catNRB_sys_ElecronSFDown
Merging MT_monoZ_catNRB_sys_ElecronSFDown
Merging measMET_monoZ_catTOP_sys_ElecronSFDown
Merging MT_monoZ_catTOP_sys_ElecronSFDown
Merging measMET_monoZ_catDY_sys_ElecronSFDown
Merging MT_monoZ_catDY_sys_ElecronSFDown
Merging balance_monoZ_sys_ElecronSFDown
Merging phizmet_monoZ_sys_ElecronSFDown
Merging njet_monoZ_sys_ElecronSFDown
Merging measMET_monoZ_catSignal-0jet_sys_EWKUp
Merging MT_monoZ_catSignal-0jet_sys_EWKUp
Merging measMET_monoZ_catEM_sys_EWKUp
Merging MT_monoZ_catEM_sys_EWKUp
Merging measMET_monoZ_catSignal-1jet_sys_EWKUp
Merging MT_monoZ_catSignal-1jet_sys_EWKUp
Merging measMET_monoZ_cat3L_sys_EWKUp
Merging MT_monoZ_cat3L_sys_EWKUp
Merging measMET_monoZ_cat4L_sys_EWKUp
Merging MT_monoZ_cat4L_sys_EWKUp
Merging measMET_monoZ_catNRB_sys_EWKUp
Merging MT_monoZ_catNRB_sys_EWKUp
Merging measMET_monoZ_catTOP_sys_EWKUp
Merging MT_monoZ_catTOP_sys_EWKUp
Merging measMET_monoZ_catDY_sys_EWKUp
Merging MT_monoZ_catDY_sys_EWKUp
Merging balance_monoZ_sys_EWKUp
Merging phizmet_monoZ_sys_EWKUp
Merging njet_monoZ_sys_EWKUp
Merging measMET_monoZ_catSignal-0jet_sys_EWKDown
Merging MT_monoZ_catSignal-0jet_sys_EWKDown
Merging measMET_monoZ_catEM_sys_EWKDown
Merging MT_monoZ_catEM_sys_EWKDown
Merging measMET_monoZ_catSignal-1jet_sys_EWKDown
Merging MT_monoZ_catSignal-1jet_sys_EWKDown
Merging measMET_monoZ_cat3L_sys_EWKDown
Merging MT_monoZ_cat3L_sys_EWKDown
Merging measMET_monoZ_cat4L_sys_EWKDown
Merging MT_monoZ_cat4L_sys_EWKDown
Merging measMET_monoZ_catNRB_sys_EWKDown
Merging MT_monoZ_catNRB_sys_EWKDown
Merging measMET_monoZ_catTOP_sys_EWKDown
Merging MT_monoZ_catTOP_sys_EWKDown
Merging measMET_monoZ_catDY_sys_EWKDown
Merging MT_monoZ_catDY_sys_EWKDown
Merging balance_monoZ_sys_EWKDown
Merging phizmet_monoZ_sys_EWKDown
Merging njet_monoZ_sys_EWKDown
Merging measMET_monoZ_catSignal-0jet_sys_nvtxWeightUp
Merging MT_monoZ_catSignal-0jet_sys_nvtxWeightUp
Merging measMET_monoZ_catEM_sys_nvtxWeightUp
Merging MT_monoZ_catEM_sys_nvtxWeightUp
Merging measMET_monoZ_catSignal-1jet_sys_nvtxWeightUp
Merging MT_monoZ_catSignal-1jet_sys_nvtxWeightUp
Merging measMET_monoZ_cat3L_sys_nvtxWeightUp
Merging MT_monoZ_cat3L_sys_nvtxWeightUp
Merging measMET_monoZ_cat4L_sys_nvtxWeightUp
Merging MT_monoZ_cat4L_sys_nvtxWeightUp
Merging measMET_monoZ_catNRB_sys_nvtxWeightUp
Merging MT_monoZ_catNRB_sys_nvtxWeightUp
Merging measMET_monoZ_catTOP_sys_nvtxWeightUp
Merging MT_monoZ_catTOP_sys_nvtxWeightUp
Merging measMET_monoZ_catDY_sys_nvtxWeightUp
Merging MT_monoZ_catDY_sys_nvtxWeightUp
Merging balance_monoZ_sys_nvtxWeightUp
Merging phizmet_monoZ_sys_nvtxWeightUp
Merging njet_monoZ_sys_nvtxWeightUp
Merging measMET_monoZ_catSignal-0jet_sys_nvtxWeightDown
Merging MT_monoZ_catSignal-0jet_sys_nvtxWeightDown
Merging measMET_monoZ_catEM_sys_nvtxWeightDown
Merging MT_monoZ_catEM_sys_nvtxWeightDown
Merging measMET_monoZ_catSignal-1jet_sys_nvtxWeightDown
Merging MT_monoZ_catSignal-1jet_sys_nvtxWeightDown
Merging measMET_monoZ_cat3L_sys_nvtxWeightDown
Merging MT_monoZ_cat3L_sys_nvtxWeightDown
Merging measMET_monoZ_cat4L_sys_nvtxWeightDown
Merging MT_monoZ_cat4L_sys_nvtxWeightDown
Merging measMET_monoZ_catNRB_sys_nvtxWeightDown
Merging MT_monoZ_catNRB_sys_nvtxWeightDown
Merging measMET_monoZ_catTOP_sys_nvtxWeightDown
Merging MT_monoZ_catTOP_sys_nvtxWeightDown
Merging measMET_monoZ_catDY_sys_nvtxWeightDown
Merging MT_monoZ_catDY_sys_nvtxWeightDown
Merging balance_monoZ_sys_nvtxWeightDown
Merging phizmet_monoZ_sys_nvtxWeightDown
Merging njet_monoZ_sys_nvtxWeightDown
Merging measMET_monoZ_catSignal-0jet_sys_TriggerSFWeightUp
Merging MT_monoZ_catSignal-0jet_sys_TriggerSFWeightUp
Merging measMET_monoZ_catEM_sys_TriggerSFWeightUp
Merging MT_monoZ_catEM_sys_TriggerSFWeightUp
Merging measMET_monoZ_catSignal-1jet_sys_TriggerSFWeightUp
Merging MT_monoZ_catSignal-1jet_sys_TriggerSFWeightUp
Merging measMET_monoZ_cat3L_sys_TriggerSFWeightUp
Merging MT_monoZ_cat3L_sys_TriggerSFWeightUp
Merging measMET_monoZ_cat4L_sys_TriggerSFWeightUp
Merging MT_monoZ_cat4L_sys_TriggerSFWeightUp
Merging measMET_monoZ_catNRB_sys_TriggerSFWeightUp
Merging MT_monoZ_catNRB_sys_TriggerSFWeightUp
Merging measMET_monoZ_catTOP_sys_TriggerSFWeightUp
Merging MT_monoZ_catTOP_sys_TriggerSFWeightUp
Merging measMET_monoZ_catDY_sys_TriggerSFWeightUp
Merging MT_monoZ_catDY_sys_TriggerSFWeightUp
Merging balance_monoZ_sys_TriggerSFWeightUp
Merging phizmet_monoZ_sys_TriggerSFWeightUp
Merging njet_monoZ_sys_TriggerSFWeightUp
Merging measMET_monoZ_catSignal-0jet_sys_TriggerSFWeightDown
Merging MT_monoZ_catSignal-0jet_sys_TriggerSFWeightDown
Merging measMET_monoZ_catEM_sys_TriggerSFWeightDown
Merging MT_monoZ_catEM_sys_TriggerSFWeightDown
Merging measMET_monoZ_catSignal-1jet_sys_TriggerSFWeightDown
Merging MT_monoZ_catSignal-1jet_sys_TriggerSFWeightDown
Merging measMET_monoZ_cat3L_sys_TriggerSFWeightDown
Merging MT_monoZ_cat3L_sys_TriggerSFWeightDown
Merging measMET_monoZ_cat4L_sys_TriggerSFWeightDown
Merging MT_monoZ_cat4L_sys_TriggerSFWeightDown
Merging measMET_monoZ_catNRB_sys_TriggerSFWeightDown
Merging MT_monoZ_catNRB_sys_TriggerSFWeightDown
Merging measMET_monoZ_catTOP_sys_TriggerSFWeightDown
Merging MT_monoZ_catTOP_sys_TriggerSFWeightDown
Merging measMET_monoZ_catDY_sys_TriggerSFWeightDown
Merging MT_monoZ_catDY_sys_TriggerSFWeightDown
Merging balance_monoZ_sys_TriggerSFWeightDown
Merging phizmet_monoZ_sys_TriggerSFWeightDown
Merging njet_monoZ_sys_TriggerSFWeightDown
Merging measMET_monoZ_catSignal-0jet_sys_btagEventWeightUp
Merging MT_monoZ_catSignal-0jet_sys_btagEventWeightUp
Merging measMET_monoZ_catEM_sys_btagEventWeightUp
Merging MT_monoZ_catEM_sys_btagEventWeightUp
Merging measMET_monoZ_catSignal-1jet_sys_btagEventWeightUp
Merging MT_monoZ_catSignal-1jet_sys_btagEventWeightUp
Merging measMET_monoZ_cat3L_sys_btagEventWeightUp
Merging MT_monoZ_cat3L_sys_btagEventWeightUp
Merging measMET_monoZ_cat4L_sys_btagEventWeightUp
Merging MT_monoZ_cat4L_sys_btagEventWeightUp
Merging measMET_monoZ_catNRB_sys_btagEventWeightUp
Merging MT_monoZ_catNRB_sys_btagEventWeightUp
Merging measMET_monoZ_catTOP_sys_btagEventWeightUp
Merging MT_monoZ_catTOP_sys_btagEventWeightUp
Merging measMET_monoZ_catDY_sys_btagEventWeightUp
Merging MT_monoZ_catDY_sys_btagEventWeightUp
Merging balance_monoZ_sys_btagEventWeightUp
Merging phizmet_monoZ_sys_btagEventWeightUp
Merging njet_monoZ_sys_btagEventWeightUp
Merging measMET_monoZ_catSignal-0jet_sys_btagEventWeightDown
Merging MT_monoZ_catSignal-0jet_sys_btagEventWeightDown
Merging measMET_monoZ_catEM_sys_btagEventWeightDown
Merging MT_monoZ_catEM_sys_btagEventWeightDown
Merging measMET_monoZ_catSignal-1jet_sys_btagEventWeightDown
Merging MT_monoZ_catSignal-1jet_sys_btagEventWeightDown
Merging measMET_monoZ_cat3L_sys_btagEventWeightDown
Merging MT_monoZ_cat3L_sys_btagEventWeightDown
Merging measMET_monoZ_cat4L_sys_btagEventWeightDown
Merging MT_monoZ_cat4L_sys_btagEventWeightDown
Merging measMET_monoZ_catNRB_sys_btagEventWeightDown
Merging MT_monoZ_catNRB_sys_btagEventWeightDown
Merging measMET_monoZ_catTOP_sys_btagEventWeightDown
Merging MT_monoZ_catTOP_sys_btagEventWeightDown
Merging measMET_monoZ_catDY_sys_btagEventWeightDown
Merging MT_monoZ_catDY_sys_btagEventWeightDown
Merging balance_monoZ_sys_btagEventWeightDown
Merging phizmet_monoZ_sys_btagEventWeightDown
Merging njet_monoZ_sys_btagEventWeightDown
Merging measMET_monoZ_catSignal-0jet_sys_QCDScale0wUp
Merging MT_monoZ_catSignal-0jet_sys_QCDScale0wUp
Merging measMET_monoZ_catEM_sys_QCDScale0wUp
Merging MT_monoZ_catEM_sys_QCDScale0wUp
Merging measMET_monoZ_catSignal-1jet_sys_QCDScale0wUp
Merging MT_monoZ_catSignal-1jet_sys_QCDScale0wUp
Merging measMET_monoZ_cat3L_sys_QCDScale0wUp
Merging MT_monoZ_cat3L_sys_QCDScale0wUp
Merging measMET_monoZ_cat4L_sys_QCDScale0wUp
Merging MT_monoZ_cat4L_sys_QCDScale0wUp
Merging measMET_monoZ_catNRB_sys_QCDScale0wUp
Merging MT_monoZ_catNRB_sys_QCDScale0wUp
Merging measMET_monoZ_catTOP_sys_QCDScale0wUp
Merging MT_monoZ_catTOP_sys_QCDScale0wUp
Merging measMET_monoZ_catDY_sys_QCDScale0wUp
Merging MT_monoZ_catDY_sys_QCDScale0wUp
Merging balance_monoZ_sys_QCDScale0wUp
Merging phizmet_monoZ_sys_QCDScale0wUp
Merging njet_monoZ_sys_QCDScale0wUp
Merging measMET_monoZ_catSignal-0jet_sys_QCDScale0wDown
Merging MT_monoZ_catSignal-0jet_sys_QCDScale0wDown
Merging measMET_monoZ_catEM_sys_QCDScale0wDown
Merging MT_monoZ_catEM_sys_QCDScale0wDown
Merging measMET_monoZ_catSignal-1jet_sys_QCDScale0wDown
Merging MT_monoZ_catSignal-1jet_sys_QCDScale0wDown
Merging measMET_monoZ_cat3L_sys_QCDScale0wDown
Merging MT_monoZ_cat3L_sys_QCDScale0wDown
Merging measMET_monoZ_cat4L_sys_QCDScale0wDown
Merging MT_monoZ_cat4L_sys_QCDScale0wDown
Merging measMET_monoZ_catNRB_sys_QCDScale0wDown
Merging MT_monoZ_catNRB_sys_QCDScale0wDown
Merging measMET_monoZ_catTOP_sys_QCDScale0wDown
Merging MT_monoZ_catTOP_sys_QCDScale0wDown
Merging measMET_monoZ_catDY_sys_QCDScale0wDown
Merging MT_monoZ_catDY_sys_QCDScale0wDown
Merging balance_monoZ_sys_QCDScale0wDown
Merging phizmet_monoZ_sys_QCDScale0wDown
Merging njet_monoZ_sys_QCDScale0wDown
Merging measMET_monoZ_catSignal-0jet_sys_QCDScale1wUp
Merging MT_monoZ_catSignal-0jet_sys_QCDScale1wUp
Merging measMET_monoZ_catEM_sys_QCDScale1wUp
Merging MT_monoZ_catEM_sys_QCDScale1wUp
Merging measMET_monoZ_catSignal-1jet_sys_QCDScale1wUp
Merging MT_monoZ_catSignal-1jet_sys_QCDScale1wUp
Merging measMET_monoZ_cat3L_sys_QCDScale1wUp
Merging MT_monoZ_cat3L_sys_QCDScale1wUp
Merging measMET_monoZ_cat4L_sys_QCDScale1wUp
Merging MT_monoZ_cat4L_sys_QCDScale1wUp
Merging measMET_monoZ_catNRB_sys_QCDScale1wUp
Merging MT_monoZ_catNRB_sys_QCDScale1wUp
Merging measMET_monoZ_catTOP_sys_QCDScale1wUp
Merging MT_monoZ_catTOP_sys_QCDScale1wUp
Merging measMET_monoZ_catDY_sys_QCDScale1wUp
Merging MT_monoZ_catDY_sys_QCDScale1wUp
Merging balance_monoZ_sys_QCDScale1wUp
Merging phizmet_monoZ_sys_QCDScale1wUp
Merging njet_monoZ_sys_QCDScale1wUp
Merging measMET_monoZ_catSignal-0jet_sys_QCDScale1wDown
Merging MT_monoZ_catSignal-0jet_sys_QCDScale1wDown
Merging measMET_monoZ_catEM_sys_QCDScale1wDown
Merging MT_monoZ_catEM_sys_QCDScale1wDown
Merging measMET_monoZ_catSignal-1jet_sys_QCDScale1wDown
Merging MT_monoZ_catSignal-1jet_sys_QCDScale1wDown
Merging measMET_monoZ_cat3L_sys_QCDScale1wDown
Merging MT_monoZ_cat3L_sys_QCDScale1wDown
Merging measMET_monoZ_cat4L_sys_QCDScale1wDown
Merging MT_monoZ_cat4L_sys_QCDScale1wDown
Merging measMET_monoZ_catNRB_sys_QCDScale1wDown
Merging MT_monoZ_catNRB_sys_QCDScale1wDown
Merging measMET_monoZ_catTOP_sys_QCDScale1wDown
Merging MT_monoZ_catTOP_sys_QCDScale1wDown
Merging measMET_monoZ_catDY_sys_QCDScale1wDown
Merging MT_monoZ_catDY_sys_QCDScale1wDown
Merging balance_monoZ_sys_QCDScale1wDown
Merging phizmet_monoZ_sys_QCDScale1wDown
Merging njet_monoZ_sys_QCDScale1wDown
Merging measMET_monoZ_catSignal-0jet_sys_QCDScale2wUp
Merging MT_monoZ_catSignal-0jet_sys_QCDScale2wUp
Merging measMET_monoZ_catEM_sys_QCDScale2wUp
Merging MT_monoZ_catEM_sys_QCDScale2wUp
Merging measMET_monoZ_catSignal-1jet_sys_QCDScale2wUp
Merging MT_monoZ_catSignal-1jet_sys_QCDScale2wUp
Merging measMET_monoZ_cat3L_sys_QCDScale2wUp
Merging MT_monoZ_cat3L_sys_QCDScale2wUp
Merging measMET_monoZ_cat4L_sys_QCDScale2wUp
Merging MT_monoZ_cat4L_sys_QCDScale2wUp
Merging measMET_monoZ_catNRB_sys_QCDScale2wUp
Merging MT_monoZ_catNRB_sys_QCDScale2wUp
Merging measMET_monoZ_catTOP_sys_QCDScale2wUp
Merging MT_monoZ_catTOP_sys_QCDScale2wUp
Merging measMET_monoZ_catDY_sys_QCDScale2wUp
Merging MT_monoZ_catDY_sys_QCDScale2wUp
Merging balance_monoZ_sys_QCDScale2wUp
Merging phizmet_monoZ_sys_QCDScale2wUp
Merging njet_monoZ_sys_QCDScale2wUp
Merging measMET_monoZ_catSignal-0jet_sys_QCDScale2wDown
Merging MT_monoZ_catSignal-0jet_sys_QCDScale2wDown
Merging measMET_monoZ_catEM_sys_QCDScale2wDown
Merging MT_monoZ_catEM_sys_QCDScale2wDown
Merging measMET_monoZ_catSignal-1jet_sys_QCDScale2wDown
Merging MT_monoZ_catSignal-1jet_sys_QCDScale2wDown
Merging measMET_monoZ_cat3L_sys_QCDScale2wDown
Merging MT_monoZ_cat3L_sys_QCDScale2wDown
Merging measMET_monoZ_cat4L_sys_QCDScale2wDown
Merging MT_monoZ_cat4L_sys_QCDScale2wDown
Merging measMET_monoZ_catNRB_sys_QCDScale2wDown
Merging MT_monoZ_catNRB_sys_QCDScale2wDown
Merging measMET_monoZ_catTOP_sys_QCDScale2wDown
Merging MT_monoZ_catTOP_sys_QCDScale2wDown
Merging measMET_monoZ_catDY_sys_QCDScale2wDown
Merging MT_monoZ_catDY_sys_QCDScale2wDown
Merging balance_monoZ_sys_QCDScale2wDown
Merging phizmet_monoZ_sys_QCDScale2wDown
Merging njet_monoZ_sys_QCDScale2wDown
Merging Events
Merging Runs
Merging ParameterSets
Merging LuminosityBlocks
Merging MetaData
Merging MT_TTZToLLNuNu_M-10_TuneCP5_PSweights_13TeV-amcatnlo-pythia8_catSignal-1jet
Merging measMET_TTZToLLNuNu_M-10_TuneCP5_PSweights_13TeV-amcatnlo-pythia8_catSignal-0jet_sys_QCDScale1wUp
Merging measMET_TTZToLLNuNu_M-10_TuneCP5_PSweights_13TeV-amcatnlo-pythia8_catSignal-0jet_sys_PDFUp
Merging MT_TTZToLLNuNu_M-10_TuneCP5_PSweights_13TeV-amcatnlo-pythia8_cat3L_sys_MuonEnUp
Merging measMET_TTZToLLNuNu_M-10_TuneCP5_PSweights_13TeV-amcatnlo-pythia8_catSignal-0jet_sys_PDFDown
Merging measMET_TTZToLLNuNu_M-10_TuneCP5_PSweights_13TeV-amcatnlo-pythia8_cat3L_sys_ElecronSFUp
Merging measMET_TTZToLLNuNu_M-10_TuneCP5_PSweights_13TeV-amcatnlo-pythia8_catSignal-1jet_sys_MuonEnUp
Merging measMET_TTZToLLNuNu_M-10_TuneCP5_PSweights_13TeV-amcatnlo-pythia8_catNRB_sys_MuonSFUp
Merging njet_TTZToLLNuNu_M-10_TuneCP5_PSweights_13TeV-amcatnlo-pythia8_sys_QCDScale1wDown
Merging measMET_TTZToLLNuNu_M-10_TuneCP5_PSweights_13TeV-amcatnlo-pythia8_catNRB_sys_puWeightUp
Merging phizmet_TTZToLLNuNu_M-10_TuneCP5_PSweights_13TeV-amcatnlo-pythia8_sys_ElectronEnDown
Merging njet_TTZToLLNuNu_M-10_TuneCP5_PSweights_13TeV-amcatnlo-pythia8_sys_jesTotalDown
Merging njet_TTZToLLNuNu_M-10_TuneCP5_PSweights_13TeV-amcatnlo-pythia8_sys_jerUp
Merging measMET_TTZToLLNuNu_M-10_TuneCP5_PSweights_13TeV-amcatnlo-pythia8_cat3L_sys_nvtxWeightUp
Merging MT_TTZToLLNuNu_M-10_TuneCP5_PSweights_13TeV-amcatnlo-pythia8_catDY_sys_QCDScale2wDown
Merging MT_TTZToLLNuNu_M-10_TuneCP5_PSweights_13TeV-amcatnlo-pythia8_catDY_sys_puWeightDown
Merging MT_TTZToLLNuNu_M-10_TuneCP5_PSweights_13TeV-amcatnlo-pythia8_cat4L_sys_MuonEnUp
Merging measMET_TTZToLLNuNu_M-10_TuneCP5_PSweights_13TeV-amcatnlo-pythia8_catSignal-0jet_sys_MuonEnUp
Merging MT_TTZToLLNuNu_M-10_TuneCP5_PSweights_13TeV-amcatnlo-pythia8_catDY_sys_MuonEnDown
Merging njet_TTZToLLNuNu_M-10_TuneCP5_PSweights_13TeV-amcatnlo-pythia8_sys_QCDScale2wDown
Merging balance_TTZToLLNuNu_M-10_TuneCP5_PSweights_13TeV-amcatnlo-pythia8_sys_MuonSFDown
Merging measMET_TTZToLLNuNu_M-10_TuneCP5_PSweights_13TeV-amcatnlo-pythia8_catDY_sys_ElectronEnDown
Merging measMET_TTZToLLNuNu_M-10_TuneCP5_PSweights_13TeV-amcatnlo-pythia8_catTOP_sys_MuonSFUp
Merging phizmet_TTZToLLNuNu_M-10_TuneCP5_PSweights_13TeV-amcatnlo-pythia8_sys_ElecronSFDown
Merging MT_TTZToLLNuNu_M-10_TuneCP5_PSweights_13TeV-amcatnlo-pythia8_catDY_sys_QCDScale2wUp
Merging MT_TTZToLLNuNu_M-10_TuneCP5_PSweights_13TeV-amcatnlo-pythia8_cat3L_sys_QCDScale0wDown
Merging measMET_TTZToLLNuNu_M-10_TuneCP5_PSweights_13TeV-amcatnlo-pythia8_catTOP_sys_QCDScale2wDown
Merging measMET_TTZToLLNuNu_M-10_TuneCP5_PSweights_13TeV-amcatnlo-pythia8_catNRB_sys_btagEventWeightDown
Merging MT_TTZToLLNuNu_M-10_TuneCP5_PSweights_13TeV-amcatnlo-pythia8_catDY_sys_jerUp
Merging phizmet_TTZToLLNuNu_M-10_TuneCP5_PSweights_13TeV-amcatnlo-pythia8_sys_QCDScale0wDown
Merging balance_TTZToLLNuNu_M-10_TuneCP5_PSweights_13TeV-amcatnlo-pythia8_sys_QCDScale1wUp
Merging balance_TTZToLLNuNu_M-10_TuneCP5_PSweights_13TeV-amcatnlo-pythia8_sys_jesTotalDown
Merging MT_TTZToLLNuNu_M-10_TuneCP5_PSweights_13TeV-amcatnlo-pythia8_cat3L_sys_jesTotalUp
Merging measMET_TTZToLLNuNu_M-10_TuneCP5_PSweights_13TeV-amcatnlo-pythia8_catTOP_sys_QCDScale0wUp
Merging MT_TTZToLLNuNu_M-10_TuneCP5_PSweights_13TeV-amcatnlo-pythia8_cat3L_sys_ElecronSFUp
Merging phizmet_TTZToLLNuNu_M-10_TuneCP5_PSweights_13TeV-amcatnlo-pythia8_sys_QCDScale1wDown
Merging MT_TTZToLLNuNu_M-10_TuneCP5_PSweights_13TeV-amcatnlo-pythia8_catNRB_sys_puWeightUp
Merging MT_TTZToLLNuNu_M-10_TuneCP5_PSweights_13TeV-amcatnlo-pythia8_catEM_sys_jerUp
Merging MT_TTZToLLNuNu_M-10_TuneCP5_PSweights_13TeV-amcatnlo-pythia8_catSignal-1jet_sys_QCDScale2wUp
Merging MT_TTZToLLNuNu_M-10_TuneCP5_PSweights_13TeV-amcatnlo-pythia8_catTOP_sys_PDFUp
Merging measMET_TTZToLLNuNu_M-10_TuneCP5_PSweights_13TeV-amcatnlo-pythia8_catTOP_sys_nvtxWeightUp
Merging phizmet_TTZToLLNuNu_M-10_TuneCP5_PSweights_13TeV-amcatnlo-pythia8_sys_EWKUp
Merging measMET_TTZToLLNuNu_M-10_TuneCP5_PSweights_13TeV-amcatnlo-pythia8_catEM_sys_QCDScale0wUp
Merging MT_TTZToLLNuNu_M-10_TuneCP5_PSweights_13TeV-amcatnlo-pythia8_catEM_sys_jesTotalUp
Merging MT_TTZToLLNuNu_M-10_TuneCP5_PSweights_13TeV-amcatnlo-pythia8_catDY_sys_jesTotalUp
Merging measMET_TTZToLLNuNu_M-10_TuneCP5_PSweights_13TeV-amcatnlo-pythia8_cat3L_sys_MuonSFDown
Merging MT_TTZToLLNuNu_M-10_TuneCP5_PSweights_13TeV-amcatnlo-pythia8_catDY_sys_ElectronEnDown
Merging balance_TTZToLLNuNu_M-10_TuneCP5_PSweights_13TeV-amcatnlo-pythia8_sys_QCDScale2wDown
Merging measMET_TTZToLLNuNu_M-10_TuneCP5_PSweights_13TeV-amcatnlo-pythia8_catTOP_sys_TriggerSFWeightDown
Merging measMET_TTZToLLNuNu_M-10_TuneCP5_PSweights_13TeV-amcatnlo-pythia8_catSignal-1jet_sys_jesTotalUp
Merging measMET_TTZToLLNuNu_M-10_TuneCP5_PSweights_13TeV-amcatnlo-pythia8_catSignal-1jet_sys_ElecronSFUp
Merging njet_TTZToLLNuNu_M-10_TuneCP5_PSweights_13TeV-amcatnlo-pythia8_sys_btagEventWeightUp
Merging measMET_TTZToLLNuNu_M-10_TuneCP5_PSweights_13TeV-amcatnlo-pythia8_catSignal-0jet_sys_EWKUp
Merging MT_TTZToLLNuNu_M-10_TuneCP5_PSweights_13TeV-amcatnlo-pythia8_catSignal-1jet_sys_puWeightDown
Merging MT_TTZToLLNuNu_M-10_TuneCP5_PSweights_13TeV-amcatnlo-pythia8_cat4L_sys_PDFUp
Merging measMET_TTZToLLNuNu_M-10_TuneCP5_PSweights_13TeV-amcatnlo-pythia8_cat4L_sys_PrefireWeightUp
Merging njet_TTZToLLNuNu_M-10_TuneCP5_PSweights_13TeV-amcatnlo-pythia8_sys_ElecronSFDown
Merging MT_TTZToLLNuNu_M-10_TuneCP5_PSweights_13TeV-amcatnlo-pythia8_cat3L_sys_jerUp
Merging measMET_TTZToLLNuNu_M-10_TuneCP5_PSweights_13TeV-amcatnlo-pythia8_catSignal-0jet_sys_nvtxWeightUp
Merging phizmet_TTZToLLNuNu_M-10_TuneCP5_PSweights_13TeV-amcatnlo-pythia8_sys_nvtxWeightDown
Merging MT_TTZToLLNuNu_M-10_TuneCP5_PSweights_13TeV-amcatnlo-pythia8_cat3L_sys_QCDScale2wDown
Merging MT_TTZToLLNuNu_M-10_TuneCP5_PSweights_13TeV-amcatnlo-pythia8_catSignal-1jet_sys_ElectronEnUp
Merging measMET_TTZToLLNuNu_M-10_TuneCP5_PSweights_13TeV-amcatnlo-pythia8_catEM_sys_ElectronEnUp
Merging measMET_TTZToLLNuNu_M-10_TuneCP5_PSweights_13TeV-amcatnlo-pythia8_catEM_sys_btagEventWeightDown
Merging MT_TTZToLLNuNu_M-10_TuneCP5_PSweights_13TeV-amcatnlo-pythia8_catEM_sys_TriggerSFWeightUp
Merging balance_TTZToLLNuNu_M-10_TuneCP5_PSweights_13TeV-amcatnlo-pythia8_sys_btagEventWeightDown
Merging measMET_TTZToLLNuNu_M-10_TuneCP5_PSweights_13TeV-amcatnlo-pythia8_catSignal-1jet_sys_PrefireWeightDown
Merging measMET_TTZToLLNuNu_M-10_TuneCP5_PSweights_13TeV-amcatnlo-pythia8_catSignal-1jet
Merging MT_TTZToLLNuNu_M-10_TuneCP5_PSweights_13TeV-amcatnlo-pythia8_catSignal-1jet_sys_PDFUp
Merging measMET_TTZToLLNuNu_M-10_TuneCP5_PSweights_13TeV-amcatnlo-pythia8_catSignal-0jet_sys_btagEventWeightUp
Merging measMET_TTZToLLNuNu_M-10_TuneCP5_PSweights_13TeV-amcatnlo-pythia8_catDY_sys_MuonEnUp
Merging measMET_TTZToLLNuNu_M-10_TuneCP5_PSweights_13TeV-amcatnlo-pythia8_catNRB_sys_EWKUp
Merging measMET_TTZToLLNuNu_M-10_TuneCP5_PSweights_13TeV-amcatnlo-pythia8_catTOP_sys_MuonEnUp
Merging MT_TTZToLLNuNu_M-10_TuneCP5_PSweights_13TeV-amcatnlo-pythia8_catSignal-0jet_sys_puWeightUp
Merging balance_TTZToLLNuNu_M-10_TuneCP5_PSweights_13TeV-amcatnlo-pythia8_sys_QCDScale1wDown
Merging measMET_TTZToLLNuNu_M-10_TuneCP5_PSweights_13TeV-amcatnlo-pythia8_catDY_sys_ElecronSFUp
Merging measMET_TTZToLLNuNu_M-10_TuneCP5_PSweights_13TeV-amcatnlo-pythia8_catSignal-0jet_sys_QCDScale2wDown
Merging balance_TTZToLLNuNu_M-10_TuneCP5_PSweights_13TeV-amcatnlo-pythia8_sys_puWeightUp
Merging untagged
Merging MT_TTZToLLNuNu_M-10_TuneCP5_PSweights_13TeV-amcatnlo-pythia8_catEM_sys_nvtxWeightUp
Merging njet_TTZToLLNuNu_M-10_TuneCP5_PSweights_13TeV-amcatnlo-pythia8_sys_ElectronEnDown
Merging MT_TTZToLLNuNu_M-10_TuneCP5_PSweights_13TeV-amcatnlo-pythia8_catNRB_sys_PDFUp
Merging MT_TTZToLLNuNu_M-10_TuneCP5_PSweights_13TeV-amcatnlo-pythia8_catSignal-1jet_sys_ElecronSFDown
Merging measMET_TTZToLLNuNu_M-10_TuneCP5_PSweights_13TeV-amcatnlo-pythia8_catSignal-1jet_sys_TriggerSFWeightDown
Merging measMET_TTZToLLNuNu_M-10_TuneCP5_PSweights_13TeV-amcatnlo-pythia8_catNRB_sys_ElectronEnDown
Merging measMET_TTZToLLNuNu_M-10_TuneCP5_PSweights_13TeV-amcatnlo-pythia8_catSignal-0jet_sys_QCDScale0wDown
Merging MT_TTZToLLNuNu_M-10_TuneCP5_PSweights_13TeV-amcatnlo-pythia8_catDY_sys_jesTotalDown
Merging measMET_TTZToLLNuNu_M-10_TuneCP5_PSweights_13TeV-amcatnlo-pythia8_catDY_sys_puWeightDown
Merging measMET_TTZToLLNuNu_M-10_TuneCP5_PSweights_13TeV-amcatnlo-pythia8_catTOP_sys_btagEventWeightUp
Merging measMET_TTZToLLNuNu_M-10_TuneCP5_PSweights_13TeV-amcatnlo-pythia8_catTOP
Merging MT_TTZToLLNuNu_M-10_TuneCP5_PSweights_13TeV-amcatnlo-pythia8_catEM_sys_PDFDown
Merging measMET_TTZToLLNuNu_M-10_TuneCP5_PSweights_13TeV-amcatnlo-pythia8_catEM_sys_MuonSFDown
Merging measMET_TTZToLLNuNu_M-10_TuneCP5_PSweights_13TeV-amcatnlo-pythia8_cat3L_sys_QCDScale0wDown
Merging measMET_TTZToLLNuNu_M-10_TuneCP5_PSweights_13TeV-amcatnlo-pythia8_cat3L_sys_QCDScale0wUp
Merging measMET_TTZToLLNuNu_M-10_TuneCP5_PSweights_13TeV-amcatnlo-pythia8_catDY_sys_PDFDown
Merging MT_TTZToLLNuNu_M-10_TuneCP5_PSweights_13TeV-amcatnlo-pythia8_cat4L_sys_ElectronEnUp
Merging measMET_TTZToLLNuNu_M-10_TuneCP5_PSweights_13TeV-amcatnlo-pythia8_cat4L_sys_QCDScale2wUp
Merging measMET_TTZToLLNuNu_M-10_TuneCP5_PSweights_13TeV-amcatnlo-pythia8_catEM_sys_MuonEnDown
Merging measMET_TTZToLLNuNu_M-10_TuneCP5_PSweights_13TeV-amcatnlo-pythia8_cat4L_sys_EWKDown
Merging measMET_TTZToLLNuNu_M-10_TuneCP5_PSweights_13TeV-amcatnlo-pythia8_catEM_sys_jerUp
Merging MT_TTZToLLNuNu_M-10_TuneCP5_PSweights_13TeV-amcatnlo-pythia8_catTOP_sys_QCDScale1wUp
Merging measMET_TTZToLLNuNu_M-10_TuneCP5_PSweights_13TeV-amcatnlo-pythia8_cat3L_sys_EWKUp
Merging MT_TTZToLLNuNu_M-10_TuneCP5_PSweights_13TeV-amcatnlo-pythia8_cat4L_sys_ElecronSFUp
Merging MT_TTZToLLNuNu_M-10_TuneCP5_PSweights_13TeV-amcatnlo-pythia8_catSignal-0jet_sys_MuonEnDown
Merging MT_TTZToLLNuNu_M-10_TuneCP5_PSweights_13TeV-amcatnlo-pythia8_cat3L
Merging njet_TTZToLLNuNu_M-10_TuneCP5_PSweights_13TeV-amcatnlo-pythia8_sys_jesTotalUp
Merging measMET_TTZToLLNuNu_M-10_TuneCP5_PSweights_13TeV-amcatnlo-pythia8_catNRB_sys_ElecronSFUp
Merging measMET_TTZToLLNuNu_M-10_TuneCP5_PSweights_13TeV-amcatnlo-pythia8_catNRB_sys_nvtxWeightDown
Merging MT_TTZToLLNuNu_M-10_TuneCP5_PSweights_13TeV-amcatnlo-pythia8_catNRB_sys_MuonSFUp
Merging MT_TTZToLLNuNu_M-10_TuneCP5_PSweights_13TeV-amcatnlo-pythia8_catEM_sys_PrefireWeightUp
Merging MT_TTZToLLNuNu_M-10_TuneCP5_PSweights_13TeV-amcatnlo-pythia8_cat4L_sys_QCDScale0wDown
Merging measMET_TTZToLLNuNu_M-10_TuneCP5_PSweights_13TeV-amcatnlo-pythia8_catSignal-1jet_sys_btagEventWeightDown
Merging MT_TTZToLLNuNu_M-10_TuneCP5_PSweights_13TeV-amcatnlo-pythia8_catSignal-0jet_sys_PDFDown
Merging measMET_TTZToLLNuNu_M-10_TuneCP5_PSweights_13TeV-amcatnlo-pythia8_catSignal-1jet_sys_QCDScale0wUp
Merging MT_TTZToLLNuNu_M-10_TuneCP5_PSweights_13TeV-amcatnlo-pythia8_cat4L_sys_nvtxWeightUp
Merging measMET_TTZToLLNuNu_M-10_TuneCP5_PSweights_13TeV-amcatnlo-pythia8_cat3L_sys_jesTotalDown
Merging MT_TTZToLLNuNu_M-10_TuneCP5_PSweights_13TeV-amcatnlo-pythia8_cat4L_sys_EWKUp
Merging measMET_TTZToLLNuNu_M-10_TuneCP5_PSweights_13TeV-amcatnlo-pythia8_catTOP_sys_ElecronSFDown
Merging phizmet_TTZToLLNuNu_M-10_TuneCP5_PSweights_13TeV-amcatnlo-pythia8_sys_PrefireWeightDown
Merging njet_TTZToLLNuNu_M-10_TuneCP5_PSweights_13TeV-amcatnlo-pythia8_sys_nvtxWeightDown
Merging MT_TTZToLLNuNu_M-10_TuneCP5_PSweights_13TeV-amcatnlo-pythia8_catTOP_sys_QCDScale2wDown
Merging autoPU
Merging MT_TTZToLLNuNu_M-10_TuneCP5_PSweights_13TeV-amcatnlo-pythia8_catSignal-1jet_sys_EWKUp
Merging measMET_TTZToLLNuNu_M-10_TuneCP5_PSweights_13TeV-amcatnlo-pythia8_cat3L_sys_ElectronEnDown
Merging measMET_TTZToLLNuNu_M-10_TuneCP5_PSweights_13TeV-amcatnlo-pythia8_cat3L_sys_QCDScale1wDown
Merging njet_TTZToLLNuNu_M-10_TuneCP5_PSweights_13TeV-amcatnlo-pythia8_sys_EWKDown
Merging measMET_TTZToLLNuNu_M-10_TuneCP5_PSweights_13TeV-amcatnlo-pythia8_catDY_sys_TriggerSFWeightUp
Merging measMET_TTZToLLNuNu_M-10_TuneCP5_PSweights_13TeV-amcatnlo-pythia8_catTOP_sys_ElectronEnUp
Merging MT_TTZToLLNuNu_M-10_TuneCP5_PSweights_13TeV-amcatnlo-pythia8_catTOP_sys_MuonEnUp
Merging measMET_TTZToLLNuNu_M-10_TuneCP5_PSweights_13TeV-amcatnlo-pythia8_catSignal-1jet_sys_btagEventWeightUp
Merging MT_TTZToLLNuNu_M-10_TuneCP5_PSweights_13TeV-amcatnlo-pythia8_catTOP_sys_ElecronSFUp
Merging balance_TTZToLLNuNu_M-10_TuneCP5_PSweights_13TeV-amcatnlo-pythia8
Merging measMET_TTZToLLNuNu_M-10_TuneCP5_PSweights_13TeV-amcatnlo-pythia8_catNRB_sys_QCDScale1wDown
Merging MT_TTZToLLNuNu_M-10_TuneCP5_PSweights_13TeV-amcatnlo-pythia8_cat4L_sys_QCDScale1wDown
Merging balance_TTZToLLNuNu_M-10_TuneCP5_PSweights_13TeV-amcatnlo-pythia8_sys_ElectronEnUp
Merging MT_TTZToLLNuNu_M-10_TuneCP5_PSweights_13TeV-amcatnlo-pythia8_catTOP_sys_nvtxWeightDown
Merging MT_TTZToLLNuNu_M-10_TuneCP5_PSweights_13TeV-amcatnlo-pythia8_catNRB_sys_btagEventWeightUp
Merging measMET_TTZToLLNuNu_M-10_TuneCP5_PSweights_13TeV-amcatnlo-pythia8_catSignal-1jet_sys_puWeightUp
Merging MT_TTZToLLNuNu_M-10_TuneCP5_PSweights_13TeV-amcatnlo-pythia8_catSignal-1jet_sys_jerDown
Merging measMET_TTZToLLNuNu_M-10_TuneCP5_PSweights_13TeV-amcatnlo-pythia8_catDY_sys_TriggerSFWeightDown
Merging MT_TTZToLLNuNu_M-10_TuneCP5_PSweights_13TeV-amcatnlo-pythia8_catTOP_sys_MuonEnDown
Merging phizmet_TTZToLLNuNu_M-10_TuneCP5_PSweights_13TeV-amcatnlo-pythia8_sys_ElecronSFUp
Merging MT_TTZToLLNuNu_M-10_TuneCP5_PSweights_13TeV-amcatnlo-pythia8_cat4L_sys_puWeightDown
Merging measMET_TTZToLLNuNu_M-10_TuneCP5_PSweights_13TeV-amcatnlo-pythia8_catSignal-1jet_sys_QCDScale1wUp
Merging measMET_TTZToLLNuNu_M-10_TuneCP5_PSweights_13TeV-amcatnlo-pythia8_cat4L_sys_MuonSFUp
Merging measMET_TTZToLLNuNu_M-10_TuneCP5_PSweights_13TeV-amcatnlo-pythia8_cat4L_sys_ElecronSFUp
Merging MT_TTZToLLNuNu_M-10_TuneCP5_PSweights_13TeV-amcatnlo-pythia8_cat3L_sys_PDFDown
Merging measMET_TTZToLLNuNu_M-10_TuneCP5_PSweights_13TeV-amcatnlo-pythia8_catDY_sys_QCDScale1wDown
Merging njet_TTZToLLNuNu_M-10_TuneCP5_PSweights_13TeV-amcatnlo-pythia8_sys_puWeightDown
Merging MT_TTZToLLNuNu_M-10_TuneCP5_PSweights_13TeV-amcatnlo-pythia8_catTOP_sys_ElectronEnDown
Merging phizmet_TTZToLLNuNu_M-10_TuneCP5_PSweights_13TeV-amcatnlo-pythia8_sys_nvtxWeightUp
Merging MT_TTZToLLNuNu_M-10_TuneCP5_PSweights_13TeV-amcatnlo-pythia8_cat3L_sys_EWKDown
Merging MT_TTZToLLNuNu_M-10_TuneCP5_PSweights_13TeV-amcatnlo-pythia8_catNRB_sys_ElectronEnDown
Merging measMET_TTZToLLNuNu_M-10_TuneCP5_PSweights_13TeV-amcatnlo-pythia8_catEM_sys_EWKUp
Merging measMET_TTZToLLNuNu_M-10_TuneCP5_PSweights_13TeV-amcatnlo-pythia8_catEM_sys_PrefireWeightUp
Merging measMET_TTZToLLNuNu_M-10_TuneCP5_PSweights_13TeV-amcatnlo-pythia8_catNRB_sys_MuonEnUp
Merging measMET_TTZToLLNuNu_M-10_TuneCP5_PSweights_13TeV-amcatnlo-pythia8_catTOP_sys_puWeightDown
Merging MT_TTZToLLNuNu_M-10_TuneCP5_PSweights_13TeV-amcatnlo-pythia8_catSignal-1jet_sys_QCDScale0wDown
Merging MT_TTZToLLNuNu_M-10_TuneCP5_PSweights_13TeV-amcatnlo-pythia8_catDY_sys_TriggerSFWeightUp
Merging MT_TTZToLLNuNu_M-10_TuneCP5_PSweights_13TeV-amcatnlo-pythia8_catSignal-0jet_sys_btagEventWeightDown
Merging measMET_TTZToLLNuNu_M-10_TuneCP5_PSweights_13TeV-amcatnlo-pythia8_catDY_sys_EWKUp
Merging MT_TTZToLLNuNu_M-10_TuneCP5_PSweights_13TeV-amcatnlo-pythia8_catDY_sys_PrefireWeightUp
Merging measMET_TTZToLLNuNu_M-10_TuneCP5_PSweights_13TeV-amcatnlo-pythia8_cat4L_sys_QCDScale2wDown
Merging measMET_TTZToLLNuNu_M-10_TuneCP5_PSweights_13TeV-amcatnlo-pythia8_cat4L_sys_QCDScale0wUp
Merging MT_TTZToLLNuNu_M-10_TuneCP5_PSweights_13TeV-amcatnlo-pythia8_catNRB_sys_EWKUp
Merging MT_TTZToLLNuNu_M-10_TuneCP5_PSweights_13TeV-amcatnlo-pythia8_catEM_sys_btagEventWeightUp
Merging MT_TTZToLLNuNu_M-10_TuneCP5_PSweights_13TeV-amcatnlo-pythia8_catSignal-0jet_sys_PDFUp
Merging measMET_TTZToLLNuNu_M-10_TuneCP5_PSweights_13TeV-amcatnlo-pythia8_catTOP_sys_PDFDown
Merging measMET_TTZToLLNuNu_M-10_TuneCP5_PSweights_13TeV-amcatnlo-pythia8_catNRB_sys_jesTotalDown
Merging MT_TTZToLLNuNu_M-10_TuneCP5_PSweights_13TeV-amcatnlo-pythia8_catNRB_sys_PrefireWeightUp
Merging phizmet_TTZToLLNuNu_M-10_TuneCP5_PSweights_13TeV-amcatnlo-pythia8_sys_btagEventWeightUp
Merging measMET_TTZToLLNuNu_M-10_TuneCP5_PSweights_13TeV-amcatnlo-pythia8_catSignal-1jet_sys_puWeightDown
Merging measMET_TTZToLLNuNu_M-10_TuneCP5_PSweights_13TeV-amcatnlo-pythia8_cat3L_sys_PrefireWeightDown
Merging MT_TTZToLLNuNu_M-10_TuneCP5_PSweights_13TeV-amcatnlo-pythia8_catDY_sys_ElecronSFDown
Merging MT_TTZToLLNuNu_M-10_TuneCP5_PSweights_13TeV-amcatnlo-pythia8_cat4L_sys_jesTotalDown
Merging measMET_TTZToLLNuNu_M-10_TuneCP5_PSweights_13TeV-amcatnlo-pythia8_catEM_sys_puWeightDown
Merging measMET_TTZToLLNuNu_M-10_TuneCP5_PSweights_13TeV-amcatnlo-pythia8_catSignal-0jet_sys_EWKDown
Merging measMET_TTZToLLNuNu_M-10_TuneCP5_PSweights_13TeV-amcatnlo-pythia8_catNRB_sys_puWeightDown
Merging measMET_TTZToLLNuNu_M-10_TuneCP5_PSweights_13TeV-amcatnlo-pythia8_cat3L_sys_EWKDown
Merging measMET_TTZToLLNuNu_M-10_TuneCP5_PSweights_13TeV-amcatnlo-pythia8_catSignal-0jet_sys_MuonSFDown
Merging measMET_TTZToLLNuNu_M-10_TuneCP5_PSweights_13TeV-amcatnlo-pythia8_catDY_sys_btagEventWeightUp
Merging MT_TTZToLLNuNu_M-10_TuneCP5_PSweights_13TeV-amcatnlo-pythia8_catEM
Merging MT_TTZToLLNuNu_M-10_TuneCP5_PSweights_13TeV-amcatnlo-pythia8_catSignal-1jet_sys_nvtxWeightDown
Merging MT_TTZToLLNuNu_M-10_TuneCP5_PSweights_13TeV-amcatnlo-pythia8_catSignal-0jet_sys_EWKUp
Merging measMET_TTZToLLNuNu_M-10_TuneCP5_PSweights_13TeV-amcatnlo-pythia8_catTOP_sys_btagEventWeightDown
Merging balance_TTZToLLNuNu_M-10_TuneCP5_PSweights_13TeV-amcatnlo-pythia8_sys_PDFDown
Merging MT_TTZToLLNuNu_M-10_TuneCP5_PSweights_13TeV-amcatnlo-pythia8_catSignal-0jet_sys_QCDScale2wDown
Merging measMET_TTZToLLNuNu_M-10_TuneCP5_PSweights_13TeV-amcatnlo-pythia8_cat4L_sys_ElectronEnDown
Merging MT_TTZToLLNuNu_M-10_TuneCP5_PSweights_13TeV-amcatnlo-pythia8_catSignal-0jet_sys_nvtxWeightDown
Merging measMET_TTZToLLNuNu_M-10_TuneCP5_PSweights_13TeV-amcatnlo-pythia8_catSignal-1jet_sys_jerDown
Merging MT_TTZToLLNuNu_M-10_TuneCP5_PSweights_13TeV-amcatnlo-pythia8_catTOP_sys_jesTotalUp
Merging measMET_TTZToLLNuNu_M-10_TuneCP5_PSweights_13TeV-amcatnlo-pythia8_catTOP_sys_nvtxWeightDown
Merging measMET_TTZToLLNuNu_M-10_TuneCP5_PSweights_13TeV-amcatnlo-pythia8_catTOP_sys_EWKUp
Merging balance_TTZToLLNuNu_M-10_TuneCP5_PSweights_13TeV-amcatnlo-pythia8_sys_jerDown
Merging MT_TTZToLLNuNu_M-10_TuneCP5_PSweights_13TeV-amcatnlo-pythia8_catEM_sys_jesTotalDown
Merging MT_TTZToLLNuNu_M-10_TuneCP5_PSweights_13TeV-amcatnlo-pythia8_catEM_sys_MuonSFUp
Merging MT_TTZToLLNuNu_M-10_TuneCP5_PSweights_13TeV-amcatnlo-pythia8_catSignal-1jet_sys_MuonEnDown
Merging MT_TTZToLLNuNu_M-10_TuneCP5_PSweights_13TeV-amcatnlo-pythia8_catSignal-1jet_sys_btagEventWeightUp
Merging MT_TTZToLLNuNu_M-10_TuneCP5_PSweights_13TeV-amcatnlo-pythia8_catDY_sys_PDFUp
Merging MT_TTZToLLNuNu_M-10_TuneCP5_PSweights_13TeV-amcatnlo-pythia8_catSignal-1jet_sys_puWeightUp
Merging measMET_TTZToLLNuNu_M-10_TuneCP5_PSweights_13TeV-amcatnlo-pythia8_catDY_sys_EWKDown
Merging measMET_TTZToLLNuNu_M-10_TuneCP5_PSweights_13TeV-amcatnlo-pythia8_cat3L_sys_QCDScale1wUp
Merging MT_TTZToLLNuNu_M-10_TuneCP5_PSweights_13TeV-amcatnlo-pythia8_catSignal-0jet_sys_MuonEnUp
Merging MT_TTZToLLNuNu_M-10_TuneCP5_PSweights_13TeV-amcatnlo-pythia8_catSignal-0jet_sys_MuonSFUp
Merging MT_TTZToLLNuNu_M-10_TuneCP5_PSweights_13TeV-amcatnlo-pythia8_catEM_sys_btagEventWeightDown
Merging measMET_TTZToLLNuNu_M-10_TuneCP5_PSweights_13TeV-amcatnlo-pythia8_cat4L_sys_nvtxWeightUp
Merging measMET_TTZToLLNuNu_M-10_TuneCP5_PSweights_13TeV-amcatnlo-pythia8_cat3L_sys_QCDScale2wDown
Merging measMET_TTZToLLNuNu_M-10_TuneCP5_PSweights_13TeV-amcatnlo-pythia8_catNRB_sys_MuonEnDown
Merging MT_TTZToLLNuNu_M-10_TuneCP5_PSweights_13TeV-amcatnlo-pythia8_catTOP_sys_EWKDown
Merging MT_TTZToLLNuNu_M-10_TuneCP5_PSweights_13TeV-amcatnlo-pythia8_catTOP
Merging MT_TTZToLLNuNu_M-10_TuneCP5_PSweights_13TeV-amcatnlo-pythia8_catSignal-1jet_sys_MuonEnUp
Merging balance_TTZToLLNuNu_M-10_TuneCP5_PSweights_13TeV-amcatnlo-pythia8_sys_jesTotalUp
Merging MT_TTZToLLNuNu_M-10_TuneCP5_PSweights_13TeV-amcatnlo-pythia8_catEM_sys_EWKUp
Merging balance_TTZToLLNuNu_M-10_TuneCP5_PSweights_13TeV-amcatnlo-pythia8_sys_EWKUp
Merging measMET_TTZToLLNuNu_M-10_TuneCP5_PSweights_13TeV-amcatnlo-pythia8_catNRB_sys_QCDScale1wUp
Merging measMET_TTZToLLNuNu_M-10_TuneCP5_PSweights_13TeV-amcatnlo-pythia8_catSignal-1jet_sys_PDFUp
Merging MT_TTZToLLNuNu_M-10_TuneCP5_PSweights_13TeV-amcatnlo-pythia8_catDY_sys_QCDScale1wUp
Merging measMET_TTZToLLNuNu_M-10_TuneCP5_PSweights_13TeV-amcatnlo-pythia8_catEM_sys_QCDScale0wDown
Merging MT_TTZToLLNuNu_M-10_TuneCP5_PSweights_13TeV-amcatnlo-pythia8_catTOP_sys_puWeightDown
Merging measMET_TTZToLLNuNu_M-10_TuneCP5_PSweights_13TeV-amcatnlo-pythia8_catNRB_sys_ElectronEnUp
Merging MT_TTZToLLNuNu_M-10_TuneCP5_PSweights_13TeV-amcatnlo-pythia8_catEM_sys_MuonEnDown
Merging measMET_TTZToLLNuNu_M-10_TuneCP5_PSweights_13TeV-amcatnlo-pythia8_cat3L_sys_nvtxWeightDown
Merging measMET_TTZToLLNuNu_M-10_TuneCP5_PSweights_13TeV-amcatnlo-pythia8_cat4L_sys_btagEventWeightDown
Merging measMET_TTZToLLNuNu_M-10_TuneCP5_PSweights_13TeV-amcatnlo-pythia8_catSignal-0jet_sys_jesTotalDown
Merging measMET_TTZToLLNuNu_M-10_TuneCP5_PSweights_13TeV-amcatnlo-pythia8_catTOP_sys_ElecronSFUp
Merging MT_TTZToLLNuNu_M-10_TuneCP5_PSweights_13TeV-amcatnlo-pythia8_catSignal-0jet_sys_PrefireWeightUp
Merging phizmet_TTZToLLNuNu_M-10_TuneCP5_PSweights_13TeV-amcatnlo-pythia8_sys_EWKDown
Merging MT_TTZToLLNuNu_M-10_TuneCP5_PSweights_13TeV-amcatnlo-pythia8_cat3L_sys_ElectronEnUp
Merging measMET_TTZToLLNuNu_M-10_TuneCP5_PSweights_13TeV-amcatnlo-pythia8_catDY_sys_btagEventWeightDown
Merging MT_TTZToLLNuNu_M-10_TuneCP5_PSweights_13TeV-amcatnlo-pythia8_catSignal-1jet_sys_TriggerSFWeightDown
Merging phizmet_TTZToLLNuNu_M-10_TuneCP5_PSweights_13TeV-amcatnlo-pythia8_sys_jesTotalUp
Merging njet_TTZToLLNuNu_M-10_TuneCP5_PSweights_13TeV-amcatnlo-pythia8_sys_MuonSFDown
Merging MT_TTZToLLNuNu_M-10_TuneCP5_PSweights_13TeV-amcatnlo-pythia8_catSignal-0jet_sys_TriggerSFWeightUp
Merging MT_TTZToLLNuNu_M-10_TuneCP5_PSweights_13TeV-amcatnlo-pythia8_catNRB_sys_MuonSFDown
Merging measMET_TTZToLLNuNu_M-10_TuneCP5_PSweights_13TeV-amcatnlo-pythia8_catEM_sys_btagEventWeightUp
Merging MT_TTZToLLNuNu_M-10_TuneCP5_PSweights_13TeV-amcatnlo-pythia8_cat3L_sys_MuonSFUp
Merging measMET_TTZToLLNuNu_M-10_TuneCP5_PSweights_13TeV-amcatnlo-pythia8_catSignal-0jet_sys_jerUp
Merging MT_TTZToLLNuNu_M-10_TuneCP5_PSweights_13TeV-amcatnlo-pythia8_catNRB_sys_jerDown
Merging MT_TTZToLLNuNu_M-10_TuneCP5_PSweights_13TeV-amcatnlo-pythia8_catEM_sys_puWeightUp
Merging measMET_TTZToLLNuNu_M-10_TuneCP5_PSweights_13TeV-amcatnlo-pythia8_cat4L_sys_puWeightDown
Merging MT_TTZToLLNuNu_M-10_TuneCP5_PSweights_13TeV-amcatnlo-pythia8_catDY_sys_PrefireWeightDown
Merging MT_TTZToLLNuNu_M-10_TuneCP5_PSweights_13TeV-amcatnlo-pythia8_catNRB
Merging MT_TTZToLLNuNu_M-10_TuneCP5_PSweights_13TeV-amcatnlo-pythia8_catSignal-0jet_sys_nvtxWeightUp
Merging MT_TTZToLLNuNu_M-10_TuneCP5_PSweights_13TeV-amcatnlo-pythia8_cat4L_sys_QCDScale1wUp
Merging MT_TTZToLLNuNu_M-10_TuneCP5_PSweights_13TeV-amcatnlo-pythia8_catNRB_sys_nvtxWeightUp
Merging measMET_TTZToLLNuNu_M-10_TuneCP5_PSweights_13TeV-amcatnlo-pythia8_catSignal-1jet_sys_QCDScale2wDown
Merging MT_TTZToLLNuNu_M-10_TuneCP5_PSweights_13TeV-amcatnlo-pythia8_catTOP_sys_jerDown
Merging MT_TTZToLLNuNu_M-10_TuneCP5_PSweights_13TeV-amcatnlo-pythia8_catEM_sys_QCDScale0wUp
Merging njet_TTZToLLNuNu_M-10_TuneCP5_PSweights_13TeV-amcatnlo-pythia8_sys_nvtxWeightUp
Merging MT_TTZToLLNuNu_M-10_TuneCP5_PSweights_13TeV-amcatnlo-pythia8_cat4L_sys_nvtxWeightDown
Merging MT_TTZToLLNuNu_M-10_TuneCP5_PSweights_13TeV-amcatnlo-pythia8_catSignal-0jet_sys_EWKDown
Merging measMET_TTZToLLNuNu_M-10_TuneCP5_PSweights_13TeV-amcatnlo-pythia8_catTOP_sys_puWeightUp
Merging MT_TTZToLLNuNu_M-10_TuneCP5_PSweights_13TeV-amcatnlo-pythia8_catNRB_sys_QCDScale0wUp
Merging MT_TTZToLLNuNu_M-10_TuneCP5_PSweights_13TeV-amcatnlo-pythia8_catTOP_sys_puWeightUp
Merging measMET_TTZToLLNuNu_M-10_TuneCP5_PSweights_13TeV-amcatnlo-pythia8_catDY_sys_jerUp
Merging measMET_TTZToLLNuNu_M-10_TuneCP5_PSweights_13TeV-amcatnlo-pythia8_catEM_sys_MuonSFUp
Merging measMET_TTZToLLNuNu_M-10_TuneCP5_PSweights_13TeV-amcatnlo-pythia8_catSignal-1jet_sys_QCDScale0wDown
Merging MT_TTZToLLNuNu_M-10_TuneCP5_PSweights_13TeV-amcatnlo-pythia8_catTOP_sys_QCDScale2wUp
Merging measMET_TTZToLLNuNu_M-10_TuneCP5_PSweights_13TeV-amcatnlo-pythia8_catSignal-1jet_sys_ElecronSFDown
Merging MT_TTZToLLNuNu_M-10_TuneCP5_PSweights_13TeV-amcatnlo-pythia8_cat4L_sys_MuonSFUp
Merging measMET_TTZToLLNuNu_M-10_TuneCP5_PSweights_13TeV-amcatnlo-pythia8_cat3L_sys_jesTotalUp
Merging njet_TTZToLLNuNu_M-10_TuneCP5_PSweights_13TeV-amcatnlo-pythia8_sys_PDFUp
Merging MT_TTZToLLNuNu_M-10_TuneCP5_PSweights_13TeV-amcatnlo-pythia8_cat4L_sys_MuonEnDown
Merging balance_TTZToLLNuNu_M-10_TuneCP5_PSweights_13TeV-amcatnlo-pythia8_sys_ElecronSFDown
Merging balance_TTZToLLNuNu_M-10_TuneCP5_PSweights_13TeV-amcatnlo-pythia8_sys_puWeightDown
Merging measMET_TTZToLLNuNu_M-10_TuneCP5_PSweights_13TeV-amcatnlo-pythia8_catDY_sys_QCDScale0wUp
Merging MT_TTZToLLNuNu_M-10_TuneCP5_PSweights_13TeV-amcatnlo-pythia8_catSignal-0jet_sys_ElecronSFUp
Merging measMET_TTZToLLNuNu_M-10_TuneCP5_PSweights_13TeV-amcatnlo-pythia8_catSignal-1jet_sys_EWKUp
Merging measMET_TTZToLLNuNu_M-10_TuneCP5_PSweights_13TeV-amcatnlo-pythia8_cat3L_sys_PDFDown
Merging MT_TTZToLLNuNu_M-10_TuneCP5_PSweights_13TeV-amcatnlo-pythia8_cat3L_sys_nvtxWeightDown
Merging MT_TTZToLLNuNu_M-10_TuneCP5_PSweights_13TeV-amcatnlo-pythia8_catSignal-1jet_sys_EWKDown
Merging measMET_TTZToLLNuNu_M-10_TuneCP5_PSweights_13TeV-amcatnlo-pythia8_catDY_sys_MuonEnDown
Merging measMET_TTZToLLNuNu_M-10_TuneCP5_PSweights_13TeV-amcatnlo-pythia8_catNRB_sys_PDFDown
Merging MT_TTZToLLNuNu_M-10_TuneCP5_PSweights_13TeV-amcatnlo-pythia8_catEM_sys_QCDScale1wUp
Merging MT_TTZToLLNuNu_M-10_TuneCP5_PSweights_13TeV-amcatnlo-pythia8_catNRB_sys_TriggerSFWeightDown
Merging measMET_TTZToLLNuNu_M-10_TuneCP5_PSweights_13TeV-amcatnlo-pythia8_catSignal-0jet_sys_PrefireWeightDown
Merging measMET_TTZToLLNuNu_M-10_TuneCP5_PSweights_13TeV-amcatnlo-pythia8_cat3L_sys_jerUp
Merging MT_TTZToLLNuNu_M-10_TuneCP5_PSweights_13TeV-amcatnlo-pythia8_catSignal-1jet_sys_QCDScale1wUp
Merging phizmet_TTZToLLNuNu_M-10_TuneCP5_PSweights_13TeV-amcatnlo-pythia8_sys_PrefireWeightUp
Merging measMET_TTZToLLNuNu_M-10_TuneCP5_PSweights_13TeV-amcatnlo-pythia8_cat4L_sys_MuonEnDown
Merging MT_TTZToLLNuNu_M-10_TuneCP5_PSweights_13TeV-amcatnlo-pythia8_catNRB_sys_EWKDown
Merging measMET_TTZToLLNuNu_M-10_TuneCP5_PSweights_13TeV-amcatnlo-pythia8_catTOP_sys_QCDScale1wDown
Merging measMET_TTZToLLNuNu_M-10_TuneCP5_PSweights_13TeV-amcatnlo-pythia8_catSignal-0jet_sys_QCDScale0wUp
Merging MT_TTZToLLNuNu_M-10_TuneCP5_PSweights_13TeV-amcatnlo-pythia8_cat3L_sys_nvtxWeightUp
Merging measMET_TTZToLLNuNu_M-10_TuneCP5_PSweights_13TeV-amcatnlo-pythia8_cat4L_sys_QCDScale0wDown
Merging measMET_TTZToLLNuNu_M-10_TuneCP5_PSweights_13TeV-amcatnlo-pythia8_cat4L_sys_QCDScale1wDown
Merging balance_TTZToLLNuNu_M-10_TuneCP5_PSweights_13TeV-amcatnlo-pythia8_sys_btagEventWeightUp
Merging measMET_TTZToLLNuNu_M-10_TuneCP5_PSweights_13TeV-amcatnlo-pythia8_catSignal-0jet_sys_PrefireWeightUp
Merging measMET_TTZToLLNuNu_M-10_TuneCP5_PSweights_13TeV-amcatnlo-pythia8_catSignal-0jet_sys_ElectronEnUp
Merging measMET_TTZToLLNuNu_M-10_TuneCP5_PSweights_13TeV-amcatnlo-pythia8_catDY_sys_PDFUp
Merging MT_TTZToLLNuNu_M-10_TuneCP5_PSweights_13TeV-amcatnlo-pythia8_catEM_sys_QCDScale0wDown
Merging njet_TTZToLLNuNu_M-10_TuneCP5_PSweights_13TeV-amcatnlo-pythia8_sys_QCDScale0wDown
Merging phizmet_TTZToLLNuNu_M-10_TuneCP5_PSweights_13TeV-amcatnlo-pythia8_sys_MuonEnUp
Merging measMET_TTZToLLNuNu_M-10_TuneCP5_PSweights_13TeV-amcatnlo-pythia8_catNRB_sys_QCDScale0wDown
Merging measMET_TTZToLLNuNu_M-10_TuneCP5_PSweights_13TeV-amcatnlo-pythia8_catSignal-0jet_sys_puWeightUp
Merging MT_TTZToLLNuNu_M-10_TuneCP5_PSweights_13TeV-amcatnlo-pythia8_cat4L_sys_EWKDown
Merging measMET_TTZToLLNuNu_M-10_TuneCP5_PSweights_13TeV-amcatnlo-pythia8_catTOP_sys_jerDown
Merging measMET_TTZToLLNuNu_M-10_TuneCP5_PSweights_13TeV-amcatnlo-pythia8_catSignal-0jet_sys_TriggerSFWeightUp
Merging njet_TTZToLLNuNu_M-10_TuneCP5_PSweights_13TeV-amcatnlo-pythia8
Merging measMET_TTZToLLNuNu_M-10_TuneCP5_PSweights_13TeV-amcatnlo-pythia8_catEM_sys_jerDown
Merging phizmet_TTZToLLNuNu_M-10_TuneCP5_PSweights_13TeV-amcatnlo-pythia8_sys_PDFDown
Merging measMET_TTZToLLNuNu_M-10_TuneCP5_PSweights_13TeV-amcatnlo-pythia8_catSignal-1jet_sys_nvtxWeightDown
Merging MT_TTZToLLNuNu_M-10_TuneCP5_PSweights_13TeV-amcatnlo-pythia8_catTOP_sys_QCDScale0wDown
Merging measMET_TTZToLLNuNu_M-10_TuneCP5_PSweights_13TeV-amcatnlo-pythia8_cat4L_sys_ElecronSFDown
Merging MT_TTZToLLNuNu_M-10_TuneCP5_PSweights_13TeV-amcatnlo-pythia8_cat3L_sys_btagEventWeightUp
Merging balance_TTZToLLNuNu_M-10_TuneCP5_PSweights_13TeV-amcatnlo-pythia8_sys_QCDScale2wUp
Merging MT_TTZToLLNuNu_M-10_TuneCP5_PSweights_13TeV-amcatnlo-pythia8_catSignal-0jet_sys_TriggerSFWeightDown
Merging MT_TTZToLLNuNu_M-10_TuneCP5_PSweights_13TeV-amcatnlo-pythia8_catSignal-0jet_sys_ElecronSFDown
Merging MT_TTZToLLNuNu_M-10_TuneCP5_PSweights_13TeV-amcatnlo-pythia8_cat3L_sys_jerDown
Merging measMET_TTZToLLNuNu_M-10_TuneCP5_PSweights_13TeV-amcatnlo-pythia8_cat4L_sys_btagEventWeightUp
Merging njet_TTZToLLNuNu_M-10_TuneCP5_PSweights_13TeV-amcatnlo-pythia8_sys_PrefireWeightDown
Merging njet_TTZToLLNuNu_M-10_TuneCP5_PSweights_13TeV-amcatnlo-pythia8_sys_EWKUp
Merging MT_TTZToLLNuNu_M-10_TuneCP5_PSweights_13TeV-amcatnlo-pythia8_catSignal-0jet_sys_puWeightDown
Merging measMET_TTZToLLNuNu_M-10_TuneCP5_PSweights_13TeV-amcatnlo-pythia8_cat4L_sys_jesTotalDown
Merging MT_TTZToLLNuNu_M-10_TuneCP5_PSweights_13TeV-amcatnlo-pythia8_catEM_sys_PrefireWeightDown
Merging MT_TTZToLLNuNu_M-10_TuneCP5_PSweights_13TeV-amcatnlo-pythia8_catSignal-1jet_sys_QCDScale1wDown
Merging measMET_TTZToLLNuNu_M-10_TuneCP5_PSweights_13TeV-amcatnlo-pythia8_catDY_sys_ElectronEnUp
Merging balance_TTZToLLNuNu_M-10_TuneCP5_PSweights_13TeV-amcatnlo-pythia8_sys_MuonSFUp
Merging njet_TTZToLLNuNu_M-10_TuneCP5_PSweights_13TeV-amcatnlo-pythia8_sys_QCDScale2wUp
Merging phizmet_TTZToLLNuNu_M-10_TuneCP5_PSweights_13TeV-amcatnlo-pythia8
Merging MT_TTZToLLNuNu_M-10_TuneCP5_PSweights_13TeV-amcatnlo-pythia8_catDY_sys_btagEventWeightUp
Merging MT_TTZToLLNuNu_M-10_TuneCP5_PSweights_13TeV-amcatnlo-pythia8_catEM_sys_ElectronEnDown
Merging MT_TTZToLLNuNu_M-10_TuneCP5_PSweights_13TeV-amcatnlo-pythia8_catTOP_sys_QCDScale1wDown
Merging MT_TTZToLLNuNu_M-10_TuneCP5_PSweights_13TeV-amcatnlo-pythia8_catSignal-0jet
Merging MT_TTZToLLNuNu_M-10_TuneCP5_PSweights_13TeV-amcatnlo-pythia8_cat4L_sys_ElecronSFDown
Merging measMET_TTZToLLNuNu_M-10_TuneCP5_PSweights_13TeV-amcatnlo-pythia8_catTOP_sys_ElectronEnDown
Merging MT_TTZToLLNuNu_M-10_TuneCP5_PSweights_13TeV-amcatnlo-pythia8_catDY_sys_EWKUp
Merging MT_TTZToLLNuNu_M-10_TuneCP5_PSweights_13TeV-amcatnlo-pythia8_cat4L_sys_jesTotalUp
Merging MT_TTZToLLNuNu_M-10_TuneCP5_PSweights_13TeV-amcatnlo-pythia8_catDY_sys_ElecronSFUp
Merging MT_TTZToLLNuNu_M-10_TuneCP5_PSweights_13TeV-amcatnlo-pythia8_cat3L_sys_EWKUp
Merging balance_TTZToLLNuNu_M-10_TuneCP5_PSweights_13TeV-amcatnlo-pythia8_sys_MuonEnUp
Merging MT_TTZToLLNuNu_M-10_TuneCP5_PSweights_13TeV-amcatnlo-pythia8_cat4L_sys_ElectronEnDown
Merging MT_TTZToLLNuNu_M-10_TuneCP5_PSweights_13TeV-amcatnlo-pythia8_cat3L_sys_QCDScale1wUp
Merging phizmet_TTZToLLNuNu_M-10_TuneCP5_PSweights_13TeV-amcatnlo-pythia8_sys_jerUp
Merging MT_TTZToLLNuNu_M-10_TuneCP5_PSweights_13TeV-amcatnlo-pythia8_catNRB_sys_jesTotalDown
Merging njet_TTZToLLNuNu_M-10_TuneCP5_PSweights_13TeV-amcatnlo-pythia8_sys_MuonEnDown
Merging measMET_TTZToLLNuNu_M-10_TuneCP5_PSweights_13TeV-amcatnlo-pythia8_catSignal-0jet_sys_TriggerSFWeightDown
Merging MT_TTZToLLNuNu_M-10_TuneCP5_PSweights_13TeV-amcatnlo-pythia8_catSignal-1jet_sys_QCDScale2wDown
Merging measMET_TTZToLLNuNu_M-10_TuneCP5_PSweights_13TeV-amcatnlo-pythia8_catSignal-1jet_sys_ElectronEnDown
Merging MT_TTZToLLNuNu_M-10_TuneCP5_PSweights_13TeV-amcatnlo-pythia8_catSignal-1jet_sys_ElectronEnDown
Merging measMET_TTZToLLNuNu_M-10_TuneCP5_PSweights_13TeV-amcatnlo-pythia8_catNRB
Merging njet_TTZToLLNuNu_M-10_TuneCP5_PSweights_13TeV-amcatnlo-pythia8_sys_PrefireWeightUp
Merging measMET_TTZToLLNuNu_M-10_TuneCP5_PSweights_13TeV-amcatnlo-pythia8_catEM_sys_puWeightUp
Merging measMET_TTZToLLNuNu_M-10_TuneCP5_PSweights_13TeV-amcatnlo-pythia8_catEM_sys_QCDScale2wUp
Merging measMET_TTZToLLNuNu_M-10_TuneCP5_PSweights_13TeV-amcatnlo-pythia8_catDY_sys_MuonSFDown
Merging MT_TTZToLLNuNu_M-10_TuneCP5_PSweights_13TeV-amcatnlo-pythia8_catTOP_sys_MuonSFUp
Merging MT_TTZToLLNuNu_M-10_TuneCP5_PSweights_13TeV-amcatnlo-pythia8_cat3L_sys_PrefireWeightDown
Merging measMET_TTZToLLNuNu_M-10_TuneCP5_PSweights_13TeV-amcatnlo-pythia8_catNRB_sys_nvtxWeightUp
Merging measMET_TTZToLLNuNu_M-10_TuneCP5_PSweights_13TeV-amcatnlo-pythia8_catTOP_sys_jerUp
Merging MT_TTZToLLNuNu_M-10_TuneCP5_PSweights_13TeV-amcatnlo-pythia8_catNRB_sys_puWeightDown
Merging MT_TTZToLLNuNu_M-10_TuneCP5_PSweights_13TeV-amcatnlo-pythia8_catNRB_sys_MuonEnUp
Merging measMET_TTZToLLNuNu_M-10_TuneCP5_PSweights_13TeV-amcatnlo-pythia8_catSignal-0jet
Merging MT_TTZToLLNuNu_M-10_TuneCP5_PSweights_13TeV-amcatnlo-pythia8_catDY_sys_PDFDown
Merging njet_TTZToLLNuNu_M-10_TuneCP5_PSweights_13TeV-amcatnlo-pythia8_sys_QCDScale1wUp
Merging MT_TTZToLLNuNu_M-10_TuneCP5_PSweights_13TeV-amcatnlo-pythia8_catNRB_sys_QCDScale2wUp
Merging measMET_TTZToLLNuNu_M-10_TuneCP5_PSweights_13TeV-amcatnlo-pythia8_catTOP_sys_PrefireWeightDown
Merging MT_TTZToLLNuNu_M-10_TuneCP5_PSweights_13TeV-amcatnlo-pythia8_cat3L_sys_puWeightDown
Merging MT_TTZToLLNuNu_M-10_TuneCP5_PSweights_13TeV-amcatnlo-pythia8_catSignal-0jet_sys_QCDScale0wUp
Merging phizmet_TTZToLLNuNu_M-10_TuneCP5_PSweights_13TeV-amcatnlo-pythia8_sys_puWeightUp
Merging balance_TTZToLLNuNu_M-10_TuneCP5_PSweights_13TeV-amcatnlo-pythia8_sys_PDFUp
Merging phizmet_TTZToLLNuNu_M-10_TuneCP5_PSweights_13TeV-amcatnlo-pythia8_sys_QCDScale1wUp
Merging balance_TTZToLLNuNu_M-10_TuneCP5_PSweights_13TeV-amcatnlo-pythia8_sys_ElectronEnDown
Merging MT_TTZToLLNuNu_M-10_TuneCP5_PSweights_13TeV-amcatnlo-pythia8_catSignal-1jet_sys_TriggerSFWeightUp
Merging MT_TTZToLLNuNu_M-10_TuneCP5_PSweights_13TeV-amcatnlo-pythia8_cat3L_sys_QCDScale1wDown
Merging MT_TTZToLLNuNu_M-10_TuneCP5_PSweights_13TeV-amcatnlo-pythia8_cat4L_sys_TriggerSFWeightUp
Merging MT_TTZToLLNuNu_M-10_TuneCP5_PSweights_13TeV-amcatnlo-pythia8_catEM_sys_nvtxWeightDown
Merging MT_TTZToLLNuNu_M-10_TuneCP5_PSweights_13TeV-amcatnlo-pythia8_catDY_sys_btagEventWeightDown
Merging MT_TTZToLLNuNu_M-10_TuneCP5_PSweights_13TeV-amcatnlo-pythia8_catDY_sys_EWKDown
Merging MT_TTZToLLNuNu_M-10_TuneCP5_PSweights_13TeV-amcatnlo-pythia8_catSignal-0jet_sys_QCDScale1wUp
Merging measMET_TTZToLLNuNu_M-10_TuneCP5_PSweights_13TeV-amcatnlo-pythia8_cat4L_sys_jerUp
Merging measMET_TTZToLLNuNu_M-10_TuneCP5_PSweights_13TeV-amcatnlo-pythia8_catTOP_sys_QCDScale0wDown
Merging MT_TTZToLLNuNu_M-10_TuneCP5_PSweights_13TeV-amcatnlo-pythia8_catSignal-1jet_sys_btagEventWeightDown
Merging measMET_TTZToLLNuNu_M-10_TuneCP5_PSweights_13TeV-amcatnlo-pythia8_catTOP_sys_PrefireWeightUp
Merging measMET_TTZToLLNuNu_M-10_TuneCP5_PSweights_13TeV-amcatnlo-pythia8_cat4L
Merging MT_TTZToLLNuNu_M-10_TuneCP5_PSweights_13TeV-amcatnlo-pythia8_cat3L_sys_ElecronSFDown
Merging MT_TTZToLLNuNu_M-10_TuneCP5_PSweights_13TeV-amcatnlo-pythia8_cat4L
Merging measMET_TTZToLLNuNu_M-10_TuneCP5_PSweights_13TeV-amcatnlo-pythia8_catDY_sys_PrefireWeightUp
Merging phizmet_TTZToLLNuNu_M-10_TuneCP5_PSweights_13TeV-amcatnlo-pythia8_sys_jerDown
Merging MT_TTZToLLNuNu_M-10_TuneCP5_PSweights_13TeV-amcatnlo-pythia8_catNRB_sys_jerUp
Merging MT_TTZToLLNuNu_M-10_TuneCP5_PSweights_13TeV-amcatnlo-pythia8_catTOP_sys_nvtxWeightUp
Merging MT_TTZToLLNuNu_M-10_TuneCP5_PSweights_13TeV-amcatnlo-pythia8_catTOP_sys_btagEventWeightUp
Merging measMET_TTZToLLNuNu_M-10_TuneCP5_PSweights_13TeV-amcatnlo-pythia8_cat3L_sys_TriggerSFWeightUp
Merging MT_TTZToLLNuNu_M-10_TuneCP5_PSweights_13TeV-amcatnlo-pythia8_catNRB_sys_QCDScale2wDown
Merging measMET_TTZToLLNuNu_M-10_TuneCP5_PSweights_13TeV-amcatnlo-pythia8_cat3L_sys_puWeightUp
Merging MT_TTZToLLNuNu_M-10_TuneCP5_PSweights_13TeV-amcatnlo-pythia8_catEM_sys_MuonSFDown
Merging MT_TTZToLLNuNu_M-10_TuneCP5_PSweights_13TeV-amcatnlo-pythia8_catEM_sys_TriggerSFWeightDown
Merging measMET_TTZToLLNuNu_M-10_TuneCP5_PSweights_13TeV-amcatnlo-pythia8_cat3L_sys_MuonEnUp
Merging measMET_TTZToLLNuNu_M-10_TuneCP5_PSweights_13TeV-amcatnlo-pythia8_catSignal-0jet_sys_QCDScale1wDown
Merging MT_TTZToLLNuNu_M-10_TuneCP5_PSweights_13TeV-amcatnlo-pythia8_catDY_sys_nvtxWeightUp
Merging njet_TTZToLLNuNu_M-10_TuneCP5_PSweights_13TeV-amcatnlo-pythia8_sys_ElecronSFUp
Merging measMET_TTZToLLNuNu_M-10_TuneCP5_PSweights_13TeV-amcatnlo-pythia8_catEM_sys_nvtxWeightDown
Merging MT_TTZToLLNuNu_M-10_TuneCP5_PSweights_13TeV-amcatnlo-pythia8_catSignal-1jet_sys_PDFDown
Merging measMET_TTZToLLNuNu_M-10_TuneCP5_PSweights_13TeV-amcatnlo-pythia8_catSignal-0jet_sys_MuonEnDown
Merging MT_TTZToLLNuNu_M-10_TuneCP5_PSweights_13TeV-amcatnlo-pythia8_catSignal-0jet_sys_ElectronEnDown
Merging measMET_TTZToLLNuNu_M-10_TuneCP5_PSweights_13TeV-amcatnlo-pythia8_catDY_sys_nvtxWeightDown
Merging phizmet_TTZToLLNuNu_M-10_TuneCP5_PSweights_13TeV-amcatnlo-pythia8_sys_PDFUp
Merging MT_TTZToLLNuNu_M-10_TuneCP5_PSweights_13TeV-amcatnlo-pythia8_catSignal-0jet_sys_MuonSFDown
Merging MT_TTZToLLNuNu_M-10_TuneCP5_PSweights_13TeV-amcatnlo-pythia8_catNRB_sys_btagEventWeightDown
Merging MT_TTZToLLNuNu_M-10_TuneCP5_PSweights_13TeV-amcatnlo-pythia8_catNRB_sys_MuonEnDown
Merging MT_TTZToLLNuNu_M-10_TuneCP5_PSweights_13TeV-amcatnlo-pythia8_catTOP_sys_TriggerSFWeightDown
Merging measMET_TTZToLLNuNu_M-10_TuneCP5_PSweights_13TeV-amcatnlo-pythia8_catTOP_sys_PDFUp
Merging measMET_TTZToLLNuNu_M-10_TuneCP5_PSweights_13TeV-amcatnlo-pythia8_cat3L_sys_btagEventWeightUp
Merging MT_TTZToLLNuNu_M-10_TuneCP5_PSweights_13TeV-amcatnlo-pythia8_catTOP_sys_MuonSFDown
Merging measMET_TTZToLLNuNu_M-10_TuneCP5_PSweights_13TeV-amcatnlo-pythia8_catSignal-0jet_sys_QCDScale2wUp
Merging MT_TTZToLLNuNu_M-10_TuneCP5_PSweights_13TeV-amcatnlo-pythia8_catEM_sys_EWKDown
Merging measMET_TTZToLLNuNu_M-10_TuneCP5_PSweights_13TeV-amcatnlo-pythia8_catNRB_sys_PDFUp
Merging measMET_TTZToLLNuNu_M-10_TuneCP5_PSweights_13TeV-amcatnlo-pythia8_catDY_sys_jesTotalUp
Merging phizmet_TTZToLLNuNu_M-10_TuneCP5_PSweights_13TeV-amcatnlo-pythia8_sys_btagEventWeightDown
Merging MT_TTZToLLNuNu_M-10_TuneCP5_PSweights_13TeV-amcatnlo-pythia8_catNRB_sys_TriggerSFWeightUp
Merging measMET_TTZToLLNuNu_M-10_TuneCP5_PSweights_13TeV-amcatnlo-pythia8_cat4L_sys_nvtxWeightDown
Merging measMET_TTZToLLNuNu_M-10_TuneCP5_PSweights_13TeV-amcatnlo-pythia8_catSignal-0jet_sys_jerDown
Merging MT_TTZToLLNuNu_M-10_TuneCP5_PSweights_13TeV-amcatnlo-pythia8_catEM_sys_QCDScale2wUp
Merging MT_TTZToLLNuNu_M-10_TuneCP5_PSweights_13TeV-amcatnlo-pythia8_catNRB_sys_nvtxWeightDown
Merging phizmet_TTZToLLNuNu_M-10_TuneCP5_PSweights_13TeV-amcatnlo-pythia8_sys_QCDScale2wDown
Merging measMET_TTZToLLNuNu_M-10_TuneCP5_PSweights_13TeV-amcatnlo-pythia8_cat3L_sys_btagEventWeightDown
Merging balance_TTZToLLNuNu_M-10_TuneCP5_PSweights_13TeV-amcatnlo-pythia8_sys_TriggerSFWeightDown
Merging MT_TTZToLLNuNu_M-10_TuneCP5_PSweights_13TeV-amcatnlo-pythia8_catNRB_sys_QCDScale1wUp
Merging measMET_TTZToLLNuNu_M-10_TuneCP5_PSweights_13TeV-amcatnlo-pythia8_cat3L_sys_ElectronEnUp
Merging MT_TTZToLLNuNu_M-10_TuneCP5_PSweights_13TeV-amcatnlo-pythia8_catEM_sys_jerDown
Merging measMET_TTZToLLNuNu_M-10_TuneCP5_PSweights_13TeV-amcatnlo-pythia8_cat4L_sys_jesTotalUp
Merging measMET_TTZToLLNuNu_M-10_TuneCP5_PSweights_13TeV-amcatnlo-pythia8_catDY_sys_PrefireWeightDown
Merging njet_TTZToLLNuNu_M-10_TuneCP5_PSweights_13TeV-amcatnlo-pythia8_sys_ElectronEnUp
Merging measMET_TTZToLLNuNu_M-10_TuneCP5_PSweights_13TeV-amcatnlo-pythia8_catNRB_sys_PrefireWeightDown
Merging MT_TTZToLLNuNu_M-10_TuneCP5_PSweights_13TeV-amcatnlo-pythia8_cat3L_sys_PDFUp
Merging njet_TTZToLLNuNu_M-10_TuneCP5_PSweights_13TeV-amcatnlo-pythia8_sys_MuonEnUp
Merging njet_TTZToLLNuNu_M-10_TuneCP5_PSweights_13TeV-amcatnlo-pythia8_sys_MuonSFUp
Merging measMET_TTZToLLNuNu_M-10_TuneCP5_PSweights_13TeV-amcatnlo-pythia8_catEM
Merging MT_TTZToLLNuNu_M-10_TuneCP5_PSweights_13TeV-amcatnlo-pythia8_catEM_sys_ElecronSFUp
Merging measMET_TTZToLLNuNu_M-10_TuneCP5_PSweights_13TeV-amcatnlo-pythia8_catNRB_sys_jerUp
Merging measMET_TTZToLLNuNu_M-10_TuneCP5_PSweights_13TeV-amcatnlo-pythia8_catTOP_sys_MuonEnDown
Merging measMET_TTZToLLNuNu_M-10_TuneCP5_PSweights_13TeV-amcatnlo-pythia8_catNRB_sys_PrefireWeightUp
Merging MT_TTZToLLNuNu_M-10_TuneCP5_PSweights_13TeV-amcatnlo-pythia8_catDY_sys_MuonEnUp
Merging measMET_TTZToLLNuNu_M-10_TuneCP5_PSweights_13TeV-amcatnlo-pythia8_catSignal-1jet_sys_jerUp
Merging balance_TTZToLLNuNu_M-10_TuneCP5_PSweights_13TeV-amcatnlo-pythia8_sys_QCDScale0wUp
Merging measMET_TTZToLLNuNu_M-10_TuneCP5_PSweights_13TeV-amcatnlo-pythia8_catNRB_sys_EWKDown
Merging measMET_TTZToLLNuNu_M-10_TuneCP5_PSweights_13TeV-amcatnlo-pythia8_catTOP_sys_MuonSFDown
Merging MT_TTZToLLNuNu_M-10_TuneCP5_PSweights_13TeV-amcatnlo-pythia8_catTOP_sys_TriggerSFWeightUp
Merging MT_TTZToLLNuNu_M-10_TuneCP5_PSweights_13TeV-amcatnlo-pythia8_cat4L_sys_TriggerSFWeightDown
Merging measMET_TTZToLLNuNu_M-10_TuneCP5_PSweights_13TeV-amcatnlo-pythia8_catSignal-0jet_sys_MuonSFUp
Merging measMET_TTZToLLNuNu_M-10_TuneCP5_PSweights_13TeV-amcatnlo-pythia8_catEM_sys_QCDScale1wUp
Merging MT_TTZToLLNuNu_M-10_TuneCP5_PSweights_13TeV-amcatnlo-pythia8_catDY_sys_puWeightUp
Merging MT_TTZToLLNuNu_M-10_TuneCP5_PSweights_13TeV-amcatnlo-pythia8_catTOP_sys_PrefireWeightUp
Merging measMET_TTZToLLNuNu_M-10_TuneCP5_PSweights_13TeV-amcatnlo-pythia8_cat4L_sys_PrefireWeightDown
Merging measMET_TTZToLLNuNu_M-10_TuneCP5_PSweights_13TeV-amcatnlo-pythia8_cat4L_sys_puWeightUp
Merging measMET_TTZToLLNuNu_M-10_TuneCP5_PSweights_13TeV-amcatnlo-pythia8_catSignal-1jet_sys_QCDScale2wUp
Merging MT_TTZToLLNuNu_M-10_TuneCP5_PSweights_13TeV-amcatnlo-pythia8_catDY_sys_MuonSFDown
Merging measMET_TTZToLLNuNu_M-10_TuneCP5_PSweights_13TeV-amcatnlo-pythia8_cat4L_sys_PDFDown
Merging MT_TTZToLLNuNu_M-10_TuneCP5_PSweights_13TeV-amcatnlo-pythia8_cat4L_sys_QCDScale2wDown
Merging measMET_TTZToLLNuNu_M-10_TuneCP5_PSweights_13TeV-amcatnlo-pythia8_catSignal-1jet_sys_PrefireWeightUp
Merging MT_TTZToLLNuNu_M-10_TuneCP5_PSweights_13TeV-amcatnlo-pythia8_cat3L_sys_btagEventWeightDown
Merging njet_TTZToLLNuNu_M-10_TuneCP5_PSweights_13TeV-amcatnlo-pythia8_sys_QCDScale0wUp
Merging MT_TTZToLLNuNu_M-10_TuneCP5_PSweights_13TeV-amcatnlo-pythia8_catSignal-1jet_sys_PrefireWeightUp
Merging MT_TTZToLLNuNu_M-10_TuneCP5_PSweights_13TeV-amcatnlo-pythia8_catSignal-0jet_sys_jesTotalDown
Merging measMET_TTZToLLNuNu_M-10_TuneCP5_PSweights_13TeV-amcatnlo-pythia8_catNRB_sys_QCDScale0wUp
Merging measMET_TTZToLLNuNu_M-10_TuneCP5_PSweights_13TeV-amcatnlo-pythia8_cat4L_sys_TriggerSFWeightDown
Merging MT_TTZToLLNuNu_M-10_TuneCP5_PSweights_13TeV-amcatnlo-pythia8_catSignal-0jet_sys_jerDown
Merging MT_TTZToLLNuNu_M-10_TuneCP5_PSweights_13TeV-amcatnlo-pythia8_cat3L_sys_MuonSFDown
Merging phizmet_TTZToLLNuNu_M-10_TuneCP5_PSweights_13TeV-amcatnlo-pythia8_sys_QCDScale2wUp
Merging measMET_TTZToLLNuNu_M-10_TuneCP5_PSweights_13TeV-amcatnlo-pythia8_catEM_sys_TriggerSFWeightUp
Merging MT_TTZToLLNuNu_M-10_TuneCP5_PSweights_13TeV-amcatnlo-pythia8_cat4L_sys_MuonSFDown
Merging MT_TTZToLLNuNu_M-10_TuneCP5_PSweights_13TeV-amcatnlo-pythia8_catEM_sys_MuonEnUp
Merging phizmet_TTZToLLNuNu_M-10_TuneCP5_PSweights_13TeV-amcatnlo-pythia8_sys_MuonSFUp
Merging measMET_TTZToLLNuNu_M-10_TuneCP5_PSweights_13TeV-amcatnlo-pythia8_catEM_sys_nvtxWeightUp
Merging balance_TTZToLLNuNu_M-10_TuneCP5_PSweights_13TeV-amcatnlo-pythia8_sys_MuonEnDown
Merging measMET_TTZToLLNuNu_M-10_TuneCP5_PSweights_13TeV-amcatnlo-pythia8_catEM_sys_ElecronSFDown
Merging MT_TTZToLLNuNu_M-10_TuneCP5_PSweights_13TeV-amcatnlo-pythia8_catDY_sys_QCDScale1wDown
Merging measMET_TTZToLLNuNu_M-10_TuneCP5_PSweights_13TeV-amcatnlo-pythia8_catSignal-1jet_sys_EWKDown
Merging MT_TTZToLLNuNu_M-10_TuneCP5_PSweights_13TeV-amcatnlo-pythia8_cat3L_sys_QCDScale2wUp
Merging MT_TTZToLLNuNu_M-10_TuneCP5_PSweights_13TeV-amcatnlo-pythia8_catSignal-1jet_sys_jesTotalUp
Merging measMET_TTZToLLNuNu_M-10_TuneCP5_PSweights_13TeV-amcatnlo-pythia8_catNRB_sys_jerDown
Merging MT_TTZToLLNuNu_M-10_TuneCP5_PSweights_13TeV-amcatnlo-pythia8_catNRB_sys_PDFDown
Merging measMET_TTZToLLNuNu_M-10_TuneCP5_PSweights_13TeV-amcatnlo-pythia8_catSignal-0jet_sys_ElectronEnDown
Merging MT_TTZToLLNuNu_M-10_TuneCP5_PSweights_13TeV-amcatnlo-pythia8_catSignal-1jet_sys_nvtxWeightUp
Merging njet_TTZToLLNuNu_M-10_TuneCP5_PSweights_13TeV-amcatnlo-pythia8_sys_TriggerSFWeightDown
Merging phizmet_TTZToLLNuNu_M-10_TuneCP5_PSweights_13TeV-amcatnlo-pythia8_sys_MuonSFDown
Merging MT_TTZToLLNuNu_M-10_TuneCP5_PSweights_13TeV-amcatnlo-pythia8_catDY_sys_MuonSFUp
Merging MT_TTZToLLNuNu_M-10_TuneCP5_PSweights_13TeV-amcatnlo-pythia8_catNRB_sys_ElecronSFUp
Merging measMET_TTZToLLNuNu_M-10_TuneCP5_PSweights_13TeV-amcatnlo-pythia8_catSignal-1jet_sys_jesTotalDown
Merging MT_TTZToLLNuNu_M-10_TuneCP5_PSweights_13TeV-amcatnlo-pythia8_catEM_sys_ElecronSFDown
Merging MT_TTZToLLNuNu_M-10_TuneCP5_PSweights_13TeV-amcatnlo-pythia8_catTOP_sys_QCDScale0wUp
Merging MT_TTZToLLNuNu_M-10_TuneCP5_PSweights_13TeV-amcatnlo-pythia8_cat3L_sys_puWeightUp
Merging balance_TTZToLLNuNu_M-10_TuneCP5_PSweights_13TeV-amcatnlo-pythia8_sys_TriggerSFWeightUp
Merging MT_TTZToLLNuNu_M-10_TuneCP5_PSweights_13TeV-amcatnlo-pythia8_catSignal-1jet_sys_jesTotalDown
Merging MT_TTZToLLNuNu_M-10_TuneCP5_PSweights_13TeV-amcatnlo-pythia8_catEM_sys_puWeightDown
Merging njet_TTZToLLNuNu_M-10_TuneCP5_PSweights_13TeV-amcatnlo-pythia8_sys_TriggerSFWeightUp
Merging MT_TTZToLLNuNu_M-10_TuneCP5_PSweights_13TeV-amcatnlo-pythia8_catSignal-0jet_sys_PrefireWeightDown
Merging MT_TTZToLLNuNu_M-10_TuneCP5_PSweights_13TeV-amcatnlo-pythia8_catNRB_sys_QCDScale0wDown
Merging measMET_TTZToLLNuNu_M-10_TuneCP5_PSweights_13TeV-amcatnlo-pythia8_cat3L_sys_PrefireWeightUp
Merging MT_TTZToLLNuNu_M-10_TuneCP5_PSweights_13TeV-amcatnlo-pythia8_catDY_sys_jerDown
Merging MT_TTZToLLNuNu_M-10_TuneCP5_PSweights_13TeV-amcatnlo-pythia8_cat4L_sys_PDFDown
Merging measMET_TTZToLLNuNu_M-10_TuneCP5_PSweights_13TeV-amcatnlo-pythia8_catEM_sys_jesTotalUp
Merging measMET_TTZToLLNuNu_M-10_TuneCP5_PSweights_13TeV-amcatnlo-pythia8_catSignal-0jet_sys_ElecronSFUp
Merging MT_TTZToLLNuNu_M-10_TuneCP5_PSweights_13TeV-amcatnlo-pythia8_cat4L_sys_btagEventWeightUp
Merging balance_TTZToLLNuNu_M-10_TuneCP5_PSweights_13TeV-amcatnlo-pythia8_sys_jerUp
Merging measMET_TTZToLLNuNu_M-10_TuneCP5_PSweights_13TeV-amcatnlo-pythia8_cat4L_sys_QCDScale1wUp
Merging measMET_TTZToLLNuNu_M-10_TuneCP5_PSweights_13TeV-amcatnlo-pythia8_catSignal-1jet_sys_PDFDown
Merging phizmet_TTZToLLNuNu_M-10_TuneCP5_PSweights_13TeV-amcatnlo-pythia8_sys_MuonEnDown
Merging MT_TTZToLLNuNu_M-10_TuneCP5_PSweights_13TeV-amcatnlo-pythia8_cat3L_sys_TriggerSFWeightDown
Merging measMET_TTZToLLNuNu_M-10_TuneCP5_PSweights_13TeV-amcatnlo-pythia8_cat4L_sys_EWKUp
Merging measMET_TTZToLLNuNu_M-10_TuneCP5_PSweights_13TeV-amcatnlo-pythia8_cat3L_sys_puWeightDown
Merging measMET_TTZToLLNuNu_M-10_TuneCP5_PSweights_13TeV-amcatnlo-pythia8_catSignal-1jet_sys_MuonSFUp
Merging measMET_TTZToLLNuNu_M-10_TuneCP5_PSweights_13TeV-amcatnlo-pythia8_catEM_sys_EWKDown
Merging phizmet_TTZToLLNuNu_M-10_TuneCP5_PSweights_13TeV-amcatnlo-pythia8_sys_TriggerSFWeightUp
Merging MT_TTZToLLNuNu_M-10_TuneCP5_PSweights_13TeV-amcatnlo-pythia8_catNRB_sys_ElecronSFDown
Merging measMET_TTZToLLNuNu_M-10_TuneCP5_PSweights_13TeV-amcatnlo-pythia8_catTOP_sys_jesTotalDown
Merging measMET_TTZToLLNuNu_M-10_TuneCP5_PSweights_13TeV-amcatnlo-pythia8_catSignal-1jet_sys_TriggerSFWeightUp
Merging measMET_TTZToLLNuNu_M-10_TuneCP5_PSweights_13TeV-amcatnlo-pythia8_catEM_sys_jesTotalDown
Merging MT_TTZToLLNuNu_M-10_TuneCP5_PSweights_13TeV-amcatnlo-pythia8_catSignal-0jet_sys_QCDScale2wUp
Merging measMET_TTZToLLNuNu_M-10_TuneCP5_PSweights_13TeV-amcatnlo-pythia8_catTOP_sys_EWKDown
Merging measMET_TTZToLLNuNu_M-10_TuneCP5_PSweights_13TeV-amcatnlo-pythia8_catTOP_sys_QCDScale1wUp
Merging njet_TTZToLLNuNu_M-10_TuneCP5_PSweights_13TeV-amcatnlo-pythia8_sys_jerDown
Merging measMET_TTZToLLNuNu_M-10_TuneCP5_PSweights_13TeV-amcatnlo-pythia8_cat4L_sys_TriggerSFWeightUp
Merging MT_TTZToLLNuNu_M-10_TuneCP5_PSweights_13TeV-amcatnlo-pythia8_catSignal-1jet_sys_ElecronSFUp
Merging MT_TTZToLLNuNu_M-10_TuneCP5_PSweights_13TeV-amcatnlo-pythia8_catSignal-1jet_sys_MuonSFUp
Merging MT_TTZToLLNuNu_M-10_TuneCP5_PSweights_13TeV-amcatnlo-pythia8_catNRB_sys_jesTotalUp
Merging measMET_TTZToLLNuNu_M-10_TuneCP5_PSweights_13TeV-amcatnlo-pythia8_cat3L_sys_QCDScale2wUp
Merging MT_TTZToLLNuNu_M-10_TuneCP5_PSweights_13TeV-amcatnlo-pythia8_cat3L_sys_MuonEnDown
Merging measMET_TTZToLLNuNu_M-10_TuneCP5_PSweights_13TeV-amcatnlo-pythia8_catEM_sys_PrefireWeightDown
Merging measMET_TTZToLLNuNu_M-10_TuneCP5_PSweights_13TeV-amcatnlo-pythia8_catNRB_sys_MuonSFDown
Merging measMET_TTZToLLNuNu_M-10_TuneCP5_PSweights_13TeV-amcatnlo-pythia8_catEM_sys_ElectronEnDown
Merging MT_TTZToLLNuNu_M-10_TuneCP5_PSweights_13TeV-amcatnlo-pythia8_catSignal-1jet_sys_MuonSFDown
Merging measMET_TTZToLLNuNu_M-10_TuneCP5_PSweights_13TeV-amcatnlo-pythia8_cat3L_sys_MuonEnDown
Merging balance_TTZToLLNuNu_M-10_TuneCP5_PSweights_13TeV-amcatnlo-pythia8_sys_EWKDown
Merging measMET_TTZToLLNuNu_M-10_TuneCP5_PSweights_13TeV-amcatnlo-pythia8_cat4L_sys_PDFUp
Merging MT_TTZToLLNuNu_M-10_TuneCP5_PSweights_13TeV-amcatnlo-pythia8_catNRB_sys_ElectronEnUp
Merging measMET_TTZToLLNuNu_M-10_TuneCP5_PSweights_13TeV-amcatnlo-pythia8_catDY_sys_QCDScale2wDown
Merging balance_TTZToLLNuNu_M-10_TuneCP5_PSweights_13TeV-amcatnlo-pythia8_sys_PrefireWeightDown
Merging measMET_TTZToLLNuNu_M-10_TuneCP5_PSweights_13TeV-amcatnlo-pythia8_catSignal-1jet_sys_MuonEnDown
Merging measMET_TTZToLLNuNu_M-10_TuneCP5_PSweights_13TeV-amcatnlo-pythia8_catEM_sys_ElecronSFUp
Merging MT_TTZToLLNuNu_M-10_TuneCP5_PSweights_13TeV-amcatnlo-pythia8_catSignal-0jet_sys_btagEventWeightUp
Merging measMET_TTZToLLNuNu_M-10_TuneCP5_PSweights_13TeV-amcatnlo-pythia8_catTOP_sys_jesTotalUp
Merging balance_TTZToLLNuNu_M-10_TuneCP5_PSweights_13TeV-amcatnlo-pythia8_sys_ElecronSFUp
Merging balance_TTZToLLNuNu_M-10_TuneCP5_PSweights_13TeV-amcatnlo-pythia8_sys_nvtxWeightDown
Merging measMET_TTZToLLNuNu_M-10_TuneCP5_PSweights_13TeV-amcatnlo-pythia8_catEM_sys_MuonEnUp
Merging measMET_TTZToLLNuNu_M-10_TuneCP5_PSweights_13TeV-amcatnlo-pythia8_catSignal-1jet_sys_MuonSFDown
Merging measMET_TTZToLLNuNu_M-10_TuneCP5_PSweights_13TeV-amcatnlo-pythia8_cat3L_sys_PDFUp
Merging measMET_TTZToLLNuNu_M-10_TuneCP5_PSweights_13TeV-amcatnlo-pythia8_cat3L
Merging measMET_TTZToLLNuNu_M-10_TuneCP5_PSweights_13TeV-amcatnlo-pythia8_cat4L_sys_jerDown
Merging MT_TTZToLLNuNu_M-10_TuneCP5_PSweights_13TeV-amcatnlo-pythia8_cat3L_sys_jesTotalDown
Merging phizmet_TTZToLLNuNu_M-10_TuneCP5_PSweights_13TeV-amcatnlo-pythia8_sys_TriggerSFWeightDown
Merging balance_TTZToLLNuNu_M-10_TuneCP5_PSweights_13TeV-amcatnlo-pythia8_sys_nvtxWeightUp
Merging MT_TTZToLLNuNu_M-10_TuneCP5_PSweights_13TeV-amcatnlo-pythia8_catEM_sys_ElectronEnUp
Merging MT_TTZToLLNuNu_M-10_TuneCP5_PSweights_13TeV-amcatnlo-pythia8_cat4L_sys_puWeightUp
Merging measMET_TTZToLLNuNu_M-10_TuneCP5_PSweights_13TeV-amcatnlo-pythia8_catDY_sys_QCDScale1wUp
Merging MT_TTZToLLNuNu_M-10_TuneCP5_PSweights_13TeV-amcatnlo-pythia8_catDY_sys_QCDScale0wUp
Merging MT_TTZToLLNuNu_M-10_TuneCP5_PSweights_13TeV-amcatnlo-pythia8_catSignal-1jet_sys_PrefireWeightDown
Merging MT_TTZToLLNuNu_M-10_TuneCP5_PSweights_13TeV-amcatnlo-pythia8_cat4L_sys_jerUp
Merging MT_TTZToLLNuNu_M-10_TuneCP5_PSweights_13TeV-amcatnlo-pythia8_catSignal-0jet_sys_jerUp
Merging MT_TTZToLLNuNu_M-10_TuneCP5_PSweights_13TeV-amcatnlo-pythia8_catTOP_sys_ElecronSFDown
Merging MT_TTZToLLNuNu_M-10_TuneCP5_PSweights_13TeV-amcatnlo-pythia8_catNRB_sys_PrefireWeightDown
Merging balance_TTZToLLNuNu_M-10_TuneCP5_PSweights_13TeV-amcatnlo-pythia8_sys_QCDScale0wDown
Merging MT_TTZToLLNuNu_M-10_TuneCP5_PSweights_13TeV-amcatnlo-pythia8_cat4L_sys_QCDScale0wUp
Merging MT_TTZToLLNuNu_M-10_TuneCP5_PSweights_13TeV-amcatnlo-pythia8_catDY_sys_nvtxWeightDown
Merging measMET_TTZToLLNuNu_M-10_TuneCP5_PSweights_13TeV-amcatnlo-pythia8_cat4L_sys_MuonEnUp
Merging MT_TTZToLLNuNu_M-10_TuneCP5_PSweights_13TeV-amcatnlo-pythia8_cat4L_sys_btagEventWeightDown
Merging MT_TTZToLLNuNu_M-10_TuneCP5_PSweights_13TeV-amcatnlo-pythia8_catDY_sys_QCDScale0wDown
Merging measMET_TTZToLLNuNu_M-10_TuneCP5_PSweights_13TeV-amcatnlo-pythia8_catDY_sys_jesTotalDown
Merging MT_TTZToLLNuNu_M-10_TuneCP5_PSweights_13TeV-amcatnlo-pythia8_catSignal-0jet_sys_QCDScale1wDown
Merging njet_TTZToLLNuNu_M-10_TuneCP5_PSweights_13TeV-amcatnlo-pythia8_sys_btagEventWeightDown
Merging MT_TTZToLLNuNu_M-10_TuneCP5_PSweights_13TeV-amcatnlo-pythia8_catSignal-0jet_sys_ElectronEnUp
Merging MT_TTZToLLNuNu_M-10_TuneCP5_PSweights_13TeV-amcatnlo-pythia8_catDY_sys_ElectronEnUp
Merging measMET_TTZToLLNuNu_M-10_TuneCP5_PSweights_13TeV-amcatnlo-pythia8_cat3L_sys_MuonSFUp
Merging MT_TTZToLLNuNu_M-10_TuneCP5_PSweights_13TeV-amcatnlo-pythia8_catTOP_sys_PDFDown
Merging MT_TTZToLLNuNu_M-10_TuneCP5_PSweights_13TeV-amcatnlo-pythia8_catSignal-0jet_sys_jesTotalUp
Merging measMET_TTZToLLNuNu_M-10_TuneCP5_PSweights_13TeV-amcatnlo-pythia8_catNRB_sys_btagEventWeightUp
Merging MT_TTZToLLNuNu_M-10_TuneCP5_PSweights_13TeV-amcatnlo-pythia8_catNRB_sys_QCDScale1wDown
Merging measMET_TTZToLLNuNu_M-10_TuneCP5_PSweights_13TeV-amcatnlo-pythia8_catEM_sys_TriggerSFWeightDown
Merging measMET_TTZToLLNuNu_M-10_TuneCP5_PSweights_13TeV-amcatnlo-pythia8_catNRB_sys_jesTotalUp
Merging MT_TTZToLLNuNu_M-10_TuneCP5_PSweights_13TeV-amcatnlo-pythia8_catEM_sys_QCDScale2wDown
Merging MT_TTZToLLNuNu_M-10_TuneCP5_PSweights_13TeV-amcatnlo-pythia8_catTOP_sys_EWKUp
Merging MT_TTZToLLNuNu_M-10_TuneCP5_PSweights_13TeV-amcatnlo-pythia8_catEM_sys_PDFUp
Merging measMET_TTZToLLNuNu_M-10_TuneCP5_PSweights_13TeV-amcatnlo-pythia8_catNRB_sys_TriggerSFWeightUp
Merging measMET_TTZToLLNuNu_M-10_TuneCP5_PSweights_13TeV-amcatnlo-pythia8_catEM_sys_QCDScale2wDown
Merging measMET_TTZToLLNuNu_M-10_TuneCP5_PSweights_13TeV-amcatnlo-pythia8_catSignal-1jet_sys_ElectronEnUp
Merging measMET_TTZToLLNuNu_M-10_TuneCP5_PSweights_13TeV-amcatnlo-pythia8_catSignal-0jet_sys_ElecronSFDown
Merging MT_TTZToLLNuNu_M-10_TuneCP5_PSweights_13TeV-amcatnlo-pythia8_cat3L_sys_ElectronEnDown
Merging measMET_TTZToLLNuNu_M-10_TuneCP5_PSweights_13TeV-amcatnlo-pythia8_catSignal-1jet_sys_nvtxWeightUp
Merging measMET_TTZToLLNuNu_M-10_TuneCP5_PSweights_13TeV-amcatnlo-pythia8_catDY_sys_ElecronSFDown
Merging measMET_TTZToLLNuNu_M-10_TuneCP5_PSweights_13TeV-amcatnlo-pythia8_catNRB_sys_ElecronSFDown
Merging measMET_TTZToLLNuNu_M-10_TuneCP5_PSweights_13TeV-amcatnlo-pythia8_catEM_sys_QCDScale1wDown
Merging measMET_TTZToLLNuNu_M-10_TuneCP5_PSweights_13TeV-amcatnlo-pythia8_cat4L_sys_ElectronEnUp
Merging MT_TTZToLLNuNu_M-10_TuneCP5_PSweights_13TeV-amcatnlo-pythia8_catTOP_sys_jesTotalDown
Merging MT_TTZToLLNuNu_M-10_TuneCP5_PSweights_13TeV-amcatnlo-pythia8_catSignal-0jet_sys_QCDScale0wDown
Merging measMET_TTZToLLNuNu_M-10_TuneCP5_PSweights_13TeV-amcatnlo-pythia8_catSignal-1jet_sys_QCDScale1wDown
Merging measMET_TTZToLLNuNu_M-10_TuneCP5_PSweights_13TeV-amcatnlo-pythia8_cat3L_sys_TriggerSFWeightDown
Merging njet_TTZToLLNuNu_M-10_TuneCP5_PSweights_13TeV-amcatnlo-pythia8_sys_PDFDown
Merging measMET_TTZToLLNuNu_M-10_TuneCP5_PSweights_13TeV-amcatnlo-pythia8_catDY_sys_puWeightUp
Merging measMET_TTZToLLNuNu_M-10_TuneCP5_PSweights_13TeV-amcatnlo-pythia8_catDY_sys_QCDScale0wDown
Merging MT_TTZToLLNuNu_M-10_TuneCP5_PSweights_13TeV-amcatnlo-pythia8_catTOP_sys_jerUp
Merging measMET_TTZToLLNuNu_M-10_TuneCP5_PSweights_13TeV-amcatnlo-pythia8_catNRB_sys_QCDScale2wUp
Merging MT_TTZToLLNuNu_M-10_TuneCP5_PSweights_13TeV-amcatnlo-pythia8_cat4L_sys_QCDScale2wUp
Merging measMET_TTZToLLNuNu_M-10_TuneCP5_PSweights_13TeV-amcatnlo-pythia8_cat4L_sys_MuonSFDown
Merging njet_TTZToLLNuNu_M-10_TuneCP5_PSweights_13TeV-amcatnlo-pythia8_sys_puWeightUp
Merging MT_TTZToLLNuNu_M-10_TuneCP5_PSweights_13TeV-amcatnlo-pythia8_cat3L_sys_TriggerSFWeightUp
Merging measMET_TTZToLLNuNu_M-10_TuneCP5_PSweights_13TeV-amcatnlo-pythia8_catSignal-0jet_sys_jesTotalUp
Merging measMET_TTZToLLNuNu_M-10_TuneCP5_PSweights_13TeV-amcatnlo-pythia8_catNRB_sys_QCDScale2wDown
Merging measMET_TTZToLLNuNu_M-10_TuneCP5_PSweights_13TeV-amcatnlo-pythia8_cat3L_sys_ElecronSFDown
Merging phizmet_TTZToLLNuNu_M-10_TuneCP5_PSweights_13TeV-amcatnlo-pythia8_sys_ElectronEnUp
Merging measMET_TTZToLLNuNu_M-10_TuneCP5_PSweights_13TeV-amcatnlo-pythia8_catSignal-0jet_sys_puWeightDown
Merging phizmet_TTZToLLNuNu_M-10_TuneCP5_PSweights_13TeV-amcatnlo-pythia8_sys_puWeightDown
Merging measMET_TTZToLLNuNu_M-10_TuneCP5_PSweights_13TeV-amcatnlo-pythia8_catDY
Merging MT_TTZToLLNuNu_M-10_TuneCP5_PSweights_13TeV-amcatnlo-pythia8_cat4L_sys_PrefireWeightDown
Merging measMET_TTZToLLNuNu_M-10_TuneCP5_PSweights_13TeV-amcatnlo-pythia8_catDY_sys_jerDown
Merging measMET_TTZToLLNuNu_M-10_TuneCP5_PSweights_13TeV-amcatnlo-pythia8_catEM_sys_PDFDown
Merging MT_TTZToLLNuNu_M-10_TuneCP5_PSweights_13TeV-amcatnlo-pythia8_catTOP_sys_ElectronEnUp
Merging measMET_TTZToLLNuNu_M-10_TuneCP5_PSweights_13TeV-amcatnlo-pythia8_catTOP_sys_TriggerSFWeightUp
Merging MT_TTZToLLNuNu_M-10_TuneCP5_PSweights_13TeV-amcatnlo-pythia8_catTOP_sys_PrefireWeightDown
Merging measMET_TTZToLLNuNu_M-10_TuneCP5_PSweights_13TeV-amcatnlo-pythia8_catSignal-0jet_sys_btagEventWeightDown
Merging measMET_TTZToLLNuNu_M-10_TuneCP5_PSweights_13TeV-amcatnlo-pythia8_catNRB_sys_TriggerSFWeightDown
Merging MT_TTZToLLNuNu_M-10_TuneCP5_PSweights_13TeV-amcatnlo-pythia8_catSignal-1jet_sys_QCDScale0wUp
Merging MT_TTZToLLNuNu_M-10_TuneCP5_PSweights_13TeV-amcatnlo-pythia8_catSignal-1jet_sys_jerUp
Merging measMET_TTZToLLNuNu_M-10_TuneCP5_PSweights_13TeV-amcatnlo-pythia8_catSignal-0jet_sys_nvtxWeightDown
Merging MT_TTZToLLNuNu_M-10_TuneCP5_PSweights_13TeV-amcatnlo-pythia8_catTOP_sys_btagEventWeightDown
Merging MT_TTZToLLNuNu_M-10_TuneCP5_PSweights_13TeV-amcatnlo-pythia8_cat3L_sys_PrefireWeightUp
Merging balance_TTZToLLNuNu_M-10_TuneCP5_PSweights_13TeV-amcatnlo-pythia8_sys_PrefireWeightUp
Merging measMET_TTZToLLNuNu_M-10_TuneCP5_PSweights_13TeV-amcatnlo-pythia8_catTOP_sys_QCDScale2wUp
Merging MT_TTZToLLNuNu_M-10_TuneCP5_PSweights_13TeV-amcatnlo-pythia8_cat4L_sys_jerDown
Merging measMET_TTZToLLNuNu_M-10_TuneCP5_PSweights_13TeV-amcatnlo-pythia8_cat3L_sys_jerDown
Merging measMET_TTZToLLNuNu_M-10_TuneCP5_PSweights_13TeV-amcatnlo-pythia8_catEM_sys_PDFUp
Merging measMET_TTZToLLNuNu_M-10_TuneCP5_PSweights_13TeV-amcatnlo-pythia8_catDY_sys_QCDScale2wUp
Merging MT_TTZToLLNuNu_M-10_TuneCP5_PSweights_13TeV-amcatnlo-pythia8_catDY_sys_TriggerSFWeightDown
Merging MT_TTZToLLNuNu_M-10_TuneCP5_PSweights_13TeV-amcatnlo-pythia8_cat4L_sys_PrefireWeightUp
Merging phizmet_TTZToLLNuNu_M-10_TuneCP5_PSweights_13TeV-amcatnlo-pythia8_sys_jesTotalDown
Merging measMET_TTZToLLNuNu_M-10_TuneCP5_PSweights_13TeV-amcatnlo-pythia8_catDY_sys_nvtxWeightUp
Merging MT_TTZToLLNuNu_M-10_TuneCP5_PSweights_13TeV-amcatnlo-pythia8_catEM_sys_QCDScale1wDown
Merging MT_TTZToLLNuNu_M-10_TuneCP5_PSweights_13TeV-amcatnlo-pythia8_cat3L_sys_QCDScale0wUp
Merging MT_TTZToLLNuNu_M-10_TuneCP5_PSweights_13TeV-amcatnlo-pythia8_catDY
Merging measMET_TTZToLLNuNu_M-10_TuneCP5_PSweights_13TeV-amcatnlo-pythia8_catDY_sys_MuonSFUp
Merging phizmet_TTZToLLNuNu_M-10_TuneCP5_PSweights_13TeV-amcatnlo-pythia8_sys_QCDScale0wUp
(elapsed time  1024.3s, curr speed    0.029 kHz, avg speed    0.029 kHz), accepted    30001/   30001 events (100.00%)
Processed    40000/   88387 entries, 45.26% (elapsed time  1367.6s, curr speed    0.029 kHz, avg speed    0.029 kHz), accepted    40001/   40001 events (100.00%)
Processed    50000/   88387 entries, 56.57% (elapsed time  1704.2s, curr speed    0.030 kHz, avg speed    0.029 kHz), accepted    50001/   50001 events (100.00%)
Processed    60000/   88387 entries, 67.88% (elapsed time  2042.9s, curr speed    0.030 kHz, avg speed    0.029 kHz), accepted    60001/   60001 events (100.00%)
Processed    70000/   88387 entries, 79.20% (elapsed time  2376.2s, curr speed    0.030 kHz, avg speed    0.029 kHz), accepted    70001/   70001 events (100.00%)
Processed    80000/   88387 entries, 90.51% (elapsed time  2716.2s, curr speed    0.029 kHz, avg speed    0.029 kHz), accepted    80001/   80001 events (100.00%)
Processed 88387 preselected entries from /eos/cms/store/group/phys_exotica/monoZ/Exorcism2017/TTZToLLNuNu_M-10_TuneCP5_PSweights_13TeV-amcatnlo-pythia8/tree_3.root (88387 entries). Finally selected 88387 entries
Done ./tree_3_Skim.root
29.4196748049 Hz
----- transfer output to eos :
----- directory after running :
.:
total 6596
-rw-r--r--. 1 cfreer zh    1227 Nov 30 11:57 FrameworkJobReport.xml
-rw-r--r--. 1 cfreer zh       0 Nov 30 11:06 _condor_stderr
-rw-r--r--. 1 cfreer zh   91870 Nov 30 11:57 _condor_stdout
-rw-------. 1 cfreer zh    4914 Nov 30 11:57 cfreer.cc
-rw-r--r--. 1 cfreer zh   16092 Nov 30 11:06 combineHLT_Run2.yaml
-rw-r--r--. 1 cfreer zh    5718 Nov 30 11:06 condor_WSProducer.py
-rwxr-xr-x. 1 cfreer zh     856 Nov 30 11:06 condor_exec.exe
-rwxr-xr-x. 1 cfreer zh    2559 Nov 30 11:06 haddnano.py
-rw-r--r--. 1 cfreer zh       8 Nov 30 11:06 keep_and_drop_WS.txt
drwx------. 3 cfreer zh    4096 Nov 30 11:06 tmp
-rw-r--r--. 1 cfreer zh 3298555 Nov 30 11:57 tree_11.root
-rw-r--r--. 1 cfreer zh 3298403 Nov 30 11:57 tree_3_Skim.root
drwx------. 3 cfreer zh    4096 Nov 30 11:06 var

./tmp:
total 4
drwxr-xr-x. 3 cfreer zh 4096 Nov 30 11:06 mjf-cfreer

./tmp/mjf-cfreer:
total 4
drwxr-xr-x. 2 cfreer zh 4096 Nov 30 11:06 jobfeatures-bigbird09.cern.ch_3031878.11_1574960919

./tmp/mjf-cfreer/jobfeatures-bigbird09.cern.ch_3031878.11_1574960919:
total 28
-rw-r--r--. 1 cfreer zh  1 Nov 30 11:06 allocated_cpu
-rw-r--r--. 1 cfreer zh  6 Nov 30 11:06 cpu_limit_secs
-rw-r--r--. 1 cfreer zh 39 Nov 30 11:06 job_id
-rw-r--r--. 1 cfreer zh 10 Nov 30 11:06 jobstart_secs
-rw-r--r--. 1 cfreer zh 10 Nov 30 11:06 max_rss_bytes
-rw-r--r--. 1 cfreer zh 10 Nov 30 11:06 scratch_limit_bytes
-rw-r--r--. 1 cfreer zh  6 Nov 30 11:06 wall_limit_secs

./var:
total 4
drwx------. 2 cfreer zh 4096 Nov 30 11:06 tmp

./var/tmp:
total 0
 ------ THE END (everyone dies !) ----- 
