
/pool/condor/dir_9467

... start job at 2019-11-29 05:00:24
----- directory before running:
.:
total 52
-rw-r--r--. 1 cfreer zh     0 Nov 29 05:00 _condor_stderr
-rw-r--r--. 1 cfreer zh    93 Nov 29 05:00 _condor_stdout
-rw-------. 1 cfreer zh  2642 Nov 29 05:00 cfreer.cc
-rw-r--r--. 1 cfreer zh 16092 Nov 29 05:00 combineHLT_Run2.yaml
-rw-r--r--. 1 cfreer zh  5718 Nov 29 05:00 condor_WSProducer.py
-rwxr-xr-x. 1 cfreer zh   831 Nov 29 05:00 condor_exec.exe
-rwxr-xr-x. 1 cfreer zh  2559 Nov 29 05:00 haddnano.py
-rw-r--r--. 1 cfreer zh     8 Nov 29 05:00 keep_and_drop_WS.txt
drwx------. 3 cfreer zh  4096 Nov 29 05:00 tmp
drwx------. 3 cfreer zh  4096 Nov 29 05:00 var

./tmp:
total 4
drwxr-xr-x. 3 cfreer zh 4096 Nov 29 05:00 mjf-cfreer

./tmp/mjf-cfreer:
total 4
drwxr-xr-x. 2 cfreer zh 4096 Nov 29 05:00 jobfeatures-bigbird09.cern.ch_3024805.4_1574901002

./tmp/mjf-cfreer/jobfeatures-bigbird09.cern.ch_3024805.4_1574901002:
total 28
-rw-r--r--. 1 cfreer zh  1 Nov 29 05:00 allocated_cpu
-rw-r--r--. 1 cfreer zh  6 Nov 29 05:00 cpu_limit_secs
-rw-r--r--. 1 cfreer zh 38 Nov 29 05:00 job_id
-rw-r--r--. 1 cfreer zh 10 Nov 29 05:00 jobstart_secs
-rw-r--r--. 1 cfreer zh 10 Nov 29 05:00 max_rss_bytes
-rw-r--r--. 1 cfreer zh 10 Nov 29 05:00 scratch_limit_bytes
-rw-r--r--. 1 cfreer zh  6 Nov 29 05:00 wall_limit_secs

./var:
total 4
drwx------. 2 cfreer zh 4096 Nov 29 05:00 tmp

./var/tmp:
total 0
----- CMSSW BASE, python path, pwd:
+ CMSSW_BASE  = /afs/cern.ch/work/c/cfreer/MonoZ_2019/MT_plots/CMSSW_10_6_4
+ PYTHON_PATH = 
+ PWD         = /pool/condor/dir_9467
Adding file ./tree_101_Skim.root
Merging measMET_monoZ_catSignal-0jet
Merging MT_monoZ_catSignal-0jet
Merging measMET_monoZ_catEM
Merging MT_monoZ_catEM
Merging measMET_monoZ_catSignal-1jet
Merging MT_monoZ_catSignal-1jet
Merging measMET_monoZ_cat3L
Merging MT_monoZ_cat3L
Merging measMET_monoZ_cat4L
Merging MT_monoZ_cat4L
Merging measMET_monoZ_catNRB
Merging MT_monoZ_catNRB
Merging measMET_monoZ_catTOP
Merging MT_monoZ_catTOP
Merging measMET_monoZ_catDY
Merging MT_monoZ_catDY
Merging balance_monoZ
Merging phizmet_monoZ
Merging njet_monoZ
Merging Events
Merging Runs
Merging ParameterSets
Merging LuminosityBlocks
Merging MetaData
Merging MT_data_catSignal-1jet
Merging measMET_data_catTOP
Merging MT_data_catEM
Merging MT_data_catTOP
Merging measMET_data_catNRB
Merging phizmet_data
Merging measMET_data_cat3L
Merging njet_data
Merging untagged
Merging MT_data_cat3L
Merging measMET_data_cat4L
Merging measMET_data_catEM
Merging MT_data_catDY
Merging measMET_data_catSignal-0jet
Merging MT_data_cat4L
Merging balance_data
Merging MT_data_catNRB
Merging MT_data_catSignal-0jet
Merging measMET_data_catSignal-1jet
Merging measMET_data_catDY
/eos/cms/store/group/phys_exotica/monoZ/Exorcism2018/EGamma_Run2018D-Nano1June2019-v1/tree_101.root  ->  /eos/cms/store/group/phys_exotica/monoZ/Exorcism2018/EGamma_Run2018D-Nano1June2019-v1/tree_101.root
Testing file open
Test OK
---------------------------
 -- options  =  Namespace(dataset='X', doSyst=1, era='2018', infile='/eos/cms/store/group/phys_exotica/monoZ/Exorcism2018/EGamma_Run2018D-Nano1June2019-v1/tree_101.root', isMC=0, jobNum=4, nevt=-1)
 -- is MC    =  0
 -- jobNum   =  4
 -- era      =  2018
 -- in file  =  /eos/cms/store/group/phys_exotica/monoZ/Exorcism2018/EGamma_Run2018D-Nano1June2019-v1/tree_101.root
 -- dataset  =  X
---------------------------
modules :  <PhysicsTools.MonoZ.MonoZWSProducer.MonoZWSProducer object at 0x2b103b248890>
Selection :  
Will write selected trees to .
Pre-select 4828 entries out of 4828 (100.00%)
Processed 4828 preselected entries from /eos/cms/store/group/phys_exotica/monoZ/Exorcism2018/EGamma_Run2018D-Nano1June2019-v1/tree_101.root (4828 entries). Finally selected 4828 entries
Done ./tree_101_Skim.root
204.230118443 Hz
----- transfer output to eos :
----- directory after running :
.:
total 8604
-rw-r--r--. 1 cfreer zh    1202 Nov 29 05:01 FrameworkJobReport.xml
-rw-r--r--. 1 cfreer zh       0 Nov 29 05:00 _condor_stderr
-rw-r--r--. 1 cfreer zh    3864 Nov 29 05:01 _condor_stdout
-rw-------. 1 cfreer zh    4914 Nov 29 05:01 cfreer.cc
-rw-r--r--. 1 cfreer zh   16092 Nov 29 05:00 combineHLT_Run2.yaml
-rw-r--r--. 1 cfreer zh    5718 Nov 29 05:00 condor_WSProducer.py
-rwxr-xr-x. 1 cfreer zh     831 Nov 29 05:00 condor_exec.exe
-rwxr-xr-x. 1 cfreer zh    2559 Nov 29 05:00 haddnano.py
-rw-r--r--. 1 cfreer zh       8 Nov 29 05:00 keep_and_drop_WS.txt
drwx------. 3 cfreer zh    4096 Nov 29 05:00 tmp
-rw-r--r--. 1 cfreer zh 4373657 Nov 29 05:00 tree_101_Skim.root
-rw-r--r--. 1 cfreer zh 4373781 Nov 29 05:01 tree_4.root
drwx------. 3 cfreer zh    4096 Nov 29 05:00 var

./tmp:
total 4
drwxr-xr-x. 3 cfreer zh 4096 Nov 29 05:00 mjf-cfreer

./tmp/mjf-cfreer:
total 4
drwxr-xr-x. 2 cfreer zh 4096 Nov 29 05:00 jobfeatures-bigbird09.cern.ch_3024805.4_1574901002

./tmp/mjf-cfreer/jobfeatures-bigbird09.cern.ch_3024805.4_1574901002:
total 28
-rw-r--r--. 1 cfreer zh  1 Nov 29 05:00 allocated_cpu
-rw-r--r--. 1 cfreer zh  6 Nov 29 05:00 cpu_limit_secs
-rw-r--r--. 1 cfreer zh 38 Nov 29 05:00 job_id
-rw-r--r--. 1 cfreer zh 10 Nov 29 05:00 jobstart_secs
-rw-r--r--. 1 cfreer zh 10 Nov 29 05:00 max_rss_bytes
-rw-r--r--. 1 cfreer zh 10 Nov 29 05:00 scratch_limit_bytes
-rw-r--r--. 1 cfreer zh  6 Nov 29 05:00 wall_limit_secs

./var:
total 4
drwx------. 2 cfreer zh 4096 Nov 29 05:00 tmp

./var/tmp:
total 0
 ------ THE END (everyone dies !) ----- 
