
/pool/condor/dir_28788

... start job at 2019-11-29 06:37:25
----- directory before running:
.:
total 52
-rw-r--r--. 1 cfreer zh     0 Nov 29 06:37 _condor_stderr
-rw-r--r--. 1 cfreer zh    94 Nov 29 06:37 _condor_stdout
-rw-------. 1 cfreer zh  2642 Nov 29 06:37 cfreer.cc
-rw-r--r--. 1 cfreer zh 16092 Nov 29 06:37 combineHLT_Run2.yaml
-rw-r--r--. 1 cfreer zh  5718 Nov 29 06:37 condor_WSProducer.py
-rwxr-xr-x. 1 cfreer zh   833 Nov 29 06:37 condor_exec.exe
-rwxr-xr-x. 1 cfreer zh  2559 Nov 29 06:37 haddnano.py
-rw-r--r--. 1 cfreer zh     8 Nov 29 06:37 keep_and_drop_WS.txt
drwx------. 3 cfreer zh  4096 Nov 29 06:37 tmp
drwx------. 3 cfreer zh  4096 Nov 29 06:37 var

./tmp:
total 4
drwxr-xr-x. 3 cfreer zh 4096 Nov 29 06:37 mjf-cfreer

./tmp/mjf-cfreer:
total 4
drwxr-xr-x. 2 cfreer zh 4096 Nov 29 06:37 jobfeatures-bigbird09.cern.ch_3024906.28_1574901730

./tmp/mjf-cfreer/jobfeatures-bigbird09.cern.ch_3024906.28_1574901730:
total 28
-rw-r--r--. 1 cfreer zh  1 Nov 29 06:37 allocated_cpu
-rw-r--r--. 1 cfreer zh  6 Nov 29 06:37 cpu_limit_secs
-rw-r--r--. 1 cfreer zh 39 Nov 29 06:37 job_id
-rw-r--r--. 1 cfreer zh 10 Nov 29 06:37 jobstart_secs
-rw-r--r--. 1 cfreer zh 10 Nov 29 06:37 max_rss_bytes
-rw-r--r--. 1 cfreer zh 10 Nov 29 06:37 scratch_limit_bytes
-rw-r--r--. 1 cfreer zh  6 Nov 29 06:37 wall_limit_secs

./var:
total 4
drwx------. 2 cfreer zh 4096 Nov 29 06:37 tmp

./var/tmp:
total 0
----- CMSSW BASE, python path, pwd:
+ CMSSW_BASE  = /afs/cern.ch/work/c/cfreer/MonoZ_2019/MT_plots/CMSSW_10_6_4
+ PYTHON_PATH = 
+ PWD         = /pool/condor/dir_28788
Adding file ./tree_34_Skim.root
Merging measMET_monoZ_catSignal-0jet
Merging MT_monoZ_catSignal-0jet
Merging measMET_monoZ_catEM
Merging MT_monoZ_catEM
Merging measMET_monoZ_catSignal-1jet
Merging MT_monoZ_catSignal-1jet
Merging measMET_monoZ_cat3L
Merging MT_monoZ_cat3L
Merging measMET_monoZ_cat4L
Merging MT_monoZ_cat4L
Merging measMET_monoZ_catNRB
Merging MT_monoZ_catNRB
Merging measMET_monoZ_catTOP
Merging MT_monoZ_catTOP
Merging measMET_monoZ_catDY
Merging MT_monoZ_catDY
Merging balance_monoZ
Merging phizmet_monoZ
Merging njet_monoZ
Merging Events
Merging Runs
Merging ParameterSets
Merging LuminosityBlocks
Merging MetaData
Merging MT_data_catSignal-1jet
Merging measMET_data_catTOP
Merging MT_data_catEM
Merging MT_data_catTOP
Merging measMET_data_catNRB
Merging phizmet_data
Merging measMET_data_cat3L
Merging njet_data
Merging untagged
Merging MT_data_cat3L
Merging measMET_data_cat4L
Merging measMET_data_catEM
Merging MT_data_catDY
Merging measMET_data_catSignal-0jet
Merging MT_data_cat4L
Merging balance_data
Merging MT_data_catNRB
Merging MT_data_catSignal-0jet
Merging measMET_data_catSignal-1jet
Merging measMET_data_catDY
/eos/cms/store/group/phys_exotica/monoZ/Exorcism2017/DoubleEG_Run2017C-Nano1June2019-v1/tree_34.root  ->  /eos/cms/store/group/phys_exotica/monoZ/Exorcism2017/DoubleEG_Run2017C-Nano1June2019-v1/tree_34.root
Testing file open
Test OK
---------------------------
 -- options  =  Namespace(dataset='X', doSyst=1, era='2017', infile='/eos/cms/store/group/phys_exotica/monoZ/Exorcism2017/DoubleEG_Run2017C-Nano1June2019-v1/tree_34.root', isMC=0, jobNum=28, nevt=-1)
 -- is MC    =  0
 -- jobNum   =  28
 -- era      =  2017
 -- in file  =  /eos/cms/store/group/phys_exotica/monoZ/Exorcism2017/DoubleEG_Run2017C-Nano1June2019-v1/tree_34.root
 -- dataset  =  X
---------------------------
modules :  <PhysicsTools.MonoZ.MonoZWSProducer.MonoZWSProducer object at 0x2b9fa4557750>
Selection :  
Will write selected trees to .
Pre-select 5997 entries out of 5997 (100.00%)
Processed 5997 preselected entries from /eos/cms/store/group/phys_exotica/monoZ/Exorcism2017/DoubleEG_Run2017C-Nano1June2019-v1/tree_34.root (5997 entries). Finally selected 5997 entries
Done ./tree_34_Skim.root
142.683797288 Hz
----- transfer output to eos :
----- directory after running :
.:
total 11524
-rw-r--r--. 1 cfreer zh    1204 Nov 29 06:38 FrameworkJobReport.xml
-rw-r--r--. 1 cfreer zh       0 Nov 29 06:37 _condor_stderr
-rw-r--r--. 1 cfreer zh    3873 Nov 29 06:38 _condor_stdout
-rw-------. 1 cfreer zh    4914 Nov 29 06:38 cfreer.cc
-rw-r--r--. 1 cfreer zh   16092 Nov 29 06:37 combineHLT_Run2.yaml
-rw-r--r--. 1 cfreer zh    5718 Nov 29 06:37 condor_WSProducer.py
-rwxr-xr-x. 1 cfreer zh     833 Nov 29 06:37 condor_exec.exe
-rwxr-xr-x. 1 cfreer zh    2559 Nov 29 06:37 haddnano.py
-rw-r--r--. 1 cfreer zh       8 Nov 29 06:37 keep_and_drop_WS.txt
drwx------. 3 cfreer zh    4096 Nov 29 06:37 tmp
-rw-r--r--. 1 cfreer zh 5868909 Nov 29 06:38 tree_28.root
-rw-r--r--. 1 cfreer zh 5868769 Nov 29 06:38 tree_34_Skim.root
drwx------. 3 cfreer zh    4096 Nov 29 06:37 var

./tmp:
total 4
drwxr-xr-x. 3 cfreer zh 4096 Nov 29 06:37 mjf-cfreer

./tmp/mjf-cfreer:
total 4
drwxr-xr-x. 2 cfreer zh 4096 Nov 29 06:37 jobfeatures-bigbird09.cern.ch_3024906.28_1574901730

./tmp/mjf-cfreer/jobfeatures-bigbird09.cern.ch_3024906.28_1574901730:
total 28
-rw-r--r--. 1 cfreer zh  1 Nov 29 06:37 allocated_cpu
-rw-r--r--. 1 cfreer zh  6 Nov 29 06:37 cpu_limit_secs
-rw-r--r--. 1 cfreer zh 39 Nov 29 06:37 job_id
-rw-r--r--. 1 cfreer zh 10 Nov 29 06:37 jobstart_secs
-rw-r--r--. 1 cfreer zh 10 Nov 29 06:37 max_rss_bytes
-rw-r--r--. 1 cfreer zh 10 Nov 29 06:37 scratch_limit_bytes
-rw-r--r--. 1 cfreer zh  6 Nov 29 06:37 wall_limit_secs

./var:
total 4
drwx------. 2 cfreer zh 4096 Nov 29 06:37 tmp

./var/tmp:
total 0
 ------ THE END (everyone dies !) ----- 
