
/pool/condor/dir_18816

... start job at 2019-11-30 14:11:54
----- directory before running:
.:
total 52
-rw-r--r--. 1 cfreer zh     0 Nov 30 14:11 _condor_stderr
-rw-r--r--. 1 cfreer zh    94 Nov 30 14:11 _condor_stdout
-rw-------. 1 cfreer zh  2642 Nov 30 14:11 cfreer.cc
-rw-r--r--. 1 cfreer zh 16092 Nov 30 14:11 combineHLT_Run2.yaml
-rw-r--r--. 1 cfreer zh  5718 Nov 30 14:11 condor_WSProducer.py
-rwxr-xr-x. 1 cfreer zh   843 Nov 30 14:11 condor_exec.exe
-rwxr-xr-x. 1 cfreer zh  2559 Nov 30 14:11 haddnano.py
-rw-r--r--. 1 cfreer zh     8 Nov 30 14:11 keep_and_drop_WS.txt
drwx------. 3 cfreer zh  4096 Nov 30 14:11 tmp
drwx------. 3 cfreer zh  4096 Nov 30 14:11 var

./tmp:
total 4
drwxr-xr-x. 3 cfreer zh 4096 Nov 30 14:11 mjf-cfreer

./tmp/mjf-cfreer:
total 4
drwxr-xr-x. 2 cfreer zh 4096 Nov 30 14:11 jobfeatures-bigbird09.cern.ch_3032427.2_1574966950

./tmp/mjf-cfreer/jobfeatures-bigbird09.cern.ch_3032427.2_1574966950:
total 28
-rw-r--r--. 1 cfreer zh  1 Nov 30 14:11 allocated_cpu
-rw-r--r--. 1 cfreer zh  6 Nov 30 14:11 cpu_limit_secs
-rw-r--r--. 1 cfreer zh 38 Nov 30 14:11 job_id
-rw-r--r--. 1 cfreer zh 10 Nov 30 14:11 jobstart_secs
-rw-r--r--. 1 cfreer zh 10 Nov 30 14:11 max_rss_bytes
-rw-r--r--. 1 cfreer zh 10 Nov 30 14:11 scratch_limit_bytes
-rw-r--r--. 1 cfreer zh  6 Nov 30 14:11 wall_limit_secs

./var:
total 4
drwx------. 2 cfreer zh 4096 Nov 30 14:11 tmp

./var/tmp:
total 0
----- CMSSW BASE, python path, pwd:
+ CMSSW_BASE  = /afs/cern.ch/work/c/cfreer/MonoZ_2019/MT_plots/CMSSW_10_6_4
+ PYTHON_PATH = 
+ PWD         = /pool/condor/dir_18816
Adding file ./tree_2_Skim.root
Merging measMET_monoZ_catSignal-0jet
Merging MT_monoZ_catSignal-0jet
Merging measMET_monoZ_catEM
Merging MT_monoZ_catEM
Merging measMET_monoZ_catSignal-1jet
Merging MT_monoZ_catSignal-1jet
Merging measMET_monoZ_cat3L
Merging MT_monoZ_cat3L
Merging measMET_monoZ_cat4L
Merging MT_monoZ_cat4L
Merging measMET_monoZ_catNRB
Merging MT_monoZ_catNRB
Merging measMET_monoZ_catTOP
Merging MT_monoZ_catTOP
Merging measMET_monoZ_catDY
Merging MT_monoZ_catDY
Merging balance_monoZ
Merging phizmet_monoZ
Merging njet_monoZ
Merging measMET_monoZ_catSignal-0jet_sys_ElectronEnUp
Merging MT_monoZ_catSignal-0jet_sys_ElectronEnUp
Merging measMET_monoZ_catEM_sys_ElectronEnUp
Merging MT_monoZ_catEM_sys_ElectronEnUp
Merging measMET_monoZ_catSignal-1jet_sys_ElectronEnUp
Merging MT_monoZ_catSignal-1jet_sys_ElectronEnUp
Merging measMET_monoZ_cat3L_sys_ElectronEnUp
Merging MT_monoZ_cat3L_sys_ElectronEnUp
Merging measMET_monoZ_cat4L_sys_ElectronEnUp
Merging MT_monoZ_cat4L_sys_ElectronEnUp
Merging measMET_monoZ_catNRB_sys_ElectronEnUp
Merging MT_monoZ_catNRB_sys_ElectronEnUp
Merging measMET_monoZ_catTOP_sys_ElectronEnUp
Merging MT_monoZ_catTOP_sys_ElectronEnUp
Merging measMET_monoZ_catDY_sys_ElectronEnUp
Merging MT_monoZ_catDY_sys_ElectronEnUp
Merging balance_monoZ_sys_ElectronEnUp
Merging phizmet_monoZ_sys_ElectronEnUp
Merging njet_monoZ_sys_ElectronEnUp
Merging measMET_monoZ_catSignal-0jet_sys_ElectronEnDown
Merging MT_monoZ_catSignal-0jet_sys_ElectronEnDown
Merging measMET_monoZ_catEM_sys_ElectronEnDown
Merging MT_monoZ_catEM_sys_ElectronEnDown
Merging measMET_monoZ_catSignal-1jet_sys_ElectronEnDown
Merging MT_monoZ_catSignal-1jet_sys_ElectronEnDown
Merging measMET_monoZ_cat3L_sys_ElectronEnDown
Merging MT_monoZ_cat3L_sys_ElectronEnDown
Merging measMET_monoZ_cat4L_sys_ElectronEnDown
Merging MT_monoZ_cat4L_sys_ElectronEnDown
Merging measMET_monoZ_catNRB_sys_ElectronEnDown
Merging MT_monoZ_catNRB_sys_ElectronEnDown
Merging measMET_monoZ_catTOP_sys_ElectronEnDown
Merging MT_monoZ_catTOP_sys_ElectronEnDown
Merging measMET_monoZ_catDY_sys_ElectronEnDown
Merging MT_monoZ_catDY_sys_ElectronEnDown
Merging balance_monoZ_sys_ElectronEnDown
Merging phizmet_monoZ_sys_ElectronEnDown
Merging njet_monoZ_sys_ElectronEnDown
Merging measMET_monoZ_catSignal-0jet_sys_MuonEnUp
Merging MT_monoZ_catSignal-0jet_sys_MuonEnUp
Merging measMET_monoZ_catEM_sys_MuonEnUp
Merging MT_monoZ_catEM_sys_MuonEnUp
Merging measMET_monoZ_catSignal-1jet_sys_MuonEnUp
Merging MT_monoZ_catSignal-1jet_sys_MuonEnUp
Merging measMET_monoZ_cat3L_sys_MuonEnUp
Merging MT_monoZ_cat3L_sys_MuonEnUp
Merging measMET_monoZ_cat4L_sys_MuonEnUp
Merging MT_monoZ_cat4L_sys_MuonEnUp
Merging measMET_monoZ_catNRB_sys_MuonEnUp
Merging MT_monoZ_catNRB_sys_MuonEnUp
Merging measMET_monoZ_catTOP_sys_MuonEnUp
Merging MT_monoZ_catTOP_sys_MuonEnUp
Merging measMET_monoZ_catDY_sys_MuonEnUp
Merging MT_monoZ_catDY_sys_MuonEnUp
Merging balance_monoZ_sys_MuonEnUp
Merging phizmet_monoZ_sys_MuonEnUp
Merging njet_monoZ_sys_MuonEnUp
Merging measMET_monoZ_catSignal-0jet_sys_MuonEnDown
Merging MT_monoZ_catSignal-0jet_sys_MuonEnDown
Merging measMET_monoZ_catEM_sys_MuonEnDown
Merging MT_monoZ_catEM_sys_MuonEnDown
Merging measMET_monoZ_catSignal-1jet_sys_MuonEnDown
Merging MT_monoZ_catSignal-1jet_sys_MuonEnDown
Merging measMET_monoZ_cat3L_sys_MuonEnDown
Merging MT_monoZ_cat3L_sys_MuonEnDown
Merging measMET_monoZ_cat4L_sys_MuonEnDown
Merging MT_monoZ_cat4L_sys_MuonEnDown
Merging measMET_monoZ_catNRB_sys_MuonEnDown
Merging MT_monoZ_catNRB_sys_MuonEnDown
Merging measMET_monoZ_catTOP_sys_MuonEnDown
Merging MT_monoZ_catTOP_sys_MuonEnDown
Merging measMET_monoZ_catDY_sys_MuonEnDown
Merging MT_monoZ_catDY_sys_MuonEnDown
Merging balance_monoZ_sys_MuonEnDown
Merging phizmet_monoZ_sys_MuonEnDown
Merging njet_monoZ_sys_MuonEnDown
Merging measMET_monoZ_catSignal-0jet_sys_jesTotalUp
Merging MT_monoZ_catSignal-0jet_sys_jesTotalUp
Merging measMET_monoZ_catEM_sys_jesTotalUp
Merging MT_monoZ_catEM_sys_jesTotalUp
Merging measMET_monoZ_catSignal-1jet_sys_jesTotalUp
Merging MT_monoZ_catSignal-1jet_sys_jesTotalUp
Merging measMET_monoZ_cat3L_sys_jesTotalUp
Merging MT_monoZ_cat3L_sys_jesTotalUp
Merging measMET_monoZ_cat4L_sys_jesTotalUp
Merging MT_monoZ_cat4L_sys_jesTotalUp
Merging measMET_monoZ_catNRB_sys_jesTotalUp
Merging MT_monoZ_catNRB_sys_jesTotalUp
Merging measMET_monoZ_catTOP_sys_jesTotalUp
Merging MT_monoZ_catTOP_sys_jesTotalUp
Merging measMET_monoZ_catDY_sys_jesTotalUp
Merging MT_monoZ_catDY_sys_jesTotalUp
Merging balance_monoZ_sys_jesTotalUp
Merging phizmet_monoZ_sys_jesTotalUp
Merging njet_monoZ_sys_jesTotalUp
Merging measMET_monoZ_catSignal-0jet_sys_jesTotalDown
Merging MT_monoZ_catSignal-0jet_sys_jesTotalDown
Merging measMET_monoZ_catEM_sys_jesTotalDown
Merging MT_monoZ_catEM_sys_jesTotalDown
Merging measMET_monoZ_catSignal-1jet_sys_jesTotalDown
Merging MT_monoZ_catSignal-1jet_sys_jesTotalDown
Merging measMET_monoZ_cat3L_sys_jesTotalDown
Merging MT_monoZ_cat3L_sys_jesTotalDown
Merging measMET_monoZ_cat4L_sys_jesTotalDown
Merging MT_monoZ_cat4L_sys_jesTotalDown
Merging measMET_monoZ_catNRB_sys_jesTotalDown
Merging MT_monoZ_catNRB_sys_jesTotalDown
Merging measMET_monoZ_catTOP_sys_jesTotalDown
Merging MT_monoZ_catTOP_sys_jesTotalDown
Merging measMET_monoZ_catDY_sys_jesTotalDown
Merging MT_monoZ_catDY_sys_jesTotalDown
Merging balance_monoZ_sys_jesTotalDown
Merging phizmet_monoZ_sys_jesTotalDown
Merging njet_monoZ_sys_jesTotalDown
Merging measMET_monoZ_catSignal-0jet_sys_jerUp
Merging MT_monoZ_catSignal-0jet_sys_jerUp
Merging measMET_monoZ_catEM_sys_jerUp
Merging MT_monoZ_catEM_sys_jerUp
Merging measMET_monoZ_catSignal-1jet_sys_jerUp
Merging MT_monoZ_catSignal-1jet_sys_jerUp
Merging measMET_monoZ_cat3L_sys_jerUp
Merging MT_monoZ_cat3L_sys_jerUp
Merging measMET_monoZ_cat4L_sys_jerUp
Merging MT_monoZ_cat4L_sys_jerUp
Merging measMET_monoZ_catNRB_sys_jerUp
Merging MT_monoZ_catNRB_sys_jerUp
Merging measMET_monoZ_catTOP_sys_jerUp
Merging MT_monoZ_catTOP_sys_jerUp
Merging measMET_monoZ_catDY_sys_jerUp
Merging MT_monoZ_catDY_sys_jerUp
Merging balance_monoZ_sys_jerUp
Merging phizmet_monoZ_sys_jerUp
Merging njet_monoZ_sys_jerUp
Merging measMET_monoZ_catSignal-0jet_sys_jerDown
Merging MT_monoZ_catSignal-0jet_sys_jerDown
Merging measMET_monoZ_catEM_sys_jerDown
Merging MT_monoZ_catEM_sys_jerDown
Merging measMET_monoZ_catSignal-1jet_sys_jerDown
Merging MT_monoZ_catSignal-1jet_sys_jerDown
Merging measMET_monoZ_cat3L_sys_jerDown
Merging MT_monoZ_cat3L_sys_jerDown
Merging measMET_monoZ_cat4L_sys_jerDown
Merging MT_monoZ_cat4L_sys_jerDown
Merging measMET_monoZ_catNRB_sys_jerDown
Merging MT_monoZ_catNRB_sys_jerDown
Merging measMET_monoZ_catTOP_sys_jerDown
Merging MT_monoZ_catTOP_sys_jerDown
Merging measMET_monoZ_catDY_sys_jerDown
Merging MT_monoZ_catDY_sys_jerDown
Merging balance_monoZ_sys_jerDown
Merging phizmet_monoZ_sys_jerDown
Merging njet_monoZ_sys_jerDown
Merging measMET_monoZ_catSignal-0jet_sys_puWeightUp
Merging MT_monoZ_catSignal-0jet_sys_puWeightUp
Merging measMET_monoZ_catEM_sys_puWeightUp
Merging MT_monoZ_catEM_sys_puWeightUp
Merging measMET_monoZ_catSignal-1jet_sys_puWeightUp
Merging MT_monoZ_catSignal-1jet_sys_puWeightUp
Merging measMET_monoZ_cat3L_sys_puWeightUp
Merging MT_monoZ_cat3L_sys_puWeightUp
Merging measMET_monoZ_cat4L_sys_puWeightUp
Merging MT_monoZ_cat4L_sys_puWeightUp
Merging measMET_monoZ_catNRB_sys_puWeightUp
Merging MT_monoZ_catNRB_sys_puWeightUp
Merging measMET_monoZ_catTOP_sys_puWeightUp
Merging MT_monoZ_catTOP_sys_puWeightUp
Merging measMET_monoZ_catDY_sys_puWeightUp
Merging MT_monoZ_catDY_sys_puWeightUp
Merging balance_monoZ_sys_puWeightUp
Merging phizmet_monoZ_sys_puWeightUp
Merging njet_monoZ_sys_puWeightUp
Merging measMET_monoZ_catSignal-0jet_sys_puWeightDown
Merging MT_monoZ_catSignal-0jet_sys_puWeightDown
Merging measMET_monoZ_catEM_sys_puWeightDown
Merging MT_monoZ_catEM_sys_puWeightDown
Merging measMET_monoZ_catSignal-1jet_sys_puWeightDown
Merging MT_monoZ_catSignal-1jet_sys_puWeightDown
Merging measMET_monoZ_cat3L_sys_puWeightDown
Merging MT_monoZ_cat3L_sys_puWeightDown
Merging measMET_monoZ_cat4L_sys_puWeightDown
Merging MT_monoZ_cat4L_sys_puWeightDown
Merging measMET_monoZ_catNRB_sys_puWeightDown
Merging MT_monoZ_catNRB_sys_puWeightDown
Merging measMET_monoZ_catTOP_sys_puWeightDown
Merging MT_monoZ_catTOP_sys_puWeightDown
Merging measMET_monoZ_catDY_sys_puWeightDown
Merging MT_monoZ_catDY_sys_puWeightDown
Merging balance_monoZ_sys_puWeightDown
Merging phizmet_monoZ_sys_puWeightDown
Merging njet_monoZ_sys_puWeightDown
Merging measMET_monoZ_catSignal-0jet_sys_PDFUp
Merging MT_monoZ_catSignal-0jet_sys_PDFUp
Merging measMET_monoZ_catEM_sys_PDFUp
Merging MT_monoZ_catEM_sys_PDFUp
Merging measMET_monoZ_catSignal-1jet_sys_PDFUp
Merging MT_monoZ_catSignal-1jet_sys_PDFUp
Merging measMET_monoZ_cat3L_sys_PDFUp
Merging MT_monoZ_cat3L_sys_PDFUp
Merging measMET_monoZ_cat4L_sys_PDFUp
Merging MT_monoZ_cat4L_sys_PDFUp
Merging measMET_monoZ_catNRB_sys_PDFUp
Merging MT_monoZ_catNRB_sys_PDFUp
Merging measMET_monoZ_catTOP_sys_PDFUp
Merging MT_monoZ_catTOP_sys_PDFUp
Merging measMET_monoZ_catDY_sys_PDFUp
Merging MT_monoZ_catDY_sys_PDFUp
Merging balance_monoZ_sys_PDFUp
Merging phizmet_monoZ_sys_PDFUp
Merging njet_monoZ_sys_PDFUp
Merging measMET_monoZ_catSignal-0jet_sys_PDFDown
Merging MT_monoZ_catSignal-0jet_sys_PDFDown
Merging measMET_monoZ_catEM_sys_PDFDown
Merging MT_monoZ_catEM_sys_PDFDown
Merging measMET_monoZ_catSignal-1jet_sys_PDFDown
Merging MT_monoZ_catSignal-1jet_sys_PDFDown
Merging measMET_monoZ_cat3L_sys_PDFDown
Merging MT_monoZ_cat3L_sys_PDFDown
Merging measMET_monoZ_cat4L_sys_PDFDown
Merging MT_monoZ_cat4L_sys_PDFDown
Merging measMET_monoZ_catNRB_sys_PDFDown
Merging MT_monoZ_catNRB_sys_PDFDown
Merging measMET_monoZ_catTOP_sys_PDFDown
Merging MT_monoZ_catTOP_sys_PDFDown
Merging measMET_monoZ_catDY_sys_PDFDown
Merging MT_monoZ_catDY_sys_PDFDown
Merging balance_monoZ_sys_PDFDown
Merging phizmet_monoZ_sys_PDFDown
Merging njet_monoZ_sys_PDFDown
Merging measMET_monoZ_catSignal-0jet_sys_MuonSFUp
Merging MT_monoZ_catSignal-0jet_sys_MuonSFUp
Merging measMET_monoZ_catEM_sys_MuonSFUp
Merging MT_monoZ_catEM_sys_MuonSFUp
Merging measMET_monoZ_catSignal-1jet_sys_MuonSFUp
Merging MT_monoZ_catSignal-1jet_sys_MuonSFUp
Merging measMET_monoZ_cat3L_sys_MuonSFUp
Merging MT_monoZ_cat3L_sys_MuonSFUp
Merging measMET_monoZ_cat4L_sys_MuonSFUp
Merging MT_monoZ_cat4L_sys_MuonSFUp
Merging measMET_monoZ_catNRB_sys_MuonSFUp
Merging MT_monoZ_catNRB_sys_MuonSFUp
Merging measMET_monoZ_catTOP_sys_MuonSFUp
Merging MT_monoZ_catTOP_sys_MuonSFUp
Merging measMET_monoZ_catDY_sys_MuonSFUp
Merging MT_monoZ_catDY_sys_MuonSFUp
Merging balance_monoZ_sys_MuonSFUp
Merging phizmet_monoZ_sys_MuonSFUp
Merging njet_monoZ_sys_MuonSFUp
Merging measMET_monoZ_catSignal-0jet_sys_MuonSFDown
Merging MT_monoZ_catSignal-0jet_sys_MuonSFDown
Merging measMET_monoZ_catEM_sys_MuonSFDown
Merging MT_monoZ_catEM_sys_MuonSFDown
Merging measMET_monoZ_catSignal-1jet_sys_MuonSFDown
Merging MT_monoZ_catSignal-1jet_sys_MuonSFDown
Merging measMET_monoZ_cat3L_sys_MuonSFDown
Merging MT_monoZ_cat3L_sys_MuonSFDown
Merging measMET_monoZ_cat4L_sys_MuonSFDown
Merging MT_monoZ_cat4L_sys_MuonSFDown
Merging measMET_monoZ_catNRB_sys_MuonSFDown
Merging MT_monoZ_catNRB_sys_MuonSFDown
Merging measMET_monoZ_catTOP_sys_MuonSFDown
Merging MT_monoZ_catTOP_sys_MuonSFDown
Merging measMET_monoZ_catDY_sys_MuonSFDown
Merging MT_monoZ_catDY_sys_MuonSFDown
Merging balance_monoZ_sys_MuonSFDown
Merging phizmet_monoZ_sys_MuonSFDown
Merging njet_monoZ_sys_MuonSFDown
Merging measMET_monoZ_catSignal-0jet_sys_ElecronSFUp
Merging MT_monoZ_catSignal-0jet_sys_ElecronSFUp
Merging measMET_monoZ_catEM_sys_ElecronSFUp
Merging MT_monoZ_catEM_sys_ElecronSFUp
Merging measMET_monoZ_catSignal-1jet_sys_ElecronSFUp
Merging MT_monoZ_catSignal-1jet_sys_ElecronSFUp
Merging measMET_monoZ_cat3L_sys_ElecronSFUp
Merging MT_monoZ_cat3L_sys_ElecronSFUp
Merging measMET_monoZ_cat4L_sys_ElecronSFUp
Merging MT_monoZ_cat4L_sys_ElecronSFUp
Merging measMET_monoZ_catNRB_sys_ElecronSFUp
Merging MT_monoZ_catNRB_sys_ElecronSFUp
Merging measMET_monoZ_catTOP_sys_ElecronSFUp
Merging MT_monoZ_catTOP_sys_ElecronSFUp
Merging measMET_monoZ_catDY_sys_ElecronSFUp
Merging MT_monoZ_catDY_sys_ElecronSFUp
Merging balance_monoZ_sys_ElecronSFUp
Merging phizmet_monoZ_sys_ElecronSFUp
Merging njet_monoZ_sys_ElecronSFUp
Merging measMET_monoZ_catSignal-0jet_sys_ElecronSFDown
Merging MT_monoZ_catSignal-0jet_sys_ElecronSFDown
Merging measMET_monoZ_catEM_sys_ElecronSFDown
Merging MT_monoZ_catEM_sys_ElecronSFDown
Merging measMET_monoZ_catSignal-1jet_sys_ElecronSFDown
Merging MT_monoZ_catSignal-1jet_sys_ElecronSFDown
Merging measMET_monoZ_cat3L_sys_ElecronSFDown
Merging MT_monoZ_cat3L_sys_ElecronSFDown
Merging measMET_monoZ_cat4L_sys_ElecronSFDown
Merging MT_monoZ_cat4L_sys_ElecronSFDown
Merging measMET_monoZ_catNRB_sys_ElecronSFDown
Merging MT_monoZ_catNRB_sys_ElecronSFDown
Merging measMET_monoZ_catTOP_sys_ElecronSFDown
Merging MT_monoZ_catTOP_sys_ElecronSFDown
Merging measMET_monoZ_catDY_sys_ElecronSFDown
Merging MT_monoZ_catDY_sys_ElecronSFDown
Merging balance_monoZ_sys_ElecronSFDown
Merging phizmet_monoZ_sys_ElecronSFDown
Merging njet_monoZ_sys_ElecronSFDown
Merging measMET_monoZ_catSignal-0jet_sys_EWKUp
Merging MT_monoZ_catSignal-0jet_sys_EWKUp
Merging measMET_monoZ_catEM_sys_EWKUp
Merging MT_monoZ_catEM_sys_EWKUp
Merging measMET_monoZ_catSignal-1jet_sys_EWKUp
Merging MT_monoZ_catSignal-1jet_sys_EWKUp
Merging measMET_monoZ_cat3L_sys_EWKUp
Merging MT_monoZ_cat3L_sys_EWKUp
Merging measMET_monoZ_cat4L_sys_EWKUp
Merging MT_monoZ_cat4L_sys_EWKUp
Merging measMET_monoZ_catNRB_sys_EWKUp
Merging MT_monoZ_catNRB_sys_EWKUp
Merging measMET_monoZ_catTOP_sys_EWKUp
Merging MT_monoZ_catTOP_sys_EWKUp
Merging measMET_monoZ_catDY_sys_EWKUp
Merging MT_monoZ_catDY_sys_EWKUp
Merging balance_monoZ_sys_EWKUp
Merging phizmet_monoZ_sys_EWKUp
Merging njet_monoZ_sys_EWKUp
Merging measMET_monoZ_catSignal-0jet_sys_EWKDown
Merging MT_monoZ_catSignal-0jet_sys_EWKDown
Merging measMET_monoZ_catEM_sys_EWKDown
Merging MT_monoZ_catEM_sys_EWKDown
Merging measMET_monoZ_catSignal-1jet_sys_EWKDown
Merging MT_monoZ_catSignal-1jet_sys_EWKDown
Merging measMET_monoZ_cat3L_sys_EWKDown
Merging MT_monoZ_cat3L_sys_EWKDown
Merging measMET_monoZ_cat4L_sys_EWKDown
Merging MT_monoZ_cat4L_sys_EWKDown
Merging measMET_monoZ_catNRB_sys_EWKDown
Merging MT_monoZ_catNRB_sys_EWKDown
Merging measMET_monoZ_catTOP_sys_EWKDown
Merging MT_monoZ_catTOP_sys_EWKDown
Merging measMET_monoZ_catDY_sys_EWKDown
Merging MT_monoZ_catDY_sys_EWKDown
Merging balance_monoZ_sys_EWKDown
Merging phizmet_monoZ_sys_EWKDown
Merging njet_monoZ_sys_EWKDown
Merging measMET_monoZ_catSignal-0jet_sys_nvtxWeightUp
Merging MT_monoZ_catSignal-0jet_sys_nvtxWeightUp
Merging measMET_monoZ_catEM_sys_nvtxWeightUp
Merging MT_monoZ_catEM_sys_nvtxWeightUp
Merging measMET_monoZ_catSignal-1jet_sys_nvtxWeightUp
Merging MT_monoZ_catSignal-1jet_sys_nvtxWeightUp
Merging measMET_monoZ_cat3L_sys_nvtxWeightUp
Merging MT_monoZ_cat3L_sys_nvtxWeightUp
Merging measMET_monoZ_cat4L_sys_nvtxWeightUp
Merging MT_monoZ_cat4L_sys_nvtxWeightUp
Merging measMET_monoZ_catNRB_sys_nvtxWeightUp
Merging MT_monoZ_catNRB_sys_nvtxWeightUp
Merging measMET_monoZ_catTOP_sys_nvtxWeightUp
Merging MT_monoZ_catTOP_sys_nvtxWeightUp
Merging measMET_monoZ_catDY_sys_nvtxWeightUp
Merging MT_monoZ_catDY_sys_nvtxWeightUp
Merging balance_monoZ_sys_nvtxWeightUp
Merging phizmet_monoZ_sys_nvtxWeightUp
Merging njet_monoZ_sys_nvtxWeightUp
Merging measMET_monoZ_catSignal-0jet_sys_nvtxWeightDown
Merging MT_monoZ_catSignal-0jet_sys_nvtxWeightDown
Merging measMET_monoZ_catEM_sys_nvtxWeightDown
Merging MT_monoZ_catEM_sys_nvtxWeightDown
Merging measMET_monoZ_catSignal-1jet_sys_nvtxWeightDown
Merging MT_monoZ_catSignal-1jet_sys_nvtxWeightDown
Merging measMET_monoZ_cat3L_sys_nvtxWeightDown
Merging MT_monoZ_cat3L_sys_nvtxWeightDown
Merging measMET_monoZ_cat4L_sys_nvtxWeightDown
Merging MT_monoZ_cat4L_sys_nvtxWeightDown
Merging measMET_monoZ_catNRB_sys_nvtxWeightDown
Merging MT_monoZ_catNRB_sys_nvtxWeightDown
Merging measMET_monoZ_catTOP_sys_nvtxWeightDown
Merging MT_monoZ_catTOP_sys_nvtxWeightDown
Merging measMET_monoZ_catDY_sys_nvtxWeightDown
Merging MT_monoZ_catDY_sys_nvtxWeightDown
Merging balance_monoZ_sys_nvtxWeightDown
Merging phizmet_monoZ_sys_nvtxWeightDown
Merging njet_monoZ_sys_nvtxWeightDown
Merging measMET_monoZ_catSignal-0jet_sys_TriggerSFWeightUp
Merging MT_monoZ_catSignal-0jet_sys_TriggerSFWeightUp
Merging measMET_monoZ_catEM_sys_TriggerSFWeightUp
Merging MT_monoZ_catEM_sys_TriggerSFWeightUp
Merging measMET_monoZ_catSignal-1jet_sys_TriggerSFWeightUp
Merging MT_monoZ_catSignal-1jet_sys_TriggerSFWeightUp
Merging measMET_monoZ_cat3L_sys_TriggerSFWeightUp
Merging MT_monoZ_cat3L_sys_TriggerSFWeightUp
Merging measMET_monoZ_cat4L_sys_TriggerSFWeightUp
Merging MT_monoZ_cat4L_sys_TriggerSFWeightUp
Merging measMET_monoZ_catNRB_sys_TriggerSFWeightUp
Merging MT_monoZ_catNRB_sys_TriggerSFWeightUp
Merging measMET_monoZ_catTOP_sys_TriggerSFWeightUp
Merging MT_monoZ_catTOP_sys_TriggerSFWeightUp
Merging measMET_monoZ_catDY_sys_TriggerSFWeightUp
Merging MT_monoZ_catDY_sys_TriggerSFWeightUp
Merging balance_monoZ_sys_TriggerSFWeightUp
Merging phizmet_monoZ_sys_TriggerSFWeightUp
Merging njet_monoZ_sys_TriggerSFWeightUp
Merging measMET_monoZ_catSignal-0jet_sys_TriggerSFWeightDown
Merging MT_monoZ_catSignal-0jet_sys_TriggerSFWeightDown
Merging measMET_monoZ_catEM_sys_TriggerSFWeightDown
Merging MT_monoZ_catEM_sys_TriggerSFWeightDown
Merging measMET_monoZ_catSignal-1jet_sys_TriggerSFWeightDown
Merging MT_monoZ_catSignal-1jet_sys_TriggerSFWeightDown
Merging measMET_monoZ_cat3L_sys_TriggerSFWeightDown
Merging MT_monoZ_cat3L_sys_TriggerSFWeightDown
Merging measMET_monoZ_cat4L_sys_TriggerSFWeightDown
Merging MT_monoZ_cat4L_sys_TriggerSFWeightDown
Merging measMET_monoZ_catNRB_sys_TriggerSFWeightDown
Merging MT_monoZ_catNRB_sys_TriggerSFWeightDown
Merging measMET_monoZ_catTOP_sys_TriggerSFWeightDown
Merging MT_monoZ_catTOP_sys_TriggerSFWeightDown
Merging measMET_monoZ_catDY_sys_TriggerSFWeightDown
Merging MT_monoZ_catDY_sys_TriggerSFWeightDown
Merging balance_monoZ_sys_TriggerSFWeightDown
Merging phizmet_monoZ_sys_TriggerSFWeightDown
Merging njet_monoZ_sys_TriggerSFWeightDown
Merging measMET_monoZ_catSignal-0jet_sys_btagEventWeightUp
Merging MT_monoZ_catSignal-0jet_sys_btagEventWeightUp
Merging measMET_monoZ_catEM_sys_btagEventWeightUp
Merging MT_monoZ_catEM_sys_btagEventWeightUp
Merging measMET_monoZ_catSignal-1jet_sys_btagEventWeightUp
Merging MT_monoZ_catSignal-1jet_sys_btagEventWeightUp
Merging measMET_monoZ_cat3L_sys_btagEventWeightUp
Merging MT_monoZ_cat3L_sys_btagEventWeightUp
Merging measMET_monoZ_cat4L_sys_btagEventWeightUp
Merging MT_monoZ_cat4L_sys_btagEventWeightUp
Merging measMET_monoZ_catNRB_sys_btagEventWeightUp
Merging MT_monoZ_catNRB_sys_btagEventWeightUp
Merging measMET_monoZ_catTOP_sys_btagEventWeightUp
Merging MT_monoZ_catTOP_sys_btagEventWeightUp
Merging measMET_monoZ_catDY_sys_btagEventWeightUp
Merging MT_monoZ_catDY_sys_btagEventWeightUp
Merging balance_monoZ_sys_btagEventWeightUp
Merging phizmet_monoZ_sys_btagEventWeightUp
Merging njet_monoZ_sys_btagEventWeightUp
Merging measMET_monoZ_catSignal-0jet_sys_btagEventWeightDown
Merging MT_monoZ_catSignal-0jet_sys_btagEventWeightDown
Merging measMET_monoZ_catEM_sys_btagEventWeightDown
Merging MT_monoZ_catEM_sys_btagEventWeightDown
Merging measMET_monoZ_catSignal-1jet_sys_btagEventWeightDown
Merging MT_monoZ_catSignal-1jet_sys_btagEventWeightDown
Merging measMET_monoZ_cat3L_sys_btagEventWeightDown
Merging MT_monoZ_cat3L_sys_btagEventWeightDown
Merging measMET_monoZ_cat4L_sys_btagEventWeightDown
Merging MT_monoZ_cat4L_sys_btagEventWeightDown
Merging measMET_monoZ_catNRB_sys_btagEventWeightDown
Merging MT_monoZ_catNRB_sys_btagEventWeightDown
Merging measMET_monoZ_catTOP_sys_btagEventWeightDown
Merging MT_monoZ_catTOP_sys_btagEventWeightDown
Merging measMET_monoZ_catDY_sys_btagEventWeightDown
Merging MT_monoZ_catDY_sys_btagEventWeightDown
Merging balance_monoZ_sys_btagEventWeightDown
Merging phizmet_monoZ_sys_btagEventWeightDown
Merging njet_monoZ_sys_btagEventWeightDown
Merging measMET_monoZ_catSignal-0jet_sys_QCDScale0wUp
Merging MT_monoZ_catSignal-0jet_sys_QCDScale0wUp
Merging measMET_monoZ_catEM_sys_QCDScale0wUp
Merging MT_monoZ_catEM_sys_QCDScale0wUp
Merging measMET_monoZ_catSignal-1jet_sys_QCDScale0wUp
Merging MT_monoZ_catSignal-1jet_sys_QCDScale0wUp
Merging measMET_monoZ_cat3L_sys_QCDScale0wUp
Merging MT_monoZ_cat3L_sys_QCDScale0wUp
Merging measMET_monoZ_cat4L_sys_QCDScale0wUp
Merging MT_monoZ_cat4L_sys_QCDScale0wUp
Merging measMET_monoZ_catNRB_sys_QCDScale0wUp
Merging MT_monoZ_catNRB_sys_QCDScale0wUp
Merging measMET_monoZ_catTOP_sys_QCDScale0wUp
Merging MT_monoZ_catTOP_sys_QCDScale0wUp
Merging measMET_monoZ_catDY_sys_QCDScale0wUp
Merging MT_monoZ_catDY_sys_QCDScale0wUp
Merging balance_monoZ_sys_QCDScale0wUp
Merging phizmet_monoZ_sys_QCDScale0wUp
Merging njet_monoZ_sys_QCDScale0wUp
Merging measMET_monoZ_catSignal-0jet_sys_QCDScale0wDown
Merging MT_monoZ_catSignal-0jet_sys_QCDScale0wDown
Merging measMET_monoZ_catEM_sys_QCDScale0wDown
Merging MT_monoZ_catEM_sys_QCDScale0wDown
Merging measMET_monoZ_catSignal-1jet_sys_QCDScale0wDown
Merging MT_monoZ_catSignal-1jet_sys_QCDScale0wDown
Merging measMET_monoZ_cat3L_sys_QCDScale0wDown
Merging MT_monoZ_cat3L_sys_QCDScale0wDown
Merging measMET_monoZ_cat4L_sys_QCDScale0wDown
Merging MT_monoZ_cat4L_sys_QCDScale0wDown
Merging measMET_monoZ_catNRB_sys_QCDScale0wDown
Merging MT_monoZ_catNRB_sys_QCDScale0wDown
Merging measMET_monoZ_catTOP_sys_QCDScale0wDown
Merging MT_monoZ_catTOP_sys_QCDScale0wDown
Merging measMET_monoZ_catDY_sys_QCDScale0wDown
Merging MT_monoZ_catDY_sys_QCDScale0wDown
Merging balance_monoZ_sys_QCDScale0wDown
Merging phizmet_monoZ_sys_QCDScale0wDown
Merging njet_monoZ_sys_QCDScale0wDown
Merging measMET_monoZ_catSignal-0jet_sys_QCDScale1wUp
Merging MT_monoZ_catSignal-0jet_sys_QCDScale1wUp
Merging measMET_monoZ_catEM_sys_QCDScale1wUp
Merging MT_monoZ_catEM_sys_QCDScale1wUp
Merging measMET_monoZ_catSignal-1jet_sys_QCDScale1wUp
Merging MT_monoZ_catSignal-1jet_sys_QCDScale1wUp
Merging measMET_monoZ_cat3L_sys_QCDScale1wUp
Merging MT_monoZ_cat3L_sys_QCDScale1wUp
Merging measMET_monoZ_cat4L_sys_QCDScale1wUp
Merging MT_monoZ_cat4L_sys_QCDScale1wUp
Merging measMET_monoZ_catNRB_sys_QCDScale1wUp
Merging MT_monoZ_catNRB_sys_QCDScale1wUp
Merging measMET_monoZ_catTOP_sys_QCDScale1wUp
Merging MT_monoZ_catTOP_sys_QCDScale1wUp
Merging measMET_monoZ_catDY_sys_QCDScale1wUp
Merging MT_monoZ_catDY_sys_QCDScale1wUp
Merging balance_monoZ_sys_QCDScale1wUp
Merging phizmet_monoZ_sys_QCDScale1wUp
Merging njet_monoZ_sys_QCDScale1wUp
Merging measMET_monoZ_catSignal-0jet_sys_QCDScale1wDown
Merging MT_monoZ_catSignal-0jet_sys_QCDScale1wDown
Merging measMET_monoZ_catEM_sys_QCDScale1wDown
Merging MT_monoZ_catEM_sys_QCDScale1wDown
Merging measMET_monoZ_catSignal-1jet_sys_QCDScale1wDown
Merging MT_monoZ_catSignal-1jet_sys_QCDScale1wDown
Merging measMET_monoZ_cat3L_sys_QCDScale1wDown
Merging MT_monoZ_cat3L_sys_QCDScale1wDown
Merging measMET_monoZ_cat4L_sys_QCDScale1wDown
Merging MT_monoZ_cat4L_sys_QCDScale1wDown
Merging measMET_monoZ_catNRB_sys_QCDScale1wDown
Merging MT_monoZ_catNRB_sys_QCDScale1wDown
Merging measMET_monoZ_catTOP_sys_QCDScale1wDown
Merging MT_monoZ_catTOP_sys_QCDScale1wDown
Merging measMET_monoZ_catDY_sys_QCDScale1wDown
Merging MT_monoZ_catDY_sys_QCDScale1wDown
Merging balance_monoZ_sys_QCDScale1wDown
Merging phizmet_monoZ_sys_QCDScale1wDown
Merging njet_monoZ_sys_QCDScale1wDown
Merging measMET_monoZ_catSignal-0jet_sys_QCDScale2wUp
Merging MT_monoZ_catSignal-0jet_sys_QCDScale2wUp
Merging measMET_monoZ_catEM_sys_QCDScale2wUp
Merging MT_monoZ_catEM_sys_QCDScale2wUp
Merging measMET_monoZ_catSignal-1jet_sys_QCDScale2wUp
Merging MT_monoZ_catSignal-1jet_sys_QCDScale2wUp
Merging measMET_monoZ_cat3L_sys_QCDScale2wUp
Merging MT_monoZ_cat3L_sys_QCDScale2wUp
Merging measMET_monoZ_cat4L_sys_QCDScale2wUp
Merging MT_monoZ_cat4L_sys_QCDScale2wUp
Merging measMET_monoZ_catNRB_sys_QCDScale2wUp
Merging MT_monoZ_catNRB_sys_QCDScale2wUp
Merging measMET_monoZ_catTOP_sys_QCDScale2wUp
Merging MT_monoZ_catTOP_sys_QCDScale2wUp
Merging measMET_monoZ_catDY_sys_QCDScale2wUp
Merging MT_monoZ_catDY_sys_QCDScale2wUp
Merging balance_monoZ_sys_QCDScale2wUp
Merging phizmet_monoZ_sys_QCDScale2wUp
Merging njet_monoZ_sys_QCDScale2wUp
Merging measMET_monoZ_catSignal-0jet_sys_QCDScale2wDown
Merging MT_monoZ_catSignal-0jet_sys_QCDScale2wDown
Merging measMET_monoZ_catEM_sys_QCDScale2wDown
Merging MT_monoZ_catEM_sys_QCDScale2wDown
Merging measMET_monoZ_catSignal-1jet_sys_QCDScale2wDown
Merging MT_monoZ_catSignal-1jet_sys_QCDScale2wDown
Merging measMET_monoZ_cat3L_sys_QCDScale2wDown
Merging MT_monoZ_cat3L_sys_QCDScale2wDown
Merging measMET_monoZ_cat4L_sys_QCDScale2wDown
Merging MT_monoZ_cat4L_sys_QCDScale2wDown
Merging measMET_monoZ_catNRB_sys_QCDScale2wDown
Merging MT_monoZ_catNRB_sys_QCDScale2wDown
Merging measMET_monoZ_catTOP_sys_QCDScale2wDown
Merging MT_monoZ_catTOP_sys_QCDScale2wDown
Merging measMET_monoZ_catDY_sys_QCDScale2wDown
Merging MT_monoZ_catDY_sys_QCDScale2wDown
Merging balance_monoZ_sys_QCDScale2wDown
Merging phizmet_monoZ_sys_QCDScale2wDown
Merging njet_monoZ_sys_QCDScale2wDown
Merging Events
Merging Runs
Merging ParameterSets
Merging LuminosityBlocks
Merging MetaData
Merging phizmet_Pseudoscalar2HDM_MonoZLL_mScan_mH-700_ma-200_sys_QCDScale2wUp
Merging measMET_Pseudoscalar2HDM_MonoZLL_mScan_mH-700_ma-200_catTOP_sys_puWeightDown
Merging njet_Pseudoscalar2HDM_MonoZLL_mScan_mH-700_ma-200_sys_EWKDown
Merging MT_Pseudoscalar2HDM_MonoZLL_mScan_mH-700_ma-200_catNRB_sys_QCDScale0wDown
Merging MT_Pseudoscalar2HDM_MonoZLL_mScan_mH-700_ma-200_catSignal-0jet_sys_jerDown
Merging MT_Pseudoscalar2HDM_MonoZLL_mScan_mH-700_ma-200_catEM_sys_jerDown
Merging MT_Pseudoscalar2HDM_MonoZLL_mScan_mH-700_ma-200_catSignal-1jet_sys_QCDScale1wUp
Merging measMET_Pseudoscalar2HDM_MonoZLL_mScan_mH-700_ma-200_catTOP_sys_ElectronEnDown
Merging MT_Pseudoscalar2HDM_MonoZLL_mScan_mH-700_ma-200_catEM_sys_jesTotalUp
Merging MT_Pseudoscalar2HDM_MonoZLL_mScan_mH-700_ma-200_catTOP_sys_TriggerSFWeightDown
Merging measMET_Pseudoscalar2HDM_MonoZLL_mScan_mH-700_ma-200_catSignal-1jet_sys_btagEventWeightDown
Merging balance_Pseudoscalar2HDM_MonoZLL_mScan_mH-700_ma-200_sys_MuonEnUp
Merging MT_Pseudoscalar2HDM_MonoZLL_mScan_mH-700_ma-200_catSignal-0jet_sys_QCDScale1wUp
Merging phizmet_Pseudoscalar2HDM_MonoZLL_mScan_mH-700_ma-200_sys_QCDScale0wDown
Merging MT_Pseudoscalar2HDM_MonoZLL_mScan_mH-700_ma-200_catNRB_sys_jerUp
Merging MT_Pseudoscalar2HDM_MonoZLL_mScan_mH-700_ma-200_catDY_sys_MuonSFDown
Merging njet_Pseudoscalar2HDM_MonoZLL_mScan_mH-700_ma-200_sys_QCDScale0wUp
Merging measMET_Pseudoscalar2HDM_MonoZLL_mScan_mH-700_ma-200_cat4L_sys_puWeightDown
Merging measMET_Pseudoscalar2HDM_MonoZLL_mScan_mH-700_ma-200_catSignal-1jet_sys_TriggerSFWeightDown
Merging measMET_Pseudoscalar2HDM_MonoZLL_mScan_mH-700_ma-200_catNRB_sys_puWeightDown
Merging measMET_Pseudoscalar2HDM_MonoZLL_mScan_mH-700_ma-200_catEM_sys_QCDScale1wDown
Merging measMET_Pseudoscalar2HDM_MonoZLL_mScan_mH-700_ma-200_catSignal-1jet_sys_ElectronEnDown
Merging measMET_Pseudoscalar2HDM_MonoZLL_mScan_mH-700_ma-200_catSignal-0jet_sys_jesTotalUp
Merging measMET_Pseudoscalar2HDM_MonoZLL_mScan_mH-700_ma-200_catSignal-1jet_sys_jesTotalUp
Merging MT_Pseudoscalar2HDM_MonoZLL_mScan_mH-700_ma-200_catEM_sys_PrefireWeightUp
Merging measMET_Pseudoscalar2HDM_MonoZLL_mScan_mH-700_ma-200_catSignal-0jet_sys_MuonEnDown
Merging MT_Pseudoscalar2HDM_MonoZLL_mScan_mH-700_ma-200_catSignal-1jet_sys_puWeightUp
Merging measMET_Pseudoscalar2HDM_MonoZLL_mScan_mH-700_ma-200_cat3L_sys_puWeightDown
Merging measMET_Pseudoscalar2HDM_MonoZLL_mScan_mH-700_ma-200_catDY_sys_MuonEnUp
Merging measMET_Pseudoscalar2HDM_MonoZLL_mScan_mH-700_ma-200_cat3L_sys_PrefireWeightUp
Merging measMET_Pseudoscalar2HDM_MonoZLL_mScan_mH-700_ma-200_catSignal-0jet
Merging MT_Pseudoscalar2HDM_MonoZLL_mScan_mH-700_ma-200_cat4L_sys_jesTotalUp
Merging measMET_Pseudoscalar2HDM_MonoZLL_mScan_mH-700_ma-200_catTOP_sys_TriggerSFWeightDown
Merging measMET_Pseudoscalar2HDM_MonoZLL_mScan_mH-700_ma-200_cat3L_sys_jerUp
Merging measMET_Pseudoscalar2HDM_MonoZLL_mScan_mH-700_ma-200_cat4L_sys_QCDScale0wDown
Merging MT_Pseudoscalar2HDM_MonoZLL_mScan_mH-700_ma-200_catSignal-0jet_sys_QCDScale2wDown
Merging MT_Pseudoscalar2HDM_MonoZLL_mScan_mH-700_ma-200_cat4L_sys_jerUp
Merging MT_Pseudoscalar2HDM_MonoZLL_mScan_mH-700_ma-200_catSignal-1jet_sys_btagEventWeightUp
Merging measMET_Pseudoscalar2HDM_MonoZLL_mScan_mH-700_ma-200_catSignal-0jet_sys_puWeightDown
Merging njet_Pseudoscalar2HDM_MonoZLL_mScan_mH-700_ma-200_sys_btagEventWeightDown
Merging measMET_Pseudoscalar2HDM_MonoZLL_mScan_mH-700_ma-200_cat3L_sys_ElecronSFDown
Merging MT_Pseudoscalar2HDM_MonoZLL_mScan_mH-700_ma-200_catEM_sys_PDFDown
Merging MT_Pseudoscalar2HDM_MonoZLL_mScan_mH-700_ma-200_catSignal-0jet_sys_MuonEnUp
Merging measMET_Pseudoscalar2HDM_MonoZLL_mScan_mH-700_ma-200_catSignal-0jet_sys_ElecronSFDown
Merging MT_Pseudoscalar2HDM_MonoZLL_mScan_mH-700_ma-200_catSignal-1jet_sys_TriggerSFWeightUp
Merging MT_Pseudoscalar2HDM_MonoZLL_mScan_mH-700_ma-200_catSignal-0jet_sys_nvtxWeightDown
Merging MT_Pseudoscalar2HDM_MonoZLL_mScan_mH-700_ma-200_catNRB_sys_MuonSFDown
Merging measMET_Pseudoscalar2HDM_MonoZLL_mScan_mH-700_ma-200_cat4L_sys_jerUp
Merging MT_Pseudoscalar2HDM_MonoZLL_mScan_mH-700_ma-200_cat4L_sys_PrefireWeightUp
Merging measMET_Pseudoscalar2HDM_MonoZLL_mScan_mH-700_ma-200_catSignal-1jet
Merging measMET_Pseudoscalar2HDM_MonoZLL_mScan_mH-700_ma-200_catNRB_sys_PrefireWeightDown
Merging MT_Pseudoscalar2HDM_MonoZLL_mScan_mH-700_ma-200_catSignal-0jet_sys_MuonEnDown
Merging measMET_Pseudoscalar2HDM_MonoZLL_mScan_mH-700_ma-200_cat4L_sys_TriggerSFWeightDown
Merging measMET_Pseudoscalar2HDM_MonoZLL_mScan_mH-700_ma-200_catEM_sys_nvtxWeightUp
Merging measMET_Pseudoscalar2HDM_MonoZLL_mScan_mH-700_ma-200_catNRB_sys_TriggerSFWeightDown
Merging MT_Pseudoscalar2HDM_MonoZLL_mScan_mH-700_ma-200_catSignal-0jet_sys_ElectronEnDown
Merging measMET_Pseudoscalar2HDM_MonoZLL_mScan_mH-700_ma-200_catNRB_sys_QCDScale1wDown
Merging MT_Pseudoscalar2HDM_MonoZLL_mScan_mH-700_ma-200_cat3L_sys_jerUp
Merging balance_Pseudoscalar2HDM_MonoZLL_mScan_mH-700_ma-200_sys_QCDScale2wDown
Merging balance_Pseudoscalar2HDM_MonoZLL_mScan_mH-700_ma-200_sys_ElecronSFDown
Merging MT_Pseudoscalar2HDM_MonoZLL_mScan_mH-700_ma-200_catEM_sys_QCDScale0wUp
Merging MT_Pseudoscalar2HDM_MonoZLL_mScan_mH-700_ma-200_catTOP_sys_jerUp
Merging MT_Pseudoscalar2HDM_MonoZLL_mScan_mH-700_ma-200_catTOP_sys_ElecronSFDown
Merging measMET_Pseudoscalar2HDM_MonoZLL_mScan_mH-700_ma-200_catDY_sys_PrefireWeightDown
Merging MT_Pseudoscalar2HDM_MonoZLL_mScan_mH-700_ma-200_catEM_sys_ElectronEnUp
Merging phizmet_Pseudoscalar2HDM_MonoZLL_mScan_mH-700_ma-200_sys_PDFDown
Merging measMET_Pseudoscalar2HDM_MonoZLL_mScan_mH-700_ma-200_catDY_sys_QCDScale1wUp
Merging balance_Pseudoscalar2HDM_MonoZLL_mScan_mH-700_ma-200_sys_MuonEnDown
Merging MT_Pseudoscalar2HDM_MonoZLL_mScan_mH-700_ma-200_catTOP_sys_ElectronEnUp
Merging MT_Pseudoscalar2HDM_MonoZLL_mScan_mH-700_ma-200_cat4L_sys_EWKUp
Merging MT_Pseudoscalar2HDM_MonoZLL_mScan_mH-700_ma-200_catNRB_sys_btagEventWeightDown
Merging measMET_Pseudoscalar2HDM_MonoZLL_mScan_mH-700_ma-200_catDY
Merging measMET_Pseudoscalar2HDM_MonoZLL_mScan_mH-700_ma-200_catEM_sys_MuonEnUp
Merging measMET_Pseudoscalar2HDM_MonoZLL_mScan_mH-700_ma-200_catSignal-0jet_sys_nvtxWeightUp
Merging measMET_Pseudoscalar2HDM_MonoZLL_mScan_mH-700_ma-200_catDY_sys_nvtxWeightUp
Merging MT_Pseudoscalar2HDM_MonoZLL_mScan_mH-700_ma-200_catSignal-1jet_sys_MuonSFUp
Merging MT_Pseudoscalar2HDM_MonoZLL_mScan_mH-700_ma-200_cat4L_sys_btagEventWeightDown
Merging measMET_Pseudoscalar2HDM_MonoZLL_mScan_mH-700_ma-200_catDY_sys_nvtxWeightDown
Merging MT_Pseudoscalar2HDM_MonoZLL_mScan_mH-700_ma-200_catTOP_sys_jesTotalDown
Merging measMET_Pseudoscalar2HDM_MonoZLL_mScan_mH-700_ma-200_catTOP_sys_jerUp
Merging MT_Pseudoscalar2HDM_MonoZLL_mScan_mH-700_ma-200_catDY_sys_QCDScale1wUp
Merging measMET_Pseudoscalar2HDM_MonoZLL_mScan_mH-700_ma-200_catEM_sys_nvtxWeightDown
Merging MT_Pseudoscalar2HDM_MonoZLL_mScan_mH-700_ma-200_cat4L_sys_ElecronSFUp
Merging MT_Pseudoscalar2HDM_MonoZLL_mScan_mH-700_ma-200_catNRB_sys_QCDScale2wUp
Merging measMET_Pseudoscalar2HDM_MonoZLL_mScan_mH-700_ma-200_cat3L_sys_EWKDown
Merging njet_Pseudoscalar2HDM_MonoZLL_mScan_mH-700_ma-200_sys_EWKUp
Merging measMET_Pseudoscalar2HDM_MonoZLL_mScan_mH-700_ma-200_catSignal-1jet_sys_nvtxWeightUp
Merging measMET_Pseudoscalar2HDM_MonoZLL_mScan_mH-700_ma-200_cat4L_sys_MuonEnUp
Merging measMET_Pseudoscalar2HDM_MonoZLL_mScan_mH-700_ma-200_catTOP_sys_PrefireWeightUp
Merging MT_Pseudoscalar2HDM_MonoZLL_mScan_mH-700_ma-200_catSignal-0jet_sys_jesTotalUp
Merging measMET_Pseudoscalar2HDM_MonoZLL_mScan_mH-700_ma-200_catSignal-0jet_sys_PDFDown
Merging measMET_Pseudoscalar2HDM_MonoZLL_mScan_mH-700_ma-200_catSignal-1jet_sys_puWeightDown
Merging measMET_Pseudoscalar2HDM_MonoZLL_mScan_mH-700_ma-200_catEM_sys_puWeightDown
Merging MT_Pseudoscalar2HDM_MonoZLL_mScan_mH-700_ma-200_catNRB_sys_nvtxWeightDown
Merging phizmet_Pseudoscalar2HDM_MonoZLL_mScan_mH-700_ma-200_sys_PDFUp
Merging measMET_Pseudoscalar2HDM_MonoZLL_mScan_mH-700_ma-200_cat3L_sys_MuonSFUp
Merging measMET_Pseudoscalar2HDM_MonoZLL_mScan_mH-700_ma-200_catSignal-0jet_sys_TriggerSFWeightUp
Merging measMET_Pseudoscalar2HDM_MonoZLL_mScan_mH-700_ma-200_catDY_sys_QCDScale1wDown
Merging MT_Pseudoscalar2HDM_MonoZLL_mScan_mH-700_ma-200_catNRB_sys_PDFUp
Merging balance_Pseudoscalar2HDM_MonoZLL_mScan_mH-700_ma-200_sys_jerUp
Merging MT_Pseudoscalar2HDM_MonoZLL_mScan_mH-700_ma-200_catDY_sys_TriggerSFWeightDown
Merging MT_Pseudoscalar2HDM_MonoZLL_mScan_mH-700_ma-200_catNRB_sys_EWKDown
Merging autoPU
Merging MT_Pseudoscalar2HDM_MonoZLL_mScan_mH-700_ma-200_catTOP_sys_QCDScale1wUp
Merging MT_Pseudoscalar2HDM_MonoZLL_mScan_mH-700_ma-200_catTOP_sys_MuonEnUp
Merging measMET_Pseudoscalar2HDM_MonoZLL_mScan_mH-700_ma-200_catSignal-1jet_sys_btagEventWeightUp
Merging MT_Pseudoscalar2HDM_MonoZLL_mScan_mH-700_ma-200_catDY_sys_PrefireWeightUp
Merging balance_Pseudoscalar2HDM_MonoZLL_mScan_mH-700_ma-200_sys_MuonSFUp
Merging MT_Pseudoscalar2HDM_MonoZLL_mScan_mH-700_ma-200_cat3L_sys_btagEventWeightUp
Merging measMET_Pseudoscalar2HDM_MonoZLL_mScan_mH-700_ma-200_catNRB_sys_PDFUp
Merging measMET_Pseudoscalar2HDM_MonoZLL_mScan_mH-700_ma-200_catEM_sys_EWKUp
Merging measMET_Pseudoscalar2HDM_MonoZLL_mScan_mH-700_ma-200_catTOP_sys_btagEventWeightUp
Merging njet_Pseudoscalar2HDM_MonoZLL_mScan_mH-700_ma-200_sys_MuonSFDown
Merging measMET_Pseudoscalar2HDM_MonoZLL_mScan_mH-700_ma-200_catSignal-0jet_sys_QCDScale0wDown
Merging MT_Pseudoscalar2HDM_MonoZLL_mScan_mH-700_ma-200_catDY_sys_EWKDown
Merging MT_Pseudoscalar2HDM_MonoZLL_mScan_mH-700_ma-200_catEM_sys_jerUp
Merging MT_Pseudoscalar2HDM_MonoZLL_mScan_mH-700_ma-200_catTOP_sys_EWKUp
Merging measMET_Pseudoscalar2HDM_MonoZLL_mScan_mH-700_ma-200_catNRB_sys_ElectronEnUp
Merging measMET_Pseudoscalar2HDM_MonoZLL_mScan_mH-700_ma-200_catSignal-0jet_sys_puWeightUp
Merging measMET_Pseudoscalar2HDM_MonoZLL_mScan_mH-700_ma-200_cat3L_sys_PrefireWeightDown
Merging measMET_Pseudoscalar2HDM_MonoZLL_mScan_mH-700_ma-200_cat4L_sys_ElecronSFUp
Merging MT_Pseudoscalar2HDM_MonoZLL_mScan_mH-700_ma-200_catTOP_sys_MuonEnDown
Merging measMET_Pseudoscalar2HDM_MonoZLL_mScan_mH-700_ma-200_cat3L_sys_TriggerSFWeightDown
Merging measMET_Pseudoscalar2HDM_MonoZLL_mScan_mH-700_ma-200_cat3L_sys_jesTotalDown
Merging MT_Pseudoscalar2HDM_MonoZLL_mScan_mH-700_ma-200_catSignal-1jet_sys_QCDScale0wDown
Merging MT_Pseudoscalar2HDM_MonoZLL_mScan_mH-700_ma-200_catNRB_sys_ElecronSFDown
Merging MT_Pseudoscalar2HDM_MonoZLL_mScan_mH-700_ma-200_catSignal-0jet_sys_puWeightDown
Merging MT_Pseudoscalar2HDM_MonoZLL_mScan_mH-700_ma-200_catNRB_sys_PrefireWeightUp
Merging balance_Pseudoscalar2HDM_MonoZLL_mScan_mH-700_ma-200_sys_QCDScale1wUp
Merging MT_Pseudoscalar2HDM_MonoZLL_mScan_mH-700_ma-200_cat4L_sys_QCDScale2wDown
Merging njet_Pseudoscalar2HDM_MonoZLL_mScan_mH-700_ma-200_sys_PrefireWeightUp
Merging MT_Pseudoscalar2HDM_MonoZLL_mScan_mH-700_ma-200_catTOP_sys_btagEventWeightDown
Merging measMET_Pseudoscalar2HDM_MonoZLL_mScan_mH-700_ma-200_catSignal-1jet_sys_nvtxWeightDown
Merging MT_Pseudoscalar2HDM_MonoZLL_mScan_mH-700_ma-200_catDY
Merging njet_Pseudoscalar2HDM_MonoZLL_mScan_mH-700_ma-200_sys_MuonEnUp
Merging measMET_Pseudoscalar2HDM_MonoZLL_mScan_mH-700_ma-200_catTOP_sys_MuonEnUp
Merging measMET_Pseudoscalar2HDM_MonoZLL_mScan_mH-700_ma-200_catSignal-0jet_sys_nvtxWeightDown
Merging MT_Pseudoscalar2HDM_MonoZLL_mScan_mH-700_ma-200_cat4L_sys_TriggerSFWeightDown
Merging MT_Pseudoscalar2HDM_MonoZLL_mScan_mH-700_ma-200_catEM_sys_btagEventWeightUp
Merging measMET_Pseudoscalar2HDM_MonoZLL_mScan_mH-700_ma-200_cat4L_sys_TriggerSFWeightUp
Merging MT_Pseudoscalar2HDM_MonoZLL_mScan_mH-700_ma-200_cat3L_sys_PDFDown
Merging MT_Pseudoscalar2HDM_MonoZLL_mScan_mH-700_ma-200_catNRB_sys_MuonSFUp
Merging MT_Pseudoscalar2HDM_MonoZLL_mScan_mH-700_ma-200_cat3L_sys_TriggerSFWeightUp
Merging measMET_Pseudoscalar2HDM_MonoZLL_mScan_mH-700_ma-200_catDY_sys_puWeightDown
Merging balance_Pseudoscalar2HDM_MonoZLL_mScan_mH-700_ma-200_sys_puWeightDown
Merging measMET_Pseudoscalar2HDM_MonoZLL_mScan_mH-700_ma-200_catTOP_sys_EWKUp
Merging njet_Pseudoscalar2HDM_MonoZLL_mScan_mH-700_ma-200_sys_PDFUp
Merging MT_Pseudoscalar2HDM_MonoZLL_mScan_mH-700_ma-200_catTOP
Merging measMET_Pseudoscalar2HDM_MonoZLL_mScan_mH-700_ma-200_cat3L_sys_ElectronEnDown
Merging measMET_Pseudoscalar2HDM_MonoZLL_mScan_mH-700_ma-200_catSignal-1jet_sys_QCDScale2wDown
Merging phizmet_Pseudoscalar2HDM_MonoZLL_mScan_mH-700_ma-200_sys_jerDown
Merging measMET_Pseudoscalar2HDM_MonoZLL_mScan_mH-700_ma-200_catDY_sys_ElecronSFDown
Merging MT_Pseudoscalar2HDM_MonoZLL_mScan_mH-700_ma-200_cat3L_sys_MuonSFDown
Merging MT_Pseudoscalar2HDM_MonoZLL_mScan_mH-700_ma-200_catDY_sys_btagEventWeightDown
Merging balance_Pseudoscalar2HDM_MonoZLL_mScan_mH-700_ma-200_sys_QCDScale1wDown
Merging MT_Pseudoscalar2HDM_MonoZLL_mScan_mH-700_ma-200_catDY_sys_jerUp
Merging MT_Pseudoscalar2HDM_MonoZLL_mScan_mH-700_ma-200_catEM_sys_QCDScale2wDown
Merging measMET_Pseudoscalar2HDM_MonoZLL_mScan_mH-700_ma-200_catTOP_sys_EWKDown
Merging MT_Pseudoscalar2HDM_MonoZLL_mScan_mH-700_ma-200_catSignal-0jet_sys_btagEventWeightUp
Merging measMET_Pseudoscalar2HDM_MonoZLL_mScan_mH-700_ma-200_catSignal-0jet_sys_ElecronSFUp
Merging MT_Pseudoscalar2HDM_MonoZLL_mScan_mH-700_ma-200_catNRB_sys_QCDScale1wUp
Merging MT_Pseudoscalar2HDM_MonoZLL_mScan_mH-700_ma-200_catEM_sys_EWKDown
Merging measMET_Pseudoscalar2HDM_MonoZLL_mScan_mH-700_ma-200_catSignal-1jet_sys_QCDScale1wDown
Merging measMET_Pseudoscalar2HDM_MonoZLL_mScan_mH-700_ma-200_catSignal-1jet_sys_PrefireWeightDown
Merging measMET_Pseudoscalar2HDM_MonoZLL_mScan_mH-700_ma-200_catSignal-0jet_sys_PrefireWeightUp
Merging measMET_Pseudoscalar2HDM_MonoZLL_mScan_mH-700_ma-200_cat4L_sys_QCDScale2wUp
Merging MT_Pseudoscalar2HDM_MonoZLL_mScan_mH-700_ma-200_catSignal-0jet_sys_QCDScale2wUp
Merging balance_Pseudoscalar2HDM_MonoZLL_mScan_mH-700_ma-200_sys_EWKUp
Merging measMET_Pseudoscalar2HDM_MonoZLL_mScan_mH-700_ma-200_catDY_sys_puWeightUp
Merging measMET_Pseudoscalar2HDM_MonoZLL_mScan_mH-700_ma-200_cat3L_sys_TriggerSFWeightUp
Merging measMET_Pseudoscalar2HDM_MonoZLL_mScan_mH-700_ma-200_catSignal-1jet_sys_QCDScale2wUp
Merging MT_Pseudoscalar2HDM_MonoZLL_mScan_mH-700_ma-200_catSignal-1jet_sys_QCDScale0wUp
Merging phizmet_Pseudoscalar2HDM_MonoZLL_mScan_mH-700_ma-200_sys_jesTotalUp
Merging MT_Pseudoscalar2HDM_MonoZLL_mScan_mH-700_ma-200_catTOP_sys_puWeightUp
Merging MT_Pseudoscalar2HDM_MonoZLL_mScan_mH-700_ma-200_catNRB_sys_ElectronEnDown
Merging measMET_Pseudoscalar2HDM_MonoZLL_mScan_mH-700_ma-200_cat3L_sys_puWeightUp
Merging measMET_Pseudoscalar2HDM_MonoZLL_mScan_mH-700_ma-200_catNRB_sys_MuonSFDown
Merging MT_Pseudoscalar2HDM_MonoZLL_mScan_mH-700_ma-200_catSignal-1jet_sys_MuonEnUp
Merging measMET_Pseudoscalar2HDM_MonoZLL_mScan_mH-700_ma-200_cat4L_sys_QCDScale1wDown
Merging MT_Pseudoscalar2HDM_MonoZLL_mScan_mH-700_ma-200_cat4L_sys_nvtxWeightDown
Merging MT_Pseudoscalar2HDM_MonoZLL_mScan_mH-700_ma-200_cat3L_sys_ElecronSFUp
Merging measMET_Pseudoscalar2HDM_MonoZLL_mScan_mH-700_ma-200_catEM_sys_ElecronSFUp
Merging MT_Pseudoscalar2HDM_MonoZLL_mScan_mH-700_ma-200_cat3L_sys_QCDScale1wUp
Merging measMET_Pseudoscalar2HDM_MonoZLL_mScan_mH-700_ma-200_catNRB_sys_jesTotalUp
Merging measMET_Pseudoscalar2HDM_MonoZLL_mScan_mH-700_ma-200_catSignal-1jet_sys_TriggerSFWeightUp
Merging phizmet_Pseudoscalar2HDM_MonoZLL_mScan_mH-700_ma-200_sys_EWKDown
Merging MT_Pseudoscalar2HDM_MonoZLL_mScan_mH-700_ma-200_catSignal-1jet_sys_QCDScale2wUp
Merging MT_Pseudoscalar2HDM_MonoZLL_mScan_mH-700_ma-200_cat4L_sys_btagEventWeightUp
Merging MT_Pseudoscalar2HDM_MonoZLL_mScan_mH-700_ma-200_catSignal-0jet_sys_TriggerSFWeightUp
Merging MT_Pseudoscalar2HDM_MonoZLL_mScan_mH-700_ma-200_catSignal-1jet_sys_MuonSFDown
Merging measMET_Pseudoscalar2HDM_MonoZLL_mScan_mH-700_ma-200_cat4L_sys_btagEventWeightUp
Merging measMET_Pseudoscalar2HDM_MonoZLL_mScan_mH-700_ma-200_cat3L_sys_MuonEnDown
Merging measMET_Pseudoscalar2HDM_MonoZLL_mScan_mH-700_ma-200_cat3L_sys_jerDown
Merging measMET_Pseudoscalar2HDM_MonoZLL_mScan_mH-700_ma-200_cat4L_sys_PrefireWeightDown
Merging measMET_Pseudoscalar2HDM_MonoZLL_mScan_mH-700_ma-200_catEM_sys_QCDScale2wUp
Merging MT_Pseudoscalar2HDM_MonoZLL_mScan_mH-700_ma-200_catSignal-0jet_sys_PrefireWeightUp
Merging measMET_Pseudoscalar2HDM_MonoZLL_mScan_mH-700_ma-200_catNRB
Merging measMET_Pseudoscalar2HDM_MonoZLL_mScan_mH-700_ma-200_catDY_sys_PDFDown
Merging MT_Pseudoscalar2HDM_MonoZLL_mScan_mH-700_ma-200_cat4L_sys_PDFDown
Merging MT_Pseudoscalar2HDM_MonoZLL_mScan_mH-700_ma-200_catEM_sys_QCDScale1wDown
Merging njet_Pseudoscalar2HDM_MonoZLL_mScan_mH-700_ma-200_sys_ElectronEnDown
Merging MT_Pseudoscalar2HDM_MonoZLL_mScan_mH-700_ma-200_catNRB_sys_btagEventWeightUp
Merging MT_Pseudoscalar2HDM_MonoZLL_mScan_mH-700_ma-200_cat3L_sys_QCDScale2wDown
Merging MT_Pseudoscalar2HDM_MonoZLL_mScan_mH-700_ma-200_catSignal-1jet_sys_puWeightDown
Merging measMET_Pseudoscalar2HDM_MonoZLL_mScan_mH-700_ma-200_catSignal-0jet_sys_MuonSFDown
Merging measMET_Pseudoscalar2HDM_MonoZLL_mScan_mH-700_ma-200_cat4L_sys_QCDScale2wDown
Merging MT_Pseudoscalar2HDM_MonoZLL_mScan_mH-700_ma-200_cat4L_sys_MuonSFDown
Merging njet_Pseudoscalar2HDM_MonoZLL_mScan_mH-700_ma-200_sys_btagEventWeightUp
Merging MT_Pseudoscalar2HDM_MonoZLL_mScan_mH-700_ma-200_catSignal-1jet_sys_ElectronEnDown
Merging MT_Pseudoscalar2HDM_MonoZLL_mScan_mH-700_ma-200_catNRB_sys_puWeightUp
Merging MT_Pseudoscalar2HDM_MonoZLL_mScan_mH-700_ma-200_catTOP_sys_MuonSFUp
Merging measMET_Pseudoscalar2HDM_MonoZLL_mScan_mH-700_ma-200_catNRB_sys_jesTotalDown
Merging MT_Pseudoscalar2HDM_MonoZLL_mScan_mH-700_ma-200_catSignal-0jet_sys_QCDScale0wDown
Merging MT_Pseudoscalar2HDM_MonoZLL_mScan_mH-700_ma-200_cat3L_sys_QCDScale1wDown
Merging MT_Pseudoscalar2HDM_MonoZLL_mScan_mH-700_ma-200_catEM_sys_nvtxWeightDown
Merging njet_Pseudoscalar2HDM_MonoZLL_mScan_mH-700_ma-200_sys_TriggerSFWeightUp
Merging phizmet_Pseudoscalar2HDM_MonoZLL_mScan_mH-700_ma-200_sys_nvtxWeightDown
Merging measMET_Pseudoscalar2HDM_MonoZLL_mScan_mH-700_ma-200_catDY_sys_PrefireWeightUp
Merging measMET_Pseudoscalar2HDM_MonoZLL_mScan_mH-700_ma-200_catSignal-1jet_sys_MuonSFUp
Merging MT_Pseudoscalar2HDM_MonoZLL_mScan_mH-700_ma-200_catNRB_sys_jesTotalDown
Merging MT_Pseudoscalar2HDM_MonoZLL_mScan_mH-700_ma-200_catSignal-1jet_sys_ElectronEnUp
Merging MT_Pseudoscalar2HDM_MonoZLL_mScan_mH-700_ma-200_catDY_sys_EWKUp
Merging balance_Pseudoscalar2HDM_MonoZLL_mScan_mH-700_ma-200_sys_MuonSFDown
Merging measMET_Pseudoscalar2HDM_MonoZLL_mScan_mH-700_ma-200_catSignal-1jet_sys_PDFDown
Merging MT_Pseudoscalar2HDM_MonoZLL_mScan_mH-700_ma-200_catTOP_sys_QCDScale2wUp
Merging measMET_Pseudoscalar2HDM_MonoZLL_mScan_mH-700_ma-200_catDY_sys_MuonEnDown
Merging balance_Pseudoscalar2HDM_MonoZLL_mScan_mH-700_ma-200_sys_btagEventWeightDown
Merging MT_Pseudoscalar2HDM_MonoZLL_mScan_mH-700_ma-200_catEM_sys_MuonEnUp
Merging measMET_Pseudoscalar2HDM_MonoZLL_mScan_mH-700_ma-200_catSignal-0jet_sys_PDFUp
Merging MT_Pseudoscalar2HDM_MonoZLL_mScan_mH-700_ma-200_catNRB_sys_ElecronSFUp
Merging MT_Pseudoscalar2HDM_MonoZLL_mScan_mH-700_ma-200_cat4L_sys_QCDScale1wUp
Merging MT_Pseudoscalar2HDM_MonoZLL_mScan_mH-700_ma-200_catSignal-0jet_sys_QCDScale1wDown
Merging measMET_Pseudoscalar2HDM_MonoZLL_mScan_mH-700_ma-200_catNRB_sys_MuonEnUp
Merging balance_Pseudoscalar2HDM_MonoZLL_mScan_mH-700_ma-200_sys_PDFUp
Merging measMET_Pseudoscalar2HDM_MonoZLL_mScan_mH-700_ma-200_catNRB_sys_QCDScale1wUp
Merging measMET_Pseudoscalar2HDM_MonoZLL_mScan_mH-700_ma-200_catSignal-1jet_sys_MuonEnDown
Merging measMET_Pseudoscalar2HDM_MonoZLL_mScan_mH-700_ma-200_cat4L_sys_jesTotalUp
Merging MT_Pseudoscalar2HDM_MonoZLL_mScan_mH-700_ma-200_catDY_sys_nvtxWeightUp
Merging measMET_Pseudoscalar2HDM_MonoZLL_mScan_mH-700_ma-200_catNRB_sys_QCDScale0wDown
Merging measMET_Pseudoscalar2HDM_MonoZLL_mScan_mH-700_ma-200_catSignal-1jet_sys_QCDScale1wUp
Merging njet_Pseudoscalar2HDM_MonoZLL_mScan_mH-700_ma-200_sys_MuonSFUp
Merging measMET_Pseudoscalar2HDM_MonoZLL_mScan_mH-700_ma-200_catTOP_sys_PrefireWeightDown
Merging MT_Pseudoscalar2HDM_MonoZLL_mScan_mH-700_ma-200_catSignal-1jet_sys_nvtxWeightUp
Merging measMET_Pseudoscalar2HDM_MonoZLL_mScan_mH-700_ma-200_catTOP_sys_nvtxWeightDown
Merging phizmet_Pseudoscalar2HDM_MonoZLL_mScan_mH-700_ma-200
Merging measMET_Pseudoscalar2HDM_MonoZLL_mScan_mH-700_ma-200_cat4L_sys_ElectronEnDown
Merging MT_Pseudoscalar2HDM_MonoZLL_mScan_mH-700_ma-200_catSignal-1jet_sys_TriggerSFWeightDown
Merging measMET_Pseudoscalar2HDM_MonoZLL_mScan_mH-700_ma-200_catSignal-0jet_sys_QCDScale0wUp
Merging MT_Pseudoscalar2HDM_MonoZLL_mScan_mH-700_ma-200_cat3L_sys_EWKUp
Merging balance_Pseudoscalar2HDM_MonoZLL_mScan_mH-700_ma-200_sys_nvtxWeightUp
Merging MT_Pseudoscalar2HDM_MonoZLL_mScan_mH-700_ma-200_catSignal-0jet_sys_MuonSFUp
Merging measMET_Pseudoscalar2HDM_MonoZLL_mScan_mH-700_ma-200_cat4L_sys_MuonEnDown
Merging MT_Pseudoscalar2HDM_MonoZLL_mScan_mH-700_ma-200_cat4L_sys_jerDown
Merging MT_Pseudoscalar2HDM_MonoZLL_mScan_mH-700_ma-200_catNRB_sys_QCDScale1wDown
Merging measMET_Pseudoscalar2HDM_MonoZLL_mScan_mH-700_ma-200_catSignal-1jet_sys_jesTotalDown
Merging MT_Pseudoscalar2HDM_MonoZLL_mScan_mH-700_ma-200_cat4L_sys_QCDScale0wDown
Merging measMET_Pseudoscalar2HDM_MonoZLL_mScan_mH-700_ma-200_catEM_sys_PDFDown
Merging MT_Pseudoscalar2HDM_MonoZLL_mScan_mH-700_ma-200_catEM_sys_PDFUp
Merging measMET_Pseudoscalar2HDM_MonoZLL_mScan_mH-700_ma-200_catSignal-1jet_sys_puWeightUp
Merging MT_Pseudoscalar2HDM_MonoZLL_mScan_mH-700_ma-200_cat4L_sys_QCDScale1wDown
Merging measMET_Pseudoscalar2HDM_MonoZLL_mScan_mH-700_ma-200_catDY_sys_QCDScale0wDown
Merging measMET_Pseudoscalar2HDM_MonoZLL_mScan_mH-700_ma-200_catTOP
Merging MT_Pseudoscalar2HDM_MonoZLL_mScan_mH-700_ma-200_catSignal-1jet_sys_btagEventWeightDown
Merging phizmet_Pseudoscalar2HDM_MonoZLL_mScan_mH-700_ma-200_sys_TriggerSFWeightUp
Merging measMET_Pseudoscalar2HDM_MonoZLL_mScan_mH-700_ma-200_catTOP_sys_QCDScale1wUp
Merging MT_Pseudoscalar2HDM_MonoZLL_mScan_mH-700_ma-200_cat3L_sys_PrefireWeightDown
Merging measMET_Pseudoscalar2HDM_MonoZLL_mScan_mH-700_ma-200_catDY_sys_jesTotalUp
Merging measMET_Pseudoscalar2HDM_MonoZLL_mScan_mH-700_ma-200_catEM_sys_MuonSFUp
Merging njet_Pseudoscalar2HDM_MonoZLL_mScan_mH-700_ma-200_sys_PrefireWeightDown
Merging MT_Pseudoscalar2HDM_MonoZLL_mScan_mH-700_ma-200_catSignal-1jet_sys_QCDScale2wDown
Merging MT_Pseudoscalar2HDM_MonoZLL_mScan_mH-700_ma-200_catTOP_sys_TriggerSFWeightUp
Merging balance_Pseudoscalar2HDM_MonoZLL_mScan_mH-700_ma-200_sys_jesTotalDown
Merging njet_Pseudoscalar2HDM_MonoZLL_mScan_mH-700_ma-200_sys_QCDScale1wUp
Merging phizmet_Pseudoscalar2HDM_MonoZLL_mScan_mH-700_ma-200_sys_QCDScale0wUp
Merging njet_Pseudoscalar2HDM_MonoZLL_mScan_mH-700_ma-200_sys_jerDown
Merging measMET_Pseudoscalar2HDM_MonoZLL_mScan_mH-700_ma-200_catEM_sys_QCDScale1wUp
Merging measMET_Pseudoscalar2HDM_MonoZLL_mScan_mH-700_ma-200_cat3L_sys_QCDScale2wUp
Merging measMET_Pseudoscalar2HDM_MonoZLL_mScan_mH-700_ma-200_cat3L_sys_ElectronEnUp
Merging MT_Pseudoscalar2HDM_MonoZLL_mScan_mH-700_ma-200_catNRB_sys_QCDScale2wDown
Merging MT_Pseudoscalar2HDM_MonoZLL_mScan_mH-700_ma-200_cat4L_sys_puWeightDown
Merging MT_Pseudoscalar2HDM_MonoZLL_mScan_mH-700_ma-200_catTOP_sys_EWKDown
Merging MT_Pseudoscalar2HDM_MonoZLL_mScan_mH-700_ma-200_cat3L_sys_QCDScale2wUp
Merging MT_Pseudoscalar2HDM_MonoZLL_mScan_mH-700_ma-200_catSignal-0jet_sys_nvtxWeightUp
Merging measMET_Pseudoscalar2HDM_MonoZLL_mScan_mH-700_ma-200_catTOP_sys_jesTotalDown
Merging njet_Pseudoscalar2HDM_MonoZLL_mScan_mH-700_ma-200_sys_jesTotalDown
Merging balance_Pseudoscalar2HDM_MonoZLL_mScan_mH-700_ma-200_sys_TriggerSFWeightUp
Merging MT_Pseudoscalar2HDM_MonoZLL_mScan_mH-700_ma-200_catSignal-1jet_sys_jesTotalDown
Merging MT_Pseudoscalar2HDM_MonoZLL_mScan_mH-700_ma-200_catNRB_sys_TriggerSFWeightDown
Merging phizmet_Pseudoscalar2HDM_MonoZLL_mScan_mH-700_ma-200_sys_puWeightUp
Merging MT_Pseudoscalar2HDM_MonoZLL_mScan_mH-700_ma-200_cat3L_sys_nvtxWeightDown
Merging measMET_Pseudoscalar2HDM_MonoZLL_mScan_mH-700_ma-200_cat4L_sys_PDFUp
Merging MT_Pseudoscalar2HDM_MonoZLL_mScan_mH-700_ma-200_catSignal-1jet_sys_jerDown
Merging MT_Pseudoscalar2HDM_MonoZLL_mScan_mH-700_ma-200_catEM_sys_ElectronEnDown
Merging MT_Pseudoscalar2HDM_MonoZLL_mScan_mH-700_ma-200_catSignal-1jet
Merging phizmet_Pseudoscalar2HDM_MonoZLL_mScan_mH-700_ma-200_sys_ElecronSFDown
Merging MT_Pseudoscalar2HDM_MonoZLL_mScan_mH-700_ma-200_catTOP_sys_nvtxWeightUp
Merging measMET_Pseudoscalar2HDM_MonoZLL_mScan_mH-700_ma-200_catDY_sys_ElecronSFUp
Merging measMET_Pseudoscalar2HDM_MonoZLL_mScan_mH-700_ma-200_catEM_sys_TriggerSFWeightUp
Merging measMET_Pseudoscalar2HDM_MonoZLL_mScan_mH-700_ma-200_catTOP_sys_jesTotalUp
Merging measMET_Pseudoscalar2HDM_MonoZLL_mScan_mH-700_ma-200_catEM_sys_MuonSFDown
Merging measMET_Pseudoscalar2HDM_MonoZLL_mScan_mH-700_ma-200_catSignal-0jet_sys_MuonEnUp
Merging phizmet_Pseudoscalar2HDM_MonoZLL_mScan_mH-700_ma-200_sys_TriggerSFWeightDown
Merging MT_Pseudoscalar2HDM_MonoZLL_mScan_mH-700_ma-200_catSignal-0jet_sys_MuonSFDown
Merging measMET_Pseudoscalar2HDM_MonoZLL_mScan_mH-700_ma-200_catSignal-0jet_sys_jerUp
Merging MT_Pseudoscalar2HDM_MonoZLL_mScan_mH-700_ma-200_catEM_sys_QCDScale1wUp
Merging measMET_Pseudoscalar2HDM_MonoZLL_mScan_mH-700_ma-200_catEM
Merging measMET_Pseudoscalar2HDM_MonoZLL_mScan_mH-700_ma-200_catDY_sys_EWKUp
Merging njet_Pseudoscalar2HDM_MonoZLL_mScan_mH-700_ma-200_sys_ElectronEnUp
Merging MT_Pseudoscalar2HDM_MonoZLL_mScan_mH-700_ma-200_catSignal-0jet_sys_TriggerSFWeightDown
Merging MT_Pseudoscalar2HDM_MonoZLL_mScan_mH-700_ma-200_catSignal-0jet_sys_QCDScale0wUp
Merging MT_Pseudoscalar2HDM_MonoZLL_mScan_mH-700_ma-200_catEM_sys_puWeightUp
Merging MT_Pseudoscalar2HDM_MonoZLL_mScan_mH-700_ma-200_cat3L_sys_EWKDown
Merging njet_Pseudoscalar2HDM_MonoZLL_mScan_mH-700_ma-200_sys_TriggerSFWeightDown
Merging measMET_Pseudoscalar2HDM_MonoZLL_mScan_mH-700_ma-200_catEM_sys_jesTotalDown
Merging MT_Pseudoscalar2HDM_MonoZLL_mScan_mH-700_ma-200_catDY_sys_QCDScale2wDown
Merging phizmet_Pseudoscalar2HDM_MonoZLL_mScan_mH-700_ma-200_sys_jesTotalDown
Merging measMET_Pseudoscalar2HDM_MonoZLL_mScan_mH-700_ma-200_catNRB_sys_EWKDown
Merging MT_Pseudoscalar2HDM_MonoZLL_mScan_mH-700_ma-200_catSignal-0jet_sys_ElecronSFDown
Merging measMET_Pseudoscalar2HDM_MonoZLL_mScan_mH-700_ma-200_catTOP_sys_ElectronEnUp
Merging MT_Pseudoscalar2HDM_MonoZLL_mScan_mH-700_ma-200_catEM_sys_puWeightDown
Merging MT_Pseudoscalar2HDM_MonoZLL_mScan_mH-700_ma-200_catSignal-1jet_sys_MuonEnDown
Merging measMET_Pseudoscalar2HDM_MonoZLL_mScan_mH-700_ma-200_catDY_sys_QCDScale0wUp
Merging measMET_Pseudoscalar2HDM_MonoZLL_mScan_mH-700_ma-200_catDY_sys_jerUp
Merging MT_Pseudoscalar2HDM_MonoZLL_mScan_mH-700_ma-200_catDY_sys_jerDown
Merging balance_Pseudoscalar2HDM_MonoZLL_mScan_mH-700_ma-200_sys_PrefireWeightUp
Merging MT_Pseudoscalar2HDM_MonoZLL_mScan_mH-700_ma-200_catDY_sys_MuonEnUp
Merging phizmet_Pseudoscalar2HDM_MonoZLL_mScan_mH-700_ma-200_sys_QCDScale1wDown
Merging MT_Pseudoscalar2HDM_MonoZLL_mScan_mH-700_ma-200_cat3L_sys_PDFUp
Merging measMET_Pseudoscalar2HDM_MonoZLL_mScan_mH-700_ma-200_catEM_sys_PrefireWeightUp
Merging measMET_Pseudoscalar2HDM_MonoZLL_mScan_mH-700_ma-200_catNRB_sys_MuonSFUp
Merging measMET_Pseudoscalar2HDM_MonoZLL_mScan_mH-700_ma-200_catSignal-0jet_sys_btagEventWeightDown
Merging measMET_Pseudoscalar2HDM_MonoZLL_mScan_mH-700_ma-200_catNRB_sys_nvtxWeightDown
Merging njet_Pseudoscalar2HDM_MonoZLL_mScan_mH-700_ma-200_sys_ElecronSFDown
Merging MT_Pseudoscalar2HDM_MonoZLL_mScan_mH-700_ma-200_catSignal-0jet_sys_PDFDown
Merging measMET_Pseudoscalar2HDM_MonoZLL_mScan_mH-700_ma-200_cat3L_sys_QCDScale2wDown
Merging MT_Pseudoscalar2HDM_MonoZLL_mScan_mH-700_ma-200_catEM_sys_jesTotalDown
Merging MT_Pseudoscalar2HDM_MonoZLL_mScan_mH-700_ma-200_catSignal-0jet_sys_EWKUp
Merging measMET_Pseudoscalar2HDM_MonoZLL_mScan_mH-700_ma-200_catSignal-1jet_sys_EWKUp
Merging measMET_Pseudoscalar2HDM_MonoZLL_mScan_mH-700_ma-200_catSignal-1jet_sys_jerDown
Merging MT_Pseudoscalar2HDM_MonoZLL_mScan_mH-700_ma-200_catEM_sys_EWKUp
Merging njet_Pseudoscalar2HDM_MonoZLL_mScan_mH-700_ma-200_sys_jerUp
Merging MT_Pseudoscalar2HDM_MonoZLL_mScan_mH-700_ma-200_cat4L_sys_ElectronEnDown
Merging measMET_Pseudoscalar2HDM_MonoZLL_mScan_mH-700_ma-200_catEM_sys_EWKDown
Merging measMET_Pseudoscalar2HDM_MonoZLL_mScan_mH-700_ma-200_cat3L_sys_QCDScale1wUp
Merging MT_Pseudoscalar2HDM_MonoZLL_mScan_mH-700_ma-200_catDY_sys_puWeightDown
Merging measMET_Pseudoscalar2HDM_MonoZLL_mScan_mH-700_ma-200_catSignal-1jet_sys_PrefireWeightUp
Merging MT_Pseudoscalar2HDM_MonoZLL_mScan_mH-700_ma-200_catDY_sys_ElectronEnDown
Merging MT_Pseudoscalar2HDM_MonoZLL_mScan_mH-700_ma-200_catDY_sys_QCDScale1wDown
Merging MT_Pseudoscalar2HDM_MonoZLL_mScan_mH-700_ma-200_catDY_sys_QCDScale0wDown
Merging MT_Pseudoscalar2HDM_MonoZLL_mScan_mH-700_ma-200_catDY_sys_jesTotalUp
Merging measMET_Pseudoscalar2HDM_MonoZLL_mScan_mH-700_ma-200_catTOP_sys_ElecronSFUp
Merging measMET_Pseudoscalar2HDM_MonoZLL_mScan_mH-700_ma-200_catNRB_sys_QCDScale2wUp
Merging measMET_Pseudoscalar2HDM_MonoZLL_mScan_mH-700_ma-200_cat3L_sys_MuonSFDown
Merging measMET_Pseudoscalar2HDM_MonoZLL_mScan_mH-700_ma-200_catTOP_sys_btagEventWeightDown
Merging measMET_Pseudoscalar2HDM_MonoZLL_mScan_mH-700_ma-200_catSignal-0jet_sys_QCDScale2wDown
Merging MT_Pseudoscalar2HDM_MonoZLL_mScan_mH-700_ma-200_cat4L_sys_PDFUp
Merging njet_Pseudoscalar2HDM_MonoZLL_mScan_mH-700_ma-200
Merging MT_Pseudoscalar2HDM_MonoZLL_mScan_mH-700_ma-200_catDY_sys_ElecronSFUp
Merging MT_Pseudoscalar2HDM_MonoZLL_mScan_mH-700_ma-200_catNRB_sys_nvtxWeightUp
Merging measMET_Pseudoscalar2HDM_MonoZLL_mScan_mH-700_ma-200_catTOP_sys_jerDown
Merging measMET_Pseudoscalar2HDM_MonoZLL_mScan_mH-700_ma-200_cat4L_sys_PrefireWeightUp
Merging MT_Pseudoscalar2HDM_MonoZLL_mScan_mH-700_ma-200_catSignal-1jet_sys_QCDScale1wDown
Merging MT_Pseudoscalar2HDM_MonoZLL_mScan_mH-700_ma-200_catTOP_sys_PrefireWeightUp
Merging measMET_Pseudoscalar2HDM_MonoZLL_mScan_mH-700_ma-200_catEM_sys_puWeightUp
Merging MT_Pseudoscalar2HDM_MonoZLL_mScan_mH-700_ma-200_catSignal-1jet_sys_PDFDown
Merging MT_Pseudoscalar2HDM_MonoZLL_mScan_mH-700_ma-200_catDY_sys_btagEventWeightUp
Merging measMET_Pseudoscalar2HDM_MonoZLL_mScan_mH-700_ma-200_catSignal-1jet_sys_ElecronSFDown
Merging balance_Pseudoscalar2HDM_MonoZLL_mScan_mH-700_ma-200_sys_ElectronEnDown
Merging MT_Pseudoscalar2HDM_MonoZLL_mScan_mH-700_ma-200_catDY_sys_MuonEnDown
Merging measMET_Pseudoscalar2HDM_MonoZLL_mScan_mH-700_ma-200_catDY_sys_TriggerSFWeightUp
Merging measMET_Pseudoscalar2HDM_MonoZLL_mScan_mH-700_ma-200_catSignal-1jet_sys_jerUp
Merging measMET_Pseudoscalar2HDM_MonoZLL_mScan_mH-700_ma-200_cat3L_sys_btagEventWeightUp
Merging MT_Pseudoscalar2HDM_MonoZLL_mScan_mH-700_ma-200_cat3L_sys_jerDown
Merging MT_Pseudoscalar2HDM_MonoZLL_mScan_mH-700_ma-200_catSignal-0jet_sys_PrefireWeightDown
Merging measMET_Pseudoscalar2HDM_MonoZLL_mScan_mH-700_ma-200_catTOP_sys_MuonSFUp
Merging MT_Pseudoscalar2HDM_MonoZLL_mScan_mH-700_ma-200_catTOP_sys_MuonSFDown
Merging measMET_Pseudoscalar2HDM_MonoZLL_mScan_mH-700_ma-200_catEM_sys_PDFUp
Merging balance_Pseudoscalar2HDM_MonoZLL_mScan_mH-700_ma-200_sys_puWeightUp
Merging MT_Pseudoscalar2HDM_MonoZLL_mScan_mH-700_ma-200_cat3L_sys_ElectronEnUp
Merging MT_Pseudoscalar2HDM_MonoZLL_mScan_mH-700_ma-200_catSignal-0jet_sys_btagEventWeightDown
Merging measMET_Pseudoscalar2HDM_MonoZLL_mScan_mH-700_ma-200_catEM_sys_QCDScale0wDown
Merging measMET_Pseudoscalar2HDM_MonoZLL_mScan_mH-700_ma-200_catTOP_sys_QCDScale2wUp
Merging MT_Pseudoscalar2HDM_MonoZLL_mScan_mH-700_ma-200_catTOP_sys_jesTotalUp
Merging measMET_Pseudoscalar2HDM_MonoZLL_mScan_mH-700_ma-200_catNRB_sys_EWKUp
Merging MT_Pseudoscalar2HDM_MonoZLL_mScan_mH-700_ma-200_catSignal-1jet_sys_ElecronSFUp
Merging measMET_Pseudoscalar2HDM_MonoZLL_mScan_mH-700_ma-200_catNRB_sys_QCDScale2wDown
Merging MT_Pseudoscalar2HDM_MonoZLL_mScan_mH-700_ma-200_catSignal-1jet_sys_EWKUp
Merging MT_Pseudoscalar2HDM_MonoZLL_mScan_mH-700_ma-200_catNRB_sys_jesTotalUp
Merging MT_Pseudoscalar2HDM_MonoZLL_mScan_mH-700_ma-200_cat3L_sys_MuonEnUp
Merging MT_Pseudoscalar2HDM_MonoZLL_mScan_mH-700_ma-200_cat3L_sys_ElectronEnDown
Merging balance_Pseudoscalar2HDM_MonoZLL_mScan_mH-700_ma-200_sys_TriggerSFWeightDown
Merging MT_Pseudoscalar2HDM_MonoZLL_mScan_mH-700_ma-200_catNRB_sys_QCDScale0wUp
Merging MT_Pseudoscalar2HDM_MonoZLL_mScan_mH-700_ma-200_catDY_sys_QCDScale0wUp
Merging measMET_Pseudoscalar2HDM_MonoZLL_mScan_mH-700_ma-200_catSignal-0jet_sys_MuonSFUp
Merging measMET_Pseudoscalar2HDM_MonoZLL_mScan_mH-700_ma-200_catEM_sys_PrefireWeightDown
Merging phizmet_Pseudoscalar2HDM_MonoZLL_mScan_mH-700_ma-200_sys_jerUp
Merging MT_Pseudoscalar2HDM_MonoZLL_mScan_mH-700_ma-200_cat3L_sys_nvtxWeightUp
Merging MT_Pseudoscalar2HDM_MonoZLL_mScan_mH-700_ma-200_cat3L_sys_MuonEnDown
Merging measMET_Pseudoscalar2HDM_MonoZLL_mScan_mH-700_ma-200_catNRB_sys_PrefireWeightUp
Merging measMET_Pseudoscalar2HDM_MonoZLL_mScan_mH-700_ma-200_cat4L_sys_nvtxWeightUp
Merging phizmet_Pseudoscalar2HDM_MonoZLL_mScan_mH-700_ma-200_sys_nvtxWeightUp
Merging phizmet_Pseudoscalar2HDM_MonoZLL_mScan_mH-700_ma-200_sys_btagEventWeightUp
Merging balance_Pseudoscalar2HDM_MonoZLL_mScan_mH-700_ma-200_sys_EWKDown
Merging measMET_Pseudoscalar2HDM_MonoZLL_mScan_mH-700_ma-200_catTOP_sys_MuonSFDown
Merging measMET_Pseudoscalar2HDM_MonoZLL_mScan_mH-700_ma-200_catSignal-0jet_sys_ElectronEnDown
Merging measMET_Pseudoscalar2HDM_MonoZLL_mScan_mH-700_ma-200_cat3L_sys_ElecronSFUp
Merging phizmet_Pseudoscalar2HDM_MonoZLL_mScan_mH-700_ma-200_sys_PrefireWeightDown
Merging MT_Pseudoscalar2HDM_MonoZLL_mScan_mH-700_ma-200_catTOP_sys_ElectronEnDown
Merging measMET_Pseudoscalar2HDM_MonoZLL_mScan_mH-700_ma-200_catEM_sys_btagEventWeightDown
Merging MT_Pseudoscalar2HDM_MonoZLL_mScan_mH-700_ma-200_catSignal-0jet_sys_puWeightUp
Merging measMET_Pseudoscalar2HDM_MonoZLL_mScan_mH-700_ma-200_catSignal-1jet_sys_ElectronEnUp
Merging measMET_Pseudoscalar2HDM_MonoZLL_mScan_mH-700_ma-200_catNRB_sys_nvtxWeightUp
Merging MT_Pseudoscalar2HDM_MonoZLL_mScan_mH-700_ma-200_catEM_sys_QCDScale0wDown
Merging MT_Pseudoscalar2HDM_MonoZLL_mScan_mH-700_ma-200_cat4L_sys_MuonEnDown
Merging MT_Pseudoscalar2HDM_MonoZLL_mScan_mH-700_ma-200_catNRB_sys_jerDown
Merging phizmet_Pseudoscalar2HDM_MonoZLL_mScan_mH-700_ma-200_sys_MuonEnDown
Merging measMET_Pseudoscalar2HDM_MonoZLL_mScan_mH-700_ma-200_catEM_sys_jerDown
Merging MT_Pseudoscalar2HDM_MonoZLL_mScan_mH-700_ma-200_catEM_sys_MuonSFDown
Merging measMET_Pseudoscalar2HDM_MonoZLL_mScan_mH-700_ma-200_cat4L_sys_MuonSFUp
Merging measMET_Pseudoscalar2HDM_MonoZLL_mScan_mH-700_ma-200_catNRB_sys_jerUp
Merging measMET_Pseudoscalar2HDM_MonoZLL_mScan_mH-700_ma-200_catNRB_sys_ElecronSFDown
Merging MT_Pseudoscalar2HDM_MonoZLL_mScan_mH-700_ma-200_catSignal-0jet_sys_PDFUp
Merging measMET_Pseudoscalar2HDM_MonoZLL_mScan_mH-700_ma-200_cat3L_sys_PDFDown
Merging MT_Pseudoscalar2HDM_MonoZLL_mScan_mH-700_ma-200_catDY_sys_nvtxWeightDown
Merging measMET_Pseudoscalar2HDM_MonoZLL_mScan_mH-700_ma-200_cat4L_sys_jesTotalDown
Merging balance_Pseudoscalar2HDM_MonoZLL_mScan_mH-700_ma-200_sys_QCDScale2wUp
Merging MT_Pseudoscalar2HDM_MonoZLL_mScan_mH-700_ma-200_catEM_sys_ElecronSFUp
Merging untagged
Merging MT_Pseudoscalar2HDM_MonoZLL_mScan_mH-700_ma-200_catTOP_sys_PDFDown
Merging MT_Pseudoscalar2HDM_MonoZLL_mScan_mH-700_ma-200_catTOP_sys_QCDScale0wDown
Merging MT_Pseudoscalar2HDM_MonoZLL_mScan_mH-700_ma-200_catSignal-1jet_sys_ElecronSFDown
Merging measMET_Pseudoscalar2HDM_MonoZLL_mScan_mH-700_ma-200_cat4L
Merging measMET_Pseudoscalar2HDM_MonoZLL_mScan_mH-700_ma-200_cat4L_sys_nvtxWeightDown
Merging MT_Pseudoscalar2HDM_MonoZLL_mScan_mH-700_ma-200_catTOP_sys_PrefireWeightDown
Merging MT_Pseudoscalar2HDM_MonoZLL_mScan_mH-700_ma-200_cat4L_sys_MuonEnUp
Merging balance_Pseudoscalar2HDM_MonoZLL_mScan_mH-700_ma-200
Merging MT_Pseudoscalar2HDM_MonoZLL_mScan_mH-700_ma-200_cat3L_sys_puWeightDown
Merging measMET_Pseudoscalar2HDM_MonoZLL_mScan_mH-700_ma-200_catDY_sys_ElectronEnUp
Merging MT_Pseudoscalar2HDM_MonoZLL_mScan_mH-700_ma-200_catEM_sys_TriggerSFWeightDown
Merging measMET_Pseudoscalar2HDM_MonoZLL_mScan_mH-700_ma-200_catDY_sys_btagEventWeightUp
Merging measMET_Pseudoscalar2HDM_MonoZLL_mScan_mH-700_ma-200_cat3L
Merging balance_Pseudoscalar2HDM_MonoZLL_mScan_mH-700_ma-200_sys_PDFDown
Merging njet_Pseudoscalar2HDM_MonoZLL_mScan_mH-700_ma-200_sys_QCDScale1wDown
Merging measMET_Pseudoscalar2HDM_MonoZLL_mScan_mH-700_ma-200_catEM_sys_MuonEnDown
Merging measMET_Pseudoscalar2HDM_MonoZLL_mScan_mH-700_ma-200_catSignal-1jet_sys_MuonSFDown
Merging measMET_Pseudoscalar2HDM_MonoZLL_mScan_mH-700_ma-200_catTOP_sys_QCDScale1wDown
Merging measMET_Pseudoscalar2HDM_MonoZLL_mScan_mH-700_ma-200_catDY_sys_EWKDown
Merging MT_Pseudoscalar2HDM_MonoZLL_mScan_mH-700_ma-200_catNRB_sys_TriggerSFWeightUp
Merging MT_Pseudoscalar2HDM_MonoZLL_mScan_mH-700_ma-200_catSignal-1jet_sys_jesTotalUp
Merging MT_Pseudoscalar2HDM_MonoZLL_mScan_mH-700_ma-200_catNRB_sys_puWeightDown
Merging measMET_Pseudoscalar2HDM_MonoZLL_mScan_mH-700_ma-200_catDY_sys_MuonSFUp
Merging measMET_Pseudoscalar2HDM_MonoZLL_mScan_mH-700_ma-200_catSignal-0jet_sys_jesTotalDown
Merging MT_Pseudoscalar2HDM_MonoZLL_mScan_mH-700_ma-200_catTOP_sys_QCDScale0wUp
Merging balance_Pseudoscalar2HDM_MonoZLL_mScan_mH-700_ma-200_sys_QCDScale0wUp
Merging njet_Pseudoscalar2HDM_MonoZLL_mScan_mH-700_ma-200_sys_ElecronSFUp
Merging MT_Pseudoscalar2HDM_MonoZLL_mScan_mH-700_ma-200_cat4L_sys_ElecronSFDown
Merging measMET_Pseudoscalar2HDM_MonoZLL_mScan_mH-700_ma-200_catSignal-0jet_sys_QCDScale1wDown
Merging MT_Pseudoscalar2HDM_MonoZLL_mScan_mH-700_ma-200_catTOP_sys_nvtxWeightDown
Merging MT_Pseudoscalar2HDM_MonoZLL_mScan_mH-700_ma-200_catDY_sys_ElectronEnUp
Merging measMET_Pseudoscalar2HDM_MonoZLL_mScan_mH-700_ma-200_catDY_sys_jesTotalDown
Merging measMET_Pseudoscalar2HDM_MonoZLL_mScan_mH-700_ma-200_cat4L_sys_puWeightUp
Merging measMET_Pseudoscalar2HDM_MonoZLL_mScan_mH-700_ma-200_catSignal-0jet_sys_TriggerSFWeightDown
Merging MT_Pseudoscalar2HDM_MonoZLL_mScan_mH-700_ma-200_cat4L_sys_ElectronEnUp
Merging measMET_Pseudoscalar2HDM_MonoZLL_mScan_mH-700_ma-200_cat4L_sys_PDFDown
Merging measMET_Pseudoscalar2HDM_MonoZLL_mScan_mH-700_ma-200_catEM_sys_QCDScale2wDown
Merging measMET_Pseudoscalar2HDM_MonoZLL_mScan_mH-700_ma-200_catNRB_sys_btagEventWeightUp
Merging MT_Pseudoscalar2HDM_MonoZLL_mScan_mH-700_ma-200_catEM_sys_MuonEnDown
Merging MT_Pseudoscalar2HDM_MonoZLL_mScan_mH-700_ma-200_catSignal-1jet_sys_PrefireWeightDown
Merging measMET_Pseudoscalar2HDM_MonoZLL_mScan_mH-700_ma-200_catEM_sys_ElectronEnDown
Merging MT_Pseudoscalar2HDM_MonoZLL_mScan_mH-700_ma-200_cat3L_sys_jesTotalDown
Merging balance_Pseudoscalar2HDM_MonoZLL_mScan_mH-700_ma-200_sys_nvtxWeightDown
Merging measMET_Pseudoscalar2HDM_MonoZLL_mScan_mH-700_ma-200_catSignal-0jet_sys_EWKUp
Merging measMET_Pseudoscalar2HDM_MonoZLL_mScan_mH-700_ma-200_catDY_sys_jerDown
Merging measMET_Pseudoscalar2HDM_MonoZLL_mScan_mH-700_ma-200_catNRB_sys_PDFDown
Merging measMET_Pseudoscalar2HDM_MonoZLL_mScan_mH-700_ma-200_catTOP_sys_QCDScale2wDown
Merging MT_Pseudoscalar2HDM_MonoZLL_mScan_mH-700_ma-200_catDY_sys_MuonSFUp
Merging balance_Pseudoscalar2HDM_MonoZLL_mScan_mH-700_ma-200_sys_PrefireWeightDown
Merging phizmet_Pseudoscalar2HDM_MonoZLL_mScan_mH-700_ma-200_sys_puWeightDown
Merging MT_Pseudoscalar2HDM_MonoZLL_mScan_mH-700_ma-200_catNRB_sys_PDFDown
Merging phizmet_Pseudoscalar2HDM_MonoZLL_mScan_mH-700_ma-200_sys_MuonEnUp
Merging MT_Pseudoscalar2HDM_MonoZLL_mScan_mH-700_ma-200_cat4L_sys_nvtxWeightUp
Merging measMET_Pseudoscalar2HDM_MonoZLL_mScan_mH-700_ma-200_catTOP_sys_puWeightUp
Merging MT_Pseudoscalar2HDM_MonoZLL_mScan_mH-700_ma-200_catDY_sys_ElecronSFDown
Merging measMET_Pseudoscalar2HDM_MonoZLL_mScan_mH-700_ma-200_catTOP_sys_PDFDown
Merging MT_Pseudoscalar2HDM_MonoZLL_mScan_mH-700_ma-200_cat4L
Merging measMET_Pseudoscalar2HDM_MonoZLL_mScan_mH-700_ma-200_cat3L_sys_EWKUp
Merging measMET_Pseudoscalar2HDM_MonoZLL_mScan_mH-700_ma-200_catTOP_sys_MuonEnDown
Merging measMET_Pseudoscalar2HDM_MonoZLL_mScan_mH-700_ma-200_cat4L_sys_ElecronSFDown
Merging MT_Pseudoscalar2HDM_MonoZLL_mScan_mH-700_ma-200_cat3L_sys_QCDScale0wDown
Merging measMET_Pseudoscalar2HDM_MonoZLL_mScan_mH-700_ma-200_cat3L_sys_QCDScale0wDown
Merging MT_Pseudoscalar2HDM_MonoZLL_mScan_mH-700_ma-200_catSignal-0jet_sys_jerUp
Merging njet_Pseudoscalar2HDM_MonoZLL_mScan_mH-700_ma-200_sys_QCDScale2wDown
Merging measMET_Pseudoscalar2HDM_MonoZLL_mScan_mH-700_ma-200_catSignal-0jet_sys_btagEventWeightUp
Merging MT_Pseudoscalar2HDM_MonoZLL_mScan_mH-700_ma-200_catSignal-0jet_sys_jesTotalDown
Merging measMET_Pseudoscalar2HDM_MonoZLL_mScan_mH-700_ma-200_cat3L_sys_MuonEnUp
Merging measMET_Pseudoscalar2HDM_MonoZLL_mScan_mH-700_ma-200_cat4L_sys_ElectronEnUp
Merging measMET_Pseudoscalar2HDM_MonoZLL_mScan_mH-700_ma-200_catSignal-0jet_sys_jerDown
Merging measMET_Pseudoscalar2HDM_MonoZLL_mScan_mH-700_ma-200_catTOP_sys_QCDScale0wUp
Merging njet_Pseudoscalar2HDM_MonoZLL_mScan_mH-700_ma-200_sys_nvtxWeightUp
Merging measMET_Pseudoscalar2HDM_MonoZLL_mScan_mH-700_ma-200_catSignal-1jet_sys_QCDScale0wDown
Merging measMET_Pseudoscalar2HDM_MonoZLL_mScan_mH-700_ma-200_catNRB_sys_ElectronEnDown
Merging MT_Pseudoscalar2HDM_MonoZLL_mScan_mH-700_ma-200_catTOP_sys_ElecronSFUp
Merging MT_Pseudoscalar2HDM_MonoZLL_mScan_mH-700_ma-200_cat4L_sys_EWKDown
Merging MT_Pseudoscalar2HDM_MonoZLL_mScan_mH-700_ma-200_cat3L_sys_QCDScale0wUp
Merging measMET_Pseudoscalar2HDM_MonoZLL_mScan_mH-700_ma-200_catSignal-1jet_sys_EWKDown
Merging measMET_Pseudoscalar2HDM_MonoZLL_mScan_mH-700_ma-200_catDY_sys_QCDScale2wUp
Merging MT_Pseudoscalar2HDM_MonoZLL_mScan_mH-700_ma-200_catEM_sys_btagEventWeightDown
Merging measMET_Pseudoscalar2HDM_MonoZLL_mScan_mH-700_ma-200_cat3L_sys_PDFUp
Merging measMET_Pseudoscalar2HDM_MonoZLL_mScan_mH-700_ma-200_catSignal-0jet_sys_ElectronEnUp
Merging measMET_Pseudoscalar2HDM_MonoZLL_mScan_mH-700_ma-200_catTOP_sys_PDFUp
Merging measMET_Pseudoscalar2HDM_MonoZLL_mScan_mH-700_ma-200_catEM_sys_btagEventWeightUp
Merging measMET_Pseudoscalar2HDM_MonoZLL_mScan_mH-700_ma-200_catTOP_sys_ElecronSFDown
Merging phizmet_Pseudoscalar2HDM_MonoZLL_mScan_mH-700_ma-200_sys_EWKUp
Merging measMET_Pseudoscalar2HDM_MonoZLL_mScan_mH-700_ma-200_catDY_sys_QCDScale2wDown
Merging MT_Pseudoscalar2HDM_MonoZLL_mScan_mH-700_ma-200_cat4L_sys_PrefireWeightDown
Merging measMET_Pseudoscalar2HDM_MonoZLL_mScan_mH-700_ma-200_cat3L_sys_jesTotalUp
Merging measMET_Pseudoscalar2HDM_MonoZLL_mScan_mH-700_ma-200_cat3L_sys_nvtxWeightUp
Merging balance_Pseudoscalar2HDM_MonoZLL_mScan_mH-700_ma-200_sys_btagEventWeightUp
Merging MT_Pseudoscalar2HDM_MonoZLL_mScan_mH-700_ma-200_catDY_sys_PDFUp
Merging MT_Pseudoscalar2HDM_MonoZLL_mScan_mH-700_ma-200_catSignal-0jet_sys_ElecronSFUp
Merging MT_Pseudoscalar2HDM_MonoZLL_mScan_mH-700_ma-200_catNRB
Merging njet_Pseudoscalar2HDM_MonoZLL_mScan_mH-700_ma-200_sys_nvtxWeightDown
Merging phizmet_Pseudoscalar2HDM_MonoZLL_mScan_mH-700_ma-200_sys_btagEventWeightDown
Merging MT_Pseudoscalar2HDM_MonoZLL_mScan_mH-700_ma-200_catTOP_sys_PDFUp
Merging MT_Pseudoscalar2HDM_MonoZLL_mScan_mH-700_ma-200_catSignal-1jet_sys_PDFUp
Merging measMET_Pseudoscalar2HDM_MonoZLL_mScan_mH-700_ma-200_catSignal-0jet_sys_PrefireWeightDown
Merging MT_Pseudoscalar2HDM_MonoZLL_mScan_mH-700_ma-200_cat3L_sys_PrefireWeightUp
Merging measMET_Pseudoscalar2HDM_MonoZLL_mScan_mH-700_ma-200_catSignal-1jet_sys_ElecronSFUp
Merging MT_Pseudoscalar2HDM_MonoZLL_mScan_mH-700_ma-200_cat4L_sys_QCDScale0wUp
Merging MT_Pseudoscalar2HDM_MonoZLL_mScan_mH-700_ma-200_catNRB_sys_PrefireWeightDown
Merging njet_Pseudoscalar2HDM_MonoZLL_mScan_mH-700_ma-200_sys_PDFDown
Merging MT_Pseudoscalar2HDM_MonoZLL_mScan_mH-700_ma-200_catTOP_sys_puWeightDown
Merging balance_Pseudoscalar2HDM_MonoZLL_mScan_mH-700_ma-200_sys_QCDScale0wDown
Merging MT_Pseudoscalar2HDM_MonoZLL_mScan_mH-700_ma-200_catSignal-0jet_sys_ElectronEnUp
Merging measMET_Pseudoscalar2HDM_MonoZLL_mScan_mH-700_ma-200_catEM_sys_TriggerSFWeightDown
Merging measMET_Pseudoscalar2HDM_MonoZLL_mScan_mH-700_ma-200_catDY_sys_MuonSFDown
Merging measMET_Pseudoscalar2HDM_MonoZLL_mScan_mH-700_ma-200_catDY_sys_ElectronEnDown
Merging MT_Pseudoscalar2HDM_MonoZLL_mScan_mH-700_ma-200_catDY_sys_jesTotalDown
Merging phizmet_Pseudoscalar2HDM_MonoZLL_mScan_mH-700_ma-200_sys_ElectronEnUp
Merging balance_Pseudoscalar2HDM_MonoZLL_mScan_mH-700_ma-200_sys_ElectronEnUp
Merging measMET_Pseudoscalar2HDM_MonoZLL_mScan_mH-700_ma-200_catTOP_sys_QCDScale0wDown
Merging measMET_Pseudoscalar2HDM_MonoZLL_mScan_mH-700_ma-200_catNRB_sys_ElecronSFUp
Merging MT_Pseudoscalar2HDM_MonoZLL_mScan_mH-700_ma-200_cat3L_sys_puWeightUp
Merging MT_Pseudoscalar2HDM_MonoZLL_mScan_mH-700_ma-200_catEM_sys_MuonSFUp
Merging measMET_Pseudoscalar2HDM_MonoZLL_mScan_mH-700_ma-200_cat4L_sys_jerDown
Merging measMET_Pseudoscalar2HDM_MonoZLL_mScan_mH-700_ma-200_catEM_sys_QCDScale0wUp
Merging MT_Pseudoscalar2HDM_MonoZLL_mScan_mH-700_ma-200_catNRB_sys_ElectronEnUp
Merging measMET_Pseudoscalar2HDM_MonoZLL_mScan_mH-700_ma-200_cat3L_sys_nvtxWeightDown
Merging MT_Pseudoscalar2HDM_MonoZLL_mScan_mH-700_ma-200_cat3L
Merging phizmet_Pseudoscalar2HDM_MonoZLL_mScan_mH-700_ma-200_sys_ElectronEnDown
Merging MT_Pseudoscalar2HDM_MonoZLL_mScan_mH-700_ma-200_cat3L_sys_MuonSFUp
Merging phizmet_Pseudoscalar2HDM_MonoZLL_mScan_mH-700_ma-200_sys_PrefireWeightUp
Merging measMET_Pseudoscalar2HDM_MonoZLL_mScan_mH-700_ma-200_cat4L_sys_EWKUp
Merging measMET_Pseudoscalar2HDM_MonoZLL_mScan_mH-700_ma-200_catEM_sys_jesTotalUp
Merging balance_Pseudoscalar2HDM_MonoZLL_mScan_mH-700_ma-200_sys_jesTotalUp
Merging MT_Pseudoscalar2HDM_MonoZLL_mScan_mH-700_ma-200_catSignal-1jet_sys_nvtxWeightDown
Merging measMET_Pseudoscalar2HDM_MonoZLL_mScan_mH-700_ma-200_cat4L_sys_btagEventWeightDown
Merging MT_Pseudoscalar2HDM_MonoZLL_mScan_mH-700_ma-200_catDY_sys_PDFDown
Merging MT_Pseudoscalar2HDM_MonoZLL_mScan_mH-700_ma-200_catSignal-1jet_sys_PrefireWeightUp
Merging balance_Pseudoscalar2HDM_MonoZLL_mScan_mH-700_ma-200_sys_ElecronSFUp
Merging measMET_Pseudoscalar2HDM_MonoZLL_mScan_mH-700_ma-200_catEM_sys_ElecronSFDown
Merging njet_Pseudoscalar2HDM_MonoZLL_mScan_mH-700_ma-200_sys_QCDScale0wDown
Merging MT_Pseudoscalar2HDM_MonoZLL_mScan_mH-700_ma-200_catEM_sys_PrefireWeightDown
Merging measMET_Pseudoscalar2HDM_MonoZLL_mScan_mH-700_ma-200_cat3L_sys_btagEventWeightDown
Merging MT_Pseudoscalar2HDM_MonoZLL_mScan_mH-700_ma-200_catDY_sys_TriggerSFWeightUp
Merging MT_Pseudoscalar2HDM_MonoZLL_mScan_mH-700_ma-200_cat3L_sys_TriggerSFWeightDown
Merging measMET_Pseudoscalar2HDM_MonoZLL_mScan_mH-700_ma-200_catNRB_sys_MuonEnDown
Merging measMET_Pseudoscalar2HDM_MonoZLL_mScan_mH-700_ma-200_catSignal-0jet_sys_EWKDown
Merging MT_Pseudoscalar2HDM_MonoZLL_mScan_mH-700_ma-200_catSignal-1jet_sys_jerUp
Merging MT_Pseudoscalar2HDM_MonoZLL_mScan_mH-700_ma-200_catNRB_sys_EWKUp
Merging MT_Pseudoscalar2HDM_MonoZLL_mScan_mH-700_ma-200_cat4L_sys_jesTotalDown
Merging phizmet_Pseudoscalar2HDM_MonoZLL_mScan_mH-700_ma-200_sys_ElecronSFUp
Merging measMET_Pseudoscalar2HDM_MonoZLL_mScan_mH-700_ma-200_catDY_sys_TriggerSFWeightDown
Merging measMET_Pseudoscalar2HDM_MonoZLL_mScan_mH-700_ma-200_cat4L_sys_EWKDown
Merging phizmet_Pseudoscalar2HDM_MonoZLL_mScan_mH-700_ma-200_sys_QCDScale2wDown
Merging measMET_Pseudoscalar2HDM_MonoZLL_mScan_mH-700_ma-200_catNRB_sys_QCDScale0wUp
Merging measMET_Pseudoscalar2HDM_MonoZLL_mScan_mH-700_ma-200_catDY_sys_btagEventWeightDown
Merging MT_Pseudoscalar2HDM_MonoZLL_mScan_mH-700_ma-200_cat3L_sys_ElecronSFDown
Merging MT_Pseudoscalar2HDM_MonoZLL_mScan_mH-700_ma-200_cat3L_sys_btagEventWeightDown
Merging measMET_Pseudoscalar2HDM_MonoZLL_mScan_mH-700_ma-200_catTOP_sys_nvtxWeightUp
Merging MT_Pseudoscalar2HDM_MonoZLL_mScan_mH-700_ma-200_catTOP_sys_jerDown
Merging njet_Pseudoscalar2HDM_MonoZLL_mScan_mH-700_ma-200_sys_QCDScale2wUp
Merging measMET_Pseudoscalar2HDM_MonoZLL_mScan_mH-700_ma-200_catDY_sys_PDFUp
Merging measMET_Pseudoscalar2HDM_MonoZLL_mScan_mH-700_ma-200_catEM_sys_jerUp
Merging MT_Pseudoscalar2HDM_MonoZLL_mScan_mH-700_ma-200_catTOP_sys_QCDScale2wDown
Merging njet_Pseudoscalar2HDM_MonoZLL_mScan_mH-700_ma-200_sys_puWeightUp
Merging measMET_Pseudoscalar2HDM_MonoZLL_mScan_mH-700_ma-200_catNRB_sys_btagEventWeightDown
Merging MT_Pseudoscalar2HDM_MonoZLL_mScan_mH-700_ma-200_catDY_sys_PrefireWeightDown
Merging MT_Pseudoscalar2HDM_MonoZLL_mScan_mH-700_ma-200_cat4L_sys_TriggerSFWeightUp
Merging njet_Pseudoscalar2HDM_MonoZLL_mScan_mH-700_ma-200_sys_jesTotalUp
Merging MT_Pseudoscalar2HDM_MonoZLL_mScan_mH-700_ma-200_catTOP_sys_btagEventWeightUp
Merging measMET_Pseudoscalar2HDM_MonoZLL_mScan_mH-700_ma-200_catTOP_sys_TriggerSFWeightUp
Merging MT_Pseudoscalar2HDM_MonoZLL_mScan_mH-700_ma-200_catDY_sys_QCDScale2wUp
Merging phizmet_Pseudoscalar2HDM_MonoZLL_mScan_mH-700_ma-200_sys_MuonSFUp
Merging MT_Pseudoscalar2HDM_MonoZLL_mScan_mH-700_ma-200_catEM_sys_TriggerSFWeightUp
Merging MT_Pseudoscalar2HDM_MonoZLL_mScan_mH-700_ma-200_catEM_sys_ElecronSFDown
Merging MT_Pseudoscalar2HDM_MonoZLL_mScan_mH-700_ma-200_catNRB_sys_MuonEnDown
Merging MT_Pseudoscalar2HDM_MonoZLL_mScan_mH-700_ma-200_catSignal-0jet_sys_EWKDown
Merging phizmet_Pseudoscalar2HDM_MonoZLL_mScan_mH-700_ma-200_sys_MuonSFDown
Merging phizmet_Pseudoscalar2HDM_MonoZLL_mScan_mH-700_ma-200_sys_QCDScale1wUp
Merging measMET_Pseudoscalar2HDM_MonoZLL_mScan_mH-700_ma-200_catEM_sys_ElectronEnUp
Merging measMET_Pseudoscalar2HDM_MonoZLL_mScan_mH-700_ma-200_cat3L_sys_QCDScale1wDown
Merging MT_Pseudoscalar2HDM_MonoZLL_mScan_mH-700_ma-200_cat4L_sys_QCDScale2wUp
Merging balance_Pseudoscalar2HDM_MonoZLL_mScan_mH-700_ma-200_sys_jerDown
Merging measMET_Pseudoscalar2HDM_MonoZLL_mScan_mH-700_ma-200_cat4L_sys_MuonSFDown
Merging MT_Pseudoscalar2HDM_MonoZLL_mScan_mH-700_ma-200_catDY_sys_puWeightUp
Merging measMET_Pseudoscalar2HDM_MonoZLL_mScan_mH-700_ma-200_catSignal-0jet_sys_QCDScale1wUp
Merging measMET_Pseudoscalar2HDM_MonoZLL_mScan_mH-700_ma-200_catSignal-1jet_sys_QCDScale0wUp
Merging MT_Pseudoscalar2HDM_MonoZLL_mScan_mH-700_ma-200_catEM_sys_nvtxWeightUp
Merging MT_Pseudoscalar2HDM_MonoZLL_mScan_mH-700_ma-200_cat4L_sys_MuonSFUp
Merging MT_Pseudoscalar2HDM_MonoZLL_mScan_mH-700_ma-200_cat3L_sys_jesTotalUp
Merging measMET_Pseudoscalar2HDM_MonoZLL_mScan_mH-700_ma-200_catSignal-1jet_sys_PDFUp
Merging measMET_Pseudoscalar2HDM_MonoZLL_mScan_mH-700_ma-200_catNRB_sys_puWeightUp
Merging measMET_Pseudoscalar2HDM_MonoZLL_mScan_mH-700_ma-200_catSignal-0jet_sys_QCDScale2wUp
Merging MT_Pseudoscalar2HDM_MonoZLL_mScan_mH-700_ma-200_catNRB_sys_MuonEnUp
Merging measMET_Pseudoscalar2HDM_MonoZLL_mScan_mH-700_ma-200_catNRB_sys_jerDown
Merging measMET_Pseudoscalar2HDM_MonoZLL_mScan_mH-700_ma-200_catNRB_sys_TriggerSFWeightUp
Merging measMET_Pseudoscalar2HDM_MonoZLL_mScan_mH-700_ma-200_cat4L_sys_QCDScale1wUp
Merging MT_Pseudoscalar2HDM_MonoZLL_mScan_mH-700_ma-200_catEM_sys_QCDScale2wUp
Merging MT_Pseudoscalar2HDM_MonoZLL_mScan_mH-700_ma-200_catSignal-1jet_sys_EWKDown
Merging measMET_Pseudoscalar2HDM_MonoZLL_mScan_mH-700_ma-200_cat3L_sys_QCDScale0wUp
Merging measMET_Pseudoscalar2HDM_MonoZLL_mScan_mH-700_ma-200_cat4L_sys_QCDScale0wUp
Merging MT_Pseudoscalar2HDM_MonoZLL_mScan_mH-700_ma-200_catSignal-0jet
Merging njet_Pseudoscalar2HDM_MonoZLL_mScan_mH-700_ma-200_sys_puWeightDown
Merging MT_Pseudoscalar2HDM_MonoZLL_mScan_mH-700_ma-200_catTOP_sys_QCDScale1wDown
Merging njet_Pseudoscalar2HDM_MonoZLL_mScan_mH-700_ma-200_sys_MuonEnDown
Merging MT_Pseudoscalar2HDM_MonoZLL_mScan_mH-700_ma-200_catEM
Merging measMET_Pseudoscalar2HDM_MonoZLL_mScan_mH-700_ma-200_catSignal-1jet_sys_MuonEnUp
Merging MT_Pseudoscalar2HDM_MonoZLL_mScan_mH-700_ma-200_cat4L_sys_puWeightUp
/eos/cms/store/group/phys_exotica/monoZ/Exorcism2018/Pseudoscalar2HDM_MonoZLL_mScan_mH-700_ma-200/tree_2.root  ->  /eos/cms/store/group/phys_exotica/monoZ/Exorcism2018/Pseudoscalar2HDM_MonoZLL_mScan_mH-700_ma-200/tree_2.root
Testing file open
Test OK
---------------------------
 -- options  =  Namespace(dataset='X', doSyst=1, era='2018', infile='/eos/cms/store/group/phys_exotica/monoZ/Exorcism2018/Pseudoscalar2HDM_MonoZLL_mScan_mH-700_ma-200/tree_2.root', isMC=1, jobNum=2, nevt=-1)
 -- is MC    =  1
 -- jobNum   =  2
 -- era      =  2018
 -- in file  =  /eos/cms/store/group/phys_exotica/monoZ/Exorcism2018/Pseudoscalar2HDM_MonoZLL_mScan_mH-700_ma-200/tree_2.root
 -- dataset  =  X
---------------------------
[check] condtag_ ==  Pseudoscalar2HDM_MonoZLL_mScan_mH-700_ma-200
[check] dataset  ==  monoZ
modules :  <PhysicsTools.MonoZ.MonoZWSProducer.MonoZWSProducer object at 0x2b9f24413890>
modules :  <PhysicsTools.MonoZ.MonoZWSProducer.MonoZWSProducer object at 0x2b9f24413950>
modules :  <PhysicsTools.MonoZ.MonoZWSProducer.MonoZWSProducer object at 0x2b9f24413990>
modules :  <PhysicsTools.MonoZ.MonoZWSProducer.MonoZWSProducer object at 0x2b9f244139d0>
modules :  <PhysicsTools.MonoZ.MonoZWSProducer.MonoZWSProducer object at 0x2b9f24413a10>
modules :  <PhysicsTools.MonoZ.MonoZWSProducer.MonoZWSProducer object at 0x2b9f24413a50>
modules :  <PhysicsTools.MonoZ.MonoZWSProducer.MonoZWSProducer object at 0x2b9f24413a90>
modules :  <PhysicsTools.MonoZ.MonoZWSProducer.MonoZWSProducer object at 0x2b9f24413ad0>
modules :  <PhysicsTools.MonoZ.MonoZWSProducer.MonoZWSProducer object at 0x2b9f24413b10>
modules :  <PhysicsTools.MonoZ.MonoZWSProducer.MonoZWSProducer object at 0x2b9f24413b50>
modules :  <PhysicsTools.MonoZ.MonoZWSProducer.MonoZWSProducer object at 0x2b9f24413b90>
modules :  <PhysicsTools.MonoZ.MonoZWSProducer.MonoZWSProducer object at 0x2b9f24413bd0>
modules :  <PhysicsTools.MonoZ.MonoZWSProducer.MonoZWSProducer object at 0x2b9f24413c10>
modules :  <PhysicsTools.MonoZ.MonoZWSProducer.MonoZWSProducer object at 0x2b9f24413c50>
modules :  <PhysicsTools.MonoZ.MonoZWSProducer.MonoZWSProducer object at 0x2b9f24413c90>
modules :  <PhysicsTools.MonoZ.MonoZWSProducer.MonoZWSProducer object at 0x2b9f24413cd0>
modules :  <PhysicsTools.MonoZ.MonoZWSProducer.MonoZWSProducer object at 0x2b9f24413d10>
modules :  <PhysicsTools.MonoZ.MonoZWSProducer.MonoZWSProducer object at 0x2b9f24413d50>
modules :  <PhysicsTools.MonoZ.MonoZWSProducer.MonoZWSProducer object at 0x2b9f24413d90>
modules :  <PhysicsTools.MonoZ.MonoZWSProducer.MonoZWSProducer object at 0x2b9f24413dd0>
modules :  <PhysicsTools.MonoZ.MonoZWSProducer.MonoZWSProducer object at 0x2b9f24413e10>
modules :  <PhysicsTools.MonoZ.MonoZWSProducer.MonoZWSProducer object at 0x2b9f24413e50>
modules :  <PhysicsTools.MonoZ.MonoZWSProducer.MonoZWSProducer object at 0x2b9f24413ed0>
modules :  <PhysicsTools.MonoZ.MonoZWSProducer.MonoZWSProducer object at 0x2b9f24413f50>
modules :  <PhysicsTools.MonoZ.MonoZWSProducer.MonoZWSProducer object at 0x2b9f24413fd0>
modules :  <PhysicsTools.MonoZ.MonoZWSProducer.MonoZWSProducer object at 0x2b9f24415090>
modules :  <PhysicsTools.MonoZ.MonoZWSProducer.MonoZWSProducer object at 0x2b9f244150d0>
modules :  <PhysicsTools.MonoZ.MonoZWSProducer.MonoZWSProducer object at 0x2b9f24415110>
modules :  <PhysicsTools.MonoZ.MonoZWSProducer.MonoZWSProducer object at 0x2b9f24415150>
modules :  <PhysicsTools.MonoZ.MonoZWSProducer.MonoZWSProducer object at 0x2b9f24415190>
modules :  <PhysicsTools.MonoZ.MonoZWSProducer.MonoZWSProducer object at 0x2b9f244151d0>
Selection :  
Will write selected trees to .
Pre-select 3434 entries out of 3434 (100.00%)
Processed 3434 preselected entries from /eos/cms/store/group/phys_exotica/monoZ/Exorcism2018/Pseudoscalar2HDM_MonoZLL_mScan_mH-700_ma-200/tree_2.root (3434 entries). Finally selected 3434 entries
Done ./tree_2_Skim.root
12.7553673576 Hz
----- transfer output to eos :
----- directory after running :
.:
total 6364
-rw-r--r--. 1 cfreer zh    1212 Nov 30 14:16 FrameworkJobReport.xml
-rw-r--r--. 1 cfreer zh       0 Nov 30 14:11 _condor_stderr
-rw-r--r--. 1 cfreer zh   82338 Nov 30 14:16 _condor_stdout
-rw-------. 1 cfreer zh    4914 Nov 30 14:16 cfreer.cc
-rw-r--r--. 1 cfreer zh   16092 Nov 30 14:11 combineHLT_Run2.yaml
-rw-r--r--. 1 cfreer zh    5718 Nov 30 14:11 condor_WSProducer.py
-rwxr-xr-x. 1 cfreer zh     843 Nov 30 14:11 condor_exec.exe
-rwxr-xr-x. 1 cfreer zh    2559 Nov 30 14:11 haddnano.py
-rw-r--r--. 1 cfreer zh       8 Nov 30 14:11 keep_and_drop_WS.txt
drwx------. 3 cfreer zh    4096 Nov 30 14:11 tmp
-rw-r--r--. 1 cfreer zh 3185905 Nov 30 14:16 tree_2.root
-rw-r--r--. 1 cfreer zh 3185765 Nov 30 14:16 tree_2_Skim.root
drwx------. 3 cfreer zh    4096 Nov 30 14:11 var

./tmp:
total 4
drwxr-xr-x. 3 cfreer zh 4096 Nov 30 14:11 mjf-cfreer

./tmp/mjf-cfreer:
total 4
drwxr-xr-x. 2 cfreer zh 4096 Nov 30 14:11 jobfeatures-bigbird09.cern.ch_3032427.2_1574966950

./tmp/mjf-cfreer/jobfeatures-bigbird09.cern.ch_3032427.2_1574966950:
total 28
-rw-r--r--. 1 cfreer zh  1 Nov 30 14:11 allocated_cpu
-rw-r--r--. 1 cfreer zh  6 Nov 30 14:11 cpu_limit_secs
-rw-r--r--. 1 cfreer zh 38 Nov 30 14:11 job_id
-rw-r--r--. 1 cfreer zh 10 Nov 30 14:11 jobstart_secs
-rw-r--r--. 1 cfreer zh 10 Nov 30 14:11 max_rss_bytes
-rw-r--r--. 1 cfreer zh 10 Nov 30 14:11 scratch_limit_bytes
-rw-r--r--. 1 cfreer zh  6 Nov 30 14:11 wall_limit_secs

./var:
total 4
drwx------. 2 cfreer zh 4096 Nov 30 14:11 tmp

./var/tmp:
total 0
 ------ THE END (everyone dies !) ----- 
