
/pool/condor/dir_18018

... start job at 2019-11-29 13:56:17
----- directory before running:
.:
total 52
-rw-r--r--. 1 cfreer zh     0 Nov 29 13:56 _condor_stderr
-rw-r--r--. 1 cfreer zh    94 Nov 29 13:56 _condor_stdout
-rw-------. 1 cfreer zh  2642 Nov 29 13:56 cfreer.cc
-rw-r--r--. 1 cfreer zh 16092 Nov 29 13:56 combineHLT_Run2.yaml
-rw-r--r--. 1 cfreer zh  5718 Nov 29 13:56 condor_WSProducer.py
-rwxr-xr-x. 1 cfreer zh   839 Nov 29 13:56 condor_exec.exe
-rwxr-xr-x. 1 cfreer zh  2559 Nov 29 13:56 haddnano.py
-rw-r--r--. 1 cfreer zh     8 Nov 29 13:56 keep_and_drop_WS.txt
drwx------. 3 cfreer zh  4096 Nov 29 13:56 tmp
drwx------. 3 cfreer zh  4096 Nov 29 13:56 var

./tmp:
total 4
drwxr-xr-x. 3 cfreer zh 4096 Nov 29 13:56 mjf-cfreer

./tmp/mjf-cfreer:
total 4
drwxr-xr-x. 2 cfreer zh 4096 Nov 29 13:56 jobfeatures-bigbird09.cern.ch_3025426.20_1574904138

./tmp/mjf-cfreer/jobfeatures-bigbird09.cern.ch_3025426.20_1574904138:
total 28
-rw-r--r--. 1 cfreer zh  1 Nov 29 13:56 allocated_cpu
-rw-r--r--. 1 cfreer zh  6 Nov 29 13:56 cpu_limit_secs
-rw-r--r--. 1 cfreer zh 39 Nov 29 13:56 job_id
-rw-r--r--. 1 cfreer zh 10 Nov 29 13:56 jobstart_secs
-rw-r--r--. 1 cfreer zh 10 Nov 29 13:56 max_rss_bytes
-rw-r--r--. 1 cfreer zh 10 Nov 29 13:56 scratch_limit_bytes
-rw-r--r--. 1 cfreer zh  6 Nov 29 13:56 wall_limit_secs

./var:
total 4
drwx------. 2 cfreer zh 4096 Nov 29 13:56 tmp

./var/tmp:
total 0
----- CMSSW BASE, python path, pwd:
+ CMSSW_BASE  = /afs/cern.ch/work/c/cfreer/MonoZ_2019/MT_plots/CMSSW_10_6_4
+ PYTHON_PATH = 
+ PWD         = /pool/condor/dir_18018
/eos/cms/store/group/phys_exotica/monoZ/Exorcism2016/SingleElectron_Run2016H-Nano1June2019-v1/tree_27.root  ->  /eos/cms/store/group/phys_exotica/monoZ/Exorcism2016/SingleElectron_Run2016H-Nano1June2019-v1/tree_27.root
Testing file open
Test OK
---------------------------
 -- options  =  Namespace(dataset='X', doSyst=1, era='2016', infile='/eos/cms/store/group/phys_exotica/monoZ/Exorcism2016/SingleElectron_Run2016H-Nano1June2019-v1/tree_27.root', isMC=0, jobNum=20, nevt=-1)
 -- is MC    =  0
 -- jobNum   =  20
 -- era      =  2016
 -- in file  =  /eos/cms/store/group/phys_exotica/monoZ/Exorcism2016/SingleElectron_Run2016H-Nano1June2019-v1/tree_27.root
 -- dataset  =  X
---------------------------
modules :  <PhysicsTools.MonoZ.MonoZWSProducer.MonoZWSProducer object at 0x2af19c6d9750>
Selection :  
Will write selected trees to .
Pre-select 0 entries out of 0 (0.00%)
----- transfer output to eos :
----- directory after running :
.:
total 56
-rw-r--r--. 1 cfreer zh  1284 Nov 29 13:56 _condor_stderr
-rw-r--r--. 1 cfreer zh  2516 Nov 29 13:56 _condor_stdout
-rw-------. 1 cfreer zh  2642 Nov 29 13:56 cfreer.cc
-rw-r--r--. 1 cfreer zh 16092 Nov 29 13:56 combineHLT_Run2.yaml
-rw-r--r--. 1 cfreer zh  5718 Nov 29 13:56 condor_WSProducer.py
-rwxr-xr-x. 1 cfreer zh   839 Nov 29 13:56 condor_exec.exe
-rwxr-xr-x. 1 cfreer zh  2559 Nov 29 13:56 haddnano.py
-rw-r--r--. 1 cfreer zh     8 Nov 29 13:56 keep_and_drop_WS.txt
drwx------. 3 cfreer zh  4096 Nov 29 13:56 tmp
drwx------. 3 cfreer zh  4096 Nov 29 13:56 var

./tmp:
total 4
drwxr-xr-x. 3 cfreer zh 4096 Nov 29 13:56 mjf-cfreer

./tmp/mjf-cfreer:
total 4
drwxr-xr-x. 2 cfreer zh 4096 Nov 29 13:56 jobfeatures-bigbird09.cern.ch_3025426.20_1574904138

./tmp/mjf-cfreer/jobfeatures-bigbird09.cern.ch_3025426.20_1574904138:
total 28
-rw-r--r--. 1 cfreer zh  1 Nov 29 13:56 allocated_cpu
-rw-r--r--. 1 cfreer zh  6 Nov 29 13:56 cpu_limit_secs
-rw-r--r--. 1 cfreer zh 39 Nov 29 13:56 job_id
-rw-r--r--. 1 cfreer zh 10 Nov 29 13:56 jobstart_secs
-rw-r--r--. 1 cfreer zh 10 Nov 29 13:56 max_rss_bytes
-rw-r--r--. 1 cfreer zh 10 Nov 29 13:56 scratch_limit_bytes
-rw-r--r--. 1 cfreer zh  6 Nov 29 13:56 wall_limit_secs

./var:
total 4
drwx------. 2 cfreer zh 4096 Nov 29 13:56 tmp

./var/tmp:
total 0
 ------ THE END (everyone dies !) ----- 
