
/pool/condor/dir_13542

... start job at 2019-11-29 14:01:07
----- directory before running:
.:
total 52
-rw-r--r--. 1 cfreer zh     0 Nov 29 14:01 _condor_stderr
-rw-r--r--. 1 cfreer zh    94 Nov 29 14:01 _condor_stdout
-rw-------. 1 cfreer zh  2642 Nov 29 14:01 cfreer.cc
-rw-r--r--. 1 cfreer zh 16092 Nov 29 14:01 combineHLT_Run2.yaml
-rw-r--r--. 1 cfreer zh  5718 Nov 29 14:01 condor_WSProducer.py
-rwxr-xr-x. 1 cfreer zh   845 Nov 29 14:01 condor_exec.exe
-rwxr-xr-x. 1 cfreer zh  2559 Nov 29 14:01 haddnano.py
-rw-r--r--. 1 cfreer zh     8 Nov 29 14:01 keep_and_drop_WS.txt
drwx------. 3 cfreer zh  4096 Nov 29 14:01 tmp
drwx------. 3 cfreer zh  4096 Nov 29 14:01 var

./tmp:
total 4
drwxr-xr-x. 3 cfreer zh 4096 Nov 29 14:01 mjf-cfreer

./tmp/mjf-cfreer:
total 4
drwxr-xr-x. 2 cfreer zh 4096 Nov 29 14:01 jobfeatures-bigbird09.cern.ch_3025682.37_1574904275

./tmp/mjf-cfreer/jobfeatures-bigbird09.cern.ch_3025682.37_1574904275:
total 28
-rw-r--r--. 1 cfreer zh  1 Nov 29 14:01 allocated_cpu
-rw-r--r--. 1 cfreer zh  6 Nov 29 14:01 cpu_limit_secs
-rw-r--r--. 1 cfreer zh 39 Nov 29 14:01 job_id
-rw-r--r--. 1 cfreer zh 10 Nov 29 14:01 jobstart_secs
-rw-r--r--. 1 cfreer zh 10 Nov 29 14:01 max_rss_bytes
-rw-r--r--. 1 cfreer zh 10 Nov 29 14:01 scratch_limit_bytes
-rw-r--r--. 1 cfreer zh  6 Nov 29 14:01 wall_limit_secs

./var:
total 4
drwx------. 2 cfreer zh 4096 Nov 29 14:01 tmp

./var/tmp:
total 0
----- CMSSW BASE, python path, pwd:
+ CMSSW_BASE  = /afs/cern.ch/work/c/cfreer/MonoZ_2019/MT_plots/CMSSW_10_6_4
+ PYTHON_PATH = 
+ PWD         = /pool/condor/dir_13542
Adding file ./tree_42_Skim.root
Merging measMET_monoZ_catSignal-0jet
Merging MT_monoZ_catSignal-0jet
Merging measMET_monoZ_catEM
Merging MT_monoZ_catEM
Merging measMET_monoZ_catSignal-1jet
Merging MT_monoZ_catSignal-1jet
Merging measMET_monoZ_cat3L
Merging MT_monoZ_cat3L
Merging measMET_monoZ_cat4L
Merging MT_monoZ_cat4L
Merging measMET_monoZ_catNRB
Merging MT_monoZ_catNRB
Merging measMET_monoZ_catTOP
Merging MT_monoZ_catTOP
Merging measMET_monoZ_catDY
Merging MT_monoZ_catDY
Merging balance_monoZ
Merging phizmet_monoZ
Merging njet_monoZ
Merging Events
Merging Runs
Merging ParameterSets
Merging LuminosityBlocks
Merging MetaData
Merging MT_data_catSignal-1jet
Merging measMET_data_catTOP
Merging MT_data_catEM
Merging MT_data_catTOP
Merging measMET_data_catNRB
Merging phizmet_data
Merging measMET_data_cat3L
Merging njet_data
Merging untagged
Merging MT_data_cat3L
Merging measMET_data_cat4L
Merging measMET_data_catEM
Merging MT_data_catDY
Merging measMET_data_catSignal-0jet
Merging MT_data_cat4L
Merging balance_data
Merging MT_data_catNRB
Merging MT_data_catSignal-0jet
Merging measMET_data_catSignal-1jet
Merging measMET_data_catDY
/eos/cms/store/group/phys_exotica/monoZ/Exorcism2016/DoubleMuon_Run2016B_ver2-Nano1June2019_ver2-v1/tree_42.root  ->  /eos/cms/store/group/phys_exotica/monoZ/Exorcism2016/DoubleMuon_Run2016B_ver2-Nano1June2019_ver2-v1/tree_42.root
Testing file open
Test OK
---------------------------
 -- options  =  Namespace(dataset='X', doSyst=1, era='2016', infile='/eos/cms/store/group/phys_exotica/monoZ/Exorcism2016/DoubleMuon_Run2016B_ver2-Nano1June2019_ver2-v1/tree_42.root', isMC=0, jobNum=37, nevt=-1)
 -- is MC    =  0
 -- jobNum   =  37
 -- era      =  2016
 -- in file  =  /eos/cms/store/group/phys_exotica/monoZ/Exorcism2016/DoubleMuon_Run2016B_ver2-Nano1June2019_ver2-v1/tree_42.root
 -- dataset  =  X
---------------------------
modules :  <PhysicsTools.MonoZ.MonoZWSProducer.MonoZWSProducer object at 0x2aac61be7750>
Selection :  
Will write selected trees to .
Pre-select 2706 entries out of 2706 (100.00%)
Processed 2706 preselected entries from /eos/cms/store/group/phys_exotica/monoZ/Exorcism2016/DoubleMuon_Run2016B_ver2-Nano1June2019_ver2-v1/tree_42.root (2706 entries). Finally selected 2706 entries
Done ./tree_42_Skim.root
180.761523046 Hz
----- transfer output to eos :
----- directory after running :
.:
total 9284
-rw-r--r--. 1 cfreer zh    1216 Nov 29 14:01 FrameworkJobReport.xml
-rw-r--r--. 1 cfreer zh       0 Nov 29 14:01 _condor_stderr
-rw-r--r--. 1 cfreer zh    3933 Nov 29 14:01 _condor_stdout
-rw-------. 1 cfreer zh    4914 Nov 29 14:01 cfreer.cc
-rw-r--r--. 1 cfreer zh   16092 Nov 29 14:01 combineHLT_Run2.yaml
-rw-r--r--. 1 cfreer zh    5718 Nov 29 14:01 condor_WSProducer.py
-rwxr-xr-x. 1 cfreer zh     845 Nov 29 14:01 condor_exec.exe
-rwxr-xr-x. 1 cfreer zh    2559 Nov 29 14:01 haddnano.py
-rw-r--r--. 1 cfreer zh       8 Nov 29 14:01 keep_and_drop_WS.txt
drwx------. 3 cfreer zh    4096 Nov 29 14:01 tmp
-rw-r--r--. 1 cfreer zh 4718827 Nov 29 14:01 tree_37.root
-rw-r--r--. 1 cfreer zh 4718699 Nov 29 14:01 tree_42_Skim.root
drwx------. 3 cfreer zh    4096 Nov 29 14:01 var

./tmp:
total 4
drwxr-xr-x. 3 cfreer zh 4096 Nov 29 14:01 mjf-cfreer

./tmp/mjf-cfreer:
total 4
drwxr-xr-x. 2 cfreer zh 4096 Nov 29 14:01 jobfeatures-bigbird09.cern.ch_3025682.37_1574904275

./tmp/mjf-cfreer/jobfeatures-bigbird09.cern.ch_3025682.37_1574904275:
total 28
-rw-r--r--. 1 cfreer zh  1 Nov 29 14:01 allocated_cpu
-rw-r--r--. 1 cfreer zh  6 Nov 29 14:01 cpu_limit_secs
-rw-r--r--. 1 cfreer zh 39 Nov 29 14:01 job_id
-rw-r--r--. 1 cfreer zh 10 Nov 29 14:01 jobstart_secs
-rw-r--r--. 1 cfreer zh 10 Nov 29 14:01 max_rss_bytes
-rw-r--r--. 1 cfreer zh 10 Nov 29 14:01 scratch_limit_bytes
-rw-r--r--. 1 cfreer zh  6 Nov 29 14:01 wall_limit_secs

./var:
total 4
drwx------. 2 cfreer zh 4096 Nov 29 14:01 tmp

./var/tmp:
total 0
 ------ THE END (everyone dies !) ----- 
