
/pool/condor/dir_19972

... start job at 2019-11-30 13:06:02
----- directory before running:
.:
total 52
-rw-r--r--. 1 cfreer zh     0 Nov 30 13:06 _condor_stderr
-rw-r--r--. 1 cfreer zh    94 Nov 30 13:06 _condor_stdout
-rw-------. 1 cfreer zh  2642 Nov 30 13:06 cfreer.cc
-rw-r--r--. 1 cfreer zh 16092 Nov 30 13:06 combineHLT_Run2.yaml
-rw-r--r--. 1 cfreer zh  5718 Nov 30 13:06 condor_WSProducer.py
-rwxr-xr-x. 1 cfreer zh   854 Nov 30 13:06 condor_exec.exe
-rwxr-xr-x. 1 cfreer zh  2559 Nov 30 13:06 haddnano.py
-rw-r--r--. 1 cfreer zh     8 Nov 30 13:06 keep_and_drop_WS.txt
drwx------. 3 cfreer zh  4096 Nov 30 13:06 tmp
drwx------. 3 cfreer zh  4096 Nov 30 13:06 var

./tmp:
total 4
drwxr-xr-x. 3 cfreer zh 4096 Nov 30 13:06 mjf-cfreer

./tmp/mjf-cfreer:
total 4
drwxr-xr-x. 2 cfreer zh 4096 Nov 30 13:06 jobfeatures-bigbird09.cern.ch_3031922.7_1574961092

./tmp/mjf-cfreer/jobfeatures-bigbird09.cern.ch_3031922.7_1574961092:
total 28
-rw-r--r--. 1 cfreer zh  1 Nov 30 13:06 allocated_cpu
-rw-r--r--. 1 cfreer zh  6 Nov 30 13:06 cpu_limit_secs
-rw-r--r--. 1 cfreer zh 38 Nov 30 13:06 job_id
-rw-r--r--. 1 cfreer zh 10 Nov 30 13:06 jobstart_secs
-rw-r--r--. 1 cfreer zh 10 Nov 30 13:06 max_rss_bytes
-rw-r--r--. 1 cfreer zh 10 Nov 30 13:06 scratch_limit_bytes
-rw-r--r--. 1 cfreer zh  6 Nov 30 13:06 wall_limit_secs

./var:
total 4
drwx------. 2 cfreer zh 4096 Nov 30 13:06 tmp

./var/tmp:
total 0
----- CMSSW BASE, python path, pwd:
+ CMSSW_BASE  = /afs/cern.ch/work/c/cfreer/MonoZ_2019/MT_plots/CMSSW_10_6_4
+ PYTHON_PATH = 
+ PWD         = /pool/condor/dir_19972
Adding file ./tree_7_Skim.root
Merging measMET_monoZ_catSignal-0jet
Merging MT_monoZ_catSignal-0jet
Merging measMET_monoZ_catEM
Merging MT_monoZ_catEM
Merging measMET_monoZ_catSignal-1jet
Merging MT_monoZ_catSignal-1jet
Merging measMET_monoZ_cat3L
Merging MT_monoZ_cat3L
Merging measMET_monoZ_cat4L
Merging MT_monoZ_cat4L
Merging measMET_monoZ_catNRB
Merging MT_monoZ_catNRB
Merging measMET_monoZ_catTOP
Merging MT_monoZ_catTOP
Merging measMET_monoZ_catDY
Merging MT_monoZ_catDY
Merging balance_monoZ
Merging phizmet_monoZ
Merging njet_monoZ
Merging measMET_monoZ_catSignal-0jet_sys_ElectronEnUp
Merging MT_monoZ_catSignal-0jet_sys_ElectronEnUp
Merging measMET_monoZ_catEM_sys_ElectronEnUp
Merging MT_monoZ_catEM_sys_ElectronEnUp
Merging measMET_monoZ_catSignal-1jet_sys_ElectronEnUp
Merging MT_monoZ_catSignal-1jet_sys_ElectronEnUp
Merging measMET_monoZ_cat3L_sys_ElectronEnUp
Merging MT_monoZ_cat3L_sys_ElectronEnUp
Merging measMET_monoZ_cat4L_sys_ElectronEnUp
Merging MT_monoZ_cat4L_sys_ElectronEnUp
Merging measMET_monoZ_catNRB_sys_ElectronEnUp
Merging MT_monoZ_catNRB_sys_ElectronEnUp
Merging measMET_monoZ_catTOP_sys_ElectronEnUp
Merging MT_monoZ_catTOP_sys_ElectronEnUp
Merging measMET_monoZ_catDY_sys_ElectronEnUp
Merging MT_monoZ_catDY_sys_ElectronEnUp
Merging balance_monoZ_sys_ElectronEnUp
Merging phizmet_monoZ_sys_ElectronEnUp
Merging njet_monoZ_sys_ElectronEnUp
Merging measMET_monoZ_catSignal-0jet_sys_ElectronEnDown
Merging MT_monoZ_catSignal-0jet_sys_ElectronEnDown
Merging measMET_monoZ_catEM_sys_ElectronEnDown
Merging MT_monoZ_catEM_sys_ElectronEnDown
Merging measMET_monoZ_catSignal-1jet_sys_ElectronEnDown
Merging MT_monoZ_catSignal-1jet_sys_ElectronEnDown
Merging measMET_monoZ_cat3L_sys_ElectronEnDown
Merging MT_monoZ_cat3L_sys_ElectronEnDown
Merging measMET_monoZ_cat4L_sys_ElectronEnDown
Merging MT_monoZ_cat4L_sys_ElectronEnDown
Merging measMET_monoZ_catNRB_sys_ElectronEnDown
Merging MT_monoZ_catNRB_sys_ElectronEnDown
Merging measMET_monoZ_catTOP_sys_ElectronEnDown
Merging MT_monoZ_catTOP_sys_ElectronEnDown
Merging measMET_monoZ_catDY_sys_ElectronEnDown
Merging MT_monoZ_catDY_sys_ElectronEnDown
Merging balance_monoZ_sys_ElectronEnDown
Merging phizmet_monoZ_sys_ElectronEnDown
Merging njet_monoZ_sys_ElectronEnDown
Merging measMET_monoZ_catSignal-0jet_sys_MuonEnUp
Merging MT_monoZ_catSignal-0jet_sys_MuonEnUp
Merging measMET_monoZ_catEM_sys_MuonEnUp
Merging MT_monoZ_catEM_sys_MuonEnUp
Merging measMET_monoZ_catSignal-1jet_sys_MuonEnUp
Merging MT_monoZ_catSignal-1jet_sys_MuonEnUp
Merging measMET_monoZ_cat3L_sys_MuonEnUp
Merging MT_monoZ_cat3L_sys_MuonEnUp
Merging measMET_monoZ_cat4L_sys_MuonEnUp
Merging MT_monoZ_cat4L_sys_MuonEnUp
Merging measMET_monoZ_catNRB_sys_MuonEnUp
Merging MT_monoZ_catNRB_sys_MuonEnUp
Merging measMET_monoZ_catTOP_sys_MuonEnUp
Merging MT_monoZ_catTOP_sys_MuonEnUp
Merging measMET_monoZ_catDY_sys_MuonEnUp
Merging MT_monoZ_catDY_sys_MuonEnUp
Merging balance_monoZ_sys_MuonEnUp
Merging phizmet_monoZ_sys_MuonEnUp
Merging njet_monoZ_sys_MuonEnUp
Merging measMET_monoZ_catSignal-0jet_sys_MuonEnDown
Merging MT_monoZ_catSignal-0jet_sys_MuonEnDown
Merging measMET_monoZ_catEM_sys_MuonEnDown
Merging MT_monoZ_catEM_sys_MuonEnDown
Merging measMET_monoZ_catSignal-1jet_sys_MuonEnDown
Merging MT_monoZ_catSignal-1jet_sys_MuonEnDown
Merging measMET_monoZ_cat3L_sys_MuonEnDown
Merging MT_monoZ_cat3L_sys_MuonEnDown
Merging measMET_monoZ_cat4L_sys_MuonEnDown
Merging MT_monoZ_cat4L_sys_MuonEnDown
Merging measMET_monoZ_catNRB_sys_MuonEnDown
Merging MT_monoZ_catNRB_sys_MuonEnDown
Merging measMET_monoZ_catTOP_sys_MuonEnDown
Merging MT_monoZ_catTOP_sys_MuonEnDown
Merging measMET_monoZ_catDY_sys_MuonEnDown
Merging MT_monoZ_catDY_sys_MuonEnDown
Merging balance_monoZ_sys_MuonEnDown
Merging phizmet_monoZ_sys_MuonEnDown
Merging njet_monoZ_sys_MuonEnDown
Merging measMET_monoZ_catSignal-0jet_sys_jesTotalUp
Merging MT_monoZ_catSignal-0jet_sys_jesTotalUp
Merging measMET_monoZ_catEM_sys_jesTotalUp
Merging MT_monoZ_catEM_sys_jesTotalUp
Merging measMET_monoZ_catSignal-1jet_sys_jesTotalUp
Merging MT_monoZ_catSignal-1jet_sys_jesTotalUp
Merging measMET_monoZ_cat3L_sys_jesTotalUp
Merging MT_monoZ_cat3L_sys_jesTotalUp
Merging measMET_monoZ_cat4L_sys_jesTotalUp
Merging MT_monoZ_cat4L_sys_jesTotalUp
Merging measMET_monoZ_catNRB_sys_jesTotalUp
Merging MT_monoZ_catNRB_sys_jesTotalUp
Merging measMET_monoZ_catTOP_sys_jesTotalUp
Merging MT_monoZ_catTOP_sys_jesTotalUp
Merging measMET_monoZ_catDY_sys_jesTotalUp
Merging MT_monoZ_catDY_sys_jesTotalUp
Merging balance_monoZ_sys_jesTotalUp
Merging phizmet_monoZ_sys_jesTotalUp
Merging njet_monoZ_sys_jesTotalUp
Merging measMET_monoZ_catSignal-0jet_sys_jesTotalDown
Merging MT_monoZ_catSignal-0jet_sys_jesTotalDown
Merging measMET_monoZ_catEM_sys_jesTotalDown
Merging MT_monoZ_catEM_sys_jesTotalDown
Merging measMET_monoZ_catSignal-1jet_sys_jesTotalDown
Merging MT_monoZ_catSignal-1jet_sys_jesTotalDown
Merging measMET_monoZ_cat3L_sys_jesTotalDown
Merging MT_monoZ_cat3L_sys_jesTotalDown
Merging measMET_monoZ_cat4L_sys_jesTotalDown
Merging MT_monoZ_cat4L_sys_jesTotalDown
Merging measMET_monoZ_catNRB_sys_jesTotalDown
Merging MT_monoZ_catNRB_sys_jesTotalDown
Merging measMET_monoZ_catTOP_sys_jesTotalDown
Merging MT_monoZ_catTOP_sys_jesTotalDown
Merging measMET_monoZ_catDY_sys_jesTotalDown
Merging MT_monoZ_catDY_sys_jesTotalDown
Merging balance_monoZ_sys_jesTotalDown
Merging phizmet_monoZ_sys_jesTotalDown
Merging njet_monoZ_sys_jesTotalDown
Merging measMET_monoZ_catSignal-0jet_sys_jerUp
Merging MT_monoZ_catSignal-0jet_sys_jerUp
Merging measMET_monoZ_catEM_sys_jerUp
Merging MT_monoZ_catEM_sys_jerUp
Merging measMET_monoZ_catSignal-1jet_sys_jerUp
Merging MT_monoZ_catSignal-1jet_sys_jerUp
Merging measMET_monoZ_cat3L_sys_jerUp
Merging MT_monoZ_cat3L_sys_jerUp
Merging measMET_monoZ_cat4L_sys_jerUp
Merging MT_monoZ_cat4L_sys_jerUp
Merging measMET_monoZ_catNRB_sys_jerUp
Merging MT_monoZ_catNRB_sys_jerUp
Merging measMET_monoZ_catTOP_sys_jerUp
Merging MT_monoZ_catTOP_sys_jerUp
Merging measMET_monoZ_catDY_sys_jerUp
Merging MT_monoZ_catDY_sys_jerUp
Merging balance_monoZ_sys_jerUp
Merging phizmet_monoZ_sys_jerUp
Merging njet_monoZ_sys_jerUp
Merging measMET_monoZ_catSignal-0jet_sys_jerDown
Merging MT_monoZ_catSignal-0jet_sys_jerDown
Merging measMET_monoZ_catEM_sys_jerDown
Merging MT_monoZ_catEM_sys_jerDown
Merging measMET_monoZ_catSignal-1jet_sys_jerDown
Merging MT_monoZ_catSignal-1jet_sys_jerDown
Merging measMET_monoZ_cat3L_sys_jerDown
Merging MT_monoZ_cat3L_sys_jerDown
Merging measMET_monoZ_cat4L_sys_jerDown
Merging MT_monoZ_cat4L_sys_jerDown
Merging measMET_monoZ_catNRB_sys_jerDown
Merging MT_monoZ_catNRB_sys_jerDown
Merging measMET_monoZ_catTOP_sys_jerDown
Merging MT_monoZ_catTOP_sys_jerDown
Merging measMET_monoZ_catDY_sys_jerDown
Merging MT_monoZ_catDY_sys_jerDown
Merging balance_monoZ_sys_jerDown
Merging phizmet_monoZ_sys_jerDown
Merging njet_monoZ_sys_jerDown
Merging measMET_monoZ_catSignal-0jet_sys_puWeightUp
Merging MT_monoZ_catSignal-0jet_sys_puWeightUp
Merging measMET_monoZ_catEM_sys_puWeightUp
Merging MT_monoZ_catEM_sys_puWeightUp
Merging measMET_monoZ_catSignal-1jet_sys_puWeightUp
Merging MT_monoZ_catSignal-1jet_sys_puWeightUp
Merging measMET_monoZ_cat3L_sys_puWeightUp
Merging MT_monoZ_cat3L_sys_puWeightUp
Merging measMET_monoZ_cat4L_sys_puWeightUp
Merging MT_monoZ_cat4L_sys_puWeightUp
Merging measMET_monoZ_catNRB_sys_puWeightUp
Merging MT_monoZ_catNRB_sys_puWeightUp
Merging measMET_monoZ_catTOP_sys_puWeightUp
Merging MT_monoZ_catTOP_sys_puWeightUp
Merging measMET_monoZ_catDY_sys_puWeightUp
Merging MT_monoZ_catDY_sys_puWeightUp
Merging balance_monoZ_sys_puWeightUp
Merging phizmet_monoZ_sys_puWeightUp
Merging njet_monoZ_sys_puWeightUp
Merging measMET_monoZ_catSignal-0jet_sys_puWeightDown
Merging MT_monoZ_catSignal-0jet_sys_puWeightDown
Merging measMET_monoZ_catEM_sys_puWeightDown
Merging MT_monoZ_catEM_sys_puWeightDown
Merging measMET_monoZ_catSignal-1jet_sys_puWeightDown
Merging MT_monoZ_catSignal-1jet_sys_puWeightDown
Merging measMET_monoZ_cat3L_sys_puWeightDown
Merging MT_monoZ_cat3L_sys_puWeightDown
Merging measMET_monoZ_cat4L_sys_puWeightDown
Merging MT_monoZ_cat4L_sys_puWeightDown
Merging measMET_monoZ_catNRB_sys_puWeightDown
Merging MT_monoZ_catNRB_sys_puWeightDown
Merging measMET_monoZ_catTOP_sys_puWeightDown
Merging MT_monoZ_catTOP_sys_puWeightDown
Merging measMET_monoZ_catDY_sys_puWeightDown
Merging MT_monoZ_catDY_sys_puWeightDown
Merging balance_monoZ_sys_puWeightDown
Merging phizmet_monoZ_sys_puWeightDown
Merging njet_monoZ_sys_puWeightDown
Merging measMET_monoZ_catSignal-0jet_sys_PDFUp
Merging MT_monoZ_catSignal-0jet_sys_PDFUp
Merging measMET_monoZ_catEM_sys_PDFUp
Merging MT_monoZ_catEM_sys_PDFUp
Merging measMET_monoZ_catSignal-1jet_sys_PDFUp
Merging MT_monoZ_catSignal-1jet_sys_PDFUp
Merging measMET_monoZ_cat3L_sys_PDFUp
Merging MT_monoZ_cat3L_sys_PDFUp
Merging measMET_monoZ_cat4L_sys_PDFUp
Merging MT_monoZ_cat4L_sys_PDFUp
Merging measMET_monoZ_catNRB_sys_PDFUp
Merging MT_monoZ_catNRB_sys_PDFUp
Merging measMET_monoZ_catTOP_sys_PDFUp
Merging MT_monoZ_catTOP_sys_PDFUp
Merging measMET_monoZ_catDY_sys_PDFUp
Merging MT_monoZ_catDY_sys_PDFUp
Merging balance_monoZ_sys_PDFUp
Merging phizmet_monoZ_sys_PDFUp
Merging njet_monoZ_sys_PDFUp
Merging measMET_monoZ_catSignal-0jet_sys_PDFDown
Merging MT_monoZ_catSignal-0jet_sys_PDFDown
Merging measMET_monoZ_catEM_sys_PDFDown
Merging MT_monoZ_catEM_sys_PDFDown
Merging measMET_monoZ_catSignal-1jet_sys_PDFDown
Merging MT_monoZ_catSignal-1jet_sys_PDFDown
Merging measMET_monoZ_cat3L_sys_PDFDown
Merging MT_monoZ_cat3L_sys_PDFDown
Merging measMET_monoZ_cat4L_sys_PDFDown
Merging MT_monoZ_cat4L_sys_PDFDown
Merging measMET_monoZ_catNRB_sys_PDFDown
Merging MT_monoZ_catNRB_sys_PDFDown
Merging measMET_monoZ_catTOP_sys_PDFDown
Merging MT_monoZ_catTOP_sys_PDFDown
Merging measMET_monoZ_catDY_sys_PDFDown
Merging MT_monoZ_catDY_sys_PDFDown
Merging balance_monoZ_sys_PDFDown
Merging phizmet_monoZ_sys_PDFDown
Merging njet_monoZ_sys_PDFDown
Merging measMET_monoZ_catSignal-0jet_sys_MuonSFUp
Merging MT_monoZ_catSignal-0jet_sys_MuonSFUp
Merging measMET_monoZ_catEM_sys_MuonSFUp
Merging MT_monoZ_catEM_sys_MuonSFUp
Merging measMET_monoZ_catSignal-1jet_sys_MuonSFUp
Merging MT_monoZ_catSignal-1jet_sys_MuonSFUp
Merging measMET_monoZ_cat3L_sys_MuonSFUp
Merging MT_monoZ_cat3L_sys_MuonSFUp
Merging measMET_monoZ_cat4L_sys_MuonSFUp
Merging MT_monoZ_cat4L_sys_MuonSFUp
Merging measMET_monoZ_catNRB_sys_MuonSFUp
Merging MT_monoZ_catNRB_sys_MuonSFUp
Merging measMET_monoZ_catTOP_sys_MuonSFUp
Merging MT_monoZ_catTOP_sys_MuonSFUp
Merging measMET_monoZ_catDY_sys_MuonSFUp
Merging MT_monoZ_catDY_sys_MuonSFUp
Merging balance_monoZ_sys_MuonSFUp
Merging phizmet_monoZ_sys_MuonSFUp
Merging njet_monoZ_sys_MuonSFUp
Merging measMET_monoZ_catSignal-0jet_sys_MuonSFDown
Merging MT_monoZ_catSignal-0jet_sys_MuonSFDown
Merging measMET_monoZ_catEM_sys_MuonSFDown
Merging MT_monoZ_catEM_sys_MuonSFDown
Merging measMET_monoZ_catSignal-1jet_sys_MuonSFDown
Merging MT_monoZ_catSignal-1jet_sys_MuonSFDown
Merging measMET_monoZ_cat3L_sys_MuonSFDown
Merging MT_monoZ_cat3L_sys_MuonSFDown
Merging measMET_monoZ_cat4L_sys_MuonSFDown
Merging MT_monoZ_cat4L_sys_MuonSFDown
Merging measMET_monoZ_catNRB_sys_MuonSFDown
Merging MT_monoZ_catNRB_sys_MuonSFDown
Merging measMET_monoZ_catTOP_sys_MuonSFDown
Merging MT_monoZ_catTOP_sys_MuonSFDown
Merging measMET_monoZ_catDY_sys_MuonSFDown
Merging MT_monoZ_catDY_sys_MuonSFDown
Merging balance_monoZ_sys_MuonSFDown
Merging phizmet_monoZ_sys_MuonSFDown
Merging njet_monoZ_sys_MuonSFDown
Merging measMET_monoZ_catSignal-0jet_sys_ElecronSFUp
Merging MT_monoZ_catSignal-0jet_sys_ElecronSFUp
Merging measMET_monoZ_catEM_sys_ElecronSFUp
Merging MT_monoZ_catEM_sys_ElecronSFUp
Merging measMET_monoZ_catSignal-1jet_sys_ElecronSFUp
Merging MT_monoZ_catSignal-1jet_sys_ElecronSFUp
Merging measMET_monoZ_cat3L_sys_ElecronSFUp
Merging MT_monoZ_cat3L_sys_ElecronSFUp
Merging measMET_monoZ_cat4L_sys_ElecronSFUp
Merging MT_monoZ_cat4L_sys_ElecronSFUp
Merging measMET_monoZ_catNRB_sys_ElecronSFUp
Merging MT_monoZ_catNRB_sys_ElecronSFUp
Merging measMET_monoZ_catTOP_sys_ElecronSFUp
Merging MT_monoZ_catTOP_sys_ElecronSFUp
Merging measMET_monoZ_catDY_sys_ElecronSFUp
Merging MT_monoZ_catDY_sys_ElecronSFUp
Merging balance_monoZ_sys_ElecronSFUp
Merging phizmet_monoZ_sys_ElecronSFUp
Merging njet_monoZ_sys_ElecronSFUp
Merging measMET_monoZ_catSignal-0jet_sys_ElecronSFDown
Merging MT_monoZ_catSignal-0jet_sys_ElecronSFDown
Merging measMET_monoZ_catEM_sys_ElecronSFDown
Merging MT_monoZ_catEM_sys_ElecronSFDown
Merging measMET_monoZ_catSignal-1jet_sys_ElecronSFDown
Merging MT_monoZ_catSignal-1jet_sys_ElecronSFDown
Merging measMET_monoZ_cat3L_sys_ElecronSFDown
Merging MT_monoZ_cat3L_sys_ElecronSFDown
Merging measMET_monoZ_cat4L_sys_ElecronSFDown
Merging MT_monoZ_cat4L_sys_ElecronSFDown
Merging measMET_monoZ_catNRB_sys_ElecronSFDown
Merging MT_monoZ_catNRB_sys_ElecronSFDown
Merging measMET_monoZ_catTOP_sys_ElecronSFDown
Merging MT_monoZ_catTOP_sys_ElecronSFDown
Merging measMET_monoZ_catDY_sys_ElecronSFDown
Merging MT_monoZ_catDY_sys_ElecronSFDown
Merging balance_monoZ_sys_ElecronSFDown
Merging phizmet_monoZ_sys_ElecronSFDown
Merging njet_monoZ_sys_ElecronSFDown
Merging measMET_monoZ_catSignal-0jet_sys_EWKUp
Merging MT_monoZ_catSignal-0jet_sys_EWKUp
Merging measMET_monoZ_catEM_sys_EWKUp
Merging MT_monoZ_catEM_sys_EWKUp
Merging measMET_monoZ_catSignal-1jet_sys_EWKUp
Merging MT_monoZ_catSignal-1jet_sys_EWKUp
Merging measMET_monoZ_cat3L_sys_EWKUp
Merging MT_monoZ_cat3L_sys_EWKUp
Merging measMET_monoZ_cat4L_sys_EWKUp
Merging MT_monoZ_cat4L_sys_EWKUp
Merging measMET_monoZ_catNRB_sys_EWKUp
Merging MT_monoZ_catNRB_sys_EWKUp
Merging measMET_monoZ_catTOP_sys_EWKUp
Merging MT_monoZ_catTOP_sys_EWKUp
Merging measMET_monoZ_catDY_sys_EWKUp
Merging MT_monoZ_catDY_sys_EWKUp
Merging balance_monoZ_sys_EWKUp
Merging phizmet_monoZ_sys_EWKUp
Merging njet_monoZ_sys_EWKUp
Merging measMET_monoZ_catSignal-0jet_sys_EWKDown
Merging MT_monoZ_catSignal-0jet_sys_EWKDown
Merging measMET_monoZ_catEM_sys_EWKDown
Merging MT_monoZ_catEM_sys_EWKDown
Merging measMET_monoZ_catSignal-1jet_sys_EWKDown
Merging MT_monoZ_catSignal-1jet_sys_EWKDown
Merging measMET_monoZ_cat3L_sys_EWKDown
Merging MT_monoZ_cat3L_sys_EWKDown
Merging measMET_monoZ_cat4L_sys_EWKDown
Merging MT_monoZ_cat4L_sys_EWKDown
Merging measMET_monoZ_catNRB_sys_EWKDown
Merging MT_monoZ_catNRB_sys_EWKDown
Merging measMET_monoZ_catTOP_sys_EWKDown
Merging MT_monoZ_catTOP_sys_EWKDown
Merging measMET_monoZ_catDY_sys_EWKDown
Merging MT_monoZ_catDY_sys_EWKDown
Merging balance_monoZ_sys_EWKDown
Merging phizmet_monoZ_sys_EWKDown
Merging njet_monoZ_sys_EWKDown
Merging measMET_monoZ_catSignal-0jet_sys_nvtxWeightUp
Merging MT_monoZ_catSignal-0jet_sys_nvtxWeightUp
Merging measMET_monoZ_catEM_sys_nvtxWeightUp
Merging MT_monoZ_catEM_sys_nvtxWeightUp
Merging measMET_monoZ_catSignal-1jet_sys_nvtxWeightUp
Merging MT_monoZ_catSignal-1jet_sys_nvtxWeightUp
Merging measMET_monoZ_cat3L_sys_nvtxWeightUp
Merging MT_monoZ_cat3L_sys_nvtxWeightUp
Merging measMET_monoZ_cat4L_sys_nvtxWeightUp
Merging MT_monoZ_cat4L_sys_nvtxWeightUp
Merging measMET_monoZ_catNRB_sys_nvtxWeightUp
Merging MT_monoZ_catNRB_sys_nvtxWeightUp
Merging measMET_monoZ_catTOP_sys_nvtxWeightUp
Merging MT_monoZ_catTOP_sys_nvtxWeightUp
Merging measMET_monoZ_catDY_sys_nvtxWeightUp
Merging MT_monoZ_catDY_sys_nvtxWeightUp
Merging balance_monoZ_sys_nvtxWeightUp
Merging phizmet_monoZ_sys_nvtxWeightUp
Merging njet_monoZ_sys_nvtxWeightUp
Merging measMET_monoZ_catSignal-0jet_sys_nvtxWeightDown
Merging MT_monoZ_catSignal-0jet_sys_nvtxWeightDown
Merging measMET_monoZ_catEM_sys_nvtxWeightDown
Merging MT_monoZ_catEM_sys_nvtxWeightDown
Merging measMET_monoZ_catSignal-1jet_sys_nvtxWeightDown
Merging MT_monoZ_catSignal-1jet_sys_nvtxWeightDown
Merging measMET_monoZ_cat3L_sys_nvtxWeightDown
Merging MT_monoZ_cat3L_sys_nvtxWeightDown
Merging measMET_monoZ_cat4L_sys_nvtxWeightDown
Merging MT_monoZ_cat4L_sys_nvtxWeightDown
Merging measMET_monoZ_catNRB_sys_nvtxWeightDown
Merging MT_monoZ_catNRB_sys_nvtxWeightDown
Merging measMET_monoZ_catTOP_sys_nvtxWeightDown
Merging MT_monoZ_catTOP_sys_nvtxWeightDown
Merging measMET_monoZ_catDY_sys_nvtxWeightDown
Merging MT_monoZ_catDY_sys_nvtxWeightDown
Merging balance_monoZ_sys_nvtxWeightDown
Merging phizmet_monoZ_sys_nvtxWeightDown
Merging njet_monoZ_sys_nvtxWeightDown
Merging measMET_monoZ_catSignal-0jet_sys_TriggerSFWeightUp
Merging MT_monoZ_catSignal-0jet_sys_TriggerSFWeightUp
Merging measMET_monoZ_catEM_sys_TriggerSFWeightUp
Merging MT_monoZ_catEM_sys_TriggerSFWeightUp
Merging measMET_monoZ_catSignal-1jet_sys_TriggerSFWeightUp
Merging MT_monoZ_catSignal-1jet_sys_TriggerSFWeightUp
Merging measMET_monoZ_cat3L_sys_TriggerSFWeightUp
Merging MT_monoZ_cat3L_sys_TriggerSFWeightUp
Merging measMET_monoZ_cat4L_sys_TriggerSFWeightUp
Merging MT_monoZ_cat4L_sys_TriggerSFWeightUp
Merging measMET_monoZ_catNRB_sys_TriggerSFWeightUp
Merging MT_monoZ_catNRB_sys_TriggerSFWeightUp
Merging measMET_monoZ_catTOP_sys_TriggerSFWeightUp
Merging MT_monoZ_catTOP_sys_TriggerSFWeightUp
Merging measMET_monoZ_catDY_sys_TriggerSFWeightUp
Merging MT_monoZ_catDY_sys_TriggerSFWeightUp
Merging balance_monoZ_sys_TriggerSFWeightUp
Merging phizmet_monoZ_sys_TriggerSFWeightUp
Merging njet_monoZ_sys_TriggerSFWeightUp
Merging measMET_monoZ_catSignal-0jet_sys_TriggerSFWeightDown
Merging MT_monoZ_catSignal-0jet_sys_TriggerSFWeightDown
Merging measMET_monoZ_catEM_sys_TriggerSFWeightDown
Merging MT_monoZ_catEM_sys_TriggerSFWeightDown
Merging measMET_monoZ_catSignal-1jet_sys_TriggerSFWeightDown
Merging MT_monoZ_catSignal-1jet_sys_TriggerSFWeightDown
Merging measMET_monoZ_cat3L_sys_TriggerSFWeightDown
Merging MT_monoZ_cat3L_sys_TriggerSFWeightDown
Merging measMET_monoZ_cat4L_sys_TriggerSFWeightDown
Merging MT_monoZ_cat4L_sys_TriggerSFWeightDown
Merging measMET_monoZ_catNRB_sys_TriggerSFWeightDown
Merging MT_monoZ_catNRB_sys_TriggerSFWeightDown
Merging measMET_monoZ_catTOP_sys_TriggerSFWeightDown
Merging MT_monoZ_catTOP_sys_TriggerSFWeightDown
Merging measMET_monoZ_catDY_sys_TriggerSFWeightDown
Merging MT_monoZ_catDY_sys_TriggerSFWeightDown
Merging balance_monoZ_sys_TriggerSFWeightDown
Merging phizmet_monoZ_sys_TriggerSFWeightDown
Merging njet_monoZ_sys_TriggerSFWeightDown
Merging measMET_monoZ_catSignal-0jet_sys_btagEventWeightUp
Merging MT_monoZ_catSignal-0jet_sys_btagEventWeightUp
Merging measMET_monoZ_catEM_sys_btagEventWeightUp
Merging MT_monoZ_catEM_sys_btagEventWeightUp
Merging measMET_monoZ_catSignal-1jet_sys_btagEventWeightUp
Merging MT_monoZ_catSignal-1jet_sys_btagEventWeightUp
Merging measMET_monoZ_cat3L_sys_btagEventWeightUp
Merging MT_monoZ_cat3L_sys_btagEventWeightUp
Merging measMET_monoZ_cat4L_sys_btagEventWeightUp
Merging MT_monoZ_cat4L_sys_btagEventWeightUp
Merging measMET_monoZ_catNRB_sys_btagEventWeightUp
Merging MT_monoZ_catNRB_sys_btagEventWeightUp
Merging measMET_monoZ_catTOP_sys_btagEventWeightUp
Merging MT_monoZ_catTOP_sys_btagEventWeightUp
Merging measMET_monoZ_catDY_sys_btagEventWeightUp
Merging MT_monoZ_catDY_sys_btagEventWeightUp
Merging balance_monoZ_sys_btagEventWeightUp
Merging phizmet_monoZ_sys_btagEventWeightUp
Merging njet_monoZ_sys_btagEventWeightUp
Merging measMET_monoZ_catSignal-0jet_sys_btagEventWeightDown
Merging MT_monoZ_catSignal-0jet_sys_btagEventWeightDown
Merging measMET_monoZ_catEM_sys_btagEventWeightDown
Merging MT_monoZ_catEM_sys_btagEventWeightDown
Merging measMET_monoZ_catSignal-1jet_sys_btagEventWeightDown
Merging MT_monoZ_catSignal-1jet_sys_btagEventWeightDown
Merging measMET_monoZ_cat3L_sys_btagEventWeightDown
Merging MT_monoZ_cat3L_sys_btagEventWeightDown
Merging measMET_monoZ_cat4L_sys_btagEventWeightDown
Merging MT_monoZ_cat4L_sys_btagEventWeightDown
Merging measMET_monoZ_catNRB_sys_btagEventWeightDown
Merging MT_monoZ_catNRB_sys_btagEventWeightDown
Merging measMET_monoZ_catTOP_sys_btagEventWeightDown
Merging MT_monoZ_catTOP_sys_btagEventWeightDown
Merging measMET_monoZ_catDY_sys_btagEventWeightDown
Merging MT_monoZ_catDY_sys_btagEventWeightDown
Merging balance_monoZ_sys_btagEventWeightDown
Merging phizmet_monoZ_sys_btagEventWeightDown
Merging njet_monoZ_sys_btagEventWeightDown
Merging measMET_monoZ_catSignal-0jet_sys_QCDScale0wUp
Merging MT_monoZ_catSignal-0jet_sys_QCDScale0wUp
Merging measMET_monoZ_catEM_sys_QCDScale0wUp
Merging MT_monoZ_catEM_sys_QCDScale0wUp
Merging measMET_monoZ_catSignal-1jet_sys_QCDScale0wUp
Merging MT_monoZ_catSignal-1jet_sys_QCDScale0wUp
Merging measMET_monoZ_cat3L_sys_QCDScale0wUp
Merging MT_monoZ_cat3L_sys_QCDScale0wUp
Merging measMET_monoZ_cat4L_sys_QCDScale0wUp
Merging MT_monoZ_cat4L_sys_QCDScale0wUp
Merging measMET_monoZ_catNRB_sys_QCDScale0wUp
Merging MT_monoZ_catNRB_sys_QCDScale0wUp
Merging measMET_monoZ_catTOP_sys_QCDScale0wUp
Merging MT_monoZ_catTOP_sys_QCDScale0wUp
Merging measMET_monoZ_catDY_sys_QCDScale0wUp
Merging MT_monoZ_catDY_sys_QCDScale0wUp
Merging balance_monoZ_sys_QCDScale0wUp
Merging phizmet_monoZ_sys_QCDScale0wUp
Merging njet_monoZ_sys_QCDScale0wUp
Merging measMET_monoZ_catSignal-0jet_sys_QCDScale0wDown
Merging MT_monoZ_catSignal-0jet_sys_QCDScale0wDown
Merging measMET_monoZ_catEM_sys_QCDScale0wDown
Merging MT_monoZ_catEM_sys_QCDScale0wDown
Merging measMET_monoZ_catSignal-1jet_sys_QCDScale0wDown
Merging MT_monoZ_catSignal-1jet_sys_QCDScale0wDown
Merging measMET_monoZ_cat3L_sys_QCDScale0wDown
Merging MT_monoZ_cat3L_sys_QCDScale0wDown
Merging measMET_monoZ_cat4L_sys_QCDScale0wDown
Merging MT_monoZ_cat4L_sys_QCDScale0wDown
Merging measMET_monoZ_catNRB_sys_QCDScale0wDown
Merging MT_monoZ_catNRB_sys_QCDScale0wDown
Merging measMET_monoZ_catTOP_sys_QCDScale0wDown
Merging MT_monoZ_catTOP_sys_QCDScale0wDown
Merging measMET_monoZ_catDY_sys_QCDScale0wDown
Merging MT_monoZ_catDY_sys_QCDScale0wDown
Merging balance_monoZ_sys_QCDScale0wDown
Merging phizmet_monoZ_sys_QCDScale0wDown
Merging njet_monoZ_sys_QCDScale0wDown
Merging measMET_monoZ_catSignal-0jet_sys_QCDScale1wUp
Merging MT_monoZ_catSignal-0jet_sys_QCDScale1wUp
Merging measMET_monoZ_catEM_sys_QCDScale1wUp
Merging MT_monoZ_catEM_sys_QCDScale1wUp
Merging measMET_monoZ_catSignal-1jet_sys_QCDScale1wUp
Merging MT_monoZ_catSignal-1jet_sys_QCDScale1wUp
Merging measMET_monoZ_cat3L_sys_QCDScale1wUp
Merging MT_monoZ_cat3L_sys_QCDScale1wUp
Merging measMET_monoZ_cat4L_sys_QCDScale1wUp
Merging MT_monoZ_cat4L_sys_QCDScale1wUp
Merging measMET_monoZ_catNRB_sys_QCDScale1wUp
Merging MT_monoZ_catNRB_sys_QCDScale1wUp
Merging measMET_monoZ_catTOP_sys_QCDScale1wUp
Merging MT_monoZ_catTOP_sys_QCDScale1wUp
Merging measMET_monoZ_catDY_sys_QCDScale1wUp
Merging MT_monoZ_catDY_sys_QCDScale1wUp
Merging balance_monoZ_sys_QCDScale1wUp
Merging phizmet_monoZ_sys_QCDScale1wUp
Merging njet_monoZ_sys_QCDScale1wUp
Merging measMET_monoZ_catSignal-0jet_sys_QCDScale1wDown
Merging MT_monoZ_catSignal-0jet_sys_QCDScale1wDown
Merging measMET_monoZ_catEM_sys_QCDScale1wDown
Merging MT_monoZ_catEM_sys_QCDScale1wDown
Merging measMET_monoZ_catSignal-1jet_sys_QCDScale1wDown
Merging MT_monoZ_catSignal-1jet_sys_QCDScale1wDown
Merging measMET_monoZ_cat3L_sys_QCDScale1wDown
Merging MT_monoZ_cat3L_sys_QCDScale1wDown
Merging measMET_monoZ_cat4L_sys_QCDScale1wDown
Merging MT_monoZ_cat4L_sys_QCDScale1wDown
Merging measMET_monoZ_catNRB_sys_QCDScale1wDown
Merging MT_monoZ_catNRB_sys_QCDScale1wDown
Merging measMET_monoZ_catTOP_sys_QCDScale1wDown
Merging MT_monoZ_catTOP_sys_QCDScale1wDown
Merging measMET_monoZ_catDY_sys_QCDScale1wDown
Merging MT_monoZ_catDY_sys_QCDScale1wDown
Merging balance_monoZ_sys_QCDScale1wDown
Merging phizmet_monoZ_sys_QCDScale1wDown
Merging njet_monoZ_sys_QCDScale1wDown
Merging measMET_monoZ_catSignal-0jet_sys_QCDScale2wUp
Merging MT_monoZ_catSignal-0jet_sys_QCDScale2wUp
Merging measMET_monoZ_catEM_sys_QCDScale2wUp
Merging MT_monoZ_catEM_sys_QCDScale2wUp
Merging measMET_monoZ_catSignal-1jet_sys_QCDScale2wUp
Merging MT_monoZ_catSignal-1jet_sys_QCDScale2wUp
Merging measMET_monoZ_cat3L_sys_QCDScale2wUp
Merging MT_monoZ_cat3L_sys_QCDScale2wUp
Merging measMET_monoZ_cat4L_sys_QCDScale2wUp
Merging MT_monoZ_cat4L_sys_QCDScale2wUp
Merging measMET_monoZ_catNRB_sys_QCDScale2wUp
Merging MT_monoZ_catNRB_sys_QCDScale2wUp
Merging measMET_monoZ_catTOP_sys_QCDScale2wUp
Merging MT_monoZ_catTOP_sys_QCDScale2wUp
Merging measMET_monoZ_catDY_sys_QCDScale2wUp
Merging MT_monoZ_catDY_sys_QCDScale2wUp
Merging balance_monoZ_sys_QCDScale2wUp
Merging phizmet_monoZ_sys_QCDScale2wUp
Merging njet_monoZ_sys_QCDScale2wUp
Merging measMET_monoZ_catSignal-0jet_sys_QCDScale2wDown
Merging MT_monoZ_catSignal-0jet_sys_QCDScale2wDown
Merging measMET_monoZ_catEM_sys_QCDScale2wDown
Merging MT_monoZ_catEM_sys_QCDScale2wDown
Merging measMET_monoZ_catSignal-1jet_sys_QCDScale2wDown
Merging MT_monoZ_catSignal-1jet_sys_QCDScale2wDown
Merging measMET_monoZ_cat3L_sys_QCDScale2wDown
Merging MT_monoZ_cat3L_sys_QCDScale2wDown
Merging measMET_monoZ_cat4L_sys_QCDScale2wDown
Merging MT_monoZ_cat4L_sys_QCDScale2wDown
Merging measMET_monoZ_catNRB_sys_QCDScale2wDown
Merging MT_monoZ_catNRB_sys_QCDScale2wDown
Merging measMET_monoZ_catTOP_sys_QCDScale2wDown
Merging MT_monoZ_catTOP_sys_QCDScale2wDown
Merging measMET_monoZ_catDY_sys_QCDScale2wDown
Merging MT_monoZ_catDY_sys_QCDScale2wDown
Merging balance_monoZ_sys_QCDScale2wDown
Merging phizmet_monoZ_sys_QCDScale2wDown
Merging njet_monoZ_sys_QCDScale2wDown
Merging Events
Merging Runs
Merging ParameterSets
Merging LuminosityBlocks
Merging MetaData
Merging MT_TTWJetsToLNu_TuneCP5_13TeV-amcatnloFXFX-madspin-pythia8_catDY_sys_PrefireWeightDown
Merging MT_TTWJetsToLNu_TuneCP5_13TeV-amcatnloFXFX-madspin-pythia8_catTOP_sys_QCDScale2wUp
Merging measMET_TTWJetsToLNu_TuneCP5_13TeV-amcatnloFXFX-madspin-pythia8_catEM_sys_QCDScale1wUp
Merging MT_TTWJetsToLNu_TuneCP5_13TeV-amcatnloFXFX-madspin-pythia8_catSignal-1jet_sys_jesTotalDown
Merging measMET_TTWJetsToLNu_TuneCP5_13TeV-amcatnloFXFX-madspin-pythia8_catDY_sys_btagEventWeightDown
Merging MT_TTWJetsToLNu_TuneCP5_13TeV-amcatnloFXFX-madspin-pythia8_catSignal-0jet_sys_MuonSFDown
Merging MT_TTWJetsToLNu_TuneCP5_13TeV-amcatnloFXFX-madspin-pythia8_catSignal-1jet_sys_QCDScale1wDown
Merging MT_TTWJetsToLNu_TuneCP5_13TeV-amcatnloFXFX-madspin-pythia8_cat4L_sys_jerUp
Merging MT_TTWJetsToLNu_TuneCP5_13TeV-amcatnloFXFX-madspin-pythia8_cat3L_sys_ElecronSFDown
Merging measMET_TTWJetsToLNu_TuneCP5_13TeV-amcatnloFXFX-madspin-pythia8_catSignal-1jet_sys_PDFUp
Merging MT_TTWJetsToLNu_TuneCP5_13TeV-amcatnloFXFX-madspin-pythia8_cat3L_sys_ElectronEnUp
Merging MT_TTWJetsToLNu_TuneCP5_13TeV-amcatnloFXFX-madspin-pythia8_catDY_sys_QCDScale2wDown
Merging MT_TTWJetsToLNu_TuneCP5_13TeV-amcatnloFXFX-madspin-pythia8_catTOP_sys_TriggerSFWeightDown
Merging measMET_TTWJetsToLNu_TuneCP5_13TeV-amcatnloFXFX-madspin-pythia8_cat4L_sys_ElectronEnUp
Merging measMET_TTWJetsToLNu_TuneCP5_13TeV-amcatnloFXFX-madspin-pythia8_catSignal-0jet_sys_MuonEnDown
Merging MT_TTWJetsToLNu_TuneCP5_13TeV-amcatnloFXFX-madspin-pythia8_cat3L_sys_jerUp
Merging MT_TTWJetsToLNu_TuneCP5_13TeV-amcatnloFXFX-madspin-pythia8_catNRB_sys_puWeightDown
Merging MT_TTWJetsToLNu_TuneCP5_13TeV-amcatnloFXFX-madspin-pythia8_catSignal-1jet_sys_jerUp
Merging phizmet_TTWJetsToLNu_TuneCP5_13TeV-amcatnloFXFX-madspin-pythia8_sys_TriggerSFWeightDown
Merging MT_TTWJetsToLNu_TuneCP5_13TeV-amcatnloFXFX-madspin-pythia8_cat3L_sys_jesTotalDown
Merging MT_TTWJetsToLNu_TuneCP5_13TeV-amcatnloFXFX-madspin-pythia8_cat3L
Merging measMET_TTWJetsToLNu_TuneCP5_13TeV-amcatnloFXFX-madspin-pythia8_cat3L_sys_PrefireWeightUp
Merging MT_TTWJetsToLNu_TuneCP5_13TeV-amcatnloFXFX-madspin-pythia8_catNRB_sys_ElecronSFDown
Merging measMET_TTWJetsToLNu_TuneCP5_13TeV-amcatnloFXFX-madspin-pythia8_cat3L_sys_jesTotalUp
Merging MT_TTWJetsToLNu_TuneCP5_13TeV-amcatnloFXFX-madspin-pythia8_catTOP_sys_PDFUp
Merging measMET_TTWJetsToLNu_TuneCP5_13TeV-amcatnloFXFX-madspin-pythia8_catNRB_sys_QCDScale0wDown
Merging phizmet_TTWJetsToLNu_TuneCP5_13TeV-amcatnloFXFX-madspin-pythia8_sys_btagEventWeightDown
Merging measMET_TTWJetsToLNu_TuneCP5_13TeV-amcatnloFXFX-madspin-pythia8_catNRB_sys_TriggerSFWeightUp
Merging measMET_TTWJetsToLNu_TuneCP5_13TeV-amcatnloFXFX-madspin-pythia8_catSignal-1jet_sys_puWeightDown
Merging measMET_TTWJetsToLNu_TuneCP5_13TeV-amcatnloFXFX-madspin-pythia8_catTOP_sys_jesTotalUp
Merging measMET_TTWJetsToLNu_TuneCP5_13TeV-amcatnloFXFX-madspin-pythia8_catSignal-0jet_sys_jerUp
Merging measMET_TTWJetsToLNu_TuneCP5_13TeV-amcatnloFXFX-madspin-pythia8_cat4L_sys_EWKUp
Merging MT_TTWJetsToLNu_TuneCP5_13TeV-amcatnloFXFX-madspin-pythia8_catEM_sys_ElectronEnDown
Merging measMET_TTWJetsToLNu_TuneCP5_13TeV-amcatnloFXFX-madspin-pythia8_catSignal-1jet_sys_ElectronEnUp
Merging balance_TTWJetsToLNu_TuneCP5_13TeV-amcatnloFXFX-madspin-pythia8_sys_jerDown
Merging measMET_TTWJetsToLNu_TuneCP5_13TeV-amcatnloFXFX-madspin-pythia8_cat4L_sys_MuonSFDown
Merging MT_TTWJetsToLNu_TuneCP5_13TeV-amcatnloFXFX-madspin-pythia8_cat4L_sys_TriggerSFWeightUp
Merging measMET_TTWJetsToLNu_TuneCP5_13TeV-amcatnloFXFX-madspin-pythia8_catTOP_sys_ElectronEnDown
Merging measMET_TTWJetsToLNu_TuneCP5_13TeV-amcatnloFXFX-madspin-pythia8_catDY_sys_PrefireWeightDown
Merging measMET_TTWJetsToLNu_TuneCP5_13TeV-amcatnloFXFX-madspin-pythia8_cat4L_sys_QCDScale2wUp
Merging MT_TTWJetsToLNu_TuneCP5_13TeV-amcatnloFXFX-madspin-pythia8_cat4L_sys_QCDScale0wDown
Merging measMET_TTWJetsToLNu_TuneCP5_13TeV-amcatnloFXFX-madspin-pythia8_catTOP_sys_PDFUp
Merging measMET_TTWJetsToLNu_TuneCP5_13TeV-amcatnloFXFX-madspin-pythia8_catDY_sys_nvtxWeightDown
Merging measMET_TTWJetsToLNu_TuneCP5_13TeV-amcatnloFXFX-madspin-pythia8_catSignal-0jet_sys_QCDScale2wUp
Merging njet_TTWJetsToLNu_TuneCP5_13TeV-amcatnloFXFX-madspin-pythia8_sys_nvtxWeightUp
Merging MT_TTWJetsToLNu_TuneCP5_13TeV-amcatnloFXFX-madspin-pythia8_catNRB_sys_EWKUp
Merging njet_TTWJetsToLNu_TuneCP5_13TeV-amcatnloFXFX-madspin-pythia8_sys_QCDScale2wUp
Merging MT_TTWJetsToLNu_TuneCP5_13TeV-amcatnloFXFX-madspin-pythia8_catSignal-0jet_sys_jerDown
Merging measMET_TTWJetsToLNu_TuneCP5_13TeV-amcatnloFXFX-madspin-pythia8_catTOP_sys_MuonEnDown
Merging njet_TTWJetsToLNu_TuneCP5_13TeV-amcatnloFXFX-madspin-pythia8_sys_MuonSFUp
Merging measMET_TTWJetsToLNu_TuneCP5_13TeV-amcatnloFXFX-madspin-pythia8_catNRB_sys_PrefireWeightDown
Merging MT_TTWJetsToLNu_TuneCP5_13TeV-amcatnloFXFX-madspin-pythia8_catTOP_sys_ElectronEnUp
Merging phizmet_TTWJetsToLNu_TuneCP5_13TeV-amcatnloFXFX-madspin-pythia8_sys_ElecronSFDown
Merging measMET_TTWJetsToLNu_TuneCP5_13TeV-amcatnloFXFX-madspin-pythia8_catSignal-1jet_sys_nvtxWeightUp
Merging balance_TTWJetsToLNu_TuneCP5_13TeV-amcatnloFXFX-madspin-pythia8_sys_jerUp
Merging MT_TTWJetsToLNu_TuneCP5_13TeV-amcatnloFXFX-madspin-pythia8_catEM_sys_ElecronSFUp
Merging MT_TTWJetsToLNu_TuneCP5_13TeV-amcatnloFXFX-madspin-pythia8_catTOP_sys_jesTotalDown
Merging MT_TTWJetsToLNu_TuneCP5_13TeV-amcatnloFXFX-madspin-pythia8_catTOP_sys_MuonSFUp
Merging measMET_TTWJetsToLNu_TuneCP5_13TeV-amcatnloFXFX-madspin-pythia8_catNRB_sys_PDFDown
Merging MT_TTWJetsToLNu_TuneCP5_13TeV-amcatnloFXFX-madspin-pythia8_catNRB_sys_PDFUp
Merging measMET_TTWJetsToLNu_TuneCP5_13TeV-amcatnloFXFX-madspin-pythia8_cat4L_sys_nvtxWeightUp
Merging MT_TTWJetsToLNu_TuneCP5_13TeV-amcatnloFXFX-madspin-pythia8_catSignal-0jet_sys_EWKDown
Merging MT_TTWJetsToLNu_TuneCP5_13TeV-amcatnloFXFX-madspin-pythia8_catSignal-1jet_sys_ElectronEnDown
Merging measMET_TTWJetsToLNu_TuneCP5_13TeV-amcatnloFXFX-madspin-pythia8_catSignal-0jet_sys_ElectronEnUp
Merging balance_TTWJetsToLNu_TuneCP5_13TeV-amcatnloFXFX-madspin-pythia8_sys_MuonEnDown
Merging measMET_TTWJetsToLNu_TuneCP5_13TeV-amcatnloFXFX-madspin-pythia8_cat3L_sys_TriggerSFWeightDown
Merging MT_TTWJetsToLNu_TuneCP5_13TeV-amcatnloFXFX-madspin-pythia8_catDY_sys_puWeightDown
Merging measMET_TTWJetsToLNu_TuneCP5_13TeV-amcatnloFXFX-madspin-pythia8_catEM
Merging njet_TTWJetsToLNu_TuneCP5_13TeV-amcatnloFXFX-madspin-pythia8_sys_puWeightUp
Merging measMET_TTWJetsToLNu_TuneCP5_13TeV-amcatnloFXFX-madspin-pythia8_cat3L_sys_EWKUp
Merging phizmet_TTWJetsToLNu_TuneCP5_13TeV-amcatnloFXFX-madspin-pythia8_sys_QCDScale0wUp
Merging MT_TTWJetsToLNu_TuneCP5_13TeV-amcatnloFXFX-madspin-pythia8_catNRB_sys_QCDScale1wDown
Merging MT_TTWJetsToLNu_TuneCP5_13TeV-amcatnloFXFX-madspin-pythia8_cat4L_sys_jesTotalUp
Merging measMET_TTWJetsToLNu_TuneCP5_13TeV-amcatnloFXFX-madspin-pythia8_catSignal-1jet_sys_MuonEnUp
Merging measMET_TTWJetsToLNu_TuneCP5_13TeV-amcatnloFXFX-madspin-pythia8_cat4L_sys_PDFUp
Merging measMET_TTWJetsToLNu_TuneCP5_13TeV-amcatnloFXFX-madspin-pythia8_catDY_sys_TriggerSFWeightUp
Merging balance_TTWJetsToLNu_TuneCP5_13TeV-amcatnloFXFX-madspin-pythia8_sys_QCDScale1wDown
Merging MT_TTWJetsToLNu_TuneCP5_13TeV-amcatnloFXFX-madspin-pythia8_cat3L_sys_MuonSFUp
Merging measMET_TTWJetsToLNu_TuneCP5_13TeV-amcatnloFXFX-madspin-pythia8_cat3L_sys_QCDScale1wDown
Merging MT_TTWJetsToLNu_TuneCP5_13TeV-amcatnloFXFX-madspin-pythia8_catNRB_sys_ElecronSFUp
Merging measMET_TTWJetsToLNu_TuneCP5_13TeV-amcatnloFXFX-madspin-pythia8_catEM_sys_QCDScale2wDown
Merging measMET_TTWJetsToLNu_TuneCP5_13TeV-amcatnloFXFX-madspin-pythia8_catSignal-1jet_sys_ElecronSFDown
Merging MT_TTWJetsToLNu_TuneCP5_13TeV-amcatnloFXFX-madspin-pythia8_catSignal-1jet_sys_jesTotalUp
Merging njet_TTWJetsToLNu_TuneCP5_13TeV-amcatnloFXFX-madspin-pythia8
Merging MT_TTWJetsToLNu_TuneCP5_13TeV-amcatnloFXFX-madspin-pythia8_catSignal-1jet_sys_QCDScale0wUp
Merging njet_TTWJetsToLNu_TuneCP5_13TeV-amcatnloFXFX-madspin-pythia8_sys_jesTotalDown
Merging measMET_TTWJetsToLNu_TuneCP5_13TeV-amcatnloFXFX-madspin-pythia8_catTOP_sys_TriggerSFWeightDown
Merging measMET_TTWJetsToLNu_TuneCP5_13TeV-amcatnloFXFX-madspin-pythia8_catDY_sys_QCDScale1wUp
Merging MT_TTWJetsToLNu_TuneCP5_13TeV-amcatnloFXFX-madspin-pythia8_catSignal-0jet_sys_nvtxWeightUp
Merging measMET_TTWJetsToLNu_TuneCP5_13TeV-amcatnloFXFX-madspin-pythia8_cat4L_sys_jerDown
Merging njet_TTWJetsToLNu_TuneCP5_13TeV-amcatnloFXFX-madspin-pythia8_sys_ElecronSFDown
Merging measMET_TTWJetsToLNu_TuneCP5_13TeV-amcatnloFXFX-madspin-pythia8_catSignal-0jet_sys_MuonSFUp
Merging MT_TTWJetsToLNu_TuneCP5_13TeV-amcatnloFXFX-madspin-pythia8_catNRB_sys_QCDScale2wUp
Merging MT_TTWJetsToLNu_TuneCP5_13TeV-amcatnloFXFX-madspin-pythia8_catTOP_sys_ElecronSFDown
Merging njet_TTWJetsToLNu_TuneCP5_13TeV-amcatnloFXFX-madspin-pythia8_sys_EWKDown
Merging measMET_TTWJetsToLNu_TuneCP5_13TeV-amcatnloFXFX-madspin-pythia8_catSignal-0jet_sys_btagEventWeightDown
Merging measMET_TTWJetsToLNu_TuneCP5_13TeV-amcatnloFXFX-madspin-pythia8_catDY_sys_PDFUp
Merging measMET_TTWJetsToLNu_TuneCP5_13TeV-amcatnloFXFX-madspin-pythia8_catTOP_sys_QCDScale1wDown
Merging balance_TTWJetsToLNu_TuneCP5_13TeV-amcatnloFXFX-madspin-pythia8_sys_jesTotalUp
Merging balance_TTWJetsToLNu_TuneCP5_13TeV-amcatnloFXFX-madspin-pythia8_sys_QCDScale0wDown
Merging MT_TTWJetsToLNu_TuneCP5_13TeV-amcatnloFXFX-madspin-pythia8_cat3L_sys_jesTotalUp
Merging measMET_TTWJetsToLNu_TuneCP5_13TeV-amcatnloFXFX-madspin-pythia8_catSignal-1jet_sys_TriggerSFWeightDown
Merging measMET_TTWJetsToLNu_TuneCP5_13TeV-amcatnloFXFX-madspin-pythia8_catEM_sys_jerUp
Merging MT_TTWJetsToLNu_TuneCP5_13TeV-amcatnloFXFX-madspin-pythia8_catSignal-1jet_sys_EWKDown
Merging MT_TTWJetsToLNu_TuneCP5_13TeV-amcatnloFXFX-madspin-pythia8_catSignal-1jet_sys_QCDScale2wDown
Merging MT_TTWJetsToLNu_TuneCP5_13TeV-amcatnloFXFX-madspin-pythia8_catNRB_sys_MuonEnDown
Merging njet_TTWJetsToLNu_TuneCP5_13TeV-amcatnloFXFX-madspin-pythia8_sys_jesTotalUp
Merging measMET_TTWJetsToLNu_TuneCP5_13TeV-amcatnloFXFX-madspin-pythia8_catTOP_sys_QCDScale0wUp
Merging MT_TTWJetsToLNu_TuneCP5_13TeV-amcatnloFXFX-madspin-pythia8_catSignal-0jet_sys_QCDScale0wUp
Merging autoPU
Merging MT_TTWJetsToLNu_TuneCP5_13TeV-amcatnloFXFX-madspin-pythia8_catEM_sys_MuonEnUp
Merging MT_TTWJetsToLNu_TuneCP5_13TeV-amcatnloFXFX-madspin-pythia8_catEM_sys_ElectronEnUp
Merging njet_TTWJetsToLNu_TuneCP5_13TeV-amcatnloFXFX-madspin-pythia8_sys_QCDScale1wDown
Merging MT_TTWJetsToLNu_TuneCP5_13TeV-amcatnloFXFX-madspin-pythia8_catDY_sys_QCDScale1wUp
Merging measMET_TTWJetsToLNu_TuneCP5_13TeV-amcatnloFXFX-madspin-pythia8_catSignal-0jet_sys_puWeightUp
Merging MT_TTWJetsToLNu_TuneCP5_13TeV-amcatnloFXFX-madspin-pythia8_cat4L_sys_nvtxWeightUp
Merging balance_TTWJetsToLNu_TuneCP5_13TeV-amcatnloFXFX-madspin-pythia8_sys_QCDScale0wUp
Merging MT_TTWJetsToLNu_TuneCP5_13TeV-amcatnloFXFX-madspin-pythia8_catTOP_sys_btagEventWeightDown
Merging MT_TTWJetsToLNu_TuneCP5_13TeV-amcatnloFXFX-madspin-pythia8_catDY_sys_PDFDown
Merging phizmet_TTWJetsToLNu_TuneCP5_13TeV-amcatnloFXFX-madspin-pythia8_sys_QCDScale0wDown
Merging measMET_TTWJetsToLNu_TuneCP5_13TeV-amcatnloFXFX-madspin-pythia8_cat4L_sys_QCDScale0wUp
Merging balance_TTWJetsToLNu_TuneCP5_13TeV-amcatnloFXFX-madspin-pythia8_sys_PDFDown
Merging MT_TTWJetsToLNu_TuneCP5_13TeV-amcatnloFXFX-madspin-pythia8_catEM_sys_TriggerSFWeightDown
Merging measMET_TTWJetsToLNu_TuneCP5_13TeV-amcatnloFXFX-madspin-pythia8_cat3L_sys_QCDScale1wUp
Merging MT_TTWJetsToLNu_TuneCP5_13TeV-amcatnloFXFX-madspin-pythia8_catTOP_sys_QCDScale2wDown
Merging MT_TTWJetsToLNu_TuneCP5_13TeV-amcatnloFXFX-madspin-pythia8_cat4L_sys_PrefireWeightUp
Merging MT_TTWJetsToLNu_TuneCP5_13TeV-amcatnloFXFX-madspin-pythia8_catSignal-1jet_sys_nvtxWeightDown
Merging measMET_TTWJetsToLNu_TuneCP5_13TeV-amcatnloFXFX-madspin-pythia8_catEM_sys_EWKDown
Merging MT_TTWJetsToLNu_TuneCP5_13TeV-amcatnloFXFX-madspin-pythia8_catNRB_sys_ElectronEnUp
Merging njet_TTWJetsToLNu_TuneCP5_13TeV-amcatnloFXFX-madspin-pythia8_sys_PrefireWeightDown
Merging MT_TTWJetsToLNu_TuneCP5_13TeV-amcatnloFXFX-madspin-pythia8_cat4L_sys_QCDScale0wUp
Merging measMET_TTWJetsToLNu_TuneCP5_13TeV-amcatnloFXFX-madspin-pythia8_catTOP_sys_puWeightDown
Merging MT_TTWJetsToLNu_TuneCP5_13TeV-amcatnloFXFX-madspin-pythia8_cat3L_sys_PDFUp
Merging measMET_TTWJetsToLNu_TuneCP5_13TeV-amcatnloFXFX-madspin-pythia8_catSignal-0jet_sys_ElecronSFDown
Merging MT_TTWJetsToLNu_TuneCP5_13TeV-amcatnloFXFX-madspin-pythia8_cat4L_sys_QCDScale1wDown
Merging balance_TTWJetsToLNu_TuneCP5_13TeV-amcatnloFXFX-madspin-pythia8_sys_ElectronEnDown
Merging measMET_TTWJetsToLNu_TuneCP5_13TeV-amcatnloFXFX-madspin-pythia8_catDY_sys_TriggerSFWeightDown
Merging measMET_TTWJetsToLNu_TuneCP5_13TeV-amcatnloFXFX-madspin-pythia8_catSignal-1jet_sys_puWeightUp
Merging MT_TTWJetsToLNu_TuneCP5_13TeV-amcatnloFXFX-madspin-pythia8_catSignal-0jet_sys_QCDScale2wUp
Merging MT_TTWJetsToLNu_TuneCP5_13TeV-amcatnloFXFX-madspin-pythia8_catSignal-0jet_sys_jerUp
Merging measMET_TTWJetsToLNu_TuneCP5_13TeV-amcatnloFXFX-madspin-pythia8_catSignal-0jet_sys_ElecronSFUp
Merging balance_TTWJetsToLNu_TuneCP5_13TeV-amcatnloFXFX-madspin-pythia8_sys_nvtxWeightUp
Merging measMET_TTWJetsToLNu_TuneCP5_13TeV-amcatnloFXFX-madspin-pythia8_catEM_sys_PrefireWeightUp
Merging MT_TTWJetsToLNu_TuneCP5_13TeV-amcatnloFXFX-madspin-pythia8_cat4L_sys_ElecronSFDown
Merging measMET_TTWJetsToLNu_TuneCP5_13TeV-amcatnloFXFX-madspin-pythia8_cat4L_sys_TriggerSFWeightUp
Merging MT_TTWJetsToLNu_TuneCP5_13TeV-amcatnloFXFX-madspin-pythia8_catTOP_sys_MuonSFDown
Merging MT_TTWJetsToLNu_TuneCP5_13TeV-amcatnloFXFX-madspin-pythia8_cat3L_sys_btagEventWeightDown
Merging MT_TTWJetsToLNu_TuneCP5_13TeV-amcatnloFXFX-madspin-pythia8_cat3L_sys_MuonSFDown
Merging MT_TTWJetsToLNu_TuneCP5_13TeV-amcatnloFXFX-madspin-pythia8_catTOP_sys_ElectronEnDown
Merging MT_TTWJetsToLNu_TuneCP5_13TeV-amcatnloFXFX-madspin-pythia8_cat4L_sys_btagEventWeightDown
Merging njet_TTWJetsToLNu_TuneCP5_13TeV-amcatnloFXFX-madspin-pythia8_sys_TriggerSFWeightDown
Merging measMET_TTWJetsToLNu_TuneCP5_13TeV-amcatnloFXFX-madspin-pythia8_catEM_sys_ElectronEnDown
Merging MT_TTWJetsToLNu_TuneCP5_13TeV-amcatnloFXFX-madspin-pythia8_catTOP_sys_PrefireWeightDown
Merging MT_TTWJetsToLNu_TuneCP5_13TeV-amcatnloFXFX-madspin-pythia8_catSignal-0jet_sys_jesTotalUp
Merging MT_TTWJetsToLNu_TuneCP5_13TeV-amcatnloFXFX-madspin-pythia8_catEM_sys_nvtxWeightDown
Merging measMET_TTWJetsToLNu_TuneCP5_13TeV-amcatnloFXFX-madspin-pythia8_catNRB_sys_QCDScale0wUp
Merging measMET_TTWJetsToLNu_TuneCP5_13TeV-amcatnloFXFX-madspin-pythia8_catNRB_sys_MuonEnUp
Merging measMET_TTWJetsToLNu_TuneCP5_13TeV-amcatnloFXFX-madspin-pythia8_catEM_sys_PrefireWeightDown
Merging measMET_TTWJetsToLNu_TuneCP5_13TeV-amcatnloFXFX-madspin-pythia8_catTOP_sys_MuonSFDown
Merging measMET_TTWJetsToLNu_TuneCP5_13TeV-amcatnloFXFX-madspin-pythia8_catDY_sys_PrefireWeightUp
Merging MT_TTWJetsToLNu_TuneCP5_13TeV-amcatnloFXFX-madspin-pythia8_cat3L_sys_PDFDown
Merging MT_TTWJetsToLNu_TuneCP5_13TeV-amcatnloFXFX-madspin-pythia8_catDY_sys_ElecronSFUp
Merging measMET_TTWJetsToLNu_TuneCP5_13TeV-amcatnloFXFX-madspin-pythia8_cat4L_sys_MuonSFUp
Merging phizmet_TTWJetsToLNu_TuneCP5_13TeV-amcatnloFXFX-madspin-pythia8_sys_jerDown
Merging MT_TTWJetsToLNu_TuneCP5_13TeV-amcatnloFXFX-madspin-pythia8_catEM
Merging measMET_TTWJetsToLNu_TuneCP5_13TeV-amcatnloFXFX-madspin-pythia8_catEM_sys_puWeightDown
Merging measMET_TTWJetsToLNu_TuneCP5_13TeV-amcatnloFXFX-madspin-pythia8_catSignal-1jet_sys_PrefireWeightDown
Merging measMET_TTWJetsToLNu_TuneCP5_13TeV-amcatnloFXFX-madspin-pythia8_catSignal-1jet_sys_PDFDown
Merging balance_TTWJetsToLNu_TuneCP5_13TeV-amcatnloFXFX-madspin-pythia8_sys_ElecronSFUp
Merging measMET_TTWJetsToLNu_TuneCP5_13TeV-amcatnloFXFX-madspin-pythia8_catDY_sys_QCDScale0wDown
Merging measMET_TTWJetsToLNu_TuneCP5_13TeV-amcatnloFXFX-madspin-pythia8_catDY_sys_QCDScale2wDown
Merging measMET_TTWJetsToLNu_TuneCP5_13TeV-amcatnloFXFX-madspin-pythia8_catTOP_sys_ElecronSFUp
Merging measMET_TTWJetsToLNu_TuneCP5_13TeV-amcatnloFXFX-madspin-pythia8_catSignal-1jet_sys_QCDScale0wDown
Merging balance_TTWJetsToLNu_TuneCP5_13TeV-amcatnloFXFX-madspin-pythia8_sys_MuonSFDown
Merging njet_TTWJetsToLNu_TuneCP5_13TeV-amcatnloFXFX-madspin-pythia8_sys_jerDown
Merging MT_TTWJetsToLNu_TuneCP5_13TeV-amcatnloFXFX-madspin-pythia8_cat4L_sys_PDFUp
Merging measMET_TTWJetsToLNu_TuneCP5_13TeV-amcatnloFXFX-madspin-pythia8_catNRB_sys_jesTotalUp
Merging MT_TTWJetsToLNu_TuneCP5_13TeV-amcatnloFXFX-madspin-pythia8_cat3L_sys_EWKUp
Merging measMET_TTWJetsToLNu_TuneCP5_13TeV-amcatnloFXFX-madspin-pythia8_catSignal-0jet_sys_PrefireWeightDown
Merging measMET_TTWJetsToLNu_TuneCP5_13TeV-amcatnloFXFX-madspin-pythia8_catNRB_sys_ElectronEnDown
Merging MT_TTWJetsToLNu_TuneCP5_13TeV-amcatnloFXFX-madspin-pythia8_catSignal-0jet_sys_EWKUp
Merging MT_TTWJetsToLNu_TuneCP5_13TeV-amcatnloFXFX-madspin-pythia8_catDY_sys_MuonEnDown
Merging measMET_TTWJetsToLNu_TuneCP5_13TeV-amcatnloFXFX-madspin-pythia8_catDY_sys_jerUp
Merging measMET_TTWJetsToLNu_TuneCP5_13TeV-amcatnloFXFX-madspin-pythia8_catNRB_sys_jerDown
Merging measMET_TTWJetsToLNu_TuneCP5_13TeV-amcatnloFXFX-madspin-pythia8_catNRB_sys_EWKUp
Merging measMET_TTWJetsToLNu_TuneCP5_13TeV-amcatnloFXFX-madspin-pythia8_catNRB_sys_PrefireWeightUp
Merging phizmet_TTWJetsToLNu_TuneCP5_13TeV-amcatnloFXFX-madspin-pythia8_sys_MuonSFDown
Merging measMET_TTWJetsToLNu_TuneCP5_13TeV-amcatnloFXFX-madspin-pythia8_catSignal-0jet_sys_EWKDown
Merging measMET_TTWJetsToLNu_TuneCP5_13TeV-amcatnloFXFX-madspin-pythia8_cat3L_sys_MuonEnDown
Merging MT_TTWJetsToLNu_TuneCP5_13TeV-amcatnloFXFX-madspin-pythia8_cat3L_sys_puWeightDown
Merging MT_TTWJetsToLNu_TuneCP5_13TeV-amcatnloFXFX-madspin-pythia8_cat4L_sys_jerDown
Merging balance_TTWJetsToLNu_TuneCP5_13TeV-amcatnloFXFX-madspin-pythia8_sys_PrefireWeightDown
Merging njet_TTWJetsToLNu_TuneCP5_13TeV-amcatnloFXFX-madspin-pythia8_sys_TriggerSFWeightUp
Merging MT_TTWJetsToLNu_TuneCP5_13TeV-amcatnloFXFX-madspin-pythia8_catTOP
Merging measMET_TTWJetsToLNu_TuneCP5_13TeV-amcatnloFXFX-madspin-pythia8_cat4L_sys_QCDScale0wDown
Merging MT_TTWJetsToLNu_TuneCP5_13TeV-amcatnloFXFX-madspin-pythia8_cat4L
Merging measMET_TTWJetsToLNu_TuneCP5_13TeV-amcatnloFXFX-madspin-pythia8_cat4L_sys_PrefireWeightUp
Merging MT_TTWJetsToLNu_TuneCP5_13TeV-amcatnloFXFX-madspin-pythia8_cat3L_sys_ElecronSFUp
Merging measMET_TTWJetsToLNu_TuneCP5_13TeV-amcatnloFXFX-madspin-pythia8_catDY_sys_ElecronSFUp
Merging measMET_TTWJetsToLNu_TuneCP5_13TeV-amcatnloFXFX-madspin-pythia8_catSignal-0jet_sys_QCDScale0wDown
Merging measMET_TTWJetsToLNu_TuneCP5_13TeV-amcatnloFXFX-madspin-pythia8_catSignal-0jet_sys_jesTotalUp
Merging MT_TTWJetsToLNu_TuneCP5_13TeV-amcatnloFXFX-madspin-pythia8_cat4L_sys_jesTotalDown
Merging MT_TTWJetsToLNu_TuneCP5_13TeV-amcatnloFXFX-madspin-pythia8_catEM_sys_QCDScale0wDown
Merging phizmet_TTWJetsToLNu_TuneCP5_13TeV-amcatnloFXFX-madspin-pythia8_sys_PrefireWeightDown
Merging measMET_TTWJetsToLNu_TuneCP5_13TeV-amcatnloFXFX-madspin-pythia8_catNRB_sys_ElecronSFDown
Merging measMET_TTWJetsToLNu_TuneCP5_13TeV-amcatnloFXFX-madspin-pythia8_catEM_sys_PDFUp
Merging MT_TTWJetsToLNu_TuneCP5_13TeV-amcatnloFXFX-madspin-pythia8_catEM_sys_jesTotalDown
Merging measMET_TTWJetsToLNu_TuneCP5_13TeV-amcatnloFXFX-madspin-pythia8_catSignal-1jet_sys_MuonSFDown
Merging measMET_TTWJetsToLNu_TuneCP5_13TeV-amcatnloFXFX-madspin-pythia8_catSignal-0jet_sys_EWKUp
Merging measMET_TTWJetsToLNu_TuneCP5_13TeV-amcatnloFXFX-madspin-pythia8_catTOP_sys_ElecronSFDown
Merging njet_TTWJetsToLNu_TuneCP5_13TeV-amcatnloFXFX-madspin-pythia8_sys_QCDScale2wDown
Merging measMET_TTWJetsToLNu_TuneCP5_13TeV-amcatnloFXFX-madspin-pythia8_catNRB_sys_jerUp
Merging MT_TTWJetsToLNu_TuneCP5_13TeV-amcatnloFXFX-madspin-pythia8_cat3L_sys_ElectronEnDown
Merging MT_TTWJetsToLNu_TuneCP5_13TeV-amcatnloFXFX-madspin-pythia8_cat4L_sys_puWeightDown
Merging MT_TTWJetsToLNu_TuneCP5_13TeV-amcatnloFXFX-madspin-pythia8_catEM_sys_TriggerSFWeightUp
Merging measMET_TTWJetsToLNu_TuneCP5_13TeV-amcatnloFXFX-madspin-pythia8_catSignal-1jet_sys_EWKDown
Merging phizmet_TTWJetsToLNu_TuneCP5_13TeV-amcatnloFXFX-madspin-pythia8_sys_ElecronSFUp
Merging phizmet_TTWJetsToLNu_TuneCP5_13TeV-amcatnloFXFX-madspin-pythia8_sys_nvtxWeightDown
Merging measMET_TTWJetsToLNu_TuneCP5_13TeV-amcatnloFXFX-madspin-pythia8_catEM_sys_nvtxWeightUp
Merging measMET_TTWJetsToLNu_TuneCP5_13TeV-amcatnloFXFX-madspin-pythia8_catSignal-0jet_sys_QCDScale1wUp
Merging measMET_TTWJetsToLNu_TuneCP5_13TeV-amcatnloFXFX-madspin-pythia8_catTOP_sys_MuonEnUp
Merging MT_TTWJetsToLNu_TuneCP5_13TeV-amcatnloFXFX-madspin-pythia8_cat4L_sys_MuonEnUp
Merging phizmet_TTWJetsToLNu_TuneCP5_13TeV-amcatnloFXFX-madspin-pythia8_sys_EWKUp
Merging MT_TTWJetsToLNu_TuneCP5_13TeV-amcatnloFXFX-madspin-pythia8_cat3L_sys_btagEventWeightUp
Merging measMET_TTWJetsToLNu_TuneCP5_13TeV-amcatnloFXFX-madspin-pythia8_catEM_sys_QCDScale2wUp
Merging measMET_TTWJetsToLNu_TuneCP5_13TeV-amcatnloFXFX-madspin-pythia8_cat3L_sys_PDFDown
Merging MT_TTWJetsToLNu_TuneCP5_13TeV-amcatnloFXFX-madspin-pythia8_catSignal-0jet_sys_nvtxWeightDown
Merging MT_TTWJetsToLNu_TuneCP5_13TeV-amcatnloFXFX-madspin-pythia8_cat4L_sys_TriggerSFWeightDown
Merging measMET_TTWJetsToLNu_TuneCP5_13TeV-amcatnloFXFX-madspin-pythia8_catSignal-0jet_sys_jerDown
Merging MT_TTWJetsToLNu_TuneCP5_13TeV-amcatnloFXFX-madspin-pythia8_cat4L_sys_EWKDown
Merging measMET_TTWJetsToLNu_TuneCP5_13TeV-amcatnloFXFX-madspin-pythia8_catDY_sys_ElecronSFDown
Merging MT_TTWJetsToLNu_TuneCP5_13TeV-amcatnloFXFX-madspin-pythia8_catSignal-1jet_sys_MuonSFDown
Merging MT_TTWJetsToLNu_TuneCP5_13TeV-amcatnloFXFX-madspin-pythia8_cat4L_sys_QCDScale2wDown
Merging MT_TTWJetsToLNu_TuneCP5_13TeV-amcatnloFXFX-madspin-pythia8_catSignal-0jet_sys_PDFDown
Merging MT_TTWJetsToLNu_TuneCP5_13TeV-amcatnloFXFX-madspin-pythia8_catNRB_sys_PrefireWeightDown
Merging MT_TTWJetsToLNu_TuneCP5_13TeV-amcatnloFXFX-madspin-pythia8_cat4L_sys_puWeightUp
Merging MT_TTWJetsToLNu_TuneCP5_13TeV-amcatnloFXFX-madspin-pythia8_cat3L_sys_QCDScale1wUp
Merging MT_TTWJetsToLNu_TuneCP5_13TeV-amcatnloFXFX-madspin-pythia8_catEM_sys_PDFUp
Merging balance_TTWJetsToLNu_TuneCP5_13TeV-amcatnloFXFX-madspin-pythia8_sys_btagEventWeightDown
Merging phizmet_TTWJetsToLNu_TuneCP5_13TeV-amcatnloFXFX-madspin-pythia8_sys_QCDScale2wDown
Merging njet_TTWJetsToLNu_TuneCP5_13TeV-amcatnloFXFX-madspin-pythia8_sys_jerUp
Merging MT_TTWJetsToLNu_TuneCP5_13TeV-amcatnloFXFX-madspin-pythia8_catSignal-0jet_sys_MuonEnDown
Merging measMET_TTWJetsToLNu_TuneCP5_13TeV-amcatnloFXFX-madspin-pythia8_cat3L
Merging measMET_TTWJetsToLNu_TuneCP5_13TeV-amcatnloFXFX-madspin-pythia8_catEM_sys_jesTotalDown
Merging measMET_TTWJetsToLNu_TuneCP5_13TeV-amcatnloFXFX-madspin-pythia8_catDY_sys_MuonSFDown
Merging measMET_TTWJetsToLNu_TuneCP5_13TeV-amcatnloFXFX-madspin-pythia8_catTOP_sys_nvtxWeightDown
Merging MT_TTWJetsToLNu_TuneCP5_13TeV-amcatnloFXFX-madspin-pythia8_catSignal-1jet_sys_nvtxWeightUp
Merging balance_TTWJetsToLNu_TuneCP5_13TeV-amcatnloFXFX-madspin-pythia8_sys_MuonSFUp
Merging phizmet_TTWJetsToLNu_TuneCP5_13TeV-amcatnloFXFX-madspin-pythia8_sys_puWeightDown
Merging MT_TTWJetsToLNu_TuneCP5_13TeV-amcatnloFXFX-madspin-pythia8_catDY_sys_QCDScale2wUp
Merging measMET_TTWJetsToLNu_TuneCP5_13TeV-amcatnloFXFX-madspin-pythia8_cat3L_sys_jerUp
Merging MT_TTWJetsToLNu_TuneCP5_13TeV-amcatnloFXFX-madspin-pythia8_catEM_sys_MuonSFUp
Merging measMET_TTWJetsToLNu_TuneCP5_13TeV-amcatnloFXFX-madspin-pythia8_catSignal-1jet_sys_MuonSFUp
Merging measMET_TTWJetsToLNu_TuneCP5_13TeV-amcatnloFXFX-madspin-pythia8_catDY
Merging MT_TTWJetsToLNu_TuneCP5_13TeV-amcatnloFXFX-madspin-pythia8_catEM_sys_PrefireWeightDown
Merging MT_TTWJetsToLNu_TuneCP5_13TeV-amcatnloFXFX-madspin-pythia8_catDY_sys_MuonEnUp
Merging measMET_TTWJetsToLNu_TuneCP5_13TeV-amcatnloFXFX-madspin-pythia8_catSignal-1jet_sys_MuonEnDown
Merging measMET_TTWJetsToLNu_TuneCP5_13TeV-amcatnloFXFX-madspin-pythia8_catSignal-0jet_sys_btagEventWeightUp
Merging measMET_TTWJetsToLNu_TuneCP5_13TeV-amcatnloFXFX-madspin-pythia8_catNRB_sys_nvtxWeightUp
Merging MT_TTWJetsToLNu_TuneCP5_13TeV-amcatnloFXFX-madspin-pythia8_catSignal-0jet_sys_ElecronSFUp
Merging balance_TTWJetsToLNu_TuneCP5_13TeV-amcatnloFXFX-madspin-pythia8_sys_QCDScale2wDown
Merging measMET_TTWJetsToLNu_TuneCP5_13TeV-amcatnloFXFX-madspin-pythia8_catTOP_sys_puWeightUp
Merging measMET_TTWJetsToLNu_TuneCP5_13TeV-amcatnloFXFX-madspin-pythia8_catSignal-1jet_sys_EWKUp
Merging measMET_TTWJetsToLNu_TuneCP5_13TeV-amcatnloFXFX-madspin-pythia8_catSignal-1jet_sys_PrefireWeightUp
Merging MT_TTWJetsToLNu_TuneCP5_13TeV-amcatnloFXFX-madspin-pythia8_catSignal-0jet_sys_btagEventWeightDown
Merging MT_TTWJetsToLNu_TuneCP5_13TeV-amcatnloFXFX-madspin-pythia8_catEM_sys_puWeightUp
Merging MT_TTWJetsToLNu_TuneCP5_13TeV-amcatnloFXFX-madspin-pythia8_catNRB_sys_TriggerSFWeightDown
Merging phizmet_TTWJetsToLNu_TuneCP5_13TeV-amcatnloFXFX-madspin-pythia8_sys_btagEventWeightUp
Merging measMET_TTWJetsToLNu_TuneCP5_13TeV-amcatnloFXFX-madspin-pythia8_catNRB_sys_puWeightDown
Merging MT_TTWJetsToLNu_TuneCP5_13TeV-amcatnloFXFX-madspin-pythia8_catTOP_sys_MuonEnUp
Merging measMET_TTWJetsToLNu_TuneCP5_13TeV-amcatnloFXFX-madspin-pythia8_catTOP_sys_QCDScale2wDown
Merging phizmet_TTWJetsToLNu_TuneCP5_13TeV-amcatnloFXFX-madspin-pythia8_sys_PDFDown
Merging MT_TTWJetsToLNu_TuneCP5_13TeV-amcatnloFXFX-madspin-pythia8_catSignal-1jet_sys_PDFUp
Merging measMET_TTWJetsToLNu_TuneCP5_13TeV-amcatnloFXFX-madspin-pythia8_catSignal-1jet
Merging MT_TTWJetsToLNu_TuneCP5_13TeV-amcatnloFXFX-madspin-pythia8_catSignal-0jet_sys_PDFUp
Merging MT_TTWJetsToLNu_TuneCP5_13TeV-amcatnloFXFX-madspin-pythia8_catNRB_sys_QCDScale0wUp
Merging measMET_TTWJetsToLNu_TuneCP5_13TeV-amcatnloFXFX-madspin-pythia8_catTOP_sys_EWKUp
Merging measMET_TTWJetsToLNu_TuneCP5_13TeV-amcatnloFXFX-madspin-pythia8_catDY_sys_QCDScale0wUp
Merging MT_TTWJetsToLNu_TuneCP5_13TeV-amcatnloFXFX-madspin-pythia8_catTOP_sys_PDFDown
Merging measMET_TTWJetsToLNu_TuneCP5_13TeV-amcatnloFXFX-madspin-pythia8_catDY_sys_MuonEnDown
Merging phizmet_TTWJetsToLNu_TuneCP5_13TeV-amcatnloFXFX-madspin-pythia8_sys_EWKDown
Merging MT_TTWJetsToLNu_TuneCP5_13TeV-amcatnloFXFX-madspin-pythia8_catNRB_sys_puWeightUp
Merging MT_TTWJetsToLNu_TuneCP5_13TeV-amcatnloFXFX-madspin-pythia8_catDY_sys_btagEventWeightUp
Merging MT_TTWJetsToLNu_TuneCP5_13TeV-amcatnloFXFX-madspin-pythia8_catNRB_sys_MuonSFUp
Merging measMET_TTWJetsToLNu_TuneCP5_13TeV-amcatnloFXFX-madspin-pythia8_catTOP_sys_QCDScale2wUp
Merging measMET_TTWJetsToLNu_TuneCP5_13TeV-amcatnloFXFX-madspin-pythia8_catEM_sys_nvtxWeightDown
Merging measMET_TTWJetsToLNu_TuneCP5_13TeV-amcatnloFXFX-madspin-pythia8_catSignal-0jet_sys_jesTotalDown
Merging balance_TTWJetsToLNu_TuneCP5_13TeV-amcatnloFXFX-madspin-pythia8_sys_QCDScale1wUp
Merging njet_TTWJetsToLNu_TuneCP5_13TeV-amcatnloFXFX-madspin-pythia8_sys_EWKUp
Merging MT_TTWJetsToLNu_TuneCP5_13TeV-amcatnloFXFX-madspin-pythia8_catSignal-1jet_sys_TriggerSFWeightDown
Merging MT_TTWJetsToLNu_TuneCP5_13TeV-amcatnloFXFX-madspin-pythia8_catSignal-1jet_sys_QCDScale0wDown
Merging njet_TTWJetsToLNu_TuneCP5_13TeV-amcatnloFXFX-madspin-pythia8_sys_MuonSFDown
Merging MT_TTWJetsToLNu_TuneCP5_13TeV-amcatnloFXFX-madspin-pythia8_cat4L_sys_QCDScale1wUp
Merging MT_TTWJetsToLNu_TuneCP5_13TeV-amcatnloFXFX-madspin-pythia8_catEM_sys_btagEventWeightUp
Merging MT_TTWJetsToLNu_TuneCP5_13TeV-amcatnloFXFX-madspin-pythia8_catDY_sys_ElecronSFDown
Merging measMET_TTWJetsToLNu_TuneCP5_13TeV-amcatnloFXFX-madspin-pythia8_catEM_sys_QCDScale0wUp
Merging MT_TTWJetsToLNu_TuneCP5_13TeV-amcatnloFXFX-madspin-pythia8_catTOP_sys_PrefireWeightUp
Merging MT_TTWJetsToLNu_TuneCP5_13TeV-amcatnloFXFX-madspin-pythia8_catSignal-0jet_sys_TriggerSFWeightUp
Merging measMET_TTWJetsToLNu_TuneCP5_13TeV-amcatnloFXFX-madspin-pythia8_catSignal-0jet_sys_MuonSFDown
Merging measMET_TTWJetsToLNu_TuneCP5_13TeV-amcatnloFXFX-madspin-pythia8_cat3L_sys_MuonSFDown
Merging MT_TTWJetsToLNu_TuneCP5_13TeV-amcatnloFXFX-madspin-pythia8_catEM_sys_QCDScale2wUp
Merging MT_TTWJetsToLNu_TuneCP5_13TeV-amcatnloFXFX-madspin-pythia8_catEM_sys_puWeightDown
Merging measMET_TTWJetsToLNu_TuneCP5_13TeV-amcatnloFXFX-madspin-pythia8_catDY_sys_MuonSFUp
Merging measMET_TTWJetsToLNu_TuneCP5_13TeV-amcatnloFXFX-madspin-pythia8_cat3L_sys_PrefireWeightDown
Merging MT_TTWJetsToLNu_TuneCP5_13TeV-amcatnloFXFX-madspin-pythia8_catEM_sys_ElecronSFDown
Merging MT_TTWJetsToLNu_TuneCP5_13TeV-amcatnloFXFX-madspin-pythia8_catEM_sys_QCDScale0wUp
Merging MT_TTWJetsToLNu_TuneCP5_13TeV-amcatnloFXFX-madspin-pythia8_catEM_sys_btagEventWeightDown
Merging MT_TTWJetsToLNu_TuneCP5_13TeV-amcatnloFXFX-madspin-pythia8_catSignal-1jet_sys_PrefireWeightDown
Merging MT_TTWJetsToLNu_TuneCP5_13TeV-amcatnloFXFX-madspin-pythia8_catSignal-1jet_sys_QCDScale2wUp
Merging measMET_TTWJetsToLNu_TuneCP5_13TeV-amcatnloFXFX-madspin-pythia8_catNRB_sys_nvtxWeightDown
Merging MT_TTWJetsToLNu_TuneCP5_13TeV-amcatnloFXFX-madspin-pythia8_catEM_sys_EWKUp
Merging MT_TTWJetsToLNu_TuneCP5_13TeV-amcatnloFXFX-madspin-pythia8_cat4L_sys_EWKUp
Merging MT_TTWJetsToLNu_TuneCP5_13TeV-amcatnloFXFX-madspin-pythia8_catSignal-1jet_sys_EWKUp
Merging phizmet_TTWJetsToLNu_TuneCP5_13TeV-amcatnloFXFX-madspin-pythia8_sys_TriggerSFWeightUp
Merging measMET_TTWJetsToLNu_TuneCP5_13TeV-amcatnloFXFX-madspin-pythia8_cat3L_sys_jerDown
Merging balance_TTWJetsToLNu_TuneCP5_13TeV-amcatnloFXFX-madspin-pythia8_sys_btagEventWeightUp
Merging MT_TTWJetsToLNu_TuneCP5_13TeV-amcatnloFXFX-madspin-pythia8_catDY_sys_jesTotalUp
Merging MT_TTWJetsToLNu_TuneCP5_13TeV-amcatnloFXFX-madspin-pythia8_catSignal-0jet
Merging njet_TTWJetsToLNu_TuneCP5_13TeV-amcatnloFXFX-madspin-pythia8_sys_QCDScale1wUp
Merging measMET_TTWJetsToLNu_TuneCP5_13TeV-amcatnloFXFX-madspin-pythia8_catEM_sys_btagEventWeightDown
Merging measMET_TTWJetsToLNu_TuneCP5_13TeV-amcatnloFXFX-madspin-pythia8_catEM_sys_MuonEnDown
Merging measMET_TTWJetsToLNu_TuneCP5_13TeV-amcatnloFXFX-madspin-pythia8_catSignal-0jet_sys_QCDScale1wDown
Merging MT_TTWJetsToLNu_TuneCP5_13TeV-amcatnloFXFX-madspin-pythia8_cat3L_sys_TriggerSFWeightUp
Merging MT_TTWJetsToLNu_TuneCP5_13TeV-amcatnloFXFX-madspin-pythia8_catSignal-0jet_sys_QCDScale2wDown
Merging measMET_TTWJetsToLNu_TuneCP5_13TeV-amcatnloFXFX-madspin-pythia8_catEM_sys_MuonSFDown
Merging MT_TTWJetsToLNu_TuneCP5_13TeV-amcatnloFXFX-madspin-pythia8_catTOP_sys_QCDScale1wUp
Merging measMET_TTWJetsToLNu_TuneCP5_13TeV-amcatnloFXFX-madspin-pythia8_cat4L_sys_btagEventWeightUp
Merging phizmet_TTWJetsToLNu_TuneCP5_13TeV-amcatnloFXFX-madspin-pythia8_sys_jesTotalUp
Merging measMET_TTWJetsToLNu_TuneCP5_13TeV-amcatnloFXFX-madspin-pythia8_catNRB_sys_QCDScale2wDown
Merging phizmet_TTWJetsToLNu_TuneCP5_13TeV-amcatnloFXFX-madspin-pythia8_sys_PrefireWeightUp
Merging balance_TTWJetsToLNu_TuneCP5_13TeV-amcatnloFXFX-madspin-pythia8_sys_TriggerSFWeightUp
Merging MT_TTWJetsToLNu_TuneCP5_13TeV-amcatnloFXFX-madspin-pythia8_catTOP_sys_nvtxWeightUp
Merging njet_TTWJetsToLNu_TuneCP5_13TeV-amcatnloFXFX-madspin-pythia8_sys_btagEventWeightDown
Merging MT_TTWJetsToLNu_TuneCP5_13TeV-amcatnloFXFX-madspin-pythia8_catTOP_sys_nvtxWeightDown
Merging MT_TTWJetsToLNu_TuneCP5_13TeV-amcatnloFXFX-madspin-pythia8_catSignal-1jet_sys_MuonEnDown
Merging balance_TTWJetsToLNu_TuneCP5_13TeV-amcatnloFXFX-madspin-pythia8_sys_ElecronSFDown
Merging measMET_TTWJetsToLNu_TuneCP5_13TeV-amcatnloFXFX-madspin-pythia8_catSignal-1jet_sys_QCDScale2wUp
Merging MT_TTWJetsToLNu_TuneCP5_13TeV-amcatnloFXFX-madspin-pythia8_catDY_sys_PrefireWeightUp
Merging MT_TTWJetsToLNu_TuneCP5_13TeV-amcatnloFXFX-madspin-pythia8_catEM_sys_PrefireWeightUp
Merging untagged
Merging njet_TTWJetsToLNu_TuneCP5_13TeV-amcatnloFXFX-madspin-pythia8_sys_ElecronSFUp
Merging measMET_TTWJetsToLNu_TuneCP5_13TeV-amcatnloFXFX-madspin-pythia8_catDY_sys_QCDScale2wUp
Merging MT_TTWJetsToLNu_TuneCP5_13TeV-amcatnloFXFX-madspin-pythia8_cat3L_sys_puWeightUp
Merging MT_TTWJetsToLNu_TuneCP5_13TeV-amcatnloFXFX-madspin-pythia8_cat3L_sys_EWKDown
Merging measMET_TTWJetsToLNu_TuneCP5_13TeV-amcatnloFXFX-madspin-pythia8_catSignal-1jet_sys_btagEventWeightDown
Merging measMET_TTWJetsToLNu_TuneCP5_13TeV-amcatnloFXFX-madspin-pythia8_catNRB_sys_QCDScale2wUp
Merging measMET_TTWJetsToLNu_TuneCP5_13TeV-amcatnloFXFX-madspin-pythia8_cat4L_sys_ElecronSFUp
Merging measMET_TTWJetsToLNu_TuneCP5_13TeV-amcatnloFXFX-madspin-pythia8_cat3L_sys_MuonEnUp
Merging measMET_TTWJetsToLNu_TuneCP5_13TeV-amcatnloFXFX-madspin-pythia8_catEM_sys_ElecronSFUp
Merging MT_TTWJetsToLNu_TuneCP5_13TeV-amcatnloFXFX-madspin-pythia8_cat4L_sys_ElectronEnDown
Merging measMET_TTWJetsToLNu_TuneCP5_13TeV-amcatnloFXFX-madspin-pythia8_cat4L_sys_jesTotalUp
Merging phizmet_TTWJetsToLNu_TuneCP5_13TeV-amcatnloFXFX-madspin-pythia8_sys_PDFUp
Merging MT_TTWJetsToLNu_TuneCP5_13TeV-amcatnloFXFX-madspin-pythia8_catDY_sys_MuonSFDown
Merging measMET_TTWJetsToLNu_TuneCP5_13TeV-amcatnloFXFX-madspin-pythia8_cat4L_sys_puWeightDown
Merging phizmet_TTWJetsToLNu_TuneCP5_13TeV-amcatnloFXFX-madspin-pythia8_sys_MuonEnUp
Merging MT_TTWJetsToLNu_TuneCP5_13TeV-amcatnloFXFX-madspin-pythia8_catNRB_sys_QCDScale2wDown
Merging measMET_TTWJetsToLNu_TuneCP5_13TeV-amcatnloFXFX-madspin-pythia8_catDY_sys_ElectronEnUp
Merging MT_TTWJetsToLNu_TuneCP5_13TeV-amcatnloFXFX-madspin-pythia8_catTOP_sys_QCDScale1wDown
Merging measMET_TTWJetsToLNu_TuneCP5_13TeV-amcatnloFXFX-madspin-pythia8_cat4L_sys_EWKDown
Merging njet_TTWJetsToLNu_TuneCP5_13TeV-amcatnloFXFX-madspin-pythia8_sys_puWeightDown
Merging measMET_TTWJetsToLNu_TuneCP5_13TeV-amcatnloFXFX-madspin-pythia8_cat3L_sys_ElectronEnUp
Merging measMET_TTWJetsToLNu_TuneCP5_13TeV-amcatnloFXFX-madspin-pythia8_catNRB_sys_EWKDown
Merging MT_TTWJetsToLNu_TuneCP5_13TeV-amcatnloFXFX-madspin-pythia8_catNRB
Merging MT_TTWJetsToLNu_TuneCP5_13TeV-amcatnloFXFX-madspin-pythia8_catEM_sys_jerUp
Merging MT_TTWJetsToLNu_TuneCP5_13TeV-amcatnloFXFX-madspin-pythia8_catNRB_sys_ElectronEnDown
Merging MT_TTWJetsToLNu_TuneCP5_13TeV-amcatnloFXFX-madspin-pythia8_cat4L_sys_QCDScale2wUp
Merging measMET_TTWJetsToLNu_TuneCP5_13TeV-amcatnloFXFX-madspin-pythia8_catSignal-1jet_sys_TriggerSFWeightUp
Merging measMET_TTWJetsToLNu_TuneCP5_13TeV-amcatnloFXFX-madspin-pythia8_catTOP_sys_QCDScale1wUp
Merging MT_TTWJetsToLNu_TuneCP5_13TeV-amcatnloFXFX-madspin-pythia8_catEM_sys_EWKDown
Merging MT_TTWJetsToLNu_TuneCP5_13TeV-amcatnloFXFX-madspin-pythia8_catSignal-1jet_sys_puWeightUp
Merging MT_TTWJetsToLNu_TuneCP5_13TeV-amcatnloFXFX-madspin-pythia8_cat3L_sys_PrefireWeightUp
Merging MT_TTWJetsToLNu_TuneCP5_13TeV-amcatnloFXFX-madspin-pythia8_catSignal-1jet_sys_puWeightDown
Merging MT_TTWJetsToLNu_TuneCP5_13TeV-amcatnloFXFX-madspin-pythia8_catNRB_sys_btagEventWeightDown
Merging MT_TTWJetsToLNu_TuneCP5_13TeV-amcatnloFXFX-madspin-pythia8_cat4L_sys_PrefireWeightDown
Merging measMET_TTWJetsToLNu_TuneCP5_13TeV-amcatnloFXFX-madspin-pythia8_catNRB_sys_ElecronSFUp
Merging MT_TTWJetsToLNu_TuneCP5_13TeV-amcatnloFXFX-madspin-pythia8_catTOP_sys_ElecronSFUp
Merging MT_TTWJetsToLNu_TuneCP5_13TeV-amcatnloFXFX-madspin-pythia8_catSignal-1jet_sys_ElecronSFUp
Merging balance_TTWJetsToLNu_TuneCP5_13TeV-amcatnloFXFX-madspin-pythia8_sys_QCDScale2wUp
Merging MT_TTWJetsToLNu_TuneCP5_13TeV-amcatnloFXFX-madspin-pythia8_cat3L_sys_MuonEnUp
Merging measMET_TTWJetsToLNu_TuneCP5_13TeV-amcatnloFXFX-madspin-pythia8_cat4L_sys_btagEventWeightDown
Merging MT_TTWJetsToLNu_TuneCP5_13TeV-amcatnloFXFX-madspin-pythia8_catSignal-1jet_sys_PrefireWeightUp
Merging measMET_TTWJetsToLNu_TuneCP5_13TeV-amcatnloFXFX-madspin-pythia8_catSignal-1jet_sys_ElectronEnDown
Merging measMET_TTWJetsToLNu_TuneCP5_13TeV-amcatnloFXFX-madspin-pythia8_catNRB_sys_MuonSFUp
Merging MT_TTWJetsToLNu_TuneCP5_13TeV-amcatnloFXFX-madspin-pythia8_catEM_sys_QCDScale1wUp
Merging MT_TTWJetsToLNu_TuneCP5_13TeV-amcatnloFXFX-madspin-pythia8_catNRB_sys_TriggerSFWeightUp
Merging MT_TTWJetsToLNu_TuneCP5_13TeV-amcatnloFXFX-madspin-pythia8_catSignal-1jet_sys_QCDScale1wUp
Merging MT_TTWJetsToLNu_TuneCP5_13TeV-amcatnloFXFX-madspin-pythia8_cat3L_sys_QCDScale0wDown
Merging MT_TTWJetsToLNu_TuneCP5_13TeV-amcatnloFXFX-madspin-pythia8_catSignal-0jet_sys_btagEventWeightUp
Merging measMET_TTWJetsToLNu_TuneCP5_13TeV-amcatnloFXFX-madspin-pythia8_catDY_sys_jesTotalDown
Merging measMET_TTWJetsToLNu_TuneCP5_13TeV-amcatnloFXFX-madspin-pythia8_catNRB_sys_btagEventWeightUp
Merging measMET_TTWJetsToLNu_TuneCP5_13TeV-amcatnloFXFX-madspin-pythia8_catSignal-1jet_sys_jerDown
Merging MT_TTWJetsToLNu_TuneCP5_13TeV-amcatnloFXFX-madspin-pythia8_catTOP_sys_EWKUp
Merging measMET_TTWJetsToLNu_TuneCP5_13TeV-amcatnloFXFX-madspin-pythia8_catEM_sys_btagEventWeightUp
Merging measMET_TTWJetsToLNu_TuneCP5_13TeV-amcatnloFXFX-madspin-pythia8_cat4L_sys_PDFDown
Merging measMET_TTWJetsToLNu_TuneCP5_13TeV-amcatnloFXFX-madspin-pythia8_catDY_sys_QCDScale1wDown
Merging measMET_TTWJetsToLNu_TuneCP5_13TeV-amcatnloFXFX-madspin-pythia8_catDY_sys_jerDown
Merging MT_TTWJetsToLNu_TuneCP5_13TeV-amcatnloFXFX-madspin-pythia8_catTOP_sys_puWeightDown
Merging phizmet_TTWJetsToLNu_TuneCP5_13TeV-amcatnloFXFX-madspin-pythia8_sys_QCDScale1wUp
Merging measMET_TTWJetsToLNu_TuneCP5_13TeV-amcatnloFXFX-madspin-pythia8_cat3L_sys_nvtxWeightDown
Merging MT_TTWJetsToLNu_TuneCP5_13TeV-amcatnloFXFX-madspin-pythia8_cat3L_sys_nvtxWeightDown
Merging MT_TTWJetsToLNu_TuneCP5_13TeV-amcatnloFXFX-madspin-pythia8_catNRB_sys_jerDown
Merging measMET_TTWJetsToLNu_TuneCP5_13TeV-amcatnloFXFX-madspin-pythia8_catDY_sys_puWeightDown
Merging measMET_TTWJetsToLNu_TuneCP5_13TeV-amcatnloFXFX-madspin-pythia8_catDY_sys_puWeightUp
Merging measMET_TTWJetsToLNu_TuneCP5_13TeV-amcatnloFXFX-madspin-pythia8_catNRB_sys_QCDScale1wUp
Merging measMET_TTWJetsToLNu_TuneCP5_13TeV-amcatnloFXFX-madspin-pythia8_catNRB_sys_QCDScale1wDown
Merging measMET_TTWJetsToLNu_TuneCP5_13TeV-amcatnloFXFX-madspin-pythia8_catEM_sys_MuonSFUp
Merging measMET_TTWJetsToLNu_TuneCP5_13TeV-amcatnloFXFX-madspin-pythia8_cat3L_sys_EWKDown
Merging MT_TTWJetsToLNu_TuneCP5_13TeV-amcatnloFXFX-madspin-pythia8_cat4L_sys_btagEventWeightUp
Merging measMET_TTWJetsToLNu_TuneCP5_13TeV-amcatnloFXFX-madspin-pythia8_catEM_sys_TriggerSFWeightUp
Merging measMET_TTWJetsToLNu_TuneCP5_13TeV-amcatnloFXFX-madspin-pythia8_cat3L_sys_btagEventWeightUp
Merging MT_TTWJetsToLNu_TuneCP5_13TeV-amcatnloFXFX-madspin-pythia8_catTOP_sys_jerUp
Merging MT_TTWJetsToLNu_TuneCP5_13TeV-amcatnloFXFX-madspin-pythia8_catEM_sys_jesTotalUp
Merging MT_TTWJetsToLNu_TuneCP5_13TeV-amcatnloFXFX-madspin-pythia8_catNRB_sys_jesTotalUp
Merging MT_TTWJetsToLNu_TuneCP5_13TeV-amcatnloFXFX-madspin-pythia8_catNRB_sys_PrefireWeightUp
Merging njet_TTWJetsToLNu_TuneCP5_13TeV-amcatnloFXFX-madspin-pythia8_sys_btagEventWeightUp
Merging MT_TTWJetsToLNu_TuneCP5_13TeV-amcatnloFXFX-madspin-pythia8_catSignal-1jet_sys_MuonSFUp
Merging MT_TTWJetsToLNu_TuneCP5_13TeV-amcatnloFXFX-madspin-pythia8_catDY_sys_btagEventWeightDown
Merging MT_TTWJetsToLNu_TuneCP5_13TeV-amcatnloFXFX-madspin-pythia8_catSignal-1jet_sys_MuonEnUp
Merging MT_TTWJetsToLNu_TuneCP5_13TeV-amcatnloFXFX-madspin-pythia8_cat4L_sys_ElectronEnUp
Merging measMET_TTWJetsToLNu_TuneCP5_13TeV-amcatnloFXFX-madspin-pythia8_catSignal-1jet_sys_QCDScale2wDown
Merging MT_TTWJetsToLNu_TuneCP5_13TeV-amcatnloFXFX-madspin-pythia8_cat3L_sys_QCDScale1wDown
Merging MT_TTWJetsToLNu_TuneCP5_13TeV-amcatnloFXFX-madspin-pythia8_catTOP_sys_EWKDown
Merging phizmet_TTWJetsToLNu_TuneCP5_13TeV-amcatnloFXFX-madspin-pythia8_sys_ElectronEnDown
Merging measMET_TTWJetsToLNu_TuneCP5_13TeV-amcatnloFXFX-madspin-pythia8_catSignal-1jet_sys_QCDScale1wUp
Merging measMET_TTWJetsToLNu_TuneCP5_13TeV-amcatnloFXFX-madspin-pythia8_cat3L_sys_nvtxWeightUp
Merging measMET_TTWJetsToLNu_TuneCP5_13TeV-amcatnloFXFX-madspin-pythia8_catTOP_sys_jerUp
Merging MT_TTWJetsToLNu_TuneCP5_13TeV-amcatnloFXFX-madspin-pythia8_catTOP_sys_puWeightUp
Merging MT_TTWJetsToLNu_TuneCP5_13TeV-amcatnloFXFX-madspin-pythia8_catDY_sys_PDFUp
Merging MT_TTWJetsToLNu_TuneCP5_13TeV-amcatnloFXFX-madspin-pythia8_catSignal-1jet_sys_ElectronEnUp
Merging measMET_TTWJetsToLNu_TuneCP5_13TeV-amcatnloFXFX-madspin-pythia8_cat4L_sys_MuonEnUp
Merging measMET_TTWJetsToLNu_TuneCP5_13TeV-amcatnloFXFX-madspin-pythia8_cat4L_sys_MuonEnDown
Merging MT_TTWJetsToLNu_TuneCP5_13TeV-amcatnloFXFX-madspin-pythia8_catDY_sys_ElectronEnDown
Merging measMET_TTWJetsToLNu_TuneCP5_13TeV-amcatnloFXFX-madspin-pythia8_catNRB_sys_puWeightUp
Merging MT_TTWJetsToLNu_TuneCP5_13TeV-amcatnloFXFX-madspin-pythia8_catNRB_sys_EWKDown
Merging njet_TTWJetsToLNu_TuneCP5_13TeV-amcatnloFXFX-madspin-pythia8_sys_ElectronEnDown
Merging measMET_TTWJetsToLNu_TuneCP5_13TeV-amcatnloFXFX-madspin-pythia8_cat3L_sys_QCDScale0wUp
Merging measMET_TTWJetsToLNu_TuneCP5_13TeV-amcatnloFXFX-madspin-pythia8_catSignal-1jet_sys_ElecronSFUp
Merging MT_TTWJetsToLNu_TuneCP5_13TeV-amcatnloFXFX-madspin-pythia8_cat4L_sys_PDFDown
Merging MT_TTWJetsToLNu_TuneCP5_13TeV-amcatnloFXFX-madspin-pythia8_catEM_sys_QCDScale1wDown
Merging measMET_TTWJetsToLNu_TuneCP5_13TeV-amcatnloFXFX-madspin-pythia8_catDY_sys_EWKDown
Merging MT_TTWJetsToLNu_TuneCP5_13TeV-amcatnloFXFX-madspin-pythia8_cat3L_sys_QCDScale2wDown
Merging njet_TTWJetsToLNu_TuneCP5_13TeV-amcatnloFXFX-madspin-pythia8_sys_nvtxWeightDown
Merging MT_TTWJetsToLNu_TuneCP5_13TeV-amcatnloFXFX-madspin-pythia8_cat4L_sys_ElecronSFUp
Merging MT_TTWJetsToLNu_TuneCP5_13TeV-amcatnloFXFX-madspin-pythia8_cat4L_sys_MuonSFDown
Merging MT_TTWJetsToLNu_TuneCP5_13TeV-amcatnloFXFX-madspin-pythia8_catSignal-0jet_sys_TriggerSFWeightDown
Merging njet_TTWJetsToLNu_TuneCP5_13TeV-amcatnloFXFX-madspin-pythia8_sys_PrefireWeightUp
Merging MT_TTWJetsToLNu_TuneCP5_13TeV-amcatnloFXFX-madspin-pythia8_catSignal-1jet
Merging measMET_TTWJetsToLNu_TuneCP5_13TeV-amcatnloFXFX-madspin-pythia8_catSignal-0jet_sys_TriggerSFWeightDown
Merging njet_TTWJetsToLNu_TuneCP5_13TeV-amcatnloFXFX-madspin-pythia8_sys_PDFDown
Merging phizmet_TTWJetsToLNu_TuneCP5_13TeV-amcatnloFXFX-madspin-pythia8_sys_QCDScale2wUp
Merging measMET_TTWJetsToLNu_TuneCP5_13TeV-amcatnloFXFX-madspin-pythia8_cat3L_sys_TriggerSFWeightUp
Merging MT_TTWJetsToLNu_TuneCP5_13TeV-amcatnloFXFX-madspin-pythia8_catNRB_sys_QCDScale0wDown
Merging MT_TTWJetsToLNu_TuneCP5_13TeV-amcatnloFXFX-madspin-pythia8_catSignal-0jet_sys_PrefireWeightDown
Merging phizmet_TTWJetsToLNu_TuneCP5_13TeV-amcatnloFXFX-madspin-pythia8_sys_puWeightUp
Merging MT_TTWJetsToLNu_TuneCP5_13TeV-amcatnloFXFX-madspin-pythia8_catDY_sys_QCDScale0wUp
Merging measMET_TTWJetsToLNu_TuneCP5_13TeV-amcatnloFXFX-madspin-pythia8_catEM_sys_jerDown
Merging MT_TTWJetsToLNu_TuneCP5_13TeV-amcatnloFXFX-madspin-pythia8_catTOP_sys_TriggerSFWeightUp
Merging measMET_TTWJetsToLNu_TuneCP5_13TeV-amcatnloFXFX-madspin-pythia8_catDY_sys_EWKUp
Merging MT_TTWJetsToLNu_TuneCP5_13TeV-amcatnloFXFX-madspin-pythia8_catSignal-0jet_sys_QCDScale1wUp
Merging MT_TTWJetsToLNu_TuneCP5_13TeV-amcatnloFXFX-madspin-pythia8_catDY_sys_nvtxWeightUp
Merging phizmet_TTWJetsToLNu_TuneCP5_13TeV-amcatnloFXFX-madspin-pythia8_sys_MuonSFUp
Merging measMET_TTWJetsToLNu_TuneCP5_13TeV-amcatnloFXFX-madspin-pythia8_catNRB_sys_PDFUp
Merging measMET_TTWJetsToLNu_TuneCP5_13TeV-amcatnloFXFX-madspin-pythia8_catSignal-0jet_sys_nvtxWeightDown
Merging measMET_TTWJetsToLNu_TuneCP5_13TeV-amcatnloFXFX-madspin-pythia8_catTOP_sys_jerDown
Merging measMET_TTWJetsToLNu_TuneCP5_13TeV-amcatnloFXFX-madspin-pythia8_catTOP_sys_btagEventWeightUp
Merging phizmet_TTWJetsToLNu_TuneCP5_13TeV-amcatnloFXFX-madspin-pythia8_sys_QCDScale1wDown
Merging balance_TTWJetsToLNu_TuneCP5_13TeV-amcatnloFXFX-madspin-pythia8_sys_ElectronEnUp
Merging measMET_TTWJetsToLNu_TuneCP5_13TeV-amcatnloFXFX-madspin-pythia8_catDY_sys_btagEventWeightUp
Merging measMET_TTWJetsToLNu_TuneCP5_13TeV-amcatnloFXFX-madspin-pythia8_catSignal-1jet_sys_btagEventWeightUp
Merging MT_TTWJetsToLNu_TuneCP5_13TeV-amcatnloFXFX-madspin-pythia8_catTOP_sys_MuonEnDown
Merging measMET_TTWJetsToLNu_TuneCP5_13TeV-amcatnloFXFX-madspin-pythia8_catEM_sys_QCDScale0wDown
Merging MT_TTWJetsToLNu_TuneCP5_13TeV-amcatnloFXFX-madspin-pythia8_catDY_sys_EWKUp
Merging MT_TTWJetsToLNu_TuneCP5_13TeV-amcatnloFXFX-madspin-pythia8_catSignal-0jet_sys_MuonSFUp
Merging measMET_TTWJetsToLNu_TuneCP5_13TeV-amcatnloFXFX-madspin-pythia8_cat4L_sys_PrefireWeightDown
Merging measMET_TTWJetsToLNu_TuneCP5_13TeV-amcatnloFXFX-madspin-pythia8_catDY_sys_nvtxWeightUp
Merging measMET_TTWJetsToLNu_TuneCP5_13TeV-amcatnloFXFX-madspin-pythia8_catSignal-0jet_sys_nvtxWeightUp
Merging balance_TTWJetsToLNu_TuneCP5_13TeV-amcatnloFXFX-madspin-pythia8_sys_jesTotalDown
Merging MT_TTWJetsToLNu_TuneCP5_13TeV-amcatnloFXFX-madspin-pythia8_catNRB_sys_MuonEnUp
Merging measMET_TTWJetsToLNu_TuneCP5_13TeV-amcatnloFXFX-madspin-pythia8_catTOP_sys_QCDScale0wDown
Merging MT_TTWJetsToLNu_TuneCP5_13TeV-amcatnloFXFX-madspin-pythia8_catSignal-0jet_sys_ElectronEnUp
Merging MT_TTWJetsToLNu_TuneCP5_13TeV-amcatnloFXFX-madspin-pythia8_catSignal-0jet_sys_jesTotalDown
Merging measMET_TTWJetsToLNu_TuneCP5_13TeV-amcatnloFXFX-madspin-pythia8_catDY_sys_ElectronEnDown
Merging MT_TTWJetsToLNu_TuneCP5_13TeV-amcatnloFXFX-madspin-pythia8_catDY_sys_QCDScale1wDown
Merging MT_TTWJetsToLNu_TuneCP5_13TeV-amcatnloFXFX-madspin-pythia8_catSignal-0jet_sys_QCDScale0wDown
Merging MT_TTWJetsToLNu_TuneCP5_13TeV-amcatnloFXFX-madspin-pythia8_catSignal-1jet_sys_TriggerSFWeightUp
Merging MT_TTWJetsToLNu_TuneCP5_13TeV-amcatnloFXFX-madspin-pythia8_catDY_sys_EWKDown
Merging MT_TTWJetsToLNu_TuneCP5_13TeV-amcatnloFXFX-madspin-pythia8_catEM_sys_MuonSFDown
Merging measMET_TTWJetsToLNu_TuneCP5_13TeV-amcatnloFXFX-madspin-pythia8_catSignal-0jet_sys_QCDScale0wUp
Merging measMET_TTWJetsToLNu_TuneCP5_13TeV-amcatnloFXFX-madspin-pythia8_catNRB_sys_btagEventWeightDown
Merging measMET_TTWJetsToLNu_TuneCP5_13TeV-amcatnloFXFX-madspin-pythia8_cat3L_sys_jesTotalDown
Merging MT_TTWJetsToLNu_TuneCP5_13TeV-amcatnloFXFX-madspin-pythia8_catTOP_sys_QCDScale0wDown
Merging measMET_TTWJetsToLNu_TuneCP5_13TeV-amcatnloFXFX-madspin-pythia8_catTOP_sys_nvtxWeightUp
Merging MT_TTWJetsToLNu_TuneCP5_13TeV-amcatnloFXFX-madspin-pythia8_catSignal-1jet_sys_btagEventWeightUp
Merging measMET_TTWJetsToLNu_TuneCP5_13TeV-amcatnloFXFX-madspin-pythia8_cat4L_sys_jerUp
Merging measMET_TTWJetsToLNu_TuneCP5_13TeV-amcatnloFXFX-madspin-pythia8_cat3L_sys_ElecronSFDown
Merging MT_TTWJetsToLNu_TuneCP5_13TeV-amcatnloFXFX-madspin-pythia8_catNRB_sys_MuonSFDown
Merging MT_TTWJetsToLNu_TuneCP5_13TeV-amcatnloFXFX-madspin-pythia8_catDY_sys_jerUp
Merging measMET_TTWJetsToLNu_TuneCP5_13TeV-amcatnloFXFX-madspin-pythia8_catEM_sys_ElectronEnUp
Merging phizmet_TTWJetsToLNu_TuneCP5_13TeV-amcatnloFXFX-madspin-pythia8_sys_jerUp
Merging balance_TTWJetsToLNu_TuneCP5_13TeV-amcatnloFXFX-madspin-pythia8_sys_PDFUp
Merging MT_TTWJetsToLNu_TuneCP5_13TeV-amcatnloFXFX-madspin-pythia8_catNRB_sys_nvtxWeightUp
Merging measMET_TTWJetsToLNu_TuneCP5_13TeV-amcatnloFXFX-madspin-pythia8_catTOP_sys_TriggerSFWeightUp
Merging njet_TTWJetsToLNu_TuneCP5_13TeV-amcatnloFXFX-madspin-pythia8_sys_MuonEnDown
Merging MT_TTWJetsToLNu_TuneCP5_13TeV-amcatnloFXFX-madspin-pythia8_catTOP_sys_jesTotalUp
Merging MT_TTWJetsToLNu_TuneCP5_13TeV-amcatnloFXFX-madspin-pythia8_cat3L_sys_QCDScale2wUp
Merging measMET_TTWJetsToLNu_TuneCP5_13TeV-amcatnloFXFX-madspin-pythia8_cat3L_sys_PDFUp
Merging balance_TTWJetsToLNu_TuneCP5_13TeV-amcatnloFXFX-madspin-pythia8_sys_PrefireWeightUp
Merging MT_TTWJetsToLNu_TuneCP5_13TeV-amcatnloFXFX-madspin-pythia8_catSignal-1jet_sys_jerDown
Merging measMET_TTWJetsToLNu_TuneCP5_13TeV-amcatnloFXFX-madspin-pythia8_catSignal-0jet_sys_MuonEnUp
Merging measMET_TTWJetsToLNu_TuneCP5_13TeV-amcatnloFXFX-madspin-pythia8_catTOP_sys_PDFDown
Merging measMET_TTWJetsToLNu_TuneCP5_13TeV-amcatnloFXFX-madspin-pythia8_catTOP_sys_MuonSFUp
Merging measMET_TTWJetsToLNu_TuneCP5_13TeV-amcatnloFXFX-madspin-pythia8_catNRB_sys_MuonEnDown
Merging MT_TTWJetsToLNu_TuneCP5_13TeV-amcatnloFXFX-madspin-pythia8_catNRB_sys_PDFDown
Merging MT_TTWJetsToLNu_TuneCP5_13TeV-amcatnloFXFX-madspin-pythia8_catSignal-0jet_sys_PrefireWeightUp
Merging measMET_TTWJetsToLNu_TuneCP5_13TeV-amcatnloFXFX-madspin-pythia8_catSignal-0jet_sys_ElectronEnDown
Merging njet_TTWJetsToLNu_TuneCP5_13TeV-amcatnloFXFX-madspin-pythia8_sys_MuonEnUp
Merging phizmet_TTWJetsToLNu_TuneCP5_13TeV-amcatnloFXFX-madspin-pythia8_sys_MuonEnDown
Merging measMET_TTWJetsToLNu_TuneCP5_13TeV-amcatnloFXFX-madspin-pythia8_cat3L_sys_MuonSFUp
Merging measMET_TTWJetsToLNu_TuneCP5_13TeV-amcatnloFXFX-madspin-pythia8_catEM_sys_MuonEnUp
Merging MT_TTWJetsToLNu_TuneCP5_13TeV-amcatnloFXFX-madspin-pythia8_catDY_sys_puWeightUp
Merging MT_TTWJetsToLNu_TuneCP5_13TeV-amcatnloFXFX-madspin-pythia8_catSignal-0jet_sys_ElectronEnDown
Merging MT_TTWJetsToLNu_TuneCP5_13TeV-amcatnloFXFX-madspin-pythia8_catDY_sys_ElectronEnUp
Merging MT_TTWJetsToLNu_TuneCP5_13TeV-amcatnloFXFX-madspin-pythia8_catTOP_sys_btagEventWeightUp
Merging MT_TTWJetsToLNu_TuneCP5_13TeV-amcatnloFXFX-madspin-pythia8_catNRB_sys_nvtxWeightDown
Merging measMET_TTWJetsToLNu_TuneCP5_13TeV-amcatnloFXFX-madspin-pythia8_catNRB
Merging balance_TTWJetsToLNu_TuneCP5_13TeV-amcatnloFXFX-madspin-pythia8_sys_MuonEnUp
Merging measMET_TTWJetsToLNu_TuneCP5_13TeV-amcatnloFXFX-madspin-pythia8_catEM_sys_TriggerSFWeightDown
Merging MT_TTWJetsToLNu_TuneCP5_13TeV-amcatnloFXFX-madspin-pythia8_catDY_sys_jesTotalDown
Merging MT_TTWJetsToLNu_TuneCP5_13TeV-amcatnloFXFX-madspin-pythia8_catSignal-1jet_sys_ElecronSFDown
Merging phizmet_TTWJetsToLNu_TuneCP5_13TeV-amcatnloFXFX-madspin-pythia8_sys_jesTotalDown
Merging njet_TTWJetsToLNu_TuneCP5_13TeV-amcatnloFXFX-madspin-pythia8_sys_QCDScale0wDown
Merging measMET_TTWJetsToLNu_TuneCP5_13TeV-amcatnloFXFX-madspin-pythia8_cat3L_sys_puWeightUp
Merging measMET_TTWJetsToLNu_TuneCP5_13TeV-amcatnloFXFX-madspin-pythia8_catTOP
Merging MT_TTWJetsToLNu_TuneCP5_13TeV-amcatnloFXFX-madspin-pythia8_catSignal-0jet_sys_puWeightDown
Merging phizmet_TTWJetsToLNu_TuneCP5_13TeV-amcatnloFXFX-madspin-pythia8_sys_nvtxWeightUp
Merging njet_TTWJetsToLNu_TuneCP5_13TeV-amcatnloFXFX-madspin-pythia8_sys_ElectronEnUp
Merging measMET_TTWJetsToLNu_TuneCP5_13TeV-amcatnloFXFX-madspin-pythia8_catTOP_sys_jesTotalDown
Merging measMET_TTWJetsToLNu_TuneCP5_13TeV-amcatnloFXFX-madspin-pythia8_cat3L_sys_puWeightDown
Merging measMET_TTWJetsToLNu_TuneCP5_13TeV-amcatnloFXFX-madspin-pythia8_catTOP_sys_PrefireWeightDown
Merging MT_TTWJetsToLNu_TuneCP5_13TeV-amcatnloFXFX-madspin-pythia8_catDY_sys_TriggerSFWeightDown
Merging phizmet_TTWJetsToLNu_TuneCP5_13TeV-amcatnloFXFX-madspin-pythia8_sys_ElectronEnUp
Merging measMET_TTWJetsToLNu_TuneCP5_13TeV-amcatnloFXFX-madspin-pythia8_catSignal-1jet_sys_jerUp
Merging measMET_TTWJetsToLNu_TuneCP5_13TeV-amcatnloFXFX-madspin-pythia8_catEM_sys_QCDScale1wDown
Merging balance_TTWJetsToLNu_TuneCP5_13TeV-amcatnloFXFX-madspin-pythia8_sys_EWKDown
Merging MT_TTWJetsToLNu_TuneCP5_13TeV-amcatnloFXFX-madspin-pythia8_catNRB_sys_QCDScale1wUp
Merging measMET_TTWJetsToLNu_TuneCP5_13TeV-amcatnloFXFX-madspin-pythia8_catSignal-0jet_sys_puWeightDown
Merging njet_TTWJetsToLNu_TuneCP5_13TeV-amcatnloFXFX-madspin-pythia8_sys_PDFUp
Merging MT_TTWJetsToLNu_TuneCP5_13TeV-amcatnloFXFX-madspin-pythia8_catTOP_sys_jerDown
Merging MT_TTWJetsToLNu_TuneCP5_13TeV-amcatnloFXFX-madspin-pythia8_catTOP_sys_QCDScale0wUp
Merging measMET_TTWJetsToLNu_TuneCP5_13TeV-amcatnloFXFX-madspin-pythia8_cat4L_sys_QCDScale2wDown
Merging balance_TTWJetsToLNu_TuneCP5_13TeV-amcatnloFXFX-madspin-pythia8_sys_EWKUp
Merging balance_TTWJetsToLNu_TuneCP5_13TeV-amcatnloFXFX-madspin-pythia8_sys_nvtxWeightDown
Merging measMET_TTWJetsToLNu_TuneCP5_13TeV-amcatnloFXFX-madspin-pythia8_catDY_sys_jesTotalUp
Merging MT_TTWJetsToLNu_TuneCP5_13TeV-amcatnloFXFX-madspin-pythia8_cat3L_sys_PrefireWeightDown
Merging MT_TTWJetsToLNu_TuneCP5_13TeV-amcatnloFXFX-madspin-pythia8_catSignal-1jet_sys_btagEventWeightDown
Merging MT_TTWJetsToLNu_TuneCP5_13TeV-amcatnloFXFX-madspin-pythia8_catSignal-0jet_sys_MuonEnUp
Merging MT_TTWJetsToLNu_TuneCP5_13TeV-amcatnloFXFX-madspin-pythia8_cat3L_sys_QCDScale0wUp
Merging measMET_TTWJetsToLNu_TuneCP5_13TeV-amcatnloFXFX-madspin-pythia8_cat3L_sys_ElecronSFUp
Merging MT_TTWJetsToLNu_TuneCP5_13TeV-amcatnloFXFX-madspin-pythia8_cat3L_sys_nvtxWeightUp
Merging measMET_TTWJetsToLNu_TuneCP5_13TeV-amcatnloFXFX-madspin-pythia8_cat3L_sys_ElectronEnDown
Merging balance_TTWJetsToLNu_TuneCP5_13TeV-amcatnloFXFX-madspin-pythia8
Merging measMET_TTWJetsToLNu_TuneCP5_13TeV-amcatnloFXFX-madspin-pythia8_catNRB_sys_jesTotalDown
Merging MT_TTWJetsToLNu_TuneCP5_13TeV-amcatnloFXFX-madspin-pythia8_catDY_sys_jerDown
Merging measMET_TTWJetsToLNu_TuneCP5_13TeV-amcatnloFXFX-madspin-pythia8_cat3L_sys_btagEventWeightDown
Merging measMET_TTWJetsToLNu_TuneCP5_13TeV-amcatnloFXFX-madspin-pythia8_catNRB_sys_ElectronEnUp
Merging MT_TTWJetsToLNu_TuneCP5_13TeV-amcatnloFXFX-madspin-pythia8_catNRB_sys_jesTotalDown
Merging measMET_TTWJetsToLNu_TuneCP5_13TeV-amcatnloFXFX-madspin-pythia8_cat4L_sys_puWeightUp
Merging measMET_TTWJetsToLNu_TuneCP5_13TeV-amcatnloFXFX-madspin-pythia8_catSignal-0jet_sys_PDFUp
Merging measMET_TTWJetsToLNu_TuneCP5_13TeV-amcatnloFXFX-madspin-pythia8_catEM_sys_jesTotalUp
Merging measMET_TTWJetsToLNu_TuneCP5_13TeV-amcatnloFXFX-madspin-pythia8_catSignal-1jet_sys_jesTotalUp
Merging MT_TTWJetsToLNu_TuneCP5_13TeV-amcatnloFXFX-madspin-pythia8_cat4L_sys_MuonEnDown
Merging measMET_TTWJetsToLNu_TuneCP5_13TeV-amcatnloFXFX-madspin-pythia8_cat3L_sys_QCDScale2wDown
Merging measMET_TTWJetsToLNu_TuneCP5_13TeV-amcatnloFXFX-madspin-pythia8_catEM_sys_PDFDown
Merging MT_TTWJetsToLNu_TuneCP5_13TeV-amcatnloFXFX-madspin-pythia8_catEM_sys_jerDown
Merging measMET_TTWJetsToLNu_TuneCP5_13TeV-amcatnloFXFX-madspin-pythia8_catNRB_sys_TriggerSFWeightDown
Merging measMET_TTWJetsToLNu_TuneCP5_13TeV-amcatnloFXFX-madspin-pythia8_cat3L_sys_QCDScale0wDown
Merging MT_TTWJetsToLNu_TuneCP5_13TeV-amcatnloFXFX-madspin-pythia8_catDY_sys_QCDScale0wDown
Merging MT_TTWJetsToLNu_TuneCP5_13TeV-amcatnloFXFX-madspin-pythia8_catEM_sys_PDFDown
Merging measMET_TTWJetsToLNu_TuneCP5_13TeV-amcatnloFXFX-madspin-pythia8_cat4L_sys_QCDScale1wDown
Merging measMET_TTWJetsToLNu_TuneCP5_13TeV-amcatnloFXFX-madspin-pythia8_cat4L_sys_TriggerSFWeightDown
Merging MT_TTWJetsToLNu_TuneCP5_13TeV-amcatnloFXFX-madspin-pythia8_catSignal-0jet_sys_QCDScale1wDown
Merging measMET_TTWJetsToLNu_TuneCP5_13TeV-amcatnloFXFX-madspin-pythia8_cat3L_sys_QCDScale2wUp
Merging measMET_TTWJetsToLNu_TuneCP5_13TeV-amcatnloFXFX-madspin-pythia8_catSignal-0jet_sys_QCDScale2wDown
Merging MT_TTWJetsToLNu_TuneCP5_13TeV-amcatnloFXFX-madspin-pythia8_catDY_sys_TriggerSFWeightUp
Merging measMET_TTWJetsToLNu_TuneCP5_13TeV-amcatnloFXFX-madspin-pythia8_cat4L_sys_jesTotalDown
Merging MT_TTWJetsToLNu_TuneCP5_13TeV-amcatnloFXFX-madspin-pythia8_catSignal-1jet_sys_PDFDown
Merging MT_TTWJetsToLNu_TuneCP5_13TeV-amcatnloFXFX-madspin-pythia8_cat3L_sys_TriggerSFWeightDown
Merging measMET_TTWJetsToLNu_TuneCP5_13TeV-amcatnloFXFX-madspin-pythia8_catEM_sys_EWKUp
Merging MT_TTWJetsToLNu_TuneCP5_13TeV-amcatnloFXFX-madspin-pythia8_catDY_sys_nvtxWeightDown
Merging measMET_TTWJetsToLNu_TuneCP5_13TeV-amcatnloFXFX-madspin-pythia8_catSignal-1jet_sys_QCDScale0wUp
Merging measMET_TTWJetsToLNu_TuneCP5_13TeV-amcatnloFXFX-madspin-pythia8_cat4L_sys_QCDScale1wUp
Merging measMET_TTWJetsToLNu_TuneCP5_13TeV-amcatnloFXFX-madspin-pythia8_catSignal-0jet_sys_PrefireWeightUp
Merging measMET_TTWJetsToLNu_TuneCP5_13TeV-amcatnloFXFX-madspin-pythia8_catTOP_sys_btagEventWeightDown
Merging balance_TTWJetsToLNu_TuneCP5_13TeV-amcatnloFXFX-madspin-pythia8_sys_puWeightUp
Merging MT_TTWJetsToLNu_TuneCP5_13TeV-amcatnloFXFX-madspin-pythia8_cat4L_sys_nvtxWeightDown
Merging MT_TTWJetsToLNu_TuneCP5_13TeV-amcatnloFXFX-madspin-pythia8_catEM_sys_MuonEnDown
Merging measMET_TTWJetsToLNu_TuneCP5_13TeV-amcatnloFXFX-madspin-pythia8_catDY_sys_PDFDown
Merging MT_TTWJetsToLNu_TuneCP5_13TeV-amcatnloFXFX-madspin-pythia8_catDY_sys_MuonSFUp
Merging measMET_TTWJetsToLNu_TuneCP5_13TeV-amcatnloFXFX-madspin-pythia8_catTOP_sys_PrefireWeightUp
Merging MT_TTWJetsToLNu_TuneCP5_13TeV-amcatnloFXFX-madspin-pythia8_catEM_sys_QCDScale2wDown
Merging njet_TTWJetsToLNu_TuneCP5_13TeV-amcatnloFXFX-madspin-pythia8_sys_QCDScale0wUp
Merging MT_TTWJetsToLNu_TuneCP5_13TeV-amcatnloFXFX-madspin-pythia8_cat3L_sys_jerDown
Merging measMET_TTWJetsToLNu_TuneCP5_13TeV-amcatnloFXFX-madspin-pythia8_catDY_sys_MuonEnUp
Merging MT_TTWJetsToLNu_TuneCP5_13TeV-amcatnloFXFX-madspin-pythia8_catSignal-0jet_sys_ElecronSFDown
Merging MT_TTWJetsToLNu_TuneCP5_13TeV-amcatnloFXFX-madspin-pythia8_catEM_sys_nvtxWeightUp
Merging measMET_TTWJetsToLNu_TuneCP5_13TeV-amcatnloFXFX-madspin-pythia8_catSignal-0jet_sys_PDFDown
Merging measMET_TTWJetsToLNu_TuneCP5_13TeV-amcatnloFXFX-madspin-pythia8_cat4L
Merging MT_TTWJetsToLNu_TuneCP5_13TeV-amcatnloFXFX-madspin-pythia8_catSignal-0jet_sys_puWeightUp
Merging measMET_TTWJetsToLNu_TuneCP5_13TeV-amcatnloFXFX-madspin-pythia8_catSignal-1jet_sys_jesTotalDown
Merging MT_TTWJetsToLNu_TuneCP5_13TeV-amcatnloFXFX-madspin-pythia8_catDY
Merging measMET_TTWJetsToLNu_TuneCP5_13TeV-amcatnloFXFX-madspin-pythia8_catNRB_sys_MuonSFDown
Merging measMET_TTWJetsToLNu_TuneCP5_13TeV-amcatnloFXFX-madspin-pythia8_catEM_sys_puWeightUp
Merging MT_TTWJetsToLNu_TuneCP5_13TeV-amcatnloFXFX-madspin-pythia8_cat4L_sys_MuonSFUp
Merging measMET_TTWJetsToLNu_TuneCP5_13TeV-amcatnloFXFX-madspin-pythia8_catTOP_sys_ElectronEnUp
Merging MT_TTWJetsToLNu_TuneCP5_13TeV-amcatnloFXFX-madspin-pythia8_cat3L_sys_MuonEnDown
Merging measMET_TTWJetsToLNu_TuneCP5_13TeV-amcatnloFXFX-madspin-pythia8_catTOP_sys_EWKDown
Merging balance_TTWJetsToLNu_TuneCP5_13TeV-amcatnloFXFX-madspin-pythia8_sys_TriggerSFWeightDown
Merging measMET_TTWJetsToLNu_TuneCP5_13TeV-amcatnloFXFX-madspin-pythia8_cat4L_sys_ElecronSFDown
Merging measMET_TTWJetsToLNu_TuneCP5_13TeV-amcatnloFXFX-madspin-pythia8_cat4L_sys_nvtxWeightDown
Merging measMET_TTWJetsToLNu_TuneCP5_13TeV-amcatnloFXFX-madspin-pythia8_catSignal-0jet_sys_TriggerSFWeightUp
Merging phizmet_TTWJetsToLNu_TuneCP5_13TeV-amcatnloFXFX-madspin-pythia8
Merging measMET_TTWJetsToLNu_TuneCP5_13TeV-amcatnloFXFX-madspin-pythia8_catEM_sys_ElecronSFDown
Merging MT_TTWJetsToLNu_TuneCP5_13TeV-amcatnloFXFX-madspin-pythia8_catNRB_sys_btagEventWeightUp
Merging balance_TTWJetsToLNu_TuneCP5_13TeV-amcatnloFXFX-madspin-pythia8_sys_puWeightDown
Merging measMET_TTWJetsToLNu_TuneCP5_13TeV-amcatnloFXFX-madspin-pythia8_catSignal-1jet_sys_QCDScale1wDown
Merging measMET_TTWJetsToLNu_TuneCP5_13TeV-amcatnloFXFX-madspin-pythia8_catSignal-1jet_sys_nvtxWeightDown
Merging MT_TTWJetsToLNu_TuneCP5_13TeV-amcatnloFXFX-madspin-pythia8_catNRB_sys_jerUp
Merging measMET_TTWJetsToLNu_TuneCP5_13TeV-amcatnloFXFX-madspin-pythia8_cat4L_sys_ElectronEnDown
Merging measMET_TTWJetsToLNu_TuneCP5_13TeV-amcatnloFXFX-madspin-pythia8_catSignal-0jet
/eos/cms/store/group/phys_exotica/monoZ/Exorcism2018/TTWJetsToLNu_TuneCP5_13TeV-amcatnloFXFX-madspin-pythia8/tree_7.root  ->  /eos/cms/store/group/phys_exotica/monoZ/Exorcism2018/TTWJetsToLNu_TuneCP5_13TeV-amcatnloFXFX-madspin-pythia8/tree_7.root
Testing file open
Test OK
---------------------------
 -- options  =  Namespace(dataset='X', doSyst=1, era='2018', infile='/eos/cms/store/group/phys_exotica/monoZ/Exorcism2018/TTWJetsToLNu_TuneCP5_13TeV-amcatnloFXFX-madspin-pythia8/tree_7.root', isMC=1, jobNum=7, nevt=-1)
 -- is MC    =  1
 -- jobNum   =  7
 -- era      =  2018
 -- in file  =  /eos/cms/store/group/phys_exotica/monoZ/Exorcism2018/TTWJetsToLNu_TuneCP5_13TeV-amcatnloFXFX-madspin-pythia8/tree_7.root
 -- dataset  =  X
---------------------------
[check] condtag_ ==  TTWJetsToLNu_TuneCP5_13TeV-amcatnloFXFX-madspin-pythia8
[check] dataset  ==  monoZ
modules :  <PhysicsTools.MonoZ.MonoZWSProducer.MonoZWSProducer object at 0x2abe2eeac750>
modules :  <PhysicsTools.MonoZ.MonoZWSProducer.MonoZWSProducer object at 0x2abe2eeac810>
modules :  <PhysicsTools.MonoZ.MonoZWSProducer.MonoZWSProducer object at 0x2abe2eeac850>
modules :  <PhysicsTools.MonoZ.MonoZWSProducer.MonoZWSProducer object at 0x2abe2eeac890>
modules :  <PhysicsTools.MonoZ.MonoZWSProducer.MonoZWSProducer object at 0x2abe2eeac8d0>
modules :  <PhysicsTools.MonoZ.MonoZWSProducer.MonoZWSProducer object at 0x2abe2eeac910>
modules :  <PhysicsTools.MonoZ.MonoZWSProducer.MonoZWSProducer object at 0x2abe2eeac950>
modules :  <PhysicsTools.MonoZ.MonoZWSProducer.MonoZWSProducer object at 0x2abe2eeac990>
modules :  <PhysicsTools.MonoZ.MonoZWSProducer.MonoZWSProducer object at 0x2abe2eeac9d0>
modules :  <PhysicsTools.MonoZ.MonoZWSProducer.MonoZWSProducer object at 0x2abe2eeaca10>
modules :  <PhysicsTools.MonoZ.MonoZWSProducer.MonoZWSProducer object at 0x2abe2eeaca50>
modules :  <PhysicsTools.MonoZ.MonoZWSProducer.MonoZWSProducer object at 0x2abe2eeaca90>
modules :  <PhysicsTools.MonoZ.MonoZWSProducer.MonoZWSProducer object at 0x2abe2eeacad0>
modules :  <PhysicsTools.MonoZ.MonoZWSProducer.MonoZWSProducer object at 0x2abe2eeacb10>
modules :  <PhysicsTools.MonoZ.MonoZWSProducer.MonoZWSProducer object at 0x2abe2eeacb50>
modules :  <PhysicsTools.MonoZ.MonoZWSProducer.MonoZWSProducer object at 0x2abe2eeacb90>
modules :  <PhysicsTools.MonoZ.MonoZWSProducer.MonoZWSProducer object at 0x2abe2eeacbd0>
modules :  <PhysicsTools.MonoZ.MonoZWSProducer.MonoZWSProducer object at 0x2abe2eeacc10>
modules :  <PhysicsTools.MonoZ.MonoZWSProducer.MonoZWSProducer object at 0x2abe2eeacc50>
modules :  <PhysicsTools.MonoZ.MonoZWSProducer.MonoZWSProducer object at 0x2abe2eeacc90>
modules :  <PhysicsTools.MonoZ.MonoZWSProducer.MonoZWSProducer object at 0x2abe2eeaccd0>
modules :  <PhysicsTools.MonoZ.MonoZWSProducer.MonoZWSProducer object at 0x2abe2eeacd10>
modules :  <PhysicsTools.MonoZ.MonoZWSProducer.MonoZWSProducer object at 0x2abe2eeacd90>
modules :  <PhysicsTools.MonoZ.MonoZWSProducer.MonoZWSProducer object at 0x2abe2eeace10>
modules :  <PhysicsTools.MonoZ.MonoZWSProducer.MonoZWSProducer object at 0x2abe2eeace90>
modules :  <PhysicsTools.MonoZ.MonoZWSProducer.MonoZWSProducer object at 0x2abe2eeacf10>
modules :  <PhysicsTools.MonoZ.MonoZWSProducer.MonoZWSProducer object at 0x2abe2eeacf50>
modules :  <PhysicsTools.MonoZ.MonoZWSProducer.MonoZWSProducer object at 0x2abe2eeacf90>
modules :  <PhysicsTools.MonoZ.MonoZWSProducer.MonoZWSProducer object at 0x2abe2eeacfd0>
modules :  <PhysicsTools.MonoZ.MonoZWSProducer.MonoZWSProducer object at 0x2abe2eeae050>
modules :  <PhysicsTools.MonoZ.MonoZWSProducer.MonoZWSProducer object at 0x2abe2eeae090>
Selection :  
Will write selected trees to .
Pre-select 3369 entries out of 3369 (100.00%)
Processed 3369 preselected entries from /eos/cms/store/group/phys_exotica/monoZ/Exorcism2018/TTWJetsToLNu_TuneCP5_13TeV-amcatnloFXFX-madspin-pythia8/tree_7.root (3369 entries). Finally selected 3369 entries
Done ./tree_7_Skim.root
16.6469018678 Hz
----- transfer output to eos :
----- directory after running :
.:
total 6368
-rw-r--r--. 1 cfreer zh    1223 Nov 30 13:09 FrameworkJobReport.xml
-rw-r--r--. 1 cfreer zh       0 Nov 30 13:06 _condor_stderr
-rw-r--r--. 1 cfreer zh   89301 Nov 30 13:09 _condor_stdout
-rw-------. 1 cfreer zh    4914 Nov 30 13:09 cfreer.cc
-rw-r--r--. 1 cfreer zh   16092 Nov 30 13:06 combineHLT_Run2.yaml
-rw-r--r--. 1 cfreer zh    5718 Nov 30 13:06 condor_WSProducer.py
-rwxr-xr-x. 1 cfreer zh     854 Nov 30 13:06 condor_exec.exe
-rwxr-xr-x. 1 cfreer zh    2559 Nov 30 13:06 haddnano.py
-rw-r--r--. 1 cfreer zh       8 Nov 30 13:06 keep_and_drop_WS.txt
drwx------. 3 cfreer zh    4096 Nov 30 13:06 tmp
-rw-r--r--. 1 cfreer zh 3185423 Nov 30 13:09 tree_7.root
-rw-r--r--. 1 cfreer zh 3185307 Nov 30 13:09 tree_7_Skim.root
drwx------. 3 cfreer zh    4096 Nov 30 13:06 var

./tmp:
total 4
drwxr-xr-x. 3 cfreer zh 4096 Nov 30 13:06 mjf-cfreer

./tmp/mjf-cfreer:
total 4
drwxr-xr-x. 2 cfreer zh 4096 Nov 30 13:06 jobfeatures-bigbird09.cern.ch_3031922.7_1574961092

./tmp/mjf-cfreer/jobfeatures-bigbird09.cern.ch_3031922.7_1574961092:
total 28
-rw-r--r--. 1 cfreer zh  1 Nov 30 13:06 allocated_cpu
-rw-r--r--. 1 cfreer zh  6 Nov 30 13:06 cpu_limit_secs
-rw-r--r--. 1 cfreer zh 38 Nov 30 13:06 job_id
-rw-r--r--. 1 cfreer zh 10 Nov 30 13:06 jobstart_secs
-rw-r--r--. 1 cfreer zh 10 Nov 30 13:06 max_rss_bytes
-rw-r--r--. 1 cfreer zh 10 Nov 30 13:06 scratch_limit_bytes
-rw-r--r--. 1 cfreer zh  6 Nov 30 13:06 wall_limit_secs

./var:
total 4
drwx------. 2 cfreer zh 4096 Nov 30 13:06 tmp

./var/tmp:
total 0
 ------ THE END (everyone dies !) ----- 
