
/pool/condor/dir_9293

... start job at 2020-01-13 21:31:41
----- directory before running:
.:
total 100
-rw-r--r--. 1 cfreer zh 11624 Jan 13 21:31 Cert_271036-284044_13TeV_ReReco_07Aug2017_Collisions16_JSON.txt
-rw-r--r--. 1 cfreer zh 14638 Jan 13 21:31 Cert_294927-306462_13TeV_EOY2017ReReco_Collisions17_JSON_v1.txt
-rw-r--r--. 1 cfreer zh 13968 Jan 13 21:31 Cert_314472-325175_13TeV_17SeptEarlyReReco2018ABC_PromptEraD_Collisions18_JSON.txt
-rw-r--r--. 1 cfreer zh     0 Jan 13 21:31 _condor_stderr
-rw-r--r--. 1 cfreer zh    93 Jan 13 21:31 _condor_stdout
-rw-------. 1 cfreer zh  2626 Jan 13 21:31 cfreer.cc
-rw-r--r--. 1 cfreer zh 16092 Jan 13 21:31 combineHLT_Run2.yaml
-rw-r--r--. 1 cfreer zh 10051 Jan 13 21:31 condor_Run2_proc.py
-rwxr-xr-x. 1 cfreer zh   963 Jan 13 21:31 condor_exec.exe
-rwxr-xr-x. 1 cfreer zh  2559 Jan 13 21:31 haddnano.py
-rw-r--r--. 1 cfreer zh   499 Jan 13 21:31 keep_and_drop.txt
drwx------. 3 cfreer zh  4096 Jan 13 21:31 tmp
drwx------. 3 cfreer zh  4096 Jan 13 21:31 var

./tmp:
total 4
drwxr-xr-x. 3 cfreer zh 4096 Jan 13 21:31 mjf-cfreer

./tmp/mjf-cfreer:
total 4
drwxr-xr-x. 2 cfreer zh 4096 Jan 13 21:31 jobfeatures-bigbird09.cern.ch_3299219.0_1578947285

./tmp/mjf-cfreer/jobfeatures-bigbird09.cern.ch_3299219.0_1578947285:
total 28
-rw-r--r--. 1 cfreer zh  1 Jan 13 21:31 allocated_cpu
-rw-r--r--. 1 cfreer zh  6 Jan 13 21:31 cpu_limit_secs
-rw-r--r--. 1 cfreer zh 38 Jan 13 21:31 job_id
-rw-r--r--. 1 cfreer zh 10 Jan 13 21:31 jobstart_secs
-rw-r--r--. 1 cfreer zh 10 Jan 13 21:31 max_rss_bytes
-rw-r--r--. 1 cfreer zh 11 Jan 13 21:31 scratch_limit_bytes
-rw-r--r--. 1 cfreer zh  6 Jan 13 21:31 wall_limit_secs

./var:
total 4
drwx------. 2 cfreer zh 4096 Jan 13 21:31 tmp

./var/tmp:
total 0
----- CMSSW BASE, python path, pwd:
+ CMSSW_BASE  = /afs/cern.ch/work/c/cfreer/MonoZ_2019/MT_plots/CMSSW_10_6_4
+ PYTHON_PATH = 
+ PWD         = /pool/condor/dir_9293
----- Found Proxy in: /afs/cern.ch/user/c/cfreer/x509up_u85831
/store/mc/RunIISummer16NanoAODv5/ADDMonoZ_ZtoLL_MD-2_d-6_TuneCUETP8M1_13TeV-pythia8/NANOAODSIM/PUMoriond17_Nano1June2019_102X_mcRun2_asymptotic_v7-v1/40000/BEDCC723-FC5E-5141-BC14-35A7D19C7849.root  ->  root://eoscms.cern.ch//eos/cms/store/mc/RunIISummer16NanoAODv5/ADDMonoZ_ZtoLL_MD-2_d-6_TuneCUETP8M1_13TeV-pythia8/NANOAODSIM/PUMoriond17_Nano1June2019_102X_mcRun2_asymptotic_v7-v1/40000/BEDCC723-FC5E-5141-BC14-35A7D19C7849.root
Testing file open
---------------------------
 -- options  =  Namespace(dataset='X', doSyst=1, era='2016', infile='root://cms-xrd-global.cern.ch//store/mc/RunIISummer16NanoAODv5/ADDMonoZ_ZtoLL_MD-2_d-6_TuneCUETP8M1_13TeV-pythia8/NANOAODSIM/PUMoriond17_Nano1June2019_102X_mcRun2_asymptotic_v7-v1/40000/BEDCC723-FC5E-5141-BC14-35A7D19C7849.root', isMC=1, jobNum=0, json=None, nevt=-1)
 -- is MC    =  1
 -- jobNum   =  0
 -- era      =  2016
 -- in file  =  root://cms-xrd-global.cern.ch//store/mc/RunIISummer16NanoAODv5/ADDMonoZ_ZtoLL_MD-2_d-6_TuneCUETP8M1_13TeV-pythia8/NANOAODSIM/PUMoriond17_Nano1June2019_102X_mcRun2_asymptotic_v7-v1/40000/BEDCC723-FC5E-5141-BC14-35A7D19C7849.root
 -- dataset  =  X
---------------------------
[check] condtag_ ==  PUMoriond17_Nano1June2019_102X_mcRun2_asymptotic_v7-v1
[check] dataset  ==  ADDMonoZ_ZtoLL_MD-2_d-6_TuneCUETP8M1_13TeV-pythia8
Loading btagSF weights for deep-CSV (b) algorithm from file '/afs/cern.ch/work/c/cfreer/MonoZ_2019/MT_plots/CMSSW_10_6_4/src/PhysicsTools/NanoAODTools/data/btagSF/DeepCSV_2016LegacySF_V1.csv'
Load Library 'CondFormatsBTauObjects'
Load Library 'CondToolsBTau'
Loading C++ helper from /afs/cern.ch/work/c/cfreer/MonoZ_2019/MT_plots/CMSSW_10_6_4/src/PhysicsTools/NanoAODTools/python/postprocessing/data/roccor.Run2.v3/RoccoR.cc
Load C++ Worker
/afs/cern.ch/work/c/cfreer/MonoZ_2019/MT_plots/CMSSW_10_6_4/src/PhysicsTools/MonoZ/data/Nvtx/npvWeights_2016.root
/afs/cern.ch/work/c/cfreer/MonoZ_2019/MT_plots/CMSSW_10_6_4/src/PhysicsTools/MonoZ/data/BTagEff/BTagEff_2016.root
modules :  <PhysicsTools.MonoZ.GenWeightProducer.GenWeightProducer object at 0x2ac8881f7510>
modules :  <PhysicsTools.NanoAODTools.postprocessing.modules.common.puWeightProducer.puWeightProducer object at 0x2ac8881f7550>
modules :  <PhysicsTools.NanoAODTools.postprocessing.modules.common.PrefireCorr.PrefCorr object at 0x2ac8890b2550>
modules :  <PhysicsTools.NanoAODTools.postprocessing.modules.jme.jetmetUncertainties.jetmetUncertaintiesProducer object at 0x2ac8890b63d0>
modules :  <PhysicsTools.NanoAODTools.postprocessing.modules.btv.btagSFProducer.btagSFProducer object at 0x2ac8890d5cd0>
modules :  <PhysicsTools.NanoAODTools.postprocessing.modules.common.muonScaleResProducer.muonScaleResProducer object at 0x2ac8890d5d10>
modules :  <PhysicsTools.NanoAODTools.postprocessing.modules.common.lepSFProducer.lepSFProducer object at 0x2ac8890e5790>
modules :  <PhysicsTools.MonoZ.NvtxPUreweight.nvtxWeightProducer object at 0x2ac8890e9050>
modules :  <PhysicsTools.MonoZ.MonoZProducer.MonoZProducer object at 0x2ac8890e9090>
modules :  <PhysicsTools.MonoZ.TriggerSFProducer.TriggerSFProducer object at 0x2ac8890e90d0>
modules :  <PhysicsTools.MonoZ.BtagEventWeightProducer.BtagEventWeightProducer object at 0x2ac8890e9110>
modules :  <PhysicsTools.MonoZ.MonoZWSProducer.MonoZWSProducer object at 0x2ac8890e9150>
modules :  <PhysicsTools.MonoZ.MonoZProducer.MonoZProducer object at 0x2ac8890e9210>
modules :  <PhysicsTools.MonoZ.MonoZWSProducer.MonoZWSProducer object at 0x2ac8890e9250>
modules :  <PhysicsTools.MonoZ.MonoZProducer.MonoZProducer object at 0x2ac8890e9290>
modules :  <PhysicsTools.MonoZ.MonoZWSProducer.MonoZWSProducer object at 0x2ac8890e92d0>
modules :  <PhysicsTools.MonoZ.MonoZProducer.MonoZProducer object at 0x2ac8890e9310>
modules :  <PhysicsTools.MonoZ.MonoZWSProducer.MonoZWSProducer object at 0x2ac8890e9350>
modules :  <PhysicsTools.MonoZ.MonoZProducer.MonoZProducer object at 0x2ac8890e9390>
modules :  <PhysicsTools.MonoZ.MonoZWSProducer.MonoZWSProducer object at 0x2ac8890e93d0>
modules :  <PhysicsTools.MonoZ.MonoZProducer.MonoZProducer object at 0x2ac8890e9410>
modules :  <PhysicsTools.MonoZ.MonoZWSProducer.MonoZWSProducer object at 0x2ac8890e9450>
modules :  <PhysicsTools.MonoZ.MonoZProducer.MonoZProducer object at 0x2ac8890e9490>
modules :  <PhysicsTools.MonoZ.MonoZWSProducer.MonoZWSProducer object at 0x2ac8890e94d0>
modules :  <PhysicsTools.MonoZ.MonoZProducer.MonoZProducer object at 0x2ac8890e9510>
modules :  <PhysicsTools.MonoZ.MonoZWSProducer.MonoZWSProducer object at 0x2ac8890e9550>
modules :  <PhysicsTools.MonoZ.MonoZProducer.MonoZProducer object at 0x2ac8890e9590>
modules :  <PhysicsTools.MonoZ.MonoZWSProducer.MonoZWSProducer object at 0x2ac8890e95d0>
modules :  <PhysicsTools.MonoZ.MonoZWSProducer.MonoZWSProducer object at 0x2ac8890e9610>
modules :  <PhysicsTools.MonoZ.MonoZWSProducer.MonoZWSProducer object at 0x2ac8890e9650>
modules :  <PhysicsTools.MonoZ.MonoZWSProducer.MonoZWSProducer object at 0x2ac8890e9690>
modules :  <PhysicsTools.MonoZ.MonoZWSProducer.MonoZWSProducer object at 0x2ac8890e96d0>
modules :  <PhysicsTools.MonoZ.MonoZWSProducer.MonoZWSProducer object at 0x2ac8890e9710>
modules :  <PhysicsTools.MonoZ.MonoZWSProducer.MonoZWSProducer object at 0x2ac8890e9750>
modules :  <PhysicsTools.MonoZ.MonoZWSProducer.MonoZWSProducer object at 0x2ac8890e9790>
modules :  <PhysicsTools.MonoZ.MonoZWSProducer.MonoZWSProducer object at 0x2ac8890e97d0>
modules :  <PhysicsTools.MonoZ.MonoZWSProducer.MonoZWSProducer object at 0x2ac8890e9810>
modules :  <PhysicsTools.MonoZ.MonoZWSProducer.MonoZWSProducer object at 0x2ac8890e9850>
modules :  <PhysicsTools.MonoZ.MonoZWSProducer.MonoZWSProducer object at 0x2ac8890e9890>
modules :  <PhysicsTools.MonoZ.MonoZWSProducer.MonoZWSProducer object at 0x2ac8890e98d0>
modules :  <PhysicsTools.MonoZ.MonoZWSProducer.MonoZWSProducer object at 0x2ac8890e9910>
modules :  <PhysicsTools.MonoZ.MonoZWSProducer.MonoZWSProducer object at 0x2ac8890e9990>
modules :  <PhysicsTools.MonoZ.MonoZWSProducer.MonoZWSProducer object at 0x2ac8890e9a10>
modules :  <PhysicsTools.MonoZ.MonoZWSProducer.MonoZWSProducer object at 0x2ac8890e9a90>
modules :  <PhysicsTools.MonoZ.MonoZWSProducer.MonoZWSProducer object at 0x2ac8890e9b10>
modules :  <PhysicsTools.MonoZ.MonoZWSProducer.MonoZWSProducer object at 0x2ac8890e9b50>
modules :  <PhysicsTools.MonoZ.MonoZWSProducer.MonoZWSProducer object at 0x2ac8890e9b90>
modules :  <PhysicsTools.MonoZ.MonoZWSProducer.MonoZWSProducer object at 0x2ac8890e9bd0>
modules :  <PhysicsTools.MonoZ.MonoZWSProducer.MonoZWSProducer object at 0x2ac8890e9c10>
modules :  <PhysicsTools.MonoZ.MonoZWSProducer.MonoZWSProducer object at 0x2ac8890e9c50>
modules :  <PhysicsTools.MonoZ.MonoZWSProducer.MonoZWSProducer object at 0x2ac8890e9c90>
modules :  <PhysicsTools.MonoZ.MonoZWSProducer.MonoZWSProducer object at 0x2ac8890e9d10>
Selection :  ((Sum$(Electron_pt>20 & &abs(Electron_eta)<2.5) + Sum$(Muon_pt>20 && abs(Muon_eta)<2.5) )>=2)&& Flag_METFilters
Will write selected trees to .
Loading jet energy scale (JES) uncertainties from file '/pool/condor/dir_9293/tmp/tmpd9FDOt/Summer16_07Aug2017_V11_MC_UncertaintySources_AK4PFchs.txt'
Loading jet energy resolutions (JER) from file '/pool/condor/dir_9293/tmp/tmpx1FByM/Summer16_25nsV1_MC_PtResolution_AK4PFchs.txt'
Loading JER scale factors and uncertainties from file '/pool/condor/dir_9293/tmp/tmpx1FByM/Summer16_25nsV1_MC_SF_AK4PFchs.txt'
 --> opening this file : /afs/cern.ch/work/c/cfreer/MonoZ_2019/MT_plots/CMSSW_10_6_4/src/PhysicsTools/NanoAODTools/python/postprocessing/data/leptonSF/2016_Mu_Trg.root
Loading histogram IsoMu24_OR_IsoTkMu24_PtEtaBins/pt_abseta_ratio from file /afs/cern.ch/work/c/cfreer/MonoZ_2019/MT_plots/CMSSW_10_6_4/src/PhysicsTools/NanoAODTools/python/postprocessing/data/leptonSF/2016_Mu_Trg.root... 
---- doing a push_back
---- closing the file
---- file closed
 --> opening this file : /afs/cern.ch/work/c/cfreer/MonoZ_2019/MT_plots/CMSSW_10_6_4/src/PhysicsTools/NanoAODTools/python/postprocessing/data/leptonSF/2016_Mu_ID.root
Loading histogram MC_NUM_LooseID_DEN_genTracks_PAR_pt_eta/pt_abseta_ratio from file /afs/cern.ch/work/c/cfreer/MonoZ_2019/MT_plots/CMSSW_10_6_4/src/PhysicsTools/NanoAODTools/python/postprocessing/data/leptonSF/2016_Mu_ID.root... 
---- doing a push_back
---- closing the file
---- file closed
 --> opening this file : /afs/cern.ch/work/c/cfreer/MonoZ_2019/MT_plots/CMSSW_10_6_4/src/PhysicsTools/NanoAODTools/python/postprocessing/data/leptonSF/2016_Mu_Iso.root
Loading histogram LooseISO_LooseID_pt_eta/pt_abseta_ratio from file /afs/cern.ch/work/c/cfreer/MonoZ_2019/MT_plots/CMSSW_10_6_4/src/PhysicsTools/NanoAODTools/python/postprocessing/data/leptonSF/2016_Mu_Iso.root... 
---- doing a push_back
---- closing the file
---- file closed
---- the end of the init function 
 --> opening this file : /afs/cern.ch/work/c/cfreer/MonoZ_2019/MT_plots/CMSSW_10_6_4/src/PhysicsTools/NanoAODTools/python/postprocessing/data/leptonSF/2016_El_EGM2D_eleGSF.root
Loading histogram EGamma_SF2D from file /afs/cern.ch/work/c/cfreer/MonoZ_2019/MT_plots/CMSSW_10_6_4/src/PhysicsTools/NanoAODTools/python/postprocessing/data/leptonSF/2016_El_EGM2D_eleGSF.root... 
---- doing a push_back
---- closing the file
---- file closed
 --> opening this file : /afs/cern.ch/work/c/cfreer/MonoZ_2019/MT_plots/CMSSW_10_6_4/src/PhysicsTools/NanoAODTools/python/postprocessing/data/leptonSF/2016_El_EGM2D_eleMVA90.root
Loading histogram EGamma_SF2D from file /afs/cern.ch/work/c/cfreer/MonoZ_2019/MT_plots/CMSSW_10_6_4/src/PhysicsTools/NanoAODTools/python/postprocessing/data/leptonSF/2016_El_EGM2D_eleMVA90.root... 
---- doing a push_back
---- closing the file
---- file closed
---- the end of the init function 
Pre-select 64447 entries out of 100000 (64.45%)
Computing PU profile for this file
----- transfert output to eos :
----- directory after running :
.:
total 2324
-rw-r--r--. 1 cfreer zh 2257831 Jan 13 21:35 BEDCC723-FC5E-5141-BC14-35A7D19C7849_Skim.root
-rw-r--r--. 1 cfreer zh   11624 Jan 13 21:31 Cert_271036-284044_13TeV_ReReco_07Aug2017_Collisions16_JSON.txt
-rw-r--r--. 1 cfreer zh   14638 Jan 13 21:31 Cert_294927-306462_13TeV_EOY2017ReReco_Collisions17_JSON_v1.txt
-rw-r--r--. 1 cfreer zh   13968 Jan 13 21:31 Cert_314472-325175_13TeV_17SeptEarlyReReco2018ABC_PromptEraD_Collisions18_JSON.txt
-rw-r--r--. 1 cfreer zh    2015 Jan 13 21:36 _condor_stderr
-rw-r--r--. 1 cfreer zh   11805 Jan 13 21:36 _condor_stdout
-rw-------. 1 cfreer zh    4882 Jan 13 21:31 cfreer.cc
-rw-r--r--. 1 cfreer zh   16092 Jan 13 21:31 combineHLT_Run2.yaml
-rw-r--r--. 1 cfreer zh   10051 Jan 13 21:31 condor_Run2_proc.py
-rwxr-xr-x. 1 cfreer zh     963 Jan 13 21:31 condor_exec.exe
-rwxr-xr-x. 1 cfreer zh    2559 Jan 13 21:31 haddnano.py
-rw-r--r--. 1 cfreer zh     499 Jan 13 21:31 keep_and_drop.txt
drwx------. 5 cfreer zh    4096 Jan 13 21:31 tmp
drwx------. 3 cfreer zh    4096 Jan 13 21:31 var

./tmp:
total 12
drwxr-xr-x. 3 cfreer zh 4096 Jan 13 21:31 mjf-cfreer
drwx------. 2 cfreer zh 4096 Jan 13 21:31 tmpd9FDOt
drwx------. 2 cfreer zh 4096 Jan 13 21:31 tmpx1FByM

./tmp/mjf-cfreer:
total 4
drwxr-xr-x. 2 cfreer zh 4096 Jan 13 21:31 jobfeatures-bigbird09.cern.ch_3299219.0_1578947285

./tmp/mjf-cfreer/jobfeatures-bigbird09.cern.ch_3299219.0_1578947285:
total 28
-rw-r--r--. 1 cfreer zh  1 Jan 13 21:31 allocated_cpu
-rw-r--r--. 1 cfreer zh  6 Jan 13 21:31 cpu_limit_secs
-rw-r--r--. 1 cfreer zh 38 Jan 13 21:31 job_id
-rw-r--r--. 1 cfreer zh 10 Jan 13 21:31 jobstart_secs
-rw-r--r--. 1 cfreer zh 10 Jan 13 21:31 max_rss_bytes
-rw-r--r--. 1 cfreer zh 11 Jan 13 21:31 scratch_limit_bytes
-rw-r--r--. 1 cfreer zh  6 Jan 13 21:31 wall_limit_secs

./tmp/tmpd9FDOt:
total 20692
-rw-r--r--. 1 cfreer zh   15365 May 11  2018 Summer16_07Aug2017_V11_MC_L1FastJet_AK4Calo.txt
-rw-r--r--. 1 cfreer zh   15365 May 11  2018 Summer16_07Aug2017_V11_MC_L1FastJet_AK4JPT.txt
-rwxr-xr-x. 1 cfreer zh   11986 May 11  2018 Summer16_07Aug2017_V11_MC_L1FastJet_AK4PF.txt
-rwxr-xr-x. 1 cfreer zh     150 May 11  2018 Summer16_07Aug2017_V11_MC_L1FastJet_AK4PFPuppi.txt
-rwxr-xr-x. 1 cfreer zh   12311 May 11  2018 Summer16_07Aug2017_V11_MC_L1FastJet_AK4PFchs.txt
-rwxr-xr-x. 1 cfreer zh   11986 May 11  2018 Summer16_07Aug2017_V11_MC_L1FastJet_AK8PF.txt
-rwxr-xr-x. 1 cfreer zh     150 May 11  2018 Summer16_07Aug2017_V11_MC_L1FastJet_AK8PFPuppi.txt
-rwxr-xr-x. 1 cfreer zh   11986 May 11  2018 Summer16_07Aug2017_V11_MC_L1FastJet_AK8PFchs.txt
-rw-r--r--. 1 cfreer zh    5352 May 11  2018 Summer16_07Aug2017_V11_MC_L1JPTOffset_AK4JPT.txt
-rw-r--r--. 1 cfreer zh    8651 May 11  2018 Summer16_07Aug2017_V11_MC_L1RC_AK4PF.txt
-rw-r--r--. 1 cfreer zh    8651 May 11  2018 Summer16_07Aug2017_V11_MC_L1RC_AK4PFchs.txt
-rw-r--r--. 1 cfreer zh    8651 May 11  2018 Summer16_07Aug2017_V11_MC_L1RC_AK8PF.txt
-rw-r--r--. 1 cfreer zh    8651 May 11  2018 Summer16_07Aug2017_V11_MC_L1RC_AK8PFchs.txt
-rw-r--r--. 1 cfreer zh     176 May 11  2018 Summer16_07Aug2017_V11_MC_L2L3Residual_AK4Calo.txt
-rw-r--r--. 1 cfreer zh     176 May 11  2018 Summer16_07Aug2017_V11_MC_L2L3Residual_AK4JPT.txt
-rw-r--r--. 1 cfreer zh     176 May 11  2018 Summer16_07Aug2017_V11_MC_L2L3Residual_AK4PF.txt
-rw-r--r--. 1 cfreer zh     176 May 11  2018 Summer16_07Aug2017_V11_MC_L2L3Residual_AK4PFPuppi.txt
-rw-r--r--. 1 cfreer zh     176 May 11  2018 Summer16_07Aug2017_V11_MC_L2L3Residual_AK4PFchs.txt
-rw-r--r--. 1 cfreer zh     176 May 11  2018 Summer16_07Aug2017_V11_MC_L2L3Residual_AK8PF.txt
-rw-r--r--. 1 cfreer zh     176 May 11  2018 Summer16_07Aug2017_V11_MC_L2L3Residual_AK8PFPuppi.txt
-rw-r--r--. 1 cfreer zh     176 May 11  2018 Summer16_07Aug2017_V11_MC_L2L3Residual_AK8PFchs.txt
-rw-r--r--. 1 cfreer zh   15463 May 11  2018 Summer16_07Aug2017_V11_MC_L2Relative_AK4Calo.txt
-rw-r--r--. 1 cfreer zh   15462 May 11  2018 Summer16_07Aug2017_V11_MC_L2Relative_AK4JPT.txt
-rw-r--r--. 1 cfreer zh  451342 May 11  2018 Summer16_07Aug2017_V11_MC_L2Relative_AK4PF.txt
-rw-r--r--. 1 cfreer zh  455324 May 11  2018 Summer16_07Aug2017_V11_MC_L2Relative_AK4PFPuppi.txt
-rw-r--r--. 1 cfreer zh  452043 May 11  2018 Summer16_07Aug2017_V11_MC_L2Relative_AK4PFchs.txt
-rw-r--r--. 1 cfreer zh  451885 May 11  2018 Summer16_07Aug2017_V11_MC_L2Relative_AK8PF.txt
-rw-r--r--. 1 cfreer zh  456229 May 11  2018 Summer16_07Aug2017_V11_MC_L2Relative_AK8PFPuppi.txt
-rw-r--r--. 1 cfreer zh  452066 May 11  2018 Summer16_07Aug2017_V11_MC_L2Relative_AK8PFchs.txt
-rw-r--r--. 1 cfreer zh     176 May 11  2018 Summer16_07Aug2017_V11_MC_L2Residual_AK4PF.txt
-rw-r--r--. 1 cfreer zh     176 May 11  2018 Summer16_07Aug2017_V11_MC_L2Residual_AK4PFPuppi.txt
-rw-r--r--. 1 cfreer zh     176 May 11  2018 Summer16_07Aug2017_V11_MC_L2Residual_AK4PFchs.txt
-rw-r--r--. 1 cfreer zh     176 May 11  2018 Summer16_07Aug2017_V11_MC_L2Residual_AK8PF.txt
-rw-r--r--. 1 cfreer zh     176 May 11  2018 Summer16_07Aug2017_V11_MC_L2Residual_AK8PFPuppi.txt
-rw-r--r--. 1 cfreer zh     176 May 11  2018 Summer16_07Aug2017_V11_MC_L2Residual_AK8PFchs.txt
-rw-r--r--. 1 cfreer zh     105 May 11  2018 Summer16_07Aug2017_V11_MC_L3Absolute_AK4Calo.txt
-rw-r--r--. 1 cfreer zh     105 May 11  2018 Summer16_07Aug2017_V11_MC_L3Absolute_AK4JPT.txt
-rwxr-xr-x. 1 cfreer zh     177 May 11  2018 Summer16_07Aug2017_V11_MC_L3Absolute_AK4PF.txt
-rwxr-xr-x. 1 cfreer zh     177 May 11  2018 Summer16_07Aug2017_V11_MC_L3Absolute_AK4PFPuppi.txt
-rwxr-xr-x. 1 cfreer zh     177 May 11  2018 Summer16_07Aug2017_V11_MC_L3Absolute_AK4PFchs.txt
-rwxr-xr-x. 1 cfreer zh     177 May 11  2018 Summer16_07Aug2017_V11_MC_L3Absolute_AK8PF.txt
-rwxr-xr-x. 1 cfreer zh     177 May 11  2018 Summer16_07Aug2017_V11_MC_L3Absolute_AK8PFPuppi.txt
-rwxr-xr-x. 1 cfreer zh     177 May 11  2018 Summer16_07Aug2017_V11_MC_L3Absolute_AK8PFchs.txt
-rw-r--r--. 1 cfreer zh 2228172 May 11  2018 Summer16_07Aug2017_V11_MC_UncertaintySources_AK4Calo.txt
-rw-r--r--. 1 cfreer zh 2228172 May 11  2018 Summer16_07Aug2017_V11_MC_UncertaintySources_AK4JPT.txt
-rw-r--r--. 1 cfreer zh 2230202 May 11  2018 Summer16_07Aug2017_V11_MC_UncertaintySources_AK4PF.txt
-rw-r--r--. 1 cfreer zh 2230202 May 11  2018 Summer16_07Aug2017_V11_MC_UncertaintySources_AK4PFPuppi.txt
-rw-r--r--. 1 cfreer zh 2230202 May 11  2018 Summer16_07Aug2017_V11_MC_UncertaintySources_AK4PFchs.txt
-rw-r--r--. 1 cfreer zh 2230202 May 11  2018 Summer16_07Aug2017_V11_MC_UncertaintySources_AK8PF.txt
-rw-r--r--. 1 cfreer zh 2230202 May 11  2018 Summer16_07Aug2017_V11_MC_UncertaintySources_AK8PFPuppi.txt
-rw-r--r--. 1 cfreer zh 2230202 May 11  2018 Summer16_07Aug2017_V11_MC_UncertaintySources_AK8PFchs.txt
-rw-r--r--. 1 cfreer zh   40604 May 11  2018 Summer16_07Aug2017_V11_MC_Uncertainty_AK4Calo.txt
-rw-r--r--. 1 cfreer zh   40604 May 11  2018 Summer16_07Aug2017_V11_MC_Uncertainty_AK4JPT.txt
-rw-r--r--. 1 cfreer zh   40604 May 11  2018 Summer16_07Aug2017_V11_MC_Uncertainty_AK4PF.txt
-rw-r--r--. 1 cfreer zh   40604 May 11  2018 Summer16_07Aug2017_V11_MC_Uncertainty_AK4PFPuppi.txt
-rw-r--r--. 1 cfreer zh   40604 May 11  2018 Summer16_07Aug2017_V11_MC_Uncertainty_AK4PFchs.txt
-rw-r--r--. 1 cfreer zh   40604 May 11  2018 Summer16_07Aug2017_V11_MC_Uncertainty_AK8PF.txt
-rw-r--r--. 1 cfreer zh   40604 May 11  2018 Summer16_07Aug2017_V11_MC_Uncertainty_AK8PFPuppi.txt
-rw-r--r--. 1 cfreer zh   40604 May 11  2018 Summer16_07Aug2017_V11_MC_Uncertainty_AK8PFchs.txt

./tmp/tmpx1FByM:
total 408
-rw-rw-r--. 1 cfreer zh 17775 Apr  2  2019 Summer16_25nsV1_MC_EtaResolution_AK4PF.txt
-rw-rw-r--. 1 cfreer zh 17775 Apr  2  2019 Summer16_25nsV1_MC_EtaResolution_AK4PFPuppi.txt
-rw-rw-r--. 1 cfreer zh 17775 Apr  2  2019 Summer16_25nsV1_MC_EtaResolution_AK4PFchs.txt
-rw-rw-r--. 1 cfreer zh 17775 Apr  2  2019 Summer16_25nsV1_MC_EtaResolution_AK8PF.txt
-rw-rw-r--. 1 cfreer zh 17775 Apr  2  2019 Summer16_25nsV1_MC_EtaResolution_AK8PFPuppi.txt
-rw-rw-r--. 1 cfreer zh 17775 Apr  2  2019 Summer16_25nsV1_MC_EtaResolution_AK8PFchs.txt
-rw-rw-r--. 1 cfreer zh 17775 Apr  2  2019 Summer16_25nsV1_MC_PhiResolution_AK4PF.txt
-rw-rw-r--. 1 cfreer zh 17775 Apr  2  2019 Summer16_25nsV1_MC_PhiResolution_AK4PFPuppi.txt
-rw-rw-r--. 1 cfreer zh 17775 Apr  2  2019 Summer16_25nsV1_MC_PhiResolution_AK4PFchs.txt
-rw-rw-r--. 1 cfreer zh 17775 Apr  2  2019 Summer16_25nsV1_MC_PhiResolution_AK8PF.txt
-rw-rw-r--. 1 cfreer zh 17775 Apr  2  2019 Summer16_25nsV1_MC_PhiResolution_AK8PFPuppi.txt
-rw-rw-r--. 1 cfreer zh 17775 Apr  2  2019 Summer16_25nsV1_MC_PhiResolution_AK8PFchs.txt
-rw-rw-r--. 1 cfreer zh 20537 Apr  2  2019 Summer16_25nsV1_MC_PtResolution_AK4PF.txt
-rw-rw-r--. 1 cfreer zh 20537 Apr  2  2019 Summer16_25nsV1_MC_PtResolution_AK4PFPuppi.txt
-rw-rw-r--. 1 cfreer zh 20537 Apr  2  2019 Summer16_25nsV1_MC_PtResolution_AK4PFchs.txt
-rw-rw-r--. 1 cfreer zh 20537 Apr  2  2019 Summer16_25nsV1_MC_PtResolution_AK8PF.txt
-rw-rw-r--. 1 cfreer zh 20537 Apr  2  2019 Summer16_25nsV1_MC_PtResolution_AK8PFPuppi.txt
-rw-rw-r--. 1 cfreer zh 20537 Apr  2  2019 Summer16_25nsV1_MC_PtResolution_AK8PFchs.txt
-rw-rw-r--. 1 cfreer zh   956 Apr  2  2019 Summer16_25nsV1_MC_SF_AK4PF.txt
-rw-rw-r--. 1 cfreer zh   956 Apr  2  2019 Summer16_25nsV1_MC_SF_AK4PFPuppi.txt
-rw-rw-r--. 1 cfreer zh   956 Apr  2  2019 Summer16_25nsV1_MC_SF_AK4PFchs.txt
-rw-rw-r--. 1 cfreer zh   956 Apr  2  2019 Summer16_25nsV1_MC_SF_AK8PF.txt
-rw-rw-r--. 1 cfreer zh   956 Apr  2  2019 Summer16_25nsV1_MC_SF_AK8PFPuppi.txt
-rw-rw-r--. 1 cfreer zh   956 Apr  2  2019 Summer16_25nsV1_MC_SF_AK8PFchs.txt

./var:
total 4
drwx------. 2 cfreer zh 4096 Jan 13 21:31 tmp

./var/tmp:
total 0
 ------ THE END (everyone dies !) ----- 
