
/pool/condor/dir_5013

... start job at 2019-11-29 19:30:14
----- directory before running:
.:
total 52
-rw-r--r--. 1 cfreer zh     0 Nov 29 19:30 _condor_stderr
-rw-r--r--. 1 cfreer zh    93 Nov 29 19:30 _condor_stdout
-rw-------. 1 cfreer zh  2642 Nov 29 19:30 cfreer.cc
-rw-r--r--. 1 cfreer zh 16092 Nov 29 19:30 combineHLT_Run2.yaml
-rw-r--r--. 1 cfreer zh  5718 Nov 29 19:30 condor_WSProducer.py
-rwxr-xr-x. 1 cfreer zh   835 Nov 29 19:30 condor_exec.exe
-rwxr-xr-x. 1 cfreer zh  2559 Nov 29 19:30 haddnano.py
-rw-r--r--. 1 cfreer zh     8 Nov 29 19:30 keep_and_drop_WS.txt
drwx------. 3 cfreer zh  4096 Nov 29 19:30 tmp
drwx------. 3 cfreer zh  4096 Nov 29 19:30 var

./tmp:
total 4
drwxr-xr-x. 3 cfreer zh 4096 Nov 29 19:30 mjf-cfreer

./tmp/mjf-cfreer:
total 4
drwxr-xr-x. 2 cfreer zh 4096 Nov 29 19:30 jobfeatures-bigbird09.cern.ch_3029398.20_1574943164

./tmp/mjf-cfreer/jobfeatures-bigbird09.cern.ch_3029398.20_1574943164:
total 28
-rw-r--r--. 1 cfreer zh  1 Nov 29 19:30 allocated_cpu
-rw-r--r--. 1 cfreer zh  6 Nov 29 19:30 cpu_limit_secs
-rw-r--r--. 1 cfreer zh 39 Nov 29 19:30 job_id
-rw-r--r--. 1 cfreer zh 10 Nov 29 19:30 jobstart_secs
-rw-r--r--. 1 cfreer zh 10 Nov 29 19:30 max_rss_bytes
-rw-r--r--. 1 cfreer zh 10 Nov 29 19:30 scratch_limit_bytes
-rw-r--r--. 1 cfreer zh  6 Nov 29 19:30 wall_limit_secs

./var:
total 4
drwx------. 2 cfreer zh 4096 Nov 29 19:30 tmp

./var/tmp:
total 0
----- CMSSW BASE, python path, pwd:
+ CMSSW_BASE  = /afs/cern.ch/work/c/cfreer/MonoZ_2019/MT_plots/CMSSW_10_6_4
+ PYTHON_PATH = 
+ PWD         = /pool/condor/dir_5013
Adding file ./tree_27_Skim.root
Merging measMET_monoZ_catSignal-0jet
Merging MT_monoZ_catSignal-0jet
Merging measMET_monoZ_catEM
Merging MT_monoZ_catEM
Merging measMET_monoZ_catSignal-1jet
Merging MT_monoZ_catSignal-1jet
Merging measMET_monoZ_cat3L
Merging MT_monoZ_cat3L
Merging measMET_monoZ_cat4L
Merging MT_monoZ_cat4L
Merging measMET_monoZ_catNRB
Merging MT_monoZ_catNRB
Merging measMET_monoZ_catTOP
Merging MT_monoZ_catTOP
Merging measMET_monoZ_catDY
Merging MT_monoZ_catDY
Merging balance_monoZ
Merging phizmet_monoZ
Merging njet_monoZ
Merging Events
Merging Runs
Merging ParameterSets
Merging LuminosityBlocks
Merging MetaData
Merging MT_data_catSignal-1jet
Merging measMET_data_catTOP
Merging MT_data_catEM
Merging MT_data_catTOP
Merging measMET_data_catNRB
Merging phizmet_data
Merging measMET_data_cat3L
Merging njet_data
Merging untagged
Merging MT_data_cat3L
Merging measMET_data_cat4L
Merging measMET_data_catEM
Merging MT_data_catDY
Merging measMET_data_catSignal-0jet
Merging MT_data_cat4L
Merging balance_data
Merging MT_data_catNRB
Merging MT_data_catSignal-0jet
Merging measMET_data_catSignal-1jet
Merging measMET_data_catDY
/eos/cms/store/group/phys_exotica/monoZ/Exorcism2017/DoubleMuon_Run2017C-Nano1June2019-v1/tree_27.root  ->  /eos/cms/store/group/phys_exotica/monoZ/Exorcism2017/DoubleMuon_Run2017C-Nano1June2019-v1/tree_27.root
Testing file open
Test OK
---------------------------
 -- options  =  Namespace(dataset='X', doSyst=1, era='2017', infile='/eos/cms/store/group/phys_exotica/monoZ/Exorcism2017/DoubleMuon_Run2017C-Nano1June2019-v1/tree_27.root', isMC=0, jobNum=20, nevt=-1)
 -- is MC    =  0
 -- jobNum   =  20
 -- era      =  2017
 -- in file  =  /eos/cms/store/group/phys_exotica/monoZ/Exorcism2017/DoubleMuon_Run2017C-Nano1June2019-v1/tree_27.root
 -- dataset  =  X
---------------------------
modules :  <PhysicsTools.MonoZ.MonoZWSProducer.MonoZWSProducer object at 0x2b73a3eb5890>
Selection :  
Will write selected trees to .
Pre-select 17116 entries out of 17116 (100.00%)
Processed    10000/   17116 entries, 58.42% (elapsed time    22.5s, curr speed    0.444 kHz, avg speed    0.444 kHz), accepted    10001/   10001 events (100.00%)
Processed 17116 preselected entries from /eos/cms/store/group/phys_exotica/monoZ/Exorcism2017/DoubleMuon_Run2017C-Nano1June2019-v1/tree_27.root (17116 entries). Finally selected 17116 entries
Done ./tree_27_Skim.root
266.065599254 Hz
----- transfer output to eos :
----- directory after running :
.:
total 10500
-rw-r--r--. 1 cfreer zh    1207 Nov 29 19:31 FrameworkJobReport.xml
-rw-r--r--. 1 cfreer zh       0 Nov 29 19:30 _condor_stderr
-rw-r--r--. 1 cfreer zh    4048 Nov 29 19:31 _condor_stdout
-rw-------. 1 cfreer zh    4914 Nov 29 19:31 cfreer.cc
-rw-r--r--. 1 cfreer zh   16092 Nov 29 19:30 combineHLT_Run2.yaml
-rw-r--r--. 1 cfreer zh    5718 Nov 29 19:30 condor_WSProducer.py
-rwxr-xr-x. 1 cfreer zh     835 Nov 29 19:30 condor_exec.exe
-rwxr-xr-x. 1 cfreer zh    2559 Nov 29 19:30 haddnano.py
-rw-r--r--. 1 cfreer zh       8 Nov 29 19:30 keep_and_drop_WS.txt
drwx------. 3 cfreer zh    4096 Nov 29 19:30 tmp
-rw-r--r--. 1 cfreer zh 5342441 Nov 29 19:31 tree_20.root
-rw-r--r--. 1 cfreer zh 5342317 Nov 29 19:31 tree_27_Skim.root
drwx------. 3 cfreer zh    4096 Nov 29 19:30 var

./tmp:
total 4
drwxr-xr-x. 3 cfreer zh 4096 Nov 29 19:30 mjf-cfreer

./tmp/mjf-cfreer:
total 4
drwxr-xr-x. 2 cfreer zh 4096 Nov 29 19:30 jobfeatures-bigbird09.cern.ch_3029398.20_1574943164

./tmp/mjf-cfreer/jobfeatures-bigbird09.cern.ch_3029398.20_1574943164:
total 28
-rw-r--r--. 1 cfreer zh  1 Nov 29 19:30 allocated_cpu
-rw-r--r--. 1 cfreer zh  6 Nov 29 19:30 cpu_limit_secs
-rw-r--r--. 1 cfreer zh 39 Nov 29 19:30 job_id
-rw-r--r--. 1 cfreer zh 10 Nov 29 19:30 jobstart_secs
-rw-r--r--. 1 cfreer zh 10 Nov 29 19:30 max_rss_bytes
-rw-r--r--. 1 cfreer zh 10 Nov 29 19:30 scratch_limit_bytes
-rw-r--r--. 1 cfreer zh  6 Nov 29 19:30 wall_limit_secs

./var:
total 4
drwx------. 2 cfreer zh 4096 Nov 29 19:30 tmp

./var/tmp:
total 0
 ------ THE END (everyone dies !) ----- 
