
/pool/condor/dir_18136

... start job at 2019-11-29 18:36:14
----- directory before running:
.:
total 52
-rw-r--r--. 1 cfreer zh     0 Nov 29 18:36 _condor_stderr
-rw-r--r--. 1 cfreer zh    94 Nov 29 18:36 _condor_stdout
-rw-------. 1 cfreer zh  2642 Nov 29 18:36 cfreer.cc
-rw-r--r--. 1 cfreer zh 16092 Nov 29 18:36 combineHLT_Run2.yaml
-rw-r--r--. 1 cfreer zh  5718 Nov 29 18:36 condor_WSProducer.py
-rwxr-xr-x. 1 cfreer zh   839 Nov 29 18:36 condor_exec.exe
-rwxr-xr-x. 1 cfreer zh  2559 Nov 29 18:36 haddnano.py
-rw-r--r--. 1 cfreer zh     8 Nov 29 18:36 keep_and_drop_WS.txt
drwx------. 3 cfreer zh  4096 Nov 29 18:36 tmp
drwx------. 3 cfreer zh  4096 Nov 29 18:36 var

./tmp:
total 4
drwxr-xr-x. 3 cfreer zh 4096 Nov 29 18:36 mjf-cfreer

./tmp/mjf-cfreer:
total 4
drwxr-xr-x. 2 cfreer zh 4096 Nov 29 18:36 jobfeatures-bigbird09.cern.ch_3029365.54_1574942882

./tmp/mjf-cfreer/jobfeatures-bigbird09.cern.ch_3029365.54_1574942882:
total 28
-rw-r--r--. 1 cfreer zh  1 Nov 29 18:36 allocated_cpu
-rw-r--r--. 1 cfreer zh  6 Nov 29 18:36 cpu_limit_secs
-rw-r--r--. 1 cfreer zh 39 Nov 29 18:36 job_id
-rw-r--r--. 1 cfreer zh 10 Nov 29 18:36 jobstart_secs
-rw-r--r--. 1 cfreer zh 10 Nov 29 18:36 max_rss_bytes
-rw-r--r--. 1 cfreer zh 10 Nov 29 18:36 scratch_limit_bytes
-rw-r--r--. 1 cfreer zh  6 Nov 29 18:36 wall_limit_secs

./var:
total 4
drwx------. 2 cfreer zh 4096 Nov 29 18:36 tmp

./var/tmp:
total 0
----- CMSSW BASE, python path, pwd:
+ CMSSW_BASE  = /afs/cern.ch/work/c/cfreer/MonoZ_2019/MT_plots/CMSSW_10_6_4
+ PYTHON_PATH = 
+ PWD         = /pool/condor/dir_18136
Adding file ./tree_58_Skim.root
Merging measMET_monoZ_catSignal-0jet
Merging MT_monoZ_catSignal-0jet
Merging measMET_monoZ_catEM
Merging MT_monoZ_catEM
Merging measMET_monoZ_catSignal-1jet
Merging MT_monoZ_catSignal-1jet
Merging measMET_monoZ_cat3L
Merging MT_monoZ_cat3L
Merging measMET_monoZ_cat4L
Merging MT_monoZ_cat4L
Merging measMET_monoZ_catNRB
Merging MT_monoZ_catNRB
Merging measMET_monoZ_catTOP
Merging MT_monoZ_catTOP
Merging measMET_monoZ_catDY
Merging MT_monoZ_catDY
Merging balance_monoZ
Merging phizmet_monoZ
Merging njet_monoZ
Merging Events
Merging Runs
Merging ParameterSets
Merging LuminosityBlocks
Merging MetaData
Merging MT_data_catSignal-1jet
Merging measMET_data_catTOP
Merging MT_data_catEM
Merging MT_data_catTOP
Merging measMET_data_catNRB
Merging phizmet_data
Merging measMET_data_cat3L
Merging njet_data
Merging untagged
Merging MT_data_cat3L
Merging measMET_data_cat4L
Merging measMET_data_catEM
Merging MT_data_catDY
Merging measMET_data_catSignal-0jet
Merging MT_data_cat4L
Merging balance_data
Merging MT_data_catNRB
Merging MT_data_catSignal-0jet
Merging measMET_data_catSignal-1jet
Merging measMET_data_catDY
/eos/cms/store/group/phys_exotica/monoZ/Exorcism2017/SingleElectron_Run2017E-Nano1June2019-v1/tree_58.root  ->  /eos/cms/store/group/phys_exotica/monoZ/Exorcism2017/SingleElectron_Run2017E-Nano1June2019-v1/tree_58.root
Testing file open
Test OK
---------------------------
 -- options  =  Namespace(dataset='X', doSyst=1, era='2017', infile='/eos/cms/store/group/phys_exotica/monoZ/Exorcism2017/SingleElectron_Run2017E-Nano1June2019-v1/tree_58.root', isMC=0, jobNum=54, nevt=-1)
 -- is MC    =  0
 -- jobNum   =  54
 -- era      =  2017
 -- in file  =  /eos/cms/store/group/phys_exotica/monoZ/Exorcism2017/SingleElectron_Run2017E-Nano1June2019-v1/tree_58.root
 -- dataset  =  X
---------------------------
modules :  <PhysicsTools.MonoZ.MonoZWSProducer.MonoZWSProducer object at 0x2ba9edcca890>
Selection :  
Will write selected trees to .
Pre-select 21 entries out of 21 (100.00%)
Processed 21 preselected entries from /eos/cms/store/group/phys_exotica/monoZ/Exorcism2017/SingleElectron_Run2017E-Nano1June2019-v1/tree_58.root (21 entries). Finally selected 21 entries
Done ./tree_58_Skim.root
1.67330677291 Hz
----- transfer output to eos :
----- directory after running :
.:
total 7868
-rw-r--r--. 1 cfreer zh    1208 Nov 29 18:36 FrameworkJobReport.xml
-rw-r--r--. 1 cfreer zh       0 Nov 29 18:36 _condor_stderr
-rw-r--r--. 1 cfreer zh    3893 Nov 29 18:36 _condor_stdout
-rw-------. 1 cfreer zh    4914 Nov 29 18:36 cfreer.cc
-rw-r--r--. 1 cfreer zh   16092 Nov 29 18:36 combineHLT_Run2.yaml
-rw-r--r--. 1 cfreer zh    5718 Nov 29 18:36 condor_WSProducer.py
-rwxr-xr-x. 1 cfreer zh     839 Nov 29 18:36 condor_exec.exe
-rwxr-xr-x. 1 cfreer zh    2559 Nov 29 18:36 haddnano.py
-rw-r--r--. 1 cfreer zh       8 Nov 29 18:36 keep_and_drop_WS.txt
drwx------. 3 cfreer zh    4096 Nov 29 18:36 tmp
-rw-r--r--. 1 cfreer zh 3997323 Nov 29 18:36 tree_54.root
-rw-r--r--. 1 cfreer zh 3997199 Nov 29 18:36 tree_58_Skim.root
drwx------. 3 cfreer zh    4096 Nov 29 18:36 var

./tmp:
total 4
drwxr-xr-x. 3 cfreer zh 4096 Nov 29 18:36 mjf-cfreer

./tmp/mjf-cfreer:
total 4
drwxr-xr-x. 2 cfreer zh 4096 Nov 29 18:36 jobfeatures-bigbird09.cern.ch_3029365.54_1574942882

./tmp/mjf-cfreer/jobfeatures-bigbird09.cern.ch_3029365.54_1574942882:
total 28
-rw-r--r--. 1 cfreer zh  1 Nov 29 18:36 allocated_cpu
-rw-r--r--. 1 cfreer zh  6 Nov 29 18:36 cpu_limit_secs
-rw-r--r--. 1 cfreer zh 39 Nov 29 18:36 job_id
-rw-r--r--. 1 cfreer zh 10 Nov 29 18:36 jobstart_secs
-rw-r--r--. 1 cfreer zh 10 Nov 29 18:36 max_rss_bytes
-rw-r--r--. 1 cfreer zh 10 Nov 29 18:36 scratch_limit_bytes
-rw-r--r--. 1 cfreer zh  6 Nov 29 18:36 wall_limit_secs

./var:
total 4
drwx------. 2 cfreer zh 4096 Nov 29 18:36 tmp

./var/tmp:
total 0
 ------ THE END (everyone dies !) ----- 
