
/pool/condor/dir_18485

... start job at 2019-11-29 17:09:30
----- directory before running:
.:
total 52
-rw-r--r--. 1 cfreer zh     0 Nov 29 17:09 _condor_stderr
-rw-r--r--. 1 cfreer zh    94 Nov 29 17:09 _condor_stdout
-rw-------. 1 cfreer zh  2642 Nov 29 17:08 cfreer.cc
-rw-r--r--. 1 cfreer zh 16092 Nov 29 17:09 combineHLT_Run2.yaml
-rw-r--r--. 1 cfreer zh  5718 Nov 29 17:09 condor_WSProducer.py
-rwxr-xr-x. 1 cfreer zh   833 Nov 29 17:09 condor_exec.exe
-rwxr-xr-x. 1 cfreer zh  2559 Nov 29 17:09 haddnano.py
-rw-r--r--. 1 cfreer zh     8 Nov 29 17:09 keep_and_drop_WS.txt
drwx------. 3 cfreer zh  4096 Nov 29 17:09 tmp
drwx------. 3 cfreer zh  4096 Nov 29 17:09 var

./tmp:
total 4
drwxr-xr-x. 3 cfreer zh 4096 Nov 29 17:09 mjf-cfreer

./tmp/mjf-cfreer:
total 4
drwxr-xr-x. 2 cfreer zh 4096 Nov 29 17:09 jobfeatures-bigbird09.cern.ch_3029343.61_1574942751

./tmp/mjf-cfreer/jobfeatures-bigbird09.cern.ch_3029343.61_1574942751:
total 28
-rw-r--r--. 1 cfreer zh  1 Nov 29 17:09 allocated_cpu
-rw-r--r--. 1 cfreer zh  6 Nov 29 17:09 cpu_limit_secs
-rw-r--r--. 1 cfreer zh 39 Nov 29 17:09 job_id
-rw-r--r--. 1 cfreer zh 10 Nov 29 17:09 jobstart_secs
-rw-r--r--. 1 cfreer zh 10 Nov 29 17:09 max_rss_bytes
-rw-r--r--. 1 cfreer zh 10 Nov 29 17:09 scratch_limit_bytes
-rw-r--r--. 1 cfreer zh  6 Nov 29 17:09 wall_limit_secs

./var:
total 4
drwx------. 2 cfreer zh 4096 Nov 29 17:09 tmp

./var/tmp:
total 0
----- CMSSW BASE, python path, pwd:
+ CMSSW_BASE  = /afs/cern.ch/work/c/cfreer/MonoZ_2019/MT_plots/CMSSW_10_6_4
+ PYTHON_PATH = 
+ PWD         = /pool/condor/dir_18485
Adding file ./tree_64_Skim.root
Merging measMET_monoZ_catSignal-0jet
Merging MT_monoZ_catSignal-0jet
Merging measMET_monoZ_catEM
Merging MT_monoZ_catEM
Merging measMET_monoZ_catSignal-1jet
Merging MT_monoZ_catSignal-1jet
Merging measMET_monoZ_cat3L
Merging MT_monoZ_cat3L
Merging measMET_monoZ_cat4L
Merging MT_monoZ_cat4L
Merging measMET_monoZ_catNRB
Merging MT_monoZ_catNRB
Merging measMET_monoZ_catTOP
Merging MT_monoZ_catTOP
Merging measMET_monoZ_catDY
Merging MT_monoZ_catDY
Merging balance_monoZ
Merging phizmet_monoZ
Merging njet_monoZ
Merging Events
Merging Runs
Merging ParameterSets
Merging LuminosityBlocks
Merging MetaData
Merging MT_data_catSignal-1jet
Merging measMET_data_catTOP
Merging MT_data_catEM
Merging MT_data_catTOP
Merging measMET_data_catNRB
Merging phizmet_data
Merging measMET_data_cat3L
Merging njet_data
Merging untagged
Merging MT_data_cat3L
Merging measMET_data_cat4L
Merging measMET_data_catEM
Merging MT_data_catDY
Merging measMET_data_catSignal-0jet
Merging MT_data_cat4L
Merging balance_data
Merging MT_data_catNRB
Merging MT_data_catSignal-0jet
Merging measMET_data_catSignal-1jet
Merging measMET_data_catDY
/eos/cms/store/group/phys_exotica/monoZ/Exorcism2017/DoubleEG_Run2017F-Nano1June2019-v1/tree_64.root  ->  /eos/cms/store/group/phys_exotica/monoZ/Exorcism2017/DoubleEG_Run2017F-Nano1June2019-v1/tree_64.root
Testing file open
Test OK
---------------------------
 -- options  =  Namespace(dataset='X', doSyst=1, era='2017', infile='/eos/cms/store/group/phys_exotica/monoZ/Exorcism2017/DoubleEG_Run2017F-Nano1June2019-v1/tree_64.root', isMC=0, jobNum=61, nevt=-1)
 -- is MC    =  0
 -- jobNum   =  61
 -- era      =  2017
 -- in file  =  /eos/cms/store/group/phys_exotica/monoZ/Exorcism2017/DoubleEG_Run2017F-Nano1June2019-v1/tree_64.root
 -- dataset  =  X
---------------------------
modules :  <PhysicsTools.MonoZ.MonoZWSProducer.MonoZWSProducer object at 0x2b32b9284890>
Selection :  
Will write selected trees to .
Pre-select 1911 entries out of 1911 (100.00%)
Processed 1911 preselected entries from /eos/cms/store/group/phys_exotica/monoZ/Exorcism2017/DoubleEG_Run2017F-Nano1June2019-v1/tree_64.root (1911 entries). Finally selected 1911 entries
Done ./tree_64_Skim.root
83.4497816594 Hz
----- transfer output to eos :
----- directory after running :
.:
total 9132
-rw-r--r--. 1 cfreer zh    1204 Nov 29 17:10 FrameworkJobReport.xml
-rw-r--r--. 1 cfreer zh       0 Nov 29 17:09 _condor_stderr
-rw-r--r--. 1 cfreer zh    3873 Nov 29 17:10 _condor_stdout
-rw-------. 1 cfreer zh    4914 Nov 29 17:10 cfreer.cc
-rw-r--r--. 1 cfreer zh   16092 Nov 29 17:09 combineHLT_Run2.yaml
-rw-r--r--. 1 cfreer zh    5718 Nov 29 17:09 condor_WSProducer.py
-rwxr-xr-x. 1 cfreer zh     833 Nov 29 17:09 condor_exec.exe
-rwxr-xr-x. 1 cfreer zh    2559 Nov 29 17:09 haddnano.py
-rw-r--r--. 1 cfreer zh       8 Nov 29 17:09 keep_and_drop_WS.txt
drwx------. 3 cfreer zh    4096 Nov 29 17:09 tmp
-rw-r--r--. 1 cfreer zh 4644263 Nov 29 17:10 tree_61.root
-rw-r--r--. 1 cfreer zh 4644135 Nov 29 17:09 tree_64_Skim.root
drwx------. 3 cfreer zh    4096 Nov 29 17:09 var

./tmp:
total 4
drwxr-xr-x. 3 cfreer zh 4096 Nov 29 17:09 mjf-cfreer

./tmp/mjf-cfreer:
total 4
drwxr-xr-x. 2 cfreer zh 4096 Nov 29 17:09 jobfeatures-bigbird09.cern.ch_3029343.61_1574942751

./tmp/mjf-cfreer/jobfeatures-bigbird09.cern.ch_3029343.61_1574942751:
total 28
-rw-r--r--. 1 cfreer zh  1 Nov 29 17:09 allocated_cpu
-rw-r--r--. 1 cfreer zh  6 Nov 29 17:09 cpu_limit_secs
-rw-r--r--. 1 cfreer zh 39 Nov 29 17:09 job_id
-rw-r--r--. 1 cfreer zh 10 Nov 29 17:09 jobstart_secs
-rw-r--r--. 1 cfreer zh 10 Nov 29 17:09 max_rss_bytes
-rw-r--r--. 1 cfreer zh 10 Nov 29 17:09 scratch_limit_bytes
-rw-r--r--. 1 cfreer zh  6 Nov 29 17:09 wall_limit_secs

./var:
total 4
drwx------. 2 cfreer zh 4096 Nov 29 17:09 tmp

./var/tmp:
total 0
 ------ THE END (everyone dies !) ----- 
