
/pool/condor/dir_24188

... start job at 2019-11-30 05:28:45
----- directory before running:
.:
total 52
-rw-r--r--. 1 cfreer zh     0 Nov 30 05:28 _condor_stderr
-rw-r--r--. 1 cfreer zh    94 Nov 30 05:28 _condor_stdout
-rw-------. 1 cfreer zh  2642 Nov 30 05:28 cfreer.cc
-rw-r--r--. 1 cfreer zh 16092 Nov 30 05:28 combineHLT_Run2.yaml
-rw-r--r--. 1 cfreer zh  5718 Nov 30 05:28 condor_WSProducer.py
-rwxr-xr-x. 1 cfreer zh   834 Nov 30 05:28 condor_exec.exe
-rwxr-xr-x. 1 cfreer zh  2559 Nov 30 05:28 haddnano.py
-rw-r--r--. 1 cfreer zh     8 Nov 30 05:28 keep_and_drop_WS.txt
drwx------. 3 cfreer zh  4096 Nov 30 05:28 tmp
drwx------. 3 cfreer zh  4096 Nov 30 05:28 var

./tmp:
total 4
drwxr-xr-x. 3 cfreer zh 4096 Nov 30 05:28 mjf-cfreer

./tmp/mjf-cfreer:
total 4
drwxr-xr-x. 2 cfreer zh 4096 Nov 30 05:28 jobfeatures-bigbird09.cern.ch_3029503.17_1574944611

./tmp/mjf-cfreer/jobfeatures-bigbird09.cern.ch_3029503.17_1574944611:
total 28
-rw-r--r--. 1 cfreer zh  1 Nov 30 05:28 allocated_cpu
-rw-r--r--. 1 cfreer zh  6 Nov 30 05:28 cpu_limit_secs
-rw-r--r--. 1 cfreer zh 39 Nov 30 05:28 job_id
-rw-r--r--. 1 cfreer zh 10 Nov 30 05:28 jobstart_secs
-rw-r--r--. 1 cfreer zh 10 Nov 30 05:28 max_rss_bytes
-rw-r--r--. 1 cfreer zh 10 Nov 30 05:28 scratch_limit_bytes
-rw-r--r--. 1 cfreer zh  6 Nov 30 05:28 wall_limit_secs

./var:
total 4
drwx------. 2 cfreer zh 4096 Nov 30 05:28 tmp

./var/tmp:
total 0
----- CMSSW BASE, python path, pwd:
+ CMSSW_BASE  = /afs/cern.ch/work/c/cfreer/MonoZ_2019/MT_plots/CMSSW_10_6_4
+ PYTHON_PATH = 
+ PWD         = /pool/condor/dir_24188
/eos/cms/store/group/phys_exotica/monoZ/Exorcism2016/ZZTo2L2Nu_13TeV_powheg_pythia8_ext1/tree_24.root  ->  /eos/cms/store/group/phys_exotica/monoZ/Exorcism2016/ZZTo2L2Nu_13TeV_powheg_pythia8_ext1/tree_24.root
Testing file open
Test OK
---------------------------
 -- options  =  Namespace(dataset='X', doSyst=1, era='2016', infile='/eos/cms/store/group/phys_exotica/monoZ/Exorcism2016/ZZTo2L2Nu_13TeV_powheg_pythia8_ext1/tree_24.root', isMC=1, jobNum=17, nevt=-1)
 -- is MC    =  1
 -- jobNum   =  17
 -- era      =  2016
 -- in file  =  /eos/cms/store/group/phys_exotica/monoZ/Exorcism2016/ZZTo2L2Nu_13TeV_powheg_pythia8_ext1/tree_24.root
 -- dataset  =  X
---------------------------
[check] condtag_ ==  ZZTo2L2Nu_13TeV_powheg_pythia8_ext1
[check] dataset  ==  monoZ
modules :  <PhysicsTools.MonoZ.MonoZWSProducer.MonoZWSProducer object at 0x2b2307c33890>
modules :  <PhysicsTools.MonoZ.MonoZWSProducer.MonoZWSProducer object at 0x2b2307c33950>
modules :  <PhysicsTools.MonoZ.MonoZWSProducer.MonoZWSProducer object at 0x2b2307c33990>
modules :  <PhysicsTools.MonoZ.MonoZWSProducer.MonoZWSProducer object at 0x2b2307c339d0>
modules :  <PhysicsTools.MonoZ.MonoZWSProducer.MonoZWSProducer object at 0x2b2307c33a10>
modules :  <PhysicsTools.MonoZ.MonoZWSProducer.MonoZWSProducer object at 0x2b2307c33a50>
modules :  <PhysicsTools.MonoZ.MonoZWSProducer.MonoZWSProducer object at 0x2b2307c33a90>
modules :  <PhysicsTools.MonoZ.MonoZWSProducer.MonoZWSProducer object at 0x2b2307c33ad0>
modules :  <PhysicsTools.MonoZ.MonoZWSProducer.MonoZWSProducer object at 0x2b2307c33b10>
modules :  <PhysicsTools.MonoZ.MonoZWSProducer.MonoZWSProducer object at 0x2b2307c33b50>
modules :  <PhysicsTools.MonoZ.MonoZWSProducer.MonoZWSProducer object at 0x2b2307c33b90>
modules :  <PhysicsTools.MonoZ.MonoZWSProducer.MonoZWSProducer object at 0x2b2307c33bd0>
modules :  <PhysicsTools.MonoZ.MonoZWSProducer.MonoZWSProducer object at 0x2b2307c33c10>
modules :  <PhysicsTools.MonoZ.MonoZWSProducer.MonoZWSProducer object at 0x2b2307c33c50>
modules :  <PhysicsTools.MonoZ.MonoZWSProducer.MonoZWSProducer object at 0x2b2307c33c90>
modules :  <PhysicsTools.MonoZ.MonoZWSProducer.MonoZWSProducer object at 0x2b2307c33cd0>
modules :  <PhysicsTools.MonoZ.MonoZWSProducer.MonoZWSProducer object at 0x2b2307c33d10>
modules :  <PhysicsTools.MonoZ.MonoZWSProducer.MonoZWSProducer object at 0x2b2307c33d50>
modules :  <PhysicsTools.MonoZ.MonoZWSProducer.MonoZWSProducer object at 0x2b2307c33d90>
modules :  <PhysicsTools.MonoZ.MonoZWSProducer.MonoZWSProducer object at 0x2b2307c33dd0>
modules :  <PhysicsTools.MonoZ.MonoZWSProducer.MonoZWSProducer object at 0x2b2307c33e10>
modules :  <PhysicsTools.MonoZ.MonoZWSProducer.MonoZWSProducer object at 0x2b2307c33e50>
modules :  <PhysicsTools.MonoZ.MonoZWSProducer.MonoZWSProducer object at 0x2b2307c33ed0>
modules :  <PhysicsTools.MonoZ.MonoZWSProducer.MonoZWSProducer object at 0x2b2307c33f50>
modules :  <PhysicsTools.MonoZ.MonoZWSProducer.MonoZWSProducer object at 0x2b2307c33fd0>
modules :  <PhysicsTools.MonoZ.MonoZWSProducer.MonoZWSProducer object at 0x2b2307c35090>
modules :  <PhysicsTools.MonoZ.MonoZWSProducer.MonoZWSProducer object at 0x2b2307c350d0>
modules :  <PhysicsTools.MonoZ.MonoZWSProducer.MonoZWSProducer object at 0x2b2307c35110>
modules :  <PhysicsTools.MonoZ.MonoZWSProducer.MonoZWSProducer object at 0x2b2307c35150>
modules :  <PhysicsTools.MonoZ.MonoZWSProducer.MonoZWSProducer object at 0x2b2307c35190>
modules :  <PhysicsTools.MonoZ.MonoZWSProducer.MonoZWSProducer object at 0x2b2307c351d0>
Selection :  
Will write selected trees to .
Pre-select 162166 entries out of 162166 (100.00%)
Processed    10000/  162166 entries,  6.17% (elapsed time   595.6s, curr speed    0.017 kHz, avg speed    0.017 kHz), accepted    10001/   10001 events (100.00%)
Processed    20000/  162166 entries, 12.33% (elapsed time  1187.4s, curr speed    0.017 kHz, avg speed    0.017 kHz), accepted    20001/   20001 events (100.00%)
Processed    30000/  162166 entries, 18.50% (elapsed time  1771.5s, curr speed    0.017 kHz, avg speed    0.017 kHz), accepted    30001/   30001 eveAdding file ./tree_24_Skim.root
Merging measMET_monoZ_catSignal-0jet
Merging MT_monoZ_catSignal-0jet
Merging measMET_monoZ_catEM
Merging MT_monoZ_catEM
Merging measMET_monoZ_catSignal-1jet
Merging MT_monoZ_catSignal-1jet
Merging measMET_monoZ_cat3L
Merging MT_monoZ_cat3L
Merging measMET_monoZ_cat4L
Merging MT_monoZ_cat4L
Merging measMET_monoZ_catNRB
Merging MT_monoZ_catNRB
Merging measMET_monoZ_catTOP
Merging MT_monoZ_catTOP
Merging measMET_monoZ_catDY
Merging MT_monoZ_catDY
Merging balance_monoZ
Merging phizmet_monoZ
Merging njet_monoZ
Merging measMET_monoZ_catSignal-0jet_sys_ElectronEnUp
Merging MT_monoZ_catSignal-0jet_sys_ElectronEnUp
Merging measMET_monoZ_catEM_sys_ElectronEnUp
Merging MT_monoZ_catEM_sys_ElectronEnUp
Merging measMET_monoZ_catSignal-1jet_sys_ElectronEnUp
Merging MT_monoZ_catSignal-1jet_sys_ElectronEnUp
Merging measMET_monoZ_cat3L_sys_ElectronEnUp
Merging MT_monoZ_cat3L_sys_ElectronEnUp
Merging measMET_monoZ_cat4L_sys_ElectronEnUp
Merging MT_monoZ_cat4L_sys_ElectronEnUp
Merging measMET_monoZ_catNRB_sys_ElectronEnUp
Merging MT_monoZ_catNRB_sys_ElectronEnUp
Merging measMET_monoZ_catTOP_sys_ElectronEnUp
Merging MT_monoZ_catTOP_sys_ElectronEnUp
Merging measMET_monoZ_catDY_sys_ElectronEnUp
Merging MT_monoZ_catDY_sys_ElectronEnUp
Merging balance_monoZ_sys_ElectronEnUp
Merging phizmet_monoZ_sys_ElectronEnUp
Merging njet_monoZ_sys_ElectronEnUp
Merging measMET_monoZ_catSignal-0jet_sys_ElectronEnDown
Merging MT_monoZ_catSignal-0jet_sys_ElectronEnDown
Merging measMET_monoZ_catEM_sys_ElectronEnDown
Merging MT_monoZ_catEM_sys_ElectronEnDown
Merging measMET_monoZ_catSignal-1jet_sys_ElectronEnDown
Merging MT_monoZ_catSignal-1jet_sys_ElectronEnDown
Merging measMET_monoZ_cat3L_sys_ElectronEnDown
Merging MT_monoZ_cat3L_sys_ElectronEnDown
Merging measMET_monoZ_cat4L_sys_ElectronEnDown
Merging MT_monoZ_cat4L_sys_ElectronEnDown
Merging measMET_monoZ_catNRB_sys_ElectronEnDown
Merging MT_monoZ_catNRB_sys_ElectronEnDown
Merging measMET_monoZ_catTOP_sys_ElectronEnDown
Merging MT_monoZ_catTOP_sys_ElectronEnDown
Merging measMET_monoZ_catDY_sys_ElectronEnDown
Merging MT_monoZ_catDY_sys_ElectronEnDown
Merging balance_monoZ_sys_ElectronEnDown
Merging phizmet_monoZ_sys_ElectronEnDown
Merging njet_monoZ_sys_ElectronEnDown
Merging measMET_monoZ_catSignal-0jet_sys_MuonEnUp
Merging MT_monoZ_catSignal-0jet_sys_MuonEnUp
Merging measMET_monoZ_catEM_sys_MuonEnUp
Merging MT_monoZ_catEM_sys_MuonEnUp
Merging measMET_monoZ_catSignal-1jet_sys_MuonEnUp
Merging MT_monoZ_catSignal-1jet_sys_MuonEnUp
Merging measMET_monoZ_cat3L_sys_MuonEnUp
Merging MT_monoZ_cat3L_sys_MuonEnUp
Merging measMET_monoZ_cat4L_sys_MuonEnUp
Merging MT_monoZ_cat4L_sys_MuonEnUp
Merging measMET_monoZ_catNRB_sys_MuonEnUp
Merging MT_monoZ_catNRB_sys_MuonEnUp
Merging measMET_monoZ_catTOP_sys_MuonEnUp
Merging MT_monoZ_catTOP_sys_MuonEnUp
Merging measMET_monoZ_catDY_sys_MuonEnUp
Merging MT_monoZ_catDY_sys_MuonEnUp
Merging balance_monoZ_sys_MuonEnUp
Merging phizmet_monoZ_sys_MuonEnUp
Merging njet_monoZ_sys_MuonEnUp
Merging measMET_monoZ_catSignal-0jet_sys_MuonEnDown
Merging MT_monoZ_catSignal-0jet_sys_MuonEnDown
Merging measMET_monoZ_catEM_sys_MuonEnDown
Merging MT_monoZ_catEM_sys_MuonEnDown
Merging measMET_monoZ_catSignal-1jet_sys_MuonEnDown
Merging MT_monoZ_catSignal-1jet_sys_MuonEnDown
Merging measMET_monoZ_cat3L_sys_MuonEnDown
Merging MT_monoZ_cat3L_sys_MuonEnDown
Merging measMET_monoZ_cat4L_sys_MuonEnDown
Merging MT_monoZ_cat4L_sys_MuonEnDown
Merging measMET_monoZ_catNRB_sys_MuonEnDown
Merging MT_monoZ_catNRB_sys_MuonEnDown
Merging measMET_monoZ_catTOP_sys_MuonEnDown
Merging MT_monoZ_catTOP_sys_MuonEnDown
Merging measMET_monoZ_catDY_sys_MuonEnDown
Merging MT_monoZ_catDY_sys_MuonEnDown
Merging balance_monoZ_sys_MuonEnDown
Merging phizmet_monoZ_sys_MuonEnDown
Merging njet_monoZ_sys_MuonEnDown
Merging measMET_monoZ_catSignal-0jet_sys_jesTotalUp
Merging MT_monoZ_catSignal-0jet_sys_jesTotalUp
Merging measMET_monoZ_catEM_sys_jesTotalUp
Merging MT_monoZ_catEM_sys_jesTotalUp
Merging measMET_monoZ_catSignal-1jet_sys_jesTotalUp
Merging MT_monoZ_catSignal-1jet_sys_jesTotalUp
Merging measMET_monoZ_cat3L_sys_jesTotalUp
Merging MT_monoZ_cat3L_sys_jesTotalUp
Merging measMET_monoZ_cat4L_sys_jesTotalUp
Merging MT_monoZ_cat4L_sys_jesTotalUp
Merging measMET_monoZ_catNRB_sys_jesTotalUp
Merging MT_monoZ_catNRB_sys_jesTotalUp
Merging measMET_monoZ_catTOP_sys_jesTotalUp
Merging MT_monoZ_catTOP_sys_jesTotalUp
Merging measMET_monoZ_catDY_sys_jesTotalUp
Merging MT_monoZ_catDY_sys_jesTotalUp
Merging balance_monoZ_sys_jesTotalUp
Merging phizmet_monoZ_sys_jesTotalUp
Merging njet_monoZ_sys_jesTotalUp
Merging measMET_monoZ_catSignal-0jet_sys_jesTotalDown
Merging MT_monoZ_catSignal-0jet_sys_jesTotalDown
Merging measMET_monoZ_catEM_sys_jesTotalDown
Merging MT_monoZ_catEM_sys_jesTotalDown
Merging measMET_monoZ_catSignal-1jet_sys_jesTotalDown
Merging MT_monoZ_catSignal-1jet_sys_jesTotalDown
Merging measMET_monoZ_cat3L_sys_jesTotalDown
Merging MT_monoZ_cat3L_sys_jesTotalDown
Merging measMET_monoZ_cat4L_sys_jesTotalDown
Merging MT_monoZ_cat4L_sys_jesTotalDown
Merging measMET_monoZ_catNRB_sys_jesTotalDown
Merging MT_monoZ_catNRB_sys_jesTotalDown
Merging measMET_monoZ_catTOP_sys_jesTotalDown
Merging MT_monoZ_catTOP_sys_jesTotalDown
Merging measMET_monoZ_catDY_sys_jesTotalDown
Merging MT_monoZ_catDY_sys_jesTotalDown
Merging balance_monoZ_sys_jesTotalDown
Merging phizmet_monoZ_sys_jesTotalDown
Merging njet_monoZ_sys_jesTotalDown
Merging measMET_monoZ_catSignal-0jet_sys_jerUp
Merging MT_monoZ_catSignal-0jet_sys_jerUp
Merging measMET_monoZ_catEM_sys_jerUp
Merging MT_monoZ_catEM_sys_jerUp
Merging measMET_monoZ_catSignal-1jet_sys_jerUp
Merging MT_monoZ_catSignal-1jet_sys_jerUp
Merging measMET_monoZ_cat3L_sys_jerUp
Merging MT_monoZ_cat3L_sys_jerUp
Merging measMET_monoZ_cat4L_sys_jerUp
Merging MT_monoZ_cat4L_sys_jerUp
Merging measMET_monoZ_catNRB_sys_jerUp
Merging MT_monoZ_catNRB_sys_jerUp
Merging measMET_monoZ_catTOP_sys_jerUp
Merging MT_monoZ_catTOP_sys_jerUp
Merging measMET_monoZ_catDY_sys_jerUp
Merging MT_monoZ_catDY_sys_jerUp
Merging balance_monoZ_sys_jerUp
Merging phizmet_monoZ_sys_jerUp
Merging njet_monoZ_sys_jerUp
Merging measMET_monoZ_catSignal-0jet_sys_jerDown
Merging MT_monoZ_catSignal-0jet_sys_jerDown
Merging measMET_monoZ_catEM_sys_jerDown
Merging MT_monoZ_catEM_sys_jerDown
Merging measMET_monoZ_catSignal-1jet_sys_jerDown
Merging MT_monoZ_catSignal-1jet_sys_jerDown
Merging measMET_monoZ_cat3L_sys_jerDown
Merging MT_monoZ_cat3L_sys_jerDown
Merging measMET_monoZ_cat4L_sys_jerDown
Merging MT_monoZ_cat4L_sys_jerDown
Merging measMET_monoZ_catNRB_sys_jerDown
Merging MT_monoZ_catNRB_sys_jerDown
Merging measMET_monoZ_catTOP_sys_jerDown
Merging MT_monoZ_catTOP_sys_jerDown
Merging measMET_monoZ_catDY_sys_jerDown
Merging MT_monoZ_catDY_sys_jerDown
Merging balance_monoZ_sys_jerDown
Merging phizmet_monoZ_sys_jerDown
Merging njet_monoZ_sys_jerDown
Merging measMET_monoZ_catSignal-0jet_sys_puWeightUp
Merging MT_monoZ_catSignal-0jet_sys_puWeightUp
Merging measMET_monoZ_catEM_sys_puWeightUp
Merging MT_monoZ_catEM_sys_puWeightUp
Merging measMET_monoZ_catSignal-1jet_sys_puWeightUp
Merging MT_monoZ_catSignal-1jet_sys_puWeightUp
Merging measMET_monoZ_cat3L_sys_puWeightUp
Merging MT_monoZ_cat3L_sys_puWeightUp
Merging measMET_monoZ_cat4L_sys_puWeightUp
Merging MT_monoZ_cat4L_sys_puWeightUp
Merging measMET_monoZ_catNRB_sys_puWeightUp
Merging MT_monoZ_catNRB_sys_puWeightUp
Merging measMET_monoZ_catTOP_sys_puWeightUp
Merging MT_monoZ_catTOP_sys_puWeightUp
Merging measMET_monoZ_catDY_sys_puWeightUp
Merging MT_monoZ_catDY_sys_puWeightUp
Merging balance_monoZ_sys_puWeightUp
Merging phizmet_monoZ_sys_puWeightUp
Merging njet_monoZ_sys_puWeightUp
Merging measMET_monoZ_catSignal-0jet_sys_puWeightDown
Merging MT_monoZ_catSignal-0jet_sys_puWeightDown
Merging measMET_monoZ_catEM_sys_puWeightDown
Merging MT_monoZ_catEM_sys_puWeightDown
Merging measMET_monoZ_catSignal-1jet_sys_puWeightDown
Merging MT_monoZ_catSignal-1jet_sys_puWeightDown
Merging measMET_monoZ_cat3L_sys_puWeightDown
Merging MT_monoZ_cat3L_sys_puWeightDown
Merging measMET_monoZ_cat4L_sys_puWeightDown
Merging MT_monoZ_cat4L_sys_puWeightDown
Merging measMET_monoZ_catNRB_sys_puWeightDown
Merging MT_monoZ_catNRB_sys_puWeightDown
Merging measMET_monoZ_catTOP_sys_puWeightDown
Merging MT_monoZ_catTOP_sys_puWeightDown
Merging measMET_monoZ_catDY_sys_puWeightDown
Merging MT_monoZ_catDY_sys_puWeightDown
Merging balance_monoZ_sys_puWeightDown
Merging phizmet_monoZ_sys_puWeightDown
Merging njet_monoZ_sys_puWeightDown
Merging measMET_monoZ_catSignal-0jet_sys_PDFUp
Merging MT_monoZ_catSignal-0jet_sys_PDFUp
Merging measMET_monoZ_catEM_sys_PDFUp
Merging MT_monoZ_catEM_sys_PDFUp
Merging measMET_monoZ_catSignal-1jet_sys_PDFUp
Merging MT_monoZ_catSignal-1jet_sys_PDFUp
Merging measMET_monoZ_cat3L_sys_PDFUp
Merging MT_monoZ_cat3L_sys_PDFUp
Merging measMET_monoZ_cat4L_sys_PDFUp
Merging MT_monoZ_cat4L_sys_PDFUp
Merging measMET_monoZ_catNRB_sys_PDFUp
Merging MT_monoZ_catNRB_sys_PDFUp
Merging measMET_monoZ_catTOP_sys_PDFUp
Merging MT_monoZ_catTOP_sys_PDFUp
Merging measMET_monoZ_catDY_sys_PDFUp
Merging MT_monoZ_catDY_sys_PDFUp
Merging balance_monoZ_sys_PDFUp
Merging phizmet_monoZ_sys_PDFUp
Merging njet_monoZ_sys_PDFUp
Merging measMET_monoZ_catSignal-0jet_sys_PDFDown
Merging MT_monoZ_catSignal-0jet_sys_PDFDown
Merging measMET_monoZ_catEM_sys_PDFDown
Merging MT_monoZ_catEM_sys_PDFDown
Merging measMET_monoZ_catSignal-1jet_sys_PDFDown
Merging MT_monoZ_catSignal-1jet_sys_PDFDown
Merging measMET_monoZ_cat3L_sys_PDFDown
Merging MT_monoZ_cat3L_sys_PDFDown
Merging measMET_monoZ_cat4L_sys_PDFDown
Merging MT_monoZ_cat4L_sys_PDFDown
Merging measMET_monoZ_catNRB_sys_PDFDown
Merging MT_monoZ_catNRB_sys_PDFDown
Merging measMET_monoZ_catTOP_sys_PDFDown
Merging MT_monoZ_catTOP_sys_PDFDown
Merging measMET_monoZ_catDY_sys_PDFDown
Merging MT_monoZ_catDY_sys_PDFDown
Merging balance_monoZ_sys_PDFDown
Merging phizmet_monoZ_sys_PDFDown
Merging njet_monoZ_sys_PDFDown
Merging measMET_monoZ_catSignal-0jet_sys_MuonSFUp
Merging MT_monoZ_catSignal-0jet_sys_MuonSFUp
Merging measMET_monoZ_catEM_sys_MuonSFUp
Merging MT_monoZ_catEM_sys_MuonSFUp
Merging measMET_monoZ_catSignal-1jet_sys_MuonSFUp
Merging MT_monoZ_catSignal-1jet_sys_MuonSFUp
Merging measMET_monoZ_cat3L_sys_MuonSFUp
Merging MT_monoZ_cat3L_sys_MuonSFUp
Merging measMET_monoZ_cat4L_sys_MuonSFUp
Merging MT_monoZ_cat4L_sys_MuonSFUp
Merging measMET_monoZ_catNRB_sys_MuonSFUp
Merging MT_monoZ_catNRB_sys_MuonSFUp
Merging measMET_monoZ_catTOP_sys_MuonSFUp
Merging MT_monoZ_catTOP_sys_MuonSFUp
Merging measMET_monoZ_catDY_sys_MuonSFUp
Merging MT_monoZ_catDY_sys_MuonSFUp
Merging balance_monoZ_sys_MuonSFUp
Merging phizmet_monoZ_sys_MuonSFUp
Merging njet_monoZ_sys_MuonSFUp
Merging measMET_monoZ_catSignal-0jet_sys_MuonSFDown
Merging MT_monoZ_catSignal-0jet_sys_MuonSFDown
Merging measMET_monoZ_catEM_sys_MuonSFDown
Merging MT_monoZ_catEM_sys_MuonSFDown
Merging measMET_monoZ_catSignal-1jet_sys_MuonSFDown
Merging MT_monoZ_catSignal-1jet_sys_MuonSFDown
Merging measMET_monoZ_cat3L_sys_MuonSFDown
Merging MT_monoZ_cat3L_sys_MuonSFDown
Merging measMET_monoZ_cat4L_sys_MuonSFDown
Merging MT_monoZ_cat4L_sys_MuonSFDown
Merging measMET_monoZ_catNRB_sys_MuonSFDown
Merging MT_monoZ_catNRB_sys_MuonSFDown
Merging measMET_monoZ_catTOP_sys_MuonSFDown
Merging MT_monoZ_catTOP_sys_MuonSFDown
Merging measMET_monoZ_catDY_sys_MuonSFDown
Merging MT_monoZ_catDY_sys_MuonSFDown
Merging balance_monoZ_sys_MuonSFDown
Merging phizmet_monoZ_sys_MuonSFDown
Merging njet_monoZ_sys_MuonSFDown
Merging measMET_monoZ_catSignal-0jet_sys_ElecronSFUp
Merging MT_monoZ_catSignal-0jet_sys_ElecronSFUp
Merging measMET_monoZ_catEM_sys_ElecronSFUp
Merging MT_monoZ_catEM_sys_ElecronSFUp
Merging measMET_monoZ_catSignal-1jet_sys_ElecronSFUp
Merging MT_monoZ_catSignal-1jet_sys_ElecronSFUp
Merging measMET_monoZ_cat3L_sys_ElecronSFUp
Merging MT_monoZ_cat3L_sys_ElecronSFUp
Merging measMET_monoZ_cat4L_sys_ElecronSFUp
Merging MT_monoZ_cat4L_sys_ElecronSFUp
Merging measMET_monoZ_catNRB_sys_ElecronSFUp
Merging MT_monoZ_catNRB_sys_ElecronSFUp
Merging measMET_monoZ_catTOP_sys_ElecronSFUp
Merging MT_monoZ_catTOP_sys_ElecronSFUp
Merging measMET_monoZ_catDY_sys_ElecronSFUp
Merging MT_monoZ_catDY_sys_ElecronSFUp
Merging balance_monoZ_sys_ElecronSFUp
Merging phizmet_monoZ_sys_ElecronSFUp
Merging njet_monoZ_sys_ElecronSFUp
Merging measMET_monoZ_catSignal-0jet_sys_ElecronSFDown
Merging MT_monoZ_catSignal-0jet_sys_ElecronSFDown
Merging measMET_monoZ_catEM_sys_ElecronSFDown
Merging MT_monoZ_catEM_sys_ElecronSFDown
Merging measMET_monoZ_catSignal-1jet_sys_ElecronSFDown
Merging MT_monoZ_catSignal-1jet_sys_ElecronSFDown
Merging measMET_monoZ_cat3L_sys_ElecronSFDown
Merging MT_monoZ_cat3L_sys_ElecronSFDown
Merging measMET_monoZ_cat4L_sys_ElecronSFDown
Merging MT_monoZ_cat4L_sys_ElecronSFDown
Merging measMET_monoZ_catNRB_sys_ElecronSFDown
Merging MT_monoZ_catNRB_sys_ElecronSFDown
Merging measMET_monoZ_catTOP_sys_ElecronSFDown
Merging MT_monoZ_catTOP_sys_ElecronSFDown
Merging measMET_monoZ_catDY_sys_ElecronSFDown
Merging MT_monoZ_catDY_sys_ElecronSFDown
Merging balance_monoZ_sys_ElecronSFDown
Merging phizmet_monoZ_sys_ElecronSFDown
Merging njet_monoZ_sys_ElecronSFDown
Merging measMET_monoZ_catSignal-0jet_sys_EWKUp
Merging MT_monoZ_catSignal-0jet_sys_EWKUp
Merging measMET_monoZ_catEM_sys_EWKUp
Merging MT_monoZ_catEM_sys_EWKUp
Merging measMET_monoZ_catSignal-1jet_sys_EWKUp
Merging MT_monoZ_catSignal-1jet_sys_EWKUp
Merging measMET_monoZ_cat3L_sys_EWKUp
Merging MT_monoZ_cat3L_sys_EWKUp
Merging measMET_monoZ_cat4L_sys_EWKUp
Merging MT_monoZ_cat4L_sys_EWKUp
Merging measMET_monoZ_catNRB_sys_EWKUp
Merging MT_monoZ_catNRB_sys_EWKUp
Merging measMET_monoZ_catTOP_sys_EWKUp
Merging MT_monoZ_catTOP_sys_EWKUp
Merging measMET_monoZ_catDY_sys_EWKUp
Merging MT_monoZ_catDY_sys_EWKUp
Merging balance_monoZ_sys_EWKUp
Merging phizmet_monoZ_sys_EWKUp
Merging njet_monoZ_sys_EWKUp
Merging measMET_monoZ_catSignal-0jet_sys_EWKDown
Merging MT_monoZ_catSignal-0jet_sys_EWKDown
Merging measMET_monoZ_catEM_sys_EWKDown
Merging MT_monoZ_catEM_sys_EWKDown
Merging measMET_monoZ_catSignal-1jet_sys_EWKDown
Merging MT_monoZ_catSignal-1jet_sys_EWKDown
Merging measMET_monoZ_cat3L_sys_EWKDown
Merging MT_monoZ_cat3L_sys_EWKDown
Merging measMET_monoZ_cat4L_sys_EWKDown
Merging MT_monoZ_cat4L_sys_EWKDown
Merging measMET_monoZ_catNRB_sys_EWKDown
Merging MT_monoZ_catNRB_sys_EWKDown
Merging measMET_monoZ_catTOP_sys_EWKDown
Merging MT_monoZ_catTOP_sys_EWKDown
Merging measMET_monoZ_catDY_sys_EWKDown
Merging MT_monoZ_catDY_sys_EWKDown
Merging balance_monoZ_sys_EWKDown
Merging phizmet_monoZ_sys_EWKDown
Merging njet_monoZ_sys_EWKDown
Merging measMET_monoZ_catSignal-0jet_sys_nvtxWeightUp
Merging MT_monoZ_catSignal-0jet_sys_nvtxWeightUp
Merging measMET_monoZ_catEM_sys_nvtxWeightUp
Merging MT_monoZ_catEM_sys_nvtxWeightUp
Merging measMET_monoZ_catSignal-1jet_sys_nvtxWeightUp
Merging MT_monoZ_catSignal-1jet_sys_nvtxWeightUp
Merging measMET_monoZ_cat3L_sys_nvtxWeightUp
Merging MT_monoZ_cat3L_sys_nvtxWeightUp
Merging measMET_monoZ_cat4L_sys_nvtxWeightUp
Merging MT_monoZ_cat4L_sys_nvtxWeightUp
Merging measMET_monoZ_catNRB_sys_nvtxWeightUp
Merging MT_monoZ_catNRB_sys_nvtxWeightUp
Merging measMET_monoZ_catTOP_sys_nvtxWeightUp
Merging MT_monoZ_catTOP_sys_nvtxWeightUp
Merging measMET_monoZ_catDY_sys_nvtxWeightUp
Merging MT_monoZ_catDY_sys_nvtxWeightUp
Merging balance_monoZ_sys_nvtxWeightUp
Merging phizmet_monoZ_sys_nvtxWeightUp
Merging njet_monoZ_sys_nvtxWeightUp
Merging measMET_monoZ_catSignal-0jet_sys_nvtxWeightDown
Merging MT_monoZ_catSignal-0jet_sys_nvtxWeightDown
Merging measMET_monoZ_catEM_sys_nvtxWeightDown
Merging MT_monoZ_catEM_sys_nvtxWeightDown
Merging measMET_monoZ_catSignal-1jet_sys_nvtxWeightDown
Merging MT_monoZ_catSignal-1jet_sys_nvtxWeightDown
Merging measMET_monoZ_cat3L_sys_nvtxWeightDown
Merging MT_monoZ_cat3L_sys_nvtxWeightDown
Merging measMET_monoZ_cat4L_sys_nvtxWeightDown
Merging MT_monoZ_cat4L_sys_nvtxWeightDown
Merging measMET_monoZ_catNRB_sys_nvtxWeightDown
Merging MT_monoZ_catNRB_sys_nvtxWeightDown
Merging measMET_monoZ_catTOP_sys_nvtxWeightDown
Merging MT_monoZ_catTOP_sys_nvtxWeightDown
Merging measMET_monoZ_catDY_sys_nvtxWeightDown
Merging MT_monoZ_catDY_sys_nvtxWeightDown
Merging balance_monoZ_sys_nvtxWeightDown
Merging phizmet_monoZ_sys_nvtxWeightDown
Merging njet_monoZ_sys_nvtxWeightDown
Merging measMET_monoZ_catSignal-0jet_sys_TriggerSFWeightUp
Merging MT_monoZ_catSignal-0jet_sys_TriggerSFWeightUp
Merging measMET_monoZ_catEM_sys_TriggerSFWeightUp
Merging MT_monoZ_catEM_sys_TriggerSFWeightUp
Merging measMET_monoZ_catSignal-1jet_sys_TriggerSFWeightUp
Merging MT_monoZ_catSignal-1jet_sys_TriggerSFWeightUp
Merging measMET_monoZ_cat3L_sys_TriggerSFWeightUp
Merging MT_monoZ_cat3L_sys_TriggerSFWeightUp
Merging measMET_monoZ_cat4L_sys_TriggerSFWeightUp
Merging MT_monoZ_cat4L_sys_TriggerSFWeightUp
Merging measMET_monoZ_catNRB_sys_TriggerSFWeightUp
Merging MT_monoZ_catNRB_sys_TriggerSFWeightUp
Merging measMET_monoZ_catTOP_sys_TriggerSFWeightUp
Merging MT_monoZ_catTOP_sys_TriggerSFWeightUp
Merging measMET_monoZ_catDY_sys_TriggerSFWeightUp
Merging MT_monoZ_catDY_sys_TriggerSFWeightUp
Merging balance_monoZ_sys_TriggerSFWeightUp
Merging phizmet_monoZ_sys_TriggerSFWeightUp
Merging njet_monoZ_sys_TriggerSFWeightUp
Merging measMET_monoZ_catSignal-0jet_sys_TriggerSFWeightDown
Merging MT_monoZ_catSignal-0jet_sys_TriggerSFWeightDown
Merging measMET_monoZ_catEM_sys_TriggerSFWeightDown
Merging MT_monoZ_catEM_sys_TriggerSFWeightDown
Merging measMET_monoZ_catSignal-1jet_sys_TriggerSFWeightDown
Merging MT_monoZ_catSignal-1jet_sys_TriggerSFWeightDown
Merging measMET_monoZ_cat3L_sys_TriggerSFWeightDown
Merging MT_monoZ_cat3L_sys_TriggerSFWeightDown
Merging measMET_monoZ_cat4L_sys_TriggerSFWeightDown
Merging MT_monoZ_cat4L_sys_TriggerSFWeightDown
Merging measMET_monoZ_catNRB_sys_TriggerSFWeightDown
Merging MT_monoZ_catNRB_sys_TriggerSFWeightDown
Merging measMET_monoZ_catTOP_sys_TriggerSFWeightDown
Merging MT_monoZ_catTOP_sys_TriggerSFWeightDown
Merging measMET_monoZ_catDY_sys_TriggerSFWeightDown
Merging MT_monoZ_catDY_sys_TriggerSFWeightDown
Merging balance_monoZ_sys_TriggerSFWeightDown
Merging phizmet_monoZ_sys_TriggerSFWeightDown
Merging njet_monoZ_sys_TriggerSFWeightDown
Merging measMET_monoZ_catSignal-0jet_sys_btagEventWeightUp
Merging MT_monoZ_catSignal-0jet_sys_btagEventWeightUp
Merging measMET_monoZ_catEM_sys_btagEventWeightUp
Merging MT_monoZ_catEM_sys_btagEventWeightUp
Merging measMET_monoZ_catSignal-1jet_sys_btagEventWeightUp
Merging MT_monoZ_catSignal-1jet_sys_btagEventWeightUp
Merging measMET_monoZ_cat3L_sys_btagEventWeightUp
Merging MT_monoZ_cat3L_sys_btagEventWeightUp
Merging measMET_monoZ_cat4L_sys_btagEventWeightUp
Merging MT_monoZ_cat4L_sys_btagEventWeightUp
Merging measMET_monoZ_catNRB_sys_btagEventWeightUp
Merging MT_monoZ_catNRB_sys_btagEventWeightUp
Merging measMET_monoZ_catTOP_sys_btagEventWeightUp
Merging MT_monoZ_catTOP_sys_btagEventWeightUp
Merging measMET_monoZ_catDY_sys_btagEventWeightUp
Merging MT_monoZ_catDY_sys_btagEventWeightUp
Merging balance_monoZ_sys_btagEventWeightUp
Merging phizmet_monoZ_sys_btagEventWeightUp
Merging njet_monoZ_sys_btagEventWeightUp
Merging measMET_monoZ_catSignal-0jet_sys_btagEventWeightDown
Merging MT_monoZ_catSignal-0jet_sys_btagEventWeightDown
Merging measMET_monoZ_catEM_sys_btagEventWeightDown
Merging MT_monoZ_catEM_sys_btagEventWeightDown
Merging measMET_monoZ_catSignal-1jet_sys_btagEventWeightDown
Merging MT_monoZ_catSignal-1jet_sys_btagEventWeightDown
Merging measMET_monoZ_cat3L_sys_btagEventWeightDown
Merging MT_monoZ_cat3L_sys_btagEventWeightDown
Merging measMET_monoZ_cat4L_sys_btagEventWeightDown
Merging MT_monoZ_cat4L_sys_btagEventWeightDown
Merging measMET_monoZ_catNRB_sys_btagEventWeightDown
Merging MT_monoZ_catNRB_sys_btagEventWeightDown
Merging measMET_monoZ_catTOP_sys_btagEventWeightDown
Merging MT_monoZ_catTOP_sys_btagEventWeightDown
Merging measMET_monoZ_catDY_sys_btagEventWeightDown
Merging MT_monoZ_catDY_sys_btagEventWeightDown
Merging balance_monoZ_sys_btagEventWeightDown
Merging phizmet_monoZ_sys_btagEventWeightDown
Merging njet_monoZ_sys_btagEventWeightDown
Merging measMET_monoZ_catSignal-0jet_sys_QCDScale0wUp
Merging MT_monoZ_catSignal-0jet_sys_QCDScale0wUp
Merging measMET_monoZ_catEM_sys_QCDScale0wUp
Merging MT_monoZ_catEM_sys_QCDScale0wUp
Merging measMET_monoZ_catSignal-1jet_sys_QCDScale0wUp
Merging MT_monoZ_catSignal-1jet_sys_QCDScale0wUp
Merging measMET_monoZ_cat3L_sys_QCDScale0wUp
Merging MT_monoZ_cat3L_sys_QCDScale0wUp
Merging measMET_monoZ_cat4L_sys_QCDScale0wUp
Merging MT_monoZ_cat4L_sys_QCDScale0wUp
Merging measMET_monoZ_catNRB_sys_QCDScale0wUp
Merging MT_monoZ_catNRB_sys_QCDScale0wUp
Merging measMET_monoZ_catTOP_sys_QCDScale0wUp
Merging MT_monoZ_catTOP_sys_QCDScale0wUp
Merging measMET_monoZ_catDY_sys_QCDScale0wUp
Merging MT_monoZ_catDY_sys_QCDScale0wUp
Merging balance_monoZ_sys_QCDScale0wUp
Merging phizmet_monoZ_sys_QCDScale0wUp
Merging njet_monoZ_sys_QCDScale0wUp
Merging measMET_monoZ_catSignal-0jet_sys_QCDScale0wDown
Merging MT_monoZ_catSignal-0jet_sys_QCDScale0wDown
Merging measMET_monoZ_catEM_sys_QCDScale0wDown
Merging MT_monoZ_catEM_sys_QCDScale0wDown
Merging measMET_monoZ_catSignal-1jet_sys_QCDScale0wDown
Merging MT_monoZ_catSignal-1jet_sys_QCDScale0wDown
Merging measMET_monoZ_cat3L_sys_QCDScale0wDown
Merging MT_monoZ_cat3L_sys_QCDScale0wDown
Merging measMET_monoZ_cat4L_sys_QCDScale0wDown
Merging MT_monoZ_cat4L_sys_QCDScale0wDown
Merging measMET_monoZ_catNRB_sys_QCDScale0wDown
Merging MT_monoZ_catNRB_sys_QCDScale0wDown
Merging measMET_monoZ_catTOP_sys_QCDScale0wDown
Merging MT_monoZ_catTOP_sys_QCDScale0wDown
Merging measMET_monoZ_catDY_sys_QCDScale0wDown
Merging MT_monoZ_catDY_sys_QCDScale0wDown
Merging balance_monoZ_sys_QCDScale0wDown
Merging phizmet_monoZ_sys_QCDScale0wDown
Merging njet_monoZ_sys_QCDScale0wDown
Merging measMET_monoZ_catSignal-0jet_sys_QCDScale1wUp
Merging MT_monoZ_catSignal-0jet_sys_QCDScale1wUp
Merging measMET_monoZ_catEM_sys_QCDScale1wUp
Merging MT_monoZ_catEM_sys_QCDScale1wUp
Merging measMET_monoZ_catSignal-1jet_sys_QCDScale1wUp
Merging MT_monoZ_catSignal-1jet_sys_QCDScale1wUp
Merging measMET_monoZ_cat3L_sys_QCDScale1wUp
Merging MT_monoZ_cat3L_sys_QCDScale1wUp
Merging measMET_monoZ_cat4L_sys_QCDScale1wUp
Merging MT_monoZ_cat4L_sys_QCDScale1wUp
Merging measMET_monoZ_catNRB_sys_QCDScale1wUp
Merging MT_monoZ_catNRB_sys_QCDScale1wUp
Merging measMET_monoZ_catTOP_sys_QCDScale1wUp
Merging MT_monoZ_catTOP_sys_QCDScale1wUp
Merging measMET_monoZ_catDY_sys_QCDScale1wUp
Merging MT_monoZ_catDY_sys_QCDScale1wUp
Merging balance_monoZ_sys_QCDScale1wUp
Merging phizmet_monoZ_sys_QCDScale1wUp
Merging njet_monoZ_sys_QCDScale1wUp
Merging measMET_monoZ_catSignal-0jet_sys_QCDScale1wDown
Merging MT_monoZ_catSignal-0jet_sys_QCDScale1wDown
Merging measMET_monoZ_catEM_sys_QCDScale1wDown
Merging MT_monoZ_catEM_sys_QCDScale1wDown
Merging measMET_monoZ_catSignal-1jet_sys_QCDScale1wDown
Merging MT_monoZ_catSignal-1jet_sys_QCDScale1wDown
Merging measMET_monoZ_cat3L_sys_QCDScale1wDown
Merging MT_monoZ_cat3L_sys_QCDScale1wDown
Merging measMET_monoZ_cat4L_sys_QCDScale1wDown
Merging MT_monoZ_cat4L_sys_QCDScale1wDown
Merging measMET_monoZ_catNRB_sys_QCDScale1wDown
Merging MT_monoZ_catNRB_sys_QCDScale1wDown
Merging measMET_monoZ_catTOP_sys_QCDScale1wDown
Merging MT_monoZ_catTOP_sys_QCDScale1wDown
Merging measMET_monoZ_catDY_sys_QCDScale1wDown
Merging MT_monoZ_catDY_sys_QCDScale1wDown
Merging balance_monoZ_sys_QCDScale1wDown
Merging phizmet_monoZ_sys_QCDScale1wDown
Merging njet_monoZ_sys_QCDScale1wDown
Merging measMET_monoZ_catSignal-0jet_sys_QCDScale2wUp
Merging MT_monoZ_catSignal-0jet_sys_QCDScale2wUp
Merging measMET_monoZ_catEM_sys_QCDScale2wUp
Merging MT_monoZ_catEM_sys_QCDScale2wUp
Merging measMET_monoZ_catSignal-1jet_sys_QCDScale2wUp
Merging MT_monoZ_catSignal-1jet_sys_QCDScale2wUp
Merging measMET_monoZ_cat3L_sys_QCDScale2wUp
Merging MT_monoZ_cat3L_sys_QCDScale2wUp
Merging measMET_monoZ_cat4L_sys_QCDScale2wUp
Merging MT_monoZ_cat4L_sys_QCDScale2wUp
Merging measMET_monoZ_catNRB_sys_QCDScale2wUp
Merging MT_monoZ_catNRB_sys_QCDScale2wUp
Merging measMET_monoZ_catTOP_sys_QCDScale2wUp
Merging MT_monoZ_catTOP_sys_QCDScale2wUp
Merging measMET_monoZ_catDY_sys_QCDScale2wUp
Merging MT_monoZ_catDY_sys_QCDScale2wUp
Merging balance_monoZ_sys_QCDScale2wUp
Merging phizmet_monoZ_sys_QCDScale2wUp
Merging njet_monoZ_sys_QCDScale2wUp
Merging measMET_monoZ_catSignal-0jet_sys_QCDScale2wDown
Merging MT_monoZ_catSignal-0jet_sys_QCDScale2wDown
Merging measMET_monoZ_catEM_sys_QCDScale2wDown
Merging MT_monoZ_catEM_sys_QCDScale2wDown
Merging measMET_monoZ_catSignal-1jet_sys_QCDScale2wDown
Merging MT_monoZ_catSignal-1jet_sys_QCDScale2wDown
Merging measMET_monoZ_cat3L_sys_QCDScale2wDown
Merging MT_monoZ_cat3L_sys_QCDScale2wDown
Merging measMET_monoZ_cat4L_sys_QCDScale2wDown
Merging MT_monoZ_cat4L_sys_QCDScale2wDown
Merging measMET_monoZ_catNRB_sys_QCDScale2wDown
Merging MT_monoZ_catNRB_sys_QCDScale2wDown
Merging measMET_monoZ_catTOP_sys_QCDScale2wDown
Merging MT_monoZ_catTOP_sys_QCDScale2wDown
Merging measMET_monoZ_catDY_sys_QCDScale2wDown
Merging MT_monoZ_catDY_sys_QCDScale2wDown
Merging balance_monoZ_sys_QCDScale2wDown
Merging phizmet_monoZ_sys_QCDScale2wDown
Merging njet_monoZ_sys_QCDScale2wDown
Merging Events
Merging Runs
Merging ParameterSets
Merging LuminosityBlocks
Merging MetaData
Merging measMET_ZZTo2L2Nu_13TeV_powheg_pythia8_ext1_catSignal-1jet_sys_QCDScale1wDown
Merging MT_ZZTo2L2Nu_13TeV_powheg_pythia8_ext1_cat3L_sys_btagEventWeightUp
Merging measMET_ZZTo2L2Nu_13TeV_powheg_pythia8_ext1_catSignal-0jet_sys_ElectronEnUp
Merging phizmet_ZZTo2L2Nu_13TeV_powheg_pythia8_ext1_sys_QCDScale0wUp
Merging balance_ZZTo2L2Nu_13TeV_powheg_pythia8_ext1_sys_puWeightUp
Merging measMET_ZZTo2L2Nu_13TeV_powheg_pythia8_ext1_catDY_sys_btagEventWeightDown
Merging measMET_ZZTo2L2Nu_13TeV_powheg_pythia8_ext1_catSignal-1jet_sys_jesTotalUp
Merging balance_ZZTo2L2Nu_13TeV_powheg_pythia8_ext1_sys_ElecronSFUp
Merging MT_ZZTo2L2Nu_13TeV_powheg_pythia8_ext1_catDY_sys_TriggerSFWeightUp
Merging measMET_ZZTo2L2Nu_13TeV_powheg_pythia8_ext1_catNRB_sys_QCDScale1wDown
Merging phizmet_ZZTo2L2Nu_13TeV_powheg_pythia8_ext1_sys_jerUp
Merging measMET_ZZTo2L2Nu_13TeV_powheg_pythia8_ext1_cat4L_sys_EWKDown
Merging MT_ZZTo2L2Nu_13TeV_powheg_pythia8_ext1_cat4L_sys_TriggerSFWeightDown
Merging MT_ZZTo2L2Nu_13TeV_powheg_pythia8_ext1_catNRB_sys_EWKDown
Merging MT_ZZTo2L2Nu_13TeV_powheg_pythia8_ext1_catSignal-0jet
Merging measMET_ZZTo2L2Nu_13TeV_powheg_pythia8_ext1_cat3L_sys_PrefireWeightDown
Merging measMET_ZZTo2L2Nu_13TeV_powheg_pythia8_ext1_cat3L_sys_jesTotalUp
Merging njet_ZZTo2L2Nu_13TeV_powheg_pythia8_ext1_sys_QCDScale1wUp
Merging measMET_ZZTo2L2Nu_13TeV_powheg_pythia8_ext1_catEM_sys_btagEventWeightDown
Merging MT_ZZTo2L2Nu_13TeV_powheg_pythia8_ext1_catTOP_sys_QCDScale0wDown
Merging MT_ZZTo2L2Nu_13TeV_powheg_pythia8_ext1_catEM_sys_puWeightDown
Merging MT_ZZTo2L2Nu_13TeV_powheg_pythia8_ext1_cat3L_sys_jesTotalDown
Merging measMET_ZZTo2L2Nu_13TeV_powheg_pythia8_ext1_cat3L_sys_ElectronEnDown
Merging measMET_ZZTo2L2Nu_13TeV_powheg_pythia8_ext1_cat4L_sys_PrefireWeightDown
Merging measMET_ZZTo2L2Nu_13TeV_powheg_pythia8_ext1_cat3L
Merging MT_ZZTo2L2Nu_13TeV_powheg_pythia8_ext1_catSignal-0jet_sys_ElecronSFDown
Merging balance_ZZTo2L2Nu_13TeV_powheg_pythia8_ext1_sys_nvtxWeightDown
Merging measMET_ZZTo2L2Nu_13TeV_powheg_pythia8_ext1_cat4L_sys_QCDScale2wDown
Merging MT_ZZTo2L2Nu_13TeV_powheg_pythia8_ext1_cat3L_sys_PDFDown
Merging measMET_ZZTo2L2Nu_13TeV_powheg_pythia8_ext1_cat3L_sys_QCDScale2wUp
Merging MT_ZZTo2L2Nu_13TeV_powheg_pythia8_ext1_catSignal-1jet_sys_puWeightUp
Merging MT_ZZTo2L2Nu_13TeV_powheg_pythia8_ext1_catTOP_sys_QCDScale1wDown
Merging MT_ZZTo2L2Nu_13TeV_powheg_pythia8_ext1_catNRB_sys_nvtxWeightDown
Merging MT_ZZTo2L2Nu_13TeV_powheg_pythia8_ext1_catEM_sys_ElecronSFDown
Merging measMET_ZZTo2L2Nu_13TeV_powheg_pythia8_ext1_cat4L_sys_jesTotalDown
Merging measMET_ZZTo2L2Nu_13TeV_powheg_pythia8_ext1_cat3L_sys_MuonSFUp
Merging MT_ZZTo2L2Nu_13TeV_powheg_pythia8_ext1_catNRB_sys_MuonSFUp
Merging MT_ZZTo2L2Nu_13TeV_powheg_pythia8_ext1_catEM_sys_MuonEnDown
Merging MT_ZZTo2L2Nu_13TeV_powheg_pythia8_ext1_cat4L_sys_ElecronSFDown
Merging phizmet_ZZTo2L2Nu_13TeV_powheg_pythia8_ext1_sys_QCDScale1wDown
Merging MT_ZZTo2L2Nu_13TeV_powheg_pythia8_ext1_catSignal-0jet_sys_puWeightUp
Merging measMET_ZZTo2L2Nu_13TeV_powheg_pythia8_ext1_catEM_sys_PDFDown
Merging phizmet_ZZTo2L2Nu_13TeV_powheg_pythia8_ext1_sys_QCDScale2wDown
Merging measMET_ZZTo2L2Nu_13TeV_powheg_pythia8_ext1_catTOP_sys_TriggerSFWeightDown
Merging measMET_ZZTo2L2Nu_13TeV_powheg_pythia8_ext1_catSignal-1jet
Merging measMET_ZZTo2L2Nu_13TeV_powheg_pythia8_ext1_catDY_sys_ElectronEnUp
Merging measMET_ZZTo2L2Nu_13TeV_powheg_pythia8_ext1_catNRB_sys_MuonEnDown
Merging MT_ZZTo2L2Nu_13TeV_powheg_pythia8_ext1_cat4L_sys_MuonSFUp
Merging measMET_ZZTo2L2Nu_13TeV_powheg_pythia8_ext1_catDY_sys_puWeightDown
Merging MT_ZZTo2L2Nu_13TeV_powheg_pythia8_ext1_cat4L_sys_ElectronEnUp
Merging measMET_ZZTo2L2Nu_13TeV_powheg_pythia8_ext1_cat4L_sys_ElecronSFDown
Merging measMET_ZZTo2L2Nu_13TeV_powheg_pythia8_ext1_catSignal-1jet_sys_QCDScale0wDown
Merging MT_ZZTo2L2Nu_13TeV_powheg_pythia8_ext1_catSignal-1jet_sys_jerDown
Merging measMET_ZZTo2L2Nu_13TeV_powheg_pythia8_ext1_catSignal-0jet_sys_QCDScale1wUp
Merging measMET_ZZTo2L2Nu_13TeV_powheg_pythia8_ext1_catNRB_sys_ElecronSFDown
Merging measMET_ZZTo2L2Nu_13TeV_powheg_pythia8_ext1_catEM_sys_QCDScale1wDown
Merging measMET_ZZTo2L2Nu_13TeV_powheg_pythia8_ext1_catSignal-0jet_sys_jerDown
Merging MT_ZZTo2L2Nu_13TeV_powheg_pythia8_ext1_catDY_sys_btagEventWeightDown
Merging MT_ZZTo2L2Nu_13TeV_powheg_pythia8_ext1_catNRB_sys_PDFUp
Merging njet_ZZTo2L2Nu_13TeV_powheg_pythia8_ext1_sys_PrefireWeightDown
Merging MT_ZZTo2L2Nu_13TeV_powheg_pythia8_ext1_catTOP_sys_btagEventWeightUp
Merging measMET_ZZTo2L2Nu_13TeV_powheg_pythia8_ext1_cat3L_sys_nvtxWeightDown
Merging phizmet_ZZTo2L2Nu_13TeV_powheg_pythia8_ext1_sys_QCDScale0wDown
Merging measMET_ZZTo2L2Nu_13TeV_powheg_pythia8_ext1_catTOP_sys_jerUp
Merging measMET_ZZTo2L2Nu_13TeV_powheg_pythia8_ext1_cat4L_sys_QCDScale1wDown
Merging measMET_ZZTo2L2Nu_13TeV_powheg_pythia8_ext1_catNRB_sys_EWKDown
Merging njet_ZZTo2L2Nu_13TeV_powheg_pythia8_ext1_sys_EWKDown
Merging measMET_ZZTo2L2Nu_13TeV_powheg_pythia8_ext1_catTOP_sys_nvtxWeightDown
Merging MT_ZZTo2L2Nu_13TeV_powheg_pythia8_ext1_catDY_sys_ElecronSFDown
Merging measMET_ZZTo2L2Nu_13TeV_powheg_pythia8_ext1_catDY_sys_QCDScale0wUp
Merging MT_ZZTo2L2Nu_13TeV_powheg_pythia8_ext1_cat4L_sys_QCDScale1wDown
Merging measMET_ZZTo2L2Nu_13TeV_powheg_pythia8_ext1_catNRB_sys_jerDown
Merging measMET_ZZTo2L2Nu_13TeV_powheg_pythia8_ext1_catDY_sys_jesTotalDown
Merging balance_ZZTo2L2Nu_13TeV_powheg_pythia8_ext1_sys_MuonEnUp
Merging phizmet_ZZTo2L2Nu_13TeV_powheg_pythia8_ext1_sys_MuonEnDown
Merging MT_ZZTo2L2Nu_13TeV_powheg_pythia8_ext1_catSignal-0jet_sys_QCDScale1wDown
Merging MT_ZZTo2L2Nu_13TeV_powheg_pythia8_ext1_catDY_sys_PrefireWeightDown
Merging measMET_ZZTo2L2Nu_13TeV_powheg_pythia8_ext1_catDY_sys_nvtxWeightUp
Merging measMET_ZZTo2L2Nu_13TeV_powheg_pythia8_ext1_catSignal-0jet_sys_ElecronSFUp
Merging balance_ZZTo2L2Nu_13TeV_powheg_pythia8_ext1_sys_QCDScale1wUp
Merging MT_ZZTo2L2Nu_13TeV_powheg_pythia8_ext1_cat3L_sys_QCDScale0wDown
Merging MT_ZZTo2L2Nu_13TeV_powheg_pythia8_ext1_catEM_sys_ElectronEnUp
Merging balance_ZZTo2L2Nu_13TeV_powheg_pythia8_ext1_sys_PrefireWeightDown
Merging measMET_ZZTo2L2Nu_13TeV_powheg_pythia8_ext1_cat3L_sys_jerUp
Merging MT_ZZTo2L2Nu_13TeV_powheg_pythia8_ext1_catNRB_sys_PrefireWeightDown
Merging MT_ZZTo2L2Nu_13TeV_powheg_pythia8_ext1_cat3L_sys_MuonEnDown
Merging measMET_ZZTo2L2Nu_13TeV_powheg_pythia8_ext1_cat3L_sys_EWKUp
Merging measMET_ZZTo2L2Nu_13TeV_powheg_pythia8_ext1_cat3L_sys_jesTotalDown
Merging MT_ZZTo2L2Nu_13TeV_powheg_pythia8_ext1_cat3L_sys_PrefireWeightDown
Merging MT_ZZTo2L2Nu_13TeV_powheg_pythia8_ext1_catTOP_sys_MuonEnDown
Merging measMET_ZZTo2L2Nu_13TeV_powheg_pythia8_ext1_catEM_sys_QCDScale1wUp
Merging measMET_ZZTo2L2Nu_13TeV_powheg_pythia8_ext1_catSignal-1jet_sys_ElecronSFDown
Merging measMET_ZZTo2L2Nu_13TeV_powheg_pythia8_ext1_catEM_sys_puWeightDown
Merging measMET_ZZTo2L2Nu_13TeV_powheg_pythia8_ext1_catEM
Merging MT_ZZTo2L2Nu_13TeV_powheg_pythia8_ext1_catTOP_sys_QCDScale2wDown
Merging MT_ZZTo2L2Nu_13TeV_powheg_pythia8_ext1_catTOP_sys_MuonSFDown
Merging measMET_ZZTo2L2Nu_13TeV_powheg_pythia8_ext1_cat4L_sys_PDFDown
Merging balance_ZZTo2L2Nu_13TeV_powheg_pythia8_ext1_sys_btagEventWeightDown
Merging MT_ZZTo2L2Nu_13TeV_powheg_pythia8_ext1_cat3L
Merging MT_ZZTo2L2Nu_13TeV_powheg_pythia8_ext1_catSignal-1jet_sys_PrefireWeightDown
Merging measMET_ZZTo2L2Nu_13TeV_powheg_pythia8_ext1_catSignal-1jet_sys_EWKDown
Merging measMET_ZZTo2L2Nu_13TeV_powheg_pythia8_ext1_catSignal-0jet_sys_puWeightDown
Merging measMET_ZZTo2L2Nu_13TeV_powheg_pythia8_ext1_cat3L_sys_btagEventWeightDown
Merging measMET_ZZTo2L2Nu_13TeV_powheg_pythia8_ext1_catDY_sys_TriggerSFWeightUp
Merging MT_ZZTo2L2Nu_13TeV_powheg_pythia8_ext1_cat3L_sys_nvtxWeightDown
Merging MT_ZZTo2L2Nu_13TeV_powheg_pythia8_ext1_cat4L_sys_TriggerSFWeightUp
Merging MT_ZZTo2L2Nu_13TeV_powheg_pythia8_ext1_cat3L_sys_QCDScale1wUp
Merging measMET_ZZTo2L2Nu_13TeV_powheg_pythia8_ext1_catSignal-0jet_sys_PrefireWeightDown
Merging measMET_ZZTo2L2Nu_13TeV_powheg_pythia8_ext1_cat3L_sys_btagEventWeightUp
Merging MT_ZZTo2L2Nu_13TeV_powheg_pythia8_ext1_cat3L_sys_jerUp
Merging MT_ZZTo2L2Nu_13TeV_powheg_pythia8_ext1_catSignal-1jet_sys_ElecronSFUp
Merging autoPU
Merging measMET_ZZTo2L2Nu_13TeV_powheg_pythia8_ext1_catNRB_sys_QCDScale2wUp
Merging njet_ZZTo2L2Nu_13TeV_powheg_pythia8_ext1_sys_puWeightUp
Merging measMET_ZZTo2L2Nu_13TeV_powheg_pythia8_ext1_cat4L_sys_btagEventWeightDown
Merging measMET_ZZTo2L2Nu_13TeV_powheg_pythia8_ext1_catDY_sys_nvtxWeightDown
Merging MT_ZZTo2L2Nu_13TeV_powheg_pythia8_ext1_cat3L_sys_jesTotalUp
Merging MT_ZZTo2L2Nu_13TeV_powheg_pythia8_ext1_catNRB
Merging MT_ZZTo2L2Nu_13TeV_powheg_pythia8_ext1_catDY_sys_nvtxWeightDown
Merging measMET_ZZTo2L2Nu_13TeV_powheg_pythia8_ext1_cat4L_sys_TriggerSFWeightDown
Merging measMET_ZZTo2L2Nu_13TeV_powheg_pythia8_ext1_catSignal-0jet_sys_QCDScale2wUp
Merging njet_ZZTo2L2Nu_13TeV_powheg_pythia8_ext1_sys_PDFDown
Merging MT_ZZTo2L2Nu_13TeV_powheg_pythia8_ext1_catEM_sys_PrefireWeightUp
Merging MT_ZZTo2L2Nu_13TeV_powheg_pythia8_ext1_catSignal-0jet_sys_EWKDown
Merging MT_ZZTo2L2Nu_13TeV_powheg_pythia8_ext1_cat3L_sys_jerDown
Merging measMET_ZZTo2L2Nu_13TeV_powheg_pythia8_ext1_catTOP_sys_MuonSFDown
Merging MT_ZZTo2L2Nu_13TeV_powheg_pythia8_ext1_catSignal-1jet
Merging phizmet_ZZTo2L2Nu_13TeV_powheg_pythia8_ext1_sys_nvtxWeightUp
Merging measMET_ZZTo2L2Nu_13TeV_powheg_pythia8_ext1_catTOP_sys_jesTotalDown
Merging phizmet_ZZTo2L2Nu_13TeV_powheg_pythia8_ext1_sys_puWeightUp
Merging measMET_ZZTo2L2Nu_13TeV_powheg_pythia8_ext1_catSignal-0jet_sys_MuonEnDown
Merging measMET_ZZTo2L2Nu_13TeV_powheg_pythia8_ext1_catNRB_sys_TriggerSFWeightUp
Merging MT_ZZTo2L2Nu_13TeV_powheg_pythia8_ext1_catNRB_sys_QCDScale0wUp
Merging MT_ZZTo2L2Nu_13TeV_powheg_pythia8_ext1_catEM_sys_QCDScale2wUp
Merging measMET_ZZTo2L2Nu_13TeV_powheg_pythia8_ext1_catDY_sys_TriggerSFWeightDown
Merging MT_ZZTo2L2Nu_13TeV_powheg_pythia8_ext1_cat3L_sys_PrefireWeightUp
Merging phizmet_ZZTo2L2Nu_13TeV_powheg_pythia8_ext1_sys_MuonSFDown
Merging MT_ZZTo2L2Nu_13TeV_powheg_pythia8_ext1_cat4L_sys_PrefireWeightUp
Merging measMET_ZZTo2L2Nu_13TeV_powheg_pythia8_ext1_catSignal-1jet_sys_PrefireWeightUp
Merging balance_ZZTo2L2Nu_13TeV_powheg_pythia8_ext1_sys_jerUp
Merging measMET_ZZTo2L2Nu_13TeV_powheg_pythia8_ext1_cat4L_sys_ElecronSFUp
Merging measMET_ZZTo2L2Nu_13TeV_powheg_pythia8_ext1_cat4L_sys_jerDown
Merging measMET_ZZTo2L2Nu_13TeV_powheg_pythia8_ext1_catTOP_sys_TriggerSFWeightUp
Merging measMET_ZZTo2L2Nu_13TeV_powheg_pythia8_ext1_catEM_sys_PrefireWeightUp
Merging MT_ZZTo2L2Nu_13TeV_powheg_pythia8_ext1_catTOP_sys_nvtxWeightDown
Merging njet_ZZTo2L2Nu_13TeV_powheg_pythia8_ext1
Merging MT_ZZTo2L2Nu_13TeV_powheg_pythia8_ext1_cat4L_sys_nvtxWeightUp
Merging measMET_ZZTo2L2Nu_13TeV_powheg_pythia8_ext1_catEM_sys_btagEventWeightUp
Merging MT_ZZTo2L2Nu_13TeV_powheg_pythia8_ext1_catEM_sys_jerUp
Merging njet_ZZTo2L2Nu_13TeV_powheg_pythia8_ext1_sys_MuonEnDown
Merging measMET_ZZTo2L2Nu_13TeV_powheg_pythia8_ext1_catSignal-1jet_sys_PDFUp
Merging measMET_ZZTo2L2Nu_13TeV_powheg_pythia8_ext1_cat3L_sys_ElecronSFUp
Merging njet_ZZTo2L2Nu_13TeV_powheg_pythia8_ext1_sys_QCDScale0wUp
Merging MT_ZZTo2L2Nu_13TeV_powheg_pythia8_ext1_catEM_sys_btagEventWeightUp
Merging MT_ZZTo2L2Nu_13TeV_powheg_pythia8_ext1_catEM_sys_PrefireWeightDown
Merging measMET_ZZTo2L2Nu_13TeV_powheg_pythia8_ext1_catEM_sys_MuonSFUp
Merging measMET_ZZTo2L2Nu_13TeV_powheg_pythia8_ext1_cat4L
Merging njet_ZZTo2L2Nu_13TeV_powheg_pythia8_ext1_sys_ElecronSFUp
Merging MT_ZZTo2L2Nu_13TeV_powheg_pythia8_ext1_catSignal-1jet_sys_EWKUp
Merging measMET_ZZTo2L2Nu_13TeV_powheg_pythia8_ext1_catNRB_sys_ElecronSFUp
Merging MT_ZZTo2L2Nu_13TeV_powheg_pythia8_ext1_catSignal-1jet_sys_nvtxWeightDown
Merging measMET_ZZTo2L2Nu_13TeV_powheg_pythia8_ext1_catNRB_sys_QCDScale0wDown
Merging MT_ZZTo2L2Nu_13TeV_powheg_pythia8_ext1_catTOP_sys_ElectronEnDown
Merging measMET_ZZTo2L2Nu_13TeV_powheg_pythia8_ext1_catSignal-0jet_sys_EWKUp
Merging measMET_ZZTo2L2Nu_13TeV_powheg_pythia8_ext1_catEM_sys_MuonEnUp
Merging MT_ZZTo2L2Nu_13TeV_powheg_pythia8_ext1_cat3L_sys_QCDScale1wDown
Merging MT_ZZTo2L2Nu_13TeV_powheg_pythia8_ext1_catSignal-1jet_sys_QCDScale0wUp
Merging MT_ZZTo2L2Nu_13TeV_powheg_pythia8_ext1_catDY_sys_jesTotalUp
Merging MT_ZZTo2L2Nu_13TeV_powheg_pythia8_ext1_cat4L_sys_ElecronSFUp
Merging measMET_ZZTo2L2Nu_13TeV_powheg_pythia8_ext1_catSignal-1jet_sys_MuonEnDown
Merging MT_ZZTo2L2Nu_13TeV_powheg_pythia8_ext1_catSignal-0jet_sys_PrefireWeightUp
Merging MT_ZZTo2L2Nu_13TeV_powheg_pythia8_ext1_cat4L_sys_puWeightDown
Merging measMET_ZZTo2L2Nu_13TeV_powheg_pythia8_ext1_catSignal-0jet_sys_MuonSFUp
Merging MT_ZZTo2L2Nu_13TeV_powheg_pythia8_ext1_catEM_sys_btagEventWeightDown
Merging MT_ZZTo2L2Nu_13TeV_powheg_pythia8_ext1_catNRB_sys_EWKUp
Merging MT_ZZTo2L2Nu_13TeV_powheg_pythia8_ext1_catSignal-1jet_sys_puWeightDown
Merging MT_ZZTo2L2Nu_13TeV_powheg_pythia8_ext1_catSignal-0jet_sys_puWeightDown
Merging balance_ZZTo2L2Nu_13TeV_powheg_pythia8_ext1_sys_ElectronEnDown
Merging measMET_ZZTo2L2Nu_13TeV_powheg_pythia8_ext1_catEM_sys_ElectronEnDown
Merging MT_ZZTo2L2Nu_13TeV_powheg_pythia8_ext1_catTOP_sys_jesTotalDown
Merging measMET_ZZTo2L2Nu_13TeV_powheg_pythia8_ext1_catTOP_sys_PrefireWeightUp
Merging MT_ZZTo2L2Nu_13TeV_powheg_pythia8_ext1_catEM_sys_EWKDown
Merging MT_ZZTo2L2Nu_13TeV_powheg_pythia8_ext1_catEM_sys_MuonEnUp
Merging measMET_ZZTo2L2Nu_13TeV_powheg_pythia8_ext1_catNRB_sys_PDFUp
Merging MT_ZZTo2L2Nu_13TeV_powheg_pythia8_ext1_cat4L_sys_QCDScale1wUp
Merging MT_ZZTo2L2Nu_13TeV_powheg_pythia8_ext1_catSignal-0jet_sys_ElectronEnDown
Merging balance_ZZTo2L2Nu_13TeV_powheg_pythia8_ext1
Merging MT_ZZTo2L2Nu_13TeV_powheg_pythia8_ext1_cat3L_sys_ElectronEnDown
Merging njet_ZZTo2L2Nu_13TeV_powheg_pythia8_ext1_sys_QCDScale1wDown
Merging measMET_ZZTo2L2Nu_13TeV_powheg_pythia8_ext1_catDY_sys_PrefireWeightUp
Merging measMET_ZZTo2L2Nu_13TeV_powheg_pythia8_ext1_catSignal-1jet_sys_nvtxWeightUp
Merging MT_ZZTo2L2Nu_13TeV_powheg_pythia8_ext1_catSignal-0jet_sys_QCDScale0wDown
Merging MT_ZZTo2L2Nu_13TeV_powheg_pythia8_ext1_catSignal-1jet_sys_ElecronSFDown
Merging MT_ZZTo2L2Nu_13TeV_powheg_pythia8_ext1_catDY_sys_PDFUp
Merging measMET_ZZTo2L2Nu_13TeV_powheg_pythia8_ext1_cat3L_sys_EWKDown
Merging measMET_ZZTo2L2Nu_13TeV_powheg_pythia8_ext1_catEM_sys_PrefireWeightDown
Merging measMET_ZZTo2L2Nu_13TeV_powheg_pythia8_ext1_catTOP_sys_puWeightUp
Merging njet_ZZTo2L2Nu_13TeV_powheg_pythia8_ext1_sys_EWKUp
Merging measMET_ZZTo2L2Nu_13TeV_powheg_pythia8_ext1_cat3L_sys_puWeightUp
Merging MT_ZZTo2L2Nu_13TeV_powheg_pythia8_ext1_catEM_sys_jesTotalUp
Merging measMET_ZZTo2L2Nu_13TeV_powheg_pythia8_ext1_catSignal-0jet_sys_PrefireWeightUp
Merging MT_ZZTo2L2Nu_13TeV_powheg_pythia8_ext1_catEM_sys_QCDScale0wDown
Merging MT_ZZTo2L2Nu_13TeV_powheg_pythia8_ext1_catTOP_sys_jerUp
Merging measMET_ZZTo2L2Nu_13TeV_powheg_pythia8_ext1_catSignal-0jet_sys_EWKDown
Merging MT_ZZTo2L2Nu_13TeV_powheg_pythia8_ext1_catNRB_sys_jesTotalUp
Merging measMET_ZZTo2L2Nu_13TeV_powheg_pythia8_ext1_catNRB_sys_QCDScale2wDown
Merging measMET_ZZTo2L2Nu_13TeV_powheg_pythia8_ext1_catEM_sys_TriggerSFWeightUp
Merging balance_ZZTo2L2Nu_13TeV_powheg_pythia8_ext1_sys_ElecronSFDown
Merging MT_ZZTo2L2Nu_13TeV_powheg_pythia8_ext1_catTOP_sys_PrefireWeightDown
Merging measMET_ZZTo2L2Nu_13TeV_powheg_pythia8_ext1_catSignal-0jet_sys_TriggerSFWeightUp
Merging measMET_ZZTo2L2Nu_13TeV_powheg_pythia8_ext1_cat3L_sys_QCDScale2wDown
Merging MT_ZZTo2L2Nu_13TeV_powheg_pythia8_ext1_catTOP_sys_MuonSFUp
Merging measMET_ZZTo2L2Nu_13TeV_powheg_pythia8_ext1_cat4L_sys_jerUp
Merging MT_ZZTo2L2Nu_13TeV_powheg_pythia8_ext1_catSignal-0jet_sys_jerUp
Merging measMET_ZZTo2L2Nu_13TeV_powheg_pythia8_ext1_catTOP_sys_EWKUp
Merging MT_ZZTo2L2Nu_13TeV_powheg_pythia8_ext1_catDY_sys_puWeightUp
Merging phizmet_ZZTo2L2Nu_13TeV_powheg_pythia8_ext1_sys_ElecronSFDown
Merging measMET_ZZTo2L2Nu_13TeV_powheg_pythia8_ext1_cat3L_sys_puWeightDown
Merging balance_ZZTo2L2Nu_13TeV_powheg_pythia8_ext1_sys_PDFUp
Merging MT_ZZTo2L2Nu_13TeV_powheg_pythia8_ext1_cat3L_sys_PDFUp
Merging MT_ZZTo2L2Nu_13TeV_powheg_pythia8_ext1_cat4L_sys_jerUp
Merging measMET_ZZTo2L2Nu_13TeV_powheg_pythia8_ext1_catTOP_sys_QCDScale2wDown
Merging MT_ZZTo2L2Nu_13TeV_powheg_pythia8_ext1_catDY_sys_btagEventWeightUp
Merging MT_ZZTo2L2Nu_13TeV_powheg_pythia8_ext1_catNRB_sys_MuonEnUp
Merging balance_ZZTo2L2Nu_13TeV_powheg_pythia8_ext1_sys_QCDScale0wUp
Merging MT_ZZTo2L2Nu_13TeV_powheg_pythia8_ext1_catSignal-0jet_sys_nvtxWeightDown
Merging measMET_ZZTo2L2Nu_13TeV_powheg_pythia8_ext1_catTOP_sys_QCDScale1wUp
Merging measMET_ZZTo2L2Nu_13TeV_powheg_pythia8_ext1_cat3L_sys_TriggerSFWeightDown
Merging measMET_ZZTo2L2Nu_13TeV_powheg_pythia8_ext1_catTOP_sys_QCDScale1wDown
Merging measMET_ZZTo2L2Nu_13TeV_powheg_pythia8_ext1_catNRB_sys_puWeightDown
Merging MT_ZZTo2L2Nu_13TeV_powheg_pythia8_ext1_catEM_sys_ElectronEnDown
Merging MT_ZZTo2L2Nu_13TeV_powheg_pythia8_ext1_catSignal-1jet_sys_PDFUp
Merging measMET_ZZTo2L2Nu_13TeV_powheg_pythia8_ext1_catNRB_sys_QCDScale0wUp
Merging balance_ZZTo2L2Nu_13TeV_powheg_pythia8_ext1_sys_EWKUp
Merging measMET_ZZTo2L2Nu_13TeV_powheg_pythia8_ext1_catDY_sys_EWKUp
Merging phizmet_ZZTo2L2Nu_13TeV_powheg_pythia8_ext1_sys_jesTotalUp
Merging MT_ZZTo2L2Nu_13TeV_powheg_pythia8_ext1_catNRB_sys_jerUp
Merging measMET_ZZTo2L2Nu_13TeV_powheg_pythia8_ext1_catNRB_sys_QCDScale1wUp
Merging measMET_ZZTo2L2Nu_13TeV_powheg_pythia8_ext1_catNRB
Merging measMET_ZZTo2L2Nu_13TeV_powheg_pythia8_ext1_catDY_sys_ElecronSFDown
Merging measMET_ZZTo2L2Nu_13TeV_powheg_pythia8_ext1_catSignal-0jet_sys_nvtxWeightUp
Merging MT_ZZTo2L2Nu_13TeV_powheg_pythia8_ext1_catSignal-1jet_sys_btagEventWeightDown
Merging MT_ZZTo2L2Nu_13TeV_powheg_pythia8_ext1_catSignal-0jet_sys_jesTotalUp
Merging MT_ZZTo2L2Nu_13TeV_powheg_pythia8_ext1_catSignal-0jet_sys_QCDScale0wUp
Merging MT_ZZTo2L2Nu_13TeV_powheg_pythia8_ext1_cat4L_sys_QCDScale0wUp
Merging MT_ZZTo2L2Nu_13TeV_powheg_pythia8_ext1_catSignal-1jet_sys_ElectronEnDown
Merging MT_ZZTo2L2Nu_13TeV_powheg_pythia8_ext1_catEM_sys_QCDScale0wUp
Merging MT_ZZTo2L2Nu_13TeV_powheg_pythia8_ext1_catNRB_sys_QCDScale2wUp
Merging measMET_ZZTo2L2Nu_13TeV_powheg_pythia8_ext1_cat4L_sys_nvtxWeightDown
Merging MT_ZZTo2L2Nu_13TeV_powheg_pythia8_ext1_catDY_sys_MuonEnUp
Merging MT_ZZTo2L2Nu_13TeV_powheg_pythia8_ext1_catDY_sys_QCDScale2wDown
Merging phizmet_ZZTo2L2Nu_13TeV_powheg_pythia8_ext1_sys_EWKDown
Merging MT_ZZTo2L2Nu_13TeV_powheg_pythia8_ext1_cat4L
Merging MT_ZZTo2L2Nu_13TeV_powheg_pythia8_ext1_catSignal-1jet_sys_MuonEnUp
Merging measMET_ZZTo2L2Nu_13TeV_powheg_pythia8_ext1_catSignal-0jet_sys_QCDScale0wDown
Merging measMET_ZZTo2L2Nu_13TeV_powheg_pythia8_ext1_cat4L_sys_PDFUp
Merging MT_ZZTo2L2Nu_13TeV_powheg_pythia8_ext1_catNRB_sys_ElectronEnDown
Merging MT_ZZTo2L2Nu_13TeV_powheg_pythia8_ext1_catTOP_sys_PDFDown
Merging measMET_ZZTo2L2Nu_13TeV_powheg_pythia8_ext1_catSignal-0jet_sys_MuonSFDown
Merging MT_ZZTo2L2Nu_13TeV_powheg_pythia8_ext1_catTOP_sys_TriggerSFWeightDown
Merging measMET_ZZTo2L2Nu_13TeV_powheg_pythia8_ext1_cat4L_sys_MuonEnDown
Merging MT_ZZTo2L2Nu_13TeV_powheg_pythia8_ext1_catTOP_sys_ElectronEnUp
Merging MT_ZZTo2L2Nu_13TeV_powheg_pythia8_ext1_catSignal-1jet_sys_MuonSFUp
Merging measMET_ZZTo2L2Nu_13TeV_powheg_pythia8_ext1_catNRB_sys_TriggerSFWeightDown
Merging measMET_ZZTo2L2Nu_13TeV_powheg_pythia8_ext1_catSignal-0jet_sys_ElecronSFDown
Merging MT_ZZTo2L2Nu_13TeV_powheg_pythia8_ext1_catEM_sys_TriggerSFWeightUp
Merging MT_ZZTo2L2Nu_13TeV_powheg_pythia8_ext1_catEM_sys_PDFDown
Merging measMET_ZZTo2L2Nu_13TeV_powheg_pythia8_ext1_catNRB_sys_PrefireWeightDown
Merging measMET_ZZTo2L2Nu_13TeV_powheg_pythia8_ext1_catNRB_sys_jesTotalDown
Merging MT_ZZTo2L2Nu_13TeV_powheg_pythia8_ext1_catTOP_sys_jesTotalUp
Merging MT_ZZTo2L2Nu_13TeV_powheg_pythia8_ext1_cat4L_sys_nvtxWeightDown
Merging measMET_ZZTo2L2Nu_13TeV_powheg_pythia8_ext1_catEM_sys_nvtxWeightUp
Merging measMET_ZZTo2L2Nu_13TeV_powheg_pythia8_ext1_cat3L_sys_PDFDown
Merging balance_ZZTo2L2Nu_13TeV_powheg_pythia8_ext1_sys_jesTotalDown
Merging MT_ZZTo2L2Nu_13TeV_powheg_pythia8_ext1_catDY_sys_EWKUp
Merging MT_ZZTo2L2Nu_13TeV_powheg_pythia8_ext1_cat4L_sys_puWeightUp
Merging MT_ZZTo2L2Nu_13TeV_powheg_pythia8_ext1_catSignal-0jet_sys_TriggerSFWeightUp
Merging measMET_ZZTo2L2Nu_13TeV_powheg_pythia8_ext1_catDY_sys_QCDScale0wDown
Merging MT_ZZTo2L2Nu_13TeV_powheg_pythia8_ext1_catSignal-0jet_sys_MuonSFUp
Merging measMET_ZZTo2L2Nu_13TeV_powheg_pythia8_ext1_cat4L_sys_PrefireWeightUp
Merging phizmet_ZZTo2L2Nu_13TeV_powheg_pythia8_ext1
Merging MT_ZZTo2L2Nu_13TeV_powheg_pythia8_ext1_catDY_sys_QCDScale1wUp
Merging phizmet_ZZTo2L2Nu_13TeV_powheg_pythia8_ext1_sys_jesTotalDown
Merging measMET_ZZTo2L2Nu_13TeV_powheg_pythia8_ext1_catEM_sys_jesTotalUp
Merging balance_ZZTo2L2Nu_13TeV_powheg_pythia8_ext1_sys_jesTotalUp
Merging measMET_ZZTo2L2Nu_13TeV_powheg_pythia8_ext1_catSignal-1jet_sys_QCDScale0wUp
Merging phizmet_ZZTo2L2Nu_13TeV_powheg_pythia8_ext1_sys_nvtxWeightDown
Merging balance_ZZTo2L2Nu_13TeV_powheg_pythia8_ext1_sys_nvtxWeightUp
Merging MT_ZZTo2L2Nu_13TeV_powheg_pythia8_ext1_cat4L_sys_EWKDown
Merging balance_ZZTo2L2Nu_13TeV_powheg_pythia8_ext1_sys_jerDown
Merging MT_ZZTo2L2Nu_13TeV_powheg_pythia8_ext1_cat4L_sys_MuonSFDown
Merging measMET_ZZTo2L2Nu_13TeV_powheg_pythia8_ext1_catTOP_sys_PDFUp
Merging MT_ZZTo2L2Nu_13TeV_powheg_pythia8_ext1_catSignal-0jet_sys_ElectronEnUp
Merging MT_ZZTo2L2Nu_13TeV_powheg_pythia8_ext1_catNRB_sys_QCDScale1wDown
Merging MT_ZZTo2L2Nu_13TeV_powheg_pythia8_ext1_catSignal-0jet_sys_nvtxWeightUp
Merging MT_ZZTo2L2Nu_13TeV_powheg_pythia8_ext1_cat4L_sys_PDFDown
Merging MT_ZZTo2L2Nu_13TeV_powheg_pythia8_ext1_catEM_sys_QCDScale1wDown
Merging measMET_ZZTo2L2Nu_13TeV_powheg_pythia8_ext1_catSignal-1jet_sys_MuonEnUp
Merging MT_ZZTo2L2Nu_13TeV_powheg_pythia8_ext1_cat3L_sys_MuonSFDown
Merging MT_ZZTo2L2Nu_13TeV_powheg_pythia8_ext1_catEM_sys_jesTotalDown
Merging measMET_ZZTo2L2Nu_13TeV_powheg_pythia8_ext1_cat3L_sys_ElectronEnUp
Merging balance_ZZTo2L2Nu_13TeV_powheg_pythia8_ext1_sys_MuonEnDown
Merging MT_ZZTo2L2Nu_13TeV_powheg_pythia8_ext1_cat3L_sys_nvtxWeightUp
Merging measMET_ZZTo2L2Nu_13TeV_powheg_pythia8_ext1_catSignal-1jet_sys_QCDScale2wUp
Merging phizmet_ZZTo2L2Nu_13TeV_powheg_pythia8_ext1_sys_ElectronEnDown
Merging measMET_ZZTo2L2Nu_13TeV_powheg_pythia8_ext1_cat3L_sys_PrefireWeightUp
Merging measMET_ZZTo2L2Nu_13TeV_powheg_pythia8_ext1_catDY_sys_jesTotalUp
Merging MT_ZZTo2L2Nu_13TeV_powheg_pythia8_ext1_cat3L_sys_QCDScale2wDown
Merging MT_ZZTo2L2Nu_13TeV_powheg_pythia8_ext1_catSignal-1jet_sys_PDFDown
Merging MT_ZZTo2L2Nu_13TeV_powheg_pythia8_ext1_catEM
Merging measMET_ZZTo2L2Nu_13TeV_powheg_pythia8_ext1_catSignal-0jet_sys_QCDScale0wUp
Merging MT_ZZTo2L2Nu_13TeV_powheg_pythia8_ext1_catDY_sys_ElecronSFUp
Merging MT_ZZTo2L2Nu_13TeV_powheg_pythia8_ext1_catNRB_sys_TriggerSFWeightDown
Merging MT_ZZTo2L2Nu_13TeV_powheg_pythia8_ext1_catDY_sys_jesTotalDown
Merging MT_ZZTo2L2Nu_13TeV_powheg_pythia8_ext1_cat3L_sys_ElecronSFUp
Merging measMET_ZZTo2L2Nu_13TeV_powheg_pythia8_ext1_catEM_sys_nvtxWeightDown
Merging measMET_ZZTo2L2Nu_13TeV_powheg_pythia8_ext1_catDY_sys_QCDScale2wDown
Merging phizmet_ZZTo2L2Nu_13TeV_powheg_pythia8_ext1_sys_PrefireWeightUp
Merging MT_ZZTo2L2Nu_13TeV_powheg_pythia8_ext1_catSignal-0jet_sys_QCDScale2wUp
Merging MT_ZZTo2L2Nu_13TeV_powheg_pythia8_ext1_catNRB_sys_nvtxWeightUp
Merging measMET_ZZTo2L2Nu_13TeV_powheg_pythia8_ext1_catNRB_sys_ElectronEnDown
Merging njet_ZZTo2L2Nu_13TeV_powheg_pythia8_ext1_sys_ElecronSFDown
Merging MT_ZZTo2L2Nu_13TeV_powheg_pythia8_ext1_catDY_sys_QCDScale0wDown
Merging measMET_ZZTo2L2Nu_13TeV_powheg_pythia8_ext1_catTOP_sys_puWeightDown
Merging njet_ZZTo2L2Nu_13TeV_powheg_pythia8_ext1_sys_PrefireWeightUp
Merging MT_ZZTo2L2Nu_13TeV_powheg_pythia8_ext1_catDY_sys_jerUp
Merging balance_ZZTo2L2Nu_13TeV_powheg_pythia8_ext1_sys_btagEventWeightUp
Merging measMET_ZZTo2L2Nu_13TeV_powheg_pythia8_ext1_catSignal-0jet_sys_PDFDown
Merging measMET_ZZTo2L2Nu_13TeV_powheg_pythia8_ext1_catSignal-0jet_sys_jesTotalDown
Merging measMET_ZZTo2L2Nu_13TeV_powheg_pythia8_ext1_catNRB_sys_MuonEnUp
Merging MT_ZZTo2L2Nu_13TeV_powheg_pythia8_ext1_catTOP_sys_MuonEnUp
Merging njet_ZZTo2L2Nu_13TeV_powheg_pythia8_ext1_sys_jesTotalDown
Merging measMET_ZZTo2L2Nu_13TeV_powheg_pythia8_ext1_cat4L_sys_ElectronEnUp
Merging measMET_ZZTo2L2Nu_13TeV_powheg_pythia8_ext1_catSignal-1jet_sys_puWeightUp
Merging MT_ZZTo2L2Nu_13TeV_powheg_pythia8_ext1_catTOP_sys_QCDScale0wUp
Merging measMET_ZZTo2L2Nu_13TeV_powheg_pythia8_ext1_catSignal-1jet_sys_ElectronEnDown
Merging measMET_ZZTo2L2Nu_13TeV_powheg_pythia8_ext1_catEM_sys_TriggerSFWeightDown
Merging measMET_ZZTo2L2Nu_13TeV_powheg_pythia8_ext1_catTOP_sys_ElectronEnDown
Merging measMET_ZZTo2L2Nu_13TeV_powheg_pythia8_ext1_catSignal-0jet_sys_QCDScale1wDown
Merging measMET_ZZTo2L2Nu_13TeV_powheg_pythia8_ext1_catSignal-0jet_sys_ElectronEnDown
Merging measMET_ZZTo2L2Nu_13TeV_powheg_pythia8_ext1_catDY_sys_PrefireWeightDown
Merging measMET_ZZTo2L2Nu_13TeV_powheg_pythia8_ext1_cat3L_sys_MuonEnDown
Merging measMET_ZZTo2L2Nu_13TeV_powheg_pythia8_ext1_catSignal-0jet_sys_jerUp
Merging MT_ZZTo2L2Nu_13TeV_powheg_pythia8_ext1_catEM_sys_ElecronSFUp
Merging MT_ZZTo2L2Nu_13TeV_powheg_pythia8_ext1_catEM_sys_nvtxWeightUp
Merging measMET_ZZTo2L2Nu_13TeV_powheg_pythia8_ext1_catNRB_sys_nvtxWeightDown
Merging MT_ZZTo2L2Nu_13TeV_powheg_pythia8_ext1_catSignal-1jet_sys_QCDScale2wDown
Merging measMET_ZZTo2L2Nu_13TeV_powheg_pythia8_ext1_catEM_sys_jerUp
Merging MT_ZZTo2L2Nu_13TeV_powheg_pythia8_ext1_catTOP_sys_QCDScale1wUp
Merging measMET_ZZTo2L2Nu_13TeV_powheg_pythia8_ext1_catSignal-1jet_sys_puWeightDown
Merging MT_ZZTo2L2Nu_13TeV_powheg_pythia8_ext1_cat3L_sys_puWeightUp
Merging MT_ZZTo2L2Nu_13TeV_powheg_pythia8_ext1_cat3L_sys_EWKUp
Merging measMET_ZZTo2L2Nu_13TeV_powheg_pythia8_ext1_catSignal-1jet_sys_TriggerSFWeightUp
Merging MT_ZZTo2L2Nu_13TeV_powheg_pythia8_ext1_catSignal-1jet_sys_QCDScale1wDown
Merging MT_ZZTo2L2Nu_13TeV_powheg_pythia8_ext1_catSignal-1jet_sys_jesTotalUp
Merging measMET_ZZTo2L2Nu_13TeV_powheg_pythia8_ext1_catEM_sys_MuonSFDown
Merging measMET_ZZTo2L2Nu_13TeV_powheg_pythia8_ext1_catEM_sys_QCDScale0wUp
Merging measMET_ZZTo2L2Nu_13TeV_powheg_pythia8_ext1_catTOP_sys_QCDScale2wUp
Merging measMET_ZZTo2L2Nu_13TeV_powheg_pythia8_ext1_catDY_sys_ElecronSFUp
Merging MT_ZZTo2L2Nu_13TeV_powheg_pythia8_ext1_cat4L_sys_jesTotalDown
Merging measMET_ZZTo2L2Nu_13TeV_powheg_pythia8_ext1_catSignal-1jet_sys_btagEventWeightUp
Merging balance_ZZTo2L2Nu_13TeV_powheg_pythia8_ext1_sys_MuonSFDown
Merging MT_ZZTo2L2Nu_13TeV_powheg_pythia8_ext1_catSignal-0jet_sys_TriggerSFWeightDown
Merging MT_ZZTo2L2Nu_13TeV_powheg_pythia8_ext1_cat3L_sys_TriggerSFWeightDown
Merging njet_ZZTo2L2Nu_13TeV_powheg_pythia8_ext1_sys_PDFUp
Merging njet_ZZTo2L2Nu_13TeV_powheg_pythia8_ext1_sys_QCDScale2wDown
Merging MT_ZZTo2L2Nu_13TeV_powheg_pythia8_ext1_catSignal-0jet_sys_EWKUp
Merging MT_ZZTo2L2Nu_13TeV_powheg_pythia8_ext1_catTOP_sys_EWKUp
Merging MT_ZZTo2L2Nu_13TeV_powheg_pythia8_ext1_catTOP_sys_QCDScale2wUp
Merging measMET_ZZTo2L2Nu_13TeV_powheg_pythia8_ext1_cat4L_sys_MuonSFDown
Merging njet_ZZTo2L2Nu_13TeV_powheg_pythia8_ext1_sys_QCDScale0wDown
Merging balance_ZZTo2L2Nu_13TeV_powheg_pythia8_ext1_sys_MuonSFUp
Merging MT_ZZTo2L2Nu_13TeV_powheg_pythia8_ext1_catSignal-1jet_sys_PrefireWeightUp
Merging measMET_ZZTo2L2Nu_13TeV_powheg_pythia8_ext1_catDY_sys_MuonEnUp
Merging measMET_ZZTo2L2Nu_13TeV_powheg_pythia8_ext1_catSignal-0jet_sys_TriggerSFWeightDown
Merging measMET_ZZTo2L2Nu_13TeV_powheg_pythia8_ext1_catNRB_sys_jesTotalUp
Merging MT_ZZTo2L2Nu_13TeV_powheg_pythia8_ext1_catNRB_sys_ElecronSFDown
Merging measMET_ZZTo2L2Nu_13TeV_powheg_pythia8_ext1_catDY_sys_QCDScale1wDown
Merging measMET_ZZTo2L2Nu_13TeV_powheg_pythia8_ext1_catTOP_sys_btagEventWeightDown
Merging measMET_ZZTo2L2Nu_13TeV_powheg_pythia8_ext1_catNRB_sys_PrefireWeightUp
Merging MT_ZZTo2L2Nu_13TeV_powheg_pythia8_ext1_catDY_sys_QCDScale2wUp
Merging MT_ZZTo2L2Nu_13TeV_powheg_pythia8_ext1_catTOP_sys_ElecronSFDown
Merging measMET_ZZTo2L2Nu_13TeV_powheg_pythia8_ext1_cat4L_sys_jesTotalUp
Merging MT_ZZTo2L2Nu_13TeV_powheg_pythia8_ext1_cat4L_sys_MuonEnDown
Merging njet_ZZTo2L2Nu_13TeV_powheg_pythia8_ext1_sys_QCDScale2wUp
Merging MT_ZZTo2L2Nu_13TeV_powheg_pythia8_ext1_catDY_sys_EWKDown
Merging MT_ZZTo2L2Nu_13TeV_powheg_pythia8_ext1_catSignal-0jet_sys_MuonEnUp
Merging measMET_ZZTo2L2Nu_13TeV_powheg_pythia8_ext1_catEM_sys_QCDScale2wUp
Merging balance_ZZTo2L2Nu_13TeV_powheg_pythia8_ext1_sys_EWKDown
Merging njet_ZZTo2L2Nu_13TeV_powheg_pythia8_ext1_sys_btagEventWeightUp
Merging MT_ZZTo2L2Nu_13TeV_powheg_pythia8_ext1_catEM_sys_nvtxWeightDown
Merging njet_ZZTo2L2Nu_13TeV_powheg_pythia8_ext1_sys_jesTotalUp
Merging measMET_ZZTo2L2Nu_13TeV_powheg_pythia8_ext1_catTOP_sys_ElecronSFUp
Merging measMET_ZZTo2L2Nu_13TeV_powheg_pythia8_ext1_cat3L_sys_nvtxWeightUp
Merging measMET_ZZTo2L2Nu_13TeV_powheg_pythia8_ext1_catEM_sys_QCDScale2wDown
Merging MT_ZZTo2L2Nu_13TeV_powheg_pythia8_ext1_cat4L_sys_ElectronEnDown
Merging measMET_ZZTo2L2Nu_13TeV_powheg_pythia8_ext1_catSignal-1jet_sys_QCDScale1wUp
Merging measMET_ZZTo2L2Nu_13TeV_powheg_pythia8_ext1_catTOP_sys_PDFDown
Merging measMET_ZZTo2L2Nu_13TeV_powheg_pythia8_ext1_catNRB_sys_PDFDown
Merging measMET_ZZTo2L2Nu_13TeV_powheg_pythia8_ext1_cat4L_sys_QCDScale1wUp
Merging measMET_ZZTo2L2Nu_13TeV_powheg_pythia8_ext1_catDY_sys_btagEventWeightUp
Merging MT_ZZTo2L2Nu_13TeV_powheg_pythia8_ext1_catNRB_sys_QCDScale0wDown
Merging measMET_ZZTo2L2Nu_13TeV_powheg_pythia8_ext1_catTOP_sys_QCDScale0wUp
Merging measMET_ZZTo2L2Nu_13TeV_powheg_pythia8_ext1_catTOP_sys_jesTotalUp
Merging njet_ZZTo2L2Nu_13TeV_powheg_pythia8_ext1_sys_nvtxWeightUp
Merging MT_ZZTo2L2Nu_13TeV_powheg_pythia8_ext1_catNRB_sys_jesTotalDown
Merging MT_ZZTo2L2Nu_13TeV_powheg_pythia8_ext1_catEM_sys_QCDScale2wDown
Merging phizmet_ZZTo2L2Nu_13TeV_powheg_pythia8_ext1_sys_btagEventWeightUp
Merging measMET_ZZTo2L2Nu_13TeV_powheg_pythia8_ext1_catDY_sys_puWeightUp
Merging measMET_ZZTo2L2Nu_13TeV_powheg_pythia8_ext1_catEM_sys_ElectronEnUp
Merging MT_ZZTo2L2Nu_13TeV_powheg_pythia8_ext1_catDY_sys_jerDown
Merging measMET_ZZTo2L2Nu_13TeV_powheg_pythia8_ext1_catDY_sys_QCDScale1wUp
Merging MT_ZZTo2L2Nu_13TeV_powheg_pythia8_ext1_catTOP_sys_PrefireWeightUp
Merging MT_ZZTo2L2Nu_13TeV_powheg_pythia8_ext1_catSignal-1jet_sys_btagEventWeightUp
Merging MT_ZZTo2L2Nu_13TeV_powheg_pythia8_ext1_catTOP_sys_EWKDown
Merging measMET_ZZTo2L2Nu_13TeV_powheg_pythia8_ext1_cat3L_sys_PDFUp
Merging MT_ZZTo2L2Nu_13TeV_powheg_pythia8_ext1_catSignal-1jet_sys_QCDScale1wUp
Merging measMET_ZZTo2L2Nu_13TeV_powheg_pythia8_ext1_cat3L_sys_ElecronSFDown
Merging MT_ZZTo2L2Nu_13TeV_powheg_pythia8_ext1_catSignal-0jet_sys_MuonEnDown
Merging MT_ZZTo2L2Nu_13TeV_powheg_pythia8_ext1_catSignal-0jet_sys_PrefireWeightDown
Merging MT_ZZTo2L2Nu_13TeV_powheg_pythia8_ext1_catNRB_sys_QCDScale1wUp
Merging phizmet_ZZTo2L2Nu_13TeV_powheg_pythia8_ext1_sys_MuonSFUp
Merging untagged
Merging MT_ZZTo2L2Nu_13TeV_powheg_pythia8_ext1_cat3L_sys_QCDScale0wUp
Merging MT_ZZTo2L2Nu_13TeV_powheg_pythia8_ext1_cat3L_sys_ElecronSFDown
Merging MT_ZZTo2L2Nu_13TeV_powheg_pythia8_ext1_catSignal-1jet_sys_jerUp
Merging MT_ZZTo2L2Nu_13TeV_powheg_pythia8_ext1_cat4L_sys_EWKUp
Merging njet_ZZTo2L2Nu_13TeV_powheg_pythia8_ext1_sys_jerUp
Merging phizmet_ZZTo2L2Nu_13TeV_powheg_pythia8_ext1_sys_QCDScale2wUp
Merging measMET_ZZTo2L2Nu_13TeV_powheg_pythia8_ext1_catNRB_sys_jerUp
Merging MT_ZZTo2L2Nu_13TeV_powheg_pythia8_ext1_catTOP_sys_jerDown
Merging MT_ZZTo2L2Nu_13TeV_powheg_pythia8_ext1_catNRB_sys_puWeightDown
Merging MT_ZZTo2L2Nu_13TeV_powheg_pythia8_ext1_catTOP_sys_puWeightDown
Merging measMET_ZZTo2L2Nu_13TeV_powheg_pythia8_ext1_cat3L_sys_TriggerSFWeightUp
Merging measMET_ZZTo2L2Nu_13TeV_powheg_pythia8_ext1_catSignal-0jet_sys_QCDScale2wDown
Merging measMET_ZZTo2L2Nu_13TeV_powheg_pythia8_ext1_catSignal-0jet_sys_nvtxWeightDown
Merging MT_ZZTo2L2Nu_13TeV_powheg_pythia8_ext1_cat4L_sys_btagEventWeightUp
Merging measMET_ZZTo2L2Nu_13TeV_powheg_pythia8_ext1_cat3L_sys_MuonEnUp
Merging measMET_ZZTo2L2Nu_13TeV_powheg_pythia8_ext1_catSignal-1jet_sys_ElectronEnUp
Merging njet_ZZTo2L2Nu_13TeV_powheg_pythia8_ext1_sys_btagEventWeightDown
Merging balance_ZZTo2L2Nu_13TeV_powheg_pythia8_ext1_sys_QCDScale2wDown
Merging MT_ZZTo2L2Nu_13TeV_powheg_pythia8_ext1_cat3L_sys_TriggerSFWeightUp
Merging MT_ZZTo2L2Nu_13TeV_powheg_pythia8_ext1_catSignal-1jet_sys_MuonSFDown
Merging MT_ZZTo2L2Nu_13TeV_powheg_pythia8_ext1_cat4L_sys_jerDown
Merging MT_ZZTo2L2Nu_13TeV_powheg_pythia8_ext1_catDY_sys_QCDScale1wDown
Merging MT_ZZTo2L2Nu_13TeV_powheg_pythia8_ext1_catNRB_sys_QCDScale2wDown
Merging measMET_ZZTo2L2Nu_13TeV_powheg_pythia8_ext1_catDY_sys_EWKDown
Merging MT_ZZTo2L2Nu_13TeV_powheg_pythia8_ext1_catSignal-1jet_sys_TriggerSFWeightUp
Merging phizmet_ZZTo2L2Nu_13TeV_powheg_pythia8_ext1_sys_PrefireWeightDown
Merging MT_ZZTo2L2Nu_13TeV_powheg_pythia8_ext1_catDY_sys_MuonEnDown
Merging MT_ZZTo2L2Nu_13TeV_powheg_pythia8_ext1_catSignal-0jet_sys_PDFUp
Merging MT_ZZTo2L2Nu_13TeV_powheg_pythia8_ext1_cat3L_sys_btagEventWeightDown
Merging MT_ZZTo2L2Nu_13TeV_powheg_pythia8_ext1_catNRB_sys_MuonEnDown
Merging MT_ZZTo2L2Nu_13TeV_powheg_pythia8_ext1_catNRB_sys_PDFDown
Merging measMET_ZZTo2L2Nu_13TeV_powheg_pythia8_ext1_catTOP_sys_ElectronEnUp
Merging MT_ZZTo2L2Nu_13TeV_powheg_pythia8_ext1_catSignal-1jet_sys_nvtxWeightUp
Merging measMET_ZZTo2L2Nu_13TeV_powheg_pythia8_ext1_catNRB_sys_ElectronEnUp
Merging measMET_ZZTo2L2Nu_13TeV_powheg_pythia8_ext1_catEM_sys_jesTotalDown
Merging MT_ZZTo2L2Nu_13TeV_powheg_pythia8_ext1_cat3L_sys_EWKDown
Merging measMET_ZZTo2L2Nu_13TeV_powheg_pythia8_ext1_catTOP_sys_btagEventWeightUp
Merging measMET_ZZTo2L2Nu_13TeV_powheg_pythia8_ext1_catTOP_sys_MuonSFUp
Merging measMET_ZZTo2L2Nu_13TeV_powheg_pythia8_ext1_catEM_sys_jerDown
Merging measMET_ZZTo2L2Nu_13TeV_powheg_pythia8_ext1_catDY_sys_PDFUp
Merging measMET_ZZTo2L2Nu_13TeV_powheg_pythia8_ext1_catTOP_sys_jerDown
Merging balance_ZZTo2L2Nu_13TeV_powheg_pythia8_ext1_sys_TriggerSFWeightDown
Merging measMET_ZZTo2L2Nu_13TeV_powheg_pythia8_ext1_cat4L_sys_MuonSFUp
Merging MT_ZZTo2L2Nu_13TeV_powheg_pythia8_ext1_catEM_sys_PDFUp
Merging phizmet_ZZTo2L2Nu_13TeV_powheg_pythia8_ext1_sys_PDFDown
Merging MT_ZZTo2L2Nu_13TeV_powheg_pythia8_ext1_catNRB_sys_TriggerSFWeightUp
Merging measMET_ZZTo2L2Nu_13TeV_powheg_pythia8_ext1_catSignal-1jet_sys_PrefireWeightDown
Merging measMET_ZZTo2L2Nu_13TeV_powheg_pythia8_ext1_catNRB_sys_EWKUp
Merging phizmet_ZZTo2L2Nu_13TeV_powheg_pythia8_ext1_sys_PDFUp
Merging measMET_ZZTo2L2Nu_13TeV_powheg_pythia8_ext1_catSignal-0jet_sys_btagEventWeightUp
Merging MT_ZZTo2L2Nu_13TeV_powheg_pythia8_ext1_catSignal-1jet_sys_QCDScale2wUp
Merging MT_ZZTo2L2Nu_13TeV_powheg_pythia8_ext1_catNRB_sys_puWeightUp
Merging measMET_ZZTo2L2Nu_13TeV_powheg_pythia8_ext1_catDY_sys_ElectronEnDown
Merging MT_ZZTo2L2Nu_13TeV_powheg_pythia8_ext1_catEM_sys_puWeightUp
Merging measMET_ZZTo2L2Nu_13TeV_powheg_pythia8_ext1_cat3L_sys_QCDScale1wUp
Merging measMET_ZZTo2L2Nu_13TeV_powheg_pythia8_ext1_catNRB_sys_MuonSFUp
Merging MT_ZZTo2L2Nu_13TeV_powheg_pythia8_ext1_catDY_sys_MuonSFDown
Merging njet_ZZTo2L2Nu_13TeV_powheg_pythia8_ext1_sys_nvtxWeightDown
Merging measMET_ZZTo2L2Nu_13TeV_powheg_pythia8_ext1_catSignal-1jet_sys_jerDown
Merging measMET_ZZTo2L2Nu_13TeV_powheg_pythia8_ext1_catSignal-0jet_sys_btagEventWeightDown
Merging measMET_ZZTo2L2Nu_13TeV_powheg_pythia8_ext1_cat4L_sys_btagEventWeightUp
Merging measMET_ZZTo2L2Nu_13TeV_powheg_pythia8_ext1_catSignal-1jet_sys_EWKUp
Merging MT_ZZTo2L2Nu_13TeV_powheg_pythia8_ext1_catNRB_sys_ElecronSFUp
Merging MT_ZZTo2L2Nu_13TeV_powheg_pythia8_ext1_cat4L_sys_QCDScale0wDown
Merging measMET_ZZTo2L2Nu_13TeV_powheg_pythia8_ext1_catTOP
Merging measMET_ZZTo2L2Nu_13TeV_powheg_pythia8_ext1_catSignal-0jet
Merging phizmet_ZZTo2L2Nu_13TeV_powheg_pythia8_ext1_sys_QCDScale1wUp
Merging MT_ZZTo2L2Nu_13TeV_powheg_pythia8_ext1_cat4L_sys_QCDScale2wDown
Merging measMET_ZZTo2L2Nu_13TeV_powheg_pythia8_ext1_cat4L_sys_puWeightDown
Merging phizmet_ZZTo2L2Nu_13TeV_powheg_pythia8_ext1_sys_TriggerSFWeightDown
Merging MT_ZZTo2L2Nu_13TeV_powheg_pythia8_ext1_catEM_sys_MuonSFDown
Merging MT_ZZTo2L2Nu_13TeV_powheg_pythia8_ext1_cat4L_sys_jesTotalUp
Merging measMET_ZZTo2L2Nu_13TeV_powheg_pythia8_ext1_catSignal-1jet_sys_PDFDown
Merging measMET_ZZTo2L2Nu_13TeV_powheg_pythia8_ext1_catEM_sys_EWKDown
Merging MT_ZZTo2L2Nu_13TeV_powheg_pythia8_ext1_catSignal-1jet_sys_ElectronEnUp
Merging MT_ZZTo2L2Nu_13TeV_powheg_pythia8_ext1_catNRB_sys_btagEventWeightUp
Merging MT_ZZTo2L2Nu_13TeV_powheg_pythia8_ext1_catEM_sys_TriggerSFWeightDown
Merging MT_ZZTo2L2Nu_13TeV_powheg_pythia8_ext1_catNRB_sys_btagEventWeightDown
Merging measMET_ZZTo2L2Nu_13TeV_powheg_pythia8_ext1_catTOP_sys_ElecronSFDown
Merging measMET_ZZTo2L2Nu_13TeV_powheg_pythia8_ext1_catNRB_sys_btagEventWeightUp
Merging MT_ZZTo2L2Nu_13TeV_powheg_pythia8_ext1_cat3L_sys_MuonEnUp
Merging measMET_ZZTo2L2Nu_13TeV_powheg_pythia8_ext1_catSignal-0jet_sys_jesTotalUp
Merging measMET_ZZTo2L2Nu_13TeV_powheg_pythia8_ext1_cat3L_sys_QCDScale0wDown
Merging measMET_ZZTo2L2Nu_13TeV_powheg_pythia8_ext1_catEM_sys_QCDScale0wDown
Merging njet_ZZTo2L2Nu_13TeV_powheg_pythia8_ext1_sys_jerDown
Merging MT_ZZTo2L2Nu_13TeV_powheg_pythia8_ext1_cat4L_sys_QCDScale2wUp
Merging measMET_ZZTo2L2Nu_13TeV_powheg_pythia8_ext1_catEM_sys_ElecronSFUp
Merging njet_ZZTo2L2Nu_13TeV_powheg_pythia8_ext1_sys_MuonSFUp
Merging MT_ZZTo2L2Nu_13TeV_powheg_pythia8_ext1_catDY_sys_PrefireWeightUp
Merging MT_ZZTo2L2Nu_13TeV_powheg_pythia8_ext1_cat4L_sys_MuonEnUp
Merging measMET_ZZTo2L2Nu_13TeV_powheg_pythia8_ext1_catSignal-1jet_sys_jesTotalDown
Merging measMET_ZZTo2L2Nu_13TeV_powheg_pythia8_ext1_catTOP_sys_QCDScale0wDown
Merging njet_ZZTo2L2Nu_13TeV_powheg_pythia8_ext1_sys_TriggerSFWeightDown
Merging balance_ZZTo2L2Nu_13TeV_powheg_pythia8_ext1_sys_TriggerSFWeightUp
Merging measMET_ZZTo2L2Nu_13TeV_powheg_pythia8_ext1_catTOP_sys_MuonEnUp
Merging MT_ZZTo2L2Nu_13TeV_powheg_pythia8_ext1_catSignal-0jet_sys_QCDScale1wUp
Merging njet_ZZTo2L2Nu_13TeV_powheg_pythia8_ext1_sys_puWeightDown
Merging MT_ZZTo2L2Nu_13TeV_powheg_pythia8_ext1_catDY_sys_TriggerSFWeightDown
Merging measMET_ZZTo2L2Nu_13TeV_powheg_pythia8_ext1_catDY
Merging MT_ZZTo2L2Nu_13TeV_powheg_pythia8_ext1_catTOP_sys_btagEventWeightDown
Merging measMET_ZZTo2L2Nu_13TeV_powheg_pythia8_ext1_cat3L_sys_jerDown
Merging MT_ZZTo2L2Nu_13TeV_powheg_pythia8_ext1_catTOP
Merging measMET_ZZTo2L2Nu_13TeV_powheg_pythia8_ext1_catNRB_sys_btagEventWeightDown
Merging measMET_ZZTo2L2Nu_13TeV_powheg_pythia8_ext1_catDY_sys_MuonSFUp
Merging measMET_ZZTo2L2Nu_13TeV_powheg_pythia8_ext1_catNRB_sys_nvtxWeightUp
Merging measMET_ZZTo2L2Nu_13TeV_powheg_pythia8_ext1_cat4L_sys_TriggerSFWeightUp
Merging MT_ZZTo2L2Nu_13TeV_powheg_pythia8_ext1_catNRB_sys_MuonSFDown
Merging measMET_ZZTo2L2Nu_13TeV_powheg_pythia8_ext1_cat4L_sys_EWKUp
Merging measMET_ZZTo2L2Nu_13TeV_powheg_pythia8_ext1_catSignal-1jet_sys_TriggerSFWeightDown
Merging balance_ZZTo2L2Nu_13TeV_powheg_pythia8_ext1_sys_ElectronEnUp
Merging njet_ZZTo2L2Nu_13TeV_powheg_pythia8_ext1_sys_ElectronEnDown
Merging phizmet_ZZTo2L2Nu_13TeV_powheg_pythia8_ext1_sys_jerDown
Merging measMET_ZZTo2L2Nu_13TeV_powheg_pythia8_ext1_catSignal-1jet_sys_jerUp
Merging MT_ZZTo2L2Nu_13TeV_powheg_pythia8_ext1_catDY_sys_PDFDown
Merging measMET_ZZTo2L2Nu_13TeV_powheg_pythia8_ext1_catEM_sys_PDFUp
Merging MT_ZZTo2L2Nu_13TeV_powheg_pythia8_ext1_catSignal-1jet_sys_jesTotalDown
Merging MT_ZZTo2L2Nu_13TeV_powheg_pythia8_ext1_catDY
Merging measMET_ZZTo2L2Nu_13TeV_powheg_pythia8_ext1_catDY_sys_PDFDown
Merging balance_ZZTo2L2Nu_13TeV_powheg_pythia8_ext1_sys_PDFDown
Merging MT_ZZTo2L2Nu_13TeV_powheg_pythia8_ext1_catDY_sys_QCDScale0wUp
Merging njet_ZZTo2L2Nu_13TeV_powheg_pythia8_ext1_sys_ElectronEnUp
Merging MT_ZZTo2L2Nu_13TeV_powheg_pythia8_ext1_catTOP_sys_TriggerSFWeightUp
Merging MT_ZZTo2L2Nu_13TeV_powheg_pythia8_ext1_catTOP_sys_PDFUp
Merging measMET_ZZTo2L2Nu_13TeV_powheg_pythia8_ext1_catSignal-1jet_sys_nvtxWeightDown
Merging balance_ZZTo2L2Nu_13TeV_powheg_pythia8_ext1_sys_puWeightDown
Merging measMET_ZZTo2L2Nu_13TeV_powheg_pythia8_ext1_catEM_sys_MuonEnDown
Merging measMET_ZZTo2L2Nu_13TeV_powheg_pythia8_ext1_catDY_sys_MuonSFDown
Merging MT_ZZTo2L2Nu_13TeV_powheg_pythia8_ext1_catSignal-0jet_sys_btagEventWeightDown
Merging measMET_ZZTo2L2Nu_13TeV_powheg_pythia8_ext1_cat4L_sys_ElectronEnDown
Merging phizmet_ZZTo2L2Nu_13TeV_powheg_pythia8_ext1_sys_ElectronEnUp
Merging MT_ZZTo2L2Nu_13TeV_powheg_pythia8_ext1_catNRB_sys_PrefireWeightUp
Merging MT_ZZTo2L2Nu_13TeV_powheg_pythia8_ext1_catSignal-0jet_sys_ElecronSFUp
Merging balance_ZZTo2L2Nu_13TeV_powheg_pythia8_ext1_sys_QCDScale1wDown
Merging balance_ZZTo2L2Nu_13TeV_powheg_pythia8_ext1_sys_QCDScale2wUp
Merging MT_ZZTo2L2Nu_13TeV_powheg_pythia8_ext1_catDY_sys_puWeightDown
Merging MT_ZZTo2L2Nu_13TeV_powheg_pythia8_ext1_catEM_sys_jerDown
Merging measMET_ZZTo2L2Nu_13TeV_powheg_pythia8_ext1_catEM_sys_EWKUp
Merging measMET_ZZTo2L2Nu_13TeV_powheg_pythia8_ext1_cat3L_sys_QCDScale1wDown
Merging phizmet_ZZTo2L2Nu_13TeV_powheg_pythia8_ext1_sys_btagEventWeightDown
Merging njet_ZZTo2L2Nu_13TeV_powheg_pythia8_ext1_sys_TriggerSFWeightUp
Merging MT_ZZTo2L2Nu_13TeV_powheg_pythia8_ext1_catSignal-0jet_sys_QCDScale2wDown
Merging MT_ZZTo2L2Nu_13TeV_powheg_pythia8_ext1_catTOP_sys_nvtxWeightUp
Merging measMET_ZZTo2L2Nu_13TeV_powheg_pythia8_ext1_catNRB_sys_MuonSFDown
Merging measMET_ZZTo2L2Nu_13TeV_powheg_pythia8_ext1_cat3L_sys_MuonSFDown
Merging balance_ZZTo2L2Nu_13TeV_powheg_pythia8_ext1_sys_PrefireWeightUp
Merging measMET_ZZTo2L2Nu_13TeV_powheg_pythia8_ext1_catDY_sys_MuonEnDown
Merging MT_ZZTo2L2Nu_13TeV_powheg_pythia8_ext1_cat3L_sys_QCDScale2wUp
Merging measMET_ZZTo2L2Nu_13TeV_powheg_pythia8_ext1_catSignal-1jet_sys_MuonSFDown
Merging measMET_ZZTo2L2Nu_13TeV_powheg_pythia8_ext1_catNRB_sys_puWeightUp
Merging MT_ZZTo2L2Nu_13TeV_powheg_pythia8_ext1_cat3L_sys_ElectronEnUp
Merging MT_ZZTo2L2Nu_13TeV_powheg_pythia8_ext1_cat4L_sys_PDFUp
Merging MT_ZZTo2L2Nu_13TeV_powheg_pythia8_ext1_catSignal-0jet_sys_PDFDown
Merging MT_ZZTo2L2Nu_13TeV_powheg_pythia8_ext1_catEM_sys_QCDScale1wUp
Merging measMET_ZZTo2L2Nu_13TeV_powheg_pythia8_ext1_catEM_sys_puWeightUp
Merging phizmet_ZZTo2L2Nu_13TeV_powheg_pythia8_ext1_sys_MuonEnUp
Merging MT_ZZTo2L2Nu_13TeV_powheg_pythia8_ext1_catTOP_sys_puWeightUp
Merging measMET_ZZTo2L2Nu_13TeV_powheg_pythia8_ext1_catDY_sys_jerUp
Merging MT_ZZTo2L2Nu_13TeV_powheg_pythia8_ext1_catSignal-1jet_sys_QCDScale0wDown
Merging phizmet_ZZTo2L2Nu_13TeV_powheg_pythia8_ext1_sys_puWeightDown
Merging phizmet_ZZTo2L2Nu_13TeV_powheg_pythia8_ext1_sys_EWKUp
Merging measMET_ZZTo2L2Nu_13TeV_powheg_pythia8_ext1_catEM_sys_ElecronSFDown
Merging MT_ZZTo2L2Nu_13TeV_powheg_pythia8_ext1_catNRB_sys_ElectronEnUp
Merging measMET_ZZTo2L2Nu_13TeV_powheg_pythia8_ext1_catTOP_sys_MuonEnDown
Merging MT_ZZTo2L2Nu_13TeV_powheg_pythia8_ext1_catSignal-1jet_sys_EWKDown
Merging balance_ZZTo2L2Nu_13TeV_powheg_pythia8_ext1_sys_QCDScale0wDown
Merging measMET_ZZTo2L2Nu_13TeV_powheg_pythia8_ext1_cat4L_sys_MuonEnUp
Merging MT_ZZTo2L2Nu_13TeV_powheg_pythia8_ext1_cat4L_sys_btagEventWeightDown
Merging MT_ZZTo2L2Nu_13TeV_powheg_pythia8_ext1_catNRB_sys_jerDown
Merging MT_ZZTo2L2Nu_13TeV_powheg_pythia8_ext1_catDY_sys_ElectronEnUp
Merging measMET_ZZTo2L2Nu_13TeV_powheg_pythia8_ext1_catSignal-1jet_sys_MuonSFUp
Merging MT_ZZTo2L2Nu_13TeV_powheg_pythia8_ext1_cat3L_sys_MuonSFUp
Merging njet_ZZTo2L2Nu_13TeV_powheg_pythia8_ext1_sys_MuonSFDown
Merging measMET_ZZTo2L2Nu_13TeV_powheg_pythia8_ext1_catTOP_sys_PrefireWeightDown
Merging measMET_ZZTo2L2Nu_13TeV_powheg_pythia8_ext1_catSignal-1jet_sys_ElecronSFUp
Merging MT_ZZTo2L2Nu_13TeV_powheg_pythia8_ext1_catSignal-0jet_sys_jerDown
Merging measMET_ZZTo2L2Nu_13TeV_powheg_pythia8_ext1_catSignal-0jet_sys_MuonEnUp
Merging MT_ZZTo2L2Nu_13TeV_powheg_pythia8_ext1_catSignal-0jet_sys_MuonSFDown
Merging MT_ZZTo2L2Nu_13TeV_powheg_pythia8_ext1_cat4L_sys_PrefireWeightDown
Merging MT_ZZTo2L2Nu_13TeV_powheg_pythia8_ext1_catDY_sys_ElectronEnDown
Merging MT_ZZTo2L2Nu_13TeV_powheg_pythia8_ext1_catSignal-0jet_sys_jesTotalDown
Merging njet_ZZTo2L2Nu_13TeV_powheg_pythia8_ext1_sys_MuonEnUp
Merging measMET_ZZTo2L2Nu_13TeV_powheg_pythia8_ext1_catSignal-0jet_sys_puWeightUp
Merging MT_ZZTo2L2Nu_13TeV_powheg_pythia8_ext1_catDY_sys_nvtxWeightUp
Merging MT_ZZTo2L2Nu_13TeV_powheg_pythia8_ext1_catDY_sys_MuonSFUp
Merging measMET_ZZTo2L2Nu_13TeV_powheg_pythia8_ext1_cat4L_sys_QCDScale0wDown
Merging measMET_ZZTo2L2Nu_13TeV_powheg_pythia8_ext1_cat4L_sys_QCDScale2wUp
Merging MT_ZZTo2L2Nu_13TeV_powheg_pythia8_ext1_catEM_sys_MuonSFUp
Merging measMET_ZZTo2L2Nu_13TeV_powheg_pythia8_ext1_catSignal-1jet_sys_btagEventWeightDown
Merging MT_ZZTo2L2Nu_13TeV_powheg_pythia8_ext1_cat3L_sys_puWeightDown
Merging phizmet_ZZTo2L2Nu_13TeV_powheg_pythia8_ext1_sys_ElecronSFUp
Merging measMET_ZZTo2L2Nu_13TeV_powheg_pythia8_ext1_catSignal-1jet_sys_QCDScale2wDown
Merging MT_ZZTo2L2Nu_13TeV_powheg_pythia8_ext1_catSignal-0jet_sys_btagEventWeightUp
Merging phizmet_ZZTo2L2Nu_13TeV_powheg_pythia8_ext1_sys_TriggerSFWeightUp
Merging measMET_ZZTo2L2Nu_13TeV_powheg_pythia8_ext1_cat4L_sys_puWeightUp
Merging measMET_ZZTo2L2Nu_13TeV_powheg_pythia8_ext1_catDY_sys_QCDScale2wUp
Merging measMET_ZZTo2L2Nu_13TeV_powheg_pythia8_ext1_catTOP_sys_EWKDown
Merging measMET_ZZTo2L2Nu_13TeV_powheg_pythia8_ext1_catSignal-0jet_sys_PDFUp
Merging measMET_ZZTo2L2Nu_13TeV_powheg_pythia8_ext1_catDY_sys_jerDown
Merging measMET_ZZTo2L2Nu_13TeV_powheg_pythia8_ext1_cat3L_sys_QCDScale0wUp
Merging measMET_ZZTo2L2Nu_13TeV_powheg_pythia8_ext1_cat4L_sys_nvtxWeightUp
Merging measMET_ZZTo2L2Nu_13TeV_powheg_pythia8_ext1_catTOP_sys_nvtxWeightUp
Merging MT_ZZTo2L2Nu_13TeV_powheg_pythia8_ext1_catTOP_sys_ElecronSFUp
Merging MT_ZZTo2L2Nu_13TeV_powheg_pythia8_ext1_catSignal-1jet_sys_MuonEnDown
Merging MT_ZZTo2L2Nu_13TeV_powheg_pythia8_ext1_catEM_sys_EWKUp
Merging MT_ZZTo2L2Nu_13TeV_powheg_pythia8_ext1_catSignal-1jet_sys_TriggerSFWeightDown
Merging measMET_ZZTo2L2Nu_13TeV_powheg_pythia8_ext1_cat4L_sys_QCDScale0wUp
nts (100.00%)
Processed    40000/  162166 entries, 24.67% (elapsed time  2352.4s, curr speed    0.017 kHz, avg speed    0.017 kHz), accepted    40001/   40001 events (100.00%)
Processed    50000/  162166 entries, 30.83% (elapsed time  2945.5s, curr speed    0.017 kHz, avg speed    0.017 kHz), accepted    50001/   50001 events (100.00%)
Processed    60000/  162166 entries, 37.00% (elapsed time  3526.9s, curr speed    0.017 kHz, avg speed    0.017 kHz), accepted    60001/   60001 events (100.00%)
Processed    70000/  162166 entries, 43.17% (elapsed time  4041.8s, curr speed    0.019 kHz, avg speed    0.017 kHz), accepted    70001/   70001 events (100.00%)
Processed    80000/  162166 entries, 49.33% (elapsed time  4599.1s, curr speed    0.018 kHz, avg speed    0.017 kHz), accepted    80001/   80001 events (100.00%)
Processed    90000/  162166 entries, 55.50% (elapsed time  5249.0s, curr speed    0.015 kHz, avg speed    0.017 kHz), accepted    90001/   90001 events (100.00%)
Processed   100000/  162166 entries, 61.67% (elapsed time  5895.8s, curr speed    0.015 kHz, avg speed    0.017 kHz), accepted   100001/  100001 events (100.00%)
Processed   110000/  162166 entries, 67.83% (elapsed time  6544.4s, curr speed    0.015 kHz, avg speed    0.017 kHz), accepted   110001/  110001 events (100.00%)
Processed   120000/  162166 entries, 74.00% (elapsed time  7195.6s, curr speed    0.015 kHz, avg speed    0.017 kHz), accepted   120001/  120001 events (100.00%)
Processed   130000/  162166 entries, 80.16% (elapsed time  7843.9s, curr speed    0.015 kHz, avg speed    0.017 kHz), accepted   130001/  130001 events (100.00%)
Processed   140000/  162166 entries, 86.33% (elapsed time  8491.6s, curr speed    0.015 kHz, avg speed    0.016 kHz), accepted   140001/  140001 events (100.00%)
Processed   150000/  162166 entries, 92.50% (elapsed time  9132.0s, curr speed    0.016 kHz, avg speed    0.016 kHz), accepted   150001/  150001 events (100.00%)
Processed   160000/  162166 entries, 98.66% (elapsed time  9779.6s, curr speed    0.015 kHz, avg speed    0.016 kHz), accepted   160001/  160001 events (100.00%)
Processed 162166 preselected entries from /eos/cms/store/group/phys_exotica/monoZ/Exorcism2016/ZZTo2L2Nu_13TeV_powheg_pythia8_ext1/tree_24.root (162166 entries). Finally selected 162166 entries
Done ./tree_24_Skim.root
16.3434414491 Hz
----- transfer output to eos :
----- directory after running :
.:
total 6352
-rw-r--r--. 1 cfreer zh    1207 Nov 30 08:16 FrameworkJobReport.xml
-rw-r--r--. 1 cfreer zh       0 Nov 30 05:28 _condor_stderr
-rw-r--r--. 1 cfreer zh   79254 Nov 30 08:16 _condor_stdout
-rw-------. 1 cfreer zh    4914 Nov 30 08:16 cfreer.cc
-rw-r--r--. 1 cfreer zh   16092 Nov 30 05:28 combineHLT_Run2.yaml
-rw-r--r--. 1 cfreer zh    5718 Nov 30 05:28 condor_WSProducer.py
-rwxr-xr-x. 1 cfreer zh     834 Nov 30 05:28 condor_exec.exe
-rwxr-xr-x. 1 cfreer zh    2559 Nov 30 05:28 haddnano.py
-rw-r--r--. 1 cfreer zh       8 Nov 30 05:28 keep_and_drop_WS.txt
drwx------. 3 cfreer zh    4096 Nov 30 05:28 tmp
-rw-r--r--. 1 cfreer zh 3181750 Nov 30 08:16 tree_17.root
-rw-r--r--. 1 cfreer zh 3181614 Nov 30 08:16 tree_24_Skim.root
drwx------. 3 cfreer zh    4096 Nov 30 05:28 var

./tmp:
total 4
drwxr-xr-x. 3 cfreer zh 4096 Nov 30 05:28 mjf-cfreer

./tmp/mjf-cfreer:
total 4
drwxr-xr-x. 2 cfreer zh 4096 Nov 30 05:28 jobfeatures-bigbird09.cern.ch_3029503.17_1574944611

./tmp/mjf-cfreer/jobfeatures-bigbird09.cern.ch_3029503.17_1574944611:
total 28
-rw-r--r--. 1 cfreer zh  1 Nov 30 05:28 allocated_cpu
-rw-r--r--. 1 cfreer zh  6 Nov 30 05:28 cpu_limit_secs
-rw-r--r--. 1 cfreer zh 39 Nov 30 05:28 job_id
-rw-r--r--. 1 cfreer zh 10 Nov 30 05:28 jobstart_secs
-rw-r--r--. 1 cfreer zh 10 Nov 30 05:28 max_rss_bytes
-rw-r--r--. 1 cfreer zh 10 Nov 30 05:28 scratch_limit_bytes
-rw-r--r--. 1 cfreer zh  6 Nov 30 05:28 wall_limit_secs

./var:
total 4
drwx------. 2 cfreer zh 4096 Nov 30 05:28 tmp

./var/tmp:
total 0
 ------ THE END (everyone dies !) ----- 
