
/pool/condor/dir_27549

... start job at 2019-11-29 22:31:56
----- directory before running:
.:
total 52
-rw-r--r--. 1 cfreer zh     0 Nov 29 22:31 _condor_stderr
-rw-r--r--. 1 cfreer zh    94 Nov 29 22:31 _condor_stdout
-rw-------. 1 cfreer zh  2642 Nov 29 22:31 cfreer.cc
-rw-r--r--. 1 cfreer zh 16092 Nov 29 22:31 combineHLT_Run2.yaml
-rw-r--r--. 1 cfreer zh  5718 Nov 29 22:31 condor_WSProducer.py
-rwxr-xr-x. 1 cfreer zh   834 Nov 29 22:31 condor_exec.exe
-rwxr-xr-x. 1 cfreer zh  2559 Nov 29 22:31 haddnano.py
-rw-r--r--. 1 cfreer zh     8 Nov 29 22:31 keep_and_drop_WS.txt
drwx------. 3 cfreer zh  4096 Nov 29 22:31 tmp
drwx------. 3 cfreer zh  4096 Nov 29 22:31 var

./tmp:
total 4
drwxr-xr-x. 3 cfreer zh 4096 Nov 29 22:31 mjf-cfreer

./tmp/mjf-cfreer:
total 4
drwxr-xr-x. 2 cfreer zh 4096 Nov 29 22:31 jobfeatures-bigbird09.cern.ch_3029503.23_1574944611

./tmp/mjf-cfreer/jobfeatures-bigbird09.cern.ch_3029503.23_1574944611:
total 28
-rw-r--r--. 1 cfreer zh  1 Nov 29 22:31 allocated_cpu
-rw-r--r--. 1 cfreer zh  6 Nov 29 22:31 cpu_limit_secs
-rw-r--r--. 1 cfreer zh 39 Nov 29 22:31 job_id
-rw-r--r--. 1 cfreer zh 10 Nov 29 22:31 jobstart_secs
-rw-r--r--. 1 cfreer zh 10 Nov 29 22:31 max_rss_bytes
-rw-r--r--. 1 cfreer zh 10 Nov 29 22:31 scratch_limit_bytes
-rw-r--r--. 1 cfreer zh  6 Nov 29 22:31 wall_limit_secs

./var:
total 4
drwx------. 2 cfreer zh 4096 Nov 29 22:31 tmp

./var/tmp:
total 0
----- CMSSW BASE, python path, pwd:
+ CMSSW_BASE  = /afs/cern.ch/work/c/cfreer/MonoZ_2019/MT_plots/CMSSW_10_6_4
+ PYTHON_PATH = 
+ PWD         = /pool/condor/dir_27549
/eos/cms/store/group/phys_exotica/monoZ/Exorcism2016/ZZTo2L2Nu_13TeV_powheg_pythia8_ext1/tree_3.root  ->  /eos/cms/store/group/phys_exotica/monoZ/Exorcism2016/ZZTo2L2Nu_13TeV_powheg_pythia8_ext1/tree_3.root
Testing file open
Test OK
---------------------------
 -- options  =  Namespace(dataset='X', doSyst=1, era='2016', infile='/eos/cms/store/group/phys_exotica/monoZ/Exorcism2016/ZZTo2L2Nu_13TeV_powheg_pythia8_ext1/tree_3.root', isMC=1, jobNum=23, nevt=-1)
 -- is MC    =  1
 -- jobNum   =  23
 -- era      =  2016
 -- in file  =  /eos/cms/store/group/phys_exotica/monoZ/Exorcism2016/ZZTo2L2Nu_13TeV_powheg_pythia8_ext1/tree_3.root
 -- dataset  =  X
---------------------------
[check] condtag_ ==  ZZTo2L2Nu_13TeV_powheg_pythia8_ext1
[check] dataset  ==  monoZ
modules :  <PhysicsTools.MonoZ.MonoZWSProducer.MonoZWSProducer object at 0x2afff6ae6890>
modules :  <PhysicsTools.MonoZ.MonoZWSProducer.MonoZWSProducer object at 0x2afff6ae6950>
modules :  <PhysicsTools.MonoZ.MonoZWSProducer.MonoZWSProducer object at 0x2afff6ae6990>
modules :  <PhysicsTools.MonoZ.MonoZWSProducer.MonoZWSProducer object at 0x2afff6ae69d0>
modules :  <PhysicsTools.MonoZ.MonoZWSProducer.MonoZWSProducer object at 0x2afff6ae6a10>
modules :  <PhysicsTools.MonoZ.MonoZWSProducer.MonoZWSProducer object at 0x2afff6ae6a50>
modules :  <PhysicsTools.MonoZ.MonoZWSProducer.MonoZWSProducer object at 0x2afff6ae6a90>
modules :  <PhysicsTools.MonoZ.MonoZWSProducer.MonoZWSProducer object at 0x2afff6ae6ad0>
modules :  <PhysicsTools.MonoZ.MonoZWSProducer.MonoZWSProducer object at 0x2afff6ae6b10>
modules :  <PhysicsTools.MonoZ.MonoZWSProducer.MonoZWSProducer object at 0x2afff6ae6b50>
modules :  <PhysicsTools.MonoZ.MonoZWSProducer.MonoZWSProducer object at 0x2afff6ae6b90>
modules :  <PhysicsTools.MonoZ.MonoZWSProducer.MonoZWSProducer object at 0x2afff6ae6bd0>
modules :  <PhysicsTools.MonoZ.MonoZWSProducer.MonoZWSProducer object at 0x2afff6ae6c10>
modules :  <PhysicsTools.MonoZ.MonoZWSProducer.MonoZWSProducer object at 0x2afff6ae6c50>
modules :  <PhysicsTools.MonoZ.MonoZWSProducer.MonoZWSProducer object at 0x2afff6ae6c90>
modules :  <PhysicsTools.MonoZ.MonoZWSProducer.MonoZWSProducer object at 0x2afff6ae6cd0>
modules :  <PhysicsTools.MonoZ.MonoZWSProducer.MonoZWSProducer object at 0x2afff6ae6d10>
modules :  <PhysicsTools.MonoZ.MonoZWSProducer.MonoZWSProducer object at 0x2afff6ae6d50>
modules :  <PhysicsTools.MonoZ.MonoZWSProducer.MonoZWSProducer object at 0x2afff6ae6d90>
modules :  <PhysicsTools.MonoZ.MonoZWSProducer.MonoZWSProducer object at 0x2afff6ae6dd0>
modules :  <PhysicsTools.MonoZ.MonoZWSProducer.MonoZWSProducer object at 0x2afff6ae6e10>
modules :  <PhysicsTools.MonoZ.MonoZWSProducer.MonoZWSProducer object at 0x2afff6ae6e50>
modules :  <PhysicsTools.MonoZ.MonoZWSProducer.MonoZWSProducer object at 0x2afff6ae6ed0>
modules :  <PhysicsTools.MonoZ.MonoZWSProducer.MonoZWSProducer object at 0x2afff6ae6f50>
modules :  <PhysicsTools.MonoZ.MonoZWSProducer.MonoZWSProducer object at 0x2afff6ae6fd0>
modules :  <PhysicsTools.MonoZ.MonoZWSProducer.MonoZWSProducer object at 0x2afff6ae8090>
modules :  <PhysicsTools.MonoZ.MonoZWSProducer.MonoZWSProducer object at 0x2afff6ae80d0>
modules :  <PhysicsTools.MonoZ.MonoZWSProducer.MonoZWSProducer object at 0x2afff6ae8110>
modules :  <PhysicsTools.MonoZ.MonoZWSProducer.MonoZWSProducer object at 0x2afff6ae8150>
modules :  <PhysicsTools.MonoZ.MonoZWSProducer.MonoZWSProducer object at 0x2afff6ae8190>
modules :  <PhysicsTools.MonoZ.MonoZWSProducer.MonoZWSProducer object at 0x2afff6ae81d0>
Selection :  
Will write selected trees to .
Pre-select 99532 entries out of 99532 (100.00%)
Processed    10000/   99532 entries, 10.05% (elapsed time   466.7s, curr speed    0.021 kHz, avg speed    0.021 kHz), accepted    10001/   10001 events (100.00%)
Processed    20000/   99532 entries, 20.09% (elapsed time   936.8s, curr speed    0.021 kHz, avg speed    0.021 kHz), accepted    20001/   20001 events (100.00%)
Processed    30000/   99532 entries, 30.14% (elapsed time  1361.1s, curr speed    0.024 kHz, avg speed    0.022 kHz), accepted    30001/   30001 events (1Adding file ./tree_3_Skim.root
Merging measMET_monoZ_catSignal-0jet
Merging MT_monoZ_catSignal-0jet
Merging measMET_monoZ_catEM
Merging MT_monoZ_catEM
Merging measMET_monoZ_catSignal-1jet
Merging MT_monoZ_catSignal-1jet
Merging measMET_monoZ_cat3L
Merging MT_monoZ_cat3L
Merging measMET_monoZ_cat4L
Merging MT_monoZ_cat4L
Merging measMET_monoZ_catNRB
Merging MT_monoZ_catNRB
Merging measMET_monoZ_catTOP
Merging MT_monoZ_catTOP
Merging measMET_monoZ_catDY
Merging MT_monoZ_catDY
Merging balance_monoZ
Merging phizmet_monoZ
Merging njet_monoZ
Merging measMET_monoZ_catSignal-0jet_sys_ElectronEnUp
Merging MT_monoZ_catSignal-0jet_sys_ElectronEnUp
Merging measMET_monoZ_catEM_sys_ElectronEnUp
Merging MT_monoZ_catEM_sys_ElectronEnUp
Merging measMET_monoZ_catSignal-1jet_sys_ElectronEnUp
Merging MT_monoZ_catSignal-1jet_sys_ElectronEnUp
Merging measMET_monoZ_cat3L_sys_ElectronEnUp
Merging MT_monoZ_cat3L_sys_ElectronEnUp
Merging measMET_monoZ_cat4L_sys_ElectronEnUp
Merging MT_monoZ_cat4L_sys_ElectronEnUp
Merging measMET_monoZ_catNRB_sys_ElectronEnUp
Merging MT_monoZ_catNRB_sys_ElectronEnUp
Merging measMET_monoZ_catTOP_sys_ElectronEnUp
Merging MT_monoZ_catTOP_sys_ElectronEnUp
Merging measMET_monoZ_catDY_sys_ElectronEnUp
Merging MT_monoZ_catDY_sys_ElectronEnUp
Merging balance_monoZ_sys_ElectronEnUp
Merging phizmet_monoZ_sys_ElectronEnUp
Merging njet_monoZ_sys_ElectronEnUp
Merging measMET_monoZ_catSignal-0jet_sys_ElectronEnDown
Merging MT_monoZ_catSignal-0jet_sys_ElectronEnDown
Merging measMET_monoZ_catEM_sys_ElectronEnDown
Merging MT_monoZ_catEM_sys_ElectronEnDown
Merging measMET_monoZ_catSignal-1jet_sys_ElectronEnDown
Merging MT_monoZ_catSignal-1jet_sys_ElectronEnDown
Merging measMET_monoZ_cat3L_sys_ElectronEnDown
Merging MT_monoZ_cat3L_sys_ElectronEnDown
Merging measMET_monoZ_cat4L_sys_ElectronEnDown
Merging MT_monoZ_cat4L_sys_ElectronEnDown
Merging measMET_monoZ_catNRB_sys_ElectronEnDown
Merging MT_monoZ_catNRB_sys_ElectronEnDown
Merging measMET_monoZ_catTOP_sys_ElectronEnDown
Merging MT_monoZ_catTOP_sys_ElectronEnDown
Merging measMET_monoZ_catDY_sys_ElectronEnDown
Merging MT_monoZ_catDY_sys_ElectronEnDown
Merging balance_monoZ_sys_ElectronEnDown
Merging phizmet_monoZ_sys_ElectronEnDown
Merging njet_monoZ_sys_ElectronEnDown
Merging measMET_monoZ_catSignal-0jet_sys_MuonEnUp
Merging MT_monoZ_catSignal-0jet_sys_MuonEnUp
Merging measMET_monoZ_catEM_sys_MuonEnUp
Merging MT_monoZ_catEM_sys_MuonEnUp
Merging measMET_monoZ_catSignal-1jet_sys_MuonEnUp
Merging MT_monoZ_catSignal-1jet_sys_MuonEnUp
Merging measMET_monoZ_cat3L_sys_MuonEnUp
Merging MT_monoZ_cat3L_sys_MuonEnUp
Merging measMET_monoZ_cat4L_sys_MuonEnUp
Merging MT_monoZ_cat4L_sys_MuonEnUp
Merging measMET_monoZ_catNRB_sys_MuonEnUp
Merging MT_monoZ_catNRB_sys_MuonEnUp
Merging measMET_monoZ_catTOP_sys_MuonEnUp
Merging MT_monoZ_catTOP_sys_MuonEnUp
Merging measMET_monoZ_catDY_sys_MuonEnUp
Merging MT_monoZ_catDY_sys_MuonEnUp
Merging balance_monoZ_sys_MuonEnUp
Merging phizmet_monoZ_sys_MuonEnUp
Merging njet_monoZ_sys_MuonEnUp
Merging measMET_monoZ_catSignal-0jet_sys_MuonEnDown
Merging MT_monoZ_catSignal-0jet_sys_MuonEnDown
Merging measMET_monoZ_catEM_sys_MuonEnDown
Merging MT_monoZ_catEM_sys_MuonEnDown
Merging measMET_monoZ_catSignal-1jet_sys_MuonEnDown
Merging MT_monoZ_catSignal-1jet_sys_MuonEnDown
Merging measMET_monoZ_cat3L_sys_MuonEnDown
Merging MT_monoZ_cat3L_sys_MuonEnDown
Merging measMET_monoZ_cat4L_sys_MuonEnDown
Merging MT_monoZ_cat4L_sys_MuonEnDown
Merging measMET_monoZ_catNRB_sys_MuonEnDown
Merging MT_monoZ_catNRB_sys_MuonEnDown
Merging measMET_monoZ_catTOP_sys_MuonEnDown
Merging MT_monoZ_catTOP_sys_MuonEnDown
Merging measMET_monoZ_catDY_sys_MuonEnDown
Merging MT_monoZ_catDY_sys_MuonEnDown
Merging balance_monoZ_sys_MuonEnDown
Merging phizmet_monoZ_sys_MuonEnDown
Merging njet_monoZ_sys_MuonEnDown
Merging measMET_monoZ_catSignal-0jet_sys_jesTotalUp
Merging MT_monoZ_catSignal-0jet_sys_jesTotalUp
Merging measMET_monoZ_catEM_sys_jesTotalUp
Merging MT_monoZ_catEM_sys_jesTotalUp
Merging measMET_monoZ_catSignal-1jet_sys_jesTotalUp
Merging MT_monoZ_catSignal-1jet_sys_jesTotalUp
Merging measMET_monoZ_cat3L_sys_jesTotalUp
Merging MT_monoZ_cat3L_sys_jesTotalUp
Merging measMET_monoZ_cat4L_sys_jesTotalUp
Merging MT_monoZ_cat4L_sys_jesTotalUp
Merging measMET_monoZ_catNRB_sys_jesTotalUp
Merging MT_monoZ_catNRB_sys_jesTotalUp
Merging measMET_monoZ_catTOP_sys_jesTotalUp
Merging MT_monoZ_catTOP_sys_jesTotalUp
Merging measMET_monoZ_catDY_sys_jesTotalUp
Merging MT_monoZ_catDY_sys_jesTotalUp
Merging balance_monoZ_sys_jesTotalUp
Merging phizmet_monoZ_sys_jesTotalUp
Merging njet_monoZ_sys_jesTotalUp
Merging measMET_monoZ_catSignal-0jet_sys_jesTotalDown
Merging MT_monoZ_catSignal-0jet_sys_jesTotalDown
Merging measMET_monoZ_catEM_sys_jesTotalDown
Merging MT_monoZ_catEM_sys_jesTotalDown
Merging measMET_monoZ_catSignal-1jet_sys_jesTotalDown
Merging MT_monoZ_catSignal-1jet_sys_jesTotalDown
Merging measMET_monoZ_cat3L_sys_jesTotalDown
Merging MT_monoZ_cat3L_sys_jesTotalDown
Merging measMET_monoZ_cat4L_sys_jesTotalDown
Merging MT_monoZ_cat4L_sys_jesTotalDown
Merging measMET_monoZ_catNRB_sys_jesTotalDown
Merging MT_monoZ_catNRB_sys_jesTotalDown
Merging measMET_monoZ_catTOP_sys_jesTotalDown
Merging MT_monoZ_catTOP_sys_jesTotalDown
Merging measMET_monoZ_catDY_sys_jesTotalDown
Merging MT_monoZ_catDY_sys_jesTotalDown
Merging balance_monoZ_sys_jesTotalDown
Merging phizmet_monoZ_sys_jesTotalDown
Merging njet_monoZ_sys_jesTotalDown
Merging measMET_monoZ_catSignal-0jet_sys_jerUp
Merging MT_monoZ_catSignal-0jet_sys_jerUp
Merging measMET_monoZ_catEM_sys_jerUp
Merging MT_monoZ_catEM_sys_jerUp
Merging measMET_monoZ_catSignal-1jet_sys_jerUp
Merging MT_monoZ_catSignal-1jet_sys_jerUp
Merging measMET_monoZ_cat3L_sys_jerUp
Merging MT_monoZ_cat3L_sys_jerUp
Merging measMET_monoZ_cat4L_sys_jerUp
Merging MT_monoZ_cat4L_sys_jerUp
Merging measMET_monoZ_catNRB_sys_jerUp
Merging MT_monoZ_catNRB_sys_jerUp
Merging measMET_monoZ_catTOP_sys_jerUp
Merging MT_monoZ_catTOP_sys_jerUp
Merging measMET_monoZ_catDY_sys_jerUp
Merging MT_monoZ_catDY_sys_jerUp
Merging balance_monoZ_sys_jerUp
Merging phizmet_monoZ_sys_jerUp
Merging njet_monoZ_sys_jerUp
Merging measMET_monoZ_catSignal-0jet_sys_jerDown
Merging MT_monoZ_catSignal-0jet_sys_jerDown
Merging measMET_monoZ_catEM_sys_jerDown
Merging MT_monoZ_catEM_sys_jerDown
Merging measMET_monoZ_catSignal-1jet_sys_jerDown
Merging MT_monoZ_catSignal-1jet_sys_jerDown
Merging measMET_monoZ_cat3L_sys_jerDown
Merging MT_monoZ_cat3L_sys_jerDown
Merging measMET_monoZ_cat4L_sys_jerDown
Merging MT_monoZ_cat4L_sys_jerDown
Merging measMET_monoZ_catNRB_sys_jerDown
Merging MT_monoZ_catNRB_sys_jerDown
Merging measMET_monoZ_catTOP_sys_jerDown
Merging MT_monoZ_catTOP_sys_jerDown
Merging measMET_monoZ_catDY_sys_jerDown
Merging MT_monoZ_catDY_sys_jerDown
Merging balance_monoZ_sys_jerDown
Merging phizmet_monoZ_sys_jerDown
Merging njet_monoZ_sys_jerDown
Merging measMET_monoZ_catSignal-0jet_sys_puWeightUp
Merging MT_monoZ_catSignal-0jet_sys_puWeightUp
Merging measMET_monoZ_catEM_sys_puWeightUp
Merging MT_monoZ_catEM_sys_puWeightUp
Merging measMET_monoZ_catSignal-1jet_sys_puWeightUp
Merging MT_monoZ_catSignal-1jet_sys_puWeightUp
Merging measMET_monoZ_cat3L_sys_puWeightUp
Merging MT_monoZ_cat3L_sys_puWeightUp
Merging measMET_monoZ_cat4L_sys_puWeightUp
Merging MT_monoZ_cat4L_sys_puWeightUp
Merging measMET_monoZ_catNRB_sys_puWeightUp
Merging MT_monoZ_catNRB_sys_puWeightUp
Merging measMET_monoZ_catTOP_sys_puWeightUp
Merging MT_monoZ_catTOP_sys_puWeightUp
Merging measMET_monoZ_catDY_sys_puWeightUp
Merging MT_monoZ_catDY_sys_puWeightUp
Merging balance_monoZ_sys_puWeightUp
Merging phizmet_monoZ_sys_puWeightUp
Merging njet_monoZ_sys_puWeightUp
Merging measMET_monoZ_catSignal-0jet_sys_puWeightDown
Merging MT_monoZ_catSignal-0jet_sys_puWeightDown
Merging measMET_monoZ_catEM_sys_puWeightDown
Merging MT_monoZ_catEM_sys_puWeightDown
Merging measMET_monoZ_catSignal-1jet_sys_puWeightDown
Merging MT_monoZ_catSignal-1jet_sys_puWeightDown
Merging measMET_monoZ_cat3L_sys_puWeightDown
Merging MT_monoZ_cat3L_sys_puWeightDown
Merging measMET_monoZ_cat4L_sys_puWeightDown
Merging MT_monoZ_cat4L_sys_puWeightDown
Merging measMET_monoZ_catNRB_sys_puWeightDown
Merging MT_monoZ_catNRB_sys_puWeightDown
Merging measMET_monoZ_catTOP_sys_puWeightDown
Merging MT_monoZ_catTOP_sys_puWeightDown
Merging measMET_monoZ_catDY_sys_puWeightDown
Merging MT_monoZ_catDY_sys_puWeightDown
Merging balance_monoZ_sys_puWeightDown
Merging phizmet_monoZ_sys_puWeightDown
Merging njet_monoZ_sys_puWeightDown
Merging measMET_monoZ_catSignal-0jet_sys_PDFUp
Merging MT_monoZ_catSignal-0jet_sys_PDFUp
Merging measMET_monoZ_catEM_sys_PDFUp
Merging MT_monoZ_catEM_sys_PDFUp
Merging measMET_monoZ_catSignal-1jet_sys_PDFUp
Merging MT_monoZ_catSignal-1jet_sys_PDFUp
Merging measMET_monoZ_cat3L_sys_PDFUp
Merging MT_monoZ_cat3L_sys_PDFUp
Merging measMET_monoZ_cat4L_sys_PDFUp
Merging MT_monoZ_cat4L_sys_PDFUp
Merging measMET_monoZ_catNRB_sys_PDFUp
Merging MT_monoZ_catNRB_sys_PDFUp
Merging measMET_monoZ_catTOP_sys_PDFUp
Merging MT_monoZ_catTOP_sys_PDFUp
Merging measMET_monoZ_catDY_sys_PDFUp
Merging MT_monoZ_catDY_sys_PDFUp
Merging balance_monoZ_sys_PDFUp
Merging phizmet_monoZ_sys_PDFUp
Merging njet_monoZ_sys_PDFUp
Merging measMET_monoZ_catSignal-0jet_sys_PDFDown
Merging MT_monoZ_catSignal-0jet_sys_PDFDown
Merging measMET_monoZ_catEM_sys_PDFDown
Merging MT_monoZ_catEM_sys_PDFDown
Merging measMET_monoZ_catSignal-1jet_sys_PDFDown
Merging MT_monoZ_catSignal-1jet_sys_PDFDown
Merging measMET_monoZ_cat3L_sys_PDFDown
Merging MT_monoZ_cat3L_sys_PDFDown
Merging measMET_monoZ_cat4L_sys_PDFDown
Merging MT_monoZ_cat4L_sys_PDFDown
Merging measMET_monoZ_catNRB_sys_PDFDown
Merging MT_monoZ_catNRB_sys_PDFDown
Merging measMET_monoZ_catTOP_sys_PDFDown
Merging MT_monoZ_catTOP_sys_PDFDown
Merging measMET_monoZ_catDY_sys_PDFDown
Merging MT_monoZ_catDY_sys_PDFDown
Merging balance_monoZ_sys_PDFDown
Merging phizmet_monoZ_sys_PDFDown
Merging njet_monoZ_sys_PDFDown
Merging measMET_monoZ_catSignal-0jet_sys_MuonSFUp
Merging MT_monoZ_catSignal-0jet_sys_MuonSFUp
Merging measMET_monoZ_catEM_sys_MuonSFUp
Merging MT_monoZ_catEM_sys_MuonSFUp
Merging measMET_monoZ_catSignal-1jet_sys_MuonSFUp
Merging MT_monoZ_catSignal-1jet_sys_MuonSFUp
Merging measMET_monoZ_cat3L_sys_MuonSFUp
Merging MT_monoZ_cat3L_sys_MuonSFUp
Merging measMET_monoZ_cat4L_sys_MuonSFUp
Merging MT_monoZ_cat4L_sys_MuonSFUp
Merging measMET_monoZ_catNRB_sys_MuonSFUp
Merging MT_monoZ_catNRB_sys_MuonSFUp
Merging measMET_monoZ_catTOP_sys_MuonSFUp
Merging MT_monoZ_catTOP_sys_MuonSFUp
Merging measMET_monoZ_catDY_sys_MuonSFUp
Merging MT_monoZ_catDY_sys_MuonSFUp
Merging balance_monoZ_sys_MuonSFUp
Merging phizmet_monoZ_sys_MuonSFUp
Merging njet_monoZ_sys_MuonSFUp
Merging measMET_monoZ_catSignal-0jet_sys_MuonSFDown
Merging MT_monoZ_catSignal-0jet_sys_MuonSFDown
Merging measMET_monoZ_catEM_sys_MuonSFDown
Merging MT_monoZ_catEM_sys_MuonSFDown
Merging measMET_monoZ_catSignal-1jet_sys_MuonSFDown
Merging MT_monoZ_catSignal-1jet_sys_MuonSFDown
Merging measMET_monoZ_cat3L_sys_MuonSFDown
Merging MT_monoZ_cat3L_sys_MuonSFDown
Merging measMET_monoZ_cat4L_sys_MuonSFDown
Merging MT_monoZ_cat4L_sys_MuonSFDown
Merging measMET_monoZ_catNRB_sys_MuonSFDown
Merging MT_monoZ_catNRB_sys_MuonSFDown
Merging measMET_monoZ_catTOP_sys_MuonSFDown
Merging MT_monoZ_catTOP_sys_MuonSFDown
Merging measMET_monoZ_catDY_sys_MuonSFDown
Merging MT_monoZ_catDY_sys_MuonSFDown
Merging balance_monoZ_sys_MuonSFDown
Merging phizmet_monoZ_sys_MuonSFDown
Merging njet_monoZ_sys_MuonSFDown
Merging measMET_monoZ_catSignal-0jet_sys_ElecronSFUp
Merging MT_monoZ_catSignal-0jet_sys_ElecronSFUp
Merging measMET_monoZ_catEM_sys_ElecronSFUp
Merging MT_monoZ_catEM_sys_ElecronSFUp
Merging measMET_monoZ_catSignal-1jet_sys_ElecronSFUp
Merging MT_monoZ_catSignal-1jet_sys_ElecronSFUp
Merging measMET_monoZ_cat3L_sys_ElecronSFUp
Merging MT_monoZ_cat3L_sys_ElecronSFUp
Merging measMET_monoZ_cat4L_sys_ElecronSFUp
Merging MT_monoZ_cat4L_sys_ElecronSFUp
Merging measMET_monoZ_catNRB_sys_ElecronSFUp
Merging MT_monoZ_catNRB_sys_ElecronSFUp
Merging measMET_monoZ_catTOP_sys_ElecronSFUp
Merging MT_monoZ_catTOP_sys_ElecronSFUp
Merging measMET_monoZ_catDY_sys_ElecronSFUp
Merging MT_monoZ_catDY_sys_ElecronSFUp
Merging balance_monoZ_sys_ElecronSFUp
Merging phizmet_monoZ_sys_ElecronSFUp
Merging njet_monoZ_sys_ElecronSFUp
Merging measMET_monoZ_catSignal-0jet_sys_ElecronSFDown
Merging MT_monoZ_catSignal-0jet_sys_ElecronSFDown
Merging measMET_monoZ_catEM_sys_ElecronSFDown
Merging MT_monoZ_catEM_sys_ElecronSFDown
Merging measMET_monoZ_catSignal-1jet_sys_ElecronSFDown
Merging MT_monoZ_catSignal-1jet_sys_ElecronSFDown
Merging measMET_monoZ_cat3L_sys_ElecronSFDown
Merging MT_monoZ_cat3L_sys_ElecronSFDown
Merging measMET_monoZ_cat4L_sys_ElecronSFDown
Merging MT_monoZ_cat4L_sys_ElecronSFDown
Merging measMET_monoZ_catNRB_sys_ElecronSFDown
Merging MT_monoZ_catNRB_sys_ElecronSFDown
Merging measMET_monoZ_catTOP_sys_ElecronSFDown
Merging MT_monoZ_catTOP_sys_ElecronSFDown
Merging measMET_monoZ_catDY_sys_ElecronSFDown
Merging MT_monoZ_catDY_sys_ElecronSFDown
Merging balance_monoZ_sys_ElecronSFDown
Merging phizmet_monoZ_sys_ElecronSFDown
Merging njet_monoZ_sys_ElecronSFDown
Merging measMET_monoZ_catSignal-0jet_sys_EWKUp
Merging MT_monoZ_catSignal-0jet_sys_EWKUp
Merging measMET_monoZ_catEM_sys_EWKUp
Merging MT_monoZ_catEM_sys_EWKUp
Merging measMET_monoZ_catSignal-1jet_sys_EWKUp
Merging MT_monoZ_catSignal-1jet_sys_EWKUp
Merging measMET_monoZ_cat3L_sys_EWKUp
Merging MT_monoZ_cat3L_sys_EWKUp
Merging measMET_monoZ_cat4L_sys_EWKUp
Merging MT_monoZ_cat4L_sys_EWKUp
Merging measMET_monoZ_catNRB_sys_EWKUp
Merging MT_monoZ_catNRB_sys_EWKUp
Merging measMET_monoZ_catTOP_sys_EWKUp
Merging MT_monoZ_catTOP_sys_EWKUp
Merging measMET_monoZ_catDY_sys_EWKUp
Merging MT_monoZ_catDY_sys_EWKUp
Merging balance_monoZ_sys_EWKUp
Merging phizmet_monoZ_sys_EWKUp
Merging njet_monoZ_sys_EWKUp
Merging measMET_monoZ_catSignal-0jet_sys_EWKDown
Merging MT_monoZ_catSignal-0jet_sys_EWKDown
Merging measMET_monoZ_catEM_sys_EWKDown
Merging MT_monoZ_catEM_sys_EWKDown
Merging measMET_monoZ_catSignal-1jet_sys_EWKDown
Merging MT_monoZ_catSignal-1jet_sys_EWKDown
Merging measMET_monoZ_cat3L_sys_EWKDown
Merging MT_monoZ_cat3L_sys_EWKDown
Merging measMET_monoZ_cat4L_sys_EWKDown
Merging MT_monoZ_cat4L_sys_EWKDown
Merging measMET_monoZ_catNRB_sys_EWKDown
Merging MT_monoZ_catNRB_sys_EWKDown
Merging measMET_monoZ_catTOP_sys_EWKDown
Merging MT_monoZ_catTOP_sys_EWKDown
Merging measMET_monoZ_catDY_sys_EWKDown
Merging MT_monoZ_catDY_sys_EWKDown
Merging balance_monoZ_sys_EWKDown
Merging phizmet_monoZ_sys_EWKDown
Merging njet_monoZ_sys_EWKDown
Merging measMET_monoZ_catSignal-0jet_sys_nvtxWeightUp
Merging MT_monoZ_catSignal-0jet_sys_nvtxWeightUp
Merging measMET_monoZ_catEM_sys_nvtxWeightUp
Merging MT_monoZ_catEM_sys_nvtxWeightUp
Merging measMET_monoZ_catSignal-1jet_sys_nvtxWeightUp
Merging MT_monoZ_catSignal-1jet_sys_nvtxWeightUp
Merging measMET_monoZ_cat3L_sys_nvtxWeightUp
Merging MT_monoZ_cat3L_sys_nvtxWeightUp
Merging measMET_monoZ_cat4L_sys_nvtxWeightUp
Merging MT_monoZ_cat4L_sys_nvtxWeightUp
Merging measMET_monoZ_catNRB_sys_nvtxWeightUp
Merging MT_monoZ_catNRB_sys_nvtxWeightUp
Merging measMET_monoZ_catTOP_sys_nvtxWeightUp
Merging MT_monoZ_catTOP_sys_nvtxWeightUp
Merging measMET_monoZ_catDY_sys_nvtxWeightUp
Merging MT_monoZ_catDY_sys_nvtxWeightUp
Merging balance_monoZ_sys_nvtxWeightUp
Merging phizmet_monoZ_sys_nvtxWeightUp
Merging njet_monoZ_sys_nvtxWeightUp
Merging measMET_monoZ_catSignal-0jet_sys_nvtxWeightDown
Merging MT_monoZ_catSignal-0jet_sys_nvtxWeightDown
Merging measMET_monoZ_catEM_sys_nvtxWeightDown
Merging MT_monoZ_catEM_sys_nvtxWeightDown
Merging measMET_monoZ_catSignal-1jet_sys_nvtxWeightDown
Merging MT_monoZ_catSignal-1jet_sys_nvtxWeightDown
Merging measMET_monoZ_cat3L_sys_nvtxWeightDown
Merging MT_monoZ_cat3L_sys_nvtxWeightDown
Merging measMET_monoZ_cat4L_sys_nvtxWeightDown
Merging MT_monoZ_cat4L_sys_nvtxWeightDown
Merging measMET_monoZ_catNRB_sys_nvtxWeightDown
Merging MT_monoZ_catNRB_sys_nvtxWeightDown
Merging measMET_monoZ_catTOP_sys_nvtxWeightDown
Merging MT_monoZ_catTOP_sys_nvtxWeightDown
Merging measMET_monoZ_catDY_sys_nvtxWeightDown
Merging MT_monoZ_catDY_sys_nvtxWeightDown
Merging balance_monoZ_sys_nvtxWeightDown
Merging phizmet_monoZ_sys_nvtxWeightDown
Merging njet_monoZ_sys_nvtxWeightDown
Merging measMET_monoZ_catSignal-0jet_sys_TriggerSFWeightUp
Merging MT_monoZ_catSignal-0jet_sys_TriggerSFWeightUp
Merging measMET_monoZ_catEM_sys_TriggerSFWeightUp
Merging MT_monoZ_catEM_sys_TriggerSFWeightUp
Merging measMET_monoZ_catSignal-1jet_sys_TriggerSFWeightUp
Merging MT_monoZ_catSignal-1jet_sys_TriggerSFWeightUp
Merging measMET_monoZ_cat3L_sys_TriggerSFWeightUp
Merging MT_monoZ_cat3L_sys_TriggerSFWeightUp
Merging measMET_monoZ_cat4L_sys_TriggerSFWeightUp
Merging MT_monoZ_cat4L_sys_TriggerSFWeightUp
Merging measMET_monoZ_catNRB_sys_TriggerSFWeightUp
Merging MT_monoZ_catNRB_sys_TriggerSFWeightUp
Merging measMET_monoZ_catTOP_sys_TriggerSFWeightUp
Merging MT_monoZ_catTOP_sys_TriggerSFWeightUp
Merging measMET_monoZ_catDY_sys_TriggerSFWeightUp
Merging MT_monoZ_catDY_sys_TriggerSFWeightUp
Merging balance_monoZ_sys_TriggerSFWeightUp
Merging phizmet_monoZ_sys_TriggerSFWeightUp
Merging njet_monoZ_sys_TriggerSFWeightUp
Merging measMET_monoZ_catSignal-0jet_sys_TriggerSFWeightDown
Merging MT_monoZ_catSignal-0jet_sys_TriggerSFWeightDown
Merging measMET_monoZ_catEM_sys_TriggerSFWeightDown
Merging MT_monoZ_catEM_sys_TriggerSFWeightDown
Merging measMET_monoZ_catSignal-1jet_sys_TriggerSFWeightDown
Merging MT_monoZ_catSignal-1jet_sys_TriggerSFWeightDown
Merging measMET_monoZ_cat3L_sys_TriggerSFWeightDown
Merging MT_monoZ_cat3L_sys_TriggerSFWeightDown
Merging measMET_monoZ_cat4L_sys_TriggerSFWeightDown
Merging MT_monoZ_cat4L_sys_TriggerSFWeightDown
Merging measMET_monoZ_catNRB_sys_TriggerSFWeightDown
Merging MT_monoZ_catNRB_sys_TriggerSFWeightDown
Merging measMET_monoZ_catTOP_sys_TriggerSFWeightDown
Merging MT_monoZ_catTOP_sys_TriggerSFWeightDown
Merging measMET_monoZ_catDY_sys_TriggerSFWeightDown
Merging MT_monoZ_catDY_sys_TriggerSFWeightDown
Merging balance_monoZ_sys_TriggerSFWeightDown
Merging phizmet_monoZ_sys_TriggerSFWeightDown
Merging njet_monoZ_sys_TriggerSFWeightDown
Merging measMET_monoZ_catSignal-0jet_sys_btagEventWeightUp
Merging MT_monoZ_catSignal-0jet_sys_btagEventWeightUp
Merging measMET_monoZ_catEM_sys_btagEventWeightUp
Merging MT_monoZ_catEM_sys_btagEventWeightUp
Merging measMET_monoZ_catSignal-1jet_sys_btagEventWeightUp
Merging MT_monoZ_catSignal-1jet_sys_btagEventWeightUp
Merging measMET_monoZ_cat3L_sys_btagEventWeightUp
Merging MT_monoZ_cat3L_sys_btagEventWeightUp
Merging measMET_monoZ_cat4L_sys_btagEventWeightUp
Merging MT_monoZ_cat4L_sys_btagEventWeightUp
Merging measMET_monoZ_catNRB_sys_btagEventWeightUp
Merging MT_monoZ_catNRB_sys_btagEventWeightUp
Merging measMET_monoZ_catTOP_sys_btagEventWeightUp
Merging MT_monoZ_catTOP_sys_btagEventWeightUp
Merging measMET_monoZ_catDY_sys_btagEventWeightUp
Merging MT_monoZ_catDY_sys_btagEventWeightUp
Merging balance_monoZ_sys_btagEventWeightUp
Merging phizmet_monoZ_sys_btagEventWeightUp
Merging njet_monoZ_sys_btagEventWeightUp
Merging measMET_monoZ_catSignal-0jet_sys_btagEventWeightDown
Merging MT_monoZ_catSignal-0jet_sys_btagEventWeightDown
Merging measMET_monoZ_catEM_sys_btagEventWeightDown
Merging MT_monoZ_catEM_sys_btagEventWeightDown
Merging measMET_monoZ_catSignal-1jet_sys_btagEventWeightDown
Merging MT_monoZ_catSignal-1jet_sys_btagEventWeightDown
Merging measMET_monoZ_cat3L_sys_btagEventWeightDown
Merging MT_monoZ_cat3L_sys_btagEventWeightDown
Merging measMET_monoZ_cat4L_sys_btagEventWeightDown
Merging MT_monoZ_cat4L_sys_btagEventWeightDown
Merging measMET_monoZ_catNRB_sys_btagEventWeightDown
Merging MT_monoZ_catNRB_sys_btagEventWeightDown
Merging measMET_monoZ_catTOP_sys_btagEventWeightDown
Merging MT_monoZ_catTOP_sys_btagEventWeightDown
Merging measMET_monoZ_catDY_sys_btagEventWeightDown
Merging MT_monoZ_catDY_sys_btagEventWeightDown
Merging balance_monoZ_sys_btagEventWeightDown
Merging phizmet_monoZ_sys_btagEventWeightDown
Merging njet_monoZ_sys_btagEventWeightDown
Merging measMET_monoZ_catSignal-0jet_sys_QCDScale0wUp
Merging MT_monoZ_catSignal-0jet_sys_QCDScale0wUp
Merging measMET_monoZ_catEM_sys_QCDScale0wUp
Merging MT_monoZ_catEM_sys_QCDScale0wUp
Merging measMET_monoZ_catSignal-1jet_sys_QCDScale0wUp
Merging MT_monoZ_catSignal-1jet_sys_QCDScale0wUp
Merging measMET_monoZ_cat3L_sys_QCDScale0wUp
Merging MT_monoZ_cat3L_sys_QCDScale0wUp
Merging measMET_monoZ_cat4L_sys_QCDScale0wUp
Merging MT_monoZ_cat4L_sys_QCDScale0wUp
Merging measMET_monoZ_catNRB_sys_QCDScale0wUp
Merging MT_monoZ_catNRB_sys_QCDScale0wUp
Merging measMET_monoZ_catTOP_sys_QCDScale0wUp
Merging MT_monoZ_catTOP_sys_QCDScale0wUp
Merging measMET_monoZ_catDY_sys_QCDScale0wUp
Merging MT_monoZ_catDY_sys_QCDScale0wUp
Merging balance_monoZ_sys_QCDScale0wUp
Merging phizmet_monoZ_sys_QCDScale0wUp
Merging njet_monoZ_sys_QCDScale0wUp
Merging measMET_monoZ_catSignal-0jet_sys_QCDScale0wDown
Merging MT_monoZ_catSignal-0jet_sys_QCDScale0wDown
Merging measMET_monoZ_catEM_sys_QCDScale0wDown
Merging MT_monoZ_catEM_sys_QCDScale0wDown
Merging measMET_monoZ_catSignal-1jet_sys_QCDScale0wDown
Merging MT_monoZ_catSignal-1jet_sys_QCDScale0wDown
Merging measMET_monoZ_cat3L_sys_QCDScale0wDown
Merging MT_monoZ_cat3L_sys_QCDScale0wDown
Merging measMET_monoZ_cat4L_sys_QCDScale0wDown
Merging MT_monoZ_cat4L_sys_QCDScale0wDown
Merging measMET_monoZ_catNRB_sys_QCDScale0wDown
Merging MT_monoZ_catNRB_sys_QCDScale0wDown
Merging measMET_monoZ_catTOP_sys_QCDScale0wDown
Merging MT_monoZ_catTOP_sys_QCDScale0wDown
Merging measMET_monoZ_catDY_sys_QCDScale0wDown
Merging MT_monoZ_catDY_sys_QCDScale0wDown
Merging balance_monoZ_sys_QCDScale0wDown
Merging phizmet_monoZ_sys_QCDScale0wDown
Merging njet_monoZ_sys_QCDScale0wDown
Merging measMET_monoZ_catSignal-0jet_sys_QCDScale1wUp
Merging MT_monoZ_catSignal-0jet_sys_QCDScale1wUp
Merging measMET_monoZ_catEM_sys_QCDScale1wUp
Merging MT_monoZ_catEM_sys_QCDScale1wUp
Merging measMET_monoZ_catSignal-1jet_sys_QCDScale1wUp
Merging MT_monoZ_catSignal-1jet_sys_QCDScale1wUp
Merging measMET_monoZ_cat3L_sys_QCDScale1wUp
Merging MT_monoZ_cat3L_sys_QCDScale1wUp
Merging measMET_monoZ_cat4L_sys_QCDScale1wUp
Merging MT_monoZ_cat4L_sys_QCDScale1wUp
Merging measMET_monoZ_catNRB_sys_QCDScale1wUp
Merging MT_monoZ_catNRB_sys_QCDScale1wUp
Merging measMET_monoZ_catTOP_sys_QCDScale1wUp
Merging MT_monoZ_catTOP_sys_QCDScale1wUp
Merging measMET_monoZ_catDY_sys_QCDScale1wUp
Merging MT_monoZ_catDY_sys_QCDScale1wUp
Merging balance_monoZ_sys_QCDScale1wUp
Merging phizmet_monoZ_sys_QCDScale1wUp
Merging njet_monoZ_sys_QCDScale1wUp
Merging measMET_monoZ_catSignal-0jet_sys_QCDScale1wDown
Merging MT_monoZ_catSignal-0jet_sys_QCDScale1wDown
Merging measMET_monoZ_catEM_sys_QCDScale1wDown
Merging MT_monoZ_catEM_sys_QCDScale1wDown
Merging measMET_monoZ_catSignal-1jet_sys_QCDScale1wDown
Merging MT_monoZ_catSignal-1jet_sys_QCDScale1wDown
Merging measMET_monoZ_cat3L_sys_QCDScale1wDown
Merging MT_monoZ_cat3L_sys_QCDScale1wDown
Merging measMET_monoZ_cat4L_sys_QCDScale1wDown
Merging MT_monoZ_cat4L_sys_QCDScale1wDown
Merging measMET_monoZ_catNRB_sys_QCDScale1wDown
Merging MT_monoZ_catNRB_sys_QCDScale1wDown
Merging measMET_monoZ_catTOP_sys_QCDScale1wDown
Merging MT_monoZ_catTOP_sys_QCDScale1wDown
Merging measMET_monoZ_catDY_sys_QCDScale1wDown
Merging MT_monoZ_catDY_sys_QCDScale1wDown
Merging balance_monoZ_sys_QCDScale1wDown
Merging phizmet_monoZ_sys_QCDScale1wDown
Merging njet_monoZ_sys_QCDScale1wDown
Merging measMET_monoZ_catSignal-0jet_sys_QCDScale2wUp
Merging MT_monoZ_catSignal-0jet_sys_QCDScale2wUp
Merging measMET_monoZ_catEM_sys_QCDScale2wUp
Merging MT_monoZ_catEM_sys_QCDScale2wUp
Merging measMET_monoZ_catSignal-1jet_sys_QCDScale2wUp
Merging MT_monoZ_catSignal-1jet_sys_QCDScale2wUp
Merging measMET_monoZ_cat3L_sys_QCDScale2wUp
Merging MT_monoZ_cat3L_sys_QCDScale2wUp
Merging measMET_monoZ_cat4L_sys_QCDScale2wUp
Merging MT_monoZ_cat4L_sys_QCDScale2wUp
Merging measMET_monoZ_catNRB_sys_QCDScale2wUp
Merging MT_monoZ_catNRB_sys_QCDScale2wUp
Merging measMET_monoZ_catTOP_sys_QCDScale2wUp
Merging MT_monoZ_catTOP_sys_QCDScale2wUp
Merging measMET_monoZ_catDY_sys_QCDScale2wUp
Merging MT_monoZ_catDY_sys_QCDScale2wUp
Merging balance_monoZ_sys_QCDScale2wUp
Merging phizmet_monoZ_sys_QCDScale2wUp
Merging njet_monoZ_sys_QCDScale2wUp
Merging measMET_monoZ_catSignal-0jet_sys_QCDScale2wDown
Merging MT_monoZ_catSignal-0jet_sys_QCDScale2wDown
Merging measMET_monoZ_catEM_sys_QCDScale2wDown
Merging MT_monoZ_catEM_sys_QCDScale2wDown
Merging measMET_monoZ_catSignal-1jet_sys_QCDScale2wDown
Merging MT_monoZ_catSignal-1jet_sys_QCDScale2wDown
Merging measMET_monoZ_cat3L_sys_QCDScale2wDown
Merging MT_monoZ_cat3L_sys_QCDScale2wDown
Merging measMET_monoZ_cat4L_sys_QCDScale2wDown
Merging MT_monoZ_cat4L_sys_QCDScale2wDown
Merging measMET_monoZ_catNRB_sys_QCDScale2wDown
Merging MT_monoZ_catNRB_sys_QCDScale2wDown
Merging measMET_monoZ_catTOP_sys_QCDScale2wDown
Merging MT_monoZ_catTOP_sys_QCDScale2wDown
Merging measMET_monoZ_catDY_sys_QCDScale2wDown
Merging MT_monoZ_catDY_sys_QCDScale2wDown
Merging balance_monoZ_sys_QCDScale2wDown
Merging phizmet_monoZ_sys_QCDScale2wDown
Merging njet_monoZ_sys_QCDScale2wDown
Merging Events
Merging Runs
Merging ParameterSets
Merging LuminosityBlocks
Merging MetaData
Merging measMET_ZZTo2L2Nu_13TeV_powheg_pythia8_ext1_catSignal-1jet_sys_QCDScale1wDown
Merging MT_ZZTo2L2Nu_13TeV_powheg_pythia8_ext1_cat3L_sys_btagEventWeightUp
Merging measMET_ZZTo2L2Nu_13TeV_powheg_pythia8_ext1_catSignal-0jet_sys_ElectronEnUp
Merging phizmet_ZZTo2L2Nu_13TeV_powheg_pythia8_ext1_sys_QCDScale0wUp
Merging balance_ZZTo2L2Nu_13TeV_powheg_pythia8_ext1_sys_puWeightUp
Merging measMET_ZZTo2L2Nu_13TeV_powheg_pythia8_ext1_catDY_sys_btagEventWeightDown
Merging measMET_ZZTo2L2Nu_13TeV_powheg_pythia8_ext1_catSignal-1jet_sys_jesTotalUp
Merging balance_ZZTo2L2Nu_13TeV_powheg_pythia8_ext1_sys_ElecronSFUp
Merging MT_ZZTo2L2Nu_13TeV_powheg_pythia8_ext1_catDY_sys_TriggerSFWeightUp
Merging measMET_ZZTo2L2Nu_13TeV_powheg_pythia8_ext1_catNRB_sys_QCDScale1wDown
Merging phizmet_ZZTo2L2Nu_13TeV_powheg_pythia8_ext1_sys_jerUp
Merging measMET_ZZTo2L2Nu_13TeV_powheg_pythia8_ext1_cat4L_sys_EWKDown
Merging MT_ZZTo2L2Nu_13TeV_powheg_pythia8_ext1_cat4L_sys_TriggerSFWeightDown
Merging MT_ZZTo2L2Nu_13TeV_powheg_pythia8_ext1_catNRB_sys_EWKDown
Merging MT_ZZTo2L2Nu_13TeV_powheg_pythia8_ext1_catSignal-0jet
Merging measMET_ZZTo2L2Nu_13TeV_powheg_pythia8_ext1_cat3L_sys_PrefireWeightDown
Merging measMET_ZZTo2L2Nu_13TeV_powheg_pythia8_ext1_cat3L_sys_jesTotalUp
Merging njet_ZZTo2L2Nu_13TeV_powheg_pythia8_ext1_sys_QCDScale1wUp
Merging measMET_ZZTo2L2Nu_13TeV_powheg_pythia8_ext1_catEM_sys_btagEventWeightDown
Merging MT_ZZTo2L2Nu_13TeV_powheg_pythia8_ext1_catTOP_sys_QCDScale0wDown
Merging MT_ZZTo2L2Nu_13TeV_powheg_pythia8_ext1_catEM_sys_puWeightDown
Merging MT_ZZTo2L2Nu_13TeV_powheg_pythia8_ext1_cat3L_sys_jesTotalDown
Merging measMET_ZZTo2L2Nu_13TeV_powheg_pythia8_ext1_cat3L_sys_ElectronEnDown
Merging measMET_ZZTo2L2Nu_13TeV_powheg_pythia8_ext1_cat4L_sys_PrefireWeightDown
Merging measMET_ZZTo2L2Nu_13TeV_powheg_pythia8_ext1_cat3L
Merging MT_ZZTo2L2Nu_13TeV_powheg_pythia8_ext1_catSignal-0jet_sys_ElecronSFDown
Merging balance_ZZTo2L2Nu_13TeV_powheg_pythia8_ext1_sys_nvtxWeightDown
Merging measMET_ZZTo2L2Nu_13TeV_powheg_pythia8_ext1_cat4L_sys_QCDScale2wDown
Merging MT_ZZTo2L2Nu_13TeV_powheg_pythia8_ext1_cat3L_sys_PDFDown
Merging measMET_ZZTo2L2Nu_13TeV_powheg_pythia8_ext1_cat3L_sys_QCDScale2wUp
Merging MT_ZZTo2L2Nu_13TeV_powheg_pythia8_ext1_catSignal-1jet_sys_puWeightUp
Merging MT_ZZTo2L2Nu_13TeV_powheg_pythia8_ext1_catTOP_sys_QCDScale1wDown
Merging MT_ZZTo2L2Nu_13TeV_powheg_pythia8_ext1_catNRB_sys_nvtxWeightDown
Merging MT_ZZTo2L2Nu_13TeV_powheg_pythia8_ext1_catEM_sys_ElecronSFDown
Merging measMET_ZZTo2L2Nu_13TeV_powheg_pythia8_ext1_cat4L_sys_jesTotalDown
Merging measMET_ZZTo2L2Nu_13TeV_powheg_pythia8_ext1_cat3L_sys_MuonSFUp
Merging MT_ZZTo2L2Nu_13TeV_powheg_pythia8_ext1_catNRB_sys_MuonSFUp
Merging MT_ZZTo2L2Nu_13TeV_powheg_pythia8_ext1_catEM_sys_MuonEnDown
Merging MT_ZZTo2L2Nu_13TeV_powheg_pythia8_ext1_cat4L_sys_ElecronSFDown
Merging phizmet_ZZTo2L2Nu_13TeV_powheg_pythia8_ext1_sys_QCDScale1wDown
Merging MT_ZZTo2L2Nu_13TeV_powheg_pythia8_ext1_catSignal-0jet_sys_puWeightUp
Merging measMET_ZZTo2L2Nu_13TeV_powheg_pythia8_ext1_catEM_sys_PDFDown
Merging phizmet_ZZTo2L2Nu_13TeV_powheg_pythia8_ext1_sys_QCDScale2wDown
Merging measMET_ZZTo2L2Nu_13TeV_powheg_pythia8_ext1_catTOP_sys_TriggerSFWeightDown
Merging measMET_ZZTo2L2Nu_13TeV_powheg_pythia8_ext1_catSignal-1jet
Merging measMET_ZZTo2L2Nu_13TeV_powheg_pythia8_ext1_catDY_sys_ElectronEnUp
Merging measMET_ZZTo2L2Nu_13TeV_powheg_pythia8_ext1_catNRB_sys_MuonEnDown
Merging MT_ZZTo2L2Nu_13TeV_powheg_pythia8_ext1_cat4L_sys_MuonSFUp
Merging measMET_ZZTo2L2Nu_13TeV_powheg_pythia8_ext1_catDY_sys_puWeightDown
Merging MT_ZZTo2L2Nu_13TeV_powheg_pythia8_ext1_cat4L_sys_ElectronEnUp
Merging measMET_ZZTo2L2Nu_13TeV_powheg_pythia8_ext1_cat4L_sys_ElecronSFDown
Merging measMET_ZZTo2L2Nu_13TeV_powheg_pythia8_ext1_catSignal-1jet_sys_QCDScale0wDown
Merging MT_ZZTo2L2Nu_13TeV_powheg_pythia8_ext1_catSignal-1jet_sys_jerDown
Merging measMET_ZZTo2L2Nu_13TeV_powheg_pythia8_ext1_catSignal-0jet_sys_QCDScale1wUp
Merging measMET_ZZTo2L2Nu_13TeV_powheg_pythia8_ext1_catNRB_sys_ElecronSFDown
Merging measMET_ZZTo2L2Nu_13TeV_powheg_pythia8_ext1_catEM_sys_QCDScale1wDown
Merging measMET_ZZTo2L2Nu_13TeV_powheg_pythia8_ext1_catSignal-0jet_sys_jerDown
Merging MT_ZZTo2L2Nu_13TeV_powheg_pythia8_ext1_catDY_sys_btagEventWeightDown
Merging MT_ZZTo2L2Nu_13TeV_powheg_pythia8_ext1_catNRB_sys_PDFUp
Merging njet_ZZTo2L2Nu_13TeV_powheg_pythia8_ext1_sys_PrefireWeightDown
Merging MT_ZZTo2L2Nu_13TeV_powheg_pythia8_ext1_catTOP_sys_btagEventWeightUp
Merging measMET_ZZTo2L2Nu_13TeV_powheg_pythia8_ext1_cat3L_sys_nvtxWeightDown
Merging phizmet_ZZTo2L2Nu_13TeV_powheg_pythia8_ext1_sys_QCDScale0wDown
Merging measMET_ZZTo2L2Nu_13TeV_powheg_pythia8_ext1_catTOP_sys_jerUp
Merging measMET_ZZTo2L2Nu_13TeV_powheg_pythia8_ext1_cat4L_sys_QCDScale1wDown
Merging measMET_ZZTo2L2Nu_13TeV_powheg_pythia8_ext1_catNRB_sys_EWKDown
Merging njet_ZZTo2L2Nu_13TeV_powheg_pythia8_ext1_sys_EWKDown
Merging measMET_ZZTo2L2Nu_13TeV_powheg_pythia8_ext1_catTOP_sys_nvtxWeightDown
Merging MT_ZZTo2L2Nu_13TeV_powheg_pythia8_ext1_catDY_sys_ElecronSFDown
Merging measMET_ZZTo2L2Nu_13TeV_powheg_pythia8_ext1_catDY_sys_QCDScale0wUp
Merging MT_ZZTo2L2Nu_13TeV_powheg_pythia8_ext1_cat4L_sys_QCDScale1wDown
Merging measMET_ZZTo2L2Nu_13TeV_powheg_pythia8_ext1_catNRB_sys_jerDown
Merging measMET_ZZTo2L2Nu_13TeV_powheg_pythia8_ext1_catDY_sys_jesTotalDown
Merging balance_ZZTo2L2Nu_13TeV_powheg_pythia8_ext1_sys_MuonEnUp
Merging phizmet_ZZTo2L2Nu_13TeV_powheg_pythia8_ext1_sys_MuonEnDown
Merging MT_ZZTo2L2Nu_13TeV_powheg_pythia8_ext1_catSignal-0jet_sys_QCDScale1wDown
Merging MT_ZZTo2L2Nu_13TeV_powheg_pythia8_ext1_catDY_sys_PrefireWeightDown
Merging measMET_ZZTo2L2Nu_13TeV_powheg_pythia8_ext1_catDY_sys_nvtxWeightUp
Merging measMET_ZZTo2L2Nu_13TeV_powheg_pythia8_ext1_catSignal-0jet_sys_ElecronSFUp
Merging balance_ZZTo2L2Nu_13TeV_powheg_pythia8_ext1_sys_QCDScale1wUp
Merging MT_ZZTo2L2Nu_13TeV_powheg_pythia8_ext1_cat3L_sys_QCDScale0wDown
Merging MT_ZZTo2L2Nu_13TeV_powheg_pythia8_ext1_catEM_sys_ElectronEnUp
Merging balance_ZZTo2L2Nu_13TeV_powheg_pythia8_ext1_sys_PrefireWeightDown
Merging measMET_ZZTo2L2Nu_13TeV_powheg_pythia8_ext1_cat3L_sys_jerUp
Merging MT_ZZTo2L2Nu_13TeV_powheg_pythia8_ext1_catNRB_sys_PrefireWeightDown
Merging MT_ZZTo2L2Nu_13TeV_powheg_pythia8_ext1_cat3L_sys_MuonEnDown
Merging measMET_ZZTo2L2Nu_13TeV_powheg_pythia8_ext1_cat3L_sys_EWKUp
Merging measMET_ZZTo2L2Nu_13TeV_powheg_pythia8_ext1_cat3L_sys_jesTotalDown
Merging MT_ZZTo2L2Nu_13TeV_powheg_pythia8_ext1_cat3L_sys_PrefireWeightDown
Merging MT_ZZTo2L2Nu_13TeV_powheg_pythia8_ext1_catTOP_sys_MuonEnDown
Merging measMET_ZZTo2L2Nu_13TeV_powheg_pythia8_ext1_catEM_sys_QCDScale1wUp
Merging measMET_ZZTo2L2Nu_13TeV_powheg_pythia8_ext1_catSignal-1jet_sys_ElecronSFDown
Merging measMET_ZZTo2L2Nu_13TeV_powheg_pythia8_ext1_catEM_sys_puWeightDown
Merging measMET_ZZTo2L2Nu_13TeV_powheg_pythia8_ext1_catEM
Merging MT_ZZTo2L2Nu_13TeV_powheg_pythia8_ext1_catTOP_sys_QCDScale2wDown
Merging MT_ZZTo2L2Nu_13TeV_powheg_pythia8_ext1_catTOP_sys_MuonSFDown
Merging measMET_ZZTo2L2Nu_13TeV_powheg_pythia8_ext1_cat4L_sys_PDFDown
Merging balance_ZZTo2L2Nu_13TeV_powheg_pythia8_ext1_sys_btagEventWeightDown
Merging MT_ZZTo2L2Nu_13TeV_powheg_pythia8_ext1_cat3L
Merging MT_ZZTo2L2Nu_13TeV_powheg_pythia8_ext1_catSignal-1jet_sys_PrefireWeightDown
Merging measMET_ZZTo2L2Nu_13TeV_powheg_pythia8_ext1_catSignal-1jet_sys_EWKDown
Merging measMET_ZZTo2L2Nu_13TeV_powheg_pythia8_ext1_catSignal-0jet_sys_puWeightDown
Merging measMET_ZZTo2L2Nu_13TeV_powheg_pythia8_ext1_cat3L_sys_btagEventWeightDown
Merging measMET_ZZTo2L2Nu_13TeV_powheg_pythia8_ext1_catDY_sys_TriggerSFWeightUp
Merging MT_ZZTo2L2Nu_13TeV_powheg_pythia8_ext1_cat3L_sys_nvtxWeightDown
Merging MT_ZZTo2L2Nu_13TeV_powheg_pythia8_ext1_cat4L_sys_TriggerSFWeightUp
Merging MT_ZZTo2L2Nu_13TeV_powheg_pythia8_ext1_cat3L_sys_QCDScale1wUp
Merging measMET_ZZTo2L2Nu_13TeV_powheg_pythia8_ext1_catSignal-0jet_sys_PrefireWeightDown
Merging measMET_ZZTo2L2Nu_13TeV_powheg_pythia8_ext1_cat3L_sys_btagEventWeightUp
Merging MT_ZZTo2L2Nu_13TeV_powheg_pythia8_ext1_cat3L_sys_jerUp
Merging MT_ZZTo2L2Nu_13TeV_powheg_pythia8_ext1_catSignal-1jet_sys_ElecronSFUp
Merging autoPU
Merging measMET_ZZTo2L2Nu_13TeV_powheg_pythia8_ext1_catNRB_sys_QCDScale2wUp
Merging njet_ZZTo2L2Nu_13TeV_powheg_pythia8_ext1_sys_puWeightUp
Merging measMET_ZZTo2L2Nu_13TeV_powheg_pythia8_ext1_cat4L_sys_btagEventWeightDown
Merging measMET_ZZTo2L2Nu_13TeV_powheg_pythia8_ext1_catDY_sys_nvtxWeightDown
Merging MT_ZZTo2L2Nu_13TeV_powheg_pythia8_ext1_cat3L_sys_jesTotalUp
Merging MT_ZZTo2L2Nu_13TeV_powheg_pythia8_ext1_catNRB
Merging MT_ZZTo2L2Nu_13TeV_powheg_pythia8_ext1_catDY_sys_nvtxWeightDown
Merging measMET_ZZTo2L2Nu_13TeV_powheg_pythia8_ext1_cat4L_sys_TriggerSFWeightDown
Merging measMET_ZZTo2L2Nu_13TeV_powheg_pythia8_ext1_catSignal-0jet_sys_QCDScale2wUp
Merging njet_ZZTo2L2Nu_13TeV_powheg_pythia8_ext1_sys_PDFDown
Merging MT_ZZTo2L2Nu_13TeV_powheg_pythia8_ext1_catEM_sys_PrefireWeightUp
Merging MT_ZZTo2L2Nu_13TeV_powheg_pythia8_ext1_catSignal-0jet_sys_EWKDown
Merging MT_ZZTo2L2Nu_13TeV_powheg_pythia8_ext1_cat3L_sys_jerDown
Merging measMET_ZZTo2L2Nu_13TeV_powheg_pythia8_ext1_catTOP_sys_MuonSFDown
Merging MT_ZZTo2L2Nu_13TeV_powheg_pythia8_ext1_catSignal-1jet
Merging phizmet_ZZTo2L2Nu_13TeV_powheg_pythia8_ext1_sys_nvtxWeightUp
Merging measMET_ZZTo2L2Nu_13TeV_powheg_pythia8_ext1_catTOP_sys_jesTotalDown
Merging phizmet_ZZTo2L2Nu_13TeV_powheg_pythia8_ext1_sys_puWeightUp
Merging measMET_ZZTo2L2Nu_13TeV_powheg_pythia8_ext1_catSignal-0jet_sys_MuonEnDown
Merging measMET_ZZTo2L2Nu_13TeV_powheg_pythia8_ext1_catNRB_sys_TriggerSFWeightUp
Merging MT_ZZTo2L2Nu_13TeV_powheg_pythia8_ext1_catNRB_sys_QCDScale0wUp
Merging MT_ZZTo2L2Nu_13TeV_powheg_pythia8_ext1_catEM_sys_QCDScale2wUp
Merging measMET_ZZTo2L2Nu_13TeV_powheg_pythia8_ext1_catDY_sys_TriggerSFWeightDown
Merging MT_ZZTo2L2Nu_13TeV_powheg_pythia8_ext1_cat3L_sys_PrefireWeightUp
Merging phizmet_ZZTo2L2Nu_13TeV_powheg_pythia8_ext1_sys_MuonSFDown
Merging MT_ZZTo2L2Nu_13TeV_powheg_pythia8_ext1_cat4L_sys_PrefireWeightUp
Merging measMET_ZZTo2L2Nu_13TeV_powheg_pythia8_ext1_catSignal-1jet_sys_PrefireWeightUp
Merging balance_ZZTo2L2Nu_13TeV_powheg_pythia8_ext1_sys_jerUp
Merging measMET_ZZTo2L2Nu_13TeV_powheg_pythia8_ext1_cat4L_sys_ElecronSFUp
Merging measMET_ZZTo2L2Nu_13TeV_powheg_pythia8_ext1_cat4L_sys_jerDown
Merging measMET_ZZTo2L2Nu_13TeV_powheg_pythia8_ext1_catTOP_sys_TriggerSFWeightUp
Merging measMET_ZZTo2L2Nu_13TeV_powheg_pythia8_ext1_catEM_sys_PrefireWeightUp
Merging MT_ZZTo2L2Nu_13TeV_powheg_pythia8_ext1_catTOP_sys_nvtxWeightDown
Merging njet_ZZTo2L2Nu_13TeV_powheg_pythia8_ext1
Merging MT_ZZTo2L2Nu_13TeV_powheg_pythia8_ext1_cat4L_sys_nvtxWeightUp
Merging measMET_ZZTo2L2Nu_13TeV_powheg_pythia8_ext1_catEM_sys_btagEventWeightUp
Merging MT_ZZTo2L2Nu_13TeV_powheg_pythia8_ext1_catEM_sys_jerUp
Merging njet_ZZTo2L2Nu_13TeV_powheg_pythia8_ext1_sys_MuonEnDown
Merging measMET_ZZTo2L2Nu_13TeV_powheg_pythia8_ext1_catSignal-1jet_sys_PDFUp
Merging measMET_ZZTo2L2Nu_13TeV_powheg_pythia8_ext1_cat3L_sys_ElecronSFUp
Merging njet_ZZTo2L2Nu_13TeV_powheg_pythia8_ext1_sys_QCDScale0wUp
Merging MT_ZZTo2L2Nu_13TeV_powheg_pythia8_ext1_catEM_sys_btagEventWeightUp
Merging MT_ZZTo2L2Nu_13TeV_powheg_pythia8_ext1_catEM_sys_PrefireWeightDown
Merging measMET_ZZTo2L2Nu_13TeV_powheg_pythia8_ext1_catEM_sys_MuonSFUp
Merging measMET_ZZTo2L2Nu_13TeV_powheg_pythia8_ext1_cat4L
Merging njet_ZZTo2L2Nu_13TeV_powheg_pythia8_ext1_sys_ElecronSFUp
Merging MT_ZZTo2L2Nu_13TeV_powheg_pythia8_ext1_catSignal-1jet_sys_EWKUp
Merging measMET_ZZTo2L2Nu_13TeV_powheg_pythia8_ext1_catNRB_sys_ElecronSFUp
Merging MT_ZZTo2L2Nu_13TeV_powheg_pythia8_ext1_catSignal-1jet_sys_nvtxWeightDown
Merging measMET_ZZTo2L2Nu_13TeV_powheg_pythia8_ext1_catNRB_sys_QCDScale0wDown
Merging MT_ZZTo2L2Nu_13TeV_powheg_pythia8_ext1_catTOP_sys_ElectronEnDown
Merging measMET_ZZTo2L2Nu_13TeV_powheg_pythia8_ext1_catSignal-0jet_sys_EWKUp
Merging measMET_ZZTo2L2Nu_13TeV_powheg_pythia8_ext1_catEM_sys_MuonEnUp
Merging MT_ZZTo2L2Nu_13TeV_powheg_pythia8_ext1_cat3L_sys_QCDScale1wDown
Merging MT_ZZTo2L2Nu_13TeV_powheg_pythia8_ext1_catSignal-1jet_sys_QCDScale0wUp
Merging MT_ZZTo2L2Nu_13TeV_powheg_pythia8_ext1_catDY_sys_jesTotalUp
Merging MT_ZZTo2L2Nu_13TeV_powheg_pythia8_ext1_cat4L_sys_ElecronSFUp
Merging measMET_ZZTo2L2Nu_13TeV_powheg_pythia8_ext1_catSignal-1jet_sys_MuonEnDown
Merging MT_ZZTo2L2Nu_13TeV_powheg_pythia8_ext1_catSignal-0jet_sys_PrefireWeightUp
Merging MT_ZZTo2L2Nu_13TeV_powheg_pythia8_ext1_cat4L_sys_puWeightDown
Merging measMET_ZZTo2L2Nu_13TeV_powheg_pythia8_ext1_catSignal-0jet_sys_MuonSFUp
Merging MT_ZZTo2L2Nu_13TeV_powheg_pythia8_ext1_catEM_sys_btagEventWeightDown
Merging MT_ZZTo2L2Nu_13TeV_powheg_pythia8_ext1_catNRB_sys_EWKUp
Merging MT_ZZTo2L2Nu_13TeV_powheg_pythia8_ext1_catSignal-1jet_sys_puWeightDown
Merging MT_ZZTo2L2Nu_13TeV_powheg_pythia8_ext1_catSignal-0jet_sys_puWeightDown
Merging balance_ZZTo2L2Nu_13TeV_powheg_pythia8_ext1_sys_ElectronEnDown
Merging measMET_ZZTo2L2Nu_13TeV_powheg_pythia8_ext1_catEM_sys_ElectronEnDown
Merging MT_ZZTo2L2Nu_13TeV_powheg_pythia8_ext1_catTOP_sys_jesTotalDown
Merging measMET_ZZTo2L2Nu_13TeV_powheg_pythia8_ext1_catTOP_sys_PrefireWeightUp
Merging MT_ZZTo2L2Nu_13TeV_powheg_pythia8_ext1_catEM_sys_EWKDown
Merging MT_ZZTo2L2Nu_13TeV_powheg_pythia8_ext1_catEM_sys_MuonEnUp
Merging measMET_ZZTo2L2Nu_13TeV_powheg_pythia8_ext1_catNRB_sys_PDFUp
Merging MT_ZZTo2L2Nu_13TeV_powheg_pythia8_ext1_cat4L_sys_QCDScale1wUp
Merging MT_ZZTo2L2Nu_13TeV_powheg_pythia8_ext1_catSignal-0jet_sys_ElectronEnDown
Merging balance_ZZTo2L2Nu_13TeV_powheg_pythia8_ext1
Merging MT_ZZTo2L2Nu_13TeV_powheg_pythia8_ext1_cat3L_sys_ElectronEnDown
Merging njet_ZZTo2L2Nu_13TeV_powheg_pythia8_ext1_sys_QCDScale1wDown
Merging measMET_ZZTo2L2Nu_13TeV_powheg_pythia8_ext1_catDY_sys_PrefireWeightUp
Merging measMET_ZZTo2L2Nu_13TeV_powheg_pythia8_ext1_catSignal-1jet_sys_nvtxWeightUp
Merging MT_ZZTo2L2Nu_13TeV_powheg_pythia8_ext1_catSignal-0jet_sys_QCDScale0wDown
Merging MT_ZZTo2L2Nu_13TeV_powheg_pythia8_ext1_catSignal-1jet_sys_ElecronSFDown
Merging MT_ZZTo2L2Nu_13TeV_powheg_pythia8_ext1_catDY_sys_PDFUp
Merging measMET_ZZTo2L2Nu_13TeV_powheg_pythia8_ext1_cat3L_sys_EWKDown
Merging measMET_ZZTo2L2Nu_13TeV_powheg_pythia8_ext1_catEM_sys_PrefireWeightDown
Merging measMET_ZZTo2L2Nu_13TeV_powheg_pythia8_ext1_catTOP_sys_puWeightUp
Merging njet_ZZTo2L2Nu_13TeV_powheg_pythia8_ext1_sys_EWKUp
Merging measMET_ZZTo2L2Nu_13TeV_powheg_pythia8_ext1_cat3L_sys_puWeightUp
Merging MT_ZZTo2L2Nu_13TeV_powheg_pythia8_ext1_catEM_sys_jesTotalUp
Merging measMET_ZZTo2L2Nu_13TeV_powheg_pythia8_ext1_catSignal-0jet_sys_PrefireWeightUp
Merging MT_ZZTo2L2Nu_13TeV_powheg_pythia8_ext1_catEM_sys_QCDScale0wDown
Merging MT_ZZTo2L2Nu_13TeV_powheg_pythia8_ext1_catTOP_sys_jerUp
Merging measMET_ZZTo2L2Nu_13TeV_powheg_pythia8_ext1_catSignal-0jet_sys_EWKDown
Merging MT_ZZTo2L2Nu_13TeV_powheg_pythia8_ext1_catNRB_sys_jesTotalUp
Merging measMET_ZZTo2L2Nu_13TeV_powheg_pythia8_ext1_catNRB_sys_QCDScale2wDown
Merging measMET_ZZTo2L2Nu_13TeV_powheg_pythia8_ext1_catEM_sys_TriggerSFWeightUp
Merging balance_ZZTo2L2Nu_13TeV_powheg_pythia8_ext1_sys_ElecronSFDown
Merging MT_ZZTo2L2Nu_13TeV_powheg_pythia8_ext1_catTOP_sys_PrefireWeightDown
Merging measMET_ZZTo2L2Nu_13TeV_powheg_pythia8_ext1_catSignal-0jet_sys_TriggerSFWeightUp
Merging measMET_ZZTo2L2Nu_13TeV_powheg_pythia8_ext1_cat3L_sys_QCDScale2wDown
Merging MT_ZZTo2L2Nu_13TeV_powheg_pythia8_ext1_catTOP_sys_MuonSFUp
Merging measMET_ZZTo2L2Nu_13TeV_powheg_pythia8_ext1_cat4L_sys_jerUp
Merging MT_ZZTo2L2Nu_13TeV_powheg_pythia8_ext1_catSignal-0jet_sys_jerUp
Merging measMET_ZZTo2L2Nu_13TeV_powheg_pythia8_ext1_catTOP_sys_EWKUp
Merging MT_ZZTo2L2Nu_13TeV_powheg_pythia8_ext1_catDY_sys_puWeightUp
Merging phizmet_ZZTo2L2Nu_13TeV_powheg_pythia8_ext1_sys_ElecronSFDown
Merging measMET_ZZTo2L2Nu_13TeV_powheg_pythia8_ext1_cat3L_sys_puWeightDown
Merging balance_ZZTo2L2Nu_13TeV_powheg_pythia8_ext1_sys_PDFUp
Merging MT_ZZTo2L2Nu_13TeV_powheg_pythia8_ext1_cat3L_sys_PDFUp
Merging MT_ZZTo2L2Nu_13TeV_powheg_pythia8_ext1_cat4L_sys_jerUp
Merging measMET_ZZTo2L2Nu_13TeV_powheg_pythia8_ext1_catTOP_sys_QCDScale2wDown
Merging MT_ZZTo2L2Nu_13TeV_powheg_pythia8_ext1_catDY_sys_btagEventWeightUp
Merging MT_ZZTo2L2Nu_13TeV_powheg_pythia8_ext1_catNRB_sys_MuonEnUp
Merging balance_ZZTo2L2Nu_13TeV_powheg_pythia8_ext1_sys_QCDScale0wUp
Merging MT_ZZTo2L2Nu_13TeV_powheg_pythia8_ext1_catSignal-0jet_sys_nvtxWeightDown
Merging measMET_ZZTo2L2Nu_13TeV_powheg_pythia8_ext1_catTOP_sys_QCDScale1wUp
Merging measMET_ZZTo2L2Nu_13TeV_powheg_pythia8_ext1_cat3L_sys_TriggerSFWeightDown
Merging measMET_ZZTo2L2Nu_13TeV_powheg_pythia8_ext1_catTOP_sys_QCDScale1wDown
Merging measMET_ZZTo2L2Nu_13TeV_powheg_pythia8_ext1_catNRB_sys_puWeightDown
Merging MT_ZZTo2L2Nu_13TeV_powheg_pythia8_ext1_catEM_sys_ElectronEnDown
Merging MT_ZZTo2L2Nu_13TeV_powheg_pythia8_ext1_catSignal-1jet_sys_PDFUp
Merging measMET_ZZTo2L2Nu_13TeV_powheg_pythia8_ext1_catNRB_sys_QCDScale0wUp
Merging balance_ZZTo2L2Nu_13TeV_powheg_pythia8_ext1_sys_EWKUp
Merging measMET_ZZTo2L2Nu_13TeV_powheg_pythia8_ext1_catDY_sys_EWKUp
Merging phizmet_ZZTo2L2Nu_13TeV_powheg_pythia8_ext1_sys_jesTotalUp
Merging MT_ZZTo2L2Nu_13TeV_powheg_pythia8_ext1_catNRB_sys_jerUp
Merging measMET_ZZTo2L2Nu_13TeV_powheg_pythia8_ext1_catNRB_sys_QCDScale1wUp
Merging measMET_ZZTo2L2Nu_13TeV_powheg_pythia8_ext1_catNRB
Merging measMET_ZZTo2L2Nu_13TeV_powheg_pythia8_ext1_catDY_sys_ElecronSFDown
Merging measMET_ZZTo2L2Nu_13TeV_powheg_pythia8_ext1_catSignal-0jet_sys_nvtxWeightUp
Merging MT_ZZTo2L2Nu_13TeV_powheg_pythia8_ext1_catSignal-1jet_sys_btagEventWeightDown
Merging MT_ZZTo2L2Nu_13TeV_powheg_pythia8_ext1_catSignal-0jet_sys_jesTotalUp
Merging MT_ZZTo2L2Nu_13TeV_powheg_pythia8_ext1_catSignal-0jet_sys_QCDScale0wUp
Merging MT_ZZTo2L2Nu_13TeV_powheg_pythia8_ext1_cat4L_sys_QCDScale0wUp
Merging MT_ZZTo2L2Nu_13TeV_powheg_pythia8_ext1_catSignal-1jet_sys_ElectronEnDown
Merging MT_ZZTo2L2Nu_13TeV_powheg_pythia8_ext1_catEM_sys_QCDScale0wUp
Merging MT_ZZTo2L2Nu_13TeV_powheg_pythia8_ext1_catNRB_sys_QCDScale2wUp
Merging measMET_ZZTo2L2Nu_13TeV_powheg_pythia8_ext1_cat4L_sys_nvtxWeightDown
Merging MT_ZZTo2L2Nu_13TeV_powheg_pythia8_ext1_catDY_sys_MuonEnUp
Merging MT_ZZTo2L2Nu_13TeV_powheg_pythia8_ext1_catDY_sys_QCDScale2wDown
Merging phizmet_ZZTo2L2Nu_13TeV_powheg_pythia8_ext1_sys_EWKDown
Merging MT_ZZTo2L2Nu_13TeV_powheg_pythia8_ext1_cat4L
Merging MT_ZZTo2L2Nu_13TeV_powheg_pythia8_ext1_catSignal-1jet_sys_MuonEnUp
Merging measMET_ZZTo2L2Nu_13TeV_powheg_pythia8_ext1_catSignal-0jet_sys_QCDScale0wDown
Merging measMET_ZZTo2L2Nu_13TeV_powheg_pythia8_ext1_cat4L_sys_PDFUp
Merging MT_ZZTo2L2Nu_13TeV_powheg_pythia8_ext1_catNRB_sys_ElectronEnDown
Merging MT_ZZTo2L2Nu_13TeV_powheg_pythia8_ext1_catTOP_sys_PDFDown
Merging measMET_ZZTo2L2Nu_13TeV_powheg_pythia8_ext1_catSignal-0jet_sys_MuonSFDown
Merging MT_ZZTo2L2Nu_13TeV_powheg_pythia8_ext1_catTOP_sys_TriggerSFWeightDown
Merging measMET_ZZTo2L2Nu_13TeV_powheg_pythia8_ext1_cat4L_sys_MuonEnDown
Merging MT_ZZTo2L2Nu_13TeV_powheg_pythia8_ext1_catTOP_sys_ElectronEnUp
Merging MT_ZZTo2L2Nu_13TeV_powheg_pythia8_ext1_catSignal-1jet_sys_MuonSFUp
Merging measMET_ZZTo2L2Nu_13TeV_powheg_pythia8_ext1_catNRB_sys_TriggerSFWeightDown
Merging measMET_ZZTo2L2Nu_13TeV_powheg_pythia8_ext1_catSignal-0jet_sys_ElecronSFDown
Merging MT_ZZTo2L2Nu_13TeV_powheg_pythia8_ext1_catEM_sys_TriggerSFWeightUp
Merging MT_ZZTo2L2Nu_13TeV_powheg_pythia8_ext1_catEM_sys_PDFDown
Merging measMET_ZZTo2L2Nu_13TeV_powheg_pythia8_ext1_catNRB_sys_PrefireWeightDown
Merging measMET_ZZTo2L2Nu_13TeV_powheg_pythia8_ext1_catNRB_sys_jesTotalDown
Merging MT_ZZTo2L2Nu_13TeV_powheg_pythia8_ext1_catTOP_sys_jesTotalUp
Merging MT_ZZTo2L2Nu_13TeV_powheg_pythia8_ext1_cat4L_sys_nvtxWeightDown
Merging measMET_ZZTo2L2Nu_13TeV_powheg_pythia8_ext1_catEM_sys_nvtxWeightUp
Merging measMET_ZZTo2L2Nu_13TeV_powheg_pythia8_ext1_cat3L_sys_PDFDown
Merging balance_ZZTo2L2Nu_13TeV_powheg_pythia8_ext1_sys_jesTotalDown
Merging MT_ZZTo2L2Nu_13TeV_powheg_pythia8_ext1_catDY_sys_EWKUp
Merging MT_ZZTo2L2Nu_13TeV_powheg_pythia8_ext1_cat4L_sys_puWeightUp
Merging MT_ZZTo2L2Nu_13TeV_powheg_pythia8_ext1_catSignal-0jet_sys_TriggerSFWeightUp
Merging measMET_ZZTo2L2Nu_13TeV_powheg_pythia8_ext1_catDY_sys_QCDScale0wDown
Merging MT_ZZTo2L2Nu_13TeV_powheg_pythia8_ext1_catSignal-0jet_sys_MuonSFUp
Merging measMET_ZZTo2L2Nu_13TeV_powheg_pythia8_ext1_cat4L_sys_PrefireWeightUp
Merging phizmet_ZZTo2L2Nu_13TeV_powheg_pythia8_ext1
Merging MT_ZZTo2L2Nu_13TeV_powheg_pythia8_ext1_catDY_sys_QCDScale1wUp
Merging phizmet_ZZTo2L2Nu_13TeV_powheg_pythia8_ext1_sys_jesTotalDown
Merging measMET_ZZTo2L2Nu_13TeV_powheg_pythia8_ext1_catEM_sys_jesTotalUp
Merging balance_ZZTo2L2Nu_13TeV_powheg_pythia8_ext1_sys_jesTotalUp
Merging measMET_ZZTo2L2Nu_13TeV_powheg_pythia8_ext1_catSignal-1jet_sys_QCDScale0wUp
Merging phizmet_ZZTo2L2Nu_13TeV_powheg_pythia8_ext1_sys_nvtxWeightDown
Merging balance_ZZTo2L2Nu_13TeV_powheg_pythia8_ext1_sys_nvtxWeightUp
Merging MT_ZZTo2L2Nu_13TeV_powheg_pythia8_ext1_cat4L_sys_EWKDown
Merging balance_ZZTo2L2Nu_13TeV_powheg_pythia8_ext1_sys_jerDown
Merging MT_ZZTo2L2Nu_13TeV_powheg_pythia8_ext1_cat4L_sys_MuonSFDown
Merging measMET_ZZTo2L2Nu_13TeV_powheg_pythia8_ext1_catTOP_sys_PDFUp
Merging MT_ZZTo2L2Nu_13TeV_powheg_pythia8_ext1_catSignal-0jet_sys_ElectronEnUp
Merging MT_ZZTo2L2Nu_13TeV_powheg_pythia8_ext1_catNRB_sys_QCDScale1wDown
Merging MT_ZZTo2L2Nu_13TeV_powheg_pythia8_ext1_catSignal-0jet_sys_nvtxWeightUp
Merging MT_ZZTo2L2Nu_13TeV_powheg_pythia8_ext1_cat4L_sys_PDFDown
Merging MT_ZZTo2L2Nu_13TeV_powheg_pythia8_ext1_catEM_sys_QCDScale1wDown
Merging measMET_ZZTo2L2Nu_13TeV_powheg_pythia8_ext1_catSignal-1jet_sys_MuonEnUp
Merging MT_ZZTo2L2Nu_13TeV_powheg_pythia8_ext1_cat3L_sys_MuonSFDown
Merging MT_ZZTo2L2Nu_13TeV_powheg_pythia8_ext1_catEM_sys_jesTotalDown
Merging measMET_ZZTo2L2Nu_13TeV_powheg_pythia8_ext1_cat3L_sys_ElectronEnUp
Merging balance_ZZTo2L2Nu_13TeV_powheg_pythia8_ext1_sys_MuonEnDown
Merging MT_ZZTo2L2Nu_13TeV_powheg_pythia8_ext1_cat3L_sys_nvtxWeightUp
Merging measMET_ZZTo2L2Nu_13TeV_powheg_pythia8_ext1_catSignal-1jet_sys_QCDScale2wUp
Merging phizmet_ZZTo2L2Nu_13TeV_powheg_pythia8_ext1_sys_ElectronEnDown
Merging measMET_ZZTo2L2Nu_13TeV_powheg_pythia8_ext1_cat3L_sys_PrefireWeightUp
Merging measMET_ZZTo2L2Nu_13TeV_powheg_pythia8_ext1_catDY_sys_jesTotalUp
Merging MT_ZZTo2L2Nu_13TeV_powheg_pythia8_ext1_cat3L_sys_QCDScale2wDown
Merging MT_ZZTo2L2Nu_13TeV_powheg_pythia8_ext1_catSignal-1jet_sys_PDFDown
Merging MT_ZZTo2L2Nu_13TeV_powheg_pythia8_ext1_catEM
Merging measMET_ZZTo2L2Nu_13TeV_powheg_pythia8_ext1_catSignal-0jet_sys_QCDScale0wUp
Merging MT_ZZTo2L2Nu_13TeV_powheg_pythia8_ext1_catDY_sys_ElecronSFUp
Merging MT_ZZTo2L2Nu_13TeV_powheg_pythia8_ext1_catNRB_sys_TriggerSFWeightDown
Merging MT_ZZTo2L2Nu_13TeV_powheg_pythia8_ext1_catDY_sys_jesTotalDown
Merging MT_ZZTo2L2Nu_13TeV_powheg_pythia8_ext1_cat3L_sys_ElecronSFUp
Merging measMET_ZZTo2L2Nu_13TeV_powheg_pythia8_ext1_catEM_sys_nvtxWeightDown
Merging measMET_ZZTo2L2Nu_13TeV_powheg_pythia8_ext1_catDY_sys_QCDScale2wDown
Merging phizmet_ZZTo2L2Nu_13TeV_powheg_pythia8_ext1_sys_PrefireWeightUp
Merging MT_ZZTo2L2Nu_13TeV_powheg_pythia8_ext1_catSignal-0jet_sys_QCDScale2wUp
Merging MT_ZZTo2L2Nu_13TeV_powheg_pythia8_ext1_catNRB_sys_nvtxWeightUp
Merging measMET_ZZTo2L2Nu_13TeV_powheg_pythia8_ext1_catNRB_sys_ElectronEnDown
Merging njet_ZZTo2L2Nu_13TeV_powheg_pythia8_ext1_sys_ElecronSFDown
Merging MT_ZZTo2L2Nu_13TeV_powheg_pythia8_ext1_catDY_sys_QCDScale0wDown
Merging measMET_ZZTo2L2Nu_13TeV_powheg_pythia8_ext1_catTOP_sys_puWeightDown
Merging njet_ZZTo2L2Nu_13TeV_powheg_pythia8_ext1_sys_PrefireWeightUp
Merging MT_ZZTo2L2Nu_13TeV_powheg_pythia8_ext1_catDY_sys_jerUp
Merging balance_ZZTo2L2Nu_13TeV_powheg_pythia8_ext1_sys_btagEventWeightUp
Merging measMET_ZZTo2L2Nu_13TeV_powheg_pythia8_ext1_catSignal-0jet_sys_PDFDown
Merging measMET_ZZTo2L2Nu_13TeV_powheg_pythia8_ext1_catSignal-0jet_sys_jesTotalDown
Merging measMET_ZZTo2L2Nu_13TeV_powheg_pythia8_ext1_catNRB_sys_MuonEnUp
Merging MT_ZZTo2L2Nu_13TeV_powheg_pythia8_ext1_catTOP_sys_MuonEnUp
Merging njet_ZZTo2L2Nu_13TeV_powheg_pythia8_ext1_sys_jesTotalDown
Merging measMET_ZZTo2L2Nu_13TeV_powheg_pythia8_ext1_cat4L_sys_ElectronEnUp
Merging measMET_ZZTo2L2Nu_13TeV_powheg_pythia8_ext1_catSignal-1jet_sys_puWeightUp
Merging MT_ZZTo2L2Nu_13TeV_powheg_pythia8_ext1_catTOP_sys_QCDScale0wUp
Merging measMET_ZZTo2L2Nu_13TeV_powheg_pythia8_ext1_catSignal-1jet_sys_ElectronEnDown
Merging measMET_ZZTo2L2Nu_13TeV_powheg_pythia8_ext1_catEM_sys_TriggerSFWeightDown
Merging measMET_ZZTo2L2Nu_13TeV_powheg_pythia8_ext1_catTOP_sys_ElectronEnDown
Merging measMET_ZZTo2L2Nu_13TeV_powheg_pythia8_ext1_catSignal-0jet_sys_QCDScale1wDown
Merging measMET_ZZTo2L2Nu_13TeV_powheg_pythia8_ext1_catSignal-0jet_sys_ElectronEnDown
Merging measMET_ZZTo2L2Nu_13TeV_powheg_pythia8_ext1_catDY_sys_PrefireWeightDown
Merging measMET_ZZTo2L2Nu_13TeV_powheg_pythia8_ext1_cat3L_sys_MuonEnDown
Merging measMET_ZZTo2L2Nu_13TeV_powheg_pythia8_ext1_catSignal-0jet_sys_jerUp
Merging MT_ZZTo2L2Nu_13TeV_powheg_pythia8_ext1_catEM_sys_ElecronSFUp
Merging MT_ZZTo2L2Nu_13TeV_powheg_pythia8_ext1_catEM_sys_nvtxWeightUp
Merging measMET_ZZTo2L2Nu_13TeV_powheg_pythia8_ext1_catNRB_sys_nvtxWeightDown
Merging MT_ZZTo2L2Nu_13TeV_powheg_pythia8_ext1_catSignal-1jet_sys_QCDScale2wDown
Merging measMET_ZZTo2L2Nu_13TeV_powheg_pythia8_ext1_catEM_sys_jerUp
Merging MT_ZZTo2L2Nu_13TeV_powheg_pythia8_ext1_catTOP_sys_QCDScale1wUp
Merging measMET_ZZTo2L2Nu_13TeV_powheg_pythia8_ext1_catSignal-1jet_sys_puWeightDown
Merging MT_ZZTo2L2Nu_13TeV_powheg_pythia8_ext1_cat3L_sys_puWeightUp
Merging MT_ZZTo2L2Nu_13TeV_powheg_pythia8_ext1_cat3L_sys_EWKUp
Merging measMET_ZZTo2L2Nu_13TeV_powheg_pythia8_ext1_catSignal-1jet_sys_TriggerSFWeightUp
Merging MT_ZZTo2L2Nu_13TeV_powheg_pythia8_ext1_catSignal-1jet_sys_QCDScale1wDown
Merging MT_ZZTo2L2Nu_13TeV_powheg_pythia8_ext1_catSignal-1jet_sys_jesTotalUp
Merging measMET_ZZTo2L2Nu_13TeV_powheg_pythia8_ext1_catEM_sys_MuonSFDown
Merging measMET_ZZTo2L2Nu_13TeV_powheg_pythia8_ext1_catEM_sys_QCDScale0wUp
Merging measMET_ZZTo2L2Nu_13TeV_powheg_pythia8_ext1_catTOP_sys_QCDScale2wUp
Merging measMET_ZZTo2L2Nu_13TeV_powheg_pythia8_ext1_catDY_sys_ElecronSFUp
Merging MT_ZZTo2L2Nu_13TeV_powheg_pythia8_ext1_cat4L_sys_jesTotalDown
Merging measMET_ZZTo2L2Nu_13TeV_powheg_pythia8_ext1_catSignal-1jet_sys_btagEventWeightUp
Merging balance_ZZTo2L2Nu_13TeV_powheg_pythia8_ext1_sys_MuonSFDown
Merging MT_ZZTo2L2Nu_13TeV_powheg_pythia8_ext1_catSignal-0jet_sys_TriggerSFWeightDown
Merging MT_ZZTo2L2Nu_13TeV_powheg_pythia8_ext1_cat3L_sys_TriggerSFWeightDown
Merging njet_ZZTo2L2Nu_13TeV_powheg_pythia8_ext1_sys_PDFUp
Merging njet_ZZTo2L2Nu_13TeV_powheg_pythia8_ext1_sys_QCDScale2wDown
Merging MT_ZZTo2L2Nu_13TeV_powheg_pythia8_ext1_catSignal-0jet_sys_EWKUp
Merging MT_ZZTo2L2Nu_13TeV_powheg_pythia8_ext1_catTOP_sys_EWKUp
Merging MT_ZZTo2L2Nu_13TeV_powheg_pythia8_ext1_catTOP_sys_QCDScale2wUp
Merging measMET_ZZTo2L2Nu_13TeV_powheg_pythia8_ext1_cat4L_sys_MuonSFDown
Merging njet_ZZTo2L2Nu_13TeV_powheg_pythia8_ext1_sys_QCDScale0wDown
Merging balance_ZZTo2L2Nu_13TeV_powheg_pythia8_ext1_sys_MuonSFUp
Merging MT_ZZTo2L2Nu_13TeV_powheg_pythia8_ext1_catSignal-1jet_sys_PrefireWeightUp
Merging measMET_ZZTo2L2Nu_13TeV_powheg_pythia8_ext1_catDY_sys_MuonEnUp
Merging measMET_ZZTo2L2Nu_13TeV_powheg_pythia8_ext1_catSignal-0jet_sys_TriggerSFWeightDown
Merging measMET_ZZTo2L2Nu_13TeV_powheg_pythia8_ext1_catNRB_sys_jesTotalUp
Merging MT_ZZTo2L2Nu_13TeV_powheg_pythia8_ext1_catNRB_sys_ElecronSFDown
Merging measMET_ZZTo2L2Nu_13TeV_powheg_pythia8_ext1_catDY_sys_QCDScale1wDown
Merging measMET_ZZTo2L2Nu_13TeV_powheg_pythia8_ext1_catTOP_sys_btagEventWeightDown
Merging measMET_ZZTo2L2Nu_13TeV_powheg_pythia8_ext1_catNRB_sys_PrefireWeightUp
Merging MT_ZZTo2L2Nu_13TeV_powheg_pythia8_ext1_catDY_sys_QCDScale2wUp
Merging MT_ZZTo2L2Nu_13TeV_powheg_pythia8_ext1_catTOP_sys_ElecronSFDown
Merging measMET_ZZTo2L2Nu_13TeV_powheg_pythia8_ext1_cat4L_sys_jesTotalUp
Merging MT_ZZTo2L2Nu_13TeV_powheg_pythia8_ext1_cat4L_sys_MuonEnDown
Merging njet_ZZTo2L2Nu_13TeV_powheg_pythia8_ext1_sys_QCDScale2wUp
Merging MT_ZZTo2L2Nu_13TeV_powheg_pythia8_ext1_catDY_sys_EWKDown
Merging MT_ZZTo2L2Nu_13TeV_powheg_pythia8_ext1_catSignal-0jet_sys_MuonEnUp
Merging measMET_ZZTo2L2Nu_13TeV_powheg_pythia8_ext1_catEM_sys_QCDScale2wUp
Merging balance_ZZTo2L2Nu_13TeV_powheg_pythia8_ext1_sys_EWKDown
Merging njet_ZZTo2L2Nu_13TeV_powheg_pythia8_ext1_sys_btagEventWeightUp
Merging MT_ZZTo2L2Nu_13TeV_powheg_pythia8_ext1_catEM_sys_nvtxWeightDown
Merging njet_ZZTo2L2Nu_13TeV_powheg_pythia8_ext1_sys_jesTotalUp
Merging measMET_ZZTo2L2Nu_13TeV_powheg_pythia8_ext1_catTOP_sys_ElecronSFUp
Merging measMET_ZZTo2L2Nu_13TeV_powheg_pythia8_ext1_cat3L_sys_nvtxWeightUp
Merging measMET_ZZTo2L2Nu_13TeV_powheg_pythia8_ext1_catEM_sys_QCDScale2wDown
Merging MT_ZZTo2L2Nu_13TeV_powheg_pythia8_ext1_cat4L_sys_ElectronEnDown
Merging measMET_ZZTo2L2Nu_13TeV_powheg_pythia8_ext1_catSignal-1jet_sys_QCDScale1wUp
Merging measMET_ZZTo2L2Nu_13TeV_powheg_pythia8_ext1_catTOP_sys_PDFDown
Merging measMET_ZZTo2L2Nu_13TeV_powheg_pythia8_ext1_catNRB_sys_PDFDown
Merging measMET_ZZTo2L2Nu_13TeV_powheg_pythia8_ext1_cat4L_sys_QCDScale1wUp
Merging measMET_ZZTo2L2Nu_13TeV_powheg_pythia8_ext1_catDY_sys_btagEventWeightUp
Merging MT_ZZTo2L2Nu_13TeV_powheg_pythia8_ext1_catNRB_sys_QCDScale0wDown
Merging measMET_ZZTo2L2Nu_13TeV_powheg_pythia8_ext1_catTOP_sys_QCDScale0wUp
Merging measMET_ZZTo2L2Nu_13TeV_powheg_pythia8_ext1_catTOP_sys_jesTotalUp
Merging njet_ZZTo2L2Nu_13TeV_powheg_pythia8_ext1_sys_nvtxWeightUp
Merging MT_ZZTo2L2Nu_13TeV_powheg_pythia8_ext1_catNRB_sys_jesTotalDown
Merging MT_ZZTo2L2Nu_13TeV_powheg_pythia8_ext1_catEM_sys_QCDScale2wDown
Merging phizmet_ZZTo2L2Nu_13TeV_powheg_pythia8_ext1_sys_btagEventWeightUp
Merging measMET_ZZTo2L2Nu_13TeV_powheg_pythia8_ext1_catDY_sys_puWeightUp
Merging measMET_ZZTo2L2Nu_13TeV_powheg_pythia8_ext1_catEM_sys_ElectronEnUp
Merging MT_ZZTo2L2Nu_13TeV_powheg_pythia8_ext1_catDY_sys_jerDown
Merging measMET_ZZTo2L2Nu_13TeV_powheg_pythia8_ext1_catDY_sys_QCDScale1wUp
Merging MT_ZZTo2L2Nu_13TeV_powheg_pythia8_ext1_catTOP_sys_PrefireWeightUp
Merging MT_ZZTo2L2Nu_13TeV_powheg_pythia8_ext1_catSignal-1jet_sys_btagEventWeightUp
Merging MT_ZZTo2L2Nu_13TeV_powheg_pythia8_ext1_catTOP_sys_EWKDown
Merging measMET_ZZTo2L2Nu_13TeV_powheg_pythia8_ext1_cat3L_sys_PDFUp
Merging MT_ZZTo2L2Nu_13TeV_powheg_pythia8_ext1_catSignal-1jet_sys_QCDScale1wUp
Merging measMET_ZZTo2L2Nu_13TeV_powheg_pythia8_ext1_cat3L_sys_ElecronSFDown
Merging MT_ZZTo2L2Nu_13TeV_powheg_pythia8_ext1_catSignal-0jet_sys_MuonEnDown
Merging MT_ZZTo2L2Nu_13TeV_powheg_pythia8_ext1_catSignal-0jet_sys_PrefireWeightDown
Merging MT_ZZTo2L2Nu_13TeV_powheg_pythia8_ext1_catNRB_sys_QCDScale1wUp
Merging phizmet_ZZTo2L2Nu_13TeV_powheg_pythia8_ext1_sys_MuonSFUp
Merging untagged
Merging MT_ZZTo2L2Nu_13TeV_powheg_pythia8_ext1_cat3L_sys_QCDScale0wUp
Merging MT_ZZTo2L2Nu_13TeV_powheg_pythia8_ext1_cat3L_sys_ElecronSFDown
Merging MT_ZZTo2L2Nu_13TeV_powheg_pythia8_ext1_catSignal-1jet_sys_jerUp
Merging MT_ZZTo2L2Nu_13TeV_powheg_pythia8_ext1_cat4L_sys_EWKUp
Merging njet_ZZTo2L2Nu_13TeV_powheg_pythia8_ext1_sys_jerUp
Merging phizmet_ZZTo2L2Nu_13TeV_powheg_pythia8_ext1_sys_QCDScale2wUp
Merging measMET_ZZTo2L2Nu_13TeV_powheg_pythia8_ext1_catNRB_sys_jerUp
Merging MT_ZZTo2L2Nu_13TeV_powheg_pythia8_ext1_catTOP_sys_jerDown
Merging MT_ZZTo2L2Nu_13TeV_powheg_pythia8_ext1_catNRB_sys_puWeightDown
Merging MT_ZZTo2L2Nu_13TeV_powheg_pythia8_ext1_catTOP_sys_puWeightDown
Merging measMET_ZZTo2L2Nu_13TeV_powheg_pythia8_ext1_cat3L_sys_TriggerSFWeightUp
Merging measMET_ZZTo2L2Nu_13TeV_powheg_pythia8_ext1_catSignal-0jet_sys_QCDScale2wDown
Merging measMET_ZZTo2L2Nu_13TeV_powheg_pythia8_ext1_catSignal-0jet_sys_nvtxWeightDown
Merging MT_ZZTo2L2Nu_13TeV_powheg_pythia8_ext1_cat4L_sys_btagEventWeightUp
Merging measMET_ZZTo2L2Nu_13TeV_powheg_pythia8_ext1_cat3L_sys_MuonEnUp
Merging measMET_ZZTo2L2Nu_13TeV_powheg_pythia8_ext1_catSignal-1jet_sys_ElectronEnUp
Merging njet_ZZTo2L2Nu_13TeV_powheg_pythia8_ext1_sys_btagEventWeightDown
Merging balance_ZZTo2L2Nu_13TeV_powheg_pythia8_ext1_sys_QCDScale2wDown
Merging MT_ZZTo2L2Nu_13TeV_powheg_pythia8_ext1_cat3L_sys_TriggerSFWeightUp
Merging MT_ZZTo2L2Nu_13TeV_powheg_pythia8_ext1_catSignal-1jet_sys_MuonSFDown
Merging MT_ZZTo2L2Nu_13TeV_powheg_pythia8_ext1_cat4L_sys_jerDown
Merging MT_ZZTo2L2Nu_13TeV_powheg_pythia8_ext1_catDY_sys_QCDScale1wDown
Merging MT_ZZTo2L2Nu_13TeV_powheg_pythia8_ext1_catNRB_sys_QCDScale2wDown
Merging measMET_ZZTo2L2Nu_13TeV_powheg_pythia8_ext1_catDY_sys_EWKDown
Merging MT_ZZTo2L2Nu_13TeV_powheg_pythia8_ext1_catSignal-1jet_sys_TriggerSFWeightUp
Merging phizmet_ZZTo2L2Nu_13TeV_powheg_pythia8_ext1_sys_PrefireWeightDown
Merging MT_ZZTo2L2Nu_13TeV_powheg_pythia8_ext1_catDY_sys_MuonEnDown
Merging MT_ZZTo2L2Nu_13TeV_powheg_pythia8_ext1_catSignal-0jet_sys_PDFUp
Merging MT_ZZTo2L2Nu_13TeV_powheg_pythia8_ext1_cat3L_sys_btagEventWeightDown
Merging MT_ZZTo2L2Nu_13TeV_powheg_pythia8_ext1_catNRB_sys_MuonEnDown
Merging MT_ZZTo2L2Nu_13TeV_powheg_pythia8_ext1_catNRB_sys_PDFDown
Merging measMET_ZZTo2L2Nu_13TeV_powheg_pythia8_ext1_catTOP_sys_ElectronEnUp
Merging MT_ZZTo2L2Nu_13TeV_powheg_pythia8_ext1_catSignal-1jet_sys_nvtxWeightUp
Merging measMET_ZZTo2L2Nu_13TeV_powheg_pythia8_ext1_catNRB_sys_ElectronEnUp
Merging measMET_ZZTo2L2Nu_13TeV_powheg_pythia8_ext1_catEM_sys_jesTotalDown
Merging MT_ZZTo2L2Nu_13TeV_powheg_pythia8_ext1_cat3L_sys_EWKDown
Merging measMET_ZZTo2L2Nu_13TeV_powheg_pythia8_ext1_catTOP_sys_btagEventWeightUp
Merging measMET_ZZTo2L2Nu_13TeV_powheg_pythia8_ext1_catTOP_sys_MuonSFUp
Merging measMET_ZZTo2L2Nu_13TeV_powheg_pythia8_ext1_catEM_sys_jerDown
Merging measMET_ZZTo2L2Nu_13TeV_powheg_pythia8_ext1_catDY_sys_PDFUp
Merging measMET_ZZTo2L2Nu_13TeV_powheg_pythia8_ext1_catTOP_sys_jerDown
Merging balance_ZZTo2L2Nu_13TeV_powheg_pythia8_ext1_sys_TriggerSFWeightDown
Merging measMET_ZZTo2L2Nu_13TeV_powheg_pythia8_ext1_cat4L_sys_MuonSFUp
Merging MT_ZZTo2L2Nu_13TeV_powheg_pythia8_ext1_catEM_sys_PDFUp
Merging phizmet_ZZTo2L2Nu_13TeV_powheg_pythia8_ext1_sys_PDFDown
Merging MT_ZZTo2L2Nu_13TeV_powheg_pythia8_ext1_catNRB_sys_TriggerSFWeightUp
Merging measMET_ZZTo2L2Nu_13TeV_powheg_pythia8_ext1_catSignal-1jet_sys_PrefireWeightDown
Merging measMET_ZZTo2L2Nu_13TeV_powheg_pythia8_ext1_catNRB_sys_EWKUp
Merging phizmet_ZZTo2L2Nu_13TeV_powheg_pythia8_ext1_sys_PDFUp
Merging measMET_ZZTo2L2Nu_13TeV_powheg_pythia8_ext1_catSignal-0jet_sys_btagEventWeightUp
Merging MT_ZZTo2L2Nu_13TeV_powheg_pythia8_ext1_catSignal-1jet_sys_QCDScale2wUp
Merging MT_ZZTo2L2Nu_13TeV_powheg_pythia8_ext1_catNRB_sys_puWeightUp
Merging measMET_ZZTo2L2Nu_13TeV_powheg_pythia8_ext1_catDY_sys_ElectronEnDown
Merging MT_ZZTo2L2Nu_13TeV_powheg_pythia8_ext1_catEM_sys_puWeightUp
Merging measMET_ZZTo2L2Nu_13TeV_powheg_pythia8_ext1_cat3L_sys_QCDScale1wUp
Merging measMET_ZZTo2L2Nu_13TeV_powheg_pythia8_ext1_catNRB_sys_MuonSFUp
Merging MT_ZZTo2L2Nu_13TeV_powheg_pythia8_ext1_catDY_sys_MuonSFDown
Merging njet_ZZTo2L2Nu_13TeV_powheg_pythia8_ext1_sys_nvtxWeightDown
Merging measMET_ZZTo2L2Nu_13TeV_powheg_pythia8_ext1_catSignal-1jet_sys_jerDown
Merging measMET_ZZTo2L2Nu_13TeV_powheg_pythia8_ext1_catSignal-0jet_sys_btagEventWeightDown
Merging measMET_ZZTo2L2Nu_13TeV_powheg_pythia8_ext1_cat4L_sys_btagEventWeightUp
Merging measMET_ZZTo2L2Nu_13TeV_powheg_pythia8_ext1_catSignal-1jet_sys_EWKUp
Merging MT_ZZTo2L2Nu_13TeV_powheg_pythia8_ext1_catNRB_sys_ElecronSFUp
Merging MT_ZZTo2L2Nu_13TeV_powheg_pythia8_ext1_cat4L_sys_QCDScale0wDown
Merging measMET_ZZTo2L2Nu_13TeV_powheg_pythia8_ext1_catTOP
Merging measMET_ZZTo2L2Nu_13TeV_powheg_pythia8_ext1_catSignal-0jet
Merging phizmet_ZZTo2L2Nu_13TeV_powheg_pythia8_ext1_sys_QCDScale1wUp
Merging MT_ZZTo2L2Nu_13TeV_powheg_pythia8_ext1_cat4L_sys_QCDScale2wDown
Merging measMET_ZZTo2L2Nu_13TeV_powheg_pythia8_ext1_cat4L_sys_puWeightDown
Merging phizmet_ZZTo2L2Nu_13TeV_powheg_pythia8_ext1_sys_TriggerSFWeightDown
Merging MT_ZZTo2L2Nu_13TeV_powheg_pythia8_ext1_catEM_sys_MuonSFDown
Merging MT_ZZTo2L2Nu_13TeV_powheg_pythia8_ext1_cat4L_sys_jesTotalUp
Merging measMET_ZZTo2L2Nu_13TeV_powheg_pythia8_ext1_catSignal-1jet_sys_PDFDown
Merging measMET_ZZTo2L2Nu_13TeV_powheg_pythia8_ext1_catEM_sys_EWKDown
Merging MT_ZZTo2L2Nu_13TeV_powheg_pythia8_ext1_catSignal-1jet_sys_ElectronEnUp
Merging MT_ZZTo2L2Nu_13TeV_powheg_pythia8_ext1_catNRB_sys_btagEventWeightUp
Merging MT_ZZTo2L2Nu_13TeV_powheg_pythia8_ext1_catEM_sys_TriggerSFWeightDown
Merging MT_ZZTo2L2Nu_13TeV_powheg_pythia8_ext1_catNRB_sys_btagEventWeightDown
Merging measMET_ZZTo2L2Nu_13TeV_powheg_pythia8_ext1_catTOP_sys_ElecronSFDown
Merging measMET_ZZTo2L2Nu_13TeV_powheg_pythia8_ext1_catNRB_sys_btagEventWeightUp
Merging MT_ZZTo2L2Nu_13TeV_powheg_pythia8_ext1_cat3L_sys_MuonEnUp
Merging measMET_ZZTo2L2Nu_13TeV_powheg_pythia8_ext1_catSignal-0jet_sys_jesTotalUp
Merging measMET_ZZTo2L2Nu_13TeV_powheg_pythia8_ext1_cat3L_sys_QCDScale0wDown
Merging measMET_ZZTo2L2Nu_13TeV_powheg_pythia8_ext1_catEM_sys_QCDScale0wDown
Merging njet_ZZTo2L2Nu_13TeV_powheg_pythia8_ext1_sys_jerDown
Merging MT_ZZTo2L2Nu_13TeV_powheg_pythia8_ext1_cat4L_sys_QCDScale2wUp
Merging measMET_ZZTo2L2Nu_13TeV_powheg_pythia8_ext1_catEM_sys_ElecronSFUp
Merging njet_ZZTo2L2Nu_13TeV_powheg_pythia8_ext1_sys_MuonSFUp
Merging MT_ZZTo2L2Nu_13TeV_powheg_pythia8_ext1_catDY_sys_PrefireWeightUp
Merging MT_ZZTo2L2Nu_13TeV_powheg_pythia8_ext1_cat4L_sys_MuonEnUp
Merging measMET_ZZTo2L2Nu_13TeV_powheg_pythia8_ext1_catSignal-1jet_sys_jesTotalDown
Merging measMET_ZZTo2L2Nu_13TeV_powheg_pythia8_ext1_catTOP_sys_QCDScale0wDown
Merging njet_ZZTo2L2Nu_13TeV_powheg_pythia8_ext1_sys_TriggerSFWeightDown
Merging balance_ZZTo2L2Nu_13TeV_powheg_pythia8_ext1_sys_TriggerSFWeightUp
Merging measMET_ZZTo2L2Nu_13TeV_powheg_pythia8_ext1_catTOP_sys_MuonEnUp
Merging MT_ZZTo2L2Nu_13TeV_powheg_pythia8_ext1_catSignal-0jet_sys_QCDScale1wUp
Merging njet_ZZTo2L2Nu_13TeV_powheg_pythia8_ext1_sys_puWeightDown
Merging MT_ZZTo2L2Nu_13TeV_powheg_pythia8_ext1_catDY_sys_TriggerSFWeightDown
Merging measMET_ZZTo2L2Nu_13TeV_powheg_pythia8_ext1_catDY
Merging MT_ZZTo2L2Nu_13TeV_powheg_pythia8_ext1_catTOP_sys_btagEventWeightDown
Merging measMET_ZZTo2L2Nu_13TeV_powheg_pythia8_ext1_cat3L_sys_jerDown
Merging MT_ZZTo2L2Nu_13TeV_powheg_pythia8_ext1_catTOP
Merging measMET_ZZTo2L2Nu_13TeV_powheg_pythia8_ext1_catNRB_sys_btagEventWeightDown
Merging measMET_ZZTo2L2Nu_13TeV_powheg_pythia8_ext1_catDY_sys_MuonSFUp
Merging measMET_ZZTo2L2Nu_13TeV_powheg_pythia8_ext1_catNRB_sys_nvtxWeightUp
Merging measMET_ZZTo2L2Nu_13TeV_powheg_pythia8_ext1_cat4L_sys_TriggerSFWeightUp
Merging MT_ZZTo2L2Nu_13TeV_powheg_pythia8_ext1_catNRB_sys_MuonSFDown
Merging measMET_ZZTo2L2Nu_13TeV_powheg_pythia8_ext1_cat4L_sys_EWKUp
Merging measMET_ZZTo2L2Nu_13TeV_powheg_pythia8_ext1_catSignal-1jet_sys_TriggerSFWeightDown
Merging balance_ZZTo2L2Nu_13TeV_powheg_pythia8_ext1_sys_ElectronEnUp
Merging njet_ZZTo2L2Nu_13TeV_powheg_pythia8_ext1_sys_ElectronEnDown
Merging phizmet_ZZTo2L2Nu_13TeV_powheg_pythia8_ext1_sys_jerDown
Merging measMET_ZZTo2L2Nu_13TeV_powheg_pythia8_ext1_catSignal-1jet_sys_jerUp
Merging MT_ZZTo2L2Nu_13TeV_powheg_pythia8_ext1_catDY_sys_PDFDown
Merging measMET_ZZTo2L2Nu_13TeV_powheg_pythia8_ext1_catEM_sys_PDFUp
Merging MT_ZZTo2L2Nu_13TeV_powheg_pythia8_ext1_catSignal-1jet_sys_jesTotalDown
Merging MT_ZZTo2L2Nu_13TeV_powheg_pythia8_ext1_catDY
Merging measMET_ZZTo2L2Nu_13TeV_powheg_pythia8_ext1_catDY_sys_PDFDown
Merging balance_ZZTo2L2Nu_13TeV_powheg_pythia8_ext1_sys_PDFDown
Merging MT_ZZTo2L2Nu_13TeV_powheg_pythia8_ext1_catDY_sys_QCDScale0wUp
Merging njet_ZZTo2L2Nu_13TeV_powheg_pythia8_ext1_sys_ElectronEnUp
Merging MT_ZZTo2L2Nu_13TeV_powheg_pythia8_ext1_catTOP_sys_TriggerSFWeightUp
Merging MT_ZZTo2L2Nu_13TeV_powheg_pythia8_ext1_catTOP_sys_PDFUp
Merging measMET_ZZTo2L2Nu_13TeV_powheg_pythia8_ext1_catSignal-1jet_sys_nvtxWeightDown
Merging balance_ZZTo2L2Nu_13TeV_powheg_pythia8_ext1_sys_puWeightDown
Merging measMET_ZZTo2L2Nu_13TeV_powheg_pythia8_ext1_catEM_sys_MuonEnDown
Merging measMET_ZZTo2L2Nu_13TeV_powheg_pythia8_ext1_catDY_sys_MuonSFDown
Merging MT_ZZTo2L2Nu_13TeV_powheg_pythia8_ext1_catSignal-0jet_sys_btagEventWeightDown
Merging measMET_ZZTo2L2Nu_13TeV_powheg_pythia8_ext1_cat4L_sys_ElectronEnDown
Merging phizmet_ZZTo2L2Nu_13TeV_powheg_pythia8_ext1_sys_ElectronEnUp
Merging MT_ZZTo2L2Nu_13TeV_powheg_pythia8_ext1_catNRB_sys_PrefireWeightUp
Merging MT_ZZTo2L2Nu_13TeV_powheg_pythia8_ext1_catSignal-0jet_sys_ElecronSFUp
Merging balance_ZZTo2L2Nu_13TeV_powheg_pythia8_ext1_sys_QCDScale1wDown
Merging balance_ZZTo2L2Nu_13TeV_powheg_pythia8_ext1_sys_QCDScale2wUp
Merging MT_ZZTo2L2Nu_13TeV_powheg_pythia8_ext1_catDY_sys_puWeightDown
Merging MT_ZZTo2L2Nu_13TeV_powheg_pythia8_ext1_catEM_sys_jerDown
Merging measMET_ZZTo2L2Nu_13TeV_powheg_pythia8_ext1_catEM_sys_EWKUp
Merging measMET_ZZTo2L2Nu_13TeV_powheg_pythia8_ext1_cat3L_sys_QCDScale1wDown
Merging phizmet_ZZTo2L2Nu_13TeV_powheg_pythia8_ext1_sys_btagEventWeightDown
Merging njet_ZZTo2L2Nu_13TeV_powheg_pythia8_ext1_sys_TriggerSFWeightUp
Merging MT_ZZTo2L2Nu_13TeV_powheg_pythia8_ext1_catSignal-0jet_sys_QCDScale2wDown
Merging MT_ZZTo2L2Nu_13TeV_powheg_pythia8_ext1_catTOP_sys_nvtxWeightUp
Merging measMET_ZZTo2L2Nu_13TeV_powheg_pythia8_ext1_catNRB_sys_MuonSFDown
Merging measMET_ZZTo2L2Nu_13TeV_powheg_pythia8_ext1_cat3L_sys_MuonSFDown
Merging balance_ZZTo2L2Nu_13TeV_powheg_pythia8_ext1_sys_PrefireWeightUp
Merging measMET_ZZTo2L2Nu_13TeV_powheg_pythia8_ext1_catDY_sys_MuonEnDown
Merging MT_ZZTo2L2Nu_13TeV_powheg_pythia8_ext1_cat3L_sys_QCDScale2wUp
Merging measMET_ZZTo2L2Nu_13TeV_powheg_pythia8_ext1_catSignal-1jet_sys_MuonSFDown
Merging measMET_ZZTo2L2Nu_13TeV_powheg_pythia8_ext1_catNRB_sys_puWeightUp
Merging MT_ZZTo2L2Nu_13TeV_powheg_pythia8_ext1_cat3L_sys_ElectronEnUp
Merging MT_ZZTo2L2Nu_13TeV_powheg_pythia8_ext1_cat4L_sys_PDFUp
Merging MT_ZZTo2L2Nu_13TeV_powheg_pythia8_ext1_catSignal-0jet_sys_PDFDown
Merging MT_ZZTo2L2Nu_13TeV_powheg_pythia8_ext1_catEM_sys_QCDScale1wUp
Merging measMET_ZZTo2L2Nu_13TeV_powheg_pythia8_ext1_catEM_sys_puWeightUp
Merging phizmet_ZZTo2L2Nu_13TeV_powheg_pythia8_ext1_sys_MuonEnUp
Merging MT_ZZTo2L2Nu_13TeV_powheg_pythia8_ext1_catTOP_sys_puWeightUp
Merging measMET_ZZTo2L2Nu_13TeV_powheg_pythia8_ext1_catDY_sys_jerUp
Merging MT_ZZTo2L2Nu_13TeV_powheg_pythia8_ext1_catSignal-1jet_sys_QCDScale0wDown
Merging phizmet_ZZTo2L2Nu_13TeV_powheg_pythia8_ext1_sys_puWeightDown
Merging phizmet_ZZTo2L2Nu_13TeV_powheg_pythia8_ext1_sys_EWKUp
Merging measMET_ZZTo2L2Nu_13TeV_powheg_pythia8_ext1_catEM_sys_ElecronSFDown
Merging MT_ZZTo2L2Nu_13TeV_powheg_pythia8_ext1_catNRB_sys_ElectronEnUp
Merging measMET_ZZTo2L2Nu_13TeV_powheg_pythia8_ext1_catTOP_sys_MuonEnDown
Merging MT_ZZTo2L2Nu_13TeV_powheg_pythia8_ext1_catSignal-1jet_sys_EWKDown
Merging balance_ZZTo2L2Nu_13TeV_powheg_pythia8_ext1_sys_QCDScale0wDown
Merging measMET_ZZTo2L2Nu_13TeV_powheg_pythia8_ext1_cat4L_sys_MuonEnUp
Merging MT_ZZTo2L2Nu_13TeV_powheg_pythia8_ext1_cat4L_sys_btagEventWeightDown
Merging MT_ZZTo2L2Nu_13TeV_powheg_pythia8_ext1_catNRB_sys_jerDown
Merging MT_ZZTo2L2Nu_13TeV_powheg_pythia8_ext1_catDY_sys_ElectronEnUp
Merging measMET_ZZTo2L2Nu_13TeV_powheg_pythia8_ext1_catSignal-1jet_sys_MuonSFUp
Merging MT_ZZTo2L2Nu_13TeV_powheg_pythia8_ext1_cat3L_sys_MuonSFUp
Merging njet_ZZTo2L2Nu_13TeV_powheg_pythia8_ext1_sys_MuonSFDown
Merging measMET_ZZTo2L2Nu_13TeV_powheg_pythia8_ext1_catTOP_sys_PrefireWeightDown
Merging measMET_ZZTo2L2Nu_13TeV_powheg_pythia8_ext1_catSignal-1jet_sys_ElecronSFUp
Merging MT_ZZTo2L2Nu_13TeV_powheg_pythia8_ext1_catSignal-0jet_sys_jerDown
Merging measMET_ZZTo2L2Nu_13TeV_powheg_pythia8_ext1_catSignal-0jet_sys_MuonEnUp
Merging MT_ZZTo2L2Nu_13TeV_powheg_pythia8_ext1_catSignal-0jet_sys_MuonSFDown
Merging MT_ZZTo2L2Nu_13TeV_powheg_pythia8_ext1_cat4L_sys_PrefireWeightDown
Merging MT_ZZTo2L2Nu_13TeV_powheg_pythia8_ext1_catDY_sys_ElectronEnDown
Merging MT_ZZTo2L2Nu_13TeV_powheg_pythia8_ext1_catSignal-0jet_sys_jesTotalDown
Merging njet_ZZTo2L2Nu_13TeV_powheg_pythia8_ext1_sys_MuonEnUp
Merging measMET_ZZTo2L2Nu_13TeV_powheg_pythia8_ext1_catSignal-0jet_sys_puWeightUp
Merging MT_ZZTo2L2Nu_13TeV_powheg_pythia8_ext1_catDY_sys_nvtxWeightUp
Merging MT_ZZTo2L2Nu_13TeV_powheg_pythia8_ext1_catDY_sys_MuonSFUp
Merging measMET_ZZTo2L2Nu_13TeV_powheg_pythia8_ext1_cat4L_sys_QCDScale0wDown
Merging measMET_ZZTo2L2Nu_13TeV_powheg_pythia8_ext1_cat4L_sys_QCDScale2wUp
Merging MT_ZZTo2L2Nu_13TeV_powheg_pythia8_ext1_catEM_sys_MuonSFUp
Merging measMET_ZZTo2L2Nu_13TeV_powheg_pythia8_ext1_catSignal-1jet_sys_btagEventWeightDown
Merging MT_ZZTo2L2Nu_13TeV_powheg_pythia8_ext1_cat3L_sys_puWeightDown
Merging phizmet_ZZTo2L2Nu_13TeV_powheg_pythia8_ext1_sys_ElecronSFUp
Merging measMET_ZZTo2L2Nu_13TeV_powheg_pythia8_ext1_catSignal-1jet_sys_QCDScale2wDown
Merging MT_ZZTo2L2Nu_13TeV_powheg_pythia8_ext1_catSignal-0jet_sys_btagEventWeightUp
Merging phizmet_ZZTo2L2Nu_13TeV_powheg_pythia8_ext1_sys_TriggerSFWeightUp
Merging measMET_ZZTo2L2Nu_13TeV_powheg_pythia8_ext1_cat4L_sys_puWeightUp
Merging measMET_ZZTo2L2Nu_13TeV_powheg_pythia8_ext1_catDY_sys_QCDScale2wUp
Merging measMET_ZZTo2L2Nu_13TeV_powheg_pythia8_ext1_catTOP_sys_EWKDown
Merging measMET_ZZTo2L2Nu_13TeV_powheg_pythia8_ext1_catSignal-0jet_sys_PDFUp
Merging measMET_ZZTo2L2Nu_13TeV_powheg_pythia8_ext1_catDY_sys_jerDown
Merging measMET_ZZTo2L2Nu_13TeV_powheg_pythia8_ext1_cat3L_sys_QCDScale0wUp
Merging measMET_ZZTo2L2Nu_13TeV_powheg_pythia8_ext1_cat4L_sys_nvtxWeightUp
Merging measMET_ZZTo2L2Nu_13TeV_powheg_pythia8_ext1_catTOP_sys_nvtxWeightUp
Merging MT_ZZTo2L2Nu_13TeV_powheg_pythia8_ext1_catTOP_sys_ElecronSFUp
Merging MT_ZZTo2L2Nu_13TeV_powheg_pythia8_ext1_catSignal-1jet_sys_MuonEnDown
Merging MT_ZZTo2L2Nu_13TeV_powheg_pythia8_ext1_catEM_sys_EWKUp
Merging MT_ZZTo2L2Nu_13TeV_powheg_pythia8_ext1_catSignal-1jet_sys_TriggerSFWeightDown
Merging measMET_ZZTo2L2Nu_13TeV_powheg_pythia8_ext1_cat4L_sys_QCDScale0wUp
00.00%)
Processed    40000/   99532 entries, 40.19% (elapsed time  1743.8s, curr speed    0.026 kHz, avg speed    0.023 kHz), accepted    40001/   40001 events (100.00%)
Processed    50000/   99532 entries, 50.24% (elapsed time  2140.2s, curr speed    0.025 kHz, avg speed    0.023 kHz), accepted    50001/   50001 events (100.00%)
Processed    60000/   99532 entries, 60.28% (elapsed time  2541.8s, curr speed    0.025 kHz, avg speed    0.024 kHz), accepted    60001/   60001 events (100.00%)
Processed    70000/   99532 entries, 70.33% (elapsed time  2964.2s, curr speed    0.024 kHz, avg speed    0.024 kHz), accepted    70001/   70001 events (100.00%)
Processed    80000/   99532 entries, 80.38% (elapsed time  3421.4s, curr speed    0.022 kHz, avg speed    0.023 kHz), accepted    80001/   80001 events (100.00%)
Processed    90000/   99532 entries, 90.42% (elapsed time  3903.5s, curr speed    0.021 kHz, avg speed    0.023 kHz), accepted    90001/   90001 events (100.00%)
Processed 99532 preselected entries from /eos/cms/store/group/phys_exotica/monoZ/Exorcism2016/ZZTo2L2Nu_13TeV_powheg_pythia8_ext1/tree_3.root (99532 entries). Finally selected 99532 entries
Done ./tree_3_Skim.root
22.9231825112 Hz
----- transfer output to eos :
----- directory after running :
.:
total 6328
-rw-r--r--. 1 cfreer zh    1205 Nov 29 23:44 FrameworkJobReport.xml
-rw-r--r--. 1 cfreer zh       0 Nov 29 22:31 _condor_stderr
-rw-r--r--. 1 cfreer zh   78108 Nov 29 23:44 _condor_stdout
-rw-------. 1 cfreer zh    4914 Nov 29 23:44 cfreer.cc
-rw-r--r--. 1 cfreer zh   16092 Nov 29 22:31 combineHLT_Run2.yaml
-rw-r--r--. 1 cfreer zh    5718 Nov 29 22:31 condor_WSProducer.py
-rwxr-xr-x. 1 cfreer zh     834 Nov 29 22:31 condor_exec.exe
-rwxr-xr-x. 1 cfreer zh    2559 Nov 29 22:31 haddnano.py
-rw-r--r--. 1 cfreer zh       8 Nov 29 22:31 keep_and_drop_WS.txt
drwx------. 3 cfreer zh    4096 Nov 29 22:31 tmp
-rw-r--r--. 1 cfreer zh 3169800 Nov 29 23:44 tree_23.root
-rw-r--r--. 1 cfreer zh 3169640 Nov 29 23:44 tree_3_Skim.root
drwx------. 3 cfreer zh    4096 Nov 29 22:31 var

./tmp:
total 4
drwxr-xr-x. 3 cfreer zh 4096 Nov 29 22:31 mjf-cfreer

./tmp/mjf-cfreer:
total 4
drwxr-xr-x. 2 cfreer zh 4096 Nov 29 22:31 jobfeatures-bigbird09.cern.ch_3029503.23_1574944611

./tmp/mjf-cfreer/jobfeatures-bigbird09.cern.ch_3029503.23_1574944611:
total 28
-rw-r--r--. 1 cfreer zh  1 Nov 29 22:31 allocated_cpu
-rw-r--r--. 1 cfreer zh  6 Nov 29 22:31 cpu_limit_secs
-rw-r--r--. 1 cfreer zh 39 Nov 29 22:31 job_id
-rw-r--r--. 1 cfreer zh 10 Nov 29 22:31 jobstart_secs
-rw-r--r--. 1 cfreer zh 10 Nov 29 22:31 max_rss_bytes
-rw-r--r--. 1 cfreer zh 10 Nov 29 22:31 scratch_limit_bytes
-rw-r--r--. 1 cfreer zh  6 Nov 29 22:31 wall_limit_secs

./var:
total 4
drwx------. 2 cfreer zh 4096 Nov 29 22:31 tmp

./var/tmp:
total 0
 ------ THE END (everyone dies !) ----- 
