
/pool/condor/dir_5504

... start job at 2019-11-29 07:38:28
----- directory before running:
.:
total 52
-rw-r--r--. 1 cfreer zh     0 Nov 29 07:38 _condor_stderr
-rw-r--r--. 1 cfreer zh    93 Nov 29 07:38 _condor_stdout
-rw-------. 1 cfreer zh  2642 Nov 29 07:38 cfreer.cc
-rw-r--r--. 1 cfreer zh 16092 Nov 29 07:38 combineHLT_Run2.yaml
-rw-r--r--. 1 cfreer zh  5718 Nov 29 07:38 condor_WSProducer.py
-rwxr-xr-x. 1 cfreer zh   833 Nov 29 07:38 condor_exec.exe
-rwxr-xr-x. 1 cfreer zh  2559 Nov 29 07:38 haddnano.py
-rw-r--r--. 1 cfreer zh     8 Nov 29 07:38 keep_and_drop_WS.txt
drwx------. 3 cfreer zh  4096 Nov 29 07:38 tmp
drwx------. 3 cfreer zh  4096 Nov 29 07:38 var

./tmp:
total 4
drwxr-xr-x. 3 cfreer zh 4096 Nov 29 07:38 mjf-cfreer

./tmp/mjf-cfreer:
total 4
drwxr-xr-x. 2 cfreer zh 4096 Nov 29 07:38 jobfeatures-bigbird09.cern.ch_3024913.13_1574901745

./tmp/mjf-cfreer/jobfeatures-bigbird09.cern.ch_3024913.13_1574901745:
total 28
-rw-r--r--. 1 cfreer zh  1 Nov 29 07:38 allocated_cpu
-rw-r--r--. 1 cfreer zh  6 Nov 29 07:38 cpu_limit_secs
-rw-r--r--. 1 cfreer zh 39 Nov 29 07:38 job_id
-rw-r--r--. 1 cfreer zh 10 Nov 29 07:38 jobstart_secs
-rw-r--r--. 1 cfreer zh 10 Nov 29 07:38 max_rss_bytes
-rw-r--r--. 1 cfreer zh 10 Nov 29 07:38 scratch_limit_bytes
-rw-r--r--. 1 cfreer zh  6 Nov 29 07:38 wall_limit_secs

./var:
total 4
drwx------. 2 cfreer zh 4096 Nov 29 07:38 tmp

./var/tmp:
total 0
----- CMSSW BASE, python path, pwd:
+ CMSSW_BASE  = /afs/cern.ch/work/c/cfreer/MonoZ_2019/MT_plots/CMSSW_10_6_4
+ PYTHON_PATH = 
+ PWD         = /pool/condor/dir_5504
Adding file ./tree_3_Skim.root
Merging measMET_monoZ_catSignal-0jet
Merging MT_monoZ_catSignal-0jet
Merging measMET_monoZ_catEM
Merging MT_monoZ_catEM
Merging measMET_monoZ_catSignal-1jet
Merging MT_monoZ_catSignal-1jet
Merging measMET_monoZ_cat3L
Merging MT_monoZ_cat3L
Merging measMET_monoZ_cat4L
Merging MT_monoZ_cat4L
Merging measMET_monoZ_catNRB
Merging MT_monoZ_catNRB
Merging measMET_monoZ_catTOP
Merging MT_monoZ_catTOP
Merging measMET_monoZ_catDY
Merging MT_monoZ_catDY
Merging balance_monoZ
Merging phizmet_monoZ
Merging njet_monoZ
Merging Events
Merging Runs
Merging ParameterSets
Merging LuminosityBlocks
Merging MetaData
Merging MT_data_catSignal-1jet
Merging measMET_data_catTOP
Merging MT_data_catEM
Merging MT_data_catTOP
Merging measMET_data_catNRB
Merging phizmet_data
Merging measMET_data_cat3L
Merging njet_data
Merging untagged
Merging MT_data_cat3L
Merging measMET_data_cat4L
Merging measMET_data_catEM
Merging MT_data_catDY
Merging measMET_data_catSignal-0jet
Merging MT_data_cat4L
Merging balance_data
Merging MT_data_catNRB
Merging MT_data_catSignal-0jet
Merging measMET_data_catSignal-1jet
Merging measMET_data_catDY
/eos/cms/store/group/phys_exotica/monoZ/Exorcism2017/DoubleEG_Run2017D-Nano1June2019-v1/tree_3.root  ->  /eos/cms/store/group/phys_exotica/monoZ/Exorcism2017/DoubleEG_Run2017D-Nano1June2019-v1/tree_3.root
Testing file open
Test OK
---------------------------
 -- options  =  Namespace(dataset='X', doSyst=1, era='2017', infile='/eos/cms/store/group/phys_exotica/monoZ/Exorcism2017/DoubleEG_Run2017D-Nano1June2019-v1/tree_3.root', isMC=0, jobNum=13, nevt=-1)
 -- is MC    =  0
 -- jobNum   =  13
 -- era      =  2017
 -- in file  =  /eos/cms/store/group/phys_exotica/monoZ/Exorcism2017/DoubleEG_Run2017D-Nano1June2019-v1/tree_3.root
 -- dataset  =  X
---------------------------
modules :  <PhysicsTools.MonoZ.MonoZWSProducer.MonoZWSProducer object at 0x2b2c1cec8890>
Selection :  
Will write selected trees to .
Pre-select 5697 entries out of 5697 (100.00%)
Processed 5697 preselected entries from /eos/cms/store/group/phys_exotica/monoZ/Exorcism2017/DoubleEG_Run2017D-Nano1June2019-v1/tree_3.root (5697 entries). Finally selected 5697 entries
Done ./tree_3_Skim.root
310.125204137 Hz
----- transfer output to eos :
----- directory after running :
.:
total 6492
-rw-r--r--. 1 cfreer zh    1203 Nov 29 07:38 FrameworkJobReport.xml
-rw-r--r--. 1 cfreer zh       0 Nov 29 07:38 _condor_stderr
-rw-r--r--. 1 cfreer zh    3864 Nov 29 07:39 _condor_stdout
-rw-------. 1 cfreer zh    4914 Nov 29 07:38 cfreer.cc
-rw-r--r--. 1 cfreer zh   16092 Nov 29 07:38 combineHLT_Run2.yaml
-rw-r--r--. 1 cfreer zh    5718 Nov 29 07:38 condor_WSProducer.py
-rwxr-xr-x. 1 cfreer zh     833 Nov 29 07:38 condor_exec.exe
-rwxr-xr-x. 1 cfreer zh    2559 Nov 29 07:38 haddnano.py
-rw-r--r--. 1 cfreer zh       8 Nov 29 07:38 keep_and_drop_WS.txt
drwx------. 3 cfreer zh    4096 Nov 29 07:38 tmp
-rw-r--r--. 1 cfreer zh 3292143 Nov 29 07:38 tree_13.root
-rw-r--r--. 1 cfreer zh 3292011 Nov 29 07:38 tree_3_Skim.root
drwx------. 3 cfreer zh    4096 Nov 29 07:38 var

./tmp:
total 4
drwxr-xr-x. 3 cfreer zh 4096 Nov 29 07:38 mjf-cfreer

./tmp/mjf-cfreer:
total 4
drwxr-xr-x. 2 cfreer zh 4096 Nov 29 07:38 jobfeatures-bigbird09.cern.ch_3024913.13_1574901745

./tmp/mjf-cfreer/jobfeatures-bigbird09.cern.ch_3024913.13_1574901745:
total 28
-rw-r--r--. 1 cfreer zh  1 Nov 29 07:38 allocated_cpu
-rw-r--r--. 1 cfreer zh  6 Nov 29 07:38 cpu_limit_secs
-rw-r--r--. 1 cfreer zh 39 Nov 29 07:38 job_id
-rw-r--r--. 1 cfreer zh 10 Nov 29 07:38 jobstart_secs
-rw-r--r--. 1 cfreer zh 10 Nov 29 07:38 max_rss_bytes
-rw-r--r--. 1 cfreer zh 10 Nov 29 07:38 scratch_limit_bytes
-rw-r--r--. 1 cfreer zh  6 Nov 29 07:38 wall_limit_secs

./var:
total 4
drwx------. 2 cfreer zh 4096 Nov 29 07:38 tmp

./var/tmp:
total 0
 ------ THE END (everyone dies !) ----- 
