
/pool/condor/dir_19284

... start job at 2020-01-13 21:30:54
----- directory before running:
.:
total 100
-rw-r--r--. 1 cfreer zh 11624 Jan 13 21:30 Cert_271036-284044_13TeV_ReReco_07Aug2017_Collisions16_JSON.txt
-rw-r--r--. 1 cfreer zh 14638 Jan 13 21:30 Cert_294927-306462_13TeV_EOY2017ReReco_Collisions17_JSON_v1.txt
-rw-r--r--. 1 cfreer zh 13968 Jan 13 21:30 Cert_314472-325175_13TeV_17SeptEarlyReReco2018ABC_PromptEraD_Collisions18_JSON.txt
-rw-r--r--. 1 cfreer zh     0 Jan 13 21:30 _condor_stderr
-rw-r--r--. 1 cfreer zh    94 Jan 13 21:30 _condor_stdout
-rw-------. 1 cfreer zh  2838 Jan 13 21:30 cfreer.cc
-rw-r--r--. 1 cfreer zh 16092 Jan 13 21:30 combineHLT_Run2.yaml
-rw-r--r--. 1 cfreer zh 10051 Jan 13 21:30 condor_Run2_proc.py
-rwxr-xr-x. 1 cfreer zh   963 Jan 13 21:30 condor_exec.exe
-rwxr-xr-x. 1 cfreer zh  2559 Jan 13 21:30 haddnano.py
-rw-r--r--. 1 cfreer zh   499 Jan 13 21:30 keep_and_drop.txt
drwx------. 3 cfreer zh  4096 Jan 13 21:30 tmp
drwx------. 3 cfreer zh  4096 Jan 13 21:30 var

./tmp:
total 4
drwxr-xr-x. 3 cfreer zh 4096 Jan 13 21:30 mjf-cfreer

./tmp/mjf-cfreer:
total 4
drwxr-xr-x. 2 cfreer zh 4096 Jan 13 21:30 jobfeatures-bigbird09.cern.ch_3299176.0_1578946892

./tmp/mjf-cfreer/jobfeatures-bigbird09.cern.ch_3299176.0_1578946892:
total 28
-rw-r--r--. 1 cfreer zh  1 Jan 13 21:30 allocated_cpu
-rw-r--r--. 1 cfreer zh  6 Jan 13 21:30 cpu_limit_secs
-rw-r--r--. 1 cfreer zh 38 Jan 13 21:30 job_id
-rw-r--r--. 1 cfreer zh 10 Jan 13 21:30 jobstart_secs
-rw-r--r--. 1 cfreer zh 10 Jan 13 21:30 max_rss_bytes
-rw-r--r--. 1 cfreer zh 11 Jan 13 21:30 scratch_limit_bytes
-rw-r--r--. 1 cfreer zh  6 Jan 13 21:30 wall_limit_secs

./var:
total 4
drwx------. 2 cfreer zh 4096 Jan 13 21:30 tmp

./var/tmp:
total 0
----- CMSSW BASE, python path, pwd:
+ CMSSW_BASE  = /afs/cern.ch/work/c/cfreer/MonoZ_2019/MT_plots/CMSSW_10_6_4
+ PYTHON_PATH = 
+ PWD         = /pool/condor/dir_19284
----- Found Proxy in: /afs/cern.ch/user/c/cfreer/x509up_u85831
/store/mc/RunIISummer16NanoAODv5/ADDMonoZ_ZToLL_MD-3_d-7_TuneCUETP8M1_13TeV-pythia8/NANOAODSIM/PUMoriond17_Nano1June2019_102X_mcRun2_asymptotic_v7_ext1-v1/2410000/5F0134C8-23FA-414A-8E31-E89EF084046D.root  ->  root://eoscms.cern.ch//eos/cms/store/mc/RunIISummer16NanoAODv5/ADDMonoZ_ZToLL_MD-3_d-7_TuneCUETP8M1_13TeV-pythia8/NANOAODSIM/PUMoriond17_Nano1June2019_102X_mcRun2_asymptotic_v7_ext1-v1/2410000/5F0134C8-23FA-414A-8E31-E89EF084046D.root
Testing file open
---------------------------
 -- options  =  Namespace(dataset='X', doSyst=1, era='2016', infile='root://cms-xrd-global.cern.ch//store/mc/RunIISummer16NanoAODv5/ADDMonoZ_ZToLL_MD-3_d-7_TuneCUETP8M1_13TeV-pythia8/NANOAODSIM/PUMoriond17_Nano1June2019_102X_mcRun2_asymptotic_v7_ext1-v1/2410000/5F0134C8-23FA-414A-8E31-E89EF084046D.root', isMC=1, jobNum=0, json=None, nevt=-1)
 -- is MC    =  1
 -- jobNum   =  0
 -- era      =  2016
 -- in file  =  root://cms-xrd-global.cern.ch//store/mc/RunIISummer16NanoAODv5/ADDMonoZ_ZToLL_MD-3_d-7_TuneCUETP8M1_13TeV-pythia8/NANOAODSIM/PUMoriond17_Nano1June2019_102X_mcRun2_asymptotic_v7_ext1-v1/2410000/5F0134C8-23FA-414A-8E31-E89EF084046D.root
 -- dataset  =  X
---------------------------
[check] condtag_ ==  PUMoriond17_Nano1June2019_102X_mcRun2_asymptotic_v7_ext1-v1
[check] dataset  ==  ADDMonoZ_ZToLL_MD-3_d-7_TuneCUETP8M1_13TeV-pythia8
Loading btagSF weights for deep-CSV (b) algorithm from file '/afs/cern.ch/work/c/cfreer/MonoZ_2019/MT_plots/CMSSW_10_6_4/src/PhysicsTools/NanoAODTools/data/btagSF/DeepCSV_2016LegacySF_V1.csv'
Load Library 'CondFormatsBTauObjects'
Load Library 'CondToolsBTau'
Loading C++ helper from /afs/cern.ch/work/c/cfreer/MonoZ_2019/MT_plots/CMSSW_10_6_4/src/PhysicsTools/NanoAODTools/python/postprocessing/data/roccor.Run2.v3/RoccoR.cc
Load C++ Worker
/afs/cern.ch/work/c/cfreer/MonoZ_2019/MT_plots/CMSSW_10_6_4/src/PhysicsTools/MonoZ/data/Nvtx/npvWeights_2016.root
/afs/cern.ch/work/c/cfreer/MonoZ_2019/MT_plots/CMSSW_10_6_4/src/PhysicsTools/MonoZ/data/BTagEff/BTagEff_2016.root
modules :  <PhysicsTools.MonoZ.GenWeightProducer.GenWeightProducer object at 0x2b0235e8a510>
modules :  <PhysicsTools.NanoAODTools.postprocessing.modules.common.puWeightProducer.puWeightProducer object at 0x2b0235e8a550>
modules :  <PhysicsTools.NanoAODTools.postprocessing.modules.common.PrefireCorr.PrefCorr object at 0x2b0236d44550>
modules :  <PhysicsTools.NanoAODTools.postprocessing.modules.jme.jetmetUncertainties.jetmetUncertaintiesProducer object at 0x2b0236d493d0>
modules :  <PhysicsTools.NanoAODTools.postprocessing.modules.btv.btagSFProducer.btagSFProducer object at 0x2b0236d68cd0>
modules :  <PhysicsTools.NanoAODTools.postprocessing.modules.common.muonScaleResProducer.muonScaleResProducer object at 0x2b0236d68d10>
modules :  <PhysicsTools.NanoAODTools.postprocessing.modules.common.lepSFProducer.lepSFProducer object at 0x2b0236d78790>
modules :  <PhysicsTools.MonoZ.NvtxPUreweight.nvtxWeightProducer object at 0x2b0236d7c050>
modules :  <PhysicsTools.MonoZ.MonoZProducer.MonoZProducer object at 0x2b0236d7c090>
modules :  <PhysicsTools.MonoZ.TriggerSFProducer.TriggerSFProducer object at 0x2b0236d7c0d0>
modules :  <PhysicsTools.MonoZ.BtagEventWeightProducer.BtagEventWeightProducer object at 0x2b0236d7c110>
modules :  <PhysicsTools.MonoZ.MonoZWSProducer.MonoZWSProducer object at 0x2b0236d7c150>
modules :  <PhysicsTools.MonoZ.MonoZProducer.MonoZProducer object at 0x2b0236d7c210>
modules :  <PhysicsTools.MonoZ.MonoZWSProducer.MonoZWSProducer object at 0x2b0236d7c250>
modules :  <PhysicsTools.MonoZ.MonoZProducer.MonoZProducer object at 0x2b0236d7c290>
modules :  <PhysicsTools.MonoZ.MonoZWSProducer.MonoZWSProducer object at 0x2b0236d7c2d0>
modules :  <PhysicsTools.MonoZ.MonoZProducer.MonoZProducer object at 0x2b0236d7c310>
modules :  <PhysicsTools.MonoZ.MonoZWSProducer.MonoZWSProducer object at 0x2b0236d7c350>
modules :  <PhysicsTools.MonoZ.MonoZProducer.MonoZProducer object at 0x2b0236d7c390>
modules :  <PhysicsTools.MonoZ.MonoZWSProducer.MonoZWSProducer object at 0x2b0236d7c3d0>
modules :  <PhysicsTools.MonoZ.MonoZProducer.MonoZProducer object at 0x2b0236d7c410>
modules :  <PhysicsTools.MonoZ.MonoZWSProducer.MonoZWSProducer object at 0x2b0236d7c450>
modules :  <PhysicsTools.MonoZ.MonoZProducer.MonoZProducer object at 0x2b0236d7c490>
modules :  <PhysicsTools.MonoZ.MonoZWSProducer.MonoZWSProducer object at 0x2b0236d7c4d0>
modules :  <PhysicsTools.MonoZ.MonoZProducer.MonoZProducer object at 0x2b0236d7c510>
modules :  <PhysicsTools.MonoZ.MonoZWSProducer.MonoZWSProducer object at 0x2b0236d7c550>
modules :  <PhysicsTools.MonoZ.MonoZProducer.MonoZProducer object at 0x2b0236d7c590>
modules :  <PhysicsTools.MonoZ.MonoZWSProducer.MonoZWSProducer object at 0x2b0236d7c5d0>
modules :  <PhysicsTools.MonoZ.MonoZWSProducer.MonoZWSProducer object at 0x2b0236d7c610>
modules :  <PhysicsTools.MonoZ.MonoZWSProducer.MonoZWSProducer object at 0x2b0236d7c650>
modules :  <PhysicsTools.MonoZ.MonoZWSProducer.MonoZWSProducer object at 0x2b0236d7c690>
modules :  <PhysicsTools.MonoZ.MonoZWSProducer.MonoZWSProducer object at 0x2b0236d7c6d0>
modules :  <PhysicsTools.MonoZ.MonoZWSProducer.MonoZWSProducer object at 0x2b0236d7c710>
modules :  <PhysicsTools.MonoZ.MonoZWSProducer.MonoZWSProducer object at 0x2b0236d7c750>
modules :  <PhysicsTools.MonoZ.MonoZWSProducer.MonoZWSProducer object at 0x2b0236d7c790>
modules :  <PhysicsTools.MonoZ.MonoZWSProducer.MonoZWSProducer object at 0x2b0236d7c7d0>
modules :  <PhysicsTools.MonoZ.MonoZWSProducer.MonoZWSProducer object at 0x2b0236d7c810>
modules :  <PhysicsTools.MonoZ.MonoZWSProducer.MonoZWSProducer object at 0x2b0236d7c850>
modules :  <PhysicsTools.MonoZ.MonoZWSProducer.MonoZWSProducer object at 0x2b0236d7c890>
modules :  <PhysicsTools.MonoZ.MonoZWSProducer.MonoZWSProducer object at 0x2b0236d7c8d0>
modules :  <PhysicsTools.MonoZ.MonoZWSProducer.MonoZWSProducer object at 0x2b0236d7c910>
modules :  <PhysicsTools.MonoZ.MonoZWSProducer.MonoZWSProducer object at 0x2b0236d7c990>
modules :  <PhysicsTools.MonoZ.MonoZWSProducer.MonoZWSProducer object at 0x2b0236d7ca10>
modules :  <PhysicsTools.MonoZ.MonoZWSProducer.MonoZWSProducer object at 0x2b0236d7ca90>
modules :  <PhysicsTools.MonoZ.MonoZWSProducer.MonoZWSProducer object at 0x2b0236d7cb10>
modules :  <PhysicsTools.MonoZ.MonoZWSProducer.MonoZWSProducer object at 0x2b0236d7cb50>
modules :  <PhysicsTools.MonoZ.MonoZWSProducer.MonoZWSProducer object at 0x2b0236d7cb90>
modules :  <PhysicsTools.MonoZ.MonoZWSProducer.MonoZWSProducer object at 0x2b0236d7cbd0>
modules :  <PhysicsTools.MonoZ.MonoZWSProducer.MonoZWSProducer object at 0x2b0236d7cc10>
modules :  <PhysicsTools.MonoZ.MonoZWSProducer.MonoZWSProducer object at 0x2b0236d7cc50>
modules :  <PhysicsTools.MonoZ.MonoZWSProducer.MonoZWSProducer object at 0x2b0236d7cc90>
modules :  <PhysicsTools.MonoZ.MonoZWSProducer.MonoZWSProducer object at 0x2b0236d7cd10>
Selection :  ((Sum$(Electron_pt>20 & &abs(Electron_eta)<2.5) + Sum$(Muon_pt>20 && abs(Muon_eta)<2.5) )>=2)&& Flag_METFilters
Will write selected trees to .
Loading jet energy scale (JES) uncertainties from file '/pool/condor/dir_19284/tmp/tmp7Bp4Ul/Summer16_07Aug2017_V11_MC_UncertaintySources_AK4PFchs.txt'
Loading jet energy resolutions (JER) from file '/pool/condor/dir_19284/tmp/tmpCPrBWN/Summer16_25nsV1_MC_PtResolution_AK4PFchs.txt'
Loading JER scale factors and uncertainties from file '/pool/condor/dir_19284/tmp/tmpCPrBWN/Summer16_25nsV1_MC_SF_AK4PFchs.txt'
 --> opening this file : /afs/cern.ch/work/c/cfreer/MonoZ_2019/MT_plots/CMSSW_10_6_4/src/PhysicsTools/NanoAODTools/python/postprocessing/data/leptonSF/2016_Mu_Trg.root
Loading histogram IsoMu24_OR_IsoTkMu24_PtEtaBins/pt_abseta_ratio from file /afs/cern.ch/work/c/cfreer/MonoZ_2019/MT_plots/CMSSW_10_6_4/src/PhysicsTools/NanoAODTools/python/postprocessing/data/leptonSF/2016_Mu_Trg.root... 
---- doing a push_back
---- closing the file
---- file closed
 --> opening this file : /afs/cern.ch/work/c/cfreer/MonoZ_2019/MT_plots/CMSSW_10_6_4/src/PhysicsTools/NanoAODTools/python/postprocessing/data/leptonSF/2016_Mu_ID.root
Loading histogram MC_NUM_LooseID_DEN_genTracks_PAR_pt_eta/pt_abseta_ratio from file /afs/cern.ch/work/c/cfreer/MonoZ_2019/MT_plots/CMSSW_10_6_4/src/PhysicsTools/NanoAODTools/python/postprocessing/data/leptonSF/2016_Mu_ID.root... 
---- doing a push_back
---- closing the file
---- file closed
 --> opening this file : /afs/cern.ch/work/c/cfreer/MonoZ_2019/MT_plots/CMSSW_10_6_4/src/PhysicsTools/NanoAODTools/python/postprocessing/data/leptonSF/2016_Mu_Iso.root
Loading histogram LooseISO_LooseID_pt_eta/pt_abseta_ratio from file /afs/cern.ch/work/c/cfreer/MonoZ_2019/MT_plots/CMSSW_10_6_4/src/PhysicsTools/NanoAODTools/python/postprocessing/data/leptonSF/2016_Mu_Iso.root... 
---- doing a push_back
---- closing the file
---- file closed
---- the end of the init function 
 --> opening this file : /afs/cern.ch/work/c/cfreer/MonoZ_2019/MT_plots/CMSSW_10_6_4/src/PhysicsTools/NanoAODTools/python/postprocessing/data/leptonSF/2016_El_EGM2D_eleGSF.root
Loading histogram EGamma_SF2D from file /afs/cern.ch/work/c/cfreer/MonoZ_2019/MT_plots/CMSSW_10_6_4/src/PhysicsTools/NanoAODTools/python/postprocessing/data/leptonSF/2016_El_EGM2D_eleGSF.root... 
---- doing a push_back
---- closing the file
---- file closed
 --> opening this file : /afs/cern.ch/work/c/cfreer/MonoZ_2019/MT_plots/CMSSW_10_6_4/src/PhysicsTools/NanoAODTools/python/postprocessing/data/leptonSF/2016_El_EGM2D_eleMVA90.root
Loading histogram EGamma_SF2D from file /afs/cern.ch/work/c/cfreer/MonoZ_2019/MT_plots/CMSSW_10_6_4/src/PhysicsTools/NanoAODTools/python/postprocessing/data/leptonSF/2016_El_EGM2D_eleMVA90.root... 
---- doing a push_back
---- closing the file
---- file closed
---- the end of the init function 
Pre-select 32103 entries out of 50000 (64.21%)
Computing PU profile for this file
----- transfert output to eos :
----- directory after running :
.:
total 2324
-rw-r--r--. 1 cfreer zh 2258234 Jan 13 21:34 5F0134C8-23FA-414A-8E31-E89EF084046D_Skim.root
-rw-r--r--. 1 cfreer zh   11624 Jan 13 21:30 Cert_271036-284044_13TeV_ReReco_07Aug2017_Collisions16_JSON.txt
-rw-r--r--. 1 cfreer zh   14638 Jan 13 21:30 Cert_294927-306462_13TeV_EOY2017ReReco_Collisions17_JSON_v1.txt
-rw-r--r--. 1 cfreer zh   13968 Jan 13 21:30 Cert_314472-325175_13TeV_17SeptEarlyReReco2018ABC_PromptEraD_Collisions18_JSON.txt
-rw-r--r--. 1 cfreer zh    2022 Jan 13 21:34 _condor_stderr
-rw-r--r--. 1 cfreer zh   11842 Jan 13 21:34 _condor_stdout
-rw-------. 1 cfreer zh    5262 Jan 13 21:30 cfreer.cc
-rw-r--r--. 1 cfreer zh   16092 Jan 13 21:30 combineHLT_Run2.yaml
-rw-r--r--. 1 cfreer zh   10051 Jan 13 21:30 condor_Run2_proc.py
-rwxr-xr-x. 1 cfreer zh     963 Jan 13 21:30 condor_exec.exe
-rwxr-xr-x. 1 cfreer zh    2559 Jan 13 21:30 haddnano.py
-rw-r--r--. 1 cfreer zh     499 Jan 13 21:30 keep_and_drop.txt
drwx------. 5 cfreer zh    4096 Jan 13 21:30 tmp
drwx------. 3 cfreer zh    4096 Jan 13 21:30 var

./tmp:
total 12
drwxr-xr-x. 3 cfreer zh 4096 Jan 13 21:30 mjf-cfreer
drwx------. 2 cfreer zh 4096 Jan 13 21:30 tmp7Bp4Ul
drwx------. 2 cfreer zh 4096 Jan 13 21:30 tmpCPrBWN

./tmp/mjf-cfreer:
total 4
drwxr-xr-x. 2 cfreer zh 4096 Jan 13 21:30 jobfeatures-bigbird09.cern.ch_3299176.0_1578946892

./tmp/mjf-cfreer/jobfeatures-bigbird09.cern.ch_3299176.0_1578946892:
total 28
-rw-r--r--. 1 cfreer zh  1 Jan 13 21:30 allocated_cpu
-rw-r--r--. 1 cfreer zh  6 Jan 13 21:30 cpu_limit_secs
-rw-r--r--. 1 cfreer zh 38 Jan 13 21:30 job_id
-rw-r--r--. 1 cfreer zh 10 Jan 13 21:30 jobstart_secs
-rw-r--r--. 1 cfreer zh 10 Jan 13 21:30 max_rss_bytes
-rw-r--r--. 1 cfreer zh 11 Jan 13 21:30 scratch_limit_bytes
-rw-r--r--. 1 cfreer zh  6 Jan 13 21:30 wall_limit_secs

./tmp/tmp7Bp4Ul:
total 20692
-rw-r--r--. 1 cfreer zh   15365 May 11  2018 Summer16_07Aug2017_V11_MC_L1FastJet_AK4Calo.txt
-rw-r--r--. 1 cfreer zh   15365 May 11  2018 Summer16_07Aug2017_V11_MC_L1FastJet_AK4JPT.txt
-rwxr-xr-x. 1 cfreer zh   11986 May 11  2018 Summer16_07Aug2017_V11_MC_L1FastJet_AK4PF.txt
-rwxr-xr-x. 1 cfreer zh     150 May 11  2018 Summer16_07Aug2017_V11_MC_L1FastJet_AK4PFPuppi.txt
-rwxr-xr-x. 1 cfreer zh   12311 May 11  2018 Summer16_07Aug2017_V11_MC_L1FastJet_AK4PFchs.txt
-rwxr-xr-x. 1 cfreer zh   11986 May 11  2018 Summer16_07Aug2017_V11_MC_L1FastJet_AK8PF.txt
-rwxr-xr-x. 1 cfreer zh     150 May 11  2018 Summer16_07Aug2017_V11_MC_L1FastJet_AK8PFPuppi.txt
-rwxr-xr-x. 1 cfreer zh   11986 May 11  2018 Summer16_07Aug2017_V11_MC_L1FastJet_AK8PFchs.txt
-rw-r--r--. 1 cfreer zh    5352 May 11  2018 Summer16_07Aug2017_V11_MC_L1JPTOffset_AK4JPT.txt
-rw-r--r--. 1 cfreer zh    8651 May 11  2018 Summer16_07Aug2017_V11_MC_L1RC_AK4PF.txt
-rw-r--r--. 1 cfreer zh    8651 May 11  2018 Summer16_07Aug2017_V11_MC_L1RC_AK4PFchs.txt
-rw-r--r--. 1 cfreer zh    8651 May 11  2018 Summer16_07Aug2017_V11_MC_L1RC_AK8PF.txt
-rw-r--r--. 1 cfreer zh    8651 May 11  2018 Summer16_07Aug2017_V11_MC_L1RC_AK8PFchs.txt
-rw-r--r--. 1 cfreer zh     176 May 11  2018 Summer16_07Aug2017_V11_MC_L2L3Residual_AK4Calo.txt
-rw-r--r--. 1 cfreer zh     176 May 11  2018 Summer16_07Aug2017_V11_MC_L2L3Residual_AK4JPT.txt
-rw-r--r--. 1 cfreer zh     176 May 11  2018 Summer16_07Aug2017_V11_MC_L2L3Residual_AK4PF.txt
-rw-r--r--. 1 cfreer zh     176 May 11  2018 Summer16_07Aug2017_V11_MC_L2L3Residual_AK4PFPuppi.txt
-rw-r--r--. 1 cfreer zh     176 May 11  2018 Summer16_07Aug2017_V11_MC_L2L3Residual_AK4PFchs.txt
-rw-r--r--. 1 cfreer zh     176 May 11  2018 Summer16_07Aug2017_V11_MC_L2L3Residual_AK8PF.txt
-rw-r--r--. 1 cfreer zh     176 May 11  2018 Summer16_07Aug2017_V11_MC_L2L3Residual_AK8PFPuppi.txt
-rw-r--r--. 1 cfreer zh     176 May 11  2018 Summer16_07Aug2017_V11_MC_L2L3Residual_AK8PFchs.txt
-rw-r--r--. 1 cfreer zh   15463 May 11  2018 Summer16_07Aug2017_V11_MC_L2Relative_AK4Calo.txt
-rw-r--r--. 1 cfreer zh   15462 May 11  2018 Summer16_07Aug2017_V11_MC_L2Relative_AK4JPT.txt
-rw-r--r--. 1 cfreer zh  451342 May 11  2018 Summer16_07Aug2017_V11_MC_L2Relative_AK4PF.txt
-rw-r--r--. 1 cfreer zh  455324 May 11  2018 Summer16_07Aug2017_V11_MC_L2Relative_AK4PFPuppi.txt
-rw-r--r--. 1 cfreer zh  452043 May 11  2018 Summer16_07Aug2017_V11_MC_L2Relative_AK4PFchs.txt
-rw-r--r--. 1 cfreer zh  451885 May 11  2018 Summer16_07Aug2017_V11_MC_L2Relative_AK8PF.txt
-rw-r--r--. 1 cfreer zh  456229 May 11  2018 Summer16_07Aug2017_V11_MC_L2Relative_AK8PFPuppi.txt
-rw-r--r--. 1 cfreer zh  452066 May 11  2018 Summer16_07Aug2017_V11_MC_L2Relative_AK8PFchs.txt
-rw-r--r--. 1 cfreer zh     176 May 11  2018 Summer16_07Aug2017_V11_MC_L2Residual_AK4PF.txt
-rw-r--r--. 1 cfreer zh     176 May 11  2018 Summer16_07Aug2017_V11_MC_L2Residual_AK4PFPuppi.txt
-rw-r--r--. 1 cfreer zh     176 May 11  2018 Summer16_07Aug2017_V11_MC_L2Residual_AK4PFchs.txt
-rw-r--r--. 1 cfreer zh     176 May 11  2018 Summer16_07Aug2017_V11_MC_L2Residual_AK8PF.txt
-rw-r--r--. 1 cfreer zh     176 May 11  2018 Summer16_07Aug2017_V11_MC_L2Residual_AK8PFPuppi.txt
-rw-r--r--. 1 cfreer zh     176 May 11  2018 Summer16_07Aug2017_V11_MC_L2Residual_AK8PFchs.txt
-rw-r--r--. 1 cfreer zh     105 May 11  2018 Summer16_07Aug2017_V11_MC_L3Absolute_AK4Calo.txt
-rw-r--r--. 1 cfreer zh     105 May 11  2018 Summer16_07Aug2017_V11_MC_L3Absolute_AK4JPT.txt
-rwxr-xr-x. 1 cfreer zh     177 May 11  2018 Summer16_07Aug2017_V11_MC_L3Absolute_AK4PF.txt
-rwxr-xr-x. 1 cfreer zh     177 May 11  2018 Summer16_07Aug2017_V11_MC_L3Absolute_AK4PFPuppi.txt
-rwxr-xr-x. 1 cfreer zh     177 May 11  2018 Summer16_07Aug2017_V11_MC_L3Absolute_AK4PFchs.txt
-rwxr-xr-x. 1 cfreer zh     177 May 11  2018 Summer16_07Aug2017_V11_MC_L3Absolute_AK8PF.txt
-rwxr-xr-x. 1 cfreer zh     177 May 11  2018 Summer16_07Aug2017_V11_MC_L3Absolute_AK8PFPuppi.txt
-rwxr-xr-x. 1 cfreer zh     177 May 11  2018 Summer16_07Aug2017_V11_MC_L3Absolute_AK8PFchs.txt
-rw-r--r--. 1 cfreer zh 2228172 May 11  2018 Summer16_07Aug2017_V11_MC_UncertaintySources_AK4Calo.txt
-rw-r--r--. 1 cfreer zh 2228172 May 11  2018 Summer16_07Aug2017_V11_MC_UncertaintySources_AK4JPT.txt
-rw-r--r--. 1 cfreer zh 2230202 May 11  2018 Summer16_07Aug2017_V11_MC_UncertaintySources_AK4PF.txt
-rw-r--r--. 1 cfreer zh 2230202 May 11  2018 Summer16_07Aug2017_V11_MC_UncertaintySources_AK4PFPuppi.txt
-rw-r--r--. 1 cfreer zh 2230202 May 11  2018 Summer16_07Aug2017_V11_MC_UncertaintySources_AK4PFchs.txt
-rw-r--r--. 1 cfreer zh 2230202 May 11  2018 Summer16_07Aug2017_V11_MC_UncertaintySources_AK8PF.txt
-rw-r--r--. 1 cfreer zh 2230202 May 11  2018 Summer16_07Aug2017_V11_MC_UncertaintySources_AK8PFPuppi.txt
-rw-r--r--. 1 cfreer zh 2230202 May 11  2018 Summer16_07Aug2017_V11_MC_UncertaintySources_AK8PFchs.txt
-rw-r--r--. 1 cfreer zh   40604 May 11  2018 Summer16_07Aug2017_V11_MC_Uncertainty_AK4Calo.txt
-rw-r--r--. 1 cfreer zh   40604 May 11  2018 Summer16_07Aug2017_V11_MC_Uncertainty_AK4JPT.txt
-rw-r--r--. 1 cfreer zh   40604 May 11  2018 Summer16_07Aug2017_V11_MC_Uncertainty_AK4PF.txt
-rw-r--r--. 1 cfreer zh   40604 May 11  2018 Summer16_07Aug2017_V11_MC_Uncertainty_AK4PFPuppi.txt
-rw-r--r--. 1 cfreer zh   40604 May 11  2018 Summer16_07Aug2017_V11_MC_Uncertainty_AK4PFchs.txt
-rw-r--r--. 1 cfreer zh   40604 May 11  2018 Summer16_07Aug2017_V11_MC_Uncertainty_AK8PF.txt
-rw-r--r--. 1 cfreer zh   40604 May 11  2018 Summer16_07Aug2017_V11_MC_Uncertainty_AK8PFPuppi.txt
-rw-r--r--. 1 cfreer zh   40604 May 11  2018 Summer16_07Aug2017_V11_MC_Uncertainty_AK8PFchs.txt

./tmp/tmpCPrBWN:
total 408
-rw-rw-r--. 1 cfreer zh 17775 Apr  2  2019 Summer16_25nsV1_MC_EtaResolution_AK4PF.txt
-rw-rw-r--. 1 cfreer zh 17775 Apr  2  2019 Summer16_25nsV1_MC_EtaResolution_AK4PFPuppi.txt
-rw-rw-r--. 1 cfreer zh 17775 Apr  2  2019 Summer16_25nsV1_MC_EtaResolution_AK4PFchs.txt
-rw-rw-r--. 1 cfreer zh 17775 Apr  2  2019 Summer16_25nsV1_MC_EtaResolution_AK8PF.txt
-rw-rw-r--. 1 cfreer zh 17775 Apr  2  2019 Summer16_25nsV1_MC_EtaResolution_AK8PFPuppi.txt
-rw-rw-r--. 1 cfreer zh 17775 Apr  2  2019 Summer16_25nsV1_MC_EtaResolution_AK8PFchs.txt
-rw-rw-r--. 1 cfreer zh 17775 Apr  2  2019 Summer16_25nsV1_MC_PhiResolution_AK4PF.txt
-rw-rw-r--. 1 cfreer zh 17775 Apr  2  2019 Summer16_25nsV1_MC_PhiResolution_AK4PFPuppi.txt
-rw-rw-r--. 1 cfreer zh 17775 Apr  2  2019 Summer16_25nsV1_MC_PhiResolution_AK4PFchs.txt
-rw-rw-r--. 1 cfreer zh 17775 Apr  2  2019 Summer16_25nsV1_MC_PhiResolution_AK8PF.txt
-rw-rw-r--. 1 cfreer zh 17775 Apr  2  2019 Summer16_25nsV1_MC_PhiResolution_AK8PFPuppi.txt
-rw-rw-r--. 1 cfreer zh 17775 Apr  2  2019 Summer16_25nsV1_MC_PhiResolution_AK8PFchs.txt
-rw-rw-r--. 1 cfreer zh 20537 Apr  2  2019 Summer16_25nsV1_MC_PtResolution_AK4PF.txt
-rw-rw-r--. 1 cfreer zh 20537 Apr  2  2019 Summer16_25nsV1_MC_PtResolution_AK4PFPuppi.txt
-rw-rw-r--. 1 cfreer zh 20537 Apr  2  2019 Summer16_25nsV1_MC_PtResolution_AK4PFchs.txt
-rw-rw-r--. 1 cfreer zh 20537 Apr  2  2019 Summer16_25nsV1_MC_PtResolution_AK8PF.txt
-rw-rw-r--. 1 cfreer zh 20537 Apr  2  2019 Summer16_25nsV1_MC_PtResolution_AK8PFPuppi.txt
-rw-rw-r--. 1 cfreer zh 20537 Apr  2  2019 Summer16_25nsV1_MC_PtResolution_AK8PFchs.txt
-rw-rw-r--. 1 cfreer zh   956 Apr  2  2019 Summer16_25nsV1_MC_SF_AK4PF.txt
-rw-rw-r--. 1 cfreer zh   956 Apr  2  2019 Summer16_25nsV1_MC_SF_AK4PFPuppi.txt
-rw-rw-r--. 1 cfreer zh   956 Apr  2  2019 Summer16_25nsV1_MC_SF_AK4PFchs.txt
-rw-rw-r--. 1 cfreer zh   956 Apr  2  2019 Summer16_25nsV1_MC_SF_AK8PF.txt
-rw-rw-r--. 1 cfreer zh   956 Apr  2  2019 Summer16_25nsV1_MC_SF_AK8PFPuppi.txt
-rw-rw-r--. 1 cfreer zh   956 Apr  2  2019 Summer16_25nsV1_MC_SF_AK8PFchs.txt

./var:
total 4
drwx------. 2 cfreer zh 4096 Jan 13 21:30 tmp

./var/tmp:
total 0
 ------ THE END (everyone dies !) ----- 
