
/pool/condor/dir_16865

... start job at 2020-01-06 06:32:18
----- directory before running:
.:
total 52
-rw-r--r--. 1 cfreer zh     0 Jan  6 06:32 _condor_stderr
-rw-r--r--. 1 cfreer zh    94 Jan  6 06:32 _condor_stdout
-rw-------. 1 cfreer zh  2626 Jan  6 06:32 cfreer.cc
-rw-r--r--. 1 cfreer zh 16092 Jan  6 06:32 combineHLT_Run2.yaml
-rw-r--r--. 1 cfreer zh  5718 Jan  6 06:32 condor_WSProducer.py
-rwxr-xr-x. 1 cfreer zh   821 Jan  6 06:32 condor_exec.exe
-rwxr-xr-x. 1 cfreer zh  2559 Jan  6 06:32 haddnano.py
-rw-r--r--. 1 cfreer zh     8 Jan  6 06:32 keep_and_drop_WS.txt
drwx------. 3 cfreer zh  4096 Jan  6 06:32 tmp
drwx------. 3 cfreer zh  4096 Jan  6 06:32 var

./tmp:
total 4
drwxr-xr-x. 3 cfreer zh 4096 Jan  6 06:32 mjf-cfreer

./tmp/mjf-cfreer:
total 4
drwxr-xr-x. 2 cfreer zh 4096 Jan  6 06:32 jobfeatures-bigbird09.cern.ch_3254110.0_1578273281

./tmp/mjf-cfreer/jobfeatures-bigbird09.cern.ch_3254110.0_1578273281:
total 28
-rw-r--r--. 1 cfreer zh  1 Jan  6 06:32 allocated_cpu
-rw-r--r--. 1 cfreer zh  6 Jan  6 06:32 cpu_limit_secs
-rw-r--r--. 1 cfreer zh 38 Jan  6 06:32 job_id
-rw-r--r--. 1 cfreer zh 10 Jan  6 06:32 jobstart_secs
-rw-r--r--. 1 cfreer zh 10 Jan  6 06:32 max_rss_bytes
-rw-r--r--. 1 cfreer zh 10 Jan  6 06:32 scratch_limit_bytes
-rw-r--r--. 1 cfreer zh  6 Jan  6 06:32 wall_limit_secs

./var:
total 4
drwx------. 2 cfreer zh 4096 Jan  6 06:32 tmp

./var/tmp:
total 0
----- CMSSW BASE, python path, pwd:
+ CMSSW_BASE  = /afs/cern.ch/work/c/cfreer/MonoZ_2019/MT_plots/CMSSW_10_6_4
+ PYTHON_PATH = 
+ PWD         = /pool/condor/dir_16865
Adding file ./tree_0_Skim.root
Merging measMET_monoZ_catSignal-0jet
Merging MT_monoZ_catSignal-0jet
Merging measMET_monoZ_catEM
Merging MT_monoZ_catEM
Merging measMET_monoZ_catSignal-1jet
Merging MT_monoZ_catSignal-1jet
Merging measMET_monoZ_cat3L
Merging MT_monoZ_cat3L
Merging measMET_monoZ_cat4L
Merging MT_monoZ_cat4L
Merging measMET_monoZ_catNRB
Merging MT_monoZ_catNRB
Merging measMET_monoZ_catTOP
Merging MT_monoZ_catTOP
Merging measMET_monoZ_catDY
Merging MT_monoZ_catDY
Merging balance_monoZ
Merging phizmet_monoZ
Merging njet_monoZ
Merging measMET_monoZ_catSignal-0jet_sys_ElectronEnUp
Merging MT_monoZ_catSignal-0jet_sys_ElectronEnUp
Merging measMET_monoZ_catEM_sys_ElectronEnUp
Merging MT_monoZ_catEM_sys_ElectronEnUp
Merging measMET_monoZ_catSignal-1jet_sys_ElectronEnUp
Merging MT_monoZ_catSignal-1jet_sys_ElectronEnUp
Merging measMET_monoZ_cat3L_sys_ElectronEnUp
Merging MT_monoZ_cat3L_sys_ElectronEnUp
Merging measMET_monoZ_cat4L_sys_ElectronEnUp
Merging MT_monoZ_cat4L_sys_ElectronEnUp
Merging measMET_monoZ_catNRB_sys_ElectronEnUp
Merging MT_monoZ_catNRB_sys_ElectronEnUp
Merging measMET_monoZ_catTOP_sys_ElectronEnUp
Merging MT_monoZ_catTOP_sys_ElectronEnUp
Merging measMET_monoZ_catDY_sys_ElectronEnUp
Merging MT_monoZ_catDY_sys_ElectronEnUp
Merging balance_monoZ_sys_ElectronEnUp
Merging phizmet_monoZ_sys_ElectronEnUp
Merging njet_monoZ_sys_ElectronEnUp
Merging measMET_monoZ_catSignal-0jet_sys_ElectronEnDown
Merging MT_monoZ_catSignal-0jet_sys_ElectronEnDown
Merging measMET_monoZ_catEM_sys_ElectronEnDown
Merging MT_monoZ_catEM_sys_ElectronEnDown
Merging measMET_monoZ_catSignal-1jet_sys_ElectronEnDown
Merging MT_monoZ_catSignal-1jet_sys_ElectronEnDown
Merging measMET_monoZ_cat3L_sys_ElectronEnDown
Merging MT_monoZ_cat3L_sys_ElectronEnDown
Merging measMET_monoZ_cat4L_sys_ElectronEnDown
Merging MT_monoZ_cat4L_sys_ElectronEnDown
Merging measMET_monoZ_catNRB_sys_ElectronEnDown
Merging MT_monoZ_catNRB_sys_ElectronEnDown
Merging measMET_monoZ_catTOP_sys_ElectronEnDown
Merging MT_monoZ_catTOP_sys_ElectronEnDown
Merging measMET_monoZ_catDY_sys_ElectronEnDown
Merging MT_monoZ_catDY_sys_ElectronEnDown
Merging balance_monoZ_sys_ElectronEnDown
Merging phizmet_monoZ_sys_ElectronEnDown
Merging njet_monoZ_sys_ElectronEnDown
Merging measMET_monoZ_catSignal-0jet_sys_MuonEnUp
Merging MT_monoZ_catSignal-0jet_sys_MuonEnUp
Merging measMET_monoZ_catEM_sys_MuonEnUp
Merging MT_monoZ_catEM_sys_MuonEnUp
Merging measMET_monoZ_catSignal-1jet_sys_MuonEnUp
Merging MT_monoZ_catSignal-1jet_sys_MuonEnUp
Merging measMET_monoZ_cat3L_sys_MuonEnUp
Merging MT_monoZ_cat3L_sys_MuonEnUp
Merging measMET_monoZ_cat4L_sys_MuonEnUp
Merging MT_monoZ_cat4L_sys_MuonEnUp
Merging measMET_monoZ_catNRB_sys_MuonEnUp
Merging MT_monoZ_catNRB_sys_MuonEnUp
Merging measMET_monoZ_catTOP_sys_MuonEnUp
Merging MT_monoZ_catTOP_sys_MuonEnUp
Merging measMET_monoZ_catDY_sys_MuonEnUp
Merging MT_monoZ_catDY_sys_MuonEnUp
Merging balance_monoZ_sys_MuonEnUp
Merging phizmet_monoZ_sys_MuonEnUp
Merging njet_monoZ_sys_MuonEnUp
Merging measMET_monoZ_catSignal-0jet_sys_MuonEnDown
Merging MT_monoZ_catSignal-0jet_sys_MuonEnDown
Merging measMET_monoZ_catEM_sys_MuonEnDown
Merging MT_monoZ_catEM_sys_MuonEnDown
Merging measMET_monoZ_catSignal-1jet_sys_MuonEnDown
Merging MT_monoZ_catSignal-1jet_sys_MuonEnDown
Merging measMET_monoZ_cat3L_sys_MuonEnDown
Merging MT_monoZ_cat3L_sys_MuonEnDown
Merging measMET_monoZ_cat4L_sys_MuonEnDown
Merging MT_monoZ_cat4L_sys_MuonEnDown
Merging measMET_monoZ_catNRB_sys_MuonEnDown
Merging MT_monoZ_catNRB_sys_MuonEnDown
Merging measMET_monoZ_catTOP_sys_MuonEnDown
Merging MT_monoZ_catTOP_sys_MuonEnDown
Merging measMET_monoZ_catDY_sys_MuonEnDown
Merging MT_monoZ_catDY_sys_MuonEnDown
Merging balance_monoZ_sys_MuonEnDown
Merging phizmet_monoZ_sys_MuonEnDown
Merging njet_monoZ_sys_MuonEnDown
Merging measMET_monoZ_catSignal-0jet_sys_jesTotalUp
Merging MT_monoZ_catSignal-0jet_sys_jesTotalUp
Merging measMET_monoZ_catEM_sys_jesTotalUp
Merging MT_monoZ_catEM_sys_jesTotalUp
Merging measMET_monoZ_catSignal-1jet_sys_jesTotalUp
Merging MT_monoZ_catSignal-1jet_sys_jesTotalUp
Merging measMET_monoZ_cat3L_sys_jesTotalUp
Merging MT_monoZ_cat3L_sys_jesTotalUp
Merging measMET_monoZ_cat4L_sys_jesTotalUp
Merging MT_monoZ_cat4L_sys_jesTotalUp
Merging measMET_monoZ_catNRB_sys_jesTotalUp
Merging MT_monoZ_catNRB_sys_jesTotalUp
Merging measMET_monoZ_catTOP_sys_jesTotalUp
Merging MT_monoZ_catTOP_sys_jesTotalUp
Merging measMET_monoZ_catDY_sys_jesTotalUp
Merging MT_monoZ_catDY_sys_jesTotalUp
Merging balance_monoZ_sys_jesTotalUp
Merging phizmet_monoZ_sys_jesTotalUp
Merging njet_monoZ_sys_jesTotalUp
Merging measMET_monoZ_catSignal-0jet_sys_jesTotalDown
Merging MT_monoZ_catSignal-0jet_sys_jesTotalDown
Merging measMET_monoZ_catEM_sys_jesTotalDown
Merging MT_monoZ_catEM_sys_jesTotalDown
Merging measMET_monoZ_catSignal-1jet_sys_jesTotalDown
Merging MT_monoZ_catSignal-1jet_sys_jesTotalDown
Merging measMET_monoZ_cat3L_sys_jesTotalDown
Merging MT_monoZ_cat3L_sys_jesTotalDown
Merging measMET_monoZ_cat4L_sys_jesTotalDown
Merging MT_monoZ_cat4L_sys_jesTotalDown
Merging measMET_monoZ_catNRB_sys_jesTotalDown
Merging MT_monoZ_catNRB_sys_jesTotalDown
Merging measMET_monoZ_catTOP_sys_jesTotalDown
Merging MT_monoZ_catTOP_sys_jesTotalDown
Merging measMET_monoZ_catDY_sys_jesTotalDown
Merging MT_monoZ_catDY_sys_jesTotalDown
Merging balance_monoZ_sys_jesTotalDown
Merging phizmet_monoZ_sys_jesTotalDown
Merging njet_monoZ_sys_jesTotalDown
Merging measMET_monoZ_catSignal-0jet_sys_jerUp
Merging MT_monoZ_catSignal-0jet_sys_jerUp
Merging measMET_monoZ_catEM_sys_jerUp
Merging MT_monoZ_catEM_sys_jerUp
Merging measMET_monoZ_catSignal-1jet_sys_jerUp
Merging MT_monoZ_catSignal-1jet_sys_jerUp
Merging measMET_monoZ_cat3L_sys_jerUp
Merging MT_monoZ_cat3L_sys_jerUp
Merging measMET_monoZ_cat4L_sys_jerUp
Merging MT_monoZ_cat4L_sys_jerUp
Merging measMET_monoZ_catNRB_sys_jerUp
Merging MT_monoZ_catNRB_sys_jerUp
Merging measMET_monoZ_catTOP_sys_jerUp
Merging MT_monoZ_catTOP_sys_jerUp
Merging measMET_monoZ_catDY_sys_jerUp
Merging MT_monoZ_catDY_sys_jerUp
Merging balance_monoZ_sys_jerUp
Merging phizmet_monoZ_sys_jerUp
Merging njet_monoZ_sys_jerUp
Merging measMET_monoZ_catSignal-0jet_sys_jerDown
Merging MT_monoZ_catSignal-0jet_sys_jerDown
Merging measMET_monoZ_catEM_sys_jerDown
Merging MT_monoZ_catEM_sys_jerDown
Merging measMET_monoZ_catSignal-1jet_sys_jerDown
Merging MT_monoZ_catSignal-1jet_sys_jerDown
Merging measMET_monoZ_cat3L_sys_jerDown
Merging MT_monoZ_cat3L_sys_jerDown
Merging measMET_monoZ_cat4L_sys_jerDown
Merging MT_monoZ_cat4L_sys_jerDown
Merging measMET_monoZ_catNRB_sys_jerDown
Merging MT_monoZ_catNRB_sys_jerDown
Merging measMET_monoZ_catTOP_sys_jerDown
Merging MT_monoZ_catTOP_sys_jerDown
Merging measMET_monoZ_catDY_sys_jerDown
Merging MT_monoZ_catDY_sys_jerDown
Merging balance_monoZ_sys_jerDown
Merging phizmet_monoZ_sys_jerDown
Merging njet_monoZ_sys_jerDown
Merging measMET_monoZ_catSignal-0jet_sys_puWeightUp
Merging MT_monoZ_catSignal-0jet_sys_puWeightUp
Merging measMET_monoZ_catEM_sys_puWeightUp
Merging MT_monoZ_catEM_sys_puWeightUp
Merging measMET_monoZ_catSignal-1jet_sys_puWeightUp
Merging MT_monoZ_catSignal-1jet_sys_puWeightUp
Merging measMET_monoZ_cat3L_sys_puWeightUp
Merging MT_monoZ_cat3L_sys_puWeightUp
Merging measMET_monoZ_cat4L_sys_puWeightUp
Merging MT_monoZ_cat4L_sys_puWeightUp
Merging measMET_monoZ_catNRB_sys_puWeightUp
Merging MT_monoZ_catNRB_sys_puWeightUp
Merging measMET_monoZ_catTOP_sys_puWeightUp
Merging MT_monoZ_catTOP_sys_puWeightUp
Merging measMET_monoZ_catDY_sys_puWeightUp
Merging MT_monoZ_catDY_sys_puWeightUp
Merging balance_monoZ_sys_puWeightUp
Merging phizmet_monoZ_sys_puWeightUp
Merging njet_monoZ_sys_puWeightUp
Merging measMET_monoZ_catSignal-0jet_sys_puWeightDown
Merging MT_monoZ_catSignal-0jet_sys_puWeightDown
Merging measMET_monoZ_catEM_sys_puWeightDown
Merging MT_monoZ_catEM_sys_puWeightDown
Merging measMET_monoZ_catSignal-1jet_sys_puWeightDown
Merging MT_monoZ_catSignal-1jet_sys_puWeightDown
Merging measMET_monoZ_cat3L_sys_puWeightDown
Merging MT_monoZ_cat3L_sys_puWeightDown
Merging measMET_monoZ_cat4L_sys_puWeightDown
Merging MT_monoZ_cat4L_sys_puWeightDown
Merging measMET_monoZ_catNRB_sys_puWeightDown
Merging MT_monoZ_catNRB_sys_puWeightDown
Merging measMET_monoZ_catTOP_sys_puWeightDown
Merging MT_monoZ_catTOP_sys_puWeightDown
Merging measMET_monoZ_catDY_sys_puWeightDown
Merging MT_monoZ_catDY_sys_puWeightDown
Merging balance_monoZ_sys_puWeightDown
Merging phizmet_monoZ_sys_puWeightDown
Merging njet_monoZ_sys_puWeightDown
Merging measMET_monoZ_catSignal-0jet_sys_PDFUp
Merging MT_monoZ_catSignal-0jet_sys_PDFUp
Merging measMET_monoZ_catEM_sys_PDFUp
Merging MT_monoZ_catEM_sys_PDFUp
Merging measMET_monoZ_catSignal-1jet_sys_PDFUp
Merging MT_monoZ_catSignal-1jet_sys_PDFUp
Merging measMET_monoZ_cat3L_sys_PDFUp
Merging MT_monoZ_cat3L_sys_PDFUp
Merging measMET_monoZ_cat4L_sys_PDFUp
Merging MT_monoZ_cat4L_sys_PDFUp
Merging measMET_monoZ_catNRB_sys_PDFUp
Merging MT_monoZ_catNRB_sys_PDFUp
Merging measMET_monoZ_catTOP_sys_PDFUp
Merging MT_monoZ_catTOP_sys_PDFUp
Merging measMET_monoZ_catDY_sys_PDFUp
Merging MT_monoZ_catDY_sys_PDFUp
Merging balance_monoZ_sys_PDFUp
Merging phizmet_monoZ_sys_PDFUp
Merging njet_monoZ_sys_PDFUp
Merging measMET_monoZ_catSignal-0jet_sys_PDFDown
Merging MT_monoZ_catSignal-0jet_sys_PDFDown
Merging measMET_monoZ_catEM_sys_PDFDown
Merging MT_monoZ_catEM_sys_PDFDown
Merging measMET_monoZ_catSignal-1jet_sys_PDFDown
Merging MT_monoZ_catSignal-1jet_sys_PDFDown
Merging measMET_monoZ_cat3L_sys_PDFDown
Merging MT_monoZ_cat3L_sys_PDFDown
Merging measMET_monoZ_cat4L_sys_PDFDown
Merging MT_monoZ_cat4L_sys_PDFDown
Merging measMET_monoZ_catNRB_sys_PDFDown
Merging MT_monoZ_catNRB_sys_PDFDown
Merging measMET_monoZ_catTOP_sys_PDFDown
Merging MT_monoZ_catTOP_sys_PDFDown
Merging measMET_monoZ_catDY_sys_PDFDown
Merging MT_monoZ_catDY_sys_PDFDown
Merging balance_monoZ_sys_PDFDown
Merging phizmet_monoZ_sys_PDFDown
Merging njet_monoZ_sys_PDFDown
Merging measMET_monoZ_catSignal-0jet_sys_MuonSFUp
Merging MT_monoZ_catSignal-0jet_sys_MuonSFUp
Merging measMET_monoZ_catEM_sys_MuonSFUp
Merging MT_monoZ_catEM_sys_MuonSFUp
Merging measMET_monoZ_catSignal-1jet_sys_MuonSFUp
Merging MT_monoZ_catSignal-1jet_sys_MuonSFUp
Merging measMET_monoZ_cat3L_sys_MuonSFUp
Merging MT_monoZ_cat3L_sys_MuonSFUp
Merging measMET_monoZ_cat4L_sys_MuonSFUp
Merging MT_monoZ_cat4L_sys_MuonSFUp
Merging measMET_monoZ_catNRB_sys_MuonSFUp
Merging MT_monoZ_catNRB_sys_MuonSFUp
Merging measMET_monoZ_catTOP_sys_MuonSFUp
Merging MT_monoZ_catTOP_sys_MuonSFUp
Merging measMET_monoZ_catDY_sys_MuonSFUp
Merging MT_monoZ_catDY_sys_MuonSFUp
Merging balance_monoZ_sys_MuonSFUp
Merging phizmet_monoZ_sys_MuonSFUp
Merging njet_monoZ_sys_MuonSFUp
Merging measMET_monoZ_catSignal-0jet_sys_MuonSFDown
Merging MT_monoZ_catSignal-0jet_sys_MuonSFDown
Merging measMET_monoZ_catEM_sys_MuonSFDown
Merging MT_monoZ_catEM_sys_MuonSFDown
Merging measMET_monoZ_catSignal-1jet_sys_MuonSFDown
Merging MT_monoZ_catSignal-1jet_sys_MuonSFDown
Merging measMET_monoZ_cat3L_sys_MuonSFDown
Merging MT_monoZ_cat3L_sys_MuonSFDown
Merging measMET_monoZ_cat4L_sys_MuonSFDown
Merging MT_monoZ_cat4L_sys_MuonSFDown
Merging measMET_monoZ_catNRB_sys_MuonSFDown
Merging MT_monoZ_catNRB_sys_MuonSFDown
Merging measMET_monoZ_catTOP_sys_MuonSFDown
Merging MT_monoZ_catTOP_sys_MuonSFDown
Merging measMET_monoZ_catDY_sys_MuonSFDown
Merging MT_monoZ_catDY_sys_MuonSFDown
Merging balance_monoZ_sys_MuonSFDown
Merging phizmet_monoZ_sys_MuonSFDown
Merging njet_monoZ_sys_MuonSFDown
Merging measMET_monoZ_catSignal-0jet_sys_ElecronSFUp
Merging MT_monoZ_catSignal-0jet_sys_ElecronSFUp
Merging measMET_monoZ_catEM_sys_ElecronSFUp
Merging MT_monoZ_catEM_sys_ElecronSFUp
Merging measMET_monoZ_catSignal-1jet_sys_ElecronSFUp
Merging MT_monoZ_catSignal-1jet_sys_ElecronSFUp
Merging measMET_monoZ_cat3L_sys_ElecronSFUp
Merging MT_monoZ_cat3L_sys_ElecronSFUp
Merging measMET_monoZ_cat4L_sys_ElecronSFUp
Merging MT_monoZ_cat4L_sys_ElecronSFUp
Merging measMET_monoZ_catNRB_sys_ElecronSFUp
Merging MT_monoZ_catNRB_sys_ElecronSFUp
Merging measMET_monoZ_catTOP_sys_ElecronSFUp
Merging MT_monoZ_catTOP_sys_ElecronSFUp
Merging measMET_monoZ_catDY_sys_ElecronSFUp
Merging MT_monoZ_catDY_sys_ElecronSFUp
Merging balance_monoZ_sys_ElecronSFUp
Merging phizmet_monoZ_sys_ElecronSFUp
Merging njet_monoZ_sys_ElecronSFUp
Merging measMET_monoZ_catSignal-0jet_sys_ElecronSFDown
Merging MT_monoZ_catSignal-0jet_sys_ElecronSFDown
Merging measMET_monoZ_catEM_sys_ElecronSFDown
Merging MT_monoZ_catEM_sys_ElecronSFDown
Merging measMET_monoZ_catSignal-1jet_sys_ElecronSFDown
Merging MT_monoZ_catSignal-1jet_sys_ElecronSFDown
Merging measMET_monoZ_cat3L_sys_ElecronSFDown
Merging MT_monoZ_cat3L_sys_ElecronSFDown
Merging measMET_monoZ_cat4L_sys_ElecronSFDown
Merging MT_monoZ_cat4L_sys_ElecronSFDown
Merging measMET_monoZ_catNRB_sys_ElecronSFDown
Merging MT_monoZ_catNRB_sys_ElecronSFDown
Merging measMET_monoZ_catTOP_sys_ElecronSFDown
Merging MT_monoZ_catTOP_sys_ElecronSFDown
Merging measMET_monoZ_catDY_sys_ElecronSFDown
Merging MT_monoZ_catDY_sys_ElecronSFDown
Merging balance_monoZ_sys_ElecronSFDown
Merging phizmet_monoZ_sys_ElecronSFDown
Merging njet_monoZ_sys_ElecronSFDown
Merging measMET_monoZ_catSignal-0jet_sys_EWKUp
Merging MT_monoZ_catSignal-0jet_sys_EWKUp
Merging measMET_monoZ_catEM_sys_EWKUp
Merging MT_monoZ_catEM_sys_EWKUp
Merging measMET_monoZ_catSignal-1jet_sys_EWKUp
Merging MT_monoZ_catSignal-1jet_sys_EWKUp
Merging measMET_monoZ_cat3L_sys_EWKUp
Merging MT_monoZ_cat3L_sys_EWKUp
Merging measMET_monoZ_cat4L_sys_EWKUp
Merging MT_monoZ_cat4L_sys_EWKUp
Merging measMET_monoZ_catNRB_sys_EWKUp
Merging MT_monoZ_catNRB_sys_EWKUp
Merging measMET_monoZ_catTOP_sys_EWKUp
Merging MT_monoZ_catTOP_sys_EWKUp
Merging measMET_monoZ_catDY_sys_EWKUp
Merging MT_monoZ_catDY_sys_EWKUp
Merging balance_monoZ_sys_EWKUp
Merging phizmet_monoZ_sys_EWKUp
Merging njet_monoZ_sys_EWKUp
Merging measMET_monoZ_catSignal-0jet_sys_EWKDown
Merging MT_monoZ_catSignal-0jet_sys_EWKDown
Merging measMET_monoZ_catEM_sys_EWKDown
Merging MT_monoZ_catEM_sys_EWKDown
Merging measMET_monoZ_catSignal-1jet_sys_EWKDown
Merging MT_monoZ_catSignal-1jet_sys_EWKDown
Merging measMET_monoZ_cat3L_sys_EWKDown
Merging MT_monoZ_cat3L_sys_EWKDown
Merging measMET_monoZ_cat4L_sys_EWKDown
Merging MT_monoZ_cat4L_sys_EWKDown
Merging measMET_monoZ_catNRB_sys_EWKDown
Merging MT_monoZ_catNRB_sys_EWKDown
Merging measMET_monoZ_catTOP_sys_EWKDown
Merging MT_monoZ_catTOP_sys_EWKDown
Merging measMET_monoZ_catDY_sys_EWKDown
Merging MT_monoZ_catDY_sys_EWKDown
Merging balance_monoZ_sys_EWKDown
Merging phizmet_monoZ_sys_EWKDown
Merging njet_monoZ_sys_EWKDown
Merging measMET_monoZ_catSignal-0jet_sys_nvtxWeightUp
Merging MT_monoZ_catSignal-0jet_sys_nvtxWeightUp
Merging measMET_monoZ_catEM_sys_nvtxWeightUp
Merging MT_monoZ_catEM_sys_nvtxWeightUp
Merging measMET_monoZ_catSignal-1jet_sys_nvtxWeightUp
Merging MT_monoZ_catSignal-1jet_sys_nvtxWeightUp
Merging measMET_monoZ_cat3L_sys_nvtxWeightUp
Merging MT_monoZ_cat3L_sys_nvtxWeightUp
Merging measMET_monoZ_cat4L_sys_nvtxWeightUp
Merging MT_monoZ_cat4L_sys_nvtxWeightUp
Merging measMET_monoZ_catNRB_sys_nvtxWeightUp
Merging MT_monoZ_catNRB_sys_nvtxWeightUp
Merging measMET_monoZ_catTOP_sys_nvtxWeightUp
Merging MT_monoZ_catTOP_sys_nvtxWeightUp
Merging measMET_monoZ_catDY_sys_nvtxWeightUp
Merging MT_monoZ_catDY_sys_nvtxWeightUp
Merging balance_monoZ_sys_nvtxWeightUp
Merging phizmet_monoZ_sys_nvtxWeightUp
Merging njet_monoZ_sys_nvtxWeightUp
Merging measMET_monoZ_catSignal-0jet_sys_nvtxWeightDown
Merging MT_monoZ_catSignal-0jet_sys_nvtxWeightDown
Merging measMET_monoZ_catEM_sys_nvtxWeightDown
Merging MT_monoZ_catEM_sys_nvtxWeightDown
Merging measMET_monoZ_catSignal-1jet_sys_nvtxWeightDown
Merging MT_monoZ_catSignal-1jet_sys_nvtxWeightDown
Merging measMET_monoZ_cat3L_sys_nvtxWeightDown
Merging MT_monoZ_cat3L_sys_nvtxWeightDown
Merging measMET_monoZ_cat4L_sys_nvtxWeightDown
Merging MT_monoZ_cat4L_sys_nvtxWeightDown
Merging measMET_monoZ_catNRB_sys_nvtxWeightDown
Merging MT_monoZ_catNRB_sys_nvtxWeightDown
Merging measMET_monoZ_catTOP_sys_nvtxWeightDown
Merging MT_monoZ_catTOP_sys_nvtxWeightDown
Merging measMET_monoZ_catDY_sys_nvtxWeightDown
Merging MT_monoZ_catDY_sys_nvtxWeightDown
Merging balance_monoZ_sys_nvtxWeightDown
Merging phizmet_monoZ_sys_nvtxWeightDown
Merging njet_monoZ_sys_nvtxWeightDown
Merging measMET_monoZ_catSignal-0jet_sys_TriggerSFWeightUp
Merging MT_monoZ_catSignal-0jet_sys_TriggerSFWeightUp
Merging measMET_monoZ_catEM_sys_TriggerSFWeightUp
Merging MT_monoZ_catEM_sys_TriggerSFWeightUp
Merging measMET_monoZ_catSignal-1jet_sys_TriggerSFWeightUp
Merging MT_monoZ_catSignal-1jet_sys_TriggerSFWeightUp
Merging measMET_monoZ_cat3L_sys_TriggerSFWeightUp
Merging MT_monoZ_cat3L_sys_TriggerSFWeightUp
Merging measMET_monoZ_cat4L_sys_TriggerSFWeightUp
Merging MT_monoZ_cat4L_sys_TriggerSFWeightUp
Merging measMET_monoZ_catNRB_sys_TriggerSFWeightUp
Merging MT_monoZ_catNRB_sys_TriggerSFWeightUp
Merging measMET_monoZ_catTOP_sys_TriggerSFWeightUp
Merging MT_monoZ_catTOP_sys_TriggerSFWeightUp
Merging measMET_monoZ_catDY_sys_TriggerSFWeightUp
Merging MT_monoZ_catDY_sys_TriggerSFWeightUp
Merging balance_monoZ_sys_TriggerSFWeightUp
Merging phizmet_monoZ_sys_TriggerSFWeightUp
Merging njet_monoZ_sys_TriggerSFWeightUp
Merging measMET_monoZ_catSignal-0jet_sys_TriggerSFWeightDown
Merging MT_monoZ_catSignal-0jet_sys_TriggerSFWeightDown
Merging measMET_monoZ_catEM_sys_TriggerSFWeightDown
Merging MT_monoZ_catEM_sys_TriggerSFWeightDown
Merging measMET_monoZ_catSignal-1jet_sys_TriggerSFWeightDown
Merging MT_monoZ_catSignal-1jet_sys_TriggerSFWeightDown
Merging measMET_monoZ_cat3L_sys_TriggerSFWeightDown
Merging MT_monoZ_cat3L_sys_TriggerSFWeightDown
Merging measMET_monoZ_cat4L_sys_TriggerSFWeightDown
Merging MT_monoZ_cat4L_sys_TriggerSFWeightDown
Merging measMET_monoZ_catNRB_sys_TriggerSFWeightDown
Merging MT_monoZ_catNRB_sys_TriggerSFWeightDown
Merging measMET_monoZ_catTOP_sys_TriggerSFWeightDown
Merging MT_monoZ_catTOP_sys_TriggerSFWeightDown
Merging measMET_monoZ_catDY_sys_TriggerSFWeightDown
Merging MT_monoZ_catDY_sys_TriggerSFWeightDown
Merging balance_monoZ_sys_TriggerSFWeightDown
Merging phizmet_monoZ_sys_TriggerSFWeightDown
Merging njet_monoZ_sys_TriggerSFWeightDown
Merging measMET_monoZ_catSignal-0jet_sys_btagEventWeightUp
Merging MT_monoZ_catSignal-0jet_sys_btagEventWeightUp
Merging measMET_monoZ_catEM_sys_btagEventWeightUp
Merging MT_monoZ_catEM_sys_btagEventWeightUp
Merging measMET_monoZ_catSignal-1jet_sys_btagEventWeightUp
Merging MT_monoZ_catSignal-1jet_sys_btagEventWeightUp
Merging measMET_monoZ_cat3L_sys_btagEventWeightUp
Merging MT_monoZ_cat3L_sys_btagEventWeightUp
Merging measMET_monoZ_cat4L_sys_btagEventWeightUp
Merging MT_monoZ_cat4L_sys_btagEventWeightUp
Merging measMET_monoZ_catNRB_sys_btagEventWeightUp
Merging MT_monoZ_catNRB_sys_btagEventWeightUp
Merging measMET_monoZ_catTOP_sys_btagEventWeightUp
Merging MT_monoZ_catTOP_sys_btagEventWeightUp
Merging measMET_monoZ_catDY_sys_btagEventWeightUp
Merging MT_monoZ_catDY_sys_btagEventWeightUp
Merging balance_monoZ_sys_btagEventWeightUp
Merging phizmet_monoZ_sys_btagEventWeightUp
Merging njet_monoZ_sys_btagEventWeightUp
Merging measMET_monoZ_catSignal-0jet_sys_btagEventWeightDown
Merging MT_monoZ_catSignal-0jet_sys_btagEventWeightDown
Merging measMET_monoZ_catEM_sys_btagEventWeightDown
Merging MT_monoZ_catEM_sys_btagEventWeightDown
Merging measMET_monoZ_catSignal-1jet_sys_btagEventWeightDown
Merging MT_monoZ_catSignal-1jet_sys_btagEventWeightDown
Merging measMET_monoZ_cat3L_sys_btagEventWeightDown
Merging MT_monoZ_cat3L_sys_btagEventWeightDown
Merging measMET_monoZ_cat4L_sys_btagEventWeightDown
Merging MT_monoZ_cat4L_sys_btagEventWeightDown
Merging measMET_monoZ_catNRB_sys_btagEventWeightDown
Merging MT_monoZ_catNRB_sys_btagEventWeightDown
Merging measMET_monoZ_catTOP_sys_btagEventWeightDown
Merging MT_monoZ_catTOP_sys_btagEventWeightDown
Merging measMET_monoZ_catDY_sys_btagEventWeightDown
Merging MT_monoZ_catDY_sys_btagEventWeightDown
Merging balance_monoZ_sys_btagEventWeightDown
Merging phizmet_monoZ_sys_btagEventWeightDown
Merging njet_monoZ_sys_btagEventWeightDown
Merging measMET_monoZ_catSignal-0jet_sys_QCDScale0wUp
Merging MT_monoZ_catSignal-0jet_sys_QCDScale0wUp
Merging measMET_monoZ_catEM_sys_QCDScale0wUp
Merging MT_monoZ_catEM_sys_QCDScale0wUp
Merging measMET_monoZ_catSignal-1jet_sys_QCDScale0wUp
Merging MT_monoZ_catSignal-1jet_sys_QCDScale0wUp
Merging measMET_monoZ_cat3L_sys_QCDScale0wUp
Merging MT_monoZ_cat3L_sys_QCDScale0wUp
Merging measMET_monoZ_cat4L_sys_QCDScale0wUp
Merging MT_monoZ_cat4L_sys_QCDScale0wUp
Merging measMET_monoZ_catNRB_sys_QCDScale0wUp
Merging MT_monoZ_catNRB_sys_QCDScale0wUp
Merging measMET_monoZ_catTOP_sys_QCDScale0wUp
Merging MT_monoZ_catTOP_sys_QCDScale0wUp
Merging measMET_monoZ_catDY_sys_QCDScale0wUp
Merging MT_monoZ_catDY_sys_QCDScale0wUp
Merging balance_monoZ_sys_QCDScale0wUp
Merging phizmet_monoZ_sys_QCDScale0wUp
Merging njet_monoZ_sys_QCDScale0wUp
Merging measMET_monoZ_catSignal-0jet_sys_QCDScale0wDown
Merging MT_monoZ_catSignal-0jet_sys_QCDScale0wDown
Merging measMET_monoZ_catEM_sys_QCDScale0wDown
Merging MT_monoZ_catEM_sys_QCDScale0wDown
Merging measMET_monoZ_catSignal-1jet_sys_QCDScale0wDown
Merging MT_monoZ_catSignal-1jet_sys_QCDScale0wDown
Merging measMET_monoZ_cat3L_sys_QCDScale0wDown
Merging MT_monoZ_cat3L_sys_QCDScale0wDown
Merging measMET_monoZ_cat4L_sys_QCDScale0wDown
Merging MT_monoZ_cat4L_sys_QCDScale0wDown
Merging measMET_monoZ_catNRB_sys_QCDScale0wDown
Merging MT_monoZ_catNRB_sys_QCDScale0wDown
Merging measMET_monoZ_catTOP_sys_QCDScale0wDown
Merging MT_monoZ_catTOP_sys_QCDScale0wDown
Merging measMET_monoZ_catDY_sys_QCDScale0wDown
Merging MT_monoZ_catDY_sys_QCDScale0wDown
Merging balance_monoZ_sys_QCDScale0wDown
Merging phizmet_monoZ_sys_QCDScale0wDown
Merging njet_monoZ_sys_QCDScale0wDown
Merging measMET_monoZ_catSignal-0jet_sys_QCDScale1wUp
Merging MT_monoZ_catSignal-0jet_sys_QCDScale1wUp
Merging measMET_monoZ_catEM_sys_QCDScale1wUp
Merging MT_monoZ_catEM_sys_QCDScale1wUp
Merging measMET_monoZ_catSignal-1jet_sys_QCDScale1wUp
Merging MT_monoZ_catSignal-1jet_sys_QCDScale1wUp
Merging measMET_monoZ_cat3L_sys_QCDScale1wUp
Merging MT_monoZ_cat3L_sys_QCDScale1wUp
Merging measMET_monoZ_cat4L_sys_QCDScale1wUp
Merging MT_monoZ_cat4L_sys_QCDScale1wUp
Merging measMET_monoZ_catNRB_sys_QCDScale1wUp
Merging MT_monoZ_catNRB_sys_QCDScale1wUp
Merging measMET_monoZ_catTOP_sys_QCDScale1wUp
Merging MT_monoZ_catTOP_sys_QCDScale1wUp
Merging measMET_monoZ_catDY_sys_QCDScale1wUp
Merging MT_monoZ_catDY_sys_QCDScale1wUp
Merging balance_monoZ_sys_QCDScale1wUp
Merging phizmet_monoZ_sys_QCDScale1wUp
Merging njet_monoZ_sys_QCDScale1wUp
Merging measMET_monoZ_catSignal-0jet_sys_QCDScale1wDown
Merging MT_monoZ_catSignal-0jet_sys_QCDScale1wDown
Merging measMET_monoZ_catEM_sys_QCDScale1wDown
Merging MT_monoZ_catEM_sys_QCDScale1wDown
Merging measMET_monoZ_catSignal-1jet_sys_QCDScale1wDown
Merging MT_monoZ_catSignal-1jet_sys_QCDScale1wDown
Merging measMET_monoZ_cat3L_sys_QCDScale1wDown
Merging MT_monoZ_cat3L_sys_QCDScale1wDown
Merging measMET_monoZ_cat4L_sys_QCDScale1wDown
Merging MT_monoZ_cat4L_sys_QCDScale1wDown
Merging measMET_monoZ_catNRB_sys_QCDScale1wDown
Merging MT_monoZ_catNRB_sys_QCDScale1wDown
Merging measMET_monoZ_catTOP_sys_QCDScale1wDown
Merging MT_monoZ_catTOP_sys_QCDScale1wDown
Merging measMET_monoZ_catDY_sys_QCDScale1wDown
Merging MT_monoZ_catDY_sys_QCDScale1wDown
Merging balance_monoZ_sys_QCDScale1wDown
Merging phizmet_monoZ_sys_QCDScale1wDown
Merging njet_monoZ_sys_QCDScale1wDown
Merging measMET_monoZ_catSignal-0jet_sys_QCDScale2wUp
Merging MT_monoZ_catSignal-0jet_sys_QCDScale2wUp
Merging measMET_monoZ_catEM_sys_QCDScale2wUp
Merging MT_monoZ_catEM_sys_QCDScale2wUp
Merging measMET_monoZ_catSignal-1jet_sys_QCDScale2wUp
Merging MT_monoZ_catSignal-1jet_sys_QCDScale2wUp
Merging measMET_monoZ_cat3L_sys_QCDScale2wUp
Merging MT_monoZ_cat3L_sys_QCDScale2wUp
Merging measMET_monoZ_cat4L_sys_QCDScale2wUp
Merging MT_monoZ_cat4L_sys_QCDScale2wUp
Merging measMET_monoZ_catNRB_sys_QCDScale2wUp
Merging MT_monoZ_catNRB_sys_QCDScale2wUp
Merging measMET_monoZ_catTOP_sys_QCDScale2wUp
Merging MT_monoZ_catTOP_sys_QCDScale2wUp
Merging measMET_monoZ_catDY_sys_QCDScale2wUp
Merging MT_monoZ_catDY_sys_QCDScale2wUp
Merging balance_monoZ_sys_QCDScale2wUp
Merging phizmet_monoZ_sys_QCDScale2wUp
Merging njet_monoZ_sys_QCDScale2wUp
Merging measMET_monoZ_catSignal-0jet_sys_QCDScale2wDown
Merging MT_monoZ_catSignal-0jet_sys_QCDScale2wDown
Merging measMET_monoZ_catEM_sys_QCDScale2wDown
Merging MT_monoZ_catEM_sys_QCDScale2wDown
Merging measMET_monoZ_catSignal-1jet_sys_QCDScale2wDown
Merging MT_monoZ_catSignal-1jet_sys_QCDScale2wDown
Merging measMET_monoZ_cat3L_sys_QCDScale2wDown
Merging MT_monoZ_cat3L_sys_QCDScale2wDown
Merging measMET_monoZ_cat4L_sys_QCDScale2wDown
Merging MT_monoZ_cat4L_sys_QCDScale2wDown
Merging measMET_monoZ_catNRB_sys_QCDScale2wDown
Merging MT_monoZ_catNRB_sys_QCDScale2wDown
Merging measMET_monoZ_catTOP_sys_QCDScale2wDown
Merging MT_monoZ_catTOP_sys_QCDScale2wDown
Merging measMET_monoZ_catDY_sys_QCDScale2wDown
Merging MT_monoZ_catDY_sys_QCDScale2wDown
Merging balance_monoZ_sys_QCDScale2wDown
Merging phizmet_monoZ_sys_QCDScale2wDown
Merging njet_monoZ_sys_QCDScale2wDown
Merging Events
Merging Runs
Merging ParameterSets
Merging LuminosityBlocks
Merging MetaData
Merging MT_ADDMonoZ_MD_1_d_4_catTOP_sys_jesTotalUp
Merging measMET_ADDMonoZ_MD_1_d_4_catDY_sys_jerDown
Merging MT_ADDMonoZ_MD_1_d_4_catEM
Merging MT_ADDMonoZ_MD_1_d_4_catDY_sys_TriggerSFWeightDown
Merging measMET_ADDMonoZ_MD_1_d_4_catNRB_sys_TriggerSFWeightUp
Merging MT_ADDMonoZ_MD_1_d_4_cat3L_sys_btagEventWeightUp
Merging MT_ADDMonoZ_MD_1_d_4_catSignal-1jet_sys_QCDScale2wDown
Merging MT_ADDMonoZ_MD_1_d_4_catSignal-0jet_sys_btagEventWeightDown
Merging MT_ADDMonoZ_MD_1_d_4_cat4L_sys_btagEventWeightUp
Merging phizmet_ADDMonoZ_MD_1_d_4_sys_btagEventWeightUp
Merging njet_ADDMonoZ_MD_1_d_4_sys_puWeightUp
Merging measMET_ADDMonoZ_MD_1_d_4_catNRB_sys_PDFDown
Merging measMET_ADDMonoZ_MD_1_d_4_catSignal-0jet_sys_jesTotalDown
Merging measMET_ADDMonoZ_MD_1_d_4_catDY_sys_TriggerSFWeightDown
Merging MT_ADDMonoZ_MD_1_d_4_catEM_sys_MuonSFDown
Merging measMET_ADDMonoZ_MD_1_d_4_catDY_sys_EWKUp
Merging MT_ADDMonoZ_MD_1_d_4_catSignal-0jet_sys_ElectronEnDown
Merging measMET_ADDMonoZ_MD_1_d_4_cat3L_sys_QCDScale1wDown
Merging phizmet_ADDMonoZ_MD_1_d_4_sys_ElecronSFDown
Merging measMET_ADDMonoZ_MD_1_d_4_catSignal-1jet_sys_QCDScale2wUp
Merging MT_ADDMonoZ_MD_1_d_4_catNRB_sys_nvtxWeightDown
Merging MT_ADDMonoZ_MD_1_d_4_cat3L_sys_nvtxWeightDown
Merging measMET_ADDMonoZ_MD_1_d_4_catDY_sys_MuonEnDown
Merging phizmet_ADDMonoZ_MD_1_d_4_sys_MuonSFDown
Merging MT_ADDMonoZ_MD_1_d_4_catEM_sys_ElectronEnDown
Merging measMET_ADDMonoZ_MD_1_d_4_catTOP_sys_MuonSFDown
Merging measMET_ADDMonoZ_MD_1_d_4_catNRB_sys_QCDScale0wUp
Merging measMET_ADDMonoZ_MD_1_d_4_catSignal-0jet_sys_QCDScale0wUp
Merging measMET_ADDMonoZ_MD_1_d_4_catEM_sys_jerUp
Merging phizmet_ADDMonoZ_MD_1_d_4_sys_QCDScale2wUp
Merging MT_ADDMonoZ_MD_1_d_4_catSignal-1jet_sys_MuonEnDown
Merging MT_ADDMonoZ_MD_1_d_4_catNRB_sys_puWeightUp
Merging MT_ADDMonoZ_MD_1_d_4_catSignal-0jet_sys_jesTotalUp
Merging MT_ADDMonoZ_MD_1_d_4_cat4L_sys_TriggerSFWeightUp
Merging njet_ADDMonoZ_MD_1_d_4_sys_btagEventWeightUp
Merging MT_ADDMonoZ_MD_1_d_4_cat4L_sys_puWeightDown
Merging MT_ADDMonoZ_MD_1_d_4_catNRB_sys_EWKUp
Merging measMET_ADDMonoZ_MD_1_d_4_catSignal-0jet_sys_puWeightUp
Merging measMET_ADDMonoZ_MD_1_d_4_cat3L_sys_nvtxWeightDown
Merging measMET_ADDMonoZ_MD_1_d_4_cat4L_sys_puWeightUp
Merging measMET_ADDMonoZ_MD_1_d_4_catDY_sys_puWeightUp
Merging MT_ADDMonoZ_MD_1_d_4_cat4L_sys_QCDScale0wDown
Merging njet_ADDMonoZ_MD_1_d_4_sys_TriggerSFWeightDown
Merging MT_ADDMonoZ_MD_1_d_4_cat3L_sys_puWeightDown
Merging measMET_ADDMonoZ_MD_1_d_4_catTOP_sys_ElecronSFDown
Merging MT_ADDMonoZ_MD_1_d_4_catTOP_sys_QCDScale1wDown
Merging measMET_ADDMonoZ_MD_1_d_4_cat3L_sys_QCDScale0wUp
Merging MT_ADDMonoZ_MD_1_d_4_catNRB
Merging MT_ADDMonoZ_MD_1_d_4_catSignal-0jet_sys_ElectronEnUp
Merging MT_ADDMonoZ_MD_1_d_4_catSignal-1jet_sys_ElecronSFDown
Merging MT_ADDMonoZ_MD_1_d_4_catEM_sys_QCDScale2wUp
Merging measMET_ADDMonoZ_MD_1_d_4_catDY_sys_EWKDown
Merging measMET_ADDMonoZ_MD_1_d_4_catDY_sys_QCDScale1wUp
Merging balance_ADDMonoZ_MD_1_d_4_sys_EWKUp
Merging MT_ADDMonoZ_MD_1_d_4_cat3L_sys_ElectronEnUp
Merging MT_ADDMonoZ_MD_1_d_4_catNRB_sys_jerDown
Merging balance_ADDMonoZ_MD_1_d_4_sys_jesTotalUp
Merging njet_ADDMonoZ_MD_1_d_4_sys_EWKDown
Merging measMET_ADDMonoZ_MD_1_d_4_catSignal-0jet_sys_ElectronEnDown
Merging MT_ADDMonoZ_MD_1_d_4_catTOP_sys_jerUp
Merging MT_ADDMonoZ_MD_1_d_4_cat3L_sys_PDFDown
Merging MT_ADDMonoZ_MD_1_d_4_catEM_sys_puWeightUp
Merging MT_ADDMonoZ_MD_1_d_4_catTOP_sys_ElectronEnDown
Merging measMET_ADDMonoZ_MD_1_d_4_cat3L_sys_jesTotalDown
Merging measMET_ADDMonoZ_MD_1_d_4_catSignal-1jet_sys_QCDScale1wDown
Merging measMET_ADDMonoZ_MD_1_d_4_cat4L_sys_puWeightDown
Merging measMET_ADDMonoZ_MD_1_d_4_catDY_sys_PDFDown
Merging MT_ADDMonoZ_MD_1_d_4_catNRB_sys_ElectronEnUp
Merging MT_ADDMonoZ_MD_1_d_4_catSignal-1jet_sys_jesTotalDown
Merging phizmet_ADDMonoZ_MD_1_d_4_sys_QCDScale1wUp
Merging measMET_ADDMonoZ_MD_1_d_4_catTOP_sys_jesTotalDown
Merging balance_ADDMonoZ_MD_1_d_4_sys_jerDown
Merging MT_ADDMonoZ_MD_1_d_4_cat3L_sys_ElectronEnDown
Merging MT_ADDMonoZ_MD_1_d_4_catSignal-0jet_sys_jesTotalDown
Merging balance_ADDMonoZ_MD_1_d_4_sys_EWKDown
Merging MT_ADDMonoZ_MD_1_d_4_catSignal-0jet_sys_ElecronSFUp
Merging MT_ADDMonoZ_MD_1_d_4_catSignal-1jet_sys_MuonSFUp
Merging measMET_ADDMonoZ_MD_1_d_4_catEM_sys_TriggerSFWeightDown
Merging MT_ADDMonoZ_MD_1_d_4_cat4L_sys_MuonSFUp
Merging measMET_ADDMonoZ_MD_1_d_4_catSignal-0jet_sys_TriggerSFWeightDown
Merging MT_ADDMonoZ_MD_1_d_4_catNRB_sys_MuonSFUp
Merging measMET_ADDMonoZ_MD_1_d_4_catDY_sys_nvtxWeightDown
Merging measMET_ADDMonoZ_MD_1_d_4_catSignal-0jet_sys_MuonSFUp
Merging MT_ADDMonoZ_MD_1_d_4_catTOP_sys_btagEventWeightDown
Merging MT_ADDMonoZ_MD_1_d_4_cat4L_sys_jerDown
Merging measMET_ADDMonoZ_MD_1_d_4_catDY_sys_btagEventWeightUp
Merging MT_ADDMonoZ_MD_1_d_4_catNRB_sys_MuonSFDown
Merging MT_ADDMonoZ_MD_1_d_4_catSignal-0jet_sys_PDFDown
Merging njet_ADDMonoZ_MD_1_d_4_sys_jerUp
Merging measMET_ADDMonoZ_MD_1_d_4_catSignal-0jet_sys_ElecronSFDown
Merging measMET_ADDMonoZ_MD_1_d_4_catTOP_sys_QCDScale0wDown
Merging measMET_ADDMonoZ_MD_1_d_4_catEM_sys_nvtxWeightUp
Merging MT_ADDMonoZ_MD_1_d_4_cat3L_sys_MuonEnUp
Merging measMET_ADDMonoZ_MD_1_d_4_catDY_sys_QCDScale1wDown
Merging measMET_ADDMonoZ_MD_1_d_4_cat4L_sys_ElecronSFDown
Merging MT_ADDMonoZ_MD_1_d_4_catTOP_sys_EWKDown
Merging measMET_ADDMonoZ_MD_1_d_4_cat4L_sys_QCDScale2wDown
Merging measMET_ADDMonoZ_MD_1_d_4_cat3L_sys_MuonSFUp
Merging measMET_ADDMonoZ_MD_1_d_4_catEM_sys_QCDScale1wUp
Merging MT_ADDMonoZ_MD_1_d_4_catNRB_sys_nvtxWeightUp
Merging MT_ADDMonoZ_MD_1_d_4_cat3L_sys_MuonSFUp
Merging balance_ADDMonoZ_MD_1_d_4_sys_MuonEnDown
Merging MT_ADDMonoZ_MD_1_d_4_catSignal-0jet_sys_nvtxWeightDown
Merging MT_ADDMonoZ_MD_1_d_4_cat3L_sys_jerUp
Merging balance_ADDMonoZ_MD_1_d_4_sys_jesTotalDown
Merging phizmet_ADDMonoZ_MD_1_d_4_sys_PDFUp
Merging measMET_ADDMonoZ_MD_1_d_4_catEM_sys_puWeightUp
Merging measMET_ADDMonoZ_MD_1_d_4_catEM_sys_PDFDown
Merging measMET_ADDMonoZ_MD_1_d_4_catNRB_sys_ElecronSFUp
Merging autoPU
Merging MT_ADDMonoZ_MD_1_d_4_catSignal-0jet_sys_TriggerSFWeightDown
Merging MT_ADDMonoZ_MD_1_d_4_catDY_sys_MuonSFDown
Merging measMET_ADDMonoZ_MD_1_d_4_cat4L_sys_jesTotalDown
Merging MT_ADDMonoZ_MD_1_d_4_catSignal-0jet_sys_EWKUp
Merging measMET_ADDMonoZ_MD_1_d_4_catSignal-0jet_sys_puWeightDown
Merging measMET_ADDMonoZ_MD_1_d_4_cat4L_sys_nvtxWeightUp
Merging MT_ADDMonoZ_MD_1_d_4_catEM_sys_jesTotalUp
Merging measMET_ADDMonoZ_MD_1_d_4_catNRB_sys_PDFUp
Merging MT_ADDMonoZ_MD_1_d_4_catTOP_sys_QCDScale2wUp
Merging phizmet_ADDMonoZ_MD_1_d_4_sys_jesTotalUp
Merging MT_ADDMonoZ_MD_1_d_4_catSignal-0jet_sys_MuonEnDown
Merging MT_ADDMonoZ_MD_1_d_4_catSignal-1jet_sys_puWeightUp
Merging measMET_ADDMonoZ_MD_1_d_4_catTOP_sys_TriggerSFWeightUp
Merging MT_ADDMonoZ_MD_1_d_4_catSignal-1jet_sys_EWKDown
Merging measMET_ADDMonoZ_MD_1_d_4_cat3L_sys_btagEventWeightUp
Merging MT_ADDMonoZ_MD_1_d_4_cat4L_sys_QCDScale0wUp
Merging measMET_ADDMonoZ_MD_1_d_4_catSignal-0jet_sys_ElectronEnUp
Merging measMET_ADDMonoZ_MD_1_d_4_cat3L_sys_QCDScale2wDown
Merging MT_ADDMonoZ_MD_1_d_4_cat3L_sys_QCDScale0wUp
Merging measMET_ADDMonoZ_MD_1_d_4_catDY_sys_MuonSFUp
Merging phizmet_ADDMonoZ_MD_1_d_4_sys_TriggerSFWeightUp
Merging MT_ADDMonoZ_MD_1_d_4_cat4L_sys_ElectronEnDown
Merging measMET_ADDMonoZ_MD_1_d_4_cat4L_sys_PDFDown
Merging MT_ADDMonoZ_MD_1_d_4_catDY_sys_nvtxWeightUp
Merging phizmet_ADDMonoZ_MD_1_d_4_sys_nvtxWeightUp
Merging MT_ADDMonoZ_MD_1_d_4_catEM_sys_QCDScale0wUp
Merging MT_ADDMonoZ_MD_1_d_4_cat3L_sys_TriggerSFWeightUp
Merging measMET_ADDMonoZ_MD_1_d_4_cat3L_sys_PDFDown
Merging MT_ADDMonoZ_MD_1_d_4_catNRB_sys_jesTotalUp
Merging measMET_ADDMonoZ_MD_1_d_4_catDY_sys_btagEventWeightDown
Merging balance_ADDMonoZ_MD_1_d_4_sys_MuonSFUp
Merging measMET_ADDMonoZ_MD_1_d_4_catSignal-1jet_sys_ElecronSFUp
Merging MT_ADDMonoZ_MD_1_d_4_catTOP_sys_ElectronEnUp
Merging measMET_ADDMonoZ_MD_1_d_4_catSignal-0jet_sys_EWKDown
Merging measMET_ADDMonoZ_MD_1_d_4_catTOP_sys_ElectronEnDown
Merging MT_ADDMonoZ_MD_1_d_4_catDY_sys_jerDown
Merging MT_ADDMonoZ_MD_1_d_4_cat3L_sys_jesTotalUp
Merging phizmet_ADDMonoZ_MD_1_d_4_sys_QCDScale2wDown
Merging MT_ADDMonoZ_MD_1_d_4_cat3L_sys_EWKDown
Merging MT_ADDMonoZ_MD_1_d_4_catSignal-0jet_sys_ElecronSFDown
Merging MT_ADDMonoZ_MD_1_d_4_cat3L_sys_btagEventWeightDown
Merging MT_ADDMonoZ_MD_1_d_4_catSignal-0jet_sys_EWKDown
Merging MT_ADDMonoZ_MD_1_d_4_catEM_sys_jesTotalDown
Merging measMET_ADDMonoZ_MD_1_d_4_catEM_sys_QCDScale1wDown
Merging phizmet_ADDMonoZ_MD_1_d_4_sys_jerUp
Merging MT_ADDMonoZ_MD_1_d_4_catSignal-1jet_sys_QCDScale1wUp
Merging phizmet_ADDMonoZ_MD_1_d_4_sys_nvtxWeightDown
Merging MT_ADDMonoZ_MD_1_d_4_catSignal-1jet_sys_ElecronSFUp
Merging phizmet_ADDMonoZ_MD_1_d_4
Merging MT_ADDMonoZ_MD_1_d_4_catNRB_sys_PDFDown
Merging measMET_ADDMonoZ_MD_1_d_4_catSignal-1jet_sys_ElectronEnDown
Merging measMET_ADDMonoZ_MD_1_d_4_catTOP_sys_QCDScale2wDown
Merging njet_ADDMonoZ_MD_1_d_4_sys_EWKUp
Merging MT_ADDMonoZ_MD_1_d_4_catTOP_sys_MuonSFDown
Merging measMET_ADDMonoZ_MD_1_d_4_catEM_sys_QCDScale0wDown
Merging measMET_ADDMonoZ_MD_1_d_4_catNRB_sys_ElectronEnDown
Merging MT_ADDMonoZ_MD_1_d_4_catTOP_sys_puWeightDown
Merging MT_ADDMonoZ_MD_1_d_4_catTOP
Merging measMET_ADDMonoZ_MD_1_d_4_catTOP_sys_QCDScale0wUp
Merging measMET_ADDMonoZ_MD_1_d_4_cat3L_sys_MuonSFDown
Merging measMET_ADDMonoZ_MD_1_d_4_catDY_sys_QCDScale2wUp
Merging measMET_ADDMonoZ_MD_1_d_4_catSignal-1jet_sys_QCDScale2wDown
Merging MT_ADDMonoZ_MD_1_d_4_catDY_sys_ElectronEnDown
Merging measMET_ADDMonoZ_MD_1_d_4_catSignal-1jet_sys_QCDScale0wUp
Merging MT_ADDMonoZ_MD_1_d_4_catTOP_sys_QCDScale2wDown
Merging measMET_ADDMonoZ_MD_1_d_4_cat3L_sys_MuonEnUp
Merging measMET_ADDMonoZ_MD_1_d_4_catDY_sys_PDFUp
Merging measMET_ADDMonoZ_MD_1_d_4_cat4L_sys_MuonEnDown
Merging MT_ADDMonoZ_MD_1_d_4_cat3L_sys_TriggerSFWeightDown
Merging MT_ADDMonoZ_MD_1_d_4_catTOP_sys_PDFUp
Merging MT_ADDMonoZ_MD_1_d_4_catSignal-1jet_sys_jerDown
Merging MT_ADDMonoZ_MD_1_d_4_catEM_sys_nvtxWeightDown
Merging MT_ADDMonoZ_MD_1_d_4_catTOP_sys_TriggerSFWeightDown
Merging MT_ADDMonoZ_MD_1_d_4_catSignal-1jet_sys_ElectronEnDown
Merging MT_ADDMonoZ_MD_1_d_4_catEM_sys_MuonEnDown
Merging MT_ADDMonoZ_MD_1_d_4_cat3L_sys_QCDScale1wDown
Merging MT_ADDMonoZ_MD_1_d_4_catDY_sys_QCDScale2wUp
Merging measMET_ADDMonoZ_MD_1_d_4_catSignal-1jet_sys_MuonSFUp
Merging measMET_ADDMonoZ_MD_1_d_4_cat3L_sys_QCDScale0wDown
Merging MT_ADDMonoZ_MD_1_d_4_catEM_sys_jerUp
Merging measMET_ADDMonoZ_MD_1_d_4_catSignal-1jet_sys_puWeightDown
Merging measMET_ADDMonoZ_MD_1_d_4_cat3L_sys_EWKDown
Merging MT_ADDMonoZ_MD_1_d_4_catEM_sys_QCDScale1wDown
Merging measMET_ADDMonoZ_MD_1_d_4_catSignal-1jet_sys_btagEventWeightDown
Merging measMET_ADDMonoZ_MD_1_d_4_catNRB_sys_jesTotalDown
Merging measMET_ADDMonoZ_MD_1_d_4_catNRB_sys_jerUp
Merging njet_ADDMonoZ_MD_1_d_4_sys_QCDScale0wUp
Merging MT_ADDMonoZ_MD_1_d_4_catSignal-0jet_sys_PDFUp
Merging MT_ADDMonoZ_MD_1_d_4_cat4L_sys_EWKDown
Merging balance_ADDMonoZ_MD_1_d_4_sys_TriggerSFWeightDown
Merging measMET_ADDMonoZ_MD_1_d_4_catDY
Merging MT_ADDMonoZ_MD_1_d_4_catSignal-0jet_sys_QCDScale0wDown
Merging measMET_ADDMonoZ_MD_1_d_4_catSignal-0jet_sys_QCDScale2wDown
Merging measMET_ADDMonoZ_MD_1_d_4_cat4L_sys_PDFUp
Merging measMET_ADDMonoZ_MD_1_d_4_catEM_sys_EWKUp
Merging njet_ADDMonoZ_MD_1_d_4_sys_ElecronSFDown
Merging MT_ADDMonoZ_MD_1_d_4_catTOP_sys_jesTotalDown
Merging MT_ADDMonoZ_MD_1_d_4_catDY
Merging njet_ADDMonoZ_MD_1_d_4_sys_QCDScale1wDown
Merging balance_ADDMonoZ_MD_1_d_4_sys_MuonEnUp
Merging measMET_ADDMonoZ_MD_1_d_4_catSignal-1jet_sys_nvtxWeightUp
Merging njet_ADDMonoZ_MD_1_d_4_sys_PDFUp
Merging measMET_ADDMonoZ_MD_1_d_4_catDY_sys_MuonSFDown
Merging MT_ADDMonoZ_MD_1_d_4_catSignal-1jet_sys_QCDScale0wDown
Merging MT_ADDMonoZ_MD_1_d_4_catSignal-1jet_sys_TriggerSFWeightDown
Merging MT_ADDMonoZ_MD_1_d_4_catSignal-0jet_sys_MuonSFUp
Merging measMET_ADDMonoZ_MD_1_d_4_catEM_sys_ElecronSFDown
Merging njet_ADDMonoZ_MD_1_d_4_sys_ElecronSFUp
Merging measMET_ADDMonoZ_MD_1_d_4_catTOP_sys_jerUp
Merging measMET_ADDMonoZ_MD_1_d_4_cat4L_sys_QCDScale1wDown
Merging MT_ADDMonoZ_MD_1_d_4_catDY_sys_puWeightDown
Merging measMET_ADDMonoZ_MD_1_d_4_cat4L_sys_TriggerSFWeightUp
Merging MT_ADDMonoZ_MD_1_d_4_catEM_sys_ElectronEnUp
Merging phizmet_ADDMonoZ_MD_1_d_4_sys_ElectronEnUp
Merging MT_ADDMonoZ_MD_1_d_4_catTOP_sys_puWeightUp
Merging MT_ADDMonoZ_MD_1_d_4_catEM_sys_btagEventWeightDown
Merging measMET_ADDMonoZ_MD_1_d_4_catDY_sys_ElecronSFDown
Merging measMET_ADDMonoZ_MD_1_d_4_catNRB_sys_ElectronEnUp
Merging measMET_ADDMonoZ_MD_1_d_4_catSignal-1jet_sys_MuonEnDown
Merging MT_ADDMonoZ_MD_1_d_4_catNRB_sys_EWKDown
Merging phizmet_ADDMonoZ_MD_1_d_4_sys_btagEventWeightDown
Merging measMET_ADDMonoZ_MD_1_d_4_cat4L_sys_ElectronEnUp
Merging phizmet_ADDMonoZ_MD_1_d_4_sys_puWeightDown
Merging MT_ADDMonoZ_MD_1_d_4_catNRB_sys_QCDScale0wDown
Merging measMET_ADDMonoZ_MD_1_d_4_catEM_sys_MuonEnDown
Merging measMET_ADDMonoZ_MD_1_d_4_catSignal-0jet_sys_MuonEnDown
Merging MT_ADDMonoZ_MD_1_d_4_cat4L_sys_jesTotalDown
Merging measMET_ADDMonoZ_MD_1_d_4_catTOP_sys_TriggerSFWeightDown
Merging measMET_ADDMonoZ_MD_1_d_4_catEM_sys_QCDScale2wDown
Merging measMET_ADDMonoZ_MD_1_d_4_catNRB_sys_EWKUp
Merging phizmet_ADDMonoZ_MD_1_d_4_sys_EWKUp
Merging measMET_ADDMonoZ_MD_1_d_4_catSignal-1jet_sys_EWKDown
Merging measMET_ADDMonoZ_MD_1_d_4_catEM_sys_EWKDown
Merging measMET_ADDMonoZ_MD_1_d_4_catNRB_sys_btagEventWeightDown
Merging phizmet_ADDMonoZ_MD_1_d_4_sys_PDFDown
Merging MT_ADDMonoZ_MD_1_d_4_catEM_sys_ElecronSFDown
Merging measMET_ADDMonoZ_MD_1_d_4_cat4L_sys_btagEventWeightDown
Merging measMET_ADDMonoZ_MD_1_d_4_catSignal-0jet_sys_jerDown
Merging measMET_ADDMonoZ_MD_1_d_4_catEM_sys_MuonSFDown
Merging MT_ADDMonoZ_MD_1_d_4_catEM_sys_nvtxWeightUp
Merging njet_ADDMonoZ_MD_1_d_4_sys_ElectronEnUp
Merging measMET_ADDMonoZ_MD_1_d_4_cat3L_sys_puWeightUp
Merging njet_ADDMonoZ_MD_1_d_4_sys_QCDScale2wUp
Merging balance_ADDMonoZ_MD_1_d_4_sys_QCDScale2wDown
Merging measMET_ADDMonoZ_MD_1_d_4_catSignal-1jet_sys_puWeightUp
Merging measMET_ADDMonoZ_MD_1_d_4_catSignal-0jet_sys_btagEventWeightUp
Merging MT_ADDMonoZ_MD_1_d_4_catSignal-0jet_sys_TriggerSFWeightUp
Merging measMET_ADDMonoZ_MD_1_d_4_cat3L_sys_PDFUp
Merging MT_ADDMonoZ_MD_1_d_4_cat4L_sys_MuonSFDown
Merging MT_ADDMonoZ_MD_1_d_4_catNRB_sys_QCDScale1wDown
Merging measMET_ADDMonoZ_MD_1_d_4_cat3L_sys_jerDown
Merging measMET_ADDMonoZ_MD_1_d_4_cat4L_sys_MuonSFUp
Merging measMET_ADDMonoZ_MD_1_d_4_catEM_sys_jerDown
Merging balance_ADDMonoZ_MD_1_d_4_sys_QCDScale0wUp
Merging measMET_ADDMonoZ_MD_1_d_4_catSignal-0jet_sys_btagEventWeightDown
Merging measMET_ADDMonoZ_MD_1_d_4_catDY_sys_ElectronEnUp
Merging measMET_ADDMonoZ_MD_1_d_4_catTOP_sys_nvtxWeightDown
Merging MT_ADDMonoZ_MD_1_d_4_catNRB_sys_MuonEnDown
Merging measMET_ADDMonoZ_MD_1_d_4_catEM_sys_nvtxWeightDown
Merging measMET_ADDMonoZ_MD_1_d_4_cat3L_sys_EWKUp
Merging measMET_ADDMonoZ_MD_1_d_4_catSignal-1jet_sys_btagEventWeightUp
Merging MT_ADDMonoZ_MD_1_d_4_catNRB_sys_PDFUp
Merging njet_ADDMonoZ_MD_1_d_4_sys_TriggerSFWeightUp
Merging MT_ADDMonoZ_MD_1_d_4_cat4L_sys_EWKUp
Merging MT_ADDMonoZ_MD_1_d_4_cat3L_sys_QCDScale1wUp
Merging MT_ADDMonoZ_MD_1_d_4_cat4L_sys_QCDScale1wDown
Merging measMET_ADDMonoZ_MD_1_d_4_catSignal-1jet_sys_jesTotalDown
Merging measMET_ADDMonoZ_MD_1_d_4_catTOP_sys_PDFDown
Merging measMET_ADDMonoZ_MD_1_d_4_catSignal-0jet_sys_nvtxWeightUp
Merging MT_ADDMonoZ_MD_1_d_4_catNRB_sys_QCDScale0wUp
Merging measMET_ADDMonoZ_MD_1_d_4_catSignal-0jet_sys_TriggerSFWeightUp
Merging njet_ADDMonoZ_MD_1_d_4_sys_nvtxWeightUp
Merging MT_ADDMonoZ_MD_1_d_4_catSignal-1jet_sys_MuonSFDown
Merging measMET_ADDMonoZ_MD_1_d_4_catSignal-1jet_sys_ElecronSFDown
Merging MT_ADDMonoZ_MD_1_d_4_catTOP_sys_MuonSFUp
Merging measMET_ADDMonoZ_MD_1_d_4_cat4L_sys_QCDScale0wDown
Merging MT_ADDMonoZ_MD_1_d_4_catDY_sys_QCDScale0wUp
Merging measMET_ADDMonoZ_MD_1_d_4_catSignal-1jet_sys_TriggerSFWeightUp
Merging measMET_ADDMonoZ_MD_1_d_4_catSignal-1jet_sys_QCDScale0wDown
Merging MT_ADDMonoZ_MD_1_d_4_cat4L_sys_QCDScale2wUp
Merging MT_ADDMonoZ_MD_1_d_4_catEM_sys_MuonSFUp
Merging MT_ADDMonoZ_MD_1_d_4_catTOP_sys_QCDScale1wUp
Merging MT_ADDMonoZ_MD_1_d_4_catTOP_sys_PDFDown
Merging phizmet_ADDMonoZ_MD_1_d_4_sys_puWeightUp
Merging measMET_ADDMonoZ_MD_1_d_4_catTOP_sys_EWKDown
Merging njet_ADDMonoZ_MD_1_d_4_sys_btagEventWeightDown
Merging MT_ADDMonoZ_MD_1_d_4_catTOP_sys_EWKUp
Merging MT_ADDMonoZ_MD_1_d_4_catNRB_sys_QCDScale2wUp
Merging MT_ADDMonoZ_MD_1_d_4_catEM_sys_ElecronSFUp
Merging balance_ADDMonoZ_MD_1_d_4_sys_nvtxWeightDown
Merging measMET_ADDMonoZ_MD_1_d_4_catDY_sys_QCDScale0wUp
Merging njet_ADDMonoZ_MD_1_d_4_sys_puWeightDown
Merging measMET_ADDMonoZ_MD_1_d_4_catSignal-1jet_sys_jerUp
Merging njet_ADDMonoZ_MD_1_d_4_sys_jerDown
Merging balance_ADDMonoZ_MD_1_d_4_sys_ElectronEnDown
Merging MT_ADDMonoZ_MD_1_d_4_cat3L_sys_QCDScale2wUp
Merging untagged
Merging njet_ADDMonoZ_MD_1_d_4
Merging measMET_ADDMonoZ_MD_1_d_4_catTOP_sys_MuonSFUp
Merging MT_ADDMonoZ_MD_1_d_4_catSignal-1jet_sys_PDFUp
Merging measMET_ADDMonoZ_MD_1_d_4_catDY_sys_QCDScale0wDown
Merging MT_ADDMonoZ_MD_1_d_4_cat4L_sys_ElecronSFUp
Merging MT_ADDMonoZ_MD_1_d_4_cat3L_sys_QCDScale0wDown
Merging measMET_ADDMonoZ_MD_1_d_4_catSignal-0jet_sys_QCDScale2wUp
Merging MT_ADDMonoZ_MD_1_d_4_catEM_sys_PDFDown
Merging MT_ADDMonoZ_MD_1_d_4_cat4L_sys_ElectronEnUp
Merging MT_ADDMonoZ_MD_1_d_4_catDY_sys_ElecronSFUp
Merging MT_ADDMonoZ_MD_1_d_4_cat4L_sys_puWeightUp
Merging MT_ADDMonoZ_MD_1_d_4_catDY_sys_TriggerSFWeightUp
Merging MT_ADDMonoZ_MD_1_d_4_catSignal-0jet_sys_jerDown
Merging measMET_ADDMonoZ_MD_1_d_4_catEM_sys_jesTotalDown
Merging balance_ADDMonoZ_MD_1_d_4
Merging phizmet_ADDMonoZ_MD_1_d_4_sys_jerDown
Merging measMET_ADDMonoZ_MD_1_d_4_cat3L_sys_jesTotalUp
Merging measMET_ADDMonoZ_MD_1_d_4_catEM_sys_ElectronEnDown
Merging measMET_ADDMonoZ_MD_1_d_4_cat3L_sys_puWeightDown
Merging phizmet_ADDMonoZ_MD_1_d_4_sys_MuonEnUp
Merging measMET_ADDMonoZ_MD_1_d_4_catTOP_sys_jerDown
Merging MT_ADDMonoZ_MD_1_d_4_catNRB_sys_TriggerSFWeightUp
Merging balance_ADDMonoZ_MD_1_d_4_sys_nvtxWeightUp
Merging measMET_ADDMonoZ_MD_1_d_4_cat4L_sys_MuonSFDown
Merging balance_ADDMonoZ_MD_1_d_4_sys_btagEventWeightUp
Merging MT_ADDMonoZ_MD_1_d_4_cat4L_sys_PDFUp
Merging MT_ADDMonoZ_MD_1_d_4_catEM_sys_TriggerSFWeightDown
Merging MT_ADDMonoZ_MD_1_d_4_catDY_sys_PDFUp
Merging MT_ADDMonoZ_MD_1_d_4_catEM_sys_EWKUp
Merging MT_ADDMonoZ_MD_1_d_4_catSignal-1jet_sys_QCDScale2wUp
Merging MT_ADDMonoZ_MD_1_d_4_catSignal-0jet_sys_btagEventWeightUp
Merging measMET_ADDMonoZ_MD_1_d_4_catSignal-0jet_sys_jerUp
Merging measMET_ADDMonoZ_MD_1_d_4_cat4L_sys_QCDScale1wUp
Merging measMET_ADDMonoZ_MD_1_d_4_catEM_sys_TriggerSFWeightUp
Merging measMET_ADDMonoZ_MD_1_d_4_cat3L_sys_ElecronSFDown
Merging measMET_ADDMonoZ_MD_1_d_4_catEM
Merging MT_ADDMonoZ_MD_1_d_4_catSignal-1jet_sys_puWeightDown
Merging MT_ADDMonoZ_MD_1_d_4_cat3L_sys_puWeightUp
Merging MT_ADDMonoZ_MD_1_d_4_cat3L_sys_ElecronSFDown
Merging balance_ADDMonoZ_MD_1_d_4_sys_btagEventWeightDown
Merging MT_ADDMonoZ_MD_1_d_4_catTOP_sys_MuonEnUp
Merging measMET_ADDMonoZ_MD_1_d_4_cat3L_sys_QCDScale2wUp
Merging MT_ADDMonoZ_MD_1_d_4_catNRB_sys_jesTotalDown
Merging measMET_ADDMonoZ_MD_1_d_4_catNRB_sys_TriggerSFWeightDown
Merging njet_ADDMonoZ_MD_1_d_4_sys_QCDScale0wDown
Merging MT_ADDMonoZ_MD_1_d_4_catSignal-1jet_sys_MuonEnUp
Merging measMET_ADDMonoZ_MD_1_d_4_catNRB_sys_QCDScale1wUp
Merging MT_ADDMonoZ_MD_1_d_4_cat4L_sys_nvtxWeightUp
Merging balance_ADDMonoZ_MD_1_d_4_sys_puWeightDown
Merging measMET_ADDMonoZ_MD_1_d_4_catEM_sys_MuonSFUp
Merging measMET_ADDMonoZ_MD_1_d_4_catSignal-0jet_sys_ElecronSFUp
Merging balance_ADDMonoZ_MD_1_d_4_sys_QCDScale1wDown
Merging measMET_ADDMonoZ_MD_1_d_4_cat3L_sys_MuonEnDown
Merging measMET_ADDMonoZ_MD_1_d_4_catSignal-1jet
Merging MT_ADDMonoZ_MD_1_d_4_cat3L_sys_MuonEnDown
Merging measMET_ADDMonoZ_MD_1_d_4_catEM_sys_btagEventWeightDown
Merging measMET_ADDMonoZ_MD_1_d_4_cat4L_sys_MuonEnUp
Merging measMET_ADDMonoZ_MD_1_d_4_catEM_sys_PDFUp
Merging balance_ADDMonoZ_MD_1_d_4_sys_PDFUp
Merging phizmet_ADDMonoZ_MD_1_d_4_sys_ElectronEnDown
Merging MT_ADDMonoZ_MD_1_d_4_catSignal-1jet_sys_jerUp
Merging measMET_ADDMonoZ_MD_1_d_4_catDY_sys_nvtxWeightUp
Merging MT_ADDMonoZ_MD_1_d_4_catSignal-0jet_sys_QCDScale0wUp
Merging phizmet_ADDMonoZ_MD_1_d_4_sys_MuonSFUp
Merging MT_ADDMonoZ_MD_1_d_4_catSignal-0jet_sys_MuonEnUp
Merging MT_ADDMonoZ_MD_1_d_4_catSignal-0jet_sys_puWeightDown
Merging measMET_ADDMonoZ_MD_1_d_4_catTOP_sys_EWKUp
Merging measMET_ADDMonoZ_MD_1_d_4_cat4L
Merging measMET_ADDMonoZ_MD_1_d_4_catNRB_sys_jerDown
Merging measMET_ADDMonoZ_MD_1_d_4_catNRB_sys_MuonEnDown
Merging measMET_ADDMonoZ_MD_1_d_4_catNRB_sys_jesTotalUp
Merging measMET_ADDMonoZ_MD_1_d_4_catTOP_sys_btagEventWeightDown
Merging MT_ADDMonoZ_MD_1_d_4_catDY_sys_PDFDown
Merging measMET_ADDMonoZ_MD_1_d_4_cat3L_sys_TriggerSFWeightDown
Merging MT_ADDMonoZ_MD_1_d_4_catTOP_sys_jerDown
Merging MT_ADDMonoZ_MD_1_d_4_catSignal-0jet
Merging MT_ADDMonoZ_MD_1_d_4_cat3L_sys_PDFUp
Merging njet_ADDMonoZ_MD_1_d_4_sys_PDFDown
Merging measMET_ADDMonoZ_MD_1_d_4_cat4L_sys_EWKDown
Merging MT_ADDMonoZ_MD_1_d_4_catDY_sys_MuonEnUp
Merging MT_ADDMonoZ_MD_1_d_4_catDY_sys_QCDScale1wDown
Merging measMET_ADDMonoZ_MD_1_d_4_catNRB_sys_btagEventWeightUp
Merging measMET_ADDMonoZ_MD_1_d_4_catSignal-0jet_sys_jesTotalUp
Merging measMET_ADDMonoZ_MD_1_d_4_catTOP
Merging MT_ADDMonoZ_MD_1_d_4_catDY_sys_btagEventWeightUp
Merging measMET_ADDMonoZ_MD_1_d_4_catSignal-1jet_sys_nvtxWeightDown
Merging MT_ADDMonoZ_MD_1_d_4_cat4L_sys_PDFDown
Merging measMET_ADDMonoZ_MD_1_d_4_cat4L_sys_jerUp
Merging measMET_ADDMonoZ_MD_1_d_4_cat4L_sys_jerDown
Merging measMET_ADDMonoZ_MD_1_d_4_catEM_sys_ElectronEnUp
Merging measMET_ADDMonoZ_MD_1_d_4_catSignal-1jet_sys_jesTotalUp
Merging MT_ADDMonoZ_MD_1_d_4_catTOP_sys_TriggerSFWeightUp
Merging MT_ADDMonoZ_MD_1_d_4_catSignal-1jet_sys_ElectronEnUp
Merging MT_ADDMonoZ_MD_1_d_4_catSignal-0jet_sys_QCDScale1wUp
Merging measMET_ADDMonoZ_MD_1_d_4_catEM_sys_jesTotalUp
Merging phizmet_ADDMonoZ_MD_1_d_4_sys_EWKDown
Merging measMET_ADDMonoZ_MD_1_d_4_catSignal-0jet_sys_QCDScale0wDown
Merging measMET_ADDMonoZ_MD_1_d_4_cat3L_sys_jerUp
Merging measMET_ADDMonoZ_MD_1_d_4_catNRB_sys_MuonSFUp
Merging MT_ADDMonoZ_MD_1_d_4_catSignal-0jet_sys_nvtxWeightUp
Merging measMET_ADDMonoZ_MD_1_d_4_catSignal-1jet_sys_TriggerSFWeightDown
Merging MT_ADDMonoZ_MD_1_d_4_catEM_sys_PDFUp
Merging njet_ADDMonoZ_MD_1_d_4_sys_QCDScale2wDown
Merging measMET_ADDMonoZ_MD_1_d_4_cat4L_sys_ElectronEnDown
Merging measMET_ADDMonoZ_MD_1_d_4_cat3L_sys_nvtxWeightUp
Merging phizmet_ADDMonoZ_MD_1_d_4_sys_QCDScale1wDown
Merging MT_ADDMonoZ_MD_1_d_4_catSignal-1jet_sys_TriggerSFWeightUp
Merging MT_ADDMonoZ_MD_1_d_4_catDY_sys_QCDScale2wDown
Merging measMET_ADDMonoZ_MD_1_d_4_catSignal-0jet
Merging balance_ADDMonoZ_MD_1_d_4_sys_ElecronSFUp
Merging measMET_ADDMonoZ_MD_1_d_4_catSignal-0jet_sys_EWKUp
Merging measMET_ADDMonoZ_MD_1_d_4_catEM_sys_ElecronSFUp
Merging measMET_ADDMonoZ_MD_1_d_4_catDY_sys_QCDScale2wDown
Merging measMET_ADDMonoZ_MD_1_d_4_catTOP_sys_nvtxWeightUp
Merging measMET_ADDMonoZ_MD_1_d_4_catSignal-0jet_sys_PDFDown
Merging measMET_ADDMonoZ_MD_1_d_4_catSignal-1jet_sys_PDFDown
Merging MT_ADDMonoZ_MD_1_d_4_catSignal-1jet_sys_nvtxWeightDown
Merging measMET_ADDMonoZ_MD_1_d_4_catNRB_sys_puWeightDown
Merging measMET_ADDMonoZ_MD_1_d_4_cat4L_sys_QCDScale0wUp
Merging phizmet_ADDMonoZ_MD_1_d_4_sys_TriggerSFWeightDown
Merging measMET_ADDMonoZ_MD_1_d_4_catSignal-0jet_sys_nvtxWeightDown
Merging measMET_ADDMonoZ_MD_1_d_4_catTOP_sys_btagEventWeightUp
Merging MT_ADDMonoZ_MD_1_d_4_catSignal-0jet_sys_QCDScale1wDown
Merging measMET_ADDMonoZ_MD_1_d_4_cat4L_sys_jesTotalUp
Merging MT_ADDMonoZ_MD_1_d_4_catEM_sys_MuonEnUp
Merging MT_ADDMonoZ_MD_1_d_4_catEM_sys_EWKDown
Merging MT_ADDMonoZ_MD_1_d_4_catEM_sys_puWeightDown
Merging balance_ADDMonoZ_MD_1_d_4_sys_ElecronSFDown
Merging MT_ADDMonoZ_MD_1_d_4_catNRB_sys_jerUp
Merging phizmet_ADDMonoZ_MD_1_d_4_sys_QCDScale0wUp
Merging phizmet_ADDMonoZ_MD_1_d_4_sys_ElecronSFUp
Merging MT_ADDMonoZ_MD_1_d_4_cat4L_sys_jerUp
Merging measMET_ADDMonoZ_MD_1_d_4_catSignal-1jet_sys_EWKUp
Merging MT_ADDMonoZ_MD_1_d_4_cat3L_sys_nvtxWeightUp
Merging measMET_ADDMonoZ_MD_1_d_4_cat3L_sys_ElectronEnUp
Merging MT_ADDMonoZ_MD_1_d_4_cat4L
Merging MT_ADDMonoZ_MD_1_d_4_catEM_sys_TriggerSFWeightUp
Merging measMET_ADDMonoZ_MD_1_d_4_catTOP_sys_ElectronEnUp
Merging measMET_ADDMonoZ_MD_1_d_4_catEM_sys_MuonEnUp
Merging MT_ADDMonoZ_MD_1_d_4_cat3L_sys_QCDScale2wDown
Merging phizmet_ADDMonoZ_MD_1_d_4_sys_jesTotalDown
Merging measMET_ADDMonoZ_MD_1_d_4_catNRB_sys_EWKDown
Merging MT_ADDMonoZ_MD_1_d_4_catSignal-1jet_sys_QCDScale0wUp
Merging MT_ADDMonoZ_MD_1_d_4_cat4L_sys_ElecronSFDown
Merging MT_ADDMonoZ_MD_1_d_4_cat4L_sys_TriggerSFWeightDown
Merging measMET_ADDMonoZ_MD_1_d_4_catTOP_sys_puWeightDown
Merging MT_ADDMonoZ_MD_1_d_4_catNRB_sys_btagEventWeightUp
Merging njet_ADDMonoZ_MD_1_d_4_sys_jesTotalUp
Merging measMET_ADDMonoZ_MD_1_d_4_cat4L_sys_EWKUp
Merging njet_ADDMonoZ_MD_1_d_4_sys_QCDScale1wUp
Merging measMET_ADDMonoZ_MD_1_d_4_catEM_sys_QCDScale0wUp
Merging measMET_ADDMonoZ_MD_1_d_4_cat3L_sys_TriggerSFWeightUp
Merging phizmet_ADDMonoZ_MD_1_d_4_sys_MuonEnDown
Merging MT_ADDMonoZ_MD_1_d_4_catTOP_sys_nvtxWeightUp
Merging MT_ADDMonoZ_MD_1_d_4_catSignal-1jet_sys_PDFDown
Merging MT_ADDMonoZ_MD_1_d_4_catTOP_sys_ElecronSFDown
Merging measMET_ADDMonoZ_MD_1_d_4_cat4L_sys_nvtxWeightDown
Merging MT_ADDMonoZ_MD_1_d_4_catNRB_sys_TriggerSFWeightDown
Merging measMET_ADDMonoZ_MD_1_d_4_catNRB_sys_nvtxWeightUp
Merging MT_ADDMonoZ_MD_1_d_4_catDY_sys_nvtxWeightDown
Merging measMET_ADDMonoZ_MD_1_d_4_catSignal-1jet_sys_QCDScale1wUp
Merging MT_ADDMonoZ_MD_1_d_4_catDY_sys_QCDScale1wUp
Merging MT_ADDMonoZ_MD_1_d_4_catSignal-1jet_sys_QCDScale1wDown
Merging MT_ADDMonoZ_MD_1_d_4_catDY_sys_jesTotalUp
Merging measMET_ADDMonoZ_MD_1_d_4_catNRB_sys_MuonEnUp
Merging MT_ADDMonoZ_MD_1_d_4_catDY_sys_puWeightUp
Merging MT_ADDMonoZ_MD_1_d_4_catDY_sys_EWKDown
Merging MT_ADDMonoZ_MD_1_d_4_catDY_sys_MuonSFUp
Merging MT_ADDMonoZ_MD_1_d_4_catEM_sys_QCDScale1wUp
Merging measMET_ADDMonoZ_MD_1_d_4_catSignal-0jet_sys_QCDScale1wUp
Merging MT_ADDMonoZ_MD_1_d_4_catNRB_sys_MuonEnUp
Merging measMET_ADDMonoZ_MD_1_d_4_catTOP_sys_MuonEnDown
Merging njet_ADDMonoZ_MD_1_d_4_sys_MuonEnUp
Merging MT_ADDMonoZ_MD_1_d_4_catSignal-0jet_sys_QCDScale2wDown
Merging measMET_ADDMonoZ_MD_1_d_4_catTOP_sys_MuonEnUp
Merging measMET_ADDMonoZ_MD_1_d_4_cat4L_sys_btagEventWeightUp
Merging MT_ADDMonoZ_MD_1_d_4_catNRB_sys_btagEventWeightDown
Merging njet_ADDMonoZ_MD_1_d_4_sys_MuonEnDown
Merging balance_ADDMonoZ_MD_1_d_4_sys_ElectronEnUp
Merging MT_ADDMonoZ_MD_1_d_4_catDY_sys_EWKUp
Merging MT_ADDMonoZ_MD_1_d_4_cat3L_sys_jesTotalDown
Merging measMET_ADDMonoZ_MD_1_d_4_catNRB_sys_QCDScale2wDown
Merging measMET_ADDMonoZ_MD_1_d_4_catSignal-1jet_sys_jerDown
Merging measMET_ADDMonoZ_MD_1_d_4_catEM_sys_btagEventWeightUp
Merging MT_ADDMonoZ_MD_1_d_4_cat4L_sys_jesTotalUp
Merging measMET_ADDMonoZ_MD_1_d_4_catSignal-1jet_sys_PDFUp
Merging MT_ADDMonoZ_MD_1_d_4_cat3L
Merging measMET_ADDMonoZ_MD_1_d_4_cat3L
Merging MT_ADDMonoZ_MD_1_d_4_catTOP_sys_ElecronSFUp
Merging measMET_ADDMonoZ_MD_1_d_4_catDY_sys_puWeightDown
Merging MT_ADDMonoZ_MD_1_d_4_catDY_sys_jerUp
Merging measMET_ADDMonoZ_MD_1_d_4_catNRB_sys_puWeightUp
Merging balance_ADDMonoZ_MD_1_d_4_sys_MuonSFDown
Merging measMET_ADDMonoZ_MD_1_d_4_catDY_sys_MuonEnUp
Merging MT_ADDMonoZ_MD_1_d_4_catDY_sys_ElecronSFDown
Merging measMET_ADDMonoZ_MD_1_d_4_catEM_sys_QCDScale2wUp
Merging MT_ADDMonoZ_MD_1_d_4_catNRB_sys_QCDScale2wDown
Merging MT_ADDMonoZ_MD_1_d_4_catNRB_sys_ElectronEnDown
Merging MT_ADDMonoZ_MD_1_d_4_cat4L_sys_nvtxWeightDown
Merging measMET_ADDMonoZ_MD_1_d_4_catDY_sys_TriggerSFWeightUp
Merging measMET_ADDMonoZ_MD_1_d_4_catNRB_sys_QCDScale0wDown
Merging measMET_ADDMonoZ_MD_1_d_4_cat4L_sys_ElecronSFUp
Merging MT_ADDMonoZ_MD_1_d_4_cat4L_sys_QCDScale1wUp
Merging MT_ADDMonoZ_MD_1_d_4_catDY_sys_QCDScale0wDown
Merging measMET_ADDMonoZ_MD_1_d_4_catSignal-0jet_sys_PDFUp
Merging measMET_ADDMonoZ_MD_1_d_4_catDY_sys_ElectronEnDown
Merging balance_ADDMonoZ_MD_1_d_4_sys_QCDScale0wDown
Merging MT_ADDMonoZ_MD_1_d_4_catSignal-1jet_sys_jesTotalUp
Merging MT_ADDMonoZ_MD_1_d_4_catEM_sys_QCDScale0wDown
Merging balance_ADDMonoZ_MD_1_d_4_sys_QCDScale2wUp
Merging MT_ADDMonoZ_MD_1_d_4_catDY_sys_MuonEnDown
Merging MT_ADDMonoZ_MD_1_d_4_cat4L_sys_btagEventWeightDown
Merging measMET_ADDMonoZ_MD_1_d_4_catSignal-1jet_sys_MuonSFDown
Merging phizmet_ADDMonoZ_MD_1_d_4_sys_QCDScale0wDown
Merging MT_ADDMonoZ_MD_1_d_4_cat4L_sys_QCDScale2wDown
Merging measMET_ADDMonoZ_MD_1_d_4_cat3L_sys_btagEventWeightDown
Merging MT_ADDMonoZ_MD_1_d_4_catSignal-0jet_sys_MuonSFDown
Merging njet_ADDMonoZ_MD_1_d_4_sys_MuonSFDown
Merging balance_ADDMonoZ_MD_1_d_4_sys_jerUp
Merging measMET_ADDMonoZ_MD_1_d_4_catSignal-0jet_sys_MuonSFDown
Merging measMET_ADDMonoZ_MD_1_d_4_catNRB_sys_QCDScale1wDown
Merging measMET_ADDMonoZ_MD_1_d_4_catSignal-1jet_sys_ElectronEnUp
Merging measMET_ADDMonoZ_MD_1_d_4_catNRB
Merging MT_ADDMonoZ_MD_1_d_4_catDY_sys_ElectronEnUp
Merging measMET_ADDMonoZ_MD_1_d_4_cat3L_sys_QCDScale1wUp
Merging measMET_ADDMonoZ_MD_1_d_4_cat4L_sys_QCDScale2wUp
Merging MT_ADDMonoZ_MD_1_d_4_cat3L_sys_ElecronSFUp
Merging MT_ADDMonoZ_MD_1_d_4_catEM_sys_jerDown
Merging MT_ADDMonoZ_MD_1_d_4_cat4L_sys_MuonEnUp
Merging measMET_ADDMonoZ_MD_1_d_4_catDY_sys_jesTotalUp
Merging measMET_ADDMonoZ_MD_1_d_4_catDY_sys_jerUp
Merging MT_ADDMonoZ_MD_1_d_4_catSignal-1jet
Merging balance_ADDMonoZ_MD_1_d_4_sys_PDFDown
Merging MT_ADDMonoZ_MD_1_d_4_catDY_sys_jesTotalDown
Merging MT_ADDMonoZ_MD_1_d_4_catSignal-1jet_sys_btagEventWeightUp
Merging MT_ADDMonoZ_MD_1_d_4_catNRB_sys_ElecronSFDown
Merging njet_ADDMonoZ_MD_1_d_4_sys_nvtxWeightDown
Merging MT_ADDMonoZ_MD_1_d_4_catEM_sys_btagEventWeightUp
Merging measMET_ADDMonoZ_MD_1_d_4_catSignal-0jet_sys_QCDScale1wDown
Merging measMET_ADDMonoZ_MD_1_d_4_catSignal-1jet_sys_MuonEnUp
Merging MT_ADDMonoZ_MD_1_d_4_catDY_sys_btagEventWeightDown
Merging measMET_ADDMonoZ_MD_1_d_4_catTOP_sys_jesTotalUp
Merging MT_ADDMonoZ_MD_1_d_4_catNRB_sys_puWeightDown
Merging measMET_ADDMonoZ_MD_1_d_4_catSignal-0jet_sys_MuonEnUp
Merging measMET_ADDMonoZ_MD_1_d_4_cat4L_sys_TriggerSFWeightDown
Merging measMET_ADDMonoZ_MD_1_d_4_cat3L_sys_ElectronEnDown
Merging njet_ADDMonoZ_MD_1_d_4_sys_jesTotalDown
Merging MT_ADDMonoZ_MD_1_d_4_catTOP_sys_QCDScale0wDown
Merging measMET_ADDMonoZ_MD_1_d_4_catTOP_sys_QCDScale2wUp
Merging measMET_ADDMonoZ_MD_1_d_4_catNRB_sys_nvtxWeightDown
Merging measMET_ADDMonoZ_MD_1_d_4_catEM_sys_puWeightDown
Merging MT_ADDMonoZ_MD_1_d_4_catSignal-0jet_sys_jerUp
Merging measMET_ADDMonoZ_MD_1_d_4_catTOP_sys_PDFUp
Merging MT_ADDMonoZ_MD_1_d_4_catNRB_sys_ElecronSFUp
Merging MT_ADDMonoZ_MD_1_d_4_cat4L_sys_MuonEnDown
Merging measMET_ADDMonoZ_MD_1_d_4_catTOP_sys_QCDScale1wUp
Merging MT_ADDMonoZ_MD_1_d_4_catEM_sys_QCDScale2wDown
Merging MT_ADDMonoZ_MD_1_d_4_catNRB_sys_QCDScale1wUp
Merging MT_ADDMonoZ_MD_1_d_4_catTOP_sys_MuonEnDown
Merging MT_ADDMonoZ_MD_1_d_4_catSignal-1jet_sys_nvtxWeightUp
Merging MT_ADDMonoZ_MD_1_d_4_catTOP_sys_btagEventWeightUp
Merging measMET_ADDMonoZ_MD_1_d_4_catNRB_sys_QCDScale2wUp
Merging measMET_ADDMonoZ_MD_1_d_4_catDY_sys_ElecronSFUp
Merging njet_ADDMonoZ_MD_1_d_4_sys_MuonSFUp
Merging measMET_ADDMonoZ_MD_1_d_4_catDY_sys_jesTotalDown
Merging MT_ADDMonoZ_MD_1_d_4_catSignal-0jet_sys_QCDScale2wUp
Merging measMET_ADDMonoZ_MD_1_d_4_catTOP_sys_puWeightUp
Merging balance_ADDMonoZ_MD_1_d_4_sys_puWeightUp
Merging balance_ADDMonoZ_MD_1_d_4_sys_QCDScale1wUp
Merging njet_ADDMonoZ_MD_1_d_4_sys_ElectronEnDown
Merging MT_ADDMonoZ_MD_1_d_4_catSignal-1jet_sys_btagEventWeightDown
Merging measMET_ADDMonoZ_MD_1_d_4_catTOP_sys_ElecronSFUp
Merging MT_ADDMonoZ_MD_1_d_4_cat3L_sys_jerDown
Merging measMET_ADDMonoZ_MD_1_d_4_catNRB_sys_MuonSFDown
Merging MT_ADDMonoZ_MD_1_d_4_catTOP_sys_QCDScale0wUp
Merging measMET_ADDMonoZ_MD_1_d_4_catNRB_sys_ElecronSFDown
Merging MT_ADDMonoZ_MD_1_d_4_catSignal-0jet_sys_puWeightUp
Merging MT_ADDMonoZ_MD_1_d_4_catTOP_sys_nvtxWeightDown
Merging balance_ADDMonoZ_MD_1_d_4_sys_TriggerSFWeightUp
Merging measMET_ADDMonoZ_MD_1_d_4_catTOP_sys_QCDScale1wDown
Merging MT_ADDMonoZ_MD_1_d_4_cat3L_sys_EWKUp
Merging MT_ADDMonoZ_MD_1_d_4_cat3L_sys_MuonSFDown
Merging MT_ADDMonoZ_MD_1_d_4_catSignal-1jet_sys_EWKUp
Merging measMET_ADDMonoZ_MD_1_d_4_cat3L_sys_ElecronSFUp
/eos/cms/store/group/phys_exotica/monoZ/Exorcism_ADD_2018/ADDMonoZ_MD_1_d_4/tree_0.root  ->  /eos/cms/store/group/phys_exotica/monoZ/Exorcism_ADD_2018/ADDMonoZ_MD_1_d_4/tree_0.root
Testing file open
Test OK
---------------------------
 -- options  =  Namespace(dataset='X', doSyst=1, era='2018', infile='/eos/cms/store/group/phys_exotica/monoZ/Exorcism_ADD_2018/ADDMonoZ_MD_1_d_4/tree_0.root', isMC=1, jobNum=0, nevt=-1)
 -- is MC    =  1
 -- jobNum   =  0
 -- era      =  2018
 -- in file  =  /eos/cms/store/group/phys_exotica/monoZ/Exorcism_ADD_2018/ADDMonoZ_MD_1_d_4/tree_0.root
 -- dataset  =  X
---------------------------
[check] condtag_ ==  ADDMonoZ_MD_1_d_4
[check] dataset  ==  monoZ
modules :  <PhysicsTools.MonoZ.MonoZWSProducer.MonoZWSProducer object at 0x2af86c860750>
modules :  <PhysicsTools.MonoZ.MonoZWSProducer.MonoZWSProducer object at 0x2af86c860810>
modules :  <PhysicsTools.MonoZ.MonoZWSProducer.MonoZWSProducer object at 0x2af86c860850>
modules :  <PhysicsTools.MonoZ.MonoZWSProducer.MonoZWSProducer object at 0x2af86c860890>
modules :  <PhysicsTools.MonoZ.MonoZWSProducer.MonoZWSProducer object at 0x2af86c8608d0>
modules :  <PhysicsTools.MonoZ.MonoZWSProducer.MonoZWSProducer object at 0x2af86c860910>
modules :  <PhysicsTools.MonoZ.MonoZWSProducer.MonoZWSProducer object at 0x2af86c860950>
modules :  <PhysicsTools.MonoZ.MonoZWSProducer.MonoZWSProducer object at 0x2af86c860990>
modules :  <PhysicsTools.MonoZ.MonoZWSProducer.MonoZWSProducer object at 0x2af86c8609d0>
modules :  <PhysicsTools.MonoZ.MonoZWSProducer.MonoZWSProducer object at 0x2af86c860a10>
modules :  <PhysicsTools.MonoZ.MonoZWSProducer.MonoZWSProducer object at 0x2af86c860a50>
modules :  <PhysicsTools.MonoZ.MonoZWSProducer.MonoZWSProducer object at 0x2af86c860a90>
modules :  <PhysicsTools.MonoZ.MonoZWSProducer.MonoZWSProducer object at 0x2af86c860ad0>
modules :  <PhysicsTools.MonoZ.MonoZWSProducer.MonoZWSProducer object at 0x2af86c860b10>
modules :  <PhysicsTools.MonoZ.MonoZWSProducer.MonoZWSProducer object at 0x2af86c860b50>
modules :  <PhysicsTools.MonoZ.MonoZWSProducer.MonoZWSProducer object at 0x2af86c860b90>
modules :  <PhysicsTools.MonoZ.MonoZWSProducer.MonoZWSProducer object at 0x2af86c860bd0>
modules :  <PhysicsTools.MonoZ.MonoZWSProducer.MonoZWSProducer object at 0x2af86c860c10>
modules :  <PhysicsTools.MonoZ.MonoZWSProducer.MonoZWSProducer object at 0x2af86c860c50>
modules :  <PhysicsTools.MonoZ.MonoZWSProducer.MonoZWSProducer object at 0x2af86c860c90>
modules :  <PhysicsTools.MonoZ.MonoZWSProducer.MonoZWSProducer object at 0x2af86c860cd0>
modules :  <PhysicsTools.MonoZ.MonoZWSProducer.MonoZWSProducer object at 0x2af86c860d10>
modules :  <PhysicsTools.MonoZ.MonoZWSProducer.MonoZWSProducer object at 0x2af86c860d90>
modules :  <PhysicsTools.MonoZ.MonoZWSProducer.MonoZWSProducer object at 0x2af86c860e10>
modules :  <PhysicsTools.MonoZ.MonoZWSProducer.MonoZWSProducer object at 0x2af86c860e90>
modules :  <PhysicsTools.MonoZ.MonoZWSProducer.MonoZWSProducer object at 0x2af86c860f10>
modules :  <PhysicsTools.MonoZ.MonoZWSProducer.MonoZWSProducer object at 0x2af86c860f50>
modules :  <PhysicsTools.MonoZ.MonoZWSProducer.MonoZWSProducer object at 0x2af86c860f90>
modules :  <PhysicsTools.MonoZ.MonoZWSProducer.MonoZWSProducer object at 0x2af86c860fd0>
modules :  <PhysicsTools.MonoZ.MonoZWSProducer.MonoZWSProducer object at 0x2af86c863050>
modules :  <PhysicsTools.MonoZ.MonoZWSProducer.MonoZWSProducer object at 0x2af86c863090>
Selection :  
Will write selected trees to .
Pre-select 21833 entries out of 21833 (100.00%)
Processed    10000/   21833 entries, 45.80% (elapsed time  1241.5s, curr speed    0.008 kHz, avg speed    0.008 kHz), accepted    10001/   10001 events (100.00%)
Processed    20000/   21833 entries, 91.60% (elapsed time  2484.3s, curr speed    0.008 kHz, avg speed    0.008 kHz), accepted    20001/   20001 events (100.00%)
Processed 21833 preselected entries from /eos/cms/store/group/phys_exotica/monoZ/Exorcism_ADD_2018/ADDMonoZ_MD_1_d_4/tree_0.root (21833 entries). Finally selected 21833 entries
Done ./tree_0_Skim.root
8.040347201 Hz
----- transfer output to eos :
----- directory after running :
.:
total 6232
-rw-r--r--. 1 cfreer zh    1191 Jan  6 07:19 FrameworkJobReport.xml
-rw-r--r--. 1 cfreer zh       0 Jan  6 06:32 _condor_stderr
-rw-r--r--. 1 cfreer zh   63323 Jan  6 07:19 _condor_stdout
-rw-------. 1 cfreer zh    4882 Jan  6 07:19 cfreer.cc
-rw-r--r--. 1 cfreer zh   16092 Jan  6 06:32 combineHLT_Run2.yaml
-rw-r--r--. 1 cfreer zh    5718 Jan  6 06:32 condor_WSProducer.py
-rwxr-xr-x. 1 cfreer zh     821 Jan  6 06:32 condor_exec.exe
-rwxr-xr-x. 1 cfreer zh    2559 Jan  6 06:32 haddnano.py
-rw-r--r--. 1 cfreer zh       8 Jan  6 06:32 keep_and_drop_WS.txt
drwx------. 3 cfreer zh    4096 Jan  6 06:32 tmp
-rw-r--r--. 1 cfreer zh 3127954 Jan  6 07:19 tree_0.root
-rw-r--r--. 1 cfreer zh 3127814 Jan  6 07:19 tree_0_Skim.root
drwx------. 3 cfreer zh    4096 Jan  6 06:32 var

./tmp:
total 4
drwxr-xr-x. 3 cfreer zh 4096 Jan  6 06:32 mjf-cfreer

./tmp/mjf-cfreer:
total 4
drwxr-xr-x. 2 cfreer zh 4096 Jan  6 06:32 jobfeatures-bigbird09.cern.ch_3254110.0_1578273281

./tmp/mjf-cfreer/jobfeatures-bigbird09.cern.ch_3254110.0_1578273281:
total 28
-rw-r--r--. 1 cfreer zh  1 Jan  6 06:32 allocated_cpu
-rw-r--r--. 1 cfreer zh  6 Jan  6 06:32 cpu_limit_secs
-rw-r--r--. 1 cfreer zh 38 Jan  6 06:32 job_id
-rw-r--r--. 1 cfreer zh 10 Jan  6 06:32 jobstart_secs
-rw-r--r--. 1 cfreer zh 10 Jan  6 06:32 max_rss_bytes
-rw-r--r--. 1 cfreer zh 10 Jan  6 06:32 scratch_limit_bytes
-rw-r--r--. 1 cfreer zh  6 Jan  6 06:32 wall_limit_secs

./var:
total 4
drwx------. 2 cfreer zh 4096 Jan  6 06:32 tmp

./var/tmp:
total 0
 ------ THE END (everyone dies !) ----- 
