
/pool/condor/dir_19358

... start job at 2019-11-29 23:10:33
----- directory before running:
.:
total 52
-rw-r--r--. 1 cfreer zh     0 Nov 29 23:10 _condor_stderr
-rw-r--r--. 1 cfreer zh    94 Nov 29 23:10 _condor_stdout
-rw-------. 1 cfreer zh  2642 Nov 29 23:10 cfreer.cc
-rw-r--r--. 1 cfreer zh 16092 Nov 29 23:10 combineHLT_Run2.yaml
-rw-r--r--. 1 cfreer zh  5718 Nov 29 23:10 condor_WSProducer.py
-rwxr-xr-x. 1 cfreer zh   861 Nov 29 23:10 condor_exec.exe
-rwxr-xr-x. 1 cfreer zh  2559 Nov 29 23:10 haddnano.py
-rw-r--r--. 1 cfreer zh     8 Nov 29 23:10 keep_and_drop_WS.txt
drwx------. 3 cfreer zh  4096 Nov 29 23:10 tmp
drwx------. 3 cfreer zh  4096 Nov 29 23:10 var

./tmp:
total 4
drwxr-xr-x. 3 cfreer zh 4096 Nov 29 23:10 mjf-cfreer

./tmp/mjf-cfreer:
total 4
drwxr-xr-x. 2 cfreer zh 4096 Nov 29 23:10 jobfeatures-bigbird09.cern.ch_3029534.3_1574945538

./tmp/mjf-cfreer/jobfeatures-bigbird09.cern.ch_3029534.3_1574945538:
total 28
-rw-r--r--. 1 cfreer zh  1 Nov 29 23:10 allocated_cpu
-rw-r--r--. 1 cfreer zh  6 Nov 29 23:10 cpu_limit_secs
-rw-r--r--. 1 cfreer zh 38 Nov 29 23:10 job_id
-rw-r--r--. 1 cfreer zh 10 Nov 29 23:10 jobstart_secs
-rw-r--r--. 1 cfreer zh 10 Nov 29 23:10 max_rss_bytes
-rw-r--r--. 1 cfreer zh 10 Nov 29 23:10 scratch_limit_bytes
-rw-r--r--. 1 cfreer zh  6 Nov 29 23:10 wall_limit_secs

./var:
total 4
drwx------. 2 cfreer zh 4096 Nov 29 23:10 tmp

./var/tmp:
total 0
----- CMSSW BASE, python path, pwd:
+ CMSSW_BASE  = /afs/cern.ch/work/c/cfreer/MonoZ_2019/MT_plots/CMSSW_10_6_4
+ PYTHON_PATH = 
+ PWD         = /pool/condor/dir_19358
Adding file ./tree_3_Skim.root
Merging measMET_monoZ_catSignal-0jet
Merging MT_monoZ_catSignal-0jet
Merging measMET_monoZ_catEM
Merging MT_monoZ_catEM
Merging measMET_monoZ_catSignal-1jet
Merging MT_monoZ_catSignal-1jet
Merging measMET_monoZ_cat3L
Merging MT_monoZ_cat3L
Merging measMET_monoZ_cat4L
Merging MT_monoZ_cat4L
Merging measMET_monoZ_catNRB
Merging MT_monoZ_catNRB
Merging measMET_monoZ_catTOP
Merging MT_monoZ_catTOP
Merging measMET_monoZ_catDY
Merging MT_monoZ_catDY
Merging balance_monoZ
Merging phizmet_monoZ
Merging njet_monoZ
Merging measMET_monoZ_catSignal-0jet_sys_ElectronEnUp
Merging MT_monoZ_catSignal-0jet_sys_ElectronEnUp
Merging measMET_monoZ_catEM_sys_ElectronEnUp
Merging MT_monoZ_catEM_sys_ElectronEnUp
Merging measMET_monoZ_catSignal-1jet_sys_ElectronEnUp
Merging MT_monoZ_catSignal-1jet_sys_ElectronEnUp
Merging measMET_monoZ_cat3L_sys_ElectronEnUp
Merging MT_monoZ_cat3L_sys_ElectronEnUp
Merging measMET_monoZ_cat4L_sys_ElectronEnUp
Merging MT_monoZ_cat4L_sys_ElectronEnUp
Merging measMET_monoZ_catNRB_sys_ElectronEnUp
Merging MT_monoZ_catNRB_sys_ElectronEnUp
Merging measMET_monoZ_catTOP_sys_ElectronEnUp
Merging MT_monoZ_catTOP_sys_ElectronEnUp
Merging measMET_monoZ_catDY_sys_ElectronEnUp
Merging MT_monoZ_catDY_sys_ElectronEnUp
Merging balance_monoZ_sys_ElectronEnUp
Merging phizmet_monoZ_sys_ElectronEnUp
Merging njet_monoZ_sys_ElectronEnUp
Merging measMET_monoZ_catSignal-0jet_sys_ElectronEnDown
Merging MT_monoZ_catSignal-0jet_sys_ElectronEnDown
Merging measMET_monoZ_catEM_sys_ElectronEnDown
Merging MT_monoZ_catEM_sys_ElectronEnDown
Merging measMET_monoZ_catSignal-1jet_sys_ElectronEnDown
Merging MT_monoZ_catSignal-1jet_sys_ElectronEnDown
Merging measMET_monoZ_cat3L_sys_ElectronEnDown
Merging MT_monoZ_cat3L_sys_ElectronEnDown
Merging measMET_monoZ_cat4L_sys_ElectronEnDown
Merging MT_monoZ_cat4L_sys_ElectronEnDown
Merging measMET_monoZ_catNRB_sys_ElectronEnDown
Merging MT_monoZ_catNRB_sys_ElectronEnDown
Merging measMET_monoZ_catTOP_sys_ElectronEnDown
Merging MT_monoZ_catTOP_sys_ElectronEnDown
Merging measMET_monoZ_catDY_sys_ElectronEnDown
Merging MT_monoZ_catDY_sys_ElectronEnDown
Merging balance_monoZ_sys_ElectronEnDown
Merging phizmet_monoZ_sys_ElectronEnDown
Merging njet_monoZ_sys_ElectronEnDown
Merging measMET_monoZ_catSignal-0jet_sys_MuonEnUp
Merging MT_monoZ_catSignal-0jet_sys_MuonEnUp
Merging measMET_monoZ_catEM_sys_MuonEnUp
Merging MT_monoZ_catEM_sys_MuonEnUp
Merging measMET_monoZ_catSignal-1jet_sys_MuonEnUp
Merging MT_monoZ_catSignal-1jet_sys_MuonEnUp
Merging measMET_monoZ_cat3L_sys_MuonEnUp
Merging MT_monoZ_cat3L_sys_MuonEnUp
Merging measMET_monoZ_cat4L_sys_MuonEnUp
Merging MT_monoZ_cat4L_sys_MuonEnUp
Merging measMET_monoZ_catNRB_sys_MuonEnUp
Merging MT_monoZ_catNRB_sys_MuonEnUp
Merging measMET_monoZ_catTOP_sys_MuonEnUp
Merging MT_monoZ_catTOP_sys_MuonEnUp
Merging measMET_monoZ_catDY_sys_MuonEnUp
Merging MT_monoZ_catDY_sys_MuonEnUp
Merging balance_monoZ_sys_MuonEnUp
Merging phizmet_monoZ_sys_MuonEnUp
Merging njet_monoZ_sys_MuonEnUp
Merging measMET_monoZ_catSignal-0jet_sys_MuonEnDown
Merging MT_monoZ_catSignal-0jet_sys_MuonEnDown
Merging measMET_monoZ_catEM_sys_MuonEnDown
Merging MT_monoZ_catEM_sys_MuonEnDown
Merging measMET_monoZ_catSignal-1jet_sys_MuonEnDown
Merging MT_monoZ_catSignal-1jet_sys_MuonEnDown
Merging measMET_monoZ_cat3L_sys_MuonEnDown
Merging MT_monoZ_cat3L_sys_MuonEnDown
Merging measMET_monoZ_cat4L_sys_MuonEnDown
Merging MT_monoZ_cat4L_sys_MuonEnDown
Merging measMET_monoZ_catNRB_sys_MuonEnDown
Merging MT_monoZ_catNRB_sys_MuonEnDown
Merging measMET_monoZ_catTOP_sys_MuonEnDown
Merging MT_monoZ_catTOP_sys_MuonEnDown
Merging measMET_monoZ_catDY_sys_MuonEnDown
Merging MT_monoZ_catDY_sys_MuonEnDown
Merging balance_monoZ_sys_MuonEnDown
Merging phizmet_monoZ_sys_MuonEnDown
Merging njet_monoZ_sys_MuonEnDown
Merging measMET_monoZ_catSignal-0jet_sys_jesTotalUp
Merging MT_monoZ_catSignal-0jet_sys_jesTotalUp
Merging measMET_monoZ_catEM_sys_jesTotalUp
Merging MT_monoZ_catEM_sys_jesTotalUp
Merging measMET_monoZ_catSignal-1jet_sys_jesTotalUp
Merging MT_monoZ_catSignal-1jet_sys_jesTotalUp
Merging measMET_monoZ_cat3L_sys_jesTotalUp
Merging MT_monoZ_cat3L_sys_jesTotalUp
Merging measMET_monoZ_cat4L_sys_jesTotalUp
Merging MT_monoZ_cat4L_sys_jesTotalUp
Merging measMET_monoZ_catNRB_sys_jesTotalUp
Merging MT_monoZ_catNRB_sys_jesTotalUp
Merging measMET_monoZ_catTOP_sys_jesTotalUp
Merging MT_monoZ_catTOP_sys_jesTotalUp
Merging measMET_monoZ_catDY_sys_jesTotalUp
Merging MT_monoZ_catDY_sys_jesTotalUp
Merging balance_monoZ_sys_jesTotalUp
Merging phizmet_monoZ_sys_jesTotalUp
Merging njet_monoZ_sys_jesTotalUp
Merging measMET_monoZ_catSignal-0jet_sys_jesTotalDown
Merging MT_monoZ_catSignal-0jet_sys_jesTotalDown
Merging measMET_monoZ_catEM_sys_jesTotalDown
Merging MT_monoZ_catEM_sys_jesTotalDown
Merging measMET_monoZ_catSignal-1jet_sys_jesTotalDown
Merging MT_monoZ_catSignal-1jet_sys_jesTotalDown
Merging measMET_monoZ_cat3L_sys_jesTotalDown
Merging MT_monoZ_cat3L_sys_jesTotalDown
Merging measMET_monoZ_cat4L_sys_jesTotalDown
Merging MT_monoZ_cat4L_sys_jesTotalDown
Merging measMET_monoZ_catNRB_sys_jesTotalDown
Merging MT_monoZ_catNRB_sys_jesTotalDown
Merging measMET_monoZ_catTOP_sys_jesTotalDown
Merging MT_monoZ_catTOP_sys_jesTotalDown
Merging measMET_monoZ_catDY_sys_jesTotalDown
Merging MT_monoZ_catDY_sys_jesTotalDown
Merging balance_monoZ_sys_jesTotalDown
Merging phizmet_monoZ_sys_jesTotalDown
Merging njet_monoZ_sys_jesTotalDown
Merging measMET_monoZ_catSignal-0jet_sys_jerUp
Merging MT_monoZ_catSignal-0jet_sys_jerUp
Merging measMET_monoZ_catEM_sys_jerUp
Merging MT_monoZ_catEM_sys_jerUp
Merging measMET_monoZ_catSignal-1jet_sys_jerUp
Merging MT_monoZ_catSignal-1jet_sys_jerUp
Merging measMET_monoZ_cat3L_sys_jerUp
Merging MT_monoZ_cat3L_sys_jerUp
Merging measMET_monoZ_cat4L_sys_jerUp
Merging MT_monoZ_cat4L_sys_jerUp
Merging measMET_monoZ_catNRB_sys_jerUp
Merging MT_monoZ_catNRB_sys_jerUp
Merging measMET_monoZ_catTOP_sys_jerUp
Merging MT_monoZ_catTOP_sys_jerUp
Merging measMET_monoZ_catDY_sys_jerUp
Merging MT_monoZ_catDY_sys_jerUp
Merging balance_monoZ_sys_jerUp
Merging phizmet_monoZ_sys_jerUp
Merging njet_monoZ_sys_jerUp
Merging measMET_monoZ_catSignal-0jet_sys_jerDown
Merging MT_monoZ_catSignal-0jet_sys_jerDown
Merging measMET_monoZ_catEM_sys_jerDown
Merging MT_monoZ_catEM_sys_jerDown
Merging measMET_monoZ_catSignal-1jet_sys_jerDown
Merging MT_monoZ_catSignal-1jet_sys_jerDown
Merging measMET_monoZ_cat3L_sys_jerDown
Merging MT_monoZ_cat3L_sys_jerDown
Merging measMET_monoZ_cat4L_sys_jerDown
Merging MT_monoZ_cat4L_sys_jerDown
Merging measMET_monoZ_catNRB_sys_jerDown
Merging MT_monoZ_catNRB_sys_jerDown
Merging measMET_monoZ_catTOP_sys_jerDown
Merging MT_monoZ_catTOP_sys_jerDown
Merging measMET_monoZ_catDY_sys_jerDown
Merging MT_monoZ_catDY_sys_jerDown
Merging balance_monoZ_sys_jerDown
Merging phizmet_monoZ_sys_jerDown
Merging njet_monoZ_sys_jerDown
Merging measMET_monoZ_catSignal-0jet_sys_puWeightUp
Merging MT_monoZ_catSignal-0jet_sys_puWeightUp
Merging measMET_monoZ_catEM_sys_puWeightUp
Merging MT_monoZ_catEM_sys_puWeightUp
Merging measMET_monoZ_catSignal-1jet_sys_puWeightUp
Merging MT_monoZ_catSignal-1jet_sys_puWeightUp
Merging measMET_monoZ_cat3L_sys_puWeightUp
Merging MT_monoZ_cat3L_sys_puWeightUp
Merging measMET_monoZ_cat4L_sys_puWeightUp
Merging MT_monoZ_cat4L_sys_puWeightUp
Merging measMET_monoZ_catNRB_sys_puWeightUp
Merging MT_monoZ_catNRB_sys_puWeightUp
Merging measMET_monoZ_catTOP_sys_puWeightUp
Merging MT_monoZ_catTOP_sys_puWeightUp
Merging measMET_monoZ_catDY_sys_puWeightUp
Merging MT_monoZ_catDY_sys_puWeightUp
Merging balance_monoZ_sys_puWeightUp
Merging phizmet_monoZ_sys_puWeightUp
Merging njet_monoZ_sys_puWeightUp
Merging measMET_monoZ_catSignal-0jet_sys_puWeightDown
Merging MT_monoZ_catSignal-0jet_sys_puWeightDown
Merging measMET_monoZ_catEM_sys_puWeightDown
Merging MT_monoZ_catEM_sys_puWeightDown
Merging measMET_monoZ_catSignal-1jet_sys_puWeightDown
Merging MT_monoZ_catSignal-1jet_sys_puWeightDown
Merging measMET_monoZ_cat3L_sys_puWeightDown
Merging MT_monoZ_cat3L_sys_puWeightDown
Merging measMET_monoZ_cat4L_sys_puWeightDown
Merging MT_monoZ_cat4L_sys_puWeightDown
Merging measMET_monoZ_catNRB_sys_puWeightDown
Merging MT_monoZ_catNRB_sys_puWeightDown
Merging measMET_monoZ_catTOP_sys_puWeightDown
Merging MT_monoZ_catTOP_sys_puWeightDown
Merging measMET_monoZ_catDY_sys_puWeightDown
Merging MT_monoZ_catDY_sys_puWeightDown
Merging balance_monoZ_sys_puWeightDown
Merging phizmet_monoZ_sys_puWeightDown
Merging njet_monoZ_sys_puWeightDown
Merging measMET_monoZ_catSignal-0jet_sys_PDFUp
Merging MT_monoZ_catSignal-0jet_sys_PDFUp
Merging measMET_monoZ_catEM_sys_PDFUp
Merging MT_monoZ_catEM_sys_PDFUp
Merging measMET_monoZ_catSignal-1jet_sys_PDFUp
Merging MT_monoZ_catSignal-1jet_sys_PDFUp
Merging measMET_monoZ_cat3L_sys_PDFUp
Merging MT_monoZ_cat3L_sys_PDFUp
Merging measMET_monoZ_cat4L_sys_PDFUp
Merging MT_monoZ_cat4L_sys_PDFUp
Merging measMET_monoZ_catNRB_sys_PDFUp
Merging MT_monoZ_catNRB_sys_PDFUp
Merging measMET_monoZ_catTOP_sys_PDFUp
Merging MT_monoZ_catTOP_sys_PDFUp
Merging measMET_monoZ_catDY_sys_PDFUp
Merging MT_monoZ_catDY_sys_PDFUp
Merging balance_monoZ_sys_PDFUp
Merging phizmet_monoZ_sys_PDFUp
Merging njet_monoZ_sys_PDFUp
Merging measMET_monoZ_catSignal-0jet_sys_PDFDown
Merging MT_monoZ_catSignal-0jet_sys_PDFDown
Merging measMET_monoZ_catEM_sys_PDFDown
Merging MT_monoZ_catEM_sys_PDFDown
Merging measMET_monoZ_catSignal-1jet_sys_PDFDown
Merging MT_monoZ_catSignal-1jet_sys_PDFDown
Merging measMET_monoZ_cat3L_sys_PDFDown
Merging MT_monoZ_cat3L_sys_PDFDown
Merging measMET_monoZ_cat4L_sys_PDFDown
Merging MT_monoZ_cat4L_sys_PDFDown
Merging measMET_monoZ_catNRB_sys_PDFDown
Merging MT_monoZ_catNRB_sys_PDFDown
Merging measMET_monoZ_catTOP_sys_PDFDown
Merging MT_monoZ_catTOP_sys_PDFDown
Merging measMET_monoZ_catDY_sys_PDFDown
Merging MT_monoZ_catDY_sys_PDFDown
Merging balance_monoZ_sys_PDFDown
Merging phizmet_monoZ_sys_PDFDown
Merging njet_monoZ_sys_PDFDown
Merging measMET_monoZ_catSignal-0jet_sys_MuonSFUp
Merging MT_monoZ_catSignal-0jet_sys_MuonSFUp
Merging measMET_monoZ_catEM_sys_MuonSFUp
Merging MT_monoZ_catEM_sys_MuonSFUp
Merging measMET_monoZ_catSignal-1jet_sys_MuonSFUp
Merging MT_monoZ_catSignal-1jet_sys_MuonSFUp
Merging measMET_monoZ_cat3L_sys_MuonSFUp
Merging MT_monoZ_cat3L_sys_MuonSFUp
Merging measMET_monoZ_cat4L_sys_MuonSFUp
Merging MT_monoZ_cat4L_sys_MuonSFUp
Merging measMET_monoZ_catNRB_sys_MuonSFUp
Merging MT_monoZ_catNRB_sys_MuonSFUp
Merging measMET_monoZ_catTOP_sys_MuonSFUp
Merging MT_monoZ_catTOP_sys_MuonSFUp
Merging measMET_monoZ_catDY_sys_MuonSFUp
Merging MT_monoZ_catDY_sys_MuonSFUp
Merging balance_monoZ_sys_MuonSFUp
Merging phizmet_monoZ_sys_MuonSFUp
Merging njet_monoZ_sys_MuonSFUp
Merging measMET_monoZ_catSignal-0jet_sys_MuonSFDown
Merging MT_monoZ_catSignal-0jet_sys_MuonSFDown
Merging measMET_monoZ_catEM_sys_MuonSFDown
Merging MT_monoZ_catEM_sys_MuonSFDown
Merging measMET_monoZ_catSignal-1jet_sys_MuonSFDown
Merging MT_monoZ_catSignal-1jet_sys_MuonSFDown
Merging measMET_monoZ_cat3L_sys_MuonSFDown
Merging MT_monoZ_cat3L_sys_MuonSFDown
Merging measMET_monoZ_cat4L_sys_MuonSFDown
Merging MT_monoZ_cat4L_sys_MuonSFDown
Merging measMET_monoZ_catNRB_sys_MuonSFDown
Merging MT_monoZ_catNRB_sys_MuonSFDown
Merging measMET_monoZ_catTOP_sys_MuonSFDown
Merging MT_monoZ_catTOP_sys_MuonSFDown
Merging measMET_monoZ_catDY_sys_MuonSFDown
Merging MT_monoZ_catDY_sys_MuonSFDown
Merging balance_monoZ_sys_MuonSFDown
Merging phizmet_monoZ_sys_MuonSFDown
Merging njet_monoZ_sys_MuonSFDown
Merging measMET_monoZ_catSignal-0jet_sys_ElecronSFUp
Merging MT_monoZ_catSignal-0jet_sys_ElecronSFUp
Merging measMET_monoZ_catEM_sys_ElecronSFUp
Merging MT_monoZ_catEM_sys_ElecronSFUp
Merging measMET_monoZ_catSignal-1jet_sys_ElecronSFUp
Merging MT_monoZ_catSignal-1jet_sys_ElecronSFUp
Merging measMET_monoZ_cat3L_sys_ElecronSFUp
Merging MT_monoZ_cat3L_sys_ElecronSFUp
Merging measMET_monoZ_cat4L_sys_ElecronSFUp
Merging MT_monoZ_cat4L_sys_ElecronSFUp
Merging measMET_monoZ_catNRB_sys_ElecronSFUp
Merging MT_monoZ_catNRB_sys_ElecronSFUp
Merging measMET_monoZ_catTOP_sys_ElecronSFUp
Merging MT_monoZ_catTOP_sys_ElecronSFUp
Merging measMET_monoZ_catDY_sys_ElecronSFUp
Merging MT_monoZ_catDY_sys_ElecronSFUp
Merging balance_monoZ_sys_ElecronSFUp
Merging phizmet_monoZ_sys_ElecronSFUp
Merging njet_monoZ_sys_ElecronSFUp
Merging measMET_monoZ_catSignal-0jet_sys_ElecronSFDown
Merging MT_monoZ_catSignal-0jet_sys_ElecronSFDown
Merging measMET_monoZ_catEM_sys_ElecronSFDown
Merging MT_monoZ_catEM_sys_ElecronSFDown
Merging measMET_monoZ_catSignal-1jet_sys_ElecronSFDown
Merging MT_monoZ_catSignal-1jet_sys_ElecronSFDown
Merging measMET_monoZ_cat3L_sys_ElecronSFDown
Merging MT_monoZ_cat3L_sys_ElecronSFDown
Merging measMET_monoZ_cat4L_sys_ElecronSFDown
Merging MT_monoZ_cat4L_sys_ElecronSFDown
Merging measMET_monoZ_catNRB_sys_ElecronSFDown
Merging MT_monoZ_catNRB_sys_ElecronSFDown
Merging measMET_monoZ_catTOP_sys_ElecronSFDown
Merging MT_monoZ_catTOP_sys_ElecronSFDown
Merging measMET_monoZ_catDY_sys_ElecronSFDown
Merging MT_monoZ_catDY_sys_ElecronSFDown
Merging balance_monoZ_sys_ElecronSFDown
Merging phizmet_monoZ_sys_ElecronSFDown
Merging njet_monoZ_sys_ElecronSFDown
Merging measMET_monoZ_catSignal-0jet_sys_EWKUp
Merging MT_monoZ_catSignal-0jet_sys_EWKUp
Merging measMET_monoZ_catEM_sys_EWKUp
Merging MT_monoZ_catEM_sys_EWKUp
Merging measMET_monoZ_catSignal-1jet_sys_EWKUp
Merging MT_monoZ_catSignal-1jet_sys_EWKUp
Merging measMET_monoZ_cat3L_sys_EWKUp
Merging MT_monoZ_cat3L_sys_EWKUp
Merging measMET_monoZ_cat4L_sys_EWKUp
Merging MT_monoZ_cat4L_sys_EWKUp
Merging measMET_monoZ_catNRB_sys_EWKUp
Merging MT_monoZ_catNRB_sys_EWKUp
Merging measMET_monoZ_catTOP_sys_EWKUp
Merging MT_monoZ_catTOP_sys_EWKUp
Merging measMET_monoZ_catDY_sys_EWKUp
Merging MT_monoZ_catDY_sys_EWKUp
Merging balance_monoZ_sys_EWKUp
Merging phizmet_monoZ_sys_EWKUp
Merging njet_monoZ_sys_EWKUp
Merging measMET_monoZ_catSignal-0jet_sys_EWKDown
Merging MT_monoZ_catSignal-0jet_sys_EWKDown
Merging measMET_monoZ_catEM_sys_EWKDown
Merging MT_monoZ_catEM_sys_EWKDown
Merging measMET_monoZ_catSignal-1jet_sys_EWKDown
Merging MT_monoZ_catSignal-1jet_sys_EWKDown
Merging measMET_monoZ_cat3L_sys_EWKDown
Merging MT_monoZ_cat3L_sys_EWKDown
Merging measMET_monoZ_cat4L_sys_EWKDown
Merging MT_monoZ_cat4L_sys_EWKDown
Merging measMET_monoZ_catNRB_sys_EWKDown
Merging MT_monoZ_catNRB_sys_EWKDown
Merging measMET_monoZ_catTOP_sys_EWKDown
Merging MT_monoZ_catTOP_sys_EWKDown
Merging measMET_monoZ_catDY_sys_EWKDown
Merging MT_monoZ_catDY_sys_EWKDown
Merging balance_monoZ_sys_EWKDown
Merging phizmet_monoZ_sys_EWKDown
Merging njet_monoZ_sys_EWKDown
Merging measMET_monoZ_catSignal-0jet_sys_nvtxWeightUp
Merging MT_monoZ_catSignal-0jet_sys_nvtxWeightUp
Merging measMET_monoZ_catEM_sys_nvtxWeightUp
Merging MT_monoZ_catEM_sys_nvtxWeightUp
Merging measMET_monoZ_catSignal-1jet_sys_nvtxWeightUp
Merging MT_monoZ_catSignal-1jet_sys_nvtxWeightUp
Merging measMET_monoZ_cat3L_sys_nvtxWeightUp
Merging MT_monoZ_cat3L_sys_nvtxWeightUp
Merging measMET_monoZ_cat4L_sys_nvtxWeightUp
Merging MT_monoZ_cat4L_sys_nvtxWeightUp
Merging measMET_monoZ_catNRB_sys_nvtxWeightUp
Merging MT_monoZ_catNRB_sys_nvtxWeightUp
Merging measMET_monoZ_catTOP_sys_nvtxWeightUp
Merging MT_monoZ_catTOP_sys_nvtxWeightUp
Merging measMET_monoZ_catDY_sys_nvtxWeightUp
Merging MT_monoZ_catDY_sys_nvtxWeightUp
Merging balance_monoZ_sys_nvtxWeightUp
Merging phizmet_monoZ_sys_nvtxWeightUp
Merging njet_monoZ_sys_nvtxWeightUp
Merging measMET_monoZ_catSignal-0jet_sys_nvtxWeightDown
Merging MT_monoZ_catSignal-0jet_sys_nvtxWeightDown
Merging measMET_monoZ_catEM_sys_nvtxWeightDown
Merging MT_monoZ_catEM_sys_nvtxWeightDown
Merging measMET_monoZ_catSignal-1jet_sys_nvtxWeightDown
Merging MT_monoZ_catSignal-1jet_sys_nvtxWeightDown
Merging measMET_monoZ_cat3L_sys_nvtxWeightDown
Merging MT_monoZ_cat3L_sys_nvtxWeightDown
Merging measMET_monoZ_cat4L_sys_nvtxWeightDown
Merging MT_monoZ_cat4L_sys_nvtxWeightDown
Merging measMET_monoZ_catNRB_sys_nvtxWeightDown
Merging MT_monoZ_catNRB_sys_nvtxWeightDown
Merging measMET_monoZ_catTOP_sys_nvtxWeightDown
Merging MT_monoZ_catTOP_sys_nvtxWeightDown
Merging measMET_monoZ_catDY_sys_nvtxWeightDown
Merging MT_monoZ_catDY_sys_nvtxWeightDown
Merging balance_monoZ_sys_nvtxWeightDown
Merging phizmet_monoZ_sys_nvtxWeightDown
Merging njet_monoZ_sys_nvtxWeightDown
Merging measMET_monoZ_catSignal-0jet_sys_TriggerSFWeightUp
Merging MT_monoZ_catSignal-0jet_sys_TriggerSFWeightUp
Merging measMET_monoZ_catEM_sys_TriggerSFWeightUp
Merging MT_monoZ_catEM_sys_TriggerSFWeightUp
Merging measMET_monoZ_catSignal-1jet_sys_TriggerSFWeightUp
Merging MT_monoZ_catSignal-1jet_sys_TriggerSFWeightUp
Merging measMET_monoZ_cat3L_sys_TriggerSFWeightUp
Merging MT_monoZ_cat3L_sys_TriggerSFWeightUp
Merging measMET_monoZ_cat4L_sys_TriggerSFWeightUp
Merging MT_monoZ_cat4L_sys_TriggerSFWeightUp
Merging measMET_monoZ_catNRB_sys_TriggerSFWeightUp
Merging MT_monoZ_catNRB_sys_TriggerSFWeightUp
Merging measMET_monoZ_catTOP_sys_TriggerSFWeightUp
Merging MT_monoZ_catTOP_sys_TriggerSFWeightUp
Merging measMET_monoZ_catDY_sys_TriggerSFWeightUp
Merging MT_monoZ_catDY_sys_TriggerSFWeightUp
Merging balance_monoZ_sys_TriggerSFWeightUp
Merging phizmet_monoZ_sys_TriggerSFWeightUp
Merging njet_monoZ_sys_TriggerSFWeightUp
Merging measMET_monoZ_catSignal-0jet_sys_TriggerSFWeightDown
Merging MT_monoZ_catSignal-0jet_sys_TriggerSFWeightDown
Merging measMET_monoZ_catEM_sys_TriggerSFWeightDown
Merging MT_monoZ_catEM_sys_TriggerSFWeightDown
Merging measMET_monoZ_catSignal-1jet_sys_TriggerSFWeightDown
Merging MT_monoZ_catSignal-1jet_sys_TriggerSFWeightDown
Merging measMET_monoZ_cat3L_sys_TriggerSFWeightDown
Merging MT_monoZ_cat3L_sys_TriggerSFWeightDown
Merging measMET_monoZ_cat4L_sys_TriggerSFWeightDown
Merging MT_monoZ_cat4L_sys_TriggerSFWeightDown
Merging measMET_monoZ_catNRB_sys_TriggerSFWeightDown
Merging MT_monoZ_catNRB_sys_TriggerSFWeightDown
Merging measMET_monoZ_catTOP_sys_TriggerSFWeightDown
Merging MT_monoZ_catTOP_sys_TriggerSFWeightDown
Merging measMET_monoZ_catDY_sys_TriggerSFWeightDown
Merging MT_monoZ_catDY_sys_TriggerSFWeightDown
Merging balance_monoZ_sys_TriggerSFWeightDown
Merging phizmet_monoZ_sys_TriggerSFWeightDown
Merging njet_monoZ_sys_TriggerSFWeightDown
Merging measMET_monoZ_catSignal-0jet_sys_btagEventWeightUp
Merging MT_monoZ_catSignal-0jet_sys_btagEventWeightUp
Merging measMET_monoZ_catEM_sys_btagEventWeightUp
Merging MT_monoZ_catEM_sys_btagEventWeightUp
Merging measMET_monoZ_catSignal-1jet_sys_btagEventWeightUp
Merging MT_monoZ_catSignal-1jet_sys_btagEventWeightUp
Merging measMET_monoZ_cat3L_sys_btagEventWeightUp
Merging MT_monoZ_cat3L_sys_btagEventWeightUp
Merging measMET_monoZ_cat4L_sys_btagEventWeightUp
Merging MT_monoZ_cat4L_sys_btagEventWeightUp
Merging measMET_monoZ_catNRB_sys_btagEventWeightUp
Merging MT_monoZ_catNRB_sys_btagEventWeightUp
Merging measMET_monoZ_catTOP_sys_btagEventWeightUp
Merging MT_monoZ_catTOP_sys_btagEventWeightUp
Merging measMET_monoZ_catDY_sys_btagEventWeightUp
Merging MT_monoZ_catDY_sys_btagEventWeightUp
Merging balance_monoZ_sys_btagEventWeightUp
Merging phizmet_monoZ_sys_btagEventWeightUp
Merging njet_monoZ_sys_btagEventWeightUp
Merging measMET_monoZ_catSignal-0jet_sys_btagEventWeightDown
Merging MT_monoZ_catSignal-0jet_sys_btagEventWeightDown
Merging measMET_monoZ_catEM_sys_btagEventWeightDown
Merging MT_monoZ_catEM_sys_btagEventWeightDown
Merging measMET_monoZ_catSignal-1jet_sys_btagEventWeightDown
Merging MT_monoZ_catSignal-1jet_sys_btagEventWeightDown
Merging measMET_monoZ_cat3L_sys_btagEventWeightDown
Merging MT_monoZ_cat3L_sys_btagEventWeightDown
Merging measMET_monoZ_cat4L_sys_btagEventWeightDown
Merging MT_monoZ_cat4L_sys_btagEventWeightDown
Merging measMET_monoZ_catNRB_sys_btagEventWeightDown
Merging MT_monoZ_catNRB_sys_btagEventWeightDown
Merging measMET_monoZ_catTOP_sys_btagEventWeightDown
Merging MT_monoZ_catTOP_sys_btagEventWeightDown
Merging measMET_monoZ_catDY_sys_btagEventWeightDown
Merging MT_monoZ_catDY_sys_btagEventWeightDown
Merging balance_monoZ_sys_btagEventWeightDown
Merging phizmet_monoZ_sys_btagEventWeightDown
Merging njet_monoZ_sys_btagEventWeightDown
Merging measMET_monoZ_catSignal-0jet_sys_QCDScale0wUp
Merging MT_monoZ_catSignal-0jet_sys_QCDScale0wUp
Merging measMET_monoZ_catEM_sys_QCDScale0wUp
Merging MT_monoZ_catEM_sys_QCDScale0wUp
Merging measMET_monoZ_catSignal-1jet_sys_QCDScale0wUp
Merging MT_monoZ_catSignal-1jet_sys_QCDScale0wUp
Merging measMET_monoZ_cat3L_sys_QCDScale0wUp
Merging MT_monoZ_cat3L_sys_QCDScale0wUp
Merging measMET_monoZ_cat4L_sys_QCDScale0wUp
Merging MT_monoZ_cat4L_sys_QCDScale0wUp
Merging measMET_monoZ_catNRB_sys_QCDScale0wUp
Merging MT_monoZ_catNRB_sys_QCDScale0wUp
Merging measMET_monoZ_catTOP_sys_QCDScale0wUp
Merging MT_monoZ_catTOP_sys_QCDScale0wUp
Merging measMET_monoZ_catDY_sys_QCDScale0wUp
Merging MT_monoZ_catDY_sys_QCDScale0wUp
Merging balance_monoZ_sys_QCDScale0wUp
Merging phizmet_monoZ_sys_QCDScale0wUp
Merging njet_monoZ_sys_QCDScale0wUp
Merging measMET_monoZ_catSignal-0jet_sys_QCDScale0wDown
Merging MT_monoZ_catSignal-0jet_sys_QCDScale0wDown
Merging measMET_monoZ_catEM_sys_QCDScale0wDown
Merging MT_monoZ_catEM_sys_QCDScale0wDown
Merging measMET_monoZ_catSignal-1jet_sys_QCDScale0wDown
Merging MT_monoZ_catSignal-1jet_sys_QCDScale0wDown
Merging measMET_monoZ_cat3L_sys_QCDScale0wDown
Merging MT_monoZ_cat3L_sys_QCDScale0wDown
Merging measMET_monoZ_cat4L_sys_QCDScale0wDown
Merging MT_monoZ_cat4L_sys_QCDScale0wDown
Merging measMET_monoZ_catNRB_sys_QCDScale0wDown
Merging MT_monoZ_catNRB_sys_QCDScale0wDown
Merging measMET_monoZ_catTOP_sys_QCDScale0wDown
Merging MT_monoZ_catTOP_sys_QCDScale0wDown
Merging measMET_monoZ_catDY_sys_QCDScale0wDown
Merging MT_monoZ_catDY_sys_QCDScale0wDown
Merging balance_monoZ_sys_QCDScale0wDown
Merging phizmet_monoZ_sys_QCDScale0wDown
Merging njet_monoZ_sys_QCDScale0wDown
Merging measMET_monoZ_catSignal-0jet_sys_QCDScale1wUp
Merging MT_monoZ_catSignal-0jet_sys_QCDScale1wUp
Merging measMET_monoZ_catEM_sys_QCDScale1wUp
Merging MT_monoZ_catEM_sys_QCDScale1wUp
Merging measMET_monoZ_catSignal-1jet_sys_QCDScale1wUp
Merging MT_monoZ_catSignal-1jet_sys_QCDScale1wUp
Merging measMET_monoZ_cat3L_sys_QCDScale1wUp
Merging MT_monoZ_cat3L_sys_QCDScale1wUp
Merging measMET_monoZ_cat4L_sys_QCDScale1wUp
Merging MT_monoZ_cat4L_sys_QCDScale1wUp
Merging measMET_monoZ_catNRB_sys_QCDScale1wUp
Merging MT_monoZ_catNRB_sys_QCDScale1wUp
Merging measMET_monoZ_catTOP_sys_QCDScale1wUp
Merging MT_monoZ_catTOP_sys_QCDScale1wUp
Merging measMET_monoZ_catDY_sys_QCDScale1wUp
Merging MT_monoZ_catDY_sys_QCDScale1wUp
Merging balance_monoZ_sys_QCDScale1wUp
Merging phizmet_monoZ_sys_QCDScale1wUp
Merging njet_monoZ_sys_QCDScale1wUp
Merging measMET_monoZ_catSignal-0jet_sys_QCDScale1wDown
Merging MT_monoZ_catSignal-0jet_sys_QCDScale1wDown
Merging measMET_monoZ_catEM_sys_QCDScale1wDown
Merging MT_monoZ_catEM_sys_QCDScale1wDown
Merging measMET_monoZ_catSignal-1jet_sys_QCDScale1wDown
Merging MT_monoZ_catSignal-1jet_sys_QCDScale1wDown
Merging measMET_monoZ_cat3L_sys_QCDScale1wDown
Merging MT_monoZ_cat3L_sys_QCDScale1wDown
Merging measMET_monoZ_cat4L_sys_QCDScale1wDown
Merging MT_monoZ_cat4L_sys_QCDScale1wDown
Merging measMET_monoZ_catNRB_sys_QCDScale1wDown
Merging MT_monoZ_catNRB_sys_QCDScale1wDown
Merging measMET_monoZ_catTOP_sys_QCDScale1wDown
Merging MT_monoZ_catTOP_sys_QCDScale1wDown
Merging measMET_monoZ_catDY_sys_QCDScale1wDown
Merging MT_monoZ_catDY_sys_QCDScale1wDown
Merging balance_monoZ_sys_QCDScale1wDown
Merging phizmet_monoZ_sys_QCDScale1wDown
Merging njet_monoZ_sys_QCDScale1wDown
Merging measMET_monoZ_catSignal-0jet_sys_QCDScale2wUp
Merging MT_monoZ_catSignal-0jet_sys_QCDScale2wUp
Merging measMET_monoZ_catEM_sys_QCDScale2wUp
Merging MT_monoZ_catEM_sys_QCDScale2wUp
Merging measMET_monoZ_catSignal-1jet_sys_QCDScale2wUp
Merging MT_monoZ_catSignal-1jet_sys_QCDScale2wUp
Merging measMET_monoZ_cat3L_sys_QCDScale2wUp
Merging MT_monoZ_cat3L_sys_QCDScale2wUp
Merging measMET_monoZ_cat4L_sys_QCDScale2wUp
Merging MT_monoZ_cat4L_sys_QCDScale2wUp
Merging measMET_monoZ_catNRB_sys_QCDScale2wUp
Merging MT_monoZ_catNRB_sys_QCDScale2wUp
Merging measMET_monoZ_catTOP_sys_QCDScale2wUp
Merging MT_monoZ_catTOP_sys_QCDScale2wUp
Merging measMET_monoZ_catDY_sys_QCDScale2wUp
Merging MT_monoZ_catDY_sys_QCDScale2wUp
Merging balance_monoZ_sys_QCDScale2wUp
Merging phizmet_monoZ_sys_QCDScale2wUp
Merging njet_monoZ_sys_QCDScale2wUp
Merging measMET_monoZ_catSignal-0jet_sys_QCDScale2wDown
Merging MT_monoZ_catSignal-0jet_sys_QCDScale2wDown
Merging measMET_monoZ_catEM_sys_QCDScale2wDown
Merging MT_monoZ_catEM_sys_QCDScale2wDown
Merging measMET_monoZ_catSignal-1jet_sys_QCDScale2wDown
Merging MT_monoZ_catSignal-1jet_sys_QCDScale2wDown
Merging measMET_monoZ_cat3L_sys_QCDScale2wDown
Merging MT_monoZ_cat3L_sys_QCDScale2wDown
Merging measMET_monoZ_cat4L_sys_QCDScale2wDown
Merging MT_monoZ_cat4L_sys_QCDScale2wDown
Merging measMET_monoZ_catNRB_sys_QCDScale2wDown
Merging MT_monoZ_catNRB_sys_QCDScale2wDown
Merging measMET_monoZ_catTOP_sys_QCDScale2wDown
Merging MT_monoZ_catTOP_sys_QCDScale2wDown
Merging measMET_monoZ_catDY_sys_QCDScale2wDown
Merging MT_monoZ_catDY_sys_QCDScale2wDown
Merging balance_monoZ_sys_QCDScale2wDown
Merging phizmet_monoZ_sys_QCDScale2wDown
Merging njet_monoZ_sys_QCDScale2wDown
Merging Events
Merging Runs
Merging ParameterSets
Merging LuminosityBlocks
Merging MetaData
Merging measMET_ST_tW_top_5f_inclusiveDecays_13TeV-powheg-pythia8_TuneCUETP8M1_catTOP_sys_btagEventWeightUp
Merging njet_ST_tW_top_5f_inclusiveDecays_13TeV-powheg-pythia8_TuneCUETP8M1_sys_ElectronEnDown
Merging njet_ST_tW_top_5f_inclusiveDecays_13TeV-powheg-pythia8_TuneCUETP8M1_sys_QCDScale1wUp
Merging measMET_ST_tW_top_5f_inclusiveDecays_13TeV-powheg-pythia8_TuneCUETP8M1_catSignal-0jet_sys_jerDown
Merging measMET_ST_tW_top_5f_inclusiveDecays_13TeV-powheg-pythia8_TuneCUETP8M1_catDY_sys_TriggerSFWeightUp
Merging measMET_ST_tW_top_5f_inclusiveDecays_13TeV-powheg-pythia8_TuneCUETP8M1_catEM_sys_jerDown
Merging measMET_ST_tW_top_5f_inclusiveDecays_13TeV-powheg-pythia8_TuneCUETP8M1_catNRB_sys_PrefireWeightUp
Merging MT_ST_tW_top_5f_inclusiveDecays_13TeV-powheg-pythia8_TuneCUETP8M1_cat3L_sys_PrefireWeightDown
Merging phizmet_ST_tW_top_5f_inclusiveDecays_13TeV-powheg-pythia8_TuneCUETP8M1_sys_ElecronSFUp
Merging MT_ST_tW_top_5f_inclusiveDecays_13TeV-powheg-pythia8_TuneCUETP8M1_catNRB_sys_EWKUp
Merging phizmet_ST_tW_top_5f_inclusiveDecays_13TeV-powheg-pythia8_TuneCUETP8M1_sys_jerUp
Merging MT_ST_tW_top_5f_inclusiveDecays_13TeV-powheg-pythia8_TuneCUETP8M1_cat4L_sys_jesTotalDown
Merging balance_ST_tW_top_5f_inclusiveDecays_13TeV-powheg-pythia8_TuneCUETP8M1_sys_QCDScale0wUp
Merging njet_ST_tW_top_5f_inclusiveDecays_13TeV-powheg-pythia8_TuneCUETP8M1_sys_MuonEnDown
Merging measMET_ST_tW_top_5f_inclusiveDecays_13TeV-powheg-pythia8_TuneCUETP8M1_catTOP_sys_PrefireWeightDown
Merging balance_ST_tW_top_5f_inclusiveDecays_13TeV-powheg-pythia8_TuneCUETP8M1_sys_jerDown
Merging measMET_ST_tW_top_5f_inclusiveDecays_13TeV-powheg-pythia8_TuneCUETP8M1_catNRB_sys_jesTotalDown
Merging MT_ST_tW_top_5f_inclusiveDecays_13TeV-powheg-pythia8_TuneCUETP8M1_catTOP_sys_jerDown
Merging measMET_ST_tW_top_5f_inclusiveDecays_13TeV-powheg-pythia8_TuneCUETP8M1_catSignal-0jet
Merging measMET_ST_tW_top_5f_inclusiveDecays_13TeV-powheg-pythia8_TuneCUETP8M1_catDY_sys_jerDown
Merging balance_ST_tW_top_5f_inclusiveDecays_13TeV-powheg-pythia8_TuneCUETP8M1_sys_EWKUp
Merging MT_ST_tW_top_5f_inclusiveDecays_13TeV-powheg-pythia8_TuneCUETP8M1_catSignal-1jet_sys_QCDScale1wDown
Merging measMET_ST_tW_top_5f_inclusiveDecays_13TeV-powheg-pythia8_TuneCUETP8M1_catNRB_sys_ElecronSFDown
Merging MT_ST_tW_top_5f_inclusiveDecays_13TeV-powheg-pythia8_TuneCUETP8M1_catTOP_sys_btagEventWeightUp
Merging MT_ST_tW_top_5f_inclusiveDecays_13TeV-powheg-pythia8_TuneCUETP8M1_catDY_sys_QCDScale2wUp
Merging measMET_ST_tW_top_5f_inclusiveDecays_13TeV-powheg-pythia8_TuneCUETP8M1_catEM_sys_MuonSFUp
Merging MT_ST_tW_top_5f_inclusiveDecays_13TeV-powheg-pythia8_TuneCUETP8M1_catSignal-1jet_sys_jesTotalDown
Merging measMET_ST_tW_top_5f_inclusiveDecays_13TeV-powheg-pythia8_TuneCUETP8M1_cat3L_sys_btagEventWeightUp
Merging measMET_ST_tW_top_5f_inclusiveDecays_13TeV-powheg-pythia8_TuneCUETP8M1_catSignal-0jet_sys_ElectronEnUp
Merging measMET_ST_tW_top_5f_inclusiveDecays_13TeV-powheg-pythia8_TuneCUETP8M1_catTOP_sys_QCDScale1wUp
Merging phizmet_ST_tW_top_5f_inclusiveDecays_13TeV-powheg-pythia8_TuneCUETP8M1_sys_nvtxWeightUp
Merging MT_ST_tW_top_5f_inclusiveDecays_13TeV-powheg-pythia8_TuneCUETP8M1_catEM_sys_EWKDown
Merging measMET_ST_tW_top_5f_inclusiveDecays_13TeV-powheg-pythia8_TuneCUETP8M1_catSignal-0jet_sys_QCDScale2wDown
Merging MT_ST_tW_top_5f_inclusiveDecays_13TeV-powheg-pythia8_TuneCUETP8M1_catSignal-0jet_sys_EWKDown
Merging measMET_ST_tW_top_5f_inclusiveDecays_13TeV-powheg-pythia8_TuneCUETP8M1_catTOP_sys_btagEventWeightDown
Merging MT_ST_tW_top_5f_inclusiveDecays_13TeV-powheg-pythia8_TuneCUETP8M1_catSignal-0jet
Merging measMET_ST_tW_top_5f_inclusiveDecays_13TeV-powheg-pythia8_TuneCUETP8M1_cat4L_sys_TriggerSFWeightDown
Merging measMET_ST_tW_top_5f_inclusiveDecays_13TeV-powheg-pythia8_TuneCUETP8M1_catSignal-1jet_sys_MuonSFUp
Merging measMET_ST_tW_top_5f_inclusiveDecays_13TeV-powheg-pythia8_TuneCUETP8M1_catNRB_sys_QCDScale2wDown
Merging MT_ST_tW_top_5f_inclusiveDecays_13TeV-powheg-pythia8_TuneCUETP8M1_catTOP_sys_QCDScale0wDown
Merging measMET_ST_tW_top_5f_inclusiveDecays_13TeV-powheg-pythia8_TuneCUETP8M1_catDY_sys_QCDScale2wUp
Merging measMET_ST_tW_top_5f_inclusiveDecays_13TeV-powheg-pythia8_TuneCUETP8M1_catSignal-1jet_sys_PDFDown
Merging MT_ST_tW_top_5f_inclusiveDecays_13TeV-powheg-pythia8_TuneCUETP8M1_cat3L_sys_jesTotalUp
Merging MT_ST_tW_top_5f_inclusiveDecays_13TeV-powheg-pythia8_TuneCUETP8M1_cat4L_sys_nvtxWeightDown
Merging measMET_ST_tW_top_5f_inclusiveDecays_13TeV-powheg-pythia8_TuneCUETP8M1_cat4L_sys_MuonSFDown
Merging MT_ST_tW_top_5f_inclusiveDecays_13TeV-powheg-pythia8_TuneCUETP8M1_catNRB_sys_ElectronEnDown
Merging MT_ST_tW_top_5f_inclusiveDecays_13TeV-powheg-pythia8_TuneCUETP8M1_cat4L_sys_MuonSFUp
Merging phizmet_ST_tW_top_5f_inclusiveDecays_13TeV-powheg-pythia8_TuneCUETP8M1_sys_EWKDown
Merging phizmet_ST_tW_top_5f_inclusiveDecays_13TeV-powheg-pythia8_TuneCUETP8M1_sys_QCDScale0wDown
Merging MT_ST_tW_top_5f_inclusiveDecays_13TeV-powheg-pythia8_TuneCUETP8M1_catNRB_sys_PrefireWeightDown
Merging measMET_ST_tW_top_5f_inclusiveDecays_13TeV-powheg-pythia8_TuneCUETP8M1_catNRB_sys_PDFUp
Merging njet_ST_tW_top_5f_inclusiveDecays_13TeV-powheg-pythia8_TuneCUETP8M1_sys_ElecronSFUp
Merging MT_ST_tW_top_5f_inclusiveDecays_13TeV-powheg-pythia8_TuneCUETP8M1_cat4L_sys_nvtxWeightUp
Merging measMET_ST_tW_top_5f_inclusiveDecays_13TeV-powheg-pythia8_TuneCUETP8M1_catDY_sys_PDFDown
Merging MT_ST_tW_top_5f_inclusiveDecays_13TeV-powheg-pythia8_TuneCUETP8M1_catDY_sys_puWeightUp
Merging measMET_ST_tW_top_5f_inclusiveDecays_13TeV-powheg-pythia8_TuneCUETP8M1_catSignal-0jet_sys_QCDScale1wUp
Merging measMET_ST_tW_top_5f_inclusiveDecays_13TeV-powheg-pythia8_TuneCUETP8M1_catSignal-0jet_sys_nvtxWeightDown
Merging MT_ST_tW_top_5f_inclusiveDecays_13TeV-powheg-pythia8_TuneCUETP8M1_cat4L_sys_PrefireWeightUp
Merging MT_ST_tW_top_5f_inclusiveDecays_13TeV-powheg-pythia8_TuneCUETP8M1_catEM_sys_QCDScale2wUp
Merging njet_ST_tW_top_5f_inclusiveDecays_13TeV-powheg-pythia8_TuneCUETP8M1_sys_TriggerSFWeightUp
Merging MT_ST_tW_top_5f_inclusiveDecays_13TeV-powheg-pythia8_TuneCUETP8M1_catTOP_sys_nvtxWeightDown
Merging phizmet_ST_tW_top_5f_inclusiveDecays_13TeV-powheg-pythia8_TuneCUETP8M1_sys_QCDScale2wDown
Merging MT_ST_tW_top_5f_inclusiveDecays_13TeV-powheg-pythia8_TuneCUETP8M1_catTOP_sys_QCDScale0wUp
Merging measMET_ST_tW_top_5f_inclusiveDecays_13TeV-powheg-pythia8_TuneCUETP8M1_cat3L_sys_QCDScale0wUp
Merging phizmet_ST_tW_top_5f_inclusiveDecays_13TeV-powheg-pythia8_TuneCUETP8M1_sys_MuonEnDown
Merging MT_ST_tW_top_5f_inclusiveDecays_13TeV-powheg-pythia8_TuneCUETP8M1_catSignal-1jet_sys_jesTotalUp
Merging MT_ST_tW_top_5f_inclusiveDecays_13TeV-powheg-pythia8_TuneCUETP8M1_catNRB_sys_puWeightDown
Merging balance_ST_tW_top_5f_inclusiveDecays_13TeV-powheg-pythia8_TuneCUETP8M1_sys_EWKDown
Merging measMET_ST_tW_top_5f_inclusiveDecays_13TeV-powheg-pythia8_TuneCUETP8M1_catSignal-0jet_sys_puWeightDown
Merging measMET_ST_tW_top_5f_inclusiveDecays_13TeV-powheg-pythia8_TuneCUETP8M1_catTOP_sys_ElecronSFDown
Merging measMET_ST_tW_top_5f_inclusiveDecays_13TeV-powheg-pythia8_TuneCUETP8M1_cat4L_sys_EWKDown
Merging MT_ST_tW_top_5f_inclusiveDecays_13TeV-powheg-pythia8_TuneCUETP8M1_catNRB_sys_QCDScale2wUp
Merging MT_ST_tW_top_5f_inclusiveDecays_13TeV-powheg-pythia8_TuneCUETP8M1_cat4L_sys_puWeightUp
Merging measMET_ST_tW_top_5f_inclusiveDecays_13TeV-powheg-pythia8_TuneCUETP8M1_catNRB_sys_btagEventWeightUp
Merging measMET_ST_tW_top_5f_inclusiveDecays_13TeV-powheg-pythia8_TuneCUETP8M1_cat4L_sys_QCDScale2wDown
Merging MT_ST_tW_top_5f_inclusiveDecays_13TeV-powheg-pythia8_TuneCUETP8M1_catSignal-1jet_sys_EWKDown
Merging phizmet_ST_tW_top_5f_inclusiveDecays_13TeV-powheg-pythia8_TuneCUETP8M1_sys_PDFDown
Merging MT_ST_tW_top_5f_inclusiveDecays_13TeV-powheg-pythia8_TuneCUETP8M1_catDY_sys_ElecronSFDown
Merging measMET_ST_tW_top_5f_inclusiveDecays_13TeV-powheg-pythia8_TuneCUETP8M1_catEM_sys_puWeightUp
Merging measMET_ST_tW_top_5f_inclusiveDecays_13TeV-powheg-pythia8_TuneCUETP8M1_catTOP_sys_PDFDown
Merging MT_ST_tW_top_5f_inclusiveDecays_13TeV-powheg-pythia8_TuneCUETP8M1_catTOP_sys_TriggerSFWeightDown
Merging balance_ST_tW_top_5f_inclusiveDecays_13TeV-powheg-pythia8_TuneCUETP8M1_sys_MuonEnDown
Merging measMET_ST_tW_top_5f_inclusiveDecays_13TeV-powheg-pythia8_TuneCUETP8M1_cat4L_sys_jerDown
Merging MT_ST_tW_top_5f_inclusiveDecays_13TeV-powheg-pythia8_TuneCUETP8M1_catEM_sys_jesTotalUp
Merging measMET_ST_tW_top_5f_inclusiveDecays_13TeV-powheg-pythia8_TuneCUETP8M1_cat3L_sys_PrefireWeightDown
Merging measMET_ST_tW_top_5f_inclusiveDecays_13TeV-powheg-pythia8_TuneCUETP8M1_cat4L_sys_nvtxWeightDown
Merging measMET_ST_tW_top_5f_inclusiveDecays_13TeV-powheg-pythia8_TuneCUETP8M1_catDY_sys_PrefireWeightUp
Merging MT_ST_tW_top_5f_inclusiveDecays_13TeV-powheg-pythia8_TuneCUETP8M1_catSignal-0jet_sys_jerDown
Merging measMET_ST_tW_top_5f_inclusiveDecays_13TeV-powheg-pythia8_TuneCUETP8M1_cat4L_sys_QCDScale2wUp
Merging MT_ST_tW_top_5f_inclusiveDecays_13TeV-powheg-pythia8_TuneCUETP8M1_catEM_sys_btagEventWeightUp
Merging measMET_ST_tW_top_5f_inclusiveDecays_13TeV-powheg-pythia8_TuneCUETP8M1_catSignal-0jet_sys_PDFDown
Merging measMET_ST_tW_top_5f_inclusiveDecays_13TeV-powheg-pythia8_TuneCUETP8M1_catNRB_sys_nvtxWeightUp
Merging measMET_ST_tW_top_5f_inclusiveDecays_13TeV-powheg-pythia8_TuneCUETP8M1_catSignal-0jet_sys_TriggerSFWeightUp
Merging phizmet_ST_tW_top_5f_inclusiveDecays_13TeV-powheg-pythia8_TuneCUETP8M1_sys_PDFUp
Merging measMET_ST_tW_top_5f_inclusiveDecays_13TeV-powheg-pythia8_TuneCUETP8M1_catSignal-1jet_sys_nvtxWeightUp
Merging phizmet_ST_tW_top_5f_inclusiveDecays_13TeV-powheg-pythia8_TuneCUETP8M1_sys_ElectronEnUp
Merging measMET_ST_tW_top_5f_inclusiveDecays_13TeV-powheg-pythia8_TuneCUETP8M1_catSignal-0jet_sys_jesTotalDown
Merging MT_ST_tW_top_5f_inclusiveDecays_13TeV-powheg-pythia8_TuneCUETP8M1_catNRB_sys_jerUp
Merging MT_ST_tW_top_5f_inclusiveDecays_13TeV-powheg-pythia8_TuneCUETP8M1_catDY_sys_MuonSFDown
Merging measMET_ST_tW_top_5f_inclusiveDecays_13TeV-powheg-pythia8_TuneCUETP8M1_catSignal-0jet_sys_ElecronSFUp
Merging measMET_ST_tW_top_5f_inclusiveDecays_13TeV-powheg-pythia8_TuneCUETP8M1_cat4L_sys_ElecronSFUp
Merging measMET_ST_tW_top_5f_inclusiveDecays_13TeV-powheg-pythia8_TuneCUETP8M1_catTOP
Merging balance_ST_tW_top_5f_inclusiveDecays_13TeV-powheg-pythia8_TuneCUETP8M1_sys_PDFDown
Merging MT_ST_tW_top_5f_inclusiveDecays_13TeV-powheg-pythia8_TuneCUETP8M1_cat4L_sys_EWKDown
Merging MT_ST_tW_top_5f_inclusiveDecays_13TeV-powheg-pythia8_TuneCUETP8M1_cat4L_sys_ElecronSFDown
Merging MT_ST_tW_top_5f_inclusiveDecays_13TeV-powheg-pythia8_TuneCUETP8M1_cat4L
Merging MT_ST_tW_top_5f_inclusiveDecays_13TeV-powheg-pythia8_TuneCUETP8M1_catDY_sys_MuonEnDown
Merging measMET_ST_tW_top_5f_inclusiveDecays_13TeV-powheg-pythia8_TuneCUETP8M1_catEM_sys_PrefireWeightDown
Merging measMET_ST_tW_top_5f_inclusiveDecays_13TeV-powheg-pythia8_TuneCUETP8M1_catEM_sys_PDFDown
Merging MT_ST_tW_top_5f_inclusiveDecays_13TeV-powheg-pythia8_TuneCUETP8M1_catSignal-1jet_sys_PrefireWeightUp
Merging MT_ST_tW_top_5f_inclusiveDecays_13TeV-powheg-pythia8_TuneCUETP8M1_catSignal-0jet_sys_jesTotalDown
Merging MT_ST_tW_top_5f_inclusiveDecays_13TeV-powheg-pythia8_TuneCUETP8M1_catSignal-1jet_sys_jerUp
Merging measMET_ST_tW_top_5f_inclusiveDecays_13TeV-powheg-pythia8_TuneCUETP8M1_catDY_sys_nvtxWeightUp
Merging njet_ST_tW_top_5f_inclusiveDecays_13TeV-powheg-pythia8_TuneCUETP8M1_sys_PrefireWeightDown
Merging MT_ST_tW_top_5f_inclusiveDecays_13TeV-powheg-pythia8_TuneCUETP8M1_cat4L_sys_jesTotalUp
Merging measMET_ST_tW_top_5f_inclusiveDecays_13TeV-powheg-pythia8_TuneCUETP8M1_catSignal-1jet_sys_EWKDown
Merging autoPU
Merging measMET_ST_tW_top_5f_inclusiveDecays_13TeV-powheg-pythia8_TuneCUETP8M1_catSignal-1jet_sys_btagEventWeightDown
Merging measMET_ST_tW_top_5f_inclusiveDecays_13TeV-powheg-pythia8_TuneCUETP8M1_catNRB_sys_jesTotalUp
Merging MT_ST_tW_top_5f_inclusiveDecays_13TeV-powheg-pythia8_TuneCUETP8M1_cat3L
Merging measMET_ST_tW_top_5f_inclusiveDecays_13TeV-powheg-pythia8_TuneCUETP8M1_catTOP_sys_ElectronEnUp
Merging measMET_ST_tW_top_5f_inclusiveDecays_13TeV-powheg-pythia8_TuneCUETP8M1_catNRB_sys_puWeightDown
Merging measMET_ST_tW_top_5f_inclusiveDecays_13TeV-powheg-pythia8_TuneCUETP8M1_catNRB_sys_btagEventWeightDown
Merging measMET_ST_tW_top_5f_inclusiveDecays_13TeV-powheg-pythia8_TuneCUETP8M1_catDY_sys_btagEventWeightUp
Merging MT_ST_tW_top_5f_inclusiveDecays_13TeV-powheg-pythia8_TuneCUETP8M1_catEM_sys_PrefireWeightDown
Merging MT_ST_tW_top_5f_inclusiveDecays_13TeV-powheg-pythia8_TuneCUETP8M1_cat4L_sys_PrefireWeightDown
Merging MT_ST_tW_top_5f_inclusiveDecays_13TeV-powheg-pythia8_TuneCUETP8M1_catSignal-0jet_sys_ElectronEnUp
Merging MT_ST_tW_top_5f_inclusiveDecays_13TeV-powheg-pythia8_TuneCUETP8M1_catSignal-0jet_sys_PrefireWeightDown
Merging MT_ST_tW_top_5f_inclusiveDecays_13TeV-powheg-pythia8_TuneCUETP8M1_catSignal-0jet_sys_MuonSFUp
Merging measMET_ST_tW_top_5f_inclusiveDecays_13TeV-powheg-pythia8_TuneCUETP8M1_catEM_sys_QCDScale1wUp
Merging MT_ST_tW_top_5f_inclusiveDecays_13TeV-powheg-pythia8_TuneCUETP8M1_catSignal-1jet_sys_TriggerSFWeightUp
Merging measMET_ST_tW_top_5f_inclusiveDecays_13TeV-powheg-pythia8_TuneCUETP8M1_cat3L_sys_jesTotalDown
Merging measMET_ST_tW_top_5f_inclusiveDecays_13TeV-powheg-pythia8_TuneCUETP8M1_cat4L_sys_MuonEnUp
Merging MT_ST_tW_top_5f_inclusiveDecays_13TeV-powheg-pythia8_TuneCUETP8M1_catTOP_sys_puWeightDown
Merging MT_ST_tW_top_5f_inclusiveDecays_13TeV-powheg-pythia8_TuneCUETP8M1_catSignal-1jet_sys_btagEventWeightUp
Merging measMET_ST_tW_top_5f_inclusiveDecays_13TeV-powheg-pythia8_TuneCUETP8M1_cat3L_sys_PDFUp
Merging measMET_ST_tW_top_5f_inclusiveDecays_13TeV-powheg-pythia8_TuneCUETP8M1_catTOP_sys_jerDown
Merging measMET_ST_tW_top_5f_inclusiveDecays_13TeV-powheg-pythia8_TuneCUETP8M1_catTOP_sys_MuonSFUp
Merging MT_ST_tW_top_5f_inclusiveDecays_13TeV-powheg-pythia8_TuneCUETP8M1_cat3L_sys_TriggerSFWeightUp
Merging measMET_ST_tW_top_5f_inclusiveDecays_13TeV-powheg-pythia8_TuneCUETP8M1_catEM_sys_ElectronEnUp
Merging measMET_ST_tW_top_5f_inclusiveDecays_13TeV-powheg-pythia8_TuneCUETP8M1_catDY_sys_EWKDown
Merging MT_ST_tW_top_5f_inclusiveDecays_13TeV-powheg-pythia8_TuneCUETP8M1_catEM_sys_QCDScale0wUp
Merging measMET_ST_tW_top_5f_inclusiveDecays_13TeV-powheg-pythia8_TuneCUETP8M1_cat3L_sys_EWKUp
Merging measMET_ST_tW_top_5f_inclusiveDecays_13TeV-powheg-pythia8_TuneCUETP8M1_cat3L_sys_jerDown
Merging MT_ST_tW_top_5f_inclusiveDecays_13TeV-powheg-pythia8_TuneCUETP8M1_catTOP_sys_ElecronSFDown
Merging measMET_ST_tW_top_5f_inclusiveDecays_13TeV-powheg-pythia8_TuneCUETP8M1_catDY_sys_MuonSFUp
Merging MT_ST_tW_top_5f_inclusiveDecays_13TeV-powheg-pythia8_TuneCUETP8M1_catTOP_sys_jerUp
Merging measMET_ST_tW_top_5f_inclusiveDecays_13TeV-powheg-pythia8_TuneCUETP8M1_catTOP_sys_puWeightDown
Merging measMET_ST_tW_top_5f_inclusiveDecays_13TeV-powheg-pythia8_TuneCUETP8M1_catSignal-1jet_sys_QCDScale2wDown
Merging balance_ST_tW_top_5f_inclusiveDecays_13TeV-powheg-pythia8_TuneCUETP8M1_sys_QCDScale2wUp
Merging measMET_ST_tW_top_5f_inclusiveDecays_13TeV-powheg-pythia8_TuneCUETP8M1_catNRB_sys_jerUp
Merging MT_ST_tW_top_5f_inclusiveDecays_13TeV-powheg-pythia8_TuneCUETP8M1_catNRB_sys_ElectronEnUp
Merging njet_ST_tW_top_5f_inclusiveDecays_13TeV-powheg-pythia8_TuneCUETP8M1_sys_MuonSFUp
Merging measMET_ST_tW_top_5f_inclusiveDecays_13TeV-powheg-pythia8_TuneCUETP8M1_cat4L_sys_puWeightDown
Merging MT_ST_tW_top_5f_inclusiveDecays_13TeV-powheg-pythia8_TuneCUETP8M1_catDY_sys_PrefireWeightUp
Merging measMET_ST_tW_top_5f_inclusiveDecays_13TeV-powheg-pythia8_TuneCUETP8M1_catNRB_sys_QCDScale1wUp
Merging MT_ST_tW_top_5f_inclusiveDecays_13TeV-powheg-pythia8_TuneCUETP8M1_catEM_sys_ElectronEnUp
Merging MT_ST_tW_top_5f_inclusiveDecays_13TeV-powheg-pythia8_TuneCUETP8M1_catDY_sys_PDFUp
Merging measMET_ST_tW_top_5f_inclusiveDecays_13TeV-powheg-pythia8_TuneCUETP8M1_catDY_sys_jerUp
Merging measMET_ST_tW_top_5f_inclusiveDecays_13TeV-powheg-pythia8_TuneCUETP8M1_catNRB_sys_jerDown
Merging phizmet_ST_tW_top_5f_inclusiveDecays_13TeV-powheg-pythia8_TuneCUETP8M1_sys_btagEventWeightDown
Merging measMET_ST_tW_top_5f_inclusiveDecays_13TeV-powheg-pythia8_TuneCUETP8M1_catSignal-1jet_sys_QCDScale1wDown
Merging measMET_ST_tW_top_5f_inclusiveDecays_13TeV-powheg-pythia8_TuneCUETP8M1_catDY_sys_MuonEnUp
Merging measMET_ST_tW_top_5f_inclusiveDecays_13TeV-powheg-pythia8_TuneCUETP8M1_catDY_sys_MuonEnDown
Merging MT_ST_tW_top_5f_inclusiveDecays_13TeV-powheg-pythia8_TuneCUETP8M1_catDY_sys_TriggerSFWeightUp
Merging measMET_ST_tW_top_5f_inclusiveDecays_13TeV-powheg-pythia8_TuneCUETP8M1_catSignal-1jet_sys_btagEventWeightUp
Merging MT_ST_tW_top_5f_inclusiveDecays_13TeV-powheg-pythia8_TuneCUETP8M1_catSignal-0jet_sys_QCDScale1wUp
Merging MT_ST_tW_top_5f_inclusiveDecays_13TeV-powheg-pythia8_TuneCUETP8M1_catDY_sys_PDFDown
Merging njet_ST_tW_top_5f_inclusiveDecays_13TeV-powheg-pythia8_TuneCUETP8M1_sys_btagEventWeightUp
Merging measMET_ST_tW_top_5f_inclusiveDecays_13TeV-powheg-pythia8_TuneCUETP8M1_catSignal-1jet_sys_MuonEnDown
Merging balance_ST_tW_top_5f_inclusiveDecays_13TeV-powheg-pythia8_TuneCUETP8M1_sys_QCDScale0wDown
Merging measMET_ST_tW_top_5f_inclusiveDecays_13TeV-powheg-pythia8_TuneCUETP8M1_catSignal-1jet_sys_nvtxWeightDown
Merging measMET_ST_tW_top_5f_inclusiveDecays_13TeV-powheg-pythia8_TuneCUETP8M1_catTOP_sys_PDFUp
Merging MT_ST_tW_top_5f_inclusiveDecays_13TeV-powheg-pythia8_TuneCUETP8M1_catSignal-1jet_sys_QCDScale0wUp
Merging measMET_ST_tW_top_5f_inclusiveDecays_13TeV-powheg-pythia8_TuneCUETP8M1_catNRB_sys_TriggerSFWeightUp
Merging MT_ST_tW_top_5f_inclusiveDecays_13TeV-powheg-pythia8_TuneCUETP8M1_catNRB_sys_btagEventWeightDown
Merging MT_ST_tW_top_5f_inclusiveDecays_13TeV-powheg-pythia8_TuneCUETP8M1_cat3L_sys_TriggerSFWeightDown
Merging measMET_ST_tW_top_5f_inclusiveDecays_13TeV-powheg-pythia8_TuneCUETP8M1_cat3L_sys_PDFDown
Merging MT_ST_tW_top_5f_inclusiveDecays_13TeV-powheg-pythia8_TuneCUETP8M1_catSignal-1jet_sys_nvtxWeightDown
Merging measMET_ST_tW_top_5f_inclusiveDecays_13TeV-powheg-pythia8_TuneCUETP8M1_catEM_sys_jerUp
Merging MT_ST_tW_top_5f_inclusiveDecays_13TeV-powheg-pythia8_TuneCUETP8M1_catDY_sys_QCDScale1wUp
Merging measMET_ST_tW_top_5f_inclusiveDecays_13TeV-powheg-pythia8_TuneCUETP8M1_catEM_sys_QCDScale1wDown
Merging phizmet_ST_tW_top_5f_inclusiveDecays_13TeV-powheg-pythia8_TuneCUETP8M1_sys_puWeightUp
Merging MT_ST_tW_top_5f_inclusiveDecays_13TeV-powheg-pythia8_TuneCUETP8M1_cat3L_sys_btagEventWeightDown
Merging measMET_ST_tW_top_5f_inclusiveDecays_13TeV-powheg-pythia8_TuneCUETP8M1_catNRB_sys_nvtxWeightDown
Merging MT_ST_tW_top_5f_inclusiveDecays_13TeV-powheg-pythia8_TuneCUETP8M1_cat3L_sys_ElecronSFDown
Merging MT_ST_tW_top_5f_inclusiveDecays_13TeV-powheg-pythia8_TuneCUETP8M1_catDY_sys_TriggerSFWeightDown
Merging measMET_ST_tW_top_5f_inclusiveDecays_13TeV-powheg-pythia8_TuneCUETP8M1_catEM_sys_MuonEnUp
Merging measMET_ST_tW_top_5f_inclusiveDecays_13TeV-powheg-pythia8_TuneCUETP8M1_catNRB_sys_TriggerSFWeightDown
Merging MT_ST_tW_top_5f_inclusiveDecays_13TeV-powheg-pythia8_TuneCUETP8M1_cat3L_sys_QCDScale0wDown
Merging measMET_ST_tW_top_5f_inclusiveDecays_13TeV-powheg-pythia8_TuneCUETP8M1_catTOP_sys_ElecronSFUp
Merging MT_ST_tW_top_5f_inclusiveDecays_13TeV-powheg-pythia8_TuneCUETP8M1_catNRB_sys_EWKDown
Merging measMET_ST_tW_top_5f_inclusiveDecays_13TeV-powheg-pythia8_TuneCUETP8M1_catTOP_sys_EWKUp
Merging measMET_ST_tW_top_5f_inclusiveDecays_13TeV-powheg-pythia8_TuneCUETP8M1_catDY
Merging MT_ST_tW_top_5f_inclusiveDecays_13TeV-powheg-pythia8_TuneCUETP8M1_catTOP_sys_QCDScale2wDown
Merging measMET_ST_tW_top_5f_inclusiveDecays_13TeV-powheg-pythia8_TuneCUETP8M1_catSignal-1jet_sys_ElectronEnDown
Merging measMET_ST_tW_top_5f_inclusiveDecays_13TeV-powheg-pythia8_TuneCUETP8M1_catSignal-0jet_sys_btagEventWeightDown
Merging MT_ST_tW_top_5f_inclusiveDecays_13TeV-powheg-pythia8_TuneCUETP8M1_catNRB_sys_PDFUp
Merging measMET_ST_tW_top_5f_inclusiveDecays_13TeV-powheg-pythia8_TuneCUETP8M1_catNRB_sys_QCDScale0wDown
Merging MT_ST_tW_top_5f_inclusiveDecays_13TeV-powheg-pythia8_TuneCUETP8M1_catEM
Merging measMET_ST_tW_top_5f_inclusiveDecays_13TeV-powheg-pythia8_TuneCUETP8M1_cat3L_sys_TriggerSFWeightDown
Merging measMET_ST_tW_top_5f_inclusiveDecays_13TeV-powheg-pythia8_TuneCUETP8M1_catDY_sys_jesTotalUp
Merging measMET_ST_tW_top_5f_inclusiveDecays_13TeV-powheg-pythia8_TuneCUETP8M1_catNRB_sys_ElectronEnUp
Merging measMET_ST_tW_top_5f_inclusiveDecays_13TeV-powheg-pythia8_TuneCUETP8M1_cat3L_sys_MuonEnDown
Merging measMET_ST_tW_top_5f_inclusiveDecays_13TeV-powheg-pythia8_TuneCUETP8M1_catEM_sys_EWKUp
Merging MT_ST_tW_top_5f_inclusiveDecays_13TeV-powheg-pythia8_TuneCUETP8M1_catTOP
Merging balance_ST_tW_top_5f_inclusiveDecays_13TeV-powheg-pythia8_TuneCUETP8M1_sys_MuonSFUp
Merging MT_ST_tW_top_5f_inclusiveDecays_13TeV-powheg-pythia8_TuneCUETP8M1_catEM_sys_TriggerSFWeightUp
Merging MT_ST_tW_top_5f_inclusiveDecays_13TeV-powheg-pythia8_TuneCUETP8M1_catEM_sys_ElecronSFDown
Merging njet_ST_tW_top_5f_inclusiveDecays_13TeV-powheg-pythia8_TuneCUETP8M1_sys_nvtxWeightDown
Merging measMET_ST_tW_top_5f_inclusiveDecays_13TeV-powheg-pythia8_TuneCUETP8M1_catNRB_sys_ElectronEnDown
Merging measMET_ST_tW_top_5f_inclusiveDecays_13TeV-powheg-pythia8_TuneCUETP8M1_cat3L_sys_PrefireWeightUp
Merging MT_ST_tW_top_5f_inclusiveDecays_13TeV-powheg-pythia8_TuneCUETP8M1_catNRB_sys_MuonEnDown
Merging MT_ST_tW_top_5f_inclusiveDecays_13TeV-powheg-pythia8_TuneCUETP8M1_catSignal-0jet_sys_btagEventWeightUp
Merging MT_ST_tW_top_5f_inclusiveDecays_13TeV-powheg-pythia8_TuneCUETP8M1_catNRB_sys_ElecronSFDown
Merging MT_ST_tW_top_5f_inclusiveDecays_13TeV-powheg-pythia8_TuneCUETP8M1_catNRB_sys_PrefireWeightUp
Merging MT_ST_tW_top_5f_inclusiveDecays_13TeV-powheg-pythia8_TuneCUETP8M1_cat4L_sys_QCDScale2wDown
Merging MT_ST_tW_top_5f_inclusiveDecays_13TeV-powheg-pythia8_TuneCUETP8M1_catTOP_sys_EWKUp
Merging measMET_ST_tW_top_5f_inclusiveDecays_13TeV-powheg-pythia8_TuneCUETP8M1_catSignal-1jet_sys_QCDScale0wUp
Merging measMET_ST_tW_top_5f_inclusiveDecays_13TeV-powheg-pythia8_TuneCUETP8M1_catTOP_sys_nvtxWeightDown
Merging balance_ST_tW_top_5f_inclusiveDecays_13TeV-powheg-pythia8_TuneCUETP8M1_sys_QCDScale1wDown
Merging njet_ST_tW_top_5f_inclusiveDecays_13TeV-powheg-pythia8_TuneCUETP8M1_sys_puWeightUp
Merging measMET_ST_tW_top_5f_inclusiveDecays_13TeV-powheg-pythia8_TuneCUETP8M1_catTOP_sys_QCDScale0wDown
Merging measMET_ST_tW_top_5f_inclusiveDecays_13TeV-powheg-pythia8_TuneCUETP8M1_catSignal-1jet_sys_TriggerSFWeightUp
Merging measMET_ST_tW_top_5f_inclusiveDecays_13TeV-powheg-pythia8_TuneCUETP8M1_catEM_sys_TriggerSFWeightUp
Merging measMET_ST_tW_top_5f_inclusiveDecays_13TeV-powheg-pythia8_TuneCUETP8M1_catDY_sys_btagEventWeightDown
Merging MT_ST_tW_top_5f_inclusiveDecays_13TeV-powheg-pythia8_TuneCUETP8M1_catSignal-0jet_sys_TriggerSFWeightDown
Merging measMET_ST_tW_top_5f_inclusiveDecays_13TeV-powheg-pythia8_TuneCUETP8M1_catTOP_sys_TriggerSFWeightDown
Merging measMET_ST_tW_top_5f_inclusiveDecays_13TeV-powheg-pythia8_TuneCUETP8M1_cat4L_sys_jerUp
Merging njet_ST_tW_top_5f_inclusiveDecays_13TeV-powheg-pythia8_TuneCUETP8M1_sys_QCDScale2wDown
Merging MT_ST_tW_top_5f_inclusiveDecays_13TeV-powheg-pythia8_TuneCUETP8M1_catNRB_sys_MuonEnUp
Merging MT_ST_tW_top_5f_inclusiveDecays_13TeV-powheg-pythia8_TuneCUETP8M1_catTOP_sys_QCDScale1wDown
Merging phizmet_ST_tW_top_5f_inclusiveDecays_13TeV-powheg-pythia8_TuneCUETP8M1_sys_MuonEnUp
Merging measMET_ST_tW_top_5f_inclusiveDecays_13TeV-powheg-pythia8_TuneCUETP8M1_catTOP_sys_jesTotalUp
Merging measMET_ST_tW_top_5f_inclusiveDecays_13TeV-powheg-pythia8_TuneCUETP8M1_cat3L_sys_QCDScale1wUp
Merging measMET_ST_tW_top_5f_inclusiveDecays_13TeV-powheg-pythia8_TuneCUETP8M1_cat4L_sys_ElectronEnUp
Merging MT_ST_tW_top_5f_inclusiveDecays_13TeV-powheg-pythia8_TuneCUETP8M1_cat3L_sys_MuonSFDown
Merging measMET_ST_tW_top_5f_inclusiveDecays_13TeV-powheg-pythia8_TuneCUETP8M1_catSignal-1jet_sys_jesTotalUp
Merging MT_ST_tW_top_5f_inclusiveDecays_13TeV-powheg-pythia8_TuneCUETP8M1_cat3L_sys_QCDScale2wUp
Merging phizmet_ST_tW_top_5f_inclusiveDecays_13TeV-powheg-pythia8_TuneCUETP8M1_sys_jesTotalDown
Merging measMET_ST_tW_top_5f_inclusiveDecays_13TeV-powheg-pythia8_TuneCUETP8M1_cat3L_sys_jesTotalUp
Merging MT_ST_tW_top_5f_inclusiveDecays_13TeV-powheg-pythia8_TuneCUETP8M1_catEM_sys_jerDown
Merging njet_ST_tW_top_5f_inclusiveDecays_13TeV-powheg-pythia8_TuneCUETP8M1_sys_PDFUp
Merging balance_ST_tW_top_5f_inclusiveDecays_13TeV-powheg-pythia8_TuneCUETP8M1_sys_TriggerSFWeightDown
Merging phizmet_ST_tW_top_5f_inclusiveDecays_13TeV-powheg-pythia8_TuneCUETP8M1_sys_nvtxWeightDown
Merging MT_ST_tW_top_5f_inclusiveDecays_13TeV-powheg-pythia8_TuneCUETP8M1_catEM_sys_QCDScale2wDown
Merging MT_ST_tW_top_5f_inclusiveDecays_13TeV-powheg-pythia8_TuneCUETP8M1_cat4L_sys_jerUp
Merging measMET_ST_tW_top_5f_inclusiveDecays_13TeV-powheg-pythia8_TuneCUETP8M1_cat4L_sys_QCDScale0wUp
Merging MT_ST_tW_top_5f_inclusiveDecays_13TeV-powheg-pythia8_TuneCUETP8M1_catEM_sys_TriggerSFWeightDown
Merging measMET_ST_tW_top_5f_inclusiveDecays_13TeV-powheg-pythia8_TuneCUETP8M1_catSignal-0jet_sys_QCDScale0wDown
Merging measMET_ST_tW_top_5f_inclusiveDecays_13TeV-powheg-pythia8_TuneCUETP8M1_catEM_sys_jesTotalUp
Merging MT_ST_tW_top_5f_inclusiveDecays_13TeV-powheg-pythia8_TuneCUETP8M1_catTOP_sys_ElectronEnUp
Merging phizmet_ST_tW_top_5f_inclusiveDecays_13TeV-powheg-pythia8_TuneCUETP8M1_sys_MuonSFUp
Merging measMET_ST_tW_top_5f_inclusiveDecays_13TeV-powheg-pythia8_TuneCUETP8M1_cat3L_sys_EWKDown
Merging MT_ST_tW_top_5f_inclusiveDecays_13TeV-powheg-pythia8_TuneCUETP8M1_catEM_sys_PrefireWeightUp
Merging measMET_ST_tW_top_5f_inclusiveDecays_13TeV-powheg-pythia8_TuneCUETP8M1_catDY_sys_QCDScale2wDown
Merging MT_ST_tW_top_5f_inclusiveDecays_13TeV-powheg-pythia8_TuneCUETP8M1_catNRB_sys_QCDScale1wUp
Merging MT_ST_tW_top_5f_inclusiveDecays_13TeV-powheg-pythia8_TuneCUETP8M1_cat3L_sys_QCDScale1wUp
Merging MT_ST_tW_top_5f_inclusiveDecays_13TeV-powheg-pythia8_TuneCUETP8M1_catSignal-0jet_sys_PrefireWeightUp
Merging njet_ST_tW_top_5f_inclusiveDecays_13TeV-powheg-pythia8_TuneCUETP8M1_sys_ElectronEnUp
Merging measMET_ST_tW_top_5f_inclusiveDecays_13TeV-powheg-pythia8_TuneCUETP8M1_catSignal-1jet_sys_ElecronSFUp
Merging MT_ST_tW_top_5f_inclusiveDecays_13TeV-powheg-pythia8_TuneCUETP8M1_catSignal-0jet_sys_TriggerSFWeightUp
Merging measMET_ST_tW_top_5f_inclusiveDecays_13TeV-powheg-pythia8_TuneCUETP8M1_cat4L_sys_PDFUp
Merging balance_ST_tW_top_5f_inclusiveDecays_13TeV-powheg-pythia8_TuneCUETP8M1_sys_btagEventWeightDown
Merging measMET_ST_tW_top_5f_inclusiveDecays_13TeV-powheg-pythia8_TuneCUETP8M1_catTOP_sys_MuonEnDown
Merging MT_ST_tW_top_5f_inclusiveDecays_13TeV-powheg-pythia8_TuneCUETP8M1_cat3L_sys_MuonSFUp
Merging measMET_ST_tW_top_5f_inclusiveDecays_13TeV-powheg-pythia8_TuneCUETP8M1_cat3L_sys_ElecronSFUp
Merging phizmet_ST_tW_top_5f_inclusiveDecays_13TeV-powheg-pythia8_TuneCUETP8M1_sys_QCDScale1wDown
Merging measMET_ST_tW_top_5f_inclusiveDecays_13TeV-powheg-pythia8_TuneCUETP8M1_cat3L_sys_ElecronSFDown
Merging measMET_ST_tW_top_5f_inclusiveDecays_13TeV-powheg-pythia8_TuneCUETP8M1_catTOP_sys_TriggerSFWeightUp
Merging MT_ST_tW_top_5f_inclusiveDecays_13TeV-powheg-pythia8_TuneCUETP8M1_catEM_sys_nvtxWeightUp
Merging MT_ST_tW_top_5f_inclusiveDecays_13TeV-powheg-pythia8_TuneCUETP8M1_cat4L_sys_MuonSFDown
Merging measMET_ST_tW_top_5f_inclusiveDecays_13TeV-powheg-pythia8_TuneCUETP8M1_catDY_sys_PrefireWeightDown
Merging MT_ST_tW_top_5f_inclusiveDecays_13TeV-powheg-pythia8_TuneCUETP8M1_catEM_sys_QCDScale1wDown
Merging measMET_ST_tW_top_5f_inclusiveDecays_13TeV-powheg-pythia8_TuneCUETP8M1_catDY_sys_ElecronSFUp
Merging MT_ST_tW_top_5f_inclusiveDecays_13TeV-powheg-pythia8_TuneCUETP8M1_catNRB_sys_btagEventWeightUp
Merging measMET_ST_tW_top_5f_inclusiveDecays_13TeV-powheg-pythia8_TuneCUETP8M1_catSignal-1jet_sys_puWeightUp
Merging MT_ST_tW_top_5f_inclusiveDecays_13TeV-powheg-pythia8_TuneCUETP8M1_cat4L_sys_EWKUp
Merging MT_ST_tW_top_5f_inclusiveDecays_13TeV-powheg-pythia8_TuneCUETP8M1_cat3L_sys_QCDScale2wDown
Merging MT_ST_tW_top_5f_inclusiveDecays_13TeV-powheg-pythia8_TuneCUETP8M1_catEM_sys_PDFDown
Merging MT_ST_tW_top_5f_inclusiveDecays_13TeV-powheg-pythia8_TuneCUETP8M1_catEM_sys_nvtxWeightDown
Merging phizmet_ST_tW_top_5f_inclusiveDecays_13TeV-powheg-pythia8_TuneCUETP8M1_sys_PrefireWeightDown
Merging phizmet_ST_tW_top_5f_inclusiveDecays_13TeV-powheg-pythia8_TuneCUETP8M1_sys_QCDScale0wUp
Merging MT_ST_tW_top_5f_inclusiveDecays_13TeV-powheg-pythia8_TuneCUETP8M1_catSignal-0jet_sys_MuonEnDown
Merging MT_ST_tW_top_5f_inclusiveDecays_13TeV-powheg-pythia8_TuneCUETP8M1_catSignal-0jet_sys_nvtxWeightDown
Merging MT_ST_tW_top_5f_inclusiveDecays_13TeV-powheg-pythia8_TuneCUETP8M1_catSignal-0jet_sys_btagEventWeightDown
Merging MT_ST_tW_top_5f_inclusiveDecays_13TeV-powheg-pythia8_TuneCUETP8M1_catNRB_sys_MuonSFDown
Merging measMET_ST_tW_top_5f_inclusiveDecays_13TeV-powheg-pythia8_TuneCUETP8M1_cat3L_sys_QCDScale2wDown
Merging measMET_ST_tW_top_5f_inclusiveDecays_13TeV-powheg-pythia8_TuneCUETP8M1_catTOP_sys_EWKDown
Merging MT_ST_tW_top_5f_inclusiveDecays_13TeV-powheg-pythia8_TuneCUETP8M1_cat3L_sys_jerUp
Merging MT_ST_tW_top_5f_inclusiveDecays_13TeV-powheg-pythia8_TuneCUETP8M1_cat3L_sys_QCDScale1wDown
Merging measMET_ST_tW_top_5f_inclusiveDecays_13TeV-powheg-pythia8_TuneCUETP8M1_catTOP_sys_PrefireWeightUp
Merging measMET_ST_tW_top_5f_inclusiveDecays_13TeV-powheg-pythia8_TuneCUETP8M1_catSignal-0jet_sys_MuonSFDown
Merging measMET_ST_tW_top_5f_inclusiveDecays_13TeV-powheg-pythia8_TuneCUETP8M1_catNRB_sys_PDFDown
Merging MT_ST_tW_top_5f_inclusiveDecays_13TeV-powheg-pythia8_TuneCUETP8M1_catTOP_sys_ElectronEnDown
Merging measMET_ST_tW_top_5f_inclusiveDecays_13TeV-powheg-pythia8_TuneCUETP8M1_catEM_sys_QCDScale2wUp
Merging balance_ST_tW_top_5f_inclusiveDecays_13TeV-powheg-pythia8_TuneCUETP8M1_sys_jerUp
Merging measMET_ST_tW_top_5f_inclusiveDecays_13TeV-powheg-pythia8_TuneCUETP8M1_catSignal-0jet_sys_nvtxWeightUp
Merging MT_ST_tW_top_5f_inclusiveDecays_13TeV-powheg-pythia8_TuneCUETP8M1_cat3L_sys_MuonEnUp
Merging measMET_ST_tW_top_5f_inclusiveDecays_13TeV-powheg-pythia8_TuneCUETP8M1_catNRB_sys_MuonEnUp
Merging measMET_ST_tW_top_5f_inclusiveDecays_13TeV-powheg-pythia8_TuneCUETP8M1_catNRB_sys_PrefireWeightDown
Merging measMET_ST_tW_top_5f_inclusiveDecays_13TeV-powheg-pythia8_TuneCUETP8M1_catSignal-1jet_sys_jerDown
Merging MT_ST_tW_top_5f_inclusiveDecays_13TeV-powheg-pythia8_TuneCUETP8M1_catDY_sys_nvtxWeightUp
Merging MT_ST_tW_top_5f_inclusiveDecays_13TeV-powheg-pythia8_TuneCUETP8M1_cat3L_sys_ElectronEnDown
Merging measMET_ST_tW_top_5f_inclusiveDecays_13TeV-powheg-pythia8_TuneCUETP8M1_cat4L_sys_QCDScale1wDown
Merging measMET_ST_tW_top_5f_inclusiveDecays_13TeV-powheg-pythia8_TuneCUETP8M1_catSignal-1jet_sys_jesTotalDown
Merging MT_ST_tW_top_5f_inclusiveDecays_13TeV-powheg-pythia8_TuneCUETP8M1_catSignal-0jet_sys_ElectronEnDown
Merging measMET_ST_tW_top_5f_inclusiveDecays_13TeV-powheg-pythia8_TuneCUETP8M1_cat3L
Merging MT_ST_tW_top_5f_inclusiveDecays_13TeV-powheg-pythia8_TuneCUETP8M1_catNRB_sys_ElecronSFUp
Merging MT_ST_tW_top_5f_inclusiveDecays_13TeV-powheg-pythia8_TuneCUETP8M1_cat4L_sys_QCDScale1wUp
Merging MT_ST_tW_top_5f_inclusiveDecays_13TeV-powheg-pythia8_TuneCUETP8M1_catEM_sys_ElecronSFUp
Merging measMET_ST_tW_top_5f_inclusiveDecays_13TeV-powheg-pythia8_TuneCUETP8M1_catNRB_sys_MuonSFDown
Merging MT_ST_tW_top_5f_inclusiveDecays_13TeV-powheg-pythia8_TuneCUETP8M1_catEM_sys_MuonEnUp
Merging measMET_ST_tW_top_5f_inclusiveDecays_13TeV-powheg-pythia8_TuneCUETP8M1_catSignal-1jet
Merging MT_ST_tW_top_5f_inclusiveDecays_13TeV-powheg-pythia8_TuneCUETP8M1_cat3L_sys_PrefireWeightUp
Merging MT_ST_tW_top_5f_inclusiveDecays_13TeV-powheg-pythia8_TuneCUETP8M1_catSignal-1jet_sys_MuonSFUp
Merging MT_ST_tW_top_5f_inclusiveDecays_13TeV-powheg-pythia8_TuneCUETP8M1_cat4L_sys_btagEventWeightDown
Merging measMET_ST_tW_top_5f_inclusiveDecays_13TeV-powheg-pythia8_TuneCUETP8M1_catSignal-1jet_sys_ElectronEnUp
Merging measMET_ST_tW_top_5f_inclusiveDecays_13TeV-powheg-pythia8_TuneCUETP8M1_catSignal-1jet_sys_QCDScale0wDown
Merging measMET_ST_tW_top_5f_inclusiveDecays_13TeV-powheg-pythia8_TuneCUETP8M1_catTOP_sys_jesTotalDown
Merging measMET_ST_tW_top_5f_inclusiveDecays_13TeV-powheg-pythia8_TuneCUETP8M1_catSignal-0jet_sys_ElectronEnDown
Merging phizmet_ST_tW_top_5f_inclusiveDecays_13TeV-powheg-pythia8_TuneCUETP8M1_sys_PrefireWeightUp
Merging measMET_ST_tW_top_5f_inclusiveDecays_13TeV-powheg-pythia8_TuneCUETP8M1_catDY_sys_MuonSFDown
Merging MT_ST_tW_top_5f_inclusiveDecays_13TeV-powheg-pythia8_TuneCUETP8M1_catSignal-1jet_sys_TriggerSFWeightDown
Merging MT_ST_tW_top_5f_inclusiveDecays_13TeV-powheg-pythia8_TuneCUETP8M1_catSignal-0jet_sys_QCDScale2wDown
Merging measMET_ST_tW_top_5f_inclusiveDecays_13TeV-powheg-pythia8_TuneCUETP8M1_cat3L_sys_ElectronEnUp
Merging measMET_ST_tW_top_5f_inclusiveDecays_13TeV-powheg-pythia8_TuneCUETP8M1_catDY_sys_PDFUp
Merging phizmet_ST_tW_top_5f_inclusiveDecays_13TeV-powheg-pythia8_TuneCUETP8M1_sys_EWKUp
Merging MT_ST_tW_top_5f_inclusiveDecays_13TeV-powheg-pythia8_TuneCUETP8M1_cat4L_sys_ElecronSFUp
Merging MT_ST_tW_top_5f_inclusiveDecays_13TeV-powheg-pythia8_TuneCUETP8M1_catTOP_sys_jesTotalDown
Merging measMET_ST_tW_top_5f_inclusiveDecays_13TeV-powheg-pythia8_TuneCUETP8M1_catEM_sys_QCDScale0wUp
Merging MT_ST_tW_top_5f_inclusiveDecays_13TeV-powheg-pythia8_TuneCUETP8M1_catNRB_sys_nvtxWeightDown
Merging measMET_ST_tW_top_5f_inclusiveDecays_13TeV-powheg-pythia8_TuneCUETP8M1_catDY_sys_EWKUp
Merging measMET_ST_tW_top_5f_inclusiveDecays_13TeV-powheg-pythia8_TuneCUETP8M1_catSignal-0jet_sys_EWKDown
Merging measMET_ST_tW_top_5f_inclusiveDecays_13TeV-powheg-pythia8_TuneCUETP8M1_cat3L_sys_btagEventWeightDown
Merging measMET_ST_tW_top_5f_inclusiveDecays_13TeV-powheg-pythia8_TuneCUETP8M1_catDY_sys_QCDScale0wUp
Merging MT_ST_tW_top_5f_inclusiveDecays_13TeV-powheg-pythia8_TuneCUETP8M1_catSignal-0jet_sys_jesTotalUp
Merging balance_ST_tW_top_5f_inclusiveDecays_13TeV-powheg-pythia8_TuneCUETP8M1_sys_MuonEnUp
Merging MT_ST_tW_top_5f_inclusiveDecays_13TeV-powheg-pythia8_TuneCUETP8M1_cat4L_sys_QCDScale2wUp
Merging MT_ST_tW_top_5f_inclusiveDecays_13TeV-powheg-pythia8_TuneCUETP8M1_cat4L_sys_puWeightDown
Merging MT_ST_tW_top_5f_inclusiveDecays_13TeV-powheg-pythia8_TuneCUETP8M1_catTOP_sys_QCDScale1wUp
Merging measMET_ST_tW_top_5f_inclusiveDecays_13TeV-powheg-pythia8_TuneCUETP8M1_catSignal-1jet_sys_ElecronSFDown
Merging measMET_ST_tW_top_5f_inclusiveDecays_13TeV-powheg-pythia8_TuneCUETP8M1_catDY_sys_puWeightDown
Merging MT_ST_tW_top_5f_inclusiveDecays_13TeV-powheg-pythia8_TuneCUETP8M1_catTOP_sys_MuonEnUp
Merging MT_ST_tW_top_5f_inclusiveDecays_13TeV-powheg-pythia8_TuneCUETP8M1_catNRB
Merging measMET_ST_tW_top_5f_inclusiveDecays_13TeV-powheg-pythia8_TuneCUETP8M1_catEM_sys_MuonEnDown
Merging MT_ST_tW_top_5f_inclusiveDecays_13TeV-powheg-pythia8_TuneCUETP8M1_catTOP_sys_TriggerSFWeightUp
Merging measMET_ST_tW_top_5f_inclusiveDecays_13TeV-powheg-pythia8_TuneCUETP8M1_cat4L_sys_jesTotalUp
Merging measMET_ST_tW_top_5f_inclusiveDecays_13TeV-powheg-pythia8_TuneCUETP8M1_cat3L_sys_jerUp
Merging balance_ST_tW_top_5f_inclusiveDecays_13TeV-powheg-pythia8_TuneCUETP8M1_sys_PDFUp
Merging measMET_ST_tW_top_5f_inclusiveDecays_13TeV-powheg-pythia8_TuneCUETP8M1_cat4L_sys_TriggerSFWeightUp
Merging MT_ST_tW_top_5f_inclusiveDecays_13TeV-powheg-pythia8_TuneCUETP8M1_catDY_sys_EWKDown
Merging measMET_ST_tW_top_5f_inclusiveDecays_13TeV-powheg-pythia8_TuneCUETP8M1_catEM_sys_ElecronSFUp
Merging MT_ST_tW_top_5f_inclusiveDecays_13TeV-powheg-pythia8_TuneCUETP8M1_catTOP_sys_EWKDown
Merging MT_ST_tW_top_5f_inclusiveDecays_13TeV-powheg-pythia8_TuneCUETP8M1_cat3L_sys_btagEventWeightUp
Merging MT_ST_tW_top_5f_inclusiveDecays_13TeV-powheg-pythia8_TuneCUETP8M1_catSignal-0jet_sys_puWeightDown
Merging balance_ST_tW_top_5f_inclusiveDecays_13TeV-powheg-pythia8_TuneCUETP8M1_sys_jesTotalDown
Merging measMET_ST_tW_top_5f_inclusiveDecays_13TeV-powheg-pythia8_TuneCUETP8M1_catSignal-0jet_sys_QCDScale0wUp
Merging balance_ST_tW_top_5f_inclusiveDecays_13TeV-powheg-pythia8_TuneCUETP8M1_sys_PrefireWeightDown
Merging measMET_ST_tW_top_5f_inclusiveDecays_13TeV-powheg-pythia8_TuneCUETP8M1_catEM
Merging measMET_ST_tW_top_5f_inclusiveDecays_13TeV-powheg-pythia8_TuneCUETP8M1_cat3L_sys_MuonSFDown
Merging measMET_ST_tW_top_5f_inclusiveDecays_13TeV-powheg-pythia8_TuneCUETP8M1_catNRB_sys_MuonSFUp
Merging MT_ST_tW_top_5f_inclusiveDecays_13TeV-powheg-pythia8_TuneCUETP8M1_catSignal-1jet_sys_QCDScale0wDown
Merging MT_ST_tW_top_5f_inclusiveDecays_13TeV-powheg-pythia8_TuneCUETP8M1_catSignal-1jet_sys_jerDown
Merging njet_ST_tW_top_5f_inclusiveDecays_13TeV-powheg-pythia8_TuneCUETP8M1_sys_MuonSFDown
Merging MT_ST_tW_top_5f_inclusiveDecays_13TeV-powheg-pythia8_TuneCUETP8M1_cat3L_sys_nvtxWeightDown
Merging measMET_ST_tW_top_5f_inclusiveDecays_13TeV-powheg-pythia8_TuneCUETP8M1_catNRB_sys_EWKDown
Merging MT_ST_tW_top_5f_inclusiveDecays_13TeV-powheg-pythia8_TuneCUETP8M1_catTOP_sys_MuonEnDown
Merging MT_ST_tW_top_5f_inclusiveDecays_13TeV-powheg-pythia8_TuneCUETP8M1_catEM_sys_ElectronEnDown
Merging measMET_ST_tW_top_5f_inclusiveDecays_13TeV-powheg-pythia8_TuneCUETP8M1_catDY_sys_ElectronEnDown
Merging balance_ST_tW_top_5f_inclusiveDecays_13TeV-powheg-pythia8_TuneCUETP8M1_sys_puWeightDown
Merging MT_ST_tW_top_5f_inclusiveDecays_13TeV-powheg-pythia8_TuneCUETP8M1_cat3L_sys_PDFDown
Merging measMET_ST_tW_top_5f_inclusiveDecays_13TeV-powheg-pythia8_TuneCUETP8M1_catTOP_sys_MuonEnUp
Merging MT_ST_tW_top_5f_inclusiveDecays_13TeV-powheg-pythia8_TuneCUETP8M1_catSignal-1jet
Merging MT_ST_tW_top_5f_inclusiveDecays_13TeV-powheg-pythia8_TuneCUETP8M1_catEM_sys_PDFUp
Merging balance_ST_tW_top_5f_inclusiveDecays_13TeV-powheg-pythia8_TuneCUETP8M1_sys_ElecronSFUp
Merging MT_ST_tW_top_5f_inclusiveDecays_13TeV-powheg-pythia8_TuneCUETP8M1_catNRB_sys_MuonSFUp
Merging MT_ST_tW_top_5f_inclusiveDecays_13TeV-powheg-pythia8_TuneCUETP8M1_catEM_sys_QCDScale1wUp
Merging MT_ST_tW_top_5f_inclusiveDecays_13TeV-powheg-pythia8_TuneCUETP8M1_cat4L_sys_jerDown
Merging MT_ST_tW_top_5f_inclusiveDecays_13TeV-powheg-pythia8_TuneCUETP8M1_catNRB_sys_TriggerSFWeightDown
Merging MT_ST_tW_top_5f_inclusiveDecays_13TeV-powheg-pythia8_TuneCUETP8M1_cat3L_sys_puWeightUp
Merging MT_ST_tW_top_5f_inclusiveDecays_13TeV-powheg-pythia8_TuneCUETP8M1_catDY
Merging MT_ST_tW_top_5f_inclusiveDecays_13TeV-powheg-pythia8_TuneCUETP8M1_catTOP_sys_PDFUp
Merging measMET_ST_tW_top_5f_inclusiveDecays_13TeV-powheg-pythia8_TuneCUETP8M1_catSignal-1jet_sys_EWKUp
Merging MT_ST_tW_top_5f_inclusiveDecays_13TeV-powheg-pythia8_TuneCUETP8M1_cat4L_sys_TriggerSFWeightDown
Merging MT_ST_tW_top_5f_inclusiveDecays_13TeV-powheg-pythia8_TuneCUETP8M1_catSignal-1jet_sys_QCDScale2wDown
Merging phizmet_ST_tW_top_5f_inclusiveDecays_13TeV-powheg-pythia8_TuneCUETP8M1_sys_btagEventWeightUp
Merging MT_ST_tW_top_5f_inclusiveDecays_13TeV-powheg-pythia8_TuneCUETP8M1_catDY_sys_QCDScale2wDown
Merging njet_ST_tW_top_5f_inclusiveDecays_13TeV-powheg-pythia8_TuneCUETP8M1_sys_PDFDown
Merging MT_ST_tW_top_5f_inclusiveDecays_13TeV-powheg-pythia8_TuneCUETP8M1_catEM_sys_jerUp
Merging njet_ST_tW_top_5f_inclusiveDecays_13TeV-powheg-pythia8_TuneCUETP8M1_sys_QCDScale0wUp
Merging MT_ST_tW_top_5f_inclusiveDecays_13TeV-powheg-pythia8_TuneCUETP8M1_catEM_sys_puWeightUp
Merging njet_ST_tW_top_5f_inclusiveDecays_13TeV-powheg-pythia8_TuneCUETP8M1
Merging measMET_ST_tW_top_5f_inclusiveDecays_13TeV-powheg-pythia8_TuneCUETP8M1_cat4L_sys_PDFDown
Merging measMET_ST_tW_top_5f_inclusiveDecays_13TeV-powheg-pythia8_TuneCUETP8M1_catEM_sys_nvtxWeightDown
Merging MT_ST_tW_top_5f_inclusiveDecays_13TeV-powheg-pythia8_TuneCUETP8M1_catSignal-0jet_sys_QCDScale2wUp
Merging MT_ST_tW_top_5f_inclusiveDecays_13TeV-powheg-pythia8_TuneCUETP8M1_catDY_sys_MuonEnUp
Merging measMET_ST_tW_top_5f_inclusiveDecays_13TeV-powheg-pythia8_TuneCUETP8M1_cat4L_sys_nvtxWeightUp
Merging measMET_ST_tW_top_5f_inclusiveDecays_13TeV-powheg-pythia8_TuneCUETP8M1_catEM_sys_EWKDown
Merging MT_ST_tW_top_5f_inclusiveDecays_13TeV-powheg-pythia8_TuneCUETP8M1_catEM_sys_puWeightDown
Merging MT_ST_tW_top_5f_inclusiveDecays_13TeV-powheg-pythia8_TuneCUETP8M1_catDY_sys_btagEventWeightDown
Merging measMET_ST_tW_top_5f_inclusiveDecays_13TeV-powheg-pythia8_TuneCUETP8M1_cat3L_sys_QCDScale2wUp
Merging measMET_ST_tW_top_5f_inclusiveDecays_13TeV-powheg-pythia8_TuneCUETP8M1_catSignal-1jet_sys_PrefireWeightDown
Merging balance_ST_tW_top_5f_inclusiveDecays_13TeV-powheg-pythia8_TuneCUETP8M1_sys_MuonSFDown
Merging phizmet_ST_tW_top_5f_inclusiveDecays_13TeV-powheg-pythia8_TuneCUETP8M1_sys_puWeightDown
Merging MT_ST_tW_top_5f_inclusiveDecays_13TeV-powheg-pythia8_TuneCUETP8M1_catEM_sys_jesTotalDown
Merging MT_ST_tW_top_5f_inclusiveDecays_13TeV-powheg-pythia8_TuneCUETP8M1_catSignal-0jet_sys_puWeightUp
Merging MT_ST_tW_top_5f_inclusiveDecays_13TeV-powheg-pythia8_TuneCUETP8M1_catSignal-0jet_sys_PDFDown
Merging balance_ST_tW_top_5f_inclusiveDecays_13TeV-powheg-pythia8_TuneCUETP8M1_sys_PrefireWeightUp
Merging MT_ST_tW_top_5f_inclusiveDecays_13TeV-powheg-pythia8_TuneCUETP8M1_catSignal-0jet_sys_MuonEnUp
Merging measMET_ST_tW_top_5f_inclusiveDecays_13TeV-powheg-pythia8_TuneCUETP8M1_catDY_sys_jesTotalDown
Merging njet_ST_tW_top_5f_inclusiveDecays_13TeV-powheg-pythia8_TuneCUETP8M1_sys_puWeightDown
Merging MT_ST_tW_top_5f_inclusiveDecays_13TeV-powheg-pythia8_TuneCUETP8M1_catTOP_sys_puWeightUp
Merging balance_ST_tW_top_5f_inclusiveDecays_13TeV-powheg-pythia8_TuneCUETP8M1_sys_QCDScale1wUp
Merging MT_ST_tW_top_5f_inclusiveDecays_13TeV-powheg-pythia8_TuneCUETP8M1_cat4L_sys_btagEventWeightUp
Merging measMET_ST_tW_top_5f_inclusiveDecays_13TeV-powheg-pythia8_TuneCUETP8M1_catSignal-0jet_sys_QCDScale1wDown
Merging njet_ST_tW_top_5f_inclusiveDecays_13TeV-powheg-pythia8_TuneCUETP8M1_sys_ElecronSFDown
Merging MT_ST_tW_top_5f_inclusiveDecays_13TeV-powheg-pythia8_TuneCUETP8M1_catSignal-0jet_sys_ElecronSFDown
Merging measMET_ST_tW_top_5f_inclusiveDecays_13TeV-powheg-pythia8_TuneCUETP8M1_cat3L_sys_ElectronEnDown
Merging balance_ST_tW_top_5f_inclusiveDecays_13TeV-powheg-pythia8_TuneCUETP8M1_sys_btagEventWeightUp
Merging MT_ST_tW_top_5f_inclusiveDecays_13TeV-powheg-pythia8_TuneCUETP8M1_cat4L_sys_ElectronEnUp
Merging MT_ST_tW_top_5f_inclusiveDecays_13TeV-powheg-pythia8_TuneCUETP8M1_catSignal-1jet_sys_QCDScale2wUp
Merging MT_ST_tW_top_5f_inclusiveDecays_13TeV-powheg-pythia8_TuneCUETP8M1_catDY_sys_puWeightDown
Merging MT_ST_tW_top_5f_inclusiveDecays_13TeV-powheg-pythia8_TuneCUETP8M1_catDY_sys_QCDScale1wDown
Merging MT_ST_tW_top_5f_inclusiveDecays_13TeV-powheg-pythia8_TuneCUETP8M1_catSignal-0jet_sys_EWKUp
Merging MT_ST_tW_top_5f_inclusiveDecays_13TeV-powheg-pythia8_TuneCUETP8M1_catSignal-1jet_sys_MuonEnUp
Merging MT_ST_tW_top_5f_inclusiveDecays_13TeV-powheg-pythia8_TuneCUETP8M1_cat4L_sys_ElectronEnDown
Merging MT_ST_tW_top_5f_inclusiveDecays_13TeV-powheg-pythia8_TuneCUETP8M1_cat3L_sys_ElecronSFUp
Merging measMET_ST_tW_top_5f_inclusiveDecays_13TeV-powheg-pythia8_TuneCUETP8M1_catSignal-1jet_sys_MuonSFDown
Merging balance_ST_tW_top_5f_inclusiveDecays_13TeV-powheg-pythia8_TuneCUETP8M1_sys_nvtxWeightDown
Merging measMET_ST_tW_top_5f_inclusiveDecays_13TeV-powheg-pythia8_TuneCUETP8M1_catTOP_sys_QCDScale2wDown
Merging measMET_ST_tW_top_5f_inclusiveDecays_13TeV-powheg-pythia8_TuneCUETP8M1_cat4L_sys_PrefireWeightUp
Merging measMET_ST_tW_top_5f_inclusiveDecays_13TeV-powheg-pythia8_TuneCUETP8M1_cat4L_sys_btagEventWeightUp
Merging MT_ST_tW_top_5f_inclusiveDecays_13TeV-powheg-pythia8_TuneCUETP8M1_catDY_sys_jerUp
Merging measMET_ST_tW_top_5f_inclusiveDecays_13TeV-powheg-pythia8_TuneCUETP8M1_catNRB_sys_QCDScale1wDown
Merging MT_ST_tW_top_5f_inclusiveDecays_13TeV-powheg-pythia8_TuneCUETP8M1_catDY_sys_jesTotalUp
Merging MT_ST_tW_top_5f_inclusiveDecays_13TeV-powheg-pythia8_TuneCUETP8M1_catDY_sys_QCDScale0wDown
Merging measMET_ST_tW_top_5f_inclusiveDecays_13TeV-powheg-pythia8_TuneCUETP8M1_catSignal-0jet_sys_EWKUp
Merging MT_ST_tW_top_5f_inclusiveDecays_13TeV-powheg-pythia8_TuneCUETP8M1_catEM_sys_btagEventWeightDown
Merging njet_ST_tW_top_5f_inclusiveDecays_13TeV-powheg-pythia8_TuneCUETP8M1_sys_QCDScale0wDown
Merging MT_ST_tW_top_5f_inclusiveDecays_13TeV-powheg-pythia8_TuneCUETP8M1_catSignal-1jet_sys_MuonSFDown
Merging untagged
Merging MT_ST_tW_top_5f_inclusiveDecays_13TeV-powheg-pythia8_TuneCUETP8M1_catNRB_sys_QCDScale1wDown
Merging measMET_ST_tW_top_5f_inclusiveDecays_13TeV-powheg-pythia8_TuneCUETP8M1_cat3L_sys_puWeightDown
Merging measMET_ST_tW_top_5f_inclusiveDecays_13TeV-powheg-pythia8_TuneCUETP8M1_catSignal-1jet_sys_QCDScale1wUp
Merging measMET_ST_tW_top_5f_inclusiveDecays_13TeV-powheg-pythia8_TuneCUETP8M1_catTOP_sys_QCDScale0wUp
Merging MT_ST_tW_top_5f_inclusiveDecays_13TeV-powheg-pythia8_TuneCUETP8M1_catNRB_sys_puWeightUp
Merging measMET_ST_tW_top_5f_inclusiveDecays_13TeV-powheg-pythia8_TuneCUETP8M1_cat3L_sys_TriggerSFWeightUp
Merging phizmet_ST_tW_top_5f_inclusiveDecays_13TeV-powheg-pythia8_TuneCUETP8M1_sys_QCDScale1wUp
Merging MT_ST_tW_top_5f_inclusiveDecays_13TeV-powheg-pythia8_TuneCUETP8M1_cat4L_sys_PDFDown
Merging MT_ST_tW_top_5f_inclusiveDecays_13TeV-powheg-pythia8_TuneCUETP8M1_catSignal-1jet_sys_PDFDown
Merging measMET_ST_tW_top_5f_inclusiveDecays_13TeV-powheg-pythia8_TuneCUETP8M1_catNRB_sys_QCDScale0wUp
Merging MT_ST_tW_top_5f_inclusiveDecays_13TeV-powheg-pythia8_TuneCUETP8M1_catTOP_sys_PrefireWeightUp
Merging MT_ST_tW_top_5f_inclusiveDecays_13TeV-powheg-pythia8_TuneCUETP8M1_catSignal-0jet_sys_QCDScale0wDown
Merging measMET_ST_tW_top_5f_inclusiveDecays_13TeV-powheg-pythia8_TuneCUETP8M1_catNRB_sys_MuonEnDown
Merging MT_ST_tW_top_5f_inclusiveDecays_13TeV-powheg-pythia8_TuneCUETP8M1_catSignal-1jet_sys_puWeightDown
Merging MT_ST_tW_top_5f_inclusiveDecays_13TeV-powheg-pythia8_TuneCUETP8M1_catDY_sys_EWKUp
Merging measMET_ST_tW_top_5f_inclusiveDecays_13TeV-powheg-pythia8_TuneCUETP8M1_catSignal-0jet_sys_puWeightUp
Merging MT_ST_tW_top_5f_inclusiveDecays_13TeV-powheg-pythia8_TuneCUETP8M1_catSignal-1jet_sys_ElectronEnDown
Merging phizmet_ST_tW_top_5f_inclusiveDecays_13TeV-powheg-pythia8_TuneCUETP8M1_sys_jesTotalUp
Merging phizmet_ST_tW_top_5f_inclusiveDecays_13TeV-powheg-pythia8_TuneCUETP8M1_sys_ElectronEnDown
Merging MT_ST_tW_top_5f_inclusiveDecays_13TeV-powheg-pythia8_TuneCUETP8M1_catTOP_sys_MuonSFUp
Merging measMET_ST_tW_top_5f_inclusiveDecays_13TeV-powheg-pythia8_TuneCUETP8M1_catSignal-0jet_sys_MuonEnDown
Merging measMET_ST_tW_top_5f_inclusiveDecays_13TeV-powheg-pythia8_TuneCUETP8M1_catNRB
Merging balance_ST_tW_top_5f_inclusiveDecays_13TeV-powheg-pythia8_TuneCUETP8M1_sys_jesTotalUp
Merging MT_ST_tW_top_5f_inclusiveDecays_13TeV-powheg-pythia8_TuneCUETP8M1_catNRB_sys_QCDScale0wDown
Merging MT_ST_tW_top_5f_inclusiveDecays_13TeV-powheg-pythia8_TuneCUETP8M1_catTOP_sys_MuonSFDown
Merging MT_ST_tW_top_5f_inclusiveDecays_13TeV-powheg-pythia8_TuneCUETP8M1_catSignal-1jet_sys_ElecronSFUp
Merging MT_ST_tW_top_5f_inclusiveDecays_13TeV-powheg-pythia8_TuneCUETP8M1_cat3L_sys_ElectronEnUp
Merging MT_ST_tW_top_5f_inclusiveDecays_13TeV-powheg-pythia8_TuneCUETP8M1_catNRB_sys_jesTotalDown
Merging MT_ST_tW_top_5f_inclusiveDecays_13TeV-powheg-pythia8_TuneCUETP8M1_catSignal-0jet_sys_QCDScale1wDown
Merging MT_ST_tW_top_5f_inclusiveDecays_13TeV-powheg-pythia8_TuneCUETP8M1_catSignal-1jet_sys_ElectronEnUp
Merging balance_ST_tW_top_5f_inclusiveDecays_13TeV-powheg-pythia8_TuneCUETP8M1
Merging measMET_ST_tW_top_5f_inclusiveDecays_13TeV-powheg-pythia8_TuneCUETP8M1_catNRB_sys_puWeightUp
Merging measMET_ST_tW_top_5f_inclusiveDecays_13TeV-powheg-pythia8_TuneCUETP8M1_cat3L_sys_nvtxWeightUp
Merging MT_ST_tW_top_5f_inclusiveDecays_13TeV-powheg-pythia8_TuneCUETP8M1_catSignal-1jet_sys_EWKUp
Merging njet_ST_tW_top_5f_inclusiveDecays_13TeV-powheg-pythia8_TuneCUETP8M1_sys_EWKUp
Merging phizmet_ST_tW_top_5f_inclusiveDecays_13TeV-powheg-pythia8_TuneCUETP8M1_sys_ElecronSFDown
Merging measMET_ST_tW_top_5f_inclusiveDecays_13TeV-powheg-pythia8_TuneCUETP8M1_catSignal-1jet_sys_PDFUp
Merging measMET_ST_tW_top_5f_inclusiveDecays_13TeV-powheg-pythia8_TuneCUETP8M1_catDY_sys_ElecronSFDown
Merging phizmet_ST_tW_top_5f_inclusiveDecays_13TeV-powheg-pythia8_TuneCUETP8M1_sys_jerDown
Merging MT_ST_tW_top_5f_inclusiveDecays_13TeV-powheg-pythia8_TuneCUETP8M1_catTOP_sys_QCDScale2wUp
Merging measMET_ST_tW_top_5f_inclusiveDecays_13TeV-powheg-pythia8_TuneCUETP8M1_catSignal-1jet_sys_TriggerSFWeightDown
Merging measMET_ST_tW_top_5f_inclusiveDecays_13TeV-powheg-pythia8_TuneCUETP8M1_catEM_sys_jesTotalDown
Merging measMET_ST_tW_top_5f_inclusiveDecays_13TeV-powheg-pythia8_TuneCUETP8M1_catDY_sys_TriggerSFWeightDown
Merging njet_ST_tW_top_5f_inclusiveDecays_13TeV-powheg-pythia8_TuneCUETP8M1_sys_btagEventWeightDown
Merging MT_ST_tW_top_5f_inclusiveDecays_13TeV-powheg-pythia8_TuneCUETP8M1_catEM_sys_MuonSFUp
Merging MT_ST_tW_top_5f_inclusiveDecays_13TeV-powheg-pythia8_TuneCUETP8M1_cat3L_sys_nvtxWeightUp
Merging measMET_ST_tW_top_5f_inclusiveDecays_13TeV-powheg-pythia8_TuneCUETP8M1_catDY_sys_nvtxWeightDown
Merging MT_ST_tW_top_5f_inclusiveDecays_13TeV-powheg-pythia8_TuneCUETP8M1_cat3L_sys_MuonEnDown
Merging MT_ST_tW_top_5f_inclusiveDecays_13TeV-powheg-pythia8_TuneCUETP8M1_catSignal-1jet_sys_nvtxWeightUp
Merging measMET_ST_tW_top_5f_inclusiveDecays_13TeV-powheg-pythia8_TuneCUETP8M1_catTOP_sys_puWeightUp
Merging measMET_ST_tW_top_5f_inclusiveDecays_13TeV-powheg-pythia8_TuneCUETP8M1_catSignal-0jet_sys_ElecronSFDown
Merging measMET_ST_tW_top_5f_inclusiveDecays_13TeV-powheg-pythia8_TuneCUETP8M1_cat4L
Merging phizmet_ST_tW_top_5f_inclusiveDecays_13TeV-powheg-pythia8_TuneCUETP8M1_sys_QCDScale2wUp
Merging measMET_ST_tW_top_5f_inclusiveDecays_13TeV-powheg-pythia8_TuneCUETP8M1_catSignal-1jet_sys_MuonEnUp
Merging measMET_ST_tW_top_5f_inclusiveDecays_13TeV-powheg-pythia8_TuneCUETP8M1_catTOP_sys_MuonSFDown
Merging MT_ST_tW_top_5f_inclusiveDecays_13TeV-powheg-pythia8_TuneCUETP8M1_catSignal-1jet_sys_QCDScale1wUp
Merging measMET_ST_tW_top_5f_inclusiveDecays_13TeV-powheg-pythia8_TuneCUETP8M1_catEM_sys_ElectronEnDown
Merging MT_ST_tW_top_5f_inclusiveDecays_13TeV-powheg-pythia8_TuneCUETP8M1_catEM_sys_MuonSFDown
Merging balance_ST_tW_top_5f_inclusiveDecays_13TeV-powheg-pythia8_TuneCUETP8M1_sys_ElecronSFDown
Merging measMET_ST_tW_top_5f_inclusiveDecays_13TeV-powheg-pythia8_TuneCUETP8M1_catDY_sys_QCDScale1wDown
Merging measMET_ST_tW_top_5f_inclusiveDecays_13TeV-powheg-pythia8_TuneCUETP8M1_catSignal-0jet_sys_PrefireWeightUp
Merging njet_ST_tW_top_5f_inclusiveDecays_13TeV-powheg-pythia8_TuneCUETP8M1_sys_EWKDown
Merging measMET_ST_tW_top_5f_inclusiveDecays_13TeV-powheg-pythia8_TuneCUETP8M1_catNRB_sys_QCDScale2wUp
Merging measMET_ST_tW_top_5f_inclusiveDecays_13TeV-powheg-pythia8_TuneCUETP8M1_cat3L_sys_MuonSFUp
Merging measMET_ST_tW_top_5f_inclusiveDecays_13TeV-powheg-pythia8_TuneCUETP8M1_catSignal-0jet_sys_PrefireWeightDown
Merging MT_ST_tW_top_5f_inclusiveDecays_13TeV-powheg-pythia8_TuneCUETP8M1_cat4L_sys_QCDScale0wUp
Merging njet_ST_tW_top_5f_inclusiveDecays_13TeV-powheg-pythia8_TuneCUETP8M1_sys_MuonEnUp
Merging MT_ST_tW_top_5f_inclusiveDecays_13TeV-powheg-pythia8_TuneCUETP8M1_catEM_sys_QCDScale0wDown
Merging MT_ST_tW_top_5f_inclusiveDecays_13TeV-powheg-pythia8_TuneCUETP8M1_cat4L_sys_MuonEnDown
Merging MT_ST_tW_top_5f_inclusiveDecays_13TeV-powheg-pythia8_TuneCUETP8M1_catNRB_sys_jerDown
Merging MT_ST_tW_top_5f_inclusiveDecays_13TeV-powheg-pythia8_TuneCUETP8M1_catDY_sys_nvtxWeightDown
Merging measMET_ST_tW_top_5f_inclusiveDecays_13TeV-powheg-pythia8_TuneCUETP8M1_catTOP_sys_nvtxWeightUp
Merging measMET_ST_tW_top_5f_inclusiveDecays_13TeV-powheg-pythia8_TuneCUETP8M1_cat4L_sys_jesTotalDown
Merging measMET_ST_tW_top_5f_inclusiveDecays_13TeV-powheg-pythia8_TuneCUETP8M1_catDY_sys_QCDScale1wUp
Merging measMET_ST_tW_top_5f_inclusiveDecays_13TeV-powheg-pythia8_TuneCUETP8M1_cat4L_sys_MuonSFUp
Merging MT_ST_tW_top_5f_inclusiveDecays_13TeV-powheg-pythia8_TuneCUETP8M1_catDY_sys_QCDScale0wUp
Merging measMET_ST_tW_top_5f_inclusiveDecays_13TeV-powheg-pythia8_TuneCUETP8M1_catDY_sys_QCDScale0wDown
Merging MT_ST_tW_top_5f_inclusiveDecays_13TeV-powheg-pythia8_TuneCUETP8M1_cat3L_sys_EWKUp
Merging measMET_ST_tW_top_5f_inclusiveDecays_13TeV-powheg-pythia8_TuneCUETP8M1_catNRB_sys_ElecronSFUp
Merging MT_ST_tW_top_5f_inclusiveDecays_13TeV-powheg-pythia8_TuneCUETP8M1_catNRB_sys_QCDScale2wDown
Merging MT_ST_tW_top_5f_inclusiveDecays_13TeV-powheg-pythia8_TuneCUETP8M1_catSignal-0jet_sys_PDFUp
Merging MT_ST_tW_top_5f_inclusiveDecays_13TeV-powheg-pythia8_TuneCUETP8M1_cat4L_sys_MuonEnUp
Merging measMET_ST_tW_top_5f_inclusiveDecays_13TeV-powheg-pythia8_TuneCUETP8M1_cat4L_sys_EWKUp
Merging measMET_ST_tW_top_5f_inclusiveDecays_13TeV-powheg-pythia8_TuneCUETP8M1_cat3L_sys_MuonEnUp
Merging njet_ST_tW_top_5f_inclusiveDecays_13TeV-powheg-pythia8_TuneCUETP8M1_sys_jesTotalDown
Merging MT_ST_tW_top_5f_inclusiveDecays_13TeV-powheg-pythia8_TuneCUETP8M1_catTOP_sys_PDFDown
Merging balance_ST_tW_top_5f_inclusiveDecays_13TeV-powheg-pythia8_TuneCUETP8M1_sys_puWeightUp
Merging MT_ST_tW_top_5f_inclusiveDecays_13TeV-powheg-pythia8_TuneCUETP8M1_catSignal-0jet_sys_nvtxWeightUp
Merging MT_ST_tW_top_5f_inclusiveDecays_13TeV-powheg-pythia8_TuneCUETP8M1_catTOP_sys_nvtxWeightUp
Merging measMET_ST_tW_top_5f_inclusiveDecays_13TeV-powheg-pythia8_TuneCUETP8M1_catSignal-1jet_sys_jerUp
Merging measMET_ST_tW_top_5f_inclusiveDecays_13TeV-powheg-pythia8_TuneCUETP8M1_catSignal-0jet_sys_MuonSFUp
Merging MT_ST_tW_top_5f_inclusiveDecays_13TeV-powheg-pythia8_TuneCUETP8M1_catSignal-1jet_sys_ElecronSFDown
Merging measMET_ST_tW_top_5f_inclusiveDecays_13TeV-powheg-pythia8_TuneCUETP8M1_catEM_sys_MuonSFDown
Merging MT_ST_tW_top_5f_inclusiveDecays_13TeV-powheg-pythia8_TuneCUETP8M1_cat3L_sys_puWeightDown
Merging measMET_ST_tW_top_5f_inclusiveDecays_13TeV-powheg-pythia8_TuneCUETP8M1_cat4L_sys_btagEventWeightDown
Merging measMET_ST_tW_top_5f_inclusiveDecays_13TeV-powheg-pythia8_TuneCUETP8M1_cat4L_sys_MuonEnDown
Merging measMET_ST_tW_top_5f_inclusiveDecays_13TeV-powheg-pythia8_TuneCUETP8M1_catSignal-1jet_sys_PrefireWeightUp
Merging MT_ST_tW_top_5f_inclusiveDecays_13TeV-powheg-pythia8_TuneCUETP8M1_catSignal-1jet_sys_PrefireWeightDown
Merging measMET_ST_tW_top_5f_inclusiveDecays_13TeV-powheg-pythia8_TuneCUETP8M1_cat3L_sys_QCDScale1wDown
Merging MT_ST_tW_top_5f_inclusiveDecays_13TeV-powheg-pythia8_TuneCUETP8M1_catDY_sys_ElectronEnUp
Merging balance_ST_tW_top_5f_inclusiveDecays_13TeV-powheg-pythia8_TuneCUETP8M1_sys_ElectronEnUp
Merging measMET_ST_tW_top_5f_inclusiveDecays_13TeV-powheg-pythia8_TuneCUETP8M1_catEM_sys_QCDScale0wDown
Merging balance_ST_tW_top_5f_inclusiveDecays_13TeV-powheg-pythia8_TuneCUETP8M1_sys_TriggerSFWeightUp
Merging MT_ST_tW_top_5f_inclusiveDecays_13TeV-powheg-pythia8_TuneCUETP8M1_catSignal-0jet_sys_QCDScale0wUp
Merging MT_ST_tW_top_5f_inclusiveDecays_13TeV-powheg-pythia8_TuneCUETP8M1_cat4L_sys_QCDScale0wDown
Merging balance_ST_tW_top_5f_inclusiveDecays_13TeV-powheg-pythia8_TuneCUETP8M1_sys_nvtxWeightUp
Merging MT_ST_tW_top_5f_inclusiveDecays_13TeV-powheg-pythia8_TuneCUETP8M1_catNRB_sys_TriggerSFWeightUp
Merging MT_ST_tW_top_5f_inclusiveDecays_13TeV-powheg-pythia8_TuneCUETP8M1_catSignal-0jet_sys_MuonSFDown
Merging measMET_ST_tW_top_5f_inclusiveDecays_13TeV-powheg-pythia8_TuneCUETP8M1_catDY_sys_puWeightUp
Merging njet_ST_tW_top_5f_inclusiveDecays_13TeV-powheg-pythia8_TuneCUETP8M1_sys_PrefireWeightUp
Merging measMET_ST_tW_top_5f_inclusiveDecays_13TeV-powheg-pythia8_TuneCUETP8M1_catNRB_sys_EWKUp
Merging MT_ST_tW_top_5f_inclusiveDecays_13TeV-powheg-pythia8_TuneCUETP8M1_cat4L_sys_TriggerSFWeightUp
Merging phizmet_ST_tW_top_5f_inclusiveDecays_13TeV-powheg-pythia8_TuneCUETP8M1_sys_MuonSFDown
Merging MT_ST_tW_top_5f_inclusiveDecays_13TeV-powheg-pythia8_TuneCUETP8M1_cat3L_sys_jesTotalDown
Merging MT_ST_tW_top_5f_inclusiveDecays_13TeV-powheg-pythia8_TuneCUETP8M1_catDY_sys_PrefireWeightDown
Merging measMET_ST_tW_top_5f_inclusiveDecays_13TeV-powheg-pythia8_TuneCUETP8M1_cat4L_sys_puWeightUp
Merging measMET_ST_tW_top_5f_inclusiveDecays_13TeV-powheg-pythia8_TuneCUETP8M1_catTOP_sys_ElectronEnDown
Merging MT_ST_tW_top_5f_inclusiveDecays_13TeV-powheg-pythia8_TuneCUETP8M1_cat4L_sys_QCDScale1wDown
Merging measMET_ST_tW_top_5f_inclusiveDecays_13TeV-powheg-pythia8_TuneCUETP8M1_cat3L_sys_QCDScale0wDown
Merging MT_ST_tW_top_5f_inclusiveDecays_13TeV-powheg-pythia8_TuneCUETP8M1_catSignal-1jet_sys_btagEventWeightDown
Merging measMET_ST_tW_top_5f_inclusiveDecays_13TeV-powheg-pythia8_TuneCUETP8M1_catEM_sys_nvtxWeightUp
Merging MT_ST_tW_top_5f_inclusiveDecays_13TeV-powheg-pythia8_TuneCUETP8M1_catEM_sys_MuonEnDown
Merging MT_ST_tW_top_5f_inclusiveDecays_13TeV-powheg-pythia8_TuneCUETP8M1_cat3L_sys_EWKDown
Merging MT_ST_tW_top_5f_inclusiveDecays_13TeV-powheg-pythia8_TuneCUETP8M1_catNRB_sys_PDFDown
Merging njet_ST_tW_top_5f_inclusiveDecays_13TeV-powheg-pythia8_TuneCUETP8M1_sys_QCDScale2wUp
Merging MT_ST_tW_top_5f_inclusiveDecays_13TeV-powheg-pythia8_TuneCUETP8M1_catSignal-1jet_sys_MuonEnDown
Merging MT_ST_tW_top_5f_inclusiveDecays_13TeV-powheg-pythia8_TuneCUETP8M1_catDY_sys_jerDown
Merging measMET_ST_tW_top_5f_inclusiveDecays_13TeV-powheg-pythia8_TuneCUETP8M1_catSignal-0jet_sys_PDFUp
Merging MT_ST_tW_top_5f_inclusiveDecays_13TeV-powheg-pythia8_TuneCUETP8M1_cat4L_sys_PDFUp
Merging MT_ST_tW_top_5f_inclusiveDecays_13TeV-powheg-pythia8_TuneCUETP8M1_catDY_sys_MuonSFUp
Merging MT_ST_tW_top_5f_inclusiveDecays_13TeV-powheg-pythia8_TuneCUETP8M1_catSignal-1jet_sys_puWeightUp
Merging measMET_ST_tW_top_5f_inclusiveDecays_13TeV-powheg-pythia8_TuneCUETP8M1_catSignal-1jet_sys_puWeightDown
Merging MT_ST_tW_top_5f_inclusiveDecays_13TeV-powheg-pythia8_TuneCUETP8M1_catEM_sys_EWKUp
Merging MT_ST_tW_top_5f_inclusiveDecays_13TeV-powheg-pythia8_TuneCUETP8M1_catSignal-0jet_sys_jerUp
Merging measMET_ST_tW_top_5f_inclusiveDecays_13TeV-powheg-pythia8_TuneCUETP8M1_catTOP_sys_jerUp
Merging njet_ST_tW_top_5f_inclusiveDecays_13TeV-powheg-pythia8_TuneCUETP8M1_sys_nvtxWeightUp
Merging phizmet_ST_tW_top_5f_inclusiveDecays_13TeV-powheg-pythia8_TuneCUETP8M1
Merging balance_ST_tW_top_5f_inclusiveDecays_13TeV-powheg-pythia8_TuneCUETP8M1_sys_QCDScale2wDown
Merging MT_ST_tW_top_5f_inclusiveDecays_13TeV-powheg-pythia8_TuneCUETP8M1_cat3L_sys_QCDScale0wUp
Merging MT_ST_tW_top_5f_inclusiveDecays_13TeV-powheg-pythia8_TuneCUETP8M1_catTOP_sys_ElecronSFUp
Merging measMET_ST_tW_top_5f_inclusiveDecays_13TeV-powheg-pythia8_TuneCUETP8M1_cat4L_sys_QCDScale1wUp
Merging measMET_ST_tW_top_5f_inclusiveDecays_13TeV-powheg-pythia8_TuneCUETP8M1_catTOP_sys_QCDScale2wUp
Merging MT_ST_tW_top_5f_inclusiveDecays_13TeV-powheg-pythia8_TuneCUETP8M1_cat3L_sys_PDFUp
Merging measMET_ST_tW_top_5f_inclusiveDecays_13TeV-powheg-pythia8_TuneCUETP8M1_catEM_sys_ElecronSFDown
Merging njet_ST_tW_top_5f_inclusiveDecays_13TeV-powheg-pythia8_TuneCUETP8M1_sys_QCDScale1wDown
Merging measMET_ST_tW_top_5f_inclusiveDecays_13TeV-powheg-pythia8_TuneCUETP8M1_cat3L_sys_puWeightUp
Merging measMET_ST_tW_top_5f_inclusiveDecays_13TeV-powheg-pythia8_TuneCUETP8M1_catEM_sys_QCDScale2wDown
Merging measMET_ST_tW_top_5f_inclusiveDecays_13TeV-powheg-pythia8_TuneCUETP8M1_catEM_sys_PDFUp
Merging balance_ST_tW_top_5f_inclusiveDecays_13TeV-powheg-pythia8_TuneCUETP8M1_sys_ElectronEnDown
Merging MT_ST_tW_top_5f_inclusiveDecays_13TeV-powheg-pythia8_TuneCUETP8M1_catDY_sys_ElecronSFUp
Merging measMET_ST_tW_top_5f_inclusiveDecays_13TeV-powheg-pythia8_TuneCUETP8M1_catSignal-0jet_sys_jesTotalUp
Merging measMET_ST_tW_top_5f_inclusiveDecays_13TeV-powheg-pythia8_TuneCUETP8M1_catSignal-0jet_sys_btagEventWeightUp
Merging measMET_ST_tW_top_5f_inclusiveDecays_13TeV-powheg-pythia8_TuneCUETP8M1_catEM_sys_btagEventWeightDown
Merging measMET_ST_tW_top_5f_inclusiveDecays_13TeV-powheg-pythia8_TuneCUETP8M1_catEM_sys_PrefireWeightUp
Merging MT_ST_tW_top_5f_inclusiveDecays_13TeV-powheg-pythia8_TuneCUETP8M1_catDY_sys_btagEventWeightUp
Merging MT_ST_tW_top_5f_inclusiveDecays_13TeV-powheg-pythia8_TuneCUETP8M1_catSignal-1jet_sys_PDFUp
Merging MT_ST_tW_top_5f_inclusiveDecays_13TeV-powheg-pythia8_TuneCUETP8M1_catTOP_sys_PrefireWeightDown
Merging measMET_ST_tW_top_5f_inclusiveDecays_13TeV-powheg-pythia8_TuneCUETP8M1_catSignal-1jet_sys_QCDScale2wUp
Merging MT_ST_tW_top_5f_inclusiveDecays_13TeV-powheg-pythia8_TuneCUETP8M1_catNRB_sys_QCDScale0wUp
Merging measMET_ST_tW_top_5f_inclusiveDecays_13TeV-powheg-pythia8_TuneCUETP8M1_catTOP_sys_QCDScale1wDown
Merging measMET_ST_tW_top_5f_inclusiveDecays_13TeV-powheg-pythia8_TuneCUETP8M1_cat3L_sys_nvtxWeightDown
Merging measMET_ST_tW_top_5f_inclusiveDecays_13TeV-powheg-pythia8_TuneCUETP8M1_cat4L_sys_QCDScale0wDown
Merging MT_ST_tW_top_5f_inclusiveDecays_13TeV-powheg-pythia8_TuneCUETP8M1_catNRB_sys_nvtxWeightUp
Merging phizmet_ST_tW_top_5f_inclusiveDecays_13TeV-powheg-pythia8_TuneCUETP8M1_sys_TriggerSFWeightUp
Merging measMET_ST_tW_top_5f_inclusiveDecays_13TeV-powheg-pythia8_TuneCUETP8M1_cat4L_sys_ElecronSFDown
Merging measMET_ST_tW_top_5f_inclusiveDecays_13TeV-powheg-pythia8_TuneCUETP8M1_catEM_sys_puWeightDown
Merging njet_ST_tW_top_5f_inclusiveDecays_13TeV-powheg-pythia8_TuneCUETP8M1_sys_jerDown
Merging measMET_ST_tW_top_5f_inclusiveDecays_13TeV-powheg-pythia8_TuneCUETP8M1_catSignal-0jet_sys_TriggerSFWeightDown
Merging njet_ST_tW_top_5f_inclusiveDecays_13TeV-powheg-pythia8_TuneCUETP8M1_sys_jerUp
Merging measMET_ST_tW_top_5f_inclusiveDecays_13TeV-powheg-pythia8_TuneCUETP8M1_catDY_sys_ElectronEnUp
Merging measMET_ST_tW_top_5f_inclusiveDecays_13TeV-powheg-pythia8_TuneCUETP8M1_catSignal-0jet_sys_jerUp
Merging MT_ST_tW_top_5f_inclusiveDecays_13TeV-powheg-pythia8_TuneCUETP8M1_cat3L_sys_jerDown
Merging MT_ST_tW_top_5f_inclusiveDecays_13TeV-powheg-pythia8_TuneCUETP8M1_catSignal-0jet_sys_ElecronSFUp
Merging njet_ST_tW_top_5f_inclusiveDecays_13TeV-powheg-pythia8_TuneCUETP8M1_sys_TriggerSFWeightDown
Merging MT_ST_tW_top_5f_inclusiveDecays_13TeV-powheg-pythia8_TuneCUETP8M1_catTOP_sys_jesTotalUp
Merging MT_ST_tW_top_5f_inclusiveDecays_13TeV-powheg-pythia8_TuneCUETP8M1_catDY_sys_ElectronEnDown
Merging measMET_ST_tW_top_5f_inclusiveDecays_13TeV-powheg-pythia8_TuneCUETP8M1_catSignal-0jet_sys_QCDScale2wUp
Merging MT_ST_tW_top_5f_inclusiveDecays_13TeV-powheg-pythia8_TuneCUETP8M1_catDY_sys_jesTotalDown
Merging MT_ST_tW_top_5f_inclusiveDecays_13TeV-powheg-pythia8_TuneCUETP8M1_catTOP_sys_btagEventWeightDown
Merging measMET_ST_tW_top_5f_inclusiveDecays_13TeV-powheg-pythia8_TuneCUETP8M1_catEM_sys_TriggerSFWeightDown
Merging measMET_ST_tW_top_5f_inclusiveDecays_13TeV-powheg-pythia8_TuneCUETP8M1_catEM_sys_btagEventWeightUp
Merging measMET_ST_tW_top_5f_inclusiveDecays_13TeV-powheg-pythia8_TuneCUETP8M1_catSignal-0jet_sys_MuonEnUp
Merging njet_ST_tW_top_5f_inclusiveDecays_13TeV-powheg-pythia8_TuneCUETP8M1_sys_jesTotalUp
Merging measMET_ST_tW_top_5f_inclusiveDecays_13TeV-powheg-pythia8_TuneCUETP8M1_cat4L_sys_ElectronEnDown
Merging measMET_ST_tW_top_5f_inclusiveDecays_13TeV-powheg-pythia8_TuneCUETP8M1_cat4L_sys_PrefireWeightDown
Merging MT_ST_tW_top_5f_inclusiveDecays_13TeV-powheg-pythia8_TuneCUETP8M1_catNRB_sys_jesTotalUp
Merging phizmet_ST_tW_top_5f_inclusiveDecays_13TeV-powheg-pythia8_TuneCUETP8M1_sys_TriggerSFWeightDown
/eos/cms/store/group/phys_exotica/monoZ/Exorcism2016/ST_tW_top_5f_inclusiveDecays_13TeV-powheg-pythia8_TuneCUETP8M1/tree_3.root  ->  /eos/cms/store/group/phys_exotica/monoZ/Exorcism2016/ST_tW_top_5f_inclusiveDecays_13TeV-powheg-pythia8_TuneCUETP8M1/tree_3.root
Testing file open
Test OK
---------------------------
 -- options  =  Namespace(dataset='X', doSyst=1, era='2016', infile='/eos/cms/store/group/phys_exotica/monoZ/Exorcism2016/ST_tW_top_5f_inclusiveDecays_13TeV-powheg-pythia8_TuneCUETP8M1/tree_3.root', isMC=1, jobNum=3, nevt=-1)
 -- is MC    =  1
 -- jobNum   =  3
 -- era      =  2016
 -- in file  =  /eos/cms/store/group/phys_exotica/monoZ/Exorcism2016/ST_tW_top_5f_inclusiveDecays_13TeV-powheg-pythia8_TuneCUETP8M1/tree_3.root
 -- dataset  =  X
---------------------------
[check] condtag_ ==  ST_tW_top_5f_inclusiveDecays_13TeV-powheg-pythia8_TuneCUETP8M1
[check] dataset  ==  monoZ
modules :  <PhysicsTools.MonoZ.MonoZWSProducer.MonoZWSProducer object at 0x2b9546c63890>
modules :  <PhysicsTools.MonoZ.MonoZWSProducer.MonoZWSProducer object at 0x2b9546c63950>
modules :  <PhysicsTools.MonoZ.MonoZWSProducer.MonoZWSProducer object at 0x2b9546c63990>
modules :  <PhysicsTools.MonoZ.MonoZWSProducer.MonoZWSProducer object at 0x2b9546c639d0>
modules :  <PhysicsTools.MonoZ.MonoZWSProducer.MonoZWSProducer object at 0x2b9546c63a10>
modules :  <PhysicsTools.MonoZ.MonoZWSProducer.MonoZWSProducer object at 0x2b9546c63a50>
modules :  <PhysicsTools.MonoZ.MonoZWSProducer.MonoZWSProducer object at 0x2b9546c63a90>
modules :  <PhysicsTools.MonoZ.MonoZWSProducer.MonoZWSProducer object at 0x2b9546c63ad0>
modules :  <PhysicsTools.MonoZ.MonoZWSProducer.MonoZWSProducer object at 0x2b9546c63b10>
modules :  <PhysicsTools.MonoZ.MonoZWSProducer.MonoZWSProducer object at 0x2b9546c63b50>
modules :  <PhysicsTools.MonoZ.MonoZWSProducer.MonoZWSProducer object at 0x2b9546c63b90>
modules :  <PhysicsTools.MonoZ.MonoZWSProducer.MonoZWSProducer object at 0x2b9546c63bd0>
modules :  <PhysicsTools.MonoZ.MonoZWSProducer.MonoZWSProducer object at 0x2b9546c63c10>
modules :  <PhysicsTools.MonoZ.MonoZWSProducer.MonoZWSProducer object at 0x2b9546c63c50>
modules :  <PhysicsTools.MonoZ.MonoZWSProducer.MonoZWSProducer object at 0x2b9546c63c90>
modules :  <PhysicsTools.MonoZ.MonoZWSProducer.MonoZWSProducer object at 0x2b9546c63cd0>
modules :  <PhysicsTools.MonoZ.MonoZWSProducer.MonoZWSProducer object at 0x2b9546c63d10>
modules :  <PhysicsTools.MonoZ.MonoZWSProducer.MonoZWSProducer object at 0x2b9546c63d50>
modules :  <PhysicsTools.MonoZ.MonoZWSProducer.MonoZWSProducer object at 0x2b9546c63d90>
modules :  <PhysicsTools.MonoZ.MonoZWSProducer.MonoZWSProducer object at 0x2b9546c63dd0>
modules :  <PhysicsTools.MonoZ.MonoZWSProducer.MonoZWSProducer object at 0x2b9546c63e10>
modules :  <PhysicsTools.MonoZ.MonoZWSProducer.MonoZWSProducer object at 0x2b9546c63e50>
modules :  <PhysicsTools.MonoZ.MonoZWSProducer.MonoZWSProducer object at 0x2b9546c63ed0>
modules :  <PhysicsTools.MonoZ.MonoZWSProducer.MonoZWSProducer object at 0x2b9546c63f50>
modules :  <PhysicsTools.MonoZ.MonoZWSProducer.MonoZWSProducer object at 0x2b9546c63fd0>
modules :  <PhysicsTools.MonoZ.MonoZWSProducer.MonoZWSProducer object at 0x2b9546c65090>
modules :  <PhysicsTools.MonoZ.MonoZWSProducer.MonoZWSProducer object at 0x2b9546c650d0>
modules :  <PhysicsTools.MonoZ.MonoZWSProducer.MonoZWSProducer object at 0x2b9546c65110>
modules :  <PhysicsTools.MonoZ.MonoZWSProducer.MonoZWSProducer object at 0x2b9546c65150>
modules :  <PhysicsTools.MonoZ.MonoZWSProducer.MonoZWSProducer object at 0x2b9546c65190>
modules :  <PhysicsTools.MonoZ.MonoZWSProducer.MonoZWSProducer object at 0x2b9546c651d0>
Selection :  
Will write selected trees to .
Pre-select 2795 entries out of 2795 (100.00%)
Processed 2795 preselected entries from /eos/cms/store/group/phys_exotica/monoZ/Exorcism2016/ST_tW_top_5f_inclusiveDecays_13TeV-powheg-pythia8_TuneCUETP8M1/tree_3.root (2795 entries). Finally selected 2795 entries
Done ./tree_3_Skim.root
19.333194992 Hz
----- transfer output to eos :
----- directory after running :
.:
total 6316
-rw-r--r--. 1 cfreer zh    1230 Nov 29 23:13 FrameworkJobReport.xml
-rw-r--r--. 1 cfreer zh       0 Nov 29 23:10 _condor_stderr
-rw-r--r--. 1 cfreer zh   93731 Nov 29 23:13 _condor_stdout
-rw-------. 1 cfreer zh    4914 Nov 29 23:13 cfreer.cc
-rw-r--r--. 1 cfreer zh   16092 Nov 29 23:10 combineHLT_Run2.yaml
-rw-r--r--. 1 cfreer zh    5718 Nov 29 23:10 condor_WSProducer.py
-rwxr-xr-x. 1 cfreer zh     861 Nov 29 23:10 condor_exec.exe
-rwxr-xr-x. 1 cfreer zh    2559 Nov 29 23:10 haddnano.py
-rw-r--r--. 1 cfreer zh       8 Nov 29 23:10 keep_and_drop_WS.txt
drwx------. 3 cfreer zh    4096 Nov 29 23:10 tmp
-rw-r--r--. 1 cfreer zh 3157350 Nov 29 23:13 tree_3.root
-rw-r--r--. 1 cfreer zh 3157206 Nov 29 23:13 tree_3_Skim.root
drwx------. 3 cfreer zh    4096 Nov 29 23:10 var

./tmp:
total 4
drwxr-xr-x. 3 cfreer zh 4096 Nov 29 23:10 mjf-cfreer

./tmp/mjf-cfreer:
total 4
drwxr-xr-x. 2 cfreer zh 4096 Nov 29 23:10 jobfeatures-bigbird09.cern.ch_3029534.3_1574945538

./tmp/mjf-cfreer/jobfeatures-bigbird09.cern.ch_3029534.3_1574945538:
total 28
-rw-r--r--. 1 cfreer zh  1 Nov 29 23:10 allocated_cpu
-rw-r--r--. 1 cfreer zh  6 Nov 29 23:10 cpu_limit_secs
-rw-r--r--. 1 cfreer zh 38 Nov 29 23:10 job_id
-rw-r--r--. 1 cfreer zh 10 Nov 29 23:10 jobstart_secs
-rw-r--r--. 1 cfreer zh 10 Nov 29 23:10 max_rss_bytes
-rw-r--r--. 1 cfreer zh 10 Nov 29 23:10 scratch_limit_bytes
-rw-r--r--. 1 cfreer zh  6 Nov 29 23:10 wall_limit_secs

./var:
total 4
drwx------. 2 cfreer zh 4096 Nov 29 23:10 tmp

./var/tmp:
total 0
 ------ THE END (everyone dies !) ----- 
