
/pool/condor/dir_2762

... start job at 2019-11-29 01:42:58
----- directory before running:
.:
total 52
-rw-r--r--. 1 cfreer zh     0 Nov 29 01:42 _condor_stderr
-rw-r--r--. 1 cfreer zh    93 Nov 29 01:42 _condor_stdout
-rw-------. 1 cfreer zh  2642 Nov 29 01:42 cfreer.cc
-rw-r--r--. 1 cfreer zh 16092 Nov 29 01:42 combineHLT_Run2.yaml
-rw-r--r--. 1 cfreer zh  5718 Nov 29 01:42 condor_WSProducer.py
-rwxr-xr-x. 1 cfreer zh   831 Nov 29 01:42 condor_exec.exe
-rwxr-xr-x. 1 cfreer zh  2559 Nov 29 01:42 haddnano.py
-rw-r--r--. 1 cfreer zh     8 Nov 29 01:42 keep_and_drop_WS.txt
drwx------. 3 cfreer zh  4096 Nov 29 01:42 tmp
drwx------. 3 cfreer zh  4096 Nov 29 01:42 var

./tmp:
total 4
drwxr-xr-x. 3 cfreer zh 4096 Nov 29 01:42 mjf-cfreer

./tmp/mjf-cfreer:
total 4
drwxr-xr-x. 2 cfreer zh 4096 Nov 29 01:42 jobfeatures-bigbird09.cern.ch_3024673.18_1574900644

./tmp/mjf-cfreer/jobfeatures-bigbird09.cern.ch_3024673.18_1574900644:
total 28
-rw-r--r--. 1 cfreer zh  1 Nov 29 01:42 allocated_cpu
-rw-r--r--. 1 cfreer zh  6 Nov 29 01:42 cpu_limit_secs
-rw-r--r--. 1 cfreer zh 39 Nov 29 01:42 job_id
-rw-r--r--. 1 cfreer zh 10 Nov 29 01:42 jobstart_secs
-rw-r--r--. 1 cfreer zh 10 Nov 29 01:42 max_rss_bytes
-rw-r--r--. 1 cfreer zh 10 Nov 29 01:42 scratch_limit_bytes
-rw-r--r--. 1 cfreer zh  6 Nov 29 01:42 wall_limit_secs

./var:
total 4
drwx------. 2 cfreer zh 4096 Nov 29 01:42 tmp

./var/tmp:
total 0
----- CMSSW BASE, python path, pwd:
+ CMSSW_BASE  = /afs/cern.ch/work/c/cfreer/MonoZ_2019/MT_plots/CMSSW_10_6_4
+ PYTHON_PATH = 
+ PWD         = /pool/condor/dir_2762
/eos/cms/store/group/phys_exotica/monoZ/Exorcism2018/MuonEG_Run2018C-Nano1June2019-v1/tree_8.root  ->  /eos/cms/store/group/phys_exotica/monoZ/Exorcism2018/MuonEG_Run2018C-Nano1June2019-v1/tree_8.root
Testing file open
Test OK
---------------------------
 -- options  =  Namespace(dataset='X', doSyst=1, era='2018', infile='/eos/cms/store/group/phys_exotica/monoZ/Exorcism2018/MuonEG_Run2018C-Nano1June2019-v1/tree_8.root', isMC=0, jobNum=18, nevt=-1)
 -- is MC    =  0
 -- jobNum   =  18
 -- era      =  2018
 -- in file  =  /eos/cms/store/group/phys_exotica/monoZ/Exorcism2018/MuonEG_Run2018C-Nano1June2019-v1/tree_8.root
 -- dataset  =  X
---------------------------
modules :  <PhysicsTools.MonoZ.MonoZWSProducer.MonoZWSProducer object at 0x2ae6567aa890>
Selection :  
Will write selected trees to .
Pre-select 0 entries out of 0 (0.00%)
----- transfer output to eos :
----- directory after running :
.:
total 56
-rw-r--r--. 1 cfreer zh  1284 Nov 29 01:43 _condor_stderr
-rw-r--r--. 1 cfreer zh  2478 Nov 29 01:43 _condor_stdout
-rw-------. 1 cfreer zh  2642 Nov 29 01:42 cfreer.cc
-rw-r--r--. 1 cfreer zh 16092 Nov 29 01:42 combineHLT_Run2.yaml
-rw-r--r--. 1 cfreer zh  5718 Nov 29 01:42 condor_WSProducer.py
-rwxr-xr-x. 1 cfreer zh   831 Nov 29 01:42 condor_exec.exe
-rwxr-xr-x. 1 cfreer zh  2559 Nov 29 01:42 haddnano.py
-rw-r--r--. 1 cfreer zh     8 Nov 29 01:42 keep_and_drop_WS.txt
drwx------. 3 cfreer zh  4096 Nov 29 01:42 tmp
drwx------. 3 cfreer zh  4096 Nov 29 01:42 var

./tmp:
total 4
drwxr-xr-x. 3 cfreer zh 4096 Nov 29 01:42 mjf-cfreer

./tmp/mjf-cfreer:
total 4
drwxr-xr-x. 2 cfreer zh 4096 Nov 29 01:42 jobfeatures-bigbird09.cern.ch_3024673.18_1574900644

./tmp/mjf-cfreer/jobfeatures-bigbird09.cern.ch_3024673.18_1574900644:
total 28
-rw-r--r--. 1 cfreer zh  1 Nov 29 01:42 allocated_cpu
-rw-r--r--. 1 cfreer zh  6 Nov 29 01:42 cpu_limit_secs
-rw-r--r--. 1 cfreer zh 39 Nov 29 01:42 job_id
-rw-r--r--. 1 cfreer zh 10 Nov 29 01:42 jobstart_secs
-rw-r--r--. 1 cfreer zh 10 Nov 29 01:42 max_rss_bytes
-rw-r--r--. 1 cfreer zh 10 Nov 29 01:42 scratch_limit_bytes
-rw-r--r--. 1 cfreer zh  6 Nov 29 01:42 wall_limit_secs

./var:
total 4
drwx------. 2 cfreer zh 4096 Nov 29 01:42 tmp

./var/tmp:
total 0
 ------ THE END (everyone dies !) ----- 
