
/pool/condor/dir_18123

... start job at 2019-11-29 21:17:57
----- directory before running:
.:
total 52
-rw-r--r--. 1 cfreer zh     0 Nov 29 21:17 _condor_stderr
-rw-r--r--. 1 cfreer zh    94 Nov 29 21:17 _condor_stdout
-rw-------. 1 cfreer zh  2642 Nov 29 21:17 cfreer.cc
-rw-r--r--. 1 cfreer zh 16092 Nov 29 21:17 combineHLT_Run2.yaml
-rw-r--r--. 1 cfreer zh  5718 Nov 29 21:17 condor_WSProducer.py
-rwxr-xr-x. 1 cfreer zh   861 Nov 29 21:17 condor_exec.exe
-rwxr-xr-x. 1 cfreer zh  2559 Nov 29 21:17 haddnano.py
-rw-r--r--. 1 cfreer zh     8 Nov 29 21:17 keep_and_drop_WS.txt
drwx------. 3 cfreer zh  4096 Nov 29 21:17 tmp
drwx------. 3 cfreer zh  4096 Nov 29 21:17 var

./tmp:
total 4
drwxr-xr-x. 3 cfreer zh 4096 Nov 29 21:17 mjf-cfreer

./tmp/mjf-cfreer:
total 4
drwxr-xr-x. 2 cfreer zh 4096 Nov 29 21:17 jobfeatures-bigbird09.cern.ch_3029493.1_1574944519

./tmp/mjf-cfreer/jobfeatures-bigbird09.cern.ch_3029493.1_1574944519:
total 28
-rw-r--r--. 1 cfreer zh  1 Nov 29 21:17 allocated_cpu
-rw-r--r--. 1 cfreer zh  6 Nov 29 21:17 cpu_limit_secs
-rw-r--r--. 1 cfreer zh 38 Nov 29 21:17 job_id
-rw-r--r--. 1 cfreer zh 10 Nov 29 21:17 jobstart_secs
-rw-r--r--. 1 cfreer zh 10 Nov 29 21:17 max_rss_bytes
-rw-r--r--. 1 cfreer zh 10 Nov 29 21:17 scratch_limit_bytes
-rw-r--r--. 1 cfreer zh  6 Nov 29 21:17 wall_limit_secs

./var:
total 4
drwx------. 2 cfreer zh 4096 Nov 29 21:17 tmp

./var/tmp:
total 0
----- CMSSW BASE, python path, pwd:
+ CMSSW_BASE  = /afs/cern.ch/work/c/cfreer/MonoZ_2019/MT_plots/CMSSW_10_6_4
+ PYTHON_PATH = 
+ PWD         = /pool/condor/dir_18123
/eos/cms/store/group/phys_exotica/monoZ/Exorcism2016/DYJetsToLL_Pt-650ToInf_TuneCUETP8M1_13TeV-amcatnloFXFX-pythia8/tree_2.root  ->  /eos/cms/store/group/phys_exotica/monoZ/Exorcism2016/DYJetsToLL_Pt-650ToInf_TuneCUETP8M1_13TeV-amcatnloFXFX-pythia8/tree_2.root
Testing file open
Test OK
---------------------------
 -- options  =  Namespace(dataset='X', doSyst=1, era='2016', infile='/eos/cms/store/group/phys_exotica/monoZ/Exorcism2016/DYJetsToLL_Pt-650ToInf_TuneCUETP8M1_13TeV-amcatnloFXFX-pythia8/tree_2.root', isMC=1, jobNum=1, nevt=-1)
 -- is MC    =  1
 -- jobNum   =  1
 -- era      =  2016
 -- in file  =  /eos/cms/store/group/phys_exotica/monoZ/Exorcism2016/DYJetsToLL_Pt-650ToInf_TuneCUETP8M1_13TeV-amcatnloFXFX-pythia8/tree_2.root
 -- dataset  =  X
---------------------------
[check] condtag_ ==  DYJetsToLL_Pt-650ToInf_TuneCUETP8M1_13TeV-amcatnloFXFX-pythia8
[check] dataset  ==  monoZ
modules :  <PhysicsTools.MonoZ.MonoZWSProducer.MonoZWSProducer object at 0x2b671e773750>
modules :  <PhysicsTools.MonoZ.MonoZWSProducer.MonoZWSProducer object at 0x2b671e773810>
modules :  <PhysicsTools.MonoZ.MonoZWSProducer.MonoZWSProducer object at 0x2b671e773850>
modules :  <PhysicsTools.MonoZ.MonoZWSProducer.MonoZWSProducer object at 0x2b671e773890>
modules :  <PhysicsTools.MonoZ.MonoZWSProducer.MonoZWSProducer object at 0x2b671e7738d0>
modules :  <PhysicsTools.MonoZ.MonoZWSProducer.MonoZWSProducer object at 0x2b671e773910>
modules :  <PhysicsTools.MonoZ.MonoZWSProducer.MonoZWSProducer object at 0x2b671e773950>
modules :  <PhysicsTools.MonoZ.MonoZWSProducer.MonoZWSProducer object at 0x2b671e773990>
modules :  <PhysicsTools.MonoZ.MonoZWSProducer.MonoZWSProducer object at 0x2b671e7739d0>
modules :  <PhysicsTools.MonoZ.MonoZWSProducer.MonoZWSProducer object at 0x2b671e773a10>
modules :  <PhysicsTools.MonoZ.MonoZWSProducer.MonoZWSProducer object at 0x2b671e773a50>
modules :  <PhysicsTools.MonoZ.MonoZWSProducer.MonoZWSProducer object at 0x2b671e773a90>
modules :  <PhysicsTools.MonoZ.MonoZWSProducer.MonoZWSProducer object at 0x2b671e773ad0>
modules :  <PhysicsTools.MonoZ.MonoZWSProducer.MonoZWSProducer object at 0x2b671e773b10>
modules :  <PhysicsTools.MonoZ.MonoZWSProducer.MonoZWSProducer object at 0x2b671e773b50>
modules :  <PhysicsTools.MonoZ.MonoZWSProducer.MonoZWSProducer object at 0x2b671e773b90>
modules :  <PhysicsTools.MonoZ.MonoZWSProducer.MonoZWSProducer object at 0x2b671e773bd0>
modules :  <PhysicsTools.MonoZ.MonoZWSProducer.MonoZWSProducer object at 0x2b671e773c10>
modules :  <PhysicsTools.MonoZ.MonoZWSProducer.MonoZWSProducer object at 0x2b671e773c50>
modules :  <PhysicsTools.MonoZ.MonoZWSProducer.MonoZWSProducer object at 0x2b671e773c90>
modules :  <PhysicsTools.MonoZ.MonoZWSProducer.MonoZWSProducer object at 0x2b671e773cd0>
modules :  <PhysicsTools.MonoZ.MonoZWSProducer.MonoZWSProducer object at 0x2b671e773d10>
modules :  <PhysicsTools.MonoZ.MonoZWSProducer.MonoZWSProducer object at 0x2b671e773d90>
modules :  <PhysicsTools.MonoZ.MonoZWSProducer.MonoZWSProducer object at 0x2b671e773e10>
modules :  <PhysicsTools.MonoZ.MonoZWSProducer.MonoZWSProducer object at 0x2b671e773e90>
modules :  <PhysicsTools.MonoZ.MonoZWSProducer.MonoZWSProducer object at 0x2b671e773f10>
modules :  <PhysicsTools.MonoZ.MonoZWSProducer.MonoZWSProducer object at 0x2b671e773f50>
modules :  <PhysicsTools.MonoZ.MonoZWSProducer.MonoZWSProducer object at 0x2b671e773f90>
modules :  <PhysicsTools.MonoZ.MonoZWSProducer.MonoZWSProducer object at 0x2b671e773fd0>
modules :  <PhysicsTools.MonoZ.MonoZWSProducer.MonoZWSProducer object at 0x2b671e775050>
modules :  <PhysicsTools.MonoZ.MonoZWSProducer.MonoZWSProducer object at 0x2b671e775090>
Selection :  
Will write selected trees to .
Pre-select 223891 entries out of 223891 (100.00%)
Processed    10000/  223891 entries,  4.47% (elapsed time   425.8s, curr speed    0.023 kHz, avg speed    0.023 kHz), accepted    10001/   10001 events (100.00%)
Processed    20000/  223891 entries,  8.93% (elapsed time   868.1s, curr speed    0.023 kHz, avg speed    0.023 kHz), accepted    20001/   20001 events (100.00%)
Processed    30000/Adding file ./tree_2_Skim.root
Merging measMET_monoZ_catSignal-0jet
Merging MT_monoZ_catSignal-0jet
Merging measMET_monoZ_catEM
Merging MT_monoZ_catEM
Merging measMET_monoZ_catSignal-1jet
Merging MT_monoZ_catSignal-1jet
Merging measMET_monoZ_cat3L
Merging MT_monoZ_cat3L
Merging measMET_monoZ_cat4L
Merging MT_monoZ_cat4L
Merging measMET_monoZ_catNRB
Merging MT_monoZ_catNRB
Merging measMET_monoZ_catTOP
Merging MT_monoZ_catTOP
Merging measMET_monoZ_catDY
Merging MT_monoZ_catDY
Merging balance_monoZ
Merging phizmet_monoZ
Merging njet_monoZ
Merging measMET_monoZ_catSignal-0jet_sys_ElectronEnUp
Merging MT_monoZ_catSignal-0jet_sys_ElectronEnUp
Merging measMET_monoZ_catEM_sys_ElectronEnUp
Merging MT_monoZ_catEM_sys_ElectronEnUp
Merging measMET_monoZ_catSignal-1jet_sys_ElectronEnUp
Merging MT_monoZ_catSignal-1jet_sys_ElectronEnUp
Merging measMET_monoZ_cat3L_sys_ElectronEnUp
Merging MT_monoZ_cat3L_sys_ElectronEnUp
Merging measMET_monoZ_cat4L_sys_ElectronEnUp
Merging MT_monoZ_cat4L_sys_ElectronEnUp
Merging measMET_monoZ_catNRB_sys_ElectronEnUp
Merging MT_monoZ_catNRB_sys_ElectronEnUp
Merging measMET_monoZ_catTOP_sys_ElectronEnUp
Merging MT_monoZ_catTOP_sys_ElectronEnUp
Merging measMET_monoZ_catDY_sys_ElectronEnUp
Merging MT_monoZ_catDY_sys_ElectronEnUp
Merging balance_monoZ_sys_ElectronEnUp
Merging phizmet_monoZ_sys_ElectronEnUp
Merging njet_monoZ_sys_ElectronEnUp
Merging measMET_monoZ_catSignal-0jet_sys_ElectronEnDown
Merging MT_monoZ_catSignal-0jet_sys_ElectronEnDown
Merging measMET_monoZ_catEM_sys_ElectronEnDown
Merging MT_monoZ_catEM_sys_ElectronEnDown
Merging measMET_monoZ_catSignal-1jet_sys_ElectronEnDown
Merging MT_monoZ_catSignal-1jet_sys_ElectronEnDown
Merging measMET_monoZ_cat3L_sys_ElectronEnDown
Merging MT_monoZ_cat3L_sys_ElectronEnDown
Merging measMET_monoZ_cat4L_sys_ElectronEnDown
Merging MT_monoZ_cat4L_sys_ElectronEnDown
Merging measMET_monoZ_catNRB_sys_ElectronEnDown
Merging MT_monoZ_catNRB_sys_ElectronEnDown
Merging measMET_monoZ_catTOP_sys_ElectronEnDown
Merging MT_monoZ_catTOP_sys_ElectronEnDown
Merging measMET_monoZ_catDY_sys_ElectronEnDown
Merging MT_monoZ_catDY_sys_ElectronEnDown
Merging balance_monoZ_sys_ElectronEnDown
Merging phizmet_monoZ_sys_ElectronEnDown
Merging njet_monoZ_sys_ElectronEnDown
Merging measMET_monoZ_catSignal-0jet_sys_MuonEnUp
Merging MT_monoZ_catSignal-0jet_sys_MuonEnUp
Merging measMET_monoZ_catEM_sys_MuonEnUp
Merging MT_monoZ_catEM_sys_MuonEnUp
Merging measMET_monoZ_catSignal-1jet_sys_MuonEnUp
Merging MT_monoZ_catSignal-1jet_sys_MuonEnUp
Merging measMET_monoZ_cat3L_sys_MuonEnUp
Merging MT_monoZ_cat3L_sys_MuonEnUp
Merging measMET_monoZ_cat4L_sys_MuonEnUp
Merging MT_monoZ_cat4L_sys_MuonEnUp
Merging measMET_monoZ_catNRB_sys_MuonEnUp
Merging MT_monoZ_catNRB_sys_MuonEnUp
Merging measMET_monoZ_catTOP_sys_MuonEnUp
Merging MT_monoZ_catTOP_sys_MuonEnUp
Merging measMET_monoZ_catDY_sys_MuonEnUp
Merging MT_monoZ_catDY_sys_MuonEnUp
Merging balance_monoZ_sys_MuonEnUp
Merging phizmet_monoZ_sys_MuonEnUp
Merging njet_monoZ_sys_MuonEnUp
Merging measMET_monoZ_catSignal-0jet_sys_MuonEnDown
Merging MT_monoZ_catSignal-0jet_sys_MuonEnDown
Merging measMET_monoZ_catEM_sys_MuonEnDown
Merging MT_monoZ_catEM_sys_MuonEnDown
Merging measMET_monoZ_catSignal-1jet_sys_MuonEnDown
Merging MT_monoZ_catSignal-1jet_sys_MuonEnDown
Merging measMET_monoZ_cat3L_sys_MuonEnDown
Merging MT_monoZ_cat3L_sys_MuonEnDown
Merging measMET_monoZ_cat4L_sys_MuonEnDown
Merging MT_monoZ_cat4L_sys_MuonEnDown
Merging measMET_monoZ_catNRB_sys_MuonEnDown
Merging MT_monoZ_catNRB_sys_MuonEnDown
Merging measMET_monoZ_catTOP_sys_MuonEnDown
Merging MT_monoZ_catTOP_sys_MuonEnDown
Merging measMET_monoZ_catDY_sys_MuonEnDown
Merging MT_monoZ_catDY_sys_MuonEnDown
Merging balance_monoZ_sys_MuonEnDown
Merging phizmet_monoZ_sys_MuonEnDown
Merging njet_monoZ_sys_MuonEnDown
Merging measMET_monoZ_catSignal-0jet_sys_jesTotalUp
Merging MT_monoZ_catSignal-0jet_sys_jesTotalUp
Merging measMET_monoZ_catEM_sys_jesTotalUp
Merging MT_monoZ_catEM_sys_jesTotalUp
Merging measMET_monoZ_catSignal-1jet_sys_jesTotalUp
Merging MT_monoZ_catSignal-1jet_sys_jesTotalUp
Merging measMET_monoZ_cat3L_sys_jesTotalUp
Merging MT_monoZ_cat3L_sys_jesTotalUp
Merging measMET_monoZ_cat4L_sys_jesTotalUp
Merging MT_monoZ_cat4L_sys_jesTotalUp
Merging measMET_monoZ_catNRB_sys_jesTotalUp
Merging MT_monoZ_catNRB_sys_jesTotalUp
Merging measMET_monoZ_catTOP_sys_jesTotalUp
Merging MT_monoZ_catTOP_sys_jesTotalUp
Merging measMET_monoZ_catDY_sys_jesTotalUp
Merging MT_monoZ_catDY_sys_jesTotalUp
Merging balance_monoZ_sys_jesTotalUp
Merging phizmet_monoZ_sys_jesTotalUp
Merging njet_monoZ_sys_jesTotalUp
Merging measMET_monoZ_catSignal-0jet_sys_jesTotalDown
Merging MT_monoZ_catSignal-0jet_sys_jesTotalDown
Merging measMET_monoZ_catEM_sys_jesTotalDown
Merging MT_monoZ_catEM_sys_jesTotalDown
Merging measMET_monoZ_catSignal-1jet_sys_jesTotalDown
Merging MT_monoZ_catSignal-1jet_sys_jesTotalDown
Merging measMET_monoZ_cat3L_sys_jesTotalDown
Merging MT_monoZ_cat3L_sys_jesTotalDown
Merging measMET_monoZ_cat4L_sys_jesTotalDown
Merging MT_monoZ_cat4L_sys_jesTotalDown
Merging measMET_monoZ_catNRB_sys_jesTotalDown
Merging MT_monoZ_catNRB_sys_jesTotalDown
Merging measMET_monoZ_catTOP_sys_jesTotalDown
Merging MT_monoZ_catTOP_sys_jesTotalDown
Merging measMET_monoZ_catDY_sys_jesTotalDown
Merging MT_monoZ_catDY_sys_jesTotalDown
Merging balance_monoZ_sys_jesTotalDown
Merging phizmet_monoZ_sys_jesTotalDown
Merging njet_monoZ_sys_jesTotalDown
Merging measMET_monoZ_catSignal-0jet_sys_jerUp
Merging MT_monoZ_catSignal-0jet_sys_jerUp
Merging measMET_monoZ_catEM_sys_jerUp
Merging MT_monoZ_catEM_sys_jerUp
Merging measMET_monoZ_catSignal-1jet_sys_jerUp
Merging MT_monoZ_catSignal-1jet_sys_jerUp
Merging measMET_monoZ_cat3L_sys_jerUp
Merging MT_monoZ_cat3L_sys_jerUp
Merging measMET_monoZ_cat4L_sys_jerUp
Merging MT_monoZ_cat4L_sys_jerUp
Merging measMET_monoZ_catNRB_sys_jerUp
Merging MT_monoZ_catNRB_sys_jerUp
Merging measMET_monoZ_catTOP_sys_jerUp
Merging MT_monoZ_catTOP_sys_jerUp
Merging measMET_monoZ_catDY_sys_jerUp
Merging MT_monoZ_catDY_sys_jerUp
Merging balance_monoZ_sys_jerUp
Merging phizmet_monoZ_sys_jerUp
Merging njet_monoZ_sys_jerUp
Merging measMET_monoZ_catSignal-0jet_sys_jerDown
Merging MT_monoZ_catSignal-0jet_sys_jerDown
Merging measMET_monoZ_catEM_sys_jerDown
Merging MT_monoZ_catEM_sys_jerDown
Merging measMET_monoZ_catSignal-1jet_sys_jerDown
Merging MT_monoZ_catSignal-1jet_sys_jerDown
Merging measMET_monoZ_cat3L_sys_jerDown
Merging MT_monoZ_cat3L_sys_jerDown
Merging measMET_monoZ_cat4L_sys_jerDown
Merging MT_monoZ_cat4L_sys_jerDown
Merging measMET_monoZ_catNRB_sys_jerDown
Merging MT_monoZ_catNRB_sys_jerDown
Merging measMET_monoZ_catTOP_sys_jerDown
Merging MT_monoZ_catTOP_sys_jerDown
Merging measMET_monoZ_catDY_sys_jerDown
Merging MT_monoZ_catDY_sys_jerDown
Merging balance_monoZ_sys_jerDown
Merging phizmet_monoZ_sys_jerDown
Merging njet_monoZ_sys_jerDown
Merging measMET_monoZ_catSignal-0jet_sys_puWeightUp
Merging MT_monoZ_catSignal-0jet_sys_puWeightUp
Merging measMET_monoZ_catEM_sys_puWeightUp
Merging MT_monoZ_catEM_sys_puWeightUp
Merging measMET_monoZ_catSignal-1jet_sys_puWeightUp
Merging MT_monoZ_catSignal-1jet_sys_puWeightUp
Merging measMET_monoZ_cat3L_sys_puWeightUp
Merging MT_monoZ_cat3L_sys_puWeightUp
Merging measMET_monoZ_cat4L_sys_puWeightUp
Merging MT_monoZ_cat4L_sys_puWeightUp
Merging measMET_monoZ_catNRB_sys_puWeightUp
Merging MT_monoZ_catNRB_sys_puWeightUp
Merging measMET_monoZ_catTOP_sys_puWeightUp
Merging MT_monoZ_catTOP_sys_puWeightUp
Merging measMET_monoZ_catDY_sys_puWeightUp
Merging MT_monoZ_catDY_sys_puWeightUp
Merging balance_monoZ_sys_puWeightUp
Merging phizmet_monoZ_sys_puWeightUp
Merging njet_monoZ_sys_puWeightUp
Merging measMET_monoZ_catSignal-0jet_sys_puWeightDown
Merging MT_monoZ_catSignal-0jet_sys_puWeightDown
Merging measMET_monoZ_catEM_sys_puWeightDown
Merging MT_monoZ_catEM_sys_puWeightDown
Merging measMET_monoZ_catSignal-1jet_sys_puWeightDown
Merging MT_monoZ_catSignal-1jet_sys_puWeightDown
Merging measMET_monoZ_cat3L_sys_puWeightDown
Merging MT_monoZ_cat3L_sys_puWeightDown
Merging measMET_monoZ_cat4L_sys_puWeightDown
Merging MT_monoZ_cat4L_sys_puWeightDown
Merging measMET_monoZ_catNRB_sys_puWeightDown
Merging MT_monoZ_catNRB_sys_puWeightDown
Merging measMET_monoZ_catTOP_sys_puWeightDown
Merging MT_monoZ_catTOP_sys_puWeightDown
Merging measMET_monoZ_catDY_sys_puWeightDown
Merging MT_monoZ_catDY_sys_puWeightDown
Merging balance_monoZ_sys_puWeightDown
Merging phizmet_monoZ_sys_puWeightDown
Merging njet_monoZ_sys_puWeightDown
Merging measMET_monoZ_catSignal-0jet_sys_PDFUp
Merging MT_monoZ_catSignal-0jet_sys_PDFUp
Merging measMET_monoZ_catEM_sys_PDFUp
Merging MT_monoZ_catEM_sys_PDFUp
Merging measMET_monoZ_catSignal-1jet_sys_PDFUp
Merging MT_monoZ_catSignal-1jet_sys_PDFUp
Merging measMET_monoZ_cat3L_sys_PDFUp
Merging MT_monoZ_cat3L_sys_PDFUp
Merging measMET_monoZ_cat4L_sys_PDFUp
Merging MT_monoZ_cat4L_sys_PDFUp
Merging measMET_monoZ_catNRB_sys_PDFUp
Merging MT_monoZ_catNRB_sys_PDFUp
Merging measMET_monoZ_catTOP_sys_PDFUp
Merging MT_monoZ_catTOP_sys_PDFUp
Merging measMET_monoZ_catDY_sys_PDFUp
Merging MT_monoZ_catDY_sys_PDFUp
Merging balance_monoZ_sys_PDFUp
Merging phizmet_monoZ_sys_PDFUp
Merging njet_monoZ_sys_PDFUp
Merging measMET_monoZ_catSignal-0jet_sys_PDFDown
Merging MT_monoZ_catSignal-0jet_sys_PDFDown
Merging measMET_monoZ_catEM_sys_PDFDown
Merging MT_monoZ_catEM_sys_PDFDown
Merging measMET_monoZ_catSignal-1jet_sys_PDFDown
Merging MT_monoZ_catSignal-1jet_sys_PDFDown
Merging measMET_monoZ_cat3L_sys_PDFDown
Merging MT_monoZ_cat3L_sys_PDFDown
Merging measMET_monoZ_cat4L_sys_PDFDown
Merging MT_monoZ_cat4L_sys_PDFDown
Merging measMET_monoZ_catNRB_sys_PDFDown
Merging MT_monoZ_catNRB_sys_PDFDown
Merging measMET_monoZ_catTOP_sys_PDFDown
Merging MT_monoZ_catTOP_sys_PDFDown
Merging measMET_monoZ_catDY_sys_PDFDown
Merging MT_monoZ_catDY_sys_PDFDown
Merging balance_monoZ_sys_PDFDown
Merging phizmet_monoZ_sys_PDFDown
Merging njet_monoZ_sys_PDFDown
Merging measMET_monoZ_catSignal-0jet_sys_MuonSFUp
Merging MT_monoZ_catSignal-0jet_sys_MuonSFUp
Merging measMET_monoZ_catEM_sys_MuonSFUp
Merging MT_monoZ_catEM_sys_MuonSFUp
Merging measMET_monoZ_catSignal-1jet_sys_MuonSFUp
Merging MT_monoZ_catSignal-1jet_sys_MuonSFUp
Merging measMET_monoZ_cat3L_sys_MuonSFUp
Merging MT_monoZ_cat3L_sys_MuonSFUp
Merging measMET_monoZ_cat4L_sys_MuonSFUp
Merging MT_monoZ_cat4L_sys_MuonSFUp
Merging measMET_monoZ_catNRB_sys_MuonSFUp
Merging MT_monoZ_catNRB_sys_MuonSFUp
Merging measMET_monoZ_catTOP_sys_MuonSFUp
Merging MT_monoZ_catTOP_sys_MuonSFUp
Merging measMET_monoZ_catDY_sys_MuonSFUp
Merging MT_monoZ_catDY_sys_MuonSFUp
Merging balance_monoZ_sys_MuonSFUp
Merging phizmet_monoZ_sys_MuonSFUp
Merging njet_monoZ_sys_MuonSFUp
Merging measMET_monoZ_catSignal-0jet_sys_MuonSFDown
Merging MT_monoZ_catSignal-0jet_sys_MuonSFDown
Merging measMET_monoZ_catEM_sys_MuonSFDown
Merging MT_monoZ_catEM_sys_MuonSFDown
Merging measMET_monoZ_catSignal-1jet_sys_MuonSFDown
Merging MT_monoZ_catSignal-1jet_sys_MuonSFDown
Merging measMET_monoZ_cat3L_sys_MuonSFDown
Merging MT_monoZ_cat3L_sys_MuonSFDown
Merging measMET_monoZ_cat4L_sys_MuonSFDown
Merging MT_monoZ_cat4L_sys_MuonSFDown
Merging measMET_monoZ_catNRB_sys_MuonSFDown
Merging MT_monoZ_catNRB_sys_MuonSFDown
Merging measMET_monoZ_catTOP_sys_MuonSFDown
Merging MT_monoZ_catTOP_sys_MuonSFDown
Merging measMET_monoZ_catDY_sys_MuonSFDown
Merging MT_monoZ_catDY_sys_MuonSFDown
Merging balance_monoZ_sys_MuonSFDown
Merging phizmet_monoZ_sys_MuonSFDown
Merging njet_monoZ_sys_MuonSFDown
Merging measMET_monoZ_catSignal-0jet_sys_ElecronSFUp
Merging MT_monoZ_catSignal-0jet_sys_ElecronSFUp
Merging measMET_monoZ_catEM_sys_ElecronSFUp
Merging MT_monoZ_catEM_sys_ElecronSFUp
Merging measMET_monoZ_catSignal-1jet_sys_ElecronSFUp
Merging MT_monoZ_catSignal-1jet_sys_ElecronSFUp
Merging measMET_monoZ_cat3L_sys_ElecronSFUp
Merging MT_monoZ_cat3L_sys_ElecronSFUp
Merging measMET_monoZ_cat4L_sys_ElecronSFUp
Merging MT_monoZ_cat4L_sys_ElecronSFUp
Merging measMET_monoZ_catNRB_sys_ElecronSFUp
Merging MT_monoZ_catNRB_sys_ElecronSFUp
Merging measMET_monoZ_catTOP_sys_ElecronSFUp
Merging MT_monoZ_catTOP_sys_ElecronSFUp
Merging measMET_monoZ_catDY_sys_ElecronSFUp
Merging MT_monoZ_catDY_sys_ElecronSFUp
Merging balance_monoZ_sys_ElecronSFUp
Merging phizmet_monoZ_sys_ElecronSFUp
Merging njet_monoZ_sys_ElecronSFUp
Merging measMET_monoZ_catSignal-0jet_sys_ElecronSFDown
Merging MT_monoZ_catSignal-0jet_sys_ElecronSFDown
Merging measMET_monoZ_catEM_sys_ElecronSFDown
Merging MT_monoZ_catEM_sys_ElecronSFDown
Merging measMET_monoZ_catSignal-1jet_sys_ElecronSFDown
Merging MT_monoZ_catSignal-1jet_sys_ElecronSFDown
Merging measMET_monoZ_cat3L_sys_ElecronSFDown
Merging MT_monoZ_cat3L_sys_ElecronSFDown
Merging measMET_monoZ_cat4L_sys_ElecronSFDown
Merging MT_monoZ_cat4L_sys_ElecronSFDown
Merging measMET_monoZ_catNRB_sys_ElecronSFDown
Merging MT_monoZ_catNRB_sys_ElecronSFDown
Merging measMET_monoZ_catTOP_sys_ElecronSFDown
Merging MT_monoZ_catTOP_sys_ElecronSFDown
Merging measMET_monoZ_catDY_sys_ElecronSFDown
Merging MT_monoZ_catDY_sys_ElecronSFDown
Merging balance_monoZ_sys_ElecronSFDown
Merging phizmet_monoZ_sys_ElecronSFDown
Merging njet_monoZ_sys_ElecronSFDown
Merging measMET_monoZ_catSignal-0jet_sys_EWKUp
Merging MT_monoZ_catSignal-0jet_sys_EWKUp
Merging measMET_monoZ_catEM_sys_EWKUp
Merging MT_monoZ_catEM_sys_EWKUp
Merging measMET_monoZ_catSignal-1jet_sys_EWKUp
Merging MT_monoZ_catSignal-1jet_sys_EWKUp
Merging measMET_monoZ_cat3L_sys_EWKUp
Merging MT_monoZ_cat3L_sys_EWKUp
Merging measMET_monoZ_cat4L_sys_EWKUp
Merging MT_monoZ_cat4L_sys_EWKUp
Merging measMET_monoZ_catNRB_sys_EWKUp
Merging MT_monoZ_catNRB_sys_EWKUp
Merging measMET_monoZ_catTOP_sys_EWKUp
Merging MT_monoZ_catTOP_sys_EWKUp
Merging measMET_monoZ_catDY_sys_EWKUp
Merging MT_monoZ_catDY_sys_EWKUp
Merging balance_monoZ_sys_EWKUp
Merging phizmet_monoZ_sys_EWKUp
Merging njet_monoZ_sys_EWKUp
Merging measMET_monoZ_catSignal-0jet_sys_EWKDown
Merging MT_monoZ_catSignal-0jet_sys_EWKDown
Merging measMET_monoZ_catEM_sys_EWKDown
Merging MT_monoZ_catEM_sys_EWKDown
Merging measMET_monoZ_catSignal-1jet_sys_EWKDown
Merging MT_monoZ_catSignal-1jet_sys_EWKDown
Merging measMET_monoZ_cat3L_sys_EWKDown
Merging MT_monoZ_cat3L_sys_EWKDown
Merging measMET_monoZ_cat4L_sys_EWKDown
Merging MT_monoZ_cat4L_sys_EWKDown
Merging measMET_monoZ_catNRB_sys_EWKDown
Merging MT_monoZ_catNRB_sys_EWKDown
Merging measMET_monoZ_catTOP_sys_EWKDown
Merging MT_monoZ_catTOP_sys_EWKDown
Merging measMET_monoZ_catDY_sys_EWKDown
Merging MT_monoZ_catDY_sys_EWKDown
Merging balance_monoZ_sys_EWKDown
Merging phizmet_monoZ_sys_EWKDown
Merging njet_monoZ_sys_EWKDown
Merging measMET_monoZ_catSignal-0jet_sys_nvtxWeightUp
Merging MT_monoZ_catSignal-0jet_sys_nvtxWeightUp
Merging measMET_monoZ_catEM_sys_nvtxWeightUp
Merging MT_monoZ_catEM_sys_nvtxWeightUp
Merging measMET_monoZ_catSignal-1jet_sys_nvtxWeightUp
Merging MT_monoZ_catSignal-1jet_sys_nvtxWeightUp
Merging measMET_monoZ_cat3L_sys_nvtxWeightUp
Merging MT_monoZ_cat3L_sys_nvtxWeightUp
Merging measMET_monoZ_cat4L_sys_nvtxWeightUp
Merging MT_monoZ_cat4L_sys_nvtxWeightUp
Merging measMET_monoZ_catNRB_sys_nvtxWeightUp
Merging MT_monoZ_catNRB_sys_nvtxWeightUp
Merging measMET_monoZ_catTOP_sys_nvtxWeightUp
Merging MT_monoZ_catTOP_sys_nvtxWeightUp
Merging measMET_monoZ_catDY_sys_nvtxWeightUp
Merging MT_monoZ_catDY_sys_nvtxWeightUp
Merging balance_monoZ_sys_nvtxWeightUp
Merging phizmet_monoZ_sys_nvtxWeightUp
Merging njet_monoZ_sys_nvtxWeightUp
Merging measMET_monoZ_catSignal-0jet_sys_nvtxWeightDown
Merging MT_monoZ_catSignal-0jet_sys_nvtxWeightDown
Merging measMET_monoZ_catEM_sys_nvtxWeightDown
Merging MT_monoZ_catEM_sys_nvtxWeightDown
Merging measMET_monoZ_catSignal-1jet_sys_nvtxWeightDown
Merging MT_monoZ_catSignal-1jet_sys_nvtxWeightDown
Merging measMET_monoZ_cat3L_sys_nvtxWeightDown
Merging MT_monoZ_cat3L_sys_nvtxWeightDown
Merging measMET_monoZ_cat4L_sys_nvtxWeightDown
Merging MT_monoZ_cat4L_sys_nvtxWeightDown
Merging measMET_monoZ_catNRB_sys_nvtxWeightDown
Merging MT_monoZ_catNRB_sys_nvtxWeightDown
Merging measMET_monoZ_catTOP_sys_nvtxWeightDown
Merging MT_monoZ_catTOP_sys_nvtxWeightDown
Merging measMET_monoZ_catDY_sys_nvtxWeightDown
Merging MT_monoZ_catDY_sys_nvtxWeightDown
Merging balance_monoZ_sys_nvtxWeightDown
Merging phizmet_monoZ_sys_nvtxWeightDown
Merging njet_monoZ_sys_nvtxWeightDown
Merging measMET_monoZ_catSignal-0jet_sys_TriggerSFWeightUp
Merging MT_monoZ_catSignal-0jet_sys_TriggerSFWeightUp
Merging measMET_monoZ_catEM_sys_TriggerSFWeightUp
Merging MT_monoZ_catEM_sys_TriggerSFWeightUp
Merging measMET_monoZ_catSignal-1jet_sys_TriggerSFWeightUp
Merging MT_monoZ_catSignal-1jet_sys_TriggerSFWeightUp
Merging measMET_monoZ_cat3L_sys_TriggerSFWeightUp
Merging MT_monoZ_cat3L_sys_TriggerSFWeightUp
Merging measMET_monoZ_cat4L_sys_TriggerSFWeightUp
Merging MT_monoZ_cat4L_sys_TriggerSFWeightUp
Merging measMET_monoZ_catNRB_sys_TriggerSFWeightUp
Merging MT_monoZ_catNRB_sys_TriggerSFWeightUp
Merging measMET_monoZ_catTOP_sys_TriggerSFWeightUp
Merging MT_monoZ_catTOP_sys_TriggerSFWeightUp
Merging measMET_monoZ_catDY_sys_TriggerSFWeightUp
Merging MT_monoZ_catDY_sys_TriggerSFWeightUp
Merging balance_monoZ_sys_TriggerSFWeightUp
Merging phizmet_monoZ_sys_TriggerSFWeightUp
Merging njet_monoZ_sys_TriggerSFWeightUp
Merging measMET_monoZ_catSignal-0jet_sys_TriggerSFWeightDown
Merging MT_monoZ_catSignal-0jet_sys_TriggerSFWeightDown
Merging measMET_monoZ_catEM_sys_TriggerSFWeightDown
Merging MT_monoZ_catEM_sys_TriggerSFWeightDown
Merging measMET_monoZ_catSignal-1jet_sys_TriggerSFWeightDown
Merging MT_monoZ_catSignal-1jet_sys_TriggerSFWeightDown
Merging measMET_monoZ_cat3L_sys_TriggerSFWeightDown
Merging MT_monoZ_cat3L_sys_TriggerSFWeightDown
Merging measMET_monoZ_cat4L_sys_TriggerSFWeightDown
Merging MT_monoZ_cat4L_sys_TriggerSFWeightDown
Merging measMET_monoZ_catNRB_sys_TriggerSFWeightDown
Merging MT_monoZ_catNRB_sys_TriggerSFWeightDown
Merging measMET_monoZ_catTOP_sys_TriggerSFWeightDown
Merging MT_monoZ_catTOP_sys_TriggerSFWeightDown
Merging measMET_monoZ_catDY_sys_TriggerSFWeightDown
Merging MT_monoZ_catDY_sys_TriggerSFWeightDown
Merging balance_monoZ_sys_TriggerSFWeightDown
Merging phizmet_monoZ_sys_TriggerSFWeightDown
Merging njet_monoZ_sys_TriggerSFWeightDown
Merging measMET_monoZ_catSignal-0jet_sys_btagEventWeightUp
Merging MT_monoZ_catSignal-0jet_sys_btagEventWeightUp
Merging measMET_monoZ_catEM_sys_btagEventWeightUp
Merging MT_monoZ_catEM_sys_btagEventWeightUp
Merging measMET_monoZ_catSignal-1jet_sys_btagEventWeightUp
Merging MT_monoZ_catSignal-1jet_sys_btagEventWeightUp
Merging measMET_monoZ_cat3L_sys_btagEventWeightUp
Merging MT_monoZ_cat3L_sys_btagEventWeightUp
Merging measMET_monoZ_cat4L_sys_btagEventWeightUp
Merging MT_monoZ_cat4L_sys_btagEventWeightUp
Merging measMET_monoZ_catNRB_sys_btagEventWeightUp
Merging MT_monoZ_catNRB_sys_btagEventWeightUp
Merging measMET_monoZ_catTOP_sys_btagEventWeightUp
Merging MT_monoZ_catTOP_sys_btagEventWeightUp
Merging measMET_monoZ_catDY_sys_btagEventWeightUp
Merging MT_monoZ_catDY_sys_btagEventWeightUp
Merging balance_monoZ_sys_btagEventWeightUp
Merging phizmet_monoZ_sys_btagEventWeightUp
Merging njet_monoZ_sys_btagEventWeightUp
Merging measMET_monoZ_catSignal-0jet_sys_btagEventWeightDown
Merging MT_monoZ_catSignal-0jet_sys_btagEventWeightDown
Merging measMET_monoZ_catEM_sys_btagEventWeightDown
Merging MT_monoZ_catEM_sys_btagEventWeightDown
Merging measMET_monoZ_catSignal-1jet_sys_btagEventWeightDown
Merging MT_monoZ_catSignal-1jet_sys_btagEventWeightDown
Merging measMET_monoZ_cat3L_sys_btagEventWeightDown
Merging MT_monoZ_cat3L_sys_btagEventWeightDown
Merging measMET_monoZ_cat4L_sys_btagEventWeightDown
Merging MT_monoZ_cat4L_sys_btagEventWeightDown
Merging measMET_monoZ_catNRB_sys_btagEventWeightDown
Merging MT_monoZ_catNRB_sys_btagEventWeightDown
Merging measMET_monoZ_catTOP_sys_btagEventWeightDown
Merging MT_monoZ_catTOP_sys_btagEventWeightDown
Merging measMET_monoZ_catDY_sys_btagEventWeightDown
Merging MT_monoZ_catDY_sys_btagEventWeightDown
Merging balance_monoZ_sys_btagEventWeightDown
Merging phizmet_monoZ_sys_btagEventWeightDown
Merging njet_monoZ_sys_btagEventWeightDown
Merging measMET_monoZ_catSignal-0jet_sys_QCDScale0wUp
Merging MT_monoZ_catSignal-0jet_sys_QCDScale0wUp
Merging measMET_monoZ_catEM_sys_QCDScale0wUp
Merging MT_monoZ_catEM_sys_QCDScale0wUp
Merging measMET_monoZ_catSignal-1jet_sys_QCDScale0wUp
Merging MT_monoZ_catSignal-1jet_sys_QCDScale0wUp
Merging measMET_monoZ_cat3L_sys_QCDScale0wUp
Merging MT_monoZ_cat3L_sys_QCDScale0wUp
Merging measMET_monoZ_cat4L_sys_QCDScale0wUp
Merging MT_monoZ_cat4L_sys_QCDScale0wUp
Merging measMET_monoZ_catNRB_sys_QCDScale0wUp
Merging MT_monoZ_catNRB_sys_QCDScale0wUp
Merging measMET_monoZ_catTOP_sys_QCDScale0wUp
Merging MT_monoZ_catTOP_sys_QCDScale0wUp
Merging measMET_monoZ_catDY_sys_QCDScale0wUp
Merging MT_monoZ_catDY_sys_QCDScale0wUp
Merging balance_monoZ_sys_QCDScale0wUp
Merging phizmet_monoZ_sys_QCDScale0wUp
Merging njet_monoZ_sys_QCDScale0wUp
Merging measMET_monoZ_catSignal-0jet_sys_QCDScale0wDown
Merging MT_monoZ_catSignal-0jet_sys_QCDScale0wDown
Merging measMET_monoZ_catEM_sys_QCDScale0wDown
Merging MT_monoZ_catEM_sys_QCDScale0wDown
Merging measMET_monoZ_catSignal-1jet_sys_QCDScale0wDown
Merging MT_monoZ_catSignal-1jet_sys_QCDScale0wDown
Merging measMET_monoZ_cat3L_sys_QCDScale0wDown
Merging MT_monoZ_cat3L_sys_QCDScale0wDown
Merging measMET_monoZ_cat4L_sys_QCDScale0wDown
Merging MT_monoZ_cat4L_sys_QCDScale0wDown
Merging measMET_monoZ_catNRB_sys_QCDScale0wDown
Merging MT_monoZ_catNRB_sys_QCDScale0wDown
Merging measMET_monoZ_catTOP_sys_QCDScale0wDown
Merging MT_monoZ_catTOP_sys_QCDScale0wDown
Merging measMET_monoZ_catDY_sys_QCDScale0wDown
Merging MT_monoZ_catDY_sys_QCDScale0wDown
Merging balance_monoZ_sys_QCDScale0wDown
Merging phizmet_monoZ_sys_QCDScale0wDown
Merging njet_monoZ_sys_QCDScale0wDown
Merging measMET_monoZ_catSignal-0jet_sys_QCDScale1wUp
Merging MT_monoZ_catSignal-0jet_sys_QCDScale1wUp
Merging measMET_monoZ_catEM_sys_QCDScale1wUp
Merging MT_monoZ_catEM_sys_QCDScale1wUp
Merging measMET_monoZ_catSignal-1jet_sys_QCDScale1wUp
Merging MT_monoZ_catSignal-1jet_sys_QCDScale1wUp
Merging measMET_monoZ_cat3L_sys_QCDScale1wUp
Merging MT_monoZ_cat3L_sys_QCDScale1wUp
Merging measMET_monoZ_cat4L_sys_QCDScale1wUp
Merging MT_monoZ_cat4L_sys_QCDScale1wUp
Merging measMET_monoZ_catNRB_sys_QCDScale1wUp
Merging MT_monoZ_catNRB_sys_QCDScale1wUp
Merging measMET_monoZ_catTOP_sys_QCDScale1wUp
Merging MT_monoZ_catTOP_sys_QCDScale1wUp
Merging measMET_monoZ_catDY_sys_QCDScale1wUp
Merging MT_monoZ_catDY_sys_QCDScale1wUp
Merging balance_monoZ_sys_QCDScale1wUp
Merging phizmet_monoZ_sys_QCDScale1wUp
Merging njet_monoZ_sys_QCDScale1wUp
Merging measMET_monoZ_catSignal-0jet_sys_QCDScale1wDown
Merging MT_monoZ_catSignal-0jet_sys_QCDScale1wDown
Merging measMET_monoZ_catEM_sys_QCDScale1wDown
Merging MT_monoZ_catEM_sys_QCDScale1wDown
Merging measMET_monoZ_catSignal-1jet_sys_QCDScale1wDown
Merging MT_monoZ_catSignal-1jet_sys_QCDScale1wDown
Merging measMET_monoZ_cat3L_sys_QCDScale1wDown
Merging MT_monoZ_cat3L_sys_QCDScale1wDown
Merging measMET_monoZ_cat4L_sys_QCDScale1wDown
Merging MT_monoZ_cat4L_sys_QCDScale1wDown
Merging measMET_monoZ_catNRB_sys_QCDScale1wDown
Merging MT_monoZ_catNRB_sys_QCDScale1wDown
Merging measMET_monoZ_catTOP_sys_QCDScale1wDown
Merging MT_monoZ_catTOP_sys_QCDScale1wDown
Merging measMET_monoZ_catDY_sys_QCDScale1wDown
Merging MT_monoZ_catDY_sys_QCDScale1wDown
Merging balance_monoZ_sys_QCDScale1wDown
Merging phizmet_monoZ_sys_QCDScale1wDown
Merging njet_monoZ_sys_QCDScale1wDown
Merging measMET_monoZ_catSignal-0jet_sys_QCDScale2wUp
Merging MT_monoZ_catSignal-0jet_sys_QCDScale2wUp
Merging measMET_monoZ_catEM_sys_QCDScale2wUp
Merging MT_monoZ_catEM_sys_QCDScale2wUp
Merging measMET_monoZ_catSignal-1jet_sys_QCDScale2wUp
Merging MT_monoZ_catSignal-1jet_sys_QCDScale2wUp
Merging measMET_monoZ_cat3L_sys_QCDScale2wUp
Merging MT_monoZ_cat3L_sys_QCDScale2wUp
Merging measMET_monoZ_cat4L_sys_QCDScale2wUp
Merging MT_monoZ_cat4L_sys_QCDScale2wUp
Merging measMET_monoZ_catNRB_sys_QCDScale2wUp
Merging MT_monoZ_catNRB_sys_QCDScale2wUp
Merging measMET_monoZ_catTOP_sys_QCDScale2wUp
Merging MT_monoZ_catTOP_sys_QCDScale2wUp
Merging measMET_monoZ_catDY_sys_QCDScale2wUp
Merging MT_monoZ_catDY_sys_QCDScale2wUp
Merging balance_monoZ_sys_QCDScale2wUp
Merging phizmet_monoZ_sys_QCDScale2wUp
Merging njet_monoZ_sys_QCDScale2wUp
Merging measMET_monoZ_catSignal-0jet_sys_QCDScale2wDown
Merging MT_monoZ_catSignal-0jet_sys_QCDScale2wDown
Merging measMET_monoZ_catEM_sys_QCDScale2wDown
Merging MT_monoZ_catEM_sys_QCDScale2wDown
Merging measMET_monoZ_catSignal-1jet_sys_QCDScale2wDown
Merging MT_monoZ_catSignal-1jet_sys_QCDScale2wDown
Merging measMET_monoZ_cat3L_sys_QCDScale2wDown
Merging MT_monoZ_cat3L_sys_QCDScale2wDown
Merging measMET_monoZ_cat4L_sys_QCDScale2wDown
Merging MT_monoZ_cat4L_sys_QCDScale2wDown
Merging measMET_monoZ_catNRB_sys_QCDScale2wDown
Merging MT_monoZ_catNRB_sys_QCDScale2wDown
Merging measMET_monoZ_catTOP_sys_QCDScale2wDown
Merging MT_monoZ_catTOP_sys_QCDScale2wDown
Merging measMET_monoZ_catDY_sys_QCDScale2wDown
Merging MT_monoZ_catDY_sys_QCDScale2wDown
Merging balance_monoZ_sys_QCDScale2wDown
Merging phizmet_monoZ_sys_QCDScale2wDown
Merging njet_monoZ_sys_QCDScale2wDown
Merging Events
Merging Runs
Merging ParameterSets
Merging LuminosityBlocks
Merging MetaData
Merging measMET_DYJetsToLL_Pt-650ToInf_TuneCUETP8M1_13TeV-amcatnloFXFX-pythia8_cat4L_sys_puWeightDown
Merging MT_DYJetsToLL_Pt-650ToInf_TuneCUETP8M1_13TeV-amcatnloFXFX-pythia8_cat3L_sys_EWKDown
Merging measMET_DYJetsToLL_Pt-650ToInf_TuneCUETP8M1_13TeV-amcatnloFXFX-pythia8_catTOP_sys_MuonSFUp
Merging njet_DYJetsToLL_Pt-650ToInf_TuneCUETP8M1_13TeV-amcatnloFXFX-pythia8_sys_EWKDown
Merging measMET_DYJetsToLL_Pt-650ToInf_TuneCUETP8M1_13TeV-amcatnloFXFX-pythia8_cat4L_sys_EWKUp
Merging measMET_DYJetsToLL_Pt-650ToInf_TuneCUETP8M1_13TeV-amcatnloFXFX-pythia8_catDY_sys_TriggerSFWeightUp
Merging phizmet_DYJetsToLL_Pt-650ToInf_TuneCUETP8M1_13TeV-amcatnloFXFX-pythia8_sys_MuonEnUp
Merging measMET_DYJetsToLL_Pt-650ToInf_TuneCUETP8M1_13TeV-amcatnloFXFX-pythia8_cat3L_sys_ElectronEnDown
Merging MT_DYJetsToLL_Pt-650ToInf_TuneCUETP8M1_13TeV-amcatnloFXFX-pythia8_catNRB_sys_puWeightDown
Merging measMET_DYJetsToLL_Pt-650ToInf_TuneCUETP8M1_13TeV-amcatnloFXFX-pythia8_catNRB_sys_TriggerSFWeightUp
Merging phizmet_DYJetsToLL_Pt-650ToInf_TuneCUETP8M1_13TeV-amcatnloFXFX-pythia8_sys_jerDown
Merging balance_DYJetsToLL_Pt-650ToInf_TuneCUETP8M1_13TeV-amcatnloFXFX-pythia8_sys_btagEventWeightUp
Merging measMET_DYJetsToLL_Pt-650ToInf_TuneCUETP8M1_13TeV-amcatnloFXFX-pythia8_catSignal-0jet_sys_EWKUp
Merging MT_DYJetsToLL_Pt-650ToInf_TuneCUETP8M1_13TeV-amcatnloFXFX-pythia8_catEM_sys_btagEventWeightDown
Merging MT_DYJetsToLL_Pt-650ToInf_TuneCUETP8M1_13TeV-amcatnloFXFX-pythia8_catDY_sys_ElectronEnDown
Merging MT_DYJetsToLL_Pt-650ToInf_TuneCUETP8M1_13TeV-amcatnloFXFX-pythia8_catSignal-0jet_sys_MuonSFUp
Merging measMET_DYJetsToLL_Pt-650ToInf_TuneCUETP8M1_13TeV-amcatnloFXFX-pythia8_cat3L_sys_MuonSFUp
Merging MT_DYJetsToLL_Pt-650ToInf_TuneCUETP8M1_13TeV-amcatnloFXFX-pythia8_cat4L_sys_PrefireWeightUp
Merging measMET_DYJetsToLL_Pt-650ToInf_TuneCUETP8M1_13TeV-amcatnloFXFX-pythia8_catEM_sys_PrefireWeightUp
Merging MT_DYJetsToLL_Pt-650ToInf_TuneCUETP8M1_13TeV-amcatnloFXFX-pythia8_catNRB_sys_jerDown
Merging measMET_DYJetsToLL_Pt-650ToInf_TuneCUETP8M1_13TeV-amcatnloFXFX-pythia8_cat3L_sys_puWeightUp
Merging MT_DYJetsToLL_Pt-650ToInf_TuneCUETP8M1_13TeV-amcatnloFXFX-pythia8_catSignal-0jet_sys_puWeightUp
Merging measMET_DYJetsToLL_Pt-650ToInf_TuneCUETP8M1_13TeV-amcatnloFXFX-pythia8_cat4L_sys_TriggerSFWeightDown
Merging njet_DYJetsToLL_Pt-650ToInf_TuneCUETP8M1_13TeV-amcatnloFXFX-pythia8_sys_puWeightUp
Merging measMET_DYJetsToLL_Pt-650ToInf_TuneCUETP8M1_13TeV-amcatnloFXFX-pythia8_catTOP_sys_MuonEnDown
Merging MT_DYJetsToLL_Pt-650ToInf_TuneCUETP8M1_13TeV-amcatnloFXFX-pythia8_catTOP_sys_btagEventWeightDown
Merging MT_DYJetsToLL_Pt-650ToInf_TuneCUETP8M1_13TeV-amcatnloFXFX-pythia8_catNRB_sys_ElectronEnUp
Merging MT_DYJetsToLL_Pt-650ToInf_TuneCUETP8M1_13TeV-amcatnloFXFX-pythia8_catSignal-0jet_sys_TriggerSFWeightUp
Merging measMET_DYJetsToLL_Pt-650ToInf_TuneCUETP8M1_13TeV-amcatnloFXFX-pythia8_cat3L_sys_TriggerSFWeightUp
Merging MT_DYJetsToLL_Pt-650ToInf_TuneCUETP8M1_13TeV-amcatnloFXFX-pythia8_catNRB
Merging measMET_DYJetsToLL_Pt-650ToInf_TuneCUETP8M1_13TeV-amcatnloFXFX-pythia8_cat4L_sys_jesTotalUp
Merging phizmet_DYJetsToLL_Pt-650ToInf_TuneCUETP8M1_13TeV-amcatnloFXFX-pythia8_sys_PrefireWeightDown
Merging MT_DYJetsToLL_Pt-650ToInf_TuneCUETP8M1_13TeV-amcatnloFXFX-pythia8_catSignal-0jet_sys_ElecronSFDown
Merging measMET_DYJetsToLL_Pt-650ToInf_TuneCUETP8M1_13TeV-amcatnloFXFX-pythia8_catDY_sys_QCDScale2wUp
Merging measMET_DYJetsToLL_Pt-650ToInf_TuneCUETP8M1_13TeV-amcatnloFXFX-pythia8_catEM_sys_EWKUp
Merging phizmet_DYJetsToLL_Pt-650ToInf_TuneCUETP8M1_13TeV-amcatnloFXFX-pythia8_sys_QCDScale0wUp
Merging measMET_DYJetsToLL_Pt-650ToInf_TuneCUETP8M1_13TeV-amcatnloFXFX-pythia8_cat4L_sys_jerUp
Merging MT_DYJetsToLL_Pt-650ToInf_TuneCUETP8M1_13TeV-amcatnloFXFX-pythia8_catSignal-1jet_sys_PrefireWeightUp
Merging measMET_DYJetsToLL_Pt-650ToInf_TuneCUETP8M1_13TeV-amcatnloFXFX-pythia8_catDY_sys_MuonSFDown
Merging measMET_DYJetsToLL_Pt-650ToInf_TuneCUETP8M1_13TeV-amcatnloFXFX-pythia8_catTOP_sys_ElecronSFUp
Merging njet_DYJetsToLL_Pt-650ToInf_TuneCUETP8M1_13TeV-amcatnloFXFX-pythia8_sys_ElectronEnDown
Merging MT_DYJetsToLL_Pt-650ToInf_TuneCUETP8M1_13TeV-amcatnloFXFX-pythia8_catDY_sys_QCDScale2wUp
Merging njet_DYJetsToLL_Pt-650ToInf_TuneCUETP8M1_13TeV-amcatnloFXFX-pythia8_sys_puWeightDown
Merging phizmet_DYJetsToLL_Pt-650ToInf_TuneCUETP8M1_13TeV-amcatnloFXFX-pythia8_sys_ElecronSFUp
Merging measMET_DYJetsToLL_Pt-650ToInf_TuneCUETP8M1_13TeV-amcatnloFXFX-pythia8_catNRB_sys_btagEventWeightUp
Merging MT_DYJetsToLL_Pt-650ToInf_TuneCUETP8M1_13TeV-amcatnloFXFX-pythia8_catDY_sys_puWeightUp
Merging MT_DYJetsToLL_Pt-650ToInf_TuneCUETP8M1_13TeV-amcatnloFXFX-pythia8_catNRB_sys_nvtxWeightDown
Merging measMET_DYJetsToLL_Pt-650ToInf_TuneCUETP8M1_13TeV-amcatnloFXFX-pythia8_catSignal-1jet_sys_nvtxWeightUp
Merging measMET_DYJetsToLL_Pt-650ToInf_TuneCUETP8M1_13TeV-amcatnloFXFX-pythia8_catSignal-1jet
Merging MT_DYJetsToLL_Pt-650ToInf_TuneCUETP8M1_13TeV-amcatnloFXFX-pythia8_catNRB_sys_nvtxWeightUp
Merging MT_DYJetsToLL_Pt-650ToInf_TuneCUETP8M1_13TeV-amcatnloFXFX-pythia8_catDY
Merging MT_DYJetsToLL_Pt-650ToInf_TuneCUETP8M1_13TeV-amcatnloFXFX-pythia8_cat3L_sys_jesTotalUp
Merging MT_DYJetsToLL_Pt-650ToInf_TuneCUETP8M1_13TeV-amcatnloFXFX-pythia8_cat3L_sys_PrefireWeightUp
Merging MT_DYJetsToLL_Pt-650ToInf_TuneCUETP8M1_13TeV-amcatnloFXFX-pythia8_cat4L_sys_MuonEnUp
Merging measMET_DYJetsToLL_Pt-650ToInf_TuneCUETP8M1_13TeV-amcatnloFXFX-pythia8_catEM_sys_MuonSFUp
Merging MT_DYJetsToLL_Pt-650ToInf_TuneCUETP8M1_13TeV-amcatnloFXFX-pythia8_cat3L
Merging MT_DYJetsToLL_Pt-650ToInf_TuneCUETP8M1_13TeV-amcatnloFXFX-pythia8_cat4L_sys_MuonSFDown
Merging MT_DYJetsToLL_Pt-650ToInf_TuneCUETP8M1_13TeV-amcatnloFXFX-pythia8_catEM_sys_puWeightUp
Merging measMET_DYJetsToLL_Pt-650ToInf_TuneCUETP8M1_13TeV-amcatnloFXFX-pythia8_catTOP_sys_QCDScale2wUp
Merging MT_DYJetsToLL_Pt-650ToInf_TuneCUETP8M1_13TeV-amcatnloFXFX-pythia8_catDY_sys_QCDScale1wDown
Merging MT_DYJetsToLL_Pt-650ToInf_TuneCUETP8M1_13TeV-amcatnloFXFX-pythia8_catNRB_sys_QCDScale2wDown
Merging measMET_DYJetsToLL_Pt-650ToInf_TuneCUETP8M1_13TeV-amcatnloFXFX-pythia8_catSignal-1jet_sys_PrefireWeightDown
Merging MT_DYJetsToLL_Pt-650ToInf_TuneCUETP8M1_13TeV-amcatnloFXFX-pythia8_catEM_sys_MuonEnUp
Merging MT_DYJetsToLL_Pt-650ToInf_TuneCUETP8M1_13TeV-amcatnloFXFX-pythia8_catDY_sys_MuonSFUp
Merging measMET_DYJetsToLL_Pt-650ToInf_TuneCUETP8M1_13TeV-amcatnloFXFX-pythia8_catSignal-1jet_sys_EWKUp
Merging MT_DYJetsToLL_Pt-650ToInf_TuneCUETP8M1_13TeV-amcatnloFXFX-pythia8_catEM_sys_TriggerSFWeightUp
Merging measMET_DYJetsToLL_Pt-650ToInf_TuneCUETP8M1_13TeV-amcatnloFXFX-pythia8_cat4L
Merging MT_DYJetsToLL_Pt-650ToInf_TuneCUETP8M1_13TeV-amcatnloFXFX-pythia8_cat4L_sys_EWKUp
Merging phizmet_DYJetsToLL_Pt-650ToInf_TuneCUETP8M1_13TeV-amcatnloFXFX-pythia8_sys_MuonEnDown
Merging MT_DYJetsToLL_Pt-650ToInf_TuneCUETP8M1_13TeV-amcatnloFXFX-pythia8_catEM_sys_nvtxWeightUp
Merging MT_DYJetsToLL_Pt-650ToInf_TuneCUETP8M1_13TeV-amcatnloFXFX-pythia8_catEM_sys_ElectronEnDown
Merging MT_DYJetsToLL_Pt-650ToInf_TuneCUETP8M1_13TeV-amcatnloFXFX-pythia8_catSignal-1jet_sys_jerDown
Merging MT_DYJetsToLL_Pt-650ToInf_TuneCUETP8M1_13TeV-amcatnloFXFX-pythia8_cat4L_sys_QCDScale1wUp
Merging measMET_DYJetsToLL_Pt-650ToInf_TuneCUETP8M1_13TeV-amcatnloFXFX-pythia8_catDY_sys_btagEventWeightUp
Merging balance_DYJetsToLL_Pt-650ToInf_TuneCUETP8M1_13TeV-amcatnloFXFX-pythia8_sys_puWeightUp
Merging measMET_DYJetsToLL_Pt-650ToInf_TuneCUETP8M1_13TeV-amcatnloFXFX-pythia8_catDY_sys_ElectronEnUp
Merging measMET_DYJetsToLL_Pt-650ToInf_TuneCUETP8M1_13TeV-amcatnloFXFX-pythia8_catTOP_sys_ElecronSFDown
Merging balance_DYJetsToLL_Pt-650ToInf_TuneCUETP8M1_13TeV-amcatnloFXFX-pythia8_sys_ElectronEnUp
Merging MT_DYJetsToLL_Pt-650ToInf_TuneCUETP8M1_13TeV-amcatnloFXFX-pythia8_catSignal-0jet_sys_ElectronEnDown
Merging MT_DYJetsToLL_Pt-650ToInf_TuneCUETP8M1_13TeV-amcatnloFXFX-pythia8_catNRB_sys_jesTotalDown
Merging measMET_DYJetsToLL_Pt-650ToInf_TuneCUETP8M1_13TeV-amcatnloFXFX-pythia8_catNRB_sys_jesTotalUp
Merging measMET_DYJetsToLL_Pt-650ToInf_TuneCUETP8M1_13TeV-amcatnloFXFX-pythia8_catTOP_sys_jerUp
Merging measMET_DYJetsToLL_Pt-650ToInf_TuneCUETP8M1_13TeV-amcatnloFXFX-pythia8_catDY_sys_MuonEnDown
Merging measMET_DYJetsToLL_Pt-650ToInf_TuneCUETP8M1_13TeV-amcatnloFXFX-pythia8_cat4L_sys_ElectronEnDown
Merging MT_DYJetsToLL_Pt-650ToInf_TuneCUETP8M1_13TeV-amcatnloFXFX-pythia8_catNRB_sys_PDFDown
Merging MT_DYJetsToLL_Pt-650ToInf_TuneCUETP8M1_13TeV-amcatnloFXFX-pythia8_cat3L_sys_ElectronEnUp
Merging measMET_DYJetsToLL_Pt-650ToInf_TuneCUETP8M1_13TeV-amcatnloFXFX-pythia8_catDY_sys_TriggerSFWeightDown
Merging MT_DYJetsToLL_Pt-650ToInf_TuneCUETP8M1_13TeV-amcatnloFXFX-pythia8_catEM_sys_ElectronEnUp
Merging MT_DYJetsToLL_Pt-650ToInf_TuneCUETP8M1_13TeV-amcatnloFXFX-pythia8_catNRB_sys_TriggerSFWeightUp
Merging balance_DYJetsToLL_Pt-650ToInf_TuneCUETP8M1_13TeV-amcatnloFXFX-pythia8_sys_QCDScale0wUp
Merging balance_DYJetsToLL_Pt-650ToInf_TuneCUETP8M1_13TeV-amcatnloFXFX-pythia8_sys_QCDScale1wDown
Merging phizmet_DYJetsToLL_Pt-650ToInf_TuneCUETP8M1_13TeV-amcatnloFXFX-pythia8_sys_nvtxWeightDown
Merging MT_DYJetsToLL_Pt-650ToInf_TuneCUETP8M1_13TeV-amcatnloFXFX-pythia8_cat3L_sys_jesTotalDown
Merging measMET_DYJetsToLL_Pt-650ToInf_TuneCUETP8M1_13TeV-amcatnloFXFX-pythia8_catTOP_sys_PDFDown
Merging balance_DYJetsToLL_Pt-650ToInf_TuneCUETP8M1_13TeV-amcatnloFXFX-pythia8
Merging MT_DYJetsToLL_Pt-650ToInf_TuneCUETP8M1_13TeV-amcatnloFXFX-pythia8_cat3L_sys_MuonSFUp
Merging MT_DYJetsToLL_Pt-650ToInf_TuneCUETP8M1_13TeV-amcatnloFXFX-pythia8_catDY_sys_jesTotalUp
Merging measMET_DYJetsToLL_Pt-650ToInf_TuneCUETP8M1_13TeV-amcatnloFXFX-pythia8_catDY_sys_PDFUp
Merging measMET_DYJetsToLL_Pt-650ToInf_TuneCUETP8M1_13TeV-amcatnloFXFX-pythia8_catDY_sys_QCDScale1wUp
Merging measMET_DYJetsToLL_Pt-650ToInf_TuneCUETP8M1_13TeV-amcatnloFXFX-pythia8_catSignal-0jet_sys_nvtxWeightDown
Merging measMET_DYJetsToLL_Pt-650ToInf_TuneCUETP8M1_13TeV-amcatnloFXFX-pythia8_cat3L_sys_PrefireWeightUp
Merging balance_DYJetsToLL_Pt-650ToInf_TuneCUETP8M1_13TeV-amcatnloFXFX-pythia8_sys_PDFDown
Merging measMET_DYJetsToLL_Pt-650ToInf_TuneCUETP8M1_13TeV-amcatnloFXFX-pythia8_catSignal-0jet_sys_QCDScale0wDown
Merging MT_DYJetsToLL_Pt-650ToInf_TuneCUETP8M1_13TeV-amcatnloFXFX-pythia8_catSignal-0jet_sys_btagEventWeightUp
Merging phizmet_DYJetsToLL_Pt-650ToInf_TuneCUETP8M1_13TeV-amcatnloFXFX-pythia8_sys_jesTotalDown
Merging balance_DYJetsToLL_Pt-650ToInf_TuneCUETP8M1_13TeV-amcatnloFXFX-pythia8_sys_MuonSFDown
Merging balance_DYJetsToLL_Pt-650ToInf_TuneCUETP8M1_13TeV-amcatnloFXFX-pythia8_sys_puWeightDown
Merging balance_DYJetsToLL_Pt-650ToInf_TuneCUETP8M1_13TeV-amcatnloFXFX-pythia8_sys_nvtxWeightUp
Merging MT_DYJetsToLL_Pt-650ToInf_TuneCUETP8M1_13TeV-amcatnloFXFX-pythia8_cat3L_sys_TriggerSFWeightUp
Merging measMET_DYJetsToLL_Pt-650ToInf_TuneCUETP8M1_13TeV-amcatnloFXFX-pythia8_catEM_sys_PDFUp
Merging MT_DYJetsToLL_Pt-650ToInf_TuneCUETP8M1_13TeV-amcatnloFXFX-pythia8_catDY_sys_ElecronSFUp
Merging phizmet_DYJetsToLL_Pt-650ToInf_TuneCUETP8M1_13TeV-amcatnloFXFX-pythia8_sys_QCDScale1wDown
Merging measMET_DYJetsToLL_Pt-650ToInf_TuneCUETP8M1_13TeV-amcatnloFXFX-pythia8_catSignal-0jet_sys_puWeightDown
Merging measMET_DYJetsToLL_Pt-650ToInf_TuneCUETP8M1_13TeV-amcatnloFXFX-pythia8_catEM_sys_PrefireWeightDown
Merging autoPU
Merging MT_DYJetsToLL_Pt-650ToInf_TuneCUETP8M1_13TeV-amcatnloFXFX-pythia8_catNRB_sys_ElecronSFUp
Merging measMET_DYJetsToLL_Pt-650ToInf_TuneCUETP8M1_13TeV-amcatnloFXFX-pythia8_catSignal-0jet_sys_TriggerSFWeightUp
Merging measMET_DYJetsToLL_Pt-650ToInf_TuneCUETP8M1_13TeV-amcatnloFXFX-pythia8_cat4L_sys_PrefireWeightUp
Merging measMET_DYJetsToLL_Pt-650ToInf_TuneCUETP8M1_13TeV-amcatnloFXFX-pythia8_cat4L_sys_QCDScale2wDown
Merging phizmet_DYJetsToLL_Pt-650ToInf_TuneCUETP8M1_13TeV-amcatnloFXFX-pythia8_sys_jesTotalUp
Merging MT_DYJetsToLL_Pt-650ToInf_TuneCUETP8M1_13TeV-amcatnloFXFX-pythia8_catSignal-0jet_sys_PrefireWeightUp
Merging measMET_DYJetsToLL_Pt-650ToInf_TuneCUETP8M1_13TeV-amcatnloFXFX-pythia8_cat3L_sys_btagEventWeightUp
Merging balance_DYJetsToLL_Pt-650ToInf_TuneCUETP8M1_13TeV-amcatnloFXFX-pythia8_sys_ElectronEnDown
Merging balance_DYJetsToLL_Pt-650ToInf_TuneCUETP8M1_13TeV-amcatnloFXFX-pythia8_sys_ElecronSFDown
Merging MT_DYJetsToLL_Pt-650ToInf_TuneCUETP8M1_13TeV-amcatnloFXFX-pythia8_catSignal-1jet_sys_btagEventWeightDown
Merging measMET_DYJetsToLL_Pt-650ToInf_TuneCUETP8M1_13TeV-amcatnloFXFX-pythia8_catSignal-1jet_sys_MuonSFDown
Merging measMET_DYJetsToLL_Pt-650ToInf_TuneCUETP8M1_13TeV-amcatnloFXFX-pythia8_catSignal-1jet_sys_QCDScale0wUp
Merging MT_DYJetsToLL_Pt-650ToInf_TuneCUETP8M1_13TeV-amcatnloFXFX-pythia8_catSignal-1jet_sys_MuonEnUp
Merging MT_DYJetsToLL_Pt-650ToInf_TuneCUETP8M1_13TeV-amcatnloFXFX-pythia8_catSignal-1jet_sys_TriggerSFWeightDown
Merging measMET_DYJetsToLL_Pt-650ToInf_TuneCUETP8M1_13TeV-amcatnloFXFX-pythia8_catDY_sys_PrefireWeightUp
Merging measMET_DYJetsToLL_Pt-650ToInf_TuneCUETP8M1_13TeV-amcatnloFXFX-pythia8_catNRB_sys_PrefireWeightDown
Merging measMET_DYJetsToLL_Pt-650ToInf_TuneCUETP8M1_13TeV-amcatnloFXFX-pythia8_catSignal-0jet_sys_PDFDown
Merging measMET_DYJetsToLL_Pt-650ToInf_TuneCUETP8M1_13TeV-amcatnloFXFX-pythia8_catSignal-0jet_sys_QCDScale1wUp
Merging MT_DYJetsToLL_Pt-650ToInf_TuneCUETP8M1_13TeV-amcatnloFXFX-pythia8_catSignal-0jet_sys_jerUp
Merging MT_DYJetsToLL_Pt-650ToInf_TuneCUETP8M1_13TeV-amcatnloFXFX-pythia8_catDY_sys_ElecronSFDown
Merging measMET_DYJetsToLL_Pt-650ToInf_TuneCUETP8M1_13TeV-amcatnloFXFX-pythia8_catNRB_sys_MuonEnDown
Merging njet_DYJetsToLL_Pt-650ToInf_TuneCUETP8M1_13TeV-amcatnloFXFX-pythia8_sys_btagEventWeightUp
Merging MT_DYJetsToLL_Pt-650ToInf_TuneCUETP8M1_13TeV-amcatnloFXFX-pythia8_catSignal-1jet_sys_btagEventWeightUp
Merging measMET_DYJetsToLL_Pt-650ToInf_TuneCUETP8M1_13TeV-amcatnloFXFX-pythia8_cat3L_sys_jerUp
Merging njet_DYJetsToLL_Pt-650ToInf_TuneCUETP8M1_13TeV-amcatnloFXFX-pythia8_sys_PDFUp
Merging measMET_DYJetsToLL_Pt-650ToInf_TuneCUETP8M1_13TeV-amcatnloFXFX-pythia8_catDY_sys_PDFDown
Merging measMET_DYJetsToLL_Pt-650ToInf_TuneCUETP8M1_13TeV-amcatnloFXFX-pythia8_catDY_sys_nvtxWeightDown
Merging MT_DYJetsToLL_Pt-650ToInf_TuneCUETP8M1_13TeV-amcatnloFXFX-pythia8_cat4L_sys_nvtxWeightDown
Merging measMET_DYJetsToLL_Pt-650ToInf_TuneCUETP8M1_13TeV-amcatnloFXFX-pythia8_catDY_sys_ElecronSFUp
Merging measMET_DYJetsToLL_Pt-650ToInf_TuneCUETP8M1_13TeV-amcatnloFXFX-pythia8_catEM_sys_QCDScale1wUp
Merging measMET_DYJetsToLL_Pt-650ToInf_TuneCUETP8M1_13TeV-amcatnloFXFX-pythia8_cat4L_sys_MuonSFDown
Merging measMET_DYJetsToLL_Pt-650ToInf_TuneCUETP8M1_13TeV-amcatnloFXFX-pythia8_catDY_sys_jesTotalDown
Merging MT_DYJetsToLL_Pt-650ToInf_TuneCUETP8M1_13TeV-amcatnloFXFX-pythia8_cat3L_sys_ElecronSFDown
Merging njet_DYJetsToLL_Pt-650ToInf_TuneCUETP8M1_13TeV-amcatnloFXFX-pythia8_sys_PrefireWeightDown
Merging MT_DYJetsToLL_Pt-650ToInf_TuneCUETP8M1_13TeV-amcatnloFXFX-pythia8_catDY_sys_nvtxWeightUp
Merging MT_DYJetsToLL_Pt-650ToInf_TuneCUETP8M1_13TeV-amcatnloFXFX-pythia8_catDY_sys_ElectronEnUp
Merging MT_DYJetsToLL_Pt-650ToInf_TuneCUETP8M1_13TeV-amcatnloFXFX-pythia8_cat3L_sys_EWKUp
Merging measMET_DYJetsToLL_Pt-650ToInf_TuneCUETP8M1_13TeV-amcatnloFXFX-pythia8_catSignal-1jet_sys_jesTotalUp
Merging measMET_DYJetsToLL_Pt-650ToInf_TuneCUETP8M1_13TeV-amcatnloFXFX-pythia8_cat4L_sys_PrefireWeightDown
Merging measMET_DYJetsToLL_Pt-650ToInf_TuneCUETP8M1_13TeV-amcatnloFXFX-pythia8_catNRB_sys_ElectronEnUp
Merging MT_DYJetsToLL_Pt-650ToInf_TuneCUETP8M1_13TeV-amcatnloFXFX-pythia8_cat4L_sys_MuonSFUp
Merging MT_DYJetsToLL_Pt-650ToInf_TuneCUETP8M1_13TeV-amcatnloFXFX-pythia8_cat3L_sys_QCDScale0wDown
Merging balance_DYJetsToLL_Pt-650ToInf_TuneCUETP8M1_13TeV-amcatnloFXFX-pythia8_sys_jerDown
Merging MT_DYJetsToLL_Pt-650ToInf_TuneCUETP8M1_13TeV-amcatnloFXFX-pythia8_catSignal-0jet_sys_TriggerSFWeightDown
Merging measMET_DYJetsToLL_Pt-650ToInf_TuneCUETP8M1_13TeV-amcatnloFXFX-pythia8_catTOP_sys_puWeightUp
Merging measMET_DYJetsToLL_Pt-650ToInf_TuneCUETP8M1_13TeV-amcatnloFXFX-pythia8_cat3L_sys_TriggerSFWeightDown
Merging njet_DYJetsToLL_Pt-650ToInf_TuneCUETP8M1_13TeV-amcatnloFXFX-pythia8_sys_PrefireWeightUp
Merging MT_DYJetsToLL_Pt-650ToInf_TuneCUETP8M1_13TeV-amcatnloFXFX-pythia8_catTOP_sys_jesTotalUp
Merging MT_DYJetsToLL_Pt-650ToInf_TuneCUETP8M1_13TeV-amcatnloFXFX-pythia8_cat4L_sys_QCDScale2wDown
Merging measMET_DYJetsToLL_Pt-650ToInf_TuneCUETP8M1_13TeV-amcatnloFXFX-pythia8_catEM_sys_ElecronSFDown
Merging njet_DYJetsToLL_Pt-650ToInf_TuneCUETP8M1_13TeV-amcatnloFXFX-pythia8_sys_jerDown
Merging measMET_DYJetsToLL_Pt-650ToInf_TuneCUETP8M1_13TeV-amcatnloFXFX-pythia8_catSignal-0jet_sys_MuonEnUp
Merging phizmet_DYJetsToLL_Pt-650ToInf_TuneCUETP8M1_13TeV-amcatnloFXFX-pythia8_sys_btagEventWeightDown
Merging MT_DYJetsToLL_Pt-650ToInf_TuneCUETP8M1_13TeV-amcatnloFXFX-pythia8_catSignal-1jet_sys_puWeightDown
Merging phizmet_DYJetsToLL_Pt-650ToInf_TuneCUETP8M1_13TeV-amcatnloFXFX-pythia8_sys_QCDScale2wUp
Merging MT_DYJetsToLL_Pt-650ToInf_TuneCUETP8M1_13TeV-amcatnloFXFX-pythia8_catSignal-1jet_sys_MuonEnDown
Merging MT_DYJetsToLL_Pt-650ToInf_TuneCUETP8M1_13TeV-amcatnloFXFX-pythia8_catTOP_sys_EWKUp
Merging njet_DYJetsToLL_Pt-650ToInf_TuneCUETP8M1_13TeV-amcatnloFXFX-pythia8_sys_EWKUp
Merging MT_DYJetsToLL_Pt-650ToInf_TuneCUETP8M1_13TeV-amcatnloFXFX-pythia8_catTOP_sys_QCDScale2wUp
Merging MT_DYJetsToLL_Pt-650ToInf_TuneCUETP8M1_13TeV-amcatnloFXFX-pythia8_cat4L_sys_QCDScale0wDown
Merging measMET_DYJetsToLL_Pt-650ToInf_TuneCUETP8M1_13TeV-amcatnloFXFX-pythia8_catEM_sys_QCDScale1wDown
Merging measMET_DYJetsToLL_Pt-650ToInf_TuneCUETP8M1_13TeV-amcatnloFXFX-pythia8_catSignal-0jet_sys_QCDScale2wUp
Merging MT_DYJetsToLL_Pt-650ToInf_TuneCUETP8M1_13TeV-amcatnloFXFX-pythia8_catEM_sys_puWeightDown
Merging measMET_DYJetsToLL_Pt-650ToInf_TuneCUETP8M1_13TeV-amcatnloFXFX-pythia8_catSignal-1jet_sys_TriggerSFWeightUp
Merging njet_DYJetsToLL_Pt-650ToInf_TuneCUETP8M1_13TeV-amcatnloFXFX-pythia8_sys_PDFDown
Merging measMET_DYJetsToLL_Pt-650ToInf_TuneCUETP8M1_13TeV-amcatnloFXFX-pythia8_cat4L_sys_puWeightUp
Merging phizmet_DYJetsToLL_Pt-650ToInf_TuneCUETP8M1_13TeV-amcatnloFXFX-pythia8_sys_QCDScale0wDown
Merging measMET_DYJetsToLL_Pt-650ToInf_TuneCUETP8M1_13TeV-amcatnloFXFX-pythia8_catSignal-0jet_sys_ElecronSFDown
Merging MT_DYJetsToLL_Pt-650ToInf_TuneCUETP8M1_13TeV-amcatnloFXFX-pythia8_catSignal-1jet_sys_QCDScale1wDown
Merging njet_DYJetsToLL_Pt-650ToInf_TuneCUETP8M1_13TeV-amcatnloFXFX-pythia8_sys_jesTotalDown
Merging measMET_DYJetsToLL_Pt-650ToInf_TuneCUETP8M1_13TeV-amcatnloFXFX-pythia8_catSignal-0jet_sys_PrefireWeightDown
Merging MT_DYJetsToLL_Pt-650ToInf_TuneCUETP8M1_13TeV-amcatnloFXFX-pythia8_catSignal-1jet_sys_EWKUp
Merging MT_DYJetsToLL_Pt-650ToInf_TuneCUETP8M1_13TeV-amcatnloFXFX-pythia8_catEM_sys_QCDScale1wUp
Merging measMET_DYJetsToLL_Pt-650ToInf_TuneCUETP8M1_13TeV-amcatnloFXFX-pythia8_cat3L_sys_MuonSFDown
Merging MT_DYJetsToLL_Pt-650ToInf_TuneCUETP8M1_13TeV-amcatnloFXFX-pythia8_cat4L_sys_jesTotalUp
Merging MT_DYJetsToLL_Pt-650ToInf_TuneCUETP8M1_13TeV-amcatnloFXFX-pythia8_catNRB_sys_btagEventWeightDown
Merging MT_DYJetsToLL_Pt-650ToInf_TuneCUETP8M1_13TeV-amcatnloFXFX-pythia8_catSignal-0jet_sys_PDFUp
Merging MT_DYJetsToLL_Pt-650ToInf_TuneCUETP8M1_13TeV-amcatnloFXFX-pythia8_catSignal-1jet_sys_EWKDown
Merging measMET_DYJetsToLL_Pt-650ToInf_TuneCUETP8M1_13TeV-amcatnloFXFX-pythia8_cat3L_sys_PDFUp
Merging MT_DYJetsToLL_Pt-650ToInf_TuneCUETP8M1_13TeV-amcatnloFXFX-pythia8_catEM_sys_btagEventWeightUp
Merging MT_DYJetsToLL_Pt-650ToInf_TuneCUETP8M1_13TeV-amcatnloFXFX-pythia8_catEM_sys_QCDScale2wUp
Merging measMET_DYJetsToLL_Pt-650ToInf_TuneCUETP8M1_13TeV-amcatnloFXFX-pythia8_catNRB
Merging MT_DYJetsToLL_Pt-650ToInf_TuneCUETP8M1_13TeV-amcatnloFXFX-pythia8_catSignal-1jet_sys_nvtxWeightUp
Merging measMET_DYJetsToLL_Pt-650ToInf_TuneCUETP8M1_13TeV-amcatnloFXFX-pythia8_catNRB_sys_ElecronSFDown
Merging measMET_DYJetsToLL_Pt-650ToInf_TuneCUETP8M1_13TeV-amcatnloFXFX-pythia8_catNRB_sys_QCDScale0wUp
Merging measMET_DYJetsToLL_Pt-650ToInf_TuneCUETP8M1_13TeV-amcatnloFXFX-pythia8_catSignal-1jet_sys_QCDScale0wDown
Merging MT_DYJetsToLL_Pt-650ToInf_TuneCUETP8M1_13TeV-amcatnloFXFX-pythia8_catEM_sys_MuonEnDown
Merging balance_DYJetsToLL_Pt-650ToInf_TuneCUETP8M1_13TeV-amcatnloFXFX-pythia8_sys_btagEventWeightDown
Merging measMET_DYJetsToLL_Pt-650ToInf_TuneCUETP8M1_13TeV-amcatnloFXFX-pythia8_catDY_sys_btagEventWeightDown
Merging MT_DYJetsToLL_Pt-650ToInf_TuneCUETP8M1_13TeV-amcatnloFXFX-pythia8_cat4L_sys_btagEventWeightUp
Merging measMET_DYJetsToLL_Pt-650ToInf_TuneCUETP8M1_13TeV-amcatnloFXFX-pythia8_catTOP_sys_PDFUp
Merging MT_DYJetsToLL_Pt-650ToInf_TuneCUETP8M1_13TeV-amcatnloFXFX-pythia8_catSignal-1jet_sys_ElectronEnUp
Merging MT_DYJetsToLL_Pt-650ToInf_TuneCUETP8M1_13TeV-amcatnloFXFX-pythia8_cat4L_sys_jesTotalDown
Merging measMET_DYJetsToLL_Pt-650ToInf_TuneCUETP8M1_13TeV-amcatnloFXFX-pythia8_catTOP_sys_TriggerSFWeightDown
Merging MT_DYJetsToLL_Pt-650ToInf_TuneCUETP8M1_13TeV-amcatnloFXFX-pythia8_catTOP_sys_QCDScale0wUp
Merging MT_DYJetsToLL_Pt-650ToInf_TuneCUETP8M1_13TeV-amcatnloFXFX-pythia8_catDY_sys_jesTotalDown
Merging njet_DYJetsToLL_Pt-650ToInf_TuneCUETP8M1_13TeV-amcatnloFXFX-pythia8_sys_jerUp
Merging njet_DYJetsToLL_Pt-650ToInf_TuneCUETP8M1_13TeV-amcatnloFXFX-pythia8_sys_TriggerSFWeightDown
Merging MT_DYJetsToLL_Pt-650ToInf_TuneCUETP8M1_13TeV-amcatnloFXFX-pythia8_catTOP_sys_QCDScale1wUp
Merging MT_DYJetsToLL_Pt-650ToInf_TuneCUETP8M1_13TeV-amcatnloFXFX-pythia8_catEM_sys_PDFUp
Merging MT_DYJetsToLL_Pt-650ToInf_TuneCUETP8M1_13TeV-amcatnloFXFX-pythia8_catSignal-0jet_sys_QCDScale1wDown
Merging MT_DYJetsToLL_Pt-650ToInf_TuneCUETP8M1_13TeV-amcatnloFXFX-pythia8_catEM
Merging measMET_DYJetsToLL_Pt-650ToInf_TuneCUETP8M1_13TeV-amcatnloFXFX-pythia8_cat4L_sys_jesTotalDown
Merging MT_DYJetsToLL_Pt-650ToInf_TuneCUETP8M1_13TeV-amcatnloFXFX-pythia8_cat3L_sys_QCDScale1wUp
Merging measMET_DYJetsToLL_Pt-650ToInf_TuneCUETP8M1_13TeV-amcatnloFXFX-pythia8_catSignal-1jet_sys_PDFUp
Merging phizmet_DYJetsToLL_Pt-650ToInf_TuneCUETP8M1_13TeV-amcatnloFXFX-pythia8_sys_PrefireWeightUp
Merging MT_DYJetsToLL_Pt-650ToInf_TuneCUETP8M1_13TeV-amcatnloFXFX-pythia8_cat4L_sys_QCDScale0wUp
Merging measMET_DYJetsToLL_Pt-650ToInf_TuneCUETP8M1_13TeV-amcatnloFXFX-pythia8_catEM_sys_EWKDown
Merging balance_DYJetsToLL_Pt-650ToInf_TuneCUETP8M1_13TeV-amcatnloFXFX-pythia8_sys_jesTotalDown
Merging measMET_DYJetsToLL_Pt-650ToInf_TuneCUETP8M1_13TeV-amcatnloFXFX-pythia8_cat3L_sys_QCDScale1wDown
Merging njet_DYJetsToLL_Pt-650ToInf_TuneCUETP8M1_13TeV-amcatnloFXFX-pythia8_sys_nvtxWeightDown
Merging measMET_DYJetsToLL_Pt-650ToInf_TuneCUETP8M1_13TeV-amcatnloFXFX-pythia8_catDY_sys_MuonEnUp
Merging measMET_DYJetsToLL_Pt-650ToInf_TuneCUETP8M1_13TeV-amcatnloFXFX-pythia8_catSignal-1jet_sys_nvtxWeightDown
Merging MT_DYJetsToLL_Pt-650ToInf_TuneCUETP8M1_13TeV-amcatnloFXFX-pythia8_cat3L_sys_QCDScale1wDown
Merging MT_DYJetsToLL_Pt-650ToInf_TuneCUETP8M1_13TeV-amcatnloFXFX-pythia8_catTOP_sys_ElectronEnUp
Merging measMET_DYJetsToLL_Pt-650ToInf_TuneCUETP8M1_13TeV-amcatnloFXFX-pythia8_catEM_sys_PDFDown
Merging phizmet_DYJetsToLL_Pt-650ToInf_TuneCUETP8M1_13TeV-amcatnloFXFX-pythia8_sys_EWKUp
Merging balance_DYJetsToLL_Pt-650ToInf_TuneCUETP8M1_13TeV-amcatnloFXFX-pythia8_sys_ElecronSFUp
Merging measMET_DYJetsToLL_Pt-650ToInf_TuneCUETP8M1_13TeV-amcatnloFXFX-pythia8_catNRB_sys_jerDown
Merging MT_DYJetsToLL_Pt-650ToInf_TuneCUETP8M1_13TeV-amcatnloFXFX-pythia8_catSignal-0jet_sys_ElecronSFUp
Merging MT_DYJetsToLL_Pt-650ToInf_TuneCUETP8M1_13TeV-amcatnloFXFX-pythia8_catDY_sys_QCDScale0wDown
Merging measMET_DYJetsToLL_Pt-650ToInf_TuneCUETP8M1_13TeV-amcatnloFXFX-pythia8_catEM
Merging measMET_DYJetsToLL_Pt-650ToInf_TuneCUETP8M1_13TeV-amcatnloFXFX-pythia8_catSignal-0jet_sys_MuonEnDown
Merging MT_DYJetsToLL_Pt-650ToInf_TuneCUETP8M1_13TeV-amcatnloFXFX-pythia8_catNRB_sys_QCDScale0wDown
Merging MT_DYJetsToLL_Pt-650ToInf_TuneCUETP8M1_13TeV-amcatnloFXFX-pythia8_catNRB_sys_QCDScale1wUp
Merging MT_DYJetsToLL_Pt-650ToInf_TuneCUETP8M1_13TeV-amcatnloFXFX-pythia8_catSignal-1jet_sys_QCDScale2wUp
Merging measMET_DYJetsToLL_Pt-650ToInf_TuneCUETP8M1_13TeV-amcatnloFXFX-pythia8_catTOP_sys_QCDScale0wUp
Merging MT_DYJetsToLL_Pt-650ToInf_TuneCUETP8M1_13TeV-amcatnloFXFX-pythia8_catEM_sys_MuonSFUp
Merging measMET_DYJetsToLL_Pt-650ToInf_TuneCUETP8M1_13TeV-amcatnloFXFX-pythia8_cat3L_sys_ElecronSFUp
Merging measMET_DYJetsToLL_Pt-650ToInf_TuneCUETP8M1_13TeV-amcatnloFXFX-pythia8_catNRB_sys_QCDScale2wDown
Merging balance_DYJetsToLL_Pt-650ToInf_TuneCUETP8M1_13TeV-amcatnloFXFX-pythia8_sys_QCDScale2wUp
Merging MT_DYJetsToLL_Pt-650ToInf_TuneCUETP8M1_13TeV-amcatnloFXFX-pythia8_cat3L_sys_ElectronEnDown
Merging measMET_DYJetsToLL_Pt-650ToInf_TuneCUETP8M1_13TeV-amcatnloFXFX-pythia8_cat3L_sys_EWKUp
Merging phizmet_DYJetsToLL_Pt-650ToInf_TuneCUETP8M1_13TeV-amcatnloFXFX-pythia8_sys_QCDScale2wDown
Merging MT_DYJetsToLL_Pt-650ToInf_TuneCUETP8M1_13TeV-amcatnloFXFX-pythia8_catSignal-0jet_sys_EWKUp
Merging MT_DYJetsToLL_Pt-650ToInf_TuneCUETP8M1_13TeV-amcatnloFXFX-pythia8_cat3L_sys_btagEventWeightUp
Merging measMET_DYJetsToLL_Pt-650ToInf_TuneCUETP8M1_13TeV-amcatnloFXFX-pythia8_catEM_sys_TriggerSFWeightUp
Merging MT_DYJetsToLL_Pt-650ToInf_TuneCUETP8M1_13TeV-amcatnloFXFX-pythia8_catSignal-0jet
Merging measMET_DYJetsToLL_Pt-650ToInf_TuneCUETP8M1_13TeV-amcatnloFXFX-pythia8_catTOP_sys_MuonSFDown
Merging measMET_DYJetsToLL_Pt-650ToInf_TuneCUETP8M1_13TeV-amcatnloFXFX-pythia8_catNRB_sys_TriggerSFWeightDown
Merging MT_DYJetsToLL_Pt-650ToInf_TuneCUETP8M1_13TeV-amcatnloFXFX-pythia8_catSignal-1jet_sys_QCDScale0wUp
Merging MT_DYJetsToLL_Pt-650ToInf_TuneCUETP8M1_13TeV-amcatnloFXFX-pythia8_catSignal-0jet_sys_QCDScale1wUp
Merging njet_DYJetsToLL_Pt-650ToInf_TuneCUETP8M1_13TeV-amcatnloFXFX-pythia8_sys_MuonSFDown
Merging MT_DYJetsToLL_Pt-650ToInf_TuneCUETP8M1_13TeV-amcatnloFXFX-pythia8_catSignal-1jet_sys_PDFUp
Merging measMET_DYJetsToLL_Pt-650ToInf_TuneCUETP8M1_13TeV-amcatnloFXFX-pythia8_catDY_sys_puWeightDown
Merging measMET_DYJetsToLL_Pt-650ToInf_TuneCUETP8M1_13TeV-amcatnloFXFX-pythia8_catEM_sys_jerUp
Merging measMET_DYJetsToLL_Pt-650ToInf_TuneCUETP8M1_13TeV-amcatnloFXFX-pythia8_cat3L_sys_EWKDown
Merging phizmet_DYJetsToLL_Pt-650ToInf_TuneCUETP8M1_13TeV-amcatnloFXFX-pythia8
Merging measMET_DYJetsToLL_Pt-650ToInf_TuneCUETP8M1_13TeV-amcatnloFXFX-pythia8_cat4L_sys_jerDown
Merging measMET_DYJetsToLL_Pt-650ToInf_TuneCUETP8M1_13TeV-amcatnloFXFX-pythia8_catEM_sys_QCDScale2wDown
Merging MT_DYJetsToLL_Pt-650ToInf_TuneCUETP8M1_13TeV-amcatnloFXFX-pythia8_catSignal-1jet_sys_PrefireWeightDown
Merging measMET_DYJetsToLL_Pt-650ToInf_TuneCUETP8M1_13TeV-amcatnloFXFX-pythia8_catNRB_sys_PrefireWeightUp
Merging MT_DYJetsToLL_Pt-650ToInf_TuneCUETP8M1_13TeV-amcatnloFXFX-pythia8_catDY_sys_QCDScale1wUp
Merging MT_DYJetsToLL_Pt-650ToInf_TuneCUETP8M1_13TeV-amcatnloFXFX-pythia8_catTOP_sys_EWKDown
Merging measMET_DYJetsToLL_Pt-650ToInf_TuneCUETP8M1_13TeV-amcatnloFXFX-pythia8_catEM_sys_jerDown
Merging MT_DYJetsToLL_Pt-650ToInf_TuneCUETP8M1_13TeV-amcatnloFXFX-pythia8_catTOP_sys_QCDScale1wDown
Merging MT_DYJetsToLL_Pt-650ToInf_TuneCUETP8M1_13TeV-amcatnloFXFX-pythia8_catNRB_sys_PrefireWeightUp
Merging njet_DYJetsToLL_Pt-650ToInf_TuneCUETP8M1_13TeV-amcatnloFXFX-pythia8_sys_MuonSFUp
Merging njet_DYJetsToLL_Pt-650ToInf_TuneCUETP8M1_13TeV-amcatnloFXFX-pythia8_sys_ElecronSFUp
Merging MT_DYJetsToLL_Pt-650ToInf_TuneCUETP8M1_13TeV-amcatnloFXFX-pythia8_catTOP_sys_TriggerSFWeightDown
Merging MT_DYJetsToLL_Pt-650ToInf_TuneCUETP8M1_13TeV-amcatnloFXFX-pythia8_catSignal-1jet_sys_QCDScale0wDown
Merging measMET_DYJetsToLL_Pt-650ToInf_TuneCUETP8M1_13TeV-amcatnloFXFX-pythia8_catSignal-1jet_sys_puWeightDown
Merging measMET_DYJetsToLL_Pt-650ToInf_TuneCUETP8M1_13TeV-amcatnloFXFX-pythia8_catTOP_sys_EWKUp
Merging MT_DYJetsToLL_Pt-650ToInf_TuneCUETP8M1_13TeV-amcatnloFXFX-pythia8_catDY_sys_PrefireWeightDown
Merging measMET_DYJetsToLL_Pt-650ToInf_TuneCUETP8M1_13TeV-amcatnloFXFX-pythia8_catNRB_sys_PDFDown
Merging measMET_DYJetsToLL_Pt-650ToInf_TuneCUETP8M1_13TeV-amcatnloFXFX-pythia8_catNRB_sys_nvtxWeightDown
Merging measMET_DYJetsToLL_Pt-650ToInf_TuneCUETP8M1_13TeV-amcatnloFXFX-pythia8_catSignal-0jet_sys_btagEventWeightUp
Merging measMET_DYJetsToLL_Pt-650ToInf_TuneCUETP8M1_13TeV-amcatnloFXFX-pythia8_catEM_sys_MuonEnUp
Merging measMET_DYJetsToLL_Pt-650ToInf_TuneCUETP8M1_13TeV-amcatnloFXFX-pythia8_catSignal-1jet_sys_PrefireWeightUp
Merging measMET_DYJetsToLL_Pt-650ToInf_TuneCUETP8M1_13TeV-amcatnloFXFX-pythia8_catNRB_sys_QCDScale1wDown
Merging measMET_DYJetsToLL_Pt-650ToInf_TuneCUETP8M1_13TeV-amcatnloFXFX-pythia8_cat4L_sys_btagEventWeightDown
Merging MT_DYJetsToLL_Pt-650ToInf_TuneCUETP8M1_13TeV-amcatnloFXFX-pythia8_catTOP_sys_btagEventWeightUp
Merging measMET_DYJetsToLL_Pt-650ToInf_TuneCUETP8M1_13TeV-amcatnloFXFX-pythia8_catSignal-0jet_sys_MuonSFDown
Merging MT_DYJetsToLL_Pt-650ToInf_TuneCUETP8M1_13TeV-amcatnloFXFX-pythia8_catDY_sys_EWKUp
Merging njet_DYJetsToLL_Pt-650ToInf_TuneCUETP8M1_13TeV-amcatnloFXFX-pythia8_sys_btagEventWeightDown
Merging phizmet_DYJetsToLL_Pt-650ToInf_TuneCUETP8M1_13TeV-amcatnloFXFX-pythia8_sys_TriggerSFWeightDown
Merging njet_DYJetsToLL_Pt-650ToInf_TuneCUETP8M1_13TeV-amcatnloFXFX-pythia8_sys_QCDScale2wDown
Merging MT_DYJetsToLL_Pt-650ToInf_TuneCUETP8M1_13TeV-amcatnloFXFX-pythia8_catTOP_sys_nvtxWeightDown
Merging MT_DYJetsToLL_Pt-650ToInf_TuneCUETP8M1_13TeV-amcatnloFXFX-pythia8_catEM_sys_jerDown
Merging measMET_DYJetsToLL_Pt-650ToInf_TuneCUETP8M1_13TeV-amcatnloFXFX-pythia8_cat3L_sys_btagEventWeightDown
Merging measMET_DYJetsToLL_Pt-650ToInf_TuneCUETP8M1_13TeV-amcatnloFXFX-pythia8_cat3L_sys_QCDScale2wDown
Merging balance_DYJetsToLL_Pt-650ToInf_TuneCUETP8M1_13TeV-amcatnloFXFX-pythia8_sys_EWKDown
Merging MT_DYJetsToLL_Pt-650ToInf_TuneCUETP8M1_13TeV-amcatnloFXFX-pythia8_catSignal-1jet_sys_jesTotalUp
Merging MT_DYJetsToLL_Pt-650ToInf_TuneCUETP8M1_13TeV-amcatnloFXFX-pythia8_catSignal-0jet_sys_QCDScale2wDown
Merging measMET_DYJetsToLL_Pt-650ToInf_TuneCUETP8M1_13TeV-amcatnloFXFX-pythia8_cat4L_sys_MuonEnUp
Merging MT_DYJetsToLL_Pt-650ToInf_TuneCUETP8M1_13TeV-amcatnloFXFX-pythia8_catNRB_sys_MuonSFDown
Merging measMET_DYJetsToLL_Pt-650ToInf_TuneCUETP8M1_13TeV-amcatnloFXFX-pythia8_catNRB_sys_ElecronSFUp
Merging measMET_DYJetsToLL_Pt-650ToInf_TuneCUETP8M1_13TeV-amcatnloFXFX-pythia8_catTOP_sys_QCDScale0wDown
Merging measMET_DYJetsToLL_Pt-650ToInf_TuneCUETP8M1_13TeV-amcatnloFXFX-pythia8_cat3L
Merging MT_DYJetsToLL_Pt-650ToInf_TuneCUETP8M1_13TeV-amcatnloFXFX-pythia8_cat4L
Merging MT_DYJetsToLL_Pt-650ToInf_TuneCUETP8M1_13TeV-amcatnloFXFX-pythia8_cat3L_sys_puWeightUp
Merging njet_DYJetsToLL_Pt-650ToInf_TuneCUETP8M1_13TeV-amcatnloFXFX-pythia8_sys_jesTotalUp
Merging MT_DYJetsToLL_Pt-650ToInf_TuneCUETP8M1_13TeV-amcatnloFXFX-pythia8_catDY_sys_MuonEnDown
Merging MT_DYJetsToLL_Pt-650ToInf_TuneCUETP8M1_13TeV-amcatnloFXFX-pythia8_cat4L_sys_puWeightUp
Merging MT_DYJetsToLL_Pt-650ToInf_TuneCUETP8M1_13TeV-amcatnloFXFX-pythia8_catDY_sys_QCDScale0wUp
Merging measMET_DYJetsToLL_Pt-650ToInf_TuneCUETP8M1_13TeV-amcatnloFXFX-pythia8_cat4L_sys_ElecronSFDown
Merging measMET_DYJetsToLL_Pt-650ToInf_TuneCUETP8M1_13TeV-amcatnloFXFX-pythia8_catEM_sys_nvtxWeightUp
Merging njet_DYJetsToLL_Pt-650ToInf_TuneCUETP8M1_13TeV-amcatnloFXFX-pythia8_sys_TriggerSFWeightUp
Merging MT_DYJetsToLL_Pt-650ToInf_TuneCUETP8M1_13TeV-amcatnloFXFX-pythia8_catEM_sys_ElecronSFUp
Merging MT_DYJetsToLL_Pt-650ToInf_TuneCUETP8M1_13TeV-amcatnloFXFX-pythia8_catNRB_sys_ElectronEnDown
Merging MT_DYJetsToLL_Pt-650ToInf_TuneCUETP8M1_13TeV-amcatnloFXFX-pythia8_catTOP_sys_QCDScale2wDown
Merging MT_DYJetsToLL_Pt-650ToInf_TuneCUETP8M1_13TeV-amcatnloFXFX-pythia8_cat3L_sys_PDFDown
Merging MT_DYJetsToLL_Pt-650ToInf_TuneCUETP8M1_13TeV-amcatnloFXFX-pythia8_cat3L_sys_MuonSFDown
Merging measMET_DYJetsToLL_Pt-650ToInf_TuneCUETP8M1_13TeV-amcatnloFXFX-pythia8_catEM_sys_puWeightDown
Merging untagged
Merging measMET_DYJetsToLL_Pt-650ToInf_TuneCUETP8M1_13TeV-amcatnloFXFX-pythia8_catTOP_sys_ElectronEnDown
Merging measMET_DYJetsToLL_Pt-650ToInf_TuneCUETP8M1_13TeV-amcatnloFXFX-pythia8_catTOP_sys_QCDScale1wDown
Merging MT_DYJetsToLL_Pt-650ToInf_TuneCUETP8M1_13TeV-amcatnloFXFX-pythia8_cat3L_sys_QCDScale2wUp
Merging measMET_DYJetsToLL_Pt-650ToInf_TuneCUETP8M1_13TeV-amcatnloFXFX-pythia8_cat3L_sys_ElecronSFDown
Merging measMET_DYJetsToLL_Pt-650ToInf_TuneCUETP8M1_13TeV-amcatnloFXFX-pythia8_catEM_sys_MuonEnDown
Merging MT_DYJetsToLL_Pt-650ToInf_TuneCUETP8M1_13TeV-amcatnloFXFX-pythia8_catEM_sys_QCDScale0wDown
Merging MT_DYJetsToLL_Pt-650ToInf_TuneCUETP8M1_13TeV-amcatnloFXFX-pythia8_catDY_sys_btagEventWeightUp
Merging MT_DYJetsToLL_Pt-650ToInf_TuneCUETP8M1_13TeV-amcatnloFXFX-pythia8_catSignal-1jet_sys_ElecronSFDown
Merging measMET_DYJetsToLL_Pt-650ToInf_TuneCUETP8M1_13TeV-amcatnloFXFX-pythia8_catSignal-0jet_sys_btagEventWeightDown
Merging MT_DYJetsToLL_Pt-650ToInf_TuneCUETP8M1_13TeV-amcatnloFXFX-pythia8_catDY_sys_PDFDown
Merging measMET_DYJetsToLL_Pt-650ToInf_TuneCUETP8M1_13TeV-amcatnloFXFX-pythia8_catSignal-1jet_sys_QCDScale2wDown
Merging measMET_DYJetsToLL_Pt-650ToInf_TuneCUETP8M1_13TeV-amcatnloFXFX-pythia8_cat4L_sys_QCDScale0wDown
Merging MT_DYJetsToLL_Pt-650ToInf_TuneCUETP8M1_13TeV-amcatnloFXFX-pythia8_catEM_sys_PrefireWeightUp
Merging MT_DYJetsToLL_Pt-650ToInf_TuneCUETP8M1_13TeV-amcatnloFXFX-pythia8_catSignal-1jet_sys_jesTotalDown
Merging phizmet_DYJetsToLL_Pt-650ToInf_TuneCUETP8M1_13TeV-amcatnloFXFX-pythia8_sys_puWeightUp
Merging MT_DYJetsToLL_Pt-650ToInf_TuneCUETP8M1_13TeV-amcatnloFXFX-pythia8_catSignal-1jet_sys_puWeightUp
Merging measMET_DYJetsToLL_Pt-650ToInf_TuneCUETP8M1_13TeV-amcatnloFXFX-pythia8_cat4L_sys_MuonEnDown
Merging MT_DYJetsToLL_Pt-650ToInf_TuneCUETP8M1_13TeV-amcatnloFXFX-pythia8_catDY_sys_EWKDown
Merging MT_DYJetsToLL_Pt-650ToInf_TuneCUETP8M1_13TeV-amcatnloFXFX-pythia8_catEM_sys_PrefireWeightDown
Merging measMET_DYJetsToLL_Pt-650ToInf_TuneCUETP8M1_13TeV-amcatnloFXFX-pythia8_cat4L_sys_QCDScale1wDown
Merging measMET_DYJetsToLL_Pt-650ToInf_TuneCUETP8M1_13TeV-amcatnloFXFX-pythia8_catDY_sys_PrefireWeightDown
Merging measMET_DYJetsToLL_Pt-650ToInf_TuneCUETP8M1_13TeV-amcatnloFXFX-pythia8_cat3L_sys_QCDScale1wUp
Merging phizmet_DYJetsToLL_Pt-650ToInf_TuneCUETP8M1_13TeV-amcatnloFXFX-pythia8_sys_QCDScale1wUp
Merging measMET_DYJetsToLL_Pt-650ToInf_TuneCUETP8M1_13TeV-amcatnloFXFX-pythia8_catDY_sys_EWKDown
Merging measMET_DYJetsToLL_Pt-650ToInf_TuneCUETP8M1_13TeV-amcatnloFXFX-pythia8_cat4L_sys_QCDScale0wUp
Merging MT_DYJetsToLL_Pt-650ToInf_TuneCUETP8M1_13TeV-amcatnloFXFX-pythia8_cat4L_sys_ElectronEnDown
Merging measMET_DYJetsToLL_Pt-650ToInf_TuneCUETP8M1_13TeV-amcatnloFXFX-pythia8_catSignal-0jet_sys_ElecronSFUp
Merging MT_DYJetsToLL_Pt-650ToInf_TuneCUETP8M1_13TeV-amcatnloFXFX-pythia8_catEM_sys_MuonSFDown
Merging MT_DYJetsToLL_Pt-650ToInf_TuneCUETP8M1_13TeV-amcatnloFXFX-pythia8_catNRB_sys_EWKDown
Merging MT_DYJetsToLL_Pt-650ToInf_TuneCUETP8M1_13TeV-amcatnloFXFX-pythia8_catTOP_sys_nvtxWeightUp
Merging measMET_DYJetsToLL_Pt-650ToInf_TuneCUETP8M1_13TeV-amcatnloFXFX-pythia8_catNRB_sys_ElectronEnDown
Merging measMET_DYJetsToLL_Pt-650ToInf_TuneCUETP8M1_13TeV-amcatnloFXFX-pythia8_catTOP_sys_btagEventWeightDown
Merging MT_DYJetsToLL_Pt-650ToInf_TuneCUETP8M1_13TeV-amcatnloFXFX-pythia8_cat3L_sys_btagEventWeightDown
Merging measMET_DYJetsToLL_Pt-650ToInf_TuneCUETP8M1_13TeV-amcatnloFXFX-pythia8_cat3L_sys_jesTotalDown
Merging MT_DYJetsToLL_Pt-650ToInf_TuneCUETP8M1_13TeV-amcatnloFXFX-pythia8_catTOP_sys_PrefireWeightDown
Merging measMET_DYJetsToLL_Pt-650ToInf_TuneCUETP8M1_13TeV-amcatnloFXFX-pythia8_catEM_sys_ElectronEnUp
Merging measMET_DYJetsToLL_Pt-650ToInf_TuneCUETP8M1_13TeV-amcatnloFXFX-pythia8_catSignal-0jet_sys_MuonSFUp
Merging measMET_DYJetsToLL_Pt-650ToInf_TuneCUETP8M1_13TeV-amcatnloFXFX-pythia8_catTOP_sys_QCDScale2wDown
Merging MT_DYJetsToLL_Pt-650ToInf_TuneCUETP8M1_13TeV-amcatnloFXFX-pythia8_catNRB_sys_QCDScale0wUp
Merging phizmet_DYJetsToLL_Pt-650ToInf_TuneCUETP8M1_13TeV-amcatnloFXFX-pythia8_sys_EWKDown
Merging measMET_DYJetsToLL_Pt-650ToInf_TuneCUETP8M1_13TeV-amcatnloFXFX-pythia8_catSignal-1jet_sys_PDFDown
Merging MT_DYJetsToLL_Pt-650ToInf_TuneCUETP8M1_13TeV-amcatnloFXFX-pythia8_catSignal-0jet_sys_PDFDown
Merging measMET_DYJetsToLL_Pt-650ToInf_TuneCUETP8M1_13TeV-amcatnloFXFX-pythia8_catNRB_sys_QCDScale2wUp
Merging measMET_DYJetsToLL_Pt-650ToInf_TuneCUETP8M1_13TeV-amcatnloFXFX-pythia8_cat3L_sys_PDFDown
Merging measMET_DYJetsToLL_Pt-650ToInf_TuneCUETP8M1_13TeV-amcatnloFXFX-pythia8_cat3L_sys_MuonEnDown
Merging MT_DYJetsToLL_Pt-650ToInf_TuneCUETP8M1_13TeV-amcatnloFXFX-pythia8_cat3L_sys_PrefireWeightDown
Merging MT_DYJetsToLL_Pt-650ToInf_TuneCUETP8M1_13TeV-amcatnloFXFX-pythia8_catSignal-0jet_sys_MuonEnDown
Merging MT_DYJetsToLL_Pt-650ToInf_TuneCUETP8M1_13TeV-amcatnloFXFX-pythia8_cat3L_sys_QCDScale2wDown
Merging MT_DYJetsToLL_Pt-650ToInf_TuneCUETP8M1_13TeV-amcatnloFXFX-pythia8_catTOP_sys_MuonSFUp
Merging MT_DYJetsToLL_Pt-650ToInf_TuneCUETP8M1_13TeV-amcatnloFXFX-pythia8_catSignal-0jet_sys_jesTotalDown
Merging njet_DYJetsToLL_Pt-650ToInf_TuneCUETP8M1_13TeV-amcatnloFXFX-pythia8_sys_QCDScale0wDown
Merging MT_DYJetsToLL_Pt-650ToInf_TuneCUETP8M1_13TeV-amcatnloFXFX-pythia8_cat4L_sys_PDFDown
Merging measMET_DYJetsToLL_Pt-650ToInf_TuneCUETP8M1_13TeV-amcatnloFXFX-pythia8_catDY_sys_puWeightUp
Merging measMET_DYJetsToLL_Pt-650ToInf_TuneCUETP8M1_13TeV-amcatnloFXFX-pythia8_catTOP_sys_PrefireWeightDown
Merging measMET_DYJetsToLL_Pt-650ToInf_TuneCUETP8M1_13TeV-amcatnloFXFX-pythia8_catNRB_sys_PDFUp
Merging measMET_DYJetsToLL_Pt-650ToInf_TuneCUETP8M1_13TeV-amcatnloFXFX-pythia8_catDY_sys_ElectronEnDown
Merging measMET_DYJetsToLL_Pt-650ToInf_TuneCUETP8M1_13TeV-amcatnloFXFX-pythia8_catNRB_sys_QCDScale1wUp
Merging MT_DYJetsToLL_Pt-650ToInf_TuneCUETP8M1_13TeV-amcatnloFXFX-pythia8_cat4L_sys_btagEventWeightDown
Merging measMET_DYJetsToLL_Pt-650ToInf_TuneCUETP8M1_13TeV-amcatnloFXFX-pythia8_catSignal-1jet_sys_QCDScale1wDown
Merging MT_DYJetsToLL_Pt-650ToInf_TuneCUETP8M1_13TeV-amcatnloFXFX-pythia8_catDY_sys_QCDScale2wDown
Merging measMET_DYJetsToLL_Pt-650ToInf_TuneCUETP8M1_13TeV-amcatnloFXFX-pythia8_catTOP_sys_TriggerSFWeightUp
Merging MT_DYJetsToLL_Pt-650ToInf_TuneCUETP8M1_13TeV-amcatnloFXFX-pythia8_catDY_sys_btagEventWeightDown
Merging measMET_DYJetsToLL_Pt-650ToInf_TuneCUETP8M1_13TeV-amcatnloFXFX-pythia8_catDY_sys_QCDScale2wDown
Merging MT_DYJetsToLL_Pt-650ToInf_TuneCUETP8M1_13TeV-amcatnloFXFX-pythia8_catDY_sys_TriggerSFWeightUp
Merging MT_DYJetsToLL_Pt-650ToInf_TuneCUETP8M1_13TeV-amcatnloFXFX-pythia8_catEM_sys_QCDScale0wUp
Merging measMET_DYJetsToLL_Pt-650ToInf_TuneCUETP8M1_13TeV-amcatnloFXFX-pythia8_catDY_sys_MuonSFUp
Merging measMET_DYJetsToLL_Pt-650ToInf_TuneCUETP8M1_13TeV-amcatnloFXFX-pythia8_catSignal-0jet_sys_QCDScale0wUp
Merging njet_DYJetsToLL_Pt-650ToInf_TuneCUETP8M1_13TeV-amcatnloFXFX-pythia8
Merging measMET_DYJetsToLL_Pt-650ToInf_TuneCUETP8M1_13TeV-amcatnloFXFX-pythia8_catNRB_sys_puWeightUp
Merging measMET_DYJetsToLL_Pt-650ToInf_TuneCUETP8M1_13TeV-amcatnloFXFX-pythia8_catSignal-0jet_sys_ElectronEnUp
Merging measMET_DYJetsToLL_Pt-650ToInf_TuneCUETP8M1_13TeV-amcatnloFXFX-pythia8_catNRB_sys_jerUp
Merging MT_DYJetsToLL_Pt-650ToInf_TuneCUETP8M1_13TeV-amcatnloFXFX-pythia8_catTOP_sys_MuonEnUp
Merging phizmet_DYJetsToLL_Pt-650ToInf_TuneCUETP8M1_13TeV-amcatnloFXFX-pythia8_sys_ElecronSFDown
Merging MT_DYJetsToLL_Pt-650ToInf_TuneCUETP8M1_13TeV-amcatnloFXFX-pythia8_catSignal-1jet_sys_PDFDown
Merging measMET_DYJetsToLL_Pt-650ToInf_TuneCUETP8M1_13TeV-amcatnloFXFX-pythia8_catSignal-1jet_sys_ElectronEnUp
Merging MT_DYJetsToLL_Pt-650ToInf_TuneCUETP8M1_13TeV-amcatnloFXFX-pythia8_catSignal-1jet_sys_ElectronEnDown
Merging measMET_DYJetsToLL_Pt-650ToInf_TuneCUETP8M1_13TeV-amcatnloFXFX-pythia8_catNRB_sys_puWeightDown
Merging measMET_DYJetsToLL_Pt-650ToInf_TuneCUETP8M1_13TeV-amcatnloFXFX-pythia8_catEM_sys_nvtxWeightDown
Merging measMET_DYJetsToLL_Pt-650ToInf_TuneCUETP8M1_13TeV-amcatnloFXFX-pythia8_catNRB_sys_nvtxWeightUp
Merging measMET_DYJetsToLL_Pt-650ToInf_TuneCUETP8M1_13TeV-amcatnloFXFX-pythia8_catNRB_sys_jesTotalDown
Merging phizmet_DYJetsToLL_Pt-650ToInf_TuneCUETP8M1_13TeV-amcatnloFXFX-pythia8_sys_ElectronEnDown
Merging measMET_DYJetsToLL_Pt-650ToInf_TuneCUETP8M1_13TeV-amcatnloFXFX-pythia8_catTOP_sys_nvtxWeightDown
Merging MT_DYJetsToLL_Pt-650ToInf_TuneCUETP8M1_13TeV-amcatnloFXFX-pythia8_catEM_sys_EWKUp
Merging balance_DYJetsToLL_Pt-650ToInf_TuneCUETP8M1_13TeV-amcatnloFXFX-pythia8_sys_TriggerSFWeightUp
Merging MT_DYJetsToLL_Pt-650ToInf_TuneCUETP8M1_13TeV-amcatnloFXFX-pythia8_cat3L_sys_nvtxWeightUp
Merging measMET_DYJetsToLL_Pt-650ToInf_TuneCUETP8M1_13TeV-amcatnloFXFX-pythia8_cat4L_sys_btagEventWeightUp
Merging MT_DYJetsToLL_Pt-650ToInf_TuneCUETP8M1_13TeV-amcatnloFXFX-pythia8_catDY_sys_PDFUp
Merging measMET_DYJetsToLL_Pt-650ToInf_TuneCUETP8M1_13TeV-amcatnloFXFX-pythia8_catDY
Merging phizmet_DYJetsToLL_Pt-650ToInf_TuneCUETP8M1_13TeV-amcatnloFXFX-pythia8_sys_PDFUp
Merging MT_DYJetsToLL_Pt-650ToInf_TuneCUETP8M1_13TeV-amcatnloFXFX-pythia8_catSignal-1jet_sys_TriggerSFWeightUp
Merging MT_DYJetsToLL_Pt-650ToInf_TuneCUETP8M1_13TeV-amcatnloFXFX-pythia8_cat3L_sys_puWeightDown
Merging measMET_DYJetsToLL_Pt-650ToInf_TuneCUETP8M1_13TeV-amcatnloFXFX-pythia8_catNRB_sys_btagEventWeightDown
Merging measMET_DYJetsToLL_Pt-650ToInf_TuneCUETP8M1_13TeV-amcatnloFXFX-pythia8_catTOP_sys_MuonEnUp
Merging measMET_DYJetsToLL_Pt-650ToInf_TuneCUETP8M1_13TeV-amcatnloFXFX-pythia8_cat4L_sys_nvtxWeightUp
Merging MT_DYJetsToLL_Pt-650ToInf_TuneCUETP8M1_13TeV-amcatnloFXFX-pythia8_catEM_sys_jesTotalDown
Merging measMET_DYJetsToLL_Pt-650ToInf_TuneCUETP8M1_13TeV-amcatnloFXFX-pythia8_cat3L_sys_QCDScale2wUp
Merging MT_DYJetsToLL_Pt-650ToInf_TuneCUETP8M1_13TeV-amcatnloFXFX-pythia8_catSignal-0jet_sys_QCDScale2wUp
Merging measMET_DYJetsToLL_Pt-650ToInf_TuneCUETP8M1_13TeV-amcatnloFXFX-pythia8_catEM_sys_QCDScale0wUp
Merging MT_DYJetsToLL_Pt-650ToInf_TuneCUETP8M1_13TeV-amcatnloFXFX-pythia8_catSignal-1jet_sys_jerUp
Merging measMET_DYJetsToLL_Pt-650ToInf_TuneCUETP8M1_13TeV-amcatnloFXFX-pythia8_catSignal-0jet_sys_nvtxWeightUp
Merging balance_DYJetsToLL_Pt-650ToInf_TuneCUETP8M1_13TeV-amcatnloFXFX-pythia8_sys_EWKUp
Merging MT_DYJetsToLL_Pt-650ToInf_TuneCUETP8M1_13TeV-amcatnloFXFX-pythia8_catSignal-1jet_sys_MuonSFDown
Merging measMET_DYJetsToLL_Pt-650ToInf_TuneCUETP8M1_13TeV-amcatnloFXFX-pythia8_catSignal-1jet_sys_ElecronSFUp
Merging MT_DYJetsToLL_Pt-650ToInf_TuneCUETP8M1_13TeV-amcatnloFXFX-pythia8_catNRB_sys_EWKUp
Merging MT_DYJetsToLL_Pt-650ToInf_TuneCUETP8M1_13TeV-amcatnloFXFX-pythia8_catDY_sys_MuonSFDown
Merging balance_DYJetsToLL_Pt-650ToInf_TuneCUETP8M1_13TeV-amcatnloFXFX-pythia8_sys_jesTotalUp
Merging MT_DYJetsToLL_Pt-650ToInf_TuneCUETP8M1_13TeV-amcatnloFXFX-pythia8_cat3L_sys_MuonEnUp
Merging MT_DYJetsToLL_Pt-650ToInf_TuneCUETP8M1_13TeV-amcatnloFXFX-pythia8_catNRB_sys_MuonEnDown
Merging MT_DYJetsToLL_Pt-650ToInf_TuneCUETP8M1_13TeV-amcatnloFXFX-pythia8_catSignal-0jet_sys_QCDScale0wDown
Merging MT_DYJetsToLL_Pt-650ToInf_TuneCUETP8M1_13TeV-amcatnloFXFX-pythia8_catTOP
Merging MT_DYJetsToLL_Pt-650ToInf_TuneCUETP8M1_13TeV-amcatnloFXFX-pythia8_catTOP_sys_ElecronSFDown
Merging MT_DYJetsToLL_Pt-650ToInf_TuneCUETP8M1_13TeV-amcatnloFXFX-pythia8_catTOP_sys_TriggerSFWeightUp
Merging MT_DYJetsToLL_Pt-650ToInf_TuneCUETP8M1_13TeV-amcatnloFXFX-pythia8_catNRB_sys_puWeightUp
Merging measMET_DYJetsToLL_Pt-650ToInf_TuneCUETP8M1_13TeV-amcatnloFXFX-pythia8_catTOP_sys_PrefireWeightUp
Merging njet_DYJetsToLL_Pt-650ToInf_TuneCUETP8M1_13TeV-amcatnloFXFX-pythia8_sys_QCDScale1wUp
Merging MT_DYJetsToLL_Pt-650ToInf_TuneCUETP8M1_13TeV-amcatnloFXFX-pythia8_cat3L_sys_jerUp
Merging measMET_DYJetsToLL_Pt-650ToInf_TuneCUETP8M1_13TeV-amcatnloFXFX-pythia8_catDY_sys_ElecronSFDown
Merging balance_DYJetsToLL_Pt-650ToInf_TuneCUETP8M1_13TeV-amcatnloFXFX-pythia8_sys_QCDScale1wUp
Merging measMET_DYJetsToLL_Pt-650ToInf_TuneCUETP8M1_13TeV-amcatnloFXFX-pythia8_catEM_sys_QCDScale0wDown
Merging measMET_DYJetsToLL_Pt-650ToInf_TuneCUETP8M1_13TeV-amcatnloFXFX-pythia8_cat3L_sys_QCDScale0wDown
Merging MT_DYJetsToLL_Pt-650ToInf_TuneCUETP8M1_13TeV-amcatnloFXFX-pythia8_catEM_sys_EWKDown
Merging MT_DYJetsToLL_Pt-650ToInf_TuneCUETP8M1_13TeV-amcatnloFXFX-pythia8_cat4L_sys_ElecronSFDown
Merging MT_DYJetsToLL_Pt-650ToInf_TuneCUETP8M1_13TeV-amcatnloFXFX-pythia8_catTOP_sys_ElectronEnDown
Merging MT_DYJetsToLL_Pt-650ToInf_TuneCUETP8M1_13TeV-amcatnloFXFX-pythia8_cat3L_sys_nvtxWeightDown
Merging MT_DYJetsToLL_Pt-650ToInf_TuneCUETP8M1_13TeV-amcatnloFXFX-pythia8_cat4L_sys_jerDown
Merging measMET_DYJetsToLL_Pt-650ToInf_TuneCUETP8M1_13TeV-amcatnloFXFX-pythia8_cat4L_sys_QCDScale1wUp
Merging MT_DYJetsToLL_Pt-650ToInf_TuneCUETP8M1_13TeV-amcatnloFXFX-pythia8_catDY_sys_nvtxWeightDown
Merging measMET_DYJetsToLL_Pt-650ToInf_TuneCUETP8M1_13TeV-amcatnloFXFX-pythia8_catEM_sys_ElecronSFUp
Merging MT_DYJetsToLL_Pt-650ToInf_TuneCUETP8M1_13TeV-amcatnloFXFX-pythia8_catDY_sys_PrefireWeightUp
Merging MT_DYJetsToLL_Pt-650ToInf_TuneCUETP8M1_13TeV-amcatnloFXFX-pythia8_cat3L_sys_jerDown
Merging balance_DYJetsToLL_Pt-650ToInf_TuneCUETP8M1_13TeV-amcatnloFXFX-pythia8_sys_QCDScale2wDown
Merging measMET_DYJetsToLL_Pt-650ToInf_TuneCUETP8M1_13TeV-amcatnloFXFX-pythia8_catSignal-0jet_sys_jerDown
Merging measMET_DYJetsToLL_Pt-650ToInf_TuneCUETP8M1_13TeV-amcatnloFXFX-pythia8_cat4L_sys_QCDScale2wUp
Merging phizmet_DYJetsToLL_Pt-650ToInf_TuneCUETP8M1_13TeV-amcatnloFXFX-pythia8_sys_MuonSFDown
Merging measMET_DYJetsToLL_Pt-650ToInf_TuneCUETP8M1_13TeV-amcatnloFXFX-pythia8_catSignal-1jet_sys_btagEventWeightDown
Merging measMET_DYJetsToLL_Pt-650ToInf_TuneCUETP8M1_13TeV-amcatnloFXFX-pythia8_cat4L_sys_EWKDown
Merging measMET_DYJetsToLL_Pt-650ToInf_TuneCUETP8M1_13TeV-amcatnloFXFX-pythia8_catSignal-0jet_sys_jesTotalUp
Merging MT_DYJetsToLL_Pt-650ToInf_TuneCUETP8M1_13TeV-amcatnloFXFX-pythia8_catEM_sys_QCDScale1wDown
Merging MT_DYJetsToLL_Pt-650ToInf_TuneCUETP8M1_13TeV-amcatnloFXFX-pythia8_catSignal-0jet_sys_EWKDown
Merging njet_DYJetsToLL_Pt-650ToInf_TuneCUETP8M1_13TeV-amcatnloFXFX-pythia8_sys_QCDScale2wUp
Merging measMET_DYJetsToLL_Pt-650ToInf_TuneCUETP8M1_13TeV-amcatnloFXFX-pythia8_catEM_sys_jesTotalUp
Merging MT_DYJetsToLL_Pt-650ToInf_TuneCUETP8M1_13TeV-amcatnloFXFX-pythia8_cat3L_sys_QCDScale0wUp
Merging measMET_DYJetsToLL_Pt-650ToInf_TuneCUETP8M1_13TeV-amcatnloFXFX-pythia8_catSignal-0jet_sys_PrefireWeightUp
Merging balance_DYJetsToLL_Pt-650ToInf_TuneCUETP8M1_13TeV-amcatnloFXFX-pythia8_sys_TriggerSFWeightDown
Merging MT_DYJetsToLL_Pt-650ToInf_TuneCUETP8M1_13TeV-amcatnloFXFX-pythia8_catSignal-0jet_sys_nvtxWeightUp
Merging MT_DYJetsToLL_Pt-650ToInf_TuneCUETP8M1_13TeV-amcatnloFXFX-pythia8_catTOP_sys_puWeightUp
Merging measMET_DYJetsToLL_Pt-650ToInf_TuneCUETP8M1_13TeV-amcatnloFXFX-pythia8_catSignal-1jet_sys_ElectronEnDown
Merging MT_DYJetsToLL_Pt-650ToInf_TuneCUETP8M1_13TeV-amcatnloFXFX-pythia8_catNRB_sys_QCDScale1wDown
Merging measMET_DYJetsToLL_Pt-650ToInf_TuneCUETP8M1_13TeV-amcatnloFXFX-pythia8_catSignal-1jet_sys_jesTotalDown
Merging MT_DYJetsToLL_Pt-650ToInf_TuneCUETP8M1_13TeV-amcatnloFXFX-pythia8_catTOP_sys_jerDown
Merging measMET_DYJetsToLL_Pt-650ToInf_TuneCUETP8M1_13TeV-amcatnloFXFX-pythia8_catSignal-0jet_sys_puWeightUp
Merging MT_DYJetsToLL_Pt-650ToInf_TuneCUETP8M1_13TeV-amcatnloFXFX-pythia8_cat4L_sys_PrefireWeightDown
Merging MT_DYJetsToLL_Pt-650ToInf_TuneCUETP8M1_13TeV-amcatnloFXFX-pythia8_catNRB_sys_ElecronSFDown
Merging MT_DYJetsToLL_Pt-650ToInf_TuneCUETP8M1_13TeV-amcatnloFXFX-pythia8_catTOP_sys_puWeightDown
Merging measMET_DYJetsToLL_Pt-650ToInf_TuneCUETP8M1_13TeV-amcatnloFXFX-pythia8_catSignal-1jet_sys_QCDScale1wUp
Merging MT_DYJetsToLL_Pt-650ToInf_TuneCUETP8M1_13TeV-amcatnloFXFX-pythia8_catDY_sys_puWeightDown
Merging measMET_DYJetsToLL_Pt-650ToInf_TuneCUETP8M1_13TeV-amcatnloFXFX-pythia8_catTOP_sys_EWKDown
Merging measMET_DYJetsToLL_Pt-650ToInf_TuneCUETP8M1_13TeV-amcatnloFXFX-pythia8_catTOP_sys_QCDScale1wUp
Merging measMET_DYJetsToLL_Pt-650ToInf_TuneCUETP8M1_13TeV-amcatnloFXFX-pythia8_cat3L_sys_puWeightDown
Merging MT_DYJetsToLL_Pt-650ToInf_TuneCUETP8M1_13TeV-amcatnloFXFX-pythia8_catTOP_sys_jesTotalDown
Merging njet_DYJetsToLL_Pt-650ToInf_TuneCUETP8M1_13TeV-amcatnloFXFX-pythia8_sys_MuonEnDown
Merging MT_DYJetsToLL_Pt-650ToInf_TuneCUETP8M1_13TeV-amcatnloFXFX-pythia8_catSignal-0jet_sys_puWeightDown
Merging measMET_DYJetsToLL_Pt-650ToInf_TuneCUETP8M1_13TeV-amcatnloFXFX-pythia8_catTOP
Merging measMET_DYJetsToLL_Pt-650ToInf_TuneCUETP8M1_13TeV-amcatnloFXFX-pythia8_catTOP_sys_puWeightDown
Merging balance_DYJetsToLL_Pt-650ToInf_TuneCUETP8M1_13TeV-amcatnloFXFX-pythia8_sys_MuonEnUp
Merging measMET_DYJetsToLL_Pt-650ToInf_TuneCUETP8M1_13TeV-amcatnloFXFX-pythia8_catTOP_sys_btagEventWeightUp
Merging measMET_DYJetsToLL_Pt-650ToInf_TuneCUETP8M1_13TeV-amcatnloFXFX-pythia8_catTOP_sys_jesTotalUp
Merging MT_DYJetsToLL_Pt-650ToInf_TuneCUETP8M1_13TeV-amcatnloFXFX-pythia8_catNRB_sys_btagEventWeightUp
Merging MT_DYJetsToLL_Pt-650ToInf_TuneCUETP8M1_13TeV-amcatnloFXFX-pythia8_cat4L_sys_nvtxWeightUp
Merging MT_DYJetsToLL_Pt-650ToInf_TuneCUETP8M1_13TeV-amcatnloFXFX-pythia8_cat4L_sys_QCDScale2wUp
Merging MT_DYJetsToLL_Pt-650ToInf_TuneCUETP8M1_13TeV-amcatnloFXFX-pythia8_catSignal-1jet
Merging measMET_DYJetsToLL_Pt-650ToInf_TuneCUETP8M1_13TeV-amcatnloFXFX-pythia8_catSignal-0jet_sys_jesTotalDown
Merging measMET_DYJetsToLL_Pt-650ToInf_TuneCUETP8M1_13TeV-amcatnloFXFX-pythia8_catTOP_sys_ElectronEnUp
Merging MT_DYJetsToLL_Pt-650ToInf_TuneCUETP8M1_13TeV-amcatnloFXFX-pythia8_catTOP_sys_PrefireWeightUp
Merging measMET_DYJetsToLL_Pt-650ToInf_TuneCUETP8M1_13TeV-amcatnloFXFX-pythia8_catNRB_sys_MuonSFDown
Merging measMET_DYJetsToLL_Pt-650ToInf_TuneCUETP8M1_13TeV-amcatnloFXFX-pythia8_catSignal-1jet_sys_btagEventWeightUp
Merging njet_DYJetsToLL_Pt-650ToInf_TuneCUETP8M1_13TeV-amcatnloFXFX-pythia8_sys_ElectronEnUp
Merging measMET_DYJetsToLL_Pt-650ToInf_TuneCUETP8M1_13TeV-amcatnloFXFX-pythia8_catSignal-1jet_sys_MuonEnUp
Merging measMET_DYJetsToLL_Pt-650ToInf_TuneCUETP8M1_13TeV-amcatnloFXFX-pythia8_catDY_sys_QCDScale0wUp
Merging measMET_DYJetsToLL_Pt-650ToInf_TuneCUETP8M1_13TeV-amcatnloFXFX-pythia8_catEM_sys_puWeightUp
Merging MT_DYJetsToLL_Pt-650ToInf_TuneCUETP8M1_13TeV-amcatnloFXFX-pythia8_catSignal-0jet_sys_PrefireWeightDown
Merging measMET_DYJetsToLL_Pt-650ToInf_TuneCUETP8M1_13TeV-amcatnloFXFX-pythia8_catSignal-0jet_sys_QCDScale2wDown
Merging measMET_DYJetsToLL_Pt-650ToInf_TuneCUETP8M1_13TeV-amcatnloFXFX-pythia8_cat3L_sys_PrefireWeightDown
Merging measMET_DYJetsToLL_Pt-650ToInf_TuneCUETP8M1_13TeV-amcatnloFXFX-pythia8_catEM_sys_jesTotalDown
Merging measMET_DYJetsToLL_Pt-650ToInf_TuneCUETP8M1_13TeV-amcatnloFXFX-pythia8_catNRB_sys_QCDScale0wDown
Merging measMET_DYJetsToLL_Pt-650ToInf_TuneCUETP8M1_13TeV-amcatnloFXFX-pythia8_cat3L_sys_jesTotalUp
Merging MT_DYJetsToLL_Pt-650ToInf_TuneCUETP8M1_13TeV-amcatnloFXFX-pythia8_catDY_sys_TriggerSFWeightDown
Merging measMET_DYJetsToLL_Pt-650ToInf_TuneCUETP8M1_13TeV-amcatnloFXFX-pythia8_cat3L_sys_jerDown
Merging MT_DYJetsToLL_Pt-650ToInf_TuneCUETP8M1_13TeV-amcatnloFXFX-pythia8_catSignal-0jet_sys_jerDown
Merging measMET_DYJetsToLL_Pt-650ToInf_TuneCUETP8M1_13TeV-amcatnloFXFX-pythia8_catSignal-1jet_sys_jerDown
Merging MT_DYJetsToLL_Pt-650ToInf_TuneCUETP8M1_13TeV-amcatnloFXFX-pythia8_catNRB_sys_PrefireWeightDown
Merging phizmet_DYJetsToLL_Pt-650ToInf_TuneCUETP8M1_13TeV-amcatnloFXFX-pythia8_sys_puWeightDown
Merging MT_DYJetsToLL_Pt-650ToInf_TuneCUETP8M1_13TeV-amcatnloFXFX-pythia8_catSignal-0jet_sys_jesTotalUp
Merging MT_DYJetsToLL_Pt-650ToInf_TuneCUETP8M1_13TeV-amcatnloFXFX-pythia8_catNRB_sys_MuonSFUp
Merging MT_DYJetsToLL_Pt-650ToInf_TuneCUETP8M1_13TeV-amcatnloFXFX-pythia8_catEM_sys_QCDScale2wDown
Merging phizmet_DYJetsToLL_Pt-650ToInf_TuneCUETP8M1_13TeV-amcatnloFXFX-pythia8_sys_TriggerSFWeightUp
Merging measMET_DYJetsToLL_Pt-650ToInf_TuneCUETP8M1_13TeV-amcatnloFXFX-pythia8_catSignal-1jet_sys_MuonEnDown
Merging phizmet_DYJetsToLL_Pt-650ToInf_TuneCUETP8M1_13TeV-amcatnloFXFX-pythia8_sys_nvtxWeightUp
Merging MT_DYJetsToLL_Pt-650ToInf_TuneCUETP8M1_13TeV-amcatnloFXFX-pythia8_cat4L_sys_MuonEnDown
Merging MT_DYJetsToLL_Pt-650ToInf_TuneCUETP8M1_13TeV-amcatnloFXFX-pythia8_catSignal-0jet_sys_MuonSFDown
Merging MT_DYJetsToLL_Pt-650ToInf_TuneCUETP8M1_13TeV-amcatnloFXFX-pythia8_catTOP_sys_PDFDown
Merging MT_DYJetsToLL_Pt-650ToInf_TuneCUETP8M1_13TeV-amcatnloFXFX-pythia8_cat4L_sys_PDFUp
Merging MT_DYJetsToLL_Pt-650ToInf_TuneCUETP8M1_13TeV-amcatnloFXFX-pythia8_catTOP_sys_PDFUp
Merging njet_DYJetsToLL_Pt-650ToInf_TuneCUETP8M1_13TeV-amcatnloFXFX-pythia8_sys_QCDScale1wDown
Merging MT_DYJetsToLL_Pt-650ToInf_TuneCUETP8M1_13TeV-amcatnloFXFX-pythia8_catEM_sys_nvtxWeightDown
Merging MT_DYJetsToLL_Pt-650ToInf_TuneCUETP8M1_13TeV-amcatnloFXFX-pythia8_cat4L_sys_QCDScale1wDown
Merging measMET_DYJetsToLL_Pt-650ToInf_TuneCUETP8M1_13TeV-amcatnloFXFX-pythia8_catDY_sys_QCDScale0wDown
Merging measMET_DYJetsToLL_Pt-650ToInf_TuneCUETP8M1_13TeV-amcatnloFXFX-pythia8_cat4L_sys_ElectronEnUp
Merging njet_DYJetsToLL_Pt-650ToInf_TuneCUETP8M1_13TeV-amcatnloFXFX-pythia8_sys_nvtxWeightUp
Merging measMET_DYJetsToLL_Pt-650ToInf_TuneCUETP8M1_13TeV-amcatnloFXFX-pythia8_catDY_sys_jerUp
Merging measMET_DYJetsToLL_Pt-650ToInf_TuneCUETP8M1_13TeV-amcatnloFXFX-pythia8_cat4L_sys_ElecronSFUp
Merging phizmet_DYJetsToLL_Pt-650ToInf_TuneCUETP8M1_13TeV-amcatnloFXFX-pythia8_sys_ElectronEnUp
Merging njet_DYJetsToLL_Pt-650ToInf_TuneCUETP8M1_13TeV-amcatnloFXFX-pythia8_sys_ElecronSFDown
Merging measMET_DYJetsToLL_Pt-650ToInf_TuneCUETP8M1_13TeV-amcatnloFXFX-pythia8_catSignal-0jet_sys_ElectronEnDown
Merging measMET_DYJetsToLL_Pt-650ToInf_TuneCUETP8M1_13TeV-amcatnloFXFX-pythia8_cat4L_sys_nvtxWeightDown
Merging MT_DYJetsToLL_Pt-650ToInf_TuneCUETP8M1_13TeV-amcatnloFXFX-pythia8_catTOP_sys_ElecronSFUp
Merging measMET_DYJetsToLL_Pt-650ToInf_TuneCUETP8M1_13TeV-amcatnloFXFX-pythia8_catSignal-0jet_sys_QCDScale1wDown
Merging MT_DYJetsToLL_Pt-650ToInf_TuneCUETP8M1_13TeV-amcatnloFXFX-pythia8_catNRB_sys_PDFUp
Merging measMET_DYJetsToLL_Pt-650ToInf_TuneCUETP8M1_13TeV-amcatnloFXFX-pythia8_catSignal-1jet_sys_TriggerSFWeightDown
Merging MT_DYJetsToLL_Pt-650ToInf_TuneCUETP8M1_13TeV-amcatnloFXFX-pythia8_catSignal-0jet_sys_MuonEnUp
Merging MT_DYJetsToLL_Pt-650ToInf_TuneCUETP8M1_13TeV-amcatnloFXFX-pythia8_catSignal-0jet_sys_btagEventWeightDown
Merging measMET_DYJetsToLL_Pt-650ToInf_TuneCUETP8M1_13TeV-amcatnloFXFX-pythia8_cat3L_sys_MuonEnUp
Merging measMET_DYJetsToLL_Pt-650ToInf_TuneCUETP8M1_13TeV-amcatnloFXFX-pythia8_cat3L_sys_ElectronEnUp
Merging measMET_DYJetsToLL_Pt-650ToInf_TuneCUETP8M1_13TeV-amcatnloFXFX-pythia8_catSignal-0jet_sys_PDFUp
Merging measMET_DYJetsToLL_Pt-650ToInf_TuneCUETP8M1_13TeV-amcatnloFXFX-pythia8_catSignal-1jet_sys_puWeightUp
Merging MT_DYJetsToLL_Pt-650ToInf_TuneCUETP8M1_13TeV-amcatnloFXFX-pythia8_catDY_sys_jerUp
Merging MT_DYJetsToLL_Pt-650ToInf_TuneCUETP8M1_13TeV-amcatnloFXFX-pythia8_catSignal-0jet_sys_ElectronEnUp
Merging MT_DYJetsToLL_Pt-650ToInf_TuneCUETP8M1_13TeV-amcatnloFXFX-pythia8_catSignal-1jet_sys_MuonSFUp
Merging measMET_DYJetsToLL_Pt-650ToInf_TuneCUETP8M1_13TeV-amcatnloFXFX-pythia8_catNRB_sys_EWKUp
Merging balance_DYJetsToLL_Pt-650ToInf_TuneCUETP8M1_13TeV-amcatnloFXFX-pythia8_sys_QCDScale0wDown
Merging measMET_DYJetsToLL_Pt-650ToInf_TuneCUETP8M1_13TeV-amcatnloFXFX-pythia8_cat4L_sys_TriggerSFWeightUp
Merging measMET_DYJetsToLL_Pt-650ToInf_TuneCUETP8M1_13TeV-amcatnloFXFX-pythia8_catEM_sys_ElectronEnDown
Merging measMET_DYJetsToLL_Pt-650ToInf_TuneCUETP8M1_13TeV-amcatnloFXFX-pythia8_catTOP_sys_jesTotalDown
Merging phizmet_DYJetsToLL_Pt-650ToInf_TuneCUETP8M1_13TeV-amcatnloFXFX-pythia8_sys_jerUp
Merging measMET_DYJetsToLL_Pt-650ToInf_TuneCUETP8M1_13TeV-amcatnloFXFX-pythia8_cat4L_sys_MuonSFUp
Merging MT_DYJetsToLL_Pt-650ToInf_TuneCUETP8M1_13TeV-amcatnloFXFX-pythia8_catTOP_sys_MuonSFDown
Merging MT_DYJetsToLL_Pt-650ToInf_TuneCUETP8M1_13TeV-amcatnloFXFX-pythia8_catEM_sys_jesTotalUp
Merging MT_DYJetsToLL_Pt-650ToInf_TuneCUETP8M1_13TeV-amcatnloFXFX-pythia8_catSignal-1jet_sys_QCDScale1wUp
Merging measMET_DYJetsToLL_Pt-650ToInf_TuneCUETP8M1_13TeV-amcatnloFXFX-pythia8_catNRB_sys_EWKDown
Merging phizmet_DYJetsToLL_Pt-650ToInf_TuneCUETP8M1_13TeV-amcatnloFXFX-pythia8_sys_MuonSFUp
Merging MT_DYJetsToLL_Pt-650ToInf_TuneCUETP8M1_13TeV-amcatnloFXFX-pythia8_catTOP_sys_QCDScale0wDown
Merging measMET_DYJetsToLL_Pt-650ToInf_TuneCUETP8M1_13TeV-amcatnloFXFX-pythia8_cat4L_sys_PDFUp
Merging balance_DYJetsToLL_Pt-650ToInf_TuneCUETP8M1_13TeV-amcatnloFXFX-pythia8_sys_PrefireWeightUp
Merging MT_DYJetsToLL_Pt-650ToInf_TuneCUETP8M1_13TeV-amcatnloFXFX-pythia8_cat4L_sys_TriggerSFWeightUp
Merging MT_DYJetsToLL_Pt-650ToInf_TuneCUETP8M1_13TeV-amcatnloFXFX-pythia8_catNRB_sys_jesTotalUp
Merging MT_DYJetsToLL_Pt-650ToInf_TuneCUETP8M1_13TeV-amcatnloFXFX-pythia8_catEM_sys_PDFDown
Merging measMET_DYJetsToLL_Pt-650ToInf_TuneCUETP8M1_13TeV-amcatnloFXFX-pythia8_catSignal-0jet_sys_TriggerSFWeightDown
Merging MT_DYJetsToLL_Pt-650ToInf_TuneCUETP8M1_13TeV-amcatnloFXFX-pythia8_cat4L_sys_EWKDown
Merging measMET_DYJetsToLL_Pt-650ToInf_TuneCUETP8M1_13TeV-amcatnloFXFX-pythia8_catEM_sys_QCDScale2wUp
Merging MT_DYJetsToLL_Pt-650ToInf_TuneCUETP8M1_13TeV-amcatnloFXFX-pythia8_catEM_sys_jerUp
Merging balance_DYJetsToLL_Pt-650ToInf_TuneCUETP8M1_13TeV-amcatnloFXFX-pythia8_sys_MuonSFUp
Merging measMET_DYJetsToLL_Pt-650ToInf_TuneCUETP8M1_13TeV-amcatnloFXFX-pythia8_catEM_sys_MuonSFDown
Merging measMET_DYJetsToLL_Pt-650ToInf_TuneCUETP8M1_13TeV-amcatnloFXFX-pythia8_catDY_sys_QCDScale1wDown
Merging balance_DYJetsToLL_Pt-650ToInf_TuneCUETP8M1_13TeV-amcatnloFXFX-pythia8_sys_MuonEnDown
Merging MT_DYJetsToLL_Pt-650ToInf_TuneCUETP8M1_13TeV-amcatnloFXFX-pythia8_catDY_sys_MuonEnUp
Merging MT_DYJetsToLL_Pt-650ToInf_TuneCUETP8M1_13TeV-amcatnloFXFX-pythia8_cat3L_sys_PDFUp
Merging MT_DYJetsToLL_Pt-650ToInf_TuneCUETP8M1_13TeV-amcatnloFXFX-pythia8_catEM_sys_ElecronSFDown
Merging measMET_DYJetsToLL_Pt-650ToInf_TuneCUETP8M1_13TeV-amcatnloFXFX-pythia8_catSignal-1jet_sys_MuonSFUp
Merging MT_DYJetsToLL_Pt-650ToInf_TuneCUETP8M1_13TeV-amcatnloFXFX-pythia8_catDY_sys_jerDown
Merging measMET_DYJetsToLL_Pt-650ToInf_TuneCUETP8M1_13TeV-amcatnloFXFX-pythia8_catTOP_sys_nvtxWeightUp
Merging measMET_DYJetsToLL_Pt-650ToInf_TuneCUETP8M1_13TeV-amcatnloFXFX-pythia8_catDY_sys_jerDown
Merging measMET_DYJetsToLL_Pt-650ToInf_TuneCUETP8M1_13TeV-amcatnloFXFX-pythia8_catDY_sys_nvtxWeightUp
Merging balance_DYJetsToLL_Pt-650ToInf_TuneCUETP8M1_13TeV-amcatnloFXFX-pythia8_sys_nvtxWeightDown
Merging MT_DYJetsToLL_Pt-650ToInf_TuneCUETP8M1_13TeV-amcatnloFXFX-pythia8_cat3L_sys_TriggerSFWeightDown
Merging balance_DYJetsToLL_Pt-650ToInf_TuneCUETP8M1_13TeV-amcatnloFXFX-pythia8_sys_jerUp
Merging MT_DYJetsToLL_Pt-650ToInf_TuneCUETP8M1_13TeV-amcatnloFXFX-pythia8_catSignal-1jet_sys_nvtxWeightDown
Merging MT_DYJetsToLL_Pt-650ToInf_TuneCUETP8M1_13TeV-amcatnloFXFX-pythia8_cat3L_sys_ElecronSFUp
Merging balance_DYJetsToLL_Pt-650ToInf_TuneCUETP8M1_13TeV-amcatnloFXFX-pythia8_sys_PDFUp
Merging measMET_DYJetsToLL_Pt-650ToInf_TuneCUETP8M1_13TeV-amcatnloFXFX-pythia8_cat3L_sys_nvtxWeightUp
Merging measMET_DYJetsToLL_Pt-650ToInf_TuneCUETP8M1_13TeV-amcatnloFXFX-pythia8_catSignal-0jet_sys_EWKDown
Merging measMET_DYJetsToLL_Pt-650ToInf_TuneCUETP8M1_13TeV-amcatnloFXFX-pythia8_catEM_sys_btagEventWeightDown
Merging phizmet_DYJetsToLL_Pt-650ToInf_TuneCUETP8M1_13TeV-amcatnloFXFX-pythia8_sys_btagEventWeightUp
Merging MT_DYJetsToLL_Pt-650ToInf_TuneCUETP8M1_13TeV-amcatnloFXFX-pythia8_catNRB_sys_TriggerSFWeightDown
Merging phizmet_DYJetsToLL_Pt-650ToInf_TuneCUETP8M1_13TeV-amcatnloFXFX-pythia8_sys_PDFDown
Merging njet_DYJetsToLL_Pt-650ToInf_TuneCUETP8M1_13TeV-amcatnloFXFX-pythia8_sys_QCDScale0wUp
Merging measMET_DYJetsToLL_Pt-650ToInf_TuneCUETP8M1_13TeV-amcatnloFXFX-pythia8_catNRB_sys_MuonEnUp
Merging measMET_DYJetsToLL_Pt-650ToInf_TuneCUETP8M1_13TeV-amcatnloFXFX-pythia8_catSignal-0jet_sys_jerUp
Merging measMET_DYJetsToLL_Pt-650ToInf_TuneCUETP8M1_13TeV-amcatnloFXFX-pythia8_catEM_sys_TriggerSFWeightDown
Merging measMET_DYJetsToLL_Pt-650ToInf_TuneCUETP8M1_13TeV-amcatnloFXFX-pythia8_catDY_sys_jesTotalUp
Merging MT_DYJetsToLL_Pt-650ToInf_TuneCUETP8M1_13TeV-amcatnloFXFX-pythia8_catNRB_sys_jerUp
Merging measMET_DYJetsToLL_Pt-650ToInf_TuneCUETP8M1_13TeV-amcatnloFXFX-pythia8_catEM_sys_btagEventWeightUp
Merging measMET_DYJetsToLL_Pt-650ToInf_TuneCUETP8M1_13TeV-amcatnloFXFX-pythia8_cat4L_sys_PDFDown
Merging MT_DYJetsToLL_Pt-650ToInf_TuneCUETP8M1_13TeV-amcatnloFXFX-pythia8_cat4L_sys_TriggerSFWeightDown
Merging balance_DYJetsToLL_Pt-650ToInf_TuneCUETP8M1_13TeV-amcatnloFXFX-pythia8_sys_PrefireWeightDown
Merging measMET_DYJetsToLL_Pt-650ToInf_TuneCUETP8M1_13TeV-amcatnloFXFX-pythia8_catDY_sys_EWKUp
Merging measMET_DYJetsToLL_Pt-650ToInf_TuneCUETP8M1_13TeV-amcatnloFXFX-pythia8_cat3L_sys_nvtxWeightDown
Merging measMET_DYJetsToLL_Pt-650ToInf_TuneCUETP8M1_13TeV-amcatnloFXFX-pythia8_catSignal-1jet_sys_QCDScale2wUp
Merging measMET_DYJetsToLL_Pt-650ToInf_TuneCUETP8M1_13TeV-amcatnloFXFX-pythia8_catSignal-1jet_sys_jerUp
Merging njet_DYJetsToLL_Pt-650ToInf_TuneCUETP8M1_13TeV-amcatnloFXFX-pythia8_sys_MuonEnUp
Merging measMET_DYJetsToLL_Pt-650ToInf_TuneCUETP8M1_13TeV-amcatnloFXFX-pythia8_catNRB_sys_MuonSFUp
Merging measMET_DYJetsToLL_Pt-650ToInf_TuneCUETP8M1_13TeV-amcatnloFXFX-pythia8_catSignal-0jet
Merging measMET_DYJetsToLL_Pt-650ToInf_TuneCUETP8M1_13TeV-amcatnloFXFX-pythia8_catSignal-1jet_sys_EWKDown
Merging MT_DYJetsToLL_Pt-650ToInf_TuneCUETP8M1_13TeV-amcatnloFXFX-pythia8_catSignal-0jet_sys_QCDScale0wUp
Merging MT_DYJetsToLL_Pt-650ToInf_TuneCUETP8M1_13TeV-amcatnloFXFX-pythia8_catSignal-1jet_sys_QCDScale2wDown
Merging MT_DYJetsToLL_Pt-650ToInf_TuneCUETP8M1_13TeV-amcatnloFXFX-pythia8_cat4L_sys_puWeightDown
Merging MT_DYJetsToLL_Pt-650ToInf_TuneCUETP8M1_13TeV-amcatnloFXFX-pythia8_catNRB_sys_MuonEnUp
Merging MT_DYJetsToLL_Pt-650ToInf_TuneCUETP8M1_13TeV-amcatnloFXFX-pythia8_cat4L_sys_ElecronSFUp
Merging MT_DYJetsToLL_Pt-650ToInf_TuneCUETP8M1_13TeV-amcatnloFXFX-pythia8_cat4L_sys_jerUp
Merging MT_DYJetsToLL_Pt-650ToInf_TuneCUETP8M1_13TeV-amcatnloFXFX-pythia8_cat3L_sys_MuonEnDown
Merging MT_DYJetsToLL_Pt-650ToInf_TuneCUETP8M1_13TeV-amcatnloFXFX-pythia8_catEM_sys_TriggerSFWeightDown
Merging measMET_DYJetsToLL_Pt-650ToInf_TuneCUETP8M1_13TeV-amcatnloFXFX-pythia8_cat3L_sys_QCDScale0wUp
Merging MT_DYJetsToLL_Pt-650ToInf_TuneCUETP8M1_13TeV-amcatnloFXFX-pythia8_catNRB_sys_QCDScale2wUp
Merging measMET_DYJetsToLL_Pt-650ToInf_TuneCUETP8M1_13TeV-amcatnloFXFX-pythia8_catSignal-1jet_sys_ElecronSFDown
Merging MT_DYJetsToLL_Pt-650ToInf_TuneCUETP8M1_13TeV-amcatnloFXFX-pythia8_catTOP_sys_jerUp
Merging MT_DYJetsToLL_Pt-650ToInf_TuneCUETP8M1_13TeV-amcatnloFXFX-pythia8_catSignal-1jet_sys_ElecronSFUp
Merging MT_DYJetsToLL_Pt-650ToInf_TuneCUETP8M1_13TeV-amcatnloFXFX-pythia8_cat4L_sys_ElectronEnUp
Merging MT_DYJetsToLL_Pt-650ToInf_TuneCUETP8M1_13TeV-amcatnloFXFX-pythia8_catSignal-0jet_sys_nvtxWeightDown
Merging measMET_DYJetsToLL_Pt-650ToInf_TuneCUETP8M1_13TeV-amcatnloFXFX-pythia8_catTOP_sys_jerDown
Merging MT_DYJetsToLL_Pt-650ToInf_TuneCUETP8M1_13TeV-amcatnloFXFX-pythia8_catTOP_sys_MuonEnDown
  223891 entries, 13.40% (elapsed time  1301.6s, curr speed    0.023 kHz, avg speed    0.023 kHz), accepted    30001/   30001 events (100.00%)
Processed    40000/  223891 entries, 17.87% (elapsed time  1808.7s, curr speed    0.020 kHz, avg speed    0.022 kHz), accepted    40001/   40001 events (100.00%)
Processed    50000/  223891 entries, 22.33% (elapsed time  2383.1s, curr speed    0.017 kHz, avg speed    0.021 kHz), accepted    50001/   50001 events (100.00%)
Processed    60000/  223891 entries, 26.80% (elapsed time  2984.4s, curr speed    0.017 kHz, avg speed    0.020 kHz), accepted    60001/   60001 events (100.00%)
Processed    70000/  223891 entries, 31.27% (elapsed time  3584.4s, curr speed    0.017 kHz, avg speed    0.020 kHz), accepted    70001/   70001 events (100.00%)
Processed    80000/  223891 entries, 35.73% (elapsed time  4173.4s, curr speed    0.017 kHz, avg speed    0.019 kHz), accepted    80001/   80001 events (100.00%)
Processed    90000/  223891 entries, 40.20% (elapsed time  4757.2s, curr speed    0.017 kHz, avg speed    0.019 kHz), accepted    90001/   90001 events (100.00%)
Processed   100000/  223891 entries, 44.66% (elapsed time  5301.6s, curr speed    0.018 kHz, avg speed    0.019 kHz), accepted   100001/  100001 events (100.00%)
Processed   110000/  223891 entries, 49.13% (elapsed time  5882.8s, curr speed    0.017 kHz, avg speed    0.019 kHz), accepted   110001/  110001 events (100.00%)
Processed   120000/  223891 entries, 53.60% (elapsed time  6464.2s, curr speed    0.017 kHz, avg speed    0.019 kHz), accepted   120001/  120001 events (100.00%)
Processed   130000/  223891 entries, 58.06% (elapsed time  7015.0s, curr speed    0.018 kHz, avg speed    0.019 kHz), accepted   130001/  130001 events (100.00%)
Processed   140000/  223891 entries, 62.53% (elapsed time  7627.6s, curr speed    0.016 kHz, avg speed    0.018 kHz), accepted   140001/  140001 events (100.00%)
Processed   150000/  223891 entries, 67.00% (elapsed time  8232.5s, curr speed    0.017 kHz, avg speed    0.018 kHz), accepted   150001/  150001 events (100.00%)
Processed   160000/  223891 entries, 71.46% (elapsed time  8805.7s, curr speed    0.017 kHz, avg speed    0.018 kHz), accepted   160001/  160001 events (100.00%)
Processed   170000/  223891 entries, 75.93% (elapsed time  9396.8s, curr speed    0.017 kHz, avg speed    0.018 kHz), accepted   170001/  170001 events (100.00%)
Processed   180000/  223891 entries, 80.40% (elapsed time  9996.0s, curr speed    0.017 kHz, avg speed    0.018 kHz), accepted   180001/  180001 events (100.00%)
Processed   190000/  223891 entries, 84.86% (elapsed time 10592.7s, curr speed    0.017 kHz, avg speed    0.018 kHz), accepted   190001/  190001 events (100.00%)
Processed   200000/  223891 entries, 89.33% (elapsed time 11183.2s, curr speed    0.017 kHz, avg speed    0.018 kHz), accepted   200001/  200001 events (100.00%)
Processed   210000/  223891 entries, 93.80% (elapsed time 11770.9s, curr speed    0.017 kHz, avg speed    0.018 kHz), accepted   210001/  210001 events (100.00%)
Processed   220000/  223891 entries, 98.26% (elapsed time 12357.3s, curr speed    0.017 kHz, avg speed    0.018 kHz), accepted   220001/  220001 events (100.00%)
Processed 223891 preselected entries from /eos/cms/store/group/phys_exotica/monoZ/Exorcism2016/DYJetsToLL_Pt-650ToInf_TuneCUETP8M1_13TeV-amcatnloFXFX-pythia8/tree_2.root (223891 entries). Finally selected 223891 entries
Done ./tree_2_Skim.root
17.7956651228 Hz
----- transfer output to eos :
----- directory after running :
.:
total 6248
-rw-r--r--. 1 cfreer zh    1232 Nov 30 00:48 FrameworkJobReport.xml
-rw-r--r--. 1 cfreer zh       0 Nov 29 21:17 _condor_stderr
-rw-r--r--. 1 cfreer zh   97306 Nov 30 00:48 _condor_stdout
-rw-------. 1 cfreer zh    4914 Nov 30 00:48 cfreer.cc
-rw-r--r--. 1 cfreer zh   16092 Nov 29 21:17 combineHLT_Run2.yaml
-rw-r--r--. 1 cfreer zh    5718 Nov 29 21:17 condor_WSProducer.py
-rwxr-xr-x. 1 cfreer zh     861 Nov 29 21:17 condor_exec.exe
-rwxr-xr-x. 1 cfreer zh    2559 Nov 29 21:17 haddnano.py
-rw-r--r--. 1 cfreer zh       8 Nov 29 21:17 keep_and_drop_WS.txt
drwx------. 3 cfreer zh    4096 Nov 29 21:17 tmp
-rw-r--r--. 1 cfreer zh 3120231 Nov 30 00:48 tree_1.root
-rw-r--r--. 1 cfreer zh 3120087 Nov 30 00:48 tree_2_Skim.root
drwx------. 3 cfreer zh    4096 Nov 29 21:17 var

./tmp:
total 4
drwxr-xr-x. 3 cfreer zh 4096 Nov 29 21:17 mjf-cfreer

./tmp/mjf-cfreer:
total 4
drwxr-xr-x. 2 cfreer zh 4096 Nov 29 21:17 jobfeatures-bigbird09.cern.ch_3029493.1_1574944519

./tmp/mjf-cfreer/jobfeatures-bigbird09.cern.ch_3029493.1_1574944519:
total 28
-rw-r--r--. 1 cfreer zh  1 Nov 29 21:17 allocated_cpu
-rw-r--r--. 1 cfreer zh  6 Nov 29 21:17 cpu_limit_secs
-rw-r--r--. 1 cfreer zh 38 Nov 29 21:17 job_id
-rw-r--r--. 1 cfreer zh 10 Nov 29 21:17 jobstart_secs
-rw-r--r--. 1 cfreer zh 10 Nov 29 21:17 max_rss_bytes
-rw-r--r--. 1 cfreer zh 10 Nov 29 21:17 scratch_limit_bytes
-rw-r--r--. 1 cfreer zh  6 Nov 29 21:17 wall_limit_secs

./var:
total 4
drwx------. 2 cfreer zh 4096 Nov 29 21:17 tmp

./var/tmp:
total 0
 ------ THE END (everyone dies !) ----- 
