
/pool/condor/dir_29731

... start job at 2019-11-29 13:29:19
----- directory before running:
.:
total 52
-rw-r--r--. 1 cfreer zh     0 Nov 29 13:29 _condor_stderr
-rw-r--r--. 1 cfreer zh    94 Nov 29 13:29 _condor_stdout
-rw-------. 1 cfreer zh  2642 Nov 29 13:29 cfreer.cc
-rw-r--r--. 1 cfreer zh 16092 Nov 29 13:29 combineHLT_Run2.yaml
-rw-r--r--. 1 cfreer zh  5718 Nov 29 13:29 condor_WSProducer.py
-rwxr-xr-x. 1 cfreer zh   843 Nov 29 13:29 condor_exec.exe
-rwxr-xr-x. 1 cfreer zh  2559 Nov 29 13:29 haddnano.py
-rw-r--r--. 1 cfreer zh     8 Nov 29 13:29 keep_and_drop_WS.txt
drwx------. 3 cfreer zh  4096 Nov 29 13:29 tmp
drwx------. 3 cfreer zh  4096 Nov 29 13:29 var

./tmp:
total 4
drwxr-xr-x. 3 cfreer zh 4096 Nov 29 13:29 mjf-cfreer

./tmp/mjf-cfreer:
total 4
drwxr-xr-x. 2 cfreer zh 4096 Nov 29 13:29 jobfeatures-bigbird09.cern.ch_3025186.57_1574903065

./tmp/mjf-cfreer/jobfeatures-bigbird09.cern.ch_3025186.57_1574903065:
total 28
-rw-r--r--. 1 cfreer zh  1 Nov 29 13:29 allocated_cpu
-rw-r--r--. 1 cfreer zh  6 Nov 29 13:29 cpu_limit_secs
-rw-r--r--. 1 cfreer zh 39 Nov 29 13:29 job_id
-rw-r--r--. 1 cfreer zh 10 Nov 29 13:29 jobstart_secs
-rw-r--r--. 1 cfreer zh 10 Nov 29 13:29 max_rss_bytes
-rw-r--r--. 1 cfreer zh 10 Nov 29 13:29 scratch_limit_bytes
-rw-r--r--. 1 cfreer zh  6 Nov 29 13:29 wall_limit_secs

./var:
total 4
drwx------. 2 cfreer zh 4096 Nov 29 13:29 tmp

./var/tmp:
total 0
----- CMSSW BASE, python path, pwd:
+ CMSSW_BASE  = /afs/cern.ch/work/c/cfreer/MonoZ_2019/MT_plots/CMSSW_10_6_4
+ PYTHON_PATH = 
+ PWD         = /pool/condor/dir_29731
Adding file ./tree_60_Skim.root
Merging measMET_monoZ_catSignal-0jet
Merging MT_monoZ_catSignal-0jet
Merging measMET_monoZ_catEM
Merging MT_monoZ_catEM
Merging measMET_monoZ_catSignal-1jet
Merging MT_monoZ_catSignal-1jet
Merging measMET_monoZ_cat3L
Merging MT_monoZ_cat3L
Merging measMET_monoZ_cat4L
Merging MT_monoZ_cat4L
Merging measMET_monoZ_catNRB
Merging MT_monoZ_catNRB
Merging measMET_monoZ_catTOP
Merging MT_monoZ_catTOP
Merging measMET_monoZ_catDY
Merging MT_monoZ_catDY
Merging balance_monoZ
Merging phizmet_monoZ
Merging njet_monoZ
Merging Events
Merging Runs
Merging ParameterSets
Merging LuminosityBlocks
Merging MetaData
Merging MT_data_catSignal-1jet
Merging measMET_data_catTOP
Merging MT_data_catEM
Merging MT_data_catTOP
Merging measMET_data_catNRB
Merging phizmet_data
Merging measMET_data_cat3L
Merging njet_data
Merging untagged
Merging MT_data_cat3L
Merging measMET_data_cat4L
Merging measMET_data_catEM
Merging MT_data_catDY
Merging measMET_data_catSignal-0jet
Merging MT_data_cat4L
Merging balance_data
Merging MT_data_catNRB
Merging MT_data_catSignal-0jet
Merging measMET_data_catSignal-1jet
Merging measMET_data_catDY
/eos/cms/store/group/phys_exotica/monoZ/Exorcism2016/DoubleEG_Run2016B_ver2-Nano1June2019_ver2-v1/tree_60.root  ->  /eos/cms/store/group/phys_exotica/monoZ/Exorcism2016/DoubleEG_Run2016B_ver2-Nano1June2019_ver2-v1/tree_60.root
Testing file open
Test OK
---------------------------
 -- options  =  Namespace(dataset='X', doSyst=1, era='2016', infile='/eos/cms/store/group/phys_exotica/monoZ/Exorcism2016/DoubleEG_Run2016B_ver2-Nano1June2019_ver2-v1/tree_60.root', isMC=0, jobNum=57, nevt=-1)
 -- is MC    =  0
 -- jobNum   =  57
 -- era      =  2016
 -- in file  =  /eos/cms/store/group/phys_exotica/monoZ/Exorcism2016/DoubleEG_Run2016B_ver2-Nano1June2019_ver2-v1/tree_60.root
 -- dataset  =  X
---------------------------
modules :  <PhysicsTools.MonoZ.MonoZWSProducer.MonoZWSProducer object at 0x2b68a3973890>
Selection :  
Will write selected trees to .
Pre-select 2368 entries out of 2368 (100.00%)
Processed 2368 preselected entries from /eos/cms/store/group/phys_exotica/monoZ/Exorcism2016/DoubleEG_Run2016B_ver2-Nano1June2019_ver2-v1/tree_60.root (2368 entries). Finally selected 2368 entries
Done ./tree_60_Skim.root
66.6854407209 Hz
----- transfer output to eos :
----- directory after running :
.:
total 13892
-rw-r--r--. 1 cfreer zh    1214 Nov 29 13:30 FrameworkJobReport.xml
-rw-r--r--. 1 cfreer zh       0 Nov 29 13:29 _condor_stderr
-rw-r--r--. 1 cfreer zh    3923 Nov 29 13:30 _condor_stdout
-rw-------. 1 cfreer zh    4914 Nov 29 13:30 cfreer.cc
-rw-r--r--. 1 cfreer zh   16092 Nov 29 13:29 combineHLT_Run2.yaml
-rw-r--r--. 1 cfreer zh    5718 Nov 29 13:29 condor_WSProducer.py
-rwxr-xr-x. 1 cfreer zh     843 Nov 29 13:29 condor_exec.exe
-rwxr-xr-x. 1 cfreer zh    2559 Nov 29 13:29 haddnano.py
-rw-r--r--. 1 cfreer zh       8 Nov 29 13:29 keep_and_drop_WS.txt
drwx------. 3 cfreer zh    4096 Nov 29 13:29 tmp
-rw-r--r--. 1 cfreer zh 7079386 Nov 29 13:30 tree_57.root
-rw-r--r--. 1 cfreer zh 7079262 Nov 29 13:30 tree_60_Skim.root
drwx------. 3 cfreer zh    4096 Nov 29 13:29 var

./tmp:
total 4
drwxr-xr-x. 3 cfreer zh 4096 Nov 29 13:29 mjf-cfreer

./tmp/mjf-cfreer:
total 4
drwxr-xr-x. 2 cfreer zh 4096 Nov 29 13:29 jobfeatures-bigbird09.cern.ch_3025186.57_1574903065

./tmp/mjf-cfreer/jobfeatures-bigbird09.cern.ch_3025186.57_1574903065:
total 28
-rw-r--r--. 1 cfreer zh  1 Nov 29 13:29 allocated_cpu
-rw-r--r--. 1 cfreer zh  6 Nov 29 13:29 cpu_limit_secs
-rw-r--r--. 1 cfreer zh 39 Nov 29 13:29 job_id
-rw-r--r--. 1 cfreer zh 10 Nov 29 13:29 jobstart_secs
-rw-r--r--. 1 cfreer zh 10 Nov 29 13:29 max_rss_bytes
-rw-r--r--. 1 cfreer zh 10 Nov 29 13:29 scratch_limit_bytes
-rw-r--r--. 1 cfreer zh  6 Nov 29 13:29 wall_limit_secs

./var:
total 4
drwx------. 2 cfreer zh 4096 Nov 29 13:29 tmp

./var/tmp:
total 0
 ------ THE END (everyone dies !) ----- 
