
/pool/condor/dir_10712

... start job at 2019-11-29 10:53:04
----- directory before running:
.:
total 52
-rw-r--r--. 1 cfreer zh     0 Nov 29 10:53 _condor_stderr
-rw-r--r--. 1 cfreer zh    94 Nov 29 10:53 _condor_stdout
-rw-------. 1 cfreer zh  2642 Nov 29 10:53 cfreer.cc
-rw-r--r--. 1 cfreer zh 16092 Nov 29 10:53 combineHLT_Run2.yaml
-rw-r--r--. 1 cfreer zh  5718 Nov 29 10:53 condor_WSProducer.py
-rwxr-xr-x. 1 cfreer zh   835 Nov 29 10:53 condor_exec.exe
-rwxr-xr-x. 1 cfreer zh  2559 Nov 29 10:53 haddnano.py
-rw-r--r--. 1 cfreer zh     8 Nov 29 10:53 keep_and_drop_WS.txt
drwx------. 3 cfreer zh  4096 Nov 29 10:53 tmp
drwx------. 3 cfreer zh  4096 Nov 29 10:53 var

./tmp:
total 4
drwxr-xr-x. 3 cfreer zh 4096 Nov 29 10:53 mjf-cfreer

./tmp/mjf-cfreer:
total 4
drwxr-xr-x. 2 cfreer zh 4096 Nov 29 10:53 jobfeatures-bigbird09.cern.ch_3025034.97_1574902048

./tmp/mjf-cfreer/jobfeatures-bigbird09.cern.ch_3025034.97_1574902048:
total 28
-rw-r--r--. 1 cfreer zh  1 Nov 29 10:53 allocated_cpu
-rw-r--r--. 1 cfreer zh  6 Nov 29 10:53 cpu_limit_secs
-rw-r--r--. 1 cfreer zh 39 Nov 29 10:53 job_id
-rw-r--r--. 1 cfreer zh 10 Nov 29 10:53 jobstart_secs
-rw-r--r--. 1 cfreer zh 10 Nov 29 10:53 max_rss_bytes
-rw-r--r--. 1 cfreer zh 10 Nov 29 10:53 scratch_limit_bytes
-rw-r--r--. 1 cfreer zh  6 Nov 29 10:53 wall_limit_secs

./var:
total 4
drwx------. 2 cfreer zh 4096 Nov 29 10:53 tmp

./var/tmp:
total 0
----- CMSSW BASE, python path, pwd:
+ CMSSW_BASE  = /afs/cern.ch/work/c/cfreer/MonoZ_2019/MT_plots/CMSSW_10_6_4
+ PYTHON_PATH = 
+ PWD         = /pool/condor/dir_10712
Adding file ./tree_46_Skim.root
Merging measMET_monoZ_catSignal-0jet
Merging MT_monoZ_catSignal-0jet
Merging measMET_monoZ_catEM
Merging MT_monoZ_catEM
Merging measMET_monoZ_catSignal-1jet
Merging MT_monoZ_catSignal-1jet
Merging measMET_monoZ_cat3L
Merging MT_monoZ_cat3L
Merging measMET_monoZ_cat4L
Merging MT_monoZ_cat4L
Merging measMET_monoZ_catNRB
Merging MT_monoZ_catNRB
Merging measMET_monoZ_catTOP
Merging MT_monoZ_catTOP
Merging measMET_monoZ_catDY
Merging MT_monoZ_catDY
Merging balance_monoZ
Merging phizmet_monoZ
Merging njet_monoZ
Merging Events
Merging Runs
Merging ParameterSets
Merging LuminosityBlocks
Merging MetaData
Merging MT_data_catSignal-1jet
Merging measMET_data_catTOP
Merging MT_data_catEM
Merging MT_data_catTOP
Merging measMET_data_catNRB
Merging phizmet_data
Merging measMET_data_cat3L
Merging njet_data
Merging untagged
Merging MT_data_cat3L
Merging measMET_data_cat4L
Merging measMET_data_catEM
Merging MT_data_catDY
Merging measMET_data_catSignal-0jet
Merging MT_data_cat4L
Merging balance_data
Merging MT_data_catNRB
Merging MT_data_catSignal-0jet
Merging measMET_data_catSignal-1jet
Merging measMET_data_catDY
/eos/cms/store/group/phys_exotica/monoZ/Exorcism2017/SingleMuon_Run2017F-Nano1June2019-v1/tree_46.root  ->  /eos/cms/store/group/phys_exotica/monoZ/Exorcism2017/SingleMuon_Run2017F-Nano1June2019-v1/tree_46.root
Testing file open
Test OK
---------------------------
 -- options  =  Namespace(dataset='X', doSyst=1, era='2017', infile='/eos/cms/store/group/phys_exotica/monoZ/Exorcism2017/SingleMuon_Run2017F-Nano1June2019-v1/tree_46.root', isMC=0, jobNum=97, nevt=-1)
 -- is MC    =  0
 -- jobNum   =  97
 -- era      =  2017
 -- in file  =  /eos/cms/store/group/phys_exotica/monoZ/Exorcism2017/SingleMuon_Run2017F-Nano1June2019-v1/tree_46.root
 -- dataset  =  X
---------------------------
modules :  <PhysicsTools.MonoZ.MonoZWSProducer.MonoZWSProducer object at 0x2b5af8089890>
Selection :  
Will write selected trees to .
Pre-select 654 entries out of 654 (100.00%)
Processed 654 preselected entries from /eos/cms/store/group/phys_exotica/monoZ/Exorcism2017/SingleMuon_Run2017F-Nano1June2019-v1/tree_46.root (654 entries). Finally selected 654 entries
Done ./tree_46_Skim.root
27.3984080436 Hz
----- transfer output to eos :
----- directory after running :
.:
total 9884
-rw-r--r--. 1 cfreer zh    1205 Nov 29 10:53 FrameworkJobReport.xml
-rw-r--r--. 1 cfreer zh       0 Nov 29 10:53 _condor_stderr
-rw-r--r--. 1 cfreer zh    3878 Nov 29 10:53 _condor_stdout
-rw-------. 1 cfreer zh    4914 Nov 29 10:53 cfreer.cc
-rw-r--r--. 1 cfreer zh   16092 Nov 29 10:53 combineHLT_Run2.yaml
-rw-r--r--. 1 cfreer zh    5718 Nov 29 10:53 condor_WSProducer.py
-rwxr-xr-x. 1 cfreer zh     835 Nov 29 10:53 condor_exec.exe
-rwxr-xr-x. 1 cfreer zh    2559 Nov 29 10:53 haddnano.py
-rw-r--r--. 1 cfreer zh       8 Nov 29 10:53 keep_and_drop_WS.txt
drwx------. 3 cfreer zh    4096 Nov 29 10:53 tmp
-rw-r--r--. 1 cfreer zh 5029351 Nov 29 10:53 tree_46_Skim.root
-rw-r--r--. 1 cfreer zh 5029479 Nov 29 10:53 tree_97.root
drwx------. 3 cfreer zh    4096 Nov 29 10:53 var

./tmp:
total 4
drwxr-xr-x. 3 cfreer zh 4096 Nov 29 10:53 mjf-cfreer

./tmp/mjf-cfreer:
total 4
drwxr-xr-x. 2 cfreer zh 4096 Nov 29 10:53 jobfeatures-bigbird09.cern.ch_3025034.97_1574902048

./tmp/mjf-cfreer/jobfeatures-bigbird09.cern.ch_3025034.97_1574902048:
total 28
-rw-r--r--. 1 cfreer zh  1 Nov 29 10:53 allocated_cpu
-rw-r--r--. 1 cfreer zh  6 Nov 29 10:53 cpu_limit_secs
-rw-r--r--. 1 cfreer zh 39 Nov 29 10:53 job_id
-rw-r--r--. 1 cfreer zh 10 Nov 29 10:53 jobstart_secs
-rw-r--r--. 1 cfreer zh 10 Nov 29 10:53 max_rss_bytes
-rw-r--r--. 1 cfreer zh 10 Nov 29 10:53 scratch_limit_bytes
-rw-r--r--. 1 cfreer zh  6 Nov 29 10:53 wall_limit_secs

./var:
total 4
drwx------. 2 cfreer zh 4096 Nov 29 10:53 tmp

./var/tmp:
total 0
 ------ THE END (everyone dies !) ----- 
