
/pool/condor/dir_31229

... start job at 2019-11-29 01:35:35
----- directory before running:
.:
total 52
-rw-r--r--. 1 cfreer zh     0 Nov 29 01:35 _condor_stderr
-rw-r--r--. 1 cfreer zh    94 Nov 29 01:35 _condor_stdout
-rw-------. 1 cfreer zh  2642 Nov 29 01:35 cfreer.cc
-rw-r--r--. 1 cfreer zh 16092 Nov 29 01:35 combineHLT_Run2.yaml
-rw-r--r--. 1 cfreer zh  5718 Nov 29 01:35 condor_WSProducer.py
-rwxr-xr-x. 1 cfreer zh   844 Nov 29 01:35 condor_exec.exe
-rwxr-xr-x. 1 cfreer zh  2559 Nov 29 01:35 haddnano.py
-rw-r--r--. 1 cfreer zh     8 Nov 29 01:35 keep_and_drop_WS.txt
drwx------. 3 cfreer zh  4096 Nov 29 01:35 tmp
drwx------. 3 cfreer zh  4096 Nov 29 01:35 var

./tmp:
total 4
drwxr-xr-x. 3 cfreer zh 4096 Nov 29 01:35 mjf-cfreer

./tmp/mjf-cfreer:
total 4
drwxr-xr-x. 2 cfreer zh 4096 Nov 29 01:35 jobfeatures-bigbird09.cern.ch_3023419.0_1574897145

./tmp/mjf-cfreer/jobfeatures-bigbird09.cern.ch_3023419.0_1574897145:
total 28
-rw-r--r--. 1 cfreer zh  1 Nov 29 01:35 allocated_cpu
-rw-r--r--. 1 cfreer zh  6 Nov 29 01:35 cpu_limit_secs
-rw-r--r--. 1 cfreer zh 38 Nov 29 01:35 job_id
-rw-r--r--. 1 cfreer zh 10 Nov 29 01:35 jobstart_secs
-rw-r--r--. 1 cfreer zh 10 Nov 29 01:35 max_rss_bytes
-rw-r--r--. 1 cfreer zh 10 Nov 29 01:35 scratch_limit_bytes
-rw-r--r--. 1 cfreer zh  6 Nov 29 01:35 wall_limit_secs

./var:
total 4
drwx------. 2 cfreer zh 4096 Nov 29 01:35 tmp

./var/tmp:
total 0
----- CMSSW BASE, python path, pwd:
+ CMSSW_BASE  = /afs/cern.ch/work/c/cfreer/MonoZ_2019/MT_plots/CMSSW_10_6_4
+ PYTHON_PATH = 
+ PWD         = /pool/condor/dir_31229
/eos/cms/store/group/phys_exotica/monoZ/Exorcism2017/Pseudoscalar2HDM_MonoZLL_mScan_mH-1000_ma-400/tree_0.root  ->  /eos/cms/store/group/phys_exotica/monoZ/Exorcism2017/Pseudoscalar2HDM_MonoZLL_mScan_mH-1000_ma-400/tree_0.root
Testing file open
Test OK
---------------------------
 -- options  =  Namespace(dataset='X', doSyst=1, era='2017', infile='/eos/cms/store/group/phys_exotica/monoZ/Exorcism2017/Pseudoscalar2HDM_MonoZLL_mScan_mH-1000_ma-400/tree_0.root', isMC=1, jobNum=0, nevt=-1)
 -- is MC    =  1
 -- jobNum   =  0
 -- era      =  2017
 -- in file  =  /eos/cms/store/group/phys_exotica/monoZ/Exorcism2017/Pseudoscalar2HDM_MonoZLL_mScan_mH-1000_ma-400/tree_0.root
 -- dataset  =  X
---------------------------
[check] condtag_ ==  Pseudoscalar2HDM_MonoZLL_mScan_mH-1000_ma-400
[check] dataset  ==  monoZ
modules :  <PhysicsTools.MonoZ.MonoZWSProducer.MonoZWSProducer object at 0x2b120be5b750>
modules :  <PhysicsTools.MonoZ.MonoZWSProducer.MonoZWSProducer object at 0x2b120be5b810>
modules :  <PhysicsTools.MonoZ.MonoZWSProducer.MonoZWSProducer object at 0x2b120be5b850>
modules :  <PhysicsTools.MonoZ.MonoZWSProducer.MonoZWSProducer object at 0x2b120be5b890>
modules :  <PhysicsTools.MonoZ.MonoZWSProducer.MonoZWSProducer object at 0x2b120be5b8d0>
modules :  <PhysicsTools.MonoZ.MonoZWSProducer.MonoZWSProducer object at 0x2b120be5b910>
modules :  <PhysicsTools.MonoZ.MonoZWSProducer.MonoZWSProducer object at 0x2b120be5b950>
modules :  <PhysicsTools.MonoZ.MonoZWSProducer.MonoZWSProducer object at 0x2b120be5b990>
modules :  <PhysicsTools.MonoZ.MonoZWSProducer.MonoZWSProducer object at 0x2b120be5b9d0>
modules :  <PhysicsTools.MonoZ.MonoZWSProducer.MonoZWSProducer object at 0x2b120be5ba10>
modules :  <PhysicsTools.MonoZ.MonoZWSProducer.MonoZWSProducer object at 0x2b120be5ba50>
modules :  <PhysicsTools.MonoZ.MonoZWSProducer.MonoZWSProducer object at 0x2b120be5ba90>
modules :  <PhysicsTools.MonoZ.MonoZWSProducer.MonoZWSProducer object at 0x2b120be5bad0>
modules :  <PhysicsTools.MonoZ.MonoZWSProducer.MonoZWSProducer object at 0x2b120be5bb10>
modules :  <PhysicsTools.MonoZ.MonoZWSProducer.MonoZWSProducer object at 0x2b120be5bb50>
modules :  <PhysicsTools.MonoZ.MonoZWSProducer.MonoZWSProducer object at 0x2b120be5bb90>
modules :  <PhysicsTools.MonoZ.MonoZWSProducer.MonoZWSProducer object at 0x2b120be5bbd0>
modules :  <PhysicsTools.MonoZ.MonoZWSProducer.MonoZWSProducer object at 0x2b120be5bc10>
modules :  <PhysicsTools.MonoZ.MonoZWSProducer.MonoZWSProducer object at 0x2b120be5bc50>
modules :  <PhysicsTools.MonoZ.MonoZWSProducer.MonoZWSProducer object at 0x2b120be5bc90>
modules :  <PhysicsTools.MonoZ.MonoZWSProducer.MonoZWSProducer object at 0x2b120be5bcd0>
modules :  <PhysicsTools.MonoZ.MonoZWSProducer.MonoZWSProducer object at 0x2b120be5bd10>
modules :  <PhysicsTools.MonoZ.MonoZWSProducer.MonoZWSProducer object at 0x2b120be5bd90>
modules :  <PhysicsTools.MonoZ.MonoZWSProducer.MonoZWSProducer object at 0x2b120be5be10>
modules :  <PhysicsTools.MonoZ.MonoZWSProducer.MonoZWSProducer object at 0x2b120be5be90>
modules :  <PhysicsTools.MonoZ.MonoZWSProducer.MonoZWSProducer object at 0x2b120be5bf10>
modules :  <PhysicsTools.MonoZ.MonoZWSProducer.MonoZWSProducer object at 0x2b120be5bf50>
modules :  <PhysicsTools.MonoZ.MonoZWSProducer.MonoZWSProducer object at 0x2b120be5bf90>
modules :  <PhysicsTools.MonoZ.MonoZWSProducer.MonoZWSProducer object at 0x2b120be5bfd0>
modules :  <PhysicsTools.MonoZ.MonoZWSProducer.MonoZWSProducer object at 0x2b120be5d050>
modules :  <PhysicsTools.MonoZ.MonoZWSProducer.MonoZWSProducer object at 0x2b120be5d090>
Selection :  
Will write selected trees to .
Pre-select 35778 entries out of 35778 (100.00%)
Processed    10000/   35778 entries, 27.95% (elapsed time   404.6s, curr speed    0.025 kHz, avg speed    0.025 kHz), accepted    10001/   10001 events (100.00%)
Processed    20000/   35778 entries, 55.90% (elapsed time   808.1s, curr speed    0.025 kHz, avg speed    0.025 kHz), accepted    20001/   20001 events (100.00%)
Processed    30000/   35778 entries, 83.85% (elapsed time  1208.5s, curr speed    0.025 kHz, avg speed    Adding file ./tree_0_Skim.root
Merging measMET_monoZ_catSignal-0jet
Merging MT_monoZ_catSignal-0jet
Merging measMET_monoZ_catEM
Merging MT_monoZ_catEM
Merging measMET_monoZ_catSignal-1jet
Merging MT_monoZ_catSignal-1jet
Merging measMET_monoZ_cat3L
Merging MT_monoZ_cat3L
Merging measMET_monoZ_cat4L
Merging MT_monoZ_cat4L
Merging measMET_monoZ_catNRB
Merging MT_monoZ_catNRB
Merging measMET_monoZ_catTOP
Merging MT_monoZ_catTOP
Merging measMET_monoZ_catDY
Merging MT_monoZ_catDY
Merging balance_monoZ
Merging phizmet_monoZ
Merging njet_monoZ
Merging measMET_monoZ_catSignal-0jet_sys_ElectronEnUp
Merging MT_monoZ_catSignal-0jet_sys_ElectronEnUp
Merging measMET_monoZ_catEM_sys_ElectronEnUp
Merging MT_monoZ_catEM_sys_ElectronEnUp
Merging measMET_monoZ_catSignal-1jet_sys_ElectronEnUp
Merging MT_monoZ_catSignal-1jet_sys_ElectronEnUp
Merging measMET_monoZ_cat3L_sys_ElectronEnUp
Merging MT_monoZ_cat3L_sys_ElectronEnUp
Merging measMET_monoZ_cat4L_sys_ElectronEnUp
Merging MT_monoZ_cat4L_sys_ElectronEnUp
Merging measMET_monoZ_catNRB_sys_ElectronEnUp
Merging MT_monoZ_catNRB_sys_ElectronEnUp
Merging measMET_monoZ_catTOP_sys_ElectronEnUp
Merging MT_monoZ_catTOP_sys_ElectronEnUp
Merging measMET_monoZ_catDY_sys_ElectronEnUp
Merging MT_monoZ_catDY_sys_ElectronEnUp
Merging balance_monoZ_sys_ElectronEnUp
Merging phizmet_monoZ_sys_ElectronEnUp
Merging njet_monoZ_sys_ElectronEnUp
Merging measMET_monoZ_catSignal-0jet_sys_ElectronEnDown
Merging MT_monoZ_catSignal-0jet_sys_ElectronEnDown
Merging measMET_monoZ_catEM_sys_ElectronEnDown
Merging MT_monoZ_catEM_sys_ElectronEnDown
Merging measMET_monoZ_catSignal-1jet_sys_ElectronEnDown
Merging MT_monoZ_catSignal-1jet_sys_ElectronEnDown
Merging measMET_monoZ_cat3L_sys_ElectronEnDown
Merging MT_monoZ_cat3L_sys_ElectronEnDown
Merging measMET_monoZ_cat4L_sys_ElectronEnDown
Merging MT_monoZ_cat4L_sys_ElectronEnDown
Merging measMET_monoZ_catNRB_sys_ElectronEnDown
Merging MT_monoZ_catNRB_sys_ElectronEnDown
Merging measMET_monoZ_catTOP_sys_ElectronEnDown
Merging MT_monoZ_catTOP_sys_ElectronEnDown
Merging measMET_monoZ_catDY_sys_ElectronEnDown
Merging MT_monoZ_catDY_sys_ElectronEnDown
Merging balance_monoZ_sys_ElectronEnDown
Merging phizmet_monoZ_sys_ElectronEnDown
Merging njet_monoZ_sys_ElectronEnDown
Merging measMET_monoZ_catSignal-0jet_sys_MuonEnUp
Merging MT_monoZ_catSignal-0jet_sys_MuonEnUp
Merging measMET_monoZ_catEM_sys_MuonEnUp
Merging MT_monoZ_catEM_sys_MuonEnUp
Merging measMET_monoZ_catSignal-1jet_sys_MuonEnUp
Merging MT_monoZ_catSignal-1jet_sys_MuonEnUp
Merging measMET_monoZ_cat3L_sys_MuonEnUp
Merging MT_monoZ_cat3L_sys_MuonEnUp
Merging measMET_monoZ_cat4L_sys_MuonEnUp
Merging MT_monoZ_cat4L_sys_MuonEnUp
Merging measMET_monoZ_catNRB_sys_MuonEnUp
Merging MT_monoZ_catNRB_sys_MuonEnUp
Merging measMET_monoZ_catTOP_sys_MuonEnUp
Merging MT_monoZ_catTOP_sys_MuonEnUp
Merging measMET_monoZ_catDY_sys_MuonEnUp
Merging MT_monoZ_catDY_sys_MuonEnUp
Merging balance_monoZ_sys_MuonEnUp
Merging phizmet_monoZ_sys_MuonEnUp
Merging njet_monoZ_sys_MuonEnUp
Merging measMET_monoZ_catSignal-0jet_sys_MuonEnDown
Merging MT_monoZ_catSignal-0jet_sys_MuonEnDown
Merging measMET_monoZ_catEM_sys_MuonEnDown
Merging MT_monoZ_catEM_sys_MuonEnDown
Merging measMET_monoZ_catSignal-1jet_sys_MuonEnDown
Merging MT_monoZ_catSignal-1jet_sys_MuonEnDown
Merging measMET_monoZ_cat3L_sys_MuonEnDown
Merging MT_monoZ_cat3L_sys_MuonEnDown
Merging measMET_monoZ_cat4L_sys_MuonEnDown
Merging MT_monoZ_cat4L_sys_MuonEnDown
Merging measMET_monoZ_catNRB_sys_MuonEnDown
Merging MT_monoZ_catNRB_sys_MuonEnDown
Merging measMET_monoZ_catTOP_sys_MuonEnDown
Merging MT_monoZ_catTOP_sys_MuonEnDown
Merging measMET_monoZ_catDY_sys_MuonEnDown
Merging MT_monoZ_catDY_sys_MuonEnDown
Merging balance_monoZ_sys_MuonEnDown
Merging phizmet_monoZ_sys_MuonEnDown
Merging njet_monoZ_sys_MuonEnDown
Merging measMET_monoZ_catSignal-0jet_sys_jesTotalUp
Merging MT_monoZ_catSignal-0jet_sys_jesTotalUp
Merging measMET_monoZ_catEM_sys_jesTotalUp
Merging MT_monoZ_catEM_sys_jesTotalUp
Merging measMET_monoZ_catSignal-1jet_sys_jesTotalUp
Merging MT_monoZ_catSignal-1jet_sys_jesTotalUp
Merging measMET_monoZ_cat3L_sys_jesTotalUp
Merging MT_monoZ_cat3L_sys_jesTotalUp
Merging measMET_monoZ_cat4L_sys_jesTotalUp
Merging MT_monoZ_cat4L_sys_jesTotalUp
Merging measMET_monoZ_catNRB_sys_jesTotalUp
Merging MT_monoZ_catNRB_sys_jesTotalUp
Merging measMET_monoZ_catTOP_sys_jesTotalUp
Merging MT_monoZ_catTOP_sys_jesTotalUp
Merging measMET_monoZ_catDY_sys_jesTotalUp
Merging MT_monoZ_catDY_sys_jesTotalUp
Merging balance_monoZ_sys_jesTotalUp
Merging phizmet_monoZ_sys_jesTotalUp
Merging njet_monoZ_sys_jesTotalUp
Merging measMET_monoZ_catSignal-0jet_sys_jesTotalDown
Merging MT_monoZ_catSignal-0jet_sys_jesTotalDown
Merging measMET_monoZ_catEM_sys_jesTotalDown
Merging MT_monoZ_catEM_sys_jesTotalDown
Merging measMET_monoZ_catSignal-1jet_sys_jesTotalDown
Merging MT_monoZ_catSignal-1jet_sys_jesTotalDown
Merging measMET_monoZ_cat3L_sys_jesTotalDown
Merging MT_monoZ_cat3L_sys_jesTotalDown
Merging measMET_monoZ_cat4L_sys_jesTotalDown
Merging MT_monoZ_cat4L_sys_jesTotalDown
Merging measMET_monoZ_catNRB_sys_jesTotalDown
Merging MT_monoZ_catNRB_sys_jesTotalDown
Merging measMET_monoZ_catTOP_sys_jesTotalDown
Merging MT_monoZ_catTOP_sys_jesTotalDown
Merging measMET_monoZ_catDY_sys_jesTotalDown
Merging MT_monoZ_catDY_sys_jesTotalDown
Merging balance_monoZ_sys_jesTotalDown
Merging phizmet_monoZ_sys_jesTotalDown
Merging njet_monoZ_sys_jesTotalDown
Merging measMET_monoZ_catSignal-0jet_sys_jerUp
Merging MT_monoZ_catSignal-0jet_sys_jerUp
Merging measMET_monoZ_catEM_sys_jerUp
Merging MT_monoZ_catEM_sys_jerUp
Merging measMET_monoZ_catSignal-1jet_sys_jerUp
Merging MT_monoZ_catSignal-1jet_sys_jerUp
Merging measMET_monoZ_cat3L_sys_jerUp
Merging MT_monoZ_cat3L_sys_jerUp
Merging measMET_monoZ_cat4L_sys_jerUp
Merging MT_monoZ_cat4L_sys_jerUp
Merging measMET_monoZ_catNRB_sys_jerUp
Merging MT_monoZ_catNRB_sys_jerUp
Merging measMET_monoZ_catTOP_sys_jerUp
Merging MT_monoZ_catTOP_sys_jerUp
Merging measMET_monoZ_catDY_sys_jerUp
Merging MT_monoZ_catDY_sys_jerUp
Merging balance_monoZ_sys_jerUp
Merging phizmet_monoZ_sys_jerUp
Merging njet_monoZ_sys_jerUp
Merging measMET_monoZ_catSignal-0jet_sys_jerDown
Merging MT_monoZ_catSignal-0jet_sys_jerDown
Merging measMET_monoZ_catEM_sys_jerDown
Merging MT_monoZ_catEM_sys_jerDown
Merging measMET_monoZ_catSignal-1jet_sys_jerDown
Merging MT_monoZ_catSignal-1jet_sys_jerDown
Merging measMET_monoZ_cat3L_sys_jerDown
Merging MT_monoZ_cat3L_sys_jerDown
Merging measMET_monoZ_cat4L_sys_jerDown
Merging MT_monoZ_cat4L_sys_jerDown
Merging measMET_monoZ_catNRB_sys_jerDown
Merging MT_monoZ_catNRB_sys_jerDown
Merging measMET_monoZ_catTOP_sys_jerDown
Merging MT_monoZ_catTOP_sys_jerDown
Merging measMET_monoZ_catDY_sys_jerDown
Merging MT_monoZ_catDY_sys_jerDown
Merging balance_monoZ_sys_jerDown
Merging phizmet_monoZ_sys_jerDown
Merging njet_monoZ_sys_jerDown
Merging measMET_monoZ_catSignal-0jet_sys_puWeightUp
Merging MT_monoZ_catSignal-0jet_sys_puWeightUp
Merging measMET_monoZ_catEM_sys_puWeightUp
Merging MT_monoZ_catEM_sys_puWeightUp
Merging measMET_monoZ_catSignal-1jet_sys_puWeightUp
Merging MT_monoZ_catSignal-1jet_sys_puWeightUp
Merging measMET_monoZ_cat3L_sys_puWeightUp
Merging MT_monoZ_cat3L_sys_puWeightUp
Merging measMET_monoZ_cat4L_sys_puWeightUp
Merging MT_monoZ_cat4L_sys_puWeightUp
Merging measMET_monoZ_catNRB_sys_puWeightUp
Merging MT_monoZ_catNRB_sys_puWeightUp
Merging measMET_monoZ_catTOP_sys_puWeightUp
Merging MT_monoZ_catTOP_sys_puWeightUp
Merging measMET_monoZ_catDY_sys_puWeightUp
Merging MT_monoZ_catDY_sys_puWeightUp
Merging balance_monoZ_sys_puWeightUp
Merging phizmet_monoZ_sys_puWeightUp
Merging njet_monoZ_sys_puWeightUp
Merging measMET_monoZ_catSignal-0jet_sys_puWeightDown
Merging MT_monoZ_catSignal-0jet_sys_puWeightDown
Merging measMET_monoZ_catEM_sys_puWeightDown
Merging MT_monoZ_catEM_sys_puWeightDown
Merging measMET_monoZ_catSignal-1jet_sys_puWeightDown
Merging MT_monoZ_catSignal-1jet_sys_puWeightDown
Merging measMET_monoZ_cat3L_sys_puWeightDown
Merging MT_monoZ_cat3L_sys_puWeightDown
Merging measMET_monoZ_cat4L_sys_puWeightDown
Merging MT_monoZ_cat4L_sys_puWeightDown
Merging measMET_monoZ_catNRB_sys_puWeightDown
Merging MT_monoZ_catNRB_sys_puWeightDown
Merging measMET_monoZ_catTOP_sys_puWeightDown
Merging MT_monoZ_catTOP_sys_puWeightDown
Merging measMET_monoZ_catDY_sys_puWeightDown
Merging MT_monoZ_catDY_sys_puWeightDown
Merging balance_monoZ_sys_puWeightDown
Merging phizmet_monoZ_sys_puWeightDown
Merging njet_monoZ_sys_puWeightDown
Merging measMET_monoZ_catSignal-0jet_sys_PDFUp
Merging MT_monoZ_catSignal-0jet_sys_PDFUp
Merging measMET_monoZ_catEM_sys_PDFUp
Merging MT_monoZ_catEM_sys_PDFUp
Merging measMET_monoZ_catSignal-1jet_sys_PDFUp
Merging MT_monoZ_catSignal-1jet_sys_PDFUp
Merging measMET_monoZ_cat3L_sys_PDFUp
Merging MT_monoZ_cat3L_sys_PDFUp
Merging measMET_monoZ_cat4L_sys_PDFUp
Merging MT_monoZ_cat4L_sys_PDFUp
Merging measMET_monoZ_catNRB_sys_PDFUp
Merging MT_monoZ_catNRB_sys_PDFUp
Merging measMET_monoZ_catTOP_sys_PDFUp
Merging MT_monoZ_catTOP_sys_PDFUp
Merging measMET_monoZ_catDY_sys_PDFUp
Merging MT_monoZ_catDY_sys_PDFUp
Merging balance_monoZ_sys_PDFUp
Merging phizmet_monoZ_sys_PDFUp
Merging njet_monoZ_sys_PDFUp
Merging measMET_monoZ_catSignal-0jet_sys_PDFDown
Merging MT_monoZ_catSignal-0jet_sys_PDFDown
Merging measMET_monoZ_catEM_sys_PDFDown
Merging MT_monoZ_catEM_sys_PDFDown
Merging measMET_monoZ_catSignal-1jet_sys_PDFDown
Merging MT_monoZ_catSignal-1jet_sys_PDFDown
Merging measMET_monoZ_cat3L_sys_PDFDown
Merging MT_monoZ_cat3L_sys_PDFDown
Merging measMET_monoZ_cat4L_sys_PDFDown
Merging MT_monoZ_cat4L_sys_PDFDown
Merging measMET_monoZ_catNRB_sys_PDFDown
Merging MT_monoZ_catNRB_sys_PDFDown
Merging measMET_monoZ_catTOP_sys_PDFDown
Merging MT_monoZ_catTOP_sys_PDFDown
Merging measMET_monoZ_catDY_sys_PDFDown
Merging MT_monoZ_catDY_sys_PDFDown
Merging balance_monoZ_sys_PDFDown
Merging phizmet_monoZ_sys_PDFDown
Merging njet_monoZ_sys_PDFDown
Merging measMET_monoZ_catSignal-0jet_sys_MuonSFUp
Merging MT_monoZ_catSignal-0jet_sys_MuonSFUp
Merging measMET_monoZ_catEM_sys_MuonSFUp
Merging MT_monoZ_catEM_sys_MuonSFUp
Merging measMET_monoZ_catSignal-1jet_sys_MuonSFUp
Merging MT_monoZ_catSignal-1jet_sys_MuonSFUp
Merging measMET_monoZ_cat3L_sys_MuonSFUp
Merging MT_monoZ_cat3L_sys_MuonSFUp
Merging measMET_monoZ_cat4L_sys_MuonSFUp
Merging MT_monoZ_cat4L_sys_MuonSFUp
Merging measMET_monoZ_catNRB_sys_MuonSFUp
Merging MT_monoZ_catNRB_sys_MuonSFUp
Merging measMET_monoZ_catTOP_sys_MuonSFUp
Merging MT_monoZ_catTOP_sys_MuonSFUp
Merging measMET_monoZ_catDY_sys_MuonSFUp
Merging MT_monoZ_catDY_sys_MuonSFUp
Merging balance_monoZ_sys_MuonSFUp
Merging phizmet_monoZ_sys_MuonSFUp
Merging njet_monoZ_sys_MuonSFUp
Merging measMET_monoZ_catSignal-0jet_sys_MuonSFDown
Merging MT_monoZ_catSignal-0jet_sys_MuonSFDown
Merging measMET_monoZ_catEM_sys_MuonSFDown
Merging MT_monoZ_catEM_sys_MuonSFDown
Merging measMET_monoZ_catSignal-1jet_sys_MuonSFDown
Merging MT_monoZ_catSignal-1jet_sys_MuonSFDown
Merging measMET_monoZ_cat3L_sys_MuonSFDown
Merging MT_monoZ_cat3L_sys_MuonSFDown
Merging measMET_monoZ_cat4L_sys_MuonSFDown
Merging MT_monoZ_cat4L_sys_MuonSFDown
Merging measMET_monoZ_catNRB_sys_MuonSFDown
Merging MT_monoZ_catNRB_sys_MuonSFDown
Merging measMET_monoZ_catTOP_sys_MuonSFDown
Merging MT_monoZ_catTOP_sys_MuonSFDown
Merging measMET_monoZ_catDY_sys_MuonSFDown
Merging MT_monoZ_catDY_sys_MuonSFDown
Merging balance_monoZ_sys_MuonSFDown
Merging phizmet_monoZ_sys_MuonSFDown
Merging njet_monoZ_sys_MuonSFDown
Merging measMET_monoZ_catSignal-0jet_sys_ElecronSFUp
Merging MT_monoZ_catSignal-0jet_sys_ElecronSFUp
Merging measMET_monoZ_catEM_sys_ElecronSFUp
Merging MT_monoZ_catEM_sys_ElecronSFUp
Merging measMET_monoZ_catSignal-1jet_sys_ElecronSFUp
Merging MT_monoZ_catSignal-1jet_sys_ElecronSFUp
Merging measMET_monoZ_cat3L_sys_ElecronSFUp
Merging MT_monoZ_cat3L_sys_ElecronSFUp
Merging measMET_monoZ_cat4L_sys_ElecronSFUp
Merging MT_monoZ_cat4L_sys_ElecronSFUp
Merging measMET_monoZ_catNRB_sys_ElecronSFUp
Merging MT_monoZ_catNRB_sys_ElecronSFUp
Merging measMET_monoZ_catTOP_sys_ElecronSFUp
Merging MT_monoZ_catTOP_sys_ElecronSFUp
Merging measMET_monoZ_catDY_sys_ElecronSFUp
Merging MT_monoZ_catDY_sys_ElecronSFUp
Merging balance_monoZ_sys_ElecronSFUp
Merging phizmet_monoZ_sys_ElecronSFUp
Merging njet_monoZ_sys_ElecronSFUp
Merging measMET_monoZ_catSignal-0jet_sys_ElecronSFDown
Merging MT_monoZ_catSignal-0jet_sys_ElecronSFDown
Merging measMET_monoZ_catEM_sys_ElecronSFDown
Merging MT_monoZ_catEM_sys_ElecronSFDown
Merging measMET_monoZ_catSignal-1jet_sys_ElecronSFDown
Merging MT_monoZ_catSignal-1jet_sys_ElecronSFDown
Merging measMET_monoZ_cat3L_sys_ElecronSFDown
Merging MT_monoZ_cat3L_sys_ElecronSFDown
Merging measMET_monoZ_cat4L_sys_ElecronSFDown
Merging MT_monoZ_cat4L_sys_ElecronSFDown
Merging measMET_monoZ_catNRB_sys_ElecronSFDown
Merging MT_monoZ_catNRB_sys_ElecronSFDown
Merging measMET_monoZ_catTOP_sys_ElecronSFDown
Merging MT_monoZ_catTOP_sys_ElecronSFDown
Merging measMET_monoZ_catDY_sys_ElecronSFDown
Merging MT_monoZ_catDY_sys_ElecronSFDown
Merging balance_monoZ_sys_ElecronSFDown
Merging phizmet_monoZ_sys_ElecronSFDown
Merging njet_monoZ_sys_ElecronSFDown
Merging measMET_monoZ_catSignal-0jet_sys_EWKUp
Merging MT_monoZ_catSignal-0jet_sys_EWKUp
Merging measMET_monoZ_catEM_sys_EWKUp
Merging MT_monoZ_catEM_sys_EWKUp
Merging measMET_monoZ_catSignal-1jet_sys_EWKUp
Merging MT_monoZ_catSignal-1jet_sys_EWKUp
Merging measMET_monoZ_cat3L_sys_EWKUp
Merging MT_monoZ_cat3L_sys_EWKUp
Merging measMET_monoZ_cat4L_sys_EWKUp
Merging MT_monoZ_cat4L_sys_EWKUp
Merging measMET_monoZ_catNRB_sys_EWKUp
Merging MT_monoZ_catNRB_sys_EWKUp
Merging measMET_monoZ_catTOP_sys_EWKUp
Merging MT_monoZ_catTOP_sys_EWKUp
Merging measMET_monoZ_catDY_sys_EWKUp
Merging MT_monoZ_catDY_sys_EWKUp
Merging balance_monoZ_sys_EWKUp
Merging phizmet_monoZ_sys_EWKUp
Merging njet_monoZ_sys_EWKUp
Merging measMET_monoZ_catSignal-0jet_sys_EWKDown
Merging MT_monoZ_catSignal-0jet_sys_EWKDown
Merging measMET_monoZ_catEM_sys_EWKDown
Merging MT_monoZ_catEM_sys_EWKDown
Merging measMET_monoZ_catSignal-1jet_sys_EWKDown
Merging MT_monoZ_catSignal-1jet_sys_EWKDown
Merging measMET_monoZ_cat3L_sys_EWKDown
Merging MT_monoZ_cat3L_sys_EWKDown
Merging measMET_monoZ_cat4L_sys_EWKDown
Merging MT_monoZ_cat4L_sys_EWKDown
Merging measMET_monoZ_catNRB_sys_EWKDown
Merging MT_monoZ_catNRB_sys_EWKDown
Merging measMET_monoZ_catTOP_sys_EWKDown
Merging MT_monoZ_catTOP_sys_EWKDown
Merging measMET_monoZ_catDY_sys_EWKDown
Merging MT_monoZ_catDY_sys_EWKDown
Merging balance_monoZ_sys_EWKDown
Merging phizmet_monoZ_sys_EWKDown
Merging njet_monoZ_sys_EWKDown
Merging measMET_monoZ_catSignal-0jet_sys_nvtxWeightUp
Merging MT_monoZ_catSignal-0jet_sys_nvtxWeightUp
Merging measMET_monoZ_catEM_sys_nvtxWeightUp
Merging MT_monoZ_catEM_sys_nvtxWeightUp
Merging measMET_monoZ_catSignal-1jet_sys_nvtxWeightUp
Merging MT_monoZ_catSignal-1jet_sys_nvtxWeightUp
Merging measMET_monoZ_cat3L_sys_nvtxWeightUp
Merging MT_monoZ_cat3L_sys_nvtxWeightUp
Merging measMET_monoZ_cat4L_sys_nvtxWeightUp
Merging MT_monoZ_cat4L_sys_nvtxWeightUp
Merging measMET_monoZ_catNRB_sys_nvtxWeightUp
Merging MT_monoZ_catNRB_sys_nvtxWeightUp
Merging measMET_monoZ_catTOP_sys_nvtxWeightUp
Merging MT_monoZ_catTOP_sys_nvtxWeightUp
Merging measMET_monoZ_catDY_sys_nvtxWeightUp
Merging MT_monoZ_catDY_sys_nvtxWeightUp
Merging balance_monoZ_sys_nvtxWeightUp
Merging phizmet_monoZ_sys_nvtxWeightUp
Merging njet_monoZ_sys_nvtxWeightUp
Merging measMET_monoZ_catSignal-0jet_sys_nvtxWeightDown
Merging MT_monoZ_catSignal-0jet_sys_nvtxWeightDown
Merging measMET_monoZ_catEM_sys_nvtxWeightDown
Merging MT_monoZ_catEM_sys_nvtxWeightDown
Merging measMET_monoZ_catSignal-1jet_sys_nvtxWeightDown
Merging MT_monoZ_catSignal-1jet_sys_nvtxWeightDown
Merging measMET_monoZ_cat3L_sys_nvtxWeightDown
Merging MT_monoZ_cat3L_sys_nvtxWeightDown
Merging measMET_monoZ_cat4L_sys_nvtxWeightDown
Merging MT_monoZ_cat4L_sys_nvtxWeightDown
Merging measMET_monoZ_catNRB_sys_nvtxWeightDown
Merging MT_monoZ_catNRB_sys_nvtxWeightDown
Merging measMET_monoZ_catTOP_sys_nvtxWeightDown
Merging MT_monoZ_catTOP_sys_nvtxWeightDown
Merging measMET_monoZ_catDY_sys_nvtxWeightDown
Merging MT_monoZ_catDY_sys_nvtxWeightDown
Merging balance_monoZ_sys_nvtxWeightDown
Merging phizmet_monoZ_sys_nvtxWeightDown
Merging njet_monoZ_sys_nvtxWeightDown
Merging measMET_monoZ_catSignal-0jet_sys_TriggerSFWeightUp
Merging MT_monoZ_catSignal-0jet_sys_TriggerSFWeightUp
Merging measMET_monoZ_catEM_sys_TriggerSFWeightUp
Merging MT_monoZ_catEM_sys_TriggerSFWeightUp
Merging measMET_monoZ_catSignal-1jet_sys_TriggerSFWeightUp
Merging MT_monoZ_catSignal-1jet_sys_TriggerSFWeightUp
Merging measMET_monoZ_cat3L_sys_TriggerSFWeightUp
Merging MT_monoZ_cat3L_sys_TriggerSFWeightUp
Merging measMET_monoZ_cat4L_sys_TriggerSFWeightUp
Merging MT_monoZ_cat4L_sys_TriggerSFWeightUp
Merging measMET_monoZ_catNRB_sys_TriggerSFWeightUp
Merging MT_monoZ_catNRB_sys_TriggerSFWeightUp
Merging measMET_monoZ_catTOP_sys_TriggerSFWeightUp
Merging MT_monoZ_catTOP_sys_TriggerSFWeightUp
Merging measMET_monoZ_catDY_sys_TriggerSFWeightUp
Merging MT_monoZ_catDY_sys_TriggerSFWeightUp
Merging balance_monoZ_sys_TriggerSFWeightUp
Merging phizmet_monoZ_sys_TriggerSFWeightUp
Merging njet_monoZ_sys_TriggerSFWeightUp
Merging measMET_monoZ_catSignal-0jet_sys_TriggerSFWeightDown
Merging MT_monoZ_catSignal-0jet_sys_TriggerSFWeightDown
Merging measMET_monoZ_catEM_sys_TriggerSFWeightDown
Merging MT_monoZ_catEM_sys_TriggerSFWeightDown
Merging measMET_monoZ_catSignal-1jet_sys_TriggerSFWeightDown
Merging MT_monoZ_catSignal-1jet_sys_TriggerSFWeightDown
Merging measMET_monoZ_cat3L_sys_TriggerSFWeightDown
Merging MT_monoZ_cat3L_sys_TriggerSFWeightDown
Merging measMET_monoZ_cat4L_sys_TriggerSFWeightDown
Merging MT_monoZ_cat4L_sys_TriggerSFWeightDown
Merging measMET_monoZ_catNRB_sys_TriggerSFWeightDown
Merging MT_monoZ_catNRB_sys_TriggerSFWeightDown
Merging measMET_monoZ_catTOP_sys_TriggerSFWeightDown
Merging MT_monoZ_catTOP_sys_TriggerSFWeightDown
Merging measMET_monoZ_catDY_sys_TriggerSFWeightDown
Merging MT_monoZ_catDY_sys_TriggerSFWeightDown
Merging balance_monoZ_sys_TriggerSFWeightDown
Merging phizmet_monoZ_sys_TriggerSFWeightDown
Merging njet_monoZ_sys_TriggerSFWeightDown
Merging measMET_monoZ_catSignal-0jet_sys_btagEventWeightUp
Merging MT_monoZ_catSignal-0jet_sys_btagEventWeightUp
Merging measMET_monoZ_catEM_sys_btagEventWeightUp
Merging MT_monoZ_catEM_sys_btagEventWeightUp
Merging measMET_monoZ_catSignal-1jet_sys_btagEventWeightUp
Merging MT_monoZ_catSignal-1jet_sys_btagEventWeightUp
Merging measMET_monoZ_cat3L_sys_btagEventWeightUp
Merging MT_monoZ_cat3L_sys_btagEventWeightUp
Merging measMET_monoZ_cat4L_sys_btagEventWeightUp
Merging MT_monoZ_cat4L_sys_btagEventWeightUp
Merging measMET_monoZ_catNRB_sys_btagEventWeightUp
Merging MT_monoZ_catNRB_sys_btagEventWeightUp
Merging measMET_monoZ_catTOP_sys_btagEventWeightUp
Merging MT_monoZ_catTOP_sys_btagEventWeightUp
Merging measMET_monoZ_catDY_sys_btagEventWeightUp
Merging MT_monoZ_catDY_sys_btagEventWeightUp
Merging balance_monoZ_sys_btagEventWeightUp
Merging phizmet_monoZ_sys_btagEventWeightUp
Merging njet_monoZ_sys_btagEventWeightUp
Merging measMET_monoZ_catSignal-0jet_sys_btagEventWeightDown
Merging MT_monoZ_catSignal-0jet_sys_btagEventWeightDown
Merging measMET_monoZ_catEM_sys_btagEventWeightDown
Merging MT_monoZ_catEM_sys_btagEventWeightDown
Merging measMET_monoZ_catSignal-1jet_sys_btagEventWeightDown
Merging MT_monoZ_catSignal-1jet_sys_btagEventWeightDown
Merging measMET_monoZ_cat3L_sys_btagEventWeightDown
Merging MT_monoZ_cat3L_sys_btagEventWeightDown
Merging measMET_monoZ_cat4L_sys_btagEventWeightDown
Merging MT_monoZ_cat4L_sys_btagEventWeightDown
Merging measMET_monoZ_catNRB_sys_btagEventWeightDown
Merging MT_monoZ_catNRB_sys_btagEventWeightDown
Merging measMET_monoZ_catTOP_sys_btagEventWeightDown
Merging MT_monoZ_catTOP_sys_btagEventWeightDown
Merging measMET_monoZ_catDY_sys_btagEventWeightDown
Merging MT_monoZ_catDY_sys_btagEventWeightDown
Merging balance_monoZ_sys_btagEventWeightDown
Merging phizmet_monoZ_sys_btagEventWeightDown
Merging njet_monoZ_sys_btagEventWeightDown
Merging measMET_monoZ_catSignal-0jet_sys_QCDScale0wUp
Merging MT_monoZ_catSignal-0jet_sys_QCDScale0wUp
Merging measMET_monoZ_catEM_sys_QCDScale0wUp
Merging MT_monoZ_catEM_sys_QCDScale0wUp
Merging measMET_monoZ_catSignal-1jet_sys_QCDScale0wUp
Merging MT_monoZ_catSignal-1jet_sys_QCDScale0wUp
Merging measMET_monoZ_cat3L_sys_QCDScale0wUp
Merging MT_monoZ_cat3L_sys_QCDScale0wUp
Merging measMET_monoZ_cat4L_sys_QCDScale0wUp
Merging MT_monoZ_cat4L_sys_QCDScale0wUp
Merging measMET_monoZ_catNRB_sys_QCDScale0wUp
Merging MT_monoZ_catNRB_sys_QCDScale0wUp
Merging measMET_monoZ_catTOP_sys_QCDScale0wUp
Merging MT_monoZ_catTOP_sys_QCDScale0wUp
Merging measMET_monoZ_catDY_sys_QCDScale0wUp
Merging MT_monoZ_catDY_sys_QCDScale0wUp
Merging balance_monoZ_sys_QCDScale0wUp
Merging phizmet_monoZ_sys_QCDScale0wUp
Merging njet_monoZ_sys_QCDScale0wUp
Merging measMET_monoZ_catSignal-0jet_sys_QCDScale0wDown
Merging MT_monoZ_catSignal-0jet_sys_QCDScale0wDown
Merging measMET_monoZ_catEM_sys_QCDScale0wDown
Merging MT_monoZ_catEM_sys_QCDScale0wDown
Merging measMET_monoZ_catSignal-1jet_sys_QCDScale0wDown
Merging MT_monoZ_catSignal-1jet_sys_QCDScale0wDown
Merging measMET_monoZ_cat3L_sys_QCDScale0wDown
Merging MT_monoZ_cat3L_sys_QCDScale0wDown
Merging measMET_monoZ_cat4L_sys_QCDScale0wDown
Merging MT_monoZ_cat4L_sys_QCDScale0wDown
Merging measMET_monoZ_catNRB_sys_QCDScale0wDown
Merging MT_monoZ_catNRB_sys_QCDScale0wDown
Merging measMET_monoZ_catTOP_sys_QCDScale0wDown
Merging MT_monoZ_catTOP_sys_QCDScale0wDown
Merging measMET_monoZ_catDY_sys_QCDScale0wDown
Merging MT_monoZ_catDY_sys_QCDScale0wDown
Merging balance_monoZ_sys_QCDScale0wDown
Merging phizmet_monoZ_sys_QCDScale0wDown
Merging njet_monoZ_sys_QCDScale0wDown
Merging measMET_monoZ_catSignal-0jet_sys_QCDScale1wUp
Merging MT_monoZ_catSignal-0jet_sys_QCDScale1wUp
Merging measMET_monoZ_catEM_sys_QCDScale1wUp
Merging MT_monoZ_catEM_sys_QCDScale1wUp
Merging measMET_monoZ_catSignal-1jet_sys_QCDScale1wUp
Merging MT_monoZ_catSignal-1jet_sys_QCDScale1wUp
Merging measMET_monoZ_cat3L_sys_QCDScale1wUp
Merging MT_monoZ_cat3L_sys_QCDScale1wUp
Merging measMET_monoZ_cat4L_sys_QCDScale1wUp
Merging MT_monoZ_cat4L_sys_QCDScale1wUp
Merging measMET_monoZ_catNRB_sys_QCDScale1wUp
Merging MT_monoZ_catNRB_sys_QCDScale1wUp
Merging measMET_monoZ_catTOP_sys_QCDScale1wUp
Merging MT_monoZ_catTOP_sys_QCDScale1wUp
Merging measMET_monoZ_catDY_sys_QCDScale1wUp
Merging MT_monoZ_catDY_sys_QCDScale1wUp
Merging balance_monoZ_sys_QCDScale1wUp
Merging phizmet_monoZ_sys_QCDScale1wUp
Merging njet_monoZ_sys_QCDScale1wUp
Merging measMET_monoZ_catSignal-0jet_sys_QCDScale1wDown
Merging MT_monoZ_catSignal-0jet_sys_QCDScale1wDown
Merging measMET_monoZ_catEM_sys_QCDScale1wDown
Merging MT_monoZ_catEM_sys_QCDScale1wDown
Merging measMET_monoZ_catSignal-1jet_sys_QCDScale1wDown
Merging MT_monoZ_catSignal-1jet_sys_QCDScale1wDown
Merging measMET_monoZ_cat3L_sys_QCDScale1wDown
Merging MT_monoZ_cat3L_sys_QCDScale1wDown
Merging measMET_monoZ_cat4L_sys_QCDScale1wDown
Merging MT_monoZ_cat4L_sys_QCDScale1wDown
Merging measMET_monoZ_catNRB_sys_QCDScale1wDown
Merging MT_monoZ_catNRB_sys_QCDScale1wDown
Merging measMET_monoZ_catTOP_sys_QCDScale1wDown
Merging MT_monoZ_catTOP_sys_QCDScale1wDown
Merging measMET_monoZ_catDY_sys_QCDScale1wDown
Merging MT_monoZ_catDY_sys_QCDScale1wDown
Merging balance_monoZ_sys_QCDScale1wDown
Merging phizmet_monoZ_sys_QCDScale1wDown
Merging njet_monoZ_sys_QCDScale1wDown
Merging measMET_monoZ_catSignal-0jet_sys_QCDScale2wUp
Merging MT_monoZ_catSignal-0jet_sys_QCDScale2wUp
Merging measMET_monoZ_catEM_sys_QCDScale2wUp
Merging MT_monoZ_catEM_sys_QCDScale2wUp
Merging measMET_monoZ_catSignal-1jet_sys_QCDScale2wUp
Merging MT_monoZ_catSignal-1jet_sys_QCDScale2wUp
Merging measMET_monoZ_cat3L_sys_QCDScale2wUp
Merging MT_monoZ_cat3L_sys_QCDScale2wUp
Merging measMET_monoZ_cat4L_sys_QCDScale2wUp
Merging MT_monoZ_cat4L_sys_QCDScale2wUp
Merging measMET_monoZ_catNRB_sys_QCDScale2wUp
Merging MT_monoZ_catNRB_sys_QCDScale2wUp
Merging measMET_monoZ_catTOP_sys_QCDScale2wUp
Merging MT_monoZ_catTOP_sys_QCDScale2wUp
Merging measMET_monoZ_catDY_sys_QCDScale2wUp
Merging MT_monoZ_catDY_sys_QCDScale2wUp
Merging balance_monoZ_sys_QCDScale2wUp
Merging phizmet_monoZ_sys_QCDScale2wUp
Merging njet_monoZ_sys_QCDScale2wUp
Merging measMET_monoZ_catSignal-0jet_sys_QCDScale2wDown
Merging MT_monoZ_catSignal-0jet_sys_QCDScale2wDown
Merging measMET_monoZ_catEM_sys_QCDScale2wDown
Merging MT_monoZ_catEM_sys_QCDScale2wDown
Merging measMET_monoZ_catSignal-1jet_sys_QCDScale2wDown
Merging MT_monoZ_catSignal-1jet_sys_QCDScale2wDown
Merging measMET_monoZ_cat3L_sys_QCDScale2wDown
Merging MT_monoZ_cat3L_sys_QCDScale2wDown
Merging measMET_monoZ_cat4L_sys_QCDScale2wDown
Merging MT_monoZ_cat4L_sys_QCDScale2wDown
Merging measMET_monoZ_catNRB_sys_QCDScale2wDown
Merging MT_monoZ_catNRB_sys_QCDScale2wDown
Merging measMET_monoZ_catTOP_sys_QCDScale2wDown
Merging MT_monoZ_catTOP_sys_QCDScale2wDown
Merging measMET_monoZ_catDY_sys_QCDScale2wDown
Merging MT_monoZ_catDY_sys_QCDScale2wDown
Merging balance_monoZ_sys_QCDScale2wDown
Merging phizmet_monoZ_sys_QCDScale2wDown
Merging njet_monoZ_sys_QCDScale2wDown
Merging Events
Merging Runs
Merging ParameterSets
Merging LuminosityBlocks
Merging MetaData
Merging balance_Pseudoscalar2HDM_MonoZLL_mScan_mH-1000_ma-400_sys_nvtxWeightDown
Merging measMET_Pseudoscalar2HDM_MonoZLL_mScan_mH-1000_ma-400_cat3L_sys_QCDScale1wUp
Merging MT_Pseudoscalar2HDM_MonoZLL_mScan_mH-1000_ma-400_catSignal-0jet_sys_jerDown
Merging MT_Pseudoscalar2HDM_MonoZLL_mScan_mH-1000_ma-400_catEM_sys_ElecronSFDown
Merging measMET_Pseudoscalar2HDM_MonoZLL_mScan_mH-1000_ma-400_catDY_sys_TriggerSFWeightUp
Merging MT_Pseudoscalar2HDM_MonoZLL_mScan_mH-1000_ma-400_catSignal-0jet_sys_QCDScale0wUp
Merging MT_Pseudoscalar2HDM_MonoZLL_mScan_mH-1000_ma-400_catSignal-0jet_sys_PrefireWeightUp
Merging measMET_Pseudoscalar2HDM_MonoZLL_mScan_mH-1000_ma-400_catDY_sys_btagEventWeightDown
Merging measMET_Pseudoscalar2HDM_MonoZLL_mScan_mH-1000_ma-400_catSignal-1jet_sys_QCDScale1wDown
Merging MT_Pseudoscalar2HDM_MonoZLL_mScan_mH-1000_ma-400_cat4L_sys_MuonSFUp
Merging measMET_Pseudoscalar2HDM_MonoZLL_mScan_mH-1000_ma-400_cat3L_sys_PrefireWeightUp
Merging measMET_Pseudoscalar2HDM_MonoZLL_mScan_mH-1000_ma-400_cat3L_sys_MuonSFUp
Merging MT_Pseudoscalar2HDM_MonoZLL_mScan_mH-1000_ma-400_catNRB_sys_EWKUp
Merging measMET_Pseudoscalar2HDM_MonoZLL_mScan_mH-1000_ma-400_catTOP_sys_ElecronSFUp
Merging measMET_Pseudoscalar2HDM_MonoZLL_mScan_mH-1000_ma-400_catSignal-0jet_sys_btagEventWeightDown
Merging MT_Pseudoscalar2HDM_MonoZLL_mScan_mH-1000_ma-400_catDY_sys_btagEventWeightDown
Merging MT_Pseudoscalar2HDM_MonoZLL_mScan_mH-1000_ma-400_catEM_sys_TriggerSFWeightDown
Merging phizmet_Pseudoscalar2HDM_MonoZLL_mScan_mH-1000_ma-400_sys_MuonEnUp
Merging MT_Pseudoscalar2HDM_MonoZLL_mScan_mH-1000_ma-400_catDY_sys_ElecronSFUp
Merging MT_Pseudoscalar2HDM_MonoZLL_mScan_mH-1000_ma-400_catSignal-1jet_sys_PDFDown
Merging phizmet_Pseudoscalar2HDM_MonoZLL_mScan_mH-1000_ma-400_sys_EWKDown
Merging measMET_Pseudoscalar2HDM_MonoZLL_mScan_mH-1000_ma-400_catSignal-1jet_sys_QCDScale2wDown
Merging balance_Pseudoscalar2HDM_MonoZLL_mScan_mH-1000_ma-400_sys_MuonEnDown
Merging MT_Pseudoscalar2HDM_MonoZLL_mScan_mH-1000_ma-400_catSignal-1jet_sys_ElectronEnUp
Merging measMET_Pseudoscalar2HDM_MonoZLL_mScan_mH-1000_ma-400_catTOP_sys_puWeightDown
Merging njet_Pseudoscalar2HDM_MonoZLL_mScan_mH-1000_ma-400_sys_PrefireWeightUp
Merging MT_Pseudoscalar2HDM_MonoZLL_mScan_mH-1000_ma-400_cat3L_sys_nvtxWeightDown
Merging measMET_Pseudoscalar2HDM_MonoZLL_mScan_mH-1000_ma-400_catEM_sys_ElecronSFUp
Merging measMET_Pseudoscalar2HDM_MonoZLL_mScan_mH-1000_ma-400_cat3L_sys_jerUp
Merging measMET_Pseudoscalar2HDM_MonoZLL_mScan_mH-1000_ma-400_catTOP_sys_jesTotalUp
Merging MT_Pseudoscalar2HDM_MonoZLL_mScan_mH-1000_ma-400_cat3L_sys_jerUp
Merging MT_Pseudoscalar2HDM_MonoZLL_mScan_mH-1000_ma-400_catDY_sys_QCDScale0wUp
Merging balance_Pseudoscalar2HDM_MonoZLL_mScan_mH-1000_ma-400_sys_ElectronEnDown
Merging MT_Pseudoscalar2HDM_MonoZLL_mScan_mH-1000_ma-400_catTOP_sys_TriggerSFWeightUp
Merging measMET_Pseudoscalar2HDM_MonoZLL_mScan_mH-1000_ma-400_cat3L_sys_MuonEnDown
Merging MT_Pseudoscalar2HDM_MonoZLL_mScan_mH-1000_ma-400_cat3L_sys_QCDScale1wUp
Merging measMET_Pseudoscalar2HDM_MonoZLL_mScan_mH-1000_ma-400_cat4L_sys_jerDown
Merging MT_Pseudoscalar2HDM_MonoZLL_mScan_mH-1000_ma-400_catSignal-1jet_sys_QCDScale2wUp
Merging measMET_Pseudoscalar2HDM_MonoZLL_mScan_mH-1000_ma-400_cat4L_sys_ElecronSFUp
Merging balance_Pseudoscalar2HDM_MonoZLL_mScan_mH-1000_ma-400_sys_TriggerSFWeightDown
Merging phizmet_Pseudoscalar2HDM_MonoZLL_mScan_mH-1000_ma-400_sys_nvtxWeightDown
Merging MT_Pseudoscalar2HDM_MonoZLL_mScan_mH-1000_ma-400_catSignal-1jet_sys_jerDown
Merging measMET_Pseudoscalar2HDM_MonoZLL_mScan_mH-1000_ma-400_catNRB_sys_jesTotalUp
Merging measMET_Pseudoscalar2HDM_MonoZLL_mScan_mH-1000_ma-400_catEM_sys_PDFDown
Merging phizmet_Pseudoscalar2HDM_MonoZLL_mScan_mH-1000_ma-400_sys_PrefireWeightUp
Merging measMET_Pseudoscalar2HDM_MonoZLL_mScan_mH-1000_ma-400_catSignal-1jet_sys_MuonEnUp
Merging MT_Pseudoscalar2HDM_MonoZLL_mScan_mH-1000_ma-400_catSignal-1jet_sys_QCDScale0wUp
Merging MT_Pseudoscalar2HDM_MonoZLL_mScan_mH-1000_ma-400_cat3L_sys_TriggerSFWeightUp
Merging measMET_Pseudoscalar2HDM_MonoZLL_mScan_mH-1000_ma-400_catDY_sys_PDFDown
Merging MT_Pseudoscalar2HDM_MonoZLL_mScan_mH-1000_ma-400_catTOP_sys_QCDScale2wUp
Merging MT_Pseudoscalar2HDM_MonoZLL_mScan_mH-1000_ma-400_catNRB_sys_EWKDown
Merging measMET_Pseudoscalar2HDM_MonoZLL_mScan_mH-1000_ma-400_cat4L_sys_EWKUp
Merging njet_Pseudoscalar2HDM_MonoZLL_mScan_mH-1000_ma-400_sys_nvtxWeightUp
Merging MT_Pseudoscalar2HDM_MonoZLL_mScan_mH-1000_ma-400_catEM_sys_QCDScale1wDown
Merging measMET_Pseudoscalar2HDM_MonoZLL_mScan_mH-1000_ma-400_catNRB_sys_EWKDown
Merging measMET_Pseudoscalar2HDM_MonoZLL_mScan_mH-1000_ma-400_catNRB_sys_ElecronSFUp
Merging measMET_Pseudoscalar2HDM_MonoZLL_mScan_mH-1000_ma-400_cat4L_sys_ElectronEnUp
Merging measMET_Pseudoscalar2HDM_MonoZLL_mScan_mH-1000_ma-400_catEM_sys_PrefireWeightDown
Merging njet_Pseudoscalar2HDM_MonoZLL_mScan_mH-1000_ma-400_sys_PrefireWeightDown
Merging njet_Pseudoscalar2HDM_MonoZLL_mScan_mH-1000_ma-400_sys_QCDScale1wDown
Merging measMET_Pseudoscalar2HDM_MonoZLL_mScan_mH-1000_ma-400_catSignal-1jet_sys_TriggerSFWeightUp
Merging measMET_Pseudoscalar2HDM_MonoZLL_mScan_mH-1000_ma-400_catNRB_sys_PrefireWeightDown
Merging MT_Pseudoscalar2HDM_MonoZLL_mScan_mH-1000_ma-400_catNRB_sys_btagEventWeightDown
Merging measMET_Pseudoscalar2HDM_MonoZLL_mScan_mH-1000_ma-400_catTOP_sys_btagEventWeightDown
Merging MT_Pseudoscalar2HDM_MonoZLL_mScan_mH-1000_ma-400_catNRB_sys_QCDScale2wDown
Merging measMET_Pseudoscalar2HDM_MonoZLL_mScan_mH-1000_ma-400_catTOP_sys_PDFDown
Merging njet_Pseudoscalar2HDM_MonoZLL_mScan_mH-1000_ma-400_sys_QCDScale0wUp
Merging MT_Pseudoscalar2HDM_MonoZLL_mScan_mH-1000_ma-400_cat3L
Merging MT_Pseudoscalar2HDM_MonoZLL_mScan_mH-1000_ma-400_catDY_sys_jesTotalUp
Merging balance_Pseudoscalar2HDM_MonoZLL_mScan_mH-1000_ma-400_sys_jerUp
Merging MT_Pseudoscalar2HDM_MonoZLL_mScan_mH-1000_ma-400_catDY_sys_nvtxWeightDown
Merging untagged
Merging MT_Pseudoscalar2HDM_MonoZLL_mScan_mH-1000_ma-400_catSignal-1jet_sys_QCDScale1wUp
Merging MT_Pseudoscalar2HDM_MonoZLL_mScan_mH-1000_ma-400_catEM_sys_ElectronEnUp
Merging measMET_Pseudoscalar2HDM_MonoZLL_mScan_mH-1000_ma-400_cat3L_sys_puWeightUp
Merging MT_Pseudoscalar2HDM_MonoZLL_mScan_mH-1000_ma-400_catNRB_sys_nvtxWeightUp
Merging balance_Pseudoscalar2HDM_MonoZLL_mScan_mH-1000_ma-400_sys_PrefireWeightUp
Merging MT_Pseudoscalar2HDM_MonoZLL_mScan_mH-1000_ma-400_catDY_sys_TriggerSFWeightUp
Merging MT_Pseudoscalar2HDM_MonoZLL_mScan_mH-1000_ma-400_cat3L_sys_MuonEnDown
Merging measMET_Pseudoscalar2HDM_MonoZLL_mScan_mH-1000_ma-400_cat3L_sys_ElectronEnDown
Merging MT_Pseudoscalar2HDM_MonoZLL_mScan_mH-1000_ma-400_catEM_sys_MuonSFUp
Merging MT_Pseudoscalar2HDM_MonoZLL_mScan_mH-1000_ma-400_catNRB_sys_TriggerSFWeightDown
Merging measMET_Pseudoscalar2HDM_MonoZLL_mScan_mH-1000_ma-400_catSignal-0jet_sys_PDFDown
Merging MT_Pseudoscalar2HDM_MonoZLL_mScan_mH-1000_ma-400_cat4L_sys_TriggerSFWeightUp
Merging MT_Pseudoscalar2HDM_MonoZLL_mScan_mH-1000_ma-400_catEM_sys_QCDScale2wDown
Merging MT_Pseudoscalar2HDM_MonoZLL_mScan_mH-1000_ma-400_catDY_sys_PDFUp
Merging MT_Pseudoscalar2HDM_MonoZLL_mScan_mH-1000_ma-400_cat4L
Merging MT_Pseudoscalar2HDM_MonoZLL_mScan_mH-1000_ma-400_catSignal-0jet
Merging njet_Pseudoscalar2HDM_MonoZLL_mScan_mH-1000_ma-400_sys_TriggerSFWeightDown
Merging MT_Pseudoscalar2HDM_MonoZLL_mScan_mH-1000_ma-400_catTOP_sys_ElectronEnUp
Merging measMET_Pseudoscalar2HDM_MonoZLL_mScan_mH-1000_ma-400_cat4L_sys_ElectronEnDown
Merging measMET_Pseudoscalar2HDM_MonoZLL_mScan_mH-1000_ma-400_catTOP_sys_MuonEnDown
Merging measMET_Pseudoscalar2HDM_MonoZLL_mScan_mH-1000_ma-400_catEM_sys_TriggerSFWeightDown
Merging MT_Pseudoscalar2HDM_MonoZLL_mScan_mH-1000_ma-400_cat4L_sys_QCDScale0wUp
Merging measMET_Pseudoscalar2HDM_MonoZLL_mScan_mH-1000_ma-400_cat4L_sys_jesTotalUp
Merging measMET_Pseudoscalar2HDM_MonoZLL_mScan_mH-1000_ma-400_catSignal-0jet
Merging MT_Pseudoscalar2HDM_MonoZLL_mScan_mH-1000_ma-400_catSignal-0jet_sys_ElectronEnDown
Merging MT_Pseudoscalar2HDM_MonoZLL_mScan_mH-1000_ma-400_catTOP_sys_PDFUp
Merging njet_Pseudoscalar2HDM_MonoZLL_mScan_mH-1000_ma-400_sys_ElectronEnUp
Merging MT_Pseudoscalar2HDM_MonoZLL_mScan_mH-1000_ma-400_cat4L_sys_ElecronSFUp
Merging phizmet_Pseudoscalar2HDM_MonoZLL_mScan_mH-1000_ma-400_sys_btagEventWeightUp
Merging measMET_Pseudoscalar2HDM_MonoZLL_mScan_mH-1000_ma-400_catNRB_sys_btagEventWeightUp
Merging measMET_Pseudoscalar2HDM_MonoZLL_mScan_mH-1000_ma-400_cat4L_sys_PDFUp
Merging MT_Pseudoscalar2HDM_MonoZLL_mScan_mH-1000_ma-400_catNRB
Merging MT_Pseudoscalar2HDM_MonoZLL_mScan_mH-1000_ma-400_catTOP_sys_MuonSFDown
Merging measMET_Pseudoscalar2HDM_MonoZLL_mScan_mH-1000_ma-400_catNRB_sys_puWeightDown
Merging measMET_Pseudoscalar2HDM_MonoZLL_mScan_mH-1000_ma-400_catSignal-1jet_sys_PrefireWeightUp
Merging measMET_Pseudoscalar2HDM_MonoZLL_mScan_mH-1000_ma-400_catSignal-1jet_sys_puWeightDown
Merging measMET_Pseudoscalar2HDM_MonoZLL_mScan_mH-1000_ma-400_catSignal-0jet_sys_puWeightDown
Merging njet_Pseudoscalar2HDM_MonoZLL_mScan_mH-1000_ma-400_sys_QCDScale2wUp
Merging MT_Pseudoscalar2HDM_MonoZLL_mScan_mH-1000_ma-400_catNRB_sys_jesTotalUp
Merging phizmet_Pseudoscalar2HDM_MonoZLL_mScan_mH-1000_ma-400_sys_QCDScale1wUp
Merging MT_Pseudoscalar2HDM_MonoZLL_mScan_mH-1000_ma-400_cat3L_sys_ElecronSFUp
Merging MT_Pseudoscalar2HDM_MonoZLL_mScan_mH-1000_ma-400_catTOP_sys_PrefireWeightDown
Merging MT_Pseudoscalar2HDM_MonoZLL_mScan_mH-1000_ma-400_catEM_sys_TriggerSFWeightUp
Merging autoPU
Merging MT_Pseudoscalar2HDM_MonoZLL_mScan_mH-1000_ma-400_catSignal-1jet_sys_ElecronSFUp
Merging MT_Pseudoscalar2HDM_MonoZLL_mScan_mH-1000_ma-400_catNRB_sys_puWeightDown
Merging measMET_Pseudoscalar2HDM_MonoZLL_mScan_mH-1000_ma-400_catSignal-1jet_sys_ElectronEnDown
Merging measMET_Pseudoscalar2HDM_MonoZLL_mScan_mH-1000_ma-400_cat4L_sys_btagEventWeightDown
Merging MT_Pseudoscalar2HDM_MonoZLL_mScan_mH-1000_ma-400_catNRB_sys_QCDScale0wUp
Merging measMET_Pseudoscalar2HDM_MonoZLL_mScan_mH-1000_ma-400_catNRB_sys_btagEventWeightDown
Merging MT_Pseudoscalar2HDM_MonoZLL_mScan_mH-1000_ma-400_catSignal-0jet_sys_ElecronSFUp
Merging MT_Pseudoscalar2HDM_MonoZLL_mScan_mH-1000_ma-400_catEM_sys_nvtxWeightUp
Merging MT_Pseudoscalar2HDM_MonoZLL_mScan_mH-1000_ma-400_catDY_sys_TriggerSFWeightDown
Merging measMET_Pseudoscalar2HDM_MonoZLL_mScan_mH-1000_ma-400_cat4L_sys_QCDScale1wDown
Merging MT_Pseudoscalar2HDM_MonoZLL_mScan_mH-1000_ma-400_cat3L_sys_PDFDown
Merging measMET_Pseudoscalar2HDM_MonoZLL_mScan_mH-1000_ma-400_catNRB_sys_QCDScale2wUp
Merging measMET_Pseudoscalar2HDM_MonoZLL_mScan_mH-1000_ma-400_catDY_sys_QCDScale1wUp
Merging measMET_Pseudoscalar2HDM_MonoZLL_mScan_mH-1000_ma-400_catDY_sys_MuonEnUp
Merging MT_Pseudoscalar2HDM_MonoZLL_mScan_mH-1000_ma-400_catNRB_sys_ElecronSFDown
Merging measMET_Pseudoscalar2HDM_MonoZLL_mScan_mH-1000_ma-400_catSignal-1jet_sys_QCDScale2wUp
Merging MT_Pseudoscalar2HDM_MonoZLL_mScan_mH-1000_ma-400_cat4L_sys_ElectronEnDown
Merging MT_Pseudoscalar2HDM_MonoZLL_mScan_mH-1000_ma-400_cat4L_sys_QCDScale2wDown
Merging MT_Pseudoscalar2HDM_MonoZLL_mScan_mH-1000_ma-400_catSignal-1jet_sys_PrefireWeightDown
Merging balance_Pseudoscalar2HDM_MonoZLL_mScan_mH-1000_ma-400_sys_puWeightUp
Merging measMET_Pseudoscalar2HDM_MonoZLL_mScan_mH-1000_ma-400_catSignal-1jet_sys_EWKUp
Merging measMET_Pseudoscalar2HDM_MonoZLL_mScan_mH-1000_ma-400_catEM_sys_QCDScale0wUp
Merging measMET_Pseudoscalar2HDM_MonoZLL_mScan_mH-1000_ma-400_cat4L
Merging phizmet_Pseudoscalar2HDM_MonoZLL_mScan_mH-1000_ma-400_sys_TriggerSFWeightUp
Merging MT_Pseudoscalar2HDM_MonoZLL_mScan_mH-1000_ma-400_catSignal-0jet_sys_btagEventWeightDown
Merging measMET_Pseudoscalar2HDM_MonoZLL_mScan_mH-1000_ma-400_cat4L_sys_PrefireWeightDown
Merging njet_Pseudoscalar2HDM_MonoZLL_mScan_mH-1000_ma-400_sys_QCDScale0wDown
Merging balance_Pseudoscalar2HDM_MonoZLL_mScan_mH-1000_ma-400_sys_jesTotalDown
Merging measMET_Pseudoscalar2HDM_MonoZLL_mScan_mH-1000_ma-400_cat4L_sys_MuonEnDown
Merging MT_Pseudoscalar2HDM_MonoZLL_mScan_mH-1000_ma-400_catNRB_sys_MuonEnUp
Merging MT_Pseudoscalar2HDM_MonoZLL_mScan_mH-1000_ma-400_catNRB_sys_jerUp
Merging measMET_Pseudoscalar2HDM_MonoZLL_mScan_mH-1000_ma-400_catNRB_sys_MuonSFUp
Merging MT_Pseudoscalar2HDM_MonoZLL_mScan_mH-1000_ma-400_catEM_sys_PrefireWeightUp
Merging measMET_Pseudoscalar2HDM_MonoZLL_mScan_mH-1000_ma-400_catSignal-1jet_sys_PrefireWeightDown
Merging measMET_Pseudoscalar2HDM_MonoZLL_mScan_mH-1000_ma-400_catTOP_sys_PrefireWeightDown
Merging MT_Pseudoscalar2HDM_MonoZLL_mScan_mH-1000_ma-400_cat3L_sys_nvtxWeightUp
Merging MT_Pseudoscalar2HDM_MonoZLL_mScan_mH-1000_ma-400_cat3L_sys_jerDown
Merging measMET_Pseudoscalar2HDM_MonoZLL_mScan_mH-1000_ma-400_catSignal-1jet_sys_nvtxWeightDown
Merging measMET_Pseudoscalar2HDM_MonoZLL_mScan_mH-1000_ma-400_catEM_sys_EWKDown
Merging phizmet_Pseudoscalar2HDM_MonoZLL_mScan_mH-1000_ma-400_sys_TriggerSFWeightDown
Merging measMET_Pseudoscalar2HDM_MonoZLL_mScan_mH-1000_ma-400_catEM_sys_puWeightUp
Merging measMET_Pseudoscalar2HDM_MonoZLL_mScan_mH-1000_ma-400_catSignal-0jet_sys_btagEventWeightUp
Merging MT_Pseudoscalar2HDM_MonoZLL_mScan_mH-1000_ma-400_catDY_sys_PrefireWeightDown
Merging measMET_Pseudoscalar2HDM_MonoZLL_mScan_mH-1000_ma-400_catSignal-0jet_sys_PrefireWeightUp
Merging MT_Pseudoscalar2HDM_MonoZLL_mScan_mH-1000_ma-400_catNRB_sys_MuonSFDown
Merging measMET_Pseudoscalar2HDM_MonoZLL_mScan_mH-1000_ma-400_catNRB_sys_MuonEnUp
Merging MT_Pseudoscalar2HDM_MonoZLL_mScan_mH-1000_ma-400_catEM_sys_btagEventWeightUp
Merging MT_Pseudoscalar2HDM_MonoZLL_mScan_mH-1000_ma-400_catSignal-0jet_sys_jesTotalDown
Merging MT_Pseudoscalar2HDM_MonoZLL_mScan_mH-1000_ma-400_cat4L_sys_puWeightDown
Merging MT_Pseudoscalar2HDM_MonoZLL_mScan_mH-1000_ma-400_catEM_sys_QCDScale1wUp
Merging measMET_Pseudoscalar2HDM_MonoZLL_mScan_mH-1000_ma-400_catTOP_sys_jerUp
Merging measMET_Pseudoscalar2HDM_MonoZLL_mScan_mH-1000_ma-400_catSignal-1jet_sys_QCDScale0wUp
Merging measMET_Pseudoscalar2HDM_MonoZLL_mScan_mH-1000_ma-400_catSignal-1jet_sys_jesTotalUp
Merging balance_Pseudoscalar2HDM_MonoZLL_mScan_mH-1000_ma-400_sys_ElectronEnUp
Merging MT_Pseudoscalar2HDM_MonoZLL_mScan_mH-1000_ma-400_catTOP_sys_nvtxWeightUp
Merging balance_Pseudoscalar2HDM_MonoZLL_mScan_mH-1000_ma-400_sys_QCDScale0wDown
Merging MT_Pseudoscalar2HDM_MonoZLL_mScan_mH-1000_ma-400_cat4L_sys_jerDown
Merging MT_Pseudoscalar2HDM_MonoZLL_mScan_mH-1000_ma-400_cat4L_sys_ElectronEnUp
Merging phizmet_Pseudoscalar2HDM_MonoZLL_mScan_mH-1000_ma-400_sys_btagEventWeightDown
Merging measMET_Pseudoscalar2HDM_MonoZLL_mScan_mH-1000_ma-400_catDY_sys_nvtxWeightUp
Merging MT_Pseudoscalar2HDM_MonoZLL_mScan_mH-1000_ma-400_catSignal-1jet_sys_QCDScale1wDown
Merging MT_Pseudoscalar2HDM_MonoZLL_mScan_mH-1000_ma-400_catEM_sys_ElecronSFUp
Merging measMET_Pseudoscalar2HDM_MonoZLL_mScan_mH-1000_ma-400_catSignal-0jet_sys_MuonEnUp
Merging MT_Pseudoscalar2HDM_MonoZLL_mScan_mH-1000_ma-400_catEM_sys_puWeightDown
Merging MT_Pseudoscalar2HDM_MonoZLL_mScan_mH-1000_ma-400_catTOP_sys_QCDScale0wDown
Merging measMET_Pseudoscalar2HDM_MonoZLL_mScan_mH-1000_ma-400_catEM_sys_ElectronEnUp
Merging MT_Pseudoscalar2HDM_MonoZLL_mScan_mH-1000_ma-400_catSignal-1jet_sys_QCDScale2wDown
Merging MT_Pseudoscalar2HDM_MonoZLL_mScan_mH-1000_ma-400_catDY_sys_jerUp
Merging measMET_Pseudoscalar2HDM_MonoZLL_mScan_mH-1000_ma-400_catEM_sys_PrefireWeightUp
Merging measMET_Pseudoscalar2HDM_MonoZLL_mScan_mH-1000_ma-400_catEM_sys_btagEventWeightDown
Merging measMET_Pseudoscalar2HDM_MonoZLL_mScan_mH-1000_ma-400_catSignal-0jet_sys_ElectronEnDown
Merging MT_Pseudoscalar2HDM_MonoZLL_mScan_mH-1000_ma-400_catNRB_sys_PrefireWeightDown
Merging measMET_Pseudoscalar2HDM_MonoZLL_mScan_mH-1000_ma-400_cat4L_sys_jesTotalDown
Merging MT_Pseudoscalar2HDM_MonoZLL_mScan_mH-1000_ma-400_cat3L_sys_MuonSFDown
Merging measMET_Pseudoscalar2HDM_MonoZLL_mScan_mH-1000_ma-400_catSignal-0jet_sys_MuonSFUp
Merging MT_Pseudoscalar2HDM_MonoZLL_mScan_mH-1000_ma-400_cat3L_sys_EWKDown
Merging measMET_Pseudoscalar2HDM_MonoZLL_mScan_mH-1000_ma-400_catSignal-0jet_sys_QCDScale0wUp
Merging measMET_Pseudoscalar2HDM_MonoZLL_mScan_mH-1000_ma-400_cat4L_sys_TriggerSFWeightDown
Merging balance_Pseudoscalar2HDM_MonoZLL_mScan_mH-1000_ma-400_sys_QCDScale1wDown
Merging njet_Pseudoscalar2HDM_MonoZLL_mScan_mH-1000_ma-400_sys_puWeightDown
Merging measMET_Pseudoscalar2HDM_MonoZLL_mScan_mH-1000_ma-400_cat4L_sys_MuonEnUp
Merging MT_Pseudoscalar2HDM_MonoZLL_mScan_mH-1000_ma-400_catSignal-1jet_sys_nvtxWeightUp
Merging measMET_Pseudoscalar2HDM_MonoZLL_mScan_mH-1000_ma-400_cat3L_sys_QCDScale2wUp
Merging MT_Pseudoscalar2HDM_MonoZLL_mScan_mH-1000_ma-400_catTOP_sys_MuonEnUp
Merging phizmet_Pseudoscalar2HDM_MonoZLL_mScan_mH-1000_ma-400_sys_ElectronEnDown
Merging MT_Pseudoscalar2HDM_MonoZLL_mScan_mH-1000_ma-400_catEM_sys_jerUp
Merging phizmet_Pseudoscalar2HDM_MonoZLL_mScan_mH-1000_ma-400_sys_MuonSFUp
Merging measMET_Pseudoscalar2HDM_MonoZLL_mScan_mH-1000_ma-400_cat4L_sys_MuonSFUp
Merging MT_Pseudoscalar2HDM_MonoZLL_mScan_mH-1000_ma-400_catNRB_sys_QCDScale2wUp
Merging MT_Pseudoscalar2HDM_MonoZLL_mScan_mH-1000_ma-400_catDY_sys_ElectronEnDown
Merging measMET_Pseudoscalar2HDM_MonoZLL_mScan_mH-1000_ma-400_catEM_sys_ElectronEnDown
Merging measMET_Pseudoscalar2HDM_MonoZLL_mScan_mH-1000_ma-400_catSignal-0jet_sys_TriggerSFWeightUp
Merging measMET_Pseudoscalar2HDM_MonoZLL_mScan_mH-1000_ma-400_catDY_sys_EWKDown
Merging measMET_Pseudoscalar2HDM_MonoZLL_mScan_mH-1000_ma-400_catSignal-1jet_sys_PDFUp
Merging MT_Pseudoscalar2HDM_MonoZLL_mScan_mH-1000_ma-400_catSignal-0jet_sys_QCDScale0wDown
Merging MT_Pseudoscalar2HDM_MonoZLL_mScan_mH-1000_ma-400_catDY_sys_QCDScale0wDown
Merging measMET_Pseudoscalar2HDM_MonoZLL_mScan_mH-1000_ma-400_catSignal-1jet_sys_MuonSFUp
Merging measMET_Pseudoscalar2HDM_MonoZLL_mScan_mH-1000_ma-400_cat3L_sys_ElecronSFDown
Merging balance_Pseudoscalar2HDM_MonoZLL_mScan_mH-1000_ma-400_sys_PDFDown
Merging measMET_Pseudoscalar2HDM_MonoZLL_mScan_mH-1000_ma-400_cat3L_sys_ElectronEnUp
Merging measMET_Pseudoscalar2HDM_MonoZLL_mScan_mH-1000_ma-400_catEM_sys_ElecronSFDown
Merging MT_Pseudoscalar2HDM_MonoZLL_mScan_mH-1000_ma-400_catTOP_sys_ElecronSFUp
Merging MT_Pseudoscalar2HDM_MonoZLL_mScan_mH-1000_ma-400_catSignal-0jet_sys_QCDScale1wUp
Merging MT_Pseudoscalar2HDM_MonoZLL_mScan_mH-1000_ma-400_catDY_sys_PrefireWeightUp
Merging measMET_Pseudoscalar2HDM_MonoZLL_mScan_mH-1000_ma-400_catNRB_sys_TriggerSFWeightDown
Merging MT_Pseudoscalar2HDM_MonoZLL_mScan_mH-1000_ma-400_catTOP_sys_puWeightDown
Merging measMET_Pseudoscalar2HDM_MonoZLL_mScan_mH-1000_ma-400_catSignal-1jet_sys_ElectronEnUp
Merging MT_Pseudoscalar2HDM_MonoZLL_mScan_mH-1000_ma-400_catNRB_sys_PDFUp
Merging MT_Pseudoscalar2HDM_MonoZLL_mScan_mH-1000_ma-400_catTOP_sys_btagEventWeightUp
Merging MT_Pseudoscalar2HDM_MonoZLL_mScan_mH-1000_ma-400_catSignal-1jet_sys_btagEventWeightUp
Merging MT_Pseudoscalar2HDM_MonoZLL_mScan_mH-1000_ma-400_cat4L_sys_QCDScale2wUp
Merging measMET_Pseudoscalar2HDM_MonoZLL_mScan_mH-1000_ma-400_cat3L_sys_nvtxWeightUp
Merging njet_Pseudoscalar2HDM_MonoZLL_mScan_mH-1000_ma-400_sys_btagEventWeightUp
Merging MT_Pseudoscalar2HDM_MonoZLL_mScan_mH-1000_ma-400_cat3L_sys_puWeightDown
Merging measMET_Pseudoscalar2HDM_MonoZLL_mScan_mH-1000_ma-400_catSignal-1jet_sys_TriggerSFWeightDown
Merging measMET_Pseudoscalar2HDM_MonoZLL_mScan_mH-1000_ma-400_catTOP_sys_QCDScale0wDown
Merging measMET_Pseudoscalar2HDM_MonoZLL_mScan_mH-1000_ma-400_catNRB_sys_PrefireWeightUp
Merging MT_Pseudoscalar2HDM_MonoZLL_mScan_mH-1000_ma-400_cat3L_sys_PrefireWeightDown
Merging MT_Pseudoscalar2HDM_MonoZLL_mScan_mH-1000_ma-400_catSignal-0jet_sys_nvtxWeightDown
Merging MT_Pseudoscalar2HDM_MonoZLL_mScan_mH-1000_ma-400_cat4L_sys_MuonEnDown
Merging measMET_Pseudoscalar2HDM_MonoZLL_mScan_mH-1000_ma-400_catTOP_sys_puWeightUp
Merging njet_Pseudoscalar2HDM_MonoZLL_mScan_mH-1000_ma-400_sys_jerUp
Merging measMET_Pseudoscalar2HDM_MonoZLL_mScan_mH-1000_ma-400_cat3L_sys_PDFUp
Merging MT_Pseudoscalar2HDM_MonoZLL_mScan_mH-1000_ma-400_catSignal-0jet_sys_MuonSFUp
Merging MT_Pseudoscalar2HDM_MonoZLL_mScan_mH-1000_ma-400_catTOP_sys_MuonEnDown
Merging phizmet_Pseudoscalar2HDM_MonoZLL_mScan_mH-1000_ma-400_sys_jesTotalDown
Merging MT_Pseudoscalar2HDM_MonoZLL_mScan_mH-1000_ma-400_cat3L_sys_jesTotalDown
Merging phizmet_Pseudoscalar2HDM_MonoZLL_mScan_mH-1000_ma-400
Merging measMET_Pseudoscalar2HDM_MonoZLL_mScan_mH-1000_ma-400_catTOP_sys_QCDScale1wDown
Merging balance_Pseudoscalar2HDM_MonoZLL_mScan_mH-1000_ma-400_sys_MuonSFDown
Merging MT_Pseudoscalar2HDM_MonoZLL_mScan_mH-1000_ma-400_catEM_sys_QCDScale0wUp
Merging MT_Pseudoscalar2HDM_MonoZLL_mScan_mH-1000_ma-400_cat4L_sys_jesTotalUp
Merging MT_Pseudoscalar2HDM_MonoZLL_mScan_mH-1000_ma-400_catEM
Merging measMET_Pseudoscalar2HDM_MonoZLL_mScan_mH-1000_ma-400_catNRB_sys_QCDScale0wUp
Merging njet_Pseudoscalar2HDM_MonoZLL_mScan_mH-1000_ma-400_sys_jesTotalDown
Merging MT_Pseudoscalar2HDM_MonoZLL_mScan_mH-1000_ma-400_catSignal-1jet_sys_MuonSFDown
Merging MT_Pseudoscalar2HDM_MonoZLL_mScan_mH-1000_ma-400_catSignal-0jet_sys_ElecronSFDown
Merging balance_Pseudoscalar2HDM_MonoZLL_mScan_mH-1000_ma-400_sys_btagEventWeightDown
Merging phizmet_Pseudoscalar2HDM_MonoZLL_mScan_mH-1000_ma-400_sys_jerDown
Merging measMET_Pseudoscalar2HDM_MonoZLL_mScan_mH-1000_ma-400_cat4L_sys_btagEventWeightUp
Merging MT_Pseudoscalar2HDM_MonoZLL_mScan_mH-1000_ma-400_cat3L_sys_TriggerSFWeightDown
Merging measMET_Pseudoscalar2HDM_MonoZLL_mScan_mH-1000_ma-400_cat4L_sys_PDFDown
Merging measMET_Pseudoscalar2HDM_MonoZLL_mScan_mH-1000_ma-400_cat3L_sys_nvtxWeightDown
Merging measMET_Pseudoscalar2HDM_MonoZLL_mScan_mH-1000_ma-400_cat4L_sys_EWKDown
Merging measMET_Pseudoscalar2HDM_MonoZLL_mScan_mH-1000_ma-400_catDY_sys_ElectronEnDown
Merging measMET_Pseudoscalar2HDM_MonoZLL_mScan_mH-1000_ma-400_catTOP_sys_jesTotalDown
Merging MT_Pseudoscalar2HDM_MonoZLL_mScan_mH-1000_ma-400_catTOP_sys_ElectronEnDown
Merging MT_Pseudoscalar2HDM_MonoZLL_mScan_mH-1000_ma-400_cat4L_sys_TriggerSFWeightDown
Merging measMET_Pseudoscalar2HDM_MonoZLL_mScan_mH-1000_ma-400_catSignal-1jet_sys_QCDScale0wDown
Merging measMET_Pseudoscalar2HDM_MonoZLL_mScan_mH-1000_ma-400_catDY_sys_btagEventWeightUp
Merging phizmet_Pseudoscalar2HDM_MonoZLL_mScan_mH-1000_ma-400_sys_QCDScale1wDown
Merging MT_Pseudoscalar2HDM_MonoZLL_mScan_mH-1000_ma-400_catTOP_sys_QCDScale1wUp
Merging MT_Pseudoscalar2HDM_MonoZLL_mScan_mH-1000_ma-400_catSignal-1jet_sys_jesTotalDown
Merging MT_Pseudoscalar2HDM_MonoZLL_mScan_mH-1000_ma-400_catNRB_sys_puWeightUp
Merging MT_Pseudoscalar2HDM_MonoZLL_mScan_mH-1000_ma-400_catSignal-1jet_sys_jesTotalUp
Merging MT_Pseudoscalar2HDM_MonoZLL_mScan_mH-1000_ma-400_catNRB_sys_MuonSFUp
Merging MT_Pseudoscalar2HDM_MonoZLL_mScan_mH-1000_ma-400_catTOP_sys_ElecronSFDown
Merging measMET_Pseudoscalar2HDM_MonoZLL_mScan_mH-1000_ma-400_cat3L_sys_jerDown
Merging MT_Pseudoscalar2HDM_MonoZLL_mScan_mH-1000_ma-400_catSignal-0jet_sys_MuonSFDown
Merging balance_Pseudoscalar2HDM_MonoZLL_mScan_mH-1000_ma-400_sys_QCDScale1wUp
Merging measMET_Pseudoscalar2HDM_MonoZLL_mScan_mH-1000_ma-400_catSignal-0jet_sys_jesTotalUp
Merging phizmet_Pseudoscalar2HDM_MonoZLL_mScan_mH-1000_ma-400_sys_QCDScale2wUp
Merging MT_Pseudoscalar2HDM_MonoZLL_mScan_mH-1000_ma-400_catSignal-0jet_sys_TriggerSFWeightUp
Merging MT_Pseudoscalar2HDM_MonoZLL_mScan_mH-1000_ma-400_catEM_sys_PDFDown
Merging MT_Pseudoscalar2HDM_MonoZLL_mScan_mH-1000_ma-400_catTOP_sys_PDFDown
Merging measMET_Pseudoscalar2HDM_MonoZLL_mScan_mH-1000_ma-400_catSignal-0jet_sys_QCDScale1wDown
Merging MT_Pseudoscalar2HDM_MonoZLL_mScan_mH-1000_ma-400_catEM_sys_MuonSFDown
Merging measMET_Pseudoscalar2HDM_MonoZLL_mScan_mH-1000_ma-400_cat3L_sys_PDFDown
Merging measMET_Pseudoscalar2HDM_MonoZLL_mScan_mH-1000_ma-400_cat3L_sys_MuonSFDown
Merging measMET_Pseudoscalar2HDM_MonoZLL_mScan_mH-1000_ma-400_catTOP_sys_ElecronSFDown
Merging MT_Pseudoscalar2HDM_MonoZLL_mScan_mH-1000_ma-400_cat3L_sys_PDFUp
Merging MT_Pseudoscalar2HDM_MonoZLL_mScan_mH-1000_ma-400_catEM_sys_QCDScale2wUp
Merging MT_Pseudoscalar2HDM_MonoZLL_mScan_mH-1000_ma-400_catTOP_sys_PrefireWeightUp
Merging phizmet_Pseudoscalar2HDM_MonoZLL_mScan_mH-1000_ma-400_sys_MuonEnDown
Merging njet_Pseudoscalar2HDM_MonoZLL_mScan_mH-1000_ma-400_sys_QCDScale2wDown
Merging measMET_Pseudoscalar2HDM_MonoZLL_mScan_mH-1000_ma-400_catNRB_sys_MuonEnDown
Merging MT_Pseudoscalar2HDM_MonoZLL_mScan_mH-1000_ma-400_catDY_sys_MuonSFUp
Merging measMET_Pseudoscalar2HDM_MonoZLL_mScan_mH-1000_ma-400_catEM_sys_QCDScale0wDown
Merging measMET_Pseudoscalar2HDM_MonoZLL_mScan_mH-1000_ma-400_catDY_sys_ElecronSFDown
Merging MT_Pseudoscalar2HDM_MonoZLL_mScan_mH-1000_ma-400_catEM_sys_puWeightUp
Merging MT_Pseudoscalar2HDM_MonoZLL_mScan_mH-1000_ma-400_catTOP_sys_jerUp
Merging phizmet_Pseudoscalar2HDM_MonoZLL_mScan_mH-1000_ma-400_sys_PDFDown
Merging measMET_Pseudoscalar2HDM_MonoZLL_mScan_mH-1000_ma-400_catNRB
Merging MT_Pseudoscalar2HDM_MonoZLL_mScan_mH-1000_ma-400_catNRB_sys_jesTotalDown
Merging MT_Pseudoscalar2HDM_MonoZLL_mScan_mH-1000_ma-400_catSignal-0jet_sys_btagEventWeightUp
Merging MT_Pseudoscalar2HDM_MonoZLL_mScan_mH-1000_ma-400_cat4L_sys_EWKDown
Merging MT_Pseudoscalar2HDM_MonoZLL_mScan_mH-1000_ma-400_catEM_sys_nvtxWeightDown
Merging MT_Pseudoscalar2HDM_MonoZLL_mScan_mH-1000_ma-400_catSignal-0jet_sys_PDFDown
Merging measMET_Pseudoscalar2HDM_MonoZLL_mScan_mH-1000_ma-400_catTOP_sys_TriggerSFWeightDown
Merging measMET_Pseudoscalar2HDM_MonoZLL_mScan_mH-1000_ma-400_catSignal-1jet_sys_ElecronSFUp
Merging njet_Pseudoscalar2HDM_MonoZLL_mScan_mH-1000_ma-400_sys_QCDScale1wUp
Merging phizmet_Pseudoscalar2HDM_MonoZLL_mScan_mH-1000_ma-400_sys_ElectronEnUp
Merging njet_Pseudoscalar2HDM_MonoZLL_mScan_mH-1000_ma-400_sys_jesTotalUp
Merging measMET_Pseudoscalar2HDM_MonoZLL_mScan_mH-1000_ma-400_catSignal-0jet_sys_nvtxWeightDown
Merging MT_Pseudoscalar2HDM_MonoZLL_mScan_mH-1000_ma-400_catSignal-0jet_sys_ElectronEnUp
Merging MT_Pseudoscalar2HDM_MonoZLL_mScan_mH-1000_ma-400_cat4L_sys_MuonEnUp
Merging measMET_Pseudoscalar2HDM_MonoZLL_mScan_mH-1000_ma-400_catDY_sys_jesTotalDown
Merging MT_Pseudoscalar2HDM_MonoZLL_mScan_mH-1000_ma-400_catTOP_sys_puWeightUp
Merging MT_Pseudoscalar2HDM_MonoZLL_mScan_mH-1000_ma-400_catDY_sys_MuonEnDown
Merging balance_Pseudoscalar2HDM_MonoZLL_mScan_mH-1000_ma-400_sys_MuonEnUp
Merging MT_Pseudoscalar2HDM_MonoZLL_mScan_mH-1000_ma-400_catTOP_sys_QCDScale2wDown
Merging MT_Pseudoscalar2HDM_MonoZLL_mScan_mH-1000_ma-400_cat3L_sys_PrefireWeightUp
Merging MT_Pseudoscalar2HDM_MonoZLL_mScan_mH-1000_ma-400_cat4L_sys_jerUp
Merging measMET_Pseudoscalar2HDM_MonoZLL_mScan_mH-1000_ma-400_catDY_sys_PrefireWeightUp
Merging MT_Pseudoscalar2HDM_MonoZLL_mScan_mH-1000_ma-400_cat3L_sys_QCDScale0wUp
Merging njet_Pseudoscalar2HDM_MonoZLL_mScan_mH-1000_ma-400_sys_jerDown
Merging MT_Pseudoscalar2HDM_MonoZLL_mScan_mH-1000_ma-400_catSignal-0jet_sys_puWeightUp
Merging measMET_Pseudoscalar2HDM_MonoZLL_mScan_mH-1000_ma-400_catTOP_sys_ElectronEnUp
Merging njet_Pseudoscalar2HDM_MonoZLL_mScan_mH-1000_ma-400_sys_EWKUp
Merging measMET_Pseudoscalar2HDM_MonoZLL_mScan_mH-1000_ma-400_catEM_sys_QCDScale1wDown
Merging measMET_Pseudoscalar2HDM_MonoZLL_mScan_mH-1000_ma-400_catEM_sys_QCDScale2wUp
Merging balance_Pseudoscalar2HDM_MonoZLL_mScan_mH-1000_ma-400_sys_btagEventWeightUp
Merging measMET_Pseudoscalar2HDM_MonoZLL_mScan_mH-1000_ma-400_cat4L_sys_QCDScale0wDown
Merging MT_Pseudoscalar2HDM_MonoZLL_mScan_mH-1000_ma-400_cat4L_sys_MuonSFDown
Merging measMET_Pseudoscalar2HDM_MonoZLL_mScan_mH-1000_ma-400_cat3L_sys_QCDScale0wUp
Merging MT_Pseudoscalar2HDM_MonoZLL_mScan_mH-1000_ma-400_catNRB_sys_ElecronSFUp
Merging measMET_Pseudoscalar2HDM_MonoZLL_mScan_mH-1000_ma-400_cat3L_sys_TriggerSFWeightDown
Merging MT_Pseudoscalar2HDM_MonoZLL_mScan_mH-1000_ma-400_catSignal-1jet_sys_jerUp
Merging measMET_Pseudoscalar2HDM_MonoZLL_mScan_mH-1000_ma-400_catSignal-1jet_sys_PDFDown
Merging measMET_Pseudoscalar2HDM_MonoZLL_mScan_mH-1000_ma-400_cat3L_sys_QCDScale2wDown
Merging measMET_Pseudoscalar2HDM_MonoZLL_mScan_mH-1000_ma-400_catNRB_sys_PDFDown
Merging measMET_Pseudoscalar2HDM_MonoZLL_mScan_mH-1000_ma-400_catNRB_sys_TriggerSFWeightUp
Merging MT_Pseudoscalar2HDM_MonoZLL_mScan_mH-1000_ma-400_cat3L_sys_QCDScale2wUp
Merging MT_Pseudoscalar2HDM_MonoZLL_mScan_mH-1000_ma-400_catDY_sys_QCDScale2wDown
Merging MT_Pseudoscalar2HDM_MonoZLL_mScan_mH-1000_ma-400_catTOP
Merging measMET_Pseudoscalar2HDM_MonoZLL_mScan_mH-1000_ma-400_cat3L_sys_MuonEnUp
Merging measMET_Pseudoscalar2HDM_MonoZLL_mScan_mH-1000_ma-400_cat4L_sys_ElecronSFDown
Merging measMET_Pseudoscalar2HDM_MonoZLL_mScan_mH-1000_ma-400_catNRB_sys_jerDown
Merging measMET_Pseudoscalar2HDM_MonoZLL_mScan_mH-1000_ma-400_catSignal-1jet_sys_MuonEnDown
Merging measMET_Pseudoscalar2HDM_MonoZLL_mScan_mH-1000_ma-400_catSignal-0jet_sys_TriggerSFWeightDown
Merging measMET_Pseudoscalar2HDM_MonoZLL_mScan_mH-1000_ma-400_catDY_sys_jesTotalUp
Merging MT_Pseudoscalar2HDM_MonoZLL_mScan_mH-1000_ma-400_catDY_sys_MuonSFDown
Merging measMET_Pseudoscalar2HDM_MonoZLL_mScan_mH-1000_ma-400_catTOP_sys_MuonSFUp
Merging measMET_Pseudoscalar2HDM_MonoZLL_mScan_mH-1000_ma-400_catTOP_sys_EWKUp
Merging njet_Pseudoscalar2HDM_MonoZLL_mScan_mH-1000_ma-400_sys_MuonEnUp
Merging measMET_Pseudoscalar2HDM_MonoZLL_mScan_mH-1000_ma-400_cat4L_sys_puWeightDown
Merging MT_Pseudoscalar2HDM_MonoZLL_mScan_mH-1000_ma-400_catEM_sys_MuonEnDown
Merging MT_Pseudoscalar2HDM_MonoZLL_mScan_mH-1000_ma-400_catSignal-1jet_sys_MuonEnDown
Merging MT_Pseudoscalar2HDM_MonoZLL_mScan_mH-1000_ma-400_catTOP_sys_jesTotalUp
Merging MT_Pseudoscalar2HDM_MonoZLL_mScan_mH-1000_ma-400_catDY_sys_QCDScale1wUp
Merging MT_Pseudoscalar2HDM_MonoZLL_mScan_mH-1000_ma-400_cat3L_sys_puWeightUp
Merging measMET_Pseudoscalar2HDM_MonoZLL_mScan_mH-1000_ma-400_catDY_sys_PDFUp
Merging measMET_Pseudoscalar2HDM_MonoZLL_mScan_mH-1000_ma-400_catTOP_sys_QCDScale2wUp
Merging MT_Pseudoscalar2HDM_MonoZLL_mScan_mH-1000_ma-400_catSignal-1jet_sys_puWeightDown
Merging measMET_Pseudoscalar2HDM_MonoZLL_mScan_mH-1000_ma-400_cat3L_sys_jesTotalUp
Merging measMET_Pseudoscalar2HDM_MonoZLL_mScan_mH-1000_ma-400_catTOP_sys_MuonSFDown
Merging measMET_Pseudoscalar2HDM_MonoZLL_mScan_mH-1000_ma-400_catDY
Merging measMET_Pseudoscalar2HDM_MonoZLL_mScan_mH-1000_ma-400_catSignal-0jet_sys_MuonSFDown
Merging measMET_Pseudoscalar2HDM_MonoZLL_mScan_mH-1000_ma-400_catDY_sys_TriggerSFWeightDown
Merging measMET_Pseudoscalar2HDM_MonoZLL_mScan_mH-1000_ma-400_catTOP_sys_EWKDown
Merging MT_Pseudoscalar2HDM_MonoZLL_mScan_mH-1000_ma-400_cat3L_sys_QCDScale0wDown
Merging measMET_Pseudoscalar2HDM_MonoZLL_mScan_mH-1000_ma-400_catNRB_sys_EWKUp
Merging MT_Pseudoscalar2HDM_MonoZLL_mScan_mH-1000_ma-400_catTOP_sys_nvtxWeightDown
Merging MT_Pseudoscalar2HDM_MonoZLL_mScan_mH-1000_ma-400_catDY_sys_jerDown
Merging measMET_Pseudoscalar2HDM_MonoZLL_mScan_mH-1000_ma-400_catSignal-1jet_sys_jerDown
Merging phizmet_Pseudoscalar2HDM_MonoZLL_mScan_mH-1000_ma-400_sys_jesTotalUp
Merging MT_Pseudoscalar2HDM_MonoZLL_mScan_mH-1000_ma-400_catSignal-0jet_sys_TriggerSFWeightDown
Merging njet_Pseudoscalar2HDM_MonoZLL_mScan_mH-1000_ma-400_sys_ElecronSFDown
Merging phizmet_Pseudoscalar2HDM_MonoZLL_mScan_mH-1000_ma-400_sys_puWeightUp
Merging measMET_Pseudoscalar2HDM_MonoZLL_mScan_mH-1000_ma-400_catSignal-1jet_sys_btagEventWeightUp
Merging MT_Pseudoscalar2HDM_MonoZLL_mScan_mH-1000_ma-400_catSignal-0jet_sys_nvtxWeightUp
Merging MT_Pseudoscalar2HDM_MonoZLL_mScan_mH-1000_ma-400_catSignal-1jet_sys_QCDScale0wDown
Merging MT_Pseudoscalar2HDM_MonoZLL_mScan_mH-1000_ma-400_catEM_sys_jesTotalDown
Merging MT_Pseudoscalar2HDM_MonoZLL_mScan_mH-1000_ma-400_catTOP_sys_EWKDown
Merging MT_Pseudoscalar2HDM_MonoZLL_mScan_mH-1000_ma-400_catDY_sys_puWeightDown
Merging MT_Pseudoscalar2HDM_MonoZLL_mScan_mH-1000_ma-400_catNRB_sys_nvtxWeightDown
Merging MT_Pseudoscalar2HDM_MonoZLL_mScan_mH-1000_ma-400_catSignal-0jet_sys_MuonEnDown
Merging measMET_Pseudoscalar2HDM_MonoZLL_mScan_mH-1000_ma-400_catDY_sys_puWeightUp
Merging measMET_Pseudoscalar2HDM_MonoZLL_mScan_mH-1000_ma-400_catDY_sys_QCDScale0wUp
Merging MT_Pseudoscalar2HDM_MonoZLL_mScan_mH-1000_ma-400_catNRB_sys_MuonEnDown
Merging measMET_Pseudoscalar2HDM_MonoZLL_mScan_mH-1000_ma-400_catTOP_sys_nvtxWeightUp
Merging MT_Pseudoscalar2HDM_MonoZLL_mScan_mH-1000_ma-400_catTOP_sys_jesTotalDown
Merging njet_Pseudoscalar2HDM_MonoZLL_mScan_mH-1000_ma-400_sys_EWKDown
Merging MT_Pseudoscalar2HDM_MonoZLL_mScan_mH-1000_ma-400_cat4L_sys_QCDScale1wDown
Merging measMET_Pseudoscalar2HDM_MonoZLL_mScan_mH-1000_ma-400_catNRB_sys_nvtxWeightDown
Merging balance_Pseudoscalar2HDM_MonoZLL_mScan_mH-1000_ma-400_sys_jesTotalUp
Merging measMET_Pseudoscalar2HDM_MonoZLL_mScan_mH-1000_ma-400_catSignal-0jet_sys_nvtxWeightUp
Merging MT_Pseudoscalar2HDM_MonoZLL_mScan_mH-1000_ma-400_catTOP_sys_MuonSFUp
Merging MT_Pseudoscalar2HDM_MonoZLL_mScan_mH-1000_ma-400_catSignal-0jet_sys_QCDScale2wDown
Merging measMET_Pseudoscalar2HDM_MonoZLL_mScan_mH-1000_ma-400_catSignal-1jet_sys_nvtxWeightUp
Merging measMET_Pseudoscalar2HDM_MonoZLL_mScan_mH-1000_ma-400_catSignal-0jet_sys_jerUp
Merging MT_Pseudoscalar2HDM_MonoZLL_mScan_mH-1000_ma-400_catDY_sys_ElectronEnUp
Merging MT_Pseudoscalar2HDM_MonoZLL_mScan_mH-1000_ma-400_cat4L_sys_QCDScale1wUp
Merging balance_Pseudoscalar2HDM_MonoZLL_mScan_mH-1000_ma-400_sys_TriggerSFWeightUp
Merging MT_Pseudoscalar2HDM_MonoZLL_mScan_mH-1000_ma-400_catNRB_sys_TriggerSFWeightUp
Merging MT_Pseudoscalar2HDM_MonoZLL_mScan_mH-1000_ma-400_cat3L_sys_ElectronEnUp
Merging MT_Pseudoscalar2HDM_MonoZLL_mScan_mH-1000_ma-400_catEM_sys_PrefireWeightDown
Merging MT_Pseudoscalar2HDM_MonoZLL_mScan_mH-1000_ma-400_catDY_sys_QCDScale1wDown
Merging measMET_Pseudoscalar2HDM_MonoZLL_mScan_mH-1000_ma-400_catEM_sys_TriggerSFWeightUp
Merging measMET_Pseudoscalar2HDM_MonoZLL_mScan_mH-1000_ma-400_catDY_sys_EWKUp
Merging measMET_Pseudoscalar2HDM_MonoZLL_mScan_mH-1000_ma-400_catDY_sys_nvtxWeightDown
Merging measMET_Pseudoscalar2HDM_MonoZLL_mScan_mH-1000_ma-400_catTOP_sys_PDFUp
Merging measMET_Pseudoscalar2HDM_MonoZLL_mScan_mH-1000_ma-400_catSignal-0jet_sys_QCDScale2wUp
Merging balance_Pseudoscalar2HDM_MonoZLL_mScan_mH-1000_ma-400_sys_ElecronSFUp
Merging MT_Pseudoscalar2HDM_MonoZLL_mScan_mH-1000_ma-400_catDY
Merging MT_Pseudoscalar2HDM_MonoZLL_mScan_mH-1000_ma-400_catSignal-1jet_sys_EWKDown
Merging njet_Pseudoscalar2HDM_MonoZLL_mScan_mH-1000_ma-400_sys_nvtxWeightDown
Merging measMET_Pseudoscalar2HDM_MonoZLL_mScan_mH-1000_ma-400_cat3L_sys_puWeightDown
Merging MT_Pseudoscalar2HDM_MonoZLL_mScan_mH-1000_ma-400_catSignal-1jet_sys_TriggerSFWeightUp
Merging measMET_Pseudoscalar2HDM_MonoZLL_mScan_mH-1000_ma-400_cat3L_sys_ElecronSFUp
Merging MT_Pseudoscalar2HDM_MonoZLL_mScan_mH-1000_ma-400_cat3L_sys_btagEventWeightDown
Merging measMET_Pseudoscalar2HDM_MonoZLL_mScan_mH-1000_ma-400_catDY_sys_ElectronEnUp
Merging MT_Pseudoscalar2HDM_MonoZLL_mScan_mH-1000_ma-400_cat4L_sys_PDFDown
Merging MT_Pseudoscalar2HDM_MonoZLL_mScan_mH-1000_ma-400_cat4L_sys_PDFUp
Merging MT_Pseudoscalar2HDM_MonoZLL_mScan_mH-1000_ma-400_catSignal-1jet_sys_nvtxWeightDown
Merging MT_Pseudoscalar2HDM_MonoZLL_mScan_mH-1000_ma-400_catSignal-1jet_sys_PrefireWeightUp
Merging MT_Pseudoscalar2HDM_MonoZLL_mScan_mH-1000_ma-400_catSignal-0jet_sys_EWKUp
Merging balance_Pseudoscalar2HDM_MonoZLL_mScan_mH-1000_ma-400_sys_puWeightDown
Merging measMET_Pseudoscalar2HDM_MonoZLL_mScan_mH-1000_ma-400_cat3L_sys_btagEventWeightDown
Merging measMET_Pseudoscalar2HDM_MonoZLL_mScan_mH-1000_ma-400_cat4L_sys_QCDScale0wUp
Merging measMET_Pseudoscalar2HDM_MonoZLL_mScan_mH-1000_ma-400_catSignal-1jet_sys_ElecronSFDown
Merging MT_Pseudoscalar2HDM_MonoZLL_mScan_mH-1000_ma-400_cat4L_sys_ElecronSFDown
Merging njet_Pseudoscalar2HDM_MonoZLL_mScan_mH-1000_ma-400_sys_MuonSFDown
Merging MT_Pseudoscalar2HDM_MonoZLL_mScan_mH-1000_ma-400_catEM_sys_ElectronEnDown
Merging phizmet_Pseudoscalar2HDM_MonoZLL_mScan_mH-1000_ma-400_sys_PrefireWeightDown
Merging measMET_Pseudoscalar2HDM_MonoZLL_mScan_mH-1000_ma-400_catNRB_sys_ElecronSFDown
Merging measMET_Pseudoscalar2HDM_MonoZLL_mScan_mH-1000_ma-400_catSignal-1jet
Merging measMET_Pseudoscalar2HDM_MonoZLL_mScan_mH-1000_ma-400_catSignal-0jet_sys_ElectronEnUp
Merging measMET_Pseudoscalar2HDM_MonoZLL_mScan_mH-1000_ma-400_catTOP_sys_jerDown
Merging MT_Pseudoscalar2HDM_MonoZLL_mScan_mH-1000_ma-400_catSignal-1jet_sys_PDFUp
Merging measMET_Pseudoscalar2HDM_MonoZLL_mScan_mH-1000_ma-400_catEM_sys_EWKUp
Merging measMET_Pseudoscalar2HDM_MonoZLL_mScan_mH-1000_ma-400_catEM_sys_QCDScale1wUp
Merging MT_Pseudoscalar2HDM_MonoZLL_mScan_mH-1000_ma-400_catSignal-1jet_sys_btagEventWeightDown
Merging MT_Pseudoscalar2HDM_MonoZLL_mScan_mH-1000_ma-400_catNRB_sys_ElectronEnDown
Merging MT_Pseudoscalar2HDM_MonoZLL_mScan_mH-1000_ma-400_catSignal-0jet_sys_PrefireWeightDown
Merging measMET_Pseudoscalar2HDM_MonoZLL_mScan_mH-1000_ma-400_cat3L_sys_QCDScale0wDown
Merging MT_Pseudoscalar2HDM_MonoZLL_mScan_mH-1000_ma-400_catNRB_sys_ElectronEnUp
Merging MT_Pseudoscalar2HDM_MonoZLL_mScan_mH-1000_ma-400_catNRB_sys_btagEventWeightUp
Merging measMET_Pseudoscalar2HDM_MonoZLL_mScan_mH-1000_ma-400_catEM_sys_jesTotalDown
Merging measMET_Pseudoscalar2HDM_MonoZLL_mScan_mH-1000_ma-400_catSignal-0jet_sys_QCDScale2wDown
Merging MT_Pseudoscalar2HDM_MonoZLL_mScan_mH-1000_ma-400_catDY_sys_puWeightUp
Merging MT_Pseudoscalar2HDM_MonoZLL_mScan_mH-1000_ma-400_catSignal-0jet_sys_QCDScale2wUp
Merging measMET_Pseudoscalar2HDM_MonoZLL_mScan_mH-1000_ma-400_catTOP_sys_QCDScale1wUp
Merging measMET_Pseudoscalar2HDM_MonoZLL_mScan_mH-1000_ma-400_catDY_sys_jerDown
Merging measMET_Pseudoscalar2HDM_MonoZLL_mScan_mH-1000_ma-400_catSignal-1jet_sys_QCDScale1wUp
Merging measMET_Pseudoscalar2HDM_MonoZLL_mScan_mH-1000_ma-400_catTOP_sys_QCDScale0wUp
Merging measMET_Pseudoscalar2HDM_MonoZLL_mScan_mH-1000_ma-400_catNRB_sys_ElectronEnDown
Merging measMET_Pseudoscalar2HDM_MonoZLL_mScan_mH-1000_ma-400_cat4L_sys_QCDScale2wUp
Merging MT_Pseudoscalar2HDM_MonoZLL_mScan_mH-1000_ma-400_catTOP_sys_btagEventWeightDown
Merging njet_Pseudoscalar2HDM_MonoZLL_mScan_mH-1000_ma-400_sys_PDFUp
Merging balance_Pseudoscalar2HDM_MonoZLL_mScan_mH-1000_ma-400_sys_QCDScale2wUp
Merging njet_Pseudoscalar2HDM_MonoZLL_mScan_mH-1000_ma-400_sys_ElectronEnDown
Merging measMET_Pseudoscalar2HDM_MonoZLL_mScan_mH-1000_ma-400_catSignal-0jet_sys_jerDown
Merging phizmet_Pseudoscalar2HDM_MonoZLL_mScan_mH-1000_ma-400_sys_QCDScale0wUp
Merging MT_Pseudoscalar2HDM_MonoZLL_mScan_mH-1000_ma-400_cat3L_sys_EWKUp
Merging phizmet_Pseudoscalar2HDM_MonoZLL_mScan_mH-1000_ma-400_sys_QCDScale2wDown
Merging measMET_Pseudoscalar2HDM_MonoZLL_mScan_mH-1000_ma-400_catNRB_sys_QCDScale0wDown
Merging measMET_Pseudoscalar2HDM_MonoZLL_mScan_mH-1000_ma-400_catSignal-0jet_sys_jesTotalDown
Merging MT_Pseudoscalar2HDM_MonoZLL_mScan_mH-1000_ma-400_cat4L_sys_PrefireWeightUp
Merging MT_Pseudoscalar2HDM_MonoZLL_mScan_mH-1000_ma-400_catEM_sys_jerDown
Merging MT_Pseudoscalar2HDM_MonoZLL_mScan_mH-1000_ma-400_cat3L_sys_btagEventWeightUp
Merging measMET_Pseudoscalar2HDM_MonoZLL_mScan_mH-1000_ma-400_catNRB_sys_nvtxWeightUp
Merging MT_Pseudoscalar2HDM_MonoZLL_mScan_mH-1000_ma-400_catSignal-0jet_sys_jerUp
Merging njet_Pseudoscalar2HDM_MonoZLL_mScan_mH-1000_ma-400_sys_MuonSFUp
Merging MT_Pseudoscalar2HDM_MonoZLL_mScan_mH-1000_ma-400_cat3L_sys_ElectronEnDown
Merging njet_Pseudoscalar2HDM_MonoZLL_mScan_mH-1000_ma-400_sys_ElecronSFUp
Merging measMET_Pseudoscalar2HDM_MonoZLL_mScan_mH-1000_ma-400_catTOP_sys_TriggerSFWeightUp
Merging measMET_Pseudoscalar2HDM_MonoZLL_mScan_mH-1000_ma-400_cat4L_sys_puWeightUp
Merging measMET_Pseudoscalar2HDM_MonoZLL_mScan_mH-1000_ma-400_catDY_sys_QCDScale2wUp
Merging MT_Pseudoscalar2HDM_MonoZLL_mScan_mH-1000_ma-400_cat4L_sys_EWKUp
Merging measMET_Pseudoscalar2HDM_MonoZLL_mScan_mH-1000_ma-400_catEM_sys_nvtxWeightDown
Merging MT_Pseudoscalar2HDM_MonoZLL_mScan_mH-1000_ma-400_cat3L_sys_ElecronSFDown
Merging MT_Pseudoscalar2HDM_MonoZLL_mScan_mH-1000_ma-400_catSignal-1jet
Merging MT_Pseudoscalar2HDM_MonoZLL_mScan_mH-1000_ma-400_catEM_sys_EWKUp
Merging measMET_Pseudoscalar2HDM_MonoZLL_mScan_mH-1000_ma-400_catEM_sys_MuonEnDown
Merging MT_Pseudoscalar2HDM_MonoZLL_mScan_mH-1000_ma-400_catEM_sys_MuonEnUp
Merging njet_Pseudoscalar2HDM_MonoZLL_mScan_mH-1000_ma-400
Merging MT_Pseudoscalar2HDM_MonoZLL_mScan_mH-1000_ma-400_catTOP_sys_EWKUp
Merging MT_Pseudoscalar2HDM_MonoZLL_mScan_mH-1000_ma-400_cat4L_sys_PrefireWeightDown
Merging measMET_Pseudoscalar2HDM_MonoZLL_mScan_mH-1000_ma-400_cat4L_sys_TriggerSFWeightUp
Merging MT_Pseudoscalar2HDM_MonoZLL_mScan_mH-1000_ma-400_catNRB_sys_jerDown
Merging measMET_Pseudoscalar2HDM_MonoZLL_mScan_mH-1000_ma-400_cat3L
Merging measMET_Pseudoscalar2HDM_MonoZLL_mScan_mH-1000_ma-400_cat4L_sys_QCDScale2wDown
Merging balance_Pseudoscalar2HDM_MonoZLL_mScan_mH-1000_ma-400_sys_EWKDown
Merging MT_Pseudoscalar2HDM_MonoZLL_mScan_mH-1000_ma-400_catSignal-1jet_sys_TriggerSFWeightDown
Merging measMET_Pseudoscalar2HDM_MonoZLL_mScan_mH-1000_ma-400_cat3L_sys_TriggerSFWeightUp
Merging measMET_Pseudoscalar2HDM_MonoZLL_mScan_mH-1000_ma-400_catEM_sys_QCDScale2wDown
Merging MT_Pseudoscalar2HDM_MonoZLL_mScan_mH-1000_ma-400_catTOP_sys_QCDScale1wDown
Merging measMET_Pseudoscalar2HDM_MonoZLL_mScan_mH-1000_ma-400_catNRB_sys_MuonSFDown
Merging measMET_Pseudoscalar2HDM_MonoZLL_mScan_mH-1000_ma-400_catSignal-0jet_sys_EWKDown
Merging MT_Pseudoscalar2HDM_MonoZLL_mScan_mH-1000_ma-400_catSignal-1jet_sys_EWKUp
Merging measMET_Pseudoscalar2HDM_MonoZLL_mScan_mH-1000_ma-400_cat4L_sys_QCDScale1wUp
Merging phizmet_Pseudoscalar2HDM_MonoZLL_mScan_mH-1000_ma-400_sys_QCDScale0wDown
Merging measMET_Pseudoscalar2HDM_MonoZLL_mScan_mH-1000_ma-400_cat3L_sys_btagEventWeightUp
Merging MT_Pseudoscalar2HDM_MonoZLL_mScan_mH-1000_ma-400_catEM_sys_jesTotalUp
Merging njet_Pseudoscalar2HDM_MonoZLL_mScan_mH-1000_ma-400_sys_puWeightUp
Merging MT_Pseudoscalar2HDM_MonoZLL_mScan_mH-1000_ma-400_catSignal-0jet_sys_MuonEnUp
Merging measMET_Pseudoscalar2HDM_MonoZLL_mScan_mH-1000_ma-400_catNRB_sys_jesTotalDown
Merging measMET_Pseudoscalar2HDM_MonoZLL_mScan_mH-1000_ma-400_catNRB_sys_QCDScale1wUp
Merging measMET_Pseudoscalar2HDM_MonoZLL_mScan_mH-1000_ma-400_catNRB_sys_PDFUp
Merging measMET_Pseudoscalar2HDM_MonoZLL_mScan_mH-1000_ma-400_catDY_sys_QCDScale0wDown
Merging MT_Pseudoscalar2HDM_MonoZLL_mScan_mH-1000_ma-400_catEM_sys_QCDScale0wDown
Merging measMET_Pseudoscalar2HDM_MonoZLL_mScan_mH-1000_ma-400_catDY_sys_MuonEnDown
Merging measMET_Pseudoscalar2HDM_MonoZLL_mScan_mH-1000_ma-400_catNRB_sys_QCDScale2wDown
Merging balance_Pseudoscalar2HDM_MonoZLL_mScan_mH-1000_ma-400
Merging measMET_Pseudoscalar2HDM_MonoZLL_mScan_mH-1000_ma-400_catTOP
Merging measMET_Pseudoscalar2HDM_MonoZLL_mScan_mH-1000_ma-400_catDY_sys_QCDScale1wDown
Merging measMET_Pseudoscalar2HDM_MonoZLL_mScan_mH-1000_ma-400_catSignal-0jet_sys_ElecronSFUp
Merging njet_Pseudoscalar2HDM_MonoZLL_mScan_mH-1000_ma-400_sys_btagEventWeightDown
Merging measMET_Pseudoscalar2HDM_MonoZLL_mScan_mH-1000_ma-400_catEM_sys_MuonSFUp
Merging measMET_Pseudoscalar2HDM_MonoZLL_mScan_mH-1000_ma-400_catEM_sys_nvtxWeightUp
Merging measMET_Pseudoscalar2HDM_MonoZLL_mScan_mH-1000_ma-400_catSignal-0jet_sys_QCDScale0wDown
Merging MT_Pseudoscalar2HDM_MonoZLL_mScan_mH-1000_ma-400_catTOP_sys_QCDScale0wUp
Merging measMET_Pseudoscalar2HDM_MonoZLL_mScan_mH-1000_ma-400_cat4L_sys_nvtxWeightDown
Merging balance_Pseudoscalar2HDM_MonoZLL_mScan_mH-1000_ma-400_sys_jerDown
Merging measMET_Pseudoscalar2HDM_MonoZLL_mScan_mH-1000_ma-400_catTOP_sys_PrefireWeightUp
Merging MT_Pseudoscalar2HDM_MonoZLL_mScan_mH-1000_ma-400_catNRB_sys_QCDScale1wDown
Merging balance_Pseudoscalar2HDM_MonoZLL_mScan_mH-1000_ma-400_sys_ElecronSFDown
Merging MT_Pseudoscalar2HDM_MonoZLL_mScan_mH-1000_ma-400_catSignal-1jet_sys_MuonEnUp
Merging MT_Pseudoscalar2HDM_MonoZLL_mScan_mH-1000_ma-400_catEM_sys_EWKDown
Merging measMET_Pseudoscalar2HDM_MonoZLL_mScan_mH-1000_ma-400_catSignal-1jet_sys_jesTotalDown
Merging measMET_Pseudoscalar2HDM_MonoZLL_mScan_mH-1000_ma-400_catEM_sys_MuonSFDown
Merging measMET_Pseudoscalar2HDM_MonoZLL_mScan_mH-1000_ma-400_catSignal-0jet_sys_PDFUp
Merging MT_Pseudoscalar2HDM_MonoZLL_mScan_mH-1000_ma-400_cat3L_sys_MuonSFUp
Merging balance_Pseudoscalar2HDM_MonoZLL_mScan_mH-1000_ma-400_sys_MuonSFUp
Merging measMET_Pseudoscalar2HDM_MonoZLL_mScan_mH-1000_ma-400_cat4L_sys_jerUp
Merging measMET_Pseudoscalar2HDM_MonoZLL_mScan_mH-1000_ma-400_catDY_sys_ElecronSFUp
Merging measMET_Pseudoscalar2HDM_MonoZLL_mScan_mH-1000_ma-400_catSignal-1jet_sys_EWKDown
Merging measMET_Pseudoscalar2HDM_MonoZLL_mScan_mH-1000_ma-400_cat4L_sys_PrefireWeightUp
Merging balance_Pseudoscalar2HDM_MonoZLL_mScan_mH-1000_ma-400_sys_EWKUp
Merging measMET_Pseudoscalar2HDM_MonoZLL_mScan_mH-1000_ma-400_catEM_sys_jerUp
Merging measMET_Pseudoscalar2HDM_MonoZLL_mScan_mH-1000_ma-400_catSignal-1jet_sys_MuonSFDown
Merging MT_Pseudoscalar2HDM_MonoZLL_mScan_mH-1000_ma-400_catTOP_sys_jerDown
Merging MT_Pseudoscalar2HDM_MonoZLL_mScan_mH-1000_ma-400_cat4L_sys_btagEventWeightUp
Merging measMET_Pseudoscalar2HDM_MonoZLL_mScan_mH-1000_ma-400_catNRB_sys_puWeightUp
Merging measMET_Pseudoscalar2HDM_MonoZLL_mScan_mH-1000_ma-400_cat4L_sys_MuonSFDown
Merging measMET_Pseudoscalar2HDM_MonoZLL_mScan_mH-1000_ma-400_catTOP_sys_MuonEnUp
Merging measMET_Pseudoscalar2HDM_MonoZLL_mScan_mH-1000_ma-400_cat3L_sys_EWKDown
Merging measMET_Pseudoscalar2HDM_MonoZLL_mScan_mH-1000_ma-400_catNRB_sys_QCDScale1wDown
Merging measMET_Pseudoscalar2HDM_MonoZLL_mScan_mH-1000_ma-400_catDY_sys_QCDScale2wDown
Merging measMET_Pseudoscalar2HDM_MonoZLL_mScan_mH-1000_ma-400_catSignal-0jet_sys_MuonEnDown
Merging measMET_Pseudoscalar2HDM_MonoZLL_mScan_mH-1000_ma-400_catDY_sys_MuonSFUp
Merging phizmet_Pseudoscalar2HDM_MonoZLL_mScan_mH-1000_ma-400_sys_PDFUp
Merging MT_Pseudoscalar2HDM_MonoZLL_mScan_mH-1000_ma-400_catNRB_sys_PrefireWeightUp
Merging measMET_Pseudoscalar2HDM_MonoZLL_mScan_mH-1000_ma-400_cat3L_sys_jesTotalDown
Merging njet_Pseudoscalar2HDM_MonoZLL_mScan_mH-1000_ma-400_sys_TriggerSFWeightUp
Merging measMET_Pseudoscalar2HDM_MonoZLL_mScan_mH-1000_ma-400_catEM_sys_jerDown
Merging MT_Pseudoscalar2HDM_MonoZLL_mScan_mH-1000_ma-400_catSignal-1jet_sys_MuonSFUp
Merging MT_Pseudoscalar2HDM_MonoZLL_mScan_mH-1000_ma-400_cat3L_sys_MuonEnUp
Merging MT_Pseudoscalar2HDM_MonoZLL_mScan_mH-1000_ma-400_cat3L_sys_QCDScale2wDown
Merging MT_Pseudoscalar2HDM_MonoZLL_mScan_mH-1000_ma-400_catSignal-0jet_sys_EWKDown
Merging balance_Pseudoscalar2HDM_MonoZLL_mScan_mH-1000_ma-400_sys_nvtxWeightUp
Merging MT_Pseudoscalar2HDM_MonoZLL_mScan_mH-1000_ma-400_catDY_sys_ElecronSFDown
Merging measMET_Pseudoscalar2HDM_MonoZLL_mScan_mH-1000_ma-400_catSignal-0jet_sys_QCDScale1wUp
Merging phizmet_Pseudoscalar2HDM_MonoZLL_mScan_mH-1000_ma-400_sys_MuonSFDown
Merging measMET_Pseudoscalar2HDM_MonoZLL_mScan_mH-1000_ma-400_catEM_sys_PDFUp
Merging MT_Pseudoscalar2HDM_MonoZLL_mScan_mH-1000_ma-400_cat3L_sys_QCDScale1wDown
Merging measMET_Pseudoscalar2HDM_MonoZLL_mScan_mH-1000_ma-400_cat3L_sys_QCDScale1wDown
Merging phizmet_Pseudoscalar2HDM_MonoZLL_mScan_mH-1000_ma-400_sys_ElecronSFUp
Merging MT_Pseudoscalar2HDM_MonoZLL_mScan_mH-1000_ma-400_catDY_sys_EWKUp
Merging MT_Pseudoscalar2HDM_MonoZLL_mScan_mH-1000_ma-400_catDY_sys_nvtxWeightUp
Merging MT_Pseudoscalar2HDM_MonoZLL_mScan_mH-1000_ma-400_catDY_sys_PDFDown
Merging balance_Pseudoscalar2HDM_MonoZLL_mScan_mH-1000_ma-400_sys_PrefireWeightDown
Merging MT_Pseudoscalar2HDM_MonoZLL_mScan_mH-1000_ma-400_catEM_sys_PDFUp
Merging MT_Pseudoscalar2HDM_MonoZLL_mScan_mH-1000_ma-400_catDY_sys_btagEventWeightUp
Merging MT_Pseudoscalar2HDM_MonoZLL_mScan_mH-1000_ma-400_catSignal-1jet_sys_ElectronEnDown
Merging MT_Pseudoscalar2HDM_MonoZLL_mScan_mH-1000_ma-400_cat4L_sys_nvtxWeightUp
Merging njet_Pseudoscalar2HDM_MonoZLL_mScan_mH-1000_ma-400_sys_PDFDown
Merging measMET_Pseudoscalar2HDM_MonoZLL_mScan_mH-1000_ma-400_catSignal-1jet_sys_btagEventWeightDown
Merging MT_Pseudoscalar2HDM_MonoZLL_mScan_mH-1000_ma-400_catTOP_sys_TriggerSFWeightDown
Merging MT_Pseudoscalar2HDM_MonoZLL_mScan_mH-1000_ma-400_cat4L_sys_jesTotalDown
Merging measMET_Pseudoscalar2HDM_MonoZLL_mScan_mH-1000_ma-400_catSignal-0jet_sys_ElecronSFDown
Merging measMET_Pseudoscalar2HDM_MonoZLL_mScan_mH-1000_ma-400_cat3L_sys_PrefireWeightDown
Merging measMET_Pseudoscalar2HDM_MonoZLL_mScan_mH-1000_ma-400_catSignal-0jet_sys_EWKUp
Merging balance_Pseudoscalar2HDM_MonoZLL_mScan_mH-1000_ma-400_sys_QCDScale0wUp
Merging MT_Pseudoscalar2HDM_MonoZLL_mScan_mH-1000_ma-400_catDY_sys_jesTotalDown
Merging MT_Pseudoscalar2HDM_MonoZLL_mScan_mH-1000_ma-400_catNRB_sys_PDFDown
Merging measMET_Pseudoscalar2HDM_MonoZLL_mScan_mH-1000_ma-400_catDY_sys_jerUp
Merging measMET_Pseudoscalar2HDM_MonoZLL_mScan_mH-1000_ma-400_catSignal-0jet_sys_puWeightUp
Merging measMET_Pseudoscalar2HDM_MonoZLL_mScan_mH-1000_ma-400_catEM
Merging MT_Pseudoscalar2HDM_MonoZLL_mScan_mH-1000_ma-400_catSignal-0jet_sys_PDFUp
Merging MT_Pseudoscalar2HDM_MonoZLL_mScan_mH-1000_ma-400_cat4L_sys_QCDScale0wDown
Merging njet_Pseudoscalar2HDM_MonoZLL_mScan_mH-1000_ma-400_sys_MuonEnDown
Merging measMET_Pseudoscalar2HDM_MonoZLL_mScan_mH-1000_ma-400_catEM_sys_btagEventWeightUp
Merging phizmet_Pseudoscalar2HDM_MonoZLL_mScan_mH-1000_ma-400_sys_jerUp
Merging MT_Pseudoscalar2HDM_MonoZLL_mScan_mH-1000_ma-400_catDY_sys_QCDScale2wUp
Merging measMET_Pseudoscalar2HDM_MonoZLL_mScan_mH-1000_ma-400_catNRB_sys_ElectronEnUp
Merging MT_Pseudoscalar2HDM_MonoZLL_mScan_mH-1000_ma-400_catSignal-1jet_sys_puWeightUp
Merging measMET_Pseudoscalar2HDM_MonoZLL_mScan_mH-1000_ma-400_catDY_sys_puWeightDown
Merging measMET_Pseudoscalar2HDM_MonoZLL_mScan_mH-1000_ma-400_catTOP_sys_ElectronEnDown
Merging MT_Pseudoscalar2HDM_MonoZLL_mScan_mH-1000_ma-400_catEM_sys_btagEventWeightDown
Merging MT_Pseudoscalar2HDM_MonoZLL_mScan_mH-1000_ma-400_catSignal-0jet_sys_jesTotalUp
Merging MT_Pseudoscalar2HDM_MonoZLL_mScan_mH-1000_ma-400_catSignal-0jet_sys_puWeightDown
Merging measMET_Pseudoscalar2HDM_MonoZLL_mScan_mH-1000_ma-400_catEM_sys_puWeightDown
Merging measMET_Pseudoscalar2HDM_MonoZLL_mScan_mH-1000_ma-400_catSignal-1jet_sys_puWeightUp
Merging measMET_Pseudoscalar2HDM_MonoZLL_mScan_mH-1000_ma-400_catEM_sys_jesTotalUp
Merging MT_Pseudoscalar2HDM_MonoZLL_mScan_mH-1000_ma-400_catSignal-0jet_sys_QCDScale1wDown
Merging balance_Pseudoscalar2HDM_MonoZLL_mScan_mH-1000_ma-400_sys_PDFUp
Merging measMET_Pseudoscalar2HDM_MonoZLL_mScan_mH-1000_ma-400_catDY_sys_MuonSFDown
Merging MT_Pseudoscalar2HDM_MonoZLL_mScan_mH-1000_ma-400_catNRB_sys_QCDScale0wDown
Merging measMET_Pseudoscalar2HDM_MonoZLL_mScan_mH-1000_ma-400_cat3L_sys_EWKUp
Merging measMET_Pseudoscalar2HDM_MonoZLL_mScan_mH-1000_ma-400_catSignal-0jet_sys_PrefireWeightDown
Merging phizmet_Pseudoscalar2HDM_MonoZLL_mScan_mH-1000_ma-400_sys_nvtxWeightUp
Merging MT_Pseudoscalar2HDM_MonoZLL_mScan_mH-1000_ma-400_cat4L_sys_nvtxWeightDown
Merging MT_Pseudoscalar2HDM_MonoZLL_mScan_mH-1000_ma-400_cat3L_sys_jesTotalUp
Merging measMET_Pseudoscalar2HDM_MonoZLL_mScan_mH-1000_ma-400_catSignal-1jet_sys_jerUp
Merging MT_Pseudoscalar2HDM_MonoZLL_mScan_mH-1000_ma-400_catNRB_sys_QCDScale1wUp
Merging measMET_Pseudoscalar2HDM_MonoZLL_mScan_mH-1000_ma-400_catTOP_sys_QCDScale2wDown
Merging phizmet_Pseudoscalar2HDM_MonoZLL_mScan_mH-1000_ma-400_sys_EWKUp
Merging MT_Pseudoscalar2HDM_MonoZLL_mScan_mH-1000_ma-400_cat4L_sys_btagEventWeightDown
Merging measMET_Pseudoscalar2HDM_MonoZLL_mScan_mH-1000_ma-400_catTOP_sys_nvtxWeightDown
Merging MT_Pseudoscalar2HDM_MonoZLL_mScan_mH-1000_ma-400_catSignal-1jet_sys_ElecronSFDown
Merging MT_Pseudoscalar2HDM_MonoZLL_mScan_mH-1000_ma-400_catDY_sys_MuonEnUp
Merging MT_Pseudoscalar2HDM_MonoZLL_mScan_mH-1000_ma-400_catDY_sys_EWKDown
Merging measMET_Pseudoscalar2HDM_MonoZLL_mScan_mH-1000_ma-400_catDY_sys_PrefireWeightDown
Merging phizmet_Pseudoscalar2HDM_MonoZLL_mScan_mH-1000_ma-400_sys_puWeightDown
Merging measMET_Pseudoscalar2HDM_MonoZLL_mScan_mH-1000_ma-400_cat4L_sys_nvtxWeightUp
Merging measMET_Pseudoscalar2HDM_MonoZLL_mScan_mH-1000_ma-400_catNRB_sys_jerUp
Merging measMET_Pseudoscalar2HDM_MonoZLL_mScan_mH-1000_ma-400_catEM_sys_MuonEnUp
Merging phizmet_Pseudoscalar2HDM_MonoZLL_mScan_mH-1000_ma-400_sys_ElecronSFDown
Merging MT_Pseudoscalar2HDM_MonoZLL_mScan_mH-1000_ma-400_cat4L_sys_puWeightUp
Merging balance_Pseudoscalar2HDM_MonoZLL_mScan_mH-1000_ma-400_sys_QCDScale2wDown
Merging measMET_Pseudoscalar2HDM_MonoZLL_mScan_mH-1000_ma-400_catTOP_sys_btagEventWeightUp
0.025 kHz), accepted    30001/   30001 events (100.00%)
Processed 35778 preselected entries from /eos/cms/store/group/phys_exotica/monoZ/Exorcism2017/Pseudoscalar2HDM_MonoZLL_mScan_mH-1000_ma-400/tree_0.root (35778 entries). Finally selected 35778 entries
Done ./tree_0_Skim.root
24.7883381601 Hz
----- transfer output to eos :
----- directory after running :
.:
total 6436
-rw-r--r--. 1 cfreer zh    1214 Nov 29 01:59 FrameworkJobReport.xml
-rw-r--r--. 1 cfreer zh       0 Nov 29 01:35 _condor_stderr
-rw-r--r--. 1 cfreer zh   83462 Nov 29 01:59 _condor_stdout
-rw-------. 1 cfreer zh    4914 Nov 29 01:59 cfreer.cc
-rw-r--r--. 1 cfreer zh   16092 Nov 29 01:35 combineHLT_Run2.yaml
-rw-r--r--. 1 cfreer zh    5718 Nov 29 01:35 condor_WSProducer.py
-rwxr-xr-x. 1 cfreer zh     844 Nov 29 01:35 condor_exec.exe
-rwxr-xr-x. 1 cfreer zh    2559 Nov 29 01:35 haddnano.py
-rw-r--r--. 1 cfreer zh       8 Nov 29 01:35 keep_and_drop_WS.txt
drwx------. 3 cfreer zh    4096 Nov 29 01:35 tmp
-rw-r--r--. 1 cfreer zh 3220584 Nov 29 01:59 tree_0.root
-rw-r--r--. 1 cfreer zh 3220444 Nov 29 01:59 tree_0_Skim.root
drwx------. 3 cfreer zh    4096 Nov 29 01:35 var

./tmp:
total 4
drwxr-xr-x. 3 cfreer zh 4096 Nov 29 01:35 mjf-cfreer

./tmp/mjf-cfreer:
total 4
drwxr-xr-x. 2 cfreer zh 4096 Nov 29 01:35 jobfeatures-bigbird09.cern.ch_3023419.0_1574897145

./tmp/mjf-cfreer/jobfeatures-bigbird09.cern.ch_3023419.0_1574897145:
total 28
-rw-r--r--. 1 cfreer zh  1 Nov 29 01:35 allocated_cpu
-rw-r--r--. 1 cfreer zh  6 Nov 29 01:35 cpu_limit_secs
-rw-r--r--. 1 cfreer zh 38 Nov 29 01:35 job_id
-rw-r--r--. 1 cfreer zh 10 Nov 29 01:35 jobstart_secs
-rw-r--r--. 1 cfreer zh 10 Nov 29 01:35 max_rss_bytes
-rw-r--r--. 1 cfreer zh 10 Nov 29 01:35 scratch_limit_bytes
-rw-r--r--. 1 cfreer zh  6 Nov 29 01:35 wall_limit_secs

./var:
total 4
drwx------. 2 cfreer zh 4096 Nov 29 01:35 tmp

./var/tmp:
total 0
 ------ THE END (everyone dies !) ----- 
