
/pool/condor/dir_10870

... start job at 2019-11-29 01:35:31
----- directory before running:
.:
total 52
-rw-r--r--. 1 cfreer zh     0 Nov 29 01:35 _condor_stderr
-rw-r--r--. 1 cfreer zh    94 Nov 29 01:35 _condor_stdout
-rw-------. 1 cfreer zh  2642 Nov 29 01:35 cfreer.cc
-rw-r--r--. 1 cfreer zh 16092 Nov 29 01:35 combineHLT_Run2.yaml
-rw-r--r--. 1 cfreer zh  5718 Nov 29 01:35 condor_WSProducer.py
-rwxr-xr-x. 1 cfreer zh   820 Nov 29 01:35 condor_exec.exe
-rwxr-xr-x. 1 cfreer zh  2559 Nov 29 01:35 haddnano.py
-rw-r--r--. 1 cfreer zh     8 Nov 29 01:35 keep_and_drop_WS.txt
drwx------. 3 cfreer zh  4096 Nov 29 01:35 tmp
drwx------. 3 cfreer zh  4096 Nov 29 01:35 var

./tmp:
total 4
drwxr-xr-x. 3 cfreer zh 4096 Nov 29 01:35 mjf-cfreer

./tmp/mjf-cfreer:
total 4
drwxr-xr-x. 2 cfreer zh 4096 Nov 29 01:35 jobfeatures-bigbird09.cern.ch_3023162.0_1574896061

./tmp/mjf-cfreer/jobfeatures-bigbird09.cern.ch_3023162.0_1574896061:
total 28
-rw-r--r--. 1 cfreer zh  1 Nov 29 01:35 allocated_cpu
-rw-r--r--. 1 cfreer zh  6 Nov 29 01:35 cpu_limit_secs
-rw-r--r--. 1 cfreer zh 38 Nov 29 01:35 job_id
-rw-r--r--. 1 cfreer zh 10 Nov 29 01:35 jobstart_secs
-rw-r--r--. 1 cfreer zh 10 Nov 29 01:35 max_rss_bytes
-rw-r--r--. 1 cfreer zh 10 Nov 29 01:35 scratch_limit_bytes
-rw-r--r--. 1 cfreer zh  6 Nov 29 01:35 wall_limit_secs

./var:
total 4
drwx------. 2 cfreer zh 4096 Nov 29 01:35 tmp

./var/tmp:
total 0
----- CMSSW BASE, python path, pwd:
+ CMSSW_BASE  = /afs/cern.ch/work/c/cfreer/MonoZ_2019/MT_plots/CMSSW_10_6_4
+ PYTHON_PATH = 
+ PWD         = /pool/condor/dir_10870
Adding file ./tree_0_Skim.root
Merging measMET_monoZ_catSignal-0jet
Merging MT_monoZ_catSignal-0jet
Merging measMET_monoZ_catEM
Merging MT_monoZ_catEM
Merging measMET_monoZ_catSignal-1jet
Merging MT_monoZ_catSignal-1jet
Merging measMET_monoZ_cat3L
Merging MT_monoZ_cat3L
Merging measMET_monoZ_cat4L
Merging MT_monoZ_cat4L
Merging measMET_monoZ_catNRB
Merging MT_monoZ_catNRB
Merging measMET_monoZ_catTOP
Merging MT_monoZ_catTOP
Merging measMET_monoZ_catDY
Merging MT_monoZ_catDY
Merging balance_monoZ
Merging phizmet_monoZ
Merging njet_monoZ
Merging measMET_monoZ_catSignal-0jet_sys_ElectronEnUp
Merging MT_monoZ_catSignal-0jet_sys_ElectronEnUp
Merging measMET_monoZ_catEM_sys_ElectronEnUp
Merging MT_monoZ_catEM_sys_ElectronEnUp
Merging measMET_monoZ_catSignal-1jet_sys_ElectronEnUp
Merging MT_monoZ_catSignal-1jet_sys_ElectronEnUp
Merging measMET_monoZ_cat3L_sys_ElectronEnUp
Merging MT_monoZ_cat3L_sys_ElectronEnUp
Merging measMET_monoZ_cat4L_sys_ElectronEnUp
Merging MT_monoZ_cat4L_sys_ElectronEnUp
Merging measMET_monoZ_catNRB_sys_ElectronEnUp
Merging MT_monoZ_catNRB_sys_ElectronEnUp
Merging measMET_monoZ_catTOP_sys_ElectronEnUp
Merging MT_monoZ_catTOP_sys_ElectronEnUp
Merging measMET_monoZ_catDY_sys_ElectronEnUp
Merging MT_monoZ_catDY_sys_ElectronEnUp
Merging balance_monoZ_sys_ElectronEnUp
Merging phizmet_monoZ_sys_ElectronEnUp
Merging njet_monoZ_sys_ElectronEnUp
Merging measMET_monoZ_catSignal-0jet_sys_ElectronEnDown
Merging MT_monoZ_catSignal-0jet_sys_ElectronEnDown
Merging measMET_monoZ_catEM_sys_ElectronEnDown
Merging MT_monoZ_catEM_sys_ElectronEnDown
Merging measMET_monoZ_catSignal-1jet_sys_ElectronEnDown
Merging MT_monoZ_catSignal-1jet_sys_ElectronEnDown
Merging measMET_monoZ_cat3L_sys_ElectronEnDown
Merging MT_monoZ_cat3L_sys_ElectronEnDown
Merging measMET_monoZ_cat4L_sys_ElectronEnDown
Merging MT_monoZ_cat4L_sys_ElectronEnDown
Merging measMET_monoZ_catNRB_sys_ElectronEnDown
Merging MT_monoZ_catNRB_sys_ElectronEnDown
Merging measMET_monoZ_catTOP_sys_ElectronEnDown
Merging MT_monoZ_catTOP_sys_ElectronEnDown
Merging measMET_monoZ_catDY_sys_ElectronEnDown
Merging MT_monoZ_catDY_sys_ElectronEnDown
Merging balance_monoZ_sys_ElectronEnDown
Merging phizmet_monoZ_sys_ElectronEnDown
Merging njet_monoZ_sys_ElectronEnDown
Merging measMET_monoZ_catSignal-0jet_sys_MuonEnUp
Merging MT_monoZ_catSignal-0jet_sys_MuonEnUp
Merging measMET_monoZ_catEM_sys_MuonEnUp
Merging MT_monoZ_catEM_sys_MuonEnUp
Merging measMET_monoZ_catSignal-1jet_sys_MuonEnUp
Merging MT_monoZ_catSignal-1jet_sys_MuonEnUp
Merging measMET_monoZ_cat3L_sys_MuonEnUp
Merging MT_monoZ_cat3L_sys_MuonEnUp
Merging measMET_monoZ_cat4L_sys_MuonEnUp
Merging MT_monoZ_cat4L_sys_MuonEnUp
Merging measMET_monoZ_catNRB_sys_MuonEnUp
Merging MT_monoZ_catNRB_sys_MuonEnUp
Merging measMET_monoZ_catTOP_sys_MuonEnUp
Merging MT_monoZ_catTOP_sys_MuonEnUp
Merging measMET_monoZ_catDY_sys_MuonEnUp
Merging MT_monoZ_catDY_sys_MuonEnUp
Merging balance_monoZ_sys_MuonEnUp
Merging phizmet_monoZ_sys_MuonEnUp
Merging njet_monoZ_sys_MuonEnUp
Merging measMET_monoZ_catSignal-0jet_sys_MuonEnDown
Merging MT_monoZ_catSignal-0jet_sys_MuonEnDown
Merging measMET_monoZ_catEM_sys_MuonEnDown
Merging MT_monoZ_catEM_sys_MuonEnDown
Merging measMET_monoZ_catSignal-1jet_sys_MuonEnDown
Merging MT_monoZ_catSignal-1jet_sys_MuonEnDown
Merging measMET_monoZ_cat3L_sys_MuonEnDown
Merging MT_monoZ_cat3L_sys_MuonEnDown
Merging measMET_monoZ_cat4L_sys_MuonEnDown
Merging MT_monoZ_cat4L_sys_MuonEnDown
Merging measMET_monoZ_catNRB_sys_MuonEnDown
Merging MT_monoZ_catNRB_sys_MuonEnDown
Merging measMET_monoZ_catTOP_sys_MuonEnDown
Merging MT_monoZ_catTOP_sys_MuonEnDown
Merging measMET_monoZ_catDY_sys_MuonEnDown
Merging MT_monoZ_catDY_sys_MuonEnDown
Merging balance_monoZ_sys_MuonEnDown
Merging phizmet_monoZ_sys_MuonEnDown
Merging njet_monoZ_sys_MuonEnDown
Merging measMET_monoZ_catSignal-0jet_sys_jesTotalUp
Merging MT_monoZ_catSignal-0jet_sys_jesTotalUp
Merging measMET_monoZ_catEM_sys_jesTotalUp
Merging MT_monoZ_catEM_sys_jesTotalUp
Merging measMET_monoZ_catSignal-1jet_sys_jesTotalUp
Merging MT_monoZ_catSignal-1jet_sys_jesTotalUp
Merging measMET_monoZ_cat3L_sys_jesTotalUp
Merging MT_monoZ_cat3L_sys_jesTotalUp
Merging measMET_monoZ_cat4L_sys_jesTotalUp
Merging MT_monoZ_cat4L_sys_jesTotalUp
Merging measMET_monoZ_catNRB_sys_jesTotalUp
Merging MT_monoZ_catNRB_sys_jesTotalUp
Merging measMET_monoZ_catTOP_sys_jesTotalUp
Merging MT_monoZ_catTOP_sys_jesTotalUp
Merging measMET_monoZ_catDY_sys_jesTotalUp
Merging MT_monoZ_catDY_sys_jesTotalUp
Merging balance_monoZ_sys_jesTotalUp
Merging phizmet_monoZ_sys_jesTotalUp
Merging njet_monoZ_sys_jesTotalUp
Merging measMET_monoZ_catSignal-0jet_sys_jesTotalDown
Merging MT_monoZ_catSignal-0jet_sys_jesTotalDown
Merging measMET_monoZ_catEM_sys_jesTotalDown
Merging MT_monoZ_catEM_sys_jesTotalDown
Merging measMET_monoZ_catSignal-1jet_sys_jesTotalDown
Merging MT_monoZ_catSignal-1jet_sys_jesTotalDown
Merging measMET_monoZ_cat3L_sys_jesTotalDown
Merging MT_monoZ_cat3L_sys_jesTotalDown
Merging measMET_monoZ_cat4L_sys_jesTotalDown
Merging MT_monoZ_cat4L_sys_jesTotalDown
Merging measMET_monoZ_catNRB_sys_jesTotalDown
Merging MT_monoZ_catNRB_sys_jesTotalDown
Merging measMET_monoZ_catTOP_sys_jesTotalDown
Merging MT_monoZ_catTOP_sys_jesTotalDown
Merging measMET_monoZ_catDY_sys_jesTotalDown
Merging MT_monoZ_catDY_sys_jesTotalDown
Merging balance_monoZ_sys_jesTotalDown
Merging phizmet_monoZ_sys_jesTotalDown
Merging njet_monoZ_sys_jesTotalDown
Merging measMET_monoZ_catSignal-0jet_sys_jerUp
Merging MT_monoZ_catSignal-0jet_sys_jerUp
Merging measMET_monoZ_catEM_sys_jerUp
Merging MT_monoZ_catEM_sys_jerUp
Merging measMET_monoZ_catSignal-1jet_sys_jerUp
Merging MT_monoZ_catSignal-1jet_sys_jerUp
Merging measMET_monoZ_cat3L_sys_jerUp
Merging MT_monoZ_cat3L_sys_jerUp
Merging measMET_monoZ_cat4L_sys_jerUp
Merging MT_monoZ_cat4L_sys_jerUp
Merging measMET_monoZ_catNRB_sys_jerUp
Merging MT_monoZ_catNRB_sys_jerUp
Merging measMET_monoZ_catTOP_sys_jerUp
Merging MT_monoZ_catTOP_sys_jerUp
Merging measMET_monoZ_catDY_sys_jerUp
Merging MT_monoZ_catDY_sys_jerUp
Merging balance_monoZ_sys_jerUp
Merging phizmet_monoZ_sys_jerUp
Merging njet_monoZ_sys_jerUp
Merging measMET_monoZ_catSignal-0jet_sys_jerDown
Merging MT_monoZ_catSignal-0jet_sys_jerDown
Merging measMET_monoZ_catEM_sys_jerDown
Merging MT_monoZ_catEM_sys_jerDown
Merging measMET_monoZ_catSignal-1jet_sys_jerDown
Merging MT_monoZ_catSignal-1jet_sys_jerDown
Merging measMET_monoZ_cat3L_sys_jerDown
Merging MT_monoZ_cat3L_sys_jerDown
Merging measMET_monoZ_cat4L_sys_jerDown
Merging MT_monoZ_cat4L_sys_jerDown
Merging measMET_monoZ_catNRB_sys_jerDown
Merging MT_monoZ_catNRB_sys_jerDown
Merging measMET_monoZ_catTOP_sys_jerDown
Merging MT_monoZ_catTOP_sys_jerDown
Merging measMET_monoZ_catDY_sys_jerDown
Merging MT_monoZ_catDY_sys_jerDown
Merging balance_monoZ_sys_jerDown
Merging phizmet_monoZ_sys_jerDown
Merging njet_monoZ_sys_jerDown
Merging measMET_monoZ_catSignal-0jet_sys_puWeightUp
Merging MT_monoZ_catSignal-0jet_sys_puWeightUp
Merging measMET_monoZ_catEM_sys_puWeightUp
Merging MT_monoZ_catEM_sys_puWeightUp
Merging measMET_monoZ_catSignal-1jet_sys_puWeightUp
Merging MT_monoZ_catSignal-1jet_sys_puWeightUp
Merging measMET_monoZ_cat3L_sys_puWeightUp
Merging MT_monoZ_cat3L_sys_puWeightUp
Merging measMET_monoZ_cat4L_sys_puWeightUp
Merging MT_monoZ_cat4L_sys_puWeightUp
Merging measMET_monoZ_catNRB_sys_puWeightUp
Merging MT_monoZ_catNRB_sys_puWeightUp
Merging measMET_monoZ_catTOP_sys_puWeightUp
Merging MT_monoZ_catTOP_sys_puWeightUp
Merging measMET_monoZ_catDY_sys_puWeightUp
Merging MT_monoZ_catDY_sys_puWeightUp
Merging balance_monoZ_sys_puWeightUp
Merging phizmet_monoZ_sys_puWeightUp
Merging njet_monoZ_sys_puWeightUp
Merging measMET_monoZ_catSignal-0jet_sys_puWeightDown
Merging MT_monoZ_catSignal-0jet_sys_puWeightDown
Merging measMET_monoZ_catEM_sys_puWeightDown
Merging MT_monoZ_catEM_sys_puWeightDown
Merging measMET_monoZ_catSignal-1jet_sys_puWeightDown
Merging MT_monoZ_catSignal-1jet_sys_puWeightDown
Merging measMET_monoZ_cat3L_sys_puWeightDown
Merging MT_monoZ_cat3L_sys_puWeightDown
Merging measMET_monoZ_cat4L_sys_puWeightDown
Merging MT_monoZ_cat4L_sys_puWeightDown
Merging measMET_monoZ_catNRB_sys_puWeightDown
Merging MT_monoZ_catNRB_sys_puWeightDown
Merging measMET_monoZ_catTOP_sys_puWeightDown
Merging MT_monoZ_catTOP_sys_puWeightDown
Merging measMET_monoZ_catDY_sys_puWeightDown
Merging MT_monoZ_catDY_sys_puWeightDown
Merging balance_monoZ_sys_puWeightDown
Merging phizmet_monoZ_sys_puWeightDown
Merging njet_monoZ_sys_puWeightDown
Merging measMET_monoZ_catSignal-0jet_sys_PDFUp
Merging MT_monoZ_catSignal-0jet_sys_PDFUp
Merging measMET_monoZ_catEM_sys_PDFUp
Merging MT_monoZ_catEM_sys_PDFUp
Merging measMET_monoZ_catSignal-1jet_sys_PDFUp
Merging MT_monoZ_catSignal-1jet_sys_PDFUp
Merging measMET_monoZ_cat3L_sys_PDFUp
Merging MT_monoZ_cat3L_sys_PDFUp
Merging measMET_monoZ_cat4L_sys_PDFUp
Merging MT_monoZ_cat4L_sys_PDFUp
Merging measMET_monoZ_catNRB_sys_PDFUp
Merging MT_monoZ_catNRB_sys_PDFUp
Merging measMET_monoZ_catTOP_sys_PDFUp
Merging MT_monoZ_catTOP_sys_PDFUp
Merging measMET_monoZ_catDY_sys_PDFUp
Merging MT_monoZ_catDY_sys_PDFUp
Merging balance_monoZ_sys_PDFUp
Merging phizmet_monoZ_sys_PDFUp
Merging njet_monoZ_sys_PDFUp
Merging measMET_monoZ_catSignal-0jet_sys_PDFDown
Merging MT_monoZ_catSignal-0jet_sys_PDFDown
Merging measMET_monoZ_catEM_sys_PDFDown
Merging MT_monoZ_catEM_sys_PDFDown
Merging measMET_monoZ_catSignal-1jet_sys_PDFDown
Merging MT_monoZ_catSignal-1jet_sys_PDFDown
Merging measMET_monoZ_cat3L_sys_PDFDown
Merging MT_monoZ_cat3L_sys_PDFDown
Merging measMET_monoZ_cat4L_sys_PDFDown
Merging MT_monoZ_cat4L_sys_PDFDown
Merging measMET_monoZ_catNRB_sys_PDFDown
Merging MT_monoZ_catNRB_sys_PDFDown
Merging measMET_monoZ_catTOP_sys_PDFDown
Merging MT_monoZ_catTOP_sys_PDFDown
Merging measMET_monoZ_catDY_sys_PDFDown
Merging MT_monoZ_catDY_sys_PDFDown
Merging balance_monoZ_sys_PDFDown
Merging phizmet_monoZ_sys_PDFDown
Merging njet_monoZ_sys_PDFDown
Merging measMET_monoZ_catSignal-0jet_sys_MuonSFUp
Merging MT_monoZ_catSignal-0jet_sys_MuonSFUp
Merging measMET_monoZ_catEM_sys_MuonSFUp
Merging MT_monoZ_catEM_sys_MuonSFUp
Merging measMET_monoZ_catSignal-1jet_sys_MuonSFUp
Merging MT_monoZ_catSignal-1jet_sys_MuonSFUp
Merging measMET_monoZ_cat3L_sys_MuonSFUp
Merging MT_monoZ_cat3L_sys_MuonSFUp
Merging measMET_monoZ_cat4L_sys_MuonSFUp
Merging MT_monoZ_cat4L_sys_MuonSFUp
Merging measMET_monoZ_catNRB_sys_MuonSFUp
Merging MT_monoZ_catNRB_sys_MuonSFUp
Merging measMET_monoZ_catTOP_sys_MuonSFUp
Merging MT_monoZ_catTOP_sys_MuonSFUp
Merging measMET_monoZ_catDY_sys_MuonSFUp
Merging MT_monoZ_catDY_sys_MuonSFUp
Merging balance_monoZ_sys_MuonSFUp
Merging phizmet_monoZ_sys_MuonSFUp
Merging njet_monoZ_sys_MuonSFUp
Merging measMET_monoZ_catSignal-0jet_sys_MuonSFDown
Merging MT_monoZ_catSignal-0jet_sys_MuonSFDown
Merging measMET_monoZ_catEM_sys_MuonSFDown
Merging MT_monoZ_catEM_sys_MuonSFDown
Merging measMET_monoZ_catSignal-1jet_sys_MuonSFDown
Merging MT_monoZ_catSignal-1jet_sys_MuonSFDown
Merging measMET_monoZ_cat3L_sys_MuonSFDown
Merging MT_monoZ_cat3L_sys_MuonSFDown
Merging measMET_monoZ_cat4L_sys_MuonSFDown
Merging MT_monoZ_cat4L_sys_MuonSFDown
Merging measMET_monoZ_catNRB_sys_MuonSFDown
Merging MT_monoZ_catNRB_sys_MuonSFDown
Merging measMET_monoZ_catTOP_sys_MuonSFDown
Merging MT_monoZ_catTOP_sys_MuonSFDown
Merging measMET_monoZ_catDY_sys_MuonSFDown
Merging MT_monoZ_catDY_sys_MuonSFDown
Merging balance_monoZ_sys_MuonSFDown
Merging phizmet_monoZ_sys_MuonSFDown
Merging njet_monoZ_sys_MuonSFDown
Merging measMET_monoZ_catSignal-0jet_sys_ElecronSFUp
Merging MT_monoZ_catSignal-0jet_sys_ElecronSFUp
Merging measMET_monoZ_catEM_sys_ElecronSFUp
Merging MT_monoZ_catEM_sys_ElecronSFUp
Merging measMET_monoZ_catSignal-1jet_sys_ElecronSFUp
Merging MT_monoZ_catSignal-1jet_sys_ElecronSFUp
Merging measMET_monoZ_cat3L_sys_ElecronSFUp
Merging MT_monoZ_cat3L_sys_ElecronSFUp
Merging measMET_monoZ_cat4L_sys_ElecronSFUp
Merging MT_monoZ_cat4L_sys_ElecronSFUp
Merging measMET_monoZ_catNRB_sys_ElecronSFUp
Merging MT_monoZ_catNRB_sys_ElecronSFUp
Merging measMET_monoZ_catTOP_sys_ElecronSFUp
Merging MT_monoZ_catTOP_sys_ElecronSFUp
Merging measMET_monoZ_catDY_sys_ElecronSFUp
Merging MT_monoZ_catDY_sys_ElecronSFUp
Merging balance_monoZ_sys_ElecronSFUp
Merging phizmet_monoZ_sys_ElecronSFUp
Merging njet_monoZ_sys_ElecronSFUp
Merging measMET_monoZ_catSignal-0jet_sys_ElecronSFDown
Merging MT_monoZ_catSignal-0jet_sys_ElecronSFDown
Merging measMET_monoZ_catEM_sys_ElecronSFDown
Merging MT_monoZ_catEM_sys_ElecronSFDown
Merging measMET_monoZ_catSignal-1jet_sys_ElecronSFDown
Merging MT_monoZ_catSignal-1jet_sys_ElecronSFDown
Merging measMET_monoZ_cat3L_sys_ElecronSFDown
Merging MT_monoZ_cat3L_sys_ElecronSFDown
Merging measMET_monoZ_cat4L_sys_ElecronSFDown
Merging MT_monoZ_cat4L_sys_ElecronSFDown
Merging measMET_monoZ_catNRB_sys_ElecronSFDown
Merging MT_monoZ_catNRB_sys_ElecronSFDown
Merging measMET_monoZ_catTOP_sys_ElecronSFDown
Merging MT_monoZ_catTOP_sys_ElecronSFDown
Merging measMET_monoZ_catDY_sys_ElecronSFDown
Merging MT_monoZ_catDY_sys_ElecronSFDown
Merging balance_monoZ_sys_ElecronSFDown
Merging phizmet_monoZ_sys_ElecronSFDown
Merging njet_monoZ_sys_ElecronSFDown
Merging measMET_monoZ_catSignal-0jet_sys_EWKUp
Merging MT_monoZ_catSignal-0jet_sys_EWKUp
Merging measMET_monoZ_catEM_sys_EWKUp
Merging MT_monoZ_catEM_sys_EWKUp
Merging measMET_monoZ_catSignal-1jet_sys_EWKUp
Merging MT_monoZ_catSignal-1jet_sys_EWKUp
Merging measMET_monoZ_cat3L_sys_EWKUp
Merging MT_monoZ_cat3L_sys_EWKUp
Merging measMET_monoZ_cat4L_sys_EWKUp
Merging MT_monoZ_cat4L_sys_EWKUp
Merging measMET_monoZ_catNRB_sys_EWKUp
Merging MT_monoZ_catNRB_sys_EWKUp
Merging measMET_monoZ_catTOP_sys_EWKUp
Merging MT_monoZ_catTOP_sys_EWKUp
Merging measMET_monoZ_catDY_sys_EWKUp
Merging MT_monoZ_catDY_sys_EWKUp
Merging balance_monoZ_sys_EWKUp
Merging phizmet_monoZ_sys_EWKUp
Merging njet_monoZ_sys_EWKUp
Merging measMET_monoZ_catSignal-0jet_sys_EWKDown
Merging MT_monoZ_catSignal-0jet_sys_EWKDown
Merging measMET_monoZ_catEM_sys_EWKDown
Merging MT_monoZ_catEM_sys_EWKDown
Merging measMET_monoZ_catSignal-1jet_sys_EWKDown
Merging MT_monoZ_catSignal-1jet_sys_EWKDown
Merging measMET_monoZ_cat3L_sys_EWKDown
Merging MT_monoZ_cat3L_sys_EWKDown
Merging measMET_monoZ_cat4L_sys_EWKDown
Merging MT_monoZ_cat4L_sys_EWKDown
Merging measMET_monoZ_catNRB_sys_EWKDown
Merging MT_monoZ_catNRB_sys_EWKDown
Merging measMET_monoZ_catTOP_sys_EWKDown
Merging MT_monoZ_catTOP_sys_EWKDown
Merging measMET_monoZ_catDY_sys_EWKDown
Merging MT_monoZ_catDY_sys_EWKDown
Merging balance_monoZ_sys_EWKDown
Merging phizmet_monoZ_sys_EWKDown
Merging njet_monoZ_sys_EWKDown
Merging measMET_monoZ_catSignal-0jet_sys_nvtxWeightUp
Merging MT_monoZ_catSignal-0jet_sys_nvtxWeightUp
Merging measMET_monoZ_catEM_sys_nvtxWeightUp
Merging MT_monoZ_catEM_sys_nvtxWeightUp
Merging measMET_monoZ_catSignal-1jet_sys_nvtxWeightUp
Merging MT_monoZ_catSignal-1jet_sys_nvtxWeightUp
Merging measMET_monoZ_cat3L_sys_nvtxWeightUp
Merging MT_monoZ_cat3L_sys_nvtxWeightUp
Merging measMET_monoZ_cat4L_sys_nvtxWeightUp
Merging MT_monoZ_cat4L_sys_nvtxWeightUp
Merging measMET_monoZ_catNRB_sys_nvtxWeightUp
Merging MT_monoZ_catNRB_sys_nvtxWeightUp
Merging measMET_monoZ_catTOP_sys_nvtxWeightUp
Merging MT_monoZ_catTOP_sys_nvtxWeightUp
Merging measMET_monoZ_catDY_sys_nvtxWeightUp
Merging MT_monoZ_catDY_sys_nvtxWeightUp
Merging balance_monoZ_sys_nvtxWeightUp
Merging phizmet_monoZ_sys_nvtxWeightUp
Merging njet_monoZ_sys_nvtxWeightUp
Merging measMET_monoZ_catSignal-0jet_sys_nvtxWeightDown
Merging MT_monoZ_catSignal-0jet_sys_nvtxWeightDown
Merging measMET_monoZ_catEM_sys_nvtxWeightDown
Merging MT_monoZ_catEM_sys_nvtxWeightDown
Merging measMET_monoZ_catSignal-1jet_sys_nvtxWeightDown
Merging MT_monoZ_catSignal-1jet_sys_nvtxWeightDown
Merging measMET_monoZ_cat3L_sys_nvtxWeightDown
Merging MT_monoZ_cat3L_sys_nvtxWeightDown
Merging measMET_monoZ_cat4L_sys_nvtxWeightDown
Merging MT_monoZ_cat4L_sys_nvtxWeightDown
Merging measMET_monoZ_catNRB_sys_nvtxWeightDown
Merging MT_monoZ_catNRB_sys_nvtxWeightDown
Merging measMET_monoZ_catTOP_sys_nvtxWeightDown
Merging MT_monoZ_catTOP_sys_nvtxWeightDown
Merging measMET_monoZ_catDY_sys_nvtxWeightDown
Merging MT_monoZ_catDY_sys_nvtxWeightDown
Merging balance_monoZ_sys_nvtxWeightDown
Merging phizmet_monoZ_sys_nvtxWeightDown
Merging njet_monoZ_sys_nvtxWeightDown
Merging measMET_monoZ_catSignal-0jet_sys_TriggerSFWeightUp
Merging MT_monoZ_catSignal-0jet_sys_TriggerSFWeightUp
Merging measMET_monoZ_catEM_sys_TriggerSFWeightUp
Merging MT_monoZ_catEM_sys_TriggerSFWeightUp
Merging measMET_monoZ_catSignal-1jet_sys_TriggerSFWeightUp
Merging MT_monoZ_catSignal-1jet_sys_TriggerSFWeightUp
Merging measMET_monoZ_cat3L_sys_TriggerSFWeightUp
Merging MT_monoZ_cat3L_sys_TriggerSFWeightUp
Merging measMET_monoZ_cat4L_sys_TriggerSFWeightUp
Merging MT_monoZ_cat4L_sys_TriggerSFWeightUp
Merging measMET_monoZ_catNRB_sys_TriggerSFWeightUp
Merging MT_monoZ_catNRB_sys_TriggerSFWeightUp
Merging measMET_monoZ_catTOP_sys_TriggerSFWeightUp
Merging MT_monoZ_catTOP_sys_TriggerSFWeightUp
Merging measMET_monoZ_catDY_sys_TriggerSFWeightUp
Merging MT_monoZ_catDY_sys_TriggerSFWeightUp
Merging balance_monoZ_sys_TriggerSFWeightUp
Merging phizmet_monoZ_sys_TriggerSFWeightUp
Merging njet_monoZ_sys_TriggerSFWeightUp
Merging measMET_monoZ_catSignal-0jet_sys_TriggerSFWeightDown
Merging MT_monoZ_catSignal-0jet_sys_TriggerSFWeightDown
Merging measMET_monoZ_catEM_sys_TriggerSFWeightDown
Merging MT_monoZ_catEM_sys_TriggerSFWeightDown
Merging measMET_monoZ_catSignal-1jet_sys_TriggerSFWeightDown
Merging MT_monoZ_catSignal-1jet_sys_TriggerSFWeightDown
Merging measMET_monoZ_cat3L_sys_TriggerSFWeightDown
Merging MT_monoZ_cat3L_sys_TriggerSFWeightDown
Merging measMET_monoZ_cat4L_sys_TriggerSFWeightDown
Merging MT_monoZ_cat4L_sys_TriggerSFWeightDown
Merging measMET_monoZ_catNRB_sys_TriggerSFWeightDown
Merging MT_monoZ_catNRB_sys_TriggerSFWeightDown
Merging measMET_monoZ_catTOP_sys_TriggerSFWeightDown
Merging MT_monoZ_catTOP_sys_TriggerSFWeightDown
Merging measMET_monoZ_catDY_sys_TriggerSFWeightDown
Merging MT_monoZ_catDY_sys_TriggerSFWeightDown
Merging balance_monoZ_sys_TriggerSFWeightDown
Merging phizmet_monoZ_sys_TriggerSFWeightDown
Merging njet_monoZ_sys_TriggerSFWeightDown
Merging measMET_monoZ_catSignal-0jet_sys_btagEventWeightUp
Merging MT_monoZ_catSignal-0jet_sys_btagEventWeightUp
Merging measMET_monoZ_catEM_sys_btagEventWeightUp
Merging MT_monoZ_catEM_sys_btagEventWeightUp
Merging measMET_monoZ_catSignal-1jet_sys_btagEventWeightUp
Merging MT_monoZ_catSignal-1jet_sys_btagEventWeightUp
Merging measMET_monoZ_cat3L_sys_btagEventWeightUp
Merging MT_monoZ_cat3L_sys_btagEventWeightUp
Merging measMET_monoZ_cat4L_sys_btagEventWeightUp
Merging MT_monoZ_cat4L_sys_btagEventWeightUp
Merging measMET_monoZ_catNRB_sys_btagEventWeightUp
Merging MT_monoZ_catNRB_sys_btagEventWeightUp
Merging measMET_monoZ_catTOP_sys_btagEventWeightUp
Merging MT_monoZ_catTOP_sys_btagEventWeightUp
Merging measMET_monoZ_catDY_sys_btagEventWeightUp
Merging MT_monoZ_catDY_sys_btagEventWeightUp
Merging balance_monoZ_sys_btagEventWeightUp
Merging phizmet_monoZ_sys_btagEventWeightUp
Merging njet_monoZ_sys_btagEventWeightUp
Merging measMET_monoZ_catSignal-0jet_sys_btagEventWeightDown
Merging MT_monoZ_catSignal-0jet_sys_btagEventWeightDown
Merging measMET_monoZ_catEM_sys_btagEventWeightDown
Merging MT_monoZ_catEM_sys_btagEventWeightDown
Merging measMET_monoZ_catSignal-1jet_sys_btagEventWeightDown
Merging MT_monoZ_catSignal-1jet_sys_btagEventWeightDown
Merging measMET_monoZ_cat3L_sys_btagEventWeightDown
Merging MT_monoZ_cat3L_sys_btagEventWeightDown
Merging measMET_monoZ_cat4L_sys_btagEventWeightDown
Merging MT_monoZ_cat4L_sys_btagEventWeightDown
Merging measMET_monoZ_catNRB_sys_btagEventWeightDown
Merging MT_monoZ_catNRB_sys_btagEventWeightDown
Merging measMET_monoZ_catTOP_sys_btagEventWeightDown
Merging MT_monoZ_catTOP_sys_btagEventWeightDown
Merging measMET_monoZ_catDY_sys_btagEventWeightDown
Merging MT_monoZ_catDY_sys_btagEventWeightDown
Merging balance_monoZ_sys_btagEventWeightDown
Merging phizmet_monoZ_sys_btagEventWeightDown
Merging njet_monoZ_sys_btagEventWeightDown
Merging measMET_monoZ_catSignal-0jet_sys_QCDScale0wUp
Merging MT_monoZ_catSignal-0jet_sys_QCDScale0wUp
Merging measMET_monoZ_catEM_sys_QCDScale0wUp
Merging MT_monoZ_catEM_sys_QCDScale0wUp
Merging measMET_monoZ_catSignal-1jet_sys_QCDScale0wUp
Merging MT_monoZ_catSignal-1jet_sys_QCDScale0wUp
Merging measMET_monoZ_cat3L_sys_QCDScale0wUp
Merging MT_monoZ_cat3L_sys_QCDScale0wUp
Merging measMET_monoZ_cat4L_sys_QCDScale0wUp
Merging MT_monoZ_cat4L_sys_QCDScale0wUp
Merging measMET_monoZ_catNRB_sys_QCDScale0wUp
Merging MT_monoZ_catNRB_sys_QCDScale0wUp
Merging measMET_monoZ_catTOP_sys_QCDScale0wUp
Merging MT_monoZ_catTOP_sys_QCDScale0wUp
Merging measMET_monoZ_catDY_sys_QCDScale0wUp
Merging MT_monoZ_catDY_sys_QCDScale0wUp
Merging balance_monoZ_sys_QCDScale0wUp
Merging phizmet_monoZ_sys_QCDScale0wUp
Merging njet_monoZ_sys_QCDScale0wUp
Merging measMET_monoZ_catSignal-0jet_sys_QCDScale0wDown
Merging MT_monoZ_catSignal-0jet_sys_QCDScale0wDown
Merging measMET_monoZ_catEM_sys_QCDScale0wDown
Merging MT_monoZ_catEM_sys_QCDScale0wDown
Merging measMET_monoZ_catSignal-1jet_sys_QCDScale0wDown
Merging MT_monoZ_catSignal-1jet_sys_QCDScale0wDown
Merging measMET_monoZ_cat3L_sys_QCDScale0wDown
Merging MT_monoZ_cat3L_sys_QCDScale0wDown
Merging measMET_monoZ_cat4L_sys_QCDScale0wDown
Merging MT_monoZ_cat4L_sys_QCDScale0wDown
Merging measMET_monoZ_catNRB_sys_QCDScale0wDown
Merging MT_monoZ_catNRB_sys_QCDScale0wDown
Merging measMET_monoZ_catTOP_sys_QCDScale0wDown
Merging MT_monoZ_catTOP_sys_QCDScale0wDown
Merging measMET_monoZ_catDY_sys_QCDScale0wDown
Merging MT_monoZ_catDY_sys_QCDScale0wDown
Merging balance_monoZ_sys_QCDScale0wDown
Merging phizmet_monoZ_sys_QCDScale0wDown
Merging njet_monoZ_sys_QCDScale0wDown
Merging measMET_monoZ_catSignal-0jet_sys_QCDScale1wUp
Merging MT_monoZ_catSignal-0jet_sys_QCDScale1wUp
Merging measMET_monoZ_catEM_sys_QCDScale1wUp
Merging MT_monoZ_catEM_sys_QCDScale1wUp
Merging measMET_monoZ_catSignal-1jet_sys_QCDScale1wUp
Merging MT_monoZ_catSignal-1jet_sys_QCDScale1wUp
Merging measMET_monoZ_cat3L_sys_QCDScale1wUp
Merging MT_monoZ_cat3L_sys_QCDScale1wUp
Merging measMET_monoZ_cat4L_sys_QCDScale1wUp
Merging MT_monoZ_cat4L_sys_QCDScale1wUp
Merging measMET_monoZ_catNRB_sys_QCDScale1wUp
Merging MT_monoZ_catNRB_sys_QCDScale1wUp
Merging measMET_monoZ_catTOP_sys_QCDScale1wUp
Merging MT_monoZ_catTOP_sys_QCDScale1wUp
Merging measMET_monoZ_catDY_sys_QCDScale1wUp
Merging MT_monoZ_catDY_sys_QCDScale1wUp
Merging balance_monoZ_sys_QCDScale1wUp
Merging phizmet_monoZ_sys_QCDScale1wUp
Merging njet_monoZ_sys_QCDScale1wUp
Merging measMET_monoZ_catSignal-0jet_sys_QCDScale1wDown
Merging MT_monoZ_catSignal-0jet_sys_QCDScale1wDown
Merging measMET_monoZ_catEM_sys_QCDScale1wDown
Merging MT_monoZ_catEM_sys_QCDScale1wDown
Merging measMET_monoZ_catSignal-1jet_sys_QCDScale1wDown
Merging MT_monoZ_catSignal-1jet_sys_QCDScale1wDown
Merging measMET_monoZ_cat3L_sys_QCDScale1wDown
Merging MT_monoZ_cat3L_sys_QCDScale1wDown
Merging measMET_monoZ_cat4L_sys_QCDScale1wDown
Merging MT_monoZ_cat4L_sys_QCDScale1wDown
Merging measMET_monoZ_catNRB_sys_QCDScale1wDown
Merging MT_monoZ_catNRB_sys_QCDScale1wDown
Merging measMET_monoZ_catTOP_sys_QCDScale1wDown
Merging MT_monoZ_catTOP_sys_QCDScale1wDown
Merging measMET_monoZ_catDY_sys_QCDScale1wDown
Merging MT_monoZ_catDY_sys_QCDScale1wDown
Merging balance_monoZ_sys_QCDScale1wDown
Merging phizmet_monoZ_sys_QCDScale1wDown
Merging njet_monoZ_sys_QCDScale1wDown
Merging measMET_monoZ_catSignal-0jet_sys_QCDScale2wUp
Merging MT_monoZ_catSignal-0jet_sys_QCDScale2wUp
Merging measMET_monoZ_catEM_sys_QCDScale2wUp
Merging MT_monoZ_catEM_sys_QCDScale2wUp
Merging measMET_monoZ_catSignal-1jet_sys_QCDScale2wUp
Merging MT_monoZ_catSignal-1jet_sys_QCDScale2wUp
Merging measMET_monoZ_cat3L_sys_QCDScale2wUp
Merging MT_monoZ_cat3L_sys_QCDScale2wUp
Merging measMET_monoZ_cat4L_sys_QCDScale2wUp
Merging MT_monoZ_cat4L_sys_QCDScale2wUp
Merging measMET_monoZ_catNRB_sys_QCDScale2wUp
Merging MT_monoZ_catNRB_sys_QCDScale2wUp
Merging measMET_monoZ_catTOP_sys_QCDScale2wUp
Merging MT_monoZ_catTOP_sys_QCDScale2wUp
Merging measMET_monoZ_catDY_sys_QCDScale2wUp
Merging MT_monoZ_catDY_sys_QCDScale2wUp
Merging balance_monoZ_sys_QCDScale2wUp
Merging phizmet_monoZ_sys_QCDScale2wUp
Merging njet_monoZ_sys_QCDScale2wUp
Merging measMET_monoZ_catSignal-0jet_sys_QCDScale2wDown
Merging MT_monoZ_catSignal-0jet_sys_QCDScale2wDown
Merging measMET_monoZ_catEM_sys_QCDScale2wDown
Merging MT_monoZ_catEM_sys_QCDScale2wDown
Merging measMET_monoZ_catSignal-1jet_sys_QCDScale2wDown
Merging MT_monoZ_catSignal-1jet_sys_QCDScale2wDown
Merging measMET_monoZ_cat3L_sys_QCDScale2wDown
Merging MT_monoZ_cat3L_sys_QCDScale2wDown
Merging measMET_monoZ_cat4L_sys_QCDScale2wDown
Merging MT_monoZ_cat4L_sys_QCDScale2wDown
Merging measMET_monoZ_catNRB_sys_QCDScale2wDown
Merging MT_monoZ_catNRB_sys_QCDScale2wDown
Merging measMET_monoZ_catTOP_sys_QCDScale2wDown
Merging MT_monoZ_catTOP_sys_QCDScale2wDown
Merging measMET_monoZ_catDY_sys_QCDScale2wDown
Merging MT_monoZ_catDY_sys_QCDScale2wDown
Merging balance_monoZ_sys_QCDScale2wDown
Merging phizmet_monoZ_sys_QCDScale2wDown
Merging njet_monoZ_sys_QCDScale2wDown
Merging Events
Merging Runs
Merging ParameterSets
Merging LuminosityBlocks
Merging MetaData
Merging MT_ADDMonoZ2017_MD_3_d_8_cat3L_sys_PrefireWeightDown
Merging MT_ADDMonoZ2017_MD_3_d_8_catSignal-1jet_sys_jerUp
Merging phizmet_ADDMonoZ2017_MD_3_d_8_sys_MuonEnDown
Merging measMET_ADDMonoZ2017_MD_3_d_8_catDY_sys_QCDScale2wUp
Merging MT_ADDMonoZ2017_MD_3_d_8_catSignal-0jet_sys_EWKUp
Merging measMET_ADDMonoZ2017_MD_3_d_8_cat3L_sys_QCDScale0wDown
Merging measMET_ADDMonoZ2017_MD_3_d_8_catSignal-1jet_sys_ElecronSFDown
Merging phizmet_ADDMonoZ2017_MD_3_d_8_sys_btagEventWeightDown
Merging measMET_ADDMonoZ2017_MD_3_d_8_cat3L_sys_PDFDown
Merging njet_ADDMonoZ2017_MD_3_d_8_sys_jerUp
Merging measMET_ADDMonoZ2017_MD_3_d_8_catEM_sys_MuonSFUp
Merging measMET_ADDMonoZ2017_MD_3_d_8_catNRB_sys_QCDScale2wUp
Merging MT_ADDMonoZ2017_MD_3_d_8_catNRB_sys_EWKUp
Merging njet_ADDMonoZ2017_MD_3_d_8_sys_MuonSFDown
Merging measMET_ADDMonoZ2017_MD_3_d_8_catNRB_sys_jerUp
Merging measMET_ADDMonoZ2017_MD_3_d_8_catTOP_sys_MuonEnUp
Merging measMET_ADDMonoZ2017_MD_3_d_8_cat4L_sys_EWKUp
Merging MT_ADDMonoZ2017_MD_3_d_8_catEM_sys_TriggerSFWeightUp
Merging measMET_ADDMonoZ2017_MD_3_d_8_cat3L_sys_ElecronSFDown
Merging phizmet_ADDMonoZ2017_MD_3_d_8_sys_QCDScale2wDown
Merging MT_ADDMonoZ2017_MD_3_d_8_cat3L_sys_nvtxWeightUp
Merging MT_ADDMonoZ2017_MD_3_d_8_cat4L_sys_QCDScale1wUp
Merging phizmet_ADDMonoZ2017_MD_3_d_8_sys_ElectronEnDown
Merging balance_ADDMonoZ2017_MD_3_d_8_sys_MuonSFDown
Merging phizmet_ADDMonoZ2017_MD_3_d_8_sys_QCDScale0wUp
Merging measMET_ADDMonoZ2017_MD_3_d_8_catNRB_sys_ElectronEnUp
Merging measMET_ADDMonoZ2017_MD_3_d_8_catSignal-1jet_sys_MuonSFDown
Merging balance_ADDMonoZ2017_MD_3_d_8_sys_MuonEnDown
Merging MT_ADDMonoZ2017_MD_3_d_8_catSignal-0jet_sys_QCDScale1wDown
Merging balance_ADDMonoZ2017_MD_3_d_8_sys_ElecronSFUp
Merging njet_ADDMonoZ2017_MD_3_d_8_sys_QCDScale1wDown
Merging MT_ADDMonoZ2017_MD_3_d_8_catDY_sys_btagEventWeightDown
Merging MT_ADDMonoZ2017_MD_3_d_8_catTOP_sys_QCDScale1wUp
Merging measMET_ADDMonoZ2017_MD_3_d_8_cat3L_sys_nvtxWeightUp
Merging measMET_ADDMonoZ2017_MD_3_d_8_cat3L_sys_ElectronEnDown
Merging MT_ADDMonoZ2017_MD_3_d_8_catDY_sys_MuonSFUp
Merging MT_ADDMonoZ2017_MD_3_d_8_catDY_sys_EWKUp
Merging measMET_ADDMonoZ2017_MD_3_d_8_cat4L_sys_PDFUp
Merging measMET_ADDMonoZ2017_MD_3_d_8_catTOP_sys_MuonEnDown
Merging MT_ADDMonoZ2017_MD_3_d_8_catTOP
Merging measMET_ADDMonoZ2017_MD_3_d_8_catSignal-0jet_sys_TriggerSFWeightDown
Merging measMET_ADDMonoZ2017_MD_3_d_8_catSignal-0jet_sys_MuonEnDown
Merging MT_ADDMonoZ2017_MD_3_d_8_catSignal-0jet_sys_btagEventWeightUp
Merging measMET_ADDMonoZ2017_MD_3_d_8_catSignal-1jet_sys_TriggerSFWeightUp
Merging phizmet_ADDMonoZ2017_MD_3_d_8_sys_ElecronSFDown
Merging MT_ADDMonoZ2017_MD_3_d_8_cat4L_sys_nvtxWeightUp
Merging balance_ADDMonoZ2017_MD_3_d_8_sys_btagEventWeightUp
Merging MT_ADDMonoZ2017_MD_3_d_8_cat4L_sys_QCDScale1wDown
Merging MT_ADDMonoZ2017_MD_3_d_8_catDY_sys_TriggerSFWeightUp
Merging phizmet_ADDMonoZ2017_MD_3_d_8_sys_QCDScale1wDown
Merging measMET_ADDMonoZ2017_MD_3_d_8_cat4L_sys_PrefireWeightUp
Merging measMET_ADDMonoZ2017_MD_3_d_8_catSignal-1jet_sys_ElectronEnDown
Merging MT_ADDMonoZ2017_MD_3_d_8_catSignal-1jet_sys_jesTotalDown
Merging MT_ADDMonoZ2017_MD_3_d_8_cat3L_sys_btagEventWeightUp
Merging MT_ADDMonoZ2017_MD_3_d_8_catEM_sys_jesTotalDown
Merging measMET_ADDMonoZ2017_MD_3_d_8_cat3L_sys_btagEventWeightUp
Merging measMET_ADDMonoZ2017_MD_3_d_8_cat3L_sys_ElectronEnUp
Merging measMET_ADDMonoZ2017_MD_3_d_8_catNRB_sys_QCDScale0wDown
Merging MT_ADDMonoZ2017_MD_3_d_8_catNRB_sys_MuonEnUp
Merging measMET_ADDMonoZ2017_MD_3_d_8_catSignal-1jet_sys_MuonSFUp
Merging MT_ADDMonoZ2017_MD_3_d_8_catTOP_sys_TriggerSFWeightDown
Merging measMET_ADDMonoZ2017_MD_3_d_8_catSignal-0jet_sys_QCDScale1wUp
Merging MT_ADDMonoZ2017_MD_3_d_8_catDY_sys_ElecronSFUp
Merging untagged
Merging measMET_ADDMonoZ2017_MD_3_d_8_cat3L
Merging measMET_ADDMonoZ2017_MD_3_d_8_cat3L_sys_puWeightDown
Merging measMET_ADDMonoZ2017_MD_3_d_8_catEM_sys_PDFDown
Merging measMET_ADDMonoZ2017_MD_3_d_8_catDY_sys_TriggerSFWeightDown
Merging MT_ADDMonoZ2017_MD_3_d_8_catNRB_sys_PDFUp
Merging measMET_ADDMonoZ2017_MD_3_d_8_cat4L_sys_QCDScale2wDown
Merging measMET_ADDMonoZ2017_MD_3_d_8_catTOP_sys_QCDScale2wUp
Merging balance_ADDMonoZ2017_MD_3_d_8_sys_jesTotalDown
Merging MT_ADDMonoZ2017_MD_3_d_8_catNRB_sys_MuonSFDown
Merging balance_ADDMonoZ2017_MD_3_d_8_sys_ElecronSFDown
Merging measMET_ADDMonoZ2017_MD_3_d_8_catEM_sys_ElectronEnUp
Merging measMET_ADDMonoZ2017_MD_3_d_8_catSignal-0jet_sys_jerDown
Merging measMET_ADDMonoZ2017_MD_3_d_8_cat4L_sys_QCDScale0wDown
Merging MT_ADDMonoZ2017_MD_3_d_8_cat3L_sys_btagEventWeightDown
Merging MT_ADDMonoZ2017_MD_3_d_8_cat4L_sys_MuonEnUp
Merging MT_ADDMonoZ2017_MD_3_d_8_cat4L_sys_jerDown
Merging MT_ADDMonoZ2017_MD_3_d_8_cat4L_sys_PDFUp
Merging MT_ADDMonoZ2017_MD_3_d_8_catSignal-0jet_sys_jesTotalUp
Merging measMET_ADDMonoZ2017_MD_3_d_8_catSignal-1jet_sys_QCDScale2wUp
Merging phizmet_ADDMonoZ2017_MD_3_d_8_sys_jesTotalUp
Merging MT_ADDMonoZ2017_MD_3_d_8_catDY_sys_QCDScale1wUp
Merging phizmet_ADDMonoZ2017_MD_3_d_8_sys_EWKUp
Merging MT_ADDMonoZ2017_MD_3_d_8_catTOP_sys_nvtxWeightUp
Merging MT_ADDMonoZ2017_MD_3_d_8_catSignal-1jet
Merging balance_ADDMonoZ2017_MD_3_d_8_sys_QCDScale0wUp
Merging measMET_ADDMonoZ2017_MD_3_d_8_cat4L_sys_ElecronSFUp
Merging MT_ADDMonoZ2017_MD_3_d_8_catDY_sys_QCDScale2wUp
Merging measMET_ADDMonoZ2017_MD_3_d_8_catTOP_sys_PDFUp
Merging measMET_ADDMonoZ2017_MD_3_d_8_catEM_sys_puWeightDown
Merging measMET_ADDMonoZ2017_MD_3_d_8_catNRB_sys_EWKUp
Merging measMET_ADDMonoZ2017_MD_3_d_8_catEM_sys_EWKDown
Merging measMET_ADDMonoZ2017_MD_3_d_8_catEM_sys_jesTotalUp
Merging measMET_ADDMonoZ2017_MD_3_d_8_cat3L_sys_QCDScale0wUp
Merging measMET_ADDMonoZ2017_MD_3_d_8_cat3L_sys_MuonEnUp
Merging MT_ADDMonoZ2017_MD_3_d_8_catSignal-1jet_sys_MuonEnDown
Merging measMET_ADDMonoZ2017_MD_3_d_8_catSignal-1jet_sys_jesTotalUp
Merging measMET_ADDMonoZ2017_MD_3_d_8_cat4L_sys_QCDScale1wDown
Merging MT_ADDMonoZ2017_MD_3_d_8_catTOP_sys_QCDScale0wDown
Merging measMET_ADDMonoZ2017_MD_3_d_8_catTOP_sys_btagEventWeightDown
Merging measMET_ADDMonoZ2017_MD_3_d_8_cat4L_sys_ElectronEnUp
Merging MT_ADDMonoZ2017_MD_3_d_8_cat4L_sys_puWeightDown
Merging measMET_ADDMonoZ2017_MD_3_d_8_catDY_sys_EWKUp
Merging MT_ADDMonoZ2017_MD_3_d_8_cat4L
Merging MT_ADDMonoZ2017_MD_3_d_8_catEM_sys_jerUp
Merging MT_ADDMonoZ2017_MD_3_d_8_catSignal-0jet_sys_PrefireWeightDown
Merging phizmet_ADDMonoZ2017_MD_3_d_8_sys_ElectronEnUp
Merging measMET_ADDMonoZ2017_MD_3_d_8_catTOP_sys_jerUp
Merging njet_ADDMonoZ2017_MD_3_d_8_sys_nvtxWeightUp
Merging measMET_ADDMonoZ2017_MD_3_d_8_catSignal-0jet_sys_PrefireWeightUp
Merging MT_ADDMonoZ2017_MD_3_d_8_cat3L_sys_PDFUp
Merging measMET_ADDMonoZ2017_MD_3_d_8_cat3L_sys_ElecronSFUp
Merging MT_ADDMonoZ2017_MD_3_d_8_cat4L_sys_EWKUp
Merging MT_ADDMonoZ2017_MD_3_d_8_cat3L_sys_PrefireWeightUp
Merging MT_ADDMonoZ2017_MD_3_d_8_cat4L_sys_QCDScale0wDown
Merging MT_ADDMonoZ2017_MD_3_d_8_catDY_sys_ElecronSFDown
Merging autoPU
Merging measMET_ADDMonoZ2017_MD_3_d_8_catDY_sys_QCDScale2wDown
Merging measMET_ADDMonoZ2017_MD_3_d_8_catTOP_sys_EWKDown
Merging measMET_ADDMonoZ2017_MD_3_d_8_catEM_sys_QCDScale1wUp
Merging measMET_ADDMonoZ2017_MD_3_d_8_cat4L
Merging measMET_ADDMonoZ2017_MD_3_d_8_catTOP_sys_QCDScale1wUp
Merging measMET_ADDMonoZ2017_MD_3_d_8_catEM_sys_nvtxWeightDown
Merging measMET_ADDMonoZ2017_MD_3_d_8_cat3L_sys_QCDScale2wDown
Merging MT_ADDMonoZ2017_MD_3_d_8_catTOP_sys_jerDown
Merging measMET_ADDMonoZ2017_MD_3_d_8_cat3L_sys_PrefireWeightDown
Merging njet_ADDMonoZ2017_MD_3_d_8_sys_jesTotalUp
Merging measMET_ADDMonoZ2017_MD_3_d_8_catDY_sys_MuonEnUp
Merging measMET_ADDMonoZ2017_MD_3_d_8_catSignal-1jet_sys_jerDown
Merging measMET_ADDMonoZ2017_MD_3_d_8_catSignal-0jet_sys_btagEventWeightUp
Merging phizmet_ADDMonoZ2017_MD_3_d_8_sys_QCDScale2wUp
Merging njet_ADDMonoZ2017_MD_3_d_8_sys_EWKUp
Merging measMET_ADDMonoZ2017_MD_3_d_8_catTOP_sys_jesTotalDown
Merging MT_ADDMonoZ2017_MD_3_d_8_cat3L_sys_EWKUp
Merging MT_ADDMonoZ2017_MD_3_d_8_catNRB_sys_puWeightUp
Merging MT_ADDMonoZ2017_MD_3_d_8_catNRB_sys_jerDown
Merging measMET_ADDMonoZ2017_MD_3_d_8_catTOP_sys_btagEventWeightUp
Merging measMET_ADDMonoZ2017_MD_3_d_8_catEM_sys_ElecronSFUp
Merging balance_ADDMonoZ2017_MD_3_d_8_sys_ElectronEnUp
Merging phizmet_ADDMonoZ2017_MD_3_d_8_sys_EWKDown
Merging measMET_ADDMonoZ2017_MD_3_d_8_catNRB_sys_ElecronSFDown
Merging measMET_ADDMonoZ2017_MD_3_d_8_cat4L_sys_ElecronSFDown
Merging measMET_ADDMonoZ2017_MD_3_d_8_cat4L_sys_QCDScale2wUp
Merging balance_ADDMonoZ2017_MD_3_d_8_sys_jesTotalUp
Merging measMET_ADDMonoZ2017_MD_3_d_8_catEM_sys_btagEventWeightDown
Merging measMET_ADDMonoZ2017_MD_3_d_8_catNRB_sys_PDFUp
Merging measMET_ADDMonoZ2017_MD_3_d_8_cat4L_sys_TriggerSFWeightDown
Merging MT_ADDMonoZ2017_MD_3_d_8_catSignal-0jet_sys_MuonEnDown
Merging MT_ADDMonoZ2017_MD_3_d_8_catNRB_sys_TriggerSFWeightUp
Merging measMET_ADDMonoZ2017_MD_3_d_8_catNRB_sys_ElecronSFUp
Merging balance_ADDMonoZ2017_MD_3_d_8_sys_btagEventWeightDown
Merging measMET_ADDMonoZ2017_MD_3_d_8_catDY_sys_QCDScale1wDown
Merging measMET_ADDMonoZ2017_MD_3_d_8_catDY_sys_EWKDown
Merging MT_ADDMonoZ2017_MD_3_d_8_catNRB_sys_puWeightDown
Merging MT_ADDMonoZ2017_MD_3_d_8_catSignal-0jet
Merging measMET_ADDMonoZ2017_MD_3_d_8_catEM_sys_PrefireWeightDown
Merging measMET_ADDMonoZ2017_MD_3_d_8_cat3L_sys_QCDScale2wUp
Merging MT_ADDMonoZ2017_MD_3_d_8_catSignal-1jet_sys_ElecronSFDown
Merging measMET_ADDMonoZ2017_MD_3_d_8_cat3L_sys_nvtxWeightDown
Merging MT_ADDMonoZ2017_MD_3_d_8_catTOP_sys_MuonEnDown
Merging MT_ADDMonoZ2017_MD_3_d_8_catDY_sys_PrefireWeightUp
Merging phizmet_ADDMonoZ2017_MD_3_d_8_sys_PrefireWeightUp
Merging balance_ADDMonoZ2017_MD_3_d_8_sys_MuonSFUp
Merging MT_ADDMonoZ2017_MD_3_d_8_catNRB_sys_ElectronEnUp
Merging MT_ADDMonoZ2017_MD_3_d_8_catDY_sys_ElectronEnUp
Merging balance_ADDMonoZ2017_MD_3_d_8_sys_EWKDown
Merging MT_ADDMonoZ2017_MD_3_d_8_cat3L_sys_jesTotalDown
Merging measMET_ADDMonoZ2017_MD_3_d_8_catSignal-1jet_sys_PrefireWeightDown
Merging MT_ADDMonoZ2017_MD_3_d_8_catTOP_sys_EWKDown
Merging measMET_ADDMonoZ2017_MD_3_d_8_catSignal-0jet_sys_QCDScale2wDown
Merging measMET_ADDMonoZ2017_MD_3_d_8_catSignal-1jet_sys_nvtxWeightDown
Merging MT_ADDMonoZ2017_MD_3_d_8_catSignal-0jet_sys_QCDScale0wUp
Merging phizmet_ADDMonoZ2017_MD_3_d_8_sys_btagEventWeightUp
Merging measMET_ADDMonoZ2017_MD_3_d_8_catTOP_sys_QCDScale2wDown
Merging phizmet_ADDMonoZ2017_MD_3_d_8_sys_nvtxWeightUp
Merging measMET_ADDMonoZ2017_MD_3_d_8_cat3L_sys_QCDScale1wUp
Merging MT_ADDMonoZ2017_MD_3_d_8_cat3L_sys_QCDScale2wDown
Merging phizmet_ADDMonoZ2017_MD_3_d_8_sys_PDFDown
Merging MT_ADDMonoZ2017_MD_3_d_8_catSignal-1jet_sys_TriggerSFWeightDown
Merging MT_ADDMonoZ2017_MD_3_d_8_catEM_sys_puWeightDown
Merging measMET_ADDMonoZ2017_MD_3_d_8_catSignal-1jet_sys_jesTotalDown
Merging measMET_ADDMonoZ2017_MD_3_d_8_catTOP_sys_ElecronSFDown
Merging MT_ADDMonoZ2017_MD_3_d_8_catNRB_sys_QCDScale1wUp
Merging njet_ADDMonoZ2017_MD_3_d_8_sys_MuonEnDown
Merging measMET_ADDMonoZ2017_MD_3_d_8_catNRB
Merging MT_ADDMonoZ2017_MD_3_d_8_catSignal-1jet_sys_PDFDown
Merging MT_ADDMonoZ2017_MD_3_d_8_catTOP_sys_QCDScale1wDown
Merging MT_ADDMonoZ2017_MD_3_d_8_catSignal-0jet_sys_ElectronEnUp
Merging MT_ADDMonoZ2017_MD_3_d_8_catTOP_sys_MuonSFDown
Merging MT_ADDMonoZ2017_MD_3_d_8_catDY_sys_MuonEnUp
Merging balance_ADDMonoZ2017_MD_3_d_8_sys_PDFUp
Merging measMET_ADDMonoZ2017_MD_3_d_8_catSignal-1jet_sys_PDFUp
Merging MT_ADDMonoZ2017_MD_3_d_8_catEM_sys_MuonEnDown
Merging balance_ADDMonoZ2017_MD_3_d_8_sys_PDFDown
Merging measMET_ADDMonoZ2017_MD_3_d_8_catEM_sys_QCDScale0wUp
Merging MT_ADDMonoZ2017_MD_3_d_8_catDY_sys_puWeightDown
Merging MT_ADDMonoZ2017_MD_3_d_8_catSignal-1jet_sys_PrefireWeightUp
Merging MT_ADDMonoZ2017_MD_3_d_8_catSignal-1jet_sys_MuonSFUp
Merging MT_ADDMonoZ2017_MD_3_d_8_catSignal-1jet_sys_MuonEnUp
Merging MT_ADDMonoZ2017_MD_3_d_8_cat4L_sys_puWeightUp
Merging MT_ADDMonoZ2017_MD_3_d_8_cat4L_sys_EWKDown
Merging MT_ADDMonoZ2017_MD_3_d_8_catNRB_sys_MuonSFUp
Merging measMET_ADDMonoZ2017_MD_3_d_8_catTOP_sys_PrefireWeightDown
Merging MT_ADDMonoZ2017_MD_3_d_8_cat3L_sys_QCDScale1wDown
Merging measMET_ADDMonoZ2017_MD_3_d_8_catDY_sys_puWeightUp
Merging measMET_ADDMonoZ2017_MD_3_d_8_catDY_sys_QCDScale1wUp
Merging measMET_ADDMonoZ2017_MD_3_d_8_cat4L_sys_puWeightUp
Merging njet_ADDMonoZ2017_MD_3_d_8_sys_btagEventWeightUp
Merging measMET_ADDMonoZ2017_MD_3_d_8_catSignal-1jet_sys_QCDScale0wDown
Merging measMET_ADDMonoZ2017_MD_3_d_8_catSignal-0jet_sys_ElectronEnUp
Merging MT_ADDMonoZ2017_MD_3_d_8_catNRB_sys_jerUp
Merging MT_ADDMonoZ2017_MD_3_d_8_catTOP_sys_btagEventWeightUp
Merging njet_ADDMonoZ2017_MD_3_d_8_sys_EWKDown
Merging balance_ADDMonoZ2017_MD_3_d_8_sys_QCDScale2wUp
Merging measMET_ADDMonoZ2017_MD_3_d_8_catEM_sys_puWeightUp
Merging phizmet_ADDMonoZ2017_MD_3_d_8_sys_MuonSFDown
Merging measMET_ADDMonoZ2017_MD_3_d_8_catSignal-0jet_sys_EWKUp
Merging MT_ADDMonoZ2017_MD_3_d_8_catSignal-0jet_sys_MuonEnUp
Merging MT_ADDMonoZ2017_MD_3_d_8_catEM
Merging MT_ADDMonoZ2017_MD_3_d_8_catTOP_sys_MuonSFUp
Merging MT_ADDMonoZ2017_MD_3_d_8_catNRB_sys_ElecronSFDown
Merging measMET_ADDMonoZ2017_MD_3_d_8_cat4L_sys_QCDScale0wUp
Merging MT_ADDMonoZ2017_MD_3_d_8_cat3L_sys_EWKDown
Merging measMET_ADDMonoZ2017_MD_3_d_8_catSignal-0jet_sys_jerUp
Merging measMET_ADDMonoZ2017_MD_3_d_8_catDY_sys_ElectronEnDown
Merging phizmet_ADDMonoZ2017_MD_3_d_8_sys_jerUp
Merging MT_ADDMonoZ2017_MD_3_d_8_cat3L_sys_puWeightUp
Merging measMET_ADDMonoZ2017_MD_3_d_8_catSignal-0jet_sys_jesTotalDown
Merging MT_ADDMonoZ2017_MD_3_d_8_catEM_sys_QCDScale0wDown
Merging MT_ADDMonoZ2017_MD_3_d_8_catSignal-0jet_sys_QCDScale0wDown
Merging MT_ADDMonoZ2017_MD_3_d_8_catSignal-0jet_sys_btagEventWeightDown
Merging measMET_ADDMonoZ2017_MD_3_d_8_catSignal-0jet_sys_EWKDown
Merging balance_ADDMonoZ2017_MD_3_d_8_sys_EWKUp
Merging MT_ADDMonoZ2017_MD_3_d_8_catTOP_sys_EWKUp
Merging measMET_ADDMonoZ2017_MD_3_d_8_catTOP_sys_puWeightUp
Merging phizmet_ADDMonoZ2017_MD_3_d_8_sys_PDFUp
Merging MT_ADDMonoZ2017_MD_3_d_8_catEM_sys_MuonSFDown
Merging measMET_ADDMonoZ2017_MD_3_d_8_catNRB_sys_jerDown
Merging MT_ADDMonoZ2017_MD_3_d_8_catTOP_sys_ElectronEnUp
Merging measMET_ADDMonoZ2017_MD_3_d_8_catTOP_sys_puWeightDown
Merging measMET_ADDMonoZ2017_MD_3_d_8_catNRB_sys_btagEventWeightDown
Merging MT_ADDMonoZ2017_MD_3_d_8_catEM_sys_ElecronSFUp
Merging MT_ADDMonoZ2017_MD_3_d_8_catDY_sys_QCDScale0wUp
Merging MT_ADDMonoZ2017_MD_3_d_8_catDY_sys_QCDScale1wDown
Merging MT_ADDMonoZ2017_MD_3_d_8_catSignal-0jet_sys_ElectronEnDown
Merging MT_ADDMonoZ2017_MD_3_d_8_cat3L
Merging MT_ADDMonoZ2017_MD_3_d_8_cat3L_sys_TriggerSFWeightUp
Merging phizmet_ADDMonoZ2017_MD_3_d_8_sys_jesTotalDown
Merging MT_ADDMonoZ2017_MD_3_d_8_cat4L_sys_QCDScale0wUp
Merging MT_ADDMonoZ2017_MD_3_d_8_catDY_sys_QCDScale0wDown
Merging phizmet_ADDMonoZ2017_MD_3_d_8_sys_QCDScale1wUp
Merging phizmet_ADDMonoZ2017_MD_3_d_8_sys_puWeightDown
Merging MT_ADDMonoZ2017_MD_3_d_8_catNRB_sys_EWKDown
Merging MT_ADDMonoZ2017_MD_3_d_8_catTOP_sys_QCDScale2wUp
Merging MT_ADDMonoZ2017_MD_3_d_8_catSignal-1jet_sys_QCDScale2wDown
Merging measMET_ADDMonoZ2017_MD_3_d_8_catEM_sys_QCDScale0wDown
Merging measMET_ADDMonoZ2017_MD_3_d_8_catSignal-1jet
Merging measMET_ADDMonoZ2017_MD_3_d_8_catDY_sys_jesTotalDown
Merging measMET_ADDMonoZ2017_MD_3_d_8_cat4L_sys_MuonEnDown
Merging njet_ADDMonoZ2017_MD_3_d_8_sys_TriggerSFWeightUp
Merging MT_ADDMonoZ2017_MD_3_d_8_catNRB_sys_QCDScale0wUp
Merging MT_ADDMonoZ2017_MD_3_d_8_catEM_sys_jerDown
Merging measMET_ADDMonoZ2017_MD_3_d_8_catEM_sys_ElectronEnDown
Merging measMET_ADDMonoZ2017_MD_3_d_8_catTOP_sys_jerDown
Merging measMET_ADDMonoZ2017_MD_3_d_8_catTOP_sys_PrefireWeightUp
Merging MT_ADDMonoZ2017_MD_3_d_8_catDY_sys_puWeightUp
Merging phizmet_ADDMonoZ2017_MD_3_d_8_sys_jerDown
Merging MT_ADDMonoZ2017_MD_3_d_8_cat3L_sys_MuonEnDown
Merging measMET_ADDMonoZ2017_MD_3_d_8_cat4L_sys_EWKDown
Merging measMET_ADDMonoZ2017_MD_3_d_8_catEM_sys_TriggerSFWeightDown
Merging MT_ADDMonoZ2017_MD_3_d_8_catSignal-1jet_sys_TriggerSFWeightUp
Merging measMET_ADDMonoZ2017_MD_3_d_8_catNRB_sys_jesTotalUp
Merging MT_ADDMonoZ2017_MD_3_d_8_cat4L_sys_jesTotalUp
Merging measMET_ADDMonoZ2017_MD_3_d_8_catDY_sys_puWeightDown
Merging measMET_ADDMonoZ2017_MD_3_d_8_catSignal-0jet
Merging measMET_ADDMonoZ2017_MD_3_d_8_cat3L_sys_jesTotalDown
Merging measMET_ADDMonoZ2017_MD_3_d_8_catTOP_sys_PDFDown
Merging MT_ADDMonoZ2017_MD_3_d_8_catDY_sys_QCDScale2wDown
Merging measMET_ADDMonoZ2017_MD_3_d_8_catNRB_sys_TriggerSFWeightUp
Merging measMET_ADDMonoZ2017_MD_3_d_8_catNRB_sys_MuonEnUp
Merging measMET_ADDMonoZ2017_MD_3_d_8_catDY_sys_nvtxWeightUp
Merging MT_ADDMonoZ2017_MD_3_d_8_catEM_sys_jesTotalUp
Merging measMET_ADDMonoZ2017_MD_3_d_8_catSignal-1jet_sys_puWeightDown
Merging MT_ADDMonoZ2017_MD_3_d_8_catSignal-1jet_sys_MuonSFDown
Merging phizmet_ADDMonoZ2017_MD_3_d_8_sys_MuonSFUp
Merging MT_ADDMonoZ2017_MD_3_d_8_catEM_sys_nvtxWeightDown
Merging MT_ADDMonoZ2017_MD_3_d_8_catSignal-1jet_sys_btagEventWeightUp
Merging MT_ADDMonoZ2017_MD_3_d_8_catTOP_sys_jesTotalDown
Merging MT_ADDMonoZ2017_MD_3_d_8_catNRB_sys_btagEventWeightUp
Merging measMET_ADDMonoZ2017_MD_3_d_8_catTOP
Merging measMET_ADDMonoZ2017_MD_3_d_8_catNRB_sys_PrefireWeightDown
Merging measMET_ADDMonoZ2017_MD_3_d_8_cat3L_sys_PrefireWeightUp
Merging measMET_ADDMonoZ2017_MD_3_d_8_catSignal-0jet_sys_puWeightUp
Merging MT_ADDMonoZ2017_MD_3_d_8_cat3L_sys_jerUp
Merging measMET_ADDMonoZ2017_MD_3_d_8_catEM_sys_nvtxWeightUp
Merging balance_ADDMonoZ2017_MD_3_d_8_sys_QCDScale0wDown
Merging MT_ADDMonoZ2017_MD_3_d_8_catTOP_sys_PrefireWeightDown
Merging MT_ADDMonoZ2017_MD_3_d_8_catSignal-1jet_sys_puWeightUp
Merging njet_ADDMonoZ2017_MD_3_d_8_sys_TriggerSFWeightDown
Merging measMET_ADDMonoZ2017_MD_3_d_8_cat4L_sys_jerDown
Merging measMET_ADDMonoZ2017_MD_3_d_8_catSignal-1jet_sys_QCDScale0wUp
Merging MT_ADDMonoZ2017_MD_3_d_8_catEM_sys_ElecronSFDown
Merging MT_ADDMonoZ2017_MD_3_d_8_catDY_sys_MuonEnDown
Merging MT_ADDMonoZ2017_MD_3_d_8_cat3L_sys_QCDScale0wDown
Merging njet_ADDMonoZ2017_MD_3_d_8_sys_QCDScale2wUp
Merging MT_ADDMonoZ2017_MD_3_d_8_cat3L_sys_MuonSFUp
Merging measMET_ADDMonoZ2017_MD_3_d_8_catSignal-1jet_sys_puWeightUp
Merging MT_ADDMonoZ2017_MD_3_d_8_cat3L_sys_ElecronSFDown
Merging measMET_ADDMonoZ2017_MD_3_d_8_catTOP_sys_ElectronEnUp
Merging measMET_ADDMonoZ2017_MD_3_d_8_catDY_sys_PrefireWeightDown
Merging MT_ADDMonoZ2017_MD_3_d_8_catEM_sys_PrefireWeightDown
Merging MT_ADDMonoZ2017_MD_3_d_8_catSignal-1jet_sys_EWKUp
Merging MT_ADDMonoZ2017_MD_3_d_8_catEM_sys_TriggerSFWeightDown
Merging MT_ADDMonoZ2017_MD_3_d_8_catNRB_sys_QCDScale1wDown
Merging phizmet_ADDMonoZ2017_MD_3_d_8_sys_ElecronSFUp
Merging njet_ADDMonoZ2017_MD_3_d_8_sys_PDFDown
Merging measMET_ADDMonoZ2017_MD_3_d_8_cat4L_sys_MuonEnUp
Merging measMET_ADDMonoZ2017_MD_3_d_8_cat4L_sys_MuonSFUp
Merging njet_ADDMonoZ2017_MD_3_d_8_sys_nvtxWeightDown
Merging measMET_ADDMonoZ2017_MD_3_d_8_catSignal-0jet_sys_ElecronSFDown
Merging MT_ADDMonoZ2017_MD_3_d_8_cat4L_sys_PrefireWeightDown
Merging measMET_ADDMonoZ2017_MD_3_d_8_catTOP_sys_TriggerSFWeightUp
Merging MT_ADDMonoZ2017_MD_3_d_8_catSignal-1jet_sys_jerDown
Merging measMET_ADDMonoZ2017_MD_3_d_8_catDY_sys_MuonSFDown
Merging measMET_ADDMonoZ2017_MD_3_d_8_catEM_sys_MuonEnUp
Merging measMET_ADDMonoZ2017_MD_3_d_8_catSignal-1jet_sys_jerUp
Merging measMET_ADDMonoZ2017_MD_3_d_8_catEM_sys_PrefireWeightUp
Merging phizmet_ADDMonoZ2017_MD_3_d_8_sys_PrefireWeightDown
Merging MT_ADDMonoZ2017_MD_3_d_8_catSignal-0jet_sys_puWeightUp
Merging MT_ADDMonoZ2017_MD_3_d_8_catSignal-0jet_sys_ElecronSFUp
Merging measMET_ADDMonoZ2017_MD_3_d_8_catNRB_sys_MuonSFDown
Merging measMET_ADDMonoZ2017_MD_3_d_8_cat4L_sys_nvtxWeightDown
Merging measMET_ADDMonoZ2017_MD_3_d_8_catDY_sys_QCDScale0wDown
Merging measMET_ADDMonoZ2017_MD_3_d_8_catDY_sys_btagEventWeightUp
Merging MT_ADDMonoZ2017_MD_3_d_8_cat4L_sys_btagEventWeightDown
Merging measMET_ADDMonoZ2017_MD_3_d_8_catTOP_sys_ElectronEnDown
Merging MT_ADDMonoZ2017_MD_3_d_8_catNRB_sys_jesTotalUp
Merging MT_ADDMonoZ2017_MD_3_d_8_cat3L_sys_QCDScale2wUp
Merging MT_ADDMonoZ2017_MD_3_d_8_catDY_sys_EWKDown
Merging MT_ADDMonoZ2017_MD_3_d_8_catSignal-1jet_sys_puWeightDown
Merging measMET_ADDMonoZ2017_MD_3_d_8_catSignal-1jet_sys_btagEventWeightDown
Merging measMET_ADDMonoZ2017_MD_3_d_8_catNRB_sys_PDFDown
Merging MT_ADDMonoZ2017_MD_3_d_8_cat3L_sys_MuonSFDown
Merging MT_ADDMonoZ2017_MD_3_d_8_cat4L_sys_TriggerSFWeightDown
Merging measMET_ADDMonoZ2017_MD_3_d_8_cat3L_sys_btagEventWeightDown
Merging MT_ADDMonoZ2017_MD_3_d_8_catTOP_sys_puWeightDown
Merging MT_ADDMonoZ2017_MD_3_d_8_cat4L_sys_btagEventWeightUp
Merging MT_ADDMonoZ2017_MD_3_d_8_catSignal-1jet_sys_ElecronSFUp
Merging measMET_ADDMonoZ2017_MD_3_d_8_cat4L_sys_TriggerSFWeightUp
Merging MT_ADDMonoZ2017_MD_3_d_8_catEM_sys_QCDScale2wDown
Merging MT_ADDMonoZ2017_MD_3_d_8_catSignal-1jet_sys_ElectronEnUp
Merging measMET_ADDMonoZ2017_MD_3_d_8_catNRB_sys_nvtxWeightDown
Merging MT_ADDMonoZ2017_MD_3_d_8_catNRB_sys_nvtxWeightDown
Merging measMET_ADDMonoZ2017_MD_3_d_8_catEM_sys_QCDScale2wUp
Merging measMET_ADDMonoZ2017_MD_3_d_8_catSignal-1jet_sys_btagEventWeightUp
Merging measMET_ADDMonoZ2017_MD_3_d_8_catSignal-0jet_sys_MuonSFDown
Merging MT_ADDMonoZ2017_MD_3_d_8_catTOP_sys_puWeightUp
Merging measMET_ADDMonoZ2017_MD_3_d_8_catEM_sys_MuonSFDown
Merging njet_ADDMonoZ2017_MD_3_d_8_sys_ElectronEnUp
Merging MT_ADDMonoZ2017_MD_3_d_8_cat4L_sys_MuonSFUp
Merging njet_ADDMonoZ2017_MD_3_d_8_sys_PDFUp
Merging measMET_ADDMonoZ2017_MD_3_d_8_catSignal-1jet_sys_ElecronSFUp
Merging MT_ADDMonoZ2017_MD_3_d_8_catSignal-1jet_sys_QCDScale0wUp
Merging balance_ADDMonoZ2017_MD_3_d_8_sys_jerUp
Merging measMET_ADDMonoZ2017_MD_3_d_8_catNRB_sys_jesTotalDown
Merging njet_ADDMonoZ2017_MD_3_d_8_sys_ElecronSFDown
Merging measMET_ADDMonoZ2017_MD_3_d_8_cat3L_sys_EWKUp
Merging measMET_ADDMonoZ2017_MD_3_d_8_catDY_sys_MuonEnDown
Merging MT_ADDMonoZ2017_MD_3_d_8_catDY
Merging MT_ADDMonoZ2017_MD_3_d_8_catSignal-0jet_sys_TriggerSFWeightDown
Merging MT_ADDMonoZ2017_MD_3_d_8_cat3L_sys_QCDScale1wUp
Merging njet_ADDMonoZ2017_MD_3_d_8_sys_ElecronSFUp
Merging measMET_ADDMonoZ2017_MD_3_d_8_catSignal-1jet_sys_ElectronEnUp
Merging measMET_ADDMonoZ2017_MD_3_d_8_catEM_sys_QCDScale2wDown
Merging MT_ADDMonoZ2017_MD_3_d_8_catNRB_sys_ElecronSFUp
Merging MT_ADDMonoZ2017_MD_3_d_8_catSignal-1jet_sys_QCDScale0wDown
Merging MT_ADDMonoZ2017_MD_3_d_8_catSignal-1jet_sys_nvtxWeightDown
Merging phizmet_ADDMonoZ2017_MD_3_d_8_sys_puWeightUp
Merging MT_ADDMonoZ2017_MD_3_d_8_catNRB_sys_jesTotalDown
Merging MT_ADDMonoZ2017_MD_3_d_8_catDY_sys_nvtxWeightUp
Merging MT_ADDMonoZ2017_MD_3_d_8_catSignal-0jet_sys_nvtxWeightDown
Merging measMET_ADDMonoZ2017_MD_3_d_8_catNRB_sys_QCDScale1wUp
Merging measMET_ADDMonoZ2017_MD_3_d_8_catNRB_sys_ElectronEnDown
Merging measMET_ADDMonoZ2017_MD_3_d_8_catEM_sys_EWKUp
Merging measMET_ADDMonoZ2017_MD_3_d_8_catEM_sys_btagEventWeightUp
Merging MT_ADDMonoZ2017_MD_3_d_8_catSignal-0jet_sys_PrefireWeightUp
Merging MT_ADDMonoZ2017_MD_3_d_8_catDY_sys_MuonSFDown
Merging measMET_ADDMonoZ2017_MD_3_d_8_catSignal-0jet_sys_QCDScale0wUp
Merging measMET_ADDMonoZ2017_MD_3_d_8_catNRB_sys_MuonSFUp
Merging measMET_ADDMonoZ2017_MD_3_d_8_cat4L_sys_btagEventWeightUp
Merging measMET_ADDMonoZ2017_MD_3_d_8_catSignal-0jet_sys_puWeightDown
Merging measMET_ADDMonoZ2017_MD_3_d_8_catDY
Merging measMET_ADDMonoZ2017_MD_3_d_8_catEM_sys_ElecronSFDown
Merging measMET_ADDMonoZ2017_MD_3_d_8_catSignal-1jet_sys_QCDScale2wDown
Merging balance_ADDMonoZ2017_MD_3_d_8_sys_nvtxWeightUp
Merging MT_ADDMonoZ2017_MD_3_d_8_catSignal-0jet_sys_QCDScale2wUp
Merging MT_ADDMonoZ2017_MD_3_d_8_catSignal-0jet_sys_jerUp
Merging MT_ADDMonoZ2017_MD_3_d_8_cat4L_sys_jesTotalDown
Merging MT_ADDMonoZ2017_MD_3_d_8_catSignal-0jet_sys_TriggerSFWeightUp
Merging phizmet_ADDMonoZ2017_MD_3_d_8_sys_QCDScale0wDown
Merging phizmet_ADDMonoZ2017_MD_3_d_8
Merging measMET_ADDMonoZ2017_MD_3_d_8_catDY_sys_ElecronSFDown
Merging measMET_ADDMonoZ2017_MD_3_d_8_catSignal-1jet_sys_MuonEnDown
Merging MT_ADDMonoZ2017_MD_3_d_8_catEM_sys_MuonEnUp
Merging measMET_ADDMonoZ2017_MD_3_d_8_cat3L_sys_MuonEnDown
Merging measMET_ADDMonoZ2017_MD_3_d_8_catTOP_sys_jesTotalUp
Merging MT_ADDMonoZ2017_MD_3_d_8_cat4L_sys_QCDScale2wDown
Merging measMET_ADDMonoZ2017_MD_3_d_8_catTOP_sys_TriggerSFWeightDown
Merging MT_ADDMonoZ2017_MD_3_d_8_catNRB_sys_MuonEnDown
Merging measMET_ADDMonoZ2017_MD_3_d_8_catEM_sys_QCDScale1wDown
Merging MT_ADDMonoZ2017_MD_3_d_8_catDY_sys_btagEventWeightUp
Merging measMET_ADDMonoZ2017_MD_3_d_8_catDY_sys_PrefireWeightUp
Merging MT_ADDMonoZ2017_MD_3_d_8_cat4L_sys_ElecronSFUp
Merging balance_ADDMonoZ2017_MD_3_d_8_sys_puWeightUp
Merging balance_ADDMonoZ2017_MD_3_d_8_sys_PrefireWeightDown
Merging MT_ADDMonoZ2017_MD_3_d_8_catNRB_sys_PrefireWeightDown
Merging measMET_ADDMonoZ2017_MD_3_d_8_catNRB_sys_PrefireWeightUp
Merging measMET_ADDMonoZ2017_MD_3_d_8_catNRB_sys_puWeightUp
Merging measMET_ADDMonoZ2017_MD_3_d_8_catSignal-0jet_sys_ElectronEnDown
Merging njet_ADDMonoZ2017_MD_3_d_8_sys_QCDScale1wUp
Merging MT_ADDMonoZ2017_MD_3_d_8_catTOP_sys_QCDScale0wUp
Merging measMET_ADDMonoZ2017_MD_3_d_8_catEM_sys_MuonEnDown
Merging MT_ADDMonoZ2017_MD_3_d_8_catTOP_sys_PDFDown
Merging balance_ADDMonoZ2017_MD_3_d_8_sys_ElectronEnDown
Merging MT_ADDMonoZ2017_MD_3_d_8_catSignal-1jet_sys_PrefireWeightDown
Merging measMET_ADDMonoZ2017_MD_3_d_8_catSignal-0jet_sys_btagEventWeightDown
Merging MT_ADDMonoZ2017_MD_3_d_8_catTOP_sys_ElectronEnDown
Merging measMET_ADDMonoZ2017_MD_3_d_8_cat4L_sys_nvtxWeightUp
Merging measMET_ADDMonoZ2017_MD_3_d_8_cat4L_sys_jerUp
Merging measMET_ADDMonoZ2017_MD_3_d_8_catDY_sys_jerDown
Merging measMET_ADDMonoZ2017_MD_3_d_8_catSignal-1jet_sys_EWKDown
Merging MT_ADDMonoZ2017_MD_3_d_8_catNRB_sys_QCDScale2wUp
Merging MT_ADDMonoZ2017_MD_3_d_8_cat3L_sys_PDFDown
Merging MT_ADDMonoZ2017_MD_3_d_8_catDY_sys_PrefireWeightDown
Merging MT_ADDMonoZ2017_MD_3_d_8_catEM_sys_QCDScale1wUp
Merging njet_ADDMonoZ2017_MD_3_d_8_sys_puWeightUp
Merging MT_ADDMonoZ2017_MD_3_d_8_catSignal-0jet_sys_ElecronSFDown
Merging MT_ADDMonoZ2017_MD_3_d_8_cat4L_sys_ElectronEnUp
Merging MT_ADDMonoZ2017_MD_3_d_8_cat3L_sys_ElectronEnUp
Merging MT_ADDMonoZ2017_MD_3_d_8_catSignal-0jet_sys_PDFUp
Merging measMET_ADDMonoZ2017_MD_3_d_8_catDY_sys_ElecronSFUp
Merging balance_ADDMonoZ2017_MD_3_d_8_sys_puWeightDown
Merging measMET_ADDMonoZ2017_MD_3_d_8_catTOP_sys_ElecronSFUp
Merging measMET_ADDMonoZ2017_MD_3_d_8_cat4L_sys_puWeightDown
Merging MT_ADDMonoZ2017_MD_3_d_8_catSignal-1jet_sys_PDFUp
Merging measMET_ADDMonoZ2017_MD_3_d_8_catDY_sys_MuonSFUp
Merging MT_ADDMonoZ2017_MD_3_d_8_cat4L_sys_PDFDown
Merging measMET_ADDMonoZ2017_MD_3_d_8_catEM_sys_jesTotalDown
Merging measMET_ADDMonoZ2017_MD_3_d_8_cat4L_sys_jesTotalUp
Merging MT_ADDMonoZ2017_MD_3_d_8_cat3L_sys_jesTotalUp
Merging MT_ADDMonoZ2017_MD_3_d_8_catSignal-1jet_sys_btagEventWeightDown
Merging MT_ADDMonoZ2017_MD_3_d_8_catEM_sys_EWKUp
Merging MT_ADDMonoZ2017_MD_3_d_8_cat4L_sys_ElecronSFDown
Merging MT_ADDMonoZ2017_MD_3_d_8_catEM_sys_PDFUp
Merging measMET_ADDMonoZ2017_MD_3_d_8_catDY_sys_TriggerSFWeightUp
Merging measMET_ADDMonoZ2017_MD_3_d_8_catNRB_sys_TriggerSFWeightDown
Merging MT_ADDMonoZ2017_MD_3_d_8_catTOP_sys_btagEventWeightDown
Merging MT_ADDMonoZ2017_MD_3_d_8_cat3L_sys_TriggerSFWeightDown
Merging njet_ADDMonoZ2017_MD_3_d_8_sys_ElectronEnDown
Merging njet_ADDMonoZ2017_MD_3_d_8_sys_QCDScale0wUp
Merging measMET_ADDMonoZ2017_MD_3_d_8_catSignal-1jet_sys_PrefireWeightUp
Merging MT_ADDMonoZ2017_MD_3_d_8_cat4L_sys_TriggerSFWeightUp
Merging measMET_ADDMonoZ2017_MD_3_d_8_catSignal-1jet_sys_EWKUp
Merging measMET_ADDMonoZ2017_MD_3_d_8_catTOP_sys_QCDScale0wDown
Merging MT_ADDMonoZ2017_MD_3_d_8_catSignal-0jet_sys_nvtxWeightUp
Merging balance_ADDMonoZ2017_MD_3_d_8_sys_PrefireWeightUp
Merging measMET_ADDMonoZ2017_MD_3_d_8_catDY_sys_PDFDown
Merging MT_ADDMonoZ2017_MD_3_d_8_catNRB_sys_PDFDown
Merging measMET_ADDMonoZ2017_MD_3_d_8_cat3L_sys_jesTotalUp
Merging MT_ADDMonoZ2017_MD_3_d_8_catNRB_sys_PrefireWeightUp
Merging balance_ADDMonoZ2017_MD_3_d_8_sys_nvtxWeightDown
Merging MT_ADDMonoZ2017_MD_3_d_8_cat3L_sys_MuonEnUp
Merging balance_ADDMonoZ2017_MD_3_d_8_sys_TriggerSFWeightUp
Merging MT_ADDMonoZ2017_MD_3_d_8_cat4L_sys_MuonEnDown
Merging MT_ADDMonoZ2017_MD_3_d_8_cat4L_sys_MuonSFDown
Merging MT_ADDMonoZ2017_MD_3_d_8_cat3L_sys_puWeightDown
Merging measMET_ADDMonoZ2017_MD_3_d_8_catTOP_sys_MuonSFUp
Merging measMET_ADDMonoZ2017_MD_3_d_8_catTOP_sys_EWKUp
Merging measMET_ADDMonoZ2017_MD_3_d_8_catSignal-0jet_sys_nvtxWeightDown
Merging balance_ADDMonoZ2017_MD_3_d_8
Merging measMET_ADDMonoZ2017_MD_3_d_8_catNRB_sys_puWeightDown
Merging measMET_ADDMonoZ2017_MD_3_d_8_catSignal-1jet_sys_TriggerSFWeightDown
Merging measMET_ADDMonoZ2017_MD_3_d_8_catNRB_sys_MuonEnDown
Merging njet_ADDMonoZ2017_MD_3_d_8_sys_puWeightDown
Merging measMET_ADDMonoZ2017_MD_3_d_8_catEM_sys_TriggerSFWeightUp
Merging njet_ADDMonoZ2017_MD_3_d_8_sys_MuonSFUp
Merging MT_ADDMonoZ2017_MD_3_d_8_catEM_sys_EWKDown
Merging measMET_ADDMonoZ2017_MD_3_d_8_catEM_sys_PDFUp
Merging measMET_ADDMonoZ2017_MD_3_d_8_cat4L_sys_QCDScale1wUp
Merging njet_ADDMonoZ2017_MD_3_d_8_sys_QCDScale2wDown
Merging measMET_ADDMonoZ2017_MD_3_d_8_catSignal-0jet_sys_PrefireWeightDown
Merging MT_ADDMonoZ2017_MD_3_d_8_catTOP_sys_PDFUp
Merging phizmet_ADDMonoZ2017_MD_3_d_8_sys_MuonEnUp
Merging MT_ADDMonoZ2017_MD_3_d_8_cat3L_sys_nvtxWeightDown
Merging MT_ADDMonoZ2017_MD_3_d_8_catDY_sys_jesTotalUp
Merging MT_ADDMonoZ2017_MD_3_d_8_catEM_sys_PDFDown
Merging measMET_ADDMonoZ2017_MD_3_d_8_cat4L_sys_btagEventWeightDown
Merging phizmet_ADDMonoZ2017_MD_3_d_8_sys_TriggerSFWeightUp
Merging njet_ADDMonoZ2017_MD_3_d_8_sys_QCDScale0wDown
Merging balance_ADDMonoZ2017_MD_3_d_8_sys_TriggerSFWeightDown
Merging balance_ADDMonoZ2017_MD_3_d_8_sys_MuonEnUp
Merging balance_ADDMonoZ2017_MD_3_d_8_sys_QCDScale1wUp
Merging measMET_ADDMonoZ2017_MD_3_d_8_cat3L_sys_puWeightUp
Merging MT_ADDMonoZ2017_MD_3_d_8_catSignal-0jet_sys_QCDScale2wDown
Merging measMET_ADDMonoZ2017_MD_3_d_8_catSignal-1jet_sys_QCDScale1wDown
Merging MT_ADDMonoZ2017_MD_3_d_8_catTOP_sys_QCDScale2wDown
Merging MT_ADDMonoZ2017_MD_3_d_8_catEM_sys_ElectronEnDown
Merging MT_ADDMonoZ2017_MD_3_d_8_catNRB_sys_nvtxWeightUp
Merging MT_ADDMonoZ2017_MD_3_d_8_cat3L_sys_jerDown
Merging MT_ADDMonoZ2017_MD_3_d_8_catEM_sys_btagEventWeightUp
Merging measMET_ADDMonoZ2017_MD_3_d_8_catEM_sys_jerDown
Merging measMET_ADDMonoZ2017_MD_3_d_8_catSignal-1jet_sys_nvtxWeightUp
Merging MT_ADDMonoZ2017_MD_3_d_8_catTOP_sys_jesTotalUp
Merging MT_ADDMonoZ2017_MD_3_d_8_cat3L_sys_ElectronEnDown
Merging MT_ADDMonoZ2017_MD_3_d_8_catSignal-0jet_sys_jesTotalDown
Merging MT_ADDMonoZ2017_MD_3_d_8_catNRB_sys_TriggerSFWeightDown
Merging MT_ADDMonoZ2017_MD_3_d_8_catTOP_sys_TriggerSFWeightUp
Merging MT_ADDMonoZ2017_MD_3_d_8_catSignal-0jet_sys_jerDown
Merging measMET_ADDMonoZ2017_MD_3_d_8_catNRB_sys_QCDScale0wUp
Merging measMET_ADDMonoZ2017_MD_3_d_8_cat3L_sys_QCDScale1wDown
Merging measMET_ADDMonoZ2017_MD_3_d_8_catTOP_sys_nvtxWeightDown
Merging measMET_ADDMonoZ2017_MD_3_d_8_catTOP_sys_QCDScale1wDown
Merging measMET_ADDMonoZ2017_MD_3_d_8_catDY_sys_jerUp
Merging measMET_ADDMonoZ2017_MD_3_d_8_catSignal-0jet_sys_QCDScale1wDown
Merging measMET_ADDMonoZ2017_MD_3_d_8_catEM
Merging MT_ADDMonoZ2017_MD_3_d_8_cat4L_sys_jerUp
Merging MT_ADDMonoZ2017_MD_3_d_8_cat3L_sys_QCDScale0wUp
Merging balance_ADDMonoZ2017_MD_3_d_8_sys_QCDScale1wDown
Merging measMET_ADDMonoZ2017_MD_3_d_8_catSignal-1jet_sys_PDFDown
Merging MT_ADDMonoZ2017_MD_3_d_8_catEM_sys_PrefireWeightUp
Merging measMET_ADDMonoZ2017_MD_3_d_8_catSignal-1jet_sys_MuonEnUp
Merging MT_ADDMonoZ2017_MD_3_d_8_catDY_sys_jesTotalDown
Merging MT_ADDMonoZ2017_MD_3_d_8_catEM_sys_QCDScale0wUp
Merging MT_ADDMonoZ2017_MD_3_d_8_cat4L_sys_ElectronEnDown
Merging measMET_ADDMonoZ2017_MD_3_d_8_cat3L_sys_TriggerSFWeightDown
Merging measMET_ADDMonoZ2017_MD_3_d_8_cat4L_sys_ElectronEnDown
Merging MT_ADDMonoZ2017_MD_3_d_8_catNRB_sys_QCDScale2wDown
Merging MT_ADDMonoZ2017_MD_3_d_8_catEM_sys_btagEventWeightDown
Merging measMET_ADDMonoZ2017_MD_3_d_8_cat4L_sys_MuonSFDown
Merging MT_ADDMonoZ2017_MD_3_d_8_catDY_sys_nvtxWeightDown
Merging MT_ADDMonoZ2017_MD_3_d_8_catNRB
Merging measMET_ADDMonoZ2017_MD_3_d_8_catDY_sys_PDFUp
Merging measMET_ADDMonoZ2017_MD_3_d_8_cat3L_sys_MuonSFUp
Merging measMET_ADDMonoZ2017_MD_3_d_8_catTOP_sys_nvtxWeightUp
Merging MT_ADDMonoZ2017_MD_3_d_8_catEM_sys_MuonSFUp
Merging MT_ADDMonoZ2017_MD_3_d_8_catSignal-1jet_sys_EWKDown
Merging MT_ADDMonoZ2017_MD_3_d_8_catTOP_sys_MuonEnUp
Merging njet_ADDMonoZ2017_MD_3_d_8_sys_PrefireWeightUp
Merging measMET_ADDMonoZ2017_MD_3_d_8_cat3L_sys_jerUp
Merging MT_ADDMonoZ2017_MD_3_d_8_catSignal-0jet_sys_PDFDown
Merging MT_ADDMonoZ2017_MD_3_d_8_catEM_sys_QCDScale1wDown
Merging MT_ADDMonoZ2017_MD_3_d_8_cat4L_sys_nvtxWeightDown
Merging measMET_ADDMonoZ2017_MD_3_d_8_catSignal-0jet_sys_MuonSFUp
Merging MT_ADDMonoZ2017_MD_3_d_8_catDY_sys_PDFUp
Merging MT_ADDMonoZ2017_MD_3_d_8_catDY_sys_ElectronEnDown
Merging MT_ADDMonoZ2017_MD_3_d_8_catNRB_sys_QCDScale0wDown
Merging MT_ADDMonoZ2017_MD_3_d_8_catEM_sys_QCDScale2wUp
Merging MT_ADDMonoZ2017_MD_3_d_8_catEM_sys_puWeightUp
Merging measMET_ADDMonoZ2017_MD_3_d_8_cat3L_sys_MuonSFDown
Merging phizmet_ADDMonoZ2017_MD_3_d_8_sys_TriggerSFWeightDown
Merging measMET_ADDMonoZ2017_MD_3_d_8_catSignal-0jet_sys_QCDScale0wDown
Merging MT_ADDMonoZ2017_MD_3_d_8_catDY_sys_PDFDown
Merging measMET_ADDMonoZ2017_MD_3_d_8_catTOP_sys_MuonSFDown
Merging MT_ADDMonoZ2017_MD_3_d_8_catSignal-0jet_sys_QCDScale1wUp
Merging MT_ADDMonoZ2017_MD_3_d_8_catSignal-1jet_sys_QCDScale1wDown
Merging measMET_ADDMonoZ2017_MD_3_d_8_catSignal-0jet_sys_nvtxWeightUp
Merging njet_ADDMonoZ2017_MD_3_d_8_sys_MuonEnUp
Merging measMET_ADDMonoZ2017_MD_3_d_8_catDY_sys_btagEventWeightDown
Merging phizmet_ADDMonoZ2017_MD_3_d_8_sys_nvtxWeightDown
Merging measMET_ADDMonoZ2017_MD_3_d_8_cat3L_sys_PDFUp
Merging measMET_ADDMonoZ2017_MD_3_d_8_cat4L_sys_PDFDown
Merging MT_ADDMonoZ2017_MD_3_d_8_cat4L_sys_PrefireWeightUp
Merging MT_ADDMonoZ2017_MD_3_d_8_catNRB_sys_ElectronEnDown
Merging MT_ADDMonoZ2017_MD_3_d_8_catSignal-0jet_sys_puWeightDown
Merging measMET_ADDMonoZ2017_MD_3_d_8_cat4L_sys_PrefireWeightDown
Merging MT_ADDMonoZ2017_MD_3_d_8_catTOP_sys_jerUp
Merging measMET_ADDMonoZ2017_MD_3_d_8_catSignal-0jet_sys_jesTotalUp
Merging MT_ADDMonoZ2017_MD_3_d_8_catSignal-0jet_sys_MuonSFUp
Merging measMET_ADDMonoZ2017_MD_3_d_8_catSignal-0jet_sys_MuonEnUp
Merging MT_ADDMonoZ2017_MD_3_d_8_catDY_sys_TriggerSFWeightDown
Merging MT_ADDMonoZ2017_MD_3_d_8_cat3L_sys_ElecronSFUp
Merging MT_ADDMonoZ2017_MD_3_d_8_catSignal-1jet_sys_QCDScale2wUp
Merging measMET_ADDMonoZ2017_MD_3_d_8_catDY_sys_jesTotalUp
Merging njet_ADDMonoZ2017_MD_3_d_8
Merging MT_ADDMonoZ2017_MD_3_d_8_catTOP_sys_PrefireWeightUp
Merging measMET_ADDMonoZ2017_MD_3_d_8_catSignal-1jet_sys_QCDScale1wUp
Merging njet_ADDMonoZ2017_MD_3_d_8_sys_PrefireWeightDown
Merging balance_ADDMonoZ2017_MD_3_d_8_sys_jerDown
Merging MT_ADDMonoZ2017_MD_3_d_8_catDY_sys_jerUp
Merging measMET_ADDMonoZ2017_MD_3_d_8_cat3L_sys_EWKDown
Merging measMET_ADDMonoZ2017_MD_3_d_8_catNRB_sys_btagEventWeightUp
Merging njet_ADDMonoZ2017_MD_3_d_8_sys_btagEventWeightDown
Merging MT_ADDMonoZ2017_MD_3_d_8_catEM_sys_ElectronEnUp
Merging MT_ADDMonoZ2017_MD_3_d_8_catSignal-0jet_sys_EWKDown
Merging measMET_ADDMonoZ2017_MD_3_d_8_catSignal-0jet_sys_PDFUp
Merging measMET_ADDMonoZ2017_MD_3_d_8_catDY_sys_ElectronEnUp
Merging MT_ADDMonoZ2017_MD_3_d_8_catTOP_sys_ElecronSFDown
Merging MT_ADDMonoZ2017_MD_3_d_8_catSignal-1jet_sys_nvtxWeightUp
Merging njet_ADDMonoZ2017_MD_3_d_8_sys_jesTotalDown
Merging MT_ADDMonoZ2017_MD_3_d_8_catEM_sys_nvtxWeightUp
Merging MT_ADDMonoZ2017_MD_3_d_8_catNRB_sys_btagEventWeightDown
Merging measMET_ADDMonoZ2017_MD_3_d_8_catSignal-0jet_sys_TriggerSFWeightUp
Merging measMET_ADDMonoZ2017_MD_3_d_8_catSignal-0jet_sys_QCDScale2wUp
Merging measMET_ADDMonoZ2017_MD_3_d_8_catDY_sys_QCDScale0wUp
Merging measMET_ADDMonoZ2017_MD_3_d_8_catTOP_sys_QCDScale0wUp
Merging MT_ADDMonoZ2017_MD_3_d_8_catSignal-1jet_sys_ElectronEnDown
Merging measMET_ADDMonoZ2017_MD_3_d_8_catEM_sys_jerUp
Merging measMET_ADDMonoZ2017_MD_3_d_8_catNRB_sys_QCDScale1wDown
Merging measMET_ADDMonoZ2017_MD_3_d_8_catNRB_sys_QCDScale2wDown
Merging balance_ADDMonoZ2017_MD_3_d_8_sys_QCDScale2wDown
Merging measMET_ADDMonoZ2017_MD_3_d_8_catNRB_sys_EWKDown
Merging MT_ADDMonoZ2017_MD_3_d_8_catSignal-0jet_sys_MuonSFDown
Merging MT_ADDMonoZ2017_MD_3_d_8_catDY_sys_jerDown
Merging MT_ADDMonoZ2017_MD_3_d_8_catSignal-1jet_sys_jesTotalUp
Merging measMET_ADDMonoZ2017_MD_3_d_8_cat3L_sys_TriggerSFWeightUp
Merging measMET_ADDMonoZ2017_MD_3_d_8_cat3L_sys_jerDown
Merging MT_ADDMonoZ2017_MD_3_d_8_catSignal-1jet_sys_QCDScale1wUp
Merging MT_ADDMonoZ2017_MD_3_d_8_cat4L_sys_QCDScale2wUp
Merging measMET_ADDMonoZ2017_MD_3_d_8_catNRB_sys_nvtxWeightUp
Merging MT_ADDMonoZ2017_MD_3_d_8_catTOP_sys_ElecronSFUp
Merging MT_ADDMonoZ2017_MD_3_d_8_catTOP_sys_nvtxWeightDown
Merging measMET_ADDMonoZ2017_MD_3_d_8_catDY_sys_nvtxWeightDown
Merging measMET_ADDMonoZ2017_MD_3_d_8_cat4L_sys_jesTotalDown
Merging measMET_ADDMonoZ2017_MD_3_d_8_catSignal-0jet_sys_PDFDown
Merging measMET_ADDMonoZ2017_MD_3_d_8_catSignal-0jet_sys_ElecronSFUp
Merging njet_ADDMonoZ2017_MD_3_d_8_sys_jerDown
/eos/cms/store/group/phys_exotica/monoZ/Exorcism2017/ADDMonoZ2017_MD_3_d_8/tree_0.root  ->  /eos/cms/store/group/phys_exotica/monoZ/Exorcism2017/ADDMonoZ2017_MD_3_d_8/tree_0.root
Testing file open
Test OK
---------------------------
 -- options  =  Namespace(dataset='X', doSyst=1, era='2017', infile='/eos/cms/store/group/phys_exotica/monoZ/Exorcism2017/ADDMonoZ2017_MD_3_d_8/tree_0.root', isMC=1, jobNum=0, nevt=-1)
 -- is MC    =  1
 -- jobNum   =  0
 -- era      =  2017
 -- in file  =  /eos/cms/store/group/phys_exotica/monoZ/Exorcism2017/ADDMonoZ2017_MD_3_d_8/tree_0.root
 -- dataset  =  X
---------------------------
[check] condtag_ ==  ADDMonoZ2017_MD_3_d_8
[check] dataset  ==  monoZ
modules :  <PhysicsTools.MonoZ.MonoZWSProducer.MonoZWSProducer object at 0x2b252dbe5790>
modules :  <PhysicsTools.MonoZ.MonoZWSProducer.MonoZWSProducer object at 0x2b252dbe5850>
modules :  <PhysicsTools.MonoZ.MonoZWSProducer.MonoZWSProducer object at 0x2b252dbe5890>
modules :  <PhysicsTools.MonoZ.MonoZWSProducer.MonoZWSProducer object at 0x2b252dbe58d0>
modules :  <PhysicsTools.MonoZ.MonoZWSProducer.MonoZWSProducer object at 0x2b252dbe5910>
modules :  <PhysicsTools.MonoZ.MonoZWSProducer.MonoZWSProducer object at 0x2b252dbe5950>
modules :  <PhysicsTools.MonoZ.MonoZWSProducer.MonoZWSProducer object at 0x2b252dbe5990>
modules :  <PhysicsTools.MonoZ.MonoZWSProducer.MonoZWSProducer object at 0x2b252dbe59d0>
modules :  <PhysicsTools.MonoZ.MonoZWSProducer.MonoZWSProducer object at 0x2b252dbe5a10>
modules :  <PhysicsTools.MonoZ.MonoZWSProducer.MonoZWSProducer object at 0x2b252dbe5a50>
modules :  <PhysicsTools.MonoZ.MonoZWSProducer.MonoZWSProducer object at 0x2b252dbe5a90>
modules :  <PhysicsTools.MonoZ.MonoZWSProducer.MonoZWSProducer object at 0x2b252dbe5ad0>
modules :  <PhysicsTools.MonoZ.MonoZWSProducer.MonoZWSProducer object at 0x2b252dbe5b10>
modules :  <PhysicsTools.MonoZ.MonoZWSProducer.MonoZWSProducer object at 0x2b252dbe5b50>
modules :  <PhysicsTools.MonoZ.MonoZWSProducer.MonoZWSProducer object at 0x2b252dbe5b90>
modules :  <PhysicsTools.MonoZ.MonoZWSProducer.MonoZWSProducer object at 0x2b252dbe5bd0>
modules :  <PhysicsTools.MonoZ.MonoZWSProducer.MonoZWSProducer object at 0x2b252dbe5c10>
modules :  <PhysicsTools.MonoZ.MonoZWSProducer.MonoZWSProducer object at 0x2b252dbe5c50>
modules :  <PhysicsTools.MonoZ.MonoZWSProducer.MonoZWSProducer object at 0x2b252dbe5c90>
modules :  <PhysicsTools.MonoZ.MonoZWSProducer.MonoZWSProducer object at 0x2b252dbe5cd0>
modules :  <PhysicsTools.MonoZ.MonoZWSProducer.MonoZWSProducer object at 0x2b252dbe5d10>
modules :  <PhysicsTools.MonoZ.MonoZWSProducer.MonoZWSProducer object at 0x2b252dbe5d50>
modules :  <PhysicsTools.MonoZ.MonoZWSProducer.MonoZWSProducer object at 0x2b252dbe5dd0>
modules :  <PhysicsTools.MonoZ.MonoZWSProducer.MonoZWSProducer object at 0x2b252dbe5e50>
modules :  <PhysicsTools.MonoZ.MonoZWSProducer.MonoZWSProducer object at 0x2b252dbe5ed0>
modules :  <PhysicsTools.MonoZ.MonoZWSProducer.MonoZWSProducer object at 0x2b252dbe5f50>
modules :  <PhysicsTools.MonoZ.MonoZWSProducer.MonoZWSProducer object at 0x2b252dbe5f90>
modules :  <PhysicsTools.MonoZ.MonoZWSProducer.MonoZWSProducer object at 0x2b252dbe5fd0>
modules :  <PhysicsTools.MonoZ.MonoZWSProducer.MonoZWSProducer object at 0x2b252dbe7050>
modules :  <PhysicsTools.MonoZ.MonoZWSProducer.MonoZWSProducer object at 0x2b252dbe7090>
modules :  <PhysicsTools.MonoZ.MonoZWSProducer.MonoZWSProducer object at 0x2b252dbe70d0>
Selection :  
Will write selected trees to .
Pre-select 15855 entries out of 15855 (100.00%)
Processed    10000/   15855 entries, 63.07% (elapsed time   773.4s, curr speed    0.013 kHz, avg speed    0.013 kHz), accepted    10001/   10001 events (100.00%)
Processed 15855 preselected entries from /eos/cms/store/group/phys_exotica/monoZ/Exorcism2017/ADDMonoZ2017_MD_3_d_8/tree_0.root (15855 entries). Finally selected 15855 entries
Done ./tree_0_Skim.root
12.9229189251 Hz
----- transfer output to eos :
----- directory after running :
.:
total 6324
-rw-r--r--. 1 cfreer zh    1190 Nov 29 01:56 FrameworkJobReport.xml
-rw-r--r--. 1 cfreer zh       0 Nov 29 01:35 _condor_stderr
-rw-r--r--. 1 cfreer zh   67946 Nov 29 01:56 _condor_stdout
-rw-------. 1 cfreer zh    4914 Nov 29 01:56 cfreer.cc
-rw-r--r--. 1 cfreer zh   16092 Nov 29 01:35 combineHLT_Run2.yaml
-rw-r--r--. 1 cfreer zh    5718 Nov 29 01:35 condor_WSProducer.py
-rwxr-xr-x. 1 cfreer zh     820 Nov 29 01:35 condor_exec.exe
-rwxr-xr-x. 1 cfreer zh    2559 Nov 29 01:35 haddnano.py
-rw-r--r--. 1 cfreer zh       8 Nov 29 01:35 keep_and_drop_WS.txt
drwx------. 3 cfreer zh    4096 Nov 29 01:35 tmp
-rw-r--r--. 1 cfreer zh 3170580 Nov 29 01:56 tree_0.root
-rw-r--r--. 1 cfreer zh 3170448 Nov 29 01:56 tree_0_Skim.root
drwx------. 3 cfreer zh    4096 Nov 29 01:35 var

./tmp:
total 4
drwxr-xr-x. 3 cfreer zh 4096 Nov 29 01:35 mjf-cfreer

./tmp/mjf-cfreer:
total 4
drwxr-xr-x. 2 cfreer zh 4096 Nov 29 01:35 jobfeatures-bigbird09.cern.ch_3023162.0_1574896061

./tmp/mjf-cfreer/jobfeatures-bigbird09.cern.ch_3023162.0_1574896061:
total 28
-rw-r--r--. 1 cfreer zh  1 Nov 29 01:35 allocated_cpu
-rw-r--r--. 1 cfreer zh  6 Nov 29 01:35 cpu_limit_secs
-rw-r--r--. 1 cfreer zh 38 Nov 29 01:35 job_id
-rw-r--r--. 1 cfreer zh 10 Nov 29 01:35 jobstart_secs
-rw-r--r--. 1 cfreer zh 10 Nov 29 01:35 max_rss_bytes
-rw-r--r--. 1 cfreer zh 10 Nov 29 01:35 scratch_limit_bytes
-rw-r--r--. 1 cfreer zh  6 Nov 29 01:35 wall_limit_secs

./var:
total 4
drwx------. 2 cfreer zh 4096 Nov 29 01:35 tmp

./var/tmp:
total 0
 ------ THE END (everyone dies !) ----- 
