
/pool/condor/dir_599

... start job at 2020-01-06 06:32:18
----- directory before running:
.:
total 52
-rw-r--r--. 1 cfreer zh     0 Jan  6 06:32 _condor_stderr
-rw-r--r--. 1 cfreer zh    92 Jan  6 06:32 _condor_stdout
-rw-------. 1 cfreer zh  2626 Jan  6 06:32 cfreer.cc
-rw-r--r--. 1 cfreer zh 16092 Jan  6 06:32 combineHLT_Run2.yaml
-rw-r--r--. 1 cfreer zh  5718 Jan  6 06:32 condor_WSProducer.py
-rwxr-xr-x. 1 cfreer zh   825 Jan  6 06:32 condor_exec.exe
-rwxr-xr-x. 1 cfreer zh  2559 Jan  6 06:32 haddnano.py
-rw-r--r--. 1 cfreer zh     8 Jan  6 06:32 keep_and_drop_WS.txt
drwx------. 3 cfreer zh  4096 Jan  6 06:32 tmp
drwx------. 3 cfreer zh  4096 Jan  6 06:32 var

./tmp:
total 4
drwxr-xr-x. 3 cfreer zh 4096 Jan  6 06:32 mjf-cfreer

./tmp/mjf-cfreer:
total 4
drwxr-xr-x. 2 cfreer zh 4096 Jan  6 06:32 jobfeatures-bigbird09.cern.ch_3254140.0_1578273389

./tmp/mjf-cfreer/jobfeatures-bigbird09.cern.ch_3254140.0_1578273389:
total 28
-rw-r--r--. 1 cfreer zh  1 Jan  6 06:32 allocated_cpu
-rw-r--r--. 1 cfreer zh  6 Jan  6 06:32 cpu_limit_secs
-rw-r--r--. 1 cfreer zh 38 Jan  6 06:32 job_id
-rw-r--r--. 1 cfreer zh 10 Jan  6 06:32 jobstart_secs
-rw-r--r--. 1 cfreer zh 10 Jan  6 06:32 max_rss_bytes
-rw-r--r--. 1 cfreer zh 10 Jan  6 06:32 scratch_limit_bytes
-rw-r--r--. 1 cfreer zh  6 Jan  6 06:32 wall_limit_secs

./var:
total 4
drwx------. 2 cfreer zh 4096 Jan  6 06:32 tmp

./var/tmp:
total 0
----- CMSSW BASE, python path, pwd:
+ CMSSW_BASE  = /afs/cern.ch/work/c/cfreer/MonoZ_2019/MT_plots/CMSSW_10_6_4
+ PYTHON_PATH = 
+ PWD         = /pool/condor/dir_599
/eos/cms/store/group/phys_exotica/monoZ/Exorcism_ADD_2017/ADDMonoZ2017_MD_2_d_6/tree_0.root  ->  /eos/cms/store/group/phys_exotica/monoZ/Exorcism_ADD_2017/ADDMonoZ2017_MD_2_d_6/tree_0.root
Testing file open
Test OK
---------------------------
 -- options  =  Namespace(dataset='X', doSyst=1, era='2017', infile='/eos/cms/store/group/phys_exotica/monoZ/Exorcism_ADD_2017/ADDMonoZ2017_MD_2_d_6/tree_0.root', isMC=1, jobNum=0, nevt=-1)
 -- is MC    =  1
 -- jobNum   =  0
 -- era      =  2017
 -- in file  =  /eos/cms/store/group/phys_exotica/monoZ/Exorcism_ADD_2017/ADDMonoZ2017_MD_2_d_6/tree_0.root
 -- dataset  =  X
---------------------------
[check] condtag_ ==  ADDMonoZ2017_MD_2_d_6
[check] dataset  ==  monoZ
modules :  <PhysicsTools.MonoZ.MonoZWSProducer.MonoZWSProducer object at 0x2b401ddd4790>
modules :  <PhysicsTools.MonoZ.MonoZWSProducer.MonoZWSProducer object at 0x2b401ddd4850>
modules :  <PhysicsTools.MonoZ.MonoZWSProducer.MonoZWSProducer object at 0x2b401ddd4890>
modules :  <PhysicsTools.MonoZ.MonoZWSProducer.MonoZWSProducer object at 0x2b401ddd48d0>
modules :  <PhysicsTools.MonoZ.MonoZWSProducer.MonoZWSProducer object at 0x2b401ddd4910>
modules :  <PhysicsTools.MonoZ.MonoZWSProducer.MonoZWSProducer object at 0x2b401ddd4950>
modules :  <PhysicsTools.MonoZ.MonoZWSProducer.MonoZWSProducer object at 0x2b401ddd4990>
modules :  <PhysicsTools.MonoZ.MonoZWSProducer.MonoZWSProducer object at 0x2b401ddd49d0>
modules :  <PhysicsTools.MonoZ.MonoZWSProducer.MonoZWSProducer object at 0x2b401ddd4a10>
modules :  <PhysicsTools.MonoZ.MonoZWSProducer.MonoZWSProducer object at 0x2b401ddd4a50>
modules :  <PhysicsTools.MonoZ.MonoZWSProducer.MonoZWSProducer object at 0x2b401ddd4a90>
modules :  <PhysicsTools.MonoZ.MonoZWSProducer.MonoZWSProducer object at 0x2b401ddd4ad0>
modules :  <PhysicsTools.MonoZ.MonoZWSProducer.MonoZWSProducer object at 0x2b401ddd4b10>
modules :  <PhysicsTools.MonoZ.MonoZWSProducer.MonoZWSProducer object at 0x2b401ddd4b50>
modules :  <PhysicsTools.MonoZ.MonoZWSProducer.MonoZWSProducer object at 0x2b401ddd4b90>
modules :  <PhysicsTools.MonoZ.MonoZWSProducer.MonoZWSProducer object at 0x2b401ddd4bd0>
modules :  <PhysicsTools.MonoZ.MonoZWSProducer.MonoZWSProducer object at 0x2b401ddd4c10>
modules :  <PhysicsTools.MonoZ.MonoZWSProducer.MonoZWSProducer object at 0x2b401ddd4c50>
modules :  <PhysicsTools.MonoZ.MonoZWSProducer.MonoZWSProducer object at 0x2b401ddd4c90>
modules :  <PhysicsTools.MonoZ.MonoZWSProducer.MonoZWSProducer object at 0x2b401ddd4cd0>
modules :  <PhysicsTools.MonoZ.MonoZWSProducer.MonoZWSProducer object at 0x2b401ddd4d10>
modules :  <PhysicsTools.MonoZ.MonoZWSProducer.MonoZWSProducer object at 0x2b401ddd4d50>
modules :  <PhysicsTools.MonoZ.MonoZWSProducer.MonoZWSProducer object at 0x2b401ddd4dd0>
modules :  <PhysicsTools.MonoZ.MonoZWSProducer.MonoZWSProducer object at 0x2b401ddd4e50>
modules :  <PhysicsTools.MonoZ.MonoZWSProducer.MonoZWSProducer object at 0x2b401ddd4ed0>
modules :  <PhysicsTools.MonoZ.MonoZWSProducer.MonoZWSProducer object at 0x2b401ddd4f50>
modules :  <PhysicsTools.MonoZ.MonoZWSProducer.MonoZWSProducer object at 0x2b401ddd4f90>
modules :  <PhysicsTools.MonoZ.MonoZWSProducer.MonoZWSProducer object at 0x2b401ddd4fd0>
modules :  <PhysicsTools.MonoZ.MonoZWSProducer.MonoZWSProducer object at 0x2b401ddd7050>
modules :  <PhysicsTools.MonoZ.MonoZWSProducer.MonoZWSProducer object at 0x2b401ddd7090>
modules :  <PhysicsTools.MonoZ.MonoZWSProducer.MonoZWSProducer object at 0x2b401ddd70d0>
Selection :  
Will write selected trees to .
Pre-select 21853 entries out of 21853 (100.00%)
Processed    10000/   21853 entries, 45.76% (elapsed time   793.1s, curr speed    0.013 kHz, avg speed    0.013 kHz), accepted    10001/   10001 events (100.00%)
Processed    20000/   21853 entries, 91.52% (elapsed time  1615.9s, curr speed    0.012 kHz, avg speed    0.012 kHz), accepted    20001/   20001 events (100.00%)
Processed 21853 preselected entries from /eos/cms/store/group/phys_exotica/monoZ/Exorcism_ADD_2017/ADDMonoZ2017_MD_2_d_6/tree_0.root (21853 entries). Finally selected 21853 entries
Done ./tree_0_Skim.root
1Adding file ./tree_0_Skim.root
Merging measMET_monoZ_catSignal-0jet
Merging MT_monoZ_catSignal-0jet
Merging measMET_monoZ_catEM
Merging MT_monoZ_catEM
Merging measMET_monoZ_catSignal-1jet
Merging MT_monoZ_catSignal-1jet
Merging measMET_monoZ_cat3L
Merging MT_monoZ_cat3L
Merging measMET_monoZ_cat4L
Merging MT_monoZ_cat4L
Merging measMET_monoZ_catNRB
Merging MT_monoZ_catNRB
Merging measMET_monoZ_catTOP
Merging MT_monoZ_catTOP
Merging measMET_monoZ_catDY
Merging MT_monoZ_catDY
Merging balance_monoZ
Merging phizmet_monoZ
Merging njet_monoZ
Merging measMET_monoZ_catSignal-0jet_sys_ElectronEnUp
Merging MT_monoZ_catSignal-0jet_sys_ElectronEnUp
Merging measMET_monoZ_catEM_sys_ElectronEnUp
Merging MT_monoZ_catEM_sys_ElectronEnUp
Merging measMET_monoZ_catSignal-1jet_sys_ElectronEnUp
Merging MT_monoZ_catSignal-1jet_sys_ElectronEnUp
Merging measMET_monoZ_cat3L_sys_ElectronEnUp
Merging MT_monoZ_cat3L_sys_ElectronEnUp
Merging measMET_monoZ_cat4L_sys_ElectronEnUp
Merging MT_monoZ_cat4L_sys_ElectronEnUp
Merging measMET_monoZ_catNRB_sys_ElectronEnUp
Merging MT_monoZ_catNRB_sys_ElectronEnUp
Merging measMET_monoZ_catTOP_sys_ElectronEnUp
Merging MT_monoZ_catTOP_sys_ElectronEnUp
Merging measMET_monoZ_catDY_sys_ElectronEnUp
Merging MT_monoZ_catDY_sys_ElectronEnUp
Merging balance_monoZ_sys_ElectronEnUp
Merging phizmet_monoZ_sys_ElectronEnUp
Merging njet_monoZ_sys_ElectronEnUp
Merging measMET_monoZ_catSignal-0jet_sys_ElectronEnDown
Merging MT_monoZ_catSignal-0jet_sys_ElectronEnDown
Merging measMET_monoZ_catEM_sys_ElectronEnDown
Merging MT_monoZ_catEM_sys_ElectronEnDown
Merging measMET_monoZ_catSignal-1jet_sys_ElectronEnDown
Merging MT_monoZ_catSignal-1jet_sys_ElectronEnDown
Merging measMET_monoZ_cat3L_sys_ElectronEnDown
Merging MT_monoZ_cat3L_sys_ElectronEnDown
Merging measMET_monoZ_cat4L_sys_ElectronEnDown
Merging MT_monoZ_cat4L_sys_ElectronEnDown
Merging measMET_monoZ_catNRB_sys_ElectronEnDown
Merging MT_monoZ_catNRB_sys_ElectronEnDown
Merging measMET_monoZ_catTOP_sys_ElectronEnDown
Merging MT_monoZ_catTOP_sys_ElectronEnDown
Merging measMET_monoZ_catDY_sys_ElectronEnDown
Merging MT_monoZ_catDY_sys_ElectronEnDown
Merging balance_monoZ_sys_ElectronEnDown
Merging phizmet_monoZ_sys_ElectronEnDown
Merging njet_monoZ_sys_ElectronEnDown
Merging measMET_monoZ_catSignal-0jet_sys_MuonEnUp
Merging MT_monoZ_catSignal-0jet_sys_MuonEnUp
Merging measMET_monoZ_catEM_sys_MuonEnUp
Merging MT_monoZ_catEM_sys_MuonEnUp
Merging measMET_monoZ_catSignal-1jet_sys_MuonEnUp
Merging MT_monoZ_catSignal-1jet_sys_MuonEnUp
Merging measMET_monoZ_cat3L_sys_MuonEnUp
Merging MT_monoZ_cat3L_sys_MuonEnUp
Merging measMET_monoZ_cat4L_sys_MuonEnUp
Merging MT_monoZ_cat4L_sys_MuonEnUp
Merging measMET_monoZ_catNRB_sys_MuonEnUp
Merging MT_monoZ_catNRB_sys_MuonEnUp
Merging measMET_monoZ_catTOP_sys_MuonEnUp
Merging MT_monoZ_catTOP_sys_MuonEnUp
Merging measMET_monoZ_catDY_sys_MuonEnUp
Merging MT_monoZ_catDY_sys_MuonEnUp
Merging balance_monoZ_sys_MuonEnUp
Merging phizmet_monoZ_sys_MuonEnUp
Merging njet_monoZ_sys_MuonEnUp
Merging measMET_monoZ_catSignal-0jet_sys_MuonEnDown
Merging MT_monoZ_catSignal-0jet_sys_MuonEnDown
Merging measMET_monoZ_catEM_sys_MuonEnDown
Merging MT_monoZ_catEM_sys_MuonEnDown
Merging measMET_monoZ_catSignal-1jet_sys_MuonEnDown
Merging MT_monoZ_catSignal-1jet_sys_MuonEnDown
Merging measMET_monoZ_cat3L_sys_MuonEnDown
Merging MT_monoZ_cat3L_sys_MuonEnDown
Merging measMET_monoZ_cat4L_sys_MuonEnDown
Merging MT_monoZ_cat4L_sys_MuonEnDown
Merging measMET_monoZ_catNRB_sys_MuonEnDown
Merging MT_monoZ_catNRB_sys_MuonEnDown
Merging measMET_monoZ_catTOP_sys_MuonEnDown
Merging MT_monoZ_catTOP_sys_MuonEnDown
Merging measMET_monoZ_catDY_sys_MuonEnDown
Merging MT_monoZ_catDY_sys_MuonEnDown
Merging balance_monoZ_sys_MuonEnDown
Merging phizmet_monoZ_sys_MuonEnDown
Merging njet_monoZ_sys_MuonEnDown
Merging measMET_monoZ_catSignal-0jet_sys_jesTotalUp
Merging MT_monoZ_catSignal-0jet_sys_jesTotalUp
Merging measMET_monoZ_catEM_sys_jesTotalUp
Merging MT_monoZ_catEM_sys_jesTotalUp
Merging measMET_monoZ_catSignal-1jet_sys_jesTotalUp
Merging MT_monoZ_catSignal-1jet_sys_jesTotalUp
Merging measMET_monoZ_cat3L_sys_jesTotalUp
Merging MT_monoZ_cat3L_sys_jesTotalUp
Merging measMET_monoZ_cat4L_sys_jesTotalUp
Merging MT_monoZ_cat4L_sys_jesTotalUp
Merging measMET_monoZ_catNRB_sys_jesTotalUp
Merging MT_monoZ_catNRB_sys_jesTotalUp
Merging measMET_monoZ_catTOP_sys_jesTotalUp
Merging MT_monoZ_catTOP_sys_jesTotalUp
Merging measMET_monoZ_catDY_sys_jesTotalUp
Merging MT_monoZ_catDY_sys_jesTotalUp
Merging balance_monoZ_sys_jesTotalUp
Merging phizmet_monoZ_sys_jesTotalUp
Merging njet_monoZ_sys_jesTotalUp
Merging measMET_monoZ_catSignal-0jet_sys_jesTotalDown
Merging MT_monoZ_catSignal-0jet_sys_jesTotalDown
Merging measMET_monoZ_catEM_sys_jesTotalDown
Merging MT_monoZ_catEM_sys_jesTotalDown
Merging measMET_monoZ_catSignal-1jet_sys_jesTotalDown
Merging MT_monoZ_catSignal-1jet_sys_jesTotalDown
Merging measMET_monoZ_cat3L_sys_jesTotalDown
Merging MT_monoZ_cat3L_sys_jesTotalDown
Merging measMET_monoZ_cat4L_sys_jesTotalDown
Merging MT_monoZ_cat4L_sys_jesTotalDown
Merging measMET_monoZ_catNRB_sys_jesTotalDown
Merging MT_monoZ_catNRB_sys_jesTotalDown
Merging measMET_monoZ_catTOP_sys_jesTotalDown
Merging MT_monoZ_catTOP_sys_jesTotalDown
Merging measMET_monoZ_catDY_sys_jesTotalDown
Merging MT_monoZ_catDY_sys_jesTotalDown
Merging balance_monoZ_sys_jesTotalDown
Merging phizmet_monoZ_sys_jesTotalDown
Merging njet_monoZ_sys_jesTotalDown
Merging measMET_monoZ_catSignal-0jet_sys_jerUp
Merging MT_monoZ_catSignal-0jet_sys_jerUp
Merging measMET_monoZ_catEM_sys_jerUp
Merging MT_monoZ_catEM_sys_jerUp
Merging measMET_monoZ_catSignal-1jet_sys_jerUp
Merging MT_monoZ_catSignal-1jet_sys_jerUp
Merging measMET_monoZ_cat3L_sys_jerUp
Merging MT_monoZ_cat3L_sys_jerUp
Merging measMET_monoZ_cat4L_sys_jerUp
Merging MT_monoZ_cat4L_sys_jerUp
Merging measMET_monoZ_catNRB_sys_jerUp
Merging MT_monoZ_catNRB_sys_jerUp
Merging measMET_monoZ_catTOP_sys_jerUp
Merging MT_monoZ_catTOP_sys_jerUp
Merging measMET_monoZ_catDY_sys_jerUp
Merging MT_monoZ_catDY_sys_jerUp
Merging balance_monoZ_sys_jerUp
Merging phizmet_monoZ_sys_jerUp
Merging njet_monoZ_sys_jerUp
Merging measMET_monoZ_catSignal-0jet_sys_jerDown
Merging MT_monoZ_catSignal-0jet_sys_jerDown
Merging measMET_monoZ_catEM_sys_jerDown
Merging MT_monoZ_catEM_sys_jerDown
Merging measMET_monoZ_catSignal-1jet_sys_jerDown
Merging MT_monoZ_catSignal-1jet_sys_jerDown
Merging measMET_monoZ_cat3L_sys_jerDown
Merging MT_monoZ_cat3L_sys_jerDown
Merging measMET_monoZ_cat4L_sys_jerDown
Merging MT_monoZ_cat4L_sys_jerDown
Merging measMET_monoZ_catNRB_sys_jerDown
Merging MT_monoZ_catNRB_sys_jerDown
Merging measMET_monoZ_catTOP_sys_jerDown
Merging MT_monoZ_catTOP_sys_jerDown
Merging measMET_monoZ_catDY_sys_jerDown
Merging MT_monoZ_catDY_sys_jerDown
Merging balance_monoZ_sys_jerDown
Merging phizmet_monoZ_sys_jerDown
Merging njet_monoZ_sys_jerDown
Merging measMET_monoZ_catSignal-0jet_sys_puWeightUp
Merging MT_monoZ_catSignal-0jet_sys_puWeightUp
Merging measMET_monoZ_catEM_sys_puWeightUp
Merging MT_monoZ_catEM_sys_puWeightUp
Merging measMET_monoZ_catSignal-1jet_sys_puWeightUp
Merging MT_monoZ_catSignal-1jet_sys_puWeightUp
Merging measMET_monoZ_cat3L_sys_puWeightUp
Merging MT_monoZ_cat3L_sys_puWeightUp
Merging measMET_monoZ_cat4L_sys_puWeightUp
Merging MT_monoZ_cat4L_sys_puWeightUp
Merging measMET_monoZ_catNRB_sys_puWeightUp
Merging MT_monoZ_catNRB_sys_puWeightUp
Merging measMET_monoZ_catTOP_sys_puWeightUp
Merging MT_monoZ_catTOP_sys_puWeightUp
Merging measMET_monoZ_catDY_sys_puWeightUp
Merging MT_monoZ_catDY_sys_puWeightUp
Merging balance_monoZ_sys_puWeightUp
Merging phizmet_monoZ_sys_puWeightUp
Merging njet_monoZ_sys_puWeightUp
Merging measMET_monoZ_catSignal-0jet_sys_puWeightDown
Merging MT_monoZ_catSignal-0jet_sys_puWeightDown
Merging measMET_monoZ_catEM_sys_puWeightDown
Merging MT_monoZ_catEM_sys_puWeightDown
Merging measMET_monoZ_catSignal-1jet_sys_puWeightDown
Merging MT_monoZ_catSignal-1jet_sys_puWeightDown
Merging measMET_monoZ_cat3L_sys_puWeightDown
Merging MT_monoZ_cat3L_sys_puWeightDown
Merging measMET_monoZ_cat4L_sys_puWeightDown
Merging MT_monoZ_cat4L_sys_puWeightDown
Merging measMET_monoZ_catNRB_sys_puWeightDown
Merging MT_monoZ_catNRB_sys_puWeightDown
Merging measMET_monoZ_catTOP_sys_puWeightDown
Merging MT_monoZ_catTOP_sys_puWeightDown
Merging measMET_monoZ_catDY_sys_puWeightDown
Merging MT_monoZ_catDY_sys_puWeightDown
Merging balance_monoZ_sys_puWeightDown
Merging phizmet_monoZ_sys_puWeightDown
Merging njet_monoZ_sys_puWeightDown
Merging measMET_monoZ_catSignal-0jet_sys_PDFUp
Merging MT_monoZ_catSignal-0jet_sys_PDFUp
Merging measMET_monoZ_catEM_sys_PDFUp
Merging MT_monoZ_catEM_sys_PDFUp
Merging measMET_monoZ_catSignal-1jet_sys_PDFUp
Merging MT_monoZ_catSignal-1jet_sys_PDFUp
Merging measMET_monoZ_cat3L_sys_PDFUp
Merging MT_monoZ_cat3L_sys_PDFUp
Merging measMET_monoZ_cat4L_sys_PDFUp
Merging MT_monoZ_cat4L_sys_PDFUp
Merging measMET_monoZ_catNRB_sys_PDFUp
Merging MT_monoZ_catNRB_sys_PDFUp
Merging measMET_monoZ_catTOP_sys_PDFUp
Merging MT_monoZ_catTOP_sys_PDFUp
Merging measMET_monoZ_catDY_sys_PDFUp
Merging MT_monoZ_catDY_sys_PDFUp
Merging balance_monoZ_sys_PDFUp
Merging phizmet_monoZ_sys_PDFUp
Merging njet_monoZ_sys_PDFUp
Merging measMET_monoZ_catSignal-0jet_sys_PDFDown
Merging MT_monoZ_catSignal-0jet_sys_PDFDown
Merging measMET_monoZ_catEM_sys_PDFDown
Merging MT_monoZ_catEM_sys_PDFDown
Merging measMET_monoZ_catSignal-1jet_sys_PDFDown
Merging MT_monoZ_catSignal-1jet_sys_PDFDown
Merging measMET_monoZ_cat3L_sys_PDFDown
Merging MT_monoZ_cat3L_sys_PDFDown
Merging measMET_monoZ_cat4L_sys_PDFDown
Merging MT_monoZ_cat4L_sys_PDFDown
Merging measMET_monoZ_catNRB_sys_PDFDown
Merging MT_monoZ_catNRB_sys_PDFDown
Merging measMET_monoZ_catTOP_sys_PDFDown
Merging MT_monoZ_catTOP_sys_PDFDown
Merging measMET_monoZ_catDY_sys_PDFDown
Merging MT_monoZ_catDY_sys_PDFDown
Merging balance_monoZ_sys_PDFDown
Merging phizmet_monoZ_sys_PDFDown
Merging njet_monoZ_sys_PDFDown
Merging measMET_monoZ_catSignal-0jet_sys_MuonSFUp
Merging MT_monoZ_catSignal-0jet_sys_MuonSFUp
Merging measMET_monoZ_catEM_sys_MuonSFUp
Merging MT_monoZ_catEM_sys_MuonSFUp
Merging measMET_monoZ_catSignal-1jet_sys_MuonSFUp
Merging MT_monoZ_catSignal-1jet_sys_MuonSFUp
Merging measMET_monoZ_cat3L_sys_MuonSFUp
Merging MT_monoZ_cat3L_sys_MuonSFUp
Merging measMET_monoZ_cat4L_sys_MuonSFUp
Merging MT_monoZ_cat4L_sys_MuonSFUp
Merging measMET_monoZ_catNRB_sys_MuonSFUp
Merging MT_monoZ_catNRB_sys_MuonSFUp
Merging measMET_monoZ_catTOP_sys_MuonSFUp
Merging MT_monoZ_catTOP_sys_MuonSFUp
Merging measMET_monoZ_catDY_sys_MuonSFUp
Merging MT_monoZ_catDY_sys_MuonSFUp
Merging balance_monoZ_sys_MuonSFUp
Merging phizmet_monoZ_sys_MuonSFUp
Merging njet_monoZ_sys_MuonSFUp
Merging measMET_monoZ_catSignal-0jet_sys_MuonSFDown
Merging MT_monoZ_catSignal-0jet_sys_MuonSFDown
Merging measMET_monoZ_catEM_sys_MuonSFDown
Merging MT_monoZ_catEM_sys_MuonSFDown
Merging measMET_monoZ_catSignal-1jet_sys_MuonSFDown
Merging MT_monoZ_catSignal-1jet_sys_MuonSFDown
Merging measMET_monoZ_cat3L_sys_MuonSFDown
Merging MT_monoZ_cat3L_sys_MuonSFDown
Merging measMET_monoZ_cat4L_sys_MuonSFDown
Merging MT_monoZ_cat4L_sys_MuonSFDown
Merging measMET_monoZ_catNRB_sys_MuonSFDown
Merging MT_monoZ_catNRB_sys_MuonSFDown
Merging measMET_monoZ_catTOP_sys_MuonSFDown
Merging MT_monoZ_catTOP_sys_MuonSFDown
Merging measMET_monoZ_catDY_sys_MuonSFDown
Merging MT_monoZ_catDY_sys_MuonSFDown
Merging balance_monoZ_sys_MuonSFDown
Merging phizmet_monoZ_sys_MuonSFDown
Merging njet_monoZ_sys_MuonSFDown
Merging measMET_monoZ_catSignal-0jet_sys_ElecronSFUp
Merging MT_monoZ_catSignal-0jet_sys_ElecronSFUp
Merging measMET_monoZ_catEM_sys_ElecronSFUp
Merging MT_monoZ_catEM_sys_ElecronSFUp
Merging measMET_monoZ_catSignal-1jet_sys_ElecronSFUp
Merging MT_monoZ_catSignal-1jet_sys_ElecronSFUp
Merging measMET_monoZ_cat3L_sys_ElecronSFUp
Merging MT_monoZ_cat3L_sys_ElecronSFUp
Merging measMET_monoZ_cat4L_sys_ElecronSFUp
Merging MT_monoZ_cat4L_sys_ElecronSFUp
Merging measMET_monoZ_catNRB_sys_ElecronSFUp
Merging MT_monoZ_catNRB_sys_ElecronSFUp
Merging measMET_monoZ_catTOP_sys_ElecronSFUp
Merging MT_monoZ_catTOP_sys_ElecronSFUp
Merging measMET_monoZ_catDY_sys_ElecronSFUp
Merging MT_monoZ_catDY_sys_ElecronSFUp
Merging balance_monoZ_sys_ElecronSFUp
Merging phizmet_monoZ_sys_ElecronSFUp
Merging njet_monoZ_sys_ElecronSFUp
Merging measMET_monoZ_catSignal-0jet_sys_ElecronSFDown
Merging MT_monoZ_catSignal-0jet_sys_ElecronSFDown
Merging measMET_monoZ_catEM_sys_ElecronSFDown
Merging MT_monoZ_catEM_sys_ElecronSFDown
Merging measMET_monoZ_catSignal-1jet_sys_ElecronSFDown
Merging MT_monoZ_catSignal-1jet_sys_ElecronSFDown
Merging measMET_monoZ_cat3L_sys_ElecronSFDown
Merging MT_monoZ_cat3L_sys_ElecronSFDown
Merging measMET_monoZ_cat4L_sys_ElecronSFDown
Merging MT_monoZ_cat4L_sys_ElecronSFDown
Merging measMET_monoZ_catNRB_sys_ElecronSFDown
Merging MT_monoZ_catNRB_sys_ElecronSFDown
Merging measMET_monoZ_catTOP_sys_ElecronSFDown
Merging MT_monoZ_catTOP_sys_ElecronSFDown
Merging measMET_monoZ_catDY_sys_ElecronSFDown
Merging MT_monoZ_catDY_sys_ElecronSFDown
Merging balance_monoZ_sys_ElecronSFDown
Merging phizmet_monoZ_sys_ElecronSFDown
Merging njet_monoZ_sys_ElecronSFDown
Merging measMET_monoZ_catSignal-0jet_sys_EWKUp
Merging MT_monoZ_catSignal-0jet_sys_EWKUp
Merging measMET_monoZ_catEM_sys_EWKUp
Merging MT_monoZ_catEM_sys_EWKUp
Merging measMET_monoZ_catSignal-1jet_sys_EWKUp
Merging MT_monoZ_catSignal-1jet_sys_EWKUp
Merging measMET_monoZ_cat3L_sys_EWKUp
Merging MT_monoZ_cat3L_sys_EWKUp
Merging measMET_monoZ_cat4L_sys_EWKUp
Merging MT_monoZ_cat4L_sys_EWKUp
Merging measMET_monoZ_catNRB_sys_EWKUp
Merging MT_monoZ_catNRB_sys_EWKUp
Merging measMET_monoZ_catTOP_sys_EWKUp
Merging MT_monoZ_catTOP_sys_EWKUp
Merging measMET_monoZ_catDY_sys_EWKUp
Merging MT_monoZ_catDY_sys_EWKUp
Merging balance_monoZ_sys_EWKUp
Merging phizmet_monoZ_sys_EWKUp
Merging njet_monoZ_sys_EWKUp
Merging measMET_monoZ_catSignal-0jet_sys_EWKDown
Merging MT_monoZ_catSignal-0jet_sys_EWKDown
Merging measMET_monoZ_catEM_sys_EWKDown
Merging MT_monoZ_catEM_sys_EWKDown
Merging measMET_monoZ_catSignal-1jet_sys_EWKDown
Merging MT_monoZ_catSignal-1jet_sys_EWKDown
Merging measMET_monoZ_cat3L_sys_EWKDown
Merging MT_monoZ_cat3L_sys_EWKDown
Merging measMET_monoZ_cat4L_sys_EWKDown
Merging MT_monoZ_cat4L_sys_EWKDown
Merging measMET_monoZ_catNRB_sys_EWKDown
Merging MT_monoZ_catNRB_sys_EWKDown
Merging measMET_monoZ_catTOP_sys_EWKDown
Merging MT_monoZ_catTOP_sys_EWKDown
Merging measMET_monoZ_catDY_sys_EWKDown
Merging MT_monoZ_catDY_sys_EWKDown
Merging balance_monoZ_sys_EWKDown
Merging phizmet_monoZ_sys_EWKDown
Merging njet_monoZ_sys_EWKDown
Merging measMET_monoZ_catSignal-0jet_sys_nvtxWeightUp
Merging MT_monoZ_catSignal-0jet_sys_nvtxWeightUp
Merging measMET_monoZ_catEM_sys_nvtxWeightUp
Merging MT_monoZ_catEM_sys_nvtxWeightUp
Merging measMET_monoZ_catSignal-1jet_sys_nvtxWeightUp
Merging MT_monoZ_catSignal-1jet_sys_nvtxWeightUp
Merging measMET_monoZ_cat3L_sys_nvtxWeightUp
Merging MT_monoZ_cat3L_sys_nvtxWeightUp
Merging measMET_monoZ_cat4L_sys_nvtxWeightUp
Merging MT_monoZ_cat4L_sys_nvtxWeightUp
Merging measMET_monoZ_catNRB_sys_nvtxWeightUp
Merging MT_monoZ_catNRB_sys_nvtxWeightUp
Merging measMET_monoZ_catTOP_sys_nvtxWeightUp
Merging MT_monoZ_catTOP_sys_nvtxWeightUp
Merging measMET_monoZ_catDY_sys_nvtxWeightUp
Merging MT_monoZ_catDY_sys_nvtxWeightUp
Merging balance_monoZ_sys_nvtxWeightUp
Merging phizmet_monoZ_sys_nvtxWeightUp
Merging njet_monoZ_sys_nvtxWeightUp
Merging measMET_monoZ_catSignal-0jet_sys_nvtxWeightDown
Merging MT_monoZ_catSignal-0jet_sys_nvtxWeightDown
Merging measMET_monoZ_catEM_sys_nvtxWeightDown
Merging MT_monoZ_catEM_sys_nvtxWeightDown
Merging measMET_monoZ_catSignal-1jet_sys_nvtxWeightDown
Merging MT_monoZ_catSignal-1jet_sys_nvtxWeightDown
Merging measMET_monoZ_cat3L_sys_nvtxWeightDown
Merging MT_monoZ_cat3L_sys_nvtxWeightDown
Merging measMET_monoZ_cat4L_sys_nvtxWeightDown
Merging MT_monoZ_cat4L_sys_nvtxWeightDown
Merging measMET_monoZ_catNRB_sys_nvtxWeightDown
Merging MT_monoZ_catNRB_sys_nvtxWeightDown
Merging measMET_monoZ_catTOP_sys_nvtxWeightDown
Merging MT_monoZ_catTOP_sys_nvtxWeightDown
Merging measMET_monoZ_catDY_sys_nvtxWeightDown
Merging MT_monoZ_catDY_sys_nvtxWeightDown
Merging balance_monoZ_sys_nvtxWeightDown
Merging phizmet_monoZ_sys_nvtxWeightDown
Merging njet_monoZ_sys_nvtxWeightDown
Merging measMET_monoZ_catSignal-0jet_sys_TriggerSFWeightUp
Merging MT_monoZ_catSignal-0jet_sys_TriggerSFWeightUp
Merging measMET_monoZ_catEM_sys_TriggerSFWeightUp
Merging MT_monoZ_catEM_sys_TriggerSFWeightUp
Merging measMET_monoZ_catSignal-1jet_sys_TriggerSFWeightUp
Merging MT_monoZ_catSignal-1jet_sys_TriggerSFWeightUp
Merging measMET_monoZ_cat3L_sys_TriggerSFWeightUp
Merging MT_monoZ_cat3L_sys_TriggerSFWeightUp
Merging measMET_monoZ_cat4L_sys_TriggerSFWeightUp
Merging MT_monoZ_cat4L_sys_TriggerSFWeightUp
Merging measMET_monoZ_catNRB_sys_TriggerSFWeightUp
Merging MT_monoZ_catNRB_sys_TriggerSFWeightUp
Merging measMET_monoZ_catTOP_sys_TriggerSFWeightUp
Merging MT_monoZ_catTOP_sys_TriggerSFWeightUp
Merging measMET_monoZ_catDY_sys_TriggerSFWeightUp
Merging MT_monoZ_catDY_sys_TriggerSFWeightUp
Merging balance_monoZ_sys_TriggerSFWeightUp
Merging phizmet_monoZ_sys_TriggerSFWeightUp
Merging njet_monoZ_sys_TriggerSFWeightUp
Merging measMET_monoZ_catSignal-0jet_sys_TriggerSFWeightDown
Merging MT_monoZ_catSignal-0jet_sys_TriggerSFWeightDown
Merging measMET_monoZ_catEM_sys_TriggerSFWeightDown
Merging MT_monoZ_catEM_sys_TriggerSFWeightDown
Merging measMET_monoZ_catSignal-1jet_sys_TriggerSFWeightDown
Merging MT_monoZ_catSignal-1jet_sys_TriggerSFWeightDown
Merging measMET_monoZ_cat3L_sys_TriggerSFWeightDown
Merging MT_monoZ_cat3L_sys_TriggerSFWeightDown
Merging measMET_monoZ_cat4L_sys_TriggerSFWeightDown
Merging MT_monoZ_cat4L_sys_TriggerSFWeightDown
Merging measMET_monoZ_catNRB_sys_TriggerSFWeightDown
Merging MT_monoZ_catNRB_sys_TriggerSFWeightDown
Merging measMET_monoZ_catTOP_sys_TriggerSFWeightDown
Merging MT_monoZ_catTOP_sys_TriggerSFWeightDown
Merging measMET_monoZ_catDY_sys_TriggerSFWeightDown
Merging MT_monoZ_catDY_sys_TriggerSFWeightDown
Merging balance_monoZ_sys_TriggerSFWeightDown
Merging phizmet_monoZ_sys_TriggerSFWeightDown
Merging njet_monoZ_sys_TriggerSFWeightDown
Merging measMET_monoZ_catSignal-0jet_sys_btagEventWeightUp
Merging MT_monoZ_catSignal-0jet_sys_btagEventWeightUp
Merging measMET_monoZ_catEM_sys_btagEventWeightUp
Merging MT_monoZ_catEM_sys_btagEventWeightUp
Merging measMET_monoZ_catSignal-1jet_sys_btagEventWeightUp
Merging MT_monoZ_catSignal-1jet_sys_btagEventWeightUp
Merging measMET_monoZ_cat3L_sys_btagEventWeightUp
Merging MT_monoZ_cat3L_sys_btagEventWeightUp
Merging measMET_monoZ_cat4L_sys_btagEventWeightUp
Merging MT_monoZ_cat4L_sys_btagEventWeightUp
Merging measMET_monoZ_catNRB_sys_btagEventWeightUp
Merging MT_monoZ_catNRB_sys_btagEventWeightUp
Merging measMET_monoZ_catTOP_sys_btagEventWeightUp
Merging MT_monoZ_catTOP_sys_btagEventWeightUp
Merging measMET_monoZ_catDY_sys_btagEventWeightUp
Merging MT_monoZ_catDY_sys_btagEventWeightUp
Merging balance_monoZ_sys_btagEventWeightUp
Merging phizmet_monoZ_sys_btagEventWeightUp
Merging njet_monoZ_sys_btagEventWeightUp
Merging measMET_monoZ_catSignal-0jet_sys_btagEventWeightDown
Merging MT_monoZ_catSignal-0jet_sys_btagEventWeightDown
Merging measMET_monoZ_catEM_sys_btagEventWeightDown
Merging MT_monoZ_catEM_sys_btagEventWeightDown
Merging measMET_monoZ_catSignal-1jet_sys_btagEventWeightDown
Merging MT_monoZ_catSignal-1jet_sys_btagEventWeightDown
Merging measMET_monoZ_cat3L_sys_btagEventWeightDown
Merging MT_monoZ_cat3L_sys_btagEventWeightDown
Merging measMET_monoZ_cat4L_sys_btagEventWeightDown
Merging MT_monoZ_cat4L_sys_btagEventWeightDown
Merging measMET_monoZ_catNRB_sys_btagEventWeightDown
Merging MT_monoZ_catNRB_sys_btagEventWeightDown
Merging measMET_monoZ_catTOP_sys_btagEventWeightDown
Merging MT_monoZ_catTOP_sys_btagEventWeightDown
Merging measMET_monoZ_catDY_sys_btagEventWeightDown
Merging MT_monoZ_catDY_sys_btagEventWeightDown
Merging balance_monoZ_sys_btagEventWeightDown
Merging phizmet_monoZ_sys_btagEventWeightDown
Merging njet_monoZ_sys_btagEventWeightDown
Merging measMET_monoZ_catSignal-0jet_sys_QCDScale0wUp
Merging MT_monoZ_catSignal-0jet_sys_QCDScale0wUp
Merging measMET_monoZ_catEM_sys_QCDScale0wUp
Merging MT_monoZ_catEM_sys_QCDScale0wUp
Merging measMET_monoZ_catSignal-1jet_sys_QCDScale0wUp
Merging MT_monoZ_catSignal-1jet_sys_QCDScale0wUp
Merging measMET_monoZ_cat3L_sys_QCDScale0wUp
Merging MT_monoZ_cat3L_sys_QCDScale0wUp
Merging measMET_monoZ_cat4L_sys_QCDScale0wUp
Merging MT_monoZ_cat4L_sys_QCDScale0wUp
Merging measMET_monoZ_catNRB_sys_QCDScale0wUp
Merging MT_monoZ_catNRB_sys_QCDScale0wUp
Merging measMET_monoZ_catTOP_sys_QCDScale0wUp
Merging MT_monoZ_catTOP_sys_QCDScale0wUp
Merging measMET_monoZ_catDY_sys_QCDScale0wUp
Merging MT_monoZ_catDY_sys_QCDScale0wUp
Merging balance_monoZ_sys_QCDScale0wUp
Merging phizmet_monoZ_sys_QCDScale0wUp
Merging njet_monoZ_sys_QCDScale0wUp
Merging measMET_monoZ_catSignal-0jet_sys_QCDScale0wDown
Merging MT_monoZ_catSignal-0jet_sys_QCDScale0wDown
Merging measMET_monoZ_catEM_sys_QCDScale0wDown
Merging MT_monoZ_catEM_sys_QCDScale0wDown
Merging measMET_monoZ_catSignal-1jet_sys_QCDScale0wDown
Merging MT_monoZ_catSignal-1jet_sys_QCDScale0wDown
Merging measMET_monoZ_cat3L_sys_QCDScale0wDown
Merging MT_monoZ_cat3L_sys_QCDScale0wDown
Merging measMET_monoZ_cat4L_sys_QCDScale0wDown
Merging MT_monoZ_cat4L_sys_QCDScale0wDown
Merging measMET_monoZ_catNRB_sys_QCDScale0wDown
Merging MT_monoZ_catNRB_sys_QCDScale0wDown
Merging measMET_monoZ_catTOP_sys_QCDScale0wDown
Merging MT_monoZ_catTOP_sys_QCDScale0wDown
Merging measMET_monoZ_catDY_sys_QCDScale0wDown
Merging MT_monoZ_catDY_sys_QCDScale0wDown
Merging balance_monoZ_sys_QCDScale0wDown
Merging phizmet_monoZ_sys_QCDScale0wDown
Merging njet_monoZ_sys_QCDScale0wDown
Merging measMET_monoZ_catSignal-0jet_sys_QCDScale1wUp
Merging MT_monoZ_catSignal-0jet_sys_QCDScale1wUp
Merging measMET_monoZ_catEM_sys_QCDScale1wUp
Merging MT_monoZ_catEM_sys_QCDScale1wUp
Merging measMET_monoZ_catSignal-1jet_sys_QCDScale1wUp
Merging MT_monoZ_catSignal-1jet_sys_QCDScale1wUp
Merging measMET_monoZ_cat3L_sys_QCDScale1wUp
Merging MT_monoZ_cat3L_sys_QCDScale1wUp
Merging measMET_monoZ_cat4L_sys_QCDScale1wUp
Merging MT_monoZ_cat4L_sys_QCDScale1wUp
Merging measMET_monoZ_catNRB_sys_QCDScale1wUp
Merging MT_monoZ_catNRB_sys_QCDScale1wUp
Merging measMET_monoZ_catTOP_sys_QCDScale1wUp
Merging MT_monoZ_catTOP_sys_QCDScale1wUp
Merging measMET_monoZ_catDY_sys_QCDScale1wUp
Merging MT_monoZ_catDY_sys_QCDScale1wUp
Merging balance_monoZ_sys_QCDScale1wUp
Merging phizmet_monoZ_sys_QCDScale1wUp
Merging njet_monoZ_sys_QCDScale1wUp
Merging measMET_monoZ_catSignal-0jet_sys_QCDScale1wDown
Merging MT_monoZ_catSignal-0jet_sys_QCDScale1wDown
Merging measMET_monoZ_catEM_sys_QCDScale1wDown
Merging MT_monoZ_catEM_sys_QCDScale1wDown
Merging measMET_monoZ_catSignal-1jet_sys_QCDScale1wDown
Merging MT_monoZ_catSignal-1jet_sys_QCDScale1wDown
Merging measMET_monoZ_cat3L_sys_QCDScale1wDown
Merging MT_monoZ_cat3L_sys_QCDScale1wDown
Merging measMET_monoZ_cat4L_sys_QCDScale1wDown
Merging MT_monoZ_cat4L_sys_QCDScale1wDown
Merging measMET_monoZ_catNRB_sys_QCDScale1wDown
Merging MT_monoZ_catNRB_sys_QCDScale1wDown
Merging measMET_monoZ_catTOP_sys_QCDScale1wDown
Merging MT_monoZ_catTOP_sys_QCDScale1wDown
Merging measMET_monoZ_catDY_sys_QCDScale1wDown
Merging MT_monoZ_catDY_sys_QCDScale1wDown
Merging balance_monoZ_sys_QCDScale1wDown
Merging phizmet_monoZ_sys_QCDScale1wDown
Merging njet_monoZ_sys_QCDScale1wDown
Merging measMET_monoZ_catSignal-0jet_sys_QCDScale2wUp
Merging MT_monoZ_catSignal-0jet_sys_QCDScale2wUp
Merging measMET_monoZ_catEM_sys_QCDScale2wUp
Merging MT_monoZ_catEM_sys_QCDScale2wUp
Merging measMET_monoZ_catSignal-1jet_sys_QCDScale2wUp
Merging MT_monoZ_catSignal-1jet_sys_QCDScale2wUp
Merging measMET_monoZ_cat3L_sys_QCDScale2wUp
Merging MT_monoZ_cat3L_sys_QCDScale2wUp
Merging measMET_monoZ_cat4L_sys_QCDScale2wUp
Merging MT_monoZ_cat4L_sys_QCDScale2wUp
Merging measMET_monoZ_catNRB_sys_QCDScale2wUp
Merging MT_monoZ_catNRB_sys_QCDScale2wUp
Merging measMET_monoZ_catTOP_sys_QCDScale2wUp
Merging MT_monoZ_catTOP_sys_QCDScale2wUp
Merging measMET_monoZ_catDY_sys_QCDScale2wUp
Merging MT_monoZ_catDY_sys_QCDScale2wUp
Merging balance_monoZ_sys_QCDScale2wUp
Merging phizmet_monoZ_sys_QCDScale2wUp
Merging njet_monoZ_sys_QCDScale2wUp
Merging measMET_monoZ_catSignal-0jet_sys_QCDScale2wDown
Merging MT_monoZ_catSignal-0jet_sys_QCDScale2wDown
Merging measMET_monoZ_catEM_sys_QCDScale2wDown
Merging MT_monoZ_catEM_sys_QCDScale2wDown
Merging measMET_monoZ_catSignal-1jet_sys_QCDScale2wDown
Merging MT_monoZ_catSignal-1jet_sys_QCDScale2wDown
Merging measMET_monoZ_cat3L_sys_QCDScale2wDown
Merging MT_monoZ_cat3L_sys_QCDScale2wDown
Merging measMET_monoZ_cat4L_sys_QCDScale2wDown
Merging MT_monoZ_cat4L_sys_QCDScale2wDown
Merging measMET_monoZ_catNRB_sys_QCDScale2wDown
Merging MT_monoZ_catNRB_sys_QCDScale2wDown
Merging measMET_monoZ_catTOP_sys_QCDScale2wDown
Merging MT_monoZ_catTOP_sys_QCDScale2wDown
Merging measMET_monoZ_catDY_sys_QCDScale2wDown
Merging MT_monoZ_catDY_sys_QCDScale2wDown
Merging balance_monoZ_sys_QCDScale2wDown
Merging phizmet_monoZ_sys_QCDScale2wDown
Merging njet_monoZ_sys_QCDScale2wDown
Merging Events
Merging Runs
Merging ParameterSets
Merging LuminosityBlocks
Merging MetaData
Merging balance_ADDMonoZ2017_MD_2_d_6_sys_btagEventWeightDown
Merging measMET_ADDMonoZ2017_MD_2_d_6_catEM_sys_QCDScale2wUp
Merging measMET_ADDMonoZ2017_MD_2_d_6_catDY_sys_EWKDown
Merging phizmet_ADDMonoZ2017_MD_2_d_6_sys_QCDScale2wUp
Merging measMET_ADDMonoZ2017_MD_2_d_6_cat3L_sys_ElecronSFUp
Merging njet_ADDMonoZ2017_MD_2_d_6_sys_QCDScale0wUp
Merging MT_ADDMonoZ2017_MD_2_d_6_catDY_sys_PrefireWeightDown
Merging measMET_ADDMonoZ2017_MD_2_d_6_catEM_sys_EWKDown
Merging measMET_ADDMonoZ2017_MD_2_d_6_catTOP_sys_puWeightDown
Merging measMET_ADDMonoZ2017_MD_2_d_6_catSignal-1jet_sys_PrefireWeightDown
Merging MT_ADDMonoZ2017_MD_2_d_6_catDY_sys_ElectronEnUp
Merging measMET_ADDMonoZ2017_MD_2_d_6_catTOP_sys_QCDScale0wUp
Merging measMET_ADDMonoZ2017_MD_2_d_6_catTOP_sys_QCDScale1wUp
Merging measMET_ADDMonoZ2017_MD_2_d_6_catTOP_sys_EWKUp
Merging njet_ADDMonoZ2017_MD_2_d_6_sys_QCDScale0wDown
Merging measMET_ADDMonoZ2017_MD_2_d_6_catTOP_sys_jesTotalDown
Merging MT_ADDMonoZ2017_MD_2_d_6_catSignal-1jet_sys_ElectronEnDown
Merging MT_ADDMonoZ2017_MD_2_d_6_catEM_sys_puWeightUp
Merging MT_ADDMonoZ2017_MD_2_d_6_catSignal-0jet_sys_PDFUp
Merging MT_ADDMonoZ2017_MD_2_d_6_cat3L_sys_ElectronEnDown
Merging MT_ADDMonoZ2017_MD_2_d_6_catSignal-1jet_sys_MuonSFDown
Merging measMET_ADDMonoZ2017_MD_2_d_6_catEM_sys_ElectronEnDown
Merging MT_ADDMonoZ2017_MD_2_d_6_catEM_sys_QCDScale2wDown
Merging phizmet_ADDMonoZ2017_MD_2_d_6_sys_ElectronEnUp
Merging MT_ADDMonoZ2017_MD_2_d_6_catDY_sys_puWeightDown
Merging measMET_ADDMonoZ2017_MD_2_d_6_catSignal-0jet_sys_ElectronEnDown
Merging measMET_ADDMonoZ2017_MD_2_d_6_cat4L_sys_PDFUp
Merging measMET_ADDMonoZ2017_MD_2_d_6_catNRB_sys_MuonEnUp
Merging measMET_ADDMonoZ2017_MD_2_d_6_catSignal-0jet
Merging measMET_ADDMonoZ2017_MD_2_d_6_catSignal-0jet_sys_TriggerSFWeightDown
Merging njet_ADDMonoZ2017_MD_2_d_6_sys_btagEventWeightDown
Merging njet_ADDMonoZ2017_MD_2_d_6_sys_btagEventWeightUp
Merging balance_ADDMonoZ2017_MD_2_d_6_sys_QCDScale2wUp
Merging balance_ADDMonoZ2017_MD_2_d_6_sys_QCDScale0wDown
Merging MT_ADDMonoZ2017_MD_2_d_6_catTOP_sys_nvtxWeightDown
Merging MT_ADDMonoZ2017_MD_2_d_6_catNRB
Merging measMET_ADDMonoZ2017_MD_2_d_6_catSignal-1jet_sys_EWKDown
Merging MT_ADDMonoZ2017_MD_2_d_6_catNRB_sys_PrefireWeightDown
Merging njet_ADDMonoZ2017_MD_2_d_6_sys_MuonEnUp
Merging measMET_ADDMonoZ2017_MD_2_d_6_catSignal-0jet_sys_QCDScale2wUp
Merging MT_ADDMonoZ2017_MD_2_d_6_catSignal-1jet_sys_QCDScale2wDown
Merging measMET_ADDMonoZ2017_MD_2_d_6_catNRB_sys_ElectronEnUp
Merging measMET_ADDMonoZ2017_MD_2_d_6_catDY_sys_QCDScale0wDown
Merging phizmet_ADDMonoZ2017_MD_2_d_6_sys_MuonSFUp
Merging njet_ADDMonoZ2017_MD_2_d_6_sys_TriggerSFWeightUp
Merging MT_ADDMonoZ2017_MD_2_d_6_cat4L_sys_btagEventWeightDown
Merging MT_ADDMonoZ2017_MD_2_d_6_catNRB_sys_btagEventWeightDown
Merging njet_ADDMonoZ2017_MD_2_d_6_sys_PrefireWeightUp
Merging phizmet_ADDMonoZ2017_MD_2_d_6_sys_jerDown
Merging MT_ADDMonoZ2017_MD_2_d_6_catNRB_sys_puWeightUp
Merging MT_ADDMonoZ2017_MD_2_d_6_catSignal-0jet_sys_nvtxWeightUp
Merging measMET_ADDMonoZ2017_MD_2_d_6_cat4L
Merging measMET_ADDMonoZ2017_MD_2_d_6_catNRB_sys_MuonEnDown
Merging MT_ADDMonoZ2017_MD_2_d_6_catDY_sys_MuonEnUp
Merging measMET_ADDMonoZ2017_MD_2_d_6_catNRB_sys_QCDScale2wDown
Merging measMET_ADDMonoZ2017_MD_2_d_6_catNRB_sys_ElecronSFDown
Merging measMET_ADDMonoZ2017_MD_2_d_6_catDY_sys_nvtxWeightDown
Merging measMET_ADDMonoZ2017_MD_2_d_6_catEM_sys_TriggerSFWeightDown
Merging measMET_ADDMonoZ2017_MD_2_d_6_catTOP_sys_MuonSFUp
Merging measMET_ADDMonoZ2017_MD_2_d_6_catDY_sys_jesTotalUp
Merging measMET_ADDMonoZ2017_MD_2_d_6_cat4L_sys_QCDScale0wUp
Merging MT_ADDMonoZ2017_MD_2_d_6_catTOP_sys_btagEventWeightUp
Merging measMET_ADDMonoZ2017_MD_2_d_6_cat4L_sys_nvtxWeightUp
Merging njet_ADDMonoZ2017_MD_2_d_6_sys_ElecronSFUp
Merging measMET_ADDMonoZ2017_MD_2_d_6_cat4L_sys_TriggerSFWeightUp
Merging MT_ADDMonoZ2017_MD_2_d_6_cat4L_sys_btagEventWeightUp
Merging MT_ADDMonoZ2017_MD_2_d_6_cat3L_sys_ElectronEnUp
Merging phizmet_ADDMonoZ2017_MD_2_d_6
Merging balance_ADDMonoZ2017_MD_2_d_6_sys_ElectronEnDown
Merging measMET_ADDMonoZ2017_MD_2_d_6_catSignal-1jet_sys_MuonSFUp
Merging MT_ADDMonoZ2017_MD_2_d_6_cat4L_sys_jerDown
Merging measMET_ADDMonoZ2017_MD_2_d_6_cat4L_sys_PDFDown
Merging measMET_ADDMonoZ2017_MD_2_d_6_catTOP_sys_EWKDown
Merging MT_ADDMonoZ2017_MD_2_d_6_catSignal-1jet_sys_EWKUp
Merging MT_ADDMonoZ2017_MD_2_d_6_catNRB_sys_QCDScale0wUp
Merging measMET_ADDMonoZ2017_MD_2_d_6_catEM_sys_PDFUp
Merging balance_ADDMonoZ2017_MD_2_d_6_sys_btagEventWeightUp
Merging phizmet_ADDMonoZ2017_MD_2_d_6_sys_MuonEnDown
Merging MT_ADDMonoZ2017_MD_2_d_6_cat3L_sys_jesTotalUp
Merging MT_ADDMonoZ2017_MD_2_d_6_cat3L_sys_TriggerSFWeightUp
Merging MT_ADDMonoZ2017_MD_2_d_6_catEM_sys_MuonSFDown
Merging measMET_ADDMonoZ2017_MD_2_d_6_cat3L_sys_MuonSFDown
Merging phizmet_ADDMonoZ2017_MD_2_d_6_sys_PDFDown
Merging balance_ADDMonoZ2017_MD_2_d_6_sys_nvtxWeightDown
Merging MT_ADDMonoZ2017_MD_2_d_6_catDY_sys_jerUp
Merging MT_ADDMonoZ2017_MD_2_d_6_catTOP_sys_btagEventWeightDown
Merging njet_ADDMonoZ2017_MD_2_d_6_sys_EWKUp
Merging measMET_ADDMonoZ2017_MD_2_d_6_cat4L_sys_MuonEnUp
Merging measMET_ADDMonoZ2017_MD_2_d_6_cat4L_sys_jerUp
Merging njet_ADDMonoZ2017_MD_2_d_6_sys_QCDScale1wDown
Merging MT_ADDMonoZ2017_MD_2_d_6_catSignal-1jet_sys_PrefireWeightDown
Merging measMET_ADDMonoZ2017_MD_2_d_6_catDY_sys_ElecronSFDown
Merging measMET_ADDMonoZ2017_MD_2_d_6_catNRB_sys_MuonSFUp
Merging MT_ADDMonoZ2017_MD_2_d_6_catNRB_sys_puWeightDown
Merging measMET_ADDMonoZ2017_MD_2_d_6_catSignal-1jet_sys_jesTotalUp
Merging measMET_ADDMonoZ2017_MD_2_d_6_catTOP_sys_PrefireWeightUp
Merging measMET_ADDMonoZ2017_MD_2_d_6_catSignal-0jet_sys_btagEventWeightUp
Merging MT_ADDMonoZ2017_MD_2_d_6_catNRB_sys_MuonSFUp
Merging njet_ADDMonoZ2017_MD_2_d_6_sys_ElecronSFDown
Merging balance_ADDMonoZ2017_MD_2_d_6_sys_jerDown
Merging MT_ADDMonoZ2017_MD_2_d_6_cat3L_sys_ElecronSFDown
Merging measMET_ADDMonoZ2017_MD_2_d_6_catTOP_sys_btagEventWeightUp
Merging MT_ADDMonoZ2017_MD_2_d_6_catSignal-0jet_sys_btagEventWeightUp
Merging MT_ADDMonoZ2017_MD_2_d_6_catNRB_sys_jerUp
Merging MT_ADDMonoZ2017_MD_2_d_6_catSignal-0jet
Merging measMET_ADDMonoZ2017_MD_2_d_6_catNRB_sys_nvtxWeightDown
Merging MT_ADDMonoZ2017_MD_2_d_6_catNRB_sys_QCDScale2wDown
Merging njet_ADDMonoZ2017_MD_2_d_6_sys_jerDown
Merging njet_ADDMonoZ2017_MD_2_d_6_sys_jesTotalUp
Merging measMET_ADDMonoZ2017_MD_2_d_6_catEM_sys_puWeightUp
Merging MT_ADDMonoZ2017_MD_2_d_6_catTOP_sys_QCDScale0wUp
Merging MT_ADDMonoZ2017_MD_2_d_6_catSignal-0jet_sys_PrefireWeightUp
Merging measMET_ADDMonoZ2017_MD_2_d_6_cat3L_sys_btagEventWeightDown
Merging measMET_ADDMonoZ2017_MD_2_d_6_cat3L
Merging phizmet_ADDMonoZ2017_MD_2_d_6_sys_EWKDown
Merging MT_ADDMonoZ2017_MD_2_d_6_catEM_sys_TriggerSFWeightUp
Merging measMET_ADDMonoZ2017_MD_2_d_6_catNRB_sys_TriggerSFWeightUp
Merging measMET_ADDMonoZ2017_MD_2_d_6_catTOP_sys_PDFDown
Merging measMET_ADDMonoZ2017_MD_2_d_6_catEM_sys_QCDScale1wDown
Merging measMET_ADDMonoZ2017_MD_2_d_6_cat3L_sys_nvtxWeightUp
Merging MT_ADDMonoZ2017_MD_2_d_6_catNRB_sys_QCDScale0wDown
Merging measMET_ADDMonoZ2017_MD_2_d_6_catNRB_sys_jerUp
Merging MT_ADDMonoZ2017_MD_2_d_6_catSignal-0jet_sys_MuonSFUp
Merging measMET_ADDMonoZ2017_MD_2_d_6_catSignal-0jet_sys_jerUp
Merging phizmet_ADDMonoZ2017_MD_2_d_6_sys_btagEventWeightUp
Merging MT_ADDMonoZ2017_MD_2_d_6_cat3L_sys_nvtxWeightDown
Merging MT_ADDMonoZ2017_MD_2_d_6_catSignal-0jet_sys_EWKUp
Merging measMET_ADDMonoZ2017_MD_2_d_6_catEM_sys_EWKUp
Merging autoPU
Merging MT_ADDMonoZ2017_MD_2_d_6_catSignal-1jet_sys_nvtxWeightUp
Merging MT_ADDMonoZ2017_MD_2_d_6_catDY_sys_jesTotalUp
Merging MT_ADDMonoZ2017_MD_2_d_6_cat3L_sys_QCDScale0wUp
Merging measMET_ADDMonoZ2017_MD_2_d_6_cat3L_sys_TriggerSFWeightUp
Merging phizmet_ADDMonoZ2017_MD_2_d_6_sys_EWKUp
Merging measMET_ADDMonoZ2017_MD_2_d_6_catDY_sys_puWeightDown
Merging MT_ADDMonoZ2017_MD_2_d_6_catSignal-1jet_sys_ElecronSFUp
Merging measMET_ADDMonoZ2017_MD_2_d_6_catEM_sys_jesTotalUp
Merging MT_ADDMonoZ2017_MD_2_d_6_catDY_sys_QCDScale2wUp
Merging measMET_ADDMonoZ2017_MD_2_d_6_catSignal-0jet_sys_jesTotalDown
Merging measMET_ADDMonoZ2017_MD_2_d_6_cat3L_sys_PDFDown
Merging measMET_ADDMonoZ2017_MD_2_d_6_catNRB_sys_puWeightDown
Merging MT_ADDMonoZ2017_MD_2_d_6_catSignal-0jet_sys_QCDScale2wDown
Merging MT_ADDMonoZ2017_MD_2_d_6_catTOP_sys_QCDScale0wDown
Merging measMET_ADDMonoZ2017_MD_2_d_6_catSignal-0jet_sys_puWeightDown
Merging MT_ADDMonoZ2017_MD_2_d_6_catDY_sys_QCDScale1wUp
Merging measMET_ADDMonoZ2017_MD_2_d_6_catTOP_sys_btagEventWeightDown
Merging MT_ADDMonoZ2017_MD_2_d_6_catSignal-0jet_sys_EWKDown
Merging measMET_ADDMonoZ2017_MD_2_d_6_catTOP_sys_puWeightUp
Merging MT_ADDMonoZ2017_MD_2_d_6_cat4L_sys_QCDScale1wDown
Merging MT_ADDMonoZ2017_MD_2_d_6_catSignal-0jet_sys_TriggerSFWeightDown
Merging measMET_ADDMonoZ2017_MD_2_d_6_catSignal-0jet_sys_QCDScale0wUp
Merging njet_ADDMonoZ2017_MD_2_d_6_sys_ElectronEnDown
Merging measMET_ADDMonoZ2017_MD_2_d_6_catNRB_sys_QCDScale1wUp
Merging measMET_ADDMonoZ2017_MD_2_d_6_catDY_sys_MuonEnUp
Merging MT_ADDMonoZ2017_MD_2_d_6_catTOP_sys_MuonSFUp
Merging measMET_ADDMonoZ2017_MD_2_d_6_catTOP_sys_jerUp
Merging MT_ADDMonoZ2017_MD_2_d_6_catDY_sys_puWeightUp
Merging balance_ADDMonoZ2017_MD_2_d_6_sys_PDFUp
Merging MT_ADDMonoZ2017_MD_2_d_6_catSignal-1jet_sys_QCDScale0wUp
Merging MT_ADDMonoZ2017_MD_2_d_6_cat4L_sys_PDFDown
Merging MT_ADDMonoZ2017_MD_2_d_6_catSignal-0jet_sys_QCDScale1wUp
Merging measMET_ADDMonoZ2017_MD_2_d_6_catSignal-0jet_sys_MuonEnDown
Merging MT_ADDMonoZ2017_MD_2_d_6_catTOP_sys_MuonEnUp
Merging measMET_ADDMonoZ2017_MD_2_d_6_cat3L_sys_QCDScale1wDown
Merging MT_ADDMonoZ2017_MD_2_d_6_catDY_sys_EWKDown
Merging MT_ADDMonoZ2017_MD_2_d_6_catDY_sys_QCDScale1wDown
Merging measMET_ADDMonoZ2017_MD_2_d_6_catTOP_sys_MuonEnDown
Merging measMET_ADDMonoZ2017_MD_2_d_6_catEM_sys_PDFDown
Merging MT_ADDMonoZ2017_MD_2_d_6_cat3L_sys_MuonSFDown
Merging measMET_ADDMonoZ2017_MD_2_d_6_catEM_sys_PrefireWeightDown
Merging MT_ADDMonoZ2017_MD_2_d_6_catNRB_sys_MuonEnUp
Merging MT_ADDMonoZ2017_MD_2_d_6_catSignal-1jet_sys_ElecronSFDown
Merging MT_ADDMonoZ2017_MD_2_d_6_catEM_sys_jesTotalDown
Merging measMET_ADDMonoZ2017_MD_2_d_6_cat4L_sys_btagEventWeightDown
Merging MT_ADDMonoZ2017_MD_2_d_6_catEM_sys_ElectronEnUp
Merging phizmet_ADDMonoZ2017_MD_2_d_6_sys_jesTotalUp
Merging measMET_ADDMonoZ2017_MD_2_d_6_catSignal-1jet_sys_QCDScale0wUp
Merging measMET_ADDMonoZ2017_MD_2_d_6_catDY_sys_MuonSFUp
Merging measMET_ADDMonoZ2017_MD_2_d_6_catNRB_sys_btagEventWeightUp
Merging balance_ADDMonoZ2017_MD_2_d_6_sys_QCDScale1wUp
Merging MT_ADDMonoZ2017_MD_2_d_6_catEM_sys_jesTotalUp
Merging balance_ADDMonoZ2017_MD_2_d_6_sys_EWKUp
Merging MT_ADDMonoZ2017_MD_2_d_6_cat4L_sys_MuonSFUp
Merging measMET_ADDMonoZ2017_MD_2_d_6_catSignal-0jet_sys_PDFDown
Merging MT_ADDMonoZ2017_MD_2_d_6_catSignal-0jet_sys_MuonSFDown
Merging measMET_ADDMonoZ2017_MD_2_d_6_cat4L_sys_jesTotalDown
Merging phizmet_ADDMonoZ2017_MD_2_d_6_sys_QCDScale1wUp
Merging measMET_ADDMonoZ2017_MD_2_d_6_cat3L_sys_QCDScale0wDown
Merging measMET_ADDMonoZ2017_MD_2_d_6_catEM_sys_btagEventWeightUp
Merging MT_ADDMonoZ2017_MD_2_d_6_catEM_sys_MuonSFUp
Merging measMET_ADDMonoZ2017_MD_2_d_6_catSignal-1jet_sys_btagEventWeightDown
Merging MT_ADDMonoZ2017_MD_2_d_6_catSignal-1jet_sys_EWKDown
Merging measMET_ADDMonoZ2017_MD_2_d_6_catNRB_sys_EWKUp
Merging measMET_ADDMonoZ2017_MD_2_d_6_cat3L_sys_QCDScale2wUp
Merging MT_ADDMonoZ2017_MD_2_d_6_catEM_sys_btagEventWeightUp
Merging MT_ADDMonoZ2017_MD_2_d_6_catEM_sys_nvtxWeightDown
Merging measMET_ADDMonoZ2017_MD_2_d_6_catEM_sys_ElecronSFUp
Merging MT_ADDMonoZ2017_MD_2_d_6_cat3L_sys_TriggerSFWeightDown
Merging measMET_ADDMonoZ2017_MD_2_d_6_catTOP_sys_jerDown
Merging measMET_ADDMonoZ2017_MD_2_d_6_catEM_sys_MuonSFUp
Merging MT_ADDMonoZ2017_MD_2_d_6_catEM_sys_jerDown
Merging measMET_ADDMonoZ2017_MD_2_d_6_catDY_sys_jerDown
Merging MT_ADDMonoZ2017_MD_2_d_6_catTOP_sys_MuonSFDown
Merging MT_ADDMonoZ2017_MD_2_d_6_catDY_sys_jerDown
Merging phizmet_ADDMonoZ2017_MD_2_d_6_sys_QCDScale0wDown
Merging measMET_ADDMonoZ2017_MD_2_d_6_cat3L_sys_jerUp
Merging MT_ADDMonoZ2017_MD_2_d_6_catDY_sys_MuonSFDown
Merging MT_ADDMonoZ2017_MD_2_d_6_catTOP_sys_jerUp
Merging MT_ADDMonoZ2017_MD_2_d_6_catEM_sys_QCDScale1wUp
Merging measMET_ADDMonoZ2017_MD_2_d_6_cat4L_sys_puWeightDown
Merging MT_ADDMonoZ2017_MD_2_d_6_catDY_sys_jesTotalDown
Merging measMET_ADDMonoZ2017_MD_2_d_6_catEM_sys_MuonEnUp
Merging measMET_ADDMonoZ2017_MD_2_d_6_catNRB_sys_PrefireWeightUp
Merging MT_ADDMonoZ2017_MD_2_d_6_cat4L_sys_PDFUp
Merging measMET_ADDMonoZ2017_MD_2_d_6_catNRB_sys_jesTotalDown
Merging MT_ADDMonoZ2017_MD_2_d_6_catNRB_sys_jesTotalDown
Merging measMET_ADDMonoZ2017_MD_2_d_6_catEM_sys_QCDScale0wUp
Merging measMET_ADDMonoZ2017_MD_2_d_6_catNRB_sys_btagEventWeightDown
Merging measMET_ADDMonoZ2017_MD_2_d_6_catSignal-1jet_sys_QCDScale0wDown
Merging MT_ADDMonoZ2017_MD_2_d_6_catDY_sys_PDFDown
Merging MT_ADDMonoZ2017_MD_2_d_6_cat3L_sys_btagEventWeightDown
Merging MT_ADDMonoZ2017_MD_2_d_6_catTOP_sys_ElecronSFDown
Merging phizmet_ADDMonoZ2017_MD_2_d_6_sys_PDFUp
Merging MT_ADDMonoZ2017_MD_2_d_6_catNRB_sys_EWKUp
Merging measMET_ADDMonoZ2017_MD_2_d_6_cat3L_sys_MuonEnDown
Merging MT_ADDMonoZ2017_MD_2_d_6_catTOP_sys_EWKDown
Merging phizmet_ADDMonoZ2017_MD_2_d_6_sys_puWeightUp
Merging measMET_ADDMonoZ2017_MD_2_d_6_cat3L_sys_puWeightDown
Merging MT_ADDMonoZ2017_MD_2_d_6_cat4L_sys_TriggerSFWeightDown
Merging MT_ADDMonoZ2017_MD_2_d_6_cat4L_sys_jesTotalUp
Merging MT_ADDMonoZ2017_MD_2_d_6_catSignal-0jet_sys_jerUp
Merging measMET_ADDMonoZ2017_MD_2_d_6_cat4L_sys_ElecronSFUp
Merging balance_ADDMonoZ2017_MD_2_d_6_sys_jesTotalDown
Merging MT_ADDMonoZ2017_MD_2_d_6_cat3L_sys_jerUp
Merging MT_ADDMonoZ2017_MD_2_d_6_catNRB_sys_btagEventWeightUp
Merging measMET_ADDMonoZ2017_MD_2_d_6_catSignal-1jet_sys_PDFUp
Merging measMET_ADDMonoZ2017_MD_2_d_6_catSignal-0jet_sys_nvtxWeightUp
Merging MT_ADDMonoZ2017_MD_2_d_6_catTOP_sys_PrefireWeightDown
Merging measMET_ADDMonoZ2017_MD_2_d_6_catSignal-1jet_sys_puWeightDown
Merging measMET_ADDMonoZ2017_MD_2_d_6_catNRB_sys_PDFUp
Merging MT_ADDMonoZ2017_MD_2_d_6_catSignal-1jet_sys_QCDScale2wUp
Merging MT_ADDMonoZ2017_MD_2_d_6_cat4L_sys_nvtxWeightUp
Merging measMET_ADDMonoZ2017_MD_2_d_6_catSignal-1jet_sys_TriggerSFWeightDown
Merging njet_ADDMonoZ2017_MD_2_d_6_sys_MuonSFDown
Merging MT_ADDMonoZ2017_MD_2_d_6_catSignal-1jet_sys_nvtxWeightDown
Merging measMET_ADDMonoZ2017_MD_2_d_6_catDY_sys_QCDScale2wUp
Merging MT_ADDMonoZ2017_MD_2_d_6_cat4L_sys_PrefireWeightUp
Merging MT_ADDMonoZ2017_MD_2_d_6_catSignal-1jet_sys_jerDown
Merging measMET_ADDMonoZ2017_MD_2_d_6_catTOP_sys_MuonEnUp
Merging MT_ADDMonoZ2017_MD_2_d_6_catSignal-0jet_sys_jerDown
Merging njet_ADDMonoZ2017_MD_2_d_6_sys_QCDScale2wDown
Merging MT_ADDMonoZ2017_MD_2_d_6_cat4L_sys_QCDScale0wUp
Merging njet_ADDMonoZ2017_MD_2_d_6_sys_puWeightUp
Merging measMET_ADDMonoZ2017_MD_2_d_6_catTOP_sys_ElecronSFUp
Merging measMET_ADDMonoZ2017_MD_2_d_6_cat4L_sys_ElectronEnDown
Merging MT_ADDMonoZ2017_MD_2_d_6_catNRB_sys_PDFDown
Merging measMET_ADDMonoZ2017_MD_2_d_6_cat4L_sys_PrefireWeightDown
Merging measMET_ADDMonoZ2017_MD_2_d_6_cat4L_sys_EWKDown
Merging measMET_ADDMonoZ2017_MD_2_d_6_cat3L_sys_PDFUp
Merging MT_ADDMonoZ2017_MD_2_d_6_catEM_sys_puWeightDown
Merging MT_ADDMonoZ2017_MD_2_d_6_cat4L_sys_puWeightUp
Merging MT_ADDMonoZ2017_MD_2_d_6_catTOP_sys_puWeightDown
Merging MT_ADDMonoZ2017_MD_2_d_6_catNRB_sys_PDFUp
Merging MT_ADDMonoZ2017_MD_2_d_6_catDY_sys_EWKUp
Merging MT_ADDMonoZ2017_MD_2_d_6_catEM_sys_QCDScale2wUp
Merging measMET_ADDMonoZ2017_MD_2_d_6_catDY_sys_PDFUp
Merging MT_ADDMonoZ2017_MD_2_d_6_catNRB_sys_MuonSFDown
Merging measMET_ADDMonoZ2017_MD_2_d_6_catDY_sys_nvtxWeightUp
Merging MT_ADDMonoZ2017_MD_2_d_6_catSignal-1jet_sys_jesTotalDown
Merging balance_ADDMonoZ2017_MD_2_d_6_sys_MuonSFUp
Merging measMET_ADDMonoZ2017_MD_2_d_6_catTOP_sys_PrefireWeightDown
Merging phizmet_ADDMonoZ2017_MD_2_d_6_sys_ElecronSFUp
Merging MT_ADDMonoZ2017_MD_2_d_6_catTOP_sys_TriggerSFWeightDown
Merging MT_ADDMonoZ2017_MD_2_d_6_catSignal-1jet_sys_MuonSFUp
Merging MT_ADDMonoZ2017_MD_2_d_6_catNRB_sys_QCDScale1wDown
Merging measMET_ADDMonoZ2017_MD_2_d_6_catNRB_sys_nvtxWeightUp
Merging MT_ADDMonoZ2017_MD_2_d_6_cat3L_sys_PrefireWeightUp
Merging measMET_ADDMonoZ2017_MD_2_d_6_cat3L_sys_EWKDown
Merging MT_ADDMonoZ2017_MD_2_d_6_catSignal-1jet_sys_ElectronEnUp
Merging MT_ADDMonoZ2017_MD_2_d_6_cat3L_sys_ElecronSFUp
Merging measMET_ADDMonoZ2017_MD_2_d_6_cat4L_sys_MuonEnDown
Merging njet_ADDMonoZ2017_MD_2_d_6_sys_TriggerSFWeightDown
Merging MT_ADDMonoZ2017_MD_2_d_6_catDY
Merging measMET_ADDMonoZ2017_MD_2_d_6_cat3L_sys_jerDown
Merging MT_ADDMonoZ2017_MD_2_d_6_cat4L_sys_ElectronEnUp
Merging phizmet_ADDMonoZ2017_MD_2_d_6_sys_PrefireWeightUp
Merging MT_ADDMonoZ2017_MD_2_d_6_catEM_sys_PDFUp
Merging MT_ADDMonoZ2017_MD_2_d_6_cat4L_sys_QCDScale2wUp
Merging MT_ADDMonoZ2017_MD_2_d_6_cat3L_sys_QCDScale0wDown
Merging measMET_ADDMonoZ2017_MD_2_d_6_catSignal-0jet_sys_QCDScale1wUp
Merging measMET_ADDMonoZ2017_MD_2_d_6_catEM_sys_MuonEnDown
Merging MT_ADDMonoZ2017_MD_2_d_6_cat3L_sys_jerDown
Merging measMET_ADDMonoZ2017_MD_2_d_6_catSignal-0jet_sys_MuonEnUp
Merging phizmet_ADDMonoZ2017_MD_2_d_6_sys_MuonSFDown
Merging MT_ADDMonoZ2017_MD_2_d_6_catDY_sys_QCDScale0wDown
Merging MT_ADDMonoZ2017_MD_2_d_6_catSignal-0jet_sys_jesTotalDown
Merging MT_ADDMonoZ2017_MD_2_d_6_catDY_sys_MuonEnDown
Merging measMET_ADDMonoZ2017_MD_2_d_6_catEM_sys_puWeightDown
Merging measMET_ADDMonoZ2017_MD_2_d_6_catSignal-0jet_sys_jerDown
Merging measMET_ADDMonoZ2017_MD_2_d_6_catSignal-0jet_sys_QCDScale1wDown
Merging MT_ADDMonoZ2017_MD_2_d_6_catNRB_sys_EWKDown
Merging MT_ADDMonoZ2017_MD_2_d_6_catNRB_sys_jerDown
Merging MT_ADDMonoZ2017_MD_2_d_6_catEM_sys_PrefireWeightDown
Merging phizmet_ADDMonoZ2017_MD_2_d_6_sys_TriggerSFWeightUp
Merging njet_ADDMonoZ2017_MD_2_d_6_sys_MuonSFUp
Merging measMET_ADDMonoZ2017_MD_2_d_6_catSignal-1jet
Merging balance_ADDMonoZ2017_MD_2_d_6_sys_MuonSFDown
Merging MT_ADDMonoZ2017_MD_2_d_6_catEM_sys_btagEventWeightDown
Merging measMET_ADDMonoZ2017_MD_2_d_6_catTOP
Merging measMET_ADDMonoZ2017_MD_2_d_6_cat3L_sys_QCDScale1wUp
Merging balance_ADDMonoZ2017_MD_2_d_6_sys_MuonEnDown
Merging measMET_ADDMonoZ2017_MD_2_d_6_cat3L_sys_PrefireWeightUp
Merging measMET_ADDMonoZ2017_MD_2_d_6_cat4L_sys_EWKUp
Merging measMET_ADDMonoZ2017_MD_2_d_6_cat4L_sys_jesTotalUp
Merging MT_ADDMonoZ2017_MD_2_d_6_catSignal-1jet_sys_puWeightUp
Merging MT_ADDMonoZ2017_MD_2_d_6_catSignal-0jet_sys_ElectronEnUp
Merging MT_ADDMonoZ2017_MD_2_d_6_catSignal-1jet_sys_TriggerSFWeightDown
Merging phizmet_ADDMonoZ2017_MD_2_d_6_sys_ElectronEnDown
Merging njet_ADDMonoZ2017_MD_2_d_6_sys_jesTotalDown
Merging measMET_ADDMonoZ2017_MD_2_d_6_catSignal-0jet_sys_TriggerSFWeightUp
Merging measMET_ADDMonoZ2017_MD_2_d_6_catNRB_sys_QCDScale2wUp
Merging njet_ADDMonoZ2017_MD_2_d_6_sys_ElectronEnUp
Merging MT_ADDMonoZ2017_MD_2_d_6_catEM_sys_MuonEnUp
Merging MT_ADDMonoZ2017_MD_2_d_6_catSignal-0jet_sys_PDFDown
Merging measMET_ADDMonoZ2017_MD_2_d_6_catEM_sys_jerUp
Merging MT_ADDMonoZ2017_MD_2_d_6_catDY_sys_ElectronEnDown
Merging njet_ADDMonoZ2017_MD_2_d_6_sys_EWKDown
Merging measMET_ADDMonoZ2017_MD_2_d_6_catSignal-1jet_sys_btagEventWeightUp
Merging MT_ADDMonoZ2017_MD_2_d_6_catDY_sys_ElecronSFUp
Merging measMET_ADDMonoZ2017_MD_2_d_6_cat3L_sys_TriggerSFWeightDown
Merging MT_ADDMonoZ2017_MD_2_d_6_catEM_sys_MuonEnDown
Merging MT_ADDMonoZ2017_MD_2_d_6_catDY_sys_btagEventWeightUp
Merging MT_ADDMonoZ2017_MD_2_d_6_cat3L_sys_MuonEnDown
Merging phizmet_ADDMonoZ2017_MD_2_d_6_sys_ElecronSFDown
Merging MT_ADDMonoZ2017_MD_2_d_6_cat3L_sys_jesTotalDown
Merging balance_ADDMonoZ2017_MD_2_d_6_sys_nvtxWeightUp
Merging balance_ADDMonoZ2017_MD_2_d_6_sys_ElectronEnUp
Merging measMET_ADDMonoZ2017_MD_2_d_6_catSignal-1jet_sys_MuonEnDown
Merging MT_ADDMonoZ2017_MD_2_d_6_catEM_sys_PDFDown
Merging measMET_ADDMonoZ2017_MD_2_d_6_catTOP_sys_TriggerSFWeightDown
Merging MT_ADDMonoZ2017_MD_2_d_6_catSignal-0jet_sys_PrefireWeightDown
Merging measMET_ADDMonoZ2017_MD_2_d_6_catEM_sys_ElecronSFDown
Merging untagged
Merging MT_ADDMonoZ2017_MD_2_d_6_catSignal-1jet_sys_MuonEnDown
Merging phizmet_ADDMonoZ2017_MD_2_d_6_sys_QCDScale1wDown
Merging measMET_ADDMonoZ2017_MD_2_d_6_cat4L_sys_MuonSFUp
Merging measMET_ADDMonoZ2017_MD_2_d_6_cat3L_sys_jesTotalUp
Merging measMET_ADDMonoZ2017_MD_2_d_6_catSignal-0jet_sys_puWeightUp
Merging balance_ADDMonoZ2017_MD_2_d_6_sys_jerUp
Merging MT_ADDMonoZ2017_MD_2_d_6_catEM_sys_ElectronEnDown
Merging measMET_ADDMonoZ2017_MD_2_d_6_catDY_sys_QCDScale1wUp
Merging balance_ADDMonoZ2017_MD_2_d_6_sys_QCDScale1wDown
Merging balance_ADDMonoZ2017_MD_2_d_6
Merging measMET_ADDMonoZ2017_MD_2_d_6_catTOP_sys_PDFUp
Merging measMET_ADDMonoZ2017_MD_2_d_6_catSignal-1jet_sys_jesTotalDown
Merging MT_ADDMonoZ2017_MD_2_d_6_catTOP_sys_PrefireWeightUp
Merging MT_ADDMonoZ2017_MD_2_d_6_cat4L_sys_QCDScale2wDown
Merging njet_ADDMonoZ2017_MD_2_d_6_sys_PrefireWeightDown
Merging MT_ADDMonoZ2017_MD_2_d_6_catSignal-1jet_sys_QCDScale1wDown
Merging njet_ADDMonoZ2017_MD_2_d_6_sys_nvtxWeightDown
Merging MT_ADDMonoZ2017_MD_2_d_6_cat3L
Merging measMET_ADDMonoZ2017_MD_2_d_6_cat4L_sys_jerDown
Merging MT_ADDMonoZ2017_MD_2_d_6_catNRB_sys_TriggerSFWeightUp
Merging phizmet_ADDMonoZ2017_MD_2_d_6_sys_MuonEnUp
Merging measMET_ADDMonoZ2017_MD_2_d_6_catEM_sys_jerDown
Merging MT_ADDMonoZ2017_MD_2_d_6_catTOP_sys_QCDScale2wDown
Merging MT_ADDMonoZ2017_MD_2_d_6_catSignal-0jet_sys_ElecronSFUp
Merging measMET_ADDMonoZ2017_MD_2_d_6_cat4L_sys_btagEventWeightUp
Merging MT_ADDMonoZ2017_MD_2_d_6_catSignal-0jet_sys_ElecronSFDown
Merging MT_ADDMonoZ2017_MD_2_d_6_cat4L_sys_MuonSFDown
Merging measMET_ADDMonoZ2017_MD_2_d_6_catDY_sys_PrefireWeightUp
Merging njet_ADDMonoZ2017_MD_2_d_6
Merging balance_ADDMonoZ2017_MD_2_d_6_sys_puWeightDown
Merging measMET_ADDMonoZ2017_MD_2_d_6_catNRB_sys_TriggerSFWeightDown
Merging measMET_ADDMonoZ2017_MD_2_d_6_catSignal-1jet_sys_QCDScale1wDown
Merging MT_ADDMonoZ2017_MD_2_d_6_catTOP_sys_PDFDown
Merging phizmet_ADDMonoZ2017_MD_2_d_6_sys_jerUp
Merging measMET_ADDMonoZ2017_MD_2_d_6_catSignal-0jet_sys_MuonSFDown
Merging MT_ADDMonoZ2017_MD_2_d_6_cat3L_sys_btagEventWeightUp
Merging MT_ADDMonoZ2017_MD_2_d_6_catTOP_sys_puWeightUp
Merging MT_ADDMonoZ2017_MD_2_d_6_catTOP_sys_ElecronSFUp
Merging balance_ADDMonoZ2017_MD_2_d_6_sys_EWKDown
Merging MT_ADDMonoZ2017_MD_2_d_6_catSignal-1jet_sys_jesTotalUp
Merging MT_ADDMonoZ2017_MD_2_d_6_cat4L_sys_EWKDown
Merging measMET_ADDMonoZ2017_MD_2_d_6_catSignal-0jet_sys_MuonSFUp
Merging MT_ADDMonoZ2017_MD_2_d_6_catSignal-1jet_sys_QCDScale0wDown
Merging measMET_ADDMonoZ2017_MD_2_d_6_cat4L_sys_PrefireWeightUp
Merging measMET_ADDMonoZ2017_MD_2_d_6_cat3L_sys_MuonEnUp
Merging MT_ADDMonoZ2017_MD_2_d_6_catSignal-0jet_sys_MuonEnUp
Merging balance_ADDMonoZ2017_MD_2_d_6_sys_PrefireWeightUp
Merging MT_ADDMonoZ2017_MD_2_d_6_catEM_sys_ElecronSFUp
Merging measMET_ADDMonoZ2017_MD_2_d_6_catNRB_sys_puWeightUp
Merging MT_ADDMonoZ2017_MD_2_d_6_catNRB_sys_QCDScale1wUp
Merging measMET_ADDMonoZ2017_MD_2_d_6_catSignal-1jet_sys_MuonEnUp
Merging MT_ADDMonoZ2017_MD_2_d_6_catNRB_sys_TriggerSFWeightDown
Merging measMET_ADDMonoZ2017_MD_2_d_6_cat3L_sys_QCDScale0wUp
Merging MT_ADDMonoZ2017_MD_2_d_6_catTOP_sys_QCDScale1wDown
Merging MT_ADDMonoZ2017_MD_2_d_6_cat4L_sys_TriggerSFWeightUp
Merging MT_ADDMonoZ2017_MD_2_d_6_catSignal-1jet_sys_jerUp
Merging measMET_ADDMonoZ2017_MD_2_d_6_cat3L_sys_jesTotalDown
Merging measMET_ADDMonoZ2017_MD_2_d_6_catNRB_sys_ElectronEnDown
Merging phizmet_ADDMonoZ2017_MD_2_d_6_sys_puWeightDown
Merging measMET_ADDMonoZ2017_MD_2_d_6_cat4L_sys_puWeightUp
Merging measMET_ADDMonoZ2017_MD_2_d_6_catDY_sys_ElecronSFUp
Merging MT_ADDMonoZ2017_MD_2_d_6_catTOP_sys_ElectronEnUp
Merging MT_ADDMonoZ2017_MD_2_d_6_catEM_sys_EWKDown
Merging measMET_ADDMonoZ2017_MD_2_d_6_catSignal-1jet_sys_QCDScale1wUp
Merging MT_ADDMonoZ2017_MD_2_d_6_catDY_sys_QCDScale2wDown
Merging MT_ADDMonoZ2017_MD_2_d_6_cat3L_sys_MuonEnUp
Merging MT_ADDMonoZ2017_MD_2_d_6_catNRB_sys_nvtxWeightUp
Merging MT_ADDMonoZ2017_MD_2_d_6_catTOP_sys_jesTotalUp
Merging measMET_ADDMonoZ2017_MD_2_d_6_catEM_sys_QCDScale2wDown
Merging measMET_ADDMonoZ2017_MD_2_d_6_catTOP_sys_nvtxWeightDown
Merging MT_ADDMonoZ2017_MD_2_d_6_catSignal-0jet_sys_QCDScale2wUp
Merging MT_ADDMonoZ2017_MD_2_d_6_catNRB_sys_ElectronEnDown
Merging MT_ADDMonoZ2017_MD_2_d_6_cat4L_sys_nvtxWeightDown
Merging measMET_ADDMonoZ2017_MD_2_d_6_catSignal-0jet_sys_EWKUp
Merging njet_ADDMonoZ2017_MD_2_d_6_sys_QCDScale1wUp
Merging measMET_ADDMonoZ2017_MD_2_d_6_cat3L_sys_PrefireWeightDown
Merging measMET_ADDMonoZ2017_MD_2_d_6_catDY_sys_QCDScale2wDown
Merging measMET_ADDMonoZ2017_MD_2_d_6_catTOP_sys_TriggerSFWeightUp
Merging balance_ADDMonoZ2017_MD_2_d_6_sys_TriggerSFWeightUp
Merging MT_ADDMonoZ2017_MD_2_d_6_cat3L_sys_MuonSFUp
Merging MT_ADDMonoZ2017_MD_2_d_6_catEM
Merging MT_ADDMonoZ2017_MD_2_d_6_catTOP
Merging measMET_ADDMonoZ2017_MD_2_d_6_catTOP_sys_QCDScale2wDown
Merging MT_ADDMonoZ2017_MD_2_d_6_cat4L_sys_puWeightDown
Merging measMET_ADDMonoZ2017_MD_2_d_6_catTOP_sys_ElectronEnDown
Merging measMET_ADDMonoZ2017_MD_2_d_6_catSignal-0jet_sys_ElecronSFDown
Merging measMET_ADDMonoZ2017_MD_2_d_6_catDY_sys_MuonEnDown
Merging phizmet_ADDMonoZ2017_MD_2_d_6_sys_btagEventWeightDown
Merging MT_ADDMonoZ2017_MD_2_d_6_cat4L_sys_PrefireWeightDown
Merging balance_ADDMonoZ2017_MD_2_d_6_sys_PDFDown
Merging MT_ADDMonoZ2017_MD_2_d_6_cat4L_sys_EWKUp
Merging MT_ADDMonoZ2017_MD_2_d_6_catNRB_sys_MuonEnDown
Merging measMET_ADDMonoZ2017_MD_2_d_6_catEM_sys_TriggerSFWeightUp
Merging measMET_ADDMonoZ2017_MD_2_d_6_catDY_sys_btagEventWeightDown
Merging measMET_ADDMonoZ2017_MD_2_d_6_catDY
Merging MT_ADDMonoZ2017_MD_2_d_6_catEM_sys_ElecronSFDown
Merging MT_ADDMonoZ2017_MD_2_d_6_cat3L_sys_puWeightDown
Merging phizmet_ADDMonoZ2017_MD_2_d_6_sys_nvtxWeightUp
Merging MT_ADDMonoZ2017_MD_2_d_6_cat4L_sys_jesTotalDown
Merging balance_ADDMonoZ2017_MD_2_d_6_sys_MuonEnUp
Merging njet_ADDMonoZ2017_MD_2_d_6_sys_jerUp
Merging measMET_ADDMonoZ2017_MD_2_d_6_catEM_sys_ElectronEnUp
Merging MT_ADDMonoZ2017_MD_2_d_6_catSignal-1jet_sys_TriggerSFWeightUp
Merging measMET_ADDMonoZ2017_MD_2_d_6_catDY_sys_MuonSFDown
Merging phizmet_ADDMonoZ2017_MD_2_d_6_sys_TriggerSFWeightDown
Merging measMET_ADDMonoZ2017_MD_2_d_6_catDY_sys_puWeightUp
Merging MT_ADDMonoZ2017_MD_2_d_6_catEM_sys_QCDScale0wUp
Merging measMET_ADDMonoZ2017_MD_2_d_6_catDY_sys_QCDScale1wDown
Merging MT_ADDMonoZ2017_MD_2_d_6_catNRB_sys_ElecronSFDown
Merging measMET_ADDMonoZ2017_MD_2_d_6_catDY_sys_PDFDown
Merging measMET_ADDMonoZ2017_MD_2_d_6_catDY_sys_ElectronEnUp
Merging MT_ADDMonoZ2017_MD_2_d_6_catSignal-0jet_sys_btagEventWeightDown
Merging MT_ADDMonoZ2017_MD_2_d_6_cat3L_sys_PDFDown
Merging MT_ADDMonoZ2017_MD_2_d_6_catDY_sys_nvtxWeightDown
Merging measMET_ADDMonoZ2017_MD_2_d_6_catEM_sys_nvtxWeightDown
Merging phizmet_ADDMonoZ2017_MD_2_d_6_sys_QCDScale0wUp
Merging MT_ADDMonoZ2017_MD_2_d_6_catDY_sys_PDFUp
Merging MT_ADDMonoZ2017_MD_2_d_6_catSignal-0jet_sys_puWeightDown
Merging measMET_ADDMonoZ2017_MD_2_d_6_catTOP_sys_QCDScale0wDown
Merging MT_ADDMonoZ2017_MD_2_d_6_catSignal-1jet
Merging MT_ADDMonoZ2017_MD_2_d_6_catNRB_sys_ElecronSFUp
Merging measMET_ADDMonoZ2017_MD_2_d_6_catNRB_sys_QCDScale0wUp
Merging MT_ADDMonoZ2017_MD_2_d_6_cat3L_sys_PDFUp
Merging MT_ADDMonoZ2017_MD_2_d_6_catSignal-1jet_sys_MuonEnUp
Merging measMET_ADDMonoZ2017_MD_2_d_6_catTOP_sys_QCDScale1wDown
Merging phizmet_ADDMonoZ2017_MD_2_d_6_sys_QCDScale2wDown
Merging measMET_ADDMonoZ2017_MD_2_d_6_catNRB
Merging MT_ADDMonoZ2017_MD_2_d_6_catEM_sys_nvtxWeightUp
Merging measMET_ADDMonoZ2017_MD_2_d_6_catNRB_sys_MuonSFDown
Merging measMET_ADDMonoZ2017_MD_2_d_6_catNRB_sys_EWKDown
Merging measMET_ADDMonoZ2017_MD_2_d_6_cat4L_sys_QCDScale1wUp
Merging measMET_ADDMonoZ2017_MD_2_d_6_cat4L_sys_QCDScale0wDown
Merging measMET_ADDMonoZ2017_MD_2_d_6_catNRB_sys_PDFDown
Merging measMET_ADDMonoZ2017_MD_2_d_6_catSignal-1jet_sys_nvtxWeightUp
Merging measMET_ADDMonoZ2017_MD_2_d_6_catDY_sys_TriggerSFWeightDown
Merging measMET_ADDMonoZ2017_MD_2_d_6_cat4L_sys_nvtxWeightDown
Merging MT_ADDMonoZ2017_MD_2_d_6_catSignal-1jet_sys_btagEventWeightDown
Merging measMET_ADDMonoZ2017_MD_2_d_6_catSignal-0jet_sys_PDFUp
Merging MT_ADDMonoZ2017_MD_2_d_6_catSignal-0jet_sys_puWeightUp
Merging balance_ADDMonoZ2017_MD_2_d_6_sys_jesTotalUp
Merging MT_ADDMonoZ2017_MD_2_d_6_cat4L_sys_ElectronEnDown
Merging MT_ADDMonoZ2017_MD_2_d_6_cat4L_sys_ElecronSFDown
Merging measMET_ADDMonoZ2017_MD_2_d_6_catSignal-1jet_sys_PrefireWeightUp
Merging measMET_ADDMonoZ2017_MD_2_d_6_catDY_sys_ElectronEnDown
Merging measMET_ADDMonoZ2017_MD_2_d_6_catTOP_sys_jesTotalUp
Merging measMET_ADDMonoZ2017_MD_2_d_6_catNRB_sys_QCDScale0wDown
Merging MT_ADDMonoZ2017_MD_2_d_6_catTOP_sys_nvtxWeightUp
Merging measMET_ADDMonoZ2017_MD_2_d_6_cat3L_sys_puWeightUp
Merging measMET_ADDMonoZ2017_MD_2_d_6_cat3L_sys_QCDScale2wDown
Merging measMET_ADDMonoZ2017_MD_2_d_6_catSignal-1jet_sys_puWeightUp
Merging measMET_ADDMonoZ2017_MD_2_d_6_cat3L_sys_btagEventWeightUp
Merging balance_ADDMonoZ2017_MD_2_d_6_sys_QCDScale0wUp
Merging njet_ADDMonoZ2017_MD_2_d_6_sys_MuonEnDown
Merging measMET_ADDMonoZ2017_MD_2_d_6_catEM_sys_QCDScale0wDown
Merging measMET_ADDMonoZ2017_MD_2_d_6_catSignal-0jet_sys_PrefireWeightDown
Merging MT_ADDMonoZ2017_MD_2_d_6_catSignal-1jet_sys_QCDScale1wUp
Merging MT_ADDMonoZ2017_MD_2_d_6_catDY_sys_MuonSFUp
Merging MT_ADDMonoZ2017_MD_2_d_6_cat3L_sys_PrefireWeightDown
Merging MT_ADDMonoZ2017_MD_2_d_6_cat3L_sys_EWKUp
Merging measMET_ADDMonoZ2017_MD_2_d_6_cat4L_sys_ElectronEnUp
Merging MT_ADDMonoZ2017_MD_2_d_6_catTOP_sys_ElectronEnDown
Merging MT_ADDMonoZ2017_MD_2_d_6_cat4L_sys_MuonEnUp
Merging MT_ADDMonoZ2017_MD_2_d_6_catDY_sys_PrefireWeightUp
Merging measMET_ADDMonoZ2017_MD_2_d_6_cat3L_sys_nvtxWeightDown
Merging phizmet_ADDMonoZ2017_MD_2_d_6_sys_nvtxWeightDown
Merging MT_ADDMonoZ2017_MD_2_d_6_catSignal-1jet_sys_btagEventWeightUp
Merging measMET_ADDMonoZ2017_MD_2_d_6_catSignal-1jet_sys_ElecronSFDown
Merging MT_ADDMonoZ2017_MD_2_d_6_catDY_sys_TriggerSFWeightUp
Merging measMET_ADDMonoZ2017_MD_2_d_6_cat3L_sys_ElectronEnUp
Merging measMET_ADDMonoZ2017_MD_2_d_6_catSignal-1jet_sys_TriggerSFWeightUp
Merging MT_ADDMonoZ2017_MD_2_d_6_catDY_sys_QCDScale0wUp
Merging MT_ADDMonoZ2017_MD_2_d_6_catSignal-0jet_sys_TriggerSFWeightUp
Merging measMET_ADDMonoZ2017_MD_2_d_6_catEM_sys_btagEventWeightDown
Merging measMET_ADDMonoZ2017_MD_2_d_6_catSignal-1jet_sys_jerDown
Merging measMET_ADDMonoZ2017_MD_2_d_6_catDY_sys_jerUp
Merging measMET_ADDMonoZ2017_MD_2_d_6_catDY_sys_EWKUp
Merging MT_ADDMonoZ2017_MD_2_d_6_cat4L_sys_jerUp
Merging measMET_ADDMonoZ2017_MD_2_d_6_catNRB_sys_PrefireWeightDown
Merging MT_ADDMonoZ2017_MD_2_d_6_cat3L_sys_QCDScale1wUp
Merging MT_ADDMonoZ2017_MD_2_d_6_catTOP_sys_QCDScale1wUp
Merging njet_ADDMonoZ2017_MD_2_d_6_sys_PDFUp
Merging MT_ADDMonoZ2017_MD_2_d_6_catSignal-1jet_sys_PDFDown
Merging measMET_ADDMonoZ2017_MD_2_d_6_catEM_sys_nvtxWeightUp
Merging measMET_ADDMonoZ2017_MD_2_d_6_catSignal-0jet_sys_jesTotalUp
Merging phizmet_ADDMonoZ2017_MD_2_d_6_sys_jesTotalDown
Merging MT_ADDMonoZ2017_MD_2_d_6_cat3L_sys_puWeightUp
Merging measMET_ADDMonoZ2017_MD_2_d_6_catSignal-1jet_sys_QCDScale2wDown
Merging MT_ADDMonoZ2017_MD_2_d_6_catSignal-0jet_sys_MuonEnDown
Merging measMET_ADDMonoZ2017_MD_2_d_6_cat4L_sys_ElecronSFDown
Merging balance_ADDMonoZ2017_MD_2_d_6_sys_ElecronSFDown
Merging MT_ADDMonoZ2017_MD_2_d_6_catEM_sys_TriggerSFWeightDown
Merging measMET_ADDMonoZ2017_MD_2_d_6_cat3L_sys_ElectronEnDown
Merging measMET_ADDMonoZ2017_MD_2_d_6_catTOP_sys_QCDScale2wUp
Merging measMET_ADDMonoZ2017_MD_2_d_6_catNRB_sys_QCDScale1wDown
Merging MT_ADDMonoZ2017_MD_2_d_6_cat4L_sys_ElecronSFUp
Merging measMET_ADDMonoZ2017_MD_2_d_6_cat4L_sys_QCDScale1wDown
Merging MT_ADDMonoZ2017_MD_2_d_6_catDY_sys_ElecronSFDown
Merging measMET_ADDMonoZ2017_MD_2_d_6_catSignal-0jet_sys_ElecronSFUp
Merging measMET_ADDMonoZ2017_MD_2_d_6_cat4L_sys_MuonSFDown
Merging measMET_ADDMonoZ2017_MD_2_d_6_catDY_sys_btagEventWeightUp
Merging measMET_ADDMonoZ2017_MD_2_d_6_catEM_sys_MuonSFDown
Merging MT_ADDMonoZ2017_MD_2_d_6_catDY_sys_TriggerSFWeightDown
Merging measMET_ADDMonoZ2017_MD_2_d_6_catSignal-0jet_sys_PrefireWeightUp
Merging MT_ADDMonoZ2017_MD_2_d_6_cat4L_sys_MuonEnDown
Merging measMET_ADDMonoZ2017_MD_2_d_6_catDY_sys_TriggerSFWeightUp
Merging MT_ADDMonoZ2017_MD_2_d_6_catDY_sys_btagEventWeightDown
Merging balance_ADDMonoZ2017_MD_2_d_6_sys_puWeightUp
Merging measMET_ADDMonoZ2017_MD_2_d_6_catDY_sys_jesTotalDown
Merging measMET_ADDMonoZ2017_MD_2_d_6_catSignal-0jet_sys_nvtxWeightDown
Merging measMET_ADDMonoZ2017_MD_2_d_6_cat4L_sys_TriggerSFWeightDown
Merging njet_ADDMonoZ2017_MD_2_d_6_sys_QCDScale2wUp
Merging MT_ADDMonoZ2017_MD_2_d_6_catTOP_sys_jerDown
Merging measMET_ADDMonoZ2017_MD_2_d_6_catTOP_sys_ElectronEnUp
Merging MT_ADDMonoZ2017_MD_2_d_6_cat4L_sys_QCDScale0wDown
Merging MT_ADDMonoZ2017_MD_2_d_6_catEM_sys_QCDScale0wDown
Merging MT_ADDMonoZ2017_MD_2_d_6_catTOP_sys_MuonEnDown
Merging measMET_ADDMonoZ2017_MD_2_d_6_catSignal-0jet_sys_QCDScale2wDown
Merging measMET_ADDMonoZ2017_MD_2_d_6_catSignal-0jet_sys_ElectronEnUp
Merging MT_ADDMonoZ2017_MD_2_d_6_cat3L_sys_nvtxWeightUp
Merging MT_ADDMonoZ2017_MD_2_d_6_catNRB_sys_QCDScale2wUp
Merging measMET_ADDMonoZ2017_MD_2_d_6_catSignal-1jet_sys_MuonSFDown
Merging MT_ADDMonoZ2017_MD_2_d_6_cat4L
Merging measMET_ADDMonoZ2017_MD_2_d_6_catEM_sys_QCDScale1wUp
Merging MT_ADDMonoZ2017_MD_2_d_6_catNRB_sys_nvtxWeightDown
Merging MT_ADDMonoZ2017_MD_2_d_6_cat4L_sys_QCDScale1wUp
Merging MT_ADDMonoZ2017_MD_2_d_6_catTOP_sys_TriggerSFWeightUp
Merging measMET_ADDMonoZ2017_MD_2_d_6_catEM
Merging MT_ADDMonoZ2017_MD_2_d_6_catSignal-1jet_sys_puWeightDown
Merging measMET_ADDMonoZ2017_MD_2_d_6_cat3L_sys_ElecronSFDown
Merging measMET_ADDMonoZ2017_MD_2_d_6_catTOP_sys_nvtxWeightUp
Merging MT_ADDMonoZ2017_MD_2_d_6_catSignal-0jet_sys_jesTotalUp
Merging MT_ADDMonoZ2017_MD_2_d_6_catSignal-0jet_sys_QCDScale0wDown
Merging MT_ADDMonoZ2017_MD_2_d_6_catEM_sys_jerUp
Merging measMET_ADDMonoZ2017_MD_2_d_6_catSignal-1jet_sys_QCDScale2wUp
Merging MT_ADDMonoZ2017_MD_2_d_6_cat3L_sys_QCDScale2wUp
Merging MT_ADDMonoZ2017_MD_2_d_6_catNRB_sys_jesTotalUp
Merging MT_ADDMonoZ2017_MD_2_d_6_catSignal-0jet_sys_nvtxWeightDown
Merging MT_ADDMonoZ2017_MD_2_d_6_catSignal-1jet_sys_PrefireWeightUp
Merging measMET_ADDMonoZ2017_MD_2_d_6_cat4L_sys_QCDScale2wDown
Merging measMET_ADDMonoZ2017_MD_2_d_6_catSignal-1jet_sys_ElectronEnUp
Merging balance_ADDMonoZ2017_MD_2_d_6_sys_QCDScale2wDown
Merging MT_ADDMonoZ2017_MD_2_d_6_catTOP_sys_PDFUp
Merging MT_ADDMonoZ2017_MD_2_d_6_catTOP_sys_jesTotalDown
Merging measMET_ADDMonoZ2017_MD_2_d_6_cat3L_sys_EWKUp
Merging measMET_ADDMonoZ2017_MD_2_d_6_cat3L_sys_MuonSFUp
Merging measMET_ADDMonoZ2017_MD_2_d_6_catNRB_sys_jesTotalUp
Merging measMET_ADDMonoZ2017_MD_2_d_6_catSignal-1jet_sys_ElecronSFUp
Merging MT_ADDMonoZ2017_MD_2_d_6_catSignal-0jet_sys_QCDScale1wDown
Merging measMET_ADDMonoZ2017_MD_2_d_6_catSignal-1jet_sys_EWKUp
Merging measMET_ADDMonoZ2017_MD_2_d_6_catNRB_sys_ElecronSFUp
Merging measMET_ADDMonoZ2017_MD_2_d_6_catDY_sys_QCDScale0wUp
Merging measMET_ADDMonoZ2017_MD_2_d_6_catTOP_sys_ElecronSFDown
Merging MT_ADDMonoZ2017_MD_2_d_6_catEM_sys_PrefireWeightUp
Merging MT_ADDMonoZ2017_MD_2_d_6_catTOP_sys_QCDScale2wUp
Merging measMET_ADDMonoZ2017_MD_2_d_6_catDY_sys_PrefireWeightDown
Merging measMET_ADDMonoZ2017_MD_2_d_6_catEM_sys_PrefireWeightUp
Merging measMET_ADDMonoZ2017_MD_2_d_6_catSignal-1jet_sys_ElectronEnDown
Merging MT_ADDMonoZ2017_MD_2_d_6_catNRB_sys_ElectronEnUp
Merging MT_ADDMonoZ2017_MD_2_d_6_cat3L_sys_EWKDown
Merging measMET_ADDMonoZ2017_MD_2_d_6_catTOP_sys_MuonSFDown
Merging measMET_ADDMonoZ2017_MD_2_d_6_catSignal-1jet_sys_jerUp
Merging MT_ADDMonoZ2017_MD_2_d_6_catSignal-1jet_sys_PDFUp
Merging MT_ADDMonoZ2017_MD_2_d_6_catEM_sys_EWKUp
Merging MT_ADDMonoZ2017_MD_2_d_6_catEM_sys_QCDScale1wDown
Merging balance_ADDMonoZ2017_MD_2_d_6_sys_TriggerSFWeightDown
Merging njet_ADDMonoZ2017_MD_2_d_6_sys_puWeightDown
Merging measMET_ADDMonoZ2017_MD_2_d_6_catSignal-0jet_sys_btagEventWeightDown
Merging measMET_ADDMonoZ2017_MD_2_d_6_cat4L_sys_QCDScale2wUp
Merging balance_ADDMonoZ2017_MD_2_d_6_sys_ElecronSFUp
Merging measMET_ADDMonoZ2017_MD_2_d_6_catSignal-0jet_sys_EWKDown
Merging njet_ADDMonoZ2017_MD_2_d_6_sys_nvtxWeightUp
Merging measMET_ADDMonoZ2017_MD_2_d_6_catSignal-1jet_sys_nvtxWeightDown
Merging MT_ADDMonoZ2017_MD_2_d_6_catNRB_sys_PrefireWeightUp
Merging phizmet_ADDMonoZ2017_MD_2_d_6_sys_PrefireWeightDown
Merging MT_ADDMonoZ2017_MD_2_d_6_catSignal-0jet_sys_ElectronEnDown
Merging MT_ADDMonoZ2017_MD_2_d_6_cat3L_sys_QCDScale2wDown
Merging measMET_ADDMonoZ2017_MD_2_d_6_catNRB_sys_jerDown
Merging measMET_ADDMonoZ2017_MD_2_d_6_catSignal-1jet_sys_PDFDown
Merging njet_ADDMonoZ2017_MD_2_d_6_sys_PDFDown
Merging measMET_ADDMonoZ2017_MD_2_d_6_catSignal-0jet_sys_QCDScale0wDown
Merging balance_ADDMonoZ2017_MD_2_d_6_sys_PrefireWeightDown
Merging measMET_ADDMonoZ2017_MD_2_d_6_catEM_sys_jesTotalDown
Merging MT_ADDMonoZ2017_MD_2_d_6_catSignal-0jet_sys_QCDScale0wUp
Merging MT_ADDMonoZ2017_MD_2_d_6_catTOP_sys_EWKUp
Merging MT_ADDMonoZ2017_MD_2_d_6_cat3L_sys_QCDScale1wDown
Merging MT_ADDMonoZ2017_MD_2_d_6_catDY_sys_nvtxWeightUp
2.3146019295 Hz
----- transfer output to eos :
----- directory after running :
.:
total 6308
-rw-r--r--. 1 cfreer zh    1195 Jan  6 07:02 FrameworkJobReport.xml
-rw-r--r--. 1 cfreer zh       0 Jan  6 06:32 _condor_stderr
-rw-r--r--. 1 cfreer zh   68129 Jan  6 07:02 _condor_stdout
-rw-------. 1 cfreer zh    4882 Jan  6 07:02 cfreer.cc
-rw-r--r--. 1 cfreer zh   16092 Jan  6 06:32 combineHLT_Run2.yaml
-rw-r--r--. 1 cfreer zh    5718 Jan  6 06:32 condor_WSProducer.py
-rwxr-xr-x. 1 cfreer zh     825 Jan  6 06:32 condor_exec.exe
-rwxr-xr-x. 1 cfreer zh    2559 Jan  6 06:32 haddnano.py
-rw-r--r--. 1 cfreer zh       8 Jan  6 06:32 keep_and_drop_WS.txt
drwx------. 3 cfreer zh    4096 Jan  6 06:32 tmp
-rw-r--r--. 1 cfreer zh 3165955 Jan  6 07:02 tree_0.root
-rw-r--r--. 1 cfreer zh 3165803 Jan  6 07:02 tree_0_Skim.root
drwx------. 3 cfreer zh    4096 Jan  6 06:32 var

./tmp:
total 4
drwxr-xr-x. 3 cfreer zh 4096 Jan  6 06:32 mjf-cfreer

./tmp/mjf-cfreer:
total 4
drwxr-xr-x. 2 cfreer zh 4096 Jan  6 06:32 jobfeatures-bigbird09.cern.ch_3254140.0_1578273389

./tmp/mjf-cfreer/jobfeatures-bigbird09.cern.ch_3254140.0_1578273389:
total 28
-rw-r--r--. 1 cfreer zh  1 Jan  6 06:32 allocated_cpu
-rw-r--r--. 1 cfreer zh  6 Jan  6 06:32 cpu_limit_secs
-rw-r--r--. 1 cfreer zh 38 Jan  6 06:32 job_id
-rw-r--r--. 1 cfreer zh 10 Jan  6 06:32 jobstart_secs
-rw-r--r--. 1 cfreer zh 10 Jan  6 06:32 max_rss_bytes
-rw-r--r--. 1 cfreer zh 10 Jan  6 06:32 scratch_limit_bytes
-rw-r--r--. 1 cfreer zh  6 Jan  6 06:32 wall_limit_secs

./var:
total 4
drwx------. 2 cfreer zh 4096 Jan  6 06:32 tmp

./var/tmp:
total 0
 ------ THE END (everyone dies !) ----- 
