
/pool/condor/dir_5469

... start job at 2020-01-13 21:33:06
----- directory before running:
.:
total 100
-rw-r--r--. 1 cfreer zh 11624 Jan 13 21:33 Cert_271036-284044_13TeV_ReReco_07Aug2017_Collisions16_JSON.txt
-rw-r--r--. 1 cfreer zh 14638 Jan 13 21:33 Cert_294927-306462_13TeV_EOY2017ReReco_Collisions17_JSON_v1.txt
-rw-r--r--. 1 cfreer zh 13968 Jan 13 21:33 Cert_314472-325175_13TeV_17SeptEarlyReReco2018ABC_PromptEraD_Collisions18_JSON.txt
-rw-r--r--. 1 cfreer zh     0 Jan 13 21:33 _condor_stderr
-rw-r--r--. 1 cfreer zh    93 Jan 13 21:33 _condor_stdout
-rw-------. 1 cfreer zh  2626 Jan 13 21:33 cfreer.cc
-rw-r--r--. 1 cfreer zh 16092 Jan 13 21:33 combineHLT_Run2.yaml
-rw-r--r--. 1 cfreer zh 10051 Jan 13 21:33 condor_Run2_proc.py
-rwxr-xr-x. 1 cfreer zh   934 Jan 13 21:33 condor_exec.exe
-rwxr-xr-x. 1 cfreer zh  2559 Jan 13 21:33 haddnano.py
-rw-r--r--. 1 cfreer zh   499 Jan 13 21:33 keep_and_drop.txt
drwx------. 3 cfreer zh  4096 Jan 13 21:33 tmp
drwx------. 3 cfreer zh  4096 Jan 13 21:33 var

./tmp:
total 4
drwxr-xr-x. 3 cfreer zh 4096 Jan 13 21:33 mjf-cfreer

./tmp/mjf-cfreer:
total 4
drwxr-xr-x. 2 cfreer zh 4096 Jan 13 21:33 jobfeatures-bigbird09.cern.ch_3299233.1_1578947419

./tmp/mjf-cfreer/jobfeatures-bigbird09.cern.ch_3299233.1_1578947419:
total 28
-rw-r--r--. 1 cfreer zh  1 Jan 13 21:33 allocated_cpu
-rw-r--r--. 1 cfreer zh  6 Jan 13 21:33 cpu_limit_secs
-rw-r--r--. 1 cfreer zh 38 Jan 13 21:33 job_id
-rw-r--r--. 1 cfreer zh 10 Jan 13 21:33 jobstart_secs
-rw-r--r--. 1 cfreer zh 10 Jan 13 21:33 max_rss_bytes
-rw-r--r--. 1 cfreer zh 11 Jan 13 21:33 scratch_limit_bytes
-rw-r--r--. 1 cfreer zh  6 Jan 13 21:33 wall_limit_secs

./var:
total 4
drwx------. 2 cfreer zh 4096 Jan 13 21:33 tmp

./var/tmp:
total 0
----- CMSSW BASE, python path, pwd:
+ CMSSW_BASE  = /afs/cern.ch/work/c/cfreer/MonoZ_2019/MT_plots/CMSSW_10_6_4
+ PYTHON_PATH = 
+ PWD         = /pool/condor/dir_5469
----- Found Proxy in: /afs/cern.ch/user/c/cfreer/x509up_u85831
/store/mc/RunIIFall17NanoAODv5/ADDMonoZ2017_MD_1_d_4/NANOAODSIM/PU2017_12Apr2018_Nano1June2019_102X_mc2017_realistic_v7-v2/110000/E5A2CC92-A164-054C-B68B-36D642E14026.root  ->  root://eoscms.cern.ch//eos/cms/store/mc/RunIIFall17NanoAODv5/ADDMonoZ2017_MD_1_d_4/NANOAODSIM/PU2017_12Apr2018_Nano1June2019_102X_mc2017_realistic_v7-v2/110000/E5A2CC92-A164-054C-B68B-36D642E14026.root
Testing file open
---------------------------
 -- options  =  Namespace(dataset='X', doSyst=1, era='2017', infile='root://cms-xrd-global.cern.ch//store/mc/RunIIFall17NanoAODv5/ADDMonoZ2017_MD_1_d_4/NANOAODSIM/PU2017_12Apr2018_Nano1June2019_102X_mc2017_realistic_v7-v2/110000/E5A2CC92-A164-054C-B68B-36D642E14026.root', isMC=1, jobNum=1, json=None, nevt=-1)
 -- is MC    =  1
 -- jobNum   =  1
 -- era      =  2017
 -- in file  =  root://cms-xrd-global.cern.ch//store/mc/RunIIFall17NanoAODv5/ADDMonoZ2017_MD_1_d_4/NANOAODSIM/PU2017_12Apr2018_Nano1June2019_102X_mc2017_realistic_v7-v2/110000/E5A2CC92-A164-054C-B68B-36D642E14026.root
 -- dataset  =  X
---------------------------
[check] condtag_ ==  PU2017_12Apr2018_Nano1June2019_102X_mc2017_realistic_v7-v2
[check] dataset  ==  ADDMonoZ2017_MD_1_d_4
Loading btagSF weights for deep-CSV (b) algorithm from file '/afs/cern.ch/work/c/cfreer/MonoZ_2019/MT_plots/CMSSW_10_6_4/src/PhysicsTools/NanoAODTools/data/btagSF/DeepCSV_94XSF_V2_B_F.csv'
Load Library 'CondFormatsBTauObjects'
Load Library 'CondToolsBTau'
Loading C++ helper from /afs/cern.ch/work/c/cfreer/MonoZ_2019/MT_plots/CMSSW_10_6_4/src/PhysicsTools/NanoAODTools/python/postprocessing/data/roccor.Run2.v3/RoccoR.cc
Load C++ Worker
/afs/cern.ch/work/c/cfreer/MonoZ_2019/MT_plots/CMSSW_10_6_4/src/PhysicsTools/MonoZ/data/Nvtx/npvWeights_2017.root
/afs/cern.ch/work/c/cfreer/MonoZ_2019/MT_plots/CMSSW_10_6_4/src/PhysicsTools/MonoZ/data/BTagEff/BTagEff_2017.root
modules :  <PhysicsTools.MonoZ.GenWeightProducer.GenWeightProducer object at 0x2b3d9888a510>
modules :  <PhysicsTools.NanoAODTools.postprocessing.modules.common.puWeightProducer.puWeightProducer object at 0x2b3d9888a590>
modules :  <PhysicsTools.NanoAODTools.postprocessing.modules.common.PrefireCorr.PrefCorr object at 0x2b3d99745590>
modules :  <PhysicsTools.NanoAODTools.postprocessing.modules.jme.jetmetUncertainties.jetmetUncertaintiesProducer object at 0x2b3d99749410>
modules :  <PhysicsTools.NanoAODTools.postprocessing.modules.btv.btagSFProducer.btagSFProducer object at 0x2b3d99768c10>
modules :  <PhysicsTools.NanoAODTools.postprocessing.modules.common.muonScaleResProducer.muonScaleResProducer object at 0x2b3d99768c50>
modules :  <PhysicsTools.NanoAODTools.postprocessing.modules.common.lepSFProducer.lepSFProducer object at 0x2b3d997766d0>
modules :  <PhysicsTools.MonoZ.NvtxPUreweight.nvtxWeightProducer object at 0x2b3d99778f50>
modules :  <PhysicsTools.MonoZ.MonoZProducer.MonoZProducer object at 0x2b3d99778f90>
modules :  <PhysicsTools.MonoZ.TriggerSFProducer.TriggerSFProducer object at 0x2b3d99778fd0>
modules :  <PhysicsTools.MonoZ.BtagEventWeightProducer.BtagEventWeightProducer object at 0x2b3d9977a050>
modules :  <PhysicsTools.MonoZ.MonoZWSProducer.MonoZWSProducer object at 0x2b3d9977a090>
modules :  <PhysicsTools.MonoZ.MonoZProducer.MonoZProducer object at 0x2b3d9977a150>
modules :  <PhysicsTools.MonoZ.MonoZWSProducer.MonoZWSProducer object at 0x2b3d9977a190>
modules :  <PhysicsTools.MonoZ.MonoZProducer.MonoZProducer object at 0x2b3d9977a1d0>
modules :  <PhysicsTools.MonoZ.MonoZWSProducer.MonoZWSProducer object at 0x2b3d9977a210>
modules :  <PhysicsTools.MonoZ.MonoZProducer.MonoZProducer object at 0x2b3d9977a250>
modules :  <PhysicsTools.MonoZ.MonoZWSProducer.MonoZWSProducer object at 0x2b3d9977a290>
modules :  <PhysicsTools.MonoZ.MonoZProducer.MonoZProducer object at 0x2b3d9977a2d0>
modules :  <PhysicsTools.MonoZ.MonoZWSProducer.MonoZWSProducer object at 0x2b3d9977a310>
modules :  <PhysicsTools.MonoZ.MonoZProducer.MonoZProducer object at 0x2b3d9977a350>
modules :  <PhysicsTools.MonoZ.MonoZWSProducer.MonoZWSProducer object at 0x2b3d9977a390>
modules :  <PhysicsTools.MonoZ.MonoZProducer.MonoZProducer object at 0x2b3d9977a3d0>
modules :  <PhysicsTools.MonoZ.MonoZWSProducer.MonoZWSProducer object at 0x2b3d9977a410>
modules :  <PhysicsTools.MonoZ.MonoZProducer.MonoZProducer object at 0x2b3d9977a450>
modules :  <PhysicsTools.MonoZ.MonoZWSProducer.MonoZWSProducer object at 0x2b3d9977a490>
modules :  <PhysicsTools.MonoZ.MonoZProducer.MonoZProducer object at 0x2b3d9977a4d0>
modules :  <PhysicsTools.MonoZ.MonoZWSProducer.MonoZWSProducer object at 0x2b3d9977a510>
modules :  <PhysicsTools.MonoZ.MonoZWSProducer.MonoZWSProducer object at 0x2b3d9977a550>
modules :  <PhysicsTools.MonoZ.MonoZWSProducer.MonoZWSProducer object at 0x2b3d9977a590>
modules :  <PhysicsTools.MonoZ.MonoZWSProducer.MonoZWSProducer object at 0x2b3d9977a5d0>
modules :  <PhysicsTools.MonoZ.MonoZWSProducer.MonoZWSProducer object at 0x2b3d9977a610>
modules :  <PhysicsTools.MonoZ.MonoZWSProducer.MonoZWSProducer object at 0x2b3d9977a650>
modules :  <PhysicsTools.MonoZ.MonoZWSProducer.MonoZWSProducer object at 0x2b3d9977a690>
modules :  <PhysicsTools.MonoZ.MonoZWSProducer.MonoZWSProducer object at 0x2b3d9977a6d0>
modules :  <PhysicsTools.MonoZ.MonoZWSProducer.MonoZWSProducer object at 0x2b3d9977a710>
modules :  <PhysicsTools.MonoZ.MonoZWSProducer.MonoZWSProducer object at 0x2b3d9977a750>
modules :  <PhysicsTools.MonoZ.MonoZWSProducer.MonoZWSProducer object at 0x2b3d9977a790>
modules :  <PhysicsTools.MonoZ.MonoZWSProducer.MonoZWSProducer object at 0x2b3d9977a7d0>
modules :  <PhysicsTools.MonoZ.MonoZWSProducer.MonoZWSProducer object at 0x2b3d9977a810>
modules :  <PhysicsTools.MonoZ.MonoZWSProducer.MonoZWSProducer object at 0x2b3d9977a850>
modules :  <PhysicsTools.MonoZ.MonoZWSProducer.MonoZWSProducer object at 0x2b3d9977a8d0>
modules :  <PhysicsTools.MonoZ.MonoZWSProducer.MonoZWSProducer object at 0x2b3d9977a950>
modules :  <PhysicsTools.MonoZ.MonoZWSProducer.MonoZWSProducer object at 0x2b3d9977a9d0>
modules :  <PhysicsTools.MonoZ.MonoZWSProducer.MonoZWSProducer object at 0x2b3d9977aa50>
modules :  <PhysicsTools.MonoZ.MonoZWSProducer.MonoZWSProducer object at 0x2b3d9977aa90>
modules :  <PhysicsTools.MonoZ.MonoZWSProducer.MonoZWSProducer object at 0x2b3d9977aad0>
modules :  <PhysicsTools.MonoZ.MonoZWSProducer.MonoZWSProducer object at 0x2b3d9977ab10>
modules :  <PhysicsTools.MonoZ.MonoZWSProducer.MonoZWSProducer object at 0x2b3d9977ab50>
modules :  <PhysicsTools.MonoZ.MonoZWSProducer.MonoZWSProducer object at 0x2b3d9977ab90>
modules :  <PhysicsTools.MonoZ.MonoZWSProducer.MonoZWSProducer object at 0x2b3d9977abd0>
modules :  <PhysicsTools.MonoZ.MonoZWSProducer.MonoZWSProducer object at 0x2b3d9977ac50>
Selection :  ((Sum$(Electron_pt>20 & &abs(Electron_eta)<2.5) + Sum$(Muon_pt>20 && abs(Muon_eta)<2.5) )>=2)&& Flag_METFilters
Will write selected trees to .
Loading jet energy scale (JES) uncertainties from file '/pool/condor/dir_5469/tmp/tmpjs0Zcj/Fall17_17Nov2017_V32_MC_UncertaintySources_AK4PFchs.txt'
Loading jet energy resolutions (JER) from file '/pool/condor/dir_5469/tmp/tmp7a6g5i/Fall17_V3_MC_PtResolution_AK4PFchs.txt'
Loading JER scale factors and uncertainties from file '/pool/condor/dir_5469/tmp/tmp7a6g5i/Fall17_V3_MC_SF_AK4PFchs.txt'
 --> opening this file : /afs/cern.ch/work/c/cfreer/MonoZ_2019/MT_plots/CMSSW_10_6_4/src/PhysicsTools/NanoAODTools/python/postprocessing/data/leptonSF/2017_Mu_EfficienciesAndSF_RunBtoF_Nov17Nov2017.root
Loading histogram IsoMu27_PtEtaBins/pt_abseta_ratio from file /afs/cern.ch/work/c/cfreer/MonoZ_2019/MT_plots/CMSSW_10_6_4/src/PhysicsTools/NanoAODTools/python/postprocessing/data/leptonSF/2017_Mu_EfficienciesAndSF_RunBtoF_Nov17Nov2017.root... 
---- doing a push_back
---- closing the file
---- file closed
 --> opening this file : /afs/cern.ch/work/c/cfreer/MonoZ_2019/MT_plots/CMSSW_10_6_4/src/PhysicsTools/NanoAODTools/python/postprocessing/data/leptonSF/2017_Mu_RunBCDEF_mc_ID.root
Loading histogram NUM_LooseID_DEN_genTracks_pt_abseta from file /afs/cern.ch/work/c/cfreer/MonoZ_2019/MT_plots/CMSSW_10_6_4/src/PhysicsTools/NanoAODTools/python/postprocessing/data/leptonSF/2017_Mu_RunBCDEF_mc_ID.root... 
---- doing a push_back
---- closing the file
---- file closed
 --> opening this file : /afs/cern.ch/work/c/cfreer/MonoZ_2019/MT_plots/CMSSW_10_6_4/src/PhysicsTools/NanoAODTools/python/postprocessing/data/leptonSF/2017_Mu_RunBCDEF_mc_ISO.root
Loading histogram NUM_LooseRelIso_DEN_LooseID_pt_abseta from file /afs/cern.ch/work/c/cfreer/MonoZ_2019/MT_plots/CMSSW_10_6_4/src/PhysicsTools/NanoAODTools/python/postprocessing/data/leptonSF/2017_Mu_RunBCDEF_mc_ISO.root... 
---- doing a push_back
---- closing the file
---- file closed
---- the end of the init function 
 --> opening this file : /afs/cern.ch/work/c/cfreer/MonoZ_2019/MT_plots/CMSSW_10_6_4/src/PhysicsTools/NanoAODTools/python/postprocessing/data/leptonSF/2017_El_MVA90.root
Loading histogram EGamma_SF2D from file /afs/cern.ch/work/c/cfreer/MonoZ_2019/MT_plots/CMSSW_10_6_4/src/PhysicsTools/NanoAODTools/python/postprocessing/data/leptonSF/2017_El_MVA90.root... 
---- doing a push_back
---- closing the file
---- file closed
 --> opening this file : /afs/cern.ch/work/c/cfreer/MonoZ_2019/MT_plots/CMSSW_10_6_4/src/PhysicsTools/NanoAODTools/python/postprocessing/data/leptonSF/2017_El_egammaEffi.txt_EGM2D_runBCDEF_passingRECO.root
Loading histogram EGamma_SF2D from file /afs/cern.ch/work/c/cfreer/MonoZ_2019/MT_plots/CMSSW_10_6_4/src/PhysicsTools/NanoAODTools/python/postprocessing/data/leptonSF/2017_El_egammaEffi.txt_EGM2D_runBCDEF_passingRECO.root... 
---- doing a push_back
---- closing the file
---- file closed
 --> opening this file : /afs/cern.ch/work/c/cfreer/MonoZ_2019/MT_plots/CMSSW_10_6_4/src/PhysicsTools/NanoAODTools/python/postprocessing/data/leptonSF/2017_El_egammaEffi.txt_EGM2D_runBCDEF_passingRECO_lowEt.root
Loading histogram EGamma_SF2D from file /afs/cern.ch/work/c/cfreer/MonoZ_2019/MT_plots/CMSSW_10_6_4/src/PhysicsTools/NanoAODTools/python/postprocessing/data/leptonSF/2017_El_egammaEffi.txt_EGM2D_runBCDEF_passingRECO_lowEt.root... 
---- doing a push_back
---- closing the file
---- file closed
---- the end of the init function 
Pre-select 17128 entries out of 26000 (65.88%)
Computing PU profile for this file
----- transfert output to eos :
----- directory after running :
.:
total 2420
-rw-r--r--. 1 cfreer zh   11624 Jan 13 21:33 Cert_271036-284044_13TeV_ReReco_07Aug2017_Collisions16_JSON.txt
-rw-r--r--. 1 cfreer zh   14638 Jan 13 21:33 Cert_294927-306462_13TeV_EOY2017ReReco_Collisions17_JSON_v1.txt
-rw-r--r--. 1 cfreer zh   13968 Jan 13 21:33 Cert_314472-325175_13TeV_17SeptEarlyReReco2018ABC_PromptEraD_Collisions18_JSON.txt
-rw-r--r--. 1 cfreer zh 2357727 Jan 13 21:34 E5A2CC92-A164-054C-B68B-36D642E14026_Skim.root
-rw-r--r--. 1 cfreer zh    1819 Jan 13 21:34 _condor_stderr
-rw-r--r--. 1 cfreer zh   12286 Jan 13 21:34 _condor_stdout
-rw-------. 1 cfreer zh    4882 Jan 13 21:33 cfreer.cc
-rw-r--r--. 1 cfreer zh   16092 Jan 13 21:33 combineHLT_Run2.yaml
-rw-r--r--. 1 cfreer zh   10051 Jan 13 21:33 condor_Run2_proc.py
-rwxr-xr-x. 1 cfreer zh     934 Jan 13 21:33 condor_exec.exe
-rwxr-xr-x. 1 cfreer zh    2559 Jan 13 21:33 haddnano.py
-rw-r--r--. 1 cfreer zh     499 Jan 13 21:33 keep_and_drop.txt
drwx------. 5 cfreer zh    4096 Jan 13 21:33 tmp
drwx------. 3 cfreer zh    4096 Jan 13 21:33 var

./tmp:
total 12
drwxr-xr-x. 3 cfreer zh 4096 Jan 13 21:33 mjf-cfreer
drwx------. 2 cfreer zh 4096 Jan 13 21:33 tmp7a6g5i
drwx------. 2 cfreer zh 4096 Jan 13 21:33 tmpjs0Zcj

./tmp/mjf-cfreer:
total 4
drwxr-xr-x. 2 cfreer zh 4096 Jan 13 21:33 jobfeatures-bigbird09.cern.ch_3299233.1_1578947419

./tmp/mjf-cfreer/jobfeatures-bigbird09.cern.ch_3299233.1_1578947419:
total 28
-rw-r--r--. 1 cfreer zh  1 Jan 13 21:33 allocated_cpu
-rw-r--r--. 1 cfreer zh  6 Jan 13 21:33 cpu_limit_secs
-rw-r--r--. 1 cfreer zh 38 Jan 13 21:33 job_id
-rw-r--r--. 1 cfreer zh 10 Jan 13 21:33 jobstart_secs
-rw-r--r--. 1 cfreer zh 10 Jan 13 21:33 max_rss_bytes
-rw-r--r--. 1 cfreer zh 11 Jan 13 21:33 scratch_limit_bytes
-rw-r--r--. 1 cfreer zh  6 Jan 13 21:33 wall_limit_secs

./tmp/tmp7a6g5i:
total 408
-rw-rw-r--. 1 cfreer zh 17775 Apr  2  2019 Fall17_V3_MC_EtaResolution_AK4PF.txt
-rw-rw-r--. 1 cfreer zh 17775 Apr  2  2019 Fall17_V3_MC_EtaResolution_AK4PFPuppi.txt
-rw-rw-r--. 1 cfreer zh 17775 Apr  2  2019 Fall17_V3_MC_EtaResolution_AK4PFchs.txt
-rw-rw-r--. 1 cfreer zh 17775 Apr  2  2019 Fall17_V3_MC_EtaResolution_AK8PF.txt
-rw-rw-r--. 1 cfreer zh 17775 Apr  2  2019 Fall17_V3_MC_EtaResolution_AK8PFPuppi.txt
-rw-rw-r--. 1 cfreer zh 17775 Apr  2  2019 Fall17_V3_MC_EtaResolution_AK8PFchs.txt
-rw-rw-r--. 1 cfreer zh 17775 Apr  2  2019 Fall17_V3_MC_PhiResolution_AK4PF.txt
-rw-rw-r--. 1 cfreer zh 17775 Apr  2  2019 Fall17_V3_MC_PhiResolution_AK4PFPuppi.txt
-rw-rw-r--. 1 cfreer zh 17775 Apr  2  2019 Fall17_V3_MC_PhiResolution_AK4PFchs.txt
-rw-rw-r--. 1 cfreer zh 17775 Apr  2  2019 Fall17_V3_MC_PhiResolution_AK8PF.txt
-rw-rw-r--. 1 cfreer zh 17775 Apr  2  2019 Fall17_V3_MC_PhiResolution_AK8PFPuppi.txt
-rw-rw-r--. 1 cfreer zh 17775 Apr  2  2019 Fall17_V3_MC_PhiResolution_AK8PFchs.txt
-rw-rw-r--. 1 cfreer zh 20537 Apr  2  2019 Fall17_V3_MC_PtResolution_AK4PF.txt
-rw-rw-r--. 1 cfreer zh 20537 Apr  2  2019 Fall17_V3_MC_PtResolution_AK4PFPuppi.txt
-rw-rw-r--. 1 cfreer zh 20537 Apr  2  2019 Fall17_V3_MC_PtResolution_AK4PFchs.txt
-rw-rw-r--. 1 cfreer zh 20537 Apr  2  2019 Fall17_V3_MC_PtResolution_AK8PF.txt
-rw-rw-r--. 1 cfreer zh 20537 Apr  2  2019 Fall17_V3_MC_PtResolution_AK8PFPuppi.txt
-rw-rw-r--. 1 cfreer zh 20537 Apr  2  2019 Fall17_V3_MC_PtResolution_AK8PFchs.txt
-rw-rw-r--. 1 cfreer zh   966 Apr  2  2019 Fall17_V3_MC_SF_AK4PF.txt
-rw-rw-r--. 1 cfreer zh   966 Apr  2  2019 Fall17_V3_MC_SF_AK4PFPuppi.txt
-rw-rw-r--. 1 cfreer zh   966 Apr  2  2019 Fall17_V3_MC_SF_AK4PFchs.txt
-rw-rw-r--. 1 cfreer zh   966 Apr  2  2019 Fall17_V3_MC_SF_AK8PF.txt
-rw-rw-r--. 1 cfreer zh   966 Apr  2  2019 Fall17_V3_MC_SF_AK8PFPuppi.txt
-rw-rw-r--. 1 cfreer zh   966 Apr  2  2019 Fall17_V3_MC_SF_AK8PFchs.txt

./tmp/tmpjs0Zcj:
total 19864
-rw-rw-r--. 1 cfreer zh   15365 Apr  2  2019 Fall17_17Nov2017_V32_MC_L1FastJet_AK4Calo.txt
-rw-rw-r--. 1 cfreer zh   15365 Apr  2  2019 Fall17_17Nov2017_V32_MC_L1FastJet_AK4JPT.txt
-rwxrwxr-x. 1 cfreer zh   15518 Apr  2  2019 Fall17_17Nov2017_V32_MC_L1FastJet_AK4PF.txt
-rwxrwxr-x. 1 cfreer zh     150 Apr  2  2019 Fall17_17Nov2017_V32_MC_L1FastJet_AK4PFPuppi.txt
-rwxrwxr-x. 1 cfreer zh   15518 Apr  2  2019 Fall17_17Nov2017_V32_MC_L1FastJet_AK4PFchs.txt
-rwxrwxr-x. 1 cfreer zh   15518 Apr  2  2019 Fall17_17Nov2017_V32_MC_L1FastJet_AK8PF.txt
-rwxrwxr-x. 1 cfreer zh     150 Apr  2  2019 Fall17_17Nov2017_V32_MC_L1FastJet_AK8PFPuppi.txt
-rwxrwxr-x. 1 cfreer zh   15518 Apr  2  2019 Fall17_17Nov2017_V32_MC_L1FastJet_AK8PFchs.txt
-rw-rw-r--. 1 cfreer zh    5352 Apr  2  2019 Fall17_17Nov2017_V32_MC_L1JPTOffset_AK4JPT.txt
-rw-rw-r--. 1 cfreer zh    8653 Apr  2  2019 Fall17_17Nov2017_V32_MC_L1RC_AK4PF.txt
-rw-rw-r--. 1 cfreer zh    8653 Apr  2  2019 Fall17_17Nov2017_V32_MC_L1RC_AK4PFchs.txt
-rw-rw-r--. 1 cfreer zh    8653 Apr  2  2019 Fall17_17Nov2017_V32_MC_L1RC_AK8PF.txt
-rw-rw-r--. 1 cfreer zh    8653 Apr  2  2019 Fall17_17Nov2017_V32_MC_L1RC_AK8PFchs.txt
-rw-rw-r--. 1 cfreer zh     176 Apr  2  2019 Fall17_17Nov2017_V32_MC_L2L3Residual_AK4Calo.txt
-rw-rw-r--. 1 cfreer zh     176 Apr  2  2019 Fall17_17Nov2017_V32_MC_L2L3Residual_AK4JPT.txt
-rw-rw-r--. 1 cfreer zh     176 Apr  2  2019 Fall17_17Nov2017_V32_MC_L2L3Residual_AK4PF.txt
-rw-rw-r--. 1 cfreer zh     176 Apr  2  2019 Fall17_17Nov2017_V32_MC_L2L3Residual_AK4PFPuppi.txt
-rw-rw-r--. 1 cfreer zh     176 Apr  2  2019 Fall17_17Nov2017_V32_MC_L2L3Residual_AK4PFchs.txt
-rw-rw-r--. 1 cfreer zh     176 Apr  2  2019 Fall17_17Nov2017_V32_MC_L2L3Residual_AK8PF.txt
-rw-rw-r--. 1 cfreer zh     176 Apr  2  2019 Fall17_17Nov2017_V32_MC_L2L3Residual_AK8PFPuppi.txt
-rw-rw-r--. 1 cfreer zh     176 Apr  2  2019 Fall17_17Nov2017_V32_MC_L2L3Residual_AK8PFchs.txt
-rw-rw-r--. 1 cfreer zh   15463 Apr  2  2019 Fall17_17Nov2017_V32_MC_L2Relative_AK4Calo.txt
-rw-rw-r--. 1 cfreer zh   15462 Apr  2  2019 Fall17_17Nov2017_V32_MC_L2Relative_AK4JPT.txt
-rw-rw-r--. 1 cfreer zh  303197 Apr  2  2019 Fall17_17Nov2017_V32_MC_L2Relative_AK4PF.txt
-rw-rw-r--. 1 cfreer zh  287693 Apr  2  2019 Fall17_17Nov2017_V32_MC_L2Relative_AK4PFPuppi.txt
-rw-rw-r--. 1 cfreer zh  296357 Apr  2  2019 Fall17_17Nov2017_V32_MC_L2Relative_AK4PFchs.txt
-rw-rw-r--. 1 cfreer zh  205461 Apr  2  2019 Fall17_17Nov2017_V32_MC_L2Relative_AK8PF.txt
-rw-rw-r--. 1 cfreer zh  289517 Apr  2  2019 Fall17_17Nov2017_V32_MC_L2Relative_AK8PFPuppi.txt
-rw-rw-r--. 1 cfreer zh  199989 Apr  2  2019 Fall17_17Nov2017_V32_MC_L2Relative_AK8PFchs.txt
-rw-rw-r--. 1 cfreer zh     176 Apr  2  2019 Fall17_17Nov2017_V32_MC_L2Residual_AK4Calo.txt
-rw-rw-r--. 1 cfreer zh     176 Apr  2  2019 Fall17_17Nov2017_V32_MC_L2Residual_AK4JPT.txt
-rw-rw-r--. 1 cfreer zh     176 Apr  2  2019 Fall17_17Nov2017_V32_MC_L2Residual_AK4PF.txt
-rw-rw-r--. 1 cfreer zh     176 Apr  2  2019 Fall17_17Nov2017_V32_MC_L2Residual_AK4PFPuppi.txt
-rw-rw-r--. 1 cfreer zh     176 Apr  2  2019 Fall17_17Nov2017_V32_MC_L2Residual_AK4PFchs.txt
-rw-rw-r--. 1 cfreer zh     176 Apr  2  2019 Fall17_17Nov2017_V32_MC_L2Residual_AK8PF.txt
-rw-rw-r--. 1 cfreer zh     176 Apr  2  2019 Fall17_17Nov2017_V32_MC_L2Residual_AK8PFPuppi.txt
-rw-rw-r--. 1 cfreer zh     176 Apr  2  2019 Fall17_17Nov2017_V32_MC_L2Residual_AK8PFchs.txt
-rw-rw-r--. 1 cfreer zh     105 Apr  2  2019 Fall17_17Nov2017_V32_MC_L3Absolute_AK4Calo.txt
-rw-rw-r--. 1 cfreer zh     105 Apr  2  2019 Fall17_17Nov2017_V32_MC_L3Absolute_AK4JPT.txt
-rwxrwxr-x. 1 cfreer zh     177 Apr  2  2019 Fall17_17Nov2017_V32_MC_L3Absolute_AK4PF.txt
-rwxrwxr-x. 1 cfreer zh     177 Apr  2  2019 Fall17_17Nov2017_V32_MC_L3Absolute_AK4PFPuppi.txt
-rwxrwxr-x. 1 cfreer zh     177 Apr  2  2019 Fall17_17Nov2017_V32_MC_L3Absolute_AK4PFchs.txt
-rwxrwxr-x. 1 cfreer zh     177 Apr  2  2019 Fall17_17Nov2017_V32_MC_L3Absolute_AK8PF.txt
-rwxrwxr-x. 1 cfreer zh     177 Apr  2  2019 Fall17_17Nov2017_V32_MC_L3Absolute_AK8PFPuppi.txt
-rwxrwxr-x. 1 cfreer zh     177 Apr  2  2019 Fall17_17Nov2017_V32_MC_L3Absolute_AK8PFchs.txt
-rw-rw-r--. 1 cfreer zh 2228172 Apr  2  2019 Fall17_17Nov2017_V32_MC_UncertaintySources_AK4Calo.txt
-rw-rw-r--. 1 cfreer zh 2228172 Apr  2  2019 Fall17_17Nov2017_V32_MC_UncertaintySources_AK4JPT.txt
-rw-rw-r--. 1 cfreer zh 2275879 Apr  2  2019 Fall17_17Nov2017_V32_MC_UncertaintySources_AK4PF.txt
-rw-rw-r--. 1 cfreer zh 2275879 Apr  2  2019 Fall17_17Nov2017_V32_MC_UncertaintySources_AK4PFPuppi.txt
-rw-rw-r--. 1 cfreer zh 2275879 Apr  2  2019 Fall17_17Nov2017_V32_MC_UncertaintySources_AK4PFchs.txt
-rw-rw-r--. 1 cfreer zh 2275879 Apr  2  2019 Fall17_17Nov2017_V32_MC_UncertaintySources_AK8PF.txt
-rw-rw-r--. 1 cfreer zh 2275879 Apr  2  2019 Fall17_17Nov2017_V32_MC_UncertaintySources_AK8PFPuppi.txt
-rw-rw-r--. 1 cfreer zh 2275879 Apr  2  2019 Fall17_17Nov2017_V32_MC_UncertaintySources_AK8PFchs.txt
-rw-rw-r--. 1 cfreer zh   40604 Apr  2  2019 Fall17_17Nov2017_V32_MC_Uncertainty_AK4Calo.txt
-rw-rw-r--. 1 cfreer zh   40604 Apr  2  2019 Fall17_17Nov2017_V32_MC_Uncertainty_AK4JPT.txt
-rw-rw-r--. 1 cfreer zh   40604 Apr  2  2019 Fall17_17Nov2017_V32_MC_Uncertainty_AK4PF.txt
-rw-rw-r--. 1 cfreer zh   40604 Apr  2  2019 Fall17_17Nov2017_V32_MC_Uncertainty_AK4PFPuppi.txt
-rw-rw-r--. 1 cfreer zh   40604 Apr  2  2019 Fall17_17Nov2017_V32_MC_Uncertainty_AK4PFchs.txt
-rw-rw-r--. 1 cfreer zh   40604 Apr  2  2019 Fall17_17Nov2017_V32_MC_Uncertainty_AK8PF.txt
-rw-rw-r--. 1 cfreer zh   40604 Apr  2  2019 Fall17_17Nov2017_V32_MC_Uncertainty_AK8PFPuppi.txt
-rw-rw-r--. 1 cfreer zh   40604 Apr  2  2019 Fall17_17Nov2017_V32_MC_Uncertainty_AK8PFchs.txt

./var:
total 4
drwx------. 2 cfreer zh 4096 Jan 13 21:33 tmp

./var/tmp:
total 0
 ------ THE END (everyone dies !) ----- 
