
/pool/condor/dir_23181

... start job at 2019-11-30 11:25:10
----- directory before running:
.:
total 52
-rw-r--r--. 1 cfreer zh     0 Nov 30 11:25 _condor_stderr
-rw-r--r--. 1 cfreer zh    94 Nov 30 11:25 _condor_stdout
-rw-------. 1 cfreer zh  2642 Nov 30 11:25 cfreer.cc
-rw-r--r--. 1 cfreer zh 16092 Nov 30 11:25 combineHLT_Run2.yaml
-rw-r--r--. 1 cfreer zh  5718 Nov 30 11:25 condor_WSProducer.py
-rwxr-xr-x. 1 cfreer zh   843 Nov 30 11:25 condor_exec.exe
-rwxr-xr-x. 1 cfreer zh  2559 Nov 30 11:25 haddnano.py
-rw-r--r--. 1 cfreer zh     8 Nov 30 11:25 keep_and_drop_WS.txt
drwx------. 3 cfreer zh  4096 Nov 30 11:25 tmp
drwx------. 3 cfreer zh  4096 Nov 30 11:25 var

./tmp:
total 4
drwxr-xr-x. 3 cfreer zh 4096 Nov 30 11:25 mjf-cfreer

./tmp/mjf-cfreer:
total 4
drwxr-xr-x. 2 cfreer zh 4096 Nov 30 11:25 jobfeatures-bigbird09.cern.ch_3031879.1_1574960920

./tmp/mjf-cfreer/jobfeatures-bigbird09.cern.ch_3031879.1_1574960920:
total 28
-rw-r--r--. 1 cfreer zh  1 Nov 30 11:25 allocated_cpu
-rw-r--r--. 1 cfreer zh  6 Nov 30 11:25 cpu_limit_secs
-rw-r--r--. 1 cfreer zh 38 Nov 30 11:25 job_id
-rw-r--r--. 1 cfreer zh 10 Nov 30 11:25 jobstart_secs
-rw-r--r--. 1 cfreer zh 10 Nov 30 11:25 max_rss_bytes
-rw-r--r--. 1 cfreer zh 10 Nov 30 11:25 scratch_limit_bytes
-rw-r--r--. 1 cfreer zh  6 Nov 30 11:25 wall_limit_secs

./var:
total 4
drwx------. 2 cfreer zh 4096 Nov 30 11:25 tmp

./var/tmp:
total 0
----- CMSSW BASE, python path, pwd:
+ CMSSW_BASE  = /afs/cern.ch/work/c/cfreer/MonoZ_2019/MT_plots/CMSSW_10_6_4
+ PYTHON_PATH = 
+ PWD         = /pool/condor/dir_23181
/eos/cms/store/group/phys_exotica/monoZ/Exorcism2018/GluGluToContinToZZTo4e_13TeV_MCFM701_pythia8/tree_1.root  ->  /eos/cms/store/group/phys_exotica/monoZ/Exorcism2018/GluGluToContinToZZTo4e_13TeV_MCFM701_pythia8/tree_1.root
Testing file open
Test OK
---------------------------
 -- options  =  Namespace(dataset='X', doSyst=1, era='2018', infile='/eos/cms/store/group/phys_exotica/monoZ/Exorcism2018/GluGluToContinToZZTo4e_13TeV_MCFM701_pythia8/tree_1.root', isMC=1, jobNum=1, nevt=-1)
 -- is MC    =  1
 -- jobNum   =  1
 -- era      =  2018
 -- in file  =  /eos/cms/store/group/phys_exotica/monoZ/Exorcism2018/GluGluToContinToZZTo4e_13TeV_MCFM701_pythia8/tree_1.root
 -- dataset  =  X
---------------------------
[check] condtag_ ==  GluGluToContinToZZTo4e_13TeV_MCFM701_pythia8
[check] dataset  ==  monoZ
modules :  <PhysicsTools.MonoZ.MonoZWSProducer.MonoZWSProducer object at 0x2b1909a81890>
modules :  <PhysicsTools.MonoZ.MonoZWSProducer.MonoZWSProducer object at 0x2b1909a81950>
modules :  <PhysicsTools.MonoZ.MonoZWSProducer.MonoZWSProducer object at 0x2b1909a81990>
modules :  <PhysicsTools.MonoZ.MonoZWSProducer.MonoZWSProducer object at 0x2b1909a819d0>
modules :  <PhysicsTools.MonoZ.MonoZWSProducer.MonoZWSProducer object at 0x2b1909a81a10>
modules :  <PhysicsTools.MonoZ.MonoZWSProducer.MonoZWSProducer object at 0x2b1909a81a50>
modules :  <PhysicsTools.MonoZ.MonoZWSProducer.MonoZWSProducer object at 0x2b1909a81a90>
modules :  <PhysicsTools.MonoZ.MonoZWSProducer.MonoZWSProducer object at 0x2b1909a81ad0>
modules :  <PhysicsTools.MonoZ.MonoZWSProducer.MonoZWSProducer object at 0x2b1909a81b10>
modules :  <PhysicsTools.MonoZ.MonoZWSProducer.MonoZWSProducer object at 0x2b1909a81b50>
modules :  <PhysicsTools.MonoZ.MonoZWSProducer.MonoZWSProducer object at 0x2b1909a81b90>
modules :  <PhysicsTools.MonoZ.MonoZWSProducer.MonoZWSProducer object at 0x2b1909a81bd0>
modules :  <PhysicsTools.MonoZ.MonoZWSProducer.MonoZWSProducer object at 0x2b1909a81c10>
modules :  <PhysicsTools.MonoZ.MonoZWSProducer.MonoZWSProducer object at 0x2b1909a81c50>
modules :  <PhysicsTools.MonoZ.MonoZWSProducer.MonoZWSProducer object at 0x2b1909a81c90>
modules :  <PhysicsTools.MonoZ.MonoZWSProducer.MonoZWSProducer object at 0x2b1909a81cd0>
modules :  <PhysicsTools.MonoZ.MonoZWSProducer.MonoZWSProducer object at 0x2b1909a81d10>
modules :  <PhysicsTools.MonoZ.MonoZWSProducer.MonoZWSProducer object at 0x2b1909a81d50>
modules :  <PhysicsTools.MonoZ.MonoZWSProducer.MonoZWSProducer object at 0x2b1909a81d90>
modules :  <PhysicsTools.MonoZ.MonoZWSProducer.MonoZWSProducer object at 0x2b1909a81dd0>
modules :  <PhysicsTools.MonoZ.MonoZWSProducer.MonoZWSProducer object at 0x2b1909a81e10>
modules :  <PhysicsTools.MonoZ.MonoZWSProducer.MonoZWSProducer object at 0x2b1909a81e50>
modules :  <PhysicsTools.MonoZ.MonoZWSProducer.MonoZWSProducer object at 0x2b1909a81ed0>
modules :  <PhysicsTools.MonoZ.MonoZWSProducer.MonoZWSProducer object at 0x2b1909a81f50>
modules :  <PhysicsTools.MonoZ.MonoZWSProducer.MonoZWSProducer object at 0x2b1909a81fd0>
modules :  <PhysicsTools.MonoZ.MonoZWSProducer.MonoZWSProducer object at 0x2b1909a83090>
modules :  <PhysicsTools.MonoZ.MonoZWSProducer.MonoZWSProducer object at 0x2b1909a830d0>
modules :  <PhysicsTools.MonoZ.MonoZWSProducer.MonoZWSProducer object at 0x2b1909a83110>
modules :  <PhysicsTools.MonoZ.MonoZWSProducer.MonoZWSProducer object at 0x2b1909a83150>
modules :  <PhysicsTools.MonoZ.MonoZWSProducer.MonoZWSProducer object at 0x2b1909a83190>
modules :  <PhysicsTools.MonoZ.MonoZWSProducer.MonoZWSProducer object at 0x2b1909a831d0>
Selection :  
Will write selected trees to .
Pre-select 184496 entries out of 184496 (100.00%)
Processed    10000/  184496 entries,  5.42% (elapsed time   232.2s, curr speed    0.043 kHz, avg speed    0.043 kHz), accepted    10001/   10001 events (100.00%)
Processed    20000/  184496 entries, 10.84% (elapsed time   458.9s, curr speed    0.044 kHz, avg speed    0.044 kHz), accepted    20001/   20001 events (100.00%)
Processed    30000/  184496 entries, 16.26% (elapsed time   690.3s, curr speed    0.043 kHz, avg speed    0.0Adding file ./tree_1_Skim.root
Merging measMET_monoZ_catSignal-0jet
Merging MT_monoZ_catSignal-0jet
Merging measMET_monoZ_catEM
Merging MT_monoZ_catEM
Merging measMET_monoZ_catSignal-1jet
Merging MT_monoZ_catSignal-1jet
Merging measMET_monoZ_cat3L
Merging MT_monoZ_cat3L
Merging measMET_monoZ_cat4L
Merging MT_monoZ_cat4L
Merging measMET_monoZ_catNRB
Merging MT_monoZ_catNRB
Merging measMET_monoZ_catTOP
Merging MT_monoZ_catTOP
Merging measMET_monoZ_catDY
Merging MT_monoZ_catDY
Merging balance_monoZ
Merging phizmet_monoZ
Merging njet_monoZ
Merging measMET_monoZ_catSignal-0jet_sys_ElectronEnUp
Merging MT_monoZ_catSignal-0jet_sys_ElectronEnUp
Merging measMET_monoZ_catEM_sys_ElectronEnUp
Merging MT_monoZ_catEM_sys_ElectronEnUp
Merging measMET_monoZ_catSignal-1jet_sys_ElectronEnUp
Merging MT_monoZ_catSignal-1jet_sys_ElectronEnUp
Merging measMET_monoZ_cat3L_sys_ElectronEnUp
Merging MT_monoZ_cat3L_sys_ElectronEnUp
Merging measMET_monoZ_cat4L_sys_ElectronEnUp
Merging MT_monoZ_cat4L_sys_ElectronEnUp
Merging measMET_monoZ_catNRB_sys_ElectronEnUp
Merging MT_monoZ_catNRB_sys_ElectronEnUp
Merging measMET_monoZ_catTOP_sys_ElectronEnUp
Merging MT_monoZ_catTOP_sys_ElectronEnUp
Merging measMET_monoZ_catDY_sys_ElectronEnUp
Merging MT_monoZ_catDY_sys_ElectronEnUp
Merging balance_monoZ_sys_ElectronEnUp
Merging phizmet_monoZ_sys_ElectronEnUp
Merging njet_monoZ_sys_ElectronEnUp
Merging measMET_monoZ_catSignal-0jet_sys_ElectronEnDown
Merging MT_monoZ_catSignal-0jet_sys_ElectronEnDown
Merging measMET_monoZ_catEM_sys_ElectronEnDown
Merging MT_monoZ_catEM_sys_ElectronEnDown
Merging measMET_monoZ_catSignal-1jet_sys_ElectronEnDown
Merging MT_monoZ_catSignal-1jet_sys_ElectronEnDown
Merging measMET_monoZ_cat3L_sys_ElectronEnDown
Merging MT_monoZ_cat3L_sys_ElectronEnDown
Merging measMET_monoZ_cat4L_sys_ElectronEnDown
Merging MT_monoZ_cat4L_sys_ElectronEnDown
Merging measMET_monoZ_catNRB_sys_ElectronEnDown
Merging MT_monoZ_catNRB_sys_ElectronEnDown
Merging measMET_monoZ_catTOP_sys_ElectronEnDown
Merging MT_monoZ_catTOP_sys_ElectronEnDown
Merging measMET_monoZ_catDY_sys_ElectronEnDown
Merging MT_monoZ_catDY_sys_ElectronEnDown
Merging balance_monoZ_sys_ElectronEnDown
Merging phizmet_monoZ_sys_ElectronEnDown
Merging njet_monoZ_sys_ElectronEnDown
Merging measMET_monoZ_catSignal-0jet_sys_MuonEnUp
Merging MT_monoZ_catSignal-0jet_sys_MuonEnUp
Merging measMET_monoZ_catEM_sys_MuonEnUp
Merging MT_monoZ_catEM_sys_MuonEnUp
Merging measMET_monoZ_catSignal-1jet_sys_MuonEnUp
Merging MT_monoZ_catSignal-1jet_sys_MuonEnUp
Merging measMET_monoZ_cat3L_sys_MuonEnUp
Merging MT_monoZ_cat3L_sys_MuonEnUp
Merging measMET_monoZ_cat4L_sys_MuonEnUp
Merging MT_monoZ_cat4L_sys_MuonEnUp
Merging measMET_monoZ_catNRB_sys_MuonEnUp
Merging MT_monoZ_catNRB_sys_MuonEnUp
Merging measMET_monoZ_catTOP_sys_MuonEnUp
Merging MT_monoZ_catTOP_sys_MuonEnUp
Merging measMET_monoZ_catDY_sys_MuonEnUp
Merging MT_monoZ_catDY_sys_MuonEnUp
Merging balance_monoZ_sys_MuonEnUp
Merging phizmet_monoZ_sys_MuonEnUp
Merging njet_monoZ_sys_MuonEnUp
Merging measMET_monoZ_catSignal-0jet_sys_MuonEnDown
Merging MT_monoZ_catSignal-0jet_sys_MuonEnDown
Merging measMET_monoZ_catEM_sys_MuonEnDown
Merging MT_monoZ_catEM_sys_MuonEnDown
Merging measMET_monoZ_catSignal-1jet_sys_MuonEnDown
Merging MT_monoZ_catSignal-1jet_sys_MuonEnDown
Merging measMET_monoZ_cat3L_sys_MuonEnDown
Merging MT_monoZ_cat3L_sys_MuonEnDown
Merging measMET_monoZ_cat4L_sys_MuonEnDown
Merging MT_monoZ_cat4L_sys_MuonEnDown
Merging measMET_monoZ_catNRB_sys_MuonEnDown
Merging MT_monoZ_catNRB_sys_MuonEnDown
Merging measMET_monoZ_catTOP_sys_MuonEnDown
Merging MT_monoZ_catTOP_sys_MuonEnDown
Merging measMET_monoZ_catDY_sys_MuonEnDown
Merging MT_monoZ_catDY_sys_MuonEnDown
Merging balance_monoZ_sys_MuonEnDown
Merging phizmet_monoZ_sys_MuonEnDown
Merging njet_monoZ_sys_MuonEnDown
Merging measMET_monoZ_catSignal-0jet_sys_jesTotalUp
Merging MT_monoZ_catSignal-0jet_sys_jesTotalUp
Merging measMET_monoZ_catEM_sys_jesTotalUp
Merging MT_monoZ_catEM_sys_jesTotalUp
Merging measMET_monoZ_catSignal-1jet_sys_jesTotalUp
Merging MT_monoZ_catSignal-1jet_sys_jesTotalUp
Merging measMET_monoZ_cat3L_sys_jesTotalUp
Merging MT_monoZ_cat3L_sys_jesTotalUp
Merging measMET_monoZ_cat4L_sys_jesTotalUp
Merging MT_monoZ_cat4L_sys_jesTotalUp
Merging measMET_monoZ_catNRB_sys_jesTotalUp
Merging MT_monoZ_catNRB_sys_jesTotalUp
Merging measMET_monoZ_catTOP_sys_jesTotalUp
Merging MT_monoZ_catTOP_sys_jesTotalUp
Merging measMET_monoZ_catDY_sys_jesTotalUp
Merging MT_monoZ_catDY_sys_jesTotalUp
Merging balance_monoZ_sys_jesTotalUp
Merging phizmet_monoZ_sys_jesTotalUp
Merging njet_monoZ_sys_jesTotalUp
Merging measMET_monoZ_catSignal-0jet_sys_jesTotalDown
Merging MT_monoZ_catSignal-0jet_sys_jesTotalDown
Merging measMET_monoZ_catEM_sys_jesTotalDown
Merging MT_monoZ_catEM_sys_jesTotalDown
Merging measMET_monoZ_catSignal-1jet_sys_jesTotalDown
Merging MT_monoZ_catSignal-1jet_sys_jesTotalDown
Merging measMET_monoZ_cat3L_sys_jesTotalDown
Merging MT_monoZ_cat3L_sys_jesTotalDown
Merging measMET_monoZ_cat4L_sys_jesTotalDown
Merging MT_monoZ_cat4L_sys_jesTotalDown
Merging measMET_monoZ_catNRB_sys_jesTotalDown
Merging MT_monoZ_catNRB_sys_jesTotalDown
Merging measMET_monoZ_catTOP_sys_jesTotalDown
Merging MT_monoZ_catTOP_sys_jesTotalDown
Merging measMET_monoZ_catDY_sys_jesTotalDown
Merging MT_monoZ_catDY_sys_jesTotalDown
Merging balance_monoZ_sys_jesTotalDown
Merging phizmet_monoZ_sys_jesTotalDown
Merging njet_monoZ_sys_jesTotalDown
Merging measMET_monoZ_catSignal-0jet_sys_jerUp
Merging MT_monoZ_catSignal-0jet_sys_jerUp
Merging measMET_monoZ_catEM_sys_jerUp
Merging MT_monoZ_catEM_sys_jerUp
Merging measMET_monoZ_catSignal-1jet_sys_jerUp
Merging MT_monoZ_catSignal-1jet_sys_jerUp
Merging measMET_monoZ_cat3L_sys_jerUp
Merging MT_monoZ_cat3L_sys_jerUp
Merging measMET_monoZ_cat4L_sys_jerUp
Merging MT_monoZ_cat4L_sys_jerUp
Merging measMET_monoZ_catNRB_sys_jerUp
Merging MT_monoZ_catNRB_sys_jerUp
Merging measMET_monoZ_catTOP_sys_jerUp
Merging MT_monoZ_catTOP_sys_jerUp
Merging measMET_monoZ_catDY_sys_jerUp
Merging MT_monoZ_catDY_sys_jerUp
Merging balance_monoZ_sys_jerUp
Merging phizmet_monoZ_sys_jerUp
Merging njet_monoZ_sys_jerUp
Merging measMET_monoZ_catSignal-0jet_sys_jerDown
Merging MT_monoZ_catSignal-0jet_sys_jerDown
Merging measMET_monoZ_catEM_sys_jerDown
Merging MT_monoZ_catEM_sys_jerDown
Merging measMET_monoZ_catSignal-1jet_sys_jerDown
Merging MT_monoZ_catSignal-1jet_sys_jerDown
Merging measMET_monoZ_cat3L_sys_jerDown
Merging MT_monoZ_cat3L_sys_jerDown
Merging measMET_monoZ_cat4L_sys_jerDown
Merging MT_monoZ_cat4L_sys_jerDown
Merging measMET_monoZ_catNRB_sys_jerDown
Merging MT_monoZ_catNRB_sys_jerDown
Merging measMET_monoZ_catTOP_sys_jerDown
Merging MT_monoZ_catTOP_sys_jerDown
Merging measMET_monoZ_catDY_sys_jerDown
Merging MT_monoZ_catDY_sys_jerDown
Merging balance_monoZ_sys_jerDown
Merging phizmet_monoZ_sys_jerDown
Merging njet_monoZ_sys_jerDown
Merging measMET_monoZ_catSignal-0jet_sys_puWeightUp
Merging MT_monoZ_catSignal-0jet_sys_puWeightUp
Merging measMET_monoZ_catEM_sys_puWeightUp
Merging MT_monoZ_catEM_sys_puWeightUp
Merging measMET_monoZ_catSignal-1jet_sys_puWeightUp
Merging MT_monoZ_catSignal-1jet_sys_puWeightUp
Merging measMET_monoZ_cat3L_sys_puWeightUp
Merging MT_monoZ_cat3L_sys_puWeightUp
Merging measMET_monoZ_cat4L_sys_puWeightUp
Merging MT_monoZ_cat4L_sys_puWeightUp
Merging measMET_monoZ_catNRB_sys_puWeightUp
Merging MT_monoZ_catNRB_sys_puWeightUp
Merging measMET_monoZ_catTOP_sys_puWeightUp
Merging MT_monoZ_catTOP_sys_puWeightUp
Merging measMET_monoZ_catDY_sys_puWeightUp
Merging MT_monoZ_catDY_sys_puWeightUp
Merging balance_monoZ_sys_puWeightUp
Merging phizmet_monoZ_sys_puWeightUp
Merging njet_monoZ_sys_puWeightUp
Merging measMET_monoZ_catSignal-0jet_sys_puWeightDown
Merging MT_monoZ_catSignal-0jet_sys_puWeightDown
Merging measMET_monoZ_catEM_sys_puWeightDown
Merging MT_monoZ_catEM_sys_puWeightDown
Merging measMET_monoZ_catSignal-1jet_sys_puWeightDown
Merging MT_monoZ_catSignal-1jet_sys_puWeightDown
Merging measMET_monoZ_cat3L_sys_puWeightDown
Merging MT_monoZ_cat3L_sys_puWeightDown
Merging measMET_monoZ_cat4L_sys_puWeightDown
Merging MT_monoZ_cat4L_sys_puWeightDown
Merging measMET_monoZ_catNRB_sys_puWeightDown
Merging MT_monoZ_catNRB_sys_puWeightDown
Merging measMET_monoZ_catTOP_sys_puWeightDown
Merging MT_monoZ_catTOP_sys_puWeightDown
Merging measMET_monoZ_catDY_sys_puWeightDown
Merging MT_monoZ_catDY_sys_puWeightDown
Merging balance_monoZ_sys_puWeightDown
Merging phizmet_monoZ_sys_puWeightDown
Merging njet_monoZ_sys_puWeightDown
Merging measMET_monoZ_catSignal-0jet_sys_PDFUp
Merging MT_monoZ_catSignal-0jet_sys_PDFUp
Merging measMET_monoZ_catEM_sys_PDFUp
Merging MT_monoZ_catEM_sys_PDFUp
Merging measMET_monoZ_catSignal-1jet_sys_PDFUp
Merging MT_monoZ_catSignal-1jet_sys_PDFUp
Merging measMET_monoZ_cat3L_sys_PDFUp
Merging MT_monoZ_cat3L_sys_PDFUp
Merging measMET_monoZ_cat4L_sys_PDFUp
Merging MT_monoZ_cat4L_sys_PDFUp
Merging measMET_monoZ_catNRB_sys_PDFUp
Merging MT_monoZ_catNRB_sys_PDFUp
Merging measMET_monoZ_catTOP_sys_PDFUp
Merging MT_monoZ_catTOP_sys_PDFUp
Merging measMET_monoZ_catDY_sys_PDFUp
Merging MT_monoZ_catDY_sys_PDFUp
Merging balance_monoZ_sys_PDFUp
Merging phizmet_monoZ_sys_PDFUp
Merging njet_monoZ_sys_PDFUp
Merging measMET_monoZ_catSignal-0jet_sys_PDFDown
Merging MT_monoZ_catSignal-0jet_sys_PDFDown
Merging measMET_monoZ_catEM_sys_PDFDown
Merging MT_monoZ_catEM_sys_PDFDown
Merging measMET_monoZ_catSignal-1jet_sys_PDFDown
Merging MT_monoZ_catSignal-1jet_sys_PDFDown
Merging measMET_monoZ_cat3L_sys_PDFDown
Merging MT_monoZ_cat3L_sys_PDFDown
Merging measMET_monoZ_cat4L_sys_PDFDown
Merging MT_monoZ_cat4L_sys_PDFDown
Merging measMET_monoZ_catNRB_sys_PDFDown
Merging MT_monoZ_catNRB_sys_PDFDown
Merging measMET_monoZ_catTOP_sys_PDFDown
Merging MT_monoZ_catTOP_sys_PDFDown
Merging measMET_monoZ_catDY_sys_PDFDown
Merging MT_monoZ_catDY_sys_PDFDown
Merging balance_monoZ_sys_PDFDown
Merging phizmet_monoZ_sys_PDFDown
Merging njet_monoZ_sys_PDFDown
Merging measMET_monoZ_catSignal-0jet_sys_MuonSFUp
Merging MT_monoZ_catSignal-0jet_sys_MuonSFUp
Merging measMET_monoZ_catEM_sys_MuonSFUp
Merging MT_monoZ_catEM_sys_MuonSFUp
Merging measMET_monoZ_catSignal-1jet_sys_MuonSFUp
Merging MT_monoZ_catSignal-1jet_sys_MuonSFUp
Merging measMET_monoZ_cat3L_sys_MuonSFUp
Merging MT_monoZ_cat3L_sys_MuonSFUp
Merging measMET_monoZ_cat4L_sys_MuonSFUp
Merging MT_monoZ_cat4L_sys_MuonSFUp
Merging measMET_monoZ_catNRB_sys_MuonSFUp
Merging MT_monoZ_catNRB_sys_MuonSFUp
Merging measMET_monoZ_catTOP_sys_MuonSFUp
Merging MT_monoZ_catTOP_sys_MuonSFUp
Merging measMET_monoZ_catDY_sys_MuonSFUp
Merging MT_monoZ_catDY_sys_MuonSFUp
Merging balance_monoZ_sys_MuonSFUp
Merging phizmet_monoZ_sys_MuonSFUp
Merging njet_monoZ_sys_MuonSFUp
Merging measMET_monoZ_catSignal-0jet_sys_MuonSFDown
Merging MT_monoZ_catSignal-0jet_sys_MuonSFDown
Merging measMET_monoZ_catEM_sys_MuonSFDown
Merging MT_monoZ_catEM_sys_MuonSFDown
Merging measMET_monoZ_catSignal-1jet_sys_MuonSFDown
Merging MT_monoZ_catSignal-1jet_sys_MuonSFDown
Merging measMET_monoZ_cat3L_sys_MuonSFDown
Merging MT_monoZ_cat3L_sys_MuonSFDown
Merging measMET_monoZ_cat4L_sys_MuonSFDown
Merging MT_monoZ_cat4L_sys_MuonSFDown
Merging measMET_monoZ_catNRB_sys_MuonSFDown
Merging MT_monoZ_catNRB_sys_MuonSFDown
Merging measMET_monoZ_catTOP_sys_MuonSFDown
Merging MT_monoZ_catTOP_sys_MuonSFDown
Merging measMET_monoZ_catDY_sys_MuonSFDown
Merging MT_monoZ_catDY_sys_MuonSFDown
Merging balance_monoZ_sys_MuonSFDown
Merging phizmet_monoZ_sys_MuonSFDown
Merging njet_monoZ_sys_MuonSFDown
Merging measMET_monoZ_catSignal-0jet_sys_ElecronSFUp
Merging MT_monoZ_catSignal-0jet_sys_ElecronSFUp
Merging measMET_monoZ_catEM_sys_ElecronSFUp
Merging MT_monoZ_catEM_sys_ElecronSFUp
Merging measMET_monoZ_catSignal-1jet_sys_ElecronSFUp
Merging MT_monoZ_catSignal-1jet_sys_ElecronSFUp
Merging measMET_monoZ_cat3L_sys_ElecronSFUp
Merging MT_monoZ_cat3L_sys_ElecronSFUp
Merging measMET_monoZ_cat4L_sys_ElecronSFUp
Merging MT_monoZ_cat4L_sys_ElecronSFUp
Merging measMET_monoZ_catNRB_sys_ElecronSFUp
Merging MT_monoZ_catNRB_sys_ElecronSFUp
Merging measMET_monoZ_catTOP_sys_ElecronSFUp
Merging MT_monoZ_catTOP_sys_ElecronSFUp
Merging measMET_monoZ_catDY_sys_ElecronSFUp
Merging MT_monoZ_catDY_sys_ElecronSFUp
Merging balance_monoZ_sys_ElecronSFUp
Merging phizmet_monoZ_sys_ElecronSFUp
Merging njet_monoZ_sys_ElecronSFUp
Merging measMET_monoZ_catSignal-0jet_sys_ElecronSFDown
Merging MT_monoZ_catSignal-0jet_sys_ElecronSFDown
Merging measMET_monoZ_catEM_sys_ElecronSFDown
Merging MT_monoZ_catEM_sys_ElecronSFDown
Merging measMET_monoZ_catSignal-1jet_sys_ElecronSFDown
Merging MT_monoZ_catSignal-1jet_sys_ElecronSFDown
Merging measMET_monoZ_cat3L_sys_ElecronSFDown
Merging MT_monoZ_cat3L_sys_ElecronSFDown
Merging measMET_monoZ_cat4L_sys_ElecronSFDown
Merging MT_monoZ_cat4L_sys_ElecronSFDown
Merging measMET_monoZ_catNRB_sys_ElecronSFDown
Merging MT_monoZ_catNRB_sys_ElecronSFDown
Merging measMET_monoZ_catTOP_sys_ElecronSFDown
Merging MT_monoZ_catTOP_sys_ElecronSFDown
Merging measMET_monoZ_catDY_sys_ElecronSFDown
Merging MT_monoZ_catDY_sys_ElecronSFDown
Merging balance_monoZ_sys_ElecronSFDown
Merging phizmet_monoZ_sys_ElecronSFDown
Merging njet_monoZ_sys_ElecronSFDown
Merging measMET_monoZ_catSignal-0jet_sys_EWKUp
Merging MT_monoZ_catSignal-0jet_sys_EWKUp
Merging measMET_monoZ_catEM_sys_EWKUp
Merging MT_monoZ_catEM_sys_EWKUp
Merging measMET_monoZ_catSignal-1jet_sys_EWKUp
Merging MT_monoZ_catSignal-1jet_sys_EWKUp
Merging measMET_monoZ_cat3L_sys_EWKUp
Merging MT_monoZ_cat3L_sys_EWKUp
Merging measMET_monoZ_cat4L_sys_EWKUp
Merging MT_monoZ_cat4L_sys_EWKUp
Merging measMET_monoZ_catNRB_sys_EWKUp
Merging MT_monoZ_catNRB_sys_EWKUp
Merging measMET_monoZ_catTOP_sys_EWKUp
Merging MT_monoZ_catTOP_sys_EWKUp
Merging measMET_monoZ_catDY_sys_EWKUp
Merging MT_monoZ_catDY_sys_EWKUp
Merging balance_monoZ_sys_EWKUp
Merging phizmet_monoZ_sys_EWKUp
Merging njet_monoZ_sys_EWKUp
Merging measMET_monoZ_catSignal-0jet_sys_EWKDown
Merging MT_monoZ_catSignal-0jet_sys_EWKDown
Merging measMET_monoZ_catEM_sys_EWKDown
Merging MT_monoZ_catEM_sys_EWKDown
Merging measMET_monoZ_catSignal-1jet_sys_EWKDown
Merging MT_monoZ_catSignal-1jet_sys_EWKDown
Merging measMET_monoZ_cat3L_sys_EWKDown
Merging MT_monoZ_cat3L_sys_EWKDown
Merging measMET_monoZ_cat4L_sys_EWKDown
Merging MT_monoZ_cat4L_sys_EWKDown
Merging measMET_monoZ_catNRB_sys_EWKDown
Merging MT_monoZ_catNRB_sys_EWKDown
Merging measMET_monoZ_catTOP_sys_EWKDown
Merging MT_monoZ_catTOP_sys_EWKDown
Merging measMET_monoZ_catDY_sys_EWKDown
Merging MT_monoZ_catDY_sys_EWKDown
Merging balance_monoZ_sys_EWKDown
Merging phizmet_monoZ_sys_EWKDown
Merging njet_monoZ_sys_EWKDown
Merging measMET_monoZ_catSignal-0jet_sys_nvtxWeightUp
Merging MT_monoZ_catSignal-0jet_sys_nvtxWeightUp
Merging measMET_monoZ_catEM_sys_nvtxWeightUp
Merging MT_monoZ_catEM_sys_nvtxWeightUp
Merging measMET_monoZ_catSignal-1jet_sys_nvtxWeightUp
Merging MT_monoZ_catSignal-1jet_sys_nvtxWeightUp
Merging measMET_monoZ_cat3L_sys_nvtxWeightUp
Merging MT_monoZ_cat3L_sys_nvtxWeightUp
Merging measMET_monoZ_cat4L_sys_nvtxWeightUp
Merging MT_monoZ_cat4L_sys_nvtxWeightUp
Merging measMET_monoZ_catNRB_sys_nvtxWeightUp
Merging MT_monoZ_catNRB_sys_nvtxWeightUp
Merging measMET_monoZ_catTOP_sys_nvtxWeightUp
Merging MT_monoZ_catTOP_sys_nvtxWeightUp
Merging measMET_monoZ_catDY_sys_nvtxWeightUp
Merging MT_monoZ_catDY_sys_nvtxWeightUp
Merging balance_monoZ_sys_nvtxWeightUp
Merging phizmet_monoZ_sys_nvtxWeightUp
Merging njet_monoZ_sys_nvtxWeightUp
Merging measMET_monoZ_catSignal-0jet_sys_nvtxWeightDown
Merging MT_monoZ_catSignal-0jet_sys_nvtxWeightDown
Merging measMET_monoZ_catEM_sys_nvtxWeightDown
Merging MT_monoZ_catEM_sys_nvtxWeightDown
Merging measMET_monoZ_catSignal-1jet_sys_nvtxWeightDown
Merging MT_monoZ_catSignal-1jet_sys_nvtxWeightDown
Merging measMET_monoZ_cat3L_sys_nvtxWeightDown
Merging MT_monoZ_cat3L_sys_nvtxWeightDown
Merging measMET_monoZ_cat4L_sys_nvtxWeightDown
Merging MT_monoZ_cat4L_sys_nvtxWeightDown
Merging measMET_monoZ_catNRB_sys_nvtxWeightDown
Merging MT_monoZ_catNRB_sys_nvtxWeightDown
Merging measMET_monoZ_catTOP_sys_nvtxWeightDown
Merging MT_monoZ_catTOP_sys_nvtxWeightDown
Merging measMET_monoZ_catDY_sys_nvtxWeightDown
Merging MT_monoZ_catDY_sys_nvtxWeightDown
Merging balance_monoZ_sys_nvtxWeightDown
Merging phizmet_monoZ_sys_nvtxWeightDown
Merging njet_monoZ_sys_nvtxWeightDown
Merging measMET_monoZ_catSignal-0jet_sys_TriggerSFWeightUp
Merging MT_monoZ_catSignal-0jet_sys_TriggerSFWeightUp
Merging measMET_monoZ_catEM_sys_TriggerSFWeightUp
Merging MT_monoZ_catEM_sys_TriggerSFWeightUp
Merging measMET_monoZ_catSignal-1jet_sys_TriggerSFWeightUp
Merging MT_monoZ_catSignal-1jet_sys_TriggerSFWeightUp
Merging measMET_monoZ_cat3L_sys_TriggerSFWeightUp
Merging MT_monoZ_cat3L_sys_TriggerSFWeightUp
Merging measMET_monoZ_cat4L_sys_TriggerSFWeightUp
Merging MT_monoZ_cat4L_sys_TriggerSFWeightUp
Merging measMET_monoZ_catNRB_sys_TriggerSFWeightUp
Merging MT_monoZ_catNRB_sys_TriggerSFWeightUp
Merging measMET_monoZ_catTOP_sys_TriggerSFWeightUp
Merging MT_monoZ_catTOP_sys_TriggerSFWeightUp
Merging measMET_monoZ_catDY_sys_TriggerSFWeightUp
Merging MT_monoZ_catDY_sys_TriggerSFWeightUp
Merging balance_monoZ_sys_TriggerSFWeightUp
Merging phizmet_monoZ_sys_TriggerSFWeightUp
Merging njet_monoZ_sys_TriggerSFWeightUp
Merging measMET_monoZ_catSignal-0jet_sys_TriggerSFWeightDown
Merging MT_monoZ_catSignal-0jet_sys_TriggerSFWeightDown
Merging measMET_monoZ_catEM_sys_TriggerSFWeightDown
Merging MT_monoZ_catEM_sys_TriggerSFWeightDown
Merging measMET_monoZ_catSignal-1jet_sys_TriggerSFWeightDown
Merging MT_monoZ_catSignal-1jet_sys_TriggerSFWeightDown
Merging measMET_monoZ_cat3L_sys_TriggerSFWeightDown
Merging MT_monoZ_cat3L_sys_TriggerSFWeightDown
Merging measMET_monoZ_cat4L_sys_TriggerSFWeightDown
Merging MT_monoZ_cat4L_sys_TriggerSFWeightDown
Merging measMET_monoZ_catNRB_sys_TriggerSFWeightDown
Merging MT_monoZ_catNRB_sys_TriggerSFWeightDown
Merging measMET_monoZ_catTOP_sys_TriggerSFWeightDown
Merging MT_monoZ_catTOP_sys_TriggerSFWeightDown
Merging measMET_monoZ_catDY_sys_TriggerSFWeightDown
Merging MT_monoZ_catDY_sys_TriggerSFWeightDown
Merging balance_monoZ_sys_TriggerSFWeightDown
Merging phizmet_monoZ_sys_TriggerSFWeightDown
Merging njet_monoZ_sys_TriggerSFWeightDown
Merging measMET_monoZ_catSignal-0jet_sys_btagEventWeightUp
Merging MT_monoZ_catSignal-0jet_sys_btagEventWeightUp
Merging measMET_monoZ_catEM_sys_btagEventWeightUp
Merging MT_monoZ_catEM_sys_btagEventWeightUp
Merging measMET_monoZ_catSignal-1jet_sys_btagEventWeightUp
Merging MT_monoZ_catSignal-1jet_sys_btagEventWeightUp
Merging measMET_monoZ_cat3L_sys_btagEventWeightUp
Merging MT_monoZ_cat3L_sys_btagEventWeightUp
Merging measMET_monoZ_cat4L_sys_btagEventWeightUp
Merging MT_monoZ_cat4L_sys_btagEventWeightUp
Merging measMET_monoZ_catNRB_sys_btagEventWeightUp
Merging MT_monoZ_catNRB_sys_btagEventWeightUp
Merging measMET_monoZ_catTOP_sys_btagEventWeightUp
Merging MT_monoZ_catTOP_sys_btagEventWeightUp
Merging measMET_monoZ_catDY_sys_btagEventWeightUp
Merging MT_monoZ_catDY_sys_btagEventWeightUp
Merging balance_monoZ_sys_btagEventWeightUp
Merging phizmet_monoZ_sys_btagEventWeightUp
Merging njet_monoZ_sys_btagEventWeightUp
Merging measMET_monoZ_catSignal-0jet_sys_btagEventWeightDown
Merging MT_monoZ_catSignal-0jet_sys_btagEventWeightDown
Merging measMET_monoZ_catEM_sys_btagEventWeightDown
Merging MT_monoZ_catEM_sys_btagEventWeightDown
Merging measMET_monoZ_catSignal-1jet_sys_btagEventWeightDown
Merging MT_monoZ_catSignal-1jet_sys_btagEventWeightDown
Merging measMET_monoZ_cat3L_sys_btagEventWeightDown
Merging MT_monoZ_cat3L_sys_btagEventWeightDown
Merging measMET_monoZ_cat4L_sys_btagEventWeightDown
Merging MT_monoZ_cat4L_sys_btagEventWeightDown
Merging measMET_monoZ_catNRB_sys_btagEventWeightDown
Merging MT_monoZ_catNRB_sys_btagEventWeightDown
Merging measMET_monoZ_catTOP_sys_btagEventWeightDown
Merging MT_monoZ_catTOP_sys_btagEventWeightDown
Merging measMET_monoZ_catDY_sys_btagEventWeightDown
Merging MT_monoZ_catDY_sys_btagEventWeightDown
Merging balance_monoZ_sys_btagEventWeightDown
Merging phizmet_monoZ_sys_btagEventWeightDown
Merging njet_monoZ_sys_btagEventWeightDown
Merging measMET_monoZ_catSignal-0jet_sys_QCDScale0wUp
Merging MT_monoZ_catSignal-0jet_sys_QCDScale0wUp
Merging measMET_monoZ_catEM_sys_QCDScale0wUp
Merging MT_monoZ_catEM_sys_QCDScale0wUp
Merging measMET_monoZ_catSignal-1jet_sys_QCDScale0wUp
Merging MT_monoZ_catSignal-1jet_sys_QCDScale0wUp
Merging measMET_monoZ_cat3L_sys_QCDScale0wUp
Merging MT_monoZ_cat3L_sys_QCDScale0wUp
Merging measMET_monoZ_cat4L_sys_QCDScale0wUp
Merging MT_monoZ_cat4L_sys_QCDScale0wUp
Merging measMET_monoZ_catNRB_sys_QCDScale0wUp
Merging MT_monoZ_catNRB_sys_QCDScale0wUp
Merging measMET_monoZ_catTOP_sys_QCDScale0wUp
Merging MT_monoZ_catTOP_sys_QCDScale0wUp
Merging measMET_monoZ_catDY_sys_QCDScale0wUp
Merging MT_monoZ_catDY_sys_QCDScale0wUp
Merging balance_monoZ_sys_QCDScale0wUp
Merging phizmet_monoZ_sys_QCDScale0wUp
Merging njet_monoZ_sys_QCDScale0wUp
Merging measMET_monoZ_catSignal-0jet_sys_QCDScale0wDown
Merging MT_monoZ_catSignal-0jet_sys_QCDScale0wDown
Merging measMET_monoZ_catEM_sys_QCDScale0wDown
Merging MT_monoZ_catEM_sys_QCDScale0wDown
Merging measMET_monoZ_catSignal-1jet_sys_QCDScale0wDown
Merging MT_monoZ_catSignal-1jet_sys_QCDScale0wDown
Merging measMET_monoZ_cat3L_sys_QCDScale0wDown
Merging MT_monoZ_cat3L_sys_QCDScale0wDown
Merging measMET_monoZ_cat4L_sys_QCDScale0wDown
Merging MT_monoZ_cat4L_sys_QCDScale0wDown
Merging measMET_monoZ_catNRB_sys_QCDScale0wDown
Merging MT_monoZ_catNRB_sys_QCDScale0wDown
Merging measMET_monoZ_catTOP_sys_QCDScale0wDown
Merging MT_monoZ_catTOP_sys_QCDScale0wDown
Merging measMET_monoZ_catDY_sys_QCDScale0wDown
Merging MT_monoZ_catDY_sys_QCDScale0wDown
Merging balance_monoZ_sys_QCDScale0wDown
Merging phizmet_monoZ_sys_QCDScale0wDown
Merging njet_monoZ_sys_QCDScale0wDown
Merging measMET_monoZ_catSignal-0jet_sys_QCDScale1wUp
Merging MT_monoZ_catSignal-0jet_sys_QCDScale1wUp
Merging measMET_monoZ_catEM_sys_QCDScale1wUp
Merging MT_monoZ_catEM_sys_QCDScale1wUp
Merging measMET_monoZ_catSignal-1jet_sys_QCDScale1wUp
Merging MT_monoZ_catSignal-1jet_sys_QCDScale1wUp
Merging measMET_monoZ_cat3L_sys_QCDScale1wUp
Merging MT_monoZ_cat3L_sys_QCDScale1wUp
Merging measMET_monoZ_cat4L_sys_QCDScale1wUp
Merging MT_monoZ_cat4L_sys_QCDScale1wUp
Merging measMET_monoZ_catNRB_sys_QCDScale1wUp
Merging MT_monoZ_catNRB_sys_QCDScale1wUp
Merging measMET_monoZ_catTOP_sys_QCDScale1wUp
Merging MT_monoZ_catTOP_sys_QCDScale1wUp
Merging measMET_monoZ_catDY_sys_QCDScale1wUp
Merging MT_monoZ_catDY_sys_QCDScale1wUp
Merging balance_monoZ_sys_QCDScale1wUp
Merging phizmet_monoZ_sys_QCDScale1wUp
Merging njet_monoZ_sys_QCDScale1wUp
Merging measMET_monoZ_catSignal-0jet_sys_QCDScale1wDown
Merging MT_monoZ_catSignal-0jet_sys_QCDScale1wDown
Merging measMET_monoZ_catEM_sys_QCDScale1wDown
Merging MT_monoZ_catEM_sys_QCDScale1wDown
Merging measMET_monoZ_catSignal-1jet_sys_QCDScale1wDown
Merging MT_monoZ_catSignal-1jet_sys_QCDScale1wDown
Merging measMET_monoZ_cat3L_sys_QCDScale1wDown
Merging MT_monoZ_cat3L_sys_QCDScale1wDown
Merging measMET_monoZ_cat4L_sys_QCDScale1wDown
Merging MT_monoZ_cat4L_sys_QCDScale1wDown
Merging measMET_monoZ_catNRB_sys_QCDScale1wDown
Merging MT_monoZ_catNRB_sys_QCDScale1wDown
Merging measMET_monoZ_catTOP_sys_QCDScale1wDown
Merging MT_monoZ_catTOP_sys_QCDScale1wDown
Merging measMET_monoZ_catDY_sys_QCDScale1wDown
Merging MT_monoZ_catDY_sys_QCDScale1wDown
Merging balance_monoZ_sys_QCDScale1wDown
Merging phizmet_monoZ_sys_QCDScale1wDown
Merging njet_monoZ_sys_QCDScale1wDown
Merging measMET_monoZ_catSignal-0jet_sys_QCDScale2wUp
Merging MT_monoZ_catSignal-0jet_sys_QCDScale2wUp
Merging measMET_monoZ_catEM_sys_QCDScale2wUp
Merging MT_monoZ_catEM_sys_QCDScale2wUp
Merging measMET_monoZ_catSignal-1jet_sys_QCDScale2wUp
Merging MT_monoZ_catSignal-1jet_sys_QCDScale2wUp
Merging measMET_monoZ_cat3L_sys_QCDScale2wUp
Merging MT_monoZ_cat3L_sys_QCDScale2wUp
Merging measMET_monoZ_cat4L_sys_QCDScale2wUp
Merging MT_monoZ_cat4L_sys_QCDScale2wUp
Merging measMET_monoZ_catNRB_sys_QCDScale2wUp
Merging MT_monoZ_catNRB_sys_QCDScale2wUp
Merging measMET_monoZ_catTOP_sys_QCDScale2wUp
Merging MT_monoZ_catTOP_sys_QCDScale2wUp
Merging measMET_monoZ_catDY_sys_QCDScale2wUp
Merging MT_monoZ_catDY_sys_QCDScale2wUp
Merging balance_monoZ_sys_QCDScale2wUp
Merging phizmet_monoZ_sys_QCDScale2wUp
Merging njet_monoZ_sys_QCDScale2wUp
Merging measMET_monoZ_catSignal-0jet_sys_QCDScale2wDown
Merging MT_monoZ_catSignal-0jet_sys_QCDScale2wDown
Merging measMET_monoZ_catEM_sys_QCDScale2wDown
Merging MT_monoZ_catEM_sys_QCDScale2wDown
Merging measMET_monoZ_catSignal-1jet_sys_QCDScale2wDown
Merging MT_monoZ_catSignal-1jet_sys_QCDScale2wDown
Merging measMET_monoZ_cat3L_sys_QCDScale2wDown
Merging MT_monoZ_cat3L_sys_QCDScale2wDown
Merging measMET_monoZ_cat4L_sys_QCDScale2wDown
Merging MT_monoZ_cat4L_sys_QCDScale2wDown
Merging measMET_monoZ_catNRB_sys_QCDScale2wDown
Merging MT_monoZ_catNRB_sys_QCDScale2wDown
Merging measMET_monoZ_catTOP_sys_QCDScale2wDown
Merging MT_monoZ_catTOP_sys_QCDScale2wDown
Merging measMET_monoZ_catDY_sys_QCDScale2wDown
Merging MT_monoZ_catDY_sys_QCDScale2wDown
Merging balance_monoZ_sys_QCDScale2wDown
Merging phizmet_monoZ_sys_QCDScale2wDown
Merging njet_monoZ_sys_QCDScale2wDown
Merging Events
Merging Runs
Merging ParameterSets
Merging LuminosityBlocks
Merging MetaData
Merging MT_GluGluToContinToZZTo4e_13TeV_MCFM701_pythia8_cat4L_sys_nvtxWeightDown
Merging measMET_GluGluToContinToZZTo4e_13TeV_MCFM701_pythia8_catDY_sys_jerDown
Merging MT_GluGluToContinToZZTo4e_13TeV_MCFM701_pythia8_catDY_sys_EWKDown
Merging MT_GluGluToContinToZZTo4e_13TeV_MCFM701_pythia8_catSignal-1jet_sys_nvtxWeightUp
Merging measMET_GluGluToContinToZZTo4e_13TeV_MCFM701_pythia8_catSignal-1jet_sys_ElecronSFDown
Merging MT_GluGluToContinToZZTo4e_13TeV_MCFM701_pythia8_cat4L_sys_PrefireWeightUp
Merging MT_GluGluToContinToZZTo4e_13TeV_MCFM701_pythia8_catSignal-0jet_sys_puWeightUp
Merging phizmet_GluGluToContinToZZTo4e_13TeV_MCFM701_pythia8_sys_MuonSFDown
Merging measMET_GluGluToContinToZZTo4e_13TeV_MCFM701_pythia8_catEM_sys_TriggerSFWeightUp
Merging MT_GluGluToContinToZZTo4e_13TeV_MCFM701_pythia8_catDY_sys_PDFUp
Merging measMET_GluGluToContinToZZTo4e_13TeV_MCFM701_pythia8_cat4L_sys_PrefireWeightDown
Merging MT_GluGluToContinToZZTo4e_13TeV_MCFM701_pythia8_catNRB_sys_MuonSFUp
Merging measMET_GluGluToContinToZZTo4e_13TeV_MCFM701_pythia8_cat4L_sys_nvtxWeightDown
Merging measMET_GluGluToContinToZZTo4e_13TeV_MCFM701_pythia8_catSignal-1jet_sys_jesTotalUp
Merging MT_GluGluToContinToZZTo4e_13TeV_MCFM701_pythia8_catSignal-1jet_sys_PDFDown
Merging measMET_GluGluToContinToZZTo4e_13TeV_MCFM701_pythia8_catDY_sys_QCDScale2wDown
Merging MT_GluGluToContinToZZTo4e_13TeV_MCFM701_pythia8_catEM_sys_ElecronSFDown
Merging measMET_GluGluToContinToZZTo4e_13TeV_MCFM701_pythia8_catSignal-0jet_sys_ElectronEnDown
Merging measMET_GluGluToContinToZZTo4e_13TeV_MCFM701_pythia8_catSignal-1jet_sys_EWKUp
Merging measMET_GluGluToContinToZZTo4e_13TeV_MCFM701_pythia8_catNRB_sys_PrefireWeightUp
Merging measMET_GluGluToContinToZZTo4e_13TeV_MCFM701_pythia8_cat4L
Merging measMET_GluGluToContinToZZTo4e_13TeV_MCFM701_pythia8_catEM_sys_jerDown
Merging njet_GluGluToContinToZZTo4e_13TeV_MCFM701_pythia8_sys_PrefireWeightDown
Merging njet_GluGluToContinToZZTo4e_13TeV_MCFM701_pythia8_sys_QCDScale0wDown
Merging balance_GluGluToContinToZZTo4e_13TeV_MCFM701_pythia8_sys_ElecronSFUp
Merging njet_GluGluToContinToZZTo4e_13TeV_MCFM701_pythia8_sys_btagEventWeightUp
Merging MT_GluGluToContinToZZTo4e_13TeV_MCFM701_pythia8_cat4L_sys_MuonSFDown
Merging MT_GluGluToContinToZZTo4e_13TeV_MCFM701_pythia8_catDY_sys_puWeightDown
Merging MT_GluGluToContinToZZTo4e_13TeV_MCFM701_pythia8_catSignal-0jet
Merging MT_GluGluToContinToZZTo4e_13TeV_MCFM701_pythia8_catSignal-0jet_sys_ElecronSFDown
Merging measMET_GluGluToContinToZZTo4e_13TeV_MCFM701_pythia8_cat3L_sys_MuonSFUp
Merging MT_GluGluToContinToZZTo4e_13TeV_MCFM701_pythia8_cat3L_sys_EWKDown
Merging MT_GluGluToContinToZZTo4e_13TeV_MCFM701_pythia8_cat4L_sys_MuonSFUp
Merging MT_GluGluToContinToZZTo4e_13TeV_MCFM701_pythia8_catDY_sys_jerUp
Merging MT_GluGluToContinToZZTo4e_13TeV_MCFM701_pythia8_catSignal-0jet_sys_QCDScale1wDown
Merging MT_GluGluToContinToZZTo4e_13TeV_MCFM701_pythia8_catDY_sys_puWeightUp
Merging balance_GluGluToContinToZZTo4e_13TeV_MCFM701_pythia8_sys_ElectronEnDown
Merging measMET_GluGluToContinToZZTo4e_13TeV_MCFM701_pythia8_catDY_sys_MuonSFUp
Merging MT_GluGluToContinToZZTo4e_13TeV_MCFM701_pythia8_catSignal-0jet_sys_QCDScale1wUp
Merging measMET_GluGluToContinToZZTo4e_13TeV_MCFM701_pythia8_catEM_sys_QCDScale2wUp
Merging MT_GluGluToContinToZZTo4e_13TeV_MCFM701_pythia8_catDY_sys_ElectronEnUp
Merging MT_GluGluToContinToZZTo4e_13TeV_MCFM701_pythia8_catSignal-1jet_sys_jerDown
Merging measMET_GluGluToContinToZZTo4e_13TeV_MCFM701_pythia8_cat4L_sys_QCDScale2wDown
Merging MT_GluGluToContinToZZTo4e_13TeV_MCFM701_pythia8_catNRB
Merging phizmet_GluGluToContinToZZTo4e_13TeV_MCFM701_pythia8_sys_QCDScale2wUp
Merging MT_GluGluToContinToZZTo4e_13TeV_MCFM701_pythia8_cat4L_sys_jerUp
Merging measMET_GluGluToContinToZZTo4e_13TeV_MCFM701_pythia8_catSignal-1jet_sys_MuonEnUp
Merging measMET_GluGluToContinToZZTo4e_13TeV_MCFM701_pythia8_catDY_sys_jesTotalUp
Merging balance_GluGluToContinToZZTo4e_13TeV_MCFM701_pythia8_sys_PDFDown
Merging njet_GluGluToContinToZZTo4e_13TeV_MCFM701_pythia8_sys_QCDScale1wDown
Merging MT_GluGluToContinToZZTo4e_13TeV_MCFM701_pythia8_catTOP_sys_PrefireWeightDown
Merging measMET_GluGluToContinToZZTo4e_13TeV_MCFM701_pythia8_catSignal-1jet_sys_QCDScale1wUp
Merging MT_GluGluToContinToZZTo4e_13TeV_MCFM701_pythia8_cat3L_sys_btagEventWeightUp
Merging njet_GluGluToContinToZZTo4e_13TeV_MCFM701_pythia8_sys_puWeightDown
Merging MT_GluGluToContinToZZTo4e_13TeV_MCFM701_pythia8_cat3L_sys_TriggerSFWeightDown
Merging measMET_GluGluToContinToZZTo4e_13TeV_MCFM701_pythia8_catEM_sys_PDFDown
Merging MT_GluGluToContinToZZTo4e_13TeV_MCFM701_pythia8_catTOP_sys_MuonSFDown
Merging MT_GluGluToContinToZZTo4e_13TeV_MCFM701_pythia8_catNRB_sys_puWeightUp
Merging balance_GluGluToContinToZZTo4e_13TeV_MCFM701_pythia8_sys_MuonSFUp
Merging njet_GluGluToContinToZZTo4e_13TeV_MCFM701_pythia8_sys_TriggerSFWeightUp
Merging measMET_GluGluToContinToZZTo4e_13TeV_MCFM701_pythia8_catSignal-1jet_sys_jerUp
Merging MT_GluGluToContinToZZTo4e_13TeV_MCFM701_pythia8_catNRB_sys_ElectronEnUp
Merging MT_GluGluToContinToZZTo4e_13TeV_MCFM701_pythia8_catEM_sys_PDFUp
Merging MT_GluGluToContinToZZTo4e_13TeV_MCFM701_pythia8_catSignal-0jet_sys_btagEventWeightUp
Merging balance_GluGluToContinToZZTo4e_13TeV_MCFM701_pythia8_sys_QCDScale1wDown
Merging MT_GluGluToContinToZZTo4e_13TeV_MCFM701_pythia8_catSignal-1jet_sys_MuonSFUp
Merging njet_GluGluToContinToZZTo4e_13TeV_MCFM701_pythia8_sys_QCDScale2wUp
Merging phizmet_GluGluToContinToZZTo4e_13TeV_MCFM701_pythia8_sys_PrefireWeightDown
Merging MT_GluGluToContinToZZTo4e_13TeV_MCFM701_pythia8_catSignal-0jet_sys_nvtxWeightUp
Merging MT_GluGluToContinToZZTo4e_13TeV_MCFM701_pythia8_catDY_sys_btagEventWeightUp
Merging balance_GluGluToContinToZZTo4e_13TeV_MCFM701_pythia8_sys_jerDown
Merging untagged
Merging measMET_GluGluToContinToZZTo4e_13TeV_MCFM701_pythia8_catTOP_sys_QCDScale2wDown
Merging MT_GluGluToContinToZZTo4e_13TeV_MCFM701_pythia8_cat3L_sys_QCDScale2wUp
Merging MT_GluGluToContinToZZTo4e_13TeV_MCFM701_pythia8_catNRB_sys_PDFDown
Merging MT_GluGluToContinToZZTo4e_13TeV_MCFM701_pythia8_catSignal-0jet_sys_ElectronEnDown
Merging measMET_GluGluToContinToZZTo4e_13TeV_MCFM701_pythia8_catNRB_sys_QCDScale2wDown
Merging MT_GluGluToContinToZZTo4e_13TeV_MCFM701_pythia8_cat4L_sys_btagEventWeightDown
Merging MT_GluGluToContinToZZTo4e_13TeV_MCFM701_pythia8_cat4L_sys_MuonEnUp
Merging MT_GluGluToContinToZZTo4e_13TeV_MCFM701_pythia8_catEM_sys_MuonSFDown
Merging balance_GluGluToContinToZZTo4e_13TeV_MCFM701_pythia8_sys_nvtxWeightUp
Merging measMET_GluGluToContinToZZTo4e_13TeV_MCFM701_pythia8_catNRB_sys_MuonEnUp
Merging measMET_GluGluToContinToZZTo4e_13TeV_MCFM701_pythia8_cat4L_sys_ElecronSFDown
Merging measMET_GluGluToContinToZZTo4e_13TeV_MCFM701_pythia8_catNRB_sys_QCDScale1wUp
Merging measMET_GluGluToContinToZZTo4e_13TeV_MCFM701_pythia8_catSignal-0jet_sys_TriggerSFWeightDown
Merging measMET_GluGluToContinToZZTo4e_13TeV_MCFM701_pythia8_catSignal-0jet_sys_QCDScale1wUp
Merging measMET_GluGluToContinToZZTo4e_13TeV_MCFM701_pythia8_cat4L_sys_jerUp
Merging MT_GluGluToContinToZZTo4e_13TeV_MCFM701_pythia8_catDY_sys_TriggerSFWeightDown
Merging measMET_GluGluToContinToZZTo4e_13TeV_MCFM701_pythia8_cat3L_sys_MuonEnDown
Merging MT_GluGluToContinToZZTo4e_13TeV_MCFM701_pythia8_catSignal-1jet_sys_ElecronSFUp
Merging measMET_GluGluToContinToZZTo4e_13TeV_MCFM701_pythia8_catNRB_sys_puWeightDown
Merging MT_GluGluToContinToZZTo4e_13TeV_MCFM701_pythia8_catEM_sys_nvtxWeightUp
Merging MT_GluGluToContinToZZTo4e_13TeV_MCFM701_pythia8_catTOP_sys_QCDScale2wUp
Merging measMET_GluGluToContinToZZTo4e_13TeV_MCFM701_pythia8_cat4L_sys_TriggerSFWeightDown
Merging MT_GluGluToContinToZZTo4e_13TeV_MCFM701_pythia8_cat3L_sys_jesTotalUp
Merging MT_GluGluToContinToZZTo4e_13TeV_MCFM701_pythia8_catDY_sys_ElecronSFDown
Merging measMET_GluGluToContinToZZTo4e_13TeV_MCFM701_pythia8_cat3L_sys_ElecronSFDown
Merging measMET_GluGluToContinToZZTo4e_13TeV_MCFM701_pythia8_cat3L_sys_jesTotalDown
Merging measMET_GluGluToContinToZZTo4e_13TeV_MCFM701_pythia8_catSignal-1jet_sys_TriggerSFWeightDown
Merging measMET_GluGluToContinToZZTo4e_13TeV_MCFM701_pythia8_cat3L_sys_QCDScale1wDown
Merging MT_GluGluToContinToZZTo4e_13TeV_MCFM701_pythia8_catEM_sys_QCDScale0wUp
Merging MT_GluGluToContinToZZTo4e_13TeV_MCFM701_pythia8_cat4L_sys_QCDScale0wDown
Merging measMET_GluGluToContinToZZTo4e_13TeV_MCFM701_pythia8_catEM_sys_PrefireWeightUp
Merging balance_GluGluToContinToZZTo4e_13TeV_MCFM701_pythia8_sys_TriggerSFWeightUp
Merging MT_GluGluToContinToZZTo4e_13TeV_MCFM701_pythia8_catNRB_sys_QCDScale1wDown
Merging MT_GluGluToContinToZZTo4e_13TeV_MCFM701_pythia8_catTOP_sys_jerDown
Merging MT_GluGluToContinToZZTo4e_13TeV_MCFM701_pythia8_catDY_sys_ElectronEnDown
Merging measMET_GluGluToContinToZZTo4e_13TeV_MCFM701_pythia8_catDY_sys_PDFDown
Merging MT_GluGluToContinToZZTo4e_13TeV_MCFM701_pythia8_catSignal-0jet_sys_EWKUp
Merging measMET_GluGluToContinToZZTo4e_13TeV_MCFM701_pythia8_cat4L_sys_QCDScale1wUp
Merging MT_GluGluToContinToZZTo4e_13TeV_MCFM701_pythia8_cat4L_sys_ElecronSFDown
Merging MT_GluGluToContinToZZTo4e_13TeV_MCFM701_pythia8_catTOP_sys_nvtxWeightDown
Merging measMET_GluGluToContinToZZTo4e_13TeV_MCFM701_pythia8_catNRB_sys_MuonEnDown
Merging phizmet_GluGluToContinToZZTo4e_13TeV_MCFM701_pythia8_sys_puWeightUp
Merging measMET_GluGluToContinToZZTo4e_13TeV_MCFM701_pythia8_catSignal-0jet_sys_PrefireWeightDown
Merging phizmet_GluGluToContinToZZTo4e_13TeV_MCFM701_pythia8_sys_ElectronEnUp
Merging balance_GluGluToContinToZZTo4e_13TeV_MCFM701_pythia8_sys_MuonEnUp
Merging measMET_GluGluToContinToZZTo4e_13TeV_MCFM701_pythia8_catEM_sys_nvtxWeightUp
Merging MT_GluGluToContinToZZTo4e_13TeV_MCFM701_pythia8_cat4L_sys_PDFUp
Merging MT_GluGluToContinToZZTo4e_13TeV_MCFM701_pythia8_catEM_sys_btagEventWeightDown
Merging measMET_GluGluToContinToZZTo4e_13TeV_MCFM701_pythia8_catDY_sys_PrefireWeightDown
Merging MT_GluGluToContinToZZTo4e_13TeV_MCFM701_pythia8_catSignal-0jet_sys_btagEventWeightDown
Merging MT_GluGluToContinToZZTo4e_13TeV_MCFM701_pythia8_catDY_sys_btagEventWeightDown
Merging measMET_GluGluToContinToZZTo4e_13TeV_MCFM701_pythia8_catNRB_sys_QCDScale1wDown
Merging autoPU
Merging MT_GluGluToContinToZZTo4e_13TeV_MCFM701_pythia8_catSignal-0jet_sys_QCDScale0wDown
Merging measMET_GluGluToContinToZZTo4e_13TeV_MCFM701_pythia8_cat3L_sys_QCDScale0wUp
Merging measMET_GluGluToContinToZZTo4e_13TeV_MCFM701_pythia8_cat3L_sys_PrefireWeightDown
Merging MT_GluGluToContinToZZTo4e_13TeV_MCFM701_pythia8_catTOP_sys_ElectronEnDown
Merging measMET_GluGluToContinToZZTo4e_13TeV_MCFM701_pythia8_catDY_sys_nvtxWeightUp
Merging MT_GluGluToContinToZZTo4e_13TeV_MCFM701_pythia8_cat3L_sys_PrefireWeightDown
Merging MT_GluGluToContinToZZTo4e_13TeV_MCFM701_pythia8_cat4L_sys_jerDown
Merging MT_GluGluToContinToZZTo4e_13TeV_MCFM701_pythia8_catSignal-1jet_sys_ElecronSFDown
Merging measMET_GluGluToContinToZZTo4e_13TeV_MCFM701_pythia8_catSignal-0jet_sys_MuonSFDown
Merging MT_GluGluToContinToZZTo4e_13TeV_MCFM701_pythia8_catNRB_sys_nvtxWeightUp
Merging MT_GluGluToContinToZZTo4e_13TeV_MCFM701_pythia8_catSignal-1jet_sys_MuonEnUp
Merging njet_GluGluToContinToZZTo4e_13TeV_MCFM701_pythia8_sys_TriggerSFWeightDown
Merging phizmet_GluGluToContinToZZTo4e_13TeV_MCFM701_pythia8_sys_jesTotalDown
Merging measMET_GluGluToContinToZZTo4e_13TeV_MCFM701_pythia8_catDY_sys_QCDScale1wDown
Merging MT_GluGluToContinToZZTo4e_13TeV_MCFM701_pythia8_catTOP_sys_ElecronSFDown
Merging MT_GluGluToContinToZZTo4e_13TeV_MCFM701_pythia8_cat4L_sys_puWeightDown
Merging MT_GluGluToContinToZZTo4e_13TeV_MCFM701_pythia8_catTOP_sys_MuonEnUp
Merging phizmet_GluGluToContinToZZTo4e_13TeV_MCFM701_pythia8_sys_nvtxWeightUp
Merging measMET_GluGluToContinToZZTo4e_13TeV_MCFM701_pythia8_catSignal-1jet_sys_puWeightDown
Merging measMET_GluGluToContinToZZTo4e_13TeV_MCFM701_pythia8_catDY_sys_ElectronEnUp
Merging measMET_GluGluToContinToZZTo4e_13TeV_MCFM701_pythia8_catEM_sys_QCDScale0wUp
Merging njet_GluGluToContinToZZTo4e_13TeV_MCFM701_pythia8_sys_btagEventWeightDown
Merging MT_GluGluToContinToZZTo4e_13TeV_MCFM701_pythia8_cat4L_sys_TriggerSFWeightDown
Merging measMET_GluGluToContinToZZTo4e_13TeV_MCFM701_pythia8_catTOP_sys_EWKDown
Merging measMET_GluGluToContinToZZTo4e_13TeV_MCFM701_pythia8_catSignal-0jet_sys_MuonEnUp
Merging MT_GluGluToContinToZZTo4e_13TeV_MCFM701_pythia8_catSignal-1jet_sys_puWeightUp
Merging MT_GluGluToContinToZZTo4e_13TeV_MCFM701_pythia8_cat4L_sys_QCDScale1wUp
Merging balance_GluGluToContinToZZTo4e_13TeV_MCFM701_pythia8_sys_MuonSFDown
Merging measMET_GluGluToContinToZZTo4e_13TeV_MCFM701_pythia8_catTOP_sys_TriggerSFWeightDown
Merging measMET_GluGluToContinToZZTo4e_13TeV_MCFM701_pythia8_catEM_sys_MuonSFUp
Merging MT_GluGluToContinToZZTo4e_13TeV_MCFM701_pythia8_catNRB_sys_btagEventWeightUp
Merging njet_GluGluToContinToZZTo4e_13TeV_MCFM701_pythia8_sys_EWKUp
Merging phizmet_GluGluToContinToZZTo4e_13TeV_MCFM701_pythia8_sys_EWKDown
Merging measMET_GluGluToContinToZZTo4e_13TeV_MCFM701_pythia8_catSignal-1jet_sys_MuonSFUp
Merging MT_GluGluToContinToZZTo4e_13TeV_MCFM701_pythia8_catSignal-0jet_sys_ElecronSFUp
Merging njet_GluGluToContinToZZTo4e_13TeV_MCFM701_pythia8_sys_MuonEnDown
Merging MT_GluGluToContinToZZTo4e_13TeV_MCFM701_pythia8_catSignal-1jet_sys_PDFUp
Merging MT_GluGluToContinToZZTo4e_13TeV_MCFM701_pythia8_cat3L_sys_QCDScale0wUp
Merging measMET_GluGluToContinToZZTo4e_13TeV_MCFM701_pythia8_catEM_sys_EWKDown
Merging MT_GluGluToContinToZZTo4e_13TeV_MCFM701_pythia8_cat3L_sys_ElectronEnUp
Merging MT_GluGluToContinToZZTo4e_13TeV_MCFM701_pythia8_catDY_sys_PrefireWeightDown
Merging njet_GluGluToContinToZZTo4e_13TeV_MCFM701_pythia8_sys_nvtxWeightUp
Merging measMET_GluGluToContinToZZTo4e_13TeV_MCFM701_pythia8_catSignal-0jet
Merging measMET_GluGluToContinToZZTo4e_13TeV_MCFM701_pythia8_catTOP_sys_btagEventWeightUp
Merging measMET_GluGluToContinToZZTo4e_13TeV_MCFM701_pythia8_catSignal-1jet_sys_nvtxWeightUp
Merging MT_GluGluToContinToZZTo4e_13TeV_MCFM701_pythia8_catSignal-1jet_sys_PrefireWeightDown
Merging measMET_GluGluToContinToZZTo4e_13TeV_MCFM701_pythia8_catDY_sys_TriggerSFWeightUp
Merging measMET_GluGluToContinToZZTo4e_13TeV_MCFM701_pythia8_catTOP_sys_MuonEnUp
Merging measMET_GluGluToContinToZZTo4e_13TeV_MCFM701_pythia8_catEM_sys_ElecronSFUp
Merging phizmet_GluGluToContinToZZTo4e_13TeV_MCFM701_pythia8_sys_jerDown
Merging measMET_GluGluToContinToZZTo4e_13TeV_MCFM701_pythia8_catEM
Merging measMET_GluGluToContinToZZTo4e_13TeV_MCFM701_pythia8_cat3L_sys_PDFUp
Merging MT_GluGluToContinToZZTo4e_13TeV_MCFM701_pythia8_catEM_sys_jesTotalDown
Merging measMET_GluGluToContinToZZTo4e_13TeV_MCFM701_pythia8_catEM_sys_MuonEnUp
Merging measMET_GluGluToContinToZZTo4e_13TeV_MCFM701_pythia8_catTOP_sys_nvtxWeightDown
Merging measMET_GluGluToContinToZZTo4e_13TeV_MCFM701_pythia8_catEM_sys_MuonEnDown
Merging MT_GluGluToContinToZZTo4e_13TeV_MCFM701_pythia8_catSignal-0jet_sys_PDFDown
Merging MT_GluGluToContinToZZTo4e_13TeV_MCFM701_pythia8_catEM_sys_EWKUp
Merging measMET_GluGluToContinToZZTo4e_13TeV_MCFM701_pythia8_catDY_sys_jerUp
Merging MT_GluGluToContinToZZTo4e_13TeV_MCFM701_pythia8_catDY_sys_jerDown
Merging MT_GluGluToContinToZZTo4e_13TeV_MCFM701_pythia8_catDY_sys_PrefireWeightUp
Merging measMET_GluGluToContinToZZTo4e_13TeV_MCFM701_pythia8_catSignal-1jet_sys_ElecronSFUp
Merging measMET_GluGluToContinToZZTo4e_13TeV_MCFM701_pythia8_catTOP_sys_MuonSFDown
Merging MT_GluGluToContinToZZTo4e_13TeV_MCFM701_pythia8_catSignal-0jet_sys_MuonSFDown
Merging MT_GluGluToContinToZZTo4e_13TeV_MCFM701_pythia8_catNRB_sys_QCDScale2wUp
Merging MT_GluGluToContinToZZTo4e_13TeV_MCFM701_pythia8_cat4L_sys_QCDScale1wDown
Merging measMET_GluGluToContinToZZTo4e_13TeV_MCFM701_pythia8_catDY_sys_MuonEnUp
Merging balance_GluGluToContinToZZTo4e_13TeV_MCFM701_pythia8_sys_puWeightDown
Merging measMET_GluGluToContinToZZTo4e_13TeV_MCFM701_pythia8_catSignal-1jet_sys_MuonEnDown
Merging MT_GluGluToContinToZZTo4e_13TeV_MCFM701_pythia8_catEM_sys_puWeightDown
Merging MT_GluGluToContinToZZTo4e_13TeV_MCFM701_pythia8_catSignal-0jet_sys_jerDown
Merging measMET_GluGluToContinToZZTo4e_13TeV_MCFM701_pythia8_catTOP_sys_jerUp
Merging MT_GluGluToContinToZZTo4e_13TeV_MCFM701_pythia8_catNRB_sys_MuonEnDown
Merging MT_GluGluToContinToZZTo4e_13TeV_MCFM701_pythia8_cat4L_sys_PrefireWeightDown
Merging measMET_GluGluToContinToZZTo4e_13TeV_MCFM701_pythia8_catEM_sys_jerUp
Merging MT_GluGluToContinToZZTo4e_13TeV_MCFM701_pythia8_catTOP_sys_QCDScale2wDown
Merging MT_GluGluToContinToZZTo4e_13TeV_MCFM701_pythia8_catNRB_sys_MuonEnUp
Merging measMET_GluGluToContinToZZTo4e_13TeV_MCFM701_pythia8_cat4L_sys_MuonEnDown
Merging MT_GluGluToContinToZZTo4e_13TeV_MCFM701_pythia8_catDY_sys_jesTotalUp
Merging measMET_GluGluToContinToZZTo4e_13TeV_MCFM701_pythia8_catSignal-1jet_sys_TriggerSFWeightUp
Merging phizmet_GluGluToContinToZZTo4e_13TeV_MCFM701_pythia8_sys_TriggerSFWeightUp
Merging measMET_GluGluToContinToZZTo4e_13TeV_MCFM701_pythia8_cat3L_sys_QCDScale0wDown
Merging measMET_GluGluToContinToZZTo4e_13TeV_MCFM701_pythia8_catNRB_sys_btagEventWeightDown
Merging MT_GluGluToContinToZZTo4e_13TeV_MCFM701_pythia8_cat3L_sys_TriggerSFWeightUp
Merging njet_GluGluToContinToZZTo4e_13TeV_MCFM701_pythia8_sys_QCDScale0wUp
Merging MT_GluGluToContinToZZTo4e_13TeV_MCFM701_pythia8_cat3L_sys_ElecronSFDown
Merging measMET_GluGluToContinToZZTo4e_13TeV_MCFM701_pythia8_catEM_sys_jesTotalUp
Merging MT_GluGluToContinToZZTo4e_13TeV_MCFM701_pythia8_catEM_sys_TriggerSFWeightUp
Merging MT_GluGluToContinToZZTo4e_13TeV_MCFM701_pythia8_cat4L_sys_QCDScale2wDown
Merging MT_GluGluToContinToZZTo4e_13TeV_MCFM701_pythia8_catSignal-1jet_sys_btagEventWeightDown
Merging measMET_GluGluToContinToZZTo4e_13TeV_MCFM701_pythia8_catDY_sys_EWKUp
Merging balance_GluGluToContinToZZTo4e_13TeV_MCFM701_pythia8_sys_btagEventWeightUp
Merging phizmet_GluGluToContinToZZTo4e_13TeV_MCFM701_pythia8_sys_btagEventWeightUp
Merging MT_GluGluToContinToZZTo4e_13TeV_MCFM701_pythia8_catSignal-1jet_sys_ElectronEnDown
Merging measMET_GluGluToContinToZZTo4e_13TeV_MCFM701_pythia8_catTOP_sys_MuonSFUp
Merging MT_GluGluToContinToZZTo4e_13TeV_MCFM701_pythia8_catDY
Merging MT_GluGluToContinToZZTo4e_13TeV_MCFM701_pythia8_catDY_sys_QCDScale0wDown
Merging njet_GluGluToContinToZZTo4e_13TeV_MCFM701_pythia8_sys_jerUp
Merging njet_GluGluToContinToZZTo4e_13TeV_MCFM701_pythia8_sys_PrefireWeightUp
Merging MT_GluGluToContinToZZTo4e_13TeV_MCFM701_pythia8_cat3L_sys_QCDScale1wDown
Merging measMET_GluGluToContinToZZTo4e_13TeV_MCFM701_pythia8_catTOP_sys_QCDScale1wUp
Merging measMET_GluGluToContinToZZTo4e_13TeV_MCFM701_pythia8_catTOP_sys_ElectronEnDown
Merging measMET_GluGluToContinToZZTo4e_13TeV_MCFM701_pythia8_cat4L_sys_QCDScale2wUp
Merging phizmet_GluGluToContinToZZTo4e_13TeV_MCFM701_pythia8_sys_EWKUp
Merging measMET_GluGluToContinToZZTo4e_13TeV_MCFM701_pythia8_catNRB_sys_QCDScale2wUp
Merging MT_GluGluToContinToZZTo4e_13TeV_MCFM701_pythia8_catSignal-1jet_sys_jesTotalDown
Merging measMET_GluGluToContinToZZTo4e_13TeV_MCFM701_pythia8_catSignal-0jet_sys_puWeightUp
Merging MT_GluGluToContinToZZTo4e_13TeV_MCFM701_pythia8_cat4L_sys_btagEventWeightUp
Merging MT_GluGluToContinToZZTo4e_13TeV_MCFM701_pythia8_catEM_sys_MuonEnDown
Merging measMET_GluGluToContinToZZTo4e_13TeV_MCFM701_pythia8_cat3L_sys_TriggerSFWeightUp
Merging MT_GluGluToContinToZZTo4e_13TeV_MCFM701_pythia8_catTOP_sys_QCDScale0wUp
Merging MT_GluGluToContinToZZTo4e_13TeV_MCFM701_pythia8_catSignal-1jet_sys_ElectronEnUp
Merging measMET_GluGluToContinToZZTo4e_13TeV_MCFM701_pythia8_catEM_sys_btagEventWeightUp
Merging measMET_GluGluToContinToZZTo4e_13TeV_MCFM701_pythia8_catEM_sys_btagEventWeightDown
Merging measMET_GluGluToContinToZZTo4e_13TeV_MCFM701_pythia8_catTOP_sys_PrefireWeightDown
Merging MT_GluGluToContinToZZTo4e_13TeV_MCFM701_pythia8_catTOP_sys_jerUp
Merging measMET_GluGluToContinToZZTo4e_13TeV_MCFM701_pythia8_cat4L_sys_PDFUp
Merging MT_GluGluToContinToZZTo4e_13TeV_MCFM701_pythia8_catTOP_sys_ElectronEnUp
Merging measMET_GluGluToContinToZZTo4e_13TeV_MCFM701_pythia8_catTOP_sys_jesTotalDown
Merging measMET_GluGluToContinToZZTo4e_13TeV_MCFM701_pythia8_catSignal-0jet_sys_PrefireWeightUp
Merging MT_GluGluToContinToZZTo4e_13TeV_MCFM701_pythia8_cat3L
Merging measMET_GluGluToContinToZZTo4e_13TeV_MCFM701_pythia8_catSignal-0jet_sys_btagEventWeightDown
Merging MT_GluGluToContinToZZTo4e_13TeV_MCFM701_pythia8_catTOP_sys_MuonSFUp
Merging MT_GluGluToContinToZZTo4e_13TeV_MCFM701_pythia8_catDY_sys_PDFDown
Merging balance_GluGluToContinToZZTo4e_13TeV_MCFM701_pythia8_sys_ElecronSFDown
Merging njet_GluGluToContinToZZTo4e_13TeV_MCFM701_pythia8_sys_ElecronSFUp
Merging MT_GluGluToContinToZZTo4e_13TeV_MCFM701_pythia8_catSignal-1jet_sys_TriggerSFWeightUp
Merging measMET_GluGluToContinToZZTo4e_13TeV_MCFM701_pythia8_cat3L
Merging MT_GluGluToContinToZZTo4e_13TeV_MCFM701_pythia8_cat3L_sys_QCDScale2wDown
Merging MT_GluGluToContinToZZTo4e_13TeV_MCFM701_pythia8_catEM_sys_QCDScale1wUp
Merging MT_GluGluToContinToZZTo4e_13TeV_MCFM701_pythia8_catSignal-0jet_sys_MuonEnUp
Merging MT_GluGluToContinToZZTo4e_13TeV_MCFM701_pythia8_catEM_sys_nvtxWeightDown
Merging balance_GluGluToContinToZZTo4e_13TeV_MCFM701_pythia8_sys_MuonEnDown
Merging MT_GluGluToContinToZZTo4e_13TeV_MCFM701_pythia8_cat4L_sys_TriggerSFWeightUp
Merging MT_GluGluToContinToZZTo4e_13TeV_MCFM701_pythia8_cat3L_sys_jerDown
Merging measMET_GluGluToContinToZZTo4e_13TeV_MCFM701_pythia8_catSignal-1jet_sys_PrefireWeightUp
Merging measMET_GluGluToContinToZZTo4e_13TeV_MCFM701_pythia8_catSignal-1jet_sys_btagEventWeightUp
Merging measMET_GluGluToContinToZZTo4e_13TeV_MCFM701_pythia8_catNRB_sys_nvtxWeightUp
Merging measMET_GluGluToContinToZZTo4e_13TeV_MCFM701_pythia8_catEM_sys_QCDScale2wDown
Merging MT_GluGluToContinToZZTo4e_13TeV_MCFM701_pythia8_catEM_sys_QCDScale0wDown
Merging measMET_GluGluToContinToZZTo4e_13TeV_MCFM701_pythia8_catSignal-0jet_sys_PDFDown
Merging balance_GluGluToContinToZZTo4e_13TeV_MCFM701_pythia8_sys_jesTotalUp
Merging njet_GluGluToContinToZZTo4e_13TeV_MCFM701_pythia8_sys_QCDScale2wDown
Merging MT_GluGluToContinToZZTo4e_13TeV_MCFM701_pythia8_catNRB_sys_jesTotalDown
Merging MT_GluGluToContinToZZTo4e_13TeV_MCFM701_pythia8_catTOP_sys_puWeightUp
Merging measMET_GluGluToContinToZZTo4e_13TeV_MCFM701_pythia8_cat3L_sys_MuonSFDown
Merging MT_GluGluToContinToZZTo4e_13TeV_MCFM701_pythia8_catTOP
Merging MT_GluGluToContinToZZTo4e_13TeV_MCFM701_pythia8_catEM_sys_PrefireWeightDown
Merging phizmet_GluGluToContinToZZTo4e_13TeV_MCFM701_pythia8_sys_ElecronSFUp
Merging MT_GluGluToContinToZZTo4e_13TeV_MCFM701_pythia8_catSignal-0jet_sys_jesTotalDown
Merging measMET_GluGluToContinToZZTo4e_13TeV_MCFM701_pythia8_catTOP_sys_puWeightUp
Merging MT_GluGluToContinToZZTo4e_13TeV_MCFM701_pythia8_catSignal-1jet_sys_MuonSFDown
Merging measMET_GluGluToContinToZZTo4e_13TeV_MCFM701_pythia8_catSignal-0jet_sys_EWKUp
Merging MT_GluGluToContinToZZTo4e_13TeV_MCFM701_pythia8_cat3L_sys_PrefireWeightUp
Merging measMET_GluGluToContinToZZTo4e_13TeV_MCFM701_pythia8_catTOP_sys_EWKUp
Merging MT_GluGluToContinToZZTo4e_13TeV_MCFM701_pythia8_catDY_sys_TriggerSFWeightUp
Merging MT_GluGluToContinToZZTo4e_13TeV_MCFM701_pythia8_catNRB_sys_btagEventWeightDown
Merging MT_GluGluToContinToZZTo4e_13TeV_MCFM701_pythia8_catSignal-0jet_sys_jerUp
Merging MT_GluGluToContinToZZTo4e_13TeV_MCFM701_pythia8_catSignal-0jet_sys_PrefireWeightDown
Merging measMET_GluGluToContinToZZTo4e_13TeV_MCFM701_pythia8_catSignal-1jet_sys_QCDScale2wDown
Merging MT_GluGluToContinToZZTo4e_13TeV_MCFM701_pythia8_catNRB_sys_TriggerSFWeightDown
Merging measMET_GluGluToContinToZZTo4e_13TeV_MCFM701_pythia8_catSignal-0jet_sys_puWeightDown
Merging MT_GluGluToContinToZZTo4e_13TeV_MCFM701_pythia8_catSignal-1jet_sys_PrefireWeightUp
Merging measMET_GluGluToContinToZZTo4e_13TeV_MCFM701_pythia8_cat3L_sys_jerUp
Merging MT_GluGluToContinToZZTo4e_13TeV_MCFM701_pythia8_catTOP_sys_ElecronSFUp
Merging MT_GluGluToContinToZZTo4e_13TeV_MCFM701_pythia8_catDY_sys_MuonSFUp
Merging phizmet_GluGluToContinToZZTo4e_13TeV_MCFM701_pythia8_sys_PDFUp
Merging measMET_GluGluToContinToZZTo4e_13TeV_MCFM701_pythia8_cat4L_sys_PDFDown
Merging njet_GluGluToContinToZZTo4e_13TeV_MCFM701_pythia8_sys_EWKDown
Merging phizmet_GluGluToContinToZZTo4e_13TeV_MCFM701_pythia8_sys_nvtxWeightDown
Merging measMET_GluGluToContinToZZTo4e_13TeV_MCFM701_pythia8_catSignal-0jet_sys_PDFUp
Merging measMET_GluGluToContinToZZTo4e_13TeV_MCFM701_pythia8_catSignal-1jet_sys_QCDScale2wUp
Merging MT_GluGluToContinToZZTo4e_13TeV_MCFM701_pythia8_catSignal-1jet_sys_QCDScale1wDown
Merging measMET_GluGluToContinToZZTo4e_13TeV_MCFM701_pythia8_catTOP_sys_PDFUp
Merging MT_GluGluToContinToZZTo4e_13TeV_MCFM701_pythia8_cat4L_sys_ElectronEnDown
Merging MT_GluGluToContinToZZTo4e_13TeV_MCFM701_pythia8_catEM_sys_btagEventWeightUp
Merging MT_GluGluToContinToZZTo4e_13TeV_MCFM701_pythia8_cat3L_sys_PDFDown
Merging measMET_GluGluToContinToZZTo4e_13TeV_MCFM701_pythia8_catTOP_sys_ElecronSFUp
Merging measMET_GluGluToContinToZZTo4e_13TeV_MCFM701_pythia8_catDY_sys_TriggerSFWeightDown
Merging phizmet_GluGluToContinToZZTo4e_13TeV_MCFM701_pythia8_sys_QCDScale1wUp
Merging MT_GluGluToContinToZZTo4e_13TeV_MCFM701_pythia8_cat3L_sys_nvtxWeightUp
Merging njet_GluGluToContinToZZTo4e_13TeV_MCFM701_pythia8_sys_puWeightUp
Merging MT_GluGluToContinToZZTo4e_13TeV_MCFM701_pythia8_catSignal-1jet
Merging MT_GluGluToContinToZZTo4e_13TeV_MCFM701_pythia8_catSignal-0jet_sys_jesTotalUp
Merging measMET_GluGluToContinToZZTo4e_13TeV_MCFM701_pythia8_cat4L_sys_nvtxWeightUp
Merging phizmet_GluGluToContinToZZTo4e_13TeV_MCFM701_pythia8_sys_jesTotalUp
Merging MT_GluGluToContinToZZTo4e_13TeV_MCFM701_pythia8_cat3L_sys_nvtxWeightDown
Merging MT_GluGluToContinToZZTo4e_13TeV_MCFM701_pythia8_cat4L_sys_QCDScale2wUp
Merging balance_GluGluToContinToZZTo4e_13TeV_MCFM701_pythia8_sys_EWKUp
Merging MT_GluGluToContinToZZTo4e_13TeV_MCFM701_pythia8_catSignal-0jet_sys_QCDScale2wUp
Merging measMET_GluGluToContinToZZTo4e_13TeV_MCFM701_pythia8_catTOP_sys_ElecronSFDown
Merging MT_GluGluToContinToZZTo4e_13TeV_MCFM701_pythia8_catSignal-1jet_sys_QCDScale2wUp
Merging measMET_GluGluToContinToZZTo4e_13TeV_MCFM701_pythia8_catDY_sys_QCDScale2wUp
Merging MT_GluGluToContinToZZTo4e_13TeV_MCFM701_pythia8_catDY_sys_QCDScale2wDown
Merging MT_GluGluToContinToZZTo4e_13TeV_MCFM701_pythia8_catTOP_sys_jesTotalUp
Merging MT_GluGluToContinToZZTo4e_13TeV_MCFM701_pythia8_catDY_sys_nvtxWeightUp
Merging measMET_GluGluToContinToZZTo4e_13TeV_MCFM701_pythia8_catNRB_sys_ElectronEnUp
Merging measMET_GluGluToContinToZZTo4e_13TeV_MCFM701_pythia8_catSignal-1jet_sys_jerDown
Merging measMET_GluGluToContinToZZTo4e_13TeV_MCFM701_pythia8_cat4L_sys_puWeightDown
Merging MT_GluGluToContinToZZTo4e_13TeV_MCFM701_pythia8_catTOP_sys_QCDScale1wDown
Merging measMET_GluGluToContinToZZTo4e_13TeV_MCFM701_pythia8_cat3L_sys_QCDScale2wUp
Merging balance_GluGluToContinToZZTo4e_13TeV_MCFM701_pythia8_sys_EWKDown
Merging MT_GluGluToContinToZZTo4e_13TeV_MCFM701_pythia8_catSignal-0jet_sys_PDFUp
Merging MT_GluGluToContinToZZTo4e_13TeV_MCFM701_pythia8_cat3L_sys_ElecronSFUp
Merging measMET_GluGluToContinToZZTo4e_13TeV_MCFM701_pythia8_catSignal-0jet_sys_MuonSFUp
Merging balance_GluGluToContinToZZTo4e_13TeV_MCFM701_pythia8_sys_QCDScale1wUp
Merging MT_GluGluToContinToZZTo4e_13TeV_MCFM701_pythia8_catDY_sys_QCDScale1wDown
Merging MT_GluGluToContinToZZTo4e_13TeV_MCFM701_pythia8_catSignal-1jet_sys_QCDScale0wUp
Merging MT_GluGluToContinToZZTo4e_13TeV_MCFM701_pythia8_catDY_sys_nvtxWeightDown
Merging measMET_GluGluToContinToZZTo4e_13TeV_MCFM701_pythia8_cat4L_sys_btagEventWeightDown
Merging measMET_GluGluToContinToZZTo4e_13TeV_MCFM701_pythia8_cat4L_sys_btagEventWeightUp
Merging MT_GluGluToContinToZZTo4e_13TeV_MCFM701_pythia8_catEM_sys_PrefireWeightUp
Merging measMET_GluGluToContinToZZTo4e_13TeV_MCFM701_pythia8_catNRB_sys_TriggerSFWeightUp
Merging phizmet_GluGluToContinToZZTo4e_13TeV_MCFM701_pythia8_sys_PDFDown
Merging measMET_GluGluToContinToZZTo4e_13TeV_MCFM701_pythia8_catNRB_sys_btagEventWeightUp
Merging MT_GluGluToContinToZZTo4e_13TeV_MCFM701_pythia8_catNRB_sys_PrefireWeightUp
Merging MT_GluGluToContinToZZTo4e_13TeV_MCFM701_pythia8_catNRB_sys_ElecronSFUp
Merging measMET_GluGluToContinToZZTo4e_13TeV_MCFM701_pythia8_cat4L_sys_MuonEnUp
Merging MT_GluGluToContinToZZTo4e_13TeV_MCFM701_pythia8_catSignal-1jet_sys_btagEventWeightUp
Merging MT_GluGluToContinToZZTo4e_13TeV_MCFM701_pythia8_catEM_sys_QCDScale2wUp
Merging measMET_GluGluToContinToZZTo4e_13TeV_MCFM701_pythia8_catEM_sys_PDFUp
Merging njet_GluGluToContinToZZTo4e_13TeV_MCFM701_pythia8_sys_jesTotalDown
Merging njet_GluGluToContinToZZTo4e_13TeV_MCFM701_pythia8_sys_jesTotalUp
Merging phizmet_GluGluToContinToZZTo4e_13TeV_MCFM701_pythia8_sys_MuonEnUp
Merging measMET_GluGluToContinToZZTo4e_13TeV_MCFM701_pythia8_cat3L_sys_PDFDown
Merging MT_GluGluToContinToZZTo4e_13TeV_MCFM701_pythia8_catNRB_sys_jerUp
Merging measMET_GluGluToContinToZZTo4e_13TeV_MCFM701_pythia8_catDY_sys_btagEventWeightUp
Merging measMET_GluGluToContinToZZTo4e_13TeV_MCFM701_pythia8_catEM_sys_MuonSFDown
Merging MT_GluGluToContinToZZTo4e_13TeV_MCFM701_pythia8_catSignal-1jet_sys_QCDScale2wDown
Merging measMET_GluGluToContinToZZTo4e_13TeV_MCFM701_pythia8_cat3L_sys_btagEventWeightDown
Merging njet_GluGluToContinToZZTo4e_13TeV_MCFM701_pythia8_sys_MuonEnUp
Merging measMET_GluGluToContinToZZTo4e_13TeV_MCFM701_pythia8_cat3L_sys_nvtxWeightDown
Merging MT_GluGluToContinToZZTo4e_13TeV_MCFM701_pythia8_catSignal-1jet_sys_TriggerSFWeightDown
Merging measMET_GluGluToContinToZZTo4e_13TeV_MCFM701_pythia8_catSignal-1jet_sys_ElectronEnUp
Merging measMET_GluGluToContinToZZTo4e_13TeV_MCFM701_pythia8_catNRB_sys_MuonSFUp
Merging measMET_GluGluToContinToZZTo4e_13TeV_MCFM701_pythia8_catDY_sys_QCDScale0wUp
Merging measMET_GluGluToContinToZZTo4e_13TeV_MCFM701_pythia8_catEM_sys_EWKUp
Merging measMET_GluGluToContinToZZTo4e_13TeV_MCFM701_pythia8_catSignal-0jet_sys_QCDScale0wUp
Merging measMET_GluGluToContinToZZTo4e_13TeV_MCFM701_pythia8_cat3L_sys_EWKUp
Merging measMET_GluGluToContinToZZTo4e_13TeV_MCFM701_pythia8_catSignal-1jet_sys_EWKDown
Merging measMET_GluGluToContinToZZTo4e_13TeV_MCFM701_pythia8_catDY_sys_MuonEnDown
Merging MT_GluGluToContinToZZTo4e_13TeV_MCFM701_pythia8_catNRB_sys_TriggerSFWeightUp
Merging measMET_GluGluToContinToZZTo4e_13TeV_MCFM701_pythia8_cat4L_sys_QCDScale0wDown
Merging measMET_GluGluToContinToZZTo4e_13TeV_MCFM701_pythia8_catTOP_sys_MuonEnDown
Merging measMET_GluGluToContinToZZTo4e_13TeV_MCFM701_pythia8_catSignal-1jet_sys_btagEventWeightDown
Merging measMET_GluGluToContinToZZTo4e_13TeV_MCFM701_pythia8_catSignal-1jet_sys_PDFUp
Merging MT_GluGluToContinToZZTo4e_13TeV_MCFM701_pythia8_catDY_sys_MuonSFDown
Merging MT_GluGluToContinToZZTo4e_13TeV_MCFM701_pythia8_catNRB_sys_QCDScale0wUp
Merging measMET_GluGluToContinToZZTo4e_13TeV_MCFM701_pythia8_cat4L_sys_QCDScale0wUp
Merging measMET_GluGluToContinToZZTo4e_13TeV_MCFM701_pythia8_catEM_sys_puWeightDown
Merging MT_GluGluToContinToZZTo4e_13TeV_MCFM701_pythia8_catTOP_sys_EWKUp
Merging measMET_GluGluToContinToZZTo4e_13TeV_MCFM701_pythia8_catDY_sys_ElecronSFUp
Merging balance_GluGluToContinToZZTo4e_13TeV_MCFM701_pythia8_sys_ElectronEnUp
Merging measMET_GluGluToContinToZZTo4e_13TeV_MCFM701_pythia8_catSignal-0jet_sys_TriggerSFWeightUp
Merging phizmet_GluGluToContinToZZTo4e_13TeV_MCFM701_pythia8_sys_TriggerSFWeightDown
Merging measMET_GluGluToContinToZZTo4e_13TeV_MCFM701_pythia8_cat3L_sys_QCDScale2wDown
Merging MT_GluGluToContinToZZTo4e_13TeV_MCFM701_pythia8_catEM_sys_jesTotalUp
Merging MT_GluGluToContinToZZTo4e_13TeV_MCFM701_pythia8_cat3L_sys_jerUp
Merging measMET_GluGluToContinToZZTo4e_13TeV_MCFM701_pythia8_catSignal-1jet_sys_PDFDown
Merging measMET_GluGluToContinToZZTo4e_13TeV_MCFM701_pythia8_catSignal-1jet_sys_puWeightUp
Merging measMET_GluGluToContinToZZTo4e_13TeV_MCFM701_pythia8_cat3L_sys_nvtxWeightUp
Merging measMET_GluGluToContinToZZTo4e_13TeV_MCFM701_pythia8_catEM_sys_ElectronEnDown
Merging MT_GluGluToContinToZZTo4e_13TeV_MCFM701_pythia8_cat3L_sys_PDFUp
Merging MT_GluGluToContinToZZTo4e_13TeV_MCFM701_pythia8_cat3L_sys_ElectronEnDown
Merging MT_GluGluToContinToZZTo4e_13TeV_MCFM701_pythia8_catNRB_sys_puWeightDown
Merging balance_GluGluToContinToZZTo4e_13TeV_MCFM701_pythia8_sys_QCDScale0wUp
Merging MT_GluGluToContinToZZTo4e_13TeV_MCFM701_pythia8_cat4L_sys_EWKDown
Merging measMET_GluGluToContinToZZTo4e_13TeV_MCFM701_pythia8_catSignal-0jet_sys_QCDScale2wUp
Merging measMET_GluGluToContinToZZTo4e_13TeV_MCFM701_pythia8_catNRB_sys_TriggerSFWeightDown
Merging measMET_GluGluToContinToZZTo4e_13TeV_MCFM701_pythia8_catNRB_sys_PrefireWeightDown
Merging njet_GluGluToContinToZZTo4e_13TeV_MCFM701_pythia8_sys_PDFUp
Merging MT_GluGluToContinToZZTo4e_13TeV_MCFM701_pythia8_catEM_sys_ElectronEnUp
Merging MT_GluGluToContinToZZTo4e_13TeV_MCFM701_pythia8_catDY_sys_QCDScale0wUp
Merging measMET_GluGluToContinToZZTo4e_13TeV_MCFM701_pythia8_catNRB_sys_nvtxWeightDown
Merging measMET_GluGluToContinToZZTo4e_13TeV_MCFM701_pythia8_catNRB_sys_EWKDown
Merging phizmet_GluGluToContinToZZTo4e_13TeV_MCFM701_pythia8_sys_MuonEnDown
Merging MT_GluGluToContinToZZTo4e_13TeV_MCFM701_pythia8_catTOP_sys_QCDScale0wDown
Merging MT_GluGluToContinToZZTo4e_13TeV_MCFM701_pythia8_catNRB_sys_QCDScale0wDown
Merging measMET_GluGluToContinToZZTo4e_13TeV_MCFM701_pythia8_catDY
Merging MT_GluGluToContinToZZTo4e_13TeV_MCFM701_pythia8_cat3L_sys_QCDScale1wUp
Merging MT_GluGluToContinToZZTo4e_13TeV_MCFM701_pythia8_catDY_sys_ElecronSFUp
Merging MT_GluGluToContinToZZTo4e_13TeV_MCFM701_pythia8_catNRB_sys_jerDown
Merging measMET_GluGluToContinToZZTo4e_13TeV_MCFM701_pythia8_cat3L_sys_btagEventWeightUp
Merging measMET_GluGluToContinToZZTo4e_13TeV_MCFM701_pythia8_catSignal-0jet_sys_jerDown
Merging MT_GluGluToContinToZZTo4e_13TeV_MCFM701_pythia8_cat4L_sys_QCDScale0wUp
Merging measMET_GluGluToContinToZZTo4e_13TeV_MCFM701_pythia8_cat4L_sys_ElecronSFUp
Merging balance_GluGluToContinToZZTo4e_13TeV_MCFM701_pythia8_sys_QCDScale2wDown
Merging measMET_GluGluToContinToZZTo4e_13TeV_MCFM701_pythia8_cat4L_sys_TriggerSFWeightUp
Merging MT_GluGluToContinToZZTo4e_13TeV_MCFM701_pythia8_cat3L_sys_puWeightUp
Merging njet_GluGluToContinToZZTo4e_13TeV_MCFM701_pythia8_sys_nvtxWeightDown
Merging measMET_GluGluToContinToZZTo4e_13TeV_MCFM701_pythia8_cat3L_sys_jesTotalUp
Merging MT_GluGluToContinToZZTo4e_13TeV_MCFM701_pythia8_catEM_sys_jerDown
Merging MT_GluGluToContinToZZTo4e_13TeV_MCFM701_pythia8_catSignal-1jet_sys_EWKDown
Merging MT_GluGluToContinToZZTo4e_13TeV_MCFM701_pythia8_cat3L_sys_puWeightDown
Merging measMET_GluGluToContinToZZTo4e_13TeV_MCFM701_pythia8_catDY_sys_EWKDown
Merging measMET_GluGluToContinToZZTo4e_13TeV_MCFM701_pythia8_catNRB_sys_ElecronSFDown
Merging MT_GluGluToContinToZZTo4e_13TeV_MCFM701_pythia8_catDY_sys_EWKUp
Merging measMET_GluGluToContinToZZTo4e_13TeV_MCFM701_pythia8_catSignal-0jet_sys_nvtxWeightDown
Merging measMET_GluGluToContinToZZTo4e_13TeV_MCFM701_pythia8_catDY_sys_nvtxWeightDown
Merging phizmet_GluGluToContinToZZTo4e_13TeV_MCFM701_pythia8
Merging MT_GluGluToContinToZZTo4e_13TeV_MCFM701_pythia8_catEM_sys_QCDScale1wDown
Merging MT_GluGluToContinToZZTo4e_13TeV_MCFM701_pythia8_catTOP_sys_PDFDown
Merging MT_GluGluToContinToZZTo4e_13TeV_MCFM701_pythia8_catSignal-0jet_sys_MuonSFUp
Merging MT_GluGluToContinToZZTo4e_13TeV_MCFM701_pythia8_catNRB_sys_jesTotalUp
Merging measMET_GluGluToContinToZZTo4e_13TeV_MCFM701_pythia8_cat3L_sys_jerDown
Merging MT_GluGluToContinToZZTo4e_13TeV_MCFM701_pythia8_catSignal-0jet_sys_PrefireWeightUp
Merging MT_GluGluToContinToZZTo4e_13TeV_MCFM701_pythia8_catNRB_sys_QCDScale2wDown
Merging measMET_GluGluToContinToZZTo4e_13TeV_MCFM701_pythia8_catEM_sys_jesTotalDown
Merging MT_GluGluToContinToZZTo4e_13TeV_MCFM701_pythia8_catTOP_sys_EWKDown
Merging phizmet_GluGluToContinToZZTo4e_13TeV_MCFM701_pythia8_sys_jerUp
Merging MT_GluGluToContinToZZTo4e_13TeV_MCFM701_pythia8_cat3L_sys_jesTotalDown
Merging measMET_GluGluToContinToZZTo4e_13TeV_MCFM701_pythia8_catSignal-0jet_sys_jesTotalUp
Merging MT_GluGluToContinToZZTo4e_13TeV_MCFM701_pythia8_catSignal-0jet_sys_QCDScale0wUp
Merging MT_GluGluToContinToZZTo4e_13TeV_MCFM701_pythia8_catDY_sys_MuonEnUp
Merging balance_GluGluToContinToZZTo4e_13TeV_MCFM701_pythia8_sys_QCDScale0wDown
Merging MT_GluGluToContinToZZTo4e_13TeV_MCFM701_pythia8_catSignal-0jet_sys_QCDScale2wDown
Merging measMET_GluGluToContinToZZTo4e_13TeV_MCFM701_pythia8_catNRB_sys_jesTotalUp
Merging MT_GluGluToContinToZZTo4e_13TeV_MCFM701_pythia8_catNRB_sys_EWKUp
Merging measMET_GluGluToContinToZZTo4e_13TeV_MCFM701_pythia8_cat4L_sys_jerDown
Merging measMET_GluGluToContinToZZTo4e_13TeV_MCFM701_pythia8_cat4L_sys_jesTotalUp
Merging measMET_GluGluToContinToZZTo4e_13TeV_MCFM701_pythia8_cat4L_sys_EWKUp
Merging MT_GluGluToContinToZZTo4e_13TeV_MCFM701_pythia8_cat3L_sys_btagEventWeightDown
Merging measMET_GluGluToContinToZZTo4e_13TeV_MCFM701_pythia8_cat4L_sys_QCDScale1wDown
Merging MT_GluGluToContinToZZTo4e_13TeV_MCFM701_pythia8_catSignal-0jet_sys_EWKDown
Merging measMET_GluGluToContinToZZTo4e_13TeV_MCFM701_pythia8_catSignal-1jet_sys_PrefireWeightDown
Merging MT_GluGluToContinToZZTo4e_13TeV_MCFM701_pythia8_cat3L_sys_MuonEnUp
Merging MT_GluGluToContinToZZTo4e_13TeV_MCFM701_pythia8_catEM
Merging MT_GluGluToContinToZZTo4e_13TeV_MCFM701_pythia8_catTOP_sys_puWeightDown
Merging measMET_GluGluToContinToZZTo4e_13TeV_MCFM701_pythia8_cat3L_sys_PrefireWeightUp
Merging MT_GluGluToContinToZZTo4e_13TeV_MCFM701_pythia8_catEM_sys_EWKDown
Merging MT_GluGluToContinToZZTo4e_13TeV_MCFM701_pythia8_catEM_sys_TriggerSFWeightDown
Merging measMET_GluGluToContinToZZTo4e_13TeV_MCFM701_pythia8_catTOP_sys_btagEventWeightDown
Merging measMET_GluGluToContinToZZTo4e_13TeV_MCFM701_pythia8_catTOP_sys_jerDown
Merging MT_GluGluToContinToZZTo4e_13TeV_MCFM701_pythia8_catDY_sys_QCDScale2wUp
Merging measMET_GluGluToContinToZZTo4e_13TeV_MCFM701_pythia8_catTOP_sys_nvtxWeightUp
Merging measMET_GluGluToContinToZZTo4e_13TeV_MCFM701_pythia8_catDY_sys_PrefireWeightUp
Merging measMET_GluGluToContinToZZTo4e_13TeV_MCFM701_pythia8_catNRB_sys_PDFUp
Merging MT_GluGluToContinToZZTo4e_13TeV_MCFM701_pythia8_cat3L_sys_QCDScale0wDown
Merging MT_GluGluToContinToZZTo4e_13TeV_MCFM701_pythia8_cat4L
Merging measMET_GluGluToContinToZZTo4e_13TeV_MCFM701_pythia8_cat4L_sys_ElectronEnDown
Merging measMET_GluGluToContinToZZTo4e_13TeV_MCFM701_pythia8_catNRB_sys_QCDScale0wDown
Merging balance_GluGluToContinToZZTo4e_13TeV_MCFM701_pythia8_sys_jerUp
Merging measMET_GluGluToContinToZZTo4e_13TeV_MCFM701_pythia8_catSignal-0jet_sys_ElecronSFDown
Merging MT_GluGluToContinToZZTo4e_13TeV_MCFM701_pythia8_catEM_sys_QCDScale2wDown
Merging measMET_GluGluToContinToZZTo4e_13TeV_MCFM701_pythia8_catTOP_sys_QCDScale1wDown
Merging balance_GluGluToContinToZZTo4e_13TeV_MCFM701_pythia8_sys_TriggerSFWeightDown
Merging MT_GluGluToContinToZZTo4e_13TeV_MCFM701_pythia8_catNRB_sys_ElectronEnDown
Merging measMET_GluGluToContinToZZTo4e_13TeV_MCFM701_pythia8_catNRB_sys_ElecronSFUp
Merging balance_GluGluToContinToZZTo4e_13TeV_MCFM701_pythia8_sys_PrefireWeightDown
Merging measMET_GluGluToContinToZZTo4e_13TeV_MCFM701_pythia8_catTOP_sys_QCDScale0wUp
Merging measMET_GluGluToContinToZZTo4e_13TeV_MCFM701_pythia8_catSignal-0jet_sys_jerUp
Merging measMET_GluGluToContinToZZTo4e_13TeV_MCFM701_pythia8_catSignal-1jet_sys_QCDScale0wUp
Merging measMET_GluGluToContinToZZTo4e_13TeV_MCFM701_pythia8_catSignal-0jet_sys_jesTotalDown
Merging MT_GluGluToContinToZZTo4e_13TeV_MCFM701_pythia8_catTOP_sys_jesTotalDown
Merging MT_GluGluToContinToZZTo4e_13TeV_MCFM701_pythia8_catTOP_sys_TriggerSFWeightUp
Merging njet_GluGluToContinToZZTo4e_13TeV_MCFM701_pythia8_sys_PDFDown
Merging measMET_GluGluToContinToZZTo4e_13TeV_MCFM701_pythia8_catTOP_sys_TriggerSFWeightUp
Merging measMET_GluGluToContinToZZTo4e_13TeV_MCFM701_pythia8_catTOP_sys_QCDScale2wUp
Merging measMET_GluGluToContinToZZTo4e_13TeV_MCFM701_pythia8_catEM_sys_ElecronSFDown
Merging MT_GluGluToContinToZZTo4e_13TeV_MCFM701_pythia8_catSignal-1jet_sys_QCDScale1wUp
Merging phizmet_GluGluToContinToZZTo4e_13TeV_MCFM701_pythia8_sys_puWeightDown
Merging phizmet_GluGluToContinToZZTo4e_13TeV_MCFM701_pythia8_sys_QCDScale1wDown
Merging measMET_GluGluToContinToZZTo4e_13TeV_MCFM701_pythia8_catNRB_sys_ElectronEnDown
Merging MT_GluGluToContinToZZTo4e_13TeV_MCFM701_pythia8_catSignal-0jet_sys_MuonEnDown
Merging balance_GluGluToContinToZZTo4e_13TeV_MCFM701_pythia8_sys_PrefireWeightUp
Merging measMET_GluGluToContinToZZTo4e_13TeV_MCFM701_pythia8_catEM_sys_nvtxWeightDown
Merging MT_GluGluToContinToZZTo4e_13TeV_MCFM701_pythia8_catTOP_sys_PDFUp
Merging measMET_GluGluToContinToZZTo4e_13TeV_MCFM701_pythia8_catDY_sys_jesTotalDown
Merging MT_GluGluToContinToZZTo4e_13TeV_MCFM701_pythia8_catEM_sys_MuonEnUp
Merging phizmet_GluGluToContinToZZTo4e_13TeV_MCFM701_pythia8_sys_QCDScale0wDown
Merging phizmet_GluGluToContinToZZTo4e_13TeV_MCFM701_pythia8_sys_QCDScale2wDown
Merging balance_GluGluToContinToZZTo4e_13TeV_MCFM701_pythia8_sys_PDFUp
Merging measMET_GluGluToContinToZZTo4e_13TeV_MCFM701_pythia8_catNRB_sys_jerDown
Merging njet_GluGluToContinToZZTo4e_13TeV_MCFM701_pythia8_sys_MuonSFDown
Merging measMET_GluGluToContinToZZTo4e_13TeV_MCFM701_pythia8_catDY_sys_ElectronEnDown
Merging measMET_GluGluToContinToZZTo4e_13TeV_MCFM701_pythia8_catTOP_sys_PDFDown
Merging measMET_GluGluToContinToZZTo4e_13TeV_MCFM701_pythia8_catTOP_sys_ElectronEnUp
Merging measMET_GluGluToContinToZZTo4e_13TeV_MCFM701_pythia8_catSignal-1jet_sys_nvtxWeightDown
Merging measMET_GluGluToContinToZZTo4e_13TeV_MCFM701_pythia8_catSignal-1jet
Merging MT_GluGluToContinToZZTo4e_13TeV_MCFM701_pythia8_cat4L_sys_jesTotalUp
Merging measMET_GluGluToContinToZZTo4e_13TeV_MCFM701_pythia8_cat3L_sys_puWeightDown
Merging measMET_GluGluToContinToZZTo4e_13TeV_MCFM701_pythia8_catTOP_sys_jesTotalUp
Merging measMET_GluGluToContinToZZTo4e_13TeV_MCFM701_pythia8_catSignal-1jet_sys_QCDScale1wDown
Merging measMET_GluGluToContinToZZTo4e_13TeV_MCFM701_pythia8_catEM_sys_QCDScale1wDown
Merging MT_GluGluToContinToZZTo4e_13TeV_MCFM701_pythia8_cat3L_sys_MuonSFDown
Merging MT_GluGluToContinToZZTo4e_13TeV_MCFM701_pythia8_catSignal-1jet_sys_MuonEnDown
Merging measMET_GluGluToContinToZZTo4e_13TeV_MCFM701_pythia8_catSignal-0jet_sys_MuonEnDown
Merging measMET_GluGluToContinToZZTo4e_13TeV_MCFM701_pythia8_catSignal-0jet_sys_EWKDown
Merging measMET_GluGluToContinToZZTo4e_13TeV_MCFM701_pythia8_catTOP
Merging measMET_GluGluToContinToZZTo4e_13TeV_MCFM701_pythia8_catDY_sys_puWeightUp
Merging phizmet_GluGluToContinToZZTo4e_13TeV_MCFM701_pythia8_sys_btagEventWeightDown
Merging measMET_GluGluToContinToZZTo4e_13TeV_MCFM701_pythia8_catEM_sys_QCDScale0wDown
Merging MT_GluGluToContinToZZTo4e_13TeV_MCFM701_pythia8_catTOP_sys_PrefireWeightUp
Merging measMET_GluGluToContinToZZTo4e_13TeV_MCFM701_pythia8_cat3L_sys_ElectronEnUp
Merging phizmet_GluGluToContinToZZTo4e_13TeV_MCFM701_pythia8_sys_PrefireWeightUp
Merging measMET_GluGluToContinToZZTo4e_13TeV_MCFM701_pythia8_catEM_sys_PrefireWeightDown
Merging MT_GluGluToContinToZZTo4e_13TeV_MCFM701_pythia8_catNRB_sys_ElecronSFDown
Merging MT_GluGluToContinToZZTo4e_13TeV_MCFM701_pythia8_catEM_sys_puWeightUp
Merging njet_GluGluToContinToZZTo4e_13TeV_MCFM701_pythia8_sys_ElecronSFDown
Merging phizmet_GluGluToContinToZZTo4e_13TeV_MCFM701_pythia8_sys_MuonSFUp
Merging measMET_GluGluToContinToZZTo4e_13TeV_MCFM701_pythia8_catEM_sys_QCDScale1wUp
Merging MT_GluGluToContinToZZTo4e_13TeV_MCFM701_pythia8_catTOP_sys_TriggerSFWeightDown
Merging MT_GluGluToContinToZZTo4e_13TeV_MCFM701_pythia8_catNRB_sys_PrefireWeightDown
Merging measMET_GluGluToContinToZZTo4e_13TeV_MCFM701_pythia8_cat4L_sys_MuonSFDown
Merging measMET_GluGluToContinToZZTo4e_13TeV_MCFM701_pythia8_catSignal-1jet_sys_QCDScale0wDown
Merging MT_GluGluToContinToZZTo4e_13TeV_MCFM701_pythia8_cat4L_sys_puWeightUp
Merging MT_GluGluToContinToZZTo4e_13TeV_MCFM701_pythia8_catSignal-0jet_sys_ElectronEnUp
Merging measMET_GluGluToContinToZZTo4e_13TeV_MCFM701_pythia8_cat4L_sys_puWeightUp
Merging measMET_GluGluToContinToZZTo4e_13TeV_MCFM701_pythia8_catNRB_sys_PDFDown
Merging MT_GluGluToContinToZZTo4e_13TeV_MCFM701_pythia8_catSignal-0jet_sys_TriggerSFWeightUp
Merging MT_GluGluToContinToZZTo4e_13TeV_MCFM701_pythia8_catTOP_sys_QCDScale1wUp
Merging MT_GluGluToContinToZZTo4e_13TeV_MCFM701_pythia8_catSignal-1jet_sys_nvtxWeightDown
Merging MT_GluGluToContinToZZTo4e_13TeV_MCFM701_pythia8_cat4L_sys_PDFDown
Merging balance_GluGluToContinToZZTo4e_13TeV_MCFM701_pythia8_sys_nvtxWeightDown
Merging MT_GluGluToContinToZZTo4e_13TeV_MCFM701_pythia8_catDY_sys_jesTotalDown
Merging MT_GluGluToContinToZZTo4e_13TeV_MCFM701_pythia8_catTOP_sys_nvtxWeightUp
Merging MT_GluGluToContinToZZTo4e_13TeV_MCFM701_pythia8_catSignal-0jet_sys_puWeightDown
Merging measMET_GluGluToContinToZZTo4e_13TeV_MCFM701_pythia8_catTOP_sys_QCDScale0wDown
Merging MT_GluGluToContinToZZTo4e_13TeV_MCFM701_pythia8_cat4L_sys_ElecronSFUp
Merging measMET_GluGluToContinToZZTo4e_13TeV_MCFM701_pythia8_catEM_sys_puWeightUp
Merging measMET_GluGluToContinToZZTo4e_13TeV_MCFM701_pythia8_catSignal-0jet_sys_ElectronEnUp
Merging phizmet_GluGluToContinToZZTo4e_13TeV_MCFM701_pythia8_sys_QCDScale0wUp
Merging balance_GluGluToContinToZZTo4e_13TeV_MCFM701_pythia8_sys_jesTotalDown
Merging MT_GluGluToContinToZZTo4e_13TeV_MCFM701_pythia8_catTOP_sys_MuonEnDown
Merging njet_GluGluToContinToZZTo4e_13TeV_MCFM701_pythia8_sys_ElectronEnUp
Merging measMET_GluGluToContinToZZTo4e_13TeV_MCFM701_pythia8_catDY_sys_QCDScale0wDown
Merging MT_GluGluToContinToZZTo4e_13TeV_MCFM701_pythia8_catNRB_sys_MuonSFDown
Merging phizmet_GluGluToContinToZZTo4e_13TeV_MCFM701_pythia8_sys_ElectronEnDown
Merging measMET_GluGluToContinToZZTo4e_13TeV_MCFM701_pythia8_cat3L_sys_ElectronEnDown
Merging MT_GluGluToContinToZZTo4e_13TeV_MCFM701_pythia8_catEM_sys_jerUp
Merging phizmet_GluGluToContinToZZTo4e_13TeV_MCFM701_pythia8_sys_ElecronSFDown
Merging MT_GluGluToContinToZZTo4e_13TeV_MCFM701_pythia8_cat3L_sys_MuonEnDown
Merging MT_GluGluToContinToZZTo4e_13TeV_MCFM701_pythia8_catEM_sys_ElectronEnDown
Merging balance_GluGluToContinToZZTo4e_13TeV_MCFM701_pythia8
Merging measMET_GluGluToContinToZZTo4e_13TeV_MCFM701_pythia8_catDY_sys_MuonSFDown
Merging MT_GluGluToContinToZZTo4e_13TeV_MCFM701_pythia8_catDY_sys_QCDScale1wUp
Merging measMET_GluGluToContinToZZTo4e_13TeV_MCFM701_pythia8_cat3L_sys_EWKDown
Merging MT_GluGluToContinToZZTo4e_13TeV_MCFM701_pythia8_catTOP_sys_btagEventWeightUp
Merging measMET_GluGluToContinToZZTo4e_13TeV_MCFM701_pythia8_catNRB_sys_EWKUp
Merging measMET_GluGluToContinToZZTo4e_13TeV_MCFM701_pythia8_catNRB_sys_QCDScale0wUp
Merging njet_GluGluToContinToZZTo4e_13TeV_MCFM701_pythia8
Merging MT_GluGluToContinToZZTo4e_13TeV_MCFM701_pythia8_catNRB_sys_PDFUp
Merging MT_GluGluToContinToZZTo4e_13TeV_MCFM701_pythia8_catSignal-1jet_sys_jerUp
Merging MT_GluGluToContinToZZTo4e_13TeV_MCFM701_pythia8_catSignal-1jet_sys_jesTotalUp
Merging MT_GluGluToContinToZZTo4e_13TeV_MCFM701_pythia8_catSignal-0jet_sys_TriggerSFWeightDown
Merging measMET_GluGluToContinToZZTo4e_13TeV_MCFM701_pythia8_cat3L_sys_TriggerSFWeightDown
Merging measMET_GluGluToContinToZZTo4e_13TeV_MCFM701_pythia8_catSignal-0jet_sys_nvtxWeightUp
Merging measMET_GluGluToContinToZZTo4e_13TeV_MCFM701_pythia8_cat3L_sys_MuonEnUp
Merging MT_GluGluToContinToZZTo4e_13TeV_MCFM701_pythia8_cat4L_sys_ElectronEnUp
Merging MT_GluGluToContinToZZTo4e_13TeV_MCFM701_pythia8_cat4L_sys_MuonEnDown
Merging balance_GluGluToContinToZZTo4e_13TeV_MCFM701_pythia8_sys_QCDScale2wUp
Merging measMET_GluGluToContinToZZTo4e_13TeV_MCFM701_pythia8_catNRB_sys_puWeightUp
Merging MT_GluGluToContinToZZTo4e_13TeV_MCFM701_pythia8_catEM_sys_MuonSFUp
Merging measMET_GluGluToContinToZZTo4e_13TeV_MCFM701_pythia8_catDY_sys_btagEventWeightDown
Merging measMET_GluGluToContinToZZTo4e_13TeV_MCFM701_pythia8_catDY_sys_ElecronSFDown
Merging MT_GluGluToContinToZZTo4e_13TeV_MCFM701_pythia8_cat3L_sys_EWKUp
Merging measMET_GluGluToContinToZZTo4e_13TeV_MCFM701_pythia8_catEM_sys_TriggerSFWeightDown
Merging measMET_GluGluToContinToZZTo4e_13TeV_MCFM701_pythia8_catTOP_sys_PrefireWeightUp
Merging measMET_GluGluToContinToZZTo4e_13TeV_MCFM701_pythia8_cat3L_sys_QCDScale1wUp
Merging MT_GluGluToContinToZZTo4e_13TeV_MCFM701_pythia8_catNRB_sys_nvtxWeightDown
Merging MT_GluGluToContinToZZTo4e_13TeV_MCFM701_pythia8_catSignal-0jet_sys_nvtxWeightDown
Merging njet_GluGluToContinToZZTo4e_13TeV_MCFM701_pythia8_sys_jerDown
Merging measMET_GluGluToContinToZZTo4e_13TeV_MCFM701_pythia8_catDY_sys_QCDScale1wUp
Merging measMET_GluGluToContinToZZTo4e_13TeV_MCFM701_pythia8_catNRB_sys_jerUp
Merging measMET_GluGluToContinToZZTo4e_13TeV_MCFM701_pythia8_catSignal-0jet_sys_QCDScale1wDown
Merging measMET_GluGluToContinToZZTo4e_13TeV_MCFM701_pythia8_catSignal-1jet_sys_ElectronEnDown
Merging njet_GluGluToContinToZZTo4e_13TeV_MCFM701_pythia8_sys_MuonSFUp
Merging measMET_GluGluToContinToZZTo4e_13TeV_MCFM701_pythia8_catDY_sys_PDFUp
Merging njet_GluGluToContinToZZTo4e_13TeV_MCFM701_pythia8_sys_ElectronEnDown
Merging measMET_GluGluToContinToZZTo4e_13TeV_MCFM701_pythia8_catTOP_sys_puWeightDown
Merging measMET_GluGluToContinToZZTo4e_13TeV_MCFM701_pythia8_cat3L_sys_ElecronSFUp
Merging measMET_GluGluToContinToZZTo4e_13TeV_MCFM701_pythia8_cat4L_sys_ElectronEnUp
Merging measMET_GluGluToContinToZZTo4e_13TeV_MCFM701_pythia8_catSignal-0jet_sys_QCDScale0wDown
Merging balance_GluGluToContinToZZTo4e_13TeV_MCFM701_pythia8_sys_puWeightUp
Merging measMET_GluGluToContinToZZTo4e_13TeV_MCFM701_pythia8_cat4L_sys_PrefireWeightUp
Merging measMET_GluGluToContinToZZTo4e_13TeV_MCFM701_pythia8_cat4L_sys_EWKDown
Merging MT_GluGluToContinToZZTo4e_13TeV_MCFM701_pythia8_catSignal-1jet_sys_EWKUp
Merging MT_GluGluToContinToZZTo4e_13TeV_MCFM701_pythia8_catNRB_sys_QCDScale1wUp
Merging measMET_GluGluToContinToZZTo4e_13TeV_MCFM701_pythia8_cat3L_sys_puWeightUp
Merging measMET_GluGluToContinToZZTo4e_13TeV_MCFM701_pythia8_catNRB
Merging measMET_GluGluToContinToZZTo4e_13TeV_MCFM701_pythia8_catDY_sys_puWeightDown
Merging MT_GluGluToContinToZZTo4e_13TeV_MCFM701_pythia8_catNRB_sys_EWKDown
Merging measMET_GluGluToContinToZZTo4e_13TeV_MCFM701_pythia8_catSignal-1jet_sys_MuonSFDown
Merging measMET_GluGluToContinToZZTo4e_13TeV_MCFM701_pythia8_catEM_sys_ElectronEnUp
Merging measMET_GluGluToContinToZZTo4e_13TeV_MCFM701_pythia8_cat4L_sys_jesTotalDown
Merging measMET_GluGluToContinToZZTo4e_13TeV_MCFM701_pythia8_catNRB_sys_jesTotalDown
Merging njet_GluGluToContinToZZTo4e_13TeV_MCFM701_pythia8_sys_QCDScale1wUp
Merging MT_GluGluToContinToZZTo4e_13TeV_MCFM701_pythia8_catDY_sys_MuonEnDown
Merging measMET_GluGluToContinToZZTo4e_13TeV_MCFM701_pythia8_catSignal-0jet_sys_QCDScale2wDown
Merging MT_GluGluToContinToZZTo4e_13TeV_MCFM701_pythia8_cat4L_sys_EWKUp
Merging measMET_GluGluToContinToZZTo4e_13TeV_MCFM701_pythia8_cat4L_sys_MuonSFUp
Merging MT_GluGluToContinToZZTo4e_13TeV_MCFM701_pythia8_catEM_sys_PDFDown
Merging measMET_GluGluToContinToZZTo4e_13TeV_MCFM701_pythia8_catSignal-0jet_sys_ElecronSFUp
Merging MT_GluGluToContinToZZTo4e_13TeV_MCFM701_pythia8_catSignal-1jet_sys_QCDScale0wDown
Merging measMET_GluGluToContinToZZTo4e_13TeV_MCFM701_pythia8_catNRB_sys_MuonSFDown
Merging MT_GluGluToContinToZZTo4e_13TeV_MCFM701_pythia8_cat3L_sys_MuonSFUp
Merging MT_GluGluToContinToZZTo4e_13TeV_MCFM701_pythia8_cat4L_sys_nvtxWeightUp
Merging MT_GluGluToContinToZZTo4e_13TeV_MCFM701_pythia8_catSignal-1jet_sys_puWeightDown
Merging MT_GluGluToContinToZZTo4e_13TeV_MCFM701_pythia8_catTOP_sys_btagEventWeightDown
Merging balance_GluGluToContinToZZTo4e_13TeV_MCFM701_pythia8_sys_btagEventWeightDown
Merging MT_GluGluToContinToZZTo4e_13TeV_MCFM701_pythia8_cat4L_sys_jesTotalDown
Merging measMET_GluGluToContinToZZTo4e_13TeV_MCFM701_pythia8_catSignal-0jet_sys_btagEventWeightUp
Merging measMET_GluGluToContinToZZTo4e_13TeV_MCFM701_pythia8_catSignal-1jet_sys_jesTotalDown
Merging MT_GluGluToContinToZZTo4e_13TeV_MCFM701_pythia8_catEM_sys_ElecronSFUp
43 kHz), accepted    30001/   30001 events (100.00%)
Processed    40000/  184496 entries, 21.68% (elapsed time   924.1s, curr speed    0.043 kHz, avg speed    0.043 kHz), accepted    40001/   40001 events (100.00%)
Processed    50000/  184496 entries, 27.10% (elapsed time  1154.8s, curr speed    0.043 kHz, avg speed    0.043 kHz), accepted    50001/   50001 events (100.00%)
Processed    60000/  184496 entries, 32.52% (elapsed time  1386.2s, curr speed    0.043 kHz, avg speed    0.043 kHz), accepted    60001/   60001 events (100.00%)
Processed    70000/  184496 entries, 37.94% (elapsed time  1616.0s, curr speed    0.044 kHz, avg speed    0.043 kHz), accepted    70001/   70001 events (100.00%)
Processed    80000/  184496 entries, 43.36% (elapsed time  1845.6s, curr speed    0.044 kHz, avg speed    0.043 kHz), accepted    80001/   80001 events (100.00%)
Processed    90000/  184496 entries, 48.78% (elapsed time  2073.7s, curr speed    0.044 kHz, avg speed    0.043 kHz), accepted    90001/   90001 events (100.00%)
Processed   100000/  184496 entries, 54.20% (elapsed time  2303.3s, curr speed    0.044 kHz, avg speed    0.043 kHz), accepted   100001/  100001 events (100.00%)
Processed   110000/  184496 entries, 59.62% (elapsed time  2531.9s, curr speed    0.044 kHz, avg speed    0.043 kHz), accepted   110001/  110001 events (100.00%)
Processed   120000/  184496 entries, 65.04% (elapsed time  2767.9s, curr speed    0.042 kHz, avg speed    0.043 kHz), accepted   120001/  120001 events (100.00%)
Processed   130000/  184496 entries, 70.46% (elapsed time  3015.9s, curr speed    0.040 kHz, avg speed    0.043 kHz), accepted   130001/  130001 events (100.00%)
Processed   140000/  184496 entries, 75.88% (elapsed time  3300.3s, curr speed    0.035 kHz, avg speed    0.042 kHz), accepted   140001/  140001 events (100.00%)
Processed   150000/  184496 entries, 81.30% (elapsed time  3562.3s, curr speed    0.038 kHz, avg speed    0.042 kHz), accepted   150001/  150001 events (100.00%)
Processed   160000/  184496 entries, 86.72% (elapsed time  3834.1s, curr speed    0.037 kHz, avg speed    0.042 kHz), accepted   160001/  160001 events (100.00%)
Processed   170000/  184496 entries, 92.14% (elapsed time  4111.3s, curr speed    0.036 kHz, avg speed    0.041 kHz), accepted   170001/  170001 events (100.00%)
Processed   180000/  184496 entries, 97.56% (elapsed time  4423.9s, curr speed    0.032 kHz, avg speed    0.041 kHz), accepted   180001/  180001 events (100.00%)
Processed 184496 preselected entries from /eos/cms/store/group/phys_exotica/monoZ/Exorcism2018/GluGluToContinToZZTo4e_13TeV_MCFM701_pythia8/tree_1.root (184496 entries). Finally selected 184496 entries
Done ./tree_1_Skim.root
40.4149799345 Hz
----- transfer output to eos :
----- directory after running :
.:
total 6468
-rw-r--r--. 1 cfreer zh    1214 Nov 30 12:42 FrameworkJobReport.xml
-rw-r--r--. 1 cfreer zh       0 Nov 30 11:25 _condor_stderr
-rw-r--r--. 1 cfreer zh   85264 Nov 30 12:42 _condor_stdout
-rw-------. 1 cfreer zh    4914 Nov 30 12:42 cfreer.cc
-rw-r--r--. 1 cfreer zh   16092 Nov 30 11:25 combineHLT_Run2.yaml
-rw-r--r--. 1 cfreer zh    5718 Nov 30 11:25 condor_WSProducer.py
-rwxr-xr-x. 1 cfreer zh     843 Nov 30 11:25 condor_exec.exe
-rwxr-xr-x. 1 cfreer zh    2559 Nov 30 11:25 haddnano.py
-rw-r--r--. 1 cfreer zh       8 Nov 30 11:25 keep_and_drop_WS.txt
drwx------. 3 cfreer zh    4096 Nov 30 11:25 tmp
-rw-r--r--. 1 cfreer zh 3238003 Nov 30 12:42 tree_1.root
-rw-r--r--. 1 cfreer zh 3237863 Nov 30 12:42 tree_1_Skim.root
drwx------. 3 cfreer zh    4096 Nov 30 11:25 var

./tmp:
total 4
drwxr-xr-x. 3 cfreer zh 4096 Nov 30 11:25 mjf-cfreer

./tmp/mjf-cfreer:
total 4
drwxr-xr-x. 2 cfreer zh 4096 Nov 30 11:25 jobfeatures-bigbird09.cern.ch_3031879.1_1574960920

./tmp/mjf-cfreer/jobfeatures-bigbird09.cern.ch_3031879.1_1574960920:
total 28
-rw-r--r--. 1 cfreer zh  1 Nov 30 11:25 allocated_cpu
-rw-r--r--. 1 cfreer zh  6 Nov 30 11:25 cpu_limit_secs
-rw-r--r--. 1 cfreer zh 38 Nov 30 11:25 job_id
-rw-r--r--. 1 cfreer zh 10 Nov 30 11:25 jobstart_secs
-rw-r--r--. 1 cfreer zh 10 Nov 30 11:25 max_rss_bytes
-rw-r--r--. 1 cfreer zh 10 Nov 30 11:25 scratch_limit_bytes
-rw-r--r--. 1 cfreer zh  6 Nov 30 11:25 wall_limit_secs

./var:
total 4
drwx------. 2 cfreer zh 4096 Nov 30 11:25 tmp

./var/tmp:
total 0
 ------ THE END (everyone dies !) ----- 
