
/pool/condor/dir_21039

... start job at 2019-11-30 01:08:45
----- directory before running:
.:
total 52
-rw-r--r--. 1 cfreer zh     0 Nov 30 01:08 _condor_stderr
-rw-r--r--. 1 cfreer zh    94 Nov 30 01:08 _condor_stdout
-rw-------. 1 cfreer zh  2642 Nov 30 01:08 cfreer.cc
-rw-r--r--. 1 cfreer zh 16092 Nov 30 01:08 combineHLT_Run2.yaml
-rw-r--r--. 1 cfreer zh  5718 Nov 30 01:08 condor_WSProducer.py
-rwxr-xr-x. 1 cfreer zh   843 Nov 30 01:08 condor_exec.exe
-rwxr-xr-x. 1 cfreer zh  2559 Nov 30 01:08 haddnano.py
-rw-r--r--. 1 cfreer zh     8 Nov 30 01:08 keep_and_drop_WS.txt
drwx------. 3 cfreer zh  4096 Nov 30 01:08 tmp
drwx------. 3 cfreer zh  4096 Nov 30 01:08 var

./tmp:
total 4
drwxr-xr-x. 3 cfreer zh 4096 Nov 30 01:08 mjf-cfreer

./tmp/mjf-cfreer:
total 4
drwxr-xr-x. 2 cfreer zh 4096 Nov 30 01:08 jobfeatures-bigbird09.cern.ch_3030606.0_1574955028

./tmp/mjf-cfreer/jobfeatures-bigbird09.cern.ch_3030606.0_1574955028:
total 28
-rw-r--r--. 1 cfreer zh  1 Nov 30 01:08 allocated_cpu
-rw-r--r--. 1 cfreer zh  6 Nov 30 01:08 cpu_limit_secs
-rw-r--r--. 1 cfreer zh 38 Nov 30 01:08 job_id
-rw-r--r--. 1 cfreer zh 10 Nov 30 01:08 jobstart_secs
-rw-r--r--. 1 cfreer zh 10 Nov 30 01:08 max_rss_bytes
-rw-r--r--. 1 cfreer zh 10 Nov 30 01:08 scratch_limit_bytes
-rw-r--r--. 1 cfreer zh  6 Nov 30 01:08 wall_limit_secs

./var:
total 4
drwx------. 2 cfreer zh 4096 Nov 30 01:08 tmp

./var/tmp:
total 0
----- CMSSW BASE, python path, pwd:
+ CMSSW_BASE  = /afs/cern.ch/work/c/cfreer/MonoZ_2019/MT_plots/CMSSW_10_6_4
+ PYTHON_PATH = 
+ PWD         = /pool/condor/dir_21039
/eos/cms/store/group/phys_exotica/monoZ/Exorcism2016/Pseudoscalar2HDM_MonoZLL_mScan_mH-900_ma-200/tree_0.root  ->  /eos/cms/store/group/phys_exotica/monoZ/Exorcism2016/Pseudoscalar2HDM_MonoZLL_mScan_mH-900_ma-200/tree_0.root
Testing file open
Test OK
---------------------------
 -- options  =  Namespace(dataset='X', doSyst=1, era='2016', infile='/eos/cms/store/group/phys_exotica/monoZ/Exorcism2016/Pseudoscalar2HDM_MonoZLL_mScan_mH-900_ma-200/tree_0.root', isMC=1, jobNum=0, nevt=-1)
 -- is MC    =  1
 -- jobNum   =  0
 -- era      =  2016
 -- in file  =  /eos/cms/store/group/phys_exotica/monoZ/Exorcism2016/Pseudoscalar2HDM_MonoZLL_mScan_mH-900_ma-200/tree_0.root
 -- dataset  =  X
---------------------------
[check] condtag_ ==  Pseudoscalar2HDM_MonoZLL_mScan_mH-900_ma-200
[check] dataset  ==  monoZ
modules :  <PhysicsTools.MonoZ.MonoZWSProducer.MonoZWSProducer object at 0x2abee4bef890>
modules :  <PhysicsTools.MonoZ.MonoZWSProducer.MonoZWSProducer object at 0x2abee4bef950>
modules :  <PhysicsTools.MonoZ.MonoZWSProducer.MonoZWSProducer object at 0x2abee4bef990>
modules :  <PhysicsTools.MonoZ.MonoZWSProducer.MonoZWSProducer object at 0x2abee4bef9d0>
modules :  <PhysicsTools.MonoZ.MonoZWSProducer.MonoZWSProducer object at 0x2abee4befa10>
modules :  <PhysicsTools.MonoZ.MonoZWSProducer.MonoZWSProducer object at 0x2abee4befa50>
modules :  <PhysicsTools.MonoZ.MonoZWSProducer.MonoZWSProducer object at 0x2abee4befa90>
modules :  <PhysicsTools.MonoZ.MonoZWSProducer.MonoZWSProducer object at 0x2abee4befad0>
modules :  <PhysicsTools.MonoZ.MonoZWSProducer.MonoZWSProducer object at 0x2abee4befb10>
modules :  <PhysicsTools.MonoZ.MonoZWSProducer.MonoZWSProducer object at 0x2abee4befb50>
modules :  <PhysicsTools.MonoZ.MonoZWSProducer.MonoZWSProducer object at 0x2abee4befb90>
modules :  <PhysicsTools.MonoZ.MonoZWSProducer.MonoZWSProducer object at 0x2abee4befbd0>
modules :  <PhysicsTools.MonoZ.MonoZWSProducer.MonoZWSProducer object at 0x2abee4befc10>
modules :  <PhysicsTools.MonoZ.MonoZWSProducer.MonoZWSProducer object at 0x2abee4befc50>
modules :  <PhysicsTools.MonoZ.MonoZWSProducer.MonoZWSProducer object at 0x2abee4befc90>
modules :  <PhysicsTools.MonoZ.MonoZWSProducer.MonoZWSProducer object at 0x2abee4befcd0>
modules :  <PhysicsTools.MonoZ.MonoZWSProducer.MonoZWSProducer object at 0x2abee4befd10>
modules :  <PhysicsTools.MonoZ.MonoZWSProducer.MonoZWSProducer object at 0x2abee4befd50>
modules :  <PhysicsTools.MonoZ.MonoZWSProducer.MonoZWSProducer object at 0x2abee4befd90>
modules :  <PhysicsTools.MonoZ.MonoZWSProducer.MonoZWSProducer object at 0x2abee4befdd0>
modules :  <PhysicsTools.MonoZ.MonoZWSProducer.MonoZWSProducer object at 0x2abee4befe10>
modules :  <PhysicsTools.MonoZ.MonoZWSProducer.MonoZWSProducer object at 0x2abee4befe50>
modules :  <PhysicsTools.MonoZ.MonoZWSProducer.MonoZWSProducer object at 0x2abee4befed0>
modules :  <PhysicsTools.MonoZ.MonoZWSProducer.MonoZWSProducer object at 0x2abee4beff50>
modules :  <PhysicsTools.MonoZ.MonoZWSProducer.MonoZWSProducer object at 0x2abee4beffd0>
modules :  <PhysicsTools.MonoZ.MonoZWSProducer.MonoZWSProducer object at 0x2abee4bf1090>
modules :  <PhysicsTools.MonoZ.MonoZWSProducer.MonoZWSProducer object at 0x2abee4bf10d0>
modules :  <PhysicsTools.MonoZ.MonoZWSProducer.MonoZWSProducer object at 0x2abee4bf1110>
modules :  <PhysicsTools.MonoZ.MonoZWSProducer.MonoZWSProducer object at 0x2abee4bf1150>
modules :  <PhysicsTools.MonoZ.MonoZWSProducer.MonoZWSProducer object at 0x2abee4bf1190>
modules :  <PhysicsTools.MonoZ.MonoZWSProducer.MonoZWSProducer object at 0x2abee4bf11d0>
Selection :  
Will write selected trees to .
Pre-select 31293 entries out of 31293 (100.00%)
Processed    10000/   31293 entries, 31.96% (elapsed time   715.3s, curr speed    0.014 kHz, avg speed    0.014 kHz), accepted    10001/   10001 events (100.00%)
Processed    20000/   31293 entries, 63.91% (elapsed time  1443.0s, curr speed    0.014 kHz, avg speed    0.014 kHz), accepted    20001/   20001 events (100.00%)
Processed    30000/   31293 entries, 95.87% (elapsed time  2167.6s, curr speed    0.014 kHz, avg speed    0.014Adding file ./tree_0_Skim.root
Merging measMET_monoZ_catSignal-0jet
Merging MT_monoZ_catSignal-0jet
Merging measMET_monoZ_catEM
Merging MT_monoZ_catEM
Merging measMET_monoZ_catSignal-1jet
Merging MT_monoZ_catSignal-1jet
Merging measMET_monoZ_cat3L
Merging MT_monoZ_cat3L
Merging measMET_monoZ_cat4L
Merging MT_monoZ_cat4L
Merging measMET_monoZ_catNRB
Merging MT_monoZ_catNRB
Merging measMET_monoZ_catTOP
Merging MT_monoZ_catTOP
Merging measMET_monoZ_catDY
Merging MT_monoZ_catDY
Merging balance_monoZ
Merging phizmet_monoZ
Merging njet_monoZ
Merging measMET_monoZ_catSignal-0jet_sys_ElectronEnUp
Merging MT_monoZ_catSignal-0jet_sys_ElectronEnUp
Merging measMET_monoZ_catEM_sys_ElectronEnUp
Merging MT_monoZ_catEM_sys_ElectronEnUp
Merging measMET_monoZ_catSignal-1jet_sys_ElectronEnUp
Merging MT_monoZ_catSignal-1jet_sys_ElectronEnUp
Merging measMET_monoZ_cat3L_sys_ElectronEnUp
Merging MT_monoZ_cat3L_sys_ElectronEnUp
Merging measMET_monoZ_cat4L_sys_ElectronEnUp
Merging MT_monoZ_cat4L_sys_ElectronEnUp
Merging measMET_monoZ_catNRB_sys_ElectronEnUp
Merging MT_monoZ_catNRB_sys_ElectronEnUp
Merging measMET_monoZ_catTOP_sys_ElectronEnUp
Merging MT_monoZ_catTOP_sys_ElectronEnUp
Merging measMET_monoZ_catDY_sys_ElectronEnUp
Merging MT_monoZ_catDY_sys_ElectronEnUp
Merging balance_monoZ_sys_ElectronEnUp
Merging phizmet_monoZ_sys_ElectronEnUp
Merging njet_monoZ_sys_ElectronEnUp
Merging measMET_monoZ_catSignal-0jet_sys_ElectronEnDown
Merging MT_monoZ_catSignal-0jet_sys_ElectronEnDown
Merging measMET_monoZ_catEM_sys_ElectronEnDown
Merging MT_monoZ_catEM_sys_ElectronEnDown
Merging measMET_monoZ_catSignal-1jet_sys_ElectronEnDown
Merging MT_monoZ_catSignal-1jet_sys_ElectronEnDown
Merging measMET_monoZ_cat3L_sys_ElectronEnDown
Merging MT_monoZ_cat3L_sys_ElectronEnDown
Merging measMET_monoZ_cat4L_sys_ElectronEnDown
Merging MT_monoZ_cat4L_sys_ElectronEnDown
Merging measMET_monoZ_catNRB_sys_ElectronEnDown
Merging MT_monoZ_catNRB_sys_ElectronEnDown
Merging measMET_monoZ_catTOP_sys_ElectronEnDown
Merging MT_monoZ_catTOP_sys_ElectronEnDown
Merging measMET_monoZ_catDY_sys_ElectronEnDown
Merging MT_monoZ_catDY_sys_ElectronEnDown
Merging balance_monoZ_sys_ElectronEnDown
Merging phizmet_monoZ_sys_ElectronEnDown
Merging njet_monoZ_sys_ElectronEnDown
Merging measMET_monoZ_catSignal-0jet_sys_MuonEnUp
Merging MT_monoZ_catSignal-0jet_sys_MuonEnUp
Merging measMET_monoZ_catEM_sys_MuonEnUp
Merging MT_monoZ_catEM_sys_MuonEnUp
Merging measMET_monoZ_catSignal-1jet_sys_MuonEnUp
Merging MT_monoZ_catSignal-1jet_sys_MuonEnUp
Merging measMET_monoZ_cat3L_sys_MuonEnUp
Merging MT_monoZ_cat3L_sys_MuonEnUp
Merging measMET_monoZ_cat4L_sys_MuonEnUp
Merging MT_monoZ_cat4L_sys_MuonEnUp
Merging measMET_monoZ_catNRB_sys_MuonEnUp
Merging MT_monoZ_catNRB_sys_MuonEnUp
Merging measMET_monoZ_catTOP_sys_MuonEnUp
Merging MT_monoZ_catTOP_sys_MuonEnUp
Merging measMET_monoZ_catDY_sys_MuonEnUp
Merging MT_monoZ_catDY_sys_MuonEnUp
Merging balance_monoZ_sys_MuonEnUp
Merging phizmet_monoZ_sys_MuonEnUp
Merging njet_monoZ_sys_MuonEnUp
Merging measMET_monoZ_catSignal-0jet_sys_MuonEnDown
Merging MT_monoZ_catSignal-0jet_sys_MuonEnDown
Merging measMET_monoZ_catEM_sys_MuonEnDown
Merging MT_monoZ_catEM_sys_MuonEnDown
Merging measMET_monoZ_catSignal-1jet_sys_MuonEnDown
Merging MT_monoZ_catSignal-1jet_sys_MuonEnDown
Merging measMET_monoZ_cat3L_sys_MuonEnDown
Merging MT_monoZ_cat3L_sys_MuonEnDown
Merging measMET_monoZ_cat4L_sys_MuonEnDown
Merging MT_monoZ_cat4L_sys_MuonEnDown
Merging measMET_monoZ_catNRB_sys_MuonEnDown
Merging MT_monoZ_catNRB_sys_MuonEnDown
Merging measMET_monoZ_catTOP_sys_MuonEnDown
Merging MT_monoZ_catTOP_sys_MuonEnDown
Merging measMET_monoZ_catDY_sys_MuonEnDown
Merging MT_monoZ_catDY_sys_MuonEnDown
Merging balance_monoZ_sys_MuonEnDown
Merging phizmet_monoZ_sys_MuonEnDown
Merging njet_monoZ_sys_MuonEnDown
Merging measMET_monoZ_catSignal-0jet_sys_jesTotalUp
Merging MT_monoZ_catSignal-0jet_sys_jesTotalUp
Merging measMET_monoZ_catEM_sys_jesTotalUp
Merging MT_monoZ_catEM_sys_jesTotalUp
Merging measMET_monoZ_catSignal-1jet_sys_jesTotalUp
Merging MT_monoZ_catSignal-1jet_sys_jesTotalUp
Merging measMET_monoZ_cat3L_sys_jesTotalUp
Merging MT_monoZ_cat3L_sys_jesTotalUp
Merging measMET_monoZ_cat4L_sys_jesTotalUp
Merging MT_monoZ_cat4L_sys_jesTotalUp
Merging measMET_monoZ_catNRB_sys_jesTotalUp
Merging MT_monoZ_catNRB_sys_jesTotalUp
Merging measMET_monoZ_catTOP_sys_jesTotalUp
Merging MT_monoZ_catTOP_sys_jesTotalUp
Merging measMET_monoZ_catDY_sys_jesTotalUp
Merging MT_monoZ_catDY_sys_jesTotalUp
Merging balance_monoZ_sys_jesTotalUp
Merging phizmet_monoZ_sys_jesTotalUp
Merging njet_monoZ_sys_jesTotalUp
Merging measMET_monoZ_catSignal-0jet_sys_jesTotalDown
Merging MT_monoZ_catSignal-0jet_sys_jesTotalDown
Merging measMET_monoZ_catEM_sys_jesTotalDown
Merging MT_monoZ_catEM_sys_jesTotalDown
Merging measMET_monoZ_catSignal-1jet_sys_jesTotalDown
Merging MT_monoZ_catSignal-1jet_sys_jesTotalDown
Merging measMET_monoZ_cat3L_sys_jesTotalDown
Merging MT_monoZ_cat3L_sys_jesTotalDown
Merging measMET_monoZ_cat4L_sys_jesTotalDown
Merging MT_monoZ_cat4L_sys_jesTotalDown
Merging measMET_monoZ_catNRB_sys_jesTotalDown
Merging MT_monoZ_catNRB_sys_jesTotalDown
Merging measMET_monoZ_catTOP_sys_jesTotalDown
Merging MT_monoZ_catTOP_sys_jesTotalDown
Merging measMET_monoZ_catDY_sys_jesTotalDown
Merging MT_monoZ_catDY_sys_jesTotalDown
Merging balance_monoZ_sys_jesTotalDown
Merging phizmet_monoZ_sys_jesTotalDown
Merging njet_monoZ_sys_jesTotalDown
Merging measMET_monoZ_catSignal-0jet_sys_jerUp
Merging MT_monoZ_catSignal-0jet_sys_jerUp
Merging measMET_monoZ_catEM_sys_jerUp
Merging MT_monoZ_catEM_sys_jerUp
Merging measMET_monoZ_catSignal-1jet_sys_jerUp
Merging MT_monoZ_catSignal-1jet_sys_jerUp
Merging measMET_monoZ_cat3L_sys_jerUp
Merging MT_monoZ_cat3L_sys_jerUp
Merging measMET_monoZ_cat4L_sys_jerUp
Merging MT_monoZ_cat4L_sys_jerUp
Merging measMET_monoZ_catNRB_sys_jerUp
Merging MT_monoZ_catNRB_sys_jerUp
Merging measMET_monoZ_catTOP_sys_jerUp
Merging MT_monoZ_catTOP_sys_jerUp
Merging measMET_monoZ_catDY_sys_jerUp
Merging MT_monoZ_catDY_sys_jerUp
Merging balance_monoZ_sys_jerUp
Merging phizmet_monoZ_sys_jerUp
Merging njet_monoZ_sys_jerUp
Merging measMET_monoZ_catSignal-0jet_sys_jerDown
Merging MT_monoZ_catSignal-0jet_sys_jerDown
Merging measMET_monoZ_catEM_sys_jerDown
Merging MT_monoZ_catEM_sys_jerDown
Merging measMET_monoZ_catSignal-1jet_sys_jerDown
Merging MT_monoZ_catSignal-1jet_sys_jerDown
Merging measMET_monoZ_cat3L_sys_jerDown
Merging MT_monoZ_cat3L_sys_jerDown
Merging measMET_monoZ_cat4L_sys_jerDown
Merging MT_monoZ_cat4L_sys_jerDown
Merging measMET_monoZ_catNRB_sys_jerDown
Merging MT_monoZ_catNRB_sys_jerDown
Merging measMET_monoZ_catTOP_sys_jerDown
Merging MT_monoZ_catTOP_sys_jerDown
Merging measMET_monoZ_catDY_sys_jerDown
Merging MT_monoZ_catDY_sys_jerDown
Merging balance_monoZ_sys_jerDown
Merging phizmet_monoZ_sys_jerDown
Merging njet_monoZ_sys_jerDown
Merging measMET_monoZ_catSignal-0jet_sys_puWeightUp
Merging MT_monoZ_catSignal-0jet_sys_puWeightUp
Merging measMET_monoZ_catEM_sys_puWeightUp
Merging MT_monoZ_catEM_sys_puWeightUp
Merging measMET_monoZ_catSignal-1jet_sys_puWeightUp
Merging MT_monoZ_catSignal-1jet_sys_puWeightUp
Merging measMET_monoZ_cat3L_sys_puWeightUp
Merging MT_monoZ_cat3L_sys_puWeightUp
Merging measMET_monoZ_cat4L_sys_puWeightUp
Merging MT_monoZ_cat4L_sys_puWeightUp
Merging measMET_monoZ_catNRB_sys_puWeightUp
Merging MT_monoZ_catNRB_sys_puWeightUp
Merging measMET_monoZ_catTOP_sys_puWeightUp
Merging MT_monoZ_catTOP_sys_puWeightUp
Merging measMET_monoZ_catDY_sys_puWeightUp
Merging MT_monoZ_catDY_sys_puWeightUp
Merging balance_monoZ_sys_puWeightUp
Merging phizmet_monoZ_sys_puWeightUp
Merging njet_monoZ_sys_puWeightUp
Merging measMET_monoZ_catSignal-0jet_sys_puWeightDown
Merging MT_monoZ_catSignal-0jet_sys_puWeightDown
Merging measMET_monoZ_catEM_sys_puWeightDown
Merging MT_monoZ_catEM_sys_puWeightDown
Merging measMET_monoZ_catSignal-1jet_sys_puWeightDown
Merging MT_monoZ_catSignal-1jet_sys_puWeightDown
Merging measMET_monoZ_cat3L_sys_puWeightDown
Merging MT_monoZ_cat3L_sys_puWeightDown
Merging measMET_monoZ_cat4L_sys_puWeightDown
Merging MT_monoZ_cat4L_sys_puWeightDown
Merging measMET_monoZ_catNRB_sys_puWeightDown
Merging MT_monoZ_catNRB_sys_puWeightDown
Merging measMET_monoZ_catTOP_sys_puWeightDown
Merging MT_monoZ_catTOP_sys_puWeightDown
Merging measMET_monoZ_catDY_sys_puWeightDown
Merging MT_monoZ_catDY_sys_puWeightDown
Merging balance_monoZ_sys_puWeightDown
Merging phizmet_monoZ_sys_puWeightDown
Merging njet_monoZ_sys_puWeightDown
Merging measMET_monoZ_catSignal-0jet_sys_PDFUp
Merging MT_monoZ_catSignal-0jet_sys_PDFUp
Merging measMET_monoZ_catEM_sys_PDFUp
Merging MT_monoZ_catEM_sys_PDFUp
Merging measMET_monoZ_catSignal-1jet_sys_PDFUp
Merging MT_monoZ_catSignal-1jet_sys_PDFUp
Merging measMET_monoZ_cat3L_sys_PDFUp
Merging MT_monoZ_cat3L_sys_PDFUp
Merging measMET_monoZ_cat4L_sys_PDFUp
Merging MT_monoZ_cat4L_sys_PDFUp
Merging measMET_monoZ_catNRB_sys_PDFUp
Merging MT_monoZ_catNRB_sys_PDFUp
Merging measMET_monoZ_catTOP_sys_PDFUp
Merging MT_monoZ_catTOP_sys_PDFUp
Merging measMET_monoZ_catDY_sys_PDFUp
Merging MT_monoZ_catDY_sys_PDFUp
Merging balance_monoZ_sys_PDFUp
Merging phizmet_monoZ_sys_PDFUp
Merging njet_monoZ_sys_PDFUp
Merging measMET_monoZ_catSignal-0jet_sys_PDFDown
Merging MT_monoZ_catSignal-0jet_sys_PDFDown
Merging measMET_monoZ_catEM_sys_PDFDown
Merging MT_monoZ_catEM_sys_PDFDown
Merging measMET_monoZ_catSignal-1jet_sys_PDFDown
Merging MT_monoZ_catSignal-1jet_sys_PDFDown
Merging measMET_monoZ_cat3L_sys_PDFDown
Merging MT_monoZ_cat3L_sys_PDFDown
Merging measMET_monoZ_cat4L_sys_PDFDown
Merging MT_monoZ_cat4L_sys_PDFDown
Merging measMET_monoZ_catNRB_sys_PDFDown
Merging MT_monoZ_catNRB_sys_PDFDown
Merging measMET_monoZ_catTOP_sys_PDFDown
Merging MT_monoZ_catTOP_sys_PDFDown
Merging measMET_monoZ_catDY_sys_PDFDown
Merging MT_monoZ_catDY_sys_PDFDown
Merging balance_monoZ_sys_PDFDown
Merging phizmet_monoZ_sys_PDFDown
Merging njet_monoZ_sys_PDFDown
Merging measMET_monoZ_catSignal-0jet_sys_MuonSFUp
Merging MT_monoZ_catSignal-0jet_sys_MuonSFUp
Merging measMET_monoZ_catEM_sys_MuonSFUp
Merging MT_monoZ_catEM_sys_MuonSFUp
Merging measMET_monoZ_catSignal-1jet_sys_MuonSFUp
Merging MT_monoZ_catSignal-1jet_sys_MuonSFUp
Merging measMET_monoZ_cat3L_sys_MuonSFUp
Merging MT_monoZ_cat3L_sys_MuonSFUp
Merging measMET_monoZ_cat4L_sys_MuonSFUp
Merging MT_monoZ_cat4L_sys_MuonSFUp
Merging measMET_monoZ_catNRB_sys_MuonSFUp
Merging MT_monoZ_catNRB_sys_MuonSFUp
Merging measMET_monoZ_catTOP_sys_MuonSFUp
Merging MT_monoZ_catTOP_sys_MuonSFUp
Merging measMET_monoZ_catDY_sys_MuonSFUp
Merging MT_monoZ_catDY_sys_MuonSFUp
Merging balance_monoZ_sys_MuonSFUp
Merging phizmet_monoZ_sys_MuonSFUp
Merging njet_monoZ_sys_MuonSFUp
Merging measMET_monoZ_catSignal-0jet_sys_MuonSFDown
Merging MT_monoZ_catSignal-0jet_sys_MuonSFDown
Merging measMET_monoZ_catEM_sys_MuonSFDown
Merging MT_monoZ_catEM_sys_MuonSFDown
Merging measMET_monoZ_catSignal-1jet_sys_MuonSFDown
Merging MT_monoZ_catSignal-1jet_sys_MuonSFDown
Merging measMET_monoZ_cat3L_sys_MuonSFDown
Merging MT_monoZ_cat3L_sys_MuonSFDown
Merging measMET_monoZ_cat4L_sys_MuonSFDown
Merging MT_monoZ_cat4L_sys_MuonSFDown
Merging measMET_monoZ_catNRB_sys_MuonSFDown
Merging MT_monoZ_catNRB_sys_MuonSFDown
Merging measMET_monoZ_catTOP_sys_MuonSFDown
Merging MT_monoZ_catTOP_sys_MuonSFDown
Merging measMET_monoZ_catDY_sys_MuonSFDown
Merging MT_monoZ_catDY_sys_MuonSFDown
Merging balance_monoZ_sys_MuonSFDown
Merging phizmet_monoZ_sys_MuonSFDown
Merging njet_monoZ_sys_MuonSFDown
Merging measMET_monoZ_catSignal-0jet_sys_ElecronSFUp
Merging MT_monoZ_catSignal-0jet_sys_ElecronSFUp
Merging measMET_monoZ_catEM_sys_ElecronSFUp
Merging MT_monoZ_catEM_sys_ElecronSFUp
Merging measMET_monoZ_catSignal-1jet_sys_ElecronSFUp
Merging MT_monoZ_catSignal-1jet_sys_ElecronSFUp
Merging measMET_monoZ_cat3L_sys_ElecronSFUp
Merging MT_monoZ_cat3L_sys_ElecronSFUp
Merging measMET_monoZ_cat4L_sys_ElecronSFUp
Merging MT_monoZ_cat4L_sys_ElecronSFUp
Merging measMET_monoZ_catNRB_sys_ElecronSFUp
Merging MT_monoZ_catNRB_sys_ElecronSFUp
Merging measMET_monoZ_catTOP_sys_ElecronSFUp
Merging MT_monoZ_catTOP_sys_ElecronSFUp
Merging measMET_monoZ_catDY_sys_ElecronSFUp
Merging MT_monoZ_catDY_sys_ElecronSFUp
Merging balance_monoZ_sys_ElecronSFUp
Merging phizmet_monoZ_sys_ElecronSFUp
Merging njet_monoZ_sys_ElecronSFUp
Merging measMET_monoZ_catSignal-0jet_sys_ElecronSFDown
Merging MT_monoZ_catSignal-0jet_sys_ElecronSFDown
Merging measMET_monoZ_catEM_sys_ElecronSFDown
Merging MT_monoZ_catEM_sys_ElecronSFDown
Merging measMET_monoZ_catSignal-1jet_sys_ElecronSFDown
Merging MT_monoZ_catSignal-1jet_sys_ElecronSFDown
Merging measMET_monoZ_cat3L_sys_ElecronSFDown
Merging MT_monoZ_cat3L_sys_ElecronSFDown
Merging measMET_monoZ_cat4L_sys_ElecronSFDown
Merging MT_monoZ_cat4L_sys_ElecronSFDown
Merging measMET_monoZ_catNRB_sys_ElecronSFDown
Merging MT_monoZ_catNRB_sys_ElecronSFDown
Merging measMET_monoZ_catTOP_sys_ElecronSFDown
Merging MT_monoZ_catTOP_sys_ElecronSFDown
Merging measMET_monoZ_catDY_sys_ElecronSFDown
Merging MT_monoZ_catDY_sys_ElecronSFDown
Merging balance_monoZ_sys_ElecronSFDown
Merging phizmet_monoZ_sys_ElecronSFDown
Merging njet_monoZ_sys_ElecronSFDown
Merging measMET_monoZ_catSignal-0jet_sys_EWKUp
Merging MT_monoZ_catSignal-0jet_sys_EWKUp
Merging measMET_monoZ_catEM_sys_EWKUp
Merging MT_monoZ_catEM_sys_EWKUp
Merging measMET_monoZ_catSignal-1jet_sys_EWKUp
Merging MT_monoZ_catSignal-1jet_sys_EWKUp
Merging measMET_monoZ_cat3L_sys_EWKUp
Merging MT_monoZ_cat3L_sys_EWKUp
Merging measMET_monoZ_cat4L_sys_EWKUp
Merging MT_monoZ_cat4L_sys_EWKUp
Merging measMET_monoZ_catNRB_sys_EWKUp
Merging MT_monoZ_catNRB_sys_EWKUp
Merging measMET_monoZ_catTOP_sys_EWKUp
Merging MT_monoZ_catTOP_sys_EWKUp
Merging measMET_monoZ_catDY_sys_EWKUp
Merging MT_monoZ_catDY_sys_EWKUp
Merging balance_monoZ_sys_EWKUp
Merging phizmet_monoZ_sys_EWKUp
Merging njet_monoZ_sys_EWKUp
Merging measMET_monoZ_catSignal-0jet_sys_EWKDown
Merging MT_monoZ_catSignal-0jet_sys_EWKDown
Merging measMET_monoZ_catEM_sys_EWKDown
Merging MT_monoZ_catEM_sys_EWKDown
Merging measMET_monoZ_catSignal-1jet_sys_EWKDown
Merging MT_monoZ_catSignal-1jet_sys_EWKDown
Merging measMET_monoZ_cat3L_sys_EWKDown
Merging MT_monoZ_cat3L_sys_EWKDown
Merging measMET_monoZ_cat4L_sys_EWKDown
Merging MT_monoZ_cat4L_sys_EWKDown
Merging measMET_monoZ_catNRB_sys_EWKDown
Merging MT_monoZ_catNRB_sys_EWKDown
Merging measMET_monoZ_catTOP_sys_EWKDown
Merging MT_monoZ_catTOP_sys_EWKDown
Merging measMET_monoZ_catDY_sys_EWKDown
Merging MT_monoZ_catDY_sys_EWKDown
Merging balance_monoZ_sys_EWKDown
Merging phizmet_monoZ_sys_EWKDown
Merging njet_monoZ_sys_EWKDown
Merging measMET_monoZ_catSignal-0jet_sys_nvtxWeightUp
Merging MT_monoZ_catSignal-0jet_sys_nvtxWeightUp
Merging measMET_monoZ_catEM_sys_nvtxWeightUp
Merging MT_monoZ_catEM_sys_nvtxWeightUp
Merging measMET_monoZ_catSignal-1jet_sys_nvtxWeightUp
Merging MT_monoZ_catSignal-1jet_sys_nvtxWeightUp
Merging measMET_monoZ_cat3L_sys_nvtxWeightUp
Merging MT_monoZ_cat3L_sys_nvtxWeightUp
Merging measMET_monoZ_cat4L_sys_nvtxWeightUp
Merging MT_monoZ_cat4L_sys_nvtxWeightUp
Merging measMET_monoZ_catNRB_sys_nvtxWeightUp
Merging MT_monoZ_catNRB_sys_nvtxWeightUp
Merging measMET_monoZ_catTOP_sys_nvtxWeightUp
Merging MT_monoZ_catTOP_sys_nvtxWeightUp
Merging measMET_monoZ_catDY_sys_nvtxWeightUp
Merging MT_monoZ_catDY_sys_nvtxWeightUp
Merging balance_monoZ_sys_nvtxWeightUp
Merging phizmet_monoZ_sys_nvtxWeightUp
Merging njet_monoZ_sys_nvtxWeightUp
Merging measMET_monoZ_catSignal-0jet_sys_nvtxWeightDown
Merging MT_monoZ_catSignal-0jet_sys_nvtxWeightDown
Merging measMET_monoZ_catEM_sys_nvtxWeightDown
Merging MT_monoZ_catEM_sys_nvtxWeightDown
Merging measMET_monoZ_catSignal-1jet_sys_nvtxWeightDown
Merging MT_monoZ_catSignal-1jet_sys_nvtxWeightDown
Merging measMET_monoZ_cat3L_sys_nvtxWeightDown
Merging MT_monoZ_cat3L_sys_nvtxWeightDown
Merging measMET_monoZ_cat4L_sys_nvtxWeightDown
Merging MT_monoZ_cat4L_sys_nvtxWeightDown
Merging measMET_monoZ_catNRB_sys_nvtxWeightDown
Merging MT_monoZ_catNRB_sys_nvtxWeightDown
Merging measMET_monoZ_catTOP_sys_nvtxWeightDown
Merging MT_monoZ_catTOP_sys_nvtxWeightDown
Merging measMET_monoZ_catDY_sys_nvtxWeightDown
Merging MT_monoZ_catDY_sys_nvtxWeightDown
Merging balance_monoZ_sys_nvtxWeightDown
Merging phizmet_monoZ_sys_nvtxWeightDown
Merging njet_monoZ_sys_nvtxWeightDown
Merging measMET_monoZ_catSignal-0jet_sys_TriggerSFWeightUp
Merging MT_monoZ_catSignal-0jet_sys_TriggerSFWeightUp
Merging measMET_monoZ_catEM_sys_TriggerSFWeightUp
Merging MT_monoZ_catEM_sys_TriggerSFWeightUp
Merging measMET_monoZ_catSignal-1jet_sys_TriggerSFWeightUp
Merging MT_monoZ_catSignal-1jet_sys_TriggerSFWeightUp
Merging measMET_monoZ_cat3L_sys_TriggerSFWeightUp
Merging MT_monoZ_cat3L_sys_TriggerSFWeightUp
Merging measMET_monoZ_cat4L_sys_TriggerSFWeightUp
Merging MT_monoZ_cat4L_sys_TriggerSFWeightUp
Merging measMET_monoZ_catNRB_sys_TriggerSFWeightUp
Merging MT_monoZ_catNRB_sys_TriggerSFWeightUp
Merging measMET_monoZ_catTOP_sys_TriggerSFWeightUp
Merging MT_monoZ_catTOP_sys_TriggerSFWeightUp
Merging measMET_monoZ_catDY_sys_TriggerSFWeightUp
Merging MT_monoZ_catDY_sys_TriggerSFWeightUp
Merging balance_monoZ_sys_TriggerSFWeightUp
Merging phizmet_monoZ_sys_TriggerSFWeightUp
Merging njet_monoZ_sys_TriggerSFWeightUp
Merging measMET_monoZ_catSignal-0jet_sys_TriggerSFWeightDown
Merging MT_monoZ_catSignal-0jet_sys_TriggerSFWeightDown
Merging measMET_monoZ_catEM_sys_TriggerSFWeightDown
Merging MT_monoZ_catEM_sys_TriggerSFWeightDown
Merging measMET_monoZ_catSignal-1jet_sys_TriggerSFWeightDown
Merging MT_monoZ_catSignal-1jet_sys_TriggerSFWeightDown
Merging measMET_monoZ_cat3L_sys_TriggerSFWeightDown
Merging MT_monoZ_cat3L_sys_TriggerSFWeightDown
Merging measMET_monoZ_cat4L_sys_TriggerSFWeightDown
Merging MT_monoZ_cat4L_sys_TriggerSFWeightDown
Merging measMET_monoZ_catNRB_sys_TriggerSFWeightDown
Merging MT_monoZ_catNRB_sys_TriggerSFWeightDown
Merging measMET_monoZ_catTOP_sys_TriggerSFWeightDown
Merging MT_monoZ_catTOP_sys_TriggerSFWeightDown
Merging measMET_monoZ_catDY_sys_TriggerSFWeightDown
Merging MT_monoZ_catDY_sys_TriggerSFWeightDown
Merging balance_monoZ_sys_TriggerSFWeightDown
Merging phizmet_monoZ_sys_TriggerSFWeightDown
Merging njet_monoZ_sys_TriggerSFWeightDown
Merging measMET_monoZ_catSignal-0jet_sys_btagEventWeightUp
Merging MT_monoZ_catSignal-0jet_sys_btagEventWeightUp
Merging measMET_monoZ_catEM_sys_btagEventWeightUp
Merging MT_monoZ_catEM_sys_btagEventWeightUp
Merging measMET_monoZ_catSignal-1jet_sys_btagEventWeightUp
Merging MT_monoZ_catSignal-1jet_sys_btagEventWeightUp
Merging measMET_monoZ_cat3L_sys_btagEventWeightUp
Merging MT_monoZ_cat3L_sys_btagEventWeightUp
Merging measMET_monoZ_cat4L_sys_btagEventWeightUp
Merging MT_monoZ_cat4L_sys_btagEventWeightUp
Merging measMET_monoZ_catNRB_sys_btagEventWeightUp
Merging MT_monoZ_catNRB_sys_btagEventWeightUp
Merging measMET_monoZ_catTOP_sys_btagEventWeightUp
Merging MT_monoZ_catTOP_sys_btagEventWeightUp
Merging measMET_monoZ_catDY_sys_btagEventWeightUp
Merging MT_monoZ_catDY_sys_btagEventWeightUp
Merging balance_monoZ_sys_btagEventWeightUp
Merging phizmet_monoZ_sys_btagEventWeightUp
Merging njet_monoZ_sys_btagEventWeightUp
Merging measMET_monoZ_catSignal-0jet_sys_btagEventWeightDown
Merging MT_monoZ_catSignal-0jet_sys_btagEventWeightDown
Merging measMET_monoZ_catEM_sys_btagEventWeightDown
Merging MT_monoZ_catEM_sys_btagEventWeightDown
Merging measMET_monoZ_catSignal-1jet_sys_btagEventWeightDown
Merging MT_monoZ_catSignal-1jet_sys_btagEventWeightDown
Merging measMET_monoZ_cat3L_sys_btagEventWeightDown
Merging MT_monoZ_cat3L_sys_btagEventWeightDown
Merging measMET_monoZ_cat4L_sys_btagEventWeightDown
Merging MT_monoZ_cat4L_sys_btagEventWeightDown
Merging measMET_monoZ_catNRB_sys_btagEventWeightDown
Merging MT_monoZ_catNRB_sys_btagEventWeightDown
Merging measMET_monoZ_catTOP_sys_btagEventWeightDown
Merging MT_monoZ_catTOP_sys_btagEventWeightDown
Merging measMET_monoZ_catDY_sys_btagEventWeightDown
Merging MT_monoZ_catDY_sys_btagEventWeightDown
Merging balance_monoZ_sys_btagEventWeightDown
Merging phizmet_monoZ_sys_btagEventWeightDown
Merging njet_monoZ_sys_btagEventWeightDown
Merging measMET_monoZ_catSignal-0jet_sys_QCDScale0wUp
Merging MT_monoZ_catSignal-0jet_sys_QCDScale0wUp
Merging measMET_monoZ_catEM_sys_QCDScale0wUp
Merging MT_monoZ_catEM_sys_QCDScale0wUp
Merging measMET_monoZ_catSignal-1jet_sys_QCDScale0wUp
Merging MT_monoZ_catSignal-1jet_sys_QCDScale0wUp
Merging measMET_monoZ_cat3L_sys_QCDScale0wUp
Merging MT_monoZ_cat3L_sys_QCDScale0wUp
Merging measMET_monoZ_cat4L_sys_QCDScale0wUp
Merging MT_monoZ_cat4L_sys_QCDScale0wUp
Merging measMET_monoZ_catNRB_sys_QCDScale0wUp
Merging MT_monoZ_catNRB_sys_QCDScale0wUp
Merging measMET_monoZ_catTOP_sys_QCDScale0wUp
Merging MT_monoZ_catTOP_sys_QCDScale0wUp
Merging measMET_monoZ_catDY_sys_QCDScale0wUp
Merging MT_monoZ_catDY_sys_QCDScale0wUp
Merging balance_monoZ_sys_QCDScale0wUp
Merging phizmet_monoZ_sys_QCDScale0wUp
Merging njet_monoZ_sys_QCDScale0wUp
Merging measMET_monoZ_catSignal-0jet_sys_QCDScale0wDown
Merging MT_monoZ_catSignal-0jet_sys_QCDScale0wDown
Merging measMET_monoZ_catEM_sys_QCDScale0wDown
Merging MT_monoZ_catEM_sys_QCDScale0wDown
Merging measMET_monoZ_catSignal-1jet_sys_QCDScale0wDown
Merging MT_monoZ_catSignal-1jet_sys_QCDScale0wDown
Merging measMET_monoZ_cat3L_sys_QCDScale0wDown
Merging MT_monoZ_cat3L_sys_QCDScale0wDown
Merging measMET_monoZ_cat4L_sys_QCDScale0wDown
Merging MT_monoZ_cat4L_sys_QCDScale0wDown
Merging measMET_monoZ_catNRB_sys_QCDScale0wDown
Merging MT_monoZ_catNRB_sys_QCDScale0wDown
Merging measMET_monoZ_catTOP_sys_QCDScale0wDown
Merging MT_monoZ_catTOP_sys_QCDScale0wDown
Merging measMET_monoZ_catDY_sys_QCDScale0wDown
Merging MT_monoZ_catDY_sys_QCDScale0wDown
Merging balance_monoZ_sys_QCDScale0wDown
Merging phizmet_monoZ_sys_QCDScale0wDown
Merging njet_monoZ_sys_QCDScale0wDown
Merging measMET_monoZ_catSignal-0jet_sys_QCDScale1wUp
Merging MT_monoZ_catSignal-0jet_sys_QCDScale1wUp
Merging measMET_monoZ_catEM_sys_QCDScale1wUp
Merging MT_monoZ_catEM_sys_QCDScale1wUp
Merging measMET_monoZ_catSignal-1jet_sys_QCDScale1wUp
Merging MT_monoZ_catSignal-1jet_sys_QCDScale1wUp
Merging measMET_monoZ_cat3L_sys_QCDScale1wUp
Merging MT_monoZ_cat3L_sys_QCDScale1wUp
Merging measMET_monoZ_cat4L_sys_QCDScale1wUp
Merging MT_monoZ_cat4L_sys_QCDScale1wUp
Merging measMET_monoZ_catNRB_sys_QCDScale1wUp
Merging MT_monoZ_catNRB_sys_QCDScale1wUp
Merging measMET_monoZ_catTOP_sys_QCDScale1wUp
Merging MT_monoZ_catTOP_sys_QCDScale1wUp
Merging measMET_monoZ_catDY_sys_QCDScale1wUp
Merging MT_monoZ_catDY_sys_QCDScale1wUp
Merging balance_monoZ_sys_QCDScale1wUp
Merging phizmet_monoZ_sys_QCDScale1wUp
Merging njet_monoZ_sys_QCDScale1wUp
Merging measMET_monoZ_catSignal-0jet_sys_QCDScale1wDown
Merging MT_monoZ_catSignal-0jet_sys_QCDScale1wDown
Merging measMET_monoZ_catEM_sys_QCDScale1wDown
Merging MT_monoZ_catEM_sys_QCDScale1wDown
Merging measMET_monoZ_catSignal-1jet_sys_QCDScale1wDown
Merging MT_monoZ_catSignal-1jet_sys_QCDScale1wDown
Merging measMET_monoZ_cat3L_sys_QCDScale1wDown
Merging MT_monoZ_cat3L_sys_QCDScale1wDown
Merging measMET_monoZ_cat4L_sys_QCDScale1wDown
Merging MT_monoZ_cat4L_sys_QCDScale1wDown
Merging measMET_monoZ_catNRB_sys_QCDScale1wDown
Merging MT_monoZ_catNRB_sys_QCDScale1wDown
Merging measMET_monoZ_catTOP_sys_QCDScale1wDown
Merging MT_monoZ_catTOP_sys_QCDScale1wDown
Merging measMET_monoZ_catDY_sys_QCDScale1wDown
Merging MT_monoZ_catDY_sys_QCDScale1wDown
Merging balance_monoZ_sys_QCDScale1wDown
Merging phizmet_monoZ_sys_QCDScale1wDown
Merging njet_monoZ_sys_QCDScale1wDown
Merging measMET_monoZ_catSignal-0jet_sys_QCDScale2wUp
Merging MT_monoZ_catSignal-0jet_sys_QCDScale2wUp
Merging measMET_monoZ_catEM_sys_QCDScale2wUp
Merging MT_monoZ_catEM_sys_QCDScale2wUp
Merging measMET_monoZ_catSignal-1jet_sys_QCDScale2wUp
Merging MT_monoZ_catSignal-1jet_sys_QCDScale2wUp
Merging measMET_monoZ_cat3L_sys_QCDScale2wUp
Merging MT_monoZ_cat3L_sys_QCDScale2wUp
Merging measMET_monoZ_cat4L_sys_QCDScale2wUp
Merging MT_monoZ_cat4L_sys_QCDScale2wUp
Merging measMET_monoZ_catNRB_sys_QCDScale2wUp
Merging MT_monoZ_catNRB_sys_QCDScale2wUp
Merging measMET_monoZ_catTOP_sys_QCDScale2wUp
Merging MT_monoZ_catTOP_sys_QCDScale2wUp
Merging measMET_monoZ_catDY_sys_QCDScale2wUp
Merging MT_monoZ_catDY_sys_QCDScale2wUp
Merging balance_monoZ_sys_QCDScale2wUp
Merging phizmet_monoZ_sys_QCDScale2wUp
Merging njet_monoZ_sys_QCDScale2wUp
Merging measMET_monoZ_catSignal-0jet_sys_QCDScale2wDown
Merging MT_monoZ_catSignal-0jet_sys_QCDScale2wDown
Merging measMET_monoZ_catEM_sys_QCDScale2wDown
Merging MT_monoZ_catEM_sys_QCDScale2wDown
Merging measMET_monoZ_catSignal-1jet_sys_QCDScale2wDown
Merging MT_monoZ_catSignal-1jet_sys_QCDScale2wDown
Merging measMET_monoZ_cat3L_sys_QCDScale2wDown
Merging MT_monoZ_cat3L_sys_QCDScale2wDown
Merging measMET_monoZ_cat4L_sys_QCDScale2wDown
Merging MT_monoZ_cat4L_sys_QCDScale2wDown
Merging measMET_monoZ_catNRB_sys_QCDScale2wDown
Merging MT_monoZ_catNRB_sys_QCDScale2wDown
Merging measMET_monoZ_catTOP_sys_QCDScale2wDown
Merging MT_monoZ_catTOP_sys_QCDScale2wDown
Merging measMET_monoZ_catDY_sys_QCDScale2wDown
Merging MT_monoZ_catDY_sys_QCDScale2wDown
Merging balance_monoZ_sys_QCDScale2wDown
Merging phizmet_monoZ_sys_QCDScale2wDown
Merging njet_monoZ_sys_QCDScale2wDown
Merging Events
Merging Runs
Merging ParameterSets
Merging LuminosityBlocks
Merging MetaData
Merging measMET_Pseudoscalar2HDM_MonoZLL_mScan_mH-900_ma-200_catDY_sys_MuonEnDown
Merging MT_Pseudoscalar2HDM_MonoZLL_mScan_mH-900_ma-200_cat4L_sys_QCDScale2wDown
Merging balance_Pseudoscalar2HDM_MonoZLL_mScan_mH-900_ma-200_sys_PrefireWeightUp
Merging MT_Pseudoscalar2HDM_MonoZLL_mScan_mH-900_ma-200_catSignal-1jet_sys_QCDScale2wDown
Merging MT_Pseudoscalar2HDM_MonoZLL_mScan_mH-900_ma-200_cat3L_sys_EWKDown
Merging balance_Pseudoscalar2HDM_MonoZLL_mScan_mH-900_ma-200_sys_QCDScale1wUp
Merging MT_Pseudoscalar2HDM_MonoZLL_mScan_mH-900_ma-200_catNRB_sys_TriggerSFWeightDown
Merging MT_Pseudoscalar2HDM_MonoZLL_mScan_mH-900_ma-200_catSignal-1jet_sys_PrefireWeightDown
Merging MT_Pseudoscalar2HDM_MonoZLL_mScan_mH-900_ma-200_catNRB_sys_EWKUp
Merging phizmet_Pseudoscalar2HDM_MonoZLL_mScan_mH-900_ma-200_sys_QCDScale1wDown
Merging measMET_Pseudoscalar2HDM_MonoZLL_mScan_mH-900_ma-200_catTOP_sys_ElectronEnDown
Merging measMET_Pseudoscalar2HDM_MonoZLL_mScan_mH-900_ma-200_catDY_sys_EWKUp
Merging MT_Pseudoscalar2HDM_MonoZLL_mScan_mH-900_ma-200_cat3L_sys_ElecronSFDown
Merging MT_Pseudoscalar2HDM_MonoZLL_mScan_mH-900_ma-200_catSignal-1jet_sys_MuonSFDown
Merging measMET_Pseudoscalar2HDM_MonoZLL_mScan_mH-900_ma-200_catSignal-1jet_sys_PDFUp
Merging measMET_Pseudoscalar2HDM_MonoZLL_mScan_mH-900_ma-200_catEM_sys_QCDScale2wUp
Merging measMET_Pseudoscalar2HDM_MonoZLL_mScan_mH-900_ma-200_catNRB_sys_QCDScale2wUp
Merging MT_Pseudoscalar2HDM_MonoZLL_mScan_mH-900_ma-200_catDY_sys_jerUp
Merging MT_Pseudoscalar2HDM_MonoZLL_mScan_mH-900_ma-200_cat4L_sys_TriggerSFWeightUp
Merging balance_Pseudoscalar2HDM_MonoZLL_mScan_mH-900_ma-200_sys_jesTotalDown
Merging njet_Pseudoscalar2HDM_MonoZLL_mScan_mH-900_ma-200_sys_QCDScale1wUp
Merging balance_Pseudoscalar2HDM_MonoZLL_mScan_mH-900_ma-200_sys_QCDScale0wDown
Merging measMET_Pseudoscalar2HDM_MonoZLL_mScan_mH-900_ma-200_catSignal-1jet_sys_MuonSFUp
Merging measMET_Pseudoscalar2HDM_MonoZLL_mScan_mH-900_ma-200_catSignal-1jet_sys_jesTotalUp
Merging MT_Pseudoscalar2HDM_MonoZLL_mScan_mH-900_ma-200_catEM_sys_MuonEnUp
Merging measMET_Pseudoscalar2HDM_MonoZLL_mScan_mH-900_ma-200_catSignal-0jet_sys_jerDown
Merging MT_Pseudoscalar2HDM_MonoZLL_mScan_mH-900_ma-200_catTOP_sys_QCDScale2wDown
Merging MT_Pseudoscalar2HDM_MonoZLL_mScan_mH-900_ma-200_catNRB_sys_PDFDown
Merging phizmet_Pseudoscalar2HDM_MonoZLL_mScan_mH-900_ma-200_sys_TriggerSFWeightDown
Merging measMET_Pseudoscalar2HDM_MonoZLL_mScan_mH-900_ma-200_catSignal-0jet_sys_PrefireWeightUp
Merging njet_Pseudoscalar2HDM_MonoZLL_mScan_mH-900_ma-200_sys_ElectronEnDown
Merging MT_Pseudoscalar2HDM_MonoZLL_mScan_mH-900_ma-200_catNRB_sys_ElecronSFUp
Merging measMET_Pseudoscalar2HDM_MonoZLL_mScan_mH-900_ma-200_cat3L_sys_ElecronSFDown
Merging phizmet_Pseudoscalar2HDM_MonoZLL_mScan_mH-900_ma-200_sys_ElectronEnDown
Merging measMET_Pseudoscalar2HDM_MonoZLL_mScan_mH-900_ma-200_catSignal-0jet_sys_ElecronSFDown
Merging MT_Pseudoscalar2HDM_MonoZLL_mScan_mH-900_ma-200_catSignal-0jet_sys_jesTotalUp
Merging measMET_Pseudoscalar2HDM_MonoZLL_mScan_mH-900_ma-200_cat3L_sys_MuonSFUp
Merging MT_Pseudoscalar2HDM_MonoZLL_mScan_mH-900_ma-200_cat3L_sys_nvtxWeightDown
Merging measMET_Pseudoscalar2HDM_MonoZLL_mScan_mH-900_ma-200_catTOP_sys_QCDScale2wUp
Merging measMET_Pseudoscalar2HDM_MonoZLL_mScan_mH-900_ma-200_catEM_sys_QCDScale1wDown
Merging MT_Pseudoscalar2HDM_MonoZLL_mScan_mH-900_ma-200_catSignal-1jet_sys_jesTotalUp
Merging MT_Pseudoscalar2HDM_MonoZLL_mScan_mH-900_ma-200_catTOP_sys_PrefireWeightUp
Merging MT_Pseudoscalar2HDM_MonoZLL_mScan_mH-900_ma-200_catSignal-1jet_sys_PDFUp
Merging MT_Pseudoscalar2HDM_MonoZLL_mScan_mH-900_ma-200_cat4L
Merging MT_Pseudoscalar2HDM_MonoZLL_mScan_mH-900_ma-200_catEM_sys_jesTotalDown
Merging measMET_Pseudoscalar2HDM_MonoZLL_mScan_mH-900_ma-200_cat4L_sys_MuonEnDown
Merging phizmet_Pseudoscalar2HDM_MonoZLL_mScan_mH-900_ma-200_sys_jesTotalUp
Merging measMET_Pseudoscalar2HDM_MonoZLL_mScan_mH-900_ma-200_cat4L_sys_QCDScale0wUp
Merging MT_Pseudoscalar2HDM_MonoZLL_mScan_mH-900_ma-200_cat4L_sys_jerUp
Merging measMET_Pseudoscalar2HDM_MonoZLL_mScan_mH-900_ma-200_cat3L_sys_btagEventWeightDown
Merging measMET_Pseudoscalar2HDM_MonoZLL_mScan_mH-900_ma-200_catSignal-0jet_sys_QCDScale0wUp
Merging measMET_Pseudoscalar2HDM_MonoZLL_mScan_mH-900_ma-200_catTOP_sys_MuonSFUp
Merging measMET_Pseudoscalar2HDM_MonoZLL_mScan_mH-900_ma-200_catEM_sys_nvtxWeightUp
Merging MT_Pseudoscalar2HDM_MonoZLL_mScan_mH-900_ma-200_catSignal-0jet_sys_PDFDown
Merging MT_Pseudoscalar2HDM_MonoZLL_mScan_mH-900_ma-200_catSignal-1jet_sys_jesTotalDown
Merging MT_Pseudoscalar2HDM_MonoZLL_mScan_mH-900_ma-200_catEM_sys_jerUp
Merging measMET_Pseudoscalar2HDM_MonoZLL_mScan_mH-900_ma-200_catEM_sys_jesTotalUp
Merging MT_Pseudoscalar2HDM_MonoZLL_mScan_mH-900_ma-200_catDY_sys_puWeightUp
Merging MT_Pseudoscalar2HDM_MonoZLL_mScan_mH-900_ma-200_catEM_sys_puWeightDown
Merging MT_Pseudoscalar2HDM_MonoZLL_mScan_mH-900_ma-200_catEM_sys_PrefireWeightDown
Merging MT_Pseudoscalar2HDM_MonoZLL_mScan_mH-900_ma-200_cat3L_sys_jerDown
Merging balance_Pseudoscalar2HDM_MonoZLL_mScan_mH-900_ma-200_sys_MuonEnDown
Merging MT_Pseudoscalar2HDM_MonoZLL_mScan_mH-900_ma-200_catSignal-0jet_sys_QCDScale2wUp
Merging balance_Pseudoscalar2HDM_MonoZLL_mScan_mH-900_ma-200_sys_QCDScale2wDown
Merging measMET_Pseudoscalar2HDM_MonoZLL_mScan_mH-900_ma-200_catNRB_sys_jerUp
Merging measMET_Pseudoscalar2HDM_MonoZLL_mScan_mH-900_ma-200_catEM_sys_ElectronEnDown
Merging measMET_Pseudoscalar2HDM_MonoZLL_mScan_mH-900_ma-200_catSignal-0jet_sys_MuonEnDown
Merging njet_Pseudoscalar2HDM_MonoZLL_mScan_mH-900_ma-200_sys_MuonEnUp
Merging MT_Pseudoscalar2HDM_MonoZLL_mScan_mH-900_ma-200_cat3L_sys_jesTotalUp
Merging MT_Pseudoscalar2HDM_MonoZLL_mScan_mH-900_ma-200_catDY_sys_nvtxWeightDown
Merging phizmet_Pseudoscalar2HDM_MonoZLL_mScan_mH-900_ma-200_sys_QCDScale1wUp
Merging measMET_Pseudoscalar2HDM_MonoZLL_mScan_mH-900_ma-200_catEM_sys_PDFUp
Merging phizmet_Pseudoscalar2HDM_MonoZLL_mScan_mH-900_ma-200_sys_ElecronSFDown
Merging balance_Pseudoscalar2HDM_MonoZLL_mScan_mH-900_ma-200_sys_puWeightUp
Merging MT_Pseudoscalar2HDM_MonoZLL_mScan_mH-900_ma-200_catTOP_sys_EWKDown
Merging MT_Pseudoscalar2HDM_MonoZLL_mScan_mH-900_ma-200_catEM_sys_ElecronSFUp
Merging measMET_Pseudoscalar2HDM_MonoZLL_mScan_mH-900_ma-200_catSignal-0jet_sys_EWKDown
Merging measMET_Pseudoscalar2HDM_MonoZLL_mScan_mH-900_ma-200_catDY_sys_puWeightDown
Merging measMET_Pseudoscalar2HDM_MonoZLL_mScan_mH-900_ma-200_catSignal-1jet_sys_TriggerSFWeightUp
Merging MT_Pseudoscalar2HDM_MonoZLL_mScan_mH-900_ma-200_catTOP_sys_MuonEnDown
Merging MT_Pseudoscalar2HDM_MonoZLL_mScan_mH-900_ma-200_catEM_sys_PDFUp
Merging measMET_Pseudoscalar2HDM_MonoZLL_mScan_mH-900_ma-200_catTOP_sys_btagEventWeightDown
Merging measMET_Pseudoscalar2HDM_MonoZLL_mScan_mH-900_ma-200_cat3L_sys_ElectronEnDown
Merging balance_Pseudoscalar2HDM_MonoZLL_mScan_mH-900_ma-200_sys_jerDown
Merging measMET_Pseudoscalar2HDM_MonoZLL_mScan_mH-900_ma-200_catSignal-0jet_sys_QCDScale0wDown
Merging MT_Pseudoscalar2HDM_MonoZLL_mScan_mH-900_ma-200_cat4L_sys_ElecronSFUp
Merging MT_Pseudoscalar2HDM_MonoZLL_mScan_mH-900_ma-200_catSignal-0jet_sys_MuonSFDown
Merging measMET_Pseudoscalar2HDM_MonoZLL_mScan_mH-900_ma-200_cat4L_sys_puWeightUp
Merging MT_Pseudoscalar2HDM_MonoZLL_mScan_mH-900_ma-200_catSignal-1jet_sys_QCDScale0wUp
Merging MT_Pseudoscalar2HDM_MonoZLL_mScan_mH-900_ma-200_catEM_sys_MuonSFDown
Merging MT_Pseudoscalar2HDM_MonoZLL_mScan_mH-900_ma-200_cat4L_sys_QCDScale0wDown
Merging MT_Pseudoscalar2HDM_MonoZLL_mScan_mH-900_ma-200_catSignal-0jet_sys_ElecronSFDown
Merging measMET_Pseudoscalar2HDM_MonoZLL_mScan_mH-900_ma-200_cat4L_sys_QCDScale1wDown
Merging MT_Pseudoscalar2HDM_MonoZLL_mScan_mH-900_ma-200_catSignal-0jet_sys_btagEventWeightUp
Merging measMET_Pseudoscalar2HDM_MonoZLL_mScan_mH-900_ma-200_cat3L_sys_PDFDown
Merging njet_Pseudoscalar2HDM_MonoZLL_mScan_mH-900_ma-200_sys_ElecronSFDown
Merging MT_Pseudoscalar2HDM_MonoZLL_mScan_mH-900_ma-200_catDY_sys_TriggerSFWeightDown
Merging measMET_Pseudoscalar2HDM_MonoZLL_mScan_mH-900_ma-200_catNRB_sys_QCDScale1wDown
Merging MT_Pseudoscalar2HDM_MonoZLL_mScan_mH-900_ma-200_cat4L_sys_nvtxWeightDown
Merging MT_Pseudoscalar2HDM_MonoZLL_mScan_mH-900_ma-200_catSignal-0jet_sys_ElectronEnDown
Merging MT_Pseudoscalar2HDM_MonoZLL_mScan_mH-900_ma-200_cat3L_sys_puWeightUp
Merging measMET_Pseudoscalar2HDM_MonoZLL_mScan_mH-900_ma-200_catSignal-1jet_sys_EWKDown
Merging MT_Pseudoscalar2HDM_MonoZLL_mScan_mH-900_ma-200_catEM_sys_ElectronEnUp
Merging measMET_Pseudoscalar2HDM_MonoZLL_mScan_mH-900_ma-200_cat4L_sys_PrefireWeightUp
Merging phizmet_Pseudoscalar2HDM_MonoZLL_mScan_mH-900_ma-200_sys_puWeightDown
Merging MT_Pseudoscalar2HDM_MonoZLL_mScan_mH-900_ma-200_catEM_sys_QCDScale1wUp
Merging MT_Pseudoscalar2HDM_MonoZLL_mScan_mH-900_ma-200_catTOP_sys_QCDScale2wUp
Merging MT_Pseudoscalar2HDM_MonoZLL_mScan_mH-900_ma-200_catEM_sys_QCDScale0wUp
Merging measMET_Pseudoscalar2HDM_MonoZLL_mScan_mH-900_ma-200_catDY_sys_ElecronSFUp
Merging MT_Pseudoscalar2HDM_MonoZLL_mScan_mH-900_ma-200_cat4L_sys_PrefireWeightDown
Merging MT_Pseudoscalar2HDM_MonoZLL_mScan_mH-900_ma-200_catDY_sys_MuonEnUp
Merging measMET_Pseudoscalar2HDM_MonoZLL_mScan_mH-900_ma-200_catNRB_sys_PDFDown
Merging balance_Pseudoscalar2HDM_MonoZLL_mScan_mH-900_ma-200_sys_EWKDown
Merging MT_Pseudoscalar2HDM_MonoZLL_mScan_mH-900_ma-200_catSignal-0jet_sys_MuonSFUp
Merging MT_Pseudoscalar2HDM_MonoZLL_mScan_mH-900_ma-200_catSignal-1jet_sys_TriggerSFWeightUp
Merging measMET_Pseudoscalar2HDM_MonoZLL_mScan_mH-900_ma-200_cat4L_sys_QCDScale2wUp
Merging measMET_Pseudoscalar2HDM_MonoZLL_mScan_mH-900_ma-200_catDY_sys_btagEventWeightUp
Merging measMET_Pseudoscalar2HDM_MonoZLL_mScan_mH-900_ma-200_catNRB_sys_MuonSFDown
Merging njet_Pseudoscalar2HDM_MonoZLL_mScan_mH-900_ma-200_sys_TriggerSFWeightDown
Merging MT_Pseudoscalar2HDM_MonoZLL_mScan_mH-900_ma-200_catNRB_sys_EWKDown
Merging MT_Pseudoscalar2HDM_MonoZLL_mScan_mH-900_ma-200_catDY_sys_jesTotalDown
Merging measMET_Pseudoscalar2HDM_MonoZLL_mScan_mH-900_ma-200_catDY_sys_PDFDown
Merging measMET_Pseudoscalar2HDM_MonoZLL_mScan_mH-900_ma-200_catTOP_sys_jerUp
Merging measMET_Pseudoscalar2HDM_MonoZLL_mScan_mH-900_ma-200_catSignal-1jet_sys_puWeightDown
Merging MT_Pseudoscalar2HDM_MonoZLL_mScan_mH-900_ma-200_catTOP_sys_nvtxWeightDown
Merging MT_Pseudoscalar2HDM_MonoZLL_mScan_mH-900_ma-200_catSignal-1jet_sys_EWKDown
Merging MT_Pseudoscalar2HDM_MonoZLL_mScan_mH-900_ma-200_catEM_sys_nvtxWeightDown
Merging MT_Pseudoscalar2HDM_MonoZLL_mScan_mH-900_ma-200_catDY_sys_QCDScale2wDown
Merging MT_Pseudoscalar2HDM_MonoZLL_mScan_mH-900_ma-200_catTOP_sys_nvtxWeightUp
Merging autoPU
Merging MT_Pseudoscalar2HDM_MonoZLL_mScan_mH-900_ma-200_catTOP_sys_MuonEnUp
Merging measMET_Pseudoscalar2HDM_MonoZLL_mScan_mH-900_ma-200_catSignal-0jet_sys_jesTotalUp
Merging measMET_Pseudoscalar2HDM_MonoZLL_mScan_mH-900_ma-200_catSignal-1jet_sys_PrefireWeightUp
Merging measMET_Pseudoscalar2HDM_MonoZLL_mScan_mH-900_ma-200_catSignal-0jet_sys_ElectronEnDown
Merging measMET_Pseudoscalar2HDM_MonoZLL_mScan_mH-900_ma-200_catSignal-1jet_sys_PrefireWeightDown
Merging measMET_Pseudoscalar2HDM_MonoZLL_mScan_mH-900_ma-200_catTOP_sys_QCDScale2wDown
Merging measMET_Pseudoscalar2HDM_MonoZLL_mScan_mH-900_ma-200_cat3L_sys_EWKUp
Merging measMET_Pseudoscalar2HDM_MonoZLL_mScan_mH-900_ma-200_catDY_sys_nvtxWeightDown
Merging MT_Pseudoscalar2HDM_MonoZLL_mScan_mH-900_ma-200_cat4L_sys_puWeightUp
Merging njet_Pseudoscalar2HDM_MonoZLL_mScan_mH-900_ma-200_sys_MuonSFUp
Merging measMET_Pseudoscalar2HDM_MonoZLL_mScan_mH-900_ma-200_catDY
Merging MT_Pseudoscalar2HDM_MonoZLL_mScan_mH-900_ma-200_cat4L_sys_QCDScale0wUp
Merging MT_Pseudoscalar2HDM_MonoZLL_mScan_mH-900_ma-200_catEM_sys_PDFDown
Merging MT_Pseudoscalar2HDM_MonoZLL_mScan_mH-900_ma-200_cat4L_sys_MuonEnDown
Merging MT_Pseudoscalar2HDM_MonoZLL_mScan_mH-900_ma-200_cat3L_sys_QCDScale2wUp
Merging measMET_Pseudoscalar2HDM_MonoZLL_mScan_mH-900_ma-200_catNRB_sys_ElecronSFUp
Merging measMET_Pseudoscalar2HDM_MonoZLL_mScan_mH-900_ma-200_catEM_sys_EWKDown
Merging MT_Pseudoscalar2HDM_MonoZLL_mScan_mH-900_ma-200_catSignal-1jet_sys_TriggerSFWeightDown
Merging measMET_Pseudoscalar2HDM_MonoZLL_mScan_mH-900_ma-200_catNRB_sys_nvtxWeightDown
Merging measMET_Pseudoscalar2HDM_MonoZLL_mScan_mH-900_ma-200_catSignal-0jet_sys_ElecronSFUp
Merging MT_Pseudoscalar2HDM_MonoZLL_mScan_mH-900_ma-200_catTOP_sys_PDFDown
Merging measMET_Pseudoscalar2HDM_MonoZLL_mScan_mH-900_ma-200_catSignal-1jet_sys_ElectronEnDown
Merging measMET_Pseudoscalar2HDM_MonoZLL_mScan_mH-900_ma-200_cat4L_sys_PDFUp
Merging measMET_Pseudoscalar2HDM_MonoZLL_mScan_mH-900_ma-200_catEM_sys_jesTotalDown
Merging measMET_Pseudoscalar2HDM_MonoZLL_mScan_mH-900_ma-200_catSignal-0jet_sys_QCDScale1wDown
Merging balance_Pseudoscalar2HDM_MonoZLL_mScan_mH-900_ma-200_sys_MuonSFDown
Merging balance_Pseudoscalar2HDM_MonoZLL_mScan_mH-900_ma-200_sys_PDFUp
Merging MT_Pseudoscalar2HDM_MonoZLL_mScan_mH-900_ma-200_catNRB_sys_jerUp
Merging phizmet_Pseudoscalar2HDM_MonoZLL_mScan_mH-900_ma-200_sys_MuonEnDown
Merging measMET_Pseudoscalar2HDM_MonoZLL_mScan_mH-900_ma-200_catNRB_sys_MuonEnDown
Merging MT_Pseudoscalar2HDM_MonoZLL_mScan_mH-900_ma-200_catNRB_sys_PDFUp
Merging njet_Pseudoscalar2HDM_MonoZLL_mScan_mH-900_ma-200_sys_QCDScale2wUp
Merging measMET_Pseudoscalar2HDM_MonoZLL_mScan_mH-900_ma-200_catTOP_sys_nvtxWeightUp
Merging phizmet_Pseudoscalar2HDM_MonoZLL_mScan_mH-900_ma-200_sys_btagEventWeightDown
Merging MT_Pseudoscalar2HDM_MonoZLL_mScan_mH-900_ma-200_catTOP_sys_jesTotalDown
Merging MT_Pseudoscalar2HDM_MonoZLL_mScan_mH-900_ma-200_cat3L_sys_puWeightDown
Merging MT_Pseudoscalar2HDM_MonoZLL_mScan_mH-900_ma-200_catEM_sys_QCDScale2wDown
Merging phizmet_Pseudoscalar2HDM_MonoZLL_mScan_mH-900_ma-200_sys_PDFDown
Merging MT_Pseudoscalar2HDM_MonoZLL_mScan_mH-900_ma-200_cat4L_sys_EWKUp
Merging MT_Pseudoscalar2HDM_MonoZLL_mScan_mH-900_ma-200_catSignal-1jet_sys_ElecronSFUp
Merging MT_Pseudoscalar2HDM_MonoZLL_mScan_mH-900_ma-200_cat3L_sys_PrefireWeightUp
Merging MT_Pseudoscalar2HDM_MonoZLL_mScan_mH-900_ma-200_catSignal-1jet_sys_jerUp
Merging MT_Pseudoscalar2HDM_MonoZLL_mScan_mH-900_ma-200_cat3L_sys_PDFUp
Merging measMET_Pseudoscalar2HDM_MonoZLL_mScan_mH-900_ma-200_cat3L_sys_QCDScale2wDown
Merging measMET_Pseudoscalar2HDM_MonoZLL_mScan_mH-900_ma-200_catTOP_sys_EWKUp
Merging balance_Pseudoscalar2HDM_MonoZLL_mScan_mH-900_ma-200_sys_ElectronEnUp
Merging measMET_Pseudoscalar2HDM_MonoZLL_mScan_mH-900_ma-200_catDY_sys_ElectronEnUp
Merging MT_Pseudoscalar2HDM_MonoZLL_mScan_mH-900_ma-200_catSignal-1jet_sys_puWeightUp
Merging MT_Pseudoscalar2HDM_MonoZLL_mScan_mH-900_ma-200_cat3L_sys_TriggerSFWeightDown
Merging MT_Pseudoscalar2HDM_MonoZLL_mScan_mH-900_ma-200_catTOP_sys_jerDown
Merging measMET_Pseudoscalar2HDM_MonoZLL_mScan_mH-900_ma-200_catSignal-0jet_sys_MuonEnUp
Merging measMET_Pseudoscalar2HDM_MonoZLL_mScan_mH-900_ma-200_catEM_sys_QCDScale1wUp
Merging MT_Pseudoscalar2HDM_MonoZLL_mScan_mH-900_ma-200_cat3L_sys_QCDScale0wUp
Merging MT_Pseudoscalar2HDM_MonoZLL_mScan_mH-900_ma-200_cat3L_sys_PDFDown
Merging measMET_Pseudoscalar2HDM_MonoZLL_mScan_mH-900_ma-200_catEM_sys_MuonEnDown
Merging MT_Pseudoscalar2HDM_MonoZLL_mScan_mH-900_ma-200_catNRB_sys_PrefireWeightDown
Merging MT_Pseudoscalar2HDM_MonoZLL_mScan_mH-900_ma-200_catNRB_sys_TriggerSFWeightUp
Merging MT_Pseudoscalar2HDM_MonoZLL_mScan_mH-900_ma-200_cat3L_sys_MuonSFUp
Merging MT_Pseudoscalar2HDM_MonoZLL_mScan_mH-900_ma-200_catSignal-0jet_sys_jesTotalDown
Merging MT_Pseudoscalar2HDM_MonoZLL_mScan_mH-900_ma-200_cat3L
Merging MT_Pseudoscalar2HDM_MonoZLL_mScan_mH-900_ma-200_catTOP_sys_MuonSFDown
Merging measMET_Pseudoscalar2HDM_MonoZLL_mScan_mH-900_ma-200_cat3L_sys_puWeightUp
Merging MT_Pseudoscalar2HDM_MonoZLL_mScan_mH-900_ma-200_catTOP_sys_ElecronSFUp
Merging measMET_Pseudoscalar2HDM_MonoZLL_mScan_mH-900_ma-200_catTOP_sys_QCDScale1wDown
Merging MT_Pseudoscalar2HDM_MonoZLL_mScan_mH-900_ma-200_catEM_sys_ElecronSFDown
Merging measMET_Pseudoscalar2HDM_MonoZLL_mScan_mH-900_ma-200_catNRB_sys_jerDown
Merging MT_Pseudoscalar2HDM_MonoZLL_mScan_mH-900_ma-200_catNRB_sys_MuonEnUp
Merging MT_Pseudoscalar2HDM_MonoZLL_mScan_mH-900_ma-200_cat4L_sys_jesTotalDown
Merging balance_Pseudoscalar2HDM_MonoZLL_mScan_mH-900_ma-200_sys_nvtxWeightDown
Merging MT_Pseudoscalar2HDM_MonoZLL_mScan_mH-900_ma-200_catNRB_sys_puWeightDown
Merging MT_Pseudoscalar2HDM_MonoZLL_mScan_mH-900_ma-200_catDY_sys_QCDScale2wUp
Merging measMET_Pseudoscalar2HDM_MonoZLL_mScan_mH-900_ma-200_cat4L_sys_btagEventWeightUp
Merging measMET_Pseudoscalar2HDM_MonoZLL_mScan_mH-900_ma-200_catSignal-0jet_sys_QCDScale2wDown
Merging measMET_Pseudoscalar2HDM_MonoZLL_mScan_mH-900_ma-200_catNRB
Merging MT_Pseudoscalar2HDM_MonoZLL_mScan_mH-900_ma-200_cat3L_sys_ElectronEnUp
Merging MT_Pseudoscalar2HDM_MonoZLL_mScan_mH-900_ma-200_cat3L_sys_btagEventWeightUp
Merging MT_Pseudoscalar2HDM_MonoZLL_mScan_mH-900_ma-200_catSignal-1jet_sys_ElectronEnDown
Merging MT_Pseudoscalar2HDM_MonoZLL_mScan_mH-900_ma-200_catTOP_sys_jesTotalUp
Merging MT_Pseudoscalar2HDM_MonoZLL_mScan_mH-900_ma-200_catDY_sys_MuonSFDown
Merging MT_Pseudoscalar2HDM_MonoZLL_mScan_mH-900_ma-200_catSignal-0jet_sys_QCDScale0wDown
Merging measMET_Pseudoscalar2HDM_MonoZLL_mScan_mH-900_ma-200_catDY_sys_jerUp
Merging MT_Pseudoscalar2HDM_MonoZLL_mScan_mH-900_ma-200_catEM_sys_puWeightUp
Merging balance_Pseudoscalar2HDM_MonoZLL_mScan_mH-900_ma-200
Merging measMET_Pseudoscalar2HDM_MonoZLL_mScan_mH-900_ma-200_cat3L_sys_nvtxWeightDown
Merging MT_Pseudoscalar2HDM_MonoZLL_mScan_mH-900_ma-200_catTOP
Merging measMET_Pseudoscalar2HDM_MonoZLL_mScan_mH-900_ma-200_catTOP_sys_nvtxWeightDown
Merging measMET_Pseudoscalar2HDM_MonoZLL_mScan_mH-900_ma-200_catTOP_sys_PDFDown
Merging measMET_Pseudoscalar2HDM_MonoZLL_mScan_mH-900_ma-200_catSignal-0jet_sys_ElectronEnUp
Merging measMET_Pseudoscalar2HDM_MonoZLL_mScan_mH-900_ma-200_catSignal-1jet_sys_btagEventWeightDown
Merging MT_Pseudoscalar2HDM_MonoZLL_mScan_mH-900_ma-200_catTOP_sys_btagEventWeightUp
Merging measMET_Pseudoscalar2HDM_MonoZLL_mScan_mH-900_ma-200_catSignal-0jet_sys_QCDScale2wUp
Merging measMET_Pseudoscalar2HDM_MonoZLL_mScan_mH-900_ma-200_catTOP_sys_MuonEnUp
Merging measMET_Pseudoscalar2HDM_MonoZLL_mScan_mH-900_ma-200_catEM_sys_MuonSFUp
Merging MT_Pseudoscalar2HDM_MonoZLL_mScan_mH-900_ma-200_cat3L_sys_MuonEnUp
Merging measMET_Pseudoscalar2HDM_MonoZLL_mScan_mH-900_ma-200_cat4L_sys_btagEventWeightDown
Merging njet_Pseudoscalar2HDM_MonoZLL_mScan_mH-900_ma-200_sys_EWKDown
Merging njet_Pseudoscalar2HDM_MonoZLL_mScan_mH-900_ma-200_sys_PrefireWeightUp
Merging measMET_Pseudoscalar2HDM_MonoZLL_mScan_mH-900_ma-200_cat3L_sys_puWeightDown
Merging MT_Pseudoscalar2HDM_MonoZLL_mScan_mH-900_ma-200_catDY_sys_PDFUp
Merging MT_Pseudoscalar2HDM_MonoZLL_mScan_mH-900_ma-200_cat3L_sys_QCDScale0wDown
Merging MT_Pseudoscalar2HDM_MonoZLL_mScan_mH-900_ma-200_catTOP_sys_QCDScale0wUp
Merging MT_Pseudoscalar2HDM_MonoZLL_mScan_mH-900_ma-200_catSignal-1jet_sys_EWKUp
Merging MT_Pseudoscalar2HDM_MonoZLL_mScan_mH-900_ma-200_catEM_sys_TriggerSFWeightUp
Merging MT_Pseudoscalar2HDM_MonoZLL_mScan_mH-900_ma-200_catEM_sys_nvtxWeightUp
Merging MT_Pseudoscalar2HDM_MonoZLL_mScan_mH-900_ma-200_catEM_sys_jesTotalUp
Merging measMET_Pseudoscalar2HDM_MonoZLL_mScan_mH-900_ma-200_catNRB_sys_QCDScale1wUp
Merging measMET_Pseudoscalar2HDM_MonoZLL_mScan_mH-900_ma-200_catTOP_sys_PrefireWeightDown
Merging measMET_Pseudoscalar2HDM_MonoZLL_mScan_mH-900_ma-200_cat3L_sys_MuonEnUp
Merging measMET_Pseudoscalar2HDM_MonoZLL_mScan_mH-900_ma-200_catNRB_sys_EWKUp
Merging measMET_Pseudoscalar2HDM_MonoZLL_mScan_mH-900_ma-200_catEM_sys_QCDScale2wDown
Merging MT_Pseudoscalar2HDM_MonoZLL_mScan_mH-900_ma-200_catNRB_sys_QCDScale1wUp
Merging measMET_Pseudoscalar2HDM_MonoZLL_mScan_mH-900_ma-200_cat4L_sys_jerUp
Merging MT_Pseudoscalar2HDM_MonoZLL_mScan_mH-900_ma-200_catDY_sys_nvtxWeightUp
Merging phizmet_Pseudoscalar2HDM_MonoZLL_mScan_mH-900_ma-200_sys_puWeightUp
Merging MT_Pseudoscalar2HDM_MonoZLL_mScan_mH-900_ma-200_catSignal-0jet_sys_MuonEnDown
Merging balance_Pseudoscalar2HDM_MonoZLL_mScan_mH-900_ma-200_sys_MuonSFUp
Merging measMET_Pseudoscalar2HDM_MonoZLL_mScan_mH-900_ma-200_catNRB_sys_PrefireWeightUp
Merging MT_Pseudoscalar2HDM_MonoZLL_mScan_mH-900_ma-200_catNRB_sys_btagEventWeightUp
Merging MT_Pseudoscalar2HDM_MonoZLL_mScan_mH-900_ma-200_cat3L_sys_EWKUp
Merging MT_Pseudoscalar2HDM_MonoZLL_mScan_mH-900_ma-200_cat4L_sys_MuonSFUp
Merging MT_Pseudoscalar2HDM_MonoZLL_mScan_mH-900_ma-200_cat4L_sys_MuonSFDown
Merging measMET_Pseudoscalar2HDM_MonoZLL_mScan_mH-900_ma-200_catTOP_sys_puWeightUp
Merging measMET_Pseudoscalar2HDM_MonoZLL_mScan_mH-900_ma-200_cat4L_sys_jerDown
Merging measMET_Pseudoscalar2HDM_MonoZLL_mScan_mH-900_ma-200_cat3L_sys_QCDScale1wUp
Merging measMET_Pseudoscalar2HDM_MonoZLL_mScan_mH-900_ma-200_catTOP_sys_MuonEnDown
Merging MT_Pseudoscalar2HDM_MonoZLL_mScan_mH-900_ma-200_catDY_sys_btagEventWeightUp
Merging measMET_Pseudoscalar2HDM_MonoZLL_mScan_mH-900_ma-200_cat4L_sys_jesTotalDown
Merging measMET_Pseudoscalar2HDM_MonoZLL_mScan_mH-900_ma-200_catTOP_sys_TriggerSFWeightUp
Merging measMET_Pseudoscalar2HDM_MonoZLL_mScan_mH-900_ma-200_catSignal-0jet_sys_puWeightDown
Merging phizmet_Pseudoscalar2HDM_MonoZLL_mScan_mH-900_ma-200_sys_jesTotalDown
Merging MT_Pseudoscalar2HDM_MonoZLL_mScan_mH-900_ma-200_catNRB_sys_jerDown
Merging measMET_Pseudoscalar2HDM_MonoZLL_mScan_mH-900_ma-200_catDY_sys_jerDown
Merging measMET_Pseudoscalar2HDM_MonoZLL_mScan_mH-900_ma-200_cat3L_sys_EWKDown
Merging measMET_Pseudoscalar2HDM_MonoZLL_mScan_mH-900_ma-200_catSignal-1jet_sys_puWeightUp
Merging MT_Pseudoscalar2HDM_MonoZLL_mScan_mH-900_ma-200_catTOP_sys_EWKUp
Merging measMET_Pseudoscalar2HDM_MonoZLL_mScan_mH-900_ma-200_catSignal-0jet_sys_MuonSFDown
Merging balance_Pseudoscalar2HDM_MonoZLL_mScan_mH-900_ma-200_sys_EWKUp
Merging measMET_Pseudoscalar2HDM_MonoZLL_mScan_mH-900_ma-200_catSignal-1jet_sys_QCDScale2wDown
Merging measMET_Pseudoscalar2HDM_MonoZLL_mScan_mH-900_ma-200_catSignal-0jet_sys_nvtxWeightDown
Merging measMET_Pseudoscalar2HDM_MonoZLL_mScan_mH-900_ma-200_catNRB_sys_ElecronSFDown
Merging phizmet_Pseudoscalar2HDM_MonoZLL_mScan_mH-900_ma-200
Merging measMET_Pseudoscalar2HDM_MonoZLL_mScan_mH-900_ma-200_catTOP_sys_QCDScale1wUp
Merging measMET_Pseudoscalar2HDM_MonoZLL_mScan_mH-900_ma-200_catNRB_sys_btagEventWeightDown
Merging measMET_Pseudoscalar2HDM_MonoZLL_mScan_mH-900_ma-200_catDY_sys_QCDScale0wDown
Merging measMET_Pseudoscalar2HDM_MonoZLL_mScan_mH-900_ma-200_cat3L_sys_TriggerSFWeightUp
Merging MT_Pseudoscalar2HDM_MonoZLL_mScan_mH-900_ma-200_catDY_sys_jesTotalUp
Merging measMET_Pseudoscalar2HDM_MonoZLL_mScan_mH-900_ma-200_catDY_sys_ElecronSFDown
Merging balance_Pseudoscalar2HDM_MonoZLL_mScan_mH-900_ma-200_sys_btagEventWeightDown
Merging measMET_Pseudoscalar2HDM_MonoZLL_mScan_mH-900_ma-200_cat4L_sys_TriggerSFWeightDown
Merging njet_Pseudoscalar2HDM_MonoZLL_mScan_mH-900_ma-200_sys_ElectronEnUp
Merging phizmet_Pseudoscalar2HDM_MonoZLL_mScan_mH-900_ma-200_sys_jerDown
Merging MT_Pseudoscalar2HDM_MonoZLL_mScan_mH-900_ma-200_catSignal-1jet_sys_ElectronEnUp
Merging phizmet_Pseudoscalar2HDM_MonoZLL_mScan_mH-900_ma-200_sys_PrefireWeightUp
Merging measMET_Pseudoscalar2HDM_MonoZLL_mScan_mH-900_ma-200_catEM_sys_jerUp
Merging MT_Pseudoscalar2HDM_MonoZLL_mScan_mH-900_ma-200_catDY_sys_PrefireWeightUp
Merging MT_Pseudoscalar2HDM_MonoZLL_mScan_mH-900_ma-200_catEM_sys_ElectronEnDown
Merging MT_Pseudoscalar2HDM_MonoZLL_mScan_mH-900_ma-200_catTOP_sys_TriggerSFWeightUp
Merging MT_Pseudoscalar2HDM_MonoZLL_mScan_mH-900_ma-200_catDY_sys_QCDScale0wUp
Merging MT_Pseudoscalar2HDM_MonoZLL_mScan_mH-900_ma-200_catEM_sys_PrefireWeightUp
Merging measMET_Pseudoscalar2HDM_MonoZLL_mScan_mH-900_ma-200_catSignal-0jet_sys_jerUp
Merging measMET_Pseudoscalar2HDM_MonoZLL_mScan_mH-900_ma-200_catTOP_sys_ElectronEnUp
Merging njet_Pseudoscalar2HDM_MonoZLL_mScan_mH-900_ma-200_sys_QCDScale0wUp
Merging measMET_Pseudoscalar2HDM_MonoZLL_mScan_mH-900_ma-200_catTOP_sys_MuonSFDown
Merging phizmet_Pseudoscalar2HDM_MonoZLL_mScan_mH-900_ma-200_sys_QCDScale2wDown
Merging MT_Pseudoscalar2HDM_MonoZLL_mScan_mH-900_ma-200_catSignal-0jet_sys_btagEventWeightDown
Merging measMET_Pseudoscalar2HDM_MonoZLL_mScan_mH-900_ma-200_catNRB_sys_TriggerSFWeightUp
Merging measMET_Pseudoscalar2HDM_MonoZLL_mScan_mH-900_ma-200_catSignal-1jet_sys_MuonEnUp
Merging measMET_Pseudoscalar2HDM_MonoZLL_mScan_mH-900_ma-200_catSignal-0jet_sys_jesTotalDown
Merging measMET_Pseudoscalar2HDM_MonoZLL_mScan_mH-900_ma-200_catNRB_sys_PrefireWeightDown
Merging measMET_Pseudoscalar2HDM_MonoZLL_mScan_mH-900_ma-200_cat3L_sys_nvtxWeightUp
Merging measMET_Pseudoscalar2HDM_MonoZLL_mScan_mH-900_ma-200_cat4L_sys_QCDScale2wDown
Merging measMET_Pseudoscalar2HDM_MonoZLL_mScan_mH-900_ma-200_catDY_sys_MuonSFDown
Merging measMET_Pseudoscalar2HDM_MonoZLL_mScan_mH-900_ma-200_cat3L_sys_PDFUp
Merging phizmet_Pseudoscalar2HDM_MonoZLL_mScan_mH-900_ma-200_sys_PDFUp
Merging MT_Pseudoscalar2HDM_MonoZLL_mScan_mH-900_ma-200_cat3L_sys_jerUp
Merging measMET_Pseudoscalar2HDM_MonoZLL_mScan_mH-900_ma-200_catEM_sys_QCDScale0wUp
Merging MT_Pseudoscalar2HDM_MonoZLL_mScan_mH-900_ma-200_catEM
Merging measMET_Pseudoscalar2HDM_MonoZLL_mScan_mH-900_ma-200_catSignal-1jet_sys_QCDScale0wDown
Merging measMET_Pseudoscalar2HDM_MonoZLL_mScan_mH-900_ma-200_cat3L_sys_MuonEnDown
Merging MT_Pseudoscalar2HDM_MonoZLL_mScan_mH-900_ma-200_catNRB_sys_QCDScale2wDown
Merging MT_Pseudoscalar2HDM_MonoZLL_mScan_mH-900_ma-200_cat4L_sys_QCDScale2wUp
Merging measMET_Pseudoscalar2HDM_MonoZLL_mScan_mH-900_ma-200_catSignal-1jet_sys_QCDScale1wUp
Merging measMET_Pseudoscalar2HDM_MonoZLL_mScan_mH-900_ma-200_catNRB_sys_puWeightUp
Merging measMET_Pseudoscalar2HDM_MonoZLL_mScan_mH-900_ma-200_cat3L_sys_QCDScale1wDown
Merging measMET_Pseudoscalar2HDM_MonoZLL_mScan_mH-900_ma-200_cat3L_sys_jerUp
Merging measMET_Pseudoscalar2HDM_MonoZLL_mScan_mH-900_ma-200_catEM_sys_MuonEnUp
Merging njet_Pseudoscalar2HDM_MonoZLL_mScan_mH-900_ma-200_sys_puWeightDown
Merging njet_Pseudoscalar2HDM_MonoZLL_mScan_mH-900_ma-200_sys_nvtxWeightUp
Merging measMET_Pseudoscalar2HDM_MonoZLL_mScan_mH-900_ma-200_catSignal-1jet_sys_nvtxWeightDown
Merging MT_Pseudoscalar2HDM_MonoZLL_mScan_mH-900_ma-200_catSignal-0jet_sys_EWKDown
Merging MT_Pseudoscalar2HDM_MonoZLL_mScan_mH-900_ma-200_catSignal-0jet_sys_nvtxWeightUp
Merging measMET_Pseudoscalar2HDM_MonoZLL_mScan_mH-900_ma-200_catTOP_sys_PrefireWeightUp
Merging measMET_Pseudoscalar2HDM_MonoZLL_mScan_mH-900_ma-200_catTOP_sys_jerDown
Merging njet_Pseudoscalar2HDM_MonoZLL_mScan_mH-900_ma-200_sys_jesTotalUp
Merging measMET_Pseudoscalar2HDM_MonoZLL_mScan_mH-900_ma-200_catSignal-0jet_sys_PrefireWeightDown
Merging measMET_Pseudoscalar2HDM_MonoZLL_mScan_mH-900_ma-200_catEM_sys_puWeightUp
Merging MT_Pseudoscalar2HDM_MonoZLL_mScan_mH-900_ma-200_catSignal-0jet_sys_PrefireWeightUp
Merging MT_Pseudoscalar2HDM_MonoZLL_mScan_mH-900_ma-200_catSignal-1jet_sys_nvtxWeightUp
Merging MT_Pseudoscalar2HDM_MonoZLL_mScan_mH-900_ma-200_catEM_sys_EWKUp
Merging MT_Pseudoscalar2HDM_MonoZLL_mScan_mH-900_ma-200_catNRB
Merging balance_Pseudoscalar2HDM_MonoZLL_mScan_mH-900_ma-200_sys_jerUp
Merging measMET_Pseudoscalar2HDM_MonoZLL_mScan_mH-900_ma-200_catNRB_sys_PDFUp
Merging measMET_Pseudoscalar2HDM_MonoZLL_mScan_mH-900_ma-200_catTOP_sys_EWKDown
Merging MT_Pseudoscalar2HDM_MonoZLL_mScan_mH-900_ma-200_catNRB_sys_ElectronEnDown
Merging measMET_Pseudoscalar2HDM_MonoZLL_mScan_mH-900_ma-200_cat4L_sys_nvtxWeightUp
Merging measMET_Pseudoscalar2HDM_MonoZLL_mScan_mH-900_ma-200_catEM
Merging measMET_Pseudoscalar2HDM_MonoZLL_mScan_mH-900_ma-200_catDY_sys_TriggerSFWeightUp
Merging MT_Pseudoscalar2HDM_MonoZLL_mScan_mH-900_ma-200_cat3L_sys_MuonEnDown
Merging MT_Pseudoscalar2HDM_MonoZLL_mScan_mH-900_ma-200_catSignal-1jet_sys_QCDScale2wUp
Merging MT_Pseudoscalar2HDM_MonoZLL_mScan_mH-900_ma-200_cat3L_sys_btagEventWeightDown
Merging MT_Pseudoscalar2HDM_MonoZLL_mScan_mH-900_ma-200_cat3L_sys_QCDScale1wDown
Merging measMET_Pseudoscalar2HDM_MonoZLL_mScan_mH-900_ma-200_catSignal-1jet_sys_btagEventWeightUp
Merging measMET_Pseudoscalar2HDM_MonoZLL_mScan_mH-900_ma-200_catNRB_sys_MuonEnUp
Merging measMET_Pseudoscalar2HDM_MonoZLL_mScan_mH-900_ma-200_catSignal-0jet_sys_btagEventWeightDown
Merging MT_Pseudoscalar2HDM_MonoZLL_mScan_mH-900_ma-200_catNRB_sys_MuonSFDown
Merging MT_Pseudoscalar2HDM_MonoZLL_mScan_mH-900_ma-200_catSignal-0jet_sys_TriggerSFWeightUp
Merging MT_Pseudoscalar2HDM_MonoZLL_mScan_mH-900_ma-200_cat4L_sys_ElectronEnUp
Merging MT_Pseudoscalar2HDM_MonoZLL_mScan_mH-900_ma-200_catDY_sys_jerDown
Merging MT_Pseudoscalar2HDM_MonoZLL_mScan_mH-900_ma-200_cat4L_sys_nvtxWeightUp
Merging measMET_Pseudoscalar2HDM_MonoZLL_mScan_mH-900_ma-200_cat4L_sys_jesTotalUp
Merging MT_Pseudoscalar2HDM_MonoZLL_mScan_mH-900_ma-200_catTOP_sys_ElectronEnDown
Merging measMET_Pseudoscalar2HDM_MonoZLL_mScan_mH-900_ma-200_catSignal-1jet_sys_TriggerSFWeightDown
Merging measMET_Pseudoscalar2HDM_MonoZLL_mScan_mH-900_ma-200_catSignal-0jet_sys_puWeightUp
Merging MT_Pseudoscalar2HDM_MonoZLL_mScan_mH-900_ma-200_catDY_sys_PrefireWeightDown
Merging MT_Pseudoscalar2HDM_MonoZLL_mScan_mH-900_ma-200_catSignal-0jet_sys_QCDScale0wUp
Merging measMET_Pseudoscalar2HDM_MonoZLL_mScan_mH-900_ma-200_catTOP_sys_TriggerSFWeightDown
Merging measMET_Pseudoscalar2HDM_MonoZLL_mScan_mH-900_ma-200_catSignal-0jet_sys_TriggerSFWeightUp
Merging measMET_Pseudoscalar2HDM_MonoZLL_mScan_mH-900_ma-200_catDY_sys_QCDScale1wUp
Merging MT_Pseudoscalar2HDM_MonoZLL_mScan_mH-900_ma-200_catSignal-0jet_sys_puWeightUp
Merging measMET_Pseudoscalar2HDM_MonoZLL_mScan_mH-900_ma-200_catSignal-0jet_sys_QCDScale1wUp
Merging MT_Pseudoscalar2HDM_MonoZLL_mScan_mH-900_ma-200_catNRB_sys_puWeightUp
Merging MT_Pseudoscalar2HDM_MonoZLL_mScan_mH-900_ma-200_catSignal-1jet_sys_MuonEnDown
Merging MT_Pseudoscalar2HDM_MonoZLL_mScan_mH-900_ma-200_catDY_sys_MuonSFUp
Merging measMET_Pseudoscalar2HDM_MonoZLL_mScan_mH-900_ma-200_catDY_sys_jesTotalDown
Merging phizmet_Pseudoscalar2HDM_MonoZLL_mScan_mH-900_ma-200_sys_MuonSFUp
Merging phizmet_Pseudoscalar2HDM_MonoZLL_mScan_mH-900_ma-200_sys_MuonEnUp
Merging measMET_Pseudoscalar2HDM_MonoZLL_mScan_mH-900_ma-200_catNRB_sys_puWeightDown
Merging njet_Pseudoscalar2HDM_MonoZLL_mScan_mH-900_ma-200_sys_EWKUp
Merging MT_Pseudoscalar2HDM_MonoZLL_mScan_mH-900_ma-200_catDY_sys_MuonEnDown
Merging MT_Pseudoscalar2HDM_MonoZLL_mScan_mH-900_ma-200_catSignal-1jet_sys_btagEventWeightUp
Merging measMET_Pseudoscalar2HDM_MonoZLL_mScan_mH-900_ma-200_cat3L_sys_PrefireWeightUp
Merging measMET_Pseudoscalar2HDM_MonoZLL_mScan_mH-900_ma-200_catSignal-1jet_sys_MuonSFDown
Merging MT_Pseudoscalar2HDM_MonoZLL_mScan_mH-900_ma-200_catNRB_sys_QCDScale2wUp
Merging measMET_Pseudoscalar2HDM_MonoZLL_mScan_mH-900_ma-200_catSignal-0jet_sys_MuonSFUp
Merging MT_Pseudoscalar2HDM_MonoZLL_mScan_mH-900_ma-200_catDY_sys_EWKUp
Merging MT_Pseudoscalar2HDM_MonoZLL_mScan_mH-900_ma-200_catSignal-1jet_sys_QCDScale1wDown
Merging phizmet_Pseudoscalar2HDM_MonoZLL_mScan_mH-900_ma-200_sys_PrefireWeightDown
Merging measMET_Pseudoscalar2HDM_MonoZLL_mScan_mH-900_ma-200_cat4L_sys_TriggerSFWeightUp
Merging measMET_Pseudoscalar2HDM_MonoZLL_mScan_mH-900_ma-200_catSignal-1jet_sys_jerDown
Merging njet_Pseudoscalar2HDM_MonoZLL_mScan_mH-900_ma-200
Merging measMET_Pseudoscalar2HDM_MonoZLL_mScan_mH-900_ma-200_catNRB_sys_QCDScale2wDown
Merging balance_Pseudoscalar2HDM_MonoZLL_mScan_mH-900_ma-200_sys_QCDScale0wUp
Merging njet_Pseudoscalar2HDM_MonoZLL_mScan_mH-900_ma-200_sys_PDFDown
Merging balance_Pseudoscalar2HDM_MonoZLL_mScan_mH-900_ma-200_sys_PrefireWeightDown
Merging MT_Pseudoscalar2HDM_MonoZLL_mScan_mH-900_ma-200_catEM_sys_btagEventWeightUp
Merging MT_Pseudoscalar2HDM_MonoZLL_mScan_mH-900_ma-200_catEM_sys_EWKDown
Merging MT_Pseudoscalar2HDM_MonoZLL_mScan_mH-900_ma-200_catSignal-0jet_sys_nvtxWeightDown
Merging MT_Pseudoscalar2HDM_MonoZLL_mScan_mH-900_ma-200_catDY_sys_PDFDown
Merging measMET_Pseudoscalar2HDM_MonoZLL_mScan_mH-900_ma-200_catSignal-1jet_sys_QCDScale1wDown
Merging MT_Pseudoscalar2HDM_MonoZLL_mScan_mH-900_ma-200_catTOP_sys_btagEventWeightDown
Merging measMET_Pseudoscalar2HDM_MonoZLL_mScan_mH-900_ma-200_catEM_sys_MuonSFDown
Merging MT_Pseudoscalar2HDM_MonoZLL_mScan_mH-900_ma-200_catDY_sys_ElectronEnDown
Merging MT_Pseudoscalar2HDM_MonoZLL_mScan_mH-900_ma-200_cat3L_sys_MuonSFDown
Merging MT_Pseudoscalar2HDM_MonoZLL_mScan_mH-900_ma-200_catNRB_sys_QCDScale1wDown
Merging measMET_Pseudoscalar2HDM_MonoZLL_mScan_mH-900_ma-200_cat4L_sys_MuonSFUp
Merging measMET_Pseudoscalar2HDM_MonoZLL_mScan_mH-900_ma-200_catTOP
Merging measMET_Pseudoscalar2HDM_MonoZLL_mScan_mH-900_ma-200_catTOP_sys_puWeightDown
Merging measMET_Pseudoscalar2HDM_MonoZLL_mScan_mH-900_ma-200_catEM_sys_btagEventWeightDown
Merging measMET_Pseudoscalar2HDM_MonoZLL_mScan_mH-900_ma-200_catSignal-0jet
Merging njet_Pseudoscalar2HDM_MonoZLL_mScan_mH-900_ma-200_sys_TriggerSFWeightUp
Merging measMET_Pseudoscalar2HDM_MonoZLL_mScan_mH-900_ma-200_catSignal-0jet_sys_PDFUp
Merging measMET_Pseudoscalar2HDM_MonoZLL_mScan_mH-900_ma-200_catEM_sys_PDFDown
Merging measMET_Pseudoscalar2HDM_MonoZLL_mScan_mH-900_ma-200_catSignal-1jet_sys_ElecronSFDown
Merging MT_Pseudoscalar2HDM_MonoZLL_mScan_mH-900_ma-200_catEM_sys_MuonEnDown
Merging balance_Pseudoscalar2HDM_MonoZLL_mScan_mH-900_ma-200_sys_TriggerSFWeightDown
Merging MT_Pseudoscalar2HDM_MonoZLL_mScan_mH-900_ma-200_cat4L_sys_QCDScale1wDown
Merging measMET_Pseudoscalar2HDM_MonoZLL_mScan_mH-900_ma-200_catEM_sys_ElectronEnUp
Merging measMET_Pseudoscalar2HDM_MonoZLL_mScan_mH-900_ma-200_cat3L
Merging measMET_Pseudoscalar2HDM_MonoZLL_mScan_mH-900_ma-200_cat3L_sys_MuonSFDown
Merging MT_Pseudoscalar2HDM_MonoZLL_mScan_mH-900_ma-200_cat4L_sys_MuonEnUp
Merging measMET_Pseudoscalar2HDM_MonoZLL_mScan_mH-900_ma-200_catEM_sys_TriggerSFWeightDown
Merging measMET_Pseudoscalar2HDM_MonoZLL_mScan_mH-900_ma-200_catEM_sys_puWeightDown
Merging MT_Pseudoscalar2HDM_MonoZLL_mScan_mH-900_ma-200_catTOP_sys_ElecronSFDown
Merging MT_Pseudoscalar2HDM_MonoZLL_mScan_mH-900_ma-200_catSignal-0jet_sys_PrefireWeightDown
Merging measMET_Pseudoscalar2HDM_MonoZLL_mScan_mH-900_ma-200_catSignal-1jet_sys_jerUp
Merging MT_Pseudoscalar2HDM_MonoZLL_mScan_mH-900_ma-200_catTOP_sys_QCDScale0wDown
Merging MT_Pseudoscalar2HDM_MonoZLL_mScan_mH-900_ma-200_catNRB_sys_PrefireWeightUp
Merging MT_Pseudoscalar2HDM_MonoZLL_mScan_mH-900_ma-200_catSignal-0jet_sys_puWeightDown
Merging measMET_Pseudoscalar2HDM_MonoZLL_mScan_mH-900_ma-200_catSignal-1jet
Merging MT_Pseudoscalar2HDM_MonoZLL_mScan_mH-900_ma-200_catEM_sys_jerDown
Merging measMET_Pseudoscalar2HDM_MonoZLL_mScan_mH-900_ma-200_catSignal-1jet_sys_QCDScale2wUp
Merging measMET_Pseudoscalar2HDM_MonoZLL_mScan_mH-900_ma-200_cat4L_sys_QCDScale0wDown
Merging MT_Pseudoscalar2HDM_MonoZLL_mScan_mH-900_ma-200_catTOP_sys_puWeightUp
Merging measMET_Pseudoscalar2HDM_MonoZLL_mScan_mH-900_ma-200_cat4L_sys_nvtxWeightDown
Merging MT_Pseudoscalar2HDM_MonoZLL_mScan_mH-900_ma-200_catSignal-0jet_sys_ElecronSFUp
Merging njet_Pseudoscalar2HDM_MonoZLL_mScan_mH-900_ma-200_sys_jesTotalDown
Merging phizmet_Pseudoscalar2HDM_MonoZLL_mScan_mH-900_ma-200_sys_jerUp
Merging balance_Pseudoscalar2HDM_MonoZLL_mScan_mH-900_ma-200_sys_puWeightDown
Merging measMET_Pseudoscalar2HDM_MonoZLL_mScan_mH-900_ma-200_catDY_sys_QCDScale2wUp
Merging untagged
Merging measMET_Pseudoscalar2HDM_MonoZLL_mScan_mH-900_ma-200_catTOP_sys_ElecronSFUp
Merging measMET_Pseudoscalar2HDM_MonoZLL_mScan_mH-900_ma-200_catEM_sys_ElecronSFDown
Merging MT_Pseudoscalar2HDM_MonoZLL_mScan_mH-900_ma-200_catSignal-1jet
Merging MT_Pseudoscalar2HDM_MonoZLL_mScan_mH-900_ma-200_catDY
Merging MT_Pseudoscalar2HDM_MonoZLL_mScan_mH-900_ma-200_cat4L_sys_PDFUp
Merging balance_Pseudoscalar2HDM_MonoZLL_mScan_mH-900_ma-200_sys_ElecronSFDown
Merging balance_Pseudoscalar2HDM_MonoZLL_mScan_mH-900_ma-200_sys_MuonEnUp
Merging measMET_Pseudoscalar2HDM_MonoZLL_mScan_mH-900_ma-200_cat4L_sys_ElectronEnUp
Merging phizmet_Pseudoscalar2HDM_MonoZLL_mScan_mH-900_ma-200_sys_EWKUp
Merging phizmet_Pseudoscalar2HDM_MonoZLL_mScan_mH-900_ma-200_sys_QCDScale0wUp
Merging measMET_Pseudoscalar2HDM_MonoZLL_mScan_mH-900_ma-200_cat3L_sys_jesTotalDown
Merging measMET_Pseudoscalar2HDM_MonoZLL_mScan_mH-900_ma-200_catNRB_sys_ElectronEnDown
Merging measMET_Pseudoscalar2HDM_MonoZLL_mScan_mH-900_ma-200_cat3L_sys_PrefireWeightDown
Merging measMET_Pseudoscalar2HDM_MonoZLL_mScan_mH-900_ma-200_catDY_sys_QCDScale2wDown
Merging MT_Pseudoscalar2HDM_MonoZLL_mScan_mH-900_ma-200_catNRB_sys_QCDScale0wUp
Merging measMET_Pseudoscalar2HDM_MonoZLL_mScan_mH-900_ma-200_cat4L_sys_PrefireWeightDown
Merging measMET_Pseudoscalar2HDM_MonoZLL_mScan_mH-900_ma-200_cat4L_sys_EWKDown
Merging MT_Pseudoscalar2HDM_MonoZLL_mScan_mH-900_ma-200_catDY_sys_TriggerSFWeightUp
Merging MT_Pseudoscalar2HDM_MonoZLL_mScan_mH-900_ma-200_cat4L_sys_btagEventWeightUp
Merging measMET_Pseudoscalar2HDM_MonoZLL_mScan_mH-900_ma-200_catNRB_sys_TriggerSFWeightDown
Merging measMET_Pseudoscalar2HDM_MonoZLL_mScan_mH-900_ma-200_cat4L_sys_ElectronEnDown
Merging measMET_Pseudoscalar2HDM_MonoZLL_mScan_mH-900_ma-200_catDY_sys_PrefireWeightDown
Merging MT_Pseudoscalar2HDM_MonoZLL_mScan_mH-900_ma-200_catNRB_sys_ElectronEnUp
Merging MT_Pseudoscalar2HDM_MonoZLL_mScan_mH-900_ma-200_catSignal-0jet_sys_EWKUp
Merging MT_Pseudoscalar2HDM_MonoZLL_mScan_mH-900_ma-200_catSignal-1jet_sys_puWeightDown
Merging phizmet_Pseudoscalar2HDM_MonoZLL_mScan_mH-900_ma-200_sys_ElecronSFUp
Merging MT_Pseudoscalar2HDM_MonoZLL_mScan_mH-900_ma-200_catTOP_sys_PrefireWeightDown
Merging balance_Pseudoscalar2HDM_MonoZLL_mScan_mH-900_ma-200_sys_jesTotalUp
Merging MT_Pseudoscalar2HDM_MonoZLL_mScan_mH-900_ma-200_cat4L_sys_QCDScale1wUp
Merging measMET_Pseudoscalar2HDM_MonoZLL_mScan_mH-900_ma-200_catEM_sys_nvtxWeightDown
Merging measMET_Pseudoscalar2HDM_MonoZLL_mScan_mH-900_ma-200_catEM_sys_QCDScale0wDown
Merging MT_Pseudoscalar2HDM_MonoZLL_mScan_mH-900_ma-200_catTOP_sys_ElectronEnUp
Merging phizmet_Pseudoscalar2HDM_MonoZLL_mScan_mH-900_ma-200_sys_TriggerSFWeightUp
Merging MT_Pseudoscalar2HDM_MonoZLL_mScan_mH-900_ma-200_catSignal-1jet_sys_QCDScale0wDown
Merging MT_Pseudoscalar2HDM_MonoZLL_mScan_mH-900_ma-200_catNRB_sys_jesTotalUp
Merging MT_Pseudoscalar2HDM_MonoZLL_mScan_mH-900_ma-200_catDY_sys_ElecronSFUp
Merging measMET_Pseudoscalar2HDM_MonoZLL_mScan_mH-900_ma-200_catSignal-0jet_sys_TriggerSFWeightDown
Merging njet_Pseudoscalar2HDM_MonoZLL_mScan_mH-900_ma-200_sys_jerDown
Merging njet_Pseudoscalar2HDM_MonoZLL_mScan_mH-900_ma-200_sys_MuonEnDown
Merging MT_Pseudoscalar2HDM_MonoZLL_mScan_mH-900_ma-200_catEM_sys_QCDScale2wUp
Merging measMET_Pseudoscalar2HDM_MonoZLL_mScan_mH-900_ma-200_catEM_sys_PrefireWeightUp
Merging phizmet_Pseudoscalar2HDM_MonoZLL_mScan_mH-900_ma-200_sys_btagEventWeightUp
Merging measMET_Pseudoscalar2HDM_MonoZLL_mScan_mH-900_ma-200_cat4L_sys_puWeightDown
Merging MT_Pseudoscalar2HDM_MonoZLL_mScan_mH-900_ma-200_catSignal-0jet_sys_TriggerSFWeightDown
Merging MT_Pseudoscalar2HDM_MonoZLL_mScan_mH-900_ma-200_catEM_sys_QCDScale0wDown
Merging measMET_Pseudoscalar2HDM_MonoZLL_mScan_mH-900_ma-200_catSignal-1jet_sys_QCDScale0wUp
Merging balance_Pseudoscalar2HDM_MonoZLL_mScan_mH-900_ma-200_sys_ElectronEnDown
Merging measMET_Pseudoscalar2HDM_MonoZLL_mScan_mH-900_ma-200_cat3L_sys_jerDown
Merging njet_Pseudoscalar2HDM_MonoZLL_mScan_mH-900_ma-200_sys_nvtxWeightDown
Merging MT_Pseudoscalar2HDM_MonoZLL_mScan_mH-900_ma-200_catDY_sys_ElectronEnUp
Merging MT_Pseudoscalar2HDM_MonoZLL_mScan_mH-900_ma-200_cat4L_sys_PDFDown
Merging measMET_Pseudoscalar2HDM_MonoZLL_mScan_mH-900_ma-200_catEM_sys_TriggerSFWeightUp
Merging measMET_Pseudoscalar2HDM_MonoZLL_mScan_mH-900_ma-200_catSignal-1jet_sys_nvtxWeightUp
Merging measMET_Pseudoscalar2HDM_MonoZLL_mScan_mH-900_ma-200_catDY_sys_QCDScale1wDown
Merging measMET_Pseudoscalar2HDM_MonoZLL_mScan_mH-900_ma-200_catNRB_sys_QCDScale0wDown
Merging measMET_Pseudoscalar2HDM_MonoZLL_mScan_mH-900_ma-200_catNRB_sys_QCDScale0wUp
Merging njet_Pseudoscalar2HDM_MonoZLL_mScan_mH-900_ma-200_sys_QCDScale2wDown
Merging phizmet_Pseudoscalar2HDM_MonoZLL_mScan_mH-900_ma-200_sys_MuonSFDown
Merging njet_Pseudoscalar2HDM_MonoZLL_mScan_mH-900_ma-200_sys_btagEventWeightDown
Merging MT_Pseudoscalar2HDM_MonoZLL_mScan_mH-900_ma-200_cat3L_sys_QCDScale2wDown
Merging measMET_Pseudoscalar2HDM_MonoZLL_mScan_mH-900_ma-200_catTOP_sys_btagEventWeightUp
Merging phizmet_Pseudoscalar2HDM_MonoZLL_mScan_mH-900_ma-200_sys_nvtxWeightDown
Merging balance_Pseudoscalar2HDM_MonoZLL_mScan_mH-900_ma-200_sys_QCDScale2wUp
Merging MT_Pseudoscalar2HDM_MonoZLL_mScan_mH-900_ma-200_catTOP_sys_QCDScale1wDown
Merging measMET_Pseudoscalar2HDM_MonoZLL_mScan_mH-900_ma-200_catDY_sys_puWeightUp
Merging MT_Pseudoscalar2HDM_MonoZLL_mScan_mH-900_ma-200_catSignal-0jet
Merging njet_Pseudoscalar2HDM_MonoZLL_mScan_mH-900_ma-200_sys_QCDScale0wDown
Merging MT_Pseudoscalar2HDM_MonoZLL_mScan_mH-900_ma-200_cat3L_sys_QCDScale1wUp
Merging measMET_Pseudoscalar2HDM_MonoZLL_mScan_mH-900_ma-200_cat3L_sys_QCDScale0wUp
Merging MT_Pseudoscalar2HDM_MonoZLL_mScan_mH-900_ma-200_cat3L_sys_ElectronEnDown
Merging MT_Pseudoscalar2HDM_MonoZLL_mScan_mH-900_ma-200_catSignal-0jet_sys_ElectronEnUp
Merging MT_Pseudoscalar2HDM_MonoZLL_mScan_mH-900_ma-200_catNRB_sys_jesTotalDown
Merging measMET_Pseudoscalar2HDM_MonoZLL_mScan_mH-900_ma-200_catTOP_sys_PDFUp
Merging measMET_Pseudoscalar2HDM_MonoZLL_mScan_mH-900_ma-200_catTOP_sys_jesTotalUp
Merging MT_Pseudoscalar2HDM_MonoZLL_mScan_mH-900_ma-200_catDY_sys_ElecronSFDown
Merging measMET_Pseudoscalar2HDM_MonoZLL_mScan_mH-900_ma-200_catEM_sys_EWKUp
Merging measMET_Pseudoscalar2HDM_MonoZLL_mScan_mH-900_ma-200_catDY_sys_btagEventWeightDown
Merging measMET_Pseudoscalar2HDM_MonoZLL_mScan_mH-900_ma-200_catSignal-0jet_sys_PDFDown
Merging njet_Pseudoscalar2HDM_MonoZLL_mScan_mH-900_ma-200_sys_ElecronSFUp
Merging MT_Pseudoscalar2HDM_MonoZLL_mScan_mH-900_ma-200_cat4L_sys_ElectronEnDown
Merging MT_Pseudoscalar2HDM_MonoZLL_mScan_mH-900_ma-200_catSignal-1jet_sys_PDFDown
Merging measMET_Pseudoscalar2HDM_MonoZLL_mScan_mH-900_ma-200_cat3L_sys_ElectronEnUp
Merging MT_Pseudoscalar2HDM_MonoZLL_mScan_mH-900_ma-200_catSignal-0jet_sys_jerUp
Merging MT_Pseudoscalar2HDM_MonoZLL_mScan_mH-900_ma-200_catDY_sys_QCDScale1wUp
Merging MT_Pseudoscalar2HDM_MonoZLL_mScan_mH-900_ma-200_catTOP_sys_QCDScale1wUp
Merging phizmet_Pseudoscalar2HDM_MonoZLL_mScan_mH-900_ma-200_sys_ElectronEnUp
Merging balance_Pseudoscalar2HDM_MonoZLL_mScan_mH-900_ma-200_sys_PDFDown
Merging MT_Pseudoscalar2HDM_MonoZLL_mScan_mH-900_ma-200_catSignal-0jet_sys_QCDScale1wDown
Merging MT_Pseudoscalar2HDM_MonoZLL_mScan_mH-900_ma-200_catSignal-1jet_sys_MuonEnUp
Merging measMET_Pseudoscalar2HDM_MonoZLL_mScan_mH-900_ma-200_cat3L_sys_jesTotalUp
Merging MT_Pseudoscalar2HDM_MonoZLL_mScan_mH-900_ma-200_cat4L_sys_ElecronSFDown
Merging measMET_Pseudoscalar2HDM_MonoZLL_mScan_mH-900_ma-200_catEM_sys_btagEventWeightUp
Merging measMET_Pseudoscalar2HDM_MonoZLL_mScan_mH-900_ma-200_cat4L_sys_MuonEnUp
Merging MT_Pseudoscalar2HDM_MonoZLL_mScan_mH-900_ma-200_catSignal-1jet_sys_btagEventWeightDown
Merging MT_Pseudoscalar2HDM_MonoZLL_mScan_mH-900_ma-200_catDY_sys_btagEventWeightDown
Merging measMET_Pseudoscalar2HDM_MonoZLL_mScan_mH-900_ma-200_catSignal-1jet_sys_MuonEnDown
Merging MT_Pseudoscalar2HDM_MonoZLL_mScan_mH-900_ma-200_catSignal-1jet_sys_QCDScale1wUp
Merging measMET_Pseudoscalar2HDM_MonoZLL_mScan_mH-900_ma-200_catNRB_sys_btagEventWeightUp
Merging balance_Pseudoscalar2HDM_MonoZLL_mScan_mH-900_ma-200_sys_QCDScale1wDown
Merging MT_Pseudoscalar2HDM_MonoZLL_mScan_mH-900_ma-200_catEM_sys_QCDScale1wDown
Merging MT_Pseudoscalar2HDM_MonoZLL_mScan_mH-900_ma-200_catTOP_sys_TriggerSFWeightDown
Merging measMET_Pseudoscalar2HDM_MonoZLL_mScan_mH-900_ma-200_catNRB_sys_EWKDown
Merging measMET_Pseudoscalar2HDM_MonoZLL_mScan_mH-900_ma-200_cat3L_sys_TriggerSFWeightDown
Merging MT_Pseudoscalar2HDM_MonoZLL_mScan_mH-900_ma-200_catSignal-0jet_sys_QCDScale2wDown
Merging MT_Pseudoscalar2HDM_MonoZLL_mScan_mH-900_ma-200_catNRB_sys_nvtxWeightDown
Merging MT_Pseudoscalar2HDM_MonoZLL_mScan_mH-900_ma-200_catNRB_sys_MuonEnDown
Merging measMET_Pseudoscalar2HDM_MonoZLL_mScan_mH-900_ma-200_cat4L_sys_MuonSFDown
Merging measMET_Pseudoscalar2HDM_MonoZLL_mScan_mH-900_ma-200_cat4L_sys_PDFDown
Merging balance_Pseudoscalar2HDM_MonoZLL_mScan_mH-900_ma-200_sys_TriggerSFWeightUp
Merging MT_Pseudoscalar2HDM_MonoZLL_mScan_mH-900_ma-200_cat3L_sys_jesTotalDown
Merging measMET_Pseudoscalar2HDM_MonoZLL_mScan_mH-900_ma-200_catDY_sys_jesTotalUp
Merging measMET_Pseudoscalar2HDM_MonoZLL_mScan_mH-900_ma-200_catDY_sys_PrefireWeightUp
Merging measMET_Pseudoscalar2HDM_MonoZLL_mScan_mH-900_ma-200_cat4L
Merging measMET_Pseudoscalar2HDM_MonoZLL_mScan_mH-900_ma-200_cat3L_sys_QCDScale0wDown
Merging MT_Pseudoscalar2HDM_MonoZLL_mScan_mH-900_ma-200_catEM_sys_MuonSFUp
Merging measMET_Pseudoscalar2HDM_MonoZLL_mScan_mH-900_ma-200_catSignal-0jet_sys_nvtxWeightUp
Merging measMET_Pseudoscalar2HDM_MonoZLL_mScan_mH-900_ma-200_catSignal-1jet_sys_PDFDown
Merging measMET_Pseudoscalar2HDM_MonoZLL_mScan_mH-900_ma-200_catDY_sys_MuonEnUp
Merging measMET_Pseudoscalar2HDM_MonoZLL_mScan_mH-900_ma-200_catNRB_sys_jesTotalDown
Merging measMET_Pseudoscalar2HDM_MonoZLL_mScan_mH-900_ma-200_catNRB_sys_ElectronEnUp
Merging measMET_Pseudoscalar2HDM_MonoZLL_mScan_mH-900_ma-200_catEM_sys_PrefireWeightDown
Merging MT_Pseudoscalar2HDM_MonoZLL_mScan_mH-900_ma-200_cat3L_sys_nvtxWeightUp
Merging measMET_Pseudoscalar2HDM_MonoZLL_mScan_mH-900_ma-200_catEM_sys_ElecronSFUp
Merging MT_Pseudoscalar2HDM_MonoZLL_mScan_mH-900_ma-200_catEM_sys_TriggerSFWeightDown
Merging MT_Pseudoscalar2HDM_MonoZLL_mScan_mH-900_ma-200_catTOP_sys_MuonSFUp
Merging njet_Pseudoscalar2HDM_MonoZLL_mScan_mH-900_ma-200_sys_PrefireWeightDown
Merging measMET_Pseudoscalar2HDM_MonoZLL_mScan_mH-900_ma-200_catTOP_sys_QCDScale0wUp
Merging MT_Pseudoscalar2HDM_MonoZLL_mScan_mH-900_ma-200_catNRB_sys_ElecronSFDown
Merging measMET_Pseudoscalar2HDM_MonoZLL_mScan_mH-900_ma-200_catSignal-1jet_sys_ElectronEnUp
Merging measMET_Pseudoscalar2HDM_MonoZLL_mScan_mH-900_ma-200_cat3L_sys_ElecronSFUp
Merging MT_Pseudoscalar2HDM_MonoZLL_mScan_mH-900_ma-200_catNRB_sys_nvtxWeightUp
Merging MT_Pseudoscalar2HDM_MonoZLL_mScan_mH-900_ma-200_catTOP_sys_jerUp
Merging measMET_Pseudoscalar2HDM_MonoZLL_mScan_mH-900_ma-200_catDY_sys_MuonSFUp
Merging measMET_Pseudoscalar2HDM_MonoZLL_mScan_mH-900_ma-200_cat4L_sys_QCDScale1wUp
Merging MT_Pseudoscalar2HDM_MonoZLL_mScan_mH-900_ma-200_catSignal-0jet_sys_MuonEnUp
Merging measMET_Pseudoscalar2HDM_MonoZLL_mScan_mH-900_ma-200_catNRB_sys_MuonSFUp
Merging measMET_Pseudoscalar2HDM_MonoZLL_mScan_mH-900_ma-200_catSignal-1jet_sys_jesTotalDown
Merging balance_Pseudoscalar2HDM_MonoZLL_mScan_mH-900_ma-200_sys_btagEventWeightUp
Merging measMET_Pseudoscalar2HDM_MonoZLL_mScan_mH-900_ma-200_catDY_sys_EWKDown
Merging measMET_Pseudoscalar2HDM_MonoZLL_mScan_mH-900_ma-200_catTOP_sys_ElecronSFDown
Merging measMET_Pseudoscalar2HDM_MonoZLL_mScan_mH-900_ma-200_catSignal-1jet_sys_EWKUp
Merging MT_Pseudoscalar2HDM_MonoZLL_mScan_mH-900_ma-200_catEM_sys_btagEventWeightDown
Merging balance_Pseudoscalar2HDM_MonoZLL_mScan_mH-900_ma-200_sys_nvtxWeightUp
Merging measMET_Pseudoscalar2HDM_MonoZLL_mScan_mH-900_ma-200_catEM_sys_jerDown
Merging measMET_Pseudoscalar2HDM_MonoZLL_mScan_mH-900_ma-200_catTOP_sys_QCDScale0wDown
Merging balance_Pseudoscalar2HDM_MonoZLL_mScan_mH-900_ma-200_sys_ElecronSFUp
Merging measMET_Pseudoscalar2HDM_MonoZLL_mScan_mH-900_ma-200_catSignal-0jet_sys_EWKUp
Merging njet_Pseudoscalar2HDM_MonoZLL_mScan_mH-900_ma-200_sys_jerUp
Merging measMET_Pseudoscalar2HDM_MonoZLL_mScan_mH-900_ma-200_cat4L_sys_ElecronSFUp
Merging MT_Pseudoscalar2HDM_MonoZLL_mScan_mH-900_ma-200_catNRB_sys_btagEventWeightDown
Merging phizmet_Pseudoscalar2HDM_MonoZLL_mScan_mH-900_ma-200_sys_EWKDown
Merging njet_Pseudoscalar2HDM_MonoZLL_mScan_mH-900_ma-200_sys_puWeightUp
Merging njet_Pseudoscalar2HDM_MonoZLL_mScan_mH-900_ma-200_sys_PDFUp
Merging MT_Pseudoscalar2HDM_MonoZLL_mScan_mH-900_ma-200_catDY_sys_puWeightDown
Merging MT_Pseudoscalar2HDM_MonoZLL_mScan_mH-900_ma-200_cat4L_sys_puWeightDown
Merging MT_Pseudoscalar2HDM_MonoZLL_mScan_mH-900_ma-200_catNRB_sys_MuonSFUp
Merging measMET_Pseudoscalar2HDM_MonoZLL_mScan_mH-900_ma-200_catSignal-1jet_sys_ElecronSFUp
Merging MT_Pseudoscalar2HDM_MonoZLL_mScan_mH-900_ma-200_cat4L_sys_jerDown
Merging MT_Pseudoscalar2HDM_MonoZLL_mScan_mH-900_ma-200_cat4L_sys_PrefireWeightUp
Merging MT_Pseudoscalar2HDM_MonoZLL_mScan_mH-900_ma-200_catDY_sys_QCDScale0wDown
Merging MT_Pseudoscalar2HDM_MonoZLL_mScan_mH-900_ma-200_cat3L_sys_TriggerSFWeightUp
Merging MT_Pseudoscalar2HDM_MonoZLL_mScan_mH-900_ma-200_cat4L_sys_jesTotalUp
Merging measMET_Pseudoscalar2HDM_MonoZLL_mScan_mH-900_ma-200_catDY_sys_nvtxWeightUp
Merging MT_Pseudoscalar2HDM_MonoZLL_mScan_mH-900_ma-200_catTOP_sys_PDFUp
Merging MT_Pseudoscalar2HDM_MonoZLL_mScan_mH-900_ma-200_catSignal-1jet_sys_jerDown
Merging MT_Pseudoscalar2HDM_MonoZLL_mScan_mH-900_ma-200_cat3L_sys_PrefireWeightDown
Merging measMET_Pseudoscalar2HDM_MonoZLL_mScan_mH-900_ma-200_catDY_sys_QCDScale0wUp
Merging MT_Pseudoscalar2HDM_MonoZLL_mScan_mH-900_ma-200_cat4L_sys_EWKDown
Merging measMET_Pseudoscalar2HDM_MonoZLL_mScan_mH-900_ma-200_catNRB_sys_jesTotalUp
Merging measMET_Pseudoscalar2HDM_MonoZLL_mScan_mH-900_ma-200_catSignal-0jet_sys_btagEventWeightUp
Merging measMET_Pseudoscalar2HDM_MonoZLL_mScan_mH-900_ma-200_catDY_sys_PDFUp
Merging MT_Pseudoscalar2HDM_MonoZLL_mScan_mH-900_ma-200_catTOP_sys_puWeightDown
Merging njet_Pseudoscalar2HDM_MonoZLL_mScan_mH-900_ma-200_sys_btagEventWeightUp
Merging MT_Pseudoscalar2HDM_MonoZLL_mScan_mH-900_ma-200_catNRB_sys_QCDScale0wDown
Merging njet_Pseudoscalar2HDM_MonoZLL_mScan_mH-900_ma-200_sys_QCDScale1wDown
Merging MT_Pseudoscalar2HDM_MonoZLL_mScan_mH-900_ma-200_catSignal-1jet_sys_ElecronSFDown
Merging phizmet_Pseudoscalar2HDM_MonoZLL_mScan_mH-900_ma-200_sys_QCDScale2wUp
Merging MT_Pseudoscalar2HDM_MonoZLL_mScan_mH-900_ma-200_catDY_sys_QCDScale1wDown
Merging MT_Pseudoscalar2HDM_MonoZLL_mScan_mH-900_ma-200_catSignal-0jet_sys_jerDown
Merging measMET_Pseudoscalar2HDM_MonoZLL_mScan_mH-900_ma-200_catDY_sys_ElectronEnDown
Merging MT_Pseudoscalar2HDM_MonoZLL_mScan_mH-900_ma-200_catSignal-0jet_sys_QCDScale1wUp
Merging MT_Pseudoscalar2HDM_MonoZLL_mScan_mH-900_ma-200_catDY_sys_EWKDown
Merging measMET_Pseudoscalar2HDM_MonoZLL_mScan_mH-900_ma-200_cat4L_sys_ElecronSFDown
Merging measMET_Pseudoscalar2HDM_MonoZLL_mScan_mH-900_ma-200_cat3L_sys_QCDScale2wUp
Merging measMET_Pseudoscalar2HDM_MonoZLL_mScan_mH-900_ma-200_catDY_sys_TriggerSFWeightDown
Merging MT_Pseudoscalar2HDM_MonoZLL_mScan_mH-900_ma-200_catSignal-1jet_sys_nvtxWeightDown
Merging MT_Pseudoscalar2HDM_MonoZLL_mScan_mH-900_ma-200_catSignal-1jet_sys_MuonSFUp
Merging MT_Pseudoscalar2HDM_MonoZLL_mScan_mH-900_ma-200_cat4L_sys_TriggerSFWeightDown
Merging MT_Pseudoscalar2HDM_MonoZLL_mScan_mH-900_ma-200_cat4L_sys_btagEventWeightDown
Merging MT_Pseudoscalar2HDM_MonoZLL_mScan_mH-900_ma-200_catSignal-0jet_sys_PDFUp
Merging measMET_Pseudoscalar2HDM_MonoZLL_mScan_mH-900_ma-200_catTOP_sys_jesTotalDown
Merging measMET_Pseudoscalar2HDM_MonoZLL_mScan_mH-900_ma-200_catNRB_sys_nvtxWeightUp
Merging MT_Pseudoscalar2HDM_MonoZLL_mScan_mH-900_ma-200_catSignal-1jet_sys_PrefireWeightUp
Merging measMET_Pseudoscalar2HDM_MonoZLL_mScan_mH-900_ma-200_cat4L_sys_EWKUp
Merging phizmet_Pseudoscalar2HDM_MonoZLL_mScan_mH-900_ma-200_sys_nvtxWeightUp
Merging njet_Pseudoscalar2HDM_MonoZLL_mScan_mH-900_ma-200_sys_MuonSFDown
Merging phizmet_Pseudoscalar2HDM_MonoZLL_mScan_mH-900_ma-200_sys_QCDScale0wDown
Merging MT_Pseudoscalar2HDM_MonoZLL_mScan_mH-900_ma-200_cat3L_sys_ElecronSFUp
Merging measMET_Pseudoscalar2HDM_MonoZLL_mScan_mH-900_ma-200_cat3L_sys_btagEventWeightUp
 kHz), accepted    30001/   30001 events (100.00%)
Processed 31293 preselected entries from /eos/cms/store/group/phys_exotica/monoZ/Exorcism2016/Pseudoscalar2HDM_MonoZLL_mScan_mH-900_ma-200/tree_0.root (31293 entries). Finally selected 31293 entries
Done ./tree_0_Skim.root
13.8050450419 Hz
----- transfer output to eos :
----- directory after running :
.:
total 6252
-rw-r--r--. 1 cfreer zh    1213 Nov 30 01:47 FrameworkJobReport.xml
-rw-r--r--. 1 cfreer zh       0 Nov 30 01:08 _condor_stderr
-rw-r--r--. 1 cfreer zh   82829 Nov 30 01:47 _condor_stdout
-rw-------. 1 cfreer zh    4914 Nov 30 01:47 cfreer.cc
-rw-r--r--. 1 cfreer zh   16092 Nov 30 01:08 combineHLT_Run2.yaml
-rw-r--r--. 1 cfreer zh    5718 Nov 30 01:08 condor_WSProducer.py
-rwxr-xr-x. 1 cfreer zh     843 Nov 30 01:08 condor_exec.exe
-rwxr-xr-x. 1 cfreer zh    2559 Nov 30 01:08 haddnano.py
-rw-r--r--. 1 cfreer zh       8 Nov 30 01:08 keep_and_drop_WS.txt
drwx------. 3 cfreer zh    4096 Nov 30 01:08 tmp
-rw-r--r--. 1 cfreer zh 3126241 Nov 30 01:47 tree_0.root
-rw-r--r--. 1 cfreer zh 3126093 Nov 30 01:47 tree_0_Skim.root
drwx------. 3 cfreer zh    4096 Nov 30 01:08 var

./tmp:
total 4
drwxr-xr-x. 3 cfreer zh 4096 Nov 30 01:08 mjf-cfreer

./tmp/mjf-cfreer:
total 4
drwxr-xr-x. 2 cfreer zh 4096 Nov 30 01:08 jobfeatures-bigbird09.cern.ch_3030606.0_1574955028

./tmp/mjf-cfreer/jobfeatures-bigbird09.cern.ch_3030606.0_1574955028:
total 28
-rw-r--r--. 1 cfreer zh  1 Nov 30 01:08 allocated_cpu
-rw-r--r--. 1 cfreer zh  6 Nov 30 01:08 cpu_limit_secs
-rw-r--r--. 1 cfreer zh 38 Nov 30 01:08 job_id
-rw-r--r--. 1 cfreer zh 10 Nov 30 01:08 jobstart_secs
-rw-r--r--. 1 cfreer zh 10 Nov 30 01:08 max_rss_bytes
-rw-r--r--. 1 cfreer zh 10 Nov 30 01:08 scratch_limit_bytes
-rw-r--r--. 1 cfreer zh  6 Nov 30 01:08 wall_limit_secs

./var:
total 4
drwx------. 2 cfreer zh 4096 Nov 30 01:08 tmp

./var/tmp:
total 0
 ------ THE END (everyone dies !) ----- 
